CPT-log version: 5.22
======== BEGIN OF TEST ========
DATE 26.09.2022

<Transmited Data>
<NEW BUTTON 10:10:36>
[^C][CR]
[^C][CR]
[^C][CR]
CLEAR[CR]
[^C][CR]
DOFF[CR]
[^C][CR]
SCANG[CR]
[^C][CR]
[^C][CR]
CLEAR[CR]

<START BUTTON 10:15:52>
[^C][CR]
[^C][CR]
DRON[CR]
SCANG[CR]
[^G]
<PAUSE BUTTON 10:33:33>
[^C][CR]
[^C][CR]
DOFF[CR]
[^C][CR]
CLEAR[CR]

<END BUTTON 10:41:28>
[^C][CR]
SCANG[CR]
[^C][CR]


<Received Data>
<NEW BUTTON 10:10:36>

>
Reset interface. Wait time for interface: 47
>
Reset interface. Wait time for interface: 109
>
Reset interface. Wait time for interface: 109CLEAR
OK
>
Command: CLEAR Wait time for interface: 110

>
Reset interface. Wait time for interface: 109DOFF
OK
>
Command: DOFF Wait time for interface: 109

>
Reset interface. Wait time for interface: 94SCANG
Z,0,0,0,0
Z,0,0,0,0[CR],2927035453
Z,0,0,0,0[CR],2927035781
C,12098,14605,0,0[CR],2927036109
F,12027,12681,0,0[CR],2927036546
C,12097,14763,0,0[CR],2927036984
F,12026,12683,0,0[CR],2927037312
C,12098,11019,0,0[CR],2927037750
F,12028,12682,0,0[CR],2927038078
C,12098,12445,0,0[CR],2927038546
F,12032,12681,0,0[CR],2927038890
C,12098,12364,0,0[CR],2927039234
F,12030,12681,0,0[CR],2927039687
A,35956,12031,0,0[CR],2927040125
F,12009,12680,0,0[CR],2927040468
C,12098,12366,0,0[CR],2927040843
F,12028,12681,0,0[CR],2927041203
C,12098,11807,0,0[CR],2927041656
F,12024,12682,0,0[CR],2927041984
C,12098,12152,0,0[CR],2927042437
F,12031,12682,0,0[CR],2927042781
C,12099,12201,0,0[CR],2927042875
>
Reset interface. Wait time for interface: 94
>
Reset interface. Wait time for interface: 78CLEAR
OK
>
Command: CLEAR Wait time for interface: 109

<START BUTTON 10:15:52>

>
Reset interface. Wait time for interface: 47
>
Reset interface. Wait time for interface: 109DRON
OK
>
Command: DRON Wait time for interface: 110
SCANG
Z,0,0,0,0
C,12872,254,0,0[CR],2927209609
F,15633,13161,0,0[CR],2927209937
C,12865,246,0,0[CR],2927210375
F,15693,13191,0,0[CR],2927210812
C,12869,262,0,0[CR],2927211140
F,15740,13259,0,0[CR],2927211578
C,12878,252,0,0[CR],2927211906
F,15804,13316,0,0[CR],2927212343
C,12884,250,0,0[CR],2927212671
F,15874,13463,0,0[CR],2927213109
C,12932,256,0,0[CR],2927213546
F,15927,13445,0,0[CR],2927213875
C,12921,258,0,0[CR],2927214312
F,15969,13427,0,0[CR],2927214640
A,35796,15979,0,0[CR],2927215078
F,15981,13392,0,0[CR],2927215406
C,12889,252,0,0[CR],2927215843
F,16040,13422,0,0[CR],2927216281
C,12885,246,0,0[CR],2927216609
F,16069,13431,0,0[CR],2927217046
C,12900,250,0,0[CR],2927217375
F,16117,13492,0,0[CR],2927217812
C,12907,252,0,0[CR],2927218140
F,16156,13508,0,0[CR],2927218578
C,12911,248,0,0[CR],2927219015
F,16193,13513,0,0[CR],2927219343
C,12920,256,0,0[CR],2927219781
F,16229,13527,0,0[CR],2927220109
C,12922,256,0,0[CR],2927220546
F,16261,13551,0,0[CR],2927220875
A,35736,16281,0,0[CR],2927221312
F,16284,13536,0,0[CR],2927221750
C,12928,260,0,0[CR],2927222078
F,16313,13558,0,0[CR],2927222515
C,12932,250,0,0[CR],2927222843
F,16351,13562,0,0[CR],2927223281
C,12934,256,0,0[CR],2927223609
F,16381,13563,0,0[CR],2927224046
C,12932,256,0,0[CR],2927224484
F,16406,13561,0,0[CR],2927224812
C,12931,250,0,0[CR],2927225250
F,16436,13571,0,0[CR],2927225578
C,12928,252,0,0[CR],2927226015
F,16450,13563,0,0[CR],2927226343
C,12925,248,0,0[CR],2927226781
F,16480,13574,0,0[CR],2927227218
A,35720,16494,0,0[CR],2927227546
F,16482,13572,0,0[CR],2927227984
C,12916,254,0,0[CR],2927228312
F,16520,13575,0,0[CR],2927228750
C,12912,252,0,0[CR],2927229078
F,16544,13573,0,0[CR],2927229515
C,12911,252,0,0[CR],2927229953
F,16558,13586,0,0[CR],2927230281
C,12908,234,0,0[CR],2927230718
F,16586,13583,0,0[CR],2927231046
C,12908,244,0,0[CR],2927231484
F,16604,13579,0,0[CR],2927231812
C,12906,236,0,0[CR],2927232250
F,16622,13587,0,0[CR],2927232687
C,12906,244,0,0[CR],2927233015
F,16640,13586,0,0[CR],2927233453
A,35720,16652,0,0[CR],2927233781
F,16636,13585,0,0[CR],2927234218
C,12901,260,0,0[CR],2927234546
F,16676,13598,0,0[CR],2927234984
C,12903,266,0,0[CR],2927235421
F,16690,13597,0,0[CR],2927235750
C,12901,238,0,0[CR],2927236187
F,16716,13589,0,0[CR],2927236515
C,12899,258,0,0[CR],2927236953
F,16724,13600,0,0[CR],2927237281
C,12901,246,0,0[CR],2927237718
F,16748,13597,0,0[CR],2927238156
C,12898,256,0,0[CR],2927238484
F,16752,13595,0,0[CR],2927238921
C,12895,246,0,0[CR],2927239250
F,16768,13601,0,0[CR],2927239687
A,35648,16776,0,0[CR],2927240015
F,16766,13603,0,0[CR],2927240453
C,12894,250,0,0[CR],2927240890
F,16794,13618,0,0[CR],2927241218
C,12886,250,1,0[CR],2927241656
F,16808,13591,2,3[CR],2927241984
C,13235,250,4,5[CR],2927242421
F,16269,13612,6,5[CR],2927242750
C,13382,252,8,5[CR],2927243187
F,15459,13578,11,5[CR],2927243625
C,13418,246,13,7[CR],2927243953
F,13906,13577,16,8[CR],2927244390
C,13445,248,20,8[CR],2927244718
F,13068,13614,23,9[CR],2927245156
C,13478,242,28,13[CR],2927245484
F,12334,13700,34,14[CR],2927245921
A,35652,12040,40,19[CR],2927246359
F,11960,13884,48,19[CR],2927246687
C,13418,266,57,24[CR],2927247125
F,11476,14092,66,25[CR],2927247453
C,13218,258,75,25[CR],2927247890
F,11232,14069,85,22[CR],2927248218
C,13031,246,94,24[CR],2927248656
F,10965,13981,104,25[CR],2927249093
C,12922,256,113,22[CR],2927249421
F,10674,13876,122,22[CR],2927249859
C,12845,254,132,24[CR],2927250187
F,10717,13865,141,25[CR],2927250625
C,12818,256,150,20[CR],2927250953
F,10742,13846,159,22[CR],2927251390
C,12818,258,169,24[CR],2927251828
F,10768,13774,179,27[CR],2927252156
A,35616,10786,188,21[CR],2927252593
F,10788,13739,198,23[CR],2927252921
C,12849,262,207,24[CR],2927253359
F,10834,13739,217,26[CR],2927253796
C,12853,258,227,27[CR],2927254125
F,10865,13716,236,22[CR],2927254562
C,12866,252,246,24[CR],2927254890
F,10902,13662,256,25[CR],2927255328
C,12866,246,265,27[CR],2927255656
F,10947,13587,275,22[CR],2927256093
C,12865,264,285,24[CR],2927256531
F,10988,13588,294,25[CR],2927256859
C,12843,260,304,26[CR],2927257296
F,11025,13570,314,21[CR],2927257625
C,12822,242,324,23[CR],2927258062
F,11073,13520,333,25[CR],2927258390
A,35572,11101,343,26[CR],2927258828
F,11101,13461,352,21[CR],2927259265
C,12794,246,362,23[CR],2927259593
F,11145,13417,372,24[CR],2927260031
C,12794,250,382,25[CR],2927260359
F,11190,13375,391,27[CR],2927260796
C,12802,246,401,23[CR],2927261125
F,11232,13363,411,24[CR],2927261562
C,12808,244,420,25[CR],2927262000
F,11291,13342,430,27[CR],2927262328
C,12829,226,439,22[CR],2927262765
F,11329,13343,449,24[CR],2927263093
C,12843,226,459,25[CR],2927263531
F,11370,13380,468,27[CR],2927263859
C,12847,228,478,20[CR],2927264296
F,11415,13430,488,23[CR],2927264734
A,35560,11446,497,25[CR],2927265062
F,11440,13447,507,27[CR],2927265500
C,12854,224,516,22[CR],2927265828
F,11501,13467,526,23[CR],2927266265
C,12881,220,536,24[CR],2927266593
F,11560,13502,546,25[CR],2927267031
C,12918,216,555,27[CR],2927267468
F,11608,13557,565,23[CR],2927267796
C,12927,218,574,24[CR],2927268234
F,11665,13613,584,25[CR],2927268562
C,13006,216,594,27[CR],2927269109
Z,0,0,605,26[CR],2927269328
C,13351,216,613,23[CR],2927269765
F,12078,13660,622,25[CR],2927270093
C,13797,214,632,27[CR],2927270531
F,12448,13731,641,22[CR],2927270968
A,35528,12732,651,24[CR],2927271296
F,12811,13903,661,25[CR],2927271734
C,14370,224,670,26[CR],2927272062
F,13173,13942,680,21[CR],2927272500
C,14562,224,689,24[CR],2927272937
F,13346,13866,699,24[CR],2927273265
C,14432,268,708,25[CR],2927273703
F,13543,14071,718,20[CR],2927274031
C,15343,212,727,22[CR],2927274468
F,13768,13964,737,24[CR],2927274796
C,16940,210,746,25[CR],2927275234
F,13510,13867,756,22[CR],2927275562
C,17888,192,765,22[CR],2927276000
F,13361,13717,775,24[CR],2927276437
C,18554,204,784,25[CR],2927276765
F,13148,13638,794,28[CR],2927277203
A,35516,13193,803,22[CR],2927277531
F,13159,13642,814,24[CR],2927277968
C,18542,222,823,25[CR],2927278296
F,13204,13594,831,14[CR],2927278734
C,18742,230,838,25[CR],2927279171
F,13246,13629,848,26[CR],2927279500
C,19034,230,857,22[CR],2927279937
F,13626,14578,867,22[CR],2927280265
C,19200,204,876,24[CR],2927280703
F,13490,13953,886,25[CR],2927281031
C,20242,218,895,26[CR],2927281468
F,13572,14736,905,23[CR],2927281906
C,19546,248,915,24[CR],2927282234
F,13831,15431,925,25[CR],2927282671
C,19386,230,934,27[CR],2927283000
F,13864,15008,944,22[CR],2927283437
A,35484,13829,953,24[CR],2927283765
F,13911,15259,963,25[CR],2927284203
C,19336,222,972,25[CR],2927284640
F,13917,14767,982,21[CR],2927284968
C,19994,204,991,23[CR],2927285406
F,14003,15854,1001,25[CR],2927285734
C,20058,210,1011,26[CR],2927286171
F,13861,15739,1020,21[CR],2927286500
C,20120,242,1029,24[CR],2927286937
F,13882,15907,1038,25[CR],2927287375
C,20406,388,1048,27[CR],2927287703
F,14008,15742,1057,22[CR],2927288140
C,20064,186,1067,23[CR],2927288468
F,13888,16188,1077,24[CR],2927288906
C,20032,158,1086,27[CR],2927289234
F,13938,15318,1096,20[CR],2927289671
A,35456,14097,1106,23[CR],2927290109
F,14054,15621,1115,25[CR],2927290437
C,20132,154,1125,34[CR],2927290875
F,13909,16350,1135,24[CR],2927291203
C,19352,160,1144,23[CR],2927291640
F,13999,17510,1154,24[CR],2927291968
C,18938,164,1164,27[CR],2927292406
F,13967,16834,1174,26[CR],2927292843
C,18858,172,1184,23[CR],2927293171
F,14017,16097,1194,24[CR],2927293609
C,18740,166,1203,25[CR],2927293937
F,14038,16088,1213,25[CR],2927294375
C,18630,158,1222,22[CR],2927294703
F,14055,16125,1232,23[CR],2927295140
C,18572,158,1242,24[CR],2927295578
F,14084,15469,1252,26[CR],2927295906
A,35440,14078,1261,27[CR],2927296343
F,14073,15192,1271,22[CR],2927296671
C,18292,156,1281,24[CR],2927297109
F,14097,14249,1290,25[CR],2927297437
C,18180,160,1300,27[CR],2927297875
F,14122,14250,1309,23[CR],2927298312
C,18066,168,1319,24[CR],2927298640
F,14149,14222,1329,25[CR],2927299078
C,18020,152,1338,26[CR],2927299406
F,14165,14247,1348,22[CR],2927299843
C,18036,164,1357,24[CR],2927300171
F,14180,14216,1367,23[CR],2927300609
C,18014,160,1376,27[CR],2927301046
F,14193,14305,1385,21[CR],2927301375
C,17956,158,1395,24[CR],2927301812
F,14204,14367,1404,25[CR],2927302140
A,35368,14209,1414,26[CR],2927302578
F,14202,14386,1423,22[CR],2927302906
C,17852,166,1433,24[CR],2927303343
F,14228,14405,1442,25[CR],2927303781
C,17810,168,1451,26[CR],2927304109
F,14251,14375,1461,22[CR],2927304546
C,17742,162,1471,24[CR],2927304875
F,14261,14359,1480,24[CR],2927305312
C,17662,166,1489,26[CR],2927305640
F,14272,14330,1499,22[CR],2927306078
C,17638,168,1509,23[CR],2927306515
F,14286,14336,1518,25[CR],2927306843
C,17660,174,1527,26[CR],2927307281
F,14283,14244,1537,23[CR],2927307609
C,17710,174,1547,22[CR],2927308046
F,14277,14151,1556,25[CR],2927308375
A,35336,14287,1566,27[CR],2927308812
F,14279,14039,1575,19[CR],2927309250
C,17714,192,1585,24[CR],2927309578
F,14313,14012,1595,25[CR],2927310015
C,17702,174,1604,26[CR],2927310343
F,14331,14008,1613,22[CR],2927310781
C,17690,196,1623,23[CR],2927311109
F,14336,14008,1632,25[CR],2927311546
C,17726,182,1642,26[CR],2927311984
F,14356,14030,1651,21[CR],2927312312
C,17774,164,1661,22[CR],2927312750
F,14368,14078,1671,26[CR],2927313078
C,17704,174,1680,25[CR],2927313515
F,14385,14163,1689,20[CR],2927313843
C,17592,174,1699,22[CR],2927314281
F,14415,14286,1709,24[CR],2927314718
A,35324,14419,1718,27[CR],2927315046
F,14421,14439,1728,20[CR],2927315484
C,17188,200,1737,24[CR],2927315812
F,14467,14567,1747,24[CR],2927316250
C,16912,206,1756,25[CR],2927316578
F,14482,14696,1757,2[CR],2927317015
C,16406,208,1757,1[CR],2927317453
F,14436,15075,1757,0[CR],2927317781
C,15924,208,1757,0[CR],2927318218
F,14399,15160,1757,0[CR],2927318546
C,15760,212,1757,0[CR],2927318984
F,14380,15193,1757,0[CR],2927319312
C,15691,226,1757,0[CR],2927319750
F,14373,15241,1757,0[CR],2927320187
C,15624,208,1757,0[CR],2927320515
F,14372,15283,1757,0[CR],2927320953
A,35312,14365,1757,0[CR],2927321281
F,14350,15309,1757,0[CR],2927321640
C,15535,198,1757,0[CR],2927322046
F,14355,15328,1757,0[CR],2927322484
C,15500,220,1757,0[CR],2927322921
F,14344,15144,1757,0[CR],2927323250
C,15402,198,1757,0[CR],2927323687
F,14344,15177,1757,0[CR],2927324015
C,15469,204,1757,0[CR],2927324562
Z,0,0,1757,0[CR],2927325000
Z,0,0,1757,0[CR],2927325546
Z,0,0,1757,0[CR],2927326093
Z,0,0,1757,0[CR],2927326531
Z,0,0,1757,0[CR],2927327078
Z,0,0,1757,0[CR],2927327625
Z,0,0,1757,0[CR],2927328062
Z,0,0,1757,0[CR],2927328609
Z,0,0,1757,0[CR],2927329046
Z,0,0,1757,0[CR],2927329593
Z,0,0,1757,0[CR],2927330031
Z,0,0,1757,0[CR],2927330578
Z,0,0,1757,0[CR],2927331125
Z,0,0,1757,0[CR],2927331562
Z,0,0,1757,0[CR],2927332109
Z,0,0,1757,0[CR],2927332546
Z,0,0,1757,0[CR],2927333093
Z,0,0,1757,0[CR],2927333531
Z,0,0,1757,0[CR],2927334078
Z,0,0,1757,0[CR],2927334625
Z,0,0,1757,0[CR],2927335062
Z,0,0,1757,0[CR],2927335609
Z,0,0,1757,0[CR],2927336046
Z,0,0,1757,0[CR],2927336593
Z,0,0,1757,0[CR],2927337140
Z,0,0,1757,0[CR],2927337578
Z,0,0,1757,0[CR],2927338125
Z,0,0,1757,0[CR],2927338562
Z,0,0,1757,0[CR],2927339109
Z,0,0,1757,0[CR],2927339546
Z,0,0,1757,0[CR],2927340093
Z,0,0,1757,0[CR],2927340531
Z,0,0,1757,0[CR],2927341078
Z,0,0,1757,0[CR],2927341625
Z,0,0,1757,0[CR],2927342062
Z,0,0,1757,0[CR],2927342609
Z,0,0,1757,0[CR],2927343046
Z,0,0,1757,0[CR],2927343593
Z,0,0,1757,0[CR],2927344031
Z,0,0,1757,0[CR],2927344578
Z,0,0,1757,0[CR],2927345125
Z,0,0,1757,0[CR],2927345125
C,12978,202,1757,0[CR],2927345671
Z,0,0,1757,0[CR],2927346109
Z,0,0,1757,0[CR],2927346656
Z,0,0,1757,0[CR],2927347203
Z,0,0,1757,57[CR],2927347640
Z,0,0,1757,39[CR],2927348187
Z,0,0,1766,35[CR],2927348296
C,13009,208,1768,17[CR],2927348671
F,14304,12629,1772,11[CR],2927349062
C,14701,218,1772,2[CR],2927349500
F,14279,14756,1772,1[CR],2927349828
C,15429,222,1772,0[CR],2927350265
F,14299,14764,1772,0[CR],2927350593
C,15299,206,1772,0[CR],2927351031
F,14302,14831,1772,0[CR],2927351359
C,15292,220,1772,0[CR],2927351796
F,14304,14834,1772,0[CR],2927352234
A,35160,14300,1772,0[CR],2927352562
F,14280,14874,1772,0[CR],2927353000
C,15519,200,1772,0[CR],2927353328
F,14297,14909,1772,0[CR],2927353765
C,15417,200,1772,0[CR],2927354093
F,14293,14928,1772,0[CR],2927354531
C,15368,204,1772,0[CR],2927354968
F,14292,14950,1772,0[CR],2927355296
C,15333,216,1772,0[CR],2927355734
F,14289,14960,1772,0[CR],2927356062
C,15310,188,1772,0[CR],2927356500
F,14290,14963,1772,0[CR],2927356828
C,15289,194,1774,12[CR],2927357265
F,14292,14981,1783,22[CR],2927357703
C,16297,200,1793,24[CR],2927358031
F,14340,14900,1802,25[CR],2927358468
A,35144,13092,1812,26[CR],2927358796
F,13071,16168,1821,22[CR],2927359156
C,17084,150,1831,23[CR],2927359562
F,14531,16388,1840,25[CR],2927360000
C,17954,122,1849,27[CR],2927360437
F,14336,16518,1859,21[CR],2927360765
C,18500,148,1869,23[CR],2927361203
F,14313,15682,1878,25[CR],2927361531
C,18786,126,1888,28[CR],2927361968
F,14429,15720,1898,21[CR],2927362296
C,18310,130,1907,23[CR],2927362734
F,14399,18488,1917,25[CR],2927363171
C,18222,134,1927,26[CR],2927363500
F,14382,16556,1936,24[CR],2927363937
C,18260,140,1946,22[CR],2927364265
F,14323,15721,1956,24[CR],2927364703
A,35148,14347,1966,26[CR],2927365031
F,14359,15729,1975,27[CR],2927365468
C,16219,130,1985,23[CR],2927365906
F,14397,15786,1995,25[CR],2927366265
C,14855,136,2005,25[CR],2927366671
F,14452,16101,2014,27[CR],2927367000
C,14036,144,2024,21[CR],2927367437
F,14468,16546,2034,24[CR],2927367765
C,13617,118,2043,24[CR],2927368203
F,14592,15520,2053,25[CR],2927368640
C,13392,140,2062,21[CR],2927368968
F,14536,16080,2072,22[CR],2927369406
C,13243,136,2082,25[CR],2927369734
F,14656,16208,2092,25[CR],2927370171
C,13176,138,2101,27[CR],2927370500
F,15254,15968,2111,22[CR],2927370937
A,35104,15788,2121,24[CR],2927371375
F,16005,15477,2130,25[CR],2927371703
C,12962,136,2140,27[CR],2927372140
F,16916,15017,2149,22[CR],2927372468
C,12876,146,2159,23[CR],2927372906
F,17846,14491,2169,25[CR],2927373234
C,12815,140,2179,27[CR],2927373671
F,18530,13882,2188,22[CR],2927374109
C,12805,138,2198,23[CR],2927374437
F,19108,13419,2208,25[CR],2927374875
C,12795,136,2217,25[CR],2927375203
F,19484,13219,2227,28[CR],2927375640
C,12793,140,2237,22[CR],2927375968
F,19794,13280,2246,25[CR],2927376406
C,12817,140,2256,25[CR],2927376734
F,20098,13340,2266,27[CR],2927377171
A,35108,20306,2275,22[CR],2927377609
F,20354,13378,2285,24[CR],2927377937
C,12912,136,2295,25[CR],2927378375
F,20618,13456,2304,26[CR],2927378703
C,12947,136,2314,21[CR],2927379140
F,20864,13564,2324,22[CR],2927379578
C,12907,144,2333,25[CR],2927379906
F,21162,13537,2343,25[CR],2927380343
C,12868,182,2352,21[CR],2927380671
F,21588,13567,2362,24[CR],2927381109
C,12934,158,2372,25[CR],2927381437
F,21924,13568,2382,25[CR],2927381875
C,13028,178,2391,27[CR],2927382312
F,22344,13573,2401,22[CR],2927382640
C,13118,192,2411,25[CR],2927383078
F,22440,13619,2420,25[CR],2927383406
A,35028,21684,2430,27[CR],2927383843
F,21584,13715,2439,22[CR],2927384171
C,13101,196,2449,24[CR],2927384609
F,21110,13770,2459,25[CR],2927385046
C,13101,200,2468,27[CR],2927385375
F,21046,13838,2478,20[CR],2927385812
C,13061,200,2488,24[CR],2927386140
F,21572,13897,2498,25[CR],2927386578
C,13062,200,2507,25[CR],2927386906
F,22026,13907,2517,24[CR],2927387343
C,13124,204,2526,22[CR],2927387781
F,22502,13951,2536,24[CR],2927388109
C,13228,200,2546,25[CR],2927388546
F,22874,13971,2555,27[CR],2927388875
C,13258,196,2564,22[CR],2927389312
F,23030,13940,2574,24[CR],2927389640
A,35028,23010,2584,26[CR],2927390078
F,23048,13975,2593,27[CR],2927390515
C,13051,204,2602,22[CR],2927390843
F,23142,13936,2612,24[CR],2927391281
C,13005,204,2622,25[CR],2927391609
F,23730,13810,2631,27[CR],2927392046
C,13014,204,2641,24[CR],2927392375
F,24206,13719,2651,24[CR],2927392812
C,13092,208,2661,25[CR],2927393250
F,24732,13628,2671,25[CR],2927393578
C,13238,212,2682,38[CR],2927394015
F,25096,13661,2692,23[CR],2927394343
C,13273,206,2701,24[CR],2927394781
F,25692,13667,2711,25[CR],2927395109
C,13171,192,2721,27[CR],2927395546
F,26116,13565,2730,24[CR],2927395984
A,34992,26524,2740,23[CR],2927396312
F,26628,13477,2750,24[CR],2927396656
C,13163,214,2759,26[CR],2927397078
F,27288,13487,2768,27[CR],2927397515
C,13172,218,2778,23[CR],2927397843
F,27836,13518,2788,25[CR],2927398281
C,13160,198,2798,25[CR],2927398718
F,28516,13543,2807,27[CR],2927399046
C,13177,220,2817,22[CR],2927399484
F,28964,13544,2827,24[CR],2927399812
C,13138,222,2837,25[CR],2927400250
F,29432,13551,2846,27[CR],2927400578
C,13162,212,2856,23[CR],2927401015
F,30008,13532,2865,22[CR],2927401453
C,13142,220,2875,25[CR],2927401781
F,30436,13515,2885,26[CR],2927402328
Z,0,0,2897,27[CR],2927402546
F,31012,13518,2904,23[CR],2927402984
C,13203,228,2914,25[CR],2927403312
F,31484,13504,2923,26[CR],2927403750
C,13212,220,2933,20[CR],2927404078
F,31640,13482,2943,23[CR],2927404515
C,13226,262,2953,24[CR],2927404953
F,31844,13473,2962,25[CR],2927405281
C,13232,274,2972,27[CR],2927405718
F,32028,13504,2981,22[CR],2927406046
C,13229,254,2991,24[CR],2927406484
F,32308,13485,3001,25[CR],2927406812
C,13184,266,3010,26[CR],2927407359
Z,0,0,3023,27[CR],2927407687
C,13196,262,3030,24[CR],2927408015
F,33152,13471,3040,25[CR],2927408453
A,34940,33156,3049,25[CR],2927408781
F,33236,13471,3058,22[CR],2927409218
C,13173,274,3068,23[CR],2927409546
F,33444,13489,3078,24[CR],2927410093
Z,0,0,3090,25[CR],2927410421
F,33440,13496,3097,25[CR],2927410750
C,13143,282,3107,22[CR],2927411187
F,33384,13479,3116,25[CR],2927411515
C,13120,274,3126,25[CR],2927411953
F,33280,13485,3136,27[CR],2927412281
C,13134,280,3145,23[CR],2927412718
F,33296,13496,3155,24[CR],2927413156
C,13212,280,3164,25[CR],2927413484
F,33572,13472,3174,27[CR],2927413921
C,13278,280,3184,23[CR],2927414250
F,33796,13551,3194,23[CR],2927414687
A,34968,34428,3203,25[CR],2927415015
F,35136,13568,3213,26[CR],2927415453
C,13238,282,3223,25[CR],2927415890
F,35808,13530,3234,28[CR],2927416218
C,13234,278,3246,27[CR],2927416656
F,36524,13536,3255,24[CR],2927416984
C,13240,278,3265,25[CR],2927417421
F,37304,13503,3275,27[CR],2927417859
C,13258,288,3284,22[CR],2927418187
F,37340,13511,3294,24[CR],2927418625
C,13189,274,3303,25[CR],2927418953
F,38100,13510,3313,27[CR],2927419390
C,13167,268,3323,22[CR],2927419718
F,37572,13475,3332,22[CR],2927420156
C,13176,280,3341,21[CR],2927420593
F,37824,13448,3348,15[CR],2927420921
A,34888,37772,3357,24[CR],2927421359
F,37724,13499,3367,25[CR],2927421687
C,13188,284,3376,26[CR],2927422125
F,37608,13509,3386,21[CR],2927422453
C,13200,280,3396,23[CR],2927422890
F,37668,13500,3405,25[CR],2927423328
C,13231,274,3415,25[CR],2927423656
F,37740,13485,3424,20[CR],2927424093
C,13256,280,3434,23[CR],2927424421
F,37920,13496,3444,24[CR],2927424859
C,13253,278,3453,26[CR],2927425187
F,37908,13507,3463,22[CR],2927425625
C,13254,278,3472,22[CR],2927426062
F,38152,13486,3482,24[CR],2927426390
C,13254,280,3491,25[CR],2927426828
F,37620,13468,3501,24[CR],2927427156
A,34880,38072,3511,23[CR],2927427593
F,38084,13461,3520,24[CR],2927427921
C,13217,270,3530,25[CR],2927428359
F,37984,13452,3539,27[CR],2927428796
C,13216,276,3549,23[CR],2927429125
F,38052,13447,3559,24[CR],2927429562
C,13234,278,3569,25[CR],2927429890
F,38212,13447,3578,27[CR],2927430328
C,13260,278,3588,22[CR],2927430656
F,38552,13458,3597,24[CR],2927431093
C,13259,282,3607,25[CR],2927431531
F,38452,13461,3617,27[CR],2927431859
C,13280,280,3626,21[CR],2927432078
V,107920,46016,3633,25[CR],2927432296
F,38172,13461,3636,24[CR],2927432625
C,13269,280,3646,25[CR],2927433062
F,38380,13467,3656,26[CR],2927433390
A,34892,38548,3666,28[CR],2927433828
F,38284,13451,3675,24[CR],2927434171
C,13244,274,3685,25[CR],2927434593
F,38048,13470,3696,25[CR],2927435031
C,13247,292,3705,26[CR],2927435359
F,38236,13463,3715,22[CR],2927435796
C,13231,284,3725,24[CR],2927436125
F,38336,13476,3735,25[CR],2927436562
C,13225,280,3744,26[CR],2927437000
F,38644,13490,3754,27[CR],2927437328
C,13233,282,3760,7[CR],2927437765
F,38884,13362,3763,4[CR],2927438093
C,13185,284,3763,1[CR],2927438531
F,38168,13214,3763,0[CR],2927438859
C,13036,280,3763,0[CR],2927439296
F,37592,13173,3763,0[CR],2927439734
A,34840,37340,3763,0[CR],2927440062
F,37244,13139,3763,0[CR],2927440500
C,12975,272,3763,0[CR],2927440828
F,37008,13120,3763,0[CR],2927441265
C,12964,284,3763,0[CR],2927441593
F,36808,13122,3763,0[CR],2927442031
C,12926,280,3763,0[CR],2927442468
F,36552,13083,3763,0[CR],2927442796
C,12925,280,3763,0[CR],2927443234
F,36416,13065,3763,0[CR],2927443562
C,12913,284,3763,0[CR],2927444000
F,36328,13074,3763,0[CR],2927444328
C,12916,284,3763,0[CR],2927444875
Z,0,0,3763,0[CR],2927445421
Z,0,0,3763,0[CR],2927445859
Z,0,0,3763,0[CR],2927446406
Z,0,0,3763,0[CR],2927446843
Z,0,0,3763,0[CR],2927447390
Z,0,0,3763,0[CR],2927447828
Z,0,0,3763,0[CR],2927448375
Z,0,0,3763,0[CR],2927448921
Z,0,0,3763,0[CR],2927449359
Z,0,0,3763,0[CR],2927449906
Z,0,0,3763,0[CR],2927450343
Z,0,0,3763,0[CR],2927450890
Z,0,0,3763,0[CR],2927451328
Z,0,0,3763,0[CR],2927451875
Z,0,0,3763,0[CR],2927452421
Z,0,0,3763,0[CR],2927452859
Z,0,0,3763,0[CR],2927453406
Z,0,0,3763,0[CR],2927453843
Z,0,0,3763,0[CR],2927454390
Z,0,0,3763,0[CR],2927454937
Z,0,0,3763,0[CR],2927455375
Z,0,0,3763,0[CR],2927455921
Z,0,0,3763,0[CR],2927456359
Z,0,0,3763,0[CR],2927456906
C,12823,298,3763,0[CR],2927457343
Z,0,0,3763,0[CR],2927457890
Z,0,0,3763,0[CR],2927458328
Z,0,0,3763,0[CR],2927458875
Z,0,0,3763,0[CR],2927459421
Z,0,0,3763,0[CR],2927459859
Z,0,0,3763,0[CR],2927460406
Z,0,0,3763,0[CR],2927460843
Z,0,0,3763,0[CR],2927461390
Z,0,0,3763,0[CR],2927461828
Z,0,0,3763,0[CR],2927462375
Z,0,0,3763,0[CR],2927462921
Z,0,0,3763,0[CR],2927463359
Z,0,0,3763,0[CR],2927463906
Z,0,0,3763,0[CR],2927464343
Z,0,0,3763,0[CR],2927464890
Z,0,0,3763,0[CR],2927465328
Z,0,0,3763,0[CR],2927465875
Z,0,0,3763,0[CR],2927466421
Z,0,0,3763,0[CR],2927466859
Z,0,0,3763,0[CR],2927467406
Z,0,0,3763,57[CR],2927467843
C,12793,286,3776,7[CR],2927468171
F,34052,13233,3779,3[CR],2927468609
C,13072,288,3779,1[CR],2927468937
F,35804,13128,3779,0[CR],2927469375
C,12981,290,3779,0[CR],2927469812
F,35612,13110,3779,0[CR],2927470140
C,12962,266,3779,0[CR],2927470578
F,35500,13111,3779,0[CR],2927470906
A,34700,35428,3779,0[CR],2927471343
F,35396,13104,3779,0[CR],2927471671
C,12950,304,3784,12[CR],2927472109
F,35720,13395,3785,3[CR],2927472546
C,13135,282,3785,1[CR],2927472875
F,37044,13191,3785,1[CR],2927473312
C,13052,280,3785,0[CR],2927473640
F,36656,13166,3785,0[CR],2927474078
C,13014,286,3785,0[CR],2927474406
F,36436,13155,3785,0[CR],2927474843
C,13007,280,3785,0[CR],2927475281
F,36260,13146,3785,0[CR],2927475609
C,12993,282,3785,0[CR],2927476046
F,36132,13142,3785,0[CR],2927476375
C,12987,286,3790,11[CR],2927476812
F,36164,13384,3798,24[CR],2927477140
A,34700,37756,3808,23[CR],2927477578
F,38020,13495,3818,25[CR],2927478015
C,13272,286,3828,25[CR],2927478343
F,38848,13498,3838,27[CR],2927478781
C,13274,294,3847,21[CR],2927479109
F,39384,13503,3857,23[CR],2927479546
C,13271,294,3867,25[CR],2927479875
F,39724,13501,3877,26[CR],2927480312
C,13278,300,3887,27[CR],2927480750
F,39592,13485,3896,23[CR],2927481078
C,13285,304,3906,24[CR],2927481515
F,38752,13480,3916,25[CR],2927481843
C,13276,310,3926,27[CR],2927482281
F,37544,13461,3936,21[CR],2927482609
C,13241,314,3946,24[CR],2927483046
F,37412,13444,3955,25[CR],2927483484
A,34636,37308,3965,27[CR],2927483812
F,37508,13464,3975,27[CR],2927484250
C,13199,334,3985,24[CR],2927484578
F,37808,13465,3995,24[CR],2927485015
C,13193,344,4004,25[CR],2927485343
F,38116,13483,4014,27[CR],2927485781
C,13197,338,4024,21[CR],2927486218
F,38392,13496,4034,23[CR],2927486546
C,13208,354,4044,25[CR],2927486984
F,38656,13491,4054,27[CR],2927487312
C,13204,344,4063,27[CR],2927487750
F,38616,13477,4073,24[CR],2927488078
C,13185,356,4083,24[CR],2927488515
F,38416,13452,4093,25[CR],2927488953
C,13205,362,4103,27[CR],2927489281
F,37820,13435,4112,21[CR],2927489718
A,34648,37184,4122,24[CR],2927490046
F,37068,13406,4132,25[CR],2927490437
C,13222,362,4142,27[CR],2927490812
F,36936,13420,4152,27[CR],2927491250
C,13205,366,4162,24[CR],2927491687
F,36996,13416,4172,24[CR],2927492015
C,13211,368,4182,25[CR],2927492453
F,37676,13412,4191,27[CR],2927492781
C,13225,364,4201,20[CR],2927493218
F,38320,13414,4211,23[CR],2927493546
C,13270,372,4221,24[CR],2927493984
F,39148,13419,4231,25[CR],2927494421
C,13283,364,4240,27[CR],2927494750
F,39664,13425,4250,24[CR],2927495187
C,13295,360,4260,24[CR],2927495515
F,39892,13422,4270,25[CR],2927495953
A,34640,39032,4280,26[CR],2927496281
F,39100,13404,4289,25[CR],2927496718
C,13247,370,4299,23[CR],2927497156
F,38720,13393,4309,24[CR],2927497484
C,13240,364,4319,26[CR],2927497921
F,38928,13397,4329,27[CR],2927498250
C,13239,360,4339,24[CR],2927498687
F,39356,13414,4348,24[CR],2927499015
C,13256,370,4358,25[CR],2927499453
F,39712,13430,4368,26[CR],2927499890
C,13269,378,4378,21[CR],2927500218
F,40088,13452,4388,24[CR],2927500656
C,13286,370,4398,25[CR],2927500984
F,40332,13460,4408,26[CR],2927501421
C,13299,374,4417,27[CR],2927501750
F,40604,13462,4427,24[CR],2927502187
A,34616,40680,4437,23[CR],2927502625
F,40704,13456,4447,25[CR],2927502953
C,13302,398,4457,26[CR],2927503390
F,40072,13433,4466,21[CR],2927503718
C,13281,386,4476,24[CR],2927504156
F,39320,13439,4486,25[CR],2927504484
C,13250,386,4496,26[CR],2927504921
F,38904,13445,4505,27[CR],2927505359
C,13241,400,4515,22[CR],2927505687
F,39220,13454,4525,24[CR],2927506125
C,13239,412,4535,25[CR],2927506453
F,39568,13456,4545,27[CR],2927506890
C,13238,400,4554,20[CR],2927507218
F,39852,13458,4564,24[CR],2927507656
C,13239,412,4574,24[CR],2927508093
F,40124,13465,4584,25[CR],2927508421
A,34576,40144,4594,27[CR],2927508859
F,40124,13464,4604,23[CR],2927509187
C,13223,412,4614,25[CR],2927509625
F,40228,13465,4624,25[CR],2927509953
C,13351,426,4634,30[CR],2927510390
F,39592,13447,4646,30[CR],2927510828
C,13291,434,4657,33[CR],2927511156
F,37692,13391,4667,22[CR],2927511593
C,13354,440,4677,23[CR],2927511921
F,39080,13461,4687,25[CR],2927512359
C,13346,440,4697,26[CR],2927512687
F,40072,13451,4706,27[CR],2927513125
C,13343,442,4717,24[CR],2927513562
F,40584,13464,4726,24[CR],2927513890
C,13335,436,4736,25[CR],2927514328
F,41024,13469,4746,26[CR],2927514656
A,34548,41224,4756,24[CR],2927515093
F,41264,13468,4766,23[CR],2927515421
C,13297,440,4776,25[CR],2927515859
F,41552,13461,4786,25[CR],2927516187
C,13296,442,4796,28[CR],2927516625
F,41520,13478,4805,22[CR],2927517062
C,13291,454,4815,24[CR],2927517390
F,41768,13483,4826,25[CR],2927517828
C,13321,450,4835,26[CR],2927518156
F,41904,13493,4845,25[CR],2927518593
C,13334,434,4855,23[CR],2927519031
F,42096,13495,4865,24[CR],2927519359
C,13334,450,4875,25[CR],2927519796
F,41496,13487,4884,27[CR],2927520125
C,13350,442,4894,21[CR],2927520562
F,41344,13486,4904,24[CR],2927520890
A,34520,40928,4914,25[CR],2927521328
F,41048,13480,4924,26[CR],2927521765
C,13302,450,4934,27[CR],2927522093
F,41048,13469,4943,23[CR],2927522531
C,13295,460,4954,24[CR],2927522859
F,40892,13470,4964,25[CR],2927523296
C,13305,450,4973,27[CR],2927523625
F,41216,13475,4983,24[CR],2927524062
C,13325,442,4993,24[CR],2927524500
F,41736,13472,5003,25[CR],2927524828
C,13334,458,5013,26[CR],2927525265
F,42016,13488,5023,27[CR],2927525593
C,13337,460,5032,24[CR],2927526031
F,42152,13489,5042,24[CR],2927526359
C,13315,452,5052,26[CR],2927526796
F,42440,13478,5062,26[CR],2927527234
A,34520,41984,5071,24[CR],2927527562
F,42048,13468,5081,24[CR],2927527953
C,13332,458,5092,25[CR],2927528328
F,41792,13450,5101,26[CR],2927528765
C,13338,452,5111,27[CR],2927529093
F,41704,13452,5121,24[CR],2927529531
C,13332,464,5131,24[CR],2927529968
F,41568,13446,5140,26[CR],2927530296
C,13306,476,5150,27[CR],2927530734
F,41296,13450,5160,21[CR],2927531062
C,13293,470,5170,24[CR],2927531500
F,41392,13458,5180,25[CR],2927531828
C,13304,476,5190,26[CR],2927532265
F,41448,13464,5200,27[CR],2927532703
C,13311,462,5209,24[CR],2927533031
F,41976,13456,5219,24[CR],2927533468
A,34488,42200,5229,25[CR],2927533796
F,42256,13472,5239,26[CR],2927534234
C,13321,506,5249,25[CR],2927534562
F,42456,13480,5259,23[CR],2927535000
C,13344,504,5269,24[CR],2927535437
F,42392,13472,5278,25[CR],2927535765
C,13333,508,5288,27[CR],2927536203
F,41928,13467,5298,20[CR],2927536531
C,13301,508,5308,23[CR],2927536968
F,40944,13443,5318,25[CR],2927537296
C,13320,518,5327,26[CR],2927537734
F,41456,13433,5337,28[CR],2927538171
C,13309,518,5347,23[CR],2927538500
F,41864,13425,5357,25[CR],2927538937
C,13309,516,5367,26[CR],2927539265
F,41872,13424,5376,27[CR],2927539703
A,34500,42056,5386,22[CR],2927540031
F,42016,13432,5396,24[CR],2927540468
C,13328,516,5406,25[CR],2927540906
F,41416,13426,5416,26[CR],2927541234
C,13303,508,5425,25[CR],2927541671
F,41488,13432,5435,24[CR],2927542000
C,13289,520,5445,25[CR],2927542437
F,41144,13409,5455,25[CR],2927542765
C,13289,518,5465,27[CR],2927543203
F,41656,13413,5474,20[CR],2927543640
C,13276,524,5484,24[CR],2927543968
F,42216,13425,5495,25[CR],2927544406
C,13292,520,5504,27[CR],2927544734
F,42800,13435,5514,27[CR],2927545171
C,13288,522,5524,23[CR],2927545500
F,42960,13439,5534,25[CR],2927545937
A,34432,42664,5544,25[CR],2927546265
F,42720,13418,5553,27[CR],2927546703
C,13339,520,5563,21[CR],2927547140
F,42600,13415,5573,24[CR],2927547468
C,13327,520,5583,25[CR],2927547906
F,42488,13403,5593,27[CR],2927548234
C,13335,532,5603,28[CR],2927548671
F,42504,13407,5612,24[CR],2927549109
C,13335,528,5622,24[CR],2927549437
F,42152,13392,5632,25[CR],2927549875
C,13326,520,5642,26[CR],2927550203
F,41288,13376,5651,21[CR],2927550640
C,13341,516,5662,24[CR],2927550968
F,41304,13398,5672,25[CR],2927551406
C,13325,520,5681,26[CR],2927551843
F,41928,13411,5691,27[CR],2927552171
A,34444,41616,5701,24[CR],2927552609
F,41472,13391,5711,24[CR],2927552937
C,13312,520,5721,25[CR],2927553375
F,42456,13416,5730,27[CR],2927553703
C,13334,520,5740,25[CR],2927554140
F,43136,13430,5750,24[CR],2927554578
C,13325,524,5760,25[CR],2927554906
F,42704,13410,5763,3[CR],2927555343
C,13337,520,5763,1[CR],2927555671
F,42032,13160,5763,0[CR],2927556109
C,13117,504,5763,0[CR],2927556437
F,41152,13118,5763,0[CR],2927556875
C,13083,534,5763,0[CR],2927557312
F,40640,13104,5763,0[CR],2927557640
C,13066,514,5763,0[CR],2927558078
F,40044,13050,5763,0[CR],2927558406
A,34408,40000,5763,0[CR],2927558843
F,40008,13050,5763,0[CR],2927559171
C,13011,516,5763,0[CR],2927559609
F,39856,13043,5763,0[CR],2927559937
C,13005,522,5763,0[CR],2927560484
Z,0,0,5763,0[CR],2927561031
Z,0,0,5763,0[CR],2927561468
Z,0,0,5763,0[CR],2927562015
Z,0,0,5763,0[CR],2927562453
Z,0,0,5763,0[CR],2927563000
Z,0,0,5763,0[CR],2927563546
Z,0,0,5763,0[CR],2927563984
Z,0,0,5763,0[CR],2927564531
Z,0,0,5763,0[CR],2927564968
Z,0,0,5763,0[CR],2927565515
Z,0,0,5763,0[CR],2927565953
Z,0,0,5763,0[CR],2927566500
Z,0,0,5763,0[CR],2927567046
Z,0,0,5763,0[CR],2927567484
Z,0,0,5763,0[CR],2927568031
Z,0,0,5763,0[CR],2927568468
Z,0,0,5763,0[CR],2927569015
Z,0,0,5763,0[CR],2927569562
Z,0,0,5763,0[CR],2927570000
Z,0,0,5763,0[CR],2927570546
Z,0,0,5763,0[CR],2927570875
A,34396,37972,5763,0[CR],2927571437
Z,0,0,5763,0[CR],2927571984
Z,0,0,5763,0[CR],2927572421
Z,0,0,5763,0[CR],2927572968
Z,0,0,5763,0[CR],2927573406
Z,0,0,5763,0[CR],2927573953
Z,0,0,5763,0[CR],2927574390
Z,0,0,5763,0[CR],2927574937
Z,0,0,5763,0[CR],2927575484
Z,0,0,5763,0[CR],2927575921
Z,0,0,5763,0[CR],2927576468
Z,0,0,5763,0[CR],2927576906
Z,0,0,5763,0[CR],2927577453
Z,0,0,5763,0[CR],2927577890
Z,0,0,5763,0[CR],2927578437
Z,0,0,5763,0[CR],2927578984
Z,0,0,5763,0[CR],2927579421
Z,0,0,5763,0[CR],2927579968
Z,0,0,5763,0[CR],2927580406
Z,0,0,5763,39[CR],2927580953
Z,0,0,5763,38[CR],2927581390
Z,0,0,5763,34[CR],2927581937
Z,0,0,5763,34[CR],2927582484
Z,0,0,5768,29[CR],2927582921
Z,0,0,5779,12[CR],2927583468
A,34372,38484,5782,5[CR],2927583796
F,38528,13124,5782,1[CR],2927584234
C,13157,528,5782,1[CR],2927584562
F,38900,13079,5782,0[CR],2927584937
C,13096,522,5782,0[CR],2927585328
F,38760,13070,5782,0[CR],2927585765
C,13075,530,5782,0[CR],2927586203
F,38688,13064,5782,0[CR],2927586531
C,13064,524,5787,33[CR],2927586968
F,38608,13067,5791,4[CR],2927587296
C,13339,518,5791,1[CR],2927587734
F,41104,13169,5791,0[CR],2927588062
C,13154,520,5791,0[CR],2927588500
F,40520,13147,5791,0[CR],2927588937
C,13120,520,5791,0[CR],2927589265
F,40256,13143,5791,0[CR],2927589703
A,34344,40120,5791,0[CR],2927590031
F,40052,13132,5791,0[CR],2927590468
C,13084,518,5791,0[CR],2927590906
F,39928,13126,5791,0[CR],2927591234
C,13075,520,5794,34[CR],2927591671
F,39796,13125,5804,24[CR],2927592000
C,13320,524,5814,27[CR],2927592437
F,42032,13405,5823,25[CR],2927592765
C,13264,520,5833,24[CR],2927593203
F,41856,13404,5843,24[CR],2927593640
C,13247,522,5853,26[CR],2927593968
F,41688,13419,5863,27[CR],2927594406
C,13284,526,5872,22[CR],2927594734
F,42360,13397,5882,23[CR],2927595171
C,13281,528,5892,25[CR],2927595500
F,42488,13399,5902,26[CR],2927595937
A,34308,43272,5912,24[CR],2927596375
F,43544,13392,5922,23[CR],2927596703
C,13300,530,5932,25[CR],2927597140
F,43320,13376,5941,26[CR],2927597468
C,13305,524,5951,27[CR],2927597906
F,43112,13354,5961,21[CR],2927598234
C,13321,532,5971,24[CR],2927598671
F,43392,13359,5981,25[CR],2927599109
C,13253,560,5990,26[CR],2927599437
F,43008,13349,6000,25[CR],2927599875
C,13252,542,6010,24[CR],2927600203
F,42576,13330,6020,24[CR],2927600640
C,13243,556,6030,25[CR],2927600968
F,42456,13333,6039,27[CR],2927601406
C,13217,552,6049,22[CR],2927601843
F,42144,13317,6059,24[CR],2927602171
A,34292,42536,6069,25[CR],2927602609
F,42792,13325,6079,26[CR],2927602953
C,13252,586,6088,24[CR],2927603375
F,42664,13326,6098,24[CR],2927603703
C,13229,580,6108,24[CR],2927604140
F,42128,13329,6117,25[CR],2927604468
C,13249,582,6126,24[CR],2927604906
F,42880,13321,6135,22[CR],2927605343
C,13239,582,6144,22[CR],2927605671
F,43016,13296,6153,27[CR],2927606109
C,13242,586,6163,21[CR],2927606437
F,43456,13299,6173,24[CR],2927606875
C,13258,590,6183,25[CR],2927607203
F,43800,13296,6193,27[CR],2927607640
C,13262,586,6202,28[CR],2927608078
F,43960,13266,6212,23[CR],2927608421
A,34292,43184,6222,24[CR],2927608859
F,43432,13251,6232,25[CR],2927609187
C,13286,586,6242,26[CR],2927609625
F,43632,13253,6252,22[CR],2927609953
C,13245,586,6261,24[CR],2927610390
F,42784,13257,6272,25[CR],2927610828
C,13236,586,6281,25[CR],2927611156
F,43152,13261,6291,27[CR],2927611593
C,13287,590,6301,24[CR],2927611921
F,43344,13251,6311,24[CR],2927612359
C,13271,586,6321,25[CR],2927612687
F,43712,13261,6331,27[CR],2927613125
C,13306,586,6340,22[CR],2927613562
F,44120,13242,6350,24[CR],2927613890
C,13322,590,6360,24[CR],2927614328
F,43648,13212,6371,27[CR],2927614656
A,34276,43872,6381,29[CR],2927615093
F,43760,13227,6392,30[CR],2927615421
C,13258,588,6402,22[CR],2927615859
F,43344,13226,6413,25[CR],2927616296
C,13263,590,6423,25[CR],2927616625
F,43264,13219,6433,25[CR],2927617062
C,13319,590,6443,27[CR],2927617390
F,44360,13233,6452,23[CR],2927617828
C,13329,590,6463,24[CR],2927618156
F,44376,13215,6472,25[CR],2927618593
C,13305,592,6482,27[CR],2927618921
F,43880,13216,6492,22[CR],2927619359
C,13314,588,6502,23[CR],2927619796
F,43904,13232,6511,24[CR],2927620125
C,13320,594,6521,25[CR],2927620562
F,43928,13221,6531,27[CR],2927620890
A,34260,44088,6541,22[CR],2927621328
F,44424,13233,6551,23[CR],2927621656
C,13327,588,6561,25[CR],2927622093
F,44672,13245,6571,27[CR],2927622453
C,13269,590,6580,27[CR],2927622859
F,43352,13209,6590,22[CR],2927623296
C,13262,590,6600,24[CR],2927623625
F,41992,13193,6610,25[CR],2927624062
C,13277,600,6620,27[CR],2927624390
F,43808,13217,6630,22[CR],2927624828
C,13355,608,6639,25[CR],2927625265
F,43936,13207,6650,25[CR],2927625593
C,13265,600,6659,25[CR],2927626031
F,43280,13189,6669,27[CR],2927626359
C,13248,598,6679,22[CR],2927626796
F,43200,13162,6689,22[CR],2927627125
A,34260,42600,6699,25[CR],2927627562
F,42952,13130,6709,27[CR],2927628000
C,13247,588,6718,21[CR],2927628328
F,43960,13152,6728,24[CR],2927628765
C,13248,598,6738,25[CR],2927629093
F,43736,13202,6748,26[CR],2927629531
C,13268,604,6758,27[CR],2927629859
F,43712,13158,6767,23[CR],2927630296
C,13282,602,6777,24[CR],2927630734
F,43632,13138,6787,24[CR],2927631062
C,13333,604,6797,27[CR],2927631500
F,43832,13122,6807,24[CR],2927631828
C,13312,606,6817,24[CR],2927632265
F,43912,13140,6827,25[CR],2927632593
C,13319,616,6837,25[CR],2927633031
F,44608,13151,6846,28[CR],2927633468
A,34216,44376,6856,22[CR],2927633796
F,44160,13139,6866,22[CR],2927634234
C,13300,608,6876,25[CR],2927634562
F,43728,13121,6886,26[CR],2927635015
C,13291,608,6895,26[CR],2927635343
F,44176,13150,6905,23[CR],2927635781
C,13288,604,6915,24[CR],2927636218
F,43488,13147,6925,25[CR],2927636546
C,13264,602,6935,27[CR],2927636984
F,42784,13154,6945,21[CR],2927637312
C,13291,606,6955,23[CR],2927637750
F,44144,13182,6965,25[CR],2927638078
C,13263,610,6974,27[CR],2927638515
F,43760,13170,6984,28[CR],2927638953
C,13281,598,6994,23[CR],2927639281
F,43912,13198,7004,24[CR],2927639718
A,34172,44896,7014,25[CR],2927640046
F,45000,13179,7023,27[CR],2927640500
C,13304,616,7033,22[CR],2927640812
F,44408,13110,7043,24[CR],2927641250
C,13312,624,7053,25[CR],2927641687
F,44168,13096,7063,26[CR],2927642015
C,13293,632,7072,27[CR],2927642453
F,43744,13076,7082,24[CR],2927642781
C,13292,626,7092,24[CR],2927643218
F,43568,13103,7102,25[CR],2927643546
C,13284,636,7112,27[CR],2927643984
F,43152,13096,7121,22[CR],2927644421
C,13257,632,7131,23[CR],2927644750
F,42896,13061,7141,25[CR],2927645187
C,13243,626,7151,26[CR],2927645515
F,42576,13036,7161,28[CR],2927645953
A,34176,43320,7171,23[CR],2927646281
F,43568,13080,7181,24[CR],2927646718
C,13299,664,7191,25[CR],2927647265
Z,0,0,7203,25[CR],2927647484
C,13280,658,7210,21[CR],2927647921
F,44672,13171,7220,23[CR],2927648250
C,13282,666,7230,24[CR],2927648687
F,44888,13163,7240,26[CR],2927649015
C,13283,668,7250,27[CR],2927649453
F,45232,13164,7259,22[CR],2927649890
C,13299,678,7269,24[CR],2927650218
F,44936,13145,7279,25[CR],2927650656
C,13306,668,7289,26[CR],2927650984
F,44000,13099,7299,21[CR],2927651421
C,13310,686,7308,24[CR],2927651750
F,44224,13124,7318,25[CR],2927652187
A,34164,44176,7328,26[CR],2927652515
F,44144,13129,7338,27[CR],2927652953
C,13254,676,7348,24[CR],2927653390
F,43808,13110,7358,24[CR],2927653718
C,13298,688,7367,25[CR],2927654156
F,44408,13147,7377,26[CR],2927654484
C,13311,672,7387,24[CR],2927654921
F,45184,13141,7397,23[CR],2927655250
C,13304,674,7407,25[CR],2927655687
F,45240,13145,7417,26[CR],2927656125
C,13357,668,7426,27[CR],2927656453
F,45568,13192,7436,24[CR],2927656890
C,13363,682,7446,24[CR],2927657218
F,44912,13147,7456,25[CR],2927657656
C,13331,674,7466,27[CR],2927658093
F,44624,13141,7475,21[CR],2927658421
A,34168,44816,7485,24[CR],2927658859
F,44768,13152,7495,25[CR],2927659234
C,13365,702,7505,26[CR],2927659625
F,45136,13171,7514,27[CR],2927659953
C,13395,716,7524,22[CR],2927660390
F,45312,13177,7534,24[CR],2927660828
C,13395,714,7544,25[CR],2927661156
F,45024,13181,7554,27[CR],2927661593
C,13346,712,7563,21[CR],2927661921
F,44824,13170,7573,24[CR],2927662359
C,13302,696,7583,25[CR],2927662687
F,44184,13180,7593,27[CR],2927663125
C,13338,734,7603,27[CR],2927663562
F,45344,13213,7612,23[CR],2927663890
C,13387,756,7622,25[CR],2927664328
F,46160,13199,7632,25[CR],2927664656
A,34136,46256,7642,28[CR],2927665093
F,46192,13164,7651,22[CR],2927665421
C,13358,748,7661,22[CR],2927665859
F,45952,13154,7671,24[CR],2927666296
C,13352,738,7681,27[CR],2927666625
F,46048,13182,7691,27[CR],2927667062
C,13338,742,7701,23[CR],2927667390
F,45696,13147,7711,24[CR],2927667859
C,13338,756,7720,25[CR],2927668203
F,45488,13147,7730,27[CR],2927668546
C,13366,752,7739,21[CR],2927669015
F,46152,13160,7749,24[CR],2927669343
C,13288,750,7759,25[CR],2927669796
F,43984,13124,7763,4[CR],2927670140
C,13236,758,7763,1[CR],2927670578
F,41272,13025,7763,0[CR],2927670906
A,34176,40960,7763,0[CR],2927671343
F,40920,13014,7763,0[CR],2927671671
C,13028,764,7763,0[CR],2927672109
F,40764,13010,7763,0[CR],2927672546
C,13019,758,7763,0[CR],2927672875
F,39712,12990,7763,0[CR],2927673312
C,12976,756,7763,0[CR],2927673671
F,39656,12991,7763,0[CR],2927674125
C,12980,762,7763,0[CR],2927674453
F,39820,12989,7763,0[CR],2927675000
Z,0,0,7763,0[CR],2927675453
Z,0,0,7763,0[CR],2927676015
Z,0,0,7763,0[CR],2927676468
Z,0,0,7763,0[CR],2927677015
Z,0,0,7763,0[CR],2927677468
Z,0,0,7763,0[CR],2927678015
Z,0,0,7763,0[CR],2927678468
Z,0,0,7763,0[CR],2927679031
Z,0,0,7763,0[CR],2927679468
Z,0,0,7763,0[CR],2927679937
Z,0,0,7763,0[CR],2927680500
Z,0,0,7763,0[CR],2927680953
Z,0,0,7763,0[CR],2927681515
Z,0,0,7763,0[CR],2927681968
Z,0,0,7763,0[CR],2927682515
Z,0,0,7763,0[CR],2927682968
Z,0,0,7763,0[CR],2927683515
Z,0,0,7763,0[CR],2927683984
Z,0,0,7763,0[CR],2927684203
C,12902,750,7763,0[CR],2927684750
Z,0,0,7763,0[CR],2927685203
Z,0,0,7763,0[CR],2927685765
Z,0,0,7763,0[CR],2927686218
Z,0,0,7763,0[CR],2927686671
Z,0,0,7763,0[CR],2927687218
Z,0,0,7763,0[CR],2927687718
Z,0,0,7763,0[CR],2927688171
Z,0,0,7763,0[CR],2927688750
Z,0,0,7763,0[CR],2927689203
Z,0,0,7763,0[CR],2927689765
Z,0,0,7763,0[CR],2927690203
Z,0,0,7763,0[CR],2927690765
Z,0,0,7763,0[CR],2927691203
Z,0,0,7763,0[CR],2927691750
Z,0,0,7763,0[CR],2927692203
Z,0,0,7763,0[CR],2927692765
Z,0,0,7763,0[CR],2927693234
Z,0,0,7763,0[CR],2927693781
Z,0,0,7763,0[CR],2927694218
Z,0,0,7763,54[CR],2927694671
Z,0,0,7763,51[CR],2927695218
Z,0,0,7771,43[CR],2927695546
F,38112,12944,7779,19[CR],2927695984
A,34064,40564,7781,4[CR],2927696312
F,40968,13026,7781,1[CR],2927696750
C,13072,760,7781,1[CR],2927697078
F,40716,13014,7781,0[CR],2927697515
C,13035,760,7781,0[CR],2927697843
F,40576,13010,7781,0[CR],2927698281
C,13022,772,7781,0[CR],2927698718
F,40412,13007,7781,0[CR],2927699046
C,13013,772,7787,31[CR],2927699484
F,40304,13264,7789,2[CR],2927699812
C,13261,760,7789,1[CR],2927700250
F,44024,13052,7789,0[CR],2927700578
C,13098,758,7789,0[CR],2927701015
F,43224,13036,7789,0[CR],2927701453
C,13069,756,7789,0[CR],2927701781
F,42720,13030,7789,0[CR],2927702218
A,34048,42472,7789,0[CR],2927702546
F,42360,13025,7789,0[CR],2927702984
C,13043,756,7792,39[CR],2927703312
F,42240,13023,7802,25[CR],2927703750
C,13277,760,7811,27[CR],2927704187
F,46008,13160,7821,24[CR],2927704515
C,13302,750,7831,24[CR],2927704953
F,46152,13164,7841,25[CR],2927705281
C,13337,756,7851,27[CR],2927705718
F,45464,13149,7861,22[CR],2927706046
C,13365,762,7871,24[CR],2927706484
F,45792,13133,7880,24[CR],2927706921
C,13353,762,7890,26[CR],2927707250
F,45704,13111,7900,27[CR],2927707687
C,13345,766,7910,23[CR],2927708015
F,46072,13091,7920,24[CR],2927708453
A,34036,46168,7930,25[CR],2927708781
F,46128,13120,7939,26[CR],2927709218
C,13340,772,7949,21[CR],2927709656
F,45696,13129,7959,24[CR],2927709984
C,13323,762,7969,24[CR],2927710421
F,45072,13120,7979,27[CR],2927710750
C,13325,756,7988,26[CR],2927711187
F,45824,13135,7997,22[CR],2927711515
C,13315,768,8007,23[CR],2927711953
F,46096,13137,8016,25[CR],2927712390
C,13298,768,8025,25[CR],2927712718
F,45600,13150,8034,21[CR],2927713156
C,13299,774,8043,25[CR],2927713484
F,45640,13126,8053,26[CR],2927713921
C,13358,768,8063,21[CR],2927714250
F,46504,13139,8073,24[CR],2927714687
A,34064,45848,8083,25[CR],2927715125
F,46216,13157,8092,25[CR],2927715453
C,13349,774,8102,28[CR],2927715890
F,47232,13152,8112,21[CR],2927716218
C,13359,758,8122,24[CR],2927716656
F,47304,13136,8132,25[CR],2927716984
C,13390,766,8142,27[CR],2927717421
F,47088,13127,8151,27[CR],2927717859
C,13377,760,8161,22[CR],2927718187
F,46888,13150,8171,24[CR],2927718625
C,13344,780,8181,25[CR],2927718953
F,45536,13157,8191,27[CR],2927719390
C,13344,760,8200,20[CR],2927719718
F,46800,13173,8211,23[CR],2927720156
C,13394,772,8221,25[CR],2927720593
F,46752,13148,8230,26[CR],2927720921
A,34052,46776,8240,27[CR],2927721359
F,47040,13121,8250,24[CR],2927721687
C,13404,772,8260,24[CR],2927722125
F,47800,13164,8270,25[CR],2927722453
C,13437,766,8280,27[CR],2927722890
F,46880,13154,8289,25[CR],2927723218
C,13377,770,8299,23[CR],2927723656
F,45736,13139,8309,25[CR],2927724093
C,13366,762,8319,26[CR],2927724421
F,46424,13145,8329,27[CR],2927724859
C,13398,768,8338,23[CR],2927725187
F,47312,13141,8349,25[CR],2927725625
C,13347,766,8358,25[CR],2927725953
F,46584,13143,8368,27[CR],2927726406
C,13328,772,8378,21[CR],2927726843
F,46648,13119,8388,24[CR],2927727171
A,34020,46824,8398,25[CR],2927727609
F,46928,13118,8408,26[CR],2927727937
C,13337,768,8417,27[CR],2927728375
F,47032,13136,8427,24[CR],2927728703
C,13343,766,8437,23[CR],2927729140
F,47008,13096,8447,25[CR],2927729578
C,13362,770,8457,27[CR],2927729906
F,46360,13029,8466,21[CR],2927730343
C,13404,774,8476,23[CR],2927730671
F,45168,13030,8486,25[CR],2927731109
C,13385,768,8496,26[CR],2927731437
F,44600,13036,8505,27[CR],2927731875
C,13379,768,8515,23[CR],2927732312
F,46368,13077,8525,24[CR],2927732640
C,13388,770,8535,25[CR],2927733078
F,46352,13052,8545,26[CR],2927733406
A,34020,46560,8554,20[CR],2927733843
F,46464,13052,8564,24[CR],2927734203
C,13395,768,8574,25[CR],2927734609
F,46688,13086,8584,25[CR],2927735046
C,13402,768,8594,27[CR],2927735375
F,46768,13143,8604,23[CR],2927735812
C,13426,762,8614,24[CR],2927736140
F,46888,13150,8624,28[CR],2927736578
C,13386,768,8635,27[CR],2927736906
F,47312,13144,8645,29[CR],2927737343
C,13388,788,8655,25[CR],2927737781
F,47424,13108,8666,24[CR],2927738109
C,13429,774,8677,24[CR],2927738546
F,47488,13105,8687,26[CR],2927738875
C,13381,768,8696,27[CR],2927739312
F,46392,13089,8706,21[CR],2927739640
A,33948,46528,8716,24[CR],2927740078
F,46488,13082,8726,24[CR],2927740515
C,13399,778,8736,25[CR],2927740843
F,48032,13131,8745,27[CR],2927741281
C,13422,768,8755,22[CR],2927741609
F,47976,13144,8765,24[CR],2927742046
C,13439,774,8775,25[CR],2927742375
F,47056,13107,8785,26[CR],2927742812
C,13415,774,8794,27[CR],2927743140
F,47176,13123,8804,23[CR],2927743578
C,13419,772,8814,24[CR],2927744015
F,46464,13122,8824,25[CR],2927744343
C,13378,776,8834,27[CR],2927744890
Z,0,0,8846,28[CR],2927745109
C,13364,774,8853,23[CR],2927745546
F,47512,13101,8863,25[CR],2927745984
A,34012,47520,8873,27[CR],2927746312
F,47456,13117,8883,27[CR],2927746750
C,13345,780,8893,23[CR],2927747078
F,46544,13092,8903,25[CR],2927747515
C,13343,774,8913,25[CR],2927747843
F,47304,13109,8922,27[CR],2927748281
C,13413,780,8932,24[CR],2927748718
F,47776,13108,8942,23[CR],2927749046
C,13429,786,8952,25[CR],2927749484
F,46872,13079,8961,27[CR],2927749812
C,13383,788,8971,28[CR],2927750250
F,46136,13077,8981,23[CR],2927750578
C,13376,812,8991,24[CR],2927751031
F,47440,13117,9001,25[CR],2927751359
C,13389,810,9010,27[CR],2927751796
F,47304,13079,9020,24[CR],2927752234
A,34004,48040,9030,24[CR],2927752562
F,47456,13099,9040,25[CR],2927753000
C,13366,798,9050,26[CR],2927753328
F,47368,13130,9059,22[CR],2927753765
C,13398,812,9069,24[CR],2927754093
F,48512,13141,9079,25[CR],2927754531
C,13394,834,9088,26[CR],2927754968
F,47616,13112,9098,27[CR],2927755296
C,13410,844,9108,23[CR],2927755734
F,47216,13097,9118,25[CR],2927756062
C,13411,842,9128,25[CR],2927756500
F,45616,13055,9137,26[CR],2927756828
C,13367,822,9147,20[CR],2927757265
F,46704,13112,9157,24[CR],2927757703
C,13404,840,9167,25[CR],2927758031
F,47888,13144,9176,25[CR],2927758468
A,33960,48424,9186,27[CR],2927758796
F,48248,13170,9196,23[CR],2927759234
C,13418,834,9206,24[CR],2927759562
F,48280,13169,9216,25[CR],2927760000
C,13440,826,9225,27[CR],2927760437
F,48040,13179,9235,21[CR],2927760765
C,13418,832,9245,24[CR],2927761203
F,47264,13165,9255,25[CR],2927761531
C,13355,838,9265,26[CR],2927761968
F,47048,13184,9274,24[CR],2927762296
C,13343,834,9284,23[CR],2927762734
F,47416,13174,9294,25[CR],2927763062
C,13357,832,9304,25[CR],2927763500
F,47328,13168,9314,27[CR],2927763937
C,13385,854,9323,22[CR],2927764265
F,47928,13163,9333,23[CR],2927764703
A,33964,47976,9343,25[CR],2927765031
F,48040,13158,9353,26[CR],2927765468
C,13389,844,9362,20[CR],2927765796
F,48152,13160,9372,24[CR],2927766250
C,13420,848,9382,25[CR],2927766687
F,48360,13142,9392,26[CR],2927767015
C,13432,852,9402,27[CR],2927767453
F,47992,13079,9411,22[CR],2927767781
C,13409,870,9421,24[CR],2927768218
F,46232,13028,9431,25[CR],2927768546
C,13377,862,9441,27[CR],2927768984
F,46472,13072,9450,22[CR],2927769421
C,13449,882,9460,23[CR],2927769750
F,47784,13087,9470,25[CR],2927770187
C,13422,858,9480,26[CR],2927770515
F,48216,13106,9489,27[CR],2927770953
A,33972,48440,9499,23[CR],2927771281
F,48480,13142,9509,24[CR],2927771718
C,13451,854,9519,25[CR],2927772046
F,48568,13175,9529,26[CR],2927772484
C,13443,864,9538,20[CR],2927772921
F,48056,13166,9548,23[CR],2927773250
C,13382,842,9558,25[CR],2927773687
F,47000,13151,9568,26[CR],2927774015
C,13357,838,9577,27[CR],2927774453
F,47424,13168,9587,23[CR],2927774890
C,13392,860,9597,25[CR],2927775218
F,47992,13178,9607,26[CR],2927775656
C,13421,844,9617,26[CR],2927775984
F,48744,13183,9626,21[CR],2927776421
C,13438,860,9636,24[CR],2927776750
F,49120,13165,9646,24[CR],2927777187
A,33948,49832,9656,26[CR],2927777625
F,49672,13177,9665,27[CR],2927777953
C,13414,880,9675,23[CR],2927778390
F,48432,13167,9684,23[CR],2927778718
C,13460,878,9693,25[CR],2927779156
F,48176,13106,9702,19[CR],2927779484
C,13435,878,9711,22[CR],2927779921
F,47464,13083,9720,22[CR],2927780250
C,13430,854,9729,27[CR],2927780687
F,48456,13134,9739,20[CR],2927781125
C,13463,878,9749,24[CR],2927781453
F,48920,13150,9759,25[CR],2927781890
C,13469,892,9763,5[CR],2927782218
F,48824,13137,9763,2[CR],2927782656
C,13346,894,9763,1[CR],2927782984
F,46232,13017,9763,0[CR],2927783421
A,33960,45224,9763,0[CR],2927783859
F,44976,13000,9763,0[CR],2927784187
C,13225,888,9763,0[CR],2927784625
F,44408,12993,9763,0[CR],2927784953
C,13204,864,9763,0[CR],2927785390
F,43544,12977,9763,0[CR],2927785718
C,13148,890,9763,0[CR],2927786156
F,43720,12977,9763,0[CR],2927786593
C,13153,898,9763,0[CR],2927786921
F,43584,12974,9763,0[CR],2927787484
Z,0,0,9763,0[CR],2927787921
Z,0,0,9763,0[CR],2927788468
Z,0,0,9763,0[CR],2927788906
Z,0,0,9763,0[CR],2927789453
Z,0,0,9763,0[CR],2927790000
Z,0,0,9763,0[CR],2927790437
Z,0,0,9763,0[CR],2927790984
Z,0,0,9763,0[CR],2927791421
Z,0,0,9763,0[CR],2927791968
Z,0,0,9763,0[CR],2927792515
Z,0,0,9763,0[CR],2927792953
Z,0,0,9763,0[CR],2927793500
Z,0,0,9763,0[CR],2927793937
Z,0,0,9763,0[CR],2927794484
Z,0,0,9763,0[CR],2927794921
Z,0,0,9763,0[CR],2927795468
Z,0,0,9763,0[CR],2927795937
Z,0,0,9763,0[CR],2927796484
Z,0,0,9763,0[CR],2927796937
Z,0,0,9763,0[CR],2927797500
Z,0,0,9763,0[CR],2927797937
Z,0,0,9763,0[CR],2927798484
Z,0,0,9763,0[CR],2927799031
Z,0,0,9763,0[CR],2927799468
Z,0,0,9763,0[CR],2927800015
Z,0,0,9763,0[CR],2927800453
Z,0,0,9763,0[CR],2927801000
Z,0,0,9763,0[CR],2927801437
Z,0,0,9763,0[CR],2927801984
Z,0,0,9763,0[CR],2927802531
Z,0,0,9763,0[CR],2927802968
Z,0,0,9763,0[CR],2927803515
Z,0,0,9763,0[CR],2927803953
Z,0,0,9763,0[CR],2927804500
Z,0,0,9763,0[CR],2927804937
Z,0,0,9763,0[CR],2927805484
Z,0,0,9763,0[CR],2927806031
Z,0,0,9763,0[CR],2927806468
Z,0,0,9763,0[CR],2927807015
Z,0,0,9774,86[CR],2927807234
F,42160,12966,9782,18[CR],2927807671
C,13022,870,9784,4[CR],2927808000
F,45192,13052,9784,1[CR],2927808437
A,33940,44800,9784,0[CR],2927808875
F,44544,13029,9784,0[CR],2927809203
C,13264,882,9784,0[CR],2927809640
F,44024,13018,9784,0[CR],2927809968
C,13242,892,9784,0[CR],2927810406
F,43736,13011,9794,25[CR],2927810734
C,13232,1484,9795,3[CR],2927811171
F,47440,13086,9795,1[CR],2927811578
C,13320,882,9795,0[CR],2927811953
F,46296,13022,9795,0[CR],2927812296
C,13252,874,9795,0[CR],2927812734
F,45368,13000,9795,0[CR],2927813171
C,13223,874,9795,0[CR],2927813515
F,44872,12989,9795,0[CR],2927813953
C,13209,878,9795,0[CR],2927814281
F,44536,12985,9803,19[CR],2927814718
A,33896,47176,9812,26[CR],2927815046
F,47760,13170,9821,22[CR],2927815484
C,13468,890,9831,24[CR],2927815812
F,49032,13188,9841,26[CR],2927816250
C,13472,904,9850,28[CR],2927816687
F,49224,13183,9861,24[CR],2927817015
C,13489,912,9871,25[CR],2927817453
F,48952,13170,9882,25[CR],2927817781
C,13457,902,9892,27[CR],2927818218
F,48120,13176,9903,28[CR],2927818546
C,13405,906,9913,28[CR],2927818984
F,47432,13179,9923,23[CR],2927819421
C,13406,914,9933,22[CR],2927819750
F,49008,13174,9943,24[CR],2927820187
C,13415,908,9952,26[CR],2927820515
F,49064,13145,9961,21[CR],2927820953
A,33856,48384,9970,21[CR],2927821281
F,48440,13162,9979,22[CR],2927821718
C,13432,922,9988,25[CR],2927822156
F,49312,13168,9997,24[CR],2927822484
C,13427,920,10007,24[CR],2927822921
F,48632,13118,10017,25[CR],2927823250
C,13429,922,10027,27[CR],2927823687
F,49096,13107,10036,22[CR],2927824015
C,13477,916,10047,24[CR],2927824453
F,47784,13115,10056,25[CR],2927824890
C,13437,924,10066,27[CR],2927825218
F,47792,13143,10076,26[CR],2927825656
C,13480,916,10086,24[CR],2927825984
F,49504,13128,10096,25[CR],2927826421
C,13422,924,10105,27[CR],2927826750
F,48376,13094,10115,27[CR],2927827187
A,33880,48192,10125,22[CR],2927827625
F,48856,13148,10135,24[CR],2927827953
C,13422,906,10145,25[CR],2927828390
F,47072,13202,10155,26[CR],2927828718
C,13417,916,10164,27[CR],2927829156
F,49848,13224,10174,24[CR],2927829484
C,13432,930,10184,25[CR],2927829921
F,49928,13183,10194,25[CR],2927830359
C,13415,922,10204,27[CR],2927830687
F,48976,13113,10213,22[CR],2927831125
C,13482,926,10223,24[CR],2927831453
F,48304,13103,10234,25[CR],2927831890
C,13466,922,10243,26[CR],2927832218
F,47656,13095,10253,27[CR],2927832656
C,13461,924,10263,22[CR],2927833093
F,48848,13138,10273,24[CR],2927833421
A,33912,49640,10283,25[CR],2927833859
F,49792,13133,10292,27[CR],2927834187
C,13470,914,10302,22[CR],2927834625
F,49576,13176,10312,23[CR],2927834953
C,13442,922,10322,25[CR],2927835390
F,48696,13186,10332,26[CR],2927835828
C,13447,936,10342,27[CR],2927836156
F,50480,13191,10351,23[CR],2927836593
C,13490,914,10361,24[CR],2927836921
F,49840,13175,10371,25[CR],2927837359
C,13483,920,10381,27[CR],2927837687
F,49224,13153,10391,24[CR],2927838125
C,13507,920,10401,24[CR],2927838562
F,50144,13169,10411,25[CR],2927838890
C,13516,920,10420,26[CR],2927839328
F,50544,13145,10430,27[CR],2927839656
A,33868,48856,10440,22[CR],2927840093
F,50072,13160,10450,24[CR],2927840468
C,13542,924,10460,25[CR],2927840859
F,49472,13120,10469,26[CR],2927841203
C,13479,906,10479,20[CR],2927841625
F,48952,13123,10489,23[CR],2927842062
C,13476,914,10499,25[CR],2927842390
F,47304,13113,10509,26[CR],2927842828
C,13486,916,10518,28[CR],2927843156
F,49984,13156,10528,24[CR],2927843593
C,13461,924,10538,23[CR],2927844031
F,49744,13139,10548,25[CR],2927844359
C,13478,926,10558,26[CR],2927844796
F,50864,13179,10568,25[CR],2927845125
C,13480,916,10577,24[CR],2927845562
F,50136,13199,10587,24[CR],2927845890
A,33864,49456,10597,25[CR],2927846328
F,49648,13181,10607,27[CR],2927846765
C,13427,914,10617,22[CR],2927847093
F,49424,13170,10627,24[CR],2927847531
C,13452,922,10636,25[CR],2927847859
F,50912,13100,10646,27[CR],2927848296
C,13473,924,10656,27[CR],2927848625
F,49696,13053,10666,23[CR],2927849062
C,13482,928,10676,24[CR],2927849500
F,49144,13031,10686,25[CR],2927849828
C,13452,928,10695,27[CR],2927850265
F,48912,13063,10705,22[CR],2927850593
C,13457,924,10715,23[CR],2927851031
F,50176,13100,10725,25[CR],2927851359
C,13461,916,10735,26[CR],2927851796
F,50456,13125,10745,27[CR],2927852234
A,33852,50784,10754,24[CR],2927852562
F,50768,13112,10764,24[CR],2927853000
C,13500,930,10774,25[CR],2927853328
F,50360,13130,10784,27[CR],2927853781
C,13511,926,10793,22[CR],2927854109
F,49384,13118,10804,23[CR],2927854546
C,13508,928,10813,25[CR],2927854875
F,48832,13083,10824,25[CR],2927855312
C,13473,926,10833,27[CR],2927855750
F,49384,13103,10843,23[CR],2927856078
C,13469,928,10853,24[CR],2927856515
F,50008,13120,10863,25[CR],2927856843
C,13439,928,10872,27[CR],2927857281
F,49504,13132,10882,24[CR],2927857609
C,13480,922,10892,23[CR],2927858046
F,50624,13150,10902,25[CR],2927858484
A,33836,49512,10912,26[CR],2927858812
F,49256,13139,10921,28[CR],2927859250
C,13463,940,10931,23[CR],2927859578
F,48872,13166,10941,24[CR],2927860015
C,13477,932,10951,25[CR],2927860343
F,49552,13206,10961,27[CR],2927860781
C,13515,934,10970,21[CR],2927861218
F,50040,13220,10980,23[CR],2927861546
C,13502,936,10990,24[CR],2927861984
F,51184,13205,11000,26[CR],2927862312
C,13508,944,11010,27[CR],2927862750
F,51440,13209,11020,23[CR],2927863078
C,13494,952,11030,24[CR],2927863515
F,51480,13184,11040,25[CR],2927863953
C,13479,942,11049,27[CR],2927864281
F,51048,13167,11059,23[CR],2927864718
A,33812,50624,11069,24[CR],2927865046
F,50488,13160,11079,25[CR],2927865484
C,13487,946,11088,26[CR],2927865812
F,50528,13145,11098,27[CR],2927866250
C,13496,952,11108,23[CR],2927866687
F,50696,13153,11118,24[CR],2927867015
C,13602,954,11128,26[CR],2927867453
F,50744,13124,11137,26[CR],2927867781
C,13564,944,11147,20[CR],2927868218
F,50896,13118,11157,24[CR],2927868546
C,13553,932,11167,25[CR],2927868984
F,51296,13119,11177,26[CR],2927869312
C,13608,948,11187,27[CR],2927869750
F,51768,13173,11196,23[CR],2927870187
C,13626,958,11206,24[CR],2927870515
F,52376,13202,11216,26[CR],2927870953
A,33824,50936,11226,27[CR],2927871281
F,50760,13126,11236,21[CR],2927871718
C,13559,950,11246,23[CR],2927872156
F,49944,13158,11256,24[CR],2927872484
C,13513,948,11265,26[CR],2927872921
F,50936,13179,11275,27[CR],2927873250
C,13529,976,11285,23[CR],2927873687
F,51512,13197,11295,24[CR],2927874015
C,13475,980,11305,25[CR],2927874453
F,51680,13210,11315,26[CR],2927874890
C,13540,986,11324,25[CR],2927875218
F,51456,13227,11334,23[CR],2927875656
C,13556,990,11344,25[CR],2927875984
F,51656,13158,11354,25[CR],2927876437
C,13568,986,11364,27[CR],2927876765
F,51896,13171,11373,23[CR],2927877203
A,33868,51520,11383,25[CR],2927877531
F,51192,13155,11393,25[CR],2927877968
C,13569,984,11403,27[CR],2927878406
F,50416,13129,11412,21[CR],2927878734
C,13555,986,11422,24[CR],2927879171
F,51584,13175,11432,24[CR],2927879500
C,13534,986,11442,26[CR],2927879937
F,52064,13146,11452,27[CR],2927880265
C,13562,988,11461,22[CR],2927880703
F,52496,13214,11471,24[CR],2927881140
C,13551,990,11481,25[CR],2927881468
F,52968,13256,11491,27[CR],2927881906
C,13528,990,11500,21[CR],2927882234
F,52560,13221,11510,23[CR],2927882671
C,13540,980,11520,25[CR],2927883000
F,52656,13207,11530,25[CR],2927883437
A,33860,52144,11540,28[CR],2927883875
F,51520,13193,11550,24[CR],2927884203
C,13545,986,11559,24[CR],2927884640
F,52616,13221,11569,25[CR],2927884968
C,13528,982,11579,27[CR],2927885406
F,53024,13192,11589,21[CR],2927885734
C,13549,994,11599,23[CR],2927886171
F,53792,13179,11609,25[CR],2927886609
C,13550,998,11619,26[CR],2927886937
F,52480,13137,11628,27[CR],2927887375
C,13564,990,11638,24[CR],2927887703
F,52360,13146,11648,24[CR],2927888140
C,13586,984,11658,25[CR],2927888468
F,51288,13101,11667,26[CR],2927888906
C,13546,980,11676,20[CR],2927889343
F,50696,13138,11687,24[CR],2927889671
A,33836,51944,11696,25[CR],2927890109
F,52176,13143,11706,27[CR],2927890437
C,13554,994,11715,22[CR],2927890875
F,52216,13136,11725,24[CR],2927891203
C,13587,990,11735,24[CR],2927891640
F,52000,13204,11745,25[CR],2927892078
C,13569,980,11754,27[CR],2927892406
F,52656,13224,11760,8[CR],2927892843
C,13561,986,11763,4[CR],2927893171
F,51512,13158,11763,1[CR],2927893609
C,13439,992,11763,1[CR],2927893937
F,49464,13080,11763,0[CR],2927894375
C,13373,994,11763,0[CR],2927894812
F,48664,13067,11763,0[CR],2927895140
C,13348,1000,11763,0[CR],2927895578
F,48128,13052,11763,0[CR],2927895906
A,33820,47720,11763,0[CR],2927896343
F,47640,13048,11763,0[CR],2927896671
C,13304,986,11763,0[CR],2927897109
F,47456,13044,11763,0[CR],2927897656
Z,0,0,11763,0[CR],2927898093
Z,0,0,11763,0[CR],2927898640
Z,0,0,11763,0[CR],2927899078
Z,0,0,11763,0[CR],2927899625
Z,0,0,11763,0[CR],2927900171
Z,0,0,11763,0[CR],2927900609
Z,0,0,11763,0[CR],2927901156
Z,0,0,11763,0[CR],2927901593
Z,0,0,11763,0[CR],2927902140
Z,0,0,11763,0[CR],2927902687
Z,0,0,11763,0[CR],2927903125
Z,0,0,11763,0[CR],2927903671
Z,0,0,11763,0[CR],2927904109
Z,0,0,11763,0[CR],2927904656
Z,0,0,11763,0[CR],2927905093
Z,0,0,11763,0[CR],2927905640
Z,0,0,11763,0[CR],2927906187
Z,0,0,11763,0[CR],2927906625
Z,0,0,11763,0[CR],2927907171
Z,0,0,11763,0[CR],2927907609
Z,0,0,11763,0[CR],2927908156
Z,0,0,11763,0[CR],2927908703
Z,0,0,11763,0[CR],2927909140
Z,0,0,11763,0[CR],2927909687
Z,0,0,11763,0[CR],2927910125
Z,0,0,11763,0[CR],2927910671
Z,0,0,11763,0[CR],2927911218
Z,0,0,11763,0[CR],2927911656
Z,0,0,11763,0[CR],2927912203
Z,0,0,11763,0[CR],2927912640
Z,0,0,11763,0[CR],2927913187
Z,0,0,11763,0[CR],2927913625
Z,0,0,11763,0[CR],2927914171
Z,0,0,11763,0[CR],2927914718
Z,0,0,11763,0[CR],2927915156
Z,0,0,11763,0[CR],2927915703
Z,0,0,11763,0[CR],2927916140
Z,0,0,11763,0[CR],2927916687
Z,0,0,11763,0[CR],2927917125
Z,0,0,11763,0[CR],2927917671
Z,0,0,11763,0[CR],2927918218
Z,0,0,11763,0[CR],2927918656
Z,0,0,11763,0[CR],2927919203
Z,0,0,11763,0[CR],2927919640
Z,0,0,11763,0[CR],2927920187
Z,0,0,11763,0[CR],2927920625
Z,0,0,11763,0[CR],2927921171
Z,0,0,11763,0[CR],2927921281
F,45336,13009,11763,0[CR],2927921718
C,13107,986,11763,0[CR],2927922156
F,45328,13006,11763,0[CR],2927922593
Z,0,0,11763,0[CR],2927923140
Z,0,0,11763,0[CR],2927923578
Z,0,0,11763,0[CR],2927924125
Z,0,0,11763,0[CR],2927924671
Z,0,0,11763,0[CR],2927924890
C,13124,990,11763,0[CR],2927925218
F,45368,13014,11763,0[CR],2927925656
C,13120,988,11763,0[CR],2927925984
F,45256,13012,11763,0[CR],2927926421
C,13116,994,11763,0[CR],2927926750
F,45184,13012,11763,0[CR],2927927187
A,33824,45168,11763,0[CR],2927927625
F,45128,13009,11763,0[CR],2927927953
C,13110,984,11763,0[CR],2927928500
Z,0,0,11763,0[CR],2927928937
Z,0,0,11763,0[CR],2927929484
Z,0,0,11763,0[CR],2927929921
Z,0,0,11763,0[CR],2927930468
Z,0,0,11763,0[CR],2927931015
Z,0,0,11763,0[CR],2927931453
Z,0,0,11763,0[CR],2927932000
Z,0,0,11763,0[CR],2927932437
Z,0,0,11763,0[CR],2927932984
Z,0,0,11763,0[CR],2927933531
Z,0,0,11763,0[CR],2927933968
Z,0,0,11763,68[CR],2927934515
Z,0,0,11781,16[CR],2927934625
F,44840,13003,11781,6[CR],2927935000
C,13384,992,11781,1[CR],2927935390
F,47016,13070,11781,1[CR],2927935828
C,13385,986,11781,0[CR],2927936156
F,46616,13064,11781,0[CR],2927936593
C,13355,986,11781,0[CR],2927936921
F,46456,13060,11781,0[CR],2927937359
C,13338,990,11781,0[CR],2927937687
F,46312,13056,11784,24[CR],2927938125
C,13325,990,11790,8[CR],2927938562
F,49584,13234,11790,2[CR],2927938890
C,13510,990,11790,1[CR],2927939328
F,49632,13124,11790,1[CR],2927939656
A,33788,49280,11790,0[CR],2927940093
F,49136,13106,11790,0[CR],2927940421
C,13377,1000,11790,0[CR],2927940859
F,48664,13093,11790,0[CR],2927941296
C,13360,980,11790,0[CR],2927941625
F,48352,13086,11790,0[CR],2927942062
C,13350,998,11793,34[CR],2927942390
F,48112,13080,11800,19[CR],2927942828
C,13620,986,11808,23[CR],2927943156
F,50952,13266,11818,24[CR],2927943593
C,13540,990,11828,25[CR],2927944031
F,50872,13260,11838,27[CR],2927944359
C,13546,1010,11847,21[CR],2927944796
F,51216,13215,11858,24[CR],2927945125
C,13567,980,11867,25[CR],2927945562
F,52568,13191,11877,26[CR],2927945890
A,33752,53216,11887,27[CR],2927946328
F,53256,13197,11897,24[CR],2927946765
C,13593,1002,11907,23[CR],2927947093
F,53056,13186,11917,25[CR],2927947531
C,13574,1022,11926,27[CR],2927947859
F,52408,13156,11936,22[CR],2927948296
C,13533,1026,11946,24[CR],2927948625
F,50928,13146,11956,25[CR],2927949062
C,13550,1036,11966,25[CR],2927949500
F,51400,13182,11975,27[CR],2927949828
C,13544,1042,11985,22[CR],2927950265
F,51280,13178,11995,24[CR],2927950593
C,13565,1056,12005,25[CR],2927951031
F,52592,13181,12015,27[CR],2927951359
C,13561,1060,12024,21[CR],2927951796
F,52664,13170,12034,24[CR],2927952234
A,33816,52360,12044,24[CR],2927952562
F,51968,13163,12054,26[CR],2927953000
C,13524,1036,12064,27[CR],2927953328
F,50552,13178,12073,24[CR],2927953765
C,13508,1056,12083,25[CR],2927954093
F,50872,13206,12093,26[CR],2927954531
C,13554,1068,12103,27[CR],2927954968
F,52280,13190,12112,22[CR],2927955296
C,13545,1064,12122,23[CR],2927955734
F,52576,13184,12132,25[CR],2927956062
C,13517,1064,12142,27[CR],2927956500
F,52768,13195,12152,27[CR],2927956828
C,13501,1070,12162,23[CR],2927957265
F,51744,13154,12172,24[CR],2927957703
C,13598,1072,12182,25[CR],2927958031
F,52992,13151,12191,27[CR],2927958468
A,33784,52032,12201,19[CR],2927958796
F,51648,13109,12211,24[CR],2927959234
C,13580,1066,12221,25[CR],2927959562
F,51960,13111,12231,27[CR],2927960000
C,13590,1070,12240,27[CR],2927960437
F,51192,13122,12250,23[CR],2927960765
C,13553,1060,12260,24[CR],2927961203
F,51528,13130,12270,25[CR],2927961531
C,13512,1076,12279,27[CR],2927961968
F,52128,13143,12289,21[CR],2927962296
C,13537,1082,12299,23[CR],2927962734
F,52696,13157,12309,25[CR],2927963171
C,13581,1078,12319,26[CR],2927963500
F,52088,13161,12329,25[CR],2927963937
C,13580,1084,12338,23[CR],2927964265
F,51792,13165,12348,24[CR],2927964703
A,33748,52200,12358,25[CR],2927965031
F,52352,13200,12368,27[CR],2927965468
C,13582,1084,12377,21[CR],2927965906
F,53688,13206,12388,24[CR],2927966234
C,13583,1076,12397,25[CR],2927966671
F,53240,13187,12407,27[CR],2927967000
C,13624,1074,12417,27[CR],2927967437
F,53192,13161,12427,24[CR],2927967765
C,13625,1078,12437,24[CR],2927968203
F,52480,13191,12446,25[CR],2927968640
C,13582,1080,12456,27[CR],2927968968
F,52840,13198,12466,24[CR],2927969406
C,13559,1060,12476,24[CR],2927969734
F,54072,13214,12486,25[CR],2927970171
C,13667,1086,12495,25[CR],2927970500
F,54912,13208,12505,27[CR],2927970937
A,33752,54488,12514,23[CR],2927971375
F,54472,13213,12525,25[CR],2927971812
C,13767,1068,12535,26[CR],2927972140
F,54480,13224,12545,27[CR],2927972531
C,13657,1084,12554,20[CR],2927972906
F,54424,13239,12564,24[CR],2927973234
C,13621,1078,12574,25[CR],2927973671
F,54416,13222,12584,25[CR],2927974109
C,13506,1072,12593,27[CR],2927974437
F,52424,13186,12603,23[CR],2927974875
C,13495,1090,12613,25[CR],2927975203
F,51568,13161,12623,26[CR],2927975640
C,13590,1084,12633,27[CR],2927975968
F,52544,13194,12642,21[CR],2927976406
C,13594,1078,12652,24[CR],2927976843
F,52360,13212,12662,25[CR],2927977171
A,33776,53168,12672,25[CR],2927977609
F,52952,13194,12682,28[CR],2927977937
C,13546,1086,12692,24[CR],2927978375
F,53184,13179,12701,24[CR],2927978703
C,13542,1086,12711,25[CR],2927979140
F,52320,13144,12721,27[CR],2927979578
C,13506,1074,12730,22[CR],2927979906
F,51760,13174,12741,24[CR],2927980343
C,13527,1086,12750,25[CR],2927980671
F,51952,13172,12760,25[CR],2927981109
C,13578,1098,12770,27[CR],2927981437
F,51432,13196,12780,23[CR],2927981875
C,13583,1108,12790,24[CR],2927982312
F,52504,13193,12799,25[CR],2927982640
C,13674,1130,12809,27[CR],2927983078
F,54072,13194,12819,22[CR],2927983406
A,33760,53840,12829,24[CR],2927983843
F,54048,13231,12839,24[CR],2927984171
C,13765,1142,12849,26[CR],2927984609
F,54848,13256,12858,27[CR],2927985046
C,13775,1116,12868,23[CR],2927985375
F,54800,13259,12878,24[CR],2927985812
C,13753,1110,12888,25[CR],2927986140
F,55192,13266,12898,27[CR],2927986578
C,13702,1110,12907,22[CR],2927986906
F,53888,13230,12917,24[CR],2927987343
C,13623,1118,12927,25[CR],2927987781
F,54344,13257,12937,25[CR],2927988109
C,13640,1130,12947,27[CR],2927988546
F,53832,13240,12957,22[CR],2927988875
C,13618,1144,12967,25[CR],2927989312
F,53720,13227,12977,26[CR],2927989640
A,33740,54224,12986,26[CR],2927990078
F,53888,13223,12996,21[CR],2927990562
C,13537,1146,13006,23[CR],2927990843
F,53472,13226,13016,25[CR],2927991281
C,13501,1144,13025,26[CR],2927991609
F,51720,13195,13035,27[CR],2927992046
C,13527,1144,13045,23[CR],2927992375
F,53824,13183,13055,25[CR],2927992812
C,13490,1140,13065,25[CR],2927993250
F,53504,13171,13075,26[CR],2927993578
C,13522,1142,13084,21[CR],2927994015
F,53584,13216,13094,23[CR],2927994343
C,13599,1140,13104,25[CR],2927994781
F,54368,13178,13114,25[CR],2927995109
C,13689,1142,13123,27[CR],2927995546
F,53992,13154,13133,24[CR],2927995984
A,33792,54632,13143,24[CR],2927996312
F,54664,13119,13153,25[CR],2927996750
C,13646,1144,13163,27[CR],2927997078
F,52960,13068,13172,21[CR],2927997515
C,13640,1142,13182,23[CR],2927997843
F,54352,13173,13192,25[CR],2927998281
C,13650,1144,13202,26[CR],2927998718
F,55192,13207,13212,28[CR],2927999046
C,13670,1136,13222,23[CR],2927999484
F,55880,13209,13231,24[CR],2927999812
C,13688,1142,13241,25[CR],2928000250
F,56336,13228,13251,27[CR],2928000578
C,13709,1148,13261,21[CR],2928001015
F,56352,13277,13271,23[CR],2928001453
C,13722,1138,13281,25[CR],2928001781
F,55592,13267,13290,26[CR],2928002218
A,33744,54480,13300,27[CR],2928002546
F,55080,13256,13310,23[CR],2928002984
C,13698,1138,13320,25[CR],2928003312
F,55976,13252,13330,26[CR],2928003750
C,13716,1146,13339,27[CR],2928004187
F,56944,13242,13349,20[CR],2928004515
C,13711,1148,13359,24[CR],2928004953
F,57040,13259,13369,25[CR],2928005281
C,13694,1144,13379,25[CR],2928005718
F,56424,13239,13388,27[CR],2928006046
C,13656,1148,13398,22[CR],2928006484
F,55032,13226,13408,24[CR],2928006921
C,13706,1152,13418,25[CR],2928007250
F,55912,13235,13427,26[CR],2928007687
C,13737,1142,13437,21[CR],2928008015
F,56728,13208,13447,24[CR],2928008453
A,33748,57440,13457,25[CR],2928008781
F,57576,13240,13467,26[CR],2928009218
C,13694,1142,13476,27[CR],2928009656
F,57160,13220,13486,23[CR],2928009984
C,13706,1152,13496,25[CR],2928010421
F,56712,13192,13506,26[CR],2928010750
C,13687,1132,13516,27[CR],2928011187
F,54896,13176,13525,22[CR],2928011515
C,13677,1138,13535,24[CR],2928011953
F,55616,13233,13545,25[CR],2928012390
C,13679,1134,13555,26[CR],2928012718
F,56672,13264,13564,27[CR],2928013156
C,13717,1148,13574,24[CR],2928013484
F,57192,13251,13584,25[CR],2928013921
C,13698,1156,13594,26[CR],2928014250
F,57576,13266,13604,27[CR],2928014687
A,33740,56816,13613,23[CR],2928015125
F,56576,13247,13624,24[CR],2928015453
C,13693,1142,13633,25[CR],2928015890
F,56136,13211,13643,26[CR],2928016218
C,13677,1150,13653,26[CR],2928016656
F,55920,13175,13663,23[CR],2928016984
C,13627,1150,13672,25[CR],2928017421
F,55904,13153,13682,25[CR],2928017859
C,13688,1138,13692,27[CR],2928018187
F,56888,13174,13701,22[CR],2928018625
C,13690,1148,13711,24[CR],2928018953
F,57192,13193,13721,25[CR],2928019390
C,13705,1152,13731,26[CR],2928019718
F,56912,13180,13740,25[CR],2928020156
C,13697,1152,13750,24[CR],2928020593
F,55624,13166,13760,20[CR],2928020921
A,33744,55128,13763,8[CR],2928021359
F,54896,13137,13763,2[CR],2928021671
C,13505,1158,13763,1[CR],2928022125
F,53592,13055,13763,0[CR],2928022453
C,13433,1164,13763,0[CR],2928022890
F,53032,13048,13763,0[CR],2928023328
C,13410,1146,13763,0[CR],2928023656
F,52616,13046,13763,0[CR],2928024093
C,13398,1146,13763,0[CR],2928024421
F,52320,13043,13763,0[CR],2928024859
C,13347,1148,13763,0[CR],2928025187
F,51800,13030,13763,0[CR],2928025625
C,13343,1148,13763,0[CR],2928026062
F,51664,13029,13763,0[CR],2928026390
C,13349,1152,13763,0[CR],2928026828
F,51520,13028,13763,0[CR],2928027265
Z,0,0,13763,0[CR],2928027593
F,51288,12975,13763,0[CR],2928028031
Z,0,0,13763,0[CR],2928028578
Z,0,0,13763,0[CR],2928029125
Z,0,0,13763,3[CR],2928029562
Z,0,0,13763,1[CR],2928030109
Z,0,0,13763,0[CR],2928030546
Z,0,0,13763,0[CR],2928031093
Z,0,0,13763,0[CR],2928031640
Z,0,0,13763,0[CR],2928032078
Z,0,0,13763,0[CR],2928032625
Z,0,0,13763,0[CR],2928033062
Z,0,0,13763,0[CR],2928033609
Z,0,0,13763,0[CR],2928034156
Z,0,0,13763,0[CR],2928034593
Z,0,0,13763,0[CR],2928035140
Z,0,0,13763,0[CR],2928035578
Z,0,0,13763,0[CR],2928036125
Z,0,0,13763,0[CR],2928036671
Z,0,0,13763,0[CR],2928037109
Z,0,0,13763,0[CR],2928037656
Z,0,0,13763,0[CR],2928038093
Z,0,0,13763,0[CR],2928038640
Z,0,0,13763,0[CR],2928039078
Z,0,0,13763,0[CR],2928039625
Z,0,0,13763,0[CR],2928040171
Z,0,0,13763,0[CR],2928040609
Z,0,0,13763,0[CR],2928041156
Z,0,0,13763,0[CR],2928041593
Z,0,0,13763,0[CR],2928042140
Z,0,0,13763,0[CR],2928042578
Z,0,0,13763,0[CR],2928043125
Z,0,0,13763,0[CR],2928043671
Z,0,0,13763,0[CR],2928044109
Z,0,0,13763,0[CR],2928044656
Z,0,0,13763,0[CR],2928045093
Z,0,0,13763,0[CR],2928045640
Z,0,0,13763,0[CR],2928046187
Z,0,0,13763,0[CR],2928046625
Z,0,0,13763,0[CR],2928047171
Z,0,0,13763,0[CR],2928047609
Z,0,0,13763,0[CR],2928048156
Z,0,0,13763,0[CR],2928048593
Z,0,0,13763,0[CR],2928049140
Z,0,0,13763,0[CR],2928049687
Z,0,0,13763,0[CR],2928049796
C,13185,1164,13763,0[CR],2928050234
F,48464,12989,13763,0[CR],2928050671
C,13186,1142,13763,0[CR],2928051000
F,48392,12987,13763,0[CR],2928051546
Z,0,0,13763,0[CR],2928051984
Z,0,0,13763,0[CR],2928052531
Z,0,0,13763,0[CR],2928052968
Z,0,0,13763,0[CR],2928053515
Z,0,0,13763,2[CR],2928054062
Z,0,0,13763,1[CR],2928054500
Z,0,0,13763,0[CR],2928055046
Z,0,0,13763,0[CR],2928055484
Z,0,0,13763,0[CR],2928055703
F,48752,12997,13763,0[CR],2928056250
Z,0,0,13763,0[CR],2928056687
Z,0,0,13763,0[CR],2928057234
Z,0,0,13763,0[CR],2928057671
C,13190,1148,13763,0[CR],2928058109
Z,0,0,13763,0[CR],2928058656
Z,0,0,13763,0[CR],2928059203
Z,0,0,13763,0[CR],2928059640
Z,0,0,13763,0[CR],2928060187
Z,0,0,13763,0[CR],2928060625
Z,0,0,13763,0[CR],2928061171
Z,0,0,13763,0[CR],2928061609
Z,0,0,13763,0[CR],2928062156
Z,0,0,13763,0[CR],2928062703
Z,0,0,13763,0[CR],2928063140
Z,0,0,13763,0[CR],2928063687
Z,0,0,13763,0[CR],2928064125
Z,0,0,13763,0[CR],2928064671
Z,0,0,13763,51[CR],2928065218
Z,0,0,13763,51[CR],2928065656
Z,0,0,13779,21[CR],2928065875
F,48016,12982,13782,12[CR],2928066203
C,13423,1148,13782,2[CR],2928066640
F,51280,13082,13782,1[CR],2928067078
C,13455,1140,13782,0[CR],2928067406
F,51064,13067,13782,0[CR],2928067843
C,13419,1156,13782,0[CR],2928068171
F,50840,13062,13782,0[CR],2928068609
C,13400,1150,13782,0[CR],2928068937
F,50664,13060,13790,14[CR],2928069375
C,13781,1162,13792,3[CR],2928069812
F,56488,13171,13792,1[CR],2928070140
C,13561,1158,13792,0[CR],2928070578
F,55552,13130,13792,0[CR],2928070906
A,33760,54896,13792,0[CR],2928071343
F,54616,13110,13792,0[CR],2928071671
C,13452,1136,13792,0[CR],2928072109
F,53992,13100,13792,0[CR],2928072546
C,13431,1136,13792,0[CR],2928072875
F,53472,13094,13792,0[CR],2928073312
C,13416,1148,13799,12[CR],2928073421
@,2036,7258,13802,26[CR],2928073640
F,54616,13242,13808,23[CR],2928074078
C,13726,1148,13818,25[CR],2928074406
F,57560,13263,13828,25[CR],2928074843
C,13759,1148,13837,27[CR],2928075281
F,56216,13231,13847,24[CR],2928075609
C,13678,1146,13857,24[CR],2928076046
F,56824,13245,13867,25[CR],2928076375
C,13651,1164,13877,27[CR],2928076812
F,57800,13262,13886,22[CR],2928077140
A,33712,58040,13897,24[CR],2928077578
F,57800,13225,13906,23[CR],2928078015
C,13682,1168,13916,25[CR],2928078343
F,56096,13198,13926,27[CR],2928078781
C,13658,1182,13935,22[CR],2928079109
F,54768,13196,13946,24[CR],2928079546
C,13593,1188,13956,25[CR],2928079875
F,55184,13265,13965,26[CR],2928080312
C,13574,1192,13975,27[CR],2928080750
F,55024,13257,13985,23[CR],2928081078
C,13670,1200,13995,25[CR],2928081515
F,56688,13234,14005,26[CR],2928081843
C,13691,1224,14014,27[CR],2928082281
F,57552,13224,14024,21[CR],2928082609
C,13696,1206,14034,24[CR],2928083046
F,57056,13224,14044,25[CR],2928083484
A,33720,56448,14054,26[CR],2928083812
F,56696,13186,14063,20[CR],2928084250
C,13717,1200,14073,24[CR],2928084578
F,56824,13097,14083,24[CR],2928085015
C,13730,1196,14093,26[CR],2928085343
F,54128,13073,14102,27[CR],2928085781
C,13654,1180,14112,22[CR],2928086218
F,54344,13110,14122,24[CR],2928086546
C,13671,1194,14132,25[CR],2928086984
F,55568,13153,14142,26[CR],2928087312
C,13725,1196,14152,28[CR],2928087750
F,56376,13203,14162,23[CR],2928088078
C,13677,1208,14172,24[CR],2928088515
F,56184,13224,14181,25[CR],2928088953
C,13666,1216,14191,27[CR],2928089281
F,55488,13205,14201,21[CR],2928089718
A,33736,56048,14211,24[CR],2928090046
F,57024,13214,14221,25[CR],2928090484
C,13721,1204,14230,27[CR],2928090812
F,56304,13186,14240,27[CR],2928091250
C,13691,1208,14250,23[CR],2928091687
F,56384,13204,14260,25[CR],2928092015
C,13710,1208,14270,25[CR],2928092453
F,56448,13190,14279,26[CR],2928092781
C,13648,1210,14289,22[CR],2928093218
F,56416,13173,14299,24[CR],2928093546
C,13646,1212,14309,25[CR],2928093984
F,55536,13169,14319,26[CR],2928094421
C,13718,1224,14328,26[CR],2928094750
F,57120,13169,14338,23[CR],2928095187
C,13668,1224,14348,24[CR],2928095515
F,56752,13159,14358,25[CR],2928095953
A,33704,56408,14368,27[CR],2928096281
F,56328,13142,14377,21[CR],2928096718
C,13696,1230,14387,24[CR],2928097156
F,56232,13121,14397,25[CR],2928097484
C,13762,1234,14407,26[CR],2928097921
F,54528,13112,14417,27[CR],2928098250
C,13756,1210,14426,23[CR],2928098687
F,55824,13167,14436,24[CR],2928099015
C,13710,1236,14446,25[CR],2928099453
F,55856,13147,14456,27[CR],2928099890
C,13677,1224,14466,22[CR],2928100218
F,56112,13130,14475,24[CR],2928100656
C,13684,1224,14485,25[CR],2928100984
F,56776,13172,14495,28[CR],2928101421
C,13690,1232,14505,27[CR],2928101750
F,57032,13190,14515,23[CR],2928102187
A,33712,57008,14525,24[CR],2928102625
F,57416,13170,14535,26[CR],2928103000
C,13726,1216,14544,27[CR],2928103390
F,56592,13136,14554,23[CR],2928103734
C,13731,1210,14564,23[CR],2928104156
F,55816,13145,14574,25[CR],2928104484
C,13722,1230,14583,25[CR],2928104921
F,56800,13186,14593,26[CR],2928105359
C,13687,1206,14603,23[CR],2928105687
F,57504,13203,14613,24[CR],2928106125
C,13715,1232,14623,26[CR],2928106453
F,57376,13222,14632,27[CR],2928106890
C,13778,1234,14642,21[CR],2928107218
F,56480,13194,14652,24[CR],2928107656
C,13756,1228,14662,25[CR],2928108093
F,56944,13217,14672,26[CR],2928108421
A,33700,56824,14681,28[CR],2928108859
F,56488,13220,14691,24[CR],2928109187
C,13699,1234,14701,24[CR],2928109625
F,57664,13215,14711,25[CR],2928109953
C,13700,1224,14720,27[CR],2928110390
F,57920,13249,14730,25[CR],2928110828
C,13694,1236,14740,24[CR],2928111156
F,57688,13238,14750,25[CR],2928111593
C,13762,1232,14760,26[CR],2928111921
F,56624,13211,14769,27[CR],2928112359
C,13750,1242,14779,23[CR],2928112687
F,57072,13227,14789,25[CR],2928113125
C,13673,1240,14799,25[CR],2928113453
F,56608,13229,14809,27[CR],2928113890
C,13669,1232,14818,22[CR],2928114328
F,57432,13235,14829,23[CR],2928114656
A,33680,58072,14839,24[CR],2928115093
F,58184,13235,14848,27[CR],2928115421
C,13678,1232,14858,28[CR],2928115859
F,58104,13236,14868,24[CR],2928116296
C,13691,1232,14878,24[CR],2928116625
F,58080,13265,14888,25[CR],2928117062
C,13696,1236,14897,27[CR],2928117390
F,57512,13238,14907,24[CR],2928117828
C,13698,1230,14917,23[CR],2928118156
F,55992,13156,14927,25[CR],2928118593
C,13706,1242,14937,26[CR],2928119031
F,56880,13162,14946,25[CR],2928119359
C,13707,1236,14956,23[CR],2928119796
F,57728,13170,14966,24[CR],2928120125
C,13641,1234,14976,25[CR],2928120562
F,57120,13170,14986,27[CR],2928121000
A,33720,57392,14995,21[CR],2928121328
F,57408,13192,15006,23[CR],2928121765
C,13653,1236,15015,25[CR],2928122093
F,56928,13201,15025,26[CR],2928122531
C,13651,1236,15035,27[CR],2928122859
F,57680,13216,15045,22[CR],2928123296
C,13663,1232,15055,24[CR],2928123625
F,57776,13188,15064,25[CR],2928124062
C,13719,1232,15074,27[CR],2928124500
F,57032,13123,15084,21[CR],2928124828
C,13757,1222,15094,24[CR],2928125265
F,56744,13102,15104,25[CR],2928125593
C,13804,1238,15114,26[CR],2928126031
F,56552,13144,15123,22[CR],2928126359
C,13803,1238,15133,23[CR],2928126796
F,57656,13175,15143,24[CR],2928127234
A,33684,58256,15153,25[CR],2928127562
F,57984,13186,15162,27[CR],2928128000
C,13753,1242,15172,22[CR],2928128328
F,58560,13225,15182,24[CR],2928128765
C,13791,1234,15192,25[CR],2928129093
F,57456,13184,15202,26[CR],2928129531
C,13777,1234,15212,27[CR],2928129968
F,58320,13230,15222,23[CR],2928130296
C,13771,1240,15231,24[CR],2928130734
F,58344,13261,15241,25[CR],2928131062
C,13824,1234,15251,27[CR],2928131500
F,59608,13315,15261,21[CR],2928131828
C,13869,1236,15271,24[CR],2928132265
F,58592,13247,15281,24[CR],2928132703
C,13772,1236,15291,26[CR],2928133031
F,57200,13227,15300,27[CR],2928133468
A,33664,57520,15310,23[CR],2928133796
F,57808,13220,15320,25[CR],2928134234
C,13755,1238,15330,26[CR],2928134562
F,58280,13221,15340,26[CR],2928135000
C,13761,1240,15350,26[CR],2928135437
F,59176,13228,15360,23[CR],2928135765
C,13748,1244,15370,24[CR],2928136203
F,58808,13200,15379,25[CR],2928136531
C,13765,1238,15388,27[CR],2928136968
F,58968,13184,15398,22[CR],2928137296
C,13799,1236,15408,24[CR],2928137734
F,59088,13232,15418,25[CR],2928138171
C,13837,1240,15428,27[CR],2928138500
F,59040,13185,15437,20[CR],2928138937
C,13898,1238,15447,24[CR],2928139265
F,57040,13176,15457,25[CR],2928139703
A,33704,57096,15467,26[CR],2928140031
F,57312,13181,15477,27[CR],2928140468
C,13797,1234,15486,23[CR],2928140906
F,58920,13188,15496,25[CR],2928141265
C,13808,1236,15506,25[CR],2928141671
F,59464,13191,15516,27[CR],2928142000
C,13809,1236,15525,21[CR],2928142437
F,58768,13224,15536,24[CR],2928142765
C,13836,1236,15545,25[CR],2928143203
F,58704,13229,15555,25[CR],2928143640
C,13899,1234,15565,28[CR],2928143968
F,58456,13274,15575,24[CR],2928144406
C,13885,1248,15585,25[CR],2928144734
F,58880,13248,15595,25[CR],2928145171
C,13847,1240,15604,27[CR],2928145500
F,58664,13265,15614,22[CR],2928145937
A,33704,59376,15624,24[CR],2928146375
F,58296,13274,15634,25[CR],2928146703
C,13924,1242,15644,26[CR],2928147140
F,60256,13285,15653,25[CR],2928147468
C,13919,1248,15663,24[CR],2928147906
F,59672,13273,15673,25[CR],2928148234
C,13934,1266,15683,25[CR],2928148671
F,61560,13318,15692,27[CR],2928149109
C,13921,1270,15702,20[CR],2928149437
F,60432,13269,15712,24[CR],2928149875
C,13905,1258,15722,25[CR],2928150203
F,60960,13284,15731,26[CR],2928150640
C,13920,1264,15741,27[CR],2928150968
F,60480,13314,15751,24[CR],2928151406
C,13880,1266,15759,14[CR],2928151843
F,60712,13322,15763,5[CR],2928152171
A,33692,60536,15763,1[CR],2928152609
F,59496,13171,15763,1[CR],2928152937
C,13683,1278,15763,0[CR],2928153375
F,58368,13150,15763,0[CR],2928153703
C,13646,1270,15763,0[CR],2928154140
F,57656,13141,15763,0[CR],2928154578
C,13623,1300,15763,0[CR],2928154906
F,57208,13136,15763,0[CR],2928155343
C,13602,1272,15763,0[CR],2928155671
F,56832,13126,15763,0[CR],2928156109
C,13596,1268,15763,0[CR],2928156437
F,56656,13126,15763,0[CR],2928156875
C,13594,1274,15763,0[CR],2928157312
F,56384,13122,15763,0[CR],2928157640
C,13574,1280,15763,0[CR],2928158078
F,56168,13119,15763,0[CR],2928158406
A,33684,53864,15763,0[CR],2928158953
Z,0,0,15763,0[CR],2928159390
Z,0,0,15763,0[CR],2928159937
Z,0,0,15763,0[CR],2928160484
Z,0,0,15763,0[CR],2928160921
Z,0,0,15763,0[CR],2928161468
Z,0,0,15763,0[CR],2928161906
Z,0,0,15763,0[CR],2928162453
Z,0,0,15763,0[CR],2928163000
Z,0,0,15763,0[CR],2928163437
Z,0,0,15763,0[CR],2928163984
Z,0,0,15763,0[CR],2928164421
Z,0,0,15763,0[CR],2928164968
Z,0,0,15763,0[CR],2928165515
Z,0,0,15763,0[CR],2928165953
Z,0,0,15763,0[CR],2928166500
Z,0,0,15763,0[CR],2928166937
Z,0,0,15763,0[CR],2928167484
Z,0,0,15763,0[CR],2928168031
Z,0,0,15763,0[CR],2928168468
Z,0,0,15763,0[CR],2928169015
Z,0,0,15763,0[CR],2928169453
Z,0,0,15763,0[CR],2928170000
Z,0,0,15763,0[CR],2928170546
Z,0,0,15763,0[CR],2928170984
Z,0,0,15763,0[CR],2928171531
Z,0,0,15763,0[CR],2928171968
Z,0,0,15763,0[CR],2928172515
Z,0,0,15763,0[CR],2928173062
Z,0,0,15763,0[CR],2928173500
Z,0,0,15763,0[CR],2928174046
Z,0,0,15763,0[CR],2928174484
Z,0,0,15763,0[CR],2928175031
Z,0,0,15763,0[CR],2928175578
Z,0,0,15763,0[CR],2928176015
Z,0,0,15763,0[CR],2928176562
Z,0,0,15763,0[CR],2928177000
Z,0,0,15763,0[CR],2928177218
A,33684,53080,15763,0[CR],2928177546
F,53032,13066,15763,0[CR],2928177984
C,13319,1266,15763,0[CR],2928178312
F,52960,13064,15763,0[CR],2928178859
Z,0,0,15763,0[CR],2928179406
Z,0,0,15763,0[CR],2928179843
Z,0,0,15763,0[CR],2928180390
Z,0,0,15763,0[CR],2928180828
Z,0,0,15763,0[CR],2928181375
Z,0,0,15763,0[CR],2928181921
Z,0,0,15763,0[CR],2928182359
Z,0,0,15763,0[CR],2928182906
Z,0,0,15763,0[CR],2928183343
Z,0,0,15763,0[CR],2928183890
Z,0,0,15763,0[CR],2928184328
Z,0,0,15763,0[CR],2928184875
Z,0,0,15763,0[CR],2928185421
Z,0,0,15763,0[CR],2928185859
Z,0,0,15763,0[CR],2928186406
Z,0,0,15763,0[CR],2928186843
Z,0,0,15763,0[CR],2928187390
Z,0,0,15763,0[CR],2928187828
Z,0,0,15763,73[CR],2928188375
Z,0,0,15763,32[CR],2928188921
Z,0,0,15763,18[CR],2928189359
Z,0,0,15763,25[CR],2928189906
Z,0,0,15763,25[CR],2928190343
Z,0,0,15763,25[CR],2928190890
Z,0,0,15765,25[CR],2928191218
C,13314,1260,15773,25[CR],2928191656
F,52872,13067,15776,4[CR],2928192093
C,13394,1284,15779,4[CR],2928192421
F,54208,13173,15779,1[CR],2928192859
C,13669,1266,15779,0[CR],2928193187
F,54704,13127,15779,0[CR],2928193625
C,13600,1266,15779,0[CR],2928193953
F,54496,13122,15779,0[CR],2928194390
C,13579,1284,15779,0[CR],2928194828
F,54344,13119,15779,0[CR],2928195156
C,13564,1270,15782,21[CR],2928195593
F,54200,13119,15786,5[CR],2928195921
A,33672,57632,15786,3[CR],2928196359
F,58424,13196,15786,1[CR],2928196687
C,13723,1266,15786,0[CR],2928197125
F,57984,13171,15786,0[CR],2928197453
C,13664,1276,15786,0[CR],2928197890
F,57632,13160,15786,0[CR],2928198328
C,13639,1278,15786,0[CR],2928198656
F,57328,13155,15786,0[CR],2928199093
C,13618,1276,15786,0[CR],2928199421
F,57056,13150,15791,19[CR],2928199859
C,13604,1270,15797,14[CR],2928200296
F,59736,13327,15807,24[CR],2928200625
C,13904,1264,15816,25[CR],2928201062
F,61664,13359,15826,27[CR],2928201390
C,13983,1268,15836,22[CR],2928201828
F,62080,13332,15846,24[CR],2928202156
A,33680,61576,15856,25[CR],2928202593
F,61080,13317,15865,26[CR],2928203031
C,13935,1296,15875,27[CR],2928203359
F,60976,13315,15885,22[CR],2928203796
C,13945,1292,15895,24[CR],2928204125
F,60600,13302,15905,25[CR],2928204562
C,13959,1294,15915,26[CR],2928204890
F,60384,13303,15924,21[CR],2928205328
C,13944,1280,15934,23[CR],2928205765
F,60528,13295,15944,24[CR],2928206093
C,13952,1286,15954,26[CR],2928206531
F,60616,13327,15964,27[CR],2928206859
C,13908,1302,15973,24[CR],2928207296
F,61328,13356,15983,24[CR],2928207625
C,13946,1310,15993,25[CR],2928208015
F,61216,13310,16003,27[CR],2928208500
A,33692,61432,16012,25[CR],2928208828
F,61416,13275,16022,23[CR],2928209265
C,13975,1328,16032,24[CR],2928209593
F,61424,13302,16042,27[CR],2928210031
C,14002,1322,16052,27[CR],2928210359
F,62728,13313,16061,23[CR],2928210796
C,14065,1326,16071,24[CR],2928211234
F,63408,13336,16081,26[CR],2928211562
C,14080,1324,16091,27[CR],2928212000
F,62952,13328,16100,21[CR],2928212328
C,13980,1338,16109,16[CR],2928212765
F,63496,13340,16112,3[CR],2928213093
C,13903,1330,16112,1[CR],2928213531
F,61424,13183,16112,0[CR],2928213968
C,13735,1336,16112,0[CR],2928214296
F,60560,13156,16112,0[CR],2928214734
A,33672,60016,16112,0[CR],2928215062
F,59840,13145,16112,0[CR],2928215500
C,13631,1332,16112,0[CR],2928215828
F,59424,13140,16112,0[CR],2928216265
C,13608,1326,16112,0[CR],2928216625
F,59064,13135,16112,0[CR],2928217031
C,13588,1332,16112,0[CR],2928217468
F,58768,13130,16112,0[CR],2928217796
C,13571,1320,16112,0[CR],2928218234
F,58496,13127,16112,0[CR],2928218562
C,13557,1326,16112,0[CR],2928219000
F,58272,13123,16112,0[CR],2928219437
C,13546,1328,16112,0[CR],2928219765
F,58088,13121,16112,0[CR],2928220203
C,13538,1334,16112,0[CR],2928220531
F,57872,13119,16112,0[CR],2928220968
A,33668,57696,16112,0[CR],2928221296
F,57632,13117,16112,0[CR],2928221734
C,13521,1322,16112,0[CR],2928222171
F,57464,13111,16112,0[CR],2928222500
C,13513,1334,16112,0[CR],2928222937
F,57344,13111,16112,0[CR],2928223265
C,13506,1330,16112,0[CR],2928223703
F,57224,13108,16112,0[CR],2928224031
C,13500,1322,16112,0[CR],2928224468
F,57120,13104,16112,0[CR],2928224906
C,13494,1326,16112,0[CR],2928225234
F,57024,13102,16112,0[CR],2928225671
C,13487,1334,16112,0[CR],2928226000
F,56928,13100,16112,0[CR],2928226437
C,13484,1330,16112,0[CR],2928226765
F,56824,13099,16112,0[CR],2928227203
A,33636,56760,16112,0[CR],2928227640
F,56704,13098,16112,0[CR],2928227968
C,13474,1334,16112,0[CR],2928228406
F,56560,13098,16112,0[CR],2928228734
C,13470,1322,16112,0[CR],2928229171
F,56472,13095,16112,0[CR],2928229500
C,13466,1330,16112,0[CR],2928229937
F,56376,13094,16112,0[CR],2928230375
C,13463,1324,16112,0[CR],2928230703
F,56248,13092,16112,0[CR],2928231140
C,13460,1320,16112,0[CR],2928231468
F,56200,13091,16112,0[CR],2928231906
C,13457,1326,16112,0[CR],2928232234
F,56144,13091,16112,0[CR],2928232671
C,13453,1334,16112,0[CR],2928233109
F,56080,13089,16112,0[CR],2928233437
A,33704,56048,16112,0[CR],2928233875
F,56000,13089,16112,0[CR],2928234203
C,13448,1318,16112,0[CR],2928234640
F,55952,13088,16112,0[CR],2928234968
C,13443,1330,16112,0[CR],2928235406
F,55896,13087,16112,0[CR],2928235843
C,13441,1322,16112,0[CR],2928236171
F,55848,13087,16112,0[CR],2928236609
C,13439,1330,16112,0[CR],2928236937
F,55800,13084,16112,0[CR],2928237375
C,13436,1326,16112,0[CR],2928237703
F,55744,13086,16112,0[CR],2928238140
C,13434,1342,16112,0[CR],2928238578
F,55704,13084,16112,0[CR],2928238906
C,13431,1328,16112,0[CR],2928239343
F,55648,13083,16112,0[CR],2928239671
A,33680,55608,16112,0[CR],2928240109
F,55584,13082,16112,0[CR],2928240437
C,13426,1334,16112,0[CR],2928240875
F,55536,13082,16112,0[CR],2928241312
C,13424,1324,16112,0[CR],2928241640
F,55488,13080,16112,0[CR],2928242078
C,13422,1324,16112,0[CR],2928242406
F,55424,13079,16112,0[CR],2928242843
C,13418,1328,16112,0[CR],2928243171
F,55376,13079,16112,0[CR],2928243609
C,13417,1332,16112,0[CR],2928244046
F,55328,13078,16112,0[CR],2928244375
C,13415,1320,16112,0[CR],2928244812
F,55272,13076,16112,0[CR],2928245140
C,13412,1312,16112,0[CR],2928245578
F,55216,13076,16112,0[CR],2928245906
A,33668,55184,16112,0[CR],2928246343
F,55160,13076,16112,0[CR],2928246781
C,13407,1330,16112,0[CR],2928247109
F,55136,13074,16112,0[CR],2928247546
C,13407,1320,16112,0[CR],2928247875
F,55080,13073,16112,0[CR],2928248312
C,13405,1336,16112,0[CR],2928248640
F,55024,13072,16112,0[CR],2928249078
C,13402,1322,16112,0[CR],2928249515
F,54984,13072,16112,0[CR],2928249843
C,13400,1328,16112,0[CR],2928250281
F,54952,13073,16112,0[CR],2928250609
C,13400,1328,16112,0[CR],2928251046
F,54904,13071,16112,0[CR],2928251375
C,13398,1322,16112,0[CR],2928251812
F,54872,13071,16112,0[CR],2928252250
A,33660,54832,16112,0[CR],2928252578
F,54816,13070,16112,0[CR],2928253015
C,13394,1328,16112,0[CR],2928253343
F,54792,13068,16112,0[CR],2928253781
C,13393,1328,16112,0[CR],2928254109
F,54744,13067,16112,0[CR],2928254546
C,13391,1334,16112,0[CR],2928254984
F,54696,13066,16112,0[CR],2928255312
C,13389,1336,16112,0[CR],2928255750
F,54664,13066,16112,0[CR],2928256078
C,13389,1324,16112,0[CR],2928256515
F,54624,13066,16112,0[CR],2928256843
C,13387,1328,16112,0[CR],2928257281
F,54592,13067,16112,0[CR],2928257718
C,13386,1340,16112,0[CR],2928258046
F,54552,13064,16112,0[CR],2928258484
A,33684,54528,16112,0[CR],2928258812
F,54496,13065,16112,0[CR],2928259250
C,13382,1328,16112,0[CR],2928259578
F,54488,13065,16112,0[CR],2928260015
C,13382,1322,16112,0[CR],2928260453
F,54456,13064,16112,0[CR],2928260781
C,13380,1326,16112,0[CR],2928261218
F,54424,13064,16112,0[CR],2928261546
C,13380,1316,16112,0[CR],2928261984
F,54400,13064,16112,0[CR],2928262312
C,13379,1326,16112,0[CR],2928262750
F,54360,13064,16112,0[CR],2928263187
C,13377,1320,16112,0[CR],2928263515
F,54336,13063,16112,0[CR],2928263953
C,13376,1326,16112,0[CR],2928264281
F,54296,13062,16112,0[CR],2928264718
A,33688,54272,16112,0[CR],2928265046
F,54248,13062,16112,0[CR],2928265484
C,13373,1330,16112,0[CR],2928265921
F,54232,13061,16112,0[CR],2928266250
C,13372,1326,16112,0[CR],2928266687
F,54192,13060,16112,0[CR],2928267015
C,13371,1324,16112,0[CR],2928267453
F,54144,13060,16112,0[CR],2928267781
C,13370,1332,16112,0[CR],2928268218
F,54112,13059,16112,0[CR],2928268656
C,13368,1314,16112,0[CR],2928268984
F,54072,13058,16112,0[CR],2928269421
C,13367,1328,16112,0
<PAUSE BUTTON 10:33:33>
[CR],2928269750
>[CR],2928269750
>
Reset interface. Wait time for interface: 94
>
Reset interface. Wait time for interface: 31DOFF
OK
>
Command: DOFF Wait time for interface: 110

>
Reset interface. Wait time for interface: 16CLEAR
OK
>
Command: CLEAR Wait time for interface: 109

<END BUTTON 10:41:28>

------------------- Begin end zero test --------------------
>
Reset interface. Wait time for interface: 110SCANG
Z,0,0,0,0
Z,0,0,0,0[CR],2928748109
Z,0,0,0,0[CR],2928748656
Z,0,0,0,0[CR],2928749093
Z,0,0,0,0[CR],2928749421
F,11812,12686,0,0[CR],2928749859
C,12095,6778,0,0[CR],2928750187
F,11870,12686,0,0[CR],2928750625
C,12095,7026,0,0[CR],2928751062
F,11882,12685,0,0[CR],2928751390
C,12096,8397,0,0[CR],2928751843
F,11876,12685,0,0[CR],2928752187
A,33948,11873,0,0[CR],2928752625
F,11865,12687,0,0[CR],2928752953
C,12095,9598,0,0[CR],2928753312
F,11870,12688,0,0[CR],2928753781
C,12095,9490,0,0[CR],2928754109
F,11876,12688,0,0[CR],2928754546
C,12095,9230,0,0[CR],2928754890
F,11879,12687,0,0[CR],2928755328
C,12095,8690,0,0[CR],2928755671
F,11878,12686,0,0[CR],2928756109
C,12095,9323,0,0[CR],2928756453
F,11877,12687,0,0[CR],2928756890
C,12094,9633,0,0[CR],2928757218
F,11690,12655,0,0[CR],2928757656
C,12119,9724,0,0[CR],2928758093
F,12450,12680,0,0[CR],2928758421
A,33960,12221,0,0[CR],2928758859
F,12167,12680,0,0[CR],2928759187
C,12100,9260,0,0[CR],2928759625
F,12095,12680,0,0[CR],2928759953
C,12101,9542,0,0[CR],2928760390
F,12053,12677,0,0[CR],2928760828
C,12102,9552,0,0[CR],2928761156
F,12039,12678,0,0[CR],2928761593
C,12102,9695,0,0[CR],2928761921
F,12027,12678,0,0[CR],2928762359
C,12101,9477,0,0[CR],2928762687
F,12013,12677,0,0[CR],2928763125
C,12102,9283,0,0[CR],2928763234
>
Reset interface. Wait time for interface: 78

======== END OF TEST ========


