CPT-log version: 5.22
======== BEGIN OF TEST ========
DATE 26.09.2022

<Transmited Data>
<NEW BUTTON 09:37:37>
[^C][CR]
>[CR]
VER[CR][LF]
[^C][CR]
[^C][CR]
CLEAR[CR]
[^C][CR]
DOFF[CR]
[^C][CR]
SCANG[CR]
[^C][CR]
[^C][CR]
CLEAR[CR]

<START BUTTON 09:43:41>
[^C][CR]
[^C][CR]
DRON[CR]
SCANG[CR]

<PAUSE BUTTON 09:55:31>
[^C][CR]
[^C][CR]
DOFF[CR]
[^C][CR]
CLEAR[CR]

<END BUTTON 10:02:12>
[^C][CR]
SCANG[CR]
[^C][CR]


<Received Data>
<NEW BUTTON 09:37:37>
þ
>
Reset interface. Wait time for interface: 109>
>
Command: > Wait time for interface: 94
VER
M240,2364,0,0
>
Reset interface. Wait time for interface: 125
>
Reset interface. Wait time for interface: 110CLEAR
OK
>
Command: CLEAR Wait time for interface: 109

>
Reset interface. Wait time for interface: 109DOFF
OK
>
Command: DOFF Wait time for interface: 110

>
Reset interface. Wait time for interface: 94SCANG
Z,0,0,0,0
F,11996,12664,0,0[CR],2925132343
C,12091,10694,0,0[CR],2925132781
F,12003,12662,0,0[CR],2925133218
A,35104,12000,0,0[CR],2925133546
F,11983,12663,0,0[CR],2925133984
C,12091,10477,0,0[CR],2925134312
F,11998,12663,0,0[CR],2925134765
C,12091,10546,0,0[CR],2925135093
F,12006,12663,0,0[CR],2925135546
C,12091,10373,0,0[CR],2925135875
F,12008,12662,0,0[CR],2925136328
C,12091,10395,0,0[CR],2925136671
F,12011,12663,0,0[CR],2925137140
C,12091,10380,0,0[CR],2925137484
F,12012,12663,0,0[CR],2925137859
C,12092,10462,0,0[CR],2925138296
F,12003,12661,0,0[CR],2925138296
>[CR],2925138296
>
Reset interface. Wait time for interface: 93
>
Reset interface. Wait time for interface: 31CLEAR
OK
>
Command: CLEAR Wait time for interface: 125

<START BUTTON 09:43:41>

>
Reset interface. Wait time for interface: 47
>
Reset interface. Wait time for interface: 109DRON
OK
>
Command: DRON Wait time for interface: 109
SCANG
Z,0,0,0,0
C,12525,344,0,0[CR],2925278890
F,19174,12931,0,0[CR],2925279218
C,12526,358,0,0[CR],2925279656
F,19244,13008,0,0[CR],2925280093
C,12546,380,0,0[CR],2925280421
F,19284,13014,0,0[CR],2925280859
C,12544,356,0,0[CR],2925281187
F,19264,12909,0,0[CR],2925281625
C,12512,376,0,0[CR],2925281953
F,19290,12870,0,0[CR],2925282390
C,12503,376,0,0[CR],2925282828
F,19310,12875,0,0[CR],2925283156
A,35228,19344,0,0[CR],2925283593
F,19344,12873,0,0[CR],2925283921
C,12500,378,0,0[CR],2925284359
F,19386,12878,0,0[CR],2925284687
C,12499,364,0,0[CR],2925285125
F,19420,12879,0,0[CR],2925285562
C,12498,352,0,0[CR],2925285890
F,19440,12882,0,0[CR],2925286328
C,12498,372,0,0[CR],2925286656
F,19464,12891,0,0[CR],2925287093
C,12499,380,0,0[CR],2925287421
F,19490,12891,0,0[CR],2925287859
C,12498,386,0,0[CR],2925288296
F,19506,12891,0,0[CR],2925288625
C,12497,376,0,0[CR],2925289062
F,19526,12895,0,0[CR],2925289390
A,35204,19532,0,0[CR],2925289828
F,19520,12900,0,0[CR],2925290156
C,12496,380,0,0[CR],2925290593
F,19554,12906,0,0[CR],2925291031
C,12496,376,0,0[CR],2925291359
F,19568,12903,0,0[CR],2925291796
C,12494,374,0,0[CR],2925292125
F,19586,12901,0,0[CR],2925292562
C,12493,358,0,0[CR],2925292890
F,19594,12911,0,0[CR],2925293328
C,12497,374,0,0[CR],2925293765
F,19612,12919,0,0[CR],2925294093
C,12497,362,0,0[CR],2925294531
F,19626,12937,0,0[CR],2925294859
C,12504,348,0,0[CR],2925295296
F,19640,12949,0,0[CR],2925295625
A,35216,19648,0,0[CR],2925296062
F,19626,12954,0,0[CR],2925296500
C,12506,382,0,0[CR],2925296828
F,19660,12963,0,0[CR],2925297265
C,12508,378,0,0[CR],2925297593
F,19672,12968,0,0[CR],2925298031
C,12506,370,0,0[CR],2925298359
F,19676,12963,0,0[CR],2925298796
C,12508,360,0,0[CR],2925299234
F,19706,12991,1,0[CR],2925299562
C,12509,374,16,39[CR],2925300000
F,19596,13434,32,38[CR],2925300328
C,12796,352,47,38[CR],2925300765
F,19342,13356,63,44[CR],2925301093
C,12797,330,78,43[CR],2925301531
F,19724,13339,94,38[CR],2925301968
A,35164,19942,110,36[CR],2925302296
F,19990,13311,125,41[CR],2925302734
C,13033,304,141,43[CR],2925303062
F,20194,13360,156,41[CR],2925303500
C,13006,308,172,35[CR],2925303828
F,16894,13487,187,33[CR],2925304265
C,12940,310,204,44[CR],2925304593
F,15813,13796,221,43[CR],2925305031
C,12930,296,238,38[CR],2925305468
F,16460,13760,255,47[CR],2925305796
C,12857,304,272,43[CR],2925306234
F,16634,13841,291,51[CR],2925306562
C,12823,306,310,47[CR],2925307000
F,16804,13715,328,54[CR],2925307437
C,12848,310,347,47[CR],2925307765
F,17000,13641,366,54[CR],2925308203
A,35180,17224,385,47[CR],2925308531
F,17212,13520,404,54[CR],2925308968
C,12849,312,422,47[CR],2925309296
F,17208,13508,441,51[CR],2925309734
C,12792,300,460,49[CR],2925310171
F,17414,13482,478,44[CR],2925310500
C,12816,310,497,47[CR],2925310937
F,17610,13442,515,41[CR],2925311265
C,12815,304,534,49[CR],2925311703
F,17702,13442,553,43[CR],2925312031
C,12786,314,572,49[CR],2925312484
F,17930,13420,590,44[CR],2925312812
C,12848,296,609,49[CR],2925313250
F,18212,13442,628,47[CR],2925313687
C,12904,302,646,49[CR],2925314015
F,18530,13511,665,44[CR],2925314453
A,35132,18710,684,51[CR],2925314781
F,18726,13510,703,47[CR],2925315218
C,12878,308,722,51[CR],2925315546
F,19016,13508,742,49[CR],2925315984
C,12858,314,762,51[CR],2925316421
F,19180,13423,781,54[CR],2925316750
C,12863,324,800,49[CR],2925317187
F,19456,13377,820,54[CR],2925317515
C,12881,328,839,47[CR],2925317953
F,19616,13442,859,54[CR],2925318281
C,12823,318,878,47[CR],2925318718
F,19594,13483,898,51[CR],2925319046
C,12771,316,917,44[CR],2925319484
F,19682,13390,936,51[CR],2925319921
C,12769,320,955,47[CR],2925320250
F,19962,13374,975,51[CR],2925320687
A,35132,20266,994,47[CR],2925321015
F,20352,13329,1014,49[CR],2925321453
C,13009,318,1033,54[CR],2925321781
F,19328,13433,1053,49[CR],2925322218
C,12975,318,1071,54[CR],2925322656
F,19194,13661,1091,49[CR],2925322984
C,12924,318,1110,54[CR],2925323421
F,19312,13707,1130,49[CR],2925323750
C,12946,314,1149,51[CR],2925324187
F,19614,13789,1169,47[CR],2925324515
C,12936,304,1188,51[CR],2925324953
F,19512,13703,1207,47[CR],2925325390
C,12880,318,1227,51[CR],2925325718
F,19720,13739,1246,44[CR],2925326156
C,12915,322,1265,49[CR],2925326484
F,20132,13673,1284,41[CR],2925326921
A,35100,20376,1304,49[CR],2925327250
F,20418,13556,1323,57[CR],2925327687
C,12952,318,1343,49[CR],2925328125
F,20510,13509,1362,54[CR],2925328453
C,12914,322,1382,49[CR],2925328890
F,20744,13542,1401,54[CR],2925329218
C,12916,324,1420,49[CR],2925329656
F,21022,13541,1440,54[CR],2925329984
C,13013,320,1459,47[CR],2925330421
F,21076,13613,1478,51[CR],2925330859
C,13023,308,1498,47[CR],2925331187
F,20982,13681,1517,51[CR],2925331625
C,12920,278,1536,43[CR],2925331953
F,21024,13789,1556,49[CR],2925332390
C,12901,284,1575,41[CR],2925332718
F,21282,13833,1595,49[CR],2925333156
A,35068,21454,1614,54[CR],2925333593
F,21380,13734,1633,47[CR],2925333937
C,12855,260,1653,54[CR],2925334359
F,21486,13545,1672,49[CR],2925334687
C,12941,256,1691,54[CR],2925335125
F,21874,13518,1711,47[CR],2925335453
C,12966,260,1730,51[CR],2925335890
F,20978,13595,1749,44[CR],2925336328
C,12870,260,1750,2[CR],2925336656
F,20896,13188,1750,1[CR],2925337093
C,12705,262,1750,5[CR],2925337421
F,20782,12642,1750,1[CR],2925337859
C,12356,264,1750,1[CR],2925338187
F,19360,12655,1750,0[CR],2925338625
C,12377,264,1750,0[CR],2925339062
F,19260,12632,1750,0[CR],2925339390
A,35060,18648,1750,0[CR],2925339828
F,18688,12648,1750,0[CR],2925340156
C,12321,270,1750,0[CR],2925340593
F,19980,12716,1750,0[CR],2925340921
C,12416,264,1750,0[CR],2925341468
Z,0,0,1750,0[CR],2925342015
Z,0,0,1750,0[CR],2925342453
Z,0,0,1750,0[CR],2925343000
Z,0,0,1750,0[CR],2925343437
Z,0,0,1750,0[CR],2925343984
Z,0,0,1750,0[CR],2925344421
Z,0,0,1750,0[CR],2925344968
Z,0,0,1750,0[CR],2925345515
Z,0,0,1750,0[CR],2925345953
Z,0,0,1750,0[CR],2925346500
Z,0,0,1750,0[CR],2925346937
Z,0,0,1750,0[CR],2925347484
Z,0,0,1750,0[CR],2925347921
Z,0,0,1750,0[CR],2925348468
Z,0,0,1750,0[CR],2925349015
Z,0,0,1750,0[CR],2925349453
Z,0,0,1750,0[CR],2925350000
Z,0,0,1750,0[CR],2925350437
Z,0,0,1750,0[CR],2925350984
Z,0,0,1750,0[CR],2925351421
Z,0,0,1750,0[CR],2925351968
Z,0,0,1750,0[CR],2925352515
Z,0,0,1750,0[CR],2925352953
Z,0,0,1750,0[CR],2925353500
Z,0,0,1750,0[CR],2925353937
Z,0,0,1750,0[CR],2925354484
Z,0,0,1750,0[CR],2925354921
Z,0,0,1750,0[CR],2925355031
C,12361,258,1750,0[CR],2925355468
F,19890,12659,1750,0[CR],2925355796
C,12355,260,1750,0[CR],2925356234
F,19932,12658,1750,0[CR],2925356562
C,12354,250,1750,0[CR],2925357000
F,19950,12656,1750,0[CR],2925357546
Z,0,0,1750,0[CR],2925357984
Z,0,0,1750,0[CR],2925358531
Z,0,0,1750,0[CR],2925358968
Z,0,0,1750,0[CR],2925359515
Z,0,0,1750,0[CR],2925359953
Z,0,0,1750,0[CR],2925360500
Z,0,0,1750,0[CR],2925361046
Z,0,0,1750,0[CR],2925361484
Z,0,0,1750,0[CR],2925362031
Z,0,0,1750,0[CR],2925362468
Z,0,0,1750,0[CR],2925363015
Z,0,0,1750,0[CR],2925363468
Z,0,0,1750,0[CR],2925364015
Z,0,0,1750,0[CR],2925364562
Z,0,0,1750,0[CR],2925365000
Z,0,0,1750,0[CR],2925365546
Z,0,0,1750,0[CR],2925365984
Z,0,0,1750,0[CR],2925366531
Z,0,0,1750,0[CR],2925366750
O,121120,94784,1750,0[CR],2925367296
Z,0,0,1750,0[CR],2925367734
Z,0,0,1753,54[CR],2925368281
Z,0,0,1769,20[CR],2925368281
C,12423,262,1770,14[CR],2925368718
F,21528,12751,1773,4[CR],2925369156
C,12534,280,1773,1[CR],2925369484
F,22152,12761,1773,0[CR],2925369921
C,12513,260,1773,0[CR],2925370250
F,21998,12768,1773,0[CR],2925370687
A,34956,21952,1773,0[CR],2925371015
F,21914,12742,1773,0[CR],2925371453
C,12505,260,1773,0[CR],2925371890
F,21904,12758,1777,147[CR],2925372218
C,12501,256,1784,3[CR],2925372656
F,22874,13172,1784,2[CR],2925372984
C,12699,266,1784,1[CR],2925373421
F,22552,13060,1784,0[CR],2925373750
C,12707,264,1784,0[CR],2925374187
F,22550,13015,1784,0[CR],2925374625
C,12694,264,1784,0[CR],2925374953
F,22508,13004,1784,0[CR],2925375390
C,12675,264,1784,0[CR],2925375718
F,22500,13018,1784,0[CR],2925376156
C,12675,264,1805,49[CR],2925376484
F,23052,13752,1824,54[CR],2925376921
A,34952,24020,1844,49[CR],2925377359
F,23790,13873,1863,51[CR],2925377687
C,12927,272,1882,47[CR],2925378125
F,22580,13855,1902,51[CR],2925378453
C,12886,262,1921,47[CR],2925378890
F,23066,13661,1940,51[CR],2925379218
C,13007,256,1959,47[CR],2925379656
F,23502,13599,1979,51[CR],2925380093
C,13035,260,1998,41[CR],2925380421
F,23978,13582,2017,49[CR],2925380859
C,13112,256,2036,51[CR],2925381187
F,23544,13695,2056,49[CR],2925381625
C,12954,268,2075,54[CR],2925381953
F,23378,13836,2095,49[CR],2925382390
C,12938,260,2114,54[CR],2925382828
F,23718,13779,2133,47[CR],2925383156
A,34908,24038,2152,51[CR],2925383593
F,24186,13663,2172,44[CR],2925383921
C,13023,260,2191,51[CR],2925384359
F,24688,13509,2210,47[CR],2925384687
C,13092,268,2230,51[CR],2925385125
F,25044,13486,2249,44[CR],2925385562
C,13030,256,2268,49[CR],2925385890
F,25352,13527,2288,44[CR],2925386328
C,13108,262,2307,51[CR],2925386656
F,25708,13523,2326,44[CR],2925387093
C,13091,260,2346,51[CR],2925387421
F,25920,13521,2365,57[CR],2925387859
C,13046,270,2385,49[CR],2925388296
F,26032,13506,2404,57[CR],2925388625
C,13016,252,2424,47[CR],2925389062
F,26356,13449,2443,54[CR],2925389390
A,34896,26640,2462,47[CR],2925389828
F,26748,13385,2482,51[CR],2925390171
C,13097,254,2500,44[CR],2925390593
F,26876,13370,2520,51[CR],2925390937
C,13051,252,2539,47[CR],2925391359
F,26932,13388,2559,51[CR],2925391796
C,13007,266,2578,41[CR],2925392125
F,26976,13372,2598,49[CR],2925392562
C,12989,260,2616,41[CR],2925392890
F,27204,13359,2636,49[CR],2925393328
C,13113,262,2655,54[CR],2925393765
F,28464,13384,2675,49[CR],2925394093
C,13378,260,2694,54[CR],2925394531
F,25580,13573,2713,49[CR],2925394859
C,13538,252,2732,51[CR],2925395296
F,24576,13763,2752,47[CR],2925395625
A,34864,22222,2771,51[CR],2925396062
F,21130,13894,2791,47[CR],2925396500
C,13283,242,2810,51[CR],2925396828
F,21482,13648,2829,44[CR],2925397265
C,13259,258,2849,51[CR],2925397593
F,22408,13428,2868,47[CR],2925398031
C,13242,254,2887,51[CR],2925398359
F,23454,13298,2906,49[CR],2925398796
C,13227,266,2926,49[CR],2925399234
F,24460,13210,2945,57[CR],2925399562
C,13233,268,2965,49[CR],2925400000
F,25460,13205,2984,54[CR],2925400328
C,13265,250,3003,47[CR],2925400765
F,26388,13218,3023,54[CR],2925401093
C,13306,260,3042,44[CR],2925401531
F,27060,13244,3061,54[CR],2925401968
A,34852,27576,3080,47[CR],2925402296
F,27608,13232,3100,54[CR],2925402734
C,13245,268,3118,44[CR],2925403062
F,28452,13214,3138,51[CR],2925403500
C,13243,250,3157,44[CR],2925403828
F,29008,13239,3177,51[CR],2925404265
C,13220,250,3195,47[CR],2925404703
F,29264,13242,3215,51[CR],2925405031
C,13215,236,3234,43[CR],2925405468
F,29840,13267,3254,49[CR],2925405796
C,13360,250,3273,43[CR],2925406234
F,30728,13296,3292,49[CR],2925406562
C,13319,244,3311,57[CR],2925407000
F,31752,13220,3331,49[CR],2925407437
C,13323,228,3350,54[CR],2925407765
F,32744,13262,3370,49[CR],2925408203
A,34804,32740,3389,51[CR],2925408531
F,32960,13311,3408,44[CR],2925408968
C,13248,228,3427,51[CR],2925409296
F,33440,13397,3447,47[CR],2925409734
C,13280,224,3466,51[CR],2925410171
F,34236,13418,3485,47[CR],2925410500
C,13331,250,3504,51[CR],2925410937
F,34776,13440,3523,49[CR],2925411265
C,13353,260,3543,51[CR],2925411703
F,35288,13410,3562,38[CR],2925412031
C,13324,234,3581,51[CR],2925412468
F,35568,13408,3600,41[CR],2925412906
C,13281,224,3620,49[CR],2925413234
F,36056,13391,3637,38[CR],2925413671
C,13295,224,3654,44[CR],2925414000
F,36684,13339,3673,47[CR],2925414437
A,34768,36876,3692,54[CR],2925414765
F,37016,13386,3711,47[CR],2925415203
C,13331,216,3731,51[CR],2925415640
F,37184,13403,3749,36[CR],2925415968
C,13301,210,3750,2[CR],2925416406
F,36664,13046,3750,1[CR],2925416734
C,13091,214,3750,0[CR],2925417171
F,35592,13015,3750,0[CR],2925417500
C,13041,214,3750,0[CR],2925417937
F,35404,13010,3750,0[CR],2925418375
C,13019,210,3750,0[CR],2925418703
F,33944,12810,3750,0[CR],2925419140
C,12867,216,3750,0[CR],2925419468
F,34136,12898,3750,0[CR],2925419906
C,12920,218,3750,0[CR],2925420234
F,34608,12886,3750,0[CR],2925420671
A,34760,34284,3750,0[CR],2925421109
F,31224,12715,3750,0[CR],2925421546
Z,0,0,3750,0[CR],2925422093
Z,0,0,3750,0[CR],2925422531
Z,0,0,3750,0[CR],2925423078
Z,0,0,3750,0[CR],2925423515
Z,0,0,3750,0[CR],2925424062
Z,0,0,3750,0[CR],2925424500
Z,0,0,3750,0[CR],2925425046
Z,0,0,3750,0[CR],2925425593
Z,0,0,3750,0[CR],2925426031
Z,0,0,3750,0[CR],2925426578
Z,0,0,3750,0[CR],2925427015
Z,0,0,3750,0[CR],2925427562
Z,0,0,3750,0[CR],2925428000
Z,0,0,3750,0[CR],2925428546
Z,0,0,3750,0[CR],2925429093
Z,0,0,3750,0[CR],2925429531
Z,0,0,3750,0[CR],2925430078
Z,0,0,3750,0[CR],2925430515
Z,0,0,3750,0[CR],2925431062
Z,0,0,3750,0[CR],2925431500
Z,0,0,3750,0[CR],2925432046
Z,0,0,3750,0[CR],2925432593
Z,0,0,3750,0[CR],2925433031
Z,0,0,3750,0[CR],2925433578
Z,0,0,3750,0[CR],2925434015
Z,0,0,3750,0[CR],2925434562
Z,0,0,3750,0[CR],2925435000
Z,0,0,3750,0[CR],2925435546
Z,0,0,3750,0[CR],2925436093
Z,0,0,3750,0[CR],2925436531
Z,0,0,3750,0[CR],2925437078
Z,0,0,3750,0[CR],2925437515
Z,0,0,3750,0[CR],2925438062
Z,0,0,3750,0[CR],2925438500
Z,0,0,3750,0[CR],2925439046
Z,0,0,3750,0[CR],2925439593
Z,0,0,3750,0[CR],2925440031
Z,0,0,3750,0[CR],2925440578
Z,0,0,3750,0[CR],2925441015
Z,0,0,3750,0[CR],2925441562
Z,0,0,3750,32[CR],2925442000
Z,0,0,3750,39[CR],2925442546
Z,0,0,3755,34[CR],2925442984
F,34108,12801,3762,6[CR],2925443312
C,12805,200,3766,4[CR],2925443750
F,35060,12898,3766,1[CR],2925444078
C,13013,196,3766,1[CR],2925444515
F,34912,12858,3766,0[CR],2925444843
C,12955,208,3766,0[CR],2925445281
F,34772,12860,3766,0[CR],2925445718
A,34692,34724,3766,0[CR],2925446046
F,34692,12852,3766,0[CR],2925446421
C,12931,204,3768,64[CR],2925446812
F,34636,12867,3774,3[CR],2925447250
C,13267,208,3774,1[CR],2925447578
F,36272,13004,3774,0[CR],2925448015
C,13046,194,3774,0[CR],2925448453
F,35912,12977,3774,0[CR],2925448781
C,13025,210,3774,0[CR],2925449218
F,35692,12967,3774,0[CR],2925449546
C,13006,210,3774,0[CR],2925449984
F,35532,12960,3774,0[CR],2925450312
C,12997,208,3782,44[CR],2925450750
F,35412,13239,3801,49[CR],2925451187
C,13274,202,3819,47[CR],2925451515
F,38128,13421,3839,51[CR],2925451953
A,34660,38316,3858,47[CR],2925452281
F,38408,13418,3878,51[CR],2925452718
C,13292,202,3897,41[CR],2925453046
F,38892,13406,3916,49[CR],2925453484
C,13315,208,3935,43[CR],2925453921
F,39308,13385,3954,47[CR],2925454250
C,13312,200,3973,43[CR],2925454687
F,39176,13346,3992,49[CR],2925455015
C,13332,208,4010,44[CR],2925455453
F,37512,13329,4029,51[CR],2925455781
C,13272,204,4048,44[CR],2925456218
F,37088,13378,4068,51[CR],2925456656
C,13299,202,4086,41[CR],2925456984
F,37704,13417,4106,49[CR],2925457421
C,13252,208,4124,49[CR],2925457750
F,37820,13391,4144,49[CR],2925458187
A,34644,37904,4163,54[CR],2925458515
F,37996,13379,4182,49[CR],2925458953
C,13280,212,4201,57[CR],2925459390
F,38152,13342,4221,49[CR],2925459718
C,13273,204,4240,54[CR],2925460156
F,37040,13298,4260,47[CR],2925460484
C,13277,208,4279,51[CR],2925460921
F,37828,13289,4298,44[CR],2925461250
C,13337,210,4318,51[CR],2925461687
F,38820,13280,4337,47[CR],2925462125
C,13354,208,4356,51[CR],2925462453
F,38812,13267,4375,44[CR],2925462890
C,13301,210,4395,51[CR],2925463218
F,38872,13298,4414,41[CR],2925463656
C,13294,206,4433,49[CR],2925463984
F,39316,13319,4453,43[CR],2925464421
A,34636,39612,4472,49[CR],2925464859
F,39788,13349,4491,54[CR],2925465187
C,13350,200,4510,49[CR],2925465625
F,40128,13344,4530,54[CR],2925465953
C,13334,204,4549,47[CR],2925466390
F,39900,13320,4568,54[CR],2925466718
C,13295,198,4587,47[CR],2925467156
F,39480,13331,4607,51[CR],2925467593
C,13289,222,4626,47[CR],2925467921
F,39752,13334,4645,51[CR],2925468359
C,13295,218,4664,44[CR],2925468687
F,39996,13342,4684,51[CR],2925469125
C,13292,224,4702,47[CR],2925469453
F,40264,13336,4722,51[CR],2925469890
C,13317,224,4741,47[CR],2925470328
F,40732,13322,4760,49[CR],2925470656
A,34612,41232,4779,43[CR],2925471093
F,41328,13332,4799,51[CR],2925471421
C,13377,236,4818,47[CR],2925471859
F,41272,13310,4837,49[CR],2925472187
C,13375,230,4856,49[CR],2925472625
F,40936,13319,4876,49[CR],2925473062
C,13355,232,4895,57[CR],2925473390
F,41080,13349,4914,49[CR],2925473828
C,13377,216,4933,54[CR],2925474156
F,41560,13375,4953,47[CR],2925474593
C,13378,224,4972,54[CR],2925474921
F,41752,13369,4991,47[CR],2925475359
C,13387,216,5010,51[CR],2925475796
F,41336,13364,5030,47[CR],2925476125
C,13339,234,5049,51[CR],2925476562
F,41224,13373,5068,44[CR],2925476890
A,34540,41832,5088,51[CR],2925477328
F,41856,13381,5107,47[CR],2925477656
C,13388,218,5126,51[CR],2925478093
F,41904,13371,5145,43[CR],2925478531
C,13385,232,5164,51[CR],2925478859
F,41744,13324,5183,43[CR],2925479296
C,13400,228,5203,51[CR],2925479625
F,41504,13326,5222,43[CR],2925480062
C,13359,230,5241,49[CR],2925480390
F,41072,13339,5260,47[CR],2925480828
C,13341,218,5280,49[CR],2925481265
F,41624,13342,5298,57[CR],2925481593
C,13364,230,5318,49[CR],2925482031
F,42072,13359,5337,54[CR],2925482359
C,13414,232,5356,49[CR],2925482796
F,42168,13334,5375,51[CR],2925483125
A,34576,41800,5395,49[CR],2925483562
F,41648,13306,5414,54[CR],2925483921
C,13365,226,5433,47[CR],2925484328
F,42168,13306,5452,54[CR],2925484765
C,13384,240,5471,49[CR],2925485093
F,42232,13286,5490,51[CR],2925485531
C,13304,228,5509,47[CR],2925485859
F,41736,13277,5529,51[CR],2925486296
C,13327,220,5548,47[CR],2925486734
F,42160,13281,5566,49[CR],2925487062
C,13314,224,5585,47[CR],2925487500
F,42560,13303,5605,51[CR],2925487828
C,13364,230,5623,44[CR],2925488265
F,42928,13271,5643,51[CR],2925488593
C,13384,234,5662,47[CR],2925489031
F,42856,13257,5682,51[CR],2925489468
A,34532,42560,5700,44[CR],2925489796
F,42272,13250,5720,51[CR],2925490234
C,13362,238,5738,38[CR],2925490562
F,42704,13270,5750,21[CR],2925491000
C,13347,236,5750,2[CR],2925491328
F,41984,12969,5750,1[CR],2925491765
C,13142,240,5750,0[CR],2925492203
F,40600,12907,5750,0[CR],2925492531
C,13110,238,5750,0[CR],2925492968
F,40300,12810,5750,0[CR],2925493296
C,12969,234,5750,0[CR],2925493734
F,39096,12819,5750,0[CR],2925494062
C,13011,240,5750,0[CR],2925494500
F,39800,12865,5750,0[CR],2925494937
C,13024,250,5750,0[CR],2925495375
Z,0,0,5750,0[CR],2925495921
Z,0,0,5750,0[CR],2925496359
Z,0,0,5750,0[CR],2925496906
Z,0,0,5750,0[CR],2925497343
Z,0,0,5750,0[CR],2925497890
Z,0,0,5750,0[CR],2925498328
Z,0,0,5750,0[CR],2925498875
Z,0,0,5750,0[CR],2925499421
Z,0,0,5750,0[CR],2925499859
Z,0,0,5750,0[CR],2925500406
Z,0,0,5750,0[CR],2925500843
Z,0,0,5750,0[CR],2925501390
Z,0,0,5750,0[CR],2925501937
Z,0,0,5750,0[CR],2925502375
Z,0,0,5750,0[CR],2925502921
Z,0,0,5750,0[CR],2925503359
Z,0,0,5750,0[CR],2925503906
Z,0,0,5750,0[CR],2925504343
Z,0,0,5750,0[CR],2925504890
Z,0,0,5750,0[CR],2925505000
C,12874,236,5750,0[CR],2925505546
Z,0,0,5750,0[CR],2925506093
Z,0,0,5750,0[CR],2925506531
Z,0,0,5750,0[CR],2925507078
Z,0,0,5750,0[CR],2925507515
Z,0,0,5750,0[CR],2925508062
Z,0,0,5750,0[CR],2925508500
Z,0,0,5750,0[CR],2925509046
Z,0,0,5750,0[CR],2925509593
Z,0,0,5750,0[CR],2925510031
Z,0,0,5750,0[CR],2925510578
Z,0,0,5750,0[CR],2925511015
Z,0,0,5750,0[CR],2925511562
Z,0,0,5750,0[CR],2925512000
Z,0,0,5750,0[CR],2925512546
Z,0,0,5750,0[CR],2925513093
Z,0,0,5750,0[CR],2925513531
Z,0,0,5750,0[CR],2925514078
Z,0,0,5750,0[CR],2925514515
Z,0,0,5750,0[CR],2925515062
Z,0,0,5750,68[CR],2925515609
Z,0,0,5750,60[CR],2925516046
Z,0,0,5760,64[CR],2925516593
Z,0,0,5769,6[CR],2925516812
C,12940,236,5769,2[CR],2925517140
F,39904,12901,5769,1[CR],2925517578
C,13120,222,5769,0[CR],2925517906
F,39496,12873,5769,0[CR],2925518343
C,13096,226,5769,0[CR],2925518671
F,39328,12869,5769,0[CR],2925519109
C,13080,236,5769,0[CR],2925519546
F,39204,12862,5769,0[CR],2925519875
C,13069,234,5778,5[CR],2925520312
F,41488,13138,5778,1[CR],2925520640
A,34456,42136,5778,1[CR],2925521078
F,41864,12945,5778,1[CR],2925521406
C,13168,236,5778,0[CR],2925521843
F,41360,12934,5778,0[CR],2925522281
C,13147,234,5778,0[CR],2925522609
F,41032,12924,5778,0[CR],2925523046
C,13130,226,5778,0[CR],2925523375
F,40788,12918,5778,0[CR],2925523812
C,13120,230,5791,44[CR],2925524140
F,41232,13160,5809,38[CR],2925524578
C,13349,224,5828,47[CR],2925525015
F,43600,13272,5846,43[CR],2925525343
C,13376,234,5865,49[CR],2925525781
F,43560,13227,5884,41[CR],2925526109
C,13347,226,5904,51[CR],2925526546
F,42312,13183,5922,43[CR],2925526875
A,34420,41912,5942,49[CR],2925527312
F,41592,13141,5961,41[CR],2925527750
C,13330,276,5980,49[CR],2925528078
F,43288,13148,5999,49[CR],2925528515
C,13345,260,6018,49[CR],2925528843
F,43408,13113,6037,51[CR],2925529281
C,13360,278,6056,49[CR],2925529609
F,43016,13085,6075,54[CR],2925530046
C,13264,276,6094,49[CR],2925530484
F,42912,13088,6113,51[CR],2925530812
C,13260,280,6132,49[CR],2925531250
F,42736,13088,6151,54[CR],2925531578
C,13295,270,6171,44[CR],2925532015
F,42880,13044,6190,54[CR],2925532343
C,13232,288,6209,47[CR],2925532781
F,42776,13054,6228,51[CR],2925533218
A,34392,42968,6247,47[CR],2925533546
F,43608,13057,6266,51[CR],2925533984
C,13323,280,6285,47[CR],2925534312
F,44208,13043,6305,54[CR],2925534750
C,13302,280,6324,47[CR],2925535078
F,44104,13022,6343,51[CR],2925535515
C,13300,276,6362,47[CR],2925535953
F,43496,13014,6381,51[CR],2925536281
C,13290,266,6400,44[CR],2925536718
F,43864,13036,6419,51[CR],2925537046
C,13337,272,6438,44[CR],2925537484
F,44448,13026,6457,49[CR],2925537812
C,13332,286,6476,47[CR],2925538250
F,43144,12998,6496,51[CR],2925538687
C,13331,286,6515,47[CR],2925539015
F,43024,13016,6534,49[CR],2925539453
A,34400,44192,6553,43[CR],2925539781
F,44072,13018,6572,47[CR],2925540218
C,13367,282,6591,39[CR],2925540546
F,44008,12997,6610,49[CR],2925540984
C,13350,286,6629,49[CR],2925541421
F,44120,12984,6649,49[CR],2925541750
C,13320,286,6667,47[CR],2925542187
F,43344,12982,6687,49[CR],2925542515
C,13375,286,6705,44[CR],2925542953
F,43776,12986,6725,51[CR],2925543281
C,13336,278,6745,51[CR],2925543718
F,43152,12970,6764,47[CR],2925544156
C,13294,286,6783,51[CR],2925544484
F,43928,13008,6802,44[CR],2925544921
C,13347,286,6820,51[CR],2925545250
F,43976,13001,6839,47[CR],2925545687
A,34380,44848,6858,54[CR],2925546015
F,44344,12980,6877,44[CR],2925546453
C,13376,296,6896,54[CR],2925546890
F,43696,12968,6915,47[CR],2925547218
C,13383,282,6934,54[CR],2925547656
F,44448,12975,6953,44[CR],2925547984
C,13327,278,6972,54[CR],2925548421
F,43768,12976,6991,47[CR],2925548765
C,13371,282,7010,51[CR],2925549187
F,43896,12969,7030,47[CR],2925549625
C,13317,282,7048,51[CR],2925549953
F,44472,12983,7067,47[CR],2925550390
C,13354,286,7086,51[CR],2925550718
F,45464,12986,7105,47[CR],2925551156
C,13360,290,7124,51[CR],2925551500
F,44784,12983,7143,47[CR],2925551937
A,34360,44408,7162,51[CR],2925552375
F,44392,12973,7181,47[CR],2925552703
C,13348,282,7200,51[CR],2925553140
F,44808,12959,7219,47[CR],2925553468
C,13315,284,7238,51[CR],2925553906
F,44368,12981,7257,47[CR],2925554234
C,13342,270,7275,51[CR],2925554671
F,44616,12995,7295,47[CR],2925555000
C,13316,276,7313,51[CR],2925555437
F,45312,12973,7332,47[CR],2925555875
C,13343,288,7351,51[CR],2925556203
F,45600,12961,7370,47[CR],2925556640
C,13349,284,7389,51[CR],2925556968
F,43936,12927,7408,47[CR],2925557406
C,13291,286,7426,54[CR],2925557734
F,44664,12961,7445,47[CR],2925558171
A,34352,45568,7464,51[CR],2925558609
F,46272,12992,7483,47[CR],2925558937
C,13368,284,7501,54[CR],2925559375
F,46008,12990,7521,49[CR],2925559703
C,13421,292,7539,54[CR],2925560140
F,44680,12959,7558,47[CR],2925560468
C,13349,290,7577,54[CR],2925560906
F,45488,12975,7596,47[CR],2925561343
C,13403,284,7615,54[CR],2925561671
F,46320,12991,7634,47[CR],2925562109
C,13436,282,7652,51[CR],2925562437
F,46448,13018,7672,47[CR],2925562875
C,13389,284,7690,54[CR],2925563203
F,45992,13004,7709,49[CR],2925563640
C,13434,284,7728,54[CR],2925564078
F,47408,13011,7746,24[CR],2925564406
A,34348,46360,7750,6[CR],2925564843
F,45616,12935,7750,1[CR],2925565171
C,13245,290,7750,1[CR],2925565609
F,43872,12787,7750,0[CR],2925565937
C,12944,282,7750,0[CR],2925566375
F,39576,12793,7750,0[CR],2925566812
C,12950,290,7750,0[CR],2925567140
F,37412,12759,7750,0[CR],2925567578
C,12888,284,7750,0[CR],2925567906
F,38124,12762,7750,0[CR],2925568343
C,12926,284,7750,0[CR],2925568671
F,39340,12776,7750,0[CR],2925569109
C,12936,280,7750,0[CR],2925569656
Z,0,0,7750,0[CR],2925570093
Z,0,0,7750,0[CR],2925570640
Z,0,0,7750,0[CR],2925571078
Z,0,0,7750,0[CR],2925571625
Z,0,0,7750,0[CR],2925572171
Z,0,0,7750,0[CR],2925572609
Z,0,0,7750,0[CR],2925573156
Z,0,0,7750,0[CR],2925573593
Z,0,0,7750,0[CR],2925574140
Z,0,0,7750,0[CR],2925574578
Z,0,0,7750,0[CR],2925575125
Z,0,0,7750,0[CR],2925575671
Z,0,0,7750,0[CR],2925576109
Z,0,0,7750,0[CR],2925576656
Z,0,0,7750,0[CR],2925577093
Z,0,0,7750,0[CR],2925577640
Z,0,0,7750,0[CR],2925578078
F,38664,12747,7750,0[CR],2925578515
C,12876,278,7750,0[CR],2925578953
Z,0,0,7750,0[CR],2925579500
Z,0,0,7750,0[CR],2925579937
Z,0,0,7750,0[CR],2925580484
Z,0,0,7750,0[CR],2925581031
Z,0,0,7750,0[CR],2925581468
Z,0,0,7750,0[CR],2925582015
Z,0,0,7750,0[CR],2925582453
Z,0,0,7750,0[CR],2925583000
Z,0,0,7750,0[CR],2925583437
Z,0,0,7750,0[CR],2925583984
Z,0,0,7750,0[CR],2925584531
Z,0,0,7750,0[CR],2925584968
Z,0,0,7750,0[CR],2925585515
Z,0,0,7750,0[CR],2925585953
Z,0,0,7750,0[CR],2925586500
Z,0,0,7750,0[CR],2925586937
Z,0,0,7750,0[CR],2925587484
Z,0,0,7750,0[CR],2925588031
Z,0,0,7750,68[CR],2925588468
Z,0,0,7750,60[CR],2925589015
Z,0,0,7750,51[CR],2925589453
A,34256,39472,7763,28[CR],2925589781
F,39464,12814,7766,3[CR],2925590218
C,13088,282,7766,1[CR],2925590546
F,41800,12828,7766,0[CR],2925590984
C,13042,278,7766,0[CR],2925591421
F,41440,12819,7766,0[CR],2925591750
C,13027,288,7766,0[CR],2925592187
F,41248,12816,7766,0[CR],2925592515
C,13022,280,7766,0[CR],2925592953
F,41144,12812,7775,5[CR],2925593281
C,13440,284,7775,2[CR],2925593718
F,44832,12894,7775,1[CR],2925594156
C,13214,286,7775,0[CR],2925594484
F,43672,12869,7775,0[CR],2925594921
C,13174,278,7775,0[CR],2925595250
F,43184,12860,7776,0[CR],2925595687
A,34236,43008,7776,0[CR],2925596015
F,42936,12854,7776,0[CR],2925596453
C,13146,282,7776,0[CR],2925596890
F,42768,12850,7791,47[CR],2925597218
C,13416,286,7809,47[CR],2925597656
F,46288,12998,7828,49[CR],2925597984
C,13394,282,7846,41[CR],2925598421
F,45464,12965,7866,51[CR],2925598750
C,13300,286,7884,41[CR],2925599187
F,45776,12970,7903,49[CR],2925599625
C,13381,292,7922,41[CR],2925599953
F,46592,12988,7941,51[CR],2925600390
C,13462,282,7960,43[CR],2925600718
F,46152,12976,7979,49[CR],2925601156
C,13420,278,7998,41[CR],2925601484
F,47080,12980,8017,49[CR],2925601921
A,34184,46288,8035,41[CR],2925602359
F,46352,12974,8055,49[CR],2925602687
C,13347,288,8073,43[CR],2925603125
F,45768,13005,8092,47[CR],2925603453
C,13350,280,8111,44[CR],2925603890
F,45984,12983,8131,51[CR],2925604218
C,13404,278,8149,41[CR],2925604656
F,47560,13007,8169,51[CR],2925605093
C,13423,282,8187,39[CR],2925605421
F,47632,13036,8207,49[CR],2925605859
C,13427,296,8225,51[CR],2925606187
F,46984,12972,8245,51[CR],2925606625
C,13465,314,8264,57[CR],2925606953
F,46136,12959,8284,49[CR],2925607390
C,13387,304,8302,54[CR],2925607828
F,46816,12967,8322,49[CR],2925608156
A,34180,47408,8340,54[CR],2925608593
F,46984,12997,8360,49[CR],2925608921
C,13468,348,8379,54[CR],2925609359
F,45672,12973,8398,47[CR],2925609687
C,13415,338,8416,57[CR],2925610125
F,46504,12994,8436,49[CR],2925610562
C,13383,340,8455,54[CR],2925610890
F,46576,12978,8474,49[CR],2925611328
C,13390,338,8493,54[CR],2925611656
F,47472,12997,8512,49[CR],2925612093
C,13420,338,8530,54[CR],2925612421
F,48088,12968,8550,44[CR],2925612859
C,13457,340,8569,51[CR],2925613296
F,46352,12939,8588,44[CR],2925613625
C,13448,342,8606,54[CR],2925614062
F,46936,12970,8625,47[CR],2925614390
A,34208,47776,8644,51[CR],2925614828
F,47792,12998,8663,47[CR],2925615187
C,13439,346,8682,54[CR],2925615593
F,46896,13003,8701,44[CR],2925616031
C,13418,346,8720,51[CR],2925616359
F,47240,13009,8739,47[CR],2925616796
C,13505,344,8758,54[CR],2925617125
F,47976,12983,8777,49[CR],2925617562
C,13416,346,8796,51[CR],2925617890
F,46808,12979,8815,44[CR],2925618328
C,13458,346,8834,51[CR],2925618765
F,48288,13004,8853,44[CR],2925619093
C,13474,348,8872,54[CR],2925619531
F,47680,12999,8891,47[CR],2925619859
C,13421,350,8910,51[CR],2925620296
F,46224,12994,8928,44[CR],2925620625
A,34200,47512,8947,51[CR],2925621062
F,47208,12997,8966,44[CR],2925621500
C,13396,352,8984,54[CR],2925621828
F,47552,13014,9003,49[CR],2925622265
C,13485,350,9022,51[CR],2925622593
F,47808,12977,9041,47[CR],2925623031
C,13502,348,9060,54[CR],2925623359
F,47272,12959,9079,47[CR],2925623796
C,13455,348,9098,51[CR],2925624234
F,48232,12997,9116,47[CR],2925624562
C,13424,366,9135,54[CR],2925625000
F,48048,13004,9154,49[CR],2925625328
C,13466,354,9173,51[CR],2925625765
F,48552,13002,9192,47[CR],2925626093
C,13525,344,9211,54[CR],2925626531
F,47952,12947,9230,47[CR],2925626968
A,34116,48184,9249,51[CR],2925627296
F,48640,13005,9268,47[CR],2925627734
C,13534,358,9287,51[CR],2925628062
F,49008,13020,9306,47[CR],2925628500
C,13512,352,9325,51[CR],2925628828
F,47720,12999,9344,47[CR],2925629265
C,13391,352,9362,51[CR],2925629703
F,46936,12987,9381,47[CR],2925630031
C,13458,356,9400,54[CR],2925630468
F,48312,12995,9419,49[CR],2925630796
C,13449,344,9438,54[CR],2925631234
F,48720,13009,9457,47[CR],2925631562
C,13489,352,9476,51[CR],2925632000
F,48936,12969,9495,47[CR],2925632437
C,13480,348,9513,51[CR],2925632765
F,48112,12956,9533,47[CR],2925633203
A,34120,48080,9551,54[CR],2925633531
F,48352,12973,9570,49[CR],2925633968
C,13484,360,9589,44[CR],2925634296
F,49088,12989,9608,47[CR],2925634734
C,13517,392,9627,54[CR],2925635171
F,48672,12973,9646,49[CR],2925635500
C,13454,388,9665,54[CR],2925635937
F,47744,12983,9684,49[CR],2925636265
C,13467,418,9702,54[CR],2925636703
F,49008,13002,9721,49[CR],2925637031
C,13513,422,9740,51[CR],2925637468
F,49720,13023,9749,16[CR],2925637906
C,13488,422,9750,2[CR],2925638234
F,47768,12889,9750,1[CR],2925638671
C,13325,418,9750,0[CR],2925639000
F,46488,12865,9750,0[CR],2925639437
A,34140,46120,9750,0[CR],2925639765
F,45976,12861,9750,0[CR],2925640203
C,13193,414,9750,0[CR],2925640640
F,44552,12837,9750,0[CR],2925640968
C,13143,414,9750,0[CR],2925641406
F,45088,12843,9750,0[CR],2925641734
C,13180,418,9750,0[CR],2925642171
F,44952,12840,9750,0[CR],2925642609
Z,0,0,9750,0[CR],2925643156
Z,0,0,9750,0[CR],2925643703
Z,0,0,9750,0[CR],2925644140
Z,0,0,9750,0[CR],2925644687
Z,0,0,9750,0[CR],2925645125
Z,0,0,9750,0[CR],2925645671
Z,0,0,9750,0[CR],2925646109
Z,0,0,9750,0[CR],2925646656
Z,0,0,9750,0[CR],2925647093
Z,0,0,9750,0[CR],2925647640
Z,0,0,9750,0[CR],2925648187
Z,0,0,9750,0[CR],2925648625
Z,0,0,9750,0[CR],2925649171
Z,0,0,9750,0[CR],2925649609
Z,0,0,9750,0[CR],2925650156
Z,0,0,9750,0[CR],2925650593
Z,0,0,9750,0[CR],2925651140
Z,0,0,9750,0[CR],2925651578
Z,0,0,9750,0[CR],2925652125
Z,0,0,9750,0[CR],2925652671
Z,0,0,9750,0[CR],2925653109
Z,0,0,9750,0[CR],2925653656
Z,0,0,9750,0[CR],2925654093
Z,0,0,9750,0[CR],2925654640
Z,0,0,9750,0[CR],2925655078
Z,0,0,9750,0[CR],2925655625
Z,0,0,9750,0[CR],2925656171
Z,0,0,9750,0[CR],2925656609
Z,0,0,9750,0[CR],2925657156
Z,0,0,9750,0[CR],2925657593
Z,0,0,9750,0[CR],2925658140
Z,0,0,9750,0[CR],2925658578
Z,0,0,9750,0[CR],2925659125
Z,0,0,9750,0[CR],2925659671
Z,0,0,9750,0[CR],2925660109
Z,0,0,9750,0[CR],2925660656
Z,0,0,9750,0[CR],2925661093
Z,0,0,9750,0[CR],2925661640
Z,0,0,9750,0[CR],2925662187
Z,0,0,9750,25[CR],2925662625
Z,0,0,9750,60[CR],2925663171
Z,0,0,9766,7[CR],2925663281
F,42936,12810,9768,17[CR],2925663609
C,13288,404,9769,2[CR],2925664046
F,45208,12865,9769,1[CR],2925664375
A,34112,44688,9769,0[CR],2925664812
F,44560,12852,9769,0[CR],2925665250
C,13240,400,9769,0[CR],2925665578
F,44392,12846,9769,0[CR],2925666015
C,13221,400,9769,0[CR],2925666343
F,44296,12843,9769,0[CR],2925666781
C,13214,408,9773,29[CR],2925667218
F,44152,12841,9778,4[CR],2925667546
C,13515,404,9779,2[CR],2925667984
F,47208,12895,9779,1[CR],2925668312
C,13323,404,9779,0[CR],2925668750
F,45936,12860,9779,0[CR],2925669078
C,13272,414,9779,0[CR],2925669515
F,45600,12849,9779,0[CR],2925669953
C,13255,408,9779,0[CR],2925670281
F,45384,12845,9779,0[CR],2925670718
A,34052,45304,9780,0[CR],2925671046
F,45272,12841,9794,34[CR],2925671484
C,13513,404,9812,51[CR],2925671812
F,49000,13033,9831,47[CR],2925672250
C,13522,404,9850,51[CR],2925672687
F,50032,13029,9869,47[CR],2925673015
C,13564,418,9888,51[CR],2925673453
F,49688,13011,9907,47[CR],2925673781
C,13508,414,9925,54[CR],2925674218
F,49472,13029,9944,47[CR],2925674546
C,13558,414,9963,51[CR],2925674984
F,48776,13006,9982,47[CR],2925675421
C,13494,414,10001,51[CR],2925675750
F,49752,13025,10020,44[CR],2925676187
C,13485,396,10038,54[CR],2925676515
F,49784,13026,10057,47[CR],2925676953
A,34080,50712,10076,51[CR],2925677281
F,50672,13017,10095,44[CR],2925677718
C,13527,414,10114,54[CR],2925678046
F,49984,12960,10133,47[CR],2925678484
C,13516,414,10152,51[CR],2925678921
F,49192,12967,10171,44[CR],2925679250
C,13488,414,10190,54[CR],2925679687
F,49040,12960,10209,47[CR],2925680015
C,13490,414,10227,51[CR],2925680453
F,49528,13017,10247,44[CR],2925680781
C,13504,408,10265,54[CR],2925681218
F,50248,13040,10285,47[CR],2925681656
C,13528,408,10303,51[CR],2925681984
F,49440,12949,10322,47[CR],2925682421
C,13569,416,10341,51[CR],2925682750
F,48896,12987,10360,47[CR],2925683187
A,34064,50032,10379,54[CR],2925683625
F,50176,13018,10398,49[CR],2925683953
C,13521,414,10417,51[CR],2925684390
F,50104,13006,10436,49[CR],2925684718
C,13573,404,10455,54[CR],2925685156
F,51232,13056,10474,44[CR],2925685484
C,13606,414,10492,54[CR],2925685921
F,50840,13014,10512,47[CR],2925686250
C,13606,418,10530,54[CR],2925686687
F,50696,12999,10549,44[CR],2925687125
C,13589,414,10568,54[CR],2925687453
F,50656,13017,10587,47[CR],2925687890
C,13565,414,10606,51[CR],2925688218
F,50992,13023,10625,47[CR],2925688656
C,13561,414,10644,51[CR],2925689093
F,51080,13021,10663,47[CR],2925689421
A,34052,50648,10683,51[CR],2925689859
F,50496,13027,10702,47[CR],2925690203
C,13507,408,10721,49[CR],2925690625
F,50640,12965,10740,47[CR],2925690953
C,13555,418,10759,51[CR],2925691390
F,49656,12929,10778,43[CR],2925691718
C,13511,418,10796,51[CR],2925692156
F,49496,12973,10815,44[CR],2925692593
C,13589,414,10834,54[CR],2925692921
F,51016,12991,10854,47[CR],2925693359
C,13559,414,10872,51[CR],2925693687
F,52024,13052,10891,44[CR],2925694125
C,13599,436,10910,51[CR],2925694453
F,51080,13037,10928,43[CR],2925694890
C,13589,410,10947,51[CR],2925695328
F,51456,13019,10966,44[CR],2925695656
A,34012,50448,10985,54[CR],2925696093
F,50144,13015,11004,44[CR],2925696421
C,13537,422,11023,51[CR],2925696859
F,50592,13031,11042,44[CR],2925697187
C,13559,482,11061,51[CR],2925697625
F,50160,13005,11080,47[CR],2925698062
C,13533,462,11099,51[CR],2925698390
F,50352,12975,11118,44[CR],2925698828
C,13581,426,11137,51[CR],2925699156
F,51008,13020,11156,47[CR],2925699593
C,13551,430,11175,51[CR],2925699921
F,51320,12994,11194,44[CR],2925700359
C,13673,482,11213,51[CR],2925700796
F,50728,12986,11232,44[CR],2925701125
C,13614,478,11250,51[CR],2925701562
F,51184,13028,11269,44[CR],2925701890
A,34032,51824,11288,51[CR],2925702328
F,52192,13036,11307,44[CR],2925702656
C,13651,482,11326,51[CR],2925703093
F,49784,13010,11345,47[CR],2925703531
C,13538,470,11364,51[CR],2925703859
F,49504,13020,11383,44[CR],2925704296
C,13539,488,11402,51[CR],2925704625
F,51616,13030,11421,47[CR],2925705062
C,13626,488,11440,51[CR],2925705390
F,51376,12992,11459,44[CR],2925705828
C,13608,482,11478,51[CR],2925706265
F,51208,12985,11497,47[CR],2925706593
C,13589,482,11515,51[CR],2925707031
F,51736,13041,11534,44[CR],2925707359
C,13640,488,11553,51[CR],2925707796
F,52720,13035,11572,47[CR],2925708125
A,34020,52632,11591,51[CR],2925708562
F,52736,13023,11610,44[CR],2925709000
C,13612,492,11629,51[CR],2925709328
F,51224,12999,11648,44[CR],2925709687
C,13574,488,11667,51[CR],2925710093
F,52440,13019,11686,44[CR],2925710531
C,13598,488,11705,51[CR],2925710859
F,52816,13009,11724,47[CR],2925711296
C,13705,488,11743,51[CR],2925711734
F,51624,12997,11749,13[CR],2925712062
C,13504,482,11750,3[CR],2925712500
F,51064,12918,11750,4[CR],2925712828
C,13397,492,11750,2[CR],2925713265
F,50056,12900,11750,1[CR],2925713593
C,13359,492,11750,0[CR],2925714031
F,49712,12894,11750,0[CR],2925714468
A,34020,49528,11750,0[CR],2925714796
F,49488,12897,11750,0[CR],2925715234
C,13267,488,11750,0[CR],2925715562
F,48792,12877,11750,0[CR],2925716000
C,13273,474,11750,0[CR],2925716328
F,48864,12881,11750,0[CR],2925716765
C,13288,488,11750,0[CR],2925717312
Z,0,0,11750,0[CR],2925717750
Z,0,0,11750,0[CR],2925718296
Z,0,0,11750,0[CR],2925718734
Z,0,0,11750,0[CR],2925719281
Z,0,0,11750,0[CR],2925719718
Z,0,0,11750,0[CR],2925720265
Z,0,0,11750,0[CR],2925720812
Z,0,0,11750,0[CR],2925721250
Z,0,0,11750,0[CR],2925721796
Z,0,0,11750,0[CR],2925722234
Z,0,0,11750,0[CR],2925722781
Z,0,0,11750,0[CR],2925723218
Z,0,0,11750,0[CR],2925723765
Z,0,0,11750,0[CR],2925724312
Z,0,0,11750,0[CR],2925724750
Z,0,0,11750,0[CR],2925725296
Z,0,0,11750,0[CR],2925725734
Z,0,0,11750,0[CR],2925726281
Z,0,0,11750,0[CR],2925726828
Z,0,0,11750,0[CR],2925727265
Z,0,0,11750,0[CR],2925727812
Z,0,0,11750,0[CR],2925728250
Z,0,0,11750,0[CR],2925728796
Z,0,0,11750,0[CR],2925729234
Z,0,0,11750,0[CR],2925729234
C,13097,488,11750,0[CR],2925729671
F,45560,12820,11750,0[CR],2925730218
Z,0,0,11750,0[CR],2925730656
Z,0,0,11750,0[CR],2925731203
Z,0,0,11750,0[CR],2925731640
Z,0,0,11750,0[CR],2925732187
Z,0,0,11750,0[CR],2925732625
Z,0,0,11750,0[CR],2925733171
Z,0,0,11750,0[CR],2925733718
Z,0,0,11750,0[CR],2925734156
Z,0,0,11750,0[CR],2925734703
Z,0,0,11750,0[CR],2925735140
Z,0,0,11750,0[CR],2925735687
Z,0,0,11750,0[CR],2925736125
Z,0,0,11750,0[CR],2925736671
Z,0,0,11750,0[CR],2925737218
Z,0,0,11750,0[CR],2925737656
Z,0,0,11750,0[CR],2925738203
Z,0,0,11750,0[CR],2925738640
Z,0,0,11750,0[CR],2925739187
Z,0,0,11750,0[CR],2925739625
Z,0,0,11750,51[CR],2925740171
Z,0,0,11750,49[CR],2925740718
Z,0,0,11755,43[CR],2925741156
Z,0,0,11766,17[CR],2925741375
F,46128,12913,11768,8[CR],2925741812
C,13332,488,11769,2[CR],2925742140
F,48576,12905,11769,1[CR],2925742578
C,13347,488,11769,0[CR],2925742906
F,48288,12895,11769,0[CR],2925743343
C,13322,488,11769,0[CR],2925743671
F,48072,12890,11769,0[CR],2925744109
C,13309,492,11769,0[CR],2925744546
F,47936,12887,11769,0[CR],2925744875
C,13299,492,11769,0[CR],2925745312
F,47800,12885,11777,17[CR],2925745640
A,33956,51216,11778,2[CR],2925746078
F,51328,12963,11778,1[CR],2925746406
C,13439,484,11778,0[CR],2925746843
F,50336,12919,11778,0[CR],2925747281
C,13386,482,11778,0[CR],2925747609
F,50048,12910,11778,0[CR],2925748046
C,13366,482,11778,0[CR],2925748375
F,49872,12903,11778,0[CR],2925748812
C,13350,488,11778,0[CR],2925749140
F,49728,12900,11791,31[CR],2925749578
C,13571,488,11809,41[CR],2925750015
F,53480,13106,11828,47[CR],2925750343
C,13643,510,11846,41[CR],2925750781
F,53000,13054,11865,49[CR],2925751109
C,13625,488,11883,47[CR],2925751546
F,51248,13030,11902,49[CR],2925751875
A,33956,51776,11921,43[CR],2925752312
F,51744,13009,11940,51[CR],2925752750
C,13603,496,11958,44[CR],2925753078
F,52232,13011,11977,51[CR],2925753515
C,13618,500,11995,44[CR],2925753843
F,52952,13027,12014,51[CR],2925754281
C,13576,492,12033,47[CR],2925754609
F,51080,13022,12051,51[CR],2925755046
C,13637,518,12070,44[CR],2925755484
F,52752,13034,12089,51[CR],2925755812
C,13610,522,12107,47[CR],2925756250
F,51872,13004,12126,51[CR],2925756578
C,13621,522,12145,47[CR],2925757015
F,51808,13042,12164,54[CR],2925757453
C,13626,552,12183,47[CR],2925757781
F,52424,13008,12201,54[CR],2925758218
A,33924,53400,12220,49[CR],2925758546
F,53544,13024,12239,51[CR],2925758984
C,13583,540,12258,47[CR],2925759312
F,53040,13011,12276,49[CR],2925759750
C,13633,518,12295,49[CR],2925760187
F,52224,12970,12314,39[CR],2925760515
C,13677,540,12333,49[CR],2925760953
F,52688,13009,12351,43[CR],2925761281
C,13603,544,12370,44[CR],2925761718
F,53560,13051,12389,44[CR],2925762046
C,13602,558,12407,49[CR],2925762484
F,52456,13039,12426,44[CR],2925762921
C,13662,552,12445,49[CR],2925763250
F,52056,13007,12464,44[CR],2925763687
C,13644,548,12482,49[CR],2925764015
F,53216,13025,12501,44[CR],2925764453
A,33956,52472,12520,51[CR],2925764781
F,51896,13010,12538,44[CR],2925765218
C,13656,548,12557,51[CR],2925765546
F,53920,13059,12576,47[CR],2925765984
C,13791,552,12594,51[CR],2925766421
F,55400,13070,12613,47[CR],2925766750
C,13771,552,12632,51[CR],2925767187
F,53640,13083,12651,44[CR],2925767515
C,13732,552,12669,51[CR],2925767953
F,52928,13046,12688,47[CR],2925768281
C,13580,552,12707,54[CR],2925768718
F,52224,13034,12726,47[CR],2925769156
C,13606,552,12745,54[CR],2925769484
F,51856,13049,12764,44[CR],2925769921
C,13633,552,12782,51[CR],2925770250
F,53448,13033,12802,47[CR],2925770687
A,33908,52144,12820,49[CR],2925771015
F,52760,13029,12838,49[CR],2925771453
C,13705,552,12856,47[CR],2925771890
F,52296,13041,12875,47[CR],2925772218
C,13743,552,12894,43[CR],2925772656
F,53888,13048,12913,49[CR],2925772984
C,13723,552,12931,43[CR],2925773421
F,54640,13083,12950,49[CR],2925773859
C,13820,548,12968,43[CR],2925774187
F,54008,13108,12987,51[CR],2925774625
C,13689,552,13006,44[CR],2925774953
F,53032,13093,13025,49[CR],2925775390
C,13720,552,13043,44[CR],2925775718
F,53592,13076,13062,51[CR],2925776156
C,13662,552,13081,44[CR],2925776484
F,53680,13081,13100,51[CR],2925776921
A,33924,53808,13118,44[CR],2925777359
F,53712,13060,13137,51[CR],2925777687
C,13591,536,13155,44[CR],2925778125
F,53728,13023,13174,51[CR],2925778453
C,13629,566,13193,47[CR],2925778890
F,55008,13026,13211,54[CR],2925779328
C,13679,552,13230,47[CR],2925779656
F,54536,13024,13249,51[CR],2925780093
C,13712,552,13268,47[CR],2925780421
F,54808,13058,13286,49[CR],2925780859
C,13741,548,13305,47[CR],2925781187
F,55848,13091,13324,51[CR],2925781625
C,13728,558,13342,47[CR],2925782062
F,55664,13065,13361,41[CR],2925782390
C,13747,552,13380,49[CR],2925782828
F,54328,13073,13398,43[CR],2925783156
A,33924,55448,13417,49[CR],2925783593
F,55920,13066,13436,41[CR],2925783968
C,13768,558,13454,49[CR],2925784359
F,56720,13089,13473,44[CR],2925784703
C,13719,536,13491,49[CR],2925785125
F,55496,13072,13510,44[CR],2925785562
C,13802,552,13529,49[CR],2925785890
F,56648,13066,13547,44[CR],2925786328
C,13745,552,13566,51[CR],2925786656
F,57480,13061,13585,47[CR],2925787093
C,13769,566,13603,51[CR],2925787531
F,54968,13059,13622,49[CR],2925787859
C,13750,552,13640,51[CR],2925788296
F,56760,13105,13659,47[CR],2925788625
C,13727,548,13677,54[CR],2925789062
F,55704,13054,13696,47[CR],2925789390
A,33936,55080,13714,39[CR],2925789828
F,54784,13040,13733,49[CR],2925790156
C,13670,552,13747,11[CR],2925790593
F,54296,13014,13750,4[CR],2925791031
C,13641,558,13750,1[CR],2925791359
F,52232,12888,13750,1[CR],2925791796
C,13484,552,13750,0[CR],2925792125
F,51704,12869,13750,0[CR],2925792562
C,13443,552,13750,0[CR],2925792890
F,51448,12863,13750,0[CR],2925793328
C,13330,548,13750,0[CR],2925793765
F,49824,12838,13750,0[CR],2925794093
C,13304,552,13750,0[CR],2925794531
F,50304,12841,13750,0[CR],2925794859
C,13342,552,13750,0[CR],2925795296
F,50352,12841,13750,0[CR],2925795843
Z,0,0,13750,0[CR],2925796281
Z,0,0,13750,0[CR],2925796828
Z,0,0,13750,0[CR],2925797265
Z,0,0,13750,0[CR],2925797812
Z,0,0,13750,0[CR],2925798250
Z,0,0,13750,0[CR],2925798796
Z,0,0,13750,0[CR],2925799343
Z,0,0,13750,0[CR],2925799781
Z,0,0,13750,0[CR],2925800328
Z,0,0,13750,0[CR],2925800765
Z,0,0,13750,0[CR],2925801312
Z,0,0,13750,0[CR],2925801750
Z,0,0,13750,0[CR],2925802296
Z,0,0,13750,0[CR],2925802734
Z,0,0,13750,0[CR],2925803281
Z,0,0,13750,0[CR],2925803828
Z,0,0,13750,0[CR],2925804265
Z,0,0,13750,0[CR],2925804812
Z,0,0,13750,0[CR],2925805250
Z,0,0,13750,0[CR],2925805796
Z,0,0,13750,0[CR],2925806250
Z,0,0,13750,0[CR],2925806796
Z,0,0,13750,0[CR],2925807234
Z,0,0,13750,0[CR],2925807781
Z,0,0,13750,0[CR],2925808328
Z,0,0,13750,0[CR],2925808765
Z,0,0,13750,0[CR],2925809312
Z,0,0,13750,0[CR],2925809750
Z,0,0,13750,0[CR],2925810296
Z,0,0,13750,0[CR],2925810734
Z,0,0,13750,0[CR],2925811281
Z,0,0,13750,0[CR],2925811828
Z,0,0,13750,0[CR],2925812265
Z,0,0,13750,0[CR],2925812812
Z,0,0,13750,0[CR],2925813250
Z,0,0,13750,0[CR],2925813796
Z,0,0,13750,0[CR],2925814234
Z,0,0,13750,0[CR],2925814781
Z,0,0,13750,0[CR],2925815328
Z,0,0,13750,0[CR],2925815765
Z,0,0,13750,0[CR],2925816312
Z,0,0,13750,0[CR],2925816750
Z,0,0,13750,60[CR],2925817296
Z,0,0,13750,47[CR],2925817734
Z,0,0,13750,41[CR],2925818281
Z,0,0,13750,29[CR],2925818718
Z,0,0,13750,25[CR],2925819265
Z,0,0,13754,25[CR],2925819484
F,48520,12819,13760,27[CR],2925820031
Z,0,0,13764,4[CR],2925820250
F,50184,12892,13766,5[CR],2925820687
A,33860,50920,13766,2[CR],2925821015
F,50880,12891,13766,1[CR],2925821453
C,13426,558,13766,0[CR],2925821890
F,50448,12882,13766,0[CR],2925822218
C,13392,566,13766,0[CR],2925822656
F,50272,12877,13766,0[CR],2925822984
C,13376,552,13766,0[CR],2925823421
F,50152,12876,13770,18[CR],2925823859
C,13365,562,13773,6[CR],2925824187
F,54376,12997,13773,1[CR],2925824625
C,13578,562,13773,1[CR],2925824953
F,53008,12933,13773,0[CR],2925825390
C,13478,558,13773,0[CR],2925825718
F,52480,12917,13773,0[CR],2925826156
C,13442,552,13773,0[CR],2925826593
F,52176,12914,13773,0[CR],2925826921
A,33852,52064,13773,0[CR],2925827359
F,52000,12909,13779,18[CR],2925827687
C,13414,558,13795,43[CR],2925828125
F,55936,13157,13814,49[CR],2925828453
C,13801,558,13832,44[CR],2925828890
F,56480,13064,13851,51[CR],2925829328
C,13741,558,13870,44[CR],2925829656
F,56048,13081,13889,51[CR],2925830093
C,13820,570,13907,47[CR],2925830421
F,57648,13033,13926,51[CR],2925830859
C,13787,566,13945,47[CR],2925831187
F,56984,13085,13964,51[CR],2925831625
C,13721,574,13982,44[CR],2925832062
F,57456,13072,14001,54[CR],2925832390
C,13788,588,14020,44[CR],2925832828
F,54544,13029,14038,51[CR],2925833156
A,33856,54888,14057,47[CR],2925833593
F,54968,13061,14076,54[CR],2925833921
C,13638,574,14095,47[CR],2925834359
F,56240,13079,14113,49[CR],2925834687
C,13774,566,14132,47[CR],2925835125
F,57416,13077,14151,54[CR],2925835562
C,13827,596,14170,47[CR],2925835890
F,55968,13012,14189,54[CR],2925836328
C,13703,600,14208,49[CR],2925836656
F,56256,13082,14227,54[CR],2925837109
C,13729,584,14246,47[CR],2925837437
F,55752,13035,14264,54[CR],2925837875
C,13805,588,14283,49[CR],2925838312
F,57824,13070,14302,47[CR],2925838640
C,13821,614,14321,49[CR],2925839078
F,57296,13055,14340,54[CR],2925839406
A,33868,56856,14359,49[CR],2925839843
F,55760,13042,14378,49[CR],2925840250
C,13657,618,14397,49[CR],2925840609
F,56216,13038,14415,49[CR],2925840984
C,13739,622,14435,51[CR],2925841375
F,56408,13062,14453,39[CR],2925841812
C,13746,622,14472,47[CR],2925842140
F,55568,13014,14491,39[CR],2925842578
C,13749,628,14510,49[CR],2925842906
F,55320,13039,14529,47[CR],2925843343
C,13747,624,14548,47[CR],2925843671
F,55536,13047,14566,43[CR],2925844109
C,13811,614,14585,47[CR],2925844546
F,57136,13098,14603,41[CR],2925844875
C,13808,640,14622,51[CR],2925845312
F,56712,13051,14641,43[CR],2925845640
A,33888,55456,14660,49[CR],2925846078
F,55936,13064,14679,47[CR],2925846406
C,13834,632,14697,49[CR],2925846843
F,57008,13039,14716,44[CR],2925847281
C,13767,600,14735,49[CR],2925847609
F,55688,13108,14754,47[CR],2925848046
C,13760,624,14773,49[CR],2925848375
F,56912,13057,14792,44[CR],2925848812
C,13754,632,14812,49[CR],2925849140
F,57160,13085,14830,41[CR],2925849578
C,13762,632,14849,49[CR],2925850015
F,55448,13036,14868,47[CR],2925850343
C,13692,622,14887,49[CR],2925850781
F,56568,13065,14905,44[CR],2925851109
C,13726,688,14923,49[CR],2925851546
F,57472,13060,14942,44[CR],2925851984
A,33800,57080,14960,49[CR],2925852312
F,57024,13078,14979,47[CR],2925852750
C,13821,688,14998,51[CR],2925853078
F,54264,13025,15016,47[CR],2925853515
C,13705,666,15035,51[CR],2925853843
F,55816,13065,15054,44[CR],2925854281
C,13800,666,15072,54[CR],2925854718
F,56296,13072,15091,49[CR],2925855046
C,13742,676,15109,41[CR],2925855484
F,57192,13125,15128,49[CR],2925855812
C,13843,680,15146,43[CR],2925856250
F,57144,13047,15165,49[CR],2925856578
C,13864,680,15183,44[CR],2925857015
F,56848,13045,15202,49[CR],2925857453
C,13892,674,15220,44[CR],2925857781
F,56928,13083,15239,49[CR],2925858218
A,33844,57584,15258,44[CR],2925858546
F,57656,13090,15276,49[CR],2925858984
C,13890,692,15295,44[CR],2925859312
F,57952,13090,15313,51[CR],2925859750
C,13797,692,15332,44[CR],2925860078
F,58928,13068,15350,54[CR],2925860515
C,13907,678,15369,47[CR],2925860953
F,58712,13136,15387,51[CR],2925861281
C,13854,692,15406,47[CR],2925861718
F,58904,13104,15425,51[CR],2925862046
C,13819,678,15443,49[CR],2925862484
F,59520,13106,15462,39[CR],2925862812
C,13871,692,15480,49[CR],2925863250
F,59672,13084,15499,44[CR],2925863687
C,13901,692,15517,49[CR],2925864015
F,57216,13037,15536,44[CR],2925864453
A,33824,57808,15554,49[CR],2925864781
F,58208,13064,15573,44[CR],2925865218
C,13863,692,15591,49[CR],2925865546
F,60016,13092,15610,44[CR],2925865984
C,13896,692,15628,51[CR],2925866421
F,57840,13098,15647,47[CR],2925866750
C,13940,692,15666,51[CR],2925867187
F,59240,13115,15684,47[CR],2925867515
C,13998,698,15702,51[CR],2925867953
F,61032,13054,15721,49[CR],2925868281
C,13924,692,15739,36[CR],2925868718
F,61264,13144,15748,9[CR],2925869046
C,14096,698,15750,3[CR],2925869484
F,61496,13037,15750,1[CR],2925869921
C,13843,678,15750,0[CR],2925870250
F,59224,12992,15750,0[CR],2925870687
A,33800,58568,15750,0[CR],2925871125
F,58384,12981,15750,0[CR],2925871453
C,13709,688,15750,0[CR],2925871890
F,57984,12966,15750,0[CR],2925872218
C,13682,684,15750,0[CR],2925872656
F,57480,12967,15750,0[CR],2925872984
C,13680,698,15750,0[CR],2925873421
F,57200,12966,15750,0[CR],2925873968
Z,0,0,15750,0[CR],2925874406
Z,0,0,15750,0[CR],2925874953
Z,0,0,15750,0[CR],2925875390
Z,0,0,15750,0[CR],2925875937
Z,0,0,15750,0[CR],2925876375
Z,0,0,15750,0[CR],2925876921
Z,0,0,15750,0[CR],2925877359
Z,0,0,15750,0[CR],2925877906
Z,0,0,15750,0[CR],2925878453
Z,0,0,15750,0[CR],2925878890
Z,0,0,15750,0[CR],2925879437
Z,0,0,15750,0[CR],2925879875
Z,0,0,15750,0[CR],2925880421
Z,0,0,15750,0[CR],2925880859
Z,0,0,15750,0[CR],2925881406
Z,0,0,15750,0[CR],2925881953
Z,0,0,15750,0[CR],2925882390
Z,0,0,15750,0[CR],2925882937
Z,0,0,15750,0[CR],2925883375
Z,0,0,15750,0[CR],2925883921
Z,0,0,15750,0[CR],2925884359
F,54560,12913,15750,0[CR],2925884906
Z,0,0,15750,0[CR],2925885343
Z,0,0,15750,0[CR],2925885890
Z,0,0,15750,0[CR],2925886328
Z,0,0,15750,0[CR],2925886875
Z,0,0,15750,0[CR],2925887312
Z,0,0,15750,0[CR],2925887859
Z,0,0,15750,0[CR],2925888296
Z,0,0,15750,0[CR],2925888843
Z,0,0,15750,0[CR],2925889390
Z,0,0,15750,0[CR],2925889828
Z,0,0,15750,0[CR],2925890375
Z,0,0,15750,0[CR],2925890812
Z,0,0,15750,0[CR],2925891359
Z,0,0,15750,0[CR],2925891796
Z,0,0,15750,0[CR],2925892343
Z,0,0,15750,0[CR],2925892890
Z,0,0,15750,0[CR],2925893328
Z,0,0,15750,0[CR],2925893875
Z,0,0,15750,0[CR],2925894312
Z,0,0,15750,86[CR],2925894859
Z,0,0,15757,44[CR],2925895296
F,54032,12913,15766,12[CR],2925895625
A,33836,55464,15766,2[CR],2925896062
F,55968,12985,15766,1[CR],2925896500
C,13695,698,15766,0[CR],2925896828
F,55616,12972,15766,0[CR],2925897265
C,13656,698,15766,0[CR],2925897593
F,55368,12969,15766,0[CR],2925898031
C,13641,698,15766,0[CR],2925898359
F,55216,12965,15770,17[CR],2925898796
C,13627,698,15774,4[CR],2925899234
F,57864,13072,15774,2[CR],2925899562
C,13854,696,15774,1[CR],2925900000
F,58408,13012,15774,0[CR],2925900328
C,13755,686,15774,0[CR],2925900765
F,57864,13000,15774,0[CR],2925901093
C,13717,694,15774,0[CR],2925901531
F,57576,12995,15774,0[CR],2925901750
K,3912,6430,15774,0[CR],2925901968
A,33788,57384,15774,0[CR],2925902296
F,57328,12992,15780,18[CR],2925902734
C,13675,694,15796,43[CR],2925903062
F,59704,13264,15815,49[CR],2925903500
C,13984,694,15833,44[CR],2925903828
F,59464,13182,15852,49[CR],2925904265
C,13898,694,15870,43[CR],2925904703
F,60792,13171,15889,49[CR],2925905031
C,13965,694,15907,44[CR],2925905468
F,61512,13154,15925,51[CR],2925905796
C,13990,694,15944,47[CR],2925906234
F,61048,13126,15962,51[CR],2925906562
C,14023,694,15981,47[CR],2925907000
F,61936,13145,15999,49[CR],2925907328
C,13985,686,16018,49[CR],2925907765
F,60640,13141,16036,43[CR],2925908203
A,33792,61760,16054,47[CR],2925908531
F,62392,13172,16072,33[CR],2925908968
C,13927,686,16077,11[CR],2925909296
F,60600,13055,16077,2[CR],2925909734
C,13874,688,16077,1[CR],2925910171
F,59464,12988,16077,0[CR],2925910500
C,13778,692,16077,0[CR],2925910937
F,58528,12961,16077,0[CR],2925911265
C,13723,692,16077,0[CR],2925911703
F,57888,12951,16077,0[CR],2925912031
C,13691,684,16078,0[CR],2925912468
F,57448,12943,16078,0[CR],2925912906
C,13669,694,16078,0[CR],2925913234
F,57096,12939,16078,0[CR],2925913671
C,13656,676,16078,0[CR],2925914000
F,56800,12937,16078,0[CR],2925914437
A,33784,56576,16078,0[CR],2925914765
F,56488,12935,16078,0[CR],2925915203
C,13625,694,16078,0[CR],2925915640
F,56264,12932,16078,0[CR],2925915968
C,13619,698,16078,0[CR],2925916406
F,56016,12930,16078,0[CR],2925916734
C,13612,684,16078,0[CR],2925917171
F,55856,12925,16078,0[CR],2925917500
C,13601,694,16078,0[CR],2925917937
F,55576,12924,16078,0[CR],2925918375
C,13599,694,16078,0[CR],2925918703
F,55376,12921,16078,0[CR],2925919140
C,13593,694,16078,0[CR],2925919468
F,55232,12921,16078,0[CR],2925919906
C,13586,694,16078,0[CR],2925920343
F,55096,12920,16078,0[CR],2925920671
A,33796,55024,16078,0[CR],2925921109
F,54984,12919,16078,0[CR],2925921437
C,13580,698,16078,0[CR],2925921875
F,54888,12916,16078,0[CR],2925922203
C,13575,694,16078,0[CR],2925922640
F,54800,12916,16078,0[CR],2925923078
C,13570,692,16078,0[CR],2925923406
F,54712,12914,16078,0[CR],2925923843
C,13564,694,16078,0[CR],2925924171
F,54632,12913,16078,0[CR],2925924609
C,13559,688,16078,0[CR],2925924937
F,54544,12915,16078,0[CR],2925925375
C,13557,692,16078,0[CR],2925925812
F,54456,12912,16078,0[CR],2925926140
C,13551,696,16078,0[CR],2925926578
F,54304,12912,16078,0[CR],2925926906
A,33808,54216,16078,0[CR],2925927343
F,54184,12911,16078,0[CR],2925927671
C,13549,692,16078,0[CR],2925928109
F,54088,12910,16078,0[CR],2925928546
C,13548,684,16078,0[CR],2925928875
F,54016,12909,16078,0[CR],2925929312
C,13545,694,16078,0[CR],2925929640
F,53944,12909,16078,0[CR],2925930078
C,13543,698,16078,0[CR],2925930406
F,53880,12908,16078,0[CR],2925930843
C,13542,694,16078,0[CR],2925931281
F,53856,12908,16078,0[CR],2925931609
C,13536,692,16078,0[CR],2925932046
F,53744,12907,16078,0[CR],2925932375
C,13537,694,16078,0[CR],2925932812
F,53680,12904,16078,0[CR],2925933140
A,33760,53632,16078,0[CR],2925933578
F,53600,12904,16078,0[CR],2925934015
C,13529,692,16078,0[CR],2925934343
F,53544,12903,16078,0[CR],2925934781
C,13526,698,16078,0[CR],2925935109
F,53472,12904,16078,0[CR],2925935546
C,13524,694,16078,0[CR],2925935875
F,53416,12903,16078,0[CR],2925936312
C,13519,692,16078,0[CR],2925936750
F,53376,12904,16078,0[CR],2925937078
C,13519,694,16078,0[CR],2925937515
F,53360,12902,16078,0[CR],2925937843
C,13517,692,16078,0[CR],2925938281
F,53296,12903,16078,0[CR],2925938609
C,13515,694,16078,0[CR],2925939046
F,53256,12903,16078,0[CR],2925939375
A,33804,53240,16078,0[CR],2925939812
F,53232,12906,16078,0[CR],2925940250
C,13511,692,16078,0[CR],2925940578
F,53280,12903,16078,0[CR],2925941015
C,13510,698,16078,0[CR],2925941343
F,53288,12903,16078,0[CR],2925941781
C,13507,684,16078,0[CR],2925942109
F,53264,12906,16078,0[CR],2925942546
C,13506,694,16078,0[CR],2925942984
F,53216,12901,16078,0[CR],2925943312
C,13502,694,16078,0[CR],2925943750
F,53176,12902,16078,0[CR],2925944078
C,13500,698,16078,0[CR],2925944515
F,53160,12902,16078,0[CR],2925944843
C,13500,692,16078,0[CR],2925945281
F,53152,12903,16078,0[CR],2925945718
A,33800,53144,16078,0[CR],2925946046
F,53112,12903,16078,0[CR],2925946484
C,13496,698,16078,0[CR],2925946812
F,53096,12903,16078,0[CR],2925947250
C,13495,692,16078,0[CR],2925947578
F,53064,12903,16078,0[CR],2925948015
C,13494,694,16078,0[CR],2925948453
F,52992,12903,16078,0[CR],2925948781
C,13491,694,16078,0[CR],2925949218
F,52936,12902,16078,0[CR],2925949546
C,13489,692,16078,0[CR],2925949984
F,52904,12900,16078,0[CR],2925950312
C,13487,692,16078,0[CR],2925950750
F,52880,12901,16078,0[CR],2925951187
C,13487,692,16078,0[CR],2925951515
F,52856,12901,16078,0[CR],2925951953
A,33800,52848,16078,0[CR],2925952281
F,52832,12903,16078,0[CR],2925952718
C,13486,692,16078,0[CR],2925953046
F,52824,12903,16078,0[CR],2925953484
C,13483,692,16078,0[CR],2925953921
F,52784,12901,16078,0[CR],2925954250
C,13482,684,16078,0[CR],2925954687
F,52760,12905,16078,0[CR],2925955015
C,13487,698,16078,0[CR],2925955453
F,52712,12902,16078,0[CR],2925955781
C,13485,694,16078,0[CR],2925956218
F,52680,12900,16078,0[CR],2925956656
C,13485,690,16078,0[CR],2925956984
F,52640,12900,16078,0[CR],2925957421
C,13485,692,16078,0[CR],2925957750
F,52624,12901,16078,0[CR],2925958187
A,33800,52632,16078,0[CR],2925958515
F,52608,12902,16078,0[CR],2925958953
C,13488,694,16078,0[CR],2925959390
F,52584,12903,16078,0[CR],2925959718
C,13488,684,16078,0[CR],2925960171
F,52544,12902,16078,0[CR],2925960500
C,13488,702,16078,0[CR],2925960937
F,52528,12901,16078,0[CR],2925961265
C,13489,694,16078,0[CR],2925961703
F,52496,12901,16078,0[CR],2925962140
C,13488,694,16078,0[CR],2925962468
F,52464,12902,16078,0[CR],2925962906
C,13485,694,16078,0[CR],2925963234
F,52440,12899,16078,0[CR],2925963671
C,13480,698,16078,0[CR],2925964000
F,52408,12901,16078,0[CR],2925964437
A,33760,52392,16078,0[CR],2925964875
F,52376,12901,16078,0[CR],2925965203
C,13479,698,16078,0[CR],2925965640
F,52392,12901,16078,0[CR],2925965968
C,13479,692,16078,0[CR],2925966406
F,52376,12902,16078,0[CR],2925966734
C,13479,692,16078,0[CR],2925967171
F,52352,12902,16078,0[CR],2925967609
C,13483,692,16078,0[CR],2925967937
F,52352,12901,16078,0[CR],2925968375
C,13487,694,16078,0[CR],2925968703
F,52304,12900,16078,0[CR],2925969140
C,13488,702,16078,0[CR],2925969468
F,52304,12899,16078,0[CR],2925969906
C,13487,692,16078,0[CR],2925970343
F,52288,12902,16078,0[CR],2925970671
A,33752,52280,16078,0[CR],2925971109
F,52264,12900,16078,0[CR],2925971437
C,13479,692,16078,0[CR],2925971875
F,52264,12900,16078,0[CR],2925972203
C,13476,694,16078,0[CR],2925972640
F,52256,12899,16078,0[CR],2925973078
C,13478,694,16078,0[CR],2925973406
F,52240,12900,16078,0[CR],2925973843
C,13474,692,16078,0[CR],2925974171
F,52208,12900,16078,0[CR],2925974609
C,13473,694,16078,0[CR],2925974937
F,52200,12901,16078,0[CR],2925975375
C,13472,694,16078,0[CR],2925975812
F,52168,12901,16078,0[CR],2925976140
C,13473,694,16078,0[CR],2925976578
F,52152,12901,16078,0[CR],2925976906
A,33732,52128,16078,0[CR],2925977343
F,52104,12901,16078,0[CR],2925977671
C,13471,700,16078,0[CR],2925978109
F,52088,12901,16078,0[CR],2925978546
C,13471,702,16078,0[CR],2925978875
F,52072,12899,16078,0[CR],2925979312
C,13469,694,16078,0[CR],2925979640
F,52048,12899,16078,0[CR],2925980078
C,13469,692,16078,0[CR],2925980406
F,52024,12899,16078,0[CR],2925980843
C,13467,694,16078,0[CR],2925981281
F,51992,12900,16078,0[CR],2925981609
C,13467,698,16078,0[CR],2925982046
F,51968,12899,16078,0[CR],2925982375
C,13467,694,16078,0[CR],2925982812
F,51952,12899,16078,0[CR],2925983140
A,33704,51936,16078,0[CR],2925983578
F,51920,12901,16078,0[CR],2925984015
C,13465,688,16078,0[CR],2925984343
F,51920,12899,16078,0[CR],2925984781
C,13465,692,16078,0[CR],2925985109
F,51904,12900,16078,0[CR],2925985546
C,13464,698,16078,0[CR],2925985875
F,51888,12901,16078,0[CR],2925986312
C,13464,696,16078,0[CR],2925986750
F,51872,12900,16078,0
<PAUSE BUTTON 09:55:31>
[CR],2925987078
>
Reset interface. Wait time for interface: 94
>
Reset interface. Wait time for interface: 32DOFF
OK
>
Command: DOFF Wait time for interface: 109

>
Reset interface. Wait time for interface: 47CLEAR
OK
>
Command: CLEAR Wait time for interface: 110

<END BUTTON 10:02:12>

------------------- Begin end zero test --------------------
>
Reset interface. Wait time for interface: 31SCANG
F,11935,12685,0,0
C,12088,7520,0,0[CR],2926421890
F,11946,12684,0,0[CR],2926422218
C,12089,6100,0,0[CR],2926422656
F,11940,12684,0,0[CR],2926422984
C,12088,6012,0,0[CR],2926423421
F,11941,12685,0,0[CR],2926423765
C,12090,6538,0,0[CR],2926424218
F,11949,12685,0,0[CR],2926424578
C,12089,6482,0,0[CR],2926425015
F,11945,12684,0,0[CR],2926425359
C,12089,6500,0,0[CR],2926425718
F,11942,12685,0,0[CR],2926426156
C,12088,6628,0,0[CR],2926426500
F,11933,12683,0,0[CR],2926426937
A,34020,11935,0,0[CR],2926427281
F,11924,12687,0,0[CR],2926427718
C,12089,6478,0,0[CR],2926428078
F,11933,12686,0,0[CR],2926428515
C,12088,5472,0,0[CR],2926428859
F,11932,12686,0,0[CR],2926429296
C,12089,6154,0,0[CR],2926429625
F,11935,12686,0,0[CR],2926430062
C,12088,5858,0,0[CR],2926430500
F,11940,12684,0,0[CR],2926430828
C,12088,5878,0,0[CR],2926431265
F,11940,12684,0,0[CR],2926431593
C,12089,5978,0,0[CR],2926432031
F,11937,12685,0,0[CR],2926432359
C,12089,5998,0,0[CR],2926432796
F,11933,12684,0,0[CR],2926433234
A,33988,11933,0,0[CR],2926433562
F,11918,12687,0,0[CR],2926434000
C,12089,6230,0,0[CR],2926434328
F,11935,12686,0,0[CR],2926434765
C,12088,5954,0,0[CR],2926434765
>
Reset interface. Wait time for interface: 15

======== END OF TEST ========


