CPT-log version: 5.22
======== BEGIN OF TEST ========
DATE 21.09.2022

<Transmited Data>
<NEW BUTTON 10:45:08>
[^C][CR]
[^C][CR]
[^C][CR]
CLEAR[CR]
[^C][CR]
DOFF[CR]
[^C][CR]
SCANG[CR]
[^C][CR]
[^C][CR]
CLEAR[CR]

<START BUTTON 10:48:40>
[^C][CR]
[^C][CR]
DRON[CR]
SCANG[CR]

<PAUSE BUTTON 11:04:36>
[^C][CR]
[^C][CR]
DOFF[CR]
[^C][CR]
CLEAR[CR]

<END BUTTON 11:11:28>
[^C][CR]
SCANG[CR]
[^C][CR]


<Received Data>
<NEW BUTTON 10:45:08>

>
Reset interface. Wait time for interface: 47
>
Reset interface. Wait time for interface: 109
>
Reset interface. Wait time for interface: 109CLEAR
OK
>
Command: CLEAR Wait time for interface: 110

>
Reset interface. Wait time for interface: 109DOFF
OK
>
Command: DOFF Wait time for interface: 109

>
Reset interface. Wait time for interface: 32SCANG
Z,0,0,0,0
Z,0,0,0,0[CR],2497005906
Z,0,0,0,0[CR],2497006453
Z,0,0,0,0[CR],2497006890
Z,0,0,0,0[CR],2497007437
Z,0,0,0,0[CR],2497007984
Z,0,0,0,0[CR],2497008421
Z,0,0,0,0[CR],2497008531
C,12123,8325,0,0[CR],2497008968
F,12182,12645,0,0[CR],2497009296
C,12122,10827,0,0[CR],2497009734
F,12190,12645,0,0[CR],2497010171
C,12123,9598,0,0[CR],2497010515
F,12185,12645,0,0[CR],2497010890
C,12122,9414,0,0[CR],2497011265
F,12173,12646,0,0[CR],2497011718
C,12123,9673,0,0[CR],2497012078
F,12182,12646,0,0[CR],2497012421
C,12122,9407,0,0[CR],2497012890
F,12187,12645,0,0[CR],2497013234
A,36348,12179,0,0[CR],2497013671
F,12169,12646,0,0[CR],2497014000
C,12122,9795,0,0[CR],2497014453
F,12188,12645,0,0[CR],2497014781
C,12123,9886,0,0[CR],2497015234
F,12184,12646,0,0[CR],2497015562
C,12123,9771,0,0[CR],2497015671
>
Reset interface. Wait time for interface: 125
>
Reset interface. Wait time for interface: 47CLEAR
OK
>
Command: CLEAR Wait time for interface: 110

<START BUTTON 10:48:40>

>
Reset interface. Wait time for interface: 46
>
Reset interface. Wait time for interface: 110DRON
OK
>
Command: DRON Wait time for interface: 109
SCANG
Z,0,0,0,0
F,13637,15357,0,0[CR],2497178093
C,18326,334,0,0[CR],2497178531
F,13629,15370,0,0[CR],2497178859
C,18304,332,0,0[CR],2497179296
F,13629,15386,0,0[CR],2497179625
C,18286,330,0,0[CR],2497180062
F,13620,15399,0,0[CR],2497180390
C,18270,320,0,0[CR],2497180828
F,13614,15408,0,0[CR],2497181265
C,18252,332,0,0[CR],2497181593
F,13615,15427,0,0[CR],2497182031
A,36064,13609,0,0[CR],2497182359
F,13598,15439,0,0[CR],2497182796
C,18226,334,0,0[CR],2497183125
F,13613,15447,0,0[CR],2497183562
C,18214,330,0,0[CR],2497184000
F,13615,15454,0,0[CR],2497184328
C,18200,332,0,0[CR],2497184765
F,13614,15463,0,0[CR],2497185093
C,18188,322,0,0[CR],2497185531
F,13611,15467,0,0[CR],2497185859
C,18174,332,0,0[CR],2497186296
F,13604,15471,0,0[CR],2497186734
C,18164,322,0,0[CR],2497187062
F,13611,15478,0,0[CR],2497187500
C,18152,338,0,0[CR],2497187828
F,13614,15481,0,0[CR],2497188265
A,36060,13608,0,0[CR],2497188593
F,13592,15490,0,0[CR],2497189031
C,18132,338,0,0[CR],2497189468
F,13601,15492,0,0[CR],2497189796
C,18118,342,0,0[CR],2497190234
F,13598,15501,0,0[CR],2497190562
C,18110,332,0,0[CR],2497191000
F,13597,15509,0,0[CR],2497191328
C,18102,320,0,0[CR],2497191765
F,13594,15512,0,0[CR],2497192203
C,18094,310,0,0[CR],2497192531
F,13597,15526,0,0[CR],2497192968
C,18088,316,0,0[CR],2497193296
F,13598,15530,0,0[CR],2497193734
C,18080,340,0,0[CR],2497194062
F,13594,15541,0,0[CR],2497194500
A,35972,13597,0,0[CR],2497194937
F,13587,15538,0,0[CR],2497195265
C,18064,312,0,0[CR],2497195703
F,13607,15543,0,0[CR],2497196031
C,18056,310,0,0[CR],2497196468
F,13601,15542,0,0[CR],2497196796
C,18048,310,0,0[CR],2497197234
F,13594,15552,0,0[CR],2497197671
C,18040,342,0,0[CR],2497198000
F,13595,15550,0,0[CR],2497198437
C,18034,330,0,0[CR],2497198765
F,13600,15560,0,0[CR],2497199203
C,18028,334,0,0[CR],2497199531
F,13591,15573,0,0[CR],2497199968
C,18022,320,0,0[CR],2497200406
F,13592,15577,0,0[CR],2497200734
A,35976,13589,3,25[CR],2497201171
F,13576,15479,13,25[CR],2497201500
C,19862,326,24,26[CR],2497201937
F,13620,14878,35,27[CR],2497202265
C,19772,326,46,28[CR],2497202703
F,13673,14942,57,29[CR],2497203140
C,19358,324,67,30[CR],2497203468
F,13707,15049,78,24[CR],2497203906
C,18674,352,90,26[CR],2497204234
F,13735,15205,101,25[CR],2497204671
C,17646,334,112,27[CR],2497205000
F,13781,15515,123,31[CR],2497205437
C,16404,346,138,27[CR],2497205875
F,13801,16009,149,27[CR],2497206203
C,15087,348,159,28[CR],2497206640
F,13852,16606,170,29[CR],2497206968
A,35948,13851,177,7[CR],2497207406
F,13814,17202,186,27[CR],2497207734
C,15651,310,196,26[CR],2497208171
F,13864,17172,205,27[CR],2497208609
C,16742,294,217,25[CR],2497208937
F,13963,16190,228,25[CR],2497209375
C,16378,330,238,25[CR],2497209703
F,14335,15783,249,27[CR],2497210140
C,15650,352,259,28[CR],2497210468
F,14377,15642,269,26[CR],2497210906
C,15529,296,278,15[CR],2497211343
F,14455,15914,288,25[CR],2497211671
C,16608,272,298,27[CR],2497212109
F,14596,15778,308,27[CR],2497212437
C,17594,272,318,22[CR],2497212875
F,14306,15563,329,25[CR],2497213203
A,35904,14225,339,25[CR],2497213640
F,14184,15483,349,26[CR],2497214078
C,18654,278,359,27[CR],2497214406
F,14087,15115,369,26[CR],2497214843
C,18642,300,380,24[CR],2497215171
F,14141,14874,390,25[CR],2497215609
C,18414,296,400,25[CR],2497215937
F,14182,14856,410,27[CR],2497216375
C,18222,334,420,28[CR],2497216812
F,14193,14914,431,24[CR],2497217140
C,18068,326,441,25[CR],2497217578
F,14202,14973,451,27[CR],2497217906
C,17958,342,461,27[CR],2497218343
F,14213,14961,471,29[CR],2497218671
C,17912,318,481,24[CR],2497219109
F,14190,14871,492,24[CR],2497219546
A,35908,14162,502,26[CR],2497219875
F,14136,14804,513,27[CR],2497220312
C,17500,328,523,28[CR],2497220640
F,14129,14780,533,27[CR],2497221078
C,16744,314,544,24[CR],2497221406
F,14190,14833,554,25[CR],2497221843
C,15763,348,565,27[CR],2497222171
F,14244,15136,575,27[CR],2497222609
C,14825,346,585,29[CR],2497223046
F,14240,15686,596,24[CR],2497223375
C,13997,336,606,25[CR],2497223812
F,14296,16257,616,26[CR],2497224140
C,13622,310,627,26[CR],2497224578
F,14295,16800,637,27[CR],2497225015
C,13598,292,647,22[CR],2497225343
F,14696,17182,657,25[CR],2497225781
A,35820,15360,667,24[CR],2497226109
F,15568,16734,678,26[CR],2497226546
C,14083,306,688,27[CR],2497226875
F,16245,16013,698,28[CR],2497227312
C,13756,294,708,24[CR],2497227750
F,16057,15761,719,24[CR],2497228078
C,13834,290,730,25[CR],2497228515
F,15195,15609,740,27[CR],2497228843
C,14069,306,750,28[CR],2497229281
F,15593,15402,761,30[CR],2497229609
C,14003,308,771,24[CR],2497230046
F,15730,15177,782,25[CR],2497230484
C,14300,290,792,26[CR],2497230812
F,15376,15402,802,27[CR],2497231250
C,15287,220,812,29[CR],2497231578
F,15467,15512,822,25[CR],2497232015
A,35792,15327,833,24[CR],2497232343
F,15209,14875,843,26[CR],2497232781
C,17562,250,853,27[CR],2497233218
F,14420,14318,864,29[CR],2497233546
C,18072,300,874,22[CR],2497233984
F,13279,14013,884,24[CR],2497234312
C,17116,280,895,25[CR],2497234750
F,13042,13836,905,26[CR],2497235078
C,15613,296,916,27[CR],2497235515
F,13114,13844,927,29[CR],2497235953
C,14526,310,937,28[CR],2497236281
F,13171,14132,948,24[CR],2497236718
C,13839,306,958,25[CR],2497237046
F,13301,14600,969,27[CR],2497237484
C,13533,302,979,27[CR],2497237812
F,13457,15279,989,29[CR],2497238250
A,35764,13664,999,23[CR],2497238687
F,13780,15776,1010,24[CR],2497239015
C,12981,306,1020,25[CR],2497239453
F,14427,15918,1030,27[CR],2497239781
C,13020,300,1040,28[CR],2497240218
F,15388,15673,1051,22[CR],2497240546
C,13024,312,1061,25[CR],2497240984
F,16189,15101,1071,26[CR],2497241421
C,13008,294,1082,27[CR],2497241750
F,17000,14536,1092,27[CR],2497242187
C,12940,306,1102,28[CR],2497242515
F,17804,13965,1113,22[CR],2497242953
C,12925,302,1123,25[CR],2497243281
F,18678,13262,1134,26[CR],2497243718
C,12938,294,1144,27[CR],2497244156
F,19522,13027,1154,27[CR],2497244484
A,35744,20052,1165,25[CR],2497244921
F,20236,13005,1175,24[CR],2497245250
C,12967,300,1186,25[CR],2497245687
F,20894,13010,1196,26[CR],2497246015
C,12961,312,1206,27[CR],2497246453
F,21512,13050,1217,27[CR],2497246890
C,12980,306,1227,24[CR],2497247218
F,22028,13115,1238,25[CR],2497247656
C,12980,290,1248,25[CR],2497247984
F,22532,13197,1259,27[CR],2497248421
C,12994,296,1270,27[CR],2497248750
F,23064,13224,1280,28[CR],2497249187
C,12999,294,1290,27[CR],2497249625
F,23560,13254,1301,25[CR],2497249953
C,13007,300,1311,25[CR],2497250390
F,24046,13267,1322,27[CR],2497250718
A,35712,24432,1332,27[CR],2497251156
F,24572,13243,1342,29[CR],2497251484
C,13370,308,1352,24[CR],2497251921
F,24844,13210,1363,25[CR],2497252359
C,13501,306,1373,26[CR],2497252687
F,24540,13318,1384,27[CR],2497253125
C,13264,300,1394,28[CR],2497253453
F,20362,13266,1404,30[CR],2497253890
C,13204,306,1414,25[CR],2497254218
F,21488,13441,1425,25[CR],2497254656
C,13112,302,1435,27[CR],2497255093
F,22598,13392,1446,27[CR],2497255421
C,13052,302,1456,28[CR],2497255859
F,23746,13380,1466,22[CR],2497256187
C,13026,302,1477,25[CR],2497256625
F,24388,13356,1487,25[CR],2497256953
A,35704,24788,1497,27[CR],2497257390
F,24928,13404,1508,28[CR],2497257828
C,13004,312,1518,27[CR],2497258156
F,25400,13471,1528,24[CR],2497258593
C,13005,320,1538,25[CR],2497258921
F,25744,13462,1549,27[CR],2497259359
C,13006,336,1559,27[CR],2497259687
F,26072,13534,1569,29[CR],2497260125
C,13002,342,1579,25[CR],2497260562
F,26468,13433,1590,25[CR],2497260890
C,13023,346,1601,27[CR],2497261328
F,26872,13441,1611,27[CR],2497261656
C,13048,350,1622,28[CR],2497262093
F,27020,13397,1632,28[CR],2497262421
C,13051,354,1643,21[CR],2497262859
F,26812,13382,1653,25[CR],2497263296
A,35692,26484,1664,26[CR],2497263625
F,26588,13360,1674,27[CR],2497264062
C,13030,350,1684,28[CR],2497264390
F,26508,13361,1694,27[CR],2497264828
C,13034,350,1699,3[CR],2497265156
F,26940,13106,1699,1[CR],2497265593
C,12847,350,1699,0[CR],2497266031
F,26800,13039,1699,0[CR],2497266359
C,12795,360,1699,0[CR],2497266796
F,26820,13009,1699,0[CR],2497267125
C,12757,346,1699,0[CR],2497267562
F,26804,12972,1699,0[CR],2497267890
C,12750,352,1699,0[CR],2497268328
F,26800,12956,1699,0[CR],2497268765
C,12743,346,1699,0[CR],2497269093
F,26784,12953,1699,0[CR],2497269640
Z,0,0,1699,0[CR],2497270078
Z,0,0,1699,0[CR],2497270625
Z,0,0,1699,0[CR],2497271062
Z,0,0,1699,0[CR],2497271609
Z,0,0,1699,0[CR],2497272156
Z,0,0,1699,0[CR],2497272593
Z,0,0,1699,0[CR],2497273140
Z,0,0,1699,0[CR],2497273687
Z,0,0,1699,0[CR],2497274125
Z,0,0,1699,0[CR],2497274671
Z,0,0,1699,0[CR],2497275109
Z,0,0,1699,0[CR],2497275656
Z,0,0,1699,0[CR],2497276093
Z,0,0,1699,0[CR],2497276640
Z,0,0,1699,0[CR],2497277187
Z,0,0,1699,0[CR],2497277625
Z,0,0,1699,0[CR],2497278171
Z,0,0,1699,0[CR],2497278609
Z,0,0,1699,0[CR],2497279156
Z,0,0,1699,0[CR],2497279593
Z,0,0,1699,0[CR],2497280140
Z,0,0,1699,0[CR],2497280687
Z,0,0,1699,0[CR],2497281125
Z,0,0,1699,0[CR],2497281671
Z,0,0,1699,0[CR],2497282109
Z,0,0,1699,0[CR],2497282656
Z,0,0,1699,0[CR],2497283093
Z,0,0,1699,0[CR],2497283640
Z,0,0,1699,0[CR],2497284187
Z,0,0,1699,0[CR],2497284625
Z,0,0,1699,0[CR],2497285171
Z,0,0,1699,0[CR],2497285609
Z,0,0,1699,0[CR],2497286156
Z,0,0,1699,0[CR],2497286593
Z,0,0,1699,0[CR],2497287140
Z,0,0,1699,0[CR],2497287484
C,12619,348,1699,0[CR],2497287921
F,26304,12750,1699,0[CR],2497288359
Z,0,0,1699,0[CR],2497288906
Z,0,0,1699,0[CR],2497289343
Z,0,0,1699,0[CR],2497289890
Z,0,0,1699,0[CR],2497290328
Z,0,0,1699,0[CR],2497290875
Z,0,0,1699,0[CR],2497291312
Z,0,0,1699,0[CR],2497291859
Z,0,0,1699,0[CR],2497292406
Z,0,0,1699,0[CR],2497292843
Z,0,0,1699,0[CR],2497293390
Z,0,0,1699,0[CR],2497293828
Z,0,0,1699,0[CR],2497294375
Z,0,0,1699,0[CR],2497294921
Z,0,0,1699,0[CR],2497295359
Z,0,0,1699,0[CR],2497295906
Z,0,0,1699,0[CR],2497296343
Z,0,0,1699,0[CR],2497296890
Z,0,0,1699,0[CR],2497297328
Z,0,0,1699,0[CR],2497297875
Z,0,0,1699,0[CR],2497298421
Z,0,0,1699,39[CR],2497298859
Z,0,0,1699,35[CR],2497299406
Z,0,0,1700,31[CR],2497299625
F,25760,12716,1707,36[CR],2497299953
C,12583,342,1713,6[CR],2497300390
F,26244,12916,1714,2[CR],2497300718
A,35468,25672,1714,1[CR],2497301156
F,25712,12946,1714,0[CR],2497301484
C,12800,338,1714,0[CR],2497301921
F,25816,12937,1714,0[CR],2497302359
C,12782,324,1714,0[CR],2497302687
F,25944,12940,1714,0[CR],2497303125
C,12772,342,1714,0[CR],2497303453
F,25960,12939,1714,0[CR],2497303890
C,12765,332,1714,0[CR],2497304218
F,25908,12964,1714,0[CR],2497304656
C,12830,338,1715,0[CR],2497305093
F,25916,12944,1715,0[CR],2497305421
C,12803,350,1715,0[CR],2497305859
F,25936,12946,1715,0[CR],2497306187
C,12792,342,1715,0[CR],2497306625
F,25944,12946,1715,0[CR],2497306953
A,35392,25948,1715,0[CR],2497307390
F,25936,12951,1715,0[CR],2497307828
C,12776,340,1719,27[CR],2497308156
F,25964,13155,1729,28[CR],2497308593
C,13098,346,1739,25[CR],2497308921
F,26560,13375,1750,24[CR],2497309359
C,13091,338,1760,25[CR],2497309687
F,26152,13350,1771,27[CR],2497310125
C,13057,346,1781,27[CR],2497310562
F,26116,13358,1791,29[CR],2497310890
C,13061,336,1802,34[CR],2497311328
F,26216,13397,1813,24[CR],2497311656
C,13076,338,1824,25[CR],2497312093
F,26740,13379,1834,26[CR],2497312421
C,13049,336,1844,27[CR],2497312859
F,27032,13366,1855,28[CR],2497313296
A,35404,27132,1865,22[CR],2497313625
F,27128,13349,1875,21[CR],2497314062
C,13060,342,1885,27[CR],2497314390
F,27488,13356,1895,27[CR],2497314828
C,13077,346,1905,28[CR],2497315156
F,27640,13357,1916,28[CR],2497315593
C,13072,342,1926,25[CR],2497315921
F,27468,13343,1936,27[CR],2497316359
C,13046,338,1947,25[CR],2497316796
F,26736,13326,1957,27[CR],2497317125
C,13025,322,1967,30[CR],2497317562
F,26268,13341,1977,24[CR],2497317890
C,13007,332,1988,24[CR],2497318328
F,26248,13357,1999,26[CR],2497318765
C,13009,330,2009,27[CR],2497319093
F,26308,13375,2019,28[CR],2497319531
A,35364,26392,2029,25[CR],2497319859
F,26216,13389,2039,24[CR],2497320296
C,13013,324,2050,25[CR],2497320625
F,26616,13406,2060,27[CR],2497321062
C,13033,324,2071,27[CR],2497321500
F,26444,13420,2081,29[CR],2497321828
C,13047,324,2091,22[CR],2497322265
F,26684,13392,2102,25[CR],2497322593
C,13051,320,2112,25[CR],2497323031
F,26668,13357,2123,27[CR],2497323359
C,13052,302,2133,28[CR],2497323796
F,27460,13372,2143,29[CR],2497324234
C,13095,326,2154,26[CR],2497324562
F,27584,13377,2164,25[CR],2497325000
C,13105,316,2175,26[CR],2497325328
F,28420,13348,2185,27[CR],2497325765
A,35328,28104,2195,28[CR],2497326093
F,28192,13321,2205,26[CR],2497326468
C,13080,318,2216,24[CR],2497326968
F,28028,13320,2226,25[CR],2497327296
C,13073,314,2237,27[CR],2497327734
F,28020,13325,2247,27[CR],2497328062
C,13083,326,2257,27[CR],2497328500
F,28568,13316,2268,22[CR],2497328828
C,13066,308,2278,25[CR],2497329265
F,29400,13308,2289,26[CR],2497329703
C,13057,326,2299,27[CR],2497330031
F,28848,13282,2309,27[CR],2497330468
C,13078,314,2320,29[CR],2497330796
F,28448,13299,2330,25[CR],2497331234
C,13075,330,2340,25[CR],2497331562
F,28036,13320,2351,26[CR],2497332000
A,35304,27704,2361,27[CR],2497332437
F,27676,13315,2372,28[CR],2497332765
C,13072,330,2382,24[CR],2497333203
F,27400,13342,2392,25[CR],2497333531
C,13114,328,2403,26[CR],2497333968
F,27844,13351,2413,26[CR],2497334296
C,13149,334,2423,28[CR],2497334734
F,27500,13357,2433,29[CR],2497335171
C,13199,342,2444,25[CR],2497335500
F,27100,13349,2454,24[CR],2497335937
C,13244,336,2465,26[CR],2497336265
F,26548,13355,2475,27[CR],2497336703
C,13273,358,2485,29[CR],2497337031
F,25348,13382,2495,22[CR],2497337468
C,13278,364,2506,25[CR],2497337906
F,25580,13432,2516,25[CR],2497338234
A,35244,25484,2527,26[CR],2497338671
F,25448,13459,2537,27[CR],2497339000
C,13271,340,2547,28[CR],2497339437
F,25324,13529,2558,23[CR],2497339765
C,13230,368,2568,25[CR],2497340203
F,25728,13644,2578,26[CR],2497340640
C,13272,372,2589,27[CR],2497340968
F,27036,13719,2599,28[CR],2497341406
C,13330,378,2609,30[CR],2497341734
F,27948,13700,2620,25[CR],2497342171
C,13250,382,2630,25[CR],2497342500
F,29080,13674,2641,27[CR],2497342937
C,13239,374,2651,27[CR],2497343375
F,29648,13629,2661,29[CR],2497343703
C,13247,376,2671,25[CR],2497344140
F,30356,13565,2682,24[CR],2497344468
A,35216,30808,2692,26[CR],2497344906
F,30936,13509,2703,26[CR],2497345234
C,13260,372,2713,27[CR],2497345671
F,30520,13461,2723,29[CR],2497346109
C,13241,376,2733,24[CR],2497346437
F,31656,13426,2744,25[CR],2497346875
C,13199,376,2755,26[CR],2497347203
F,32488,13414,2765,27[CR],2497347640
C,13233,374,2775,28[CR],2497347968
F,33140,13378,2785,26[CR],2497348406
C,13205,376,2796,24[CR],2497348843
F,33560,13343,2806,25[CR],2497349171
C,13238,384,2817,26[CR],2497349609
F,34344,13349,2827,27[CR],2497349937
C,13250,378,2837,29[CR],2497350375
F,34728,13317,2847,24[CR],2497350703
A,35212,34192,2858,25[CR],2497351140
F,33708,13257,2868,25[CR],2497351578
C,13257,384,2879,27[CR],2497351906
F,33984,13238,2889,28[CR],2497352343
C,13289,384,2899,23[CR],2497352671
F,34156,13239,2910,24[CR],2497353109
C,13251,380,2920,24[CR],2497353437
F,34260,13226,2931,26[CR],2497353875
C,13234,402,2941,27[CR],2497354312
F,34136,13259,2951,29[CR],2497354640
C,13222,370,2961,22[CR],2497355078
F,34468,13254,2972,25[CR],2497355406
C,13225,412,2982,25[CR],2497355843
F,34380,13281,2993,27[CR],2497356171
C,13218,406,3003,27[CR],2497356609
F,33996,13284,3013,26[CR],2497357046
A,35168,33764,3024,25[CR],2497357375
F,33488,13276,3034,25[CR],2497357812
C,13170,430,3045,26[CR],2497358140
F,32876,13247,3055,27[CR],2497358578
C,13182,434,3065,28[CR],2497358906
F,33056,13260,3075,22[CR],2497359343
C,13268,432,3086,25[CR],2497359781
F,34344,13222,3096,25[CR],2497360109
C,13323,446,3107,27[CR],2497360546
F,34932,13244,3117,27[CR],2497360875
C,13284,426,3127,29[CR],2497361312
F,36116,13238,3138,24[CR],2497361640
C,13297,446,3148,25[CR],2497362078
F,35900,13193,3159,27[CR],2497362515
C,13274,432,3169,27[CR],2497362843
F,36480,13198,3179,27[CR],2497363281
A,35132,36904,3189,27[CR],2497363609
F,36764,13210,3200,25[CR],2497363968
C,13302,438,3210,26[CR],2497364375
F,36608,13201,3221,26[CR],2497364812
C,13249,446,3231,27[CR],2497365250
F,36936,13229,3241,29[CR],2497365578
C,13247,430,3251,24[CR],2497366015
F,37240,13297,3262,24[CR],2497366343
C,13253,446,3272,27[CR],2497366781
F,37112,13318,3283,27[CR],2497367109
C,13239,432,3293,29[CR],2497367546
F,37228,13334,3303,29[CR],2497367984
C,13253,440,3314,25[CR],2497368312
F,37300,13347,3324,25[CR],2497368750
C,13279,424,3334,26[CR],2497369078
F,37600,13327,3345,27[CR],2497369515
A,35096,38036,3355,28[CR],2497369843
F,38252,13345,3365,22[CR],2497370281
C,13295,442,3376,25[CR],2497370718
F,37916,13297,3386,26[CR],2497371078
C,13302,440,3397,27[CR],2497371484
F,37372,13283,3407,27[CR],2497371812
C,13290,438,3417,27[CR],2497372250
F,37944,13275,3427,24[CR],2497372578
C,13260,444,3438,25[CR],2497373015
F,38164,13254,3448,26[CR],2497373453
C,13251,446,3458,27[CR],2497373781
F,37976,13254,3468,28[CR],2497374218
C,13260,444,3479,25[CR],2497374546
F,38240,13280,3489,25[CR],2497374984
C,13302,430,3500,25[CR],2497375312
F,38484,13285,3510,27[CR],2497375750
A,35100,38080,3520,28[CR],2497376187
F,38124,13270,3530,29[CR],2497376515
C,13331,440,3541,25[CR],2497376953
F,38408,13284,3551,25[CR],2497377281
C,13310,466,3562,27[CR],2497377718
F,38772,13277,3572,27[CR],2497378046
C,13279,446,3582,29[CR],2497378484
F,38392,13268,3592,22[CR],2497378921
C,13285,472,3603,25[CR],2497379250
F,38296,13280,3614,26[CR],2497379687
C,13277,480,3624,27[CR],2497380015
F,38576,13286,3635,27[CR],2497380453
C,13267,492,3645,29[CR],2497380781
F,38756,13284,3655,25[CR],2497381218
C,13258,498,3666,25[CR],2497381546
F,38756,13297,3676,26[CR],2497381984
A,35052,38976,3686,27[CR],2497382421
F,39088,13298,3696,28[CR],2497382750
C,13279,498,3700,3[CR],2497383187
F,39404,13067,3700,1[CR],2497383515
C,13094,504,3700,0[CR],2497383953
F,37936,12979,3700,0[CR],2497384390
C,13037,502,3700,0[CR],2497384718
F,37292,12945,3700,0[CR],2497385156
C,13012,506,3700,0[CR],2497385484
F,36884,13006,3700,0[CR],2497385921
C,13025,502,3700,0[CR],2497386250
F,36548,12949,3700,0[CR],2497386687
C,13002,506,3700,0[CR],2497387125
F,36300,12927,3700,0[CR],2497387453
C,12986,492,3700,0[CR],2497387890
F,36108,12913,3700,0[CR],2497388218
A,35000,35984,3700,0[CR],2497388656
F,35980,12873,3700,0[CR],2497389093
Z,0,0,3700,0[CR],2497389640
Z,0,0,3700,0[CR],2497390187
Z,0,0,3700,0[CR],2497390625
Z,0,0,3700,0[CR],2497391171
Z,0,0,3700,3[CR],2497391609
Z,0,0,3700,2[CR],2497392156
Z,0,0,3700,1[CR],2497392703
Z,0,0,3700,0[CR],2497393140
Z,0,0,3700,0[CR],2497393687
Z,0,0,3700,0[CR],2497394125
Z,0,0,3700,0[CR],2497394671
Z,0,0,3700,0[CR],2497395109
Z,0,0,3700,0[CR],2497395656
Z,0,0,3700,0[CR],2497396203
Z,0,0,3700,0[CR],2497396640
Z,0,0,3700,0[CR],2497397187
Z,0,0,3700,0[CR],2497397625
Z,0,0,3700,0[CR],2497398171
Z,0,0,3700,0[CR],2497398718
Z,0,0,3700,0[CR],2497399156
Z,0,0,3700,0[CR],2497399703
Z,0,0,3700,0[CR],2497400140
Z,0,0,3700,0[CR],2497400687
Z,0,0,3700,0[CR],2497400796
A,34944,35348,3700,0[CR],2497401234
Z,0,0,3700,0[CR],2497401781
Z,0,0,3700,0[CR],2497402218
Z,0,0,3700,0[CR],2497402765
Z,0,0,3700,0[CR],2497403203
Z,0,0,3700,0[CR],2497403750
Z,0,0,3700,0[CR],2497404296
Z,0,0,3700,0[CR],2497404734
Z,0,0,3700,0[CR],2497405281
Z,0,0,3700,0[CR],2497405718
Z,0,0,3700,0[CR],2497406265
Z,0,0,3700,0[CR],2497406703
Z,0,0,3700,0[CR],2497407250
Z,0,0,3700,0[CR],2497407796
Z,0,0,3700,0[CR],2497408234
Z,0,0,3700,0[CR],2497408781
Z,0,0,3700,0[CR],2497409218
Z,0,0,3700,0[CR],2497409765
Z,0,0,3700,0[CR],2497410312
Z,0,0,3700,0[CR],2497410750
Z,0,0,3700,0[CR],2497411296
Z,0,0,3700,36[CR],2497411734
Z,0,0,3700,29[CR],2497412281
Z,0,0,3706,36[CR],2497412500
C,12820,468,3710,17[CR],2497412828
F,34660,12844,3712,4[CR],2497413265
A,34872,35044,3712,1[CR],2497413703
F,35148,12911,3712,1[CR],2497414031
C,12975,482,3712,0[CR],2497414468
F,35172,12899,3712,0[CR],2497414796
C,12960,494,3712,0[CR],2497415234
F,35128,12897,3712,0[CR],2497415562
C,12952,500,3712,0[CR],2497416000
F,35164,12894,3713,0[CR],2497416437
C,12946,502,3713,0[CR],2497416765
F,35768,12947,3713,0[CR],2497417203
C,13045,506,3713,0[CR],2497417531
F,36012,12927,3713,0[CR],2497417968
C,13015,506,3713,0[CR],2497418296
F,35884,12917,3713,0[CR],2497418734
C,12999,504,3713,0[CR],2497419171
F,35664,12907,3713,0[CR],2497419500
A,34852,35536,3713,0[CR],2497419937
F,35476,12905,3713,0[CR],2497420265
C,12979,492,3719,26[CR],2497420703
F,35436,13072,3729,28[CR],2497421031
C,13265,490,3739,25[CR],2497421468
F,38624,13230,3749,25[CR],2497421906
C,13312,488,3760,25[CR],2497422234
F,38812,13223,3770,25[CR],2497422671
C,13312,498,3781,27[CR],2497423000
F,38788,13224,3791,29[CR],2497423437
C,13326,504,3801,22[CR],2497423765
F,38468,13218,3811,24[CR],2497424203
C,13335,502,3822,25[CR],2497424640
F,38004,13224,3832,27[CR],2497424968
C,13327,506,3843,28[CR],2497425406
F,37784,13220,3853,30[CR],2497425734
A,34836,37196,3863,24[CR],2497426171
F,37212,13251,3873,24[CR],2497426500
C,13270,492,3884,27[CR],2497426937
F,37372,13271,3894,27[CR],2497427484
Z,0,0,3907,27[CR],2497427703
F,37536,13290,3915,22[CR],2497428140
C,13237,500,3925,25[CR],2497428468
F,37576,13315,3936,26[CR],2497428906
C,13238,496,3946,27[CR],2497429234
F,37548,13328,3956,28[CR],2497429671
C,13240,504,3966,28[CR],2497430109
F,37516,13327,3977,24[CR],2497430437
C,13234,496,3987,25[CR],2497430875
F,37428,13314,3998,26[CR],2497431203
C,13227,518,4008,27[CR],2497431640
F,37612,13294,4018,28[CR],2497431968
A,34844,37588,4028,23[CR],2497432406
F,37496,13293,4039,25[CR],2497432843
C,13276,496,4049,26[CR],2497433171
F,37080,13279,4059,27[CR],2497433609
C,13263,498,4070,28[CR],2497433937
F,37124,13291,4080,30[CR],2497434375
C,13246,494,4090,25[CR],2497434703
F,37252,13304,4101,24[CR],2497435140
C,13249,502,4111,25[CR],2497435578
F,37908,13299,4122,27[CR],2497435906
C,13265,504,4131,29[CR],2497436343
F,38652,13297,4141,22[CR],2497436671
C,13294,528,4152,25[CR],2497437109
F,39332,13277,4162,26[CR],2497437437
C,13308,512,4173,27[CR],2497437875
F,39332,13251,4183,28[CR],2497438312
A,34728,38856,4193,29[CR],2497438640
F,38952,13228,4203,24[CR],2497439078
C,13279,504,4214,25[CR],2497439406
F,39320,13205,4224,26[CR],2497439843
C,13263,540,4234,27[CR],2497440171
F,39404,13199,4244,28[CR],2497440609
C,13256,546,4255,22[CR],2497441046
F,39524,13195,4265,25[CR],2497441375
C,13260,546,4275,26[CR],2497441812
F,39768,13186,4286,27[CR],2497442140
C,13277,556,4296,29[CR],2497442578
F,39792,13170,4306,22[CR],2497442906
C,13290,564,4316,25[CR],2497443343
F,39952,13176,4327,25[CR],2497443781
C,13292,558,4337,27[CR],2497444109
F,40356,13165,4347,28[CR],2497444546
A,34732,40780,4357,24[CR],2497444875
F,40608,13143,4368,25[CR],2497445312
C,13306,556,4378,24[CR],2497445640
F,40008,13106,4388,26[CR],2497446078
C,13301,560,4398,27[CR],2497446515
F,38952,13107,4408,28[CR],2497446843
C,13267,552,4419,25[CR],2497447281
F,39124,13134,4429,24[CR],2497447609
C,13258,560,4439,26[CR],2497448046
F,39480,13174,4450,27[CR],2497448375
C,13259,570,4459,28[CR],2497448812
F,39684,13203,4470,22[CR],2497449140
C,13258,560,4480,24[CR],2497449578
F,39716,13232,4490,26[CR],2497450015
C,13260,562,4501,27[CR],2497450343
F,39728,13255,4511,27[CR],2497450781
A,34716,39732,4521,22[CR],2497451109
F,39680,13276,4531,24[CR],2497451546
C,13244,560,4541,25[CR],2497451984
F,39716,13287,4552,26[CR],2497452312
C,13261,560,4562,27[CR],2497452750
F,39808,13284,4572,25[CR],2497453078
C,13320,554,4582,25[CR],2497453515
F,40100,13284,4592,25[CR],2497453843
C,13315,560,4603,26[CR],2497454281
F,39764,13277,4613,27[CR],2497454718
C,13336,556,4623,27[CR],2497455046
F,40328,13279,4633,22[CR],2497455484
C,13342,564,4643,24[CR],2497455812
F,39476,13279,4654,26[CR],2497456250
C,13350,560,4664,27[CR],2497456578
F,38520,13276,4674,28[CR],2497457015
A,34692,39900,4684,22[CR],2497457453
F,39996,13295,4694,24[CR],2497457734
C,13321,572,4705,25[CR],2497458218
F,40604,13312,4715,26[CR],2497458546
C,13307,560,4725,27[CR],2497458984
F,40916,13324,4735,28[CR],2497459312
C,13328,564,4746,23[CR],2497459750
F,41496,13347,4756,25[CR],2497460187
C,13332,560,4766,26[CR],2497460515
F,41776,13350,4777,27[CR],2497460953
C,13337,560,4786,26[CR],2497461281
F,41928,13358,4797,23[CR],2497461718
C,13343,560,4807,24[CR],2497462046
F,42032,13367,4817,26[CR],2497462484
C,13357,560,4828,27[CR],2497462921
F,41968,13361,4838,28[CR],2497463250
A,34684,41424,4848,24[CR],2497463687
F,41432,13353,4858,25[CR],2497464015
C,13305,560,4868,25[CR],2497464453
F,40844,13342,4879,27[CR],2497464781
C,13303,562,4888,29[CR],2497465218
F,41072,13344,4899,24[CR],2497465546
C,13323,560,4909,24[CR],2497465984
F,41424,13342,4919,25[CR],2497466421
C,13336,552,4930,27[CR],2497466750
F,41416,13333,4940,27[CR],2497467187
C,13362,564,4950,22[CR],2497467515
F,41456,13344,4961,26[CR],2497467953
C,13350,560,4971,26[CR],2497468390
F,41616,13350,4982,26[CR],2497468718
C,13339,562,4992,27[CR],2497469156
F,41904,13335,5002,27[CR],2497469484
A,34632,42224,5013,21[CR],2497469921
F,42168,13308,5023,24[CR],2497470250
C,13334,572,5033,25[CR],2497470687
F,41760,13296,5044,26[CR],2497471125
C,13333,564,5054,27[CR],2497471453
F,41696,13307,5064,23[CR],2497471890
C,13308,564,5074,25[CR],2497472218
F,41048,13298,5084,25[CR],2497472656
C,13297,560,5095,26[CR],2497472984
F,41112,13281,5105,27[CR],2497473421
C,13296,560,5115,29[CR],2497473859
F,41216,13297,5125,25[CR],2497474187
C,13330,568,5135,25[CR],2497474625
F,41424,13286,5146,26[CR],2497474953
C,13324,560,5156,27[CR],2497475390
F,41632,13297,5166,27[CR],2497475718
A,34596,41816,5176,23[CR],2497476156
F,41776,13317,5186,24[CR],2497476593
C,13370,564,5197,25[CR],2497476921
F,42272,13316,5207,27[CR],2497477359
C,13333,572,5217,28[CR],2497477687
F,41488,13304,5227,22[CR],2497478125
C,13324,566,5237,24[CR],2497478453
F,41744,13300,5248,25[CR],2497478890
C,13333,610,5258,26[CR],2497479328
F,41968,13272,5268,27[CR],2497479656
C,13337,594,5278,29[CR],2497480093
F,42040,13295,5288,24[CR],2497480421
C,13334,576,5299,25[CR],2497480859
F,42304,13302,5309,26[CR],2497481187
C,13346,594,5319,27[CR],2497481625
F,42224,13293,5329,29[CR],2497482062
A,34568,41544,5340,24[CR],2497482390
F,41528,13269,5350,24[CR],2497482828
C,13289,628,5360,26[CR],2497483156
F,41800,13262,5371,27[CR],2497483593
C,13269,628,5381,28[CR],2497483921
F,41864,13269,5391,22[CR],2497484359
C,13286,624,5401,25[CR],2497484796
F,42160,13278,5412,26[CR],2497485125
C,13293,622,5422,26[CR],2497485562
F,42480,13256,5432,28[CR],2497485890
C,13321,632,5442,25[CR],2497486328
F,43384,13285,5452,24[CR],2497486656
C,13319,634,5462,26[CR],2497487093
F,42856,13244,5473,26[CR],2497487531
C,13360,626,5483,27[CR],2497487859
F,42984,13237,5493,29[CR],2497488296
A,34564,42840,5503,25[CR],2497488625
F,42768,13204,5514,25[CR],2497489062
C,13333,624,5524,26[CR],2497489390
F,42936,13209,5534,27[CR],2497489828
C,13331,620,5544,29[CR],2497490265
F,42320,13229,5554,24[CR],2497490593
C,13350,634,5565,25[CR],2497491031
F,41520,13201,5575,26[CR],2497491359
C,13384,632,5585,27[CR],2497491796
F,42040,13186,5596,27[CR],2497492234
Z,0,0,5609,27[CR],2497492562
F,42184,13199,5616,24[CR],2497493109
Z,0,0,5629,24[CR],2497493328
F,41768,13221,5637,27[CR],2497493765
C,13300,636,5647,27[CR],2497494093
F,42592,13239,5657,28[CR],2497494531
A,34528,43208,5667,24[CR],2497494859
F,43288,13244,5677,25[CR],2497495296
C,13332,636,5688,26[CR],2497495734
F,43112,13203,5698,27[CR],2497496062
C,13352,636,5704,7[CR],2497496500
F,42600,13146,5704,1[CR],2497496828
C,13251,650,5704,1[CR],2497497265
F,42016,13005,5704,0[CR],2497497593
C,13209,654,5704,0[CR],2497498031
F,41440,12972,5704,0[CR],2497498468
C,13164,662,5704,0[CR],2497498796
F,41040,12947,5704,0[CR],2497499234
C,13141,658,5704,0[CR],2497499562
F,40712,12937,5704,0[CR],2497500000
C,13130,628,5704,0[CR],2497500328
F,40512,12935,5704,0[CR],2497500765
A,34512,40384,5704,0[CR],2497501093
F,40316,12926,5704,0[CR],2497501531
C,13101,658,5704,0[CR],2497501968
F,40184,12923,5704,0[CR],2497502406
Z,0,0,5704,0[CR],2497502953
Z,0,0,5704,0[CR],2497503390
Z,0,0,5704,0[CR],2497503937
Z,0,0,5704,0[CR],2497504484
Z,0,0,5704,0[CR],2497504921
Z,0,0,5704,0[CR],2497505468
Z,0,0,5704,0[CR],2497505906
Z,0,0,5704,0[CR],2497506453
Z,0,0,5704,0[CR],2497507000
Z,0,0,5704,0[CR],2497507437
Z,0,0,5704,0[CR],2497507984
Z,0,0,5704,0[CR],2497508421
Z,0,0,5704,0[CR],2497508968
Z,0,0,5704,0[CR],2497509406
Z,0,0,5704,0[CR],2497509953
Z,0,0,5704,0[CR],2497510500
Z,0,0,5704,0[CR],2497510937
Z,0,0,5704,0[CR],2497511484
Z,0,0,5704,4[CR],2497511921
Z,0,0,5704,5[CR],2497512468
Z,0,0,5704,1[CR],2497512906
Z,0,0,5704,0[CR],2497513453
Z,0,0,5704,0[CR],2497514000
Z,0,0,5704,0[CR],2497514437
Z,0,0,5704,0[CR],2497514984
Z,0,0,5704,0[CR],2497515421
Z,0,0,5704,0[CR],2497515968
Z,0,0,5704,0[CR],2497516515
Z,0,0,5704,0[CR],2497516953
Z,0,0,5704,0[CR],2497517500
Z,0,0,5704,0[CR],2497517937
Z,0,0,5704,0[CR],2497518484
Z,0,0,5704,0[CR],2497518921
Z,0,0,5704,0[CR],2497519468
Z,0,0,5704,0[CR],2497520015
Z,0,0,5704,0[CR],2497520453
Z,0,0,5704,0[CR],2497521000
Z,0,0,5704,0[CR],2497521437
Z,0,0,5704,0[CR],2497521984
Z,0,0,5704,0[CR],2497522421
Z,0,0,5704,0[CR],2497522968
Z,0,0,5704,0[CR],2497523515
Z,0,0,5704,0[CR],2497523953
Z,0,0,5704,0[CR],2497524500
Z,0,0,5704,64[CR],2497524937
Z,0,0,5704,44[CR],2497525484
Z,0,0,5704,36[CR],2497525921
Z,0,0,5719,21[CR],2497526468
Z,0,0,5723,6[CR],2497526578
C,12967,630,5723,4[CR],2497526906
F,39276,12977,5723,1[CR],2497527343
C,13186,634,5723,1[CR],2497527671
F,39268,12933,5723,0[CR],2497528109
C,13129,636,5723,0[CR],2497528546
F,39008,12927,5723,0[CR],2497528875
C,13111,640,5723,0[CR],2497529312
F,38828,12919,5723,0[CR],2497529640
C,13099,632,5723,0[CR],2497530078
F,38744,12916,5728,16[CR],2497530406
C,13089,666,5731,10[CR],2497530843
F,41232,13086,5732,3[CR],2497531171
C,13285,640,5732,1[CR],2497531609
F,41576,13039,5733,0[CR],2497532046
A,34404,41296,5733,0[CR],2497532375
F,41176,12995,5733,0[CR],2497532812
C,13162,636,5733,0[CR],2497533140
F,40900,12987,5733,0[CR],2497533578
C,13141,644,5733,0[CR],2497534015
F,40708,12977,5733,0[CR],2497534343
C,13123,650,5736,22[CR],2497534781
F,40556,12972,5743,25[CR],2497535109
C,13293,644,5752,29[CR],2497535546
F,42440,13224,5763,24[CR],2497535875
C,13284,662,5773,25[CR],2497536312
F,42144,13223,5783,25[CR],2497536750
C,13276,688,5794,27[CR],2497537078
F,41768,13198,5804,29[CR],2497537515
C,13295,680,5814,22[CR],2497537843
F,43192,13218,5824,25[CR],2497538281
A,34404,43520,5835,25[CR],2497538609
F,43488,13222,5845,26[CR],2497539046
C,13305,692,5855,28[CR],2497539484
F,43048,13212,5865,27[CR],2497539828
C,13304,690,5875,23[CR],2497540250
F,42336,13178,5885,24[CR],2497540578
C,13305,698,5896,27[CR],2497541015
F,42160,13155,5906,28[CR],2497541343
C,13273,688,5916,29[CR],2497541781
F,40584,13150,5927,22[CR],2497542218
C,13247,688,5937,27[CR],2497542546
F,41696,13143,5947,25[CR],2497542984
C,13232,698,5958,26[CR],2497543312
F,41776,13135,5968,29[CR],2497543750
C,13221,714,5978,24[CR],2497544078
F,41840,13118,5988,24[CR],2497544515
A,34388,42080,5998,27[CR],2497544953
F,42056,13082,6008,27[CR],2497545281
C,13235,710,6018,28[CR],2497545718
F,42208,13104,6028,25[CR],2497546046
C,13219,696,6039,25[CR],2497546484
F,42232,13115,6049,25[CR],2497546812
C,13266,690,6060,27[CR],2497547250
F,42904,13094,6070,27[CR],2497547687
C,13260,698,6080,29[CR],2497548015
F,43144,13072,6091,24[CR],2497548453
C,13255,698,6101,24[CR],2497548781
F,43104,13069,6112,25[CR],2497549218
C,13282,692,6122,27[CR],2497549546
F,43952,13082,6132,29[CR],2497549984
C,13282,698,6142,22[CR],2497550421
F,43984,13108,6152,25[CR],2497550750
A,34384,43728,6163,25[CR],2497551187
F,43728,13071,6173,27[CR],2497551515
C,13302,698,6183,27[CR],2497551953
F,43680,13074,6194,29[CR],2497552281
C,13276,706,6204,24[CR],2497552718
F,43136,13068,6214,24[CR],2497553156
C,13242,702,6225,26[CR],2497553484
F,43408,13092,6235,27[CR],2497553921
C,13305,702,6245,28[CR],2497554250
F,44408,13086,6255,22[CR],2497554687
C,13298,702,6266,25[CR],2497555015
F,43624,13072,6276,26[CR],2497555453
C,13285,702,6287,27[CR],2497555890
F,43264,13060,6297,28[CR],2497556218
C,13306,698,6307,25[CR],2497556656
F,43640,13058,6317,25[CR],2497556984
A,34380,43464,6328,25[CR],2497557421
F,43504,13048,6338,26[CR],2497557750
C,13270,698,6348,27[CR],2497558187
F,43064,13059,6359,28[CR],2497558625
C,13300,698,6369,22[CR],2497558953
F,44192,13050,6379,24[CR],2497559390
C,13320,702,6390,26[CR],2497559718
F,43848,12989,6400,27[CR],2497560156
C,13342,700,6410,27[CR],2497560484
F,43504,13004,6420,28[CR],2497560921
C,13343,692,6431,25[CR],2497561359
F,43376,12979,6441,25[CR],2497561687
C,13309,700,6451,27[CR],2497562125
F,43032,12996,6462,27[CR],2497562453
C,13262,698,6472,29[CR],2497562890
F,43840,13040,6482,22[CR],2497563218
A,34300,43456,6493,24[CR],2497563656
F,43728,13074,6503,25[CR],2497564093
C,13319,706,6513,26[CR],2497564421
F,43928,13021,6524,27[CR],2497564859
C,13340,714,6533,27[CR],2497565187
F,43608,13004,6544,24[CR],2497565625
C,13353,706,6554,25[CR],2497565953
F,43968,13047,6565,26[CR],2497566390
C,13310,714,6575,27[CR],2497566828
F,43232,13005,6585,28[CR],2497567156
C,13264,732,6595,22[CR],2497567593
F,43240,13007,6606,25[CR],2497567921
C,13267,736,6616,25[CR],2497568359
F,43672,13020,6626,27[CR],2497568687
C,13272,720,6636,28[CR],2497569125
F,43800,13028,6646,22[CR],2497569562
A,34308,43712,6657,25[CR],2497569890
F,43712,13031,6667,25[CR],2497570328
C,13298,730,6678,26[CR],2497570656
F,43696,13043,6688,27[CR],2497571093
C,13290,744,6698,29[CR],2497571421
F,44072,13015,6708,24[CR],2497571859
C,13329,770,6719,24[CR],2497572296
F,43888,12997,6729,25[CR],2497572625
C,13312,754,6740,27[CR],2497573062
F,43272,12966,6750,28[CR],2497573390
C,13282,762,6760,25[CR],2497573828
F,43448,12926,6771,25[CR],2497574156
C,13281,752,6781,25[CR],2497574593
F,42952,12909,6791,26[CR],2497575031
C,13276,748,6802,27[CR],2497575359
F,43056,12949,6812,28[CR],2497575796
A,34308,43856,6822,25[CR],2497576125
F,43992,13004,6832,24[CR],2497576562
C,13347,770,6843,27[CR],2497576890
F,44240,13013,6853,27[CR],2497577328
C,13322,760,6863,29[CR],2497577765
F,43280,13018,6873,22[CR],2497578093
C,13315,766,6884,25[CR],2497578531
F,43552,12985,6894,25[CR],2497578859
C,13291,762,6905,27[CR],2497579296
F,43776,12944,6915,27[CR],2497579625
C,13309,760,6925,30[CR],2497580062
F,44640,13010,6935,25[CR],2497580500
C,13335,764,6946,25[CR],2497580828
F,45472,12984,6956,26[CR],2497581265
C,13318,760,6966,27[CR],2497581593
F,44000,12971,6977,28[CR],2497582031
A,34292,44440,6987,22[CR],2497582359
F,44176,13009,6997,24[CR],2497582796
C,13287,778,7008,26[CR],2497583234
F,43712,13005,7018,27[CR],2497583562
C,13303,762,7028,28[CR],2497584000
F,44000,12990,7038,27[CR],2497584328
C,13333,768,7049,25[CR],2497584765
F,44160,12965,7059,25[CR],2497585093
C,13296,764,7070,27[CR],2497585531
F,43824,12978,7080,27[CR],2497585968
C,13298,766,7090,29[CR],2497586296
F,44008,13031,7100,23[CR],2497586734
C,13277,762,7111,25[CR],2497587062
F,43800,13044,7121,26[CR],2497587500
C,13292,774,7131,27[CR],2497587828
F,44208,13055,7142,27[CR],2497588265
A,34248,44800,7152,29[CR],2497588703
F,44792,13021,7163,24[CR],2497589031
C,13245,774,7173,25[CR],2497589468
F,43928,12967,7183,26[CR],2497589796
C,13304,804,7193,27[CR],2497590234
F,44552,12948,7204,28[CR],2497590562
C,13321,798,7214,22[CR],2497591000
F,44040,12918,7224,24[CR],2497591437
C,13308,798,7234,26[CR],2497591765
F,43056,12922,7245,27[CR],2497592203
C,13295,798,7255,27[CR],2497592531
F,44032,12964,7265,25[CR],2497592968
C,13311,824,7276,25[CR],2497593296
F,44880,12985,7286,26[CR],2497593734
C,13337,816,7296,26[CR],2497594062
F,44704,12977,7307,27[CR],2497594500
A,34240,45016,7317,29[CR],2497594937
F,45344,12998,7327,22[CR],2497595265
C,13311,822,7337,25[CR],2497595703
F,45224,13006,7348,25[CR],2497596031
C,13330,832,7358,27[CR],2497596468
F,44256,13008,7368,28[CR],2497596796
C,13345,836,7378,20[CR],2497597234
F,43896,12956,7389,25[CR],2497597671
C,13312,832,7399,25[CR],2497598000
F,43536,13001,7409,27[CR],2497598437
C,13342,832,7419,28[CR],2497598765
F,44648,13027,7429,21[CR],2497599203
C,13362,832,7440,24[CR],2497599531
F,45128,12985,7450,25[CR],2497599968
C,13378,832,7461,26[CR],2497600406
F,45016,12969,7471,27[CR],2497600734
A,34228,44992,7481,29[CR],2497601171
F,45104,12982,7491,22[CR],2497601500
C,13373,832,7502,25[CR],2497601937
F,44008,12970,7512,27[CR],2497602265
C,13332,832,7522,27[CR],2497602703
F,44928,12994,7533,28[CR],2497603140
C,13353,832,7543,24[CR],2497603468
F,45928,12996,7553,25[CR],2497603906
C,13381,832,7564,26[CR],2497604234
F,46096,12996,7574,26[CR],2497604671
C,13341,828,7584,27[CR],2497605000
F,45984,13004,7594,28[CR],2497605437
C,13357,832,7604,24[CR],2497605875
F,45904,12957,7615,25[CR],2497606203
C,13358,822,7626,26[CR],2497606640
F,45800,12981,7636,27[CR],2497606968
A,34224,44920,7646,28[CR],2497607406
F,45048,12996,7656,22[CR],2497607734
C,13360,818,7666,25[CR],2497608171
F,45168,13001,7677,26[CR],2497608609
C,13274,832,7687,27[CR],2497608937
F,43008,12976,7697,27[CR],2497609375
C,13262,832,7701,5[CR],2497609703
F,43648,12916,7704,7[CR],2497610140
C,13198,836,7704,2[CR],2497610468
F,43224,12897,7704,1[CR],2497610906
C,13086,832,7704,0[CR],2497611343
F,42088,12879,7704,0[CR],2497611671
C,13050,832,7704,0[CR],2497612109
F,41640,12872,7704,0[CR],2497612437
C,13035,832,7704,0[CR],2497612875
F,41336,12873,7704,0[CR],2497613203
A,34184,41464,7704,0[CR],2497613640
F,41360,12866,7704,0[CR],2497614078
C,13029,832,7704,0[CR],2497614406
F,41256,12865,7704,0[CR],2497614843
C,13023,832,7704,0[CR],2497615281
Z,0,0,7704,0[CR],2497615828
Z,0,0,7704,0[CR],2497616375
Z,0,0,7704,0[CR],2497616812
Z,0,0,7704,0[CR],2497617359
Z,0,0,7704,0[CR],2497617796
Z,0,0,7704,0[CR],2497618343
Z,0,0,7704,0[CR],2497618781
Z,0,0,7704,0[CR],2497619328
Z,0,0,7704,0[CR],2497619875
Z,0,0,7704,0[CR],2497620312
Z,0,0,7704,0[CR],2497620859
Z,0,0,7704,0[CR],2497621296
Z,0,0,7704,0[CR],2497621843
Z,0,0,7704,0[CR],2497622390
Z,0,0,7704,0[CR],2497622828
Z,0,0,7704,0[CR],2497623375
Z,0,0,7704,0[CR],2497623812
Z,0,0,7704,0[CR],2497624359
Z,0,0,7704,0[CR],2497624796
Z,0,0,7704,0[CR],2497625343
Z,0,0,7704,0[CR],2497625890
Z,0,0,7704,0[CR],2497626328
Z,0,0,7704,0[CR],2497626875
Z,0,0,7704,0[CR],2497627312
Z,0,0,7704,0[CR],2497627859
Z,0,0,7704,0[CR],2497628296
Z,0,0,7704,0[CR],2497628843
Z,0,0,7704,0[CR],2497629281
F,38912,12818,7704,0[CR],2497629609
C,12928,836,7704,0[CR],2497630156
Z,0,0,7704,0[CR],2497630703
Z,0,0,7704,0[CR],2497631140
Z,0,0,7704,0[CR],2497631687
Z,0,0,7704,0[CR],2497632125
Z,0,0,7704,0[CR],2497632671
Z,0,0,7704,0[CR],2497633109
Z,0,0,7704,0[CR],2497633656
Z,0,0,7704,0[CR],2497634203
Z,0,0,7704,0[CR],2497634640
Z,0,0,7704,0[CR],2497635187
Z,0,0,7704,0[CR],2497635625
Z,0,0,7704,0[CR],2497636171
Z,0,0,7704,0[CR],2497636609
Z,0,0,7704,0[CR],2497637156
Z,0,0,7704,0[CR],2497637703
Z,0,0,7704,0[CR],2497638140
Z,0,0,7704,0[CR],2497638687
Z,0,0,7704,0[CR],2497639125
Z,0,0,7704,5[CR],2497639671
Z,0,0,7704,64[CR],2497640218
Z,0,0,7704,54[CR],2497640656
Z,0,0,7717,8[CR],2497640984
F,38360,12835,7719,4[CR],2497641421
C,13052,828,7719,1[CR],2497641750
F,40588,12875,7719,1[CR],2497642187
C,13045,832,7719,0[CR],2497642515
F,40312,12868,7719,0[CR],2497642953
C,13025,828,7719,0[CR],2497643281
F,40160,12863,7719,0[CR],2497643718
C,13015,814,7719,0[CR],2497644156
F,40048,12860,7720,0[CR],2497644484
A,34144,39984,7722,3[CR],2497644921
F,42248,12930,7724,4[CR],2497645250
C,13225,836,7725,4[CR],2497645687
F,42944,12963,7726,1[CR],2497646015
C,13192,822,7726,1[CR],2497646453
F,42648,12917,7726,0[CR],2497646890
C,13127,832,7726,0[CR],2497647218
F,42384,12917,7726,0[CR],2497647656
C,13126,832,7726,0[CR],2497647984
F,42272,12911,7726,0[CR],2497648421
C,13107,828,7731,24[CR],2497648750
F,42784,12984,7739,24[CR],2497649187
C,13324,836,7749,24[CR],2497649625
F,45056,13067,7760,25[CR],2497649953
C,13353,828,7770,25[CR],2497650390
F,45576,13041,7781,27[CR],2497650718
A,34096,45912,7791,29[CR],2497651156
F,45592,13030,7801,22[CR],2497651484
C,13346,832,7811,25[CR],2497651921
F,45664,12989,7822,26[CR],2497652359
C,13351,840,7832,27[CR],2497652687
F,46440,12995,7842,28[CR],2497653125
C,13324,840,7852,25[CR],2497653453
F,44824,12976,7863,25[CR],2497653890
C,13344,832,7873,24[CR],2497654218
F,44952,13000,7883,26[CR],2497654656
C,13374,832,7894,28[CR],2497655093
F,45496,12998,7904,30[CR],2497655421
C,13373,828,7914,24[CR],2497655859
F,45776,13001,7925,24[CR],2497656187
C,13320,836,7935,26[CR],2497656625
F,44616,13036,7945,27[CR],2497656953
A,34088,45168,7955,28[CR],2497657390
F,45168,13024,7965,22[CR],2497657828
C,13319,840,7976,25[CR],2497658156
F,45720,13032,7986,25[CR],2497658593
C,13366,832,7997,27[CR],2497658921
F,46416,13042,8007,28[CR],2497659359
C,13402,832,8017,28[CR],2497659687
F,45776,13033,8027,24[CR],2497660125
C,13362,832,8037,25[CR],2497660562
F,46824,13027,8048,25[CR],2497660890
C,13360,832,8058,27[CR],2497661328
F,46264,13035,8068,28[CR],2497661656
C,13365,836,8078,22[CR],2497662093
F,46216,12995,8089,24[CR],2497662421
C,13402,836,8099,25[CR],2497662859
F,45776,12955,8110,26[CR],2497663296
A,34068,44816,8120,29[CR],2497663625
F,45336,12989,8130,22[CR],2497664078
C,13358,818,8140,24[CR],2497664390
F,45832,13020,8151,25[CR],2497664828
C,13388,844,8161,26[CR],2497665156
F,46696,13016,8171,27[CR],2497665593
C,13386,862,8181,29[CR],2497666031
F,46840,13021,8192,25[CR],2497666359
C,13430,844,8202,24[CR],2497666796
F,47080,13008,8213,25[CR],2497667125
C,13416,850,8223,27[CR],2497667562
F,45672,12973,8233,27[CR],2497668000
C,13379,858,8243,22[CR],2497668328
F,45448,12984,8253,24[CR],2497668765
C,13347,850,8264,25[CR],2497669093
F,46272,13003,8274,27[CR],2497669531
A,34084,46584,8284,27[CR],2497669859
F,46496,13008,8295,28[CR],2497670296
C,13326,884,8305,25[CR],2497670734
F,46232,13008,8315,25[CR],2497671078
C,13337,876,8326,25[CR],2497671500
F,46728,12981,8336,27[CR],2497671828
C,13342,884,8346,29[CR],2497672265
F,46808,12995,8356,22[CR],2497672593
C,13363,892,8367,24[CR],2497673031
F,47272,13007,8377,25[CR],2497673468
C,13365,892,8387,27[CR],2497673796
F,46608,12950,8398,28[CR],2497674234
C,13401,880,8407,22[CR],2497674562
F,45200,12903,8418,25[CR],2497675000
C,13362,896,8428,25[CR],2497675328
F,45720,12941,8438,26[CR],2497675765
A,34052,46056,8448,27[CR],2497676203
F,46120,12989,8459,25[CR],2497676531
C,13406,902,8469,25[CR],2497676968
F,46688,12990,8479,24[CR],2497677296
C,13421,892,8490,26[CR],2497677734
F,47232,12986,8500,27[CR],2497678062
C,13375,902,8510,28[CR],2497678500
F,46472,13008,8520,22[CR],2497678937
C,13402,902,8531,25[CR],2497679265
F,46304,12997,8541,26[CR],2497679703
C,13406,896,8551,26[CR],2497680031
F,47256,13028,8562,27[CR],2497680468
C,13418,902,8571,22[CR],2497680796
F,47728,13013,8582,25[CR],2497681234
C,13443,902,8592,24[CR],2497681671
F,47776,13041,8603,26[CR],2497682000
A,34056,47728,8613,27[CR],2497682437
F,47336,13024,8623,28[CR],2497682765
C,13427,910,8633,22[CR],2497683203
F,46752,13027,8644,25[CR],2497683531
C,13441,906,8654,25[CR],2497683968
F,47840,13031,8664,27[CR],2497684406
C,13444,906,8674,27[CR],2497684734
F,48176,13001,8684,22[CR],2497685171
C,13399,902,8695,24[CR],2497685500
F,47392,13017,8705,25[CR],2497685937
C,13434,902,8715,26[CR],2497686265
F,47592,13027,8726,27[CR],2497686703
C,13399,902,8736,29[CR],2497687140
F,46432,12968,8746,24[CR],2497687468
C,13404,914,8757,25[CR],2497687906
F,47016,12998,8767,26[CR],2497688234
A,34080,47736,8778,27[CR],2497688671
F,47656,13039,8788,29[CR],2497689000
C,13359,910,8797,24[CR],2497689437
F,47400,12993,8808,24[CR],2497689875
C,13371,902,8818,25[CR],2497690203
F,47264,12998,8829,27[CR],2497690640
C,13340,902,8839,29[CR],2497690968
F,46272,13017,8849,22[CR],2497691406
C,13375,902,8859,24[CR],2497691734
F,47048,13021,8870,25[CR],2497692171
C,13433,906,8880,27[CR],2497692500
F,46680,12961,8890,27[CR],2497692937
C,13436,906,8900,29[CR],2497693375
F,46008,12906,8911,24[CR],2497693703
C,13392,892,8921,24[CR],2497694140
F,45792,12957,8931,25[CR],2497694468
A,34032,46928,8942,27[CR],2497694906
F,47456,13020,8952,29[CR],2497695234
C,13407,902,8962,22[CR],2497695671
F,47376,13017,8973,25[CR],2497696109
C,13398,902,8983,25[CR],2497696437
F,47672,13028,8993,27[CR],2497696875
C,13405,906,9003,27[CR],2497697203
F,47664,13020,9013,25[CR],2497697640
C,13404,910,9024,25[CR],2497697968
F,45976,12952,9034,24[CR],2497698406
C,13420,902,9044,26[CR],2497698843
F,46760,12939,9055,27[CR],2497699171
C,13448,906,9065,29[CR],2497699609
F,44040,12910,9075,24[CR],2497699937
C,13373,918,9085,25[CR],2497700375
F,45744,12979,9096,25[CR],2497700703
A,34020,46576,9106,27[CR],2497701140
F,46744,13022,9116,27[CR],2497701578
C,13411,932,9126,21[CR],2497701906
F,47168,13008,9137,24[CR],2497702343
C,13442,940,9147,25[CR],2497702671
F,47792,13020,9157,27[CR],2497703109
C,13403,950,9167,27[CR],2497703437
F,46520,13012,9177,22[CR],2497703875
C,13411,972,9187,25[CR],2497704312
F,45576,12995,9198,25[CR],2497704640
C,13418,962,9208,26[CR],2497705078
F,46896,12998,9218,27[CR],2497705406
C,13381,972,9228,29[CR],2497705843
F,47512,12990,9238,25[CR],2497706281
C,13357,954,9249,25[CR],2497706609
F,47488,12990,9259,26[CR],2497707046
A,34028,48128,9269,27[CR],2497707375
F,48416,13027,9279,28[CR],2497707812
C,13406,940,9289,21[CR],2497708140
F,48216,13031,9300,25[CR],2497708578
C,13413,936,9310,25[CR],2497709015
F,48176,13034,9320,27[CR],2497709343
C,13413,950,9330,28[CR],2497709781
F,48128,12986,9341,22[CR],2497710109
C,13417,944,9351,25[CR],2497710546
F,46824,12911,9361,26[CR],2497710875
C,13395,950,9371,27[CR],2497711312
F,46568,12930,9381,27[CR],2497711750
C,13395,958,9391,25[CR],2497712078
F,47128,12978,9402,25[CR],2497712515
C,13448,962,9412,25[CR],2497712843
F,47120,13013,9422,26[CR],2497713281
A,34032,47624,9432,28[CR],2497713609
F,47904,13037,9442,25[CR],2497714046
C,13471,954,9452,24[CR],2497714484
F,48040,13023,9463,25[CR],2497714812
C,13422,958,9473,26[CR],2497715250
F,47000,13010,9483,27[CR],2497715578
C,13419,966,9493,26[CR],2497716015
F,46352,13038,9503,24[CR],2497716343
C,13411,972,9514,25[CR],2497716781
F,47792,13042,9524,26[CR],2497717218
C,13413,972,9534,27[CR],2497717546
F,47504,13013,9544,29[CR],2497717984
C,13413,976,9554,25[CR],2497718312
F,47376,13021,9565,25[CR],2497718750
C,13449,976,9575,27[CR],2497719078
F,48800,13081,9585,27[CR],2497719515
A,34028,49152,9595,28[CR],2497719953
F,48864,12994,9605,24[CR],2497720281
C,13498,972,9616,24[CR],2497720718
F,48672,12982,9626,26[CR],2497721046
C,13478,954,9636,27[CR],2497721484
F,47784,12964,9646,28[CR],2497721812
C,13486,972,9656,21[CR],2497722250
F,48072,13016,9667,24[CR],2497722687
C,13506,966,9677,26[CR],2497723015
F,49512,13035,9687,27[CR],2497723453
C,13497,976,9697,28[CR],2497723781
F,48880,12976,9700,4[CR],2497724218
C,13483,976,9700,1[CR],2497724546
F,47088,12866,9700,0[CR],2497724984
C,13329,976,9701,0[CR],2497725421
F,46368,12889,9702,2[CR],2497725750
A,34016,47032,9703,2[CR],2497726187
F,47176,12889,9703,1[CR],2497726515
C,13326,990,9703,0[CR],2497726953
F,45640,12849,9703,0[CR],2497727281
C,13261,972,9703,0[CR],2497727718
F,45080,12842,9703,0[CR],2497728046
C,13243,972,9703,0[CR],2497728484
F,44736,12838,9703,0[CR],2497729031
Z,0,0,9703,0[CR],2497729468
Z,0,0,9703,0[CR],2497730015
Z,0,0,9703,0[CR],2497730453
Z,0,0,9703,0[CR],2497731000
Z,0,0,9703,0[CR],2497731546
Z,0,0,9703,0[CR],2497731984
Z,0,0,9703,0[CR],2497732531
Z,0,0,9703,0[CR],2497732968
Z,0,0,9703,0[CR],2497733515
Z,0,0,9703,0[CR],2497734062
Z,0,0,9703,0[CR],2497734500
Z,0,0,9703,0[CR],2497735046
Z,0,0,9703,0[CR],2497735484
Z,0,0,9703,0[CR],2497736031
Z,0,0,9703,0[CR],2497736468
Z,0,0,9703,0[CR],2497737015
Z,0,0,9703,0[CR],2497737562
Z,0,0,9703,0[CR],2497738000
Z,0,0,9703,0[CR],2497738546
Z,0,0,9703,0[CR],2497738984
Z,0,0,9703,0[CR],2497739531
Z,0,0,9703,0[CR],2497740078
Z,0,0,9703,0[CR],2497740515
Z,0,0,9703,0[CR],2497741062
Z,0,0,9703,0[CR],2497741500
Z,0,0,9703,0[CR],2497742046
Z,0,0,9703,0[CR],2497742593
Z,0,0,9703,0[CR],2497743031
Z,0,0,9703,0[CR],2497743578
Z,0,0,9703,0[CR],2497744015
Z,0,0,9703,0[CR],2497744562
Z,0,0,9703,0[CR],2497745000
Z,0,0,9703,0[CR],2497745546
Z,0,0,9703,0[CR],2497746093
Z,0,0,9703,0[CR],2497746531
Z,0,0,9703,0[CR],2497747078
Z,0,0,9703,0[CR],2497747515
Z,0,0,9703,0[CR],2497748062
Z,0,0,9703,0[CR],2497748500
Z,0,0,9703,0[CR],2497749046
Z,0,0,9703,0[CR],2497749593
Z,0,0,9703,0[CR],2497750031
Z,0,0,9703,0[CR],2497750578
Z,0,0,9703,0[CR],2497751015
Z,0,0,9703,0[CR],2497751562
Z,0,0,9703,0[CR],2497752000
Z,0,0,9703,51[CR],2497752546
Z,0,0,9703,47[CR],2497753093
Z,0,0,9703,35[CR],2497753531
F,42312,12802,9715,17[CR],2497753859
C,13058,972,9719,6[CR],2497754296
F,43200,12954,9719,1[CR],2497754625
C,13316,972,9719,1[CR],2497755062
F,43824,12869,9719,0[CR],2497755390
C,13269,972,9719,0[CR],2497755828
F,43608,12862,9719,0[CR],2497756265
C,13250,976,9719,0[CR],2497756593
F,43496,12860,9719,0[CR],2497757031
A,33940,43424,9719,0[CR],2497757359
F,43392,12858,9720,0[CR],2497757796
C,13228,972,9721,2[CR],2497758125
F,45552,12944,9721,1[CR],2497758562
C,13402,976,9721,0[CR],2497759000
F,45200,12902,9721,0[CR],2497759328
C,13343,962,9721,0[CR],2497759765
F,44896,12893,9721,0[CR],2497760093
C,13327,972,9721,0[CR],2497760531
F,44688,12891,9721,0[CR],2497760859
C,13325,972,9721,0[CR],2497761296
F,44528,12890,9721,0[CR],2497761734
C,13328,976,9729,27[CR],2497762062
F,45816,13118,9739,24[CR],2497762500
C,13520,972,9750,25[CR],2497762828
F,47496,13033,9760,26[CR],2497763265
A,33920,48112,9771,26[CR],2497763703
F,48296,13046,9781,27[CR],2497764031
C,13520,972,9791,28[CR],2497764468
F,48496,13031,9801,22[CR],2497764828
C,13478,976,9811,25[CR],2497765234
F,48320,13030,9822,26[CR],2497765562
C,13448,988,9832,27[CR],2497766000
F,47616,12997,9842,28[CR],2497766437
C,13417,966,9852,24[CR],2497766765
F,47792,12982,9863,25[CR],2497767203
C,13462,984,9873,24[CR],2497767531
F,48448,13003,9884,27[CR],2497767968
C,13454,972,9894,27[CR],2497768296
F,49080,13042,9904,29[CR],2497768734
C,13466,958,9914,24[CR],2497769062
F,49704,13026,9925,24[CR],2497769500
A,33908,48928,9935,26[CR],2497769937
F,48776,12959,9945,27[CR],2497770265
C,13460,976,9955,29[CR],2497770703
F,48488,12936,9966,22[CR],2497771031
C,13472,972,9976,24[CR],2497771468
F,48288,12909,9987,25[CR],2497771906
C,13431,972,9997,26[CR],2497772234
F,47968,12937,10007,28[CR],2497772671
C,13443,984,10017,28[CR],2497773000
F,49024,12991,10027,24[CR],2497773437
C,13488,1014,10037,25[CR],2497773765
F,49384,12982,10048,26[CR],2497774203
C,13453,1006,10058,27[CR],2497774531
F,48600,12981,10068,28[CR],2497774968
C,13408,998,10078,22[CR],2497775406
F,48176,13062,10089,25[CR],2497775734
A,33916,48896,10100,25[CR],2497776171
F,49192,13081,10110,27[CR],2497776500
C,13460,998,10120,28[CR],2497776937
F,49616,13041,10130,22[CR],2497777375
C,13495,1002,10140,25[CR],2497777703
F,50024,12999,10151,25[CR],2497778140
C,13531,976,10161,26[CR],2497778468
F,49424,12976,10171,27[CR],2497778906
C,13552,1006,10182,28[CR],2497779234
F,48136,12974,10192,25[CR],2497779671
C,13483,984,10202,24[CR],2497780109
F,49488,12999,10213,26[CR],2497780437
C,13506,1002,10223,27[CR],2497780875
F,50256,13025,10233,28[CR],2497781203
C,13510,1010,10243,22[CR],2497781640
F,50720,13056,10253,25[CR],2497781968
A,33928,50280,10264,25[CR],2497782406
F,50328,13078,10274,27[CR],2497782843
C,13501,1024,10285,27[CR],2497783171
F,50808,13070,10295,28[CR],2497783609
C,13552,1028,10305,25[CR],2497783937
F,50888,13048,10315,25[CR],2497784375
C,13518,1018,10326,25[CR],2497784703
F,50760,13005,10336,27[CR],2497785140
C,13536,1006,10346,29[CR],2497785578
F,50432,13030,10356,24[CR],2497785906
C,13489,1046,10367,25[CR],2497786343
F,49600,13009,10377,26[CR],2497786671
C,13550,1040,10387,26[CR],2497787109
F,50120,13008,10398,28[CR],2497787437
C,13551,1032,10407,22[CR],2497787875
F,49432,12957,10418,25[CR],2497788312
A,33892,48840,10428,24[CR],2497788640
F,49240,12952,10439,27[CR],2497789078
C,13512,1014,10449,27[CR],2497789406
F,48992,12965,10459,29[CR],2497789843
C,13451,1040,10469,24[CR],2497790171
F,49072,12976,10480,24[CR],2497790609
C,13444,1036,10490,26[CR],2497791046
F,50200,13002,10501,27[CR],2497791375
C,13512,1040,10511,29[CR],2497791812
F,50536,12983,10521,22[CR],2497792140
C,13492,1042,10531,25[CR],2497792578
F,50760,12968,10542,25[CR],2497792906
C,13481,1042,10552,26[CR],2497793343
F,50000,12972,10562,27[CR],2497793671
C,13462,1028,10572,25[CR],2497794109
F,50440,12992,10582,25[CR],2497794546
A,33884,49800,10593,25[CR],2497794875
F,49184,12917,10603,26[CR],2497795312
C,13482,1024,10613,27[CR],2497795640
F,48488,12904,10624,29[CR],2497796078
C,13482,1016,10634,22[CR],2497796515
F,48272,12899,10644,25[CR],2497796843
C,13478,998,10654,26[CR],2497797281
F,49488,12934,10665,27[CR],2497797609
C,13495,1006,10675,27[CR],2497798046
F,49456,12947,10685,29[CR],2497798375
C,13527,980,10695,25[CR],2497798812
F,50208,12965,10706,25[CR],2497799250
C,13523,980,10716,26[CR],2497799578
F,49112,12914,10726,27[CR],2497800015
C,13499,972,10736,29[CR],2497800343
F,48704,12916,10747,23[CR],2497800781
A,33868,49448,10757,25[CR],2497801109
F,49360,12964,10768,25[CR],2497801546
C,13505,972,10778,27[CR],2497801984
F,49976,13007,10788,28[CR],2497802328
C,13516,980,10798,24[CR],2497802750
F,51208,13085,10809,25[CR],2497803078
C,13507,980,10819,25[CR],2497803515
F,51280,13039,10829,26[CR],2497803843
C,13513,998,10839,27[CR],2497804281
F,50008,13005,10850,29[CR],2497804718
C,13513,988,10860,24[CR],2497805046
F,50192,12998,10870,25[CR],2497805484
C,13503,994,10881,25[CR],2497805812
F,49568,13014,10891,27[CR],2497806250
C,13492,1002,10901,29[CR],2497806578
F,49872,13006,10911,22[CR],2497807015
A,33884,50224,10921,24[CR],2497807453
F,50192,12977,10932,25[CR],2497807781
C,13452,1028,10942,26[CR],2497808218
F,50568,12981,10952,28[CR],2497808546
C,13513,1002,10962,25[CR],2497808984
F,50880,13034,10973,24[CR],2497809312
C,13494,1004,10983,25[CR],2497809750
F,51280,13057,10994,26[CR],2497810187
C,13517,1036,11004,27[CR],2497810515
F,51464,13008,11014,29[CR],2497810953
C,13512,1010,11024,24[CR],2497811281
F,50632,12990,11034,25[CR],2497811718
C,13539,1000,11045,26[CR],2497812046
F,50304,12956,11055,27[CR],2497812484
C,13529,1000,11065,29[CR],2497812812
F,49976,12911,11075,22[CR],2497813250
A,33888,49848,11086,24[CR],2497813687
F,50904,12977,11096,26[CR],2497814015
C,13557,992,11106,27[CR],2497814453
F,51616,13007,11117,27[CR],2497814781
C,13615,1008,11127,21[CR],2497815218
F,51496,12982,11137,24[CR],2497815546
C,13622,1004,11148,25[CR],2497815984
F,51352,13001,11158,27[CR],2497816421
C,13589,1036,11168,27[CR],2497816750
F,50016,12975,11178,29[CR],2497817187
C,13524,1042,11188,24[CR],2497817515
F,50144,13056,11199,25[CR],2497817953
C,13535,1038,11209,26[CR],2497818281
F,51360,13083,11219,27[CR],2497818718
C,13537,1038,11230,28[CR],2497819156
F,52264,13103,11239,21[CR],2497819484
A,33896,52344,11250,25[CR],2497819921
F,52000,13062,11260,25[CR],2497820250
C,13512,1044,11271,27[CR],2497820687
F,51384,13084,11281,27[CR],2497821015
C,13530,1044,11291,27[CR],2497821468
F,50528,13005,11301,24[CR],2497821890
C,13579,1058,11312,25[CR],2497822218
F,50856,13017,11322,26[CR],2497822656
C,13558,1044,11332,27[CR],2497822984
F,49128,12958,11342,29[CR],2497823421
C,13515,1044,11352,24[CR],2497823750
F,50080,13044,11363,25[CR],2497824187
C,13574,1040,11373,26[CR],2497824625
F,51600,13089,11383,27[CR],2497824953
C,13559,1048,11394,28[CR],2497825390
F,51856,13066,11404,22[CR],2497825718
A,33900,51384,11414,24[CR],2497826156
F,51200,13061,11424,26[CR],2497826484
C,13514,1052,11434,27[CR],2497826921
F,51432,13043,11445,27[CR],2497827359
C,13566,1048,11455,22[CR],2497827687
F,50784,12962,11465,25[CR],2497828125
C,13589,1038,11476,25[CR],2497828453
F,49720,12932,11486,27[CR],2497828890
C,13558,1048,11496,27[CR],2497829218
F,51608,12970,11506,29[CR],2497829656
C,13575,1048,11516,22[CR],2497830093
F,52488,13002,11527,25[CR],2497830421
C,13538,1048,11537,26[CR],2497830859
F,52792,13008,11548,27[CR],2497831187
C,13586,1056,11558,28[CR],2497831625
F,52232,13007,11568,22[CR],2497831953
A,33868,52256,11578,25[CR],2497832390
F,52184,12997,11589,26[CR],2497832750
C,13633,1054,11599,28[CR],2497833156
F,51008,12989,11610,27[CR],2497833593
C,13554,1078,11620,28[CR],2497833921
F,51544,13001,11631,21[CR],2497834359
C,13544,1074,11641,25[CR],2497834687
F,51904,12996,11651,26[CR],2497835125
C,13547,1104,11662,27[CR],2497835562
F,52072,13012,11672,28[CR],2497835890
C,13557,1112,11682,25[CR],2497836328
F,51808,13054,11692,24[CR],2497836656
C,13567,1112,11701,14[CR],2497837093
F,52376,13105,11704,3[CR],2497837421
C,13566,1114,11704,1[CR],2497837859
F,50440,12996,11704,0[CR],2497838296
A,33848,49616,11704,0[CR],2497838625
F,49336,12957,11704,0[CR],2497839062
C,13388,1114,11704,0[CR],2497839390
F,48696,12943,11704,0[CR],2497839828
C,13364,1114,11704,0[CR],2497840156
F,48280,12935,11704,0[CR],2497840593
C,13350,1114,11704,0[CR],2497841031
F,48032,12933,11704,0[CR],2497841359
C,13366,1114,11704,0[CR],2497841796
F,47752,12931,11704,0[CR],2497842125
C,13381,1116,11704,0[CR],2497842671
Z,0,0,11704,0[CR],2497843109
Z,0,0,11704,0[CR],2497843656
Z,0,0,11704,0[CR],2497844203
Z,0,0,11704,0[CR],2497844640
Z,0,0,11704,0[CR],2497845187
Z,0,0,11704,0[CR],2497845734
Z,0,0,11704,0[CR],2497846171
Z,0,0,11704,0[CR],2497846718
Z,0,0,11704,0[CR],2497847156
Z,0,0,11704,0[CR],2497847703
Z,0,0,11704,0[CR],2497848250
Z,0,0,11704,0[CR],2497848687
Z,0,0,11704,0[CR],2497849234
Z,0,0,11704,0[CR],2497849671
Z,0,0,11704,0[CR],2497850218
Z,0,0,11704,0[CR],2497850656
Z,0,0,11704,0[CR],2497851203
Z,0,0,11704,0[CR],2497851750
Z,0,0,11704,0[CR],2497852187
Z,0,0,11704,0[CR],2497852734
Z,0,0,11704,0[CR],2497853171
Z,0,0,11704,0[CR],2497853718
Z,0,0,11704,0[CR],2497854156
Z,0,0,11704,0[CR],2497854703
Z,0,0,11704,0[CR],2497855250
Z,0,0,11704,0[CR],2497855687
Z,0,0,11704,0[CR],2497856234
Z,0,0,11704,0[CR],2497856671
Z,0,0,11704,0[CR],2497857218
Z,0,0,11704,0[CR],2497857656
Z,0,0,11704,0[CR],2497858203
Z,0,0,11704,0[CR],2497858750
Z,0,0,11704,0[CR],2497859187
Z,0,0,11704,0[CR],2497859734
Z,0,0,11704,0[CR],2497860171
Z,0,0,11704,0[CR],2497860718
Z,0,0,11704,0[CR],2497861265
Z,0,0,11704,0[CR],2497861703
Z,0,0,11704,0[CR],2497862250
Z,0,0,11704,0[CR],2497862687
Z,0,0,11704,0[CR],2497863234
Z,0,0,11704,0[CR],2497863671
Z,0,0,11704,0[CR],2497864218
Z,0,0,11704,0[CR],2497864765
Z,0,0,11704,0[CR],2497865203
Z,0,0,11704,0[CR],2497865750
Z,0,0,11704,0[CR],2497866187
Z,0,0,11704,60[CR],2497866734
Z,0,0,11719,34[CR],2497867171
C,13156,1102,11722,3[CR],2497867500
F,46736,12945,11722,1[CR],2497867937
C,13426,1102,11722,0[CR],2497868375
F,46792,12925,11722,0[CR],2497868703
C,13371,1112,11722,0[CR],2497869140
F,46592,12919,11722,0[CR],2497869468
A,33840,46496,11722,0[CR],2497869906
F,46448,12917,11722,0[CR],2497870265
C,13342,1098,11722,0[CR],2497870671
F,46344,12916,11722,0[CR],2497871109
C,13333,1112,11725,9[CR],2497871437
F,46264,13180,11729,4[CR],2497871875
C,13621,1112,11729,1[CR],2497872203
F,49960,12984,11729,1[CR],2497872640
C,13490,1112,11729,0[CR],2497873078
F,49632,12963,11729,0[CR],2497873406
C,13449,1112,11729,0[CR],2497873843
F,49080,12951,11729,0[CR],2497874171
C,13421,1112,11729,0[CR],2497874609
F,48688,12944,11729,0[CR],2497874937
C,13406,1098,11731,30[CR],2497875375
F,48408,12940,11737,11[CR],2497875812
A,33804,50672,11746,24[CR],2497876140
F,51000,13106,11756,27[CR],2497876578
C,13559,1112,11767,28[CR],2497876906
F,51976,13046,11776,23[CR],2497877343
C,13577,1112,11787,24[CR],2497877671
F,52224,13026,11797,25[CR],2497878109
C,13559,1116,11808,27[CR],2497878546
F,52624,13033,11818,27[CR],2497878875
C,13590,1112,11828,29[CR],2497879312
F,52800,13050,11838,25[CR],2497879640
C,13594,1112,11849,24[CR],2497880078
F,52464,13064,11859,26[CR],2497880406
C,13605,1112,11869,27[CR],2497880843
F,51632,12995,11879,29[CR],2497881281
C,13572,1102,11889,21[CR],2497881609
F,50648,12992,11900,24[CR],2497882046
A,33824,51520,11910,25[CR],2497882375
F,51752,13014,11921,27[CR],2497882812
C,13599,1112,11931,28[CR],2497883140
F,52848,12993,11941,26[CR],2497883578
C,13578,1098,11952,24[CR],2497884015
F,52992,13007,11962,25[CR],2497884343
C,13567,1112,11972,25[CR],2497884781
F,51920,13010,11982,27[CR],2497885109
C,13556,1112,11992,28[CR],2497885546
F,50824,13000,12003,24[CR],2497885875
C,13527,1102,12013,25[CR],2497886312
F,50720,13057,12023,26[CR],2497886750
C,13549,1120,12034,27[CR],2497887078
F,51264,13036,12044,27[CR],2497887515
C,13587,1112,12054,22[CR],2497887843
F,52496,13040,12064,24[CR],2497888281
A,33816,53232,12075,26[CR],2497888609
F,53376,13067,12085,26[CR],2497889046
C,13541,1112,12095,27[CR],2497889484
F,52680,13028,12105,28[CR],2497889812
C,13565,1112,12116,24[CR],2497890250
F,51728,13013,12126,24[CR],2497890578
C,13593,1112,12136,26[CR],2497891015
F,51264,12954,12147,27[CR],2497891343
C,13606,1112,12157,28[CR],2497891781
F,51904,12927,12167,22[CR],2497892218
C,13602,1112,12178,24[CR],2497892546
F,52320,12975,12188,25[CR],2497892984
C,13585,1112,12198,27[CR],2497893312
F,52056,12971,12208,27[CR],2497893750
C,13566,1116,12218,28[CR],2497894078
F,52856,13022,12229,25[CR],2497894515
A,33768,52600,12239,25[CR],2497894953
F,52392,13026,12250,27[CR],2497895281
C,13554,1112,12260,27[CR],2497895718
F,51688,13051,12270,28[CR],2497896046
C,13598,1112,12280,22[CR],2497896484
F,52360,13077,12290,24[CR],2497896812
C,13613,1106,12301,26[CR],2497897359
Z,0,0,12314,26[CR],2497897687
C,13611,1112,12321,27[CR],2497898015
F,53672,13061,12331,21[CR],2497898453
C,13616,1112,12341,24[CR],2497898781
F,53592,13004,12351,26[CR],2497899218
C,13634,1112,12361,27[CR],2497899546
F,51816,12995,12372,28[CR],2497899984
C,13607,1112,12382,23[CR],2497900421
F,51256,13026,12392,25[CR],2497900750
A,33812,52248,12403,25[CR],2497901187
F,52280,13048,12413,27[CR],2497901515
C,13542,1112,12423,27[CR],2497901953
F,52600,13016,12433,24[CR],2497902281
C,13678,1116,12443,25[CR],2497902718
F,54008,13032,12453,26[CR],2497903156
C,13816,1112,12464,27[CR],2497903484
F,53856,13039,12474,28[CR],2497903921
C,13711,1094,12485,30[CR],2497904250
F,53136,13054,12495,22[CR],2497904687
C,13562,1112,12506,25[CR],2497905015
F,52472,13060,12516,25[CR],2497905453
C,13500,1116,12527,25[CR],2497905890
F,52712,13028,12537,27[CR],2497906218
C,13531,1120,12547,28[CR],2497906656
F,53624,13023,12557,24[CR],2497906984
A,33780,53144,12567,25[CR],2497907421
F,52584,13025,12577,26[CR],2497907765
C,13597,1112,12587,27[CR],2497908187
F,51504,13008,12598,29[CR],2497908625
C,13584,1112,12608,22[CR],2497908953
F,52608,13015,12618,25[CR],2497909390
C,13544,1116,12629,26[CR],2497909718
F,53320,13057,12639,27[CR],2497910156
C,13597,1112,12649,28[CR],2497910484
F,53936,13036,12659,22[CR],2497910921
C,13626,1116,12669,25[CR],2497911359
F,52376,13024,12680,25[CR],2497911687
C,13555,1112,12690,27[CR],2497912125
F,53232,13042,12700,27[CR],2497912453
C,13574,1128,12710,29[CR],2497912890
F,52256,13039,12720,24[CR],2497913218
A,33800,52592,12730,25[CR],2497913656
F,53200,13074,12741,25[CR],2497914093
C,13679,1120,12751,28[CR],2497914421
F,53720,13025,12761,29[CR],2497914859
C,13720,1134,12771,24[CR],2497915187
F,53224,13063,12781,25[CR],2497915625
C,13674,1128,12792,26[CR],2497915953
F,53568,13052,12802,27[CR],2497916390
C,13707,1154,12812,28[CR],2497916718
F,53592,13067,12822,25[CR],2497917156
C,13712,1142,12833,24[CR],2497917593
F,52912,13064,12843,26[CR],2497917921
C,13663,1124,12853,27[CR],2497918359
F,52680,13069,12863,29[CR],2497918687
C,13579,1168,12873,25[CR],2497919125
F,53648,13078,12884,24[CR],2497919562
A,33800,52760,12894,25[CR],2497919890
F,52096,13056,12904,27[CR],2497920328
C,13619,1168,12914,28[CR],2497920656
F,53096,13035,12925,26[CR],2497921093
C,13605,1150,12935,24[CR],2497921421
F,53128,13018,12945,25[CR],2497921859
C,13555,1164,12956,27[CR],2497922296
F,53248,13064,12966,27[CR],2497922625
C,13534,1168,12976,29[CR],2497923062
F,53672,13086,12986,25[CR],2497923390
C,13600,1172,12997,25[CR],2497923828
F,54040,13043,13007,26[CR],2497924156
C,13581,1172,13017,27[CR],2497924593
F,54400,13034,13028,28[CR],2497925031
C,13572,1176,13037,21[CR],2497925359
F,54184,13040,13048,25[CR],2497925796
A,33768,53896,13059,25[CR],2497926125
F,53440,12975,13069,27[CR],2497926562
C,13595,1172,13079,28[CR],2497926890
F,53504,12950,13089,27[CR],2497927328
C,13640,1176,13099,24[CR],2497927765
F,52304,12904,13110,25[CR],2497928093
C,13666,1180,13120,26[CR],2497928531
F,53440,12981,13130,27[CR],2497928859
C,13652,1186,13140,30[CR],2497929296
F,54528,13054,13151,25[CR],2497929625
C,13689,1180,13161,25[CR],2497930062
F,55168,13068,13171,26[CR],2497930500
C,13677,1186,13182,27[CR],2497930828
F,56024,13042,13192,28[CR],2497931265
C,13699,1186,13202,22[CR],2497931593
F,54376,13039,13213,25[CR],2497932031
A,33808,53912,13223,25[CR],2497932359
F,53648,13030,13234,27[CR],2497932796
C,13737,1180,13244,27[CR],2497933234
F,53208,13053,13255,28[CR],2497933562
C,13746,1176,13264,22[CR],2497934000
F,54456,13056,13275,24[CR],2497934328
C,13695,1180,13285,24[CR],2497934765
F,55136,13046,13295,27[CR],2497935093
C,13690,1180,13305,28[CR],2497935531
F,55616,13108,13315,22[CR],2497935968
C,13671,1180,13326,24[CR],2497936296
F,55456,13068,13336,26[CR],2497936734
C,13662,1180,13346,27[CR],2497937062
F,54456,13041,13356,27[CR],2497937500
C,13663,1190,13366,27[CR],2497937828
F,54688,13072,13377,25[CR],2497938265
A,33804,55032,13387,25[CR],2497938703
F,55312,13091,13397,27[CR],2497939031
C,13675,1212,13408,27[CR],2497939468
F,55408,13061,13417,27[CR],2497939796
C,13683,1194,13428,24[CR],2497940234
F,55928,13071,13438,25[CR],2497940562
C,13712,1198,13448,26[CR],2497941000
F,54952,13068,13459,27[CR],2497941437
C,13712,1194,13469,29[CR],2497941765
F,54488,13060,13479,25[CR],2497942203
C,13691,1202,13490,25[CR],2497942531
F,55432,13036,13500,25[CR],2497942968
C,13711,1220,13510,27[CR],2497943296
F,55616,13016,13520,27[CR],2497943734
C,13604,1224,13530,22[CR],2497944171
F,54752,13053,13541,25[CR],2497944500
A,33784,54968,13551,26[CR],2497944937
F,55368,13078,13561,27[CR],2497945265
C,13729,1250,13572,27[CR],2497945703
F,55088,13079,13582,27[CR],2497946031
C,13659,1242,13592,25[CR],2497946468
F,53784,13082,13602,25[CR],2497946906
C,13684,1250,13613,26[CR],2497947234
F,54912,13063,13623,27[CR],2497947671
C,13655,1250,13633,28[CR],2497948000
F,55336,13040,13643,22[CR],2497948437
C,13653,1260,13654,24[CR],2497948765
F,54856,12987,13664,26[CR],2497949203
C,13651,1260,13674,27[CR],2497949640
F,54768,13016,13685,28[CR],2497949968
C,13675,1250,13695,27[CR],2497950406
F,53792,13015,13701,7[CR],2497950734
A,33748,53680,13704,7[CR],2497951171
F,53856,12969,13704,1[CR],2497951500
C,13548,1250,13704,1[CR],2497951937
F,52920,12906,13704,0[CR],2497952375
C,13518,1256,13704,0[CR],2497952703
F,52024,12877,13704,0[CR],2497953140
C,13451,1250,13704,0[CR],2497953468
F,51176,12866,13704,0[CR],2497953906
C,13427,1250,13705,0[CR],2497954234
F,50720,12863,13705,0[CR],2497954671
C,13430,1250,13705,0[CR],2497955109
F,50504,12857,13705,0[CR],2497955437
C,13411,1250,13705,0[CR],2497955875
F,50264,12854,13705,0[CR],2497956312
Z,0,0,13705,0[CR],2497956859
Z,0,0,13705,0[CR],2497957296
Z,0,0,13705,0[CR],2497957843
Z,0,0,13705,0[CR],2497958390
Z,0,0,13705,0[CR],2497958828
Z,0,0,13705,0[CR],2497959375
Z,0,0,13705,0[CR],2497959812
Z,0,0,13705,0[CR],2497960359
Z,0,0,13705,0[CR],2497960906
Z,0,0,13705,0[CR],2497961343
Z,0,0,13705,0[CR],2497961890
Z,0,0,13705,0[CR],2497962328
Z,0,0,13705,0[CR],2497962875
Z,0,0,13705,0[CR],2497963312
Z,0,0,13705,0[CR],2497963859
Z,0,0,13705,0[CR],2497964406
Z,0,0,13705,0[CR],2497964843
Z,0,0,13705,0[CR],2497965390
Z,0,0,13705,0[CR],2497965828
Z,0,0,13705,0[CR],2497966375
Z,0,0,13705,0[CR],2497966921
Z,0,0,13705,0[CR],2497967359
Z,0,0,13705,0[CR],2497967578
F,48632,12829,13705,0[CR],2497967906
C,13226,1242,13705,0[CR],2497968453
Z,0,0,13705,0[CR],2497968890
Z,0,0,13705,0[CR],2497969437
Z,0,0,13705,0[CR],2497969984
Z,0,0,13705,0[CR],2497970421
Z,0,0,13705,0[CR],2497970968
Z,0,0,13705,0[CR],2497971406
Z,0,0,13705,0[CR],2497971953
Z,0,0,13705,0[CR],2497972500
Z,0,0,13705,0[CR],2497972937
Z,0,0,13705,0[CR],2497973484
Z,0,0,13705,0[CR],2497973921
Z,0,0,13705,0[CR],2497974468
Z,0,0,13705,0[CR],2497974906
Z,0,0,13705,0[CR],2497975453
Z,0,0,13705,0[CR],2497976000
Z,0,0,13705,0[CR],2497976437
Z,0,0,13705,0[CR],2497976984
Z,0,0,13705,0[CR],2497977421
Z,0,0,13705,35[CR],2497977968
Z,0,0,13705,79[CR],2497978406
Z,0,0,13705,73[CR],2497978953
Z,0,0,13720,16[CR],2497979281
F,47936,12877,13720,2[CR],2497979718
C,13551,1250,13720,1[CR],2497980046
F,49616,12880,13720,0[CR],2497980484
C,13449,1242,13720,0[CR],2497980812
F,49400,12871,13720,0[CR],2497981250
C,13426,1256,13720,0[CR],2497981578
F,49216,12865,13720,0[CR],2497982015
A,33752,49072,13724,9[CR],2497982343
F,49008,13025,13727,7[CR],2497982781
C,13628,1250,13729,4[CR],2497983218
F,52784,12952,13729,1[CR],2497983546
C,13575,1246,13729,0[CR],2497983984
F,53024,12910,13729,0[CR],2497984312
C,13509,1250,13729,0[CR],2497984750
F,52216,12892,13729,0[CR],2497985187
C,13459,1242,13729,0[CR],2497985515
F,51592,12879,13729,0[CR],2497985953
C,13423,1250,13729,0[CR],2497986281
F,51184,12872,13735,22[CR],2497986718
C,13650,1250,13744,25[CR],2497987046
F,54992,13072,13754,27[CR],2497987484
C,13760,1250,13764,28[CR],2497987921
F,55592,13000,13775,25[CR],2497988250
A,33744,54400,13785,25[CR],2497988687
F,54432,12975,13796,26[CR],2497989015
C,13680,1250,13806,27[CR],2497989453
F,55408,13014,13817,31[CR],2497989781
C,13658,1250,13827,22[CR],2497990218
F,56320,13048,13838,25[CR],2497990656
C,13637,1256,13848,25[CR],2497990984
F,56096,13049,13858,26[CR],2497991421
C,13743,1256,13868,27[CR],2497991750
F,54816,12993,13878,24[CR],2497992187
C,13699,1242,13889,24[CR],2497992515
F,54672,13044,13899,25[CR],2497992953
C,13625,1250,13909,27[CR],2497993390
F,55128,13059,13920,27[CR],2497993718
C,13612,1250,13930,29[CR],2497994156
F,55520,13025,13940,22[CR],2497994484
A,33796,55800,13950,24[CR],2497994921
F,55872,13060,13961,25[CR],2497995250
C,13650,1250,13971,27[CR],2497995687
F,56624,13048,13981,28[CR],2497996125
C,13679,1250,13991,22[CR],2497996453
F,56752,13050,14002,24[CR],2497996890
C,13683,1250,14012,25[CR],2497997218
F,56448,13039,14022,26[CR],2497997656
C,13700,1242,14032,28[CR],2497997984
F,55264,12979,14042,27[CR],2497998421
C,13726,1246,14053,24[CR],2497998859
F,55800,12994,14063,25[CR],2497999187
C,13658,1256,14073,26[CR],2497999625
F,56024,13007,14084,27[CR],2497999953
C,13683,1242,14094,29[CR],2498000390
F,56712,13021,14104,22[CR],2498000718
A,33756,56048,14115,25[CR],2498001156
F,55872,13039,14125,25[CR],2498001515
C,13667,1246,14135,26[CR],2498001921
F,55904,13089,14145,29[CR],2498002359
C,13702,1260,14155,24[CR],2498002687
F,56560,13059,14166,24[CR],2498003125
C,13709,1264,14176,25[CR],2498003453
F,55488,13007,14187,26[CR],2498003890
C,13664,1264,14197,27[CR],2498004328
F,53888,12992,14207,29[CR],2498004656
C,13641,1250,14217,24[CR],2498005093
F,54624,13007,14227,25[CR],2498005421
C,13688,1256,14237,26[CR],2498005859
F,55128,13051,14248,27[CR],2498006187
C,13660,1264,14258,28[CR],2498006625
F,54704,13022,14268,22[CR],2498007062
A,33720,55280,14278,24[CR],2498007390
F,55688,13064,14288,25[CR],2498007828
C,13714,1250,14298,25[CR],2498008156
F,56408,13092,14308,28[CR],2498008593
C,13718,1260,14318,25[CR],2498008921
F,56272,13076,14329,26[CR],2498009359
C,13767,1250,14339,27[CR],2498009687
F,56024,13004,14350,27[CR],2498010125
C,13745,1246,14360,27[CR],2498010562
F,53648,12950,14369,22[CR],2498010890
C,13689,1250,14380,24[CR],2498011328
F,55296,12985,14390,25[CR],2498011656
C,13683,1256,14401,27[CR],2498012093
F,55704,12985,14410,27[CR],2498012421
C,13706,1242,14420,22[CR],2498012859
F,56296,13069,14431,25[CR],2498013296
A,33736,57056,14441,25[CR],2498013625
F,57288,13116,14451,27[CR],2498014062
C,13682,1256,14461,27[CR],2498014390
F,57168,13087,14471,29[CR],2498014828
C,13718,1256,14482,25[CR],2498015156
F,57040,13064,14493,25[CR],2498015593
C,13680,1250,14503,25[CR],2498016031
F,55880,13015,14513,26[CR],2498016359
C,13691,1250,14523,27[CR],2498016796
F,55360,13019,14533,27[CR],2498017125
C,13653,1256,14544,24[CR],2498017562
F,55568,13004,14554,25[CR],2498018000
C,13688,1250,14564,27[CR],2498018328
F,56288,12981,14574,27[CR],2498018765
C,13699,1250,14584,25[CR],2498019093
F,56120,12998,14595,24[CR],2498019531
A,33752,54856,14605,25[CR],2498019859
F,55840,13072,14615,26[CR],2498020296
C,13780,1250,14625,27[CR],2498020734
F,56824,13104,14635,24[CR],2498021062
C,13753,1256,14646,25[CR],2498021500
F,56592,13079,14656,24[CR],2498021828
C,13727,1256,14666,26[CR],2498022265
F,57152,13085,14676,27[CR],2498022593
C,13710,1242,14686,28[CR],2498023031
F,57232,13050,14696,23[CR],2498023468
C,13737,1246,14707,25[CR],2498023796
F,56256,13039,14717,25[CR],2498024234
C,13751,1256,14727,26[CR],2498024562
F,55560,13061,14737,27[CR],2498025000
C,13690,1256,14747,22[CR],2498025328
F,56056,13043,14758,24[CR],2498025765
A,33736,56296,14768,25[CR],2498026203
F,56184,13032,14779,27[CR],2498026531
C,13654,1256,14789,28[CR],2498026968
F,56392,13034,14798,24[CR],2498027296
C,13604,1268,14809,24[CR],2498027734
F,55952,13073,14819,25[CR],2498028062
C,13654,1268,14829,26[CR],2498028500
F,55360,13010,14839,27[CR],2498028828
C,13627,1272,14849,22[CR],2498029265
F,55264,13013,14860,24[CR],2498029703
C,13602,1260,14870,25[CR],2498030031
F,55672,13005,14880,26[CR],2498030468
C,13682,1268,14890,27[CR],2498030796
F,55416,13007,14900,28[CR],2498031234
C,13713,1268,14910,23[CR],2498031562
F,56064,13032,14920,24[CR],2498032000
A,33712,56056,14930,26[CR],2498032437
F,56016,13028,14940,28[CR],2498032765
C,13717,1302,14950,22[CR],2498033203
F,56288,13044,14960,24[CR],2498033531
C,13746,1316,14971,26[CR],2498033968
F,56736,13038,14981,26[CR],2498034296
C,13698,1312,14991,27[CR],2498034734
F,56856,13065,15001,29[CR],2498035171
C,13742,1316,15011,24[CR],2498035500
F,57200,13052,15021,25[CR],2498035937
C,13789,1312,15032,26[CR],2498036265
F,56432,13060,15042,27[CR],2498036703
C,13794,1320,15052,28[CR],2498037140
F,55712,13061,15062,25[CR],2498037468
C,13837,1326,15072,25[CR],2498037906
F,56928,13075,15082,27[CR],2498038234
A,33692,57200,15092,27[CR],2498038671
F,57264,13061,15103,28[CR],2498039031
C,13782,1326,15113,24[CR],2498039437
F,57576,13075,15123,24[CR],2498039875
C,13830,1320,15133,26[CR],2498040203
F,58008,13057,15143,27[CR],2498040640
C,13924,1326,15153,28[CR],2498040968
F,57840,13094,15164,23[CR],2498041406
C,13871,1320,15174,24[CR],2498041734
F,58056,13107,15184,25[CR],2498042171
C,13783,1316,15194,27[CR],2498042609
F,58240,13132,15204,28[CR],2498042937
C,13787,1320,15215,22[CR],2498043375
F,58792,13157,15225,24[CR],2498043703
C,13865,1320,15235,26[CR],2498044140
F,58056,13116,15245,27[CR],2498044468
A,33748,58096,15255,27[CR],2498044906
F,58064,13115,15266,26[CR],2498045343
C,13856,1320,15276,24[CR],2498045671
F,57800,13124,15286,25[CR],2498046109
C,13831,1320,15297,27[CR],2498046437
F,56784,13079,15307,27[CR],2498046875
C,13723,1320,15317,25[CR],2498047203
F,56928,13087,15327,22[CR],2498047640
C,13734,1326,15337,25[CR],2498048078
F,57840,13084,15348,26[CR],2498048406
C,13726,1320,15358,27[CR],2498048843
F,58128,13055,15368,29[CR],2498049171
C,13863,1330,15378,24[CR],2498049609
F,57320,13027,15388,25[CR],2498049937
C,13887,1330,15399,26[CR],2498050375
F,56704,13097,15409,27[CR],2498050812
A,33696,57656,15419,27[CR],2498051140
F,57640,13102,15429,24[CR],2498051578
C,13755,1330,15439,24[CR],2498051906
F,58392,13065,15449,26[CR],2498052343
C,13838,1342,15460,27[CR],2498052671
F,58512,13087,15470,28[CR],2498053109
C,13820,1360,15480,21[CR],2498053546
F,58880,13135,15490,24[CR],2498053875
C,13887,1364,15500,25[CR],2498054312
F,58560,13120,15511,27[CR],2498054640
C,13942,1382,15521,27[CR],2498055078
F,58304,13076,15531,29[CR],2498055406
C,13917,1378,15541,24[CR],2498055843
F,58536,13058,15551,25[CR],2498056281
C,13861,1386,15562,27[CR],2498056609
F,59928,13134,15572,27[CR],2498057046
A,33716,60640,15582,28[CR],2498057375
F,60920,13155,15592,24[CR],2498057812
C,13984,1390,15602,25[CR],2498058140
F,60376,13168,15613,25[CR],2498058578
C,13966,1396,15623,27[CR],2498059015
F,61272,13182,15633,29[CR],2498059343
C,13924,1390,15643,23[CR],2498059781
F,60048,13125,15653,25[CR],2498060109
C,13836,1386,15663,27[CR],2498060546
F,58256,13093,15674,27[CR],2498060875
C,13815,1400,15684,28[CR],2498061312
F,58064,13097,15694,20[CR],2498061750
C,13832,1386,15700,7[CR],2498062078
F,59560,13069,15701,3[CR],2498062515
C,13721,1386,15703,3[CR],2498062843
F,58640,13026,15704,3[CR],2498063281
A,33712,58728,15704,1[CR],2498063609
F,58528,13000,15704,1[CR],2498064046
C,13651,1390,15704,0[CR],2498064484
F,57696,12991,15704,0[CR],2498064812
C,13625,1390,15704,0[CR],2498065250
F,57224,12973,15704,0[CR],2498065578
C,13587,1390,15704,0[CR],2498066015
F,56672,12964,15704,0[CR],2498066453
Z,0,0,15704,0[CR],2498067000
Z,0,0,15704,0[CR],2498067546
Z,0,0,15704,0[CR],2498067984
Z,0,0,15704,0[CR],2498068531
Z,0,0,15704,0[CR],2498068968
Z,0,0,15704,0[CR],2498069515
Z,0,0,15704,0[CR],2498070062
Z,0,0,15704,0[CR],2498070500
Z,0,0,15704,0[CR],2498071046
Z,0,0,15704,0[CR],2498071484
Z,0,0,15704,0[CR],2498072031
Z,0,0,15704,0[CR],2498072578
Z,0,0,15704,0[CR],2498073015
Z,0,0,15704,0[CR],2498073562
Z,0,0,15704,0[CR],2498074000
Z,0,0,15704,0[CR],2498074546
Z,0,0,15704,0[CR],2498075093
Z,0,0,15704,0[CR],2498075531
Z,0,0,15704,0[CR],2498076078
Z,0,0,15704,0[CR],2498076515
Z,0,0,15704,0[CR],2498077062
Z,0,0,15704,0[CR],2498077500
Z,0,0,15704,0[CR],2498078046
Z,0,0,15704,0[CR],2498078593
Z,0,0,15704,0[CR],2498079031
Z,0,0,15704,0[CR],2498079578
Z,0,0,15704,0[CR],2498080015
Z,0,0,15704,0[CR],2498080562
Z,0,0,15704,0[CR],2498081109
Z,0,0,15704,0[CR],2498081546
Z,0,0,15704,0[CR],2498082093
Z,0,0,15704,0[CR],2498082531
Z,0,0,15704,0[CR],2498083078
Z,0,0,15704,0[CR],2498083515
Z,0,0,15704,0[CR],2498084062
Z,0,0,15704,0[CR],2498084609
Z,0,0,15704,0[CR],2498085046
Z,0,0,15704,0[CR],2498085593
Z,0,0,15704,0[CR],2498086031
Z,0,0,15704,0[CR],2498086578
Z,0,0,15704,0[CR],2498087015
Z,0,0,15704,0[CR],2498087562
Z,0,0,15704,0[CR],2498088109
Z,0,0,15704,34[CR],2498088546
Z,0,0,15704,64[CR],2498089093
Z,0,0,15704,64[CR],2498089531
Z,0,0,15718,26[CR],2498089859
C,13332,1386,15720,5[CR],2498090187
F,53824,13009,15720,1[CR],2498090625
C,13630,1390,15720,1[CR],2498090953
F,54600,12958,15720,0[CR],2498091390
C,13572,1390,15720,0[CR],2498091828
F,54400,12953,15720,0[CR],2498092156
C,13550,1390,15720,0[CR],2498092593
F,54248,12950,15720,0[CR],2498092921
C,13534,1390,15723,4[CR],2498093359
F,54104,13113,15724,2[CR],2498093687
C,13767,1390,15725,2[CR],2498094125
F,57152,13036,15725,1[CR],2498094562
A,33708,57168,15726,2[CR],2498094890
F,57184,13051,15728,3[CR],2498095328
C,13709,1386,15728,2[CR],2498095656
F,57776,13048,15728,1[CR],2498096093
C,13651,1390,15728,0[CR],2498096421
F,57448,13008,15728,0[CR],2498096859
C,13605,1390,15729,0[CR],2498097296
F,57072,12994,15736,22[CR],2498097625
C,13741,1400,15746,26[CR],2498098062
F,59640,13190,15757,27[CR],2498098390
C,13863,1378,15767,28[CR],2498098828
F,60648,13117,15777,22[CR],2498099156
C,13924,1390,15787,25[CR],2498099593
F,60248,13118,15797,26[CR],2498100031
C,13925,1390,15808,27[CR],2498100359
F,59560,13132,15818,27[CR],2498100796
A,33688,59624,15828,22[CR],2498101125
F,60008,13185,15838,25[CR],2498101562
C,13969,1390,15848,24[CR],2498101890
F,60464,13120,15859,27[CR],2498102328
C,13932,1390,15869,27[CR],2498102765
F,59336,13080,15879,29[CR],2498103093
C,13853,1386,15889,24[CR],2498103531
F,57848,13122,15900,24[CR],2498103859
C,13830,1390,15910,26[CR],2498104296
F,58792,13173,15920,27[CR],2498104625
C,13858,1390,15930,28[CR],2498105062
F,60112,13192,15941,23[CR],2498105500
C,13922,1386,15951,24[CR],2498105828
F,60576,13119,15961,26[CR],2498106265
C,13951,1396,15972,27[CR],2498106593
F,60272,13091,15982,27[CR],2498107031
A,33696,61136,15992,28[CR],2498107359
F,61512,13156,16002,24[CR],2498107796
C,14010,1390,16012,25[CR],2498108234
F,62624,13178,16023,27[CR],2498108562
C,14051,1390,16033,28[CR],2498109000
F,62448,13158,16037,4[CR],2498109328
C,13925,1390,16039,6[CR],2498109765
F,61720,13088,16040,3[CR],2498110093
C,13839,1390,16040,1[CR],2498110531
F,61344,13059,16040,0[CR],2498110968
C,13722,1382,16040,0[CR],2498111296
F,60256,13029,16040,0[CR],2498111734
C,13657,1390,16040,0[CR],2498112062
F,59504,13018,16040,0[CR],2498112500
C,13624,1390,16040,0[CR],2498112828
F,58928,13009,16040,0[CR],2498113265
A,33704,58600,16040,0[CR],2498113703
F,58464,13004,16040,0[CR],2498114062
C,13584,1390,16040,0[CR],2498114468
F,58136,12998,16040,0[CR],2498114796
C,13569,1396,16040,0[CR],2498115234
F,57848,12993,16040,0[CR],2498115562
C,13557,1390,16040,0[CR],2498116000
F,57600,12991,16040,0[CR],2498116437
C,13548,1396,16040,0[CR],2498116765
F,57392,12988,16040,0[CR],2498117203
C,13538,1390,16040,0[CR],2498117531
F,57208,12983,16040,0[CR],2498117968
C,13531,1390,16040,0[CR],2498118296
F,57032,12979,16040,0[CR],2498118734
C,13523,1396,16040,0[CR],2498119171
F,56880,12977,16040,0[CR],2498119500
A,33676,56776,16040,0[CR],2498119937
F,56720,12975,16040,0[CR],2498120265
C,13511,1396,16040,0[CR],2498120703
F,56592,12974,16040,0[CR],2498121031
C,13504,1390,16040,0[CR],2498121468
F,56472,12971,16040,0[CR],2498121906
C,13499,1390,16040,0[CR],2498122234
F,56344,12967,16040,0[CR],2498122671
C,13495,1390,16040,0[CR],2498123000
F,56224,12966,16040,0[CR],2498123437
C,13490,1390,16040,0[CR],2498123765
F,56112,12964,16040,0[CR],2498124203
C,13486,1386,16040,0[CR],2498124640
F,56016,12964,16040,0[CR],2498124968
C,13482,1390,16040,0[CR],2498125406
F,55920,12961,16040,0[CR],2498125734
A,33704,55856,16040,0[CR],2498126171
F,55816,12960,16040,0[CR],2498126500
C,13474,1382,16040,0[CR],2498126937
F,55744,12959,16040,0[CR],2498127375
C,13470,1390,16040,0[CR],2498127703
F,55664,12958,16040,0[CR],2498128140
C,13467,1390,16040,0[CR],2498128468
F,55592,12955,16040,0[CR],2498128906
C,13463,1390,16040,0[CR],2498129234
F,55512,12954,16040,0[CR],2498129671
C,13461,1396,16040,0[CR],2498130000
F,55440,12953,16040,0[CR],2498130437
C,13457,1378,16040,0[CR],2498130875
F,55368,12951,16040,0[CR],2498131203
C,13454,1404,16040,0[CR],2498131640
F,55296,12951,16040,0[CR],2498131968
A,33656,55248,16040,0
<PAUSE BUTTON 11:04:36>
[CR],2498132406
F,55224,12950,16040,0[CR],2498132406
>
Reset interface. Wait time for interface: 47
>
Reset interface. Wait time for interface: 32DOFF
OK
>
Command: DOFF Wait time for interface: 109

>
Reset interface. Wait time for interface: 63CLEAR
OK
>
Command: CLEAR Wait time for interface: 109

<END BUTTON 11:11:28>

------------------- Begin end zero test --------------------
>
Reset interface. Wait time for interface: 47SCANG
Z,0,0,0,0
Z,0,0,0,0[CR],2498548078
Z,0,0,0,0[CR],2498548625
Z,0,0,0,0[CR],2498549062
Z,0,0,0,0[CR],2498549609
F,12045,12647,0,0[CR],2498549937
C,12124,8150,0,0[CR],2498550375
F,12040,12647,0,0[CR],2498550812
A,33876,12041,0,0[CR],2498551140
F,12026,12648,0,0[CR],2498551578
C,12123,7400,0,0[CR],2498551921
F,12033,12648,0,0[CR],2498552375
C,12124,7246,0,0[CR],2498552718
F,12035,12648,0,0[CR],2498553171
C,12124,7494,0,0[CR],2498553500
F,12035,12647,0,0[CR],2498553828
C,12124,8104,0,0[CR],2498554281
F,12033,12647,0,0[CR],2498554640
C,12123,7416,0,0[CR],2498555093
F,12031,12646,0,0[CR],2498555421
C,12125,7952,0,0[CR],2498555859
F,12060,12648,0,0[CR],2498556203
C,12136,7476,0,0[CR],2498556656
F,12116,12647,0,0[CR],2498556984
A,33824,13258,0,0[CR],2498557437
F,13004,12647,0,0[CR],2498557765
C,12127,7540,0,0[CR],2498558203
F,12625,12648,0,0[CR],2498558531
C,12128,7522,0,0[CR],2498558968
F,12461,12648,0,0[CR],2498559406
C,12128,7412,0,0[CR],2498559734
F,12367,12646,0,0[CR],2498560171
C,12128,7484,0,0[CR],2498560500
F,12309,12647,0,0[CR],2498560937
C,12128,7812,0,0[CR],2498561265
F,12269,12648,0,0[CR],2498561703
C,12128,7918,0,0[CR],2498562140
F,12236,12647,0,0[CR],2498562468
C,12129,7670,0,0[CR],2498562906
F,12216,12648,0,0[CR],2498563234
A,33892,12198,0,0[CR],2498563671
F,12184,12648,0,0[CR],2498564000
C,12129,7998,0,0[CR],2498564437
F,12181,12648,0,0[CR],2498564765
C,12129,8203,0,0[CR],2498565203
>
Reset interface. Wait time for interface: 94

======== END OF TEST ========


