CPT-log version: 5.22
======== BEGIN OF TEST ========
DATE 27.09.2022

<Transmited Data>
<NEW BUTTON 09:29:45>
[^C][CR]
[^C][CR]
[^C][CR]
CLEAR[CR]
[^C][CR]
DOFF[CR]
[^C][CR]
SCANG[CR]
[^C][CR]
[^C][CR]
CLEAR[CR]

<START BUTTON 09:32:46>
[^C][CR]
[^C][CR]
DRON[CR]
SCANG[CR]
[^G][^G]
<PAUSE BUTTON 09:42:19>
[^C][CR]
[^C][CR]
DOFF[CR]
[^C][CR]
CLEAR[CR]

<END BUTTON 09:48:12>
[^C][CR]
SCANG[CR]
[^C][CR]


<Received Data>
<NEW BUTTON 09:29:45>

>
Reset interface. Wait time for interface: 78
>
Reset interface. Wait time for interface: 110
>
Reset interface. Wait time for interface: 109CLEAR
OK
>
Command: CLEAR Wait time for interface: 110

>
Reset interface. Wait time for interface: 109DOFF
OK
>
Command: DOFF Wait time for interface: 109

>
Reset interface. Wait time for interface: 32SCANG
Z,0,0,0,0
Z,0,0,0,0[CR],3010877328
Z,0,0,0,0[CR],3010877875
Z,0,0,0,0[CR],3010878312
Z,0,0,0,0[CR],3010878859
Z,0,0,0,0[CR],3010879406
Z,0,0,0,0[CR],3010879843
Z,0,0,0,0[CR],3010880390
Z,0,0,0,0[CR],3010880828
Z,0,0,0,0[CR],3010881046
A,36808,12095,0,0[CR],3010881375
F,12070,12734,0,0[CR],3010881812
C,12084,11877,0,0[CR],3010882140
F,12080,12733,0,0[CR],3010882578
C,12085,12309,0,0[CR],3010883015
F,12098,12732,0,0[CR],3010883343
C,12085,12242,0,0[CR],3010883796
F,12088,12733,0,0[CR],3010884125
C,12085,12930,0,0[CR],3010884484
F,12093,12732,0,0[CR],3010884921
C,12084,12704,0,0[CR],3010885250
F,12082,12732,0,0[CR],3010885718
C,12084,12675,0,0[CR],3010886062
F,12085,12732,0,0[CR],3010886500
C,12084,12474,0,0[CR],3010886843
F,12080,12731,0,0[CR],3010887281
A,36688,12084,0,0[CR],3010887609
F,12053,12731,0,0[CR],3010888062
C,12084,12832,0,0[CR],3010888390
>
Reset interface. Wait time for interface: 78
>
Reset interface. Wait time for interface: 63CLEAR
OK
>
Command: CLEAR Wait time for interface: 109

<START BUTTON 09:32:46>

>
Reset interface. Wait time for interface: 94
>
Reset interface. Wait time for interface: 110DRON
OK
>
Command: DRON Wait time for interface: 109
SCANG
Z,0,0,0,0
F,14942,13137,0,0[CR],3011023953
C,12490,700,0,0[CR],3011024390
F,15026,13141,0,0[CR],3011024796
A,36836,15097,0,0[CR],3011025171
F,15097,13168,0,0[CR],3011025515
C,12501,620,0,0[CR],3011025953
F,15202,13160,0,0[CR],3011026296
C,12489,658,0,0[CR],3011026734
F,15255,13143,0,0[CR],3011027062
C,12483,710,0,0[CR],3011027515
F,15347,13151,0,0[CR],3011027859
C,12486,678,0,0[CR],3011028296
F,15408,13171,0,0[CR],3011028640
C,12487,566,0,0[CR],3011029078
F,15476,13186,0,0[CR],3011029406
C,12484,660,0,0[CR],3011029843
F,15524,13163,0,0[CR],3011030171
C,12485,752,0,0[CR],3011030609
F,15615,13204,0,0[CR],3011031046
A,36824,15674,0,0[CR],3011031375
F,15667,13216,0,0[CR],3011031812
C,12493,596,0,0[CR],3011032140
F,15745,13225,0,0[CR],3011032578
C,12492,594,0,0[CR],3011032906
F,15788,13253,0,0[CR],3011033343
C,12495,616,0,0[CR],3011033781
F,15853,13251,0,0[CR],3011034109
C,12498,594,0,0[CR],3011034546
F,15898,13267,0,0[CR],3011034875
C,12502,660,0,0[CR],3011035312
F,15964,13300,0,0[CR],3011035640
C,12499,586,0,0[CR],3011036078
F,16033,13305,0,0[CR],3011036515
C,12507,714,0,0[CR],3011036843
F,16053,13287,0,0[CR],3011037281
A,36748,16069,0,0[CR],3011037609
F,16093,13333,0,0[CR],3011038046
C,12509,732,0,0[CR],3011038375
F,16156,13328,0,0[CR],3011038812
C,12509,624,0,0[CR],3011039250
F,16189,13347,0,0[CR],3011039578
C,12514,638,0,0[CR],3011040015
F,16254,13368,0,0[CR],3011040343
C,12518,622,5,47[CR],3011040781
F,16301,13486,29,57[CR],3011041109
C,13042,768,52,57[CR],3011041546
F,13768,13612,76,60[CR],3011041984
C,12934,756,100,60[CR],3011042312
F,12729,13689,124,60[CR],3011042750
C,12501,774,147,64[CR],3011043078
F,12276,13494,170,68[CR],3011043515
A,36820,12328,194,54[CR],3011043843
F,12354,13367,217,54[CR],3011044281
C,12883,644,241,57[CR],3011044718
F,12799,13379,264,60[CR],3011045046
C,13090,614,288,60[CR],3011045484
F,12379,13497,311,60[CR],3011045812
C,12844,562,335,64[CR],3011046250
F,12164,13710,358,64[CR],3011046578
C,12829,660,382,57[CR],3011047015
F,12285,13787,406,57[CR],3011047453
C,12899,730,429,60[CR],3011047781
F,12225,13691,453,60[CR],3011048218
C,12975,590,476,60[CR],3011048546
F,12361,13580,500,64[CR],3011048984
C,13008,730,523,68[CR],3011049312
F,12086,13932,547,54[CR],3011049750
A,36740,11984,570,57[CR],3011050187
F,11865,14162,594,60[CR],3011050515
C,13045,850,618,60[CR],3011050953
F,12254,14328,643,60[CR],3011051312
C,13032,708,667,64[CR],3011051718
F,12243,14221,691,64[CR],3011052046
C,12786,750,716,64[CR],3011052484
F,12393,14017,740,64[CR],3011052921
C,12722,778,765,64[CR],3011053250
F,12475,13969,789,73[CR],3011053687
C,12857,734,814,68[CR],3011054015
F,12518,13745,838,68[CR],3011054453
C,12667,712,862,54[CR],3011054781
F,12486,13731,887,57[CR],3011055218
C,12553,610,911,57[CR],3011055656
F,12538,13634,936,57[CR],3011055984
A,36732,12568,960,57[CR],3011056421
F,12595,13458,985,60[CR],3011056750
C,12899,732,1009,60[CR],3011057187
F,13144,13423,1034,64[CR],3011057515
C,13051,782,1058,64[CR],3011057953
F,13253,13546,1083,64[CR],3011058390
C,12939,664,1108,64[CR],3011058718
F,13392,13626,1132,64[CR],3011059156
C,13237,834,1156,64[CR],3011059484
F,14553,13654,1180,64[CR],3011059937
C,15622,878,1204,73[CR],3011060265
F,14291,13946,1229,60[CR],3011060703
C,15662,836,1253,54[CR],3011061031
F,14373,14149,1278,57[CR],3011061468
C,16950,760,1301,47[CR],3011061906
F,12306,13720,1322,64[CR],3011062234
A,36708,12346,1347,64[CR],3011062671
F,12379,13350,1371,64[CR],3011063000
C,18908,728,1395,68[CR],3011063437
F,12533,13651,1420,64[CR],3011063875
C,19300,764,1443,54[CR],3011064203
F,12666,13505,1468,54[CR],3011064640
C,19686,740,1492,60[CR],3011064968
F,12732,14202,1518,54[CR],3011065406
C,19200,926,1543,60[CR],3011065734
F,12790,17858,1568,57[CR],3011066171
C,17948,674,1592,60[CR],3011066500
F,12847,16652,1617,60[CR],3011066937
C,17988,704,1641,60[CR],3011067375
F,12999,16272,1666,64[CR],3011067703
C,17770,588,1691,60[CR],3011068140
F,13057,14263,1715,64[CR],3011068468
A,36808,13089,1740,60[CR],3011068906
F,13090,14157,1743,3[CR],3011069234
C,17412,606,1743,1[CR],3011069671
F,13139,14366,1743,0[CR],3011070109
C,16742,678,1743,0[CR],3011070437
F,13154,14438,1743,0[CR],3011070875
C,16678,466,1743,0[CR],3011071203
F,13178,14407,1743,0[CR],3011071640
C,16345,566,1743,0[CR],3011071968
F,13190,14300,1743,0[CR],3011072406
C,16365,558,1743,0[CR],3011072843
F,13206,14324,1743,0[CR],3011073171
C,16307,716,1743,0[CR],3011073718
Z,0,0,1743,0[CR],3011074156
Z,0,0,1743,0[CR],3011074703
Z,0,0,1743,0[CR],3011075140
Z,0,0,1743,0[CR],3011075687
Z,0,0,1743,0[CR],3011076234
Z,0,0,1743,0[CR],3011076671
Z,0,0,1743,0[CR],3011077218
Z,0,0,1743,0[CR],3011077656
Z,0,0,1743,0[CR],3011078203
Z,0,0,1743,0[CR],3011078750
Z,0,0,1743,0[CR],3011079187
Z,0,0,1743,0[CR],3011079734
Z,0,0,1743,0[CR],3011080171
Z,0,0,1743,0[CR],3011080718
Z,0,0,1743,0[CR],3011081156
Z,0,0,1743,0[CR],3011081703
Z,0,0,1743,0[CR],3011082250
Z,0,0,1743,0[CR],3011082687
Z,0,0,1743,0[CR],3011083234
Z,0,0,1743,0[CR],3011083671
Z,0,0,1743,0[CR],3011084218
Z,0,0,1743,0[CR],3011084671
Z,0,0,1743,0[CR],3011085218
Z,0,0,1743,0[CR],3011085656
C,13866,728,1743,0[CR],3011086203
Z,0,0,1743,0[CR],3011086750
Z,0,0,1743,0[CR],3011087187
Z,0,0,1743,0[CR],3011087734
Z,0,0,1743,0[CR],3011088171
Z,0,0,1743,0[CR],3011088718
Z,0,0,1743,0[CR],3011089156
Z,0,0,1743,0[CR],3011089703
Z,0,0,1743,0[CR],3011090250
Z,0,0,1743,0[CR],3011090687
Z,0,0,1743,0[CR],3011091234
Z,0,0,1743,0[CR],3011091671
Z,0,0,1743,0[CR],3011092218
Z,0,0,1743,0[CR],3011092656
Z,0,0,1743,0[CR],3011093203
Z,0,0,1743,0[CR],3011093750
Z,0,0,1743,0[CR],3011094187
Z,0,0,1743,0[CR],3011094734
Z,0,0,1743,0[CR],3011095171
Z,0,0,1743,0[CR],3011095718
Z,0,0,1743,0[CR],3011096156
Z,0,0,1743,0[CR],3011096703
Z,0,0,1743,51[CR],3011097250
Z,0,0,1743,51[CR],3011097687
Z,0,0,1743,47[CR],3011098234
Z,0,0,1758,11[CR],3011098562
F,13835,13620,1761,4[CR],3011099000
C,16271,680,1761,1[CR],3011099328
F,13891,14115,1761,1[CR],3011099765
A,36628,13896,1761,0[CR],3011100093
F,13881,14165,1761,0[CR],3011100531
C,16375,706,1761,0[CR],3011100968
F,13893,14226,1761,0[CR],3011101296
C,16400,678,1761,0[CR],3011101734
F,13918,14198,1761,0[CR],3011102062
C,16311,708,1761,0[CR],3011102500
F,13916,14180,1768,6[CR],3011102828
C,17064,424,1768,2[CR],3011103265
F,13998,14045,1768,2[CR],3011103703
C,16996,514,1768,1[CR],3011104031
F,13994,14072,1768,0[CR],3011104468
C,16918,550,1768,0[CR],3011104796
F,13993,14087,1768,0[CR],3011105234
C,16844,548,1768,0[CR],3011105562
F,13996,14109,1768,0[CR],3011106000
A,36524,14004,1768,0[CR],3011106437
F,13992,14124,1785,60[CR],3011106765
C,17366,538,1810,60[CR],3011107203
F,14081,13848,1834,64[CR],3011107531
C,17430,422,1858,64[CR],3011107968
F,14078,14005,1883,64[CR],3011108296
C,15730,490,1907,64[CR],3011108734
F,13965,14353,1931,64[CR],3011109171
C,14061,444,1955,68[CR],3011109500
F,13899,15509,1980,64[CR],3011109937
C,13357,460,2004,57[CR],3011110265
F,14132,15821,2028,57[CR],3011110703
C,13037,472,2052,60[CR],3011111031
F,15938,14775,2077,60[CR],3011111468
C,12946,494,2101,60[CR],3011111906
F,16798,13474,2126,60[CR],3011112234
A,36476,17164,2150,64[CR],3011112671
F,17346,13322,2175,64[CR],3011113000
C,12869,514,2199,64[CR],3011113437
F,17840,13491,2224,64[CR],3011113765
C,12900,748,2248,64[CR],3011114203
F,18456,13594,2273,68[CR],3011114640
C,13022,508,2297,68[CR],3011114968
F,18846,13672,2322,68[CR],3011115406
C,12877,536,2346,68[CR],3011115734
F,19220,13729,2371,64[CR],3011116171
C,12884,552,2396,60[CR],3011116500
F,19688,13682,2420,54[CR],3011116937
C,12962,552,2445,60[CR],3011117375
F,20246,13668,2469,60[CR],3011117703
C,13249,562,2494,60[CR],3011118140
F,20500,13721,2519,60[CR],3011118468
A,36488,20286,2545,57[CR],3011118906
F,20266,14124,2570,57[CR],3011119234
C,12955,584,2596,64[CR],3011119671
F,20784,14104,2624,73[CR],3011120109
C,12960,582,2648,73[CR],3011120437
F,21214,13902,2672,49[CR],3011120875
C,13234,504,2695,54[CR],3011121203
F,22002,13750,2720,68[CR],3011121640
C,13600,600,2747,60[CR],3011121968
F,22084,14311,2772,60[CR],3011122406
C,13262,630,2796,57[CR],3011122843
F,22818,13968,2821,64[CR],3011123171
C,13242,674,2846,57[CR],3011123609
F,23698,13839,2871,60[CR],3011123937
C,13199,656,2895,60[CR],3011124375
F,24480,13585,2920,60[CR],3011124703
A,36424,25076,2945,64[CR],3011125140
F,25304,13564,2969,64[CR],3011125578
C,13299,610,2994,68[CR],3011125906
F,25840,13561,3019,64[CR],3011126343
C,13307,618,3043,64[CR],3011126671
F,26572,13595,3068,68[CR],3011127109
C,13287,678,3092,73[CR],3011127437
F,27180,13584,3117,68[CR],3011127875
C,13247,712,3142,68[CR],3011128312
F,27572,13591,3166,68[CR],3011128640
C,13211,684,3191,68[CR],3011129078
F,28080,13606,3216,51[CR],3011129406
C,13388,692,3240,60[CR],3011129843
F,29044,13640,3265,54[CR],3011130171
C,13351,722,3290,60[CR],3011130609
F,29848,13596,3315,57[CR],3011131046
A,36352,30404,3339,60[CR],3011131375
F,30560,13608,3364,60[CR],3011131812
C,13249,708,3389,60[CR],3011132140
F,31204,13631,3414,60[CR],3011132578
C,13256,658,3438,60[CR],3011132906
F,31956,13660,3463,64[CR],3011133343
C,13352,744,3487,64[CR],3011133781
F,32680,13710,3512,64[CR],3011134109
C,13346,710,3537,64[CR],3011134546
F,33244,13701,3562,68[CR],3011134875
C,13293,756,3587,64[CR],3011135312
F,33884,13674,3611,68[CR],3011135640
C,13337,750,3636,68[CR],3011136078
F,34600,13680,3661,64[CR],3011136515
C,13364,768,3685,68[CR],3011136843
F,34860,13703,3709,68[CR],3011137281
A,36356,35216,3734,73[CR],3011137609
F,35304,13696,3744,3[CR],3011138046
C,13300,860,3744,1[CR],3011138375
F,34720,13201,3744,2[CR],3011138812
C,13030,752,3744,1[CR],3011139250
F,34352,13192,3744,0[CR],3011139578
C,12998,734,3744,0[CR],3011140015
F,34284,13175,3744,0[CR],3011140343
C,12983,764,3744,0[CR],3011140781
F,34288,13199,3744,0[CR],3011141109
C,12938,722,3744,0[CR],3011141546
F,34112,13155,3744,0[CR],3011141984
C,12945,788,3744,0[CR],3011142312
F,34228,13178,3744,0[CR],3011142859
Z,0,0,3744,0[CR],3011143296
Z,0,0,3744,0[CR],3011143843
Z,0,0,3744,0[CR],3011144390
Z,0,0,3744,0[CR],3011144828
Z,0,0,3744,0[CR],3011145375
Z,0,0,3744,0[CR],3011145812
Z,0,0,3744,0[CR],3011146359
Z,0,0,3744,0[CR],3011146906
Z,0,0,3744,0[CR],3011147343
Z,0,0,3744,0[CR],3011147890
Z,0,0,3744,0[CR],3011148328
Z,0,0,3744,0[CR],3011148875
Z,0,0,3744,0[CR],3011149421
Z,0,0,3744,0[CR],3011149859
Z,0,0,3744,0[CR],3011150406
Z,0,0,3744,0[CR],3011150843
Z,0,0,3744,0[CR],3011151390
Z,0,0,3744,0[CR],3011151937
Z,0,0,3744,0[CR],3011152375
Z,0,0,3744,0[CR],3011152921
Z,0,0,3744,0[CR],3011153359
Z,0,0,3744,0[CR],3011153906
Z,0,0,3744,0[CR],3011154453
Z,0,0,3744,0[CR],3011154890
Z,0,0,3744,0[CR],3011155437
Z,0,0,3744,0[CR],3011155875
Z,0,0,3744,0[CR],3011156421
Z,0,0,3744,0[CR],3011156859
Z,0,0,3744,0[CR],3011157406
Z,0,0,3744,0[CR],3011157953
Z,0,0,3744,0[CR],3011158390
Z,0,0,3744,0[CR],3011158718
F,33784,13008,3744,0[CR],3011159265
Z,0,0,3744,0[CR],3011159703
Z,0,0,3744,0[CR],3011160250
Z,0,0,3744,0[CR],3011160796
Z,0,0,3744,0[CR],3011161234
Z,0,0,3744,0[CR],3011161781
Z,0,0,3744,0[CR],3011162218
Z,0,0,3744,0[CR],3011162765
Z,0,0,3744,0[CR],3011163203
Z,0,0,3744,0[CR],3011163750
Z,0,0,3744,0[CR],3011164296
Z,0,0,3744,0[CR],3011164734
Z,0,0,3744,0[CR],3011165281
Z,0,0,3744,0[CR],3011165718
Z,0,0,3744,0[CR],3011166265
Z,0,0,3744,57[CR],3011166703
Z,0,0,3744,60[CR],3011167250
Z,0,0,3759,15[CR],3011167359
F,33500,13013,3760,16[CR],3011167687
C,13004,836,3761,2[CR],3011168125
F,35192,13192,3761,1[CR],3011168453
A,36256,34872,3761,0[CR],3011168890
F,34800,13137,3761,0[CR],3011169328
C,12963,750,3761,0[CR],3011169656
F,34656,13135,3761,0[CR],3011170093
C,12948,756,3761,0[CR],3011170421
F,34584,13131,3761,0[CR],3011170859
C,12939,662,3770,4[CR],3011171187
F,34892,13513,3770,1[CR],3011171625
C,13117,824,3770,1[CR],3011172062
F,35908,13274,3770,0[CR],3011172390
C,13011,784,3770,0[CR],3011172828
F,35676,13244,3770,0[CR],3011173156
C,12982,764,3770,0[CR],3011173593
F,35524,13235,3770,0[CR],3011173921
C,12966,766,3770,0[CR],3011174359
F,35448,13229,3772,27[CR],3011174796
A,36288,35412,3796,68[CR],3011175125
F,37372,13793,3820,64[CR],3011175562
C,13311,796,3844,64[CR],3011175890
F,38748,13840,3869,68[CR],3011176328
C,13337,820,3893,68[CR],3011176656
F,39284,13843,3918,68[CR],3011177093
C,13340,862,3942,57[CR],3011177531
F,38952,13822,3967,54[CR],3011177859
C,13315,766,3991,54[CR],3011178296
F,38476,13773,4016,57[CR],3011178625
C,13253,794,4040,60[CR],3011179062
F,38444,13790,4065,57[CR],3011179390
C,13243,856,4089,60[CR],3011179828
F,38536,13761,4114,60[CR],3011180265
C,13245,838,4139,60[CR],3011180593
F,38852,13726,4164,64[CR],3011181031
A,36232,38176,4188,64[CR],3011181359
F,38324,13730,4213,60[CR],3011181796
C,13278,840,4238,64[CR],3011182125
F,39044,13721,4262,64[CR],3011182562
C,13352,908,4287,68[CR],3011183000
F,40192,13726,4312,64[CR],3011183328
C,13344,850,4336,64[CR],3011183765
F,40200,13712,4361,64[CR],3011184093
C,13296,830,4385,68[CR],3011184531
F,40308,13731,4410,64[CR],3011184859
C,13329,864,4434,68[CR],3011185296
F,40796,13766,4459,51[CR],3011185750
C,13359,888,4483,60[CR],3011186078
F,41184,13741,4508,60[CR],3011186515
C,13324,874,4533,57[CR],3011186843
F,40464,13761,4558,60[CR],3011187281
A,36168,40600,4583,60[CR],3011187609
F,40676,13755,4607,60[CR],3011188046
C,13290,862,4632,60[CR],3011188484
F,40984,13774,4657,60[CR],3011188812
C,13295,836,4681,60[CR],3011189250
F,41472,13748,4706,64[CR],3011189578
C,13345,874,4730,60[CR],3011190015
F,42272,13774,4755,64[CR],3011190343
C,13375,948,4780,64[CR],3011190781
F,42760,13765,4805,64[CR],3011191218
C,13343,970,4830,64[CR],3011191546
F,42144,13764,4854,68[CR],3011191984
C,13371,916,4879,68[CR],3011192312
F,42440,13782,4904,68[CR],3011192750
C,13369,956,4928,68[CR],3011193078
F,42248,13791,4953,68[CR],3011193515
A,36168,42288,4978,68[CR],3011193953
F,41976,13785,5002,73[CR],3011194234
C,13340,916,5027,64[CR],3011194718
F,42600,13790,5051,54[CR],3011195046
C,13397,906,5076,51[CR],3011195484
F,42808,13797,5101,60[CR],3011195812
C,13376,832,5126,57[CR],3011196250
F,42624,13740,5151,57[CR],3011196687
C,13400,872,5175,60[CR],3011197015
F,42344,13750,5200,57[CR],3011197453
C,13320,1014,5225,60[CR],3011197781
F,42216,13783,5250,64[CR],3011198218
C,13368,998,5274,60[CR],3011198546
F,42936,13796,5299,64[CR],3011198984
C,13398,972,5323,60[CR],3011199421
F,42968,13791,5348,64[CR],3011199750
A,36104,42272,5373,64[CR],3011200187
F,42344,13735,5397,68[CR],3011200515
C,13377,1028,5422,68[CR],3011200953
F,42648,13737,5447,68[CR],3011201281
C,13323,976,5470,64[CR],3011201718
F,42456,13726,5493,49[CR],3011202046
C,13311,958,5516,60[CR],3011202484
F,42832,13698,5541,57[CR],3011202921
C,13359,988,5565,64[CR],3011203250
F,43752,13729,5590,64[CR],3011203687
C,13394,1042,5614,60[CR],3011204015
F,43696,13673,5639,64[CR],3011204453
C,13369,1006,5664,64[CR],3011204890
F,43328,13677,5688,68[CR],3011205218
C,13361,990,5712,68[CR],3011205656
F,42848,13692,5737,64[CR],3011205984
A,36072,42704,5744,7[CR],3011206421
F,43136,13352,5744,2[CR],3011206750
C,13193,966,5744,1[CR],3011207187
F,41408,13233,5744,1[CR],3011207625
C,13130,898,5744,1[CR],3011207953
F,41064,13227,5744,1[CR],3011208390
C,12908,940,5744,0[CR],3011208718
F,38328,13068,5744,0[CR],3011209156
C,12911,976,5744,0[CR],3011209484
F,38364,13008,5744,0[CR],3011209921
C,12867,958,5744,0[CR],3011210359
F,37268,13021,5744,0[CR],3011210687
C,12902,1066,5744,0[CR],3011211125
F,38208,13091,5744,0[CR],3011211562
Z,0,0,5744,0[CR],3011212109
Z,0,0,5744,0[CR],3011212546
Z,0,0,5744,0[CR],3011213093
Z,0,0,5744,0[CR],3011213640
Z,0,0,5744,0[CR],3011214078
Z,0,0,5744,0[CR],3011214625
Z,0,0,5744,0[CR],3011215062
Z,0,0,5744,0[CR],3011215609
Z,0,0,5744,0[CR],3011216156
Z,0,0,5744,0[CR],3011216593
Z,0,0,5744,0[CR],3011217140
Z,0,0,5744,0[CR],3011217578
Z,0,0,5744,0[CR],3011218125
Z,0,0,5744,0[CR],3011218671
Z,0,0,5744,0[CR],3011219109
Z,0,0,5744,0[CR],3011219656
Z,0,0,5744,0[CR],3011220093
Z,0,0,5744,0[CR],3011220640
Z,0,0,5744,0[CR],3011221078
Z,0,0,5744,0[CR],3011221625
Z,0,0,5744,0[CR],3011222171
Z,0,0,5744,0[CR],3011222609
Z,0,0,5744,0[CR],3011223156
Z,0,0,5744,0[CR],3011223593
Z,0,0,5744,0[CR],3011224140
Z,0,0,5744,0[CR],3011224687
Z,0,0,5744,0[CR],3011225125
Z,0,0,5744,0[CR],3011225671
Z,0,0,5744,0[CR],3011226109
Z,0,0,5744,0[CR],3011226656
Z,0,0,5744,0[CR],3011227093
Z,0,0,5744,0[CR],3011227640
Z,0,0,5744,0[CR],3011228187
Z,0,0,5744,0[CR],3011228625
Z,0,0,5744,0[CR],3011229171
Z,0,0,5744,0[CR],3011229609
Z,0,0,5744,0[CR],3011230156
Z,0,0,5744,0[CR],3011230593
Z,0,0,5744,0[CR],3011231140
Z,0,0,5744,0[CR],3011231687
Z,0,0,5744,0[CR],3011232125
Z,0,0,5744,57[CR],3011232671
Z,0,0,5744,49[CR],3011233109
Z,0,0,5744,36[CR],3011233656
Z,0,0,5758,19[CR],3011233765
F,36564,13039,5758,12[CR],3011234093
C,12842,1018,5761,3[CR],3011234531
F,38992,13160,5761,1[CR],3011234968
C,13024,976,5761,0[CR],3011235296
F,38704,13143,5761,0[CR],3011235734
C,13007,944,5761,0[CR],3011236062
F,38564,13134,5761,0[CR],3011236500
C,12996,998,5761,0[CR],3011236828
F,38464,13128,5762,0[CR],3011237265
A,35932,38384,5769,3[CR],3011237593
F,42048,13310,5769,1[CR],3011238031
C,13240,900,5769,0[CR],3011238468
F,41368,13234,5769,0[CR],3011238796
C,13155,924,5769,0[CR],3011239234
F,40624,13213,5769,0[CR],3011239562
C,13127,944,5769,0[CR],3011240000
F,40224,13202,5769,0[CR],3011240328
C,13107,958,5769,0[CR],3011240765
F,39964,13197,5776,43[CR],3011241203
C,13094,924,5796,60[CR],3011241531
F,43136,13680,5821,64[CR],3011241968
C,13378,888,5845,64[CR],3011242296
F,43120,13641,5870,64[CR],3011242734
C,13296,942,5894,64[CR],3011243062
F,42832,13604,5919,68[CR],3011243500
A,35952,44200,5942,60[CR],3011243937
F,44536,13552,5967,54[CR],3011244265
C,13334,958,5991,54[CR],3011244703
F,43488,13497,6016,60[CR],3011245031
C,13290,906,6040,57[CR],3011245468
F,42552,13468,6065,57[CR],3011245796
C,13299,902,6090,64[CR],3011246234
F,42968,13442,6114,60[CR],3011246671
C,13242,944,6139,60[CR],3011247000
F,42784,13417,6163,60[CR],3011247437
C,13294,994,6188,64[CR],3011247765
F,43960,13403,6212,64[CR],3011248203
C,13307,1012,6237,68[CR],3011248531
F,44832,13394,6262,68[CR],3011248968
C,13310,980,6286,64[CR],3011249406
F,44272,13359,6311,68[CR],3011249734
A,35940,43552,6335,64[CR],3011250171
F,44368,13385,6360,73[CR],3011250500
C,13333,1038,6385,68[CR],3011250937
F,44712,13355,6409,64[CR],3011251265
C,13375,1016,6433,54[CR],3011251703
F,44536,13344,6458,57[CR],3011252140
C,13335,998,6482,60[CR],3011252468
F,44600,13352,6507,60[CR],3011252906
C,13376,996,6531,60[CR],3011253234
F,43824,13323,6556,60[CR],3011253671
C,13340,1008,6580,64[CR],3011254109
F,43696,13318,6605,60[CR],3011254437
C,13360,1046,6629,64[CR],3011254875
F,44456,13324,6654,64[CR],3011255203
C,13384,1034,6678,68[CR],3011255640
F,43944,13286,6702,64[CR],3011255968
A,35876,43776,6727,64[CR],3011256406
F,44312,13321,6751,68[CR],3011256843
C,13297,1060,6776,68[CR],3011257171
F,44536,13296,6800,73[CR],3011257609
C,13367,1010,6825,54[CR],3011257937
F,44384,13263,6849,54[CR],3011258375
C,13341,1034,6874,60[CR],3011258703
F,45744,13311,6898,57[CR],3011259140
C,13359,1046,6923,57[CR],3011259578
F,44968,13317,6947,57[CR],3011259906
C,13357,1068,6972,60[CR],3011260343
F,44064,13289,6996,60[CR],3011260671
C,13339,1062,7021,64[CR],3011261109
F,44976,13291,7046,64[CR],3011261437
C,13358,1040,7070,64[CR],3011261875
F,45976,13280,7095,64[CR],3011262312
A,35832,44912,7119,64[CR],3011262640
F,44496,13273,7144,64[CR],3011263078
C,13341,1106,7168,68[CR],3011263406
F,44864,13300,7193,68[CR],3011263843
C,13271,1104,7217,68[CR],3011264171
F,45232,13301,7242,57[CR],3011264609
C,13330,1072,7266,57[CR],3011265046
F,45272,13291,7290,57[CR],3011265375
C,13322,1114,7315,60[CR],3011265812
F,44472,13266,7340,60[CR],3011266140
C,13328,1136,7364,60[CR],3011266578
F,45400,13277,7389,60[CR],3011266906
C,13286,1126,7413,60[CR],3011267343
F,44464,13308,7438,60[CR],3011267671
C,13401,1134,7462,64[CR],3011268109
F,45712,13326,7487,64[CR],3011268546
A,35816,45568,7511,64[CR],3011268875
F,46080,13304,7535,64[CR],3011269234
C,13400,1116,7560,64[CR],3011269640
F,45984,13318,7584,64[CR],3011270078
C,13458,1142,7608,54[CR],3011270515
F,45664,13315,7632,64[CR],3011270843
C,13388,1078,7657,49[CR],3011271281
F,46192,13339,7681,57[CR],3011271609
C,13355,1180,7706,57[CR],3011272046
F,45184,13295,7730,57[CR],3011272375
C,13396,1164,7744,10[CR],3011272812
F,45336,13237,7744,11[CR],3011273250
C,13256,1152,7744,2[CR],3011273578
F,43448,13149,7744,1[CR],3011274015
C,13165,1172,7744,1[CR],3011274343
F,42840,13137,7744,1[CR],3011274781
A,35772,42552,7744,0[CR],3011275109
F,42480,13137,7744,0[CR],3011275546
C,13131,1188,7744,0[CR],3011275984
F,42136,13128,7744,0[CR],3011276312
C,13117,1186,7744,0[CR],3011276750
F,41808,13123,7744,0[CR],3011277078
C,13104,1214,7744,0[CR],3011277515
F,41744,13117,7744,0[CR],3011277843
C,13096,1184,7744,0[CR],3011278281
F,41808,13121,7744,0[CR],3011278718
C,13105,1178,7744,0[CR],3011279046
F,41456,13117,7744,0[CR],3011279484
C,13097,1122,7744,0[CR],3011279921
Z,0,0,7744,0[CR],3011280468
Z,0,0,7744,0[CR],3011281015
Z,0,0,7744,0[CR],3011281453
Z,0,0,7744,0[CR],3011282000
Z,0,0,7744,0[CR],3011282437
Z,0,0,7744,0[CR],3011282984
Z,0,0,7744,0[CR],3011283531
Z,0,0,7744,0[CR],3011283968
Z,0,0,7744,0[CR],3011284515
Z,0,0,7744,0[CR],3011284953
Z,0,0,7744,0[CR],3011285500
Z,0,0,7744,0[CR],3011286046
Z,0,0,7744,0[CR],3011286484
Z,0,0,7744,0[CR],3011287031
Z,0,0,7744,0[CR],3011287468
Z,0,0,7744,0[CR],3011288015
Z,0,0,7744,0[CR],3011288453
Z,0,0,7744,0[CR],3011289000
Z,0,0,7744,0[CR],3011289546
Z,0,0,7744,0[CR],3011289984
Z,0,0,7744,0[CR],3011290531
Z,0,0,7744,0[CR],3011290968
Z,0,0,7744,0[CR],3011291515
Z,0,0,7744,0[CR],3011291953
Z,0,0,7744,0[CR],3011292500
Z,0,0,7744,0[CR],3011293046
Z,0,0,7744,0[CR],3011293484
Z,0,0,7744,0[CR],3011294031
Z,0,0,7744,0[CR],3011294468
Z,0,0,7744,0[CR],3011295015
Z,0,0,7744,0[CR],3011295453
Z,0,0,7744,0[CR],3011296000
Z,0,0,7744,0[CR],3011296546
Z,0,0,7744,0[CR],3011296984
Z,0,0,7744,0[CR],3011297531
Z,0,0,7744,0[CR],3011297968
Z,0,0,7744,60[CR],3011298515
Z,0,0,7758,10[CR],3011298625
F,39652,13073,7760,20[CR],3011298953
C,12945,1224,7761,2[CR],3011299390
F,41464,13140,7761,1[CR],3011299718
A,35712,41424,7761,0[CR],3011300156
F,41384,13131,7761,0[CR],3011300593
C,13124,1156,7761,0[CR],3011300921
F,41224,13123,7761,0[CR],3011301359
C,13106,1164,7761,0[CR],3011301687
F,41096,13120,7761,0[CR],3011302125
C,13095,1166,7763,64[CR],3011302453
F,41000,13120,7768,5[CR],3011302890
C,13372,1142,7768,1[CR],3011303328
F,45016,13230,7768,1[CR],3011303656
C,13217,1128,7768,0[CR],3011304093
F,44304,13190,7768,0[CR],3011304421
C,13178,1186,7768,0[CR],3011304859
F,43888,13177,7768,0[CR],3011305187
C,13153,1224,7768,0[CR],3011305625
F,43592,13170,7768,0[CR],3011306062
A,35716,43392,7768,0[CR],3011306390
F,43320,13165,7779,60[CR],3011306828
C,13121,1200,7801,60[CR],3011307156
F,46744,13403,7826,57[CR],3011307593
C,13319,1224,7850,60[CR],3011307921
F,46296,13329,7875,60[CR],3011308359
C,13417,1198,7899,60[CR],3011308796
F,46800,13323,7923,64[CR],3011309125
C,13368,1180,7948,64[CR],3011309562
F,47304,13316,7972,64[CR],3011309890
C,13399,1162,7997,64[CR],3011310328
F,45816,13283,8021,68[CR],3011310656
C,13324,1152,8045,68[CR],3011311093
F,47168,13329,8069,68[CR],3011311531
C,13327,1168,8093,51[CR],3011311859
F,47584,13348,8118,54[CR],3011312296
A,35624,47840,8142,57[CR],3011312625
F,48536,13371,8167,57[CR],3011313062
C,13408,1218,8191,60[CR],3011313390
F,47392,13317,8216,57[CR],3011313828
C,13352,1184,8240,60[CR],3011314265
F,46576,13348,8265,60[CR],3011314593
C,13439,1250,8289,64[CR],3011315031
F,48416,13344,8313,64[CR],3011315359
C,13468,1190,8337,64[CR],3011315796
F,47384,13323,8362,68[CR],3011316125
C,13379,1228,8386,68[CR],3011316562
F,46664,13299,8410,68[CR],3011316890
C,13361,1274,8434,64[CR],3011317328
F,47872,13333,8459,49[CR],3011317765
C,13400,1256,8483,60[CR],3011318093
F,48608,13325,8508,57[CR],3011318531
A,35668,46600,8532,57[CR],3011318859
F,47096,13266,8556,57[CR],3011319296
C,13415,1268,8581,60[CR],3011319625
F,48160,13325,8605,60[CR],3011320062
C,13414,1230,8629,64[CR],3011320500
F,47976,13326,8654,64[CR],3011320828
C,13425,1208,8678,64[CR],3011321265
F,48152,13339,8703,68[CR],3011321593
C,13431,1256,8727,64[CR],3011322140
Z,0,0,8758,57[CR],3011322359
C,13361,1260,8776,68[CR],3011322796
F,46888,13327,8800,68[CR],3011323234
C,13413,1322,8824,51[CR],3011323562
F,46976,13328,8849,54[CR],3011324000
C,13394,1302,8873,57[CR],3011324328
F,45616,13300,8898,60[CR],3011324765
A,35644,47432,8922,57[CR],3011325093
F,48128,13320,8947,57[CR],3011325531
C,13414,1308,8971,60[CR],3011325968
F,48312,13321,8995,64[CR],3011326296
C,13416,1348,9020,60[CR],3011326734
F,47504,13290,9044,64[CR],3011327062
C,13413,1284,9068,64[CR],3011327500
F,47744,13313,9093,68[CR],3011327937
C,13416,1302,9117,68[CR],3011328265
F,49080,13365,9142,68[CR],3011328703
C,13447,1300,9166,73[CR],3011329031
F,47696,13277,9190,54[CR],3011329468
C,13433,1284,9215,57[CR],3011329796
F,49248,13342,9239,57[CR],3011330234
C,13447,1350,9264,57[CR],3011330671
F,48560,13337,9288,60[CR],3011331000
A,35592,46528,9312,64[CR],3011331437
F,46976,13324,9337,60[CR],3011331765
C,13379,1310,9361,64[CR],3011332203
F,47616,13361,9385,64[CR],3011332531
C,13473,1294,9409,64[CR],3011332968
F,48968,13366,9434,64[CR],3011333406
C,13479,1332,9458,68[CR],3011333734
F,48992,13261,9482,68[CR],3011334171
C,13412,1298,9506,60[CR],3011334500
F,49048,13316,9530,51[CR],3011334937
C,13497,1348,9555,57[CR],3011335265
F,49560,13355,9579,57[CR],3011335703
C,13468,1324,9603,60[CR],3011336140
F,49024,13359,9627,60[CR],3011336468
C,13477,1304,9651,64[CR],3011336906
F,48872,13385,9676,64[CR],3011337234
A,35628,50240,9700,68[CR],3011337671
F,50192,13373,9724,68[CR],3011338000
C,13511,1340,9741,14[CR],3011338437
F,48696,13324,9744,3[CR],3011338875
C,13415,1334,9744,2[CR],3011339203
F,47536,13162,9744,1[CR],3011339640
C,13151,1338,9744,0[CR],3011339968
F,44840,13148,9744,0[CR],3011340406
C,13133,1354,9744,0[CR],3011340734
F,43696,13134,9744,0[CR],3011341171
C,13087,1384,9744,0[CR],3011341609
F,44464,13138,9744,0[CR],3011341937
C,13116,1354,9744,0[CR],3011342375
F,44416,13135,9744,0[CR],3011342812
Z,0,0,9744,0[CR],3011343359
Z,0,0,9744,0[CR],3011343796
Z,0,0,9744,0[CR],3011344343
Z,0,0,9744,0[CR],3011344890
Z,0,0,9744,0[CR],3011345328
Z,0,0,9744,0[CR],3011345875
Z,0,0,9744,0[CR],3011346312
Z,0,0,9744,0[CR],3011346859
Z,0,0,9744,0[CR],3011347406
Z,0,0,9744,0[CR],3011347843
Z,0,0,9744,0[CR],3011348390
Z,0,0,9744,0[CR],3011348828
Z,0,0,9744,0[CR],3011349375
Z,0,0,9744,0[CR],3011349812
Z,0,0,9744,0[CR],3011350359
Z,0,0,9744,0[CR],3011350906
Z,0,0,9744,0[CR],3011351343
Z,0,0,9744,0[CR],3011351890
Z,0,0,9744,0[CR],3011352328
Z,0,0,9744,0[CR],3011352875
Z,0,0,9744,0[CR],3011353421
Z,0,0,9744,0[CR],3011353859
Z,0,0,9744,0[CR],3011354406
Z,0,0,9744,0[CR],3011354843
Z,0,0,9744,0[CR],3011355390
Z,0,0,9744,0[CR],3011355828
Z,0,0,9744,0[CR],3011356375
Z,0,0,9744,0[CR],3011356921
Z,0,0,9744,0[CR],3011357359
Z,0,0,9744,0[CR],3011357906
Z,0,0,9744,0[CR],3011358343
Z,0,0,9744,0[CR],3011358890
Z,0,0,9744,0[CR],3011359328
Z,0,0,9744,0[CR],3011359875
Z,0,0,9744,0[CR],3011360312
Z,0,0,9744,0[CR],3011360859
Z,0,0,9744,0[CR],3011361406
Z,0,0,9744,0[CR],3011361843
Z,0,0,9744,0[CR],3011362390
Z,0,0,9744,0[CR],3011362828
Z,0,0,9744,0[CR],3011363375
Z,0,0,9744,0[CR],3011363921
Z,0,0,9744,0[CR],3011364359
Z,0,0,9744,51[CR],3011364906
Z,0,0,9744,60[CR],3011365343
Z,0,0,9744,64[CR],3011365890
Z,0,0,9757,12[CR],3011366218
C,12991,1346,9762,14[CR],3011366546
F,44416,13195,9764,3[CR],3011366984
C,13290,1318,9764,1[CR],3011367312
F,45000,13171,9764,0[CR],3011367750
C,13227,1334,9764,0[CR],3011368078
F,44624,13158,9764,0[CR],3011368515
A,35528,44480,9764,0[CR],3011368953
F,44424,13154,9764,0[CR],3011369390
Z,0,0,9776,15[CR],3011369718
F,44304,13612,9777,4[CR],3011370046
C,13449,1138,9778,3[CR],3011370484
F,49032,13248,9778,1[CR],3011370812
C,13330,1248,9778,0[CR],3011371250
F,47640,13215,9778,0[CR],3011371687
C,13272,1280,9778,0[CR],3011372015
F,46984,13201,9778,0[CR],3011372453
C,13242,1336,9778,0[CR],3011372781
F,46528,13190,9778,0[CR],3011373218
C,13219,1328,9778,0[CR],3011373546
F,46192,13184,9778,0[CR],3011373984
C,13202,1334,9790,60[CR],3011374421
F,45960,13335,9814,57[CR],3011374750
A,35616,50896,9838,57[CR],3011375187
F,50528,13397,9862,60[CR],3011375515
C,13520,1386,9886,57[CR],3011375953
F,50176,13389,9911,64[CR],3011376281
C,13563,1336,9935,64[CR],3011376718
F,49344,13373,9959,64[CR],3011377156
C,13473,1298,9983,68[CR],3011377484
F,49160,13344,10008,68[CR],3011377921
C,13445,1338,10032,68[CR],3011378250
F,47944,13344,10056,73[CR],3011378687
C,13530,1340,10080,51[CR],3011379015
F,48872,13308,10105,60[CR],3011379453
C,13477,1376,10129,57[CR],3011379890
F,49704,13373,10154,57[CR],3011380218
C,13544,1364,10178,60[CR],3011380656
F,50872,13366,10203,64[CR],3011380984
A,35500,51176,10227,60[CR],3011381421
F,51024,13361,10251,64[CR],3011381750
C,13510,1428,10276,64[CR],3011382187
F,49688,13278,10300,64[CR],3011382625
C,13449,1396,10325,64[CR],3011382953
F,50064,13335,10349,64[CR],3011383390
C,13533,1440,10373,68[CR],3011383718
F,50768,13385,10398,68[CR],3011384156
C,13551,1430,10422,60[CR],3011384484
F,50576,13410,10446,57[CR],3011384921
C,13571,1478,10471,57[CR],3011385359
F,51248,13372,10495,60[CR],3011385687
C,13599,1378,10519,60[CR],3011386125
F,50968,13341,10544,57[CR],3011386453
C,13539,1436,10568,60[CR],3011386890
F,50808,13367,10593,60[CR],3011387218
A,35504,51832,10617,60[CR],3011387656
F,52040,13367,10642,64[CR],3011388093
C,13469,1462,10666,64[CR],3011388421
F,51600,13360,10690,64[CR],3011388859
C,13507,1446,10715,64[CR],3011389187
F,51224,13305,10739,64[CR],3011389625
C,13500,1444,10764,68[CR],3011389953
F,50696,13337,10788,73[CR],3011390390
C,13561,1458,10813,68[CR],3011390828
F,52208,13401,10837,57[CR],3011391156
C,13599,1446,10861,60[CR],3011391593
F,51296,13387,10886,57[CR],3011391921
C,13553,1442,10910,54[CR],3011392359
F,51880,13366,10935,60[CR],3011392687
C,13553,1482,10959,60[CR],3011393125
F,51888,13371,10984,60[CR],3011393562
A,35464,49912,11008,64[CR],3011393890
F,51392,13393,11033,64[CR],3011394328
C,13515,1480,11057,64[CR],3011394656
F,52192,13372,11081,68[CR],3011395093
C,13561,1430,11106,64[CR],3011395421
F,52624,13388,11130,68[CR],3011395859
C,13580,1454,11155,68[CR],3011396296
F,52384,13368,11179,57[CR],3011396625
C,13626,1502,11203,54[CR],3011397062
F,51872,13363,11228,54[CR],3011397390
C,13614,1512,11252,57[CR],3011397828
F,52504,13364,11277,57[CR],3011398156
C,13582,1508,11301,60[CR],3011398593
F,50232,13366,11325,60[CR],3011399031
C,13496,1534,11350,64[CR],3011399359
F,51848,13361,11374,60[CR],3011399796
A,35408,52440,11398,64[CR],3011400125
F,52624,13395,11423,64[CR],3011400515
C,13609,1554,11447,64[CR],3011400890
F,50768,13371,11471,68[CR],3011401328
C,13574,1536,11495,68[CR],3011401765
F,52472,13396,11520,68[CR],3011402093
C,13577,1568,11544,51[CR],3011402531
F,53920,13394,11568,57[CR],3011402859
C,13546,1548,11593,57[CR],3011403296
F,51248,13376,11617,57[CR],3011403625
C,13574,1524,11641,60[CR],3011404062
F,53504,13401,11666,60[CR],3011404500
C,13618,1542,11690,64[CR],3011404828
F,52808,13384,11714,64[CR],3011405265
C,13570,1556,11738,51[CR],3011405593
F,52056,13374,11742,10[CR],3011406031
A,35432,50976,11744,3[CR],3011406359
F,51128,13260,11744,1[CR],3011406796
C,13436,1564,11744,0[CR],3011407234
F,49160,13235,11744,0[CR],3011407562
C,13360,1540,11744,0[CR],3011408000
F,48288,13221,11744,0[CR],3011408328
C,13353,1524,11744,0[CR],3011408765
F,47952,13207,11744,0[CR],3011409203
Z,0,0,11744,0[CR],3011409531
F,47688,13221,11744,0[CR],3011409968
C,13312,1496,11744,0[CR],3011410296
F,47680,13201,11744,0[CR],3011410734
C,13281,1528,11744,0[CR],3011411062
F,47416,13187,11744,0[CR],3011411609
Z,0,0,11744,0[CR],3011412156
Z,0,0,11744,0[CR],3011412593
Z,0,0,11744,0[CR],3011413140
Z,0,0,11744,0[CR],3011413578
Z,0,0,11744,0[CR],3011414125
Z,0,0,11744,0[CR],3011414671
Z,0,0,11744,0[CR],3011415109
Z,0,0,11744,0[CR],3011415656
Z,0,0,11744,0[CR],3011416093
Z,0,0,11744,0[CR],3011416640
Z,0,0,11744,0[CR],3011417187
Z,0,0,11744,0[CR],3011417625
Z,0,0,11744,0[CR],3011418171
Z,0,0,11744,0[CR],3011418609
Z,0,0,11744,0[CR],3011419156
Z,0,0,11744,0[CR],3011419703
Z,0,0,11744,0[CR],3011420140
Z,0,0,11744,0[CR],3011420687
Z,0,0,11744,0[CR],3011421125
Z,0,0,11744,0[CR],3011421671
Z,0,0,11744,0[CR],3011422109
Z,0,0,11744,0[CR],3011422656
Z,0,0,11744,0[CR],3011423203
Z,0,0,11744,0[CR],3011423640
Z,0,0,11744,0[CR],3011424187
Z,0,0,11744,0[CR],3011424625
Z,0,0,11744,0[CR],3011425171
Z,0,0,11744,0[CR],3011425718
Z,0,0,11744,0[CR],3011426156
Z,0,0,11744,0[CR],3011426703
Z,0,0,11744,0[CR],3011427140
Z,0,0,11744,0[CR],3011427687
Z,0,0,11744,0[CR],3011428125
Z,0,0,11744,0[CR],3011428671
Z,0,0,11744,0[CR],3011429218
Z,0,0,11744,0[CR],3011429656
Z,0,0,11744,0[CR],3011430203
Z,0,0,11744,0[CR],3011430640
Z,0,0,11744,0[CR],3011431187
Z,0,0,11744,0[CR],3011431625
Z,0,0,11744,54[CR],3011432171
Z,0,0,11744,51[CR],3011432718
Z,0,0,11744,60[CR],3011433156
Z,0,0,11745,54[CR],3011433703
Z,0,0,11760,8[CR],3011434140
C,13246,1588,11761,2[CR],3011434578
F,47072,13224,11761,1[CR],3011434906
C,13328,1502,11761,0[CR],3011435343
F,47008,13198,11761,0[CR],3011435671
C,13285,1516,11761,0[CR],3011436109
F,46776,13193,11761,0[CR],3011436437
C,13266,1554,11761,0[CR],3011436875
F,46680,13190,11761,0[CR],3011437312
A,35336,46600,11764,7[CR],3011437640
F,47056,13321,11766,5[CR],3011438078
C,13484,1528,11767,2[CR],3011438406
F,50616,13278,11767,1[CR],3011438843
C,13432,1544,11767,0[CR],3011439171
F,49888,13260,11767,0[CR],3011439609
C,13384,1534,11767,0[CR],3011440046
F,48816,13239,11767,0[CR],3011440375
C,13352,1538,11767,0[CR],3011440812
F,48280,13228,11767,0[CR],3011441140
C,13328,1548,11769,34[CR],3011441578
F,47960,13220,11785,57[CR],3011441906
C,13526,1558,11810,60[CR],3011442343
F,52848,13453,11834,64[CR],3011442781
C,13622,1516,11858,64[CR],3011443109
F,52048,13374,11883,68[CR],3011443546
A,35380,52200,11907,68[CR],3011443875
F,52768,13412,11931,73[CR],3011444312
C,13604,1516,11955,68[CR],3011444640
F,54264,13382,11980,54[CR],3011445078
C,13580,1556,12004,57[CR],3011445515
F,52032,13382,12029,57[CR],3011445843
C,13596,1518,12053,57[CR],3011446281
F,53256,13382,12077,60[CR],3011446609
C,13647,1572,12102,60[CR],3011447046
F,52160,13376,12126,60[CR],3011447375
C,13541,1544,12151,60[CR],3011447812
F,52560,13392,12175,60[CR],3011448250
C,13606,1614,12200,64[CR],3011448578
F,54104,13403,12224,64[CR],3011449015
C,13610,1640,12248,64[CR],3011449343
F,52072,13349,12273,68[CR],3011449781
A,35372,52184,12297,68[CR],3011450109
F,53144,13377,12321,68[CR],3011450546
C,13586,1660,12346,60[CR],3011450984
F,53880,13405,12370,54[CR],3011451312
C,13571,1600,12395,60[CR],3011451750
F,52440,13403,12419,57[CR],3011452078
C,13557,1610,12443,54[CR],3011452515
F,50376,13356,12468,57[CR],3011452843
C,13702,1618,12492,60[CR],3011453281
F,52824,13388,12517,64[CR],3011453718
C,13645,1622,12541,64[CR],3011454046
F,55800,13414,12565,64[CR],3011454484
C,13837,1592,12590,64[CR],3011454812
F,54368,13436,12614,68[CR],3011455250
C,13527,1604,12639,64[CR],3011455578
F,52960,13411,12663,68[CR],3011456015
A,35304,51992,12688,68[CR],3011456343
F,52312,13410,12712,68[CR],3011456781
C,13547,1664,12736,60[CR],3011457218
F,53240,13406,12761,54[CR],3011457546
C,13592,1648,12785,57[CR],3011457984
F,54000,13408,12810,60[CR],3011458312
C,13639,1610,12834,57[CR],3011458750
F,53760,13417,12859,57[CR],3011459187
C,13846,1650,12883,60[CR],3011459515
F,55376,13464,12908,60[CR],3011459953
C,13855,1682,12932,64[CR],3011460281
F,55504,13496,12957,64[CR],3011460718
C,13705,1684,12981,64[CR],3011461046
F,54184,13473,13006,64[CR],3011461484
C,13671,1674,13030,64[CR],3011461921
F,53064,13461,13054,68[CR],3011462250
A,35292,52288,13078,73[CR],3011462687
F,52936,13442,13103,57[CR],3011463015
C,13610,1704,13127,51[CR],3011463453
F,54096,13429,13152,57[CR],3011463781
C,13671,1736,13177,57[CR],3011464218
F,55256,13418,13201,57[CR],3011464656
C,13707,1682,13225,60[CR],3011464984
F,54896,13408,13250,60[CR],3011465421
C,13712,1664,13275,60[CR],3011465750
F,54424,13444,13299,60[CR],3011466187
C,13743,1706,13324,60[CR],3011466625
F,56224,13450,13348,64[CR],3011466953
C,13774,1724,13373,64[CR],3011467390
F,55688,13447,13397,64[CR],3011467718
C,13719,1716,13422,64[CR],3011468156
F,56952,13438,13446,68[CR],3011468484
A,35336,54904,13471,68[CR],3011468921
F,55632,13442,13495,68[CR],3011469250
C,13753,1718,13519,73[CR],3011469687
F,57304,13423,13544,51[CR],3011470125
C,13718,1686,13569,57[CR],3011470453
F,55024,13422,13593,57[CR],3011470890
C,13676,1646,13618,57[CR],3011471218
F,56648,13444,13642,60[CR],3011471656
C,13735,1744,13667,60[CR],3011471984
F,56504,13410,13681,5[CR],3011472421
C,13716,1722,13682,2[CR],3011472859
F,53568,13285,13683,3[CR],3011473187
C,13533,1718,13685,4[CR],3011473625
F,54128,13308,13685,2[CR],3011473953
C,13545,1750,13685,1[CR],3011474390
F,53344,13278,13685,0[CR],3011474718
A,35260,52720,13685,0[CR],3011475156
F,52504,13269,13685,0[CR],3011475531
C,13456,1730,13685,0[CR],3011475921
F,52072,13260,13685,0[CR],3011476359
C,13413,1736,13685,0[CR],3011476687
F,51704,13253,13685,0[CR],3011477234
Z,0,0,13685,0[CR],3011477671
Z,0,0,13685,0[CR],3011478218
Z,0,0,13685,0[CR],3011478765
Z,0,0,13685,0[CR],3011479203
Z,0,0,13685,0[CR],3011479750
Z,0,0,13685,0[CR],3011480187
Z,0,0,13685,0[CR],3011480734
Z,0,0,13685,0[CR],3011481281
Z,0,0,13685,0[CR],3011481718
Z,0,0,13685,0[CR],3011482265
Z,0,0,13685,0[CR],3011482812
Z,0,0,13685,0[CR],3011483250
Z,0,0,13685,0[CR],3011483796
Z,0,0,13685,0[CR],3011484234
Z,0,0,13685,0[CR],3011484781
Z,0,0,13685,0[CR],3011485328
Z,0,0,13685,0[CR],3011485765
Z,0,0,13685,0[CR],3011486312
Z,0,0,13685,0[CR],3011486750
Z,0,0,13685,0[CR],3011487296
Z,0,0,13685,0[CR],3011487734
Z,0,0,13685,0[CR],3011488281
Z,0,0,13685,0[CR],3011488828
Z,0,0,13685,0[CR],3011489265
Z,0,0,13685,0[CR],3011489812
Z,0,0,13685,0[CR],3011490250
Z,0,0,13685,0[CR],3011490796
Z,0,0,13685,0[CR],3011491343
Z,0,0,13685,0[CR],3011491781
Z,0,0,13685,0[CR],3011492328
Z,0,0,13685,0[CR],3011492765
Z,0,0,13685,0[CR],3011493312
Z,0,0,13685,0[CR],3011493750
Z,0,0,13685,0[CR],3011494296
Z,0,0,13685,0[CR],3011494843
Z,0,0,13685,0[CR],3011495281
Z,0,0,13685,0[CR],3011495828
Z,0,0,13685,0[CR],3011496265
Z,0,0,13685,0[CR],3011496812
Z,0,0,13685,0[CR],3011497250
Z,0,0,13685,0[CR],3011497796
Z,0,0,13685,0[CR],3011498343
Z,0,0,13685,31[CR],3011498781
Z,0,0,13685,68[CR],3011499328
Z,0,0,13685,60[CR],3011499875
Z,0,0,13698,15[CR],3011500203
F,48048,13277,13700,3[CR],3011500531
C,13436,1710,13700,1[CR],3011500968
F,51144,13264,13700,0[CR],3011501296
C,13403,1742,13700,0[CR],3011501734
F,50304,13243,13700,0[CR],3011502062
C,13373,1682,13700,0[CR],3011502500
F,50040,13234,13700,0[CR],3011502937
C,13355,1742,13700,0[CR],3011503265
F,49864,13233,13703,6[CR],3011503703
C,13491,1782,13704,1[CR],3011504031
F,52512,13312,13705,3[CR],3011504468
C,13528,1712,13707,3[CR],3011504796
F,52848,13333,13708,3[CR],3011505234
C,13529,1710,13708,1[CR],3011505671
F,52856,13310,13708,0[CR],3011506000
A,35236,52496,13708,0[CR],3011506437
F,52352,13287,13708,0[CR],3011506765
C,13456,1732,13708,0[CR],3011507203
F,52416,13282,13722,57[CR],3011507640
C,13535,1760,13746,64[CR],3011507968
F,55864,13486,13770,60[CR],3011508406
C,13638,1684,13794,68[CR],3011508734
F,55256,13399,13818,68[CR],3011509171
C,13688,1736,13841,51[CR],3011509500
F,55968,13448,13865,57[CR],3011509937
C,13888,1730,13890,57[CR],3011510375
F,56800,13451,13914,57[CR],3011510703
C,13689,1722,13938,60[CR],3011511140
F,57368,13463,13962,57[CR],3011511468
C,13727,1746,13986,60[CR],3011511906
F,54872,13425,14011,64[CR],3011512234
A,35316,55584,14035,64[CR],3011512671
F,55656,13436,14059,68[CR],3011513062
C,13692,1758,14083,68[CR],3011513437
F,56928,13441,14107,64[CR],3011513781
C,13714,1716,14132,68[CR],3011514203
F,55856,13335,14156,51[CR],3011514640
C,13668,1802,14180,57[CR],3011514968
F,54680,13444,14205,57[CR],3011515406
C,13757,1794,14229,57[CR],3011515843
F,57328,13455,14253,60[CR],3011516171
C,13729,1786,14278,60[CR],3011516609
F,56408,13448,14302,64[CR],3011516937
C,13670,1814,14326,64[CR],3011517375
F,55000,13421,14351,64[CR],3011517703
C,13616,1772,14375,64[CR],3011518140
F,53496,13454,14399,64[CR],3011518468
A,35264,56992,14423,68[CR],3011518906
F,56456,13431,14447,51[CR],3011519343
C,13763,1830,14471,54[CR],3011519671
F,55384,13404,14495,57[CR],3011520109
C,13768,1768,14520,57[CR],3011520437
F,56648,13445,14544,57[CR],3011520875
C,13664,1784,14568,60[CR],3011521203
F,57120,13481,14593,60[CR],3011521640
C,13726,1748,14617,60[CR],3011522078
F,55640,13442,14641,64[CR],3011522406
C,13727,1840,14665,64[CR],3011522843
F,57584,13443,14689,68[CR],3011523171
C,13771,1774,14713,68[CR],3011523609
F,57216,13486,14737,68[CR],3011523937
C,13741,1850,14761,54[CR],3011524375
F,57568,13468,14786,57[CR],3011524812
A,35236,57968,14810,57[CR],3011525140
F,56608,13433,14834,57[CR],3011525578
C,13663,1816,14859,57[CR],3011525906
F,55744,13441,14883,64[CR],3011526343
C,13701,1832,14907,60[CR],3011526671
F,56176,13442,14931,64[CR],3011527109
C,13728,1896,14955,64[CR],3011527546
F,57144,13438,14980,68[CR],3011527875
C,13702,1794,15004,68[CR],3011528312
F,56312,13424,15028,68[CR],3011528640
C,13623,1822,15052,64[CR],3011529078
F,55696,13430,15076,49[CR],3011529406
C,13688,1852,15101,60[CR],3011529843
F,57288,13474,15125,57[CR],3011530281
C,13827,1850,15149,60[CR],3011530609
F,56680,13411,15174,60[CR],3011531046
A,35188,56704,15198,60[CR],3011531375
F,57288,13494,15222,64[CR],3011531812
C,13750,1884,15246,64[CR],3011532140
F,55824,13502,15270,64[CR],3011532578
C,13799,1876,15294,68[CR],3011533015
F,58576,13546,15319,68[CR],3011533343
C,13878,1918,15343,51[CR],3011533781
F,57528,13480,15367,54[CR],3011534109
C,13784,1906,15391,57[CR],3011534546
F,58072,13494,15415,60[CR],3011534875
C,13782,1940,15440,57[CR],3011535312
F,59880,13531,15464,60[CR],3011535750
C,13817,1912,15488,60[CR],3011536078
F,58376,13431,15512,64[CR],3011536515
C,13889,1938,15537,64[CR],3011536843
F,59304,13501,15561,64[CR],3011537281
A,35216,60704,15585,68[CR],3011537609
F,60848,13515,15609,68[CR],3011538046
C,13821,1942,15633,60[CR],3011538484
F,59720,13494,15657,51[CR],3011538812
C,13876,1970,15682,60[CR],3011539250
F,60888,13510,15706,57[CR],3011539578
C,13880,1932,15730,60[CR],3011540015
F,59176,13505,15738,3[CR],3011540343
C,13905,1994,15739,2[CR],3011540781
F,58432,13355,15739,1[CR],3011541218
C,13652,1890,15740,0[CR],3011541546
F,57240,13330,15740,0[CR],3011541984
C,13643,1936,15740,0[CR],3011542312
F,57064,13317,15740,0[CR],3011542750
C,13575,1960,15740,0[CR],3011543078
F,56048,13301,15740,0[CR],3011543515
A,35220,55848,15740,0[CR],3011543953
F,55736,13294,15740,0[CR],3011544390
Z,0,0,15740,0[CR],3011544937
Z,0,0,15740,0[CR],3011545375
Z,0,0,15740,0[CR],3011545921
Z,0,0,15740,0[CR],3011546468
Z,0,0,15740,0[CR],3011546906
Z,0,0,15740,0[CR],3011547453
Z,0,0,15740,0[CR],3011547890
Z,0,0,15740,0[CR],3011548437
Z,0,0,15740,0[CR],3011548984
Z,0,0,15740,0[CR],3011549421
Z,0,0,15740,0[CR],3011549968
Z,0,0,15740,0[CR],3011550406
Z,0,0,15740,0[CR],3011550953
Z,0,0,15740,0[CR],3011551500
Z,0,0,15740,0[CR],3011551937
Z,0,0,15740,0[CR],3011552484
Z,0,0,15740,0[CR],3011552921
Z,0,0,15740,0[CR],3011553468
Z,0,0,15740,0[CR],3011554015
Z,0,0,15740,0[CR],3011554453
Z,0,0,15740,0[CR],3011555000
Z,0,0,15740,0[CR],3011555437
Z,0,0,15740,0[CR],3011555984
Z,0,0,15740,0[CR],3011556421
Z,0,0,15740,0[CR],3011556968
Z,0,0,15740,0[CR],3011557515
Z,0,0,15740,0[CR],3011557953
Z,0,0,15740,0[CR],3011558500
Z,0,0,15740,0[CR],3011558937
Z,0,0,15740,0[CR],3011559484
Z,0,0,15740,0[CR],3011559921
Z,0,0,15740,0[CR],3011560468
Z,0,0,15740,0[CR],3011561015
Z,0,0,15740,0[CR],3011561453
Z,0,0,15740,0[CR],3011562000
Z,0,0,15740,0[CR],3011562437
Z,0,0,15740,0[CR],3011562984
Z,0,0,15740,73[CR],3011563531
Z,0,0,15740,73[CR],3011563968
Z,0,0,15750,12[CR],3011564187
F,51384,13214,15755,11[CR],3011564625
C,13455,1924,15755,2[CR],3011564953
F,55232,13328,15755,1[CR],3011565390
C,13539,1886,15755,0[CR],3011565828
F,54672,13290,15755,0[CR],3011566156
C,13501,1906,15755,0[CR],3011566593
F,54296,13282,15755,0[CR],3011566921
C,13475,1904,15755,0[CR],3011567359
F,54072,13277,15755,0[CR],3011567687
C,13461,1910,15758,6[CR],3011568125
F,54096,13380,15759,2[CR],3011568562
A,35232,56792,15759,1[CR],3011568890
F,56576,13352,15759,1[CR],3011569328
C,13606,1934,15759,0[CR],3011569656
F,56576,13347,15760,0[CR],3011570093
C,13608,1918,15760,0[CR],3011570421
F,56920,13360,15761,1[CR],3011570859
C,13617,1850,15761,1[CR],3011571296
F,57168,13366,15762,1[CR],3011571625
C,13616,1926,15780,68[CR],3011572062
F,58424,13605,15804,64[CR],3011572390
C,13865,1902,15828,54[CR],3011572828
F,59416,13523,15851,57[CR],3011573156
C,13771,1916,15875,60[CR],3011573593
F,60376,13509,15899,64[CR],3011574031
C,13854,1880,15923,60[CR],3011574359
F,59216,13477,15947,64[CR],3011574796
A,35220,58920,15971,68[CR],3011575125
F,59904,13486,15995,68[CR],3011575562
C,13951,1950,16018,54[CR],3011575890
F,60552,13530,16043,57[CR],3011576328
C,13947,1956,16066,57[CR],3011576765
F,62208,13517,16091,57[CR],3011577093
C,14131,1966,16102,4[CR],3011577531
F,64104,13443,16102,1[CR],3011577859
C,13869,1962,16102,1[CR],3011578296
F,60376,13349,16102,0[CR],3011578625
C,13795,1912,16102,0[CR],3011579062
F,59984,13347,16102,0[CR],3011579500
C,13796,1918,16102,0[CR],3011579828
F,59584,13348,16102,0[CR],3011580265
C,13783,1904,16102,0[CR],3011580593
F,59296,13346,16102,0[CR],3011581031
A,35180,59160,16102,0[CR],3011581359
F,59112,13352,16102,0[CR],3011581796
C,13793,1956,16102,0[CR],3011582234
F,59104,13354,16102,0[CR],3011582562
C,13804,1954,16102,0[CR],3011583000
F,59008,13355,16102,0[CR],3011583328
C,13781,1934,16102,0[CR],3011583765
F,58720,13349,16102,0[CR],3011584093
C,13762,1960,16102,0[CR],3011584531
F,58424,13345,16102,0[CR],3011584968
C,13742,1966,16102,0[CR],3011585296
F,58144,13341,16102,0[CR],3011585734
C,13724,1940,16102,0[CR],3011586062
F,57880,13335,16102,0[CR],3011586500
C,13706,1922,16102,0[CR],3011586828
F,57640,13334,16102,0[CR],3011587265
A,35196,57464,16102,0[CR],3011587703
F,57408,13329,16102,0[CR],3011588031
C,13667,1926,16102,0[CR],3011588468
F,57232,13328,16102,0[CR],3011588796
C,13667,1952,16102,0[CR],3011589234
F,57064,13324,16102,0[CR],3011589562
C,13661,1976,16102,0[CR],3011590000
F,56920,13323,16102,0[CR],3011590437
C,13651,1964,16102,0[CR],3011590765
F,56784,13315,16102,0[CR],3011591203
C,13647,1950,16102,0[CR],3011591531
F,56664,13314,16102,0[CR],3011591968
C,13638,1974,16102,0[CR],3011592296
F,56544,13312,16102,0[CR],3011592734
C,13628,1942,16102,0[CR],3011593171
F,56424,13310,16102,0[CR],3011593500
A,35164,56352,16102,0[CR],3011593937
F,56312,13309,16102,0[CR],3011594265
C,13614,1892,16102,0[CR],3011594703
F,56248,13308,16102,0
<PAUSE BUTTON 09:42:19>
[CR],3011595031
>
Reset interface. Wait time for interface: 63
>
Reset interface. Wait time for interface: 32DOFF
OK
>
Command: DOFF Wait time for interface: 109

>
Reset interface. Wait time for interface: 78CLEAR
OK
>
Command: CLEAR Wait time for interface: 110

<END BUTTON 09:48:12>

------------------- Begin end zero test --------------------
>
Reset interface. Wait time for interface: 78SCANG
Z,0,0,0,0
Z,0,0,0,0[CR],3012527125
Z,0,0,0,0[CR],3012527671
Z,0,0,0,0[CR],3012528109
Z,0,0,0,0[CR],3012528656
Z,0,0,0,0[CR],3012528875
C,12093,13860,0,0[CR],3012529312
F,12112,12664,0,0[CR],3012529640
A,36860,12086,0,0[CR],3012530078
F,12078,12667,0,0[CR],3012530406
C,12093,12697,0,0[CR],3012530843
F,12110,12669,0,0[CR],3012531187
C,12093,13448,0,0[CR],3012531640
F,12109,12667,0,0[CR],3012531984
C,12095,13219,0,0[CR],3012532421
F,12096,12670,0,0[CR],3012532750
C,12095,13819,0,0[CR],3012533203
F,12100,12664,0,0[CR],3012533531
C,12096,13611,0,0[CR],3012533984
F,12114,12664,0,0[CR],3012534312
C,12096,13385,0,0[CR],3012534421
>[CR],3012534421
>
Reset interface. Wait time for interface: 15

======== END OF TEST ========


