CPT-log version: 5.22
======== BEGIN OF TEST ========
DATE 27.09.2022

<Transmited Data>
<NEW BUTTON 11:10:31>
[^C][CR]
[^C][CR]
[^C][CR]
CLEAR[CR]
[^C][CR]
DOFF[CR]
[^C][CR]
SCANG[CR]
[^C][CR]
[^C][CR]
CLEAR[CR]

<START BUTTON 11:14:51>
[^C][CR]
[^C][CR]
DRON[CR]
SCANG[CR]

<PAUSE BUTTON 11:32:35>
[^C][CR]
[^C][CR]
DOFF[CR]
[^C][CR]
CLEAR[CR]

<END BUTTON 11:38:23>
[^C][CR]
SCANG[CR]
[^C][CR]


<Received Data>
<NEW BUTTON 11:10:31>

>
Reset interface. Wait time for interface: 32
>
Reset interface. Wait time for interface: 109
>
Reset interface. Wait time for interface: 109CLEAR
OK
>
Command: CLEAR Wait time for interface: 110

>
Reset interface. Wait time for interface: 109DOFF
OK
>
Command: DOFF Wait time for interface: 110

>
Reset interface. Wait time for interface: 62SCANG
Z,0,0,0,0
F,12064,12677,0,0[CR],3016996750
C,12099,9347,0,0[CR],3016997187
F,12068,12680,0,0[CR],3016997515
C,12100,7460,0,0[CR],3016997953
F,12067,12679,0,0[CR],3016998406
A,36456,12058,0,0[CR],3016998750
F,12049,12679,0,0[CR],3016999093
C,12100,8254,0,0[CR],3016999546
F,12068,12680,0,0[CR],3016999875
C,12100,8130,0,0[CR],3017000328
F,12068,12679,0,0[CR],3017000671
C,12101,8068,0,0[CR],3017001125
F,12067,12678,0,0[CR],3017001468
C,12100,8034,0,0[CR],3017001906
F,12064,12678,0,0[CR],3017002234
C,12100,8197,0,0[CR],3017002687
>
Reset interface. Wait time for interface: 125
>
Reset interface. Wait time for interface: 47CLEAR
OK
>
Command: CLEAR Wait time for interface: 109

<START BUTTON 11:14:51>

>
Reset interface. Wait time for interface: 94
>
Reset interface. Wait time for interface: 109DRON
OK
>
Command: DRON Wait time for interface: 109
SCANG
C,12547,324,0,0
F,18434,13690,0,0[CR],3017148296
A,36336,18444,0,0[CR],3017148734
F,18428,13707,0,0[CR],3017149171
C,12541,324,0,0[CR],3017149500
F,18446,13728,0,0[CR],3017149937
C,12539,336,0,0[CR],3017150265
F,18444,13730,0,0[CR],3017150703
C,12538,332,0,0[CR],3017151031
F,18436,13741,0,0[CR],3017151468
C,12536,330,0,0[CR],3017151906
F,18424,13750,0,0[CR],3017152234
C,12535,312,0,0[CR],3017152671
F,18416,13755,0,0[CR],3017153000
C,12534,314,0,0[CR],3017153437
F,18400,13765,0,0[CR],3017153765
C,12532,332,0,0[CR],3017154203
F,18390,13771,0,0[CR],3017154640
A,36316,18376,0,0[CR],3017154968
F,18360,13783,0,0[CR],3017155406
C,12530,332,0,0[CR],3017155734
F,18352,13791,0,0[CR],3017156171
C,12529,332,0,0[CR],3017156500
F,18338,13789,0,0[CR],3017156937
C,12530,336,0,0[CR],3017157375
F,18318,13798,6,23[CR],3017157703
C,12574,336,15,22[CR],3017158140
F,18394,13865,24,25[CR],3017158468
C,12775,332,33,21[CR],3017158906
F,19028,13738,43,22[CR],3017159234
C,12805,336,52,24[CR],3017159671
F,19414,13675,61,25[CR],3017160109
C,12832,332,70,22[CR],3017160437
F,19682,13524,79,22[CR],3017160875
A,36280,19638,88,25[CR],3017161203
F,19592,13338,97,23[CR],3017161640
C,12899,332,106,21[CR],3017161968
F,19574,13283,114,21[CR],3017162406
C,12863,320,122,17[CR],3017162843
F,19984,13113,130,19[CR],3017163171
C,12892,336,138,21[CR],3017163609
F,19942,13001,146,19[CR],3017163937
C,12850,336,154,20[CR],3017164375
F,19552,12963,163,22[CR],3017164703
C,12765,326,170,19[CR],3017165140
F,19762,12996,179,21[CR],3017165578
C,12731,332,187,23[CR],3017165906
F,20340,13004,195,20[CR],3017166343
C,12888,330,204,22[CR],3017166671
F,20930,12971,212,24[CR],3017167109
A,36220,21094,221,20[CR],3017167437
F,21160,12976,229,21[CR],3017167875
C,12948,332,237,23[CR],3017168312
F,21262,13062,246,19[CR],3017168640
C,12915,336,254,22[CR],3017169078
F,21758,13070,262,23[CR],3017169406
C,12918,332,271,19[CR],3017169843
F,22400,13035,279,21[CR],3017170171
C,12911,338,287,22[CR],3017170609
F,22850,13030,295,19[CR],3017171046
C,12890,336,303,21[CR],3017171375
F,23336,13045,311,19[CR],3017171812
C,12872,342,319,20[CR],3017172140
F,23694,13048,328,22[CR],3017172578
C,12867,336,335,17[CR],3017172906
F,23906,13073,344,21[CR],3017173343
A,36216,24154,352,22[CR],3017173781
F,24256,13091,360,19[CR],3017174109
C,12837,336,368,20[CR],3017174546
F,24530,13109,376,22[CR],3017174906
C,12836,332,384,20[CR],3017175312
F,24808,13120,393,21[CR],3017175640
C,12829,338,400,23[CR],3017176078
F,25188,13139,409,19[CR],3017176515
C,12839,336,417,21[CR],3017176843
F,25576,13178,425,17[CR],3017177281
C,12870,338,433,19[CR],3017177609
F,25888,13194,441,21[CR],3017178046
C,12914,336,449,19[CR],3017178375
F,25988,13199,458,20[CR],3017178812
C,12952,342,465,22[CR],3017179250
F,25948,13207,473,19[CR],3017179578
A,36168,25968,481,21[CR],3017180015
F,25784,13221,489,22[CR],3017180343
C,13098,332,497,19[CR],3017180781
F,25168,13235,506,21[CR],3017181109
C,13713,336,514,19[CR],3017181546
F,24448,13218,522,19[CR],3017181984
C,14204,350,530,22[CR],3017182312
F,23586,13252,538,20[CR],3017182750
C,13888,332,547,20[CR],3017183078
F,15754,13112,555,22[CR],3017183515
C,13611,338,563,18[CR],3017183843
F,15911,13570,571,20[CR],3017184281
C,13390,330,579,22[CR],3017184718
F,16324,14270,587,18[CR],3017185046
C,13264,328,596,21[CR],3017185484
F,17330,14541,604,22[CR],3017185812
A,36124,17862,612,19[CR],3017186250
F,18254,14373,620,21[CR],3017186578
C,13075,340,628,22[CR],3017187015
F,19608,14223,636,19[CR],3017187453
C,13075,364,645,21[CR],3017187781
F,20520,14147,653,23[CR],3017188218
C,13057,356,661,19[CR],3017188546
F,21508,14035,669,21[CR],3017188984
C,13041,360,677,19[CR],3017189312
F,22116,13964,685,20[CR],3017189750
C,13013,346,693,22[CR],3017190187
F,22646,13643,701,20[CR],3017190515
C,12988,378,710,21[CR],3017190953
F,23104,13247,718,22[CR],3017191281
C,12971,396,726,20[CR],3017191718
F,23582,13164,734,21[CR],3017192046
A,36144,23920,742,22[CR],3017192484
F,24050,13159,750,19[CR],3017192921
C,13009,390,759,21[CR],3017193250
F,24424,13153,767,23[CR],3017193687
C,13022,378,775,19[CR],3017194015
F,24708,13164,783,21[CR],3017194453
C,13007,374,791,23[CR],3017194781
F,24788,13175,799,20[CR],3017195218
C,12997,392,808,22[CR],3017195656
F,24744,13198,815,18[CR],3017195984
C,12984,394,824,19[CR],3017196421
F,25168,13221,832,22[CR],3017196750
C,12980,402,840,19[CR],3017197187
F,25456,13231,848,20[CR],3017197515
C,12984,374,856,22[CR],3017197953
F,25512,13243,864,19[CR],3017198390
A,36052,25700,873,21[CR],3017198718
F,25728,13260,880,22[CR],3017199156
C,12968,394,889,19[CR],3017199484
F,25452,13271,897,21[CR],3017199921
C,12925,394,905,23[CR],3017200250
F,25676,13306,913,19[CR],3017200687
C,12898,394,921,22[CR],3017201125
F,25728,13329,929,17[CR],3017201453
C,12893,398,937,19[CR],3017201890
F,25904,13362,946,22[CR],3017202218
C,12889,396,953,20[CR],3017202656
F,26196,13386,962,20[CR],3017202984
C,12886,394,970,22[CR],3017203421
F,26396,13397,978,19[CR],3017203859
C,12888,406,986,20[CR],3017204187
F,26004,13380,994,22[CR],3017204625
A,36012,26064,1003,19[CR],3017204953
F,26028,13358,1011,21[CR],3017205390
C,12911,406,1019,23[CR],3017205718
F,25776,13328,1027,19[CR],3017206156
C,12926,422,1035,22[CR],3017206593
F,25664,13294,1043,21[CR],3017206921
C,12968,414,1051,20[CR],3017207359
F,26048,13279,1060,22[CR],3017207687
C,13019,422,1067,16[CR],3017208125
F,26492,13248,1076,20[CR],3017208453
C,13018,428,1084,22[CR],3017208890
F,26292,13262,1092,19[CR],3017209328
C,13006,438,1100,21[CR],3017209656
F,25896,13297,1108,22[CR],3017210093
C,12997,456,1116,19[CR],3017210421
F,26516,13330,1124,21[CR],3017210859
A,35976,26820,1132,22[CR],3017211187
F,26932,13351,1141,19[CR],3017211625
C,12996,430,1149,21[CR],3017212062
F,27236,13363,1156,18[CR],3017212421
C,12980,434,1165,20[CR],3017212828
F,27480,13369,1173,22[CR],3017213156
C,12983,432,1181,17[CR],3017213593
F,27576,13368,1190,20[CR],3017213921
C,12966,432,1197,22[CR],3017214359
F,27340,13383,1205,19[CR],3017214796
C,12938,430,1214,20[CR],3017215125
F,27516,13392,1222,22[CR],3017215562
C,12931,434,1230,19[CR],3017215890
F,27288,13394,1238,21[CR],3017216328
C,12920,442,1246,22[CR],3017216656
F,27628,13361,1254,19[CR],3017217093
A,35920,27104,1262,21[CR],3017217531
F,27072,13362,1270,20[CR],3017217859
C,12918,454,1278,20[CR],3017218296
F,27068,13363,1287,21[CR],3017218625
C,12930,444,1294,16[CR],3017219062
F,26488,13354,1303,21[CR],3017219390
C,12935,464,1311,22[CR],3017219828
F,25828,13358,1319,19[CR],3017220265
C,12926,458,1327,21[CR],3017220593
F,25808,13342,1335,22[CR],3017221031
C,12932,440,1343,19[CR],3017221359
F,26028,13323,1352,21[CR],3017221796
C,12932,448,1360,22[CR],3017222125
F,26044,13317,1368,19[CR],3017222562
C,12945,466,1376,21[CR],3017223000
F,26224,13300,1384,23[CR],3017223328
A,35880,26216,1392,19[CR],3017223765
F,26264,13301,1401,22[CR],3017224093
C,12953,464,1408,16[CR],3017224531
F,26184,13288,1417,21[CR],3017224859
C,12942,472,1425,22[CR],3017225296
F,25996,13305,1433,19[CR],3017225734
C,12934,476,1441,20[CR],3017226062
F,25792,13318,1449,22[CR],3017226500
C,12930,472,1457,19[CR],3017226828
F,25320,13328,1465,21[CR],3017227265
C,12925,476,1473,22[CR],3017227593
F,25580,13313,1481,19[CR],3017228031
C,12920,460,1489,21[CR],3017228468
F,25332,13319,1497,19[CR],3017228796
C,12929,478,1505,20[CR],3017229234
F,25384,13335,1514,22[CR],3017229562
A,35808,25528,1522,18[CR],3017230000
F,25544,13348,1530,20[CR],3017230328
C,12966,486,1538,22[CR],3017230765
F,25036,13370,1546,20[CR],3017231203
C,12962,494,1554,21[CR],3017231531
F,25124,13413,1563,22[CR],3017231968
C,12958,496,1571,19[CR],3017232296
F,25064,13429,1579,21[CR],3017232734
C,12961,486,1587,23[CR],3017233062
F,25092,13481,1595,19[CR],3017233500
C,12973,506,1603,21[CR],3017233937
F,25316,13532,1611,17[CR],3017234265
C,12963,494,1619,19[CR],3017234703
F,26148,13566,1627,21[CR],3017235031
C,12937,504,1635,19[CR],3017235468
F,26500,13551,1644,20[CR],3017235796
A,35804,26444,1651,22[CR],3017236234
F,26512,13557,1659,19[CR],3017236671
C,12931,492,1668,20[CR],3017237000
F,26900,13560,1676,22[CR],3017237437
C,12930,488,1684,19[CR],3017237765
F,27336,13548,1692,21[CR],3017238203
C,12938,496,1700,21[CR],3017238640
F,27228,13534,1708,20[CR],3017238968
C,12930,498,1716,21[CR],3017239406
F,27124,13502,1724,17[CR],3017239734
C,12923,494,1732,20[CR],3017240171
F,27072,13470,1740,22[CR],3017240500
C,12914,476,1748,18[CR],3017240937
F,26888,13419,1757,20[CR],3017241265
C,12918,478,1760,4[CR],3017241703
F,26716,13226,1760,1[CR],3017242140
A,35752,26512,1760,0[CR],3017242468
F,26496,13173,1760,0[CR],3017242906
C,12707,502,1760,0[CR],3017243234
F,26452,13140,1760,0[CR],3017243671
C,12691,492,1760,0[CR],3017244109
F,26360,13115,1760,0[CR],3017244437
C,12677,494,1760,0[CR],3017244875
F,26228,13104,1760,0[CR],3017245203
C,12667,490,1760,0[CR],3017245640
F,26080,13084,1760,0[CR],3017245968
C,12660,506,1760,0[CR],3017246406
F,25996,13080,1760,0[CR],3017246843
C,12654,506,1760,0[CR],3017247171
F,25924,13074,1760,0[CR],3017247609
C,12652,496,1760,0[CR],3017247937
F,25864,13070,1760,0[CR],3017248375
A,35712,25804,1760,0[CR],3017248703
F,25720,13026,1760,0[CR],3017249140
C,12621,504,1760,0[CR],3017249578
F,25668,13107,1760,0[CR],3017249906
C,12659,510,1760,0[CR],3017250453
Z,0,0,1760,0[CR],3017250890
Z,0,0,1760,0[CR],3017251437
Z,0,0,1760,0[CR],3017251875
Z,0,0,1760,0[CR],3017252421
Z,0,0,1760,0[CR],3017252968
Z,0,0,1760,0[CR],3017253406
Z,0,0,1760,0[CR],3017253953
Z,0,0,1760,0[CR],3017254390
Z,0,0,1760,0[CR],3017254937
Z,0,0,1760,0[CR],3017255375
Z,0,0,1760,0[CR],3017255921
Z,0,0,1760,0[CR],3017256468
Z,0,0,1760,0[CR],3017256906
Z,0,0,1760,0[CR],3017257453
Z,0,0,1760,3[CR],3017257890
Z,0,0,1760,2[CR],3017258437
Z,0,0,1760,1[CR],3017258984
Z,0,0,1760,0[CR],3017259421
Z,0,0,1760,0[CR],3017259968
Z,0,0,1760,0[CR],3017260406
Z,0,0,1760,0[CR],3017260515
F,25088,12889,1760,0[CR],3017260953
Z,0,0,1760,0[CR],3017261500
Z,0,0,1760,0[CR],3017261937
Z,0,0,1760,0[CR],3017262484
Z,0,0,1760,0[CR],3017262921
Z,0,0,1760,0[CR],3017263468
Z,0,0,1760,0[CR],3017263906
Z,0,0,1760,0[CR],3017264453
Z,0,0,1760,0[CR],3017265000
Z,0,0,1760,0[CR],3017265437
Z,0,0,1760,0[CR],3017265984
Z,0,0,1760,0[CR],3017266421
Z,0,0,1760,0[CR],3017266968
Z,0,0,1760,0[CR],3017267406
Z,0,0,1760,0[CR],3017267953
Z,0,0,1760,0[CR],3017268500
Z,0,0,1760,0[CR],3017268937
Z,0,0,1760,0[CR],3017269484
Z,0,0,1760,0[CR],3017269921
Z,0,0,1760,0[CR],3017270468
Z,0,0,1760,68[CR],3017270906
Z,0,0,1760,73[CR],3017271453
Z,0,0,1772,60[CR],3017272000
Z,0,0,1780,6[CR],3017272218
F,24876,13055,1780,2[CR],3017272546
C,12762,486,1780,1[CR],3017272984
F,24752,13042,1780,0[CR],3017273312
A,35552,24780,1780,0[CR],3017273750
F,24768,13037,1780,0[CR],3017274078
C,12694,490,1780,0[CR],3017274515
F,24784,13029,1780,0[CR],3017274953
C,12689,500,1787,86[CR],3017275281
F,24776,13043,1789,2[CR],3017275718
C,12886,516,1789,1[CR],3017276046
F,24916,13168,1789,0[CR],3017276484
C,12753,480,1789,0[CR],3017276921
F,25084,13174,1789,0[CR],3017277250
C,12724,488,1789,0[CR],3017277687
F,25208,13161,1789,0[CR],3017278015
C,12704,508,1789,0[CR],3017278453
F,25292,13154,1789,0[CR],3017278781
C,12695,494,1789,0[CR],3017279218
F,25348,13154,1797,22[CR],3017279656
A,35516,24720,1805,19[CR],3017279984
F,24960,13371,1813,21[CR],3017280421
C,12935,510,1821,22[CR],3017280750
F,25400,13345,1829,19[CR],3017281187
C,12932,510,1837,21[CR],3017281515
F,25976,13346,1845,22[CR],3017281953
C,12939,510,1853,20[CR],3017282390
F,26248,13347,1862,22[CR],3017282718
C,12969,502,1869,17[CR],3017283156
F,26184,13324,1878,20[CR],3017283484
C,12969,514,1886,22[CR],3017283921
F,25524,13317,1894,19[CR],3017284250
C,12954,514,1902,20[CR],3017284687
F,25048,13327,1910,22[CR],3017285125
C,12951,510,1919,19[CR],3017285453
F,24708,13357,1927,21[CR],3017285890
A,35460,24992,1935,22[CR],3017286218
F,25076,13360,1943,19[CR],3017286656
C,12954,520,1951,21[CR],3017286984
F,25724,13326,1959,23[CR],3017287421
C,12963,522,1967,20[CR],3017287859
F,25228,13303,1976,21[CR],3017288187
C,12962,518,1983,19[CR],3017288625
F,24652,13300,1992,20[CR],3017288953
C,12950,526,2000,22[CR],3017289390
F,24532,13305,2008,17[CR],3017289718
C,12960,522,2016,20[CR],3017290156
F,24352,13333,2024,22[CR],3017290593
C,12958,524,2032,19[CR],3017290921
F,24768,13340,2041,21[CR],3017291359
C,12968,522,2049,22[CR],3017291687
F,24224,13317,2057,19[CR],3017292125
A,35432,24400,2065,21[CR],3017292453
F,24624,13317,2073,22[CR],3017292890
C,12962,528,2081,19[CR],3017293328
F,25340,13314,2089,21[CR],3017293656
C,12990,522,2097,16[CR],3017294093
F,25880,13346,2105,19[CR],3017294421
C,12995,528,2113,22[CR],3017294859
F,26060,13306,2121,17[CR],3017295187
C,12980,534,2130,20[CR],3017295625
F,25456,13281,2138,22[CR],3017296062
C,12952,528,2146,19[CR],3017296390
F,25324,13260,2154,20[CR],3017296828
C,12952,528,2162,22[CR],3017297156
F,25088,13280,2170,19[CR],3017297593
C,12948,522,2178,21[CR],3017297921
F,25468,13299,2186,22[CR],3017298359
A,35368,25988,2195,19[CR],3017298796
F,26216,13284,2203,22[CR],3017299125
C,12976,534,2211,18[CR],3017299562
F,26644,13275,2219,20[CR],3017299890
C,13005,534,2227,22[CR],3017300328
F,25892,13287,2235,17[CR],3017300656
C,13038,532,2243,20[CR],3017301093
F,26468,13319,2251,22[CR],3017301531
C,13091,540,2259,19[CR],3017301859
F,26880,13334,2268,20[CR],3017302296
C,13103,560,2275,22[CR],3017302625
F,25580,13371,2284,19[CR],3017303062
C,13066,560,2292,21[CR],3017303390
F,25752,13405,2300,22[CR],3017303828
C,13051,556,2308,19[CR],3017304265
F,25164,13425,2316,21[CR],3017304593
A,35336,26012,2324,21[CR],3017305031
F,26280,13435,2332,20[CR],3017305359
C,13048,562,2340,22[CR],3017305796
F,26992,13403,2349,17[CR],3017306125
C,13053,586,2357,20[CR],3017306562
F,27632,13397,2365,22[CR],3017306890
C,13060,580,2373,19[CR],3017307328
F,28268,13397,2381,20[CR],3017307765
C,13084,588,2389,22[CR],3017308093
F,28428,13399,2398,19[CR],3017308531
C,13087,584,2406,21[CR],3017308859
F,28440,13376,2414,24[CR],3017309296
C,13093,566,2422,19[CR],3017309734
F,28112,13347,2430,21[CR],3017310062
C,13085,576,2438,18[CR],3017310500
F,27180,13364,2446,20[CR],3017310828
A,35300,27076,2454,21[CR],3017311265
F,26904,13341,2462,20[CR],3017311593
C,13074,596,2470,20[CR],3017312031
F,26800,13363,2479,22[CR],3017312468
C,13068,576,2487,19[CR],3017312796
F,27436,13397,2495,20[CR],3017313234
C,13072,574,2503,22[CR],3017313562
F,27660,13403,2511,19[CR],3017314000
C,13071,580,2519,21[CR],3017314328
F,28028,13433,2527,23[CR],3017314765
C,13074,586,2535,19[CR],3017315203
F,28244,13439,2544,21[CR],3017315531
C,13083,582,2551,22[CR],3017315968
F,28332,13452,2560,19[CR],3017316296
C,13103,582,2568,22[CR],3017316734
F,28776,13455,2576,18[CR],3017317062
A,35296,28644,2584,20[CR],3017317500
F,28932,13448,2593,22[CR],3017317937
C,13184,576,2600,19[CR],3017318265
F,29704,13478,2609,20[CR],3017318703
C,13278,588,2617,22[CR],3017319031
F,29916,13500,2625,19[CR],3017319468
C,13399,588,2633,21[CR],3017319796
F,30216,13542,2641,22[CR],3017320234
C,13282,586,2649,19[CR],3017320671
F,30408,13541,2657,21[CR],3017321000
C,13279,582,2665,23[CR],3017321437
F,30520,13570,2674,19[CR],3017321765
C,13268,590,2682,21[CR],3017322203
F,31300,13549,2689,17[CR],3017322531
C,13283,584,2698,19[CR],3017322968
F,31604,13544,2706,22[CR],3017323406
A,35212,31680,2714,19[CR],3017323734
F,32044,13525,2722,19[CR],3017324171
C,13214,594,2730,22[CR],3017324500
F,32520,13493,2738,19[CR],3017324937
C,13195,588,2747,21[CR],3017325265
F,33172,13450,2755,22[CR],3017325703
C,13185,598,2763,19[CR],3017326140
F,33596,13392,2771,21[CR],3017326468
C,13184,604,2779,23[CR],3017326906
F,33980,13375,2787,21[CR],3017327234
C,13214,604,2795,21[CR],3017327671
F,34360,13324,2803,19[CR],3017328000
C,13194,608,2812,20[CR],3017328437
F,34500,13314,2820,21[CR],3017328875
C,13205,618,2828,20[CR],3017329203
F,35412,13346,2836,20[CR],3017329640
A,35184,35672,2844,22[CR],3017329968
F,35808,13341,2852,19[CR],3017330406
C,13256,622,2860,20[CR],3017330734
F,35984,13338,2868,22[CR],3017331171
C,13265,622,2876,19[CR],3017331609
F,35604,13313,2885,21[CR],3017331937
C,13274,648,2892,23[CR],3017332375
F,35556,13310,2901,19[CR],3017332703
C,13256,648,2909,21[CR],3017333140
F,34548,13311,2917,21[CR],3017333468
C,13283,640,2925,20[CR],3017333906
F,35000,13291,2933,22[CR],3017334343
C,13256,660,2941,18[CR],3017334671
F,34548,13287,2949,20[CR],3017335109
C,13236,648,2957,22[CR],3017335437
F,35128,13270,2965,19[CR],3017335875
A,35184,35284,2974,21[CR],3017336203
F,35248,13285,2982,22[CR],3017336640
C,13218,662,2990,19[CR],3017337078
F,35444,13304,2998,21[CR],3017337406
C,13199,658,3006,24[CR],3017337843
F,35316,13314,3014,20[CR],3017338171
C,13190,668,3022,21[CR],3017338609
F,34796,13318,3030,18[CR],3017338937
C,13177,682,3039,20[CR],3017339375
F,34188,13312,3047,21[CR],3017339812
C,13159,666,3055,18[CR],3017340140
F,33668,13286,3063,20[CR],3017340578
C,13147,678,3071,22[CR],3017340906
F,33104,13278,3079,19[CR],3017341343
C,13179,686,3087,20[CR],3017341671
F,33216,13283,3095,22[CR],3017342109
A,35116,33572,3103,19[CR],3017342546
F,33752,13271,3112,21[CR],3017342875
C,13293,676,3119,18[CR],3017343312
F,33512,13309,3128,20[CR],3017343671
C,13300,678,3136,21[CR],3017344078
F,35216,13270,3143,16[CR],3017344406
C,13246,664,3152,20[CR],3017344843
F,36448,13238,3160,22[CR],3017345281
C,13270,684,3168,19[CR],3017345609
F,36756,13231,3176,20[CR],3017346046
C,13262,686,3184,22[CR],3017346375
F,36936,13236,3192,19[CR],3017346812
C,13236,692,3200,21[CR],3017347140
F,37276,13237,3209,22[CR],3017347578
C,13277,684,3217,19[CR],3017348015
F,37648,13254,3225,21[CR],3017348343
A,35116,36896,3233,23[CR],3017348781
F,36904,13272,3241,20[CR],3017349109
C,13205,684,3249,21[CR],3017349546
F,37056,13295,3257,17[CR],3017349875
C,13185,682,3265,20[CR],3017350312
F,36860,13322,3273,21[CR],3017350750
C,13172,684,3281,19[CR],3017351078
F,37236,13351,3290,21[CR],3017351515
C,13173,684,3297,22[CR],3017351843
F,37428,13373,3305,19[CR],3017352281
C,13178,678,3314,21[CR],3017352609
F,37564,13378,3322,22[CR],3017353046
C,13195,684,3330,19[CR],3017353484
F,37888,13381,3338,21[CR],3017353812
C,13228,684,3346,21[CR],3017354250
F,37992,13370,3354,20[CR],3017354578
A,35056,38076,3362,22[CR],3017355015
F,38112,13355,3370,17[CR],3017355343
C,13270,682,3378,20[CR],3017355781
F,37792,13346,3386,22[CR],3017356218
C,13266,694,3395,19[CR],3017356546
F,37772,13322,3403,21[CR],3017356984
C,13271,684,3410,22[CR],3017357312
F,37696,13300,3419,19[CR],3017357750
C,13283,696,3427,21[CR],3017358078
F,37232,13288,3435,23[CR],3017358515
C,13262,678,3443,20[CR],3017358953
F,37532,13303,3451,22[CR],3017359281
C,13233,678,3459,17[CR],3017359718
F,37304,13303,3467,20[CR],3017360046
C,13232,688,3475,22[CR],3017360484
F,37784,13314,3483,19[CR],3017360812
A,35084,38128,3491,20[CR],3017361250
F,38224,13318,3500,22[CR],3017361687
C,13242,676,3508,19[CR],3017362015
F,38524,13321,3516,21[CR],3017362453
C,13263,684,3523,22[CR],3017362781
F,38672,13316,3532,19[CR],3017363218
C,13262,694,3540,22[CR],3017363546
F,38792,13330,3548,21[CR],3017363984
C,13265,688,3556,20[CR],3017364312
F,38652,13322,3564,21[CR],3017364750
C,13281,686,3572,17[CR],3017365187
F,38300,13318,3581,20[CR],3017365515
C,13262,696,3589,22[CR],3017365953
F,38512,13326,3597,19[CR],3017366281
C,13244,686,3605,21[CR],3017366718
F,38296,13315,3613,22[CR],3017367046
A,34996,38336,3621,19[CR],3017367484
F,38424,13330,3629,21[CR],3017367921
C,13239,674,3637,22[CR],3017368250
F,38552,13328,3645,20[CR],3017368687
C,13235,688,3653,21[CR],3017369015
F,38604,13323,3661,18[CR],3017369453
C,13227,686,3669,20[CR],3017369781
F,38628,13322,3677,22[CR],3017370218
C,13223,694,3685,18[CR],3017370656
F,38768,13331,3694,20[CR],3017370984
C,13235,708,3702,22[CR],3017371421
F,38884,13329,3710,19[CR],3017371750
C,13247,700,3718,20[CR],3017372187
F,38872,13332,3726,22[CR],3017372515
C,13258,704,3734,19[CR],3017372953
F,38940,13334,3742,21[CR],3017373390
A,34992,39072,3750,21[CR],3017373718
F,39120,13326,3758,20[CR],3017374078
C,13280,722,3760,3[CR],3017374484
F,39108,13183,3760,1[CR],3017374921
C,13102,722,3760,0[CR],3017375250
F,37964,13131,3760,0[CR],3017375687
C,13041,708,3760,0[CR],3017376125
F,37468,13043,3760,0[CR],3017376453
C,12952,714,3760,0[CR],3017376890
F,37300,13051,3760,0[CR],3017377218
C,12995,710,3760,0[CR],3017377656
F,37096,13092,3760,0[CR],3017378093
Z,0,0,3760,0[CR],3017378640
Z,0,0,3760,0[CR],3017379187
Z,0,0,3760,0[CR],3017379625
Z,0,0,3760,0[CR],3017380171
Z,0,0,3760,0[CR],3017380718
Z,0,0,3760,0[CR],3017381156
Z,0,0,3760,0[CR],3017381703
Z,0,0,3760,0[CR],3017382140
Z,0,0,3760,2[CR],3017382687
Z,0,0,3760,1[CR],3017383125
Z,0,0,3760,0[CR],3017383671
Z,0,0,3760,0[CR],3017384218
Z,0,0,3760,0[CR],3017384656
Z,0,0,3760,0[CR],3017385203
Z,0,0,3760,0[CR],3017385640
Z,0,0,3760,0[CR],3017386187
Z,0,0,3760,0[CR],3017386734
Z,0,0,3760,0[CR],3017387171
Z,0,0,3760,0[CR],3017387718
Z,0,0,3760,0[CR],3017388156
Z,0,0,3760,0[CR],3017388593
F,35804,12967,3760,0[CR],3017388921
C,12824,718,3760,0[CR],3017389468
Z,0,0,3760,0[CR],3017390015
Z,0,0,3760,0[CR],3017390453
Z,0,0,3760,0[CR],3017391000
Z,0,0,3760,0[CR],3017391437
Z,0,0,3760,0[CR],3017391984
Z,0,0,3760,0[CR],3017392421
Z,0,0,3760,0[CR],3017392968
Z,0,0,3760,0[CR],3017393515
Z,0,0,3760,0[CR],3017393953
Z,0,0,3760,0[CR],3017394500
Z,0,0,3760,0[CR],3017394937
Z,0,0,3760,0[CR],3017395484
Z,0,0,3760,0[CR],3017395921
Z,0,0,3760,0[CR],3017396468
Z,0,0,3760,0[CR],3017397015
Z,0,0,3760,0[CR],3017397453
Z,0,0,3760,0[CR],3017398000
Z,0,0,3760,0[CR],3017398437
Z,0,0,3760,0[CR],3017398984
Z,0,0,3760,0[CR],3017399531
Z,0,0,3760,64[CR],3017399968
Z,0,0,3760,68[CR],3017400515
Z,0,0,3764,57[CR],3017400953
Z,0,0,3777,12[CR],3017401062
F,35104,12967,3777,5[CR],3017401500
C,12951,728,3777,1[CR],3017401828
F,35684,13079,3777,1[CR],3017402265
C,13001,730,3777,0[CR],3017402593
F,35620,13072,3777,0[CR],3017403031
C,12978,730,3777,0[CR],3017403468
F,35592,13062,3777,0[CR],3017403796
C,12966,738,3784,12[CR],3017404234
F,35552,13594,3785,2[CR],3017404562
A,34804,37424,3785,1[CR],3017405000
F,37204,13155,3785,0[CR],3017405328
C,13087,728,3785,0[CR],3017405765
F,36864,13141,3785,0[CR],3017406203
C,13050,724,3785,0[CR],3017406531
F,36660,13132,3785,0[CR],3017406968
C,13030,724,3785,0[CR],3017407296
F,36524,13128,3785,0[CR],3017407734
C,13010,724,3792,19[CR],3017408062
F,36448,13340,3801,20[CR],3017408500
C,13279,720,3809,22[CR],3017408937
F,38280,13345,3817,19[CR],3017409265
C,13289,738,3825,21[CR],3017409703
F,38532,13342,3833,23[CR],3017410031
C,13288,724,3841,20[CR],3017410468
F,37920,13339,3849,22[CR],3017410796
A,34800,38120,3857,18[CR],3017411234
F,38220,13341,3866,20[CR],3017411562
C,13245,728,3874,22[CR],3017412000
F,36940,13339,3882,18[CR],3017412437
C,13212,728,3890,20[CR],3017412765
F,37236,13331,3898,22[CR],3017413203
C,13197,736,3906,19[CR],3017413531
F,37376,13334,3915,21[CR],3017413968
C,13187,730,3922,22[CR],3017414406
F,37564,13338,3931,19[CR],3017414734
C,13190,736,3939,21[CR],3017415171
F,37884,13344,3947,23[CR],3017415500
C,13193,734,3955,19[CR],3017415937
F,38064,13333,3964,21[CR],3017416265
C,13194,742,3971,22[CR],3017416703
F,38232,13323,3980,19[CR],3017417140
A,34756,38352,3988,22[CR],3017417468
F,38356,13323,3996,18[CR],3017417906
C,13193,758,4004,21[CR],3017418234
F,38052,13295,4012,22[CR],3017418671
C,13199,768,4020,19[CR],3017419000
F,38052,13277,4028,20[CR],3017419437
C,13225,764,4036,22[CR],3017419875
F,37824,13258,4045,19[CR],3017420203
C,13249,756,4053,21[CR],3017420640
F,37200,13252,4060,22[CR],3017420968
C,13248,784,4069,20[CR],3017421406
F,36972,13254,4077,21[CR],3017421734
C,13234,772,4085,21[CR],3017422171
F,36700,13262,4093,20[CR],3017422609
C,13216,780,4101,22[CR],3017422937
F,36932,13270,4109,18[CR],3017423375
A,34732,37500,4118,20[CR],3017423703
F,37612,13267,4126,22[CR],3017424140
C,13222,788,4134,18[CR],3017424468
F,38176,13276,4142,20[CR],3017424906
C,13238,784,4150,22[CR],3017425343
F,38732,13289,4158,19[CR],3017425671
C,13291,784,4166,21[CR],3017426109
F,39236,13286,4175,23[CR],3017426437
C,13296,780,4183,19[CR],3017426875
F,39532,13298,4191,21[CR],3017427203
C,13305,780,4199,22[CR],3017427640
F,39736,13292,4207,19[CR],3017428078
C,13305,780,4215,22[CR],3017428406
F,38632,13266,4223,17[CR],3017428843
C,13262,786,4232,20[CR],3017429171
F,38744,13270,4240,21[CR],3017429609
A,34696,38172,4247,17[CR],3017429937
F,38352,13277,4256,19[CR],3017430375
C,13240,784,4264,22[CR],3017430812
F,38964,13286,4272,19[CR],3017431140
C,13242,776,4280,20[CR],3017431578
F,39336,13298,4288,22[CR],3017431906
C,13257,788,4296,19[CR],3017432343
F,39632,13311,4305,21[CR],3017432671
C,13271,778,4313,23[CR],3017433109
F,39820,13320,4321,19[CR],3017433546
C,13269,780,4329,22[CR],3017433875
F,40240,13334,4337,19[CR],3017434312
C,13290,794,4345,20[CR],3017434640
F,40468,13341,4353,21[CR],3017435078
C,13296,784,4361,18[CR],3017435406
F,40540,13330,4370,20[CR],3017435843
A,34656,40280,4378,22[CR],3017436281
F,40228,13317,4386,18[CR],3017436609
C,13294,784,4394,21[CR],3017437046
F,40132,13300,4402,22[CR],3017437375
C,13289,788,4410,19[CR],3017437812
F,39192,13300,4419,21[CR],3017438140
C,13248,788,4426,22[CR],3017438578
F,39432,13308,4435,19[CR],3017439015
C,13242,810,4443,21[CR],3017439343
F,39088,13316,4451,22[CR],3017439781
C,13232,806,4459,20[CR],3017440109
F,39280,13323,4467,22[CR],3017440546
C,13234,812,4475,16[CR],3017440875
F,39324,13318,4483,20[CR],3017441312
C,13234,818,4491,22[CR],3017441750
F,39344,13316,4500,19[CR],3017442078
A,34640,39344,4508,21[CR],3017442515
F,39332,13320,4516,22[CR],3017442843
C,13231,802,4524,19[CR],3017443281
F,39288,13311,4532,21[CR],3017443609
C,13218,818,4540,23[CR],3017444046
F,39000,13296,4548,19[CR],3017444484
C,13212,824,4557,21[CR],3017444812
F,39020,13300,4564,22[CR],3017445250
C,13240,816,4573,19[CR],3017445578
F,39228,13295,4581,22[CR],3017446015
C,13264,830,4589,21[CR],3017446343
F,39560,13289,4597,20[CR],3017446781
C,13284,844,4605,22[CR],3017447218
F,37564,13276,4613,17[CR],3017447546
C,13293,832,4621,20[CR],3017447984
F,39180,13292,4629,22[CR],3017448312
A,34608,39788,4638,20[CR],3017448750
F,40000,13300,4646,21[CR],3017449078
C,13304,846,4654,22[CR],3017449515
F,40352,13311,4662,19[CR],3017449953
C,13318,842,4670,21[CR],3017450281
F,40816,13322,4678,24[CR],3017450718
C,13324,842,4686,18[CR],3017451046
F,41000,13329,4694,22[CR],3017451484
C,13316,838,4702,17[CR],3017451812
F,40904,13329,4711,21[CR],3017452250
C,13290,846,4719,22[CR],3017452687
F,41088,13338,4726,20[CR],3017453015
C,13288,840,4735,20[CR],3017453453
F,41160,13345,4743,22[CR],3017453781
C,13289,848,4751,19[CR],3017454218
F,41192,13350,4759,20[CR],3017454656
A,34576,41232,4768,22[CR],3017454984
F,41400,13357,4776,19[CR],3017455421
C,13298,860,4784,20[CR],3017455750
F,41496,13357,4792,22[CR],3017456187
C,13294,868,4800,19[CR],3017456515
F,41376,13346,4808,21[CR],3017456953
C,13305,886,4816,23[CR],3017457390
F,41032,13345,4825,20[CR],3017457718
C,13330,882,4833,22[CR],3017458156
F,40812,13336,4840,17[CR],3017458484
C,13315,876,4849,20[CR],3017458921
F,40728,13339,4857,21[CR],3017459250
C,13288,864,4865,19[CR],3017459687
F,40904,13343,4873,21[CR],3017460125
C,13283,868,4881,22[CR],3017460453
F,40668,13348,4889,19[CR],3017460890
A,34584,40912,4897,21[CR],3017461218
F,40960,13349,4905,23[CR],3017461656
C,13283,886,4913,19[CR],3017462093
Z,0,0,4924,20[CR],3017462421
C,13307,872,4930,16[CR],3017462859
F,41904,13363,4938,18[CR],3017463187
C,13306,876,4946,22[CR],3017463625
F,41704,13357,4954,19[CR],3017463953
C,13321,878,4962,20[CR],3017464390
F,41616,13355,4970,22[CR],3017464718
C,13315,886,4978,19[CR],3017465156
F,41672,13354,4987,20[CR],3017465593
C,13292,874,4995,22[CR],3017465921
F,41808,13338,5003,20[CR],3017466359
C,13297,862,5011,21[CR],3017466687
F,41112,13318,5019,22[CR],3017467125
A,34580,41288,5027,19[CR],3017467453
F,41344,13316,5036,21[CR],3017467890
C,13311,878,5043,21[CR],3017468328
F,41240,13316,5052,20[CR],3017468656
C,13319,882,5060,22[CR],3017469093
F,40916,13318,5068,17[CR],3017469421
C,13309,882,5076,20[CR],3017469859
F,40468,13298,5084,22[CR],3017470187
C,13270,882,5092,19[CR],3017470625
F,40640,13309,5101,20[CR],3017471062
C,13253,882,5109,22[CR],3017471390
F,40936,13321,5117,19[CR],3017471828
C,13276,870,5125,21[CR],3017472156
F,41248,13327,5133,22[CR],3017472593
C,13287,872,5141,19[CR],3017472921
F,41544,13319,5149,22[CR],3017473359
A,34512,41840,5157,23[CR],3017473796
F,41880,13331,5166,20[CR],3017474125
C,13295,882,5174,21[CR],3017474562
F,41768,13334,5182,17[CR],3017474890
C,13325,882,5190,20[CR],3017475328
F,41664,13341,5198,22[CR],3017475656
C,13337,888,5206,19[CR],3017476093
F,41576,13338,5215,20[CR],3017476531
C,13294,890,5223,22[CR],3017476859
F,40732,13311,5231,19[CR],3017477296
C,13265,900,5239,21[CR],3017477625
F,41328,13319,5247,22[CR],3017478062
C,13299,876,5255,19[CR],3017478390
F,40984,13317,5264,21[CR],3017478828
C,13304,896,5271,22[CR],3017479265
F,41408,13325,5280,19[CR],3017479593
A,34532,42008,5288,21[CR],3017480031
F,42064,13324,5296,21[CR],3017480359
C,13302,888,5304,20[CR],3017480796
F,42296,13322,5312,21[CR],3017481125
C,13294,892,5320,18[CR],3017481562
F,41824,13322,5328,20[CR],3017482000
C,13281,882,5337,22[CR],3017482328
F,41808,13321,5344,19[CR],3017482765
C,13270,894,5353,20[CR],3017483093
F,41168,13296,5361,22[CR],3017483531
C,13249,902,5369,19[CR],3017483859
F,41232,13295,5377,21[CR],3017484296
C,13224,882,5385,22[CR],3017484625
F,40932,13305,5393,19[CR],3017485062
C,13233,916,5401,21[CR],3017485500
F,41512,13300,5409,22[CR],3017485828
A,34496,41856,5418,20[CR],3017486265
F,41952,13302,5426,21[CR],3017486593
C,13251,934,5433,17[CR],3017487031
F,42504,13315,5442,20[CR],3017487359
C,13250,924,5450,22[CR],3017487796
F,42152,13292,5458,18[CR],3017488234
C,13271,916,5466,20[CR],3017488562
F,42624,13301,5474,22[CR],3017489000
C,13310,932,5482,19[CR],3017489328
F,42432,13303,5491,21[CR],3017489765
C,13307,948,5498,23[CR],3017490093
F,42320,13313,5507,20[CR],3017490531
C,13292,934,5515,21[CR],3017490968
F,41912,13303,5523,19[CR],3017491296
C,13286,936,5531,20[CR],3017491734
F,41736,13297,5539,22[CR],3017492062
A,34464,41776,5547,17[CR],3017492500
F,41488,13293,5555,20[CR],3017492828
C,13291,936,5563,22[CR],3017493265
F,41944,13281,5572,19[CR],3017493703
C,13315,956,5580,21[CR],3017494031
F,42520,13288,5588,22[CR],3017494468
C,13295,964,5596,19[CR],3017494796
F,42024,13275,5604,21[CR],3017495234
C,13290,960,5612,22[CR],3017495562
F,41560,13285,5620,19[CR],3017496000
C,13250,956,5628,21[CR],3017496437
F,41672,13307,5636,17[CR],3017496765
C,13241,952,5644,20[CR],3017497203
F,41840,13321,5653,22[CR],3017497531
C,13302,952,5660,18[CR],3017497968
F,42272,13290,5669,20[CR],3017498296
A,34472,42672,5677,22[CR],3017498734
F,42624,13268,5685,19[CR],3017499171
C,13312,966,5693,21[CR],3017499500
F,42616,13245,5701,23[CR],3017499937
C,13304,966,5709,19[CR],3017500265
F,41976,13246,5717,21[CR],3017500703
C,13297,972,5725,17[CR],3017501031
F,42632,13243,5733,20[CR],3017501468
C,13283,976,5741,22[CR],3017501906
F,42088,13230,5749,16[CR],3017502234
C,13246,974,5758,20[CR],3017502671
F,41520,13206,5759,2[CR],3017503000
C,13230,972,5760,2[CR],3017503437
F,40616,13051,5760,1[CR],3017503765
C,13082,976,5760,0[CR],3017504203
F,39960,13047,5760,0[CR],3017504640
A,34432,39692,5760,0[CR],3017504968
F,39600,13036,5760,0[CR],3017505406
C,13047,972,5760,0[CR],3017505734
F,39308,13010,5760,0[CR],3017506171
C,13026,966,5760,0[CR],3017506500
F,39132,13035,5760,0[CR],3017506937
C,13047,968,5760,0[CR],3017507375
F,38984,13033,5760,0[CR],3017507812
Z,0,0,5760,0[CR],3017508359
Z,0,0,5760,0[CR],3017508796
Z,0,0,5760,5[CR],3017509343
Z,0,0,5760,1[CR],3017509890
Z,0,0,5760,0[CR],3017510328
Z,0,0,5760,0[CR],3017510875
Z,0,0,5760,0[CR],3017511312
Z,0,0,5760,0[CR],3017511859
Z,0,0,5760,0[CR],3017512296
Z,0,0,5760,0[CR],3017512843
Z,0,0,5760,0[CR],3017513390
Z,0,0,5760,0[CR],3017513828
Z,0,0,5760,0[CR],3017514375
Z,0,0,5760,0[CR],3017514812
Z,0,0,5760,0[CR],3017515359
Z,0,0,5760,0[CR],3017515906
Z,0,0,5760,0[CR],3017516343
Z,0,0,5760,0[CR],3017516890
Z,0,0,5760,0[CR],3017517328
Z,0,0,5760,0[CR],3017517875
Z,0,0,5760,0[CR],3017518312
Z,0,0,5760,0[CR],3017518859
Z,0,0,5760,0[CR],3017519406
Z,0,0,5760,0[CR],3017519843
Z,0,0,5760,0[CR],3017520390
Z,0,0,5760,0[CR],3017520828
Z,0,0,5760,0[CR],3017521375
Z,0,0,5760,0[CR],3017521812
Z,0,0,5760,0[CR],3017522359
Z,0,0,5760,0[CR],3017522906
Z,0,0,5760,0[CR],3017523343
Z,0,0,5760,0[CR],3017523890
Z,0,0,5760,0[CR],3017524328
Z,0,0,5760,0[CR],3017524875
Z,0,0,5760,0[CR],3017525312
Z,0,0,5760,0[CR],3017525859
Z,0,0,5760,0[CR],3017526406
Z,0,0,5760,0[CR],3017526843
Z,0,0,5760,0[CR],3017527390
Z,0,0,5760,94[CR],3017527828
Z,0,0,5778,43[CR],3017528046
C,12878,974,5781,13[CR],3017528375
F,37640,13075,5781,2[CR],3017528812
C,13127,970,5781,1[CR],3017529250
F,38536,13031,5781,0[CR],3017529578
A,34364,38480,5781,0[CR],3017530015
F,38444,13030,5781,0[CR],3017530343
C,13038,974,5781,0[CR],3017530781
F,38400,13027,5781,0[CR],3017531109
C,13027,974,5787,43[CR],3017531546
F,38336,13027,5792,6[CR],3017531984
C,13246,1094,5793,2[CR],3017532312
F,41552,13116,5793,1[CR],3017532750
C,13146,976,5793,0[CR],3017533078
F,41112,13091,5793,0[CR],3017533515
C,13105,976,5793,0[CR],3017533843
F,40872,13082,5793,0[CR],3017534281
C,13083,972,5793,0[CR],3017534718
F,40628,13078,5793,0[CR],3017535046
C,13068,978,5799,34[CR],3017535484
F,40404,13164,5807,25[CR],3017535812
A,34332,42576,5816,19[CR],3017536250
F,42800,13279,5824,22[CR],3017536578
C,13264,978,5832,17[CR],3017537015
F,43208,13284,5840,20[CR],3017537453
C,13262,974,5849,22[CR],3017537781
F,43400,13261,5856,18[CR],3017538218
C,13283,980,5865,21[CR],3017538546
F,43168,13228,5873,22[CR],3017538984
C,13252,972,5881,21[CR],3017539312
F,42216,13245,5889,21[CR],3017539750
C,13248,966,5898,22[CR],3017540187
F,42416,13264,5905,19[CR],3017540515
C,13258,980,5914,21[CR],3017540953
F,41744,13249,5922,22[CR],3017541281
C,13242,976,5930,20[CR],3017541718
F,42104,13244,5938,21[CR],3017542046
A,34340,42048,5946,22[CR],3017542484
F,41992,13217,5955,20[CR],3017542828
C,13229,992,5963,22[CR],3017543250
F,41928,13224,5970,17[CR],3017543656
C,13215,980,5979,20[CR],3017544015
F,42360,13230,5987,22[CR],3017544453
C,13216,980,5995,19[CR],3017544781
F,41928,13213,6004,21[CR],3017545218
C,13196,970,6012,22[CR],3017545656
F,41952,13226,6020,19[CR],3017545984
C,13186,978,6028,21[CR],3017546421
F,42104,13238,6036,22[CR],3017546750
C,13222,976,6044,19[CR],3017547187
F,42600,13229,6052,21[CR],3017547515
C,13231,984,6060,22[CR],3017547953
F,43024,13208,6068,20[CR],3017548390
A,34276,43080,6076,22[CR],3017548718
F,43304,13192,6084,20[CR],3017549156
C,13232,984,6093,20[CR],3017549484
F,43032,13189,6101,22[CR],3017549921
C,13228,976,6109,18[CR],3017550250
F,43432,13199,6117,20[CR],3017550687
C,13229,994,6125,22[CR],3017551125
F,43584,13200,6133,19[CR],3017551453
C,13220,1006,6142,21[CR],3017551890
F,42872,13172,6150,22[CR],3017552218
C,13234,996,6158,19[CR],3017552656
F,42968,13150,6167,21[CR],3017552984
C,13259,1006,6175,23[CR],3017553421
F,42976,13160,6183,19[CR],3017553859
C,13253,1008,6191,21[CR],3017554187
F,42584,13157,6199,23[CR],3017554625
A,34280,41936,6207,19[CR],3017554953
F,42080,13161,6216,21[CR],3017555390
C,13255,1034,6224,23[CR],3017555718
F,42856,13189,6232,20[CR],3017556156
C,13254,1036,6240,22[CR],3017556593
F,43064,13205,6248,17[CR],3017556921
C,13238,1040,6256,20[CR],3017557359
F,42504,13198,6265,22[CR],3017557687
C,13288,1052,6273,18[CR],3017558125
F,42896,13188,6281,20[CR],3017558453
C,13298,1068,6289,22[CR],3017558890
F,43416,13205,6297,19[CR],3017559328
C,13306,1050,6306,21[CR],3017559656
F,43784,13221,6314,22[CR],3017560093
C,13296,1060,6322,19[CR],3017560421
F,42920,13199,6330,21[CR],3017560859
A,34300,42056,6338,22[CR],3017561187
F,42752,13181,6346,19[CR],3017561562
@,114,4440,6351,22[CR],3017561625
C,13260,1062,6355,22[CR],3017562062
F,43344,13170,6362,20[CR],3017562390
C,13252,1064,6371,19[CR],3017562828
F,43504,13182,6379,21[CR],3017563156
C,13278,1060,6387,18[CR],3017563593
F,43600,13217,6395,19[CR],3017563921
C,13280,1046,6403,22[CR],3017564359
F,43544,13238,6411,18[CR],3017564796
C,13337,1046,6419,19[CR],3017565125
F,44288,13215,6426,20[CR],3017565562
C,13352,1036,6434,18[CR],3017565890
F,43048,13159,6442,21[CR],3017566328
C,13337,1068,6449,18[CR],3017566656
F,43304,13159,6457,19[CR],3017567093
A,34268,43040,6465,21[CR],3017567531
F,42904,13134,6472,19[CR],3017567859
C,13281,1076,6481,21[CR],3017568296
F,42232,13134,6489,19[CR],3017568625
C,13270,1072,6497,19[CR],3017569062
F,43024,13161,6505,22[CR],3017569390
C,13274,1070,6513,19[CR],3017569828
F,42688,13200,6522,21[CR],3017570265
C,13266,1080,6531,24[CR],3017570593
F,42440,13239,6540,30[CR],3017571031
C,13290,1076,6550,23[CR],3017571359
F,42680,13186,6558,21[CR],3017571796
C,13303,1066,6566,22[CR],3017572125
F,43056,13196,6575,20[CR],3017572562
C,13313,1064,6583,20[CR],3017573000
F,43216,13162,6591,22[CR],3017573328
A,34216,41656,6599,19[CR],3017573765
F,41976,13139,6607,21[CR],3017574093
C,13233,1072,6615,22[CR],3017574531
F,42720,13163,6624,19[CR],3017574859
C,13235,1076,6632,22[CR],3017575296
F,42792,13184,6640,21[CR],3017575734
C,13209,1070,6648,19[CR],3017576062
F,43032,13212,6656,22[CR],3017576500
C,13243,1076,6664,18[CR],3017576828
F,43528,13189,6673,20[CR],3017577265
C,13268,1078,6681,22[CR],3017577593
F,42872,13146,6689,18[CR],3017578031
C,13264,1064,6697,20[CR],3017578468
F,43336,13188,6705,22[CR],3017578796
C,13281,1080,6713,19[CR],3017579234
F,43128,13179,6722,21[CR],3017579562
A,34228,42816,6730,22[CR],3017580000
F,42712,13131,6738,20[CR],3017580328
C,13322,1076,6746,21[CR],3017580765
F,43048,13128,6754,22[CR],3017581203
C,13277,1062,6763,19[CR],3017581531
F,42848,13126,6771,21[CR],3017581968
C,13255,1078,6779,23[CR],3017582296
F,43608,13161,6787,20[CR],3017582734
C,13274,1064,6795,21[CR],3017583062
F,43880,13169,6803,19[CR],3017583500
C,13312,1076,6812,19[CR],3017583937
F,44296,13149,6820,22[CR],3017584265
C,13309,1076,6828,19[CR],3017584703
F,44416,13141,6837,20[CR],3017585031
C,13319,1078,6844,22[CR],3017585468
F,44056,13172,6852,18[CR],3017585796
A,34236,43712,6861,21[CR],3017586234
F,43712,13178,6869,22[CR],3017586671
C,13247,1094,6877,19[CR],3017587000
F,42280,13173,6885,21[CR],3017587437
C,13248,1064,6893,23[CR],3017587765
F,43200,13171,6901,19[CR],3017588203
C,13298,1090,6910,21[CR],3017588531
F,43720,13193,6918,21[CR],3017588968
C,13300,1082,6926,20[CR],3017589406
F,44424,13205,6934,21[CR],3017589734
C,13306,1068,6942,21[CR],3017590171
F,44560,13215,6951,20[CR],3017590500
C,13292,1092,6959,22[CR],3017590937
F,44336,13214,6966,17[CR],3017591265
C,13283,1070,6975,21[CR],3017591703
F,44368,13219,6983,22[CR],3017592140
A,34204,44112,6991,19[CR],3017592468
F,43832,13203,7000,21[CR],3017592906
C,13266,1092,7008,22[CR],3017593234
F,43392,13147,7016,19[CR],3017593671
C,13242,1084,7024,21[CR],3017594000
F,43088,13155,7032,22[CR],3017594437
C,13251,1090,7040,19[CR],3017594875
F,42936,13173,7048,21[CR],3017595203
C,13252,1102,7057,23[CR],3017595640
F,43536,13178,7065,20[CR],3017595968
C,13260,1098,7073,21[CR],3017596406
F,42968,13145,7081,17[CR],3017596734
C,13252,1102,7089,20[CR],3017597171
F,42784,13135,7097,21[CR],3017597609
C,13247,1102,7105,19[CR],3017597937
F,42624,13142,7114,20[CR],3017598375
A,34184,43144,7122,22[CR],3017598703
F,42888,13137,7130,19[CR],3017599109
C,13269,1110,7138,21[CR],3017599468
F,43392,13179,7146,22[CR],3017599906
C,13257,1114,7154,19[CR],3017600343
F,44296,13211,7163,21[CR],3017600671
C,13245,1132,7170,22[CR],3017601109
F,44432,13194,7179,20[CR],3017601437
C,13258,1124,7187,21[CR],3017601875
F,44008,13176,7195,19[CR],3017602203
C,13248,1122,7203,20[CR],3017602640
F,43808,13169,7211,22[CR],3017603078
C,13242,1128,7219,17[CR],3017603406
F,43744,13164,7228,21[CR],3017603843
C,13271,1130,7236,22[CR],3017604171
F,43184,13141,7244,19[CR],3017604609
A,34152,43232,7252,20[CR],3017604937
F,42864,13125,7260,22[CR],3017605375
C,13258,1146,7268,19[CR],3017605812
F,44168,13150,7276,21[CR],3017606203
C,13298,1168,7284,22[CR],3017606578
F,44072,13144,7292,19[CR],3017606906
C,13278,1156,7301,21[CR],3017607343
F,44128,13137,7309,23[CR],3017607671
C,13262,1154,7317,19[CR],3017608109
F,44160,13183,7325,21[CR],3017608546
C,13265,1156,7333,17[CR],3017608875
F,44504,13213,7341,20[CR],3017609312
C,13285,1164,7350,22[CR],3017609640
F,44456,13209,7357,19[CR],3017610078
C,13291,1184,7366,21[CR],3017610406
F,43784,13161,7374,22[CR],3017610843
A,34152,44000,7382,19[CR],3017611281
F,43632,13146,7390,20[CR],3017611609
C,13324,1176,7398,22[CR],3017612046
F,42992,13129,7406,19[CR],3017612375
C,13295,1168,7415,21[CR],3017612812
F,44056,13163,7422,21[CR],3017613140
C,13332,1166,7431,20[CR],3017613578
F,45040,13183,7439,21[CR],3017614015
C,13335,1174,7446,17[CR],3017614343
F,44992,13173,7455,20[CR],3017614781
C,13316,1174,7463,22[CR],3017615109
F,44648,13179,7471,18[CR],3017615546
C,13343,1170,7479,20[CR],3017615875
F,44488,13185,7487,22[CR],3017616312
C,13367,1180,7495,19[CR],3017616750
F,44552,13210,7504,21[CR],3017617078
A,34164,44440,7512,22[CR],3017617515
F,44216,13216,7520,19[CR],3017617843
C,13300,1174,7528,21[CR],3017618281
F,44448,13255,7536,23[CR],3017618609
C,13285,1184,7544,20[CR],3017619046
F,44520,13248,7552,22[CR],3017619484
C,13319,1174,7560,16[CR],3017619812
F,44872,13243,7569,20[CR],3017620250
C,13329,1182,7577,22[CR],3017620578
F,45624,13252,7584,19[CR],3017621015
C,13343,1180,7593,21[CR],3017621343
F,45728,13243,7601,22[CR],3017621781
C,13324,1174,7609,19[CR],3017622218
F,44640,13207,7617,20[CR],3017622546
C,13286,1164,7625,22[CR],3017622984
F,44272,13155,7633,19[CR],3017623312
A,34080,44496,7641,21[CR],3017623750
F,44040,13148,7649,21[CR],3017624078
C,13314,1174,7658,19[CR],3017624515
F,44224,13182,7666,22[CR],3017624953
C,13324,1166,7674,15[CR],3017625281
F,45320,13174,7682,20[CR],3017625718
C,13278,1174,7690,21[CR],3017626046
F,44008,13146,7698,18[CR],3017626484
C,13237,1180,7706,20[CR],3017626812
F,43312,13159,7714,22[CR],3017627250
C,13263,1162,7722,19[CR],3017627687
F,43936,13176,7731,21[CR],3017628015
C,13275,1170,7738,22[CR],3017628453
F,44096,13167,7747,19[CR],3017628781
C,13307,1186,7755,21[CR],3017629218
F,44824,13181,7760,4[CR],3017629546
A,34132,44952,7760,1[CR],3017629984
F,43888,13080,7760,1[CR],3017630421
C,13187,1174,7760,0[CR],3017630750
F,41640,13053,7760,0[CR],3017631187
C,13158,1184,7760,0[CR],3017631515
F,40832,13042,7760,0[CR],3017631953
C,13149,1180,7760,0[CR],3017632281
F,40352,13037,7760,0[CR],3017632718
C,13126,1174,7760,0[CR],3017633156
F,40104,13028,7760,0[CR],3017633484
C,13168,1160,7760,0[CR],3017633921
F,40088,13028,7760,0[CR],3017634359
Z,0,0,7760,0[CR],3017634906
Z,0,0,7760,0[CR],3017635453
Z,0,0,7760,0[CR],3017635890
Z,0,0,7760,0[CR],3017636437
Z,0,0,7760,0[CR],3017636875
Z,0,0,7760,0[CR],3017637421
Z,0,0,7760,0[CR],3017637968
Z,0,0,7760,0[CR],3017638406
Z,0,0,7760,0[CR],3017638953
Z,0,0,7760,0[CR],3017639390
Z,0,0,7760,0[CR],3017639937
Z,0,0,7760,0[CR],3017640484
Z,0,0,7760,0[CR],3017640921
Z,0,0,7760,0[CR],3017641468
Z,0,0,7760,0[CR],3017641906
Z,0,0,7760,0[CR],3017642453
Z,0,0,7760,0[CR],3017642890
Z,0,0,7760,0[CR],3017643437
Z,0,0,7760,0[CR],3017643984
Z,0,0,7760,0[CR],3017644421
Z,0,0,7760,0[CR],3017644968
Z,0,0,7760,0[CR],3017645406
Z,0,0,7760,0[CR],3017645953
Z,0,0,7760,0[CR],3017646500
Z,0,0,7760,0[CR],3017646937
Z,0,0,7760,0[CR],3017647484
Z,0,0,7760,0[CR],3017647921
Z,0,0,7760,0[CR],3017648468
Z,0,0,7760,0[CR],3017648906
Z,0,0,7760,0[CR],3017649453
Z,0,0,7760,0[CR],3017650000
Z,0,0,7760,0[CR],3017650437
Z,0,0,7760,0[CR],3017650984
Z,0,0,7760,0[CR],3017651421
Z,0,0,7760,0[CR],3017651968
Z,0,0,7760,0[CR],3017652406
Z,0,0,7760,0[CR],3017652953
Z,0,0,7760,0[CR],3017653500
Z,0,0,7760,51[CR],3017653937
Z,0,0,7760,60[CR],3017654484
Z,0,0,7772,57[CR],3017654593
A,34060,38048,7774,12[CR],3017655031
F,38016,13009,7778,7[CR],3017655359
C,13176,1174,7778,1[CR],3017655796
F,39104,13028,7778,1[CR],3017656125
C,13235,1174,7778,0[CR],3017656562
F,38916,13022,7778,0[CR],3017656890
C,13203,1182,7778,0[CR],3017657328
F,38780,13018,7778,0[CR],3017657765
C,13183,1176,7778,0[CR],3017658093
F,38668,13016,7778,0[CR],3017658531
C,13169,1176,7785,33[CR],3017658859
F,38580,13428,7787,3[CR],3017659296
C,13409,1176,7787,1[CR],3017659625
F,40384,13098,7787,0[CR],3017660062
C,13174,1170,7787,0[CR],3017660500
F,40604,13090,7787,0[CR],3017660828
A,34060,40628,7787,0[CR],3017661265
F,40608,13086,7787,0[CR],3017661593
C,13098,1186,7787,0[CR],3017662031
F,40600,13085,7787,0[CR],3017662359
C,13080,1174,7795,18[CR],3017662796
F,40612,13210,7803,20[CR],3017663234
C,13369,1180,7812,22[CR],3017663562
F,42704,13163,7819,18[CR],3017664000
C,13350,1182,7828,20[CR],3017664328
F,43544,13171,7836,22[CR],3017664765
C,13343,1180,7844,18[CR],3017665093
F,42504,13126,7852,20[CR],3017665531
C,13332,1176,7860,22[CR],3017665968
F,42760,13130,7869,20[CR],3017666296
C,13333,1176,7877,21[CR],3017666734
F,42416,13125,7885,22[CR],3017667062
A,34032,42464,7893,19[CR],3017667500
F,42352,13142,7902,21[CR],3017667828
C,13301,1174,7909,22[CR],3017668265
F,43112,13184,7918,19[CR],3017668703
C,13342,1174,7926,21[CR],3017669031
F,43400,13178,7934,23[CR],3017669468
C,13344,1180,7942,19[CR],3017669796
F,43888,13199,7951,22[CR],3017670234
C,13317,1174,7958,19[CR],3017670562
F,43952,13178,7967,20[CR],3017671000
C,13302,1174,7975,21[CR],3017671437
F,43896,13170,7983,18[CR],3017671765
C,13298,1182,7991,20[CR],3017672203
F,44056,13176,8000,22[CR],3017672531
C,13334,1174,8007,17[CR],3017672968
F,43776,13167,8016,21[CR],3017673296
A,34056,44000,8024,22[CR],3017673734
F,44048,13158,8032,19[CR],3017674078
C,13286,1174,8040,21[CR],3017674500
F,43824,13143,8049,23[CR],3017674937
C,13304,1176,8057,19[CR],3017675265
F,43768,13122,8065,20[CR],3017675703
C,13323,1174,8073,21[CR],3017676031
F,43632,13113,8081,19[CR],3017676468
C,13341,1176,8089,21[CR],3017676906
F,42864,13105,8097,21[CR],3017677234
C,13317,1180,8106,19[CR],3017677671
F,42720,13091,8114,22[CR],3017678000
C,13357,1160,8121,17[CR],3017678437
F,43440,13147,8130,20[CR],3017678765
C,13350,1174,8138,21[CR],3017679203
F,44432,13164,8146,19[CR],3017679640
A,34040,44400,8154,22[CR],3017679968
F,44432,13150,8163,23[CR],3017680406
C,13344,1174,8171,19[CR],3017680734
F,44640,13152,8180,21[CR],3017681171
C,13361,1174,8188,22[CR],3017681500
F,44408,13181,8196,19[CR],3017681937
C,13373,1170,8204,21[CR],3017682375
F,44136,13173,8212,23[CR],3017682703
C,13346,1174,8220,19[CR],3017683140
F,43680,13180,8229,21[CR],3017683468
C,13349,1174,8237,23[CR],3017683906
F,44192,13204,8245,20[CR],3017684125
N,14556,8802,8249,23[CR],3017684234
C,13357,1168,8253,22[CR],3017684671
F,44808,13209,8261,20[CR],3017685109
C,13369,1176,8270,20[CR],3017685437
F,45184,13209,8278,22[CR],3017685875
A,34012,45320,8285,17[CR],3017686203
F,45024,13208,8294,20[CR],3017686640
C,13302,1174,8302,21[CR],3017686968
F,45136,13219,8310,19[CR],3017687406
C,13300,1170,8318,20[CR],3017687843
F,45440,13223,8326,22[CR],3017688171
C,13315,1180,8334,19[CR],3017688609
F,46104,13225,8342,22[CR],3017688937
C,13323,1176,8351,22[CR],3017689375
F,46448,13198,8359,19[CR],3017689703
C,13335,1174,8367,20[CR],3017690140
F,46664,13168,8375,17[CR],3017690578
C,13334,1174,8383,19[CR],3017690906
F,46472,13167,8390,20[CR],3017691343
C,13347,1190,8398,17[CR],3017691671
F,46032,13159,8405,19[CR],3017692109
A,34008,44888,8412,18[CR],3017692437
F,44480,13133,8420,20[CR],3017692828
C,13349,1192,8429,22[CR],3017693312
F,44512,13129,8436,18[CR],3017693640
C,13381,1180,8445,21[CR],3017694078
F,44944,13179,8453,22[CR],3017694406
C,13387,1182,8461,19[CR],3017694843
F,46056,13216,8469,21[CR],3017695171
C,13375,1194,8477,22[CR],3017695609
F,46664,13246,8485,19[CR],3017696046
C,13381,1202,8494,21[CR],3017696375
F,46776,13230,8501,23[CR],3017696812
C,13378,1186,8511,22[CR],3017697140
F,46448,13225,8520,23[CR],3017697578
C,13371,1198,8528,24[CR],3017697906
F,46224,13208,8537,22[CR],3017698343
A,33996,46224,8546,22[CR],3017698781
F,46152,13246,8555,22[CR],3017699109
C,13381,1178,8563,18[CR],3017699546
F,46664,13220,8571,21[CR],3017699875
C,13389,1180,8579,22[CR],3017700312
F,46760,13221,8587,19[CR],3017700640
C,13395,1176,8596,21[CR],3017701078
F,47224,13228,8604,22[CR],3017701515
C,13435,1198,8612,19[CR],3017701843
F,47344,13220,8620,21[CR],3017702281
C,13441,1204,8628,20[CR],3017702609
F,46088,13192,8636,19[CR],3017703046
C,13418,1188,8645,21[CR],3017703375
F,46416,13204,8652,23[CR],3017703812
C,13387,1200,8661,18[CR],3017704250
F,47104,13214,8669,22[CR],3017704578
A,33996,47376,8677,19[CR],3017705015
F,47472,13210,8685,20[CR],3017705343
C,13395,1182,8693,22[CR],3017705781
F,47896,13212,8701,20[CR],3017706109
C,13409,1216,8710,21[CR],3017706546
F,47056,13220,8718,22[CR],3017706984
C,13383,1206,8726,19[CR],3017707312
F,46832,13209,8734,21[CR],3017707750
C,13374,1180,8742,22[CR],3017708078
F,46520,13204,8751,19[CR],3017708515
C,13377,1194,8759,20[CR],3017708843
F,47096,13225,8767,23[CR],3017709281
C,13380,1204,8775,19[CR],3017709718
F,47336,13178,8783,19[CR],3017710046
C,13364,1212,8791,22[CR],3017710484
F,47608,13167,8799,20[CR],3017710812
A,33980,47800,8808,21[CR],3017711250
F,47880,13189,8816,23[CR],3017711593
C,13346,1196,8824,20[CR],3017712015
F,47936,13198,8833,21[CR],3017712453
C,13314,1214,8840,17[CR],3017712781
F,45296,13225,8849,20[CR],3017713218
C,13328,1228,8857,22[CR],3017713546
F,46336,13214,8865,19[CR],3017713984
C,13366,1224,8873,20[CR],3017714312
F,46424,13173,8881,22[CR],3017714750
C,13422,1218,8889,19[CR],3017715187
F,46568,13170,8897,21[CR],3017715515
C,13389,1222,8905,23[CR],3017715953
F,45280,13155,8914,19[CR],3017716281
C,13388,1228,8922,21[CR],3017716718
F,45440,13178,8930,16[CR],3017717046
A,33976,46488,8938,19[CR],3017717484
F,46632,13217,8946,21[CR],3017717921
C,13343,1234,8954,19[CR],3017718250
F,46808,13201,8962,20[CR],3017718687
C,13397,1242,8971,22[CR],3017719015
F,46864,13204,8979,18[CR],3017719453
C,13406,1228,8987,21[CR],3017719781
F,47920,13258,8995,22[CR],3017720218
C,13389,1220,9003,19[CR],3017720656
F,47808,13256,9011,21[CR],3017720984
C,13395,1218,9020,23[CR],3017721421
F,47136,13235,9028,19[CR],3017721750
C,13355,1228,9036,22[CR],3017722187
F,46384,13202,9044,21[CR],3017722515
C,13402,1228,9052,19[CR],3017722953
F,46376,13168,9060,21[CR],3017723390
A,33968,44968,9068,17[CR],3017723718
F,44424,13134,9077,20[CR],3017724156
C,13352,1212,9085,22[CR],3017724484
F,46568,13186,9092,18[CR],3017724921
C,13391,1238,9101,20[CR],3017725250
F,47496,13211,9109,22[CR],3017725687
C,13401,1220,9117,19[CR],3017726125
F,48232,13234,9125,21[CR],3017726453
C,13408,1232,9133,23[CR],3017726890
F,48136,13226,9141,19[CR],3017727218
C,13408,1218,9149,21[CR],3017727656
F,47136,13195,9158,22[CR],3017727984
C,13385,1228,9166,20[CR],3017728421
F,46208,13178,9174,22[CR],3017728859
C,13366,1220,9182,16[CR],3017729187
F,45936,13160,9190,21[CR],3017729625
A,33980,45480,9198,22[CR],3017729953
F,45960,13172,9206,19[CR],3017730328
C,13368,1224,9215,20[CR],3017730718
F,47120,13207,9223,22[CR],3017731156
C,13374,1238,9231,19[CR],3017731593
F,47720,13215,9239,21[CR],3017731921
C,13383,1250,9247,22[CR],3017732359
F,47808,13208,9255,19[CR],3017732687
C,13357,1226,9264,21[CR],3017733125
F,47376,13197,9272,22[CR],3017733453
C,13372,1228,9280,19[CR],3017733890
F,47760,13228,9288,21[CR],3017734328
C,13403,1236,9296,21[CR],3017734656
F,48352,13250,9304,20[CR],3017735093
C,13399,1226,9312,22[CR],3017735421
F,47800,13233,9320,18[CR],3017735859
A,33940,47544,9329,20[CR],3017736187
F,47488,13243,9337,22[CR],3017736625
C,13379,1226,9345,19[CR],3017737062
F,46800,13184,9353,21[CR],3017737421
C,13414,1228,9361,22[CR],3017737828
F,45840,13182,9369,19[CR],3017738156
C,13394,1232,9378,21[CR],3017738593
F,46200,13173,9386,22[CR],3017738921
C,13385,1224,9394,19[CR],3017739359
F,47256,13230,9402,21[CR],3017739796
C,13401,1228,9410,22[CR],3017740125
F,47384,13222,9418,20[CR],3017740562
C,13425,1228,9426,21[CR],3017740890
F,47680,13221,9434,17[CR],3017741328
C,13419,1228,9443,20[CR],3017741656
F,47376,13193,9451,22[CR],3017742093
A,33916,46936,9459,18[CR],3017742531
F,47112,13182,9467,20[CR],3017742859
C,13427,1234,9475,22[CR],3017743296
F,46416,13166,9483,19[CR],3017743625
C,13391,1218,9491,20[CR],3017744062
F,45656,13162,9499,23[CR],3017744390
C,13374,1234,9507,19[CR],3017744828
F,47336,13205,9516,21[CR],3017745265
C,13425,1224,9523,22[CR],3017745593
F,48384,13231,9532,19[CR],3017746031
C,13416,1222,9540,21[CR],3017746359
F,48064,13212,9548,21[CR],3017746796
C,13404,1224,9556,20[CR],3017747234
Z,0,0,9567,21[CR],3017747562
C,13410,1232,9572,16[CR],3017747937
F,48376,13235,9581,21[CR],3017748328
A,33912,48656,9589,22[CR],3017748765
F,48560,13220,9597,19[CR],3017749093
C,13408,1234,9605,21[CR],3017749531
F,46992,13169,9613,22[CR],3017749859
C,13437,1246,9621,19[CR],3017750296
F,46648,13176,9629,21[CR],3017750734
C,13421,1250,9637,22[CR],3017751062
F,46392,13159,9645,19[CR],3017751500
C,13439,1262,9653,22[CR],3017751828
F,47280,13212,9661,19[CR],3017752265
C,13465,1242,9670,20[CR],3017752593
F,48368,13248,9678,22[CR],3017753031
C,13452,1250,9686,19[CR],3017753468
F,48744,13252,9694,21[CR],3017753796
C,13488,1240,9702,22[CR],3017754234
F,49280,13261,9710,19[CR],3017754562
A,33896,48672,9719,21[CR],3017755000
F,48432,13236,9726,22[CR],3017755328
C,13457,1242,9734,19[CR],3017755765
F,48248,13240,9743,21[CR],3017756203
C,13461,1242,9750,21[CR],3017756531
F,48880,13254,9759,19[CR],3017756968
C,13439,1256,9760,3[CR],3017757296
F,49208,13212,9760,1[CR],3017757734
C,13291,1260,9760,1[CR],3017758062
F,47656,13163,9760,0[CR],3017758500
C,13241,1256,9760,0[CR],3017758937
F,46904,13155,9760,0[CR],3017759265
C,13225,1258,9760,0[CR],3017759703
F,46568,13144,9760,0[CR],3017760031
C,13217,1254,9760,0[CR],3017760468
F,46200,13144,9760,2[CR],3017760796
A,33928,46304,9760,1[CR],3017761234
F,46200,13142,9760,1[CR],3017761671
C,13221,1256,9760,0[CR],3017762000
F,45960,13139,9760,0[CR],3017762546
Z,0,0,9760,0[CR],3017762984
Z,0,0,9760,0[CR],3017763531
Z,0,0,9760,0[CR],3017764078
Z,0,0,9760,0[CR],3017764515
Z,0,0,9760,0[CR],3017765062
Z,0,0,9760,0[CR],3017765500
Z,0,0,9760,0[CR],3017766046
Z,0,0,9760,0[CR],3017766484
Z,0,0,9760,0[CR],3017767031
Z,0,0,9760,0[CR],3017767578
Z,0,0,9760,0[CR],3017768015
Z,0,0,9760,0[CR],3017768562
Z,0,0,9760,0[CR],3017769000
Z,0,0,9760,0[CR],3017769546
Z,0,0,9760,0[CR],3017770093
Z,0,0,9760,0[CR],3017770531
Z,0,0,9760,0[CR],3017771078
Z,0,0,9760,0[CR],3017771515
Z,0,0,9760,0[CR],3017772062
Z,0,0,9760,0[CR],3017772500
Z,0,0,9760,0[CR],3017773046
Z,0,0,9760,0[CR],3017773593
Z,0,0,9760,0[CR],3017774031
Z,0,0,9760,0[CR],3017774578
Z,0,0,9760,0[CR],3017775015
Z,0,0,9760,0[CR],3017775562
Z,0,0,9760,0[CR],3017776000
Z,0,0,9760,0[CR],3017776546
Z,0,0,9760,0[CR],3017777093
Z,0,0,9760,0[CR],3017777531
Z,0,0,9760,0[CR],3017778078
Z,0,0,9760,0[CR],3017778515
Z,0,0,9760,0[CR],3017779062
Z,0,0,9760,0[CR],3017779500
Z,0,0,9760,0[CR],3017780046
Z,0,0,9760,0[CR],3017780593
Z,0,0,9760,0[CR],3017781031
Z,0,0,9760,0[CR],3017781578
Z,0,0,9760,0[CR],3017782015
Z,0,0,9760,86[CR],3017782562
Z,0,0,9781,15[CR],3017782671
C,13024,1266,9781,5[CR],3017783109
F,45256,13194,9781,1[CR],3017783546
C,13320,1274,9781,1[CR],3017783875
F,45648,13152,9781,0[CR],3017784312
C,13251,1268,9781,0[CR],3017784640
F,45488,13146,9781,0[CR],3017785078
C,13234,1276,9781,0[CR],3017785406
F,45352,13143,9781,0[CR],3017785843
A,33876,45248,9793,18[CR],3017786281
F,47608,13270,9793,2[CR],3017786609
C,13401,1246,9794,2[CR],3017787046
F,47936,13162,9794,1[CR],3017787375
C,13296,1278,9794,0[CR],3017787812
F,47384,13147,9794,0[CR],3017788140
C,13263,1268,9794,0[CR],3017788578
F,46944,13137,9794,0[CR],3017789015
C,13243,1272,9794,0[CR],3017789343
F,46624,13133,9794,0[CR],3017789781
C,13228,1272,9804,19[CR],3017790109
F,47656,13262,9813,22[CR],3017790546
C,13412,1276,9821,24[CR],3017790875
F,48280,13223,9830,19[CR],3017791312
C,13380,1272,9838,21[CR],3017791750
F,48344,13240,9846,22[CR],3017792078
A,33896,48416,9855,19[CR],3017792515
F,48320,13266,9863,21[CR],3017792843
C,13389,1274,9871,22[CR],3017793281
F,48680,13303,9879,20[CR],3017793609
C,13374,1264,9887,22[CR],3017794046
F,48760,13292,9895,18[CR],3017794484
C,13413,1272,9903,19[CR],3017794812
F,48896,13287,9912,22[CR],3017795250
C,13406,1272,9920,18[CR],3017795578
F,49152,13264,9928,20[CR],3017796015
C,13447,1276,9936,22[CR],3017796343
F,49368,13255,9944,19[CR],3017796781
C,13465,1272,9953,21[CR],3017797218
F,49112,13249,9961,22[CR],3017797546
C,13485,1278,9969,19[CR],3017797984
F,49352,13225,9977,21[CR],3017798312
A,33872,48720,9985,22[CR],3017798750
F,48600,13164,9993,19[CR],3017799078
C,13472,1284,10002,21[CR],3017799515
F,48664,13165,10009,22[CR],3017799953
C,13460,1272,10018,20[CR],3017800281
F,49624,13225,10026,22[CR],3017800718
C,13448,1278,10034,18[CR],3017801046
F,49336,13237,10043,20[CR],3017801484
C,13441,1292,10051,22[CR],3017801812
F,49048,13206,10058,19[CR],3017802250
C,13430,1270,10067,20[CR],3017802687
F,49160,13211,10075,22[CR],3017803015
C,13441,1278,10083,19[CR],3017803453
F,49512,13221,10091,21[CR],3017803781
C,13437,1294,10100,22[CR],3017804218
F,50032,13262,10108,19[CR],3017804546
A,33876,50528,10116,21[CR],3017804984
F,50608,13252,10124,23[CR],3017805421
C,13443,1294,10132,20[CR],3017805750
F,50432,13206,10141,22[CR],3017806187
C,13425,1298,10149,23[CR],3017806515
F,49408,13159,10157,20[CR],3017806953
C,13444,1292,10165,22[CR],3017807281
F,48672,13144,10173,23[CR],3017807718
C,13477,1298,10182,19[CR],3017808156
F,48600,13162,10190,22[CR],3017808484
C,13471,1282,10197,17[CR],3017808921
F,48200,13201,10206,21[CR],3017809250
C,13463,1316,10214,22[CR],3017809687
F,49416,13224,10222,19[CR],3017810015
C,13461,1308,10231,20[CR],3017810453
F,49760,13237,10239,22[CR],3017810890
A,33860,50360,10247,19[CR],3017811218
F,50648,13256,10255,20[CR],3017811656
C,13489,1302,10263,22[CR],3017811984
F,49856,13241,10271,19[CR],3017812421
C,13487,1300,10280,21[CR],3017812750
F,49960,13266,10288,23[CR],3017813187
C,13483,1306,10296,20[CR],3017813515
F,49832,13229,10304,21[CR],3017813953
C,13514,1308,10312,20[CR],3017814390
F,49312,13208,10321,20[CR],3017814718
C,13506,1284,10329,22[CR],3017815156
F,50248,13249,10337,19[CR],3017815484
C,13540,1292,10345,20[CR],3017815921
F,49944,13223,10353,22[CR],3017816359
C,13523,1296,10361,17[CR],3017816687
F,49816,13228,10370,20[CR],3017817125
A,33852,49216,10378,22[CR],3017817453
F,48544,13218,10386,19[CR],3017817890
C,13512,1306,10394,21[CR],3017818218
F,49200,13213,10402,22[CR],3017818656
C,13472,1312,10410,19[CR],3017819093
F,48440,13201,10419,21[CR],3017819421
C,13461,1308,10426,22[CR],3017819859
F,47560,13205,10435,19[CR],3017820187
C,13496,1322,10443,21[CR],3017820625
F,50024,13267,10451,22[CR],3017820953
C,13482,1318,10459,20[CR],3017821390
F,50336,13279,10467,22[CR],3017821828
C,13470,1322,10475,16[CR],3017822156
F,49608,13254,10483,20[CR],3017822593
C,13502,1328,10491,22[CR],3017822921
F,50216,13258,10500,19[CR],3017823359
A,33868,50008,10508,20[CR],3017823687
F,49872,13244,10516,22[CR],3017824062
C,13437,1316,10524,19[CR],3017824562
F,49912,13256,10532,21[CR],3017824890
C,13436,1340,10540,22[CR],3017825328
F,49248,13227,10548,19[CR],3017825656
C,13453,1322,10557,22[CR],3017826093
F,49600,13206,10564,19[CR],3017826421
C,13462,1318,10573,20[CR],3017826859
F,50120,13208,10581,21[CR],3017827296
C,13446,1318,10589,17[CR],3017827625
F,49536,13203,10597,20[CR],3017828062
C,13438,1324,10605,22[CR],3017828390
F,48944,13182,10613,19[CR],3017828828
C,13496,1324,10621,20[CR],3017829156
F,48520,13159,10629,22[CR],3017829593
A,33824,47816,10637,20[CR],3017830031
F,48240,13195,10646,20[CR],3017830359
C,13476,1322,10653,22[CR],3017830796
F,48896,13209,10661,18[CR],3017831125
C,13496,1326,10669,20[CR],3017831562
F,49376,13223,10676,18[CR],3017831890
C,13490,1332,10685,20[CR],3017832328
F,49496,13221,10693,22[CR],3017832765
C,13527,1334,10701,23[CR],3017833093
F,49952,13219,10710,20[CR],3017833531
C,13512,1334,10718,22[CR],3017833859
F,48560,13203,10726,19[CR],3017834296
C,13502,1316,10735,21[CR],3017834625
F,48768,13182,10743,22[CR],3017835062
C,13498,1322,10751,19[CR],3017835500
F,48936,13173,10759,20[CR],3017835828
A,33876,48088,10767,23[CR],3017836265
F,48008,13151,10775,19[CR],3017836593
C,13475,1324,10783,20[CR],3017837031
F,48696,13204,10791,22[CR],3017837359
C,13475,1350,10800,19[CR],3017837796
F,50152,13240,10808,21[CR],3017838234
C,13488,1346,10816,23[CR],3017838562
F,49760,13199,10825,20[CR],3017839000
C,13491,1350,10833,22[CR],3017839328
F,49432,13209,10840,17[CR],3017839765
C,13488,1354,10849,20[CR],3017840093
F,49776,13203,10857,22[CR],3017840531
C,13493,1364,10865,18[CR],3017840968
F,48952,13212,10873,20[CR],3017841296
C,13510,1366,10881,22[CR],3017841734
F,49568,13258,10889,19[CR],3017842062
A,33868,49624,10897,21[CR],3017842500
F,49408,13239,10905,22[CR],3017842828
C,13510,1364,10913,19[CR],3017843265
F,49920,13256,10922,22[CR],3017843703
C,13508,1360,10930,17[CR],3017844031
F,50152,13262,10938,20[CR],3017844468
C,13473,1370,10946,22[CR],3017844796
F,50512,13260,10954,19[CR],3017845234
C,13477,1362,10962,20[CR],3017845562
F,50352,13233,10970,22[CR],3017846000
C,13474,1378,10978,19[CR],3017846437
F,50600,13254,10987,21[CR],3017846765
C,13499,1374,10995,22[CR],3017847203
F,50904,13270,11003,19[CR],3017847531
C,13460,1370,11011,21[CR],3017847968
F,50088,13238,11019,23[CR],3017848296
A,33844,50528,11027,19[CR],3017848734
F,50344,13236,11036,21[CR],3017849171
C,13487,1374,11043,21[CR],3017849500
F,49776,13208,11051,19[CR],3017849937
C,13528,1376,11059,21[CR],3017850265
F,50176,13188,11067,17[CR],3017850703
C,13512,1360,11076,20[CR],3017851031
F,49168,13163,11084,22[CR],3017851468
C,13550,1364,11092,19[CR],3017851906
F,49936,13216,11100,21[CR],3017852234
C,13546,1362,11108,22[CR],3017852671
F,50992,13233,11117,19[CR],3017853000
C,13565,1380,11125,21[CR],3017853437
F,49872,13211,11132,22[CR],3017853765
C,13576,1368,11141,20[CR],3017854203
F,49896,13221,11149,21[CR],3017854640
A,33848,49864,11157,19[CR],3017854968
F,49848,13193,11165,20[CR],3017855406
C,13562,1364,11173,22[CR],3017855734
F,48696,13192,11181,19[CR],3017856171
C,13570,1374,11190,20[CR],3017856500
F,49848,13243,11198,22[CR],3017856937
C,13508,1384,11206,19[CR],3017857375
F,50504,13263,11214,21[CR],3017857703
C,13505,1386,11222,22[CR],3017858140
F,50832,13286,11230,19[CR],3017858468
C,13471,1384,11238,21[CR],3017858906
F,50880,13304,11246,22[CR],3017859234
C,13488,1376,11255,19[CR],3017859671
F,51544,13303,11263,21[CR],3017860109
C,13537,1374,11271,19[CR],3017860437
F,52072,13314,11279,20[CR],3017860875
A,33844,51600,11287,22[CR],3017861203
F,51536,13316,11295,16[CR],3017861578
C,13529,1396,11303,20[CR],3017861968
F,51776,13284,11311,22[CR],3017862406
C,13556,1378,11319,19[CR],3017862843
F,50480,13203,11328,21[CR],3017863171
C,13527,1384,11336,22[CR],3017863609
F,49944,13175,11344,19[CR],3017863937
C,13515,1378,11352,21[CR],3017864375
F,50832,13194,11360,23[CR],3017864703
C,13526,1372,11368,20[CR],3017865140
F,50472,13202,11376,21[CR],3017865578
C,13561,1380,11384,19[CR],3017865906
F,51232,13287,11392,19[CR],3017866343
C,13537,1372,11400,22[CR],3017866671
F,52048,13319,11408,19[CR],3017867109
A,33812,52112,11417,20[CR],3017867437
F,52208,13314,11425,22[CR],3017867875
C,13532,1368,11433,19[CR],3017868312
F,52456,13336,11441,21[CR],3017868640
C,13526,1374,11449,22[CR],3017869078
F,51952,13295,11457,19[CR],3017869406
C,13527,1376,11465,21[CR],3017869843
F,50336,13238,11473,23[CR],3017870171
C,13516,1370,11481,19[CR],3017870609
F,49368,13211,11489,21[CR],3017871046
C,13516,1374,11497,17[CR],3017871375
F,51240,13255,11506,20[CR],3017871812
C,13550,1370,11514,22[CR],3017872140
F,52392,13282,11522,17[CR],3017872578
C,13523,1374,11530,20[CR],3017872906
F,52088,13288,11538,22[CR],3017873343
A,33796,52264,11546,19[CR],3017873781
F,52280,13309,11554,21[CR],3017874109
C,13507,1394,11562,22[CR],3017874546
F,52416,13293,11570,19[CR],3017874875
C,13570,1386,11579,21[CR],3017875312
F,51760,13299,11586,22[CR],3017875640
C,13564,1382,11595,20[CR],3017876078
F,50800,13290,11603,22[CR],3017876515
C,13568,1388,11611,16[CR],3017876843
F,50744,13254,11619,20[CR],3017877281
C,13538,1384,11627,21[CR],3017877609
F,51544,13271,11635,19[CR],3017878046
C,13551,1398,11643,20[CR],3017878375
F,52312,13287,11650,22[CR],3017878812
C,13575,1394,11659,20[CR],3017879250
F,53072,13305,11667,21[CR],3017879578
A,33796,53144,11675,21[CR],3017880015
F,53176,13302,11683,19[CR],3017880343
C,13534,1392,11691,21[CR],3017880781
F,52872,13297,11699,16[CR],3017881109
C,13545,1382,11707,20[CR],3017881546
F,51712,13242,11715,21[CR],3017881984
C,13539,1386,11722,18[CR],3017882312
F,50600,13230,11730,21[CR],3017882750
C,13567,1376,11738,23[CR],3017883078
F,51448,13250,11747,20[CR],3017883515
C,13551,1374,11754,20[CR],3017883843
F,52192,13263,11760,5[CR],3017884281
C,13539,1390,11760,1[CR],3017884718
F,52200,13191,11760,1[CR],3017885046
C,13380,1394,11760,0[CR],3017885484
F,50816,13171,11760,0[CR],3017885812
A,33772,50352,11760,0[CR],3017886250
F,50184,13166,11760,0[CR],3017886578
C,13330,1384,11760,0[CR],3017887015
F,49856,13152,11760,0[CR],3017887562
Z,0,0,11760,0[CR],3017887781
F,49968,13158,11760,0[CR],3017888218
C,13328,1388,11760,0[CR],3017888656
Z,0,0,11760,0[CR],3017889203
Z,0,0,11760,0[CR],3017889640
Z,0,0,11760,0[CR],3017890187
Z,0,0,11760,0[CR],3017890734
Z,0,0,11760,0[CR],3017891171
Z,0,0,11760,0[CR],3017891718
Z,0,0,11760,0[CR],3017892156
Z,0,0,11760,0[CR],3017892703
Z,0,0,11760,0[CR],3017893250
Z,0,0,11760,0[CR],3017893687
Z,0,0,11760,0[CR],3017894234
Z,0,0,11760,0[CR],3017894671
Z,0,0,11760,0[CR],3017895218
Z,0,0,11760,0[CR],3017895765
Z,0,0,11760,0[CR],3017896203
Z,0,0,11760,0[CR],3017896750
Z,0,0,11760,0[CR],3017897187
Z,0,0,11760,0[CR],3017897734
Z,0,0,11760,0[CR],3017898171
Z,0,0,11760,0[CR],3017898718
Z,0,0,11760,0[CR],3017899265
Z,0,0,11760,0[CR],3017899703
Z,0,0,11760,0[CR],3017899921
C,13146,1376,11760,0[CR],3017900250
F,47432,13106,11760,0[CR],3017900687
C,13142,1382,11760,0[CR],3017901234
Z,0,0,11760,0[CR],3017901671
Z,0,0,11760,0[CR],3017902218
Z,0,0,11760,0[CR],3017902656
Z,0,0,11760,0[CR],3017903203
Z,0,0,11760,0[CR],3017903640
Z,0,0,11760,0[CR],3017904187
Z,0,0,11760,0[CR],3017904734
Z,0,0,11760,0[CR],3017905171
Z,0,0,11760,0[CR],3017905718
Z,0,0,11760,0[CR],3017906156
Z,0,0,11760,0[CR],3017906703
Z,0,0,11760,0[CR],3017907140
Z,0,0,11760,0[CR],3017907687
Z,0,0,11760,0[CR],3017908234
Z,0,0,11760,0[CR],3017908671
Z,0,0,11760,0[CR],3017909218
Z,0,0,11760,0[CR],3017909656
Z,0,0,11760,0[CR],3017910203
Z,0,0,11760,0[CR],3017910750
Z,0,0,11760,0[CR],3017911187
Z,0,0,11760,0[CR],3017911734
Z,0,0,11760,35[CR],3017912171
Z,0,0,11760,29[CR],3017912718
Z,0,0,11760,33[CR],3017913156
Z,0,0,11760,29[CR],3017913703
Z,0,0,11760,27[CR],3017914250
Z,0,0,11764,27[CR],3017914687
Z,0,0,11770,5[CR],3017914796
C,13116,1408,11771,4[CR],3017915125
F,47096,13145,11774,7[CR],3017915562
C,13388,1400,11774,1[CR],3017915890
F,48392,13151,11774,1[CR],3017916328
C,13333,1414,11774,0[CR],3017916656
F,48216,13142,11774,0[CR],3017917093
A,33816,48104,11774,0[CR],3017917531
F,48048,13140,11774,0[CR],3017917859
C,13284,1408,11774,0[CR],3017918296
F,47912,13136,11780,29[CR],3017918625
C,13273,1390,11783,5[CR],3017919062
F,51528,13264,11783,1[CR],3017919390
C,13433,1378,11783,1[CR],3017919828
F,51168,13200,11783,0[CR],3017920265
C,13356,1388,11783,0[CR],3017920593
F,50728,13186,11783,0[CR],3017921031
C,13321,1388,11783,0[CR],3017921359
F,50392,13177,11783,0[CR],3017921796
C,13302,1380,11783,0[CR],3017922125
F,50072,13171,11786,34[CR],3017922562
C,13289,1386,11794,18[CR],3017923000
F,52504,13339,11802,19[CR],3017923328
A,33768,53384,11809,21[CR],3017923765
F,53296,13293,11817,17[CR],3017924093
C,13499,1396,11824,19[CR],3017924531
F,52888,13263,11831,17[CR],3017924859
C,13484,1382,11839,19[CR],3017925296
F,52368,13268,11847,22[CR],3017925734
C,13503,1386,11855,19[CR],3017926062
F,52376,13266,11863,21[CR],3017926500
C,13531,1376,11871,22[CR],3017926828
F,51552,13241,11879,20[CR],3017927265
C,13561,1388,11887,22[CR],3017927593
F,50640,13218,11895,18[CR],3017928031
C,13528,1406,11903,20[CR],3017928468
F,51696,13239,11911,22[CR],3017928796
C,13529,1400,11919,19[CR],3017929234
F,51816,13241,11928,20[CR],3017929562
A,33768,51960,11936,22[CR],3017930000
F,52016,13264,11944,18[CR],3017930328
C,13551,1418,11952,21[CR],3017930765
F,52608,13280,11960,23[CR],3017931203
C,13557,1412,11968,19[CR],3017931531
F,52848,13296,11976,21[CR],3017931968
C,13527,1406,11984,19[CR],3017932296
F,52000,13259,11992,19[CR],3017932734
C,13515,1412,12000,21[CR],3017933062
F,50184,13235,12008,17[CR],3017933500
C,13483,1406,12017,20[CR],3017933937
F,51488,13246,12025,22[CR],3017934265
C,13508,1420,12033,19[CR],3017934703
F,51512,13210,12041,21[CR],3017935031
C,13524,1408,12049,22[CR],3017935468
F,51832,13241,12057,19[CR],3017935796
A,33732,52312,12065,20[CR],3017936234
F,52368,13263,12073,21[CR],3017936578
C,13536,1436,12081,20[CR],3017937000
F,52904,13272,12090,21[CR],3017937437
C,13528,1436,12097,17[CR],3017937765
F,53088,13263,12106,19[CR],3017938203
C,13513,1426,12114,22[CR],3017938531
F,52024,13241,12122,17[CR],3017938968
C,13541,1432,12130,20[CR],3017939406
F,51160,13234,12138,22[CR],3017939734
C,13557,1430,12146,19[CR],3017940171
F,50440,13222,12155,21[CR],3017940500
C,13544,1434,12163,23[CR],3017940937
F,50304,13247,12171,19[CR],3017941265
C,13527,1438,12179,21[CR],3017941703
F,51144,13275,12187,23[CR],3017942140
A,33788,51208,12195,19[CR],3017942468
F,51272,13264,12203,21[CR],3017942906
C,13502,1460,12211,19[CR],3017943234
F,51800,13280,12219,19[CR],3017943671
C,13508,1458,12228,21[CR],3017944000
F,52168,13311,12235,17[CR],3017944437
C,13522,1470,12244,20[CR],3017944765
F,51936,13281,12252,21[CR],3017945203
C,13581,1470,12260,19[CR],3017945640
F,52256,13295,12268,20[CR],3017945968
C,13603,1464,12276,22[CR],3017946406
F,52528,13309,12284,19[CR],3017946734
C,13591,1466,12292,21[CR],3017947171
F,52904,13286,12300,22[CR],3017947609
C,13580,1470,12308,19[CR],3017947937
F,53248,13272,12317,21[CR],3017948375
A,33752,52440,12324,17[CR],3017948703
F,52744,13269,12333,20[CR],3017949140
C,13562,1460,12341,22[CR],3017949468
F,52768,13294,12348,19[CR],3017949906
C,13610,1466,12357,20[CR],3017950343
F,52760,13296,12365,22[CR],3017950671
C,13633,1462,12373,19[CR],3017951109
F,51496,13273,12381,20[CR],3017951437
C,13586,1470,12389,22[CR],3017951875
F,51848,13273,12397,19[CR],3017952203
C,13558,1470,12405,21[CR],3017952640
F,52288,13266,12413,22[CR],3017953078
C,13572,1450,12422,19[CR],3017953406
F,53544,13289,12430,21[CR],3017953843
C,13612,1470,12437,18[CR],3017954171
F,54816,13310,12446,20[CR],3017954609
A,33764,54616,12454,22[CR],3017954937
F,54192,13305,12461,19[CR],3017955328
C,13764,1462,12470,20[CR],3017955812
F,54728,13330,12478,22[CR],3017956140
C,13633,1472,12486,19[CR],3017956578
F,53336,13309,12494,21[CR],3017956906
C,13523,1466,12502,23[CR],3017957343
F,52400,13289,12510,18[CR],3017957671
C,13486,1466,12518,21[CR],3017958109
F,51744,13253,12526,18[CR],3017958546
C,13476,1466,12535,20[CR],3017958875
F,52232,13252,12543,22[CR],3017959312
C,13501,1466,12551,17[CR],3017959640
F,52384,13253,12560,19[CR],3017960078
C,13523,1472,12568,22[CR],3017960406
F,52056,13257,12576,18[CR],3017960843
A,33756,50992,12585,21[CR],3017961281
F,50720,13249,12593,22[CR],3017961609
C,13519,1472,12602,17[CR],3017962046
F,51824,13255,12610,20[CR],3017962375
C,13534,1462,12618,22[CR],3017962812
F,51440,13268,12627,18[CR],3017963140
C,13532,1470,12635,20[CR],3017963578
F,52792,13303,12643,22[CR],3017964015
C,13567,1476,12651,19[CR],3017964343
F,52936,13287,12659,20[CR],3017964781
C,13573,1470,12667,22[CR],3017965109
F,51032,13244,12675,20[CR],3017965546
C,13541,1470,12684,22[CR],3017965875
F,52344,13267,12692,22[CR],3017966312
C,13565,1470,12700,19[CR],3017966750
F,52328,13246,12709,21[CR],3017967078
A,33748,52424,12716,22[CR],3017967515
F,52584,13277,12724,19[CR],3017967843
C,13554,1466,12733,21[CR],3017968281
F,53712,13298,12741,22[CR],3017968609
C,13625,1470,12749,19[CR],3017969046
F,53792,13276,12757,21[CR],3017969484
C,13695,1472,12765,17[CR],3017969812
F,53040,13284,12773,20[CR],3017970250
C,13674,1470,12781,22[CR],3017970578
F,53576,13300,12789,19[CR],3017971015
C,13665,1460,12798,20[CR],3017971343
F,53144,13304,12806,22[CR],3017971781
C,13615,1472,12814,19[CR],3017972218
F,53312,13305,12822,21[CR],3017972546
C,13635,1484,12830,22[CR],3017972984
F,54152,13328,12838,19[CR],3017973312
A,33728,53536,12846,21[CR],3017973750
F,53160,13302,12854,18[CR],3017974078
C,13565,1470,12862,20[CR],3017974515
F,52904,13288,12870,22[CR],3017974953
C,13592,1450,12878,19[CR],3017975281
F,53152,13270,12886,20[CR],3017975718
C,13641,1464,12895,22[CR],3017976046
F,52632,13254,12903,19[CR],3017976484
C,13592,1474,12911,20[CR],3017976812
F,53592,13278,12919,23[CR],3017977250
C,13595,1470,12927,19[CR],3017977687
F,53416,13299,12935,21[CR],3017978015
C,13606,1474,12942,16[CR],3017978453
F,54384,13323,12950,19[CR],3017978781
C,13535,1470,12958,22[CR],3017979218
F,53832,13303,12966,19[CR],3017979546
A,33728,53304,12974,20[CR],3017979984
F,53056,13308,12982,22[CR],3017980421
C,13512,1480,12990,18[CR],3017980750
F,52832,13305,12998,21[CR],3017981187
C,13519,1474,13006,17[CR],3017981515
F,53256,13307,13014,19[CR],3017981953
C,13533,1478,13022,21[CR],3017982281
F,53616,13321,13030,19[CR],3017982718
C,13543,1462,13038,20[CR],3017983156
F,53544,13315,13046,22[CR],3017983484
C,13580,1476,13054,19[CR],3017983921
F,53712,13262,13063,23[CR],3017984250
C,13628,1470,13072,24[CR],3017984687
F,53792,13264,13080,19[CR],3017985015
C,13596,1464,13088,21[CR],3017985453
F,53144,13224,13096,21[CR],3017985890
A,33748,52352,13104,18[CR],3017986218
F,52088,13191,13112,18[CR],3017986656
C,13601,1466,13119,15[CR],3017986984
F,53432,13242,13126,17[CR],3017987421
C,13626,1466,13132,19[CR],3017987750
F,53472,13226,13141,19[CR],3017988187
C,13661,1466,13149,21[CR],3017988625
F,53944,13240,13156,18[CR],3017988953
C,13636,1472,13165,20[CR],3017989390
F,53376,13225,13173,22[CR],3017989718
C,13632,1480,13181,19[CR],3017990156
F,53192,13222,13189,21[CR],3017990484
C,13605,1472,13197,22[CR],3017990921
F,53144,13200,13205,19[CR],3017991359
C,13635,1478,13213,21[CR],3017991687
F,52168,13164,13222,22[CR],3017992125
A,33740,52320,13230,20[CR],3017992453
F,52344,13154,13238,22[CR],3017992812
C,13701,1482,13247,24[CR],3017993218
F,53448,13211,13255,20[CR],3017993656
C,13684,1478,13264,22[CR],3017994093
F,54352,13234,13273,25[CR],3017994421
C,13626,1474,13282,19[CR],3017994859
F,54256,13225,13290,21[CR],3017995187
C,13618,1480,13298,22[CR],3017995625
F,53912,13265,13306,19[CR],3017995953
C,13645,1490,13315,21[CR],3017996390
F,54304,13314,13322,22[CR],3017996828
C,13659,1480,13331,19[CR],3017997156
F,54728,13323,13339,21[CR],3017997593
C,13691,1470,13347,21[CR],3017997921
F,53376,13293,13355,20[CR],3017998359
A,33720,54000,13363,21[CR],3017998687
F,54384,13297,13371,17[CR],3017999125
C,13641,1478,13380,20[CR],3017999562
F,54264,13277,13388,22[CR],3017999921
C,13658,1494,13395,17[CR],3018000328
F,55840,13310,13404,20[CR],3018000656
C,13668,1486,13412,22[CR],3018001093
F,56200,13354,13420,19[CR],3018001421
C,13667,1466,13428,21[CR],3018001859
F,55880,13332,13436,22[CR],3018002296
C,13691,1494,13444,19[CR],3018002625
F,54784,13280,13452,21[CR],3018003062
C,13647,1474,13460,17[CR],3018003390
F,52992,13260,13468,20[CR],3018003828
C,13616,1480,13476,21[CR],3018004156
F,55256,13304,13484,18[CR],3018004593
A,33684,55624,13493,20[CR],3018005031
F,55712,13308,13500,22[CR],3018005359
C,13684,1502,13508,19[CR],3018005796
F,55824,13311,13517,20[CR],3018006125
C,13672,1480,13524,22[CR],3018006562
F,56696,13322,13533,19[CR],3018006890
C,13605,1474,13541,21[CR],3018007328
F,55768,13314,13549,20[CR],3018007765
C,13613,1474,13557,19[CR],3018008093
F,55624,13307,13565,21[CR],3018008531
C,13648,1474,13573,16[CR],3018008859
F,54592,13267,13581,20[CR],3018009296
C,13616,1484,13589,22[CR],3018009625
F,54560,13293,13597,19[CR],3018010062
C,13629,1494,13605,20[CR],3018010390
F,54720,13273,13613,22[CR],3018010828
A,33740,55472,13621,19[CR],3018011265
F,55488,13290,13629,21[CR],3018011593
C,13611,1504,13637,20[CR],3018012031
F,55296,13315,13645,19[CR],3018012359
C,13633,1514,13653,21[CR],3018012796
F,55288,13348,13661,17[CR],3018013234
C,13660,1504,13669,21[CR],3018013562
F,55392,13346,13677,22[CR],3018014000
C,13673,1506,13685,18[CR],3018014328
F,54360,13311,13694,22[CR],3018014765
C,13676,1486,13702,22[CR],3018015093
F,53736,13325,13710,19[CR],3018015531
C,13669,1502,13718,21[CR],3018015968
F,55832,13346,13726,22[CR],3018016296
C,13652,1506,13734,19[CR],3018016734
F,56464,13340,13742,21[CR],3018017062
A,33752,56864,13750,21[CR],3018017500
F,56768,13329,13759,20[CR],3018017828
C,13750,1498,13760,3[CR],3018018265
F,55264,13243,13760,2[CR],3018018703
C,13531,1516,13760,1[CR],3018019031
F,52904,13200,13760,0[CR],3018019468
C,13460,1526,13760,0[CR],3018019796
F,52056,13191,13760,0[CR],3018020234
C,13437,1520,13760,0[CR],3018020562
F,51584,13186,13760,0[CR],3018021000
C,13423,1514,13760,0[CR],3018021546
Z,0,0,13760,0[CR],3018021765
C,13397,1512,13760,0[CR],3018022203
F,51232,13178,13760,0[CR],3018022531
C,13429,1514,13760,0[CR],3018022968
F,50944,13173,13760,0[CR],3018023296
A,33728,50808,13760,0[CR],3018023843
Z,0,0,13760,0[CR],3018024390
Z,0,0,13760,0[CR],3018024828
Z,0,0,13760,0[CR],3018025375
Z,0,0,13760,0[CR],3018025812
Z,0,0,13760,0[CR],3018026359
Z,0,0,13760,0[CR],3018026906
Z,0,0,13760,0[CR],3018027343
Z,0,0,13760,0[CR],3018027890
Z,0,0,13760,0[CR],3018028328
Z,0,0,13760,0[CR],3018028875
Z,0,0,13760,0[CR],3018029312
Z,0,0,13760,0[CR],3018029859
Z,0,0,13760,0[CR],3018030406
Z,0,0,13760,0[CR],3018030843
Z,0,0,13760,0[CR],3018031390
Z,0,0,13760,0[CR],3018031828
Z,0,0,13760,0[CR],3018032375
Z,0,0,13760,0[CR],3018032921
Z,0,0,13760,0[CR],3018033359
Z,0,0,13760,0[CR],3018033906
Z,0,0,13760,0[CR],3018034343
Z,0,0,13760,0[CR],3018034890
Z,0,0,13760,0[CR],3018035328
Z,0,0,13760,0[CR],3018035875
Z,0,0,13760,0[CR],3018036421
Z,0,0,13760,0[CR],3018036859
Z,0,0,13760,0[CR],3018037406
Z,0,0,13760,0[CR],3018037843
Z,0,0,13760,0[CR],3018038390
Z,0,0,13760,0[CR],3018038828
Z,0,0,13760,0[CR],3018039375
Z,0,0,13760,0[CR],3018039921
Z,0,0,13760,0[CR],3018040359
Z,0,0,13760,0[CR],3018040906
Z,0,0,13760,0[CR],3018041343
Z,0,0,13760,0[CR],3018041890
Z,0,0,13760,0[CR],3018042437
Z,0,0,13760,0[CR],3018042875
Z,0,0,13760,0[CR],3018043421
Z,0,0,13760,0[CR],3018043859
Z,0,0,13760,51[CR],3018044406
Z,0,0,13760,54[CR],3018044843
Z,0,0,13760,49[CR],3018045390
Z,0,0,13776,16[CR],3018045937
Z,0,0,13779,4[CR],3018046046
C,13402,1516,13779,2[CR],3018046375
F,49632,13176,13779,1[CR],3018046812
C,13421,1522,13779,0[CR],3018047140
F,49568,13163,13779,0[CR],3018047578
C,13390,1506,13779,0[CR],3018048015
F,49440,13161,13779,0[CR],3018048343
A,33704,49352,13779,0[CR],3018048781
F,49328,13160,13779,0[CR],3018049109
C,13364,1510,13785,27[CR],3018049546
F,49264,13454,13787,3[CR],3018049875
C,13652,1510,13787,1[CR],3018050312
F,53176,13241,13787,0[CR],3018050750
C,13479,1516,13787,0[CR],3018051078
F,52816,13228,13788,0[CR],3018051515
C,13436,1510,13788,0[CR],3018051843
F,52496,13219,13788,0[CR],3018052281
C,13411,1516,13788,0[CR],3018052609
F,52248,13212,13788,0[CR],3018053046
C,13392,1512,13792,21[CR],3018053484
F,52032,13228,13800,21[CR],3018053812
C,13610,1514,13807,18[CR],3018054250
F,55952,13401,13816,20[CR],3018054578
A,33696,56640,13824,22[CR],3018055015
F,56744,13380,13831,20[CR],3018055343
C,13632,1510,13840,21[CR],3018055781
F,56104,13335,13848,22[CR],3018056218
C,13643,1526,13856,16[CR],3018056546
F,55408,13313,13865,20[CR],3018056984
C,13666,1516,13873,22[CR],3018057312
F,53784,13279,13881,20[CR],3018057750
C,13620,1516,13889,21[CR],3018058078
F,54632,13323,13897,22[CR],3018058515
C,13599,1516,13905,19[CR],3018058843
F,55368,13344,13913,21[CR],3018059281
C,13604,1516,13921,22[CR],3018059718
F,54992,13351,13929,19[CR],3018060046
C,13633,1514,13937,22[CR],3018060484
F,55808,13347,13945,17[CR],3018060812
A,33704,56248,13954,20[CR],3018061250
F,56344,13356,13962,22[CR],3018061687
C,13630,1516,13970,19[CR],3018062015
F,56160,13351,13978,21[CR],3018062453
C,13624,1516,13986,22[CR],3018062781
F,55728,13338,13994,19[CR],3018063218
C,13609,1516,14002,21[CR],3018063546
F,55648,13323,14010,22[CR],3018063984
C,13651,1516,14018,19[CR],3018064421
F,55680,13305,14027,21[CR],3018064750
C,13729,1506,14034,18[CR],3018065187
F,54168,13282,14043,20[CR],3018065515
C,13718,1502,14051,22[CR],3018065953
F,55328,13317,14059,19[CR],3018066281
C,13694,1516,14067,20[CR],3018066718
F,55632,13332,14075,22[CR],3018067156
A,33700,55992,14083,19[CR],3018067484
F,56232,13324,14092,21[CR],3018067828
C,13700,1504,14099,22[CR],3018068250
F,56024,13348,14108,19[CR],3018068687
C,13675,1520,14116,21[CR],3018069015
F,56032,13337,14124,22[CR],3018069453
C,13675,1516,14132,19[CR],3018069890
F,56312,13309,14140,21[CR],3018070218
C,13663,1516,14148,23[CR],3018070656
F,56080,13281,14157,19[CR],3018070984
C,13657,1516,14165,22[CR],3018071421
F,55208,13255,14173,17[CR],3018071750
C,13704,1514,14181,19[CR],3018072187
F,54768,13251,14189,22[CR],3018072515
C,13701,1530,14197,19[CR],3018072953
F,56448,13280,14206,20[CR],3018073390
A,33720,57000,14214,22[CR],3018073718
F,56760,13278,14222,19[CR],3018074156
C,13675,1516,14230,21[CR],3018074484
F,55920,13277,14238,22[CR],3018074921
C,13654,1516,14246,19[CR],3018075250
F,56296,13297,14254,21[CR],3018075687
C,13664,1520,14262,22[CR],3018076125
F,56008,13288,14270,19[CR],3018076453
C,13669,1520,14278,21[CR],3018076890
F,56544,13298,14286,21[CR],3018077218
C,13633,1510,14295,20[CR],3018077656
F,56208,13256,14303,21[CR],3018077984
C,13650,1522,14311,17[CR],3018078421
F,54952,13231,14319,20[CR],3018078859
C,13658,1526,14327,22[CR],3018079187
F,55704,13258,14335,19[CR],3018079625
A,33716,55328,14343,21[CR],3018079953
F,54888,13221,14351,22[CR],3018080390
C,13737,1514,14360,19[CR],3018080718
F,52888,13208,14368,21[CR],3018081156
C,13664,1526,14376,22[CR],3018081593
F,54480,13248,14384,20[CR],3018081921
C,13672,1522,14392,22[CR],3018082359
F,55048,13259,14400,17[CR],3018082687
C,13683,1536,14408,20[CR],3018083125
F,55688,13288,14416,22[CR],3018083453
C,13657,1526,14424,19[CR],3018083890
F,55936,13314,14432,19[CR],3018084328
C,13641,1510,14439,22[CR],3018084656
F,56208,13302,14447,19[CR],3018085093
C,13630,1526,14455,21[CR],3018085421
F,56736,13293,14463,17[CR],3018085859
A,33696,55824,14471,20[CR],3018086187
F,55744,13283,14479,22[CR],3018086625
C,13676,1492,14487,19[CR],3018087062
F,56080,13304,14496,20[CR],3018087390
C,13734,1526,14504,22[CR],3018087828
F,56512,13305,14512,20[CR],3018088156
C,13739,1532,14520,21[CR],3018088593
F,55552,13308,14528,22[CR],3018088921
C,13712,1536,14536,18[CR],3018089359
F,55752,13302,14545,21[CR],3018089796
C,13675,1562,14552,21[CR],3018090125
F,56056,13311,14560,19[CR],3018090562
C,13688,1554,14568,21[CR],3018090890
F,56648,13319,14576,17[CR],3018091328
C,13727,1536,14585,20[CR],3018091656
F,55440,13283,14593,22[CR],3018092093
A,33704,54912,14601,18[CR],3018092531
F,55600,13313,14610,21[CR],3018092859
C,13712,1530,14618,22[CR],3018093296
F,56264,13303,14626,20[CR],3018093625
C,13704,1540,14634,20[CR],3018094062
F,56456,13319,14643,22[CR],3018094390
C,13672,1522,14650,19[CR],3018094828
F,56200,13318,14659,20[CR],3018095265
C,13711,1530,14667,21[CR],3018095593
F,56336,13313,14675,19[CR],3018096031
C,13749,1540,14683,21[CR],3018096359
F,57160,13374,14691,18[CR],3018096796
C,13800,1548,14699,19[CR],3018097125
F,56208,13335,14706,20[CR],3018097562
C,13807,1548,14714,19[CR],3018098000
F,55096,13320,14722,21[CR],3018098328
A,33712,56112,14731,23[CR],3018098765
F,55952,13334,14739,20[CR],3018099093
C,13673,1556,14748,22[CR],3018099531
F,55800,13299,14756,22[CR],3018099859
C,13619,1542,14764,19[CR],3018100296
F,55928,13317,14772,20[CR],3018100734
C,13586,1554,14780,22[CR],3018101062
F,55880,13332,14788,19[CR],3018101500
C,13598,1558,14797,21[CR],3018101828
F,55824,13327,14805,23[CR],3018102265
C,13638,1562,14813,19[CR],3018102593
F,55656,13322,14821,21[CR],3018103031
C,13643,1572,14829,19[CR],3018103468
F,55816,13339,14837,19[CR],3018103796
C,13661,1574,14845,22[CR],3018104234
F,55648,13328,14853,19[CR],3018104562
A,33672,55600,14862,20[CR],3018105000
F,55560,13311,14870,22[CR],3018105343
C,13743,1574,14877,19[CR],3018105765
F,55024,13336,14886,20[CR],3018106203
C,13769,1574,14894,22[CR],3018106531
F,55792,13338,14902,19[CR],3018106968
C,13722,1574,14910,21[CR],3018107296
F,56608,13352,14918,22[CR],3018107734
C,13680,1574,14926,19[CR],3018108062
F,56728,13341,14934,21[CR],3018108500
C,13670,1574,14942,17[CR],3018108937
F,57024,13346,14951,19[CR],3018109265
C,13766,1582,14959,21[CR],3018109703
F,56152,13332,14966,19[CR],3018110031
C,13786,1564,14975,20[CR],3018110468
F,57112,13370,14983,22[CR],3018110796
A,33692,57632,14991,19[CR],3018111234
F,57432,13405,14999,20[CR],3018111671
C,13793,1568,15007,22[CR],3018112000
F,57592,13387,15015,19[CR],3018112437
C,13819,1574,15024,22[CR],3018112765
F,56848,13371,15031,22[CR],3018113203
C,13818,1574,15040,19[CR],3018113531
F,57640,13380,15048,21[CR],3018113968
C,13833,1568,15055,18[CR],3018114406
F,57336,13372,15064,20[CR],3018114734
C,13813,1582,15072,22[CR],3018115171
F,57912,13390,15080,19[CR],3018115500
C,13849,1584,15088,20[CR],3018115937
F,57816,13410,15096,22[CR],3018116265
C,13811,1574,15104,19[CR],3018116703
F,58000,13384,15112,21[CR],3018117140
A,33700,58072,15120,22[CR],3018117468
F,58280,13358,15128,19[CR],3018117906
C,13844,1568,15136,21[CR],3018118234
F,57152,13350,15144,22[CR],3018118671
C,13791,1574,15152,20[CR],3018119000
F,57736,13382,15161,21[CR],3018119437
C,13813,1568,15168,17[CR],3018119875
F,58064,13391,15177,20[CR],3018120203
C,13816,1572,15185,22[CR],3018120640
F,58528,13379,15193,19[CR],3018120968
C,13823,1596,15201,20[CR],3018121406
F,58720,13364,15209,22[CR],3018121734
C,13849,1592,15217,19[CR],3018122171
F,58064,13334,15225,21[CR],3018122609
C,13909,1584,15233,22[CR],3018122937
F,57360,13346,15242,19[CR],3018123375
A,33692,59096,15250,21[CR],3018123703
F,59272,13392,15257,18[CR],3018124078
C,13841,1596,15266,20[CR],3018124468
F,58656,13353,15274,22[CR],3018124906
C,13792,1578,15282,19[CR],3018125343
F,56712,13317,15290,20[CR],3018125671
C,13727,1586,15298,22[CR],3018126109
F,57440,13346,15306,19[CR],3018126437
C,13710,1588,15314,21[CR],3018126875
F,58536,13360,15322,22[CR],3018127203
C,13837,1584,15330,19[CR],3018127640
F,58496,13354,15339,21[CR],3018128078
C,13820,1588,15346,21[CR],3018128406
F,58392,13374,15355,20[CR],3018128843
C,13827,1604,15363,21[CR],3018129171
F,58104,13383,15371,17[CR],3018129609
A,33688,57224,15379,20[CR],3018129937
F,56664,13336,15387,22[CR],3018130375
C,13855,1588,15395,19[CR],3018130812
F,57352,13330,15403,21[CR],3018131140
C,13788,1568,15411,22[CR],3018131578
F,57592,13312,15419,19[CR],3018131906
C,13779,1578,15428,21[CR],3018132343
F,58800,13333,15435,22[CR],3018132671
C,13804,1588,15444,19[CR],3018133109
F,60040,13348,15452,22[CR],3018133546
C,13827,1608,15459,17[CR],3018133875
F,59856,13343,15468,20[CR],3018134312
C,13836,1634,15476,21[CR],3018134640
F,59008,13335,15484,18[CR],3018135078
C,13826,1626,15492,21[CR],3018135406
F,58992,13351,15500,22[CR],3018135843
A,33716,58464,15508,19[CR],3018136281
F,58416,13388,15516,21[CR],3018136609
C,13831,1624,15524,22[CR],3018137046
F,58744,13345,15532,19[CR],3018137375
C,13805,1632,15540,22[CR],3018137812
F,57752,13333,15548,20[CR],3018138140
C,13793,1636,15556,20[CR],3018138578
F,59416,13390,15565,21[CR],3018139015
C,13858,1614,15572,16[CR],3018139343
F,59968,13401,15581,20[CR],3018139781
C,13881,1624,15589,22[CR],3018140109
F,61088,13428,15597,19[CR],3018140546
C,13912,1632,15605,21[CR],3018140875
F,59136,13384,15613,22[CR],3018141312
C,13905,1640,15621,19[CR],3018141750
F,60512,13408,15629,21[CR],3018142078
A,33700,60448,15637,22[CR],3018142515
F,60296,13414,15645,19[CR],3018142843
C,13841,1636,15653,21[CR],3018143281
F,58360,13379,15661,18[CR],3018143609
C,13814,1646,15670,20[CR],3018144046
F,58752,13364,15678,22[CR],3018144484
C,13783,1644,15685,19[CR],3018144812
F,58696,13339,15694,20[CR],3018145250
C,13751,1656,15702,22[CR],3018145578
F,58952,13332,15710,19[CR],3018146015
C,13701,1664,15718,21[CR],3018146343
F,59008,13332,15726,22[CR],3018146781
C,13744,1646,15734,20[CR],3018147218
F,58920,13334,15742,21[CR],3018147546
C,13836,1660,15750,15[CR],3018147984
F,60544,13400,15758,20[CR],3018148312
A,33700,60920,15760,4[CR],3018148750
F,60568,13278,15760,1[CR],3018149187
C,13657,1656,15760,0[CR],3018149515
F,57512,13227,15760,0[CR],3018149953
C,13596,1656,15760,0[CR],3018150281
F,56624,13215,15760,0[CR],3018150718
C,13575,1652,15760,0[CR],3018151046
F,56024,13205,15760,0[CR],3018151484
C,13545,1658,15760,0[CR],3018151921
F,55720,13208,15760,0[CR],3018152250
C,13592,1658,15760,0[CR],3018152687
F,55776,13201,15760,0[CR],3018153125
Z,0,0,15760,0[CR],3018153671
Z,0,0,15760,0[CR],3018154218
Z,0,0,15760,0[CR],3018154656
Z,0,0,15760,0[CR],3018155203
Z,0,0,15760,0[CR],3018155640
Z,0,0,15760,0[CR],3018156187
Z,0,0,15760,0[CR],3018156625
Z,0,0,15760,0[CR],3018157171
Z,0,0,15760,0[CR],3018157718
Z,0,0,15760,0[CR],3018158156
Z,0,0,15760,0[CR],3018158703
Z,0,0,15760,0[CR],3018159140
Z,0,0,15760,0[CR],3018159687
Z,0,0,15760,0[CR],3018160234
Z,0,0,15760,0[CR],3018160671
Z,0,0,15760,0[CR],3018161218
Z,0,0,15760,0[CR],3018161656
Z,0,0,15760,0[CR],3018162203
Z,0,0,15760,0[CR],3018162750
Z,0,0,15760,0[CR],3018162859
F,53560,13167,15760,0[CR],3018163296
Z,0,0,15760,0[CR],3018163843
Z,0,0,15760,0[CR],3018164281
Z,0,0,15760,0[CR],3018164828
Z,0,0,15760,0[CR],3018165265
Z,0,0,15760,0[CR],3018165812
Z,0,0,15760,0[CR],3018166359
Z,0,0,15760,0[CR],3018166796
Z,0,0,15760,0[CR],3018167343
Z,0,0,15760,0[CR],3018167781
Z,0,0,15760,0[CR],3018168328
Z,0,0,15760,0[CR],3018168765
Z,0,0,15760,0[CR],3018169312
Z,0,0,15760,0[CR],3018169859
Z,0,0,15760,0[CR],3018170296
Z,0,0,15760,0[CR],3018170843
Z,0,0,15760,0[CR],3018171281
Z,0,0,15760,0[CR],3018171828
Z,0,0,15760,0[CR],3018172375
Z,0,0,15760,0[CR],3018172812
Z,0,0,15760,0[CR],3018173359
Z,0,0,15760,68[CR],3018173796
Z,0,0,15776,39[CR],3018174125
C,13322,1640,15781,9[CR],3018174562
F,53792,13200,15781,2[CR],3018174890
C,13613,1634,15781,1[CR],3018175328
F,54192,13201,15781,0[CR],3018175656
C,13558,1662,15781,0[CR],3018176093
F,53952,13194,15781,0[CR],3018176531
C,13533,1640,15781,0[CR],3018176859
F,53776,13190,15781,0[CR],3018177296
C,13521,1644,15789,12[CR],3018177625
F,56616,13390,15790,4[CR],3018178062
C,13803,1654,15790,1[CR],3018178390
F,58040,13268,15790,0[CR],3018178828
C,13659,1660,15790,0[CR],3018179156
F,57112,13237,15790,0[CR],3018179593
A,33680,56776,15790,0[CR],3018180031
F,56664,13227,15790,0[CR],3018180359
C,13577,1650,15790,0[CR],3018180796
F,56392,13220,15790,0[CR],3018181125
C,13564,1662,15797,20[CR],3018181562
F,56200,13420,15805,19[CR],3018182000
C,13901,1630,15813,21[CR],3018182328
F,58960,13333,15821,22[CR],3018182765
C,13842,1642,15830,20[CR],3018183093
F,58560,13316,15838,22[CR],3018183531
C,13800,1646,15846,21[CR],3018183859
F,58952,13306,15854,20[CR],3018184296
C,13807,1644,15862,22[CR],3018184734
F,58816,13324,15870,17[CR],3018185062
C,13797,1640,15878,20[CR],3018185500
F,59600,13326,15887,22[CR],3018185828
A,33620,59672,15895,18[CR],3018186265
F,59584,13349,15903,19[CR],3018186593
C,13844,1672,15911,22[CR],3018187031
F,60096,13396,15919,19[CR],3018187468
C,13817,1660,15928,21[CR],3018187796
F,59688,13384,15936,22[CR],3018188234
C,13814,1660,15944,19[CR],3018188562
F,60008,13394,15952,21[CR],3018189000
C,13837,1660,15960,23[CR],3018189328
F,59664,13371,15968,19[CR],3018189765
C,13918,1656,15977,21[CR],3018190203
F,59080,13350,15984,23[CR],3018190531
C,13861,1670,15993,19[CR],3018190968
F,60168,13394,16001,22[CR],3018191296
C,13853,1646,16009,20[CR],3018191734
F,61952,13433,16017,21[CR],3018192062
A,33664,62552,16026,22[CR],3018192500
F,62496,13417,16033,19[CR],3018192937
C,14022,1670,16035,4[CR],3018193265
F,62064,13335,16035,1[CR],3018193703
C,13819,1662,16035,1[CR],3018194031
F,60176,13276,16035,0[CR],3018194468
C,13712,1666,16035,0[CR],3018194796
F,59208,13266,16035,0[CR],3018195234
C,13669,1666,16035,0[CR],3018195671
F,58552,13256,16035,0[CR],3018196000
C,13648,1660,16035,0[CR],3018196437
F,58136,13252,16035,0[CR],3018196765
C,13627,1666,16035,0[CR],3018197203
F,57808,13248,16035,0[CR],3018197531
C,13615,1670,16035,0[CR],3018197968
F,57544,13245,16035,0[CR],3018198296
A,33668,57384,16035,0[CR],3018198734
F,57312,13244,16035,0[CR],3018199171
C,13595,1680,16035,0[CR],3018199500
F,57072,13241,16035,0[CR],3018199937
C,13590,1666,16035,0[CR],3018200265
F,56800,13240,16035,0[CR],3018200703
C,13584,1660,16035,0[CR],3018201140
F,56584,13237,16035,0[CR],3018201468
C,13577,1666,16035,0[CR],3018201906
F,56408,13236,16035,0[CR],3018202234
C,13574,1666,16035,0[CR],3018202671
F,56264,13235,16035,0[CR],3018203000
C,13575,1656,16035,0[CR],3018203437
F,56160,13234,16035,0[CR],3018203875
C,13570,1666,16035,0[CR],3018204203
F,56032,13233,16035,0[CR],3018204640
A,33672,55960,16035,0[CR],3018204968
F,55904,13232,16035,0[CR],3018205406
C,13564,1656,16036,0[CR],3018205734
F,55808,13231,16036,0[CR],3018206171
C,13560,1662,16036,0[CR],3018206609
F,55696,13229,16036,0[CR],3018206937
C,13555,1666,16036,0[CR],3018207375
F,55600,13230,16036,0[CR],3018207703
C,13549,1660,16036,0[CR],3018208140
F,55504,13227,16036,0[CR],3018208468
C,13545,1662,16036,0[CR],3018208906
F,55424,13228,16036,0[CR],3018209343
C,13540,1664,16036,0[CR],3018209671
F,55336,13227,16036,0[CR],3018210109
C,13537,1670,16036,0[CR],3018210437
F,55248,13227,16036,0
<PAUSE BUTTON 11:32:35>
[CR],3018210875
>
Reset interface. Wait time for interface: 125
>
Reset interface. Wait time for interface: 31DOFF
OK
>
Command: DOFF Wait time for interface: 110

>
Reset interface. Wait time for interface: 125CLEAR
OK
>
Command: CLEAR Wait time for interface: 109

<END BUTTON 11:38:23>

------------------- Begin end zero test --------------------
>
Reset interface. Wait time for interface: 63SCANG
Z,0,0,0,0
Z,0,0,0,0[CR],3018615484
Z,0,0,0,0[CR],3018615921
F,11713,12691,0,0[CR],3018616359
C,12088,7246,0,0[CR],3018616687
F,11707,12687,0,0[CR],3018617125
A,33856,11716,0,0[CR],3018617453
F,11700,12688,0,0[CR],3018617937
C,12088,8160,0,0[CR],3018618265
F,11717,12688,0,0[CR],3018618703
C,12089,7870,0,0[CR],3018619046
F,11710,12687,0,0[CR],3018619500
C,12088,7318,0,0[CR],3018619828
F,11712,12686,0,0[CR],3018620171
C,12089,7886,0,0[CR],3018620609
F,11702,12686,0,0[CR],3018621062
C,12088,8216,0,0[CR],3018621390
F,11707,12688,0,0[CR],3018621734
C,12089,8114,0,0[CR],3018622171
F,11713,12688,0,0[CR],3018622515
C,12095,7988,0,0[CR],3018622953
F,12031,12680,0,0[CR],3018623390
A,33912,12198,0,0[CR],3018623718
F,12122,12685,0,0[CR],3018624156
C,12091,7510,0,0[CR],3018624484
F,12062,12686,0,0[CR],3018624921
C,12092,8477,0,0[CR],3018625250
F,12052,12685,0,0[CR],3018625687
C,12091,7274,0,0[CR],3018626125
F,12035,12686,0,0[CR],3018626453
C,12091,7504,0,0[CR],3018626890
F,12036,12686,0,0[CR],3018627218
>
Reset interface. Wait time for interface: 47

======== END OF TEST ========


