CPT-log version: 5.22
======== BEGIN OF TEST ========
DATE 27.09.2022

<Transmited Data>
<NEW BUTTON 08:16:04>
[^C][CR]
>[CR]
VER[CR][LF]
[^C][CR]
[^C][CR]
CLEAR[CR]
[^C][CR]
DOFF[CR]
[^C][CR]
SCANG[CR]
[^C][CR]
[^C][CR]
CLEAR[CR]

<START BUTTON 08:22:00>
[^C][CR]
[^C][CR]
DRON[CR]
SCANG[CR]

<PAUSE BUTTON 08:31:16>
[^C][CR]
[^C][CR]
DOFF[CR]
[^C][CR]
CLEAR[CR]

<END BUTTON 08:37:52>
[^C][CR]
SCANG[CR]
[^C][CR]


<Received Data>
<NEW BUTTON 08:16:04>
ÿ
>
Reset interface. Wait time for interface: 109>
>
Command: > Wait time for interface: 94
VER
M240,2364,0,0
>
Reset interface. Wait time for interface: 125
>
Reset interface. Wait time for interface: 109CLEAR
OK
>
Command: CLEAR Wait time for interface: 110

>
Reset interface. Wait time for interface: 109DOFF
OK
>
Command: DOFF Wait time for interface: 109

>
Reset interface. Wait time for interface: 93SCANG
Z,0,0,0,0
Z,0,0,0,0[CR],3006586062
F,12067,12671,0,0[CR],3006586500
C,12097,12858,0,0[CR],3006586828
F,12070,12671,0,0[CR],3006587265
C,12097,11852,0,0[CR],3006587593
F,12076,12672,0,0[CR],3006588031
C,12098,12353,0,0[CR],3006588375
F,12068,12671,0,0[CR],3006588843
C,12097,11275,0,0[CR],3006589187
F,12072,12671,0,0[CR],3006589531
C,12097,11441,0,0[CR],3006589968
F,12070,12670,0,0[CR],3006590312
A,36264,12066,0,0[CR],3006590750
F,12051,12669,0,0[CR],3006591093
C,12097,11841,0,0[CR],3006591531
F,12068,12671,0,0[CR],3006591968
C,12098,11737,0,0[CR],3006592296
F,12071,12670,0,0[CR],3006592750
C,12097,11785,0,0[CR],3006592859
>[CR],3006592859
>
Reset interface. Wait time for interface: 63
>
Reset interface. Wait time for interface: 62CLEAR
OK
>
Command: CLEAR Wait time for interface: 109

<START BUTTON 08:22:00>

>
Reset interface. Wait time for interface: 47
>
Reset interface. Wait time for interface: 109DRON
OK
>
Command: DRON Wait time for interface: 110
SCANG
Z,0,0,0,0
C,12961,286,0,0[CR],3006777468
F,13981,14425,0,0[CR],3006777906
A,35948,13988,0,0[CR],3006778234
F,13981,14362,0,0[CR],3006778671
C,12945,286,0,0[CR],3006779000
F,14018,14348,0,0[CR],3006779437
C,12941,296,0,0[CR],3006779765
F,14040,14354,0,0[CR],3006780203
C,12938,298,0,0[CR],3006780640
F,14057,14352,0,0[CR],3006780968
C,12935,286,0,0[CR],3006781406
F,14075,14340,0,0[CR],3006781734
C,12933,288,0,0[CR],3006782171
F,14084,14337,0,0[CR],3006782500
C,12930,294,0,0[CR],3006782937
F,14104,14329,0,0[CR],3006783375
C,12927,290,0,0[CR],3006783703
F,14118,14325,0,0[CR],3006784140
A,35948,14125,0,0[CR],3006784468
F,14113,14315,0,0[CR],3006784906
C,12921,286,0,0[CR],3006785234
F,14142,14308,0,0[CR],3006785671
C,12919,286,0,0[CR],3006786109
F,14150,14300,0,0[CR],3006786437
C,12918,290,0,0[CR],3006786875
F,14167,14297,0,0[CR],3006787203
C,12915,288,0,0[CR],3006787640
F,14177,14286,0,0[CR],3006787968
C,12913,282,0,0[CR],3006788406
F,14182,14278,0,0[CR],3006788843
C,12911,286,0,0[CR],3006789171
F,14191,14273,0,0[CR],3006789609
C,12909,286,0,0[CR],3006789937
F,14191,14270,0,0[CR],3006790375
A,35892,14196,0,0[CR],3006790703
F,14185,14260,0,0[CR],3006791140
C,12905,292,0,0[CR],3006791578
F,14206,14248,0,0[CR],3006791906
C,12902,288,0,0[CR],3006792343
F,14216,14244,0,0[CR],3006792671
C,12899,292,0,0[CR],3006793109
F,14216,14235,0,0[CR],3006793546
C,12898,286,0,0[CR],3006793875
F,14224,14232,0,0[CR],3006794312
C,12896,290,0,0[CR],3006794640
F,14222,14226,0,0[CR],3006795078
C,12895,286,0,0[CR],3006795406
F,14234,14226,0,0[CR],3006795843
C,12892,290,12,54[CR],3006796281
F,14232,14889,33,57[CR],3006796609
A,35872,14359,53,47[CR],3006797046
F,14340,14484,73,54[CR],3006797375
C,12861,288,93,44[CR],3006797812
F,14509,13853,114,51[CR],3006798140
C,12858,298,134,54[CR],3006798578
F,14700,13383,154,47[CR],3006798906
C,12844,294,175,57[CR],3006799343
F,14886,13235,197,64[CR],3006799781
C,12820,294,220,68[CR],3006800109
F,15041,13254,243,54[CR],3006800546
C,12833,308,266,57[CR],3006800875
F,15288,13341,290,60[CR],3006801312
C,12882,350,313,60[CR],3006801640
F,15490,13322,336,64[CR],3006802078
C,12939,332,359,57[CR],3006802515
F,15972,13297,383,51[CR],3006802843
A,35820,15814,406,54[CR],3006803281
F,15788,13574,429,60[CR],3006803609
C,13018,346,451,64[CR],3006804046
F,16152,13639,474,64[CR],3006804375
C,13007,354,498,68[CR],3006804812
F,16564,13542,522,54[CR],3006805250
C,12995,350,546,57[CR],3006805578
F,16906,13232,570,57[CR],3006806015
C,13013,366,594,57[CR],3006806343
F,17178,13190,617,57[CR],3006806781
C,12988,370,641,60[CR],3006807109
F,17388,13265,664,64[CR],3006807546
C,12947,394,688,68[CR],3006807984
F,17600,13388,713,68[CR],3006808312
C,12890,412,738,68[CR],3006808750
F,17778,13379,763,68[CR],3006809078
A,35852,17958,787,68[CR],3006809515
F,18010,13406,812,51[CR],3006809843
C,12904,418,836,57[CR],3006810281
F,18318,13471,861,57[CR],3006810718
C,12932,424,885,57[CR],3006811046
F,18548,13550,910,57[CR],3006811484
C,12937,426,935,57[CR],3006811812
F,18886,13596,960,60[CR],3006812250
C,12940,420,984,64[CR],3006812578
F,19214,13617,1009,64[CR],3006813015
C,12993,418,1033,64[CR],3006813453
F,19568,13568,1058,64[CR],3006813781
C,13030,422,1083,64[CR],3006814218
F,19820,13629,1107,64[CR],3006814546
C,12958,434,1132,68[CR],3006814984
F,19994,13705,1156,64[CR],3006815312
A,35784,20184,1181,68[CR],3006815750
F,20238,13693,1206,68[CR],3006816187
C,12965,454,1230,73[CR],3006816515
F,20530,13667,1254,68[CR],3006816953
C,13011,468,1279,54[CR],3006817281
F,20676,13755,1304,57[CR],3006817718
C,12987,482,1328,60[CR],3006818046
F,21046,13876,1353,60[CR],3006818484
C,13303,478,1378,60[CR],3006818921
F,20348,13996,1402,60[CR],3006819250
C,13073,490,1427,64[CR],3006819687
F,20832,14076,1451,64[CR],3006820015
C,13056,490,1475,64[CR],3006820453
F,21992,13840,1500,64[CR],3006820890
C,13014,498,1525,64[CR],3006821218
F,22372,13557,1549,68[CR],3006821656
A,35772,22592,1574,64[CR],3006821984
F,22666,13473,1598,68[CR],3006822343
C,13032,494,1622,68[CR],3006822750
F,22750,13560,1647,68[CR],3006823187
C,13025,490,1671,64[CR],3006823625
F,22902,13653,1696,51[CR],3006823953
C,12958,490,1720,49[CR],3006824390
F,22966,13745,1732,4[CR],3006824718
C,12971,482,1732,1[CR],3006825156
F,22496,13172,1732,1[CR],3006825484
C,12456,484,1732,0[CR],3006825921
F,20212,12778,1732,0[CR],3006826359
C,12444,496,1732,0[CR],3006826687
F,20384,12734,1732,0[CR],3006827125
C,12409,486,1732,0[CR],3006827453
F,20352,12689,1732,0[CR],3006827890
A,35716,20632,1732,0[CR],3006828218
F,20694,12811,1732,0[CR],3006828656
C,12450,492,1732,0[CR],3006829093
Z,0,0,1732,0[CR],3006829640
Z,0,0,1732,0[CR],3006830187
Z,0,0,1732,0[CR],3006830625
Z,0,0,1732,0[CR],3006831171
Z,0,0,1732,0[CR],3006831609
Z,0,0,1732,0[CR],3006832156
Z,0,0,1732,0[CR],3006832593
Z,0,0,1732,0[CR],3006833140
Z,0,0,1732,0[CR],3006833687
Z,0,0,1732,0[CR],3006834125
Z,0,0,1732,0[CR],3006834671
Z,0,0,1732,0[CR],3006835109
Z,0,0,1732,0[CR],3006835656
Z,0,0,1732,0[CR],3006836093
Z,0,0,1732,0[CR],3006836640
Z,0,0,1732,0[CR],3006837187
Z,0,0,1732,0[CR],3006837625
Z,0,0,1732,0[CR],3006838171
Z,0,0,1732,0[CR],3006838609
Z,0,0,1732,0[CR],3006839156
Z,0,0,1732,0[CR],3006839593
Z,0,0,1732,0[CR],3006840140
Z,0,0,1732,0[CR],3006840687
Z,0,0,1732,0[CR],3006841125
Z,0,0,1732,0[CR],3006841671
Z,0,0,1732,0[CR],3006842109
Z,0,0,1732,0[CR],3006842656
Z,0,0,1732,0[CR],3006843093
Z,0,0,1732,0[CR],3006843640
Z,0,0,1732,0[CR],3006844187
Z,0,0,1732,0[CR],3006844625
Z,0,0,1732,0[CR],3006845171
Z,0,0,1732,0[CR],3006845609
Z,0,0,1732,0[CR],3006846156
Z,0,0,1732,0[CR],3006846593
Z,0,0,1732,0[CR],3006847140
Z,0,0,1732,0[CR],3006847687
Z,0,0,1732,0[CR],3006848125
Z,0,0,1732,0[CR],3006848671
Z,0,0,1732,0[CR],3006849109
Z,0,0,1732,54[CR],3006849656
Z,0,0,1732,64[CR],3006850093
Z,0,0,1732,33[CR],3006850640
Z,0,0,1744,18[CR],3006850859
F,22222,12806,1746,5[CR],3006851296
C,12477,490,1748,5[CR],3006851640
F,22916,12887,1748,1[CR],3006852078
C,12517,486,1748,1[CR],3006852515
F,22960,12866,1748,0[CR],3006852843
A,35604,22950,1748,0[CR],3006853281
F,22932,12864,1748,0[CR],3006853609
C,12499,484,1748,0[CR],3006854046
F,22962,12862,1748,0[CR],3006854375
C,12496,486,1748,0[CR],3006854812
F,22984,12856,1757,5[CR],3006855250
C,12496,476,1757,1[CR],3006855578
F,24924,13102,1757,1[CR],3006856015
C,12732,492,1757,0[CR],3006856343
F,24616,13117,1757,0[CR],3006856781
C,12695,486,1757,0[CR],3006857109
F,24520,13110,1757,0[CR],3006857546
C,12680,486,1757,0[CR],3006857984
F,24480,13097,1757,0[CR],3006858312
C,12669,494,1757,0[CR],3006858750
F,24466,13092,1760,49[CR],3006859078
A,35548,24436,1785,64[CR],3006859515
F,25260,13788,1809,64[CR],3006859843
C,13010,490,1834,64[CR],3006860281
F,24420,13798,1859,64[CR],3006860718
C,12981,488,1883,68[CR],3006861046
F,24720,13761,1908,68[CR],3006861484
C,13028,484,1933,68[CR],3006861812
F,24632,13719,1957,73[CR],3006862250
C,12998,488,1982,68[CR],3006862578
F,24384,13708,2006,68[CR],3006863015
C,13005,492,2031,54[CR],3006863453
F,24892,13713,2055,57[CR],3006863781
C,13057,488,2080,54[CR],3006864218
F,25268,13662,2105,60[CR],3006864546
C,13112,532,2129,57[CR],3006864984
F,25868,13603,2154,57[CR],3006865312
A,35448,25672,2179,60[CR],3006865750
F,25852,13737,2203,60[CR],3006866187
C,13092,544,2228,60[CR],3006866515
F,26084,13831,2253,64[CR],3006866953
C,13083,548,2277,60[CR],3006867281
F,26428,13918,2302,64[CR],3006867718
C,13110,548,2326,64[CR],3006868046
F,26832,13883,2351,60[CR],3006868484
C,13193,536,2375,64[CR],3006868921
F,27660,13759,2400,68[CR],3006869250
C,13204,552,2424,68[CR],3006869687
F,27892,13794,2448,68[CR],3006870015
C,13202,548,2472,51[CR],3006870453
F,28308,13854,2496,60[CR],3006870781
C,13208,548,2521,57[CR],3006871218
F,28520,13938,2545,57[CR],3006871656
A,35440,28984,2569,60[CR],3006871984
F,29420,13959,2593,60[CR],3006872421
C,13456,552,2618,60[CR],3006872750
F,29776,14072,2642,64[CR],3006873187
C,13322,562,2666,64[CR],3006873515
F,30388,13973,2690,64[CR],3006873953
C,13308,552,2714,64[CR],3006874390
F,31040,14001,2739,68[CR],3006874718
C,13252,558,2763,68[CR],3006875156
F,31672,13808,2788,73[CR],3006875484
C,13273,558,2812,51[CR],3006875921
F,32460,13727,2836,57[CR],3006876250
C,13325,558,2861,57[CR],3006876687
F,32892,13648,2885,57[CR],3006877125
C,13357,552,2909,57[CR],3006877453
F,33116,13747,2934,60[CR],3006877890
A,35396,33524,2958,64[CR],3006878218
F,33396,13749,2983,64[CR],3006878593
C,13282,552,3007,64[CR],3006879093
F,33480,13775,3031,64[CR],3006879421
C,13235,562,3055,64[CR],3006879859
F,33472,13726,3080,68[CR],3006880187
C,13336,558,3104,68[CR],3006880625
F,34488,13794,3128,54[CR],3006880953
C,13351,558,3153,54[CR],3006881390
F,35288,13642,3177,57[CR],3006881718
C,13381,570,3201,57[CR],3006882156
F,35920,13680,3226,60[CR],3006882593
C,13285,578,3250,60[CR],3006882921
F,35944,13715,3275,60[CR],3006883359
C,13266,622,3299,64[CR],3006883687
F,36508,13773,3324,64[CR],3006884125
A,35368,37088,3348,64[CR],3006884453
F,37344,13787,3373,64[CR],3006884890
C,13352,618,3397,68[CR],3006885328
F,37812,13729,3421,68[CR],3006885656
C,13324,632,3445,64[CR],3006886093
F,37776,13704,3470,73[CR],3006886421
C,13325,624,3494,57[CR],3006886859
F,38508,13682,3518,51[CR],3006887187
C,13353,618,3543,60[CR],3006887625
F,38852,13714,3568,60[CR],3006888062
C,13332,628,3592,57[CR],3006888390
F,38732,13709,3617,60[CR],3006888828
C,13324,642,3641,64[CR],3006889156
F,38924,13713,3666,60[CR],3006889593
C,13309,634,3690,64[CR],3006889921
F,39340,13716,3713,60[CR],3006890359
A,35396,39728,3732,17[CR],3006890796
F,39820,13670,3732,2[CR],3006891125
C,13225,668,3732,1[CR],3006891562
F,37284,13226,3732,0[CR],3006891890
C,13048,676,3732,0[CR],3006892328
F,36660,13180,3732,0[CR],3006892656
C,13015,676,3732,0[CR],3006893093
F,35892,13109,3732,0[CR],3006893531
C,12955,676,3732,0[CR],3006893859
F,35896,13187,3732,0[CR],3006894296
C,12985,668,3732,0[CR],3006894625
F,36204,13166,3732,0[CR],3006895171
Z,0,0,3732,0[CR],3006895609
Z,0,0,3732,0[CR],3006896156
Z,0,0,3732,0[CR],3006896703
Z,0,0,3732,0[CR],3006897140
Z,0,0,3732,0[CR],3006897687
Z,0,0,3732,0[CR],3006898125
Z,0,0,3732,0[CR],3006898671
Z,0,0,3732,0[CR],3006899109
Z,0,0,3732,0[CR],3006899656
Z,0,0,3732,0[CR],3006900203
Z,0,0,3732,0[CR],3006900640
Z,0,0,3732,0[CR],3006901187
Z,0,0,3732,0[CR],3006901625
Z,0,0,3732,0[CR],3006902171
Z,0,0,3732,0[CR],3006902718
Z,0,0,3732,0[CR],3006903156
Z,0,0,3732,0[CR],3006903703
Z,0,0,3732,0[CR],3006904140
Z,0,0,3732,0[CR],3006904687
Z,0,0,3732,0[CR],3006905125
Z,0,0,3732,0[CR],3006905671
Z,0,0,3732,0[CR],3006906109
Z,0,0,3732,0[CR],3006906656
Z,0,0,3732,0[CR],3006907203
Z,0,0,3732,0[CR],3006907640
Z,0,0,3732,0[CR],3006908187
Z,0,0,3732,0[CR],3006908625
Z,0,0,3732,0[CR],3006909171
Z,0,0,3732,0[CR],3006909609
Z,0,0,3732,0[CR],3006910156
Z,0,0,3732,0[CR],3006910703
Z,0,0,3732,0[CR],3006911140
Z,0,0,3732,0[CR],3006911687
Z,0,0,3732,0[CR],3006912125
Z,0,0,3732,0[CR],3006912671
Z,0,0,3732,0[CR],3006913218
Z,0,0,3732,0[CR],3006913656
Z,0,0,3732,0[CR],3006914203
Z,0,0,3732,44[CR],3006914640
Z,0,0,3732,32[CR],3006915187
Z,0,0,3732,38[CR],3006915625
Z,0,0,3732,33[CR],3006916171
C,12818,672,3744,21[CR],3006916500
F,34728,13016,3747,5[CR],3006916937
C,13053,672,3747,1[CR],3006917265
F,36132,13139,3747,1[CR],3006917703
C,12997,646,3747,0[CR],3006918140
F,35804,13122,3747,0[CR],3006918468
C,12973,668,3747,0[CR],3006918906
F,35692,13115,3747,0[CR],3006919234
C,12963,664,3747,0[CR],3006919671
F,35608,13112,3752,26[CR],3006920000
C,12954,656,3753,2[CR],3006920437
F,38436,13286,3753,1[CR],3006920875
C,13096,668,3753,0[CR],3006921203
F,37344,13211,3753,0[CR],3006921640
A,35176,37076,3753,0[CR],3006921968
F,36976,13188,3753,0[CR],3006922406
C,13025,660,3753,0[CR],3006922734
F,36752,13179,3753,0[CR],3006923171
C,13008,660,3753,0[CR],3006923609
F,36592,13178,3753,0[CR],3006923937
C,12997,660,3771,64[CR],3006924375
F,38300,13550,3796,68[CR],3006924703
C,13353,668,3820,64[CR],3006925140
F,38148,13726,3845,64[CR],3006925468
C,13335,676,3869,68[CR],3006925906
F,38052,13748,3894,68[CR],3006926343
C,13259,690,3919,73[CR],3006926671
F,38416,13735,3944,73[CR],3006927109
C,13270,690,3968,64[CR],3006927437
F,38768,13701,3993,64[CR],3006927875
A,35140,38956,4018,54[CR],3006928203
F,39164,13648,4042,54[CR],3006928640
C,13308,694,4067,60[CR],3006929078
F,37972,13628,4092,57[CR],3006929406
C,13275,694,4116,57[CR],3006929843
F,38560,13619,4141,60[CR],3006930171
C,13346,694,4165,60[CR],3006930609
F,39652,13623,4190,60[CR],3006930937
C,13353,694,4214,64[CR],3006931375
F,39756,13600,4239,64[CR],3006931812
C,13306,694,4263,60[CR],3006932140
F,39984,13652,4288,64[CR],3006932578
C,13336,698,4312,64[CR],3006932906
F,40576,13696,4337,64[CR],3006933343
C,13362,702,4361,68[CR],3006933671
F,40956,13667,4386,68[CR],3006934109
A,35100,40532,4410,68[CR],3006934562
F,40456,13672,4434,54[CR],3006934890
C,13291,696,4459,54[CR],3006935328
F,40492,13660,4483,60[CR],3006935656
C,13293,696,4508,60[CR],3006936093
F,40660,13670,4533,60[CR],3006936421
C,13281,700,4557,60[CR],3006936859
F,41200,13653,4582,60[CR],3006937296
C,13345,700,4606,60[CR],3006937625
F,41976,13674,4630,60[CR],3006938062
C,13381,716,4655,64[CR],3006938390
F,42248,13650,4679,64[CR],3006938828
C,13357,722,4703,64[CR],3006939156
F,41736,13666,4728,64[CR],3006939593
C,13354,744,4752,64[CR],3006940031
F,42272,13705,4777,68[CR],3006940359
A,35068,42472,4801,68[CR],3006940796
F,42536,13708,4826,73[CR],3006941125
C,13361,762,4850,57[CR],3006941562
F,41456,13686,4875,60[CR],3006941890
C,13347,784,4899,60[CR],3006942328
F,41872,13702,4923,57[CR],3006942765
C,13393,774,4948,57[CR],3006943093
F,42296,13705,4973,60[CR],3006943531
C,13342,768,4997,60[CR],3006943859
F,42312,13644,5021,60[CR],3006944296
C,13396,764,5046,60[CR],3006944625
F,42056,13665,5070,64[CR],3006945062
C,13328,770,5095,64[CR],3006945500
F,41680,13689,5119,64[CR],3006945828
C,13342,772,5143,68[CR],3006946265
F,42272,13672,5168,68[CR],3006946593
A,35048,42912,5192,60[CR],3006947031
F,42848,13663,5216,64[CR],3006947359
C,13333,780,5241,54[CR],3006947796
F,41376,13626,5265,57[CR],3006948234
C,13378,806,5290,60[CR],3006948562
F,42424,13617,5314,57[CR],3006949000
C,13323,820,5339,57[CR],3006949328
F,41968,13602,5363,60[CR],3006949765
C,13306,842,5387,60[CR],3006950093
F,42288,13605,5412,64[CR],3006950531
C,13307,846,5436,64[CR],3006950968
F,43312,13576,5460,68[CR],3006951296
C,13355,840,5485,68[CR],3006951734
F,42808,13543,5509,64[CR],3006952062
C,13313,840,5533,68[CR],3006952500
F,42104,13520,5558,68[CR],3006952828
A,35004,42016,5582,51[CR],3006953265
F,42568,13502,5606,57[CR],3006953609
C,13318,844,5631,57[CR],3006954031
F,42784,13471,5655,57[CR],3006954468
C,13364,850,5680,60[CR],3006954796
F,43144,13429,5704,60[CR],3006955234
C,13325,850,5728,47[CR],3006955562
F,41848,13407,5731,3[CR],3006956000
C,13248,852,5731,1[CR],3006956437
F,40132,13146,5731,0[CR],3006956765
C,13095,848,5731,0[CR],3006957203
F,39676,13131,5731,0[CR],3006957531
C,13074,858,5731,0[CR],3006957968
F,39524,13120,5731,0[CR],3006958296
C,13025,844,5731,0[CR],3006958734
F,38968,13094,5731,0[CR],3006959062
A,35004,38968,5731,0[CR],3006959500
F,38932,13092,5731,0[CR],3006959937
C,13009,844,5731,0[CR],3006960265
F,39192,13113,5731,0[CR],3006960703
C,13034,838,5731,0[CR],3006961031
F,39060,13102,5731,0[CR],3006961468
C,13019,850,5731,0[CR],3006961796
F,38004,13055,5731,0[CR],3006962343
Z,0,0,5731,0[CR],3006962890
Z,0,0,5731,0[CR],3006963328
Z,0,0,5731,0[CR],3006963875
Z,0,0,5731,0[CR],3006964312
Z,0,0,5731,0[CR],3006964859
Z,0,0,5731,0[CR],3006965296
Z,0,0,5731,0[CR],3006965843
Z,0,0,5731,0[CR],3006966390
Z,0,0,5731,0[CR],3006966828
Z,0,0,5731,0[CR],3006967375
Z,0,0,5731,0[CR],3006967812
Z,0,0,5731,0[CR],3006968359
Z,0,0,5731,0[CR],3006968796
Z,0,0,5731,0[CR],3006969343
Z,0,0,5731,0[CR],3006969890
Z,0,0,5731,0[CR],3006970328
Z,0,0,5731,0[CR],3006970875
C,12915,850,5731,0[CR],3006971203
F,37720,13036,5731,0[CR],3006971750
Z,0,0,5731,0[CR],3006972187
Z,0,0,5731,0[CR],3006972734
Z,0,0,5731,0[CR],3006973281
Z,0,0,5731,0[CR],3006973718
Z,0,0,5731,0[CR],3006974265
Z,0,0,5731,0[CR],3006974703
Z,0,0,5731,0[CR],3006975250
Z,0,0,5731,0[CR],3006975687
Z,0,0,5731,0[CR],3006976234
Z,0,0,5731,0[CR],3006976781
Z,0,0,5731,0[CR],3006977218
Z,0,0,5731,0[CR],3006977765
Z,0,0,5731,0[CR],3006978203
Z,0,0,5731,0[CR],3006978750
Z,0,0,5731,0[CR],3006979187
Z,0,0,5731,0[CR],3006979734
Z,0,0,5731,0[CR],3006980281
Z,0,0,5731,7[CR],3006980718
Z,0,0,5731,1[CR],3006981265
Z,0,0,5731,86[CR],3006981703
Z,0,0,5731,79[CR],3006982250
Z,0,0,5731,51[CR],3006982687
Z,0,0,5747,38[CR],3006982906
F,37300,13031,5750,21[CR],3006983343
C,12884,848,5751,2[CR],3006983781
F,38688,13118,5751,1[CR],3006984109
A,34880,38584,5751,0[CR],3006984546
F,38516,13107,5751,0[CR],3006984875
C,13044,852,5751,0[CR],3006985312
F,38396,13100,5751,0[CR],3006985640
C,13030,850,5751,0[CR],3006986078
F,38296,13095,5751,0[CR],3006986406
C,13019,846,5758,9[CR],3006986843
F,40400,13297,5758,2[CR],3006987281
C,13186,844,5758,1[CR],3006987609
F,40616,13142,5758,0[CR],3006988046
C,13107,850,5758,0[CR],3006988375
F,40184,13132,5758,0[CR],3006988812
C,13082,850,5758,0[CR],3006989140
F,39896,13125,5758,0[CR],3006989578
C,13065,848,5758,0[CR],3006990015
F,39692,13119,5758,0[CR],3006990343
A,34876,39580,5766,26[CR],3006990781
F,39512,13347,5789,57[CR],3006991109
C,13287,852,5813,60[CR],3006991546
F,43448,13442,5838,60[CR],3006991875
C,13332,858,5862,64[CR],3006992312
F,43752,13351,5887,60[CR],3006992750
C,13308,848,5911,60[CR],3006993078
F,42728,13309,5936,64[CR],3006993515
C,13264,856,5961,64[CR],3006993843
F,42464,13305,5985,64[CR],3006994281
C,13274,854,6010,64[CR],3006994609
F,43360,13284,6034,68[CR],3006995046
C,13257,866,6059,68[CR],3006995484
F,43504,13285,6083,68[CR],3006995812
C,13281,858,6108,73[CR],3006996250
F,44064,13290,6132,68[CR],3006996578
A,34820,43760,6157,54[CR],3006997015
F,43312,13256,6181,60[CR],3006997343
C,13297,878,6206,57[CR],3006997781
F,42824,13270,6231,57[CR],3006998218
C,13273,866,6255,57[CR],3006998546
F,44000,13287,6280,60[CR],3006998984
C,13345,906,6304,60[CR],3006999312
F,44024,13271,6329,64[CR],3006999750
C,13286,916,6353,60[CR],3007000078
F,43920,13290,6378,64[CR],3007000515
C,13368,916,6402,64[CR],3007000953
F,44648,13269,6427,64[CR],3007001281
C,13363,920,6451,68[CR],3007001718
F,43624,13307,6475,68[CR],3007002046
C,13349,916,6500,68[CR],3007002484
F,43680,13274,6524,68[CR],3007002812
A,34792,43480,6548,68[CR],3007003250
F,43768,13295,6572,51[CR],3007003687
C,13281,920,6597,60[CR],3007004015
F,43064,13221,6621,57[CR],3007004453
C,13280,920,6646,60[CR],3007004781
F,44264,13276,6670,60[CR],3007005218
C,13302,924,6694,60[CR],3007005546
F,44456,13254,6720,64[CR],3007005984
C,13372,930,6744,60[CR],3007006421
F,43952,13274,6769,64[CR],3007006750
C,13331,938,6793,64[CR],3007007187
F,45144,13309,6817,64[CR],3007007515
C,13344,938,6842,64[CR],3007007953
F,43432,13267,6866,68[CR],3007008281
C,13283,984,6890,68[CR],3007008718
F,44224,13260,6914,60[CR],3007009156
A,34716,44888,6938,51[CR],3007009484
F,45584,13312,6963,57[CR],3007009843
C,13334,972,6988,60[CR],3007010250
F,44056,13259,7012,57[CR],3007010687
C,13312,976,7036,57[CR],3007011015
F,42960,13251,7061,60[CR],3007011453
C,13367,976,7085,64[CR],3007011890
F,45040,13225,7110,60[CR],3007012218
C,13274,984,7134,64[CR],3007012656
F,44256,13263,7158,64[CR],3007012984
C,13308,984,7182,64[CR],3007013421
F,45240,13260,7207,68[CR],3007013750
C,13348,992,7231,68[CR],3007014187
F,43952,13239,7255,68[CR],3007014625
C,13323,988,7280,57[CR],3007014953
F,44200,13255,7304,54[CR],3007015390
A,34740,44720,7329,57[CR],3007015718
F,45128,13307,7353,60[CR],3007016156
C,13395,992,7378,57[CR],3007016484
F,43728,13283,7402,60[CR],3007016921
C,13382,996,7426,60[CR],3007017359
F,45640,13317,7451,64[CR],3007017687
C,13404,998,7475,64[CR],3007018125
F,44656,13301,7499,64[CR],3007018453
C,13368,994,7524,68[CR],3007018890
F,45848,13292,7548,64[CR],3007019328
C,13336,1000,7573,64[CR],3007019656
F,45664,13312,7597,68[CR],3007020093
C,13372,1000,7621,68[CR],3007020421
F,44688,13280,7646,64[CR],3007020859
C,13367,1004,7670,51[CR],3007021187
F,46072,13290,7694,60[CR],3007021625
A,34728,44656,7719,60[CR],3007022062
F,45056,13251,7732,8[CR],3007022390
C,13381,974,7732,1[CR],3007022828
F,43912,13110,7732,1[CR],3007023156
C,13141,1012,7732,0[CR],3007023593
F,41736,13083,7732,0[CR],3007023921
C,13115,1002,7732,0[CR],3007024359
F,41152,13076,7732,0[CR],3007024687
C,13094,1014,7732,0[CR],3007025125
F,40492,13061,7732,0[CR],3007025562
C,13061,990,7732,0[CR],3007025890
F,40752,13069,7732,0[CR],3007026328
C,13102,1002,7732,0[CR],3007026765
Z,0,0,7732,0[CR],3007027312
Z,0,0,7732,0[CR],3007027750
Z,0,0,7732,0[CR],3007028296
Z,0,0,7732,0[CR],3007028843
Z,0,0,7732,0[CR],3007029281
Z,0,0,7732,0[CR],3007029828
Z,0,0,7732,0[CR],3007030265
Z,0,0,7732,0[CR],3007030812
Z,0,0,7732,0[CR],3007031359
Z,0,0,7732,0[CR],3007031796
Z,0,0,7732,0[CR],3007032343
Z,0,0,7732,0[CR],3007032781
Z,0,0,7732,0[CR],3007033328
Z,0,0,7732,0[CR],3007033765
Z,0,0,7732,0[CR],3007034312
Z,0,0,7732,0[CR],3007034859
Z,0,0,7732,0[CR],3007035296
Z,0,0,7732,0[CR],3007035843
Z,0,0,7732,0[CR],3007036281
Z,0,0,7732,0[CR],3007036828
Z,0,0,7732,0[CR],3007037265
Z,0,0,7732,0[CR],3007037812
Z,0,0,7732,0[CR],3007038359
Z,0,0,7732,0[CR],3007038796
Z,0,0,7732,0[CR],3007039343
Z,0,0,7732,0[CR],3007039781
Z,0,0,7732,0[CR],3007040328
Z,0,0,7732,0[CR],3007040765
Z,0,0,7732,0[CR],3007041312
Z,0,0,7732,0[CR],3007041859
Z,0,0,7732,0[CR],3007042296
Z,0,0,7732,0[CR],3007042843
Z,0,0,7732,0[CR],3007043281
Z,0,0,7732,0[CR],3007043828
Z,0,0,7732,0[CR],3007044265
Z,0,0,7732,0[CR],3007044812
Z,0,0,7732,0[CR],3007045359
Z,0,0,7732,0[CR],3007045796
Z,0,0,7732,57[CR],3007046343
Z,0,0,7732,57[CR],3007046781
Z,0,0,7745,41[CR],3007047000
F,37928,13001,7749,22[CR],3007047343
C,12899,1004,7752,4[CR],3007047765
F,39992,13086,7752,1[CR],3007048203
C,13217,990,7752,1[CR],3007048531
F,38148,13054,7752,0[CR],3007048968
C,13167,1010,7752,0[CR],3007049406
F,37880,13046,7752,0[CR],3007049734
C,13149,998,7752,0[CR],3007050171
F,37700,13041,7752,0[CR],3007050500
C,13136,1006,7762,20[CR],3007050937
F,37576,13221,7763,2[CR],3007051265
C,13345,1008,7763,1[CR],3007051703
F,39768,13116,7763,1[CR],3007052140
C,13168,1002,7763,1[CR],3007052468
F,39472,13099,7763,0[CR],3007052906
A,34572,39468,7763,0[CR],3007053234
F,39476,13091,7763,0[CR],3007053671
C,13110,1002,7763,0[CR],3007054000
F,39504,13088,7763,0[CR],3007054437
C,13098,1002,7783,68[CR],3007054875
F,42376,13283,7807,68[CR],3007055203
C,13399,1008,7831,68[CR],3007055640
F,43456,13222,7856,68[CR],3007055968
C,13438,1008,7880,73[CR],3007056406
F,43256,13227,7905,57[CR],3007056734
C,13352,1004,7929,51[CR],3007057171
F,43224,13202,7953,57[CR],3007057609
C,13344,1016,7977,60[CR],3007057937
F,44288,13264,8002,57[CR],3007058375
C,13398,1008,8026,60[CR],3007058703
F,45056,13258,8050,60[CR],3007059140
A,34536,45408,8074,64[CR],3007059468
F,45496,13232,8098,64[CR],3007059906
C,13391,1026,8123,64[CR],3007060343
F,45584,13291,8148,68[CR],3007060671
C,13433,1034,8172,64[CR],3007061109
F,46304,13301,8197,68[CR],3007061437
C,13465,1050,8221,68[CR],3007061875
F,45528,13259,8245,54[CR],3007062203
C,13408,1064,8270,54[CR],3007062640
F,45672,13284,8294,57[CR],3007063078
C,13349,1062,8319,57[CR],3007063406
F,46000,13287,8342,60[CR],3007063843
C,13405,1070,8366,60[CR],3007064171
F,47640,13227,8391,64[CR],3007064609
C,13436,1062,8416,64[CR],3007064937
F,45736,13257,8441,64[CR],3007065375
A,34532,47056,8465,64[CR],3007065812
F,47272,13292,8490,64[CR],3007066140
C,13375,1068,8514,64[CR],3007066578
F,44904,13269,8538,64[CR],3007066906
C,13418,1076,8562,64[CR],3007067343
F,47312,13318,8586,54[CR],3007067671
C,13494,1066,8611,54[CR],3007068109
F,46768,13314,8635,57[CR],3007068546
C,13497,1078,8660,60[CR],3007068875
F,48560,13333,8684,57[CR],3007069312
C,13449,1086,8708,60[CR],3007069640
F,47968,13291,8733,60[CR],3007070078
C,13410,1078,8757,60[CR],3007070406
F,45912,13300,8782,64[CR],3007070843
C,13398,1066,8806,60[CR],3007071281
F,47496,13281,8831,64[CR],3007071609
A,34508,47784,8855,64[CR],3007072046
F,48280,13292,8879,68[CR],3007072375
C,13481,1086,8903,68[CR],3007072812
F,47160,13273,8927,68[CR],3007073140
C,13381,1110,8952,60[CR],3007073578
F,47128,13325,8976,57[CR],3007074015
C,13480,1134,9001,57[CR],3007074343
F,48656,13334,9025,57[CR],3007074781
C,13495,1128,9049,60[CR],3007075109
F,47920,13272,9074,60[CR],3007075546
C,13444,1130,9098,64[CR],3007075875
F,48672,13317,9123,60[CR],3007076312
C,13499,1140,9147,60[CR],3007076750
F,48416,13326,9171,64[CR],3007077078
C,13461,1142,9196,64[CR],3007077515
F,47336,13300,9220,68[CR],3007077843
A,34480,47976,9244,64[CR],3007078281
F,48408,13307,9269,68[CR],3007078609
C,13468,1142,9293,60[CR],3007079046
F,48936,13338,9317,51[CR],3007079484
C,13472,1142,9342,57[CR],3007079812
F,47512,13239,9366,60[CR],3007080250
C,13428,1142,9390,57[CR],3007080578
F,47648,13320,9415,60[CR],3007081015
C,13497,1134,9439,60[CR],3007081343
F,49488,13327,9464,60[CR],3007081781
C,13459,1146,9488,60[CR],3007082218
F,48568,13337,9512,64[CR],3007082546
C,13488,1138,9537,64[CR],3007082984
F,49136,13298,9561,64[CR],3007083312
C,13514,1136,9585,68[CR],3007083750
F,49336,13318,9610,68[CR],3007084078
A,34488,48632,9634,68[CR],3007084515
F,48808,13274,9658,51[CR],3007084843
C,13500,1128,9682,60[CR],3007085281
F,49904,13341,9707,57[CR],3007085718
C,13560,1134,9729,29[CR],3007086046
F,49192,13342,9732,3[CR],3007086484
C,13463,1144,9732,1[CR],3007086812
F,46864,13197,9732,0[CR],3007087250
C,13284,1144,9732,0[CR],3007087687
F,46344,13183,9732,0[CR],3007088015
C,13259,1146,9732,0[CR],3007088453
F,46032,13157,9732,0[CR],3007088781
C,13187,1140,9732,0[CR],3007089218
F,45056,13152,9732,0[CR],3007089546
C,13257,1150,9732,0[CR],3007089984
F,45792,13165,9732,0[CR],3007090421
Z,0,0,9732,0[CR],3007090968
Z,0,0,9732,0[CR],3007091515
Z,0,0,9732,0[CR],3007091953
Z,0,0,9732,0[CR],3007092500
Z,0,0,9732,0[CR],3007092937
Z,0,0,9732,0[CR],3007093484
Z,0,0,9732,0[CR],3007093921
Z,0,0,9732,0[CR],3007094468
Z,0,0,9732,0[CR],3007095015
Z,0,0,9732,0[CR],3007095453
Z,0,0,9732,0[CR],3007096000
Z,0,0,9732,0[CR],3007096437
Z,0,0,9732,0[CR],3007096984
Z,0,0,9732,0[CR],3007097531
Z,0,0,9732,0[CR],3007097968
Z,0,0,9732,0[CR],3007098515
Z,0,0,9732,0[CR],3007098953
Z,0,0,9732,0[CR],3007099500
Z,0,0,9732,0[CR],3007099937
Z,0,0,9732,0[CR],3007100484
Z,0,0,9732,0[CR],3007100921
Z,0,0,9732,0[CR],3007101468
Z,0,0,9732,0[CR],3007101906
J,19518,23012,9732,0[CR],3007102343
Z,0,0,9732,0[CR],3007102890
Z,0,0,9732,0[CR],3007103328
Z,0,0,9732,0[CR],3007103875
Z,0,0,9732,0[CR],3007104421
Z,0,0,9732,0[CR],3007104859
Z,0,0,9732,0[CR],3007105406
Z,0,0,9732,0[CR],3007105843
Z,0,0,9732,0[CR],3007106390
Z,0,0,9732,0[CR],3007106828
Z,0,0,9732,0[CR],3007107375
Z,0,0,9732,0[CR],3007107921
Z,0,0,9732,0[CR],3007108359
Z,0,0,9732,0[CR],3007108906
Z,0,0,9732,0[CR],3007109343
Z,0,0,9732,54[CR],3007109890
Z,0,0,9732,49[CR],3007110437
Z,0,0,9732,49[CR],3007110875
Z,0,0,9732,43[CR],3007111421
Z,0,0,9745,25[CR],3007111421
C,13071,1154,9747,18[CR],3007111859
F,43464,13113,9750,9[CR],3007112296
C,13295,1152,9750,2[CR],3007112625
F,45496,13180,9750,1[CR],3007113062
C,13272,1154,9750,0[CR],3007113390
F,45272,13168,9750,0[CR],3007113828
C,13245,1152,9750,0[CR],3007114156
F,45096,13163,9750,0[CR],3007114593
C,13238,1150,9750,0[CR],3007115031
F,44936,13161,9750,0[CR],3007115359
A,34336,44848,9758,11[CR],3007115796
F,48104,13332,9759,2[CR],3007116125
C,13426,1150,9759,1[CR],3007116562
F,48008,13211,9759,0[CR],3007116890
C,13330,1146,9759,0[CR],3007117328
F,47408,13197,9759,0[CR],3007117765
C,13304,1150,9759,0[CR],3007118093
F,46936,13189,9759,0[CR],3007118531
C,13285,1138,9759,0[CR],3007118859
F,46624,13184,9759,0[CR],3007119296
C,13275,1150,9759,0[CR],3007119625
F,46384,13179,9766,43[CR],3007120062
C,13264,1146,9789,57[CR],3007120500
F,49616,13442,9813,60[CR],3007120828
C,13471,1148,9838,64[CR],3007121265
F,49256,13382,9863,64[CR],3007121593
A,34376,49368,9887,60[CR],3007122031
F,47864,13341,9912,64[CR],3007122359
C,13472,1156,9936,64[CR],3007122796
F,49768,13342,9961,64[CR],3007123125
C,13549,1166,9985,64[CR],3007123562
F,49680,13306,10010,64[CR],3007124000
C,13499,1150,10034,64[CR],3007124328
F,49816,13322,10059,68[CR],3007124765
C,13510,1148,10084,73[CR],3007125093
F,51320,13373,10108,68[CR],3007125531
C,13515,1156,10133,68[CR],3007125859
F,50272,13281,10157,54[CR],3007126296
C,13545,1156,10182,57[CR],3007126734
F,49888,13338,10207,57[CR],3007127062
C,13469,1156,10231,54[CR],3007127500
F,50104,13385,10256,60[CR],3007127828
A,34316,50712,10281,60[CR],3007128265
F,51216,13341,10305,60[CR],3007128593
C,13523,1172,10330,60[CR],3007129031
F,49968,13313,10354,60[CR],3007129468
C,13627,1176,10379,64[CR],3007129796
F,50504,13310,10404,60[CR],3007130234
C,13571,1168,10429,64[CR],3007130562
F,50888,13358,10454,64[CR],3007131000
C,13517,1180,10478,64[CR],3007131328
F,50528,13374,10503,64[CR],3007131765
C,13551,1182,10527,64[CR],3007132203
F,52040,13380,10552,64[CR],3007132531
C,13524,1198,10576,64[CR],3007132968
F,51808,13301,10600,68[CR],3007133296
C,13523,1216,10625,68[CR],3007133734
F,50088,13325,10649,68[CR],3007134062
A,34288,51792,10673,54[CR],3007134500
F,52480,13369,10698,60[CR],3007134937
C,13568,1196,10723,60[CR],3007135265
F,50632,13356,10747,60[CR],3007135703
C,13616,1226,10772,60[CR],3007136031
F,51944,13370,10796,60[CR],3007136468
C,13552,1214,10821,60[CR],3007136796
F,50680,13381,10845,60[CR],3007137234
C,13572,1228,10869,64[CR],3007137671
F,51920,13378,10894,64[CR],3007138000
C,13528,1218,10918,64[CR],3007138437
F,51592,13366,10943,68[CR],3007138765
C,13579,1248,10967,64[CR],3007139203
F,52232,13398,10991,64[CR],3007139640
C,13552,1242,11016,68[CR],3007139968
F,51448,13306,11040,60[CR],3007140406
A,34308,51144,11065,51[CR],3007140734
F,51800,13336,11089,60[CR],3007141093
C,13615,1240,11113,57[CR],3007141500
F,52728,13396,11138,60[CR],3007141937
C,13593,1264,11162,60[CR],3007142375
F,50568,13345,11187,60[CR],3007142703
C,13603,1294,11211,60[CR],3007143140
F,52976,13380,11236,60[CR],3007143468
C,13565,1280,11260,64[CR],3007143906
F,52856,13346,11285,64[CR],3007144234
C,13641,1276,11309,64[CR],3007144671
F,51888,13350,11334,68[CR],3007145109
C,13585,1292,11358,64[CR],3007145437
F,51600,13385,11382,64[CR],3007145875
C,13603,1292,11406,68[CR],3007146203
F,54184,13414,11431,51[CR],3007146640
A,34292,52872,11455,57[CR],3007146968
F,51608,13379,11480,60[CR],3007147406
C,13532,1292,11504,60[CR],3007147843
F,52920,13401,11529,60[CR],3007148203
C,13587,1294,11553,60[CR],3007148609
F,53392,13395,11578,64[CR],3007148937
C,13643,1286,11602,64[CR],3007149375
F,52040,13390,11626,64[CR],3007149703
C,13647,1312,11651,64[CR],3007150140
F,54544,13371,11675,64[CR],3007150578
C,13591,1294,11700,68[CR],3007150906
F,52432,13321,11724,68[CR],3007151343
C,13625,1286,11732,4[CR],3007151671
F,53688,13290,11732,1[CR],3007152109
C,13383,1294,11732,0[CR],3007152437
F,49888,13217,11732,0[CR],3007152875
A,34300,49560,11732,0[CR],3007153312
F,49432,13207,11732,0[CR],3007153640
C,13299,1292,11732,0[CR],3007154078
F,49160,13180,11732,0[CR],3007154406
C,13234,1298,11732,0[CR],3007154843
F,48040,13178,11732,0[CR],3007155171
C,13227,1294,11732,0[CR],3007155609
F,49000,13196,11732,0[CR],3007155937
C,13272,1286,11732,0[CR],3007156375
F,48552,13189,11732,0[CR],3007156921
Z,0,0,11732,0[CR],3007157359
Z,0,0,11732,0[CR],3007157906
Z,0,0,11732,0[CR],3007158343
Z,0,0,11732,0[CR],3007158890
Z,0,0,11732,0[CR],3007159328
Z,0,0,11732,0[CR],3007159875
Z,0,0,11732,0[CR],3007160421
Z,0,0,11732,0[CR],3007160859
Z,0,0,11732,0[CR],3007161406
Z,0,0,11732,0[CR],3007161843
Z,0,0,11732,0[CR],3007162390
Z,0,0,11732,0[CR],3007162828
Z,0,0,11732,0[CR],3007163375
Z,0,0,11732,0[CR],3007163921
Z,0,0,11732,0[CR],3007164359
Z,0,0,11732,0[CR],3007164906
Z,0,0,11732,0[CR],3007165343
Z,0,0,11732,0[CR],3007165890
Z,0,0,11732,0[CR],3007166437
Z,0,0,11732,0[CR],3007166875
Z,0,0,11732,0[CR],3007167421
Z,0,0,11732,0[CR],3007167859
Z,0,0,11732,0[CR],3007168406
Z,0,0,11732,0[CR],3007168843
Z,0,0,11732,0[CR],3007169390
Z,0,0,11732,0[CR],3007169937
Z,0,0,11732,0[CR],3007170375
Z,0,0,11732,0[CR],3007170921
Z,0,0,11732,0[CR],3007171359
Z,0,0,11732,0[CR],3007171906
Z,0,0,11732,0[CR],3007172343
Z,0,0,11732,0[CR],3007172890
Z,0,0,11732,0[CR],3007173437
Z,0,0,11732,0[CR],3007173875
Z,0,0,11732,0[CR],3007174421
Z,0,0,11732,0[CR],3007174859
Z,0,0,11732,0[CR],3007175406
Z,0,0,11732,0[CR],3007175843
Z,0,0,11732,0[CR],3007176390
Z,0,0,11732,0[CR],3007176828
Z,0,0,11732,79[CR],3007177375
Z,0,0,11732,86[CR],3007177921
Z,0,0,11748,12[CR],3007178250
F,46032,13131,11752,4[CR],3007178593
C,13364,1288,11752,1[CR],3007179015
F,48856,13220,11752,1[CR],3007179453
C,13306,1294,11752,0[CR],3007179781
F,48288,13207,11752,0[CR],3007180218
C,13273,1290,11752,0[CR],3007180546
F,48000,13199,11752,0[CR],3007180984
C,13257,1302,11761,22[CR],3007181421
F,47808,13448,11761,2[CR],3007181750
C,13489,1294,11761,2[CR],3007182187
F,51440,13261,11761,1[CR],3007182515
C,13336,1292,11761,0[CR],3007182953
F,50272,13229,11761,0[CR],3007183281
C,13294,1292,11761,0[CR],3007183718
F,49640,13213,11761,0[CR],3007184156
A,34204,49352,11761,0[CR],3007184484
F,49248,13202,11761,0[CR],3007184921
C,13253,1292,11777,54[CR],3007185250
F,51872,13429,11802,57[CR],3007185687
C,13621,1292,11826,57[CR],3007186015
F,54416,13391,11850,60[CR],3007186453
C,13618,1284,11874,60[CR],3007186890
F,51120,13359,11898,60[CR],3007187218
C,13616,1296,11922,68[CR],3007187656
F,53968,13390,11946,68[CR],3007187984
C,13622,1294,11970,68[CR],3007188421
F,52544,13383,11994,68[CR],3007188750
C,13537,1300,12018,51[CR],3007189187
F,53128,13383,12042,57[CR],3007189625
C,13610,1294,12067,57[CR],3007189953
F,54104,13379,12091,57[CR],3007190390
A,34136,53736,12115,60[CR],3007190718
F,52808,13367,12140,64[CR],3007191156
C,13598,1302,12163,60[CR],3007191593
F,52752,13392,12188,64[CR],3007191921
C,13631,1298,12212,68[CR],3007192359
F,54504,13395,12236,68[CR],3007192687
C,13676,1308,12260,68[CR],3007193125
F,53072,13394,12285,68[CR],3007193453
C,13562,1306,12309,57[CR],3007193890
F,53504,13426,12333,54[CR],3007194328
C,13685,1306,12358,57[CR],3007194656
F,53376,13441,12382,57[CR],3007195093
C,13649,1324,12406,60[CR],3007195421
F,55872,13442,12430,60[CR],3007195859
C,13847,1318,12455,60[CR],3007196187
F,55352,13435,12479,64[CR],3007196625
A,34164,53544,12503,64[CR],3007197062
F,53248,13412,12528,64[CR],3007197390
C,13529,1364,12552,64[CR],3007197828
F,53192,13398,12576,68[CR],3007198156
C,13588,1350,12600,68[CR],3007198593
F,53536,13401,12625,68[CR],3007198921
C,13561,1370,12649,60[CR],3007199359
F,53944,13397,12673,60[CR],3007199796
C,13605,1354,12697,60[CR],3007200125
F,52416,13362,12722,57[CR],3007200562
C,13654,1370,12746,57[CR],3007200890
F,53408,13373,12771,57[CR],3007201328
C,13716,1366,12795,60[CR],3007201656
F,53832,13442,12820,60[CR],3007202093
C,13810,1382,12844,64[CR],3007202531
F,53112,13490,12868,64[CR],3007202859
A,34152,53840,12892,64[CR],3007203296
F,54376,13468,12916,68[CR],3007203625
C,13642,1380,12941,68[CR],3007204062
F,54424,13461,12965,68[CR],3007204390
C,13556,1368,12989,54[CR],3007204828
F,53448,13413,13014,54[CR],3007205265
C,13605,1376,13038,60[CR],3007205593
F,55608,13382,13063,60[CR],3007206031
C,13675,1384,13087,57[CR],3007206359
F,55264,13359,13111,64[CR],3007206796
C,13692,1376,13136,64[CR],3007207125
F,56864,13430,13160,64[CR],3007207562
C,13728,1410,13184,64[CR],3007208000
F,58344,13463,13208,64[CR],3007208328
C,13754,1390,13233,64[CR],3007208765
F,56552,13480,13257,68[CR],3007209093
A,34152,57240,13281,68[CR],3007209531
F,57120,13480,13306,68[CR],3007209859
C,13736,1438,13330,51[CR],3007210296
F,55144,13441,13354,54[CR],3007210625
C,13773,1438,13379,60[CR],3007211062
F,57856,13464,13403,60[CR],3007211500
C,13692,1438,13427,60[CR],3007211828
F,57144,13433,13452,60[CR],3007212265
C,13662,1440,13476,60[CR],3007212593
F,56952,13434,13501,60[CR],3007213031
C,13743,1448,13525,64[CR],3007213359
F,57040,13401,13549,64[CR],3007213796
C,13717,1446,13573,64[CR],3007214234
F,55568,13413,13598,68[CR],3007214562
C,13691,1444,13622,68[CR],3007215000
F,57712,13410,13646,68[CR],3007215328
A,34140,57704,13670,49[CR],3007215765
F,56480,13401,13695,57[CR],3007216125
C,13660,1448,13719,60[CR],3007216531
F,58048,13467,13732,6[CR],3007216968
C,13877,1450,13732,1[CR],3007217296
F,55368,13278,13732,1[CR],3007217734
C,13513,1446,13732,0[CR],3007218062
F,53536,13251,13732,0[CR],3007218500
C,13470,1466,13732,0[CR],3007218828
F,52168,13219,13732,0[CR],3007219265
C,13393,1448,13732,0[CR],3007219703
F,51744,13210,13732,0[CR],3007220031
C,13447,1446,13732,0[CR],3007220578
Z,0,0,13732,0[CR],3007221015
Z,0,0,13732,0[CR],3007221562
Z,0,0,13732,0[CR],3007222000
Z,0,0,13732,0[CR],3007222437
M,54568,13930,13732,0[CR],3007222875
Z,0,0,13732,0[CR],3007223421
Z,0,0,13732,0[CR],3007223859
Z,0,0,13732,0[CR],3007224406
Z,0,0,13732,0[CR],3007224953
Z,0,0,13732,0[CR],3007225390
Z,0,0,13732,0[CR],3007225937
Z,0,0,13732,0[CR],3007226375
Z,0,0,13732,0[CR],3007226921
Z,0,0,13732,0[CR],3007227359
Z,0,0,13732,0[CR],3007227906
Z,0,0,13732,0[CR],3007228453
Z,0,0,13732,0[CR],3007228890
Z,0,0,13732,0[CR],3007229437
Z,0,0,13732,0[CR],3007229875
Z,0,0,13732,0[CR],3007230421
Z,0,0,13732,0[CR],3007230859
Z,0,0,13732,0[CR],3007231406
Z,0,0,13732,0[CR],3007231953
Z,0,0,13732,0[CR],3007232390
Z,0,0,13732,0[CR],3007232937
Z,0,0,13732,0[CR],3007233375
Z,0,0,13732,0[CR],3007233921
Z,0,0,13732,0[CR],3007234359
Z,0,0,13732,0[CR],3007234906
Z,0,0,13732,0[CR],3007235453
Z,0,0,13732,0[CR],3007235890
Z,0,0,13732,0[CR],3007236437
Z,0,0,13732,0[CR],3007236875
Z,0,0,13732,0[CR],3007237421
Z,0,0,13732,0[CR],3007237859
Z,0,0,13732,0[CR],3007238406
Z,0,0,13732,0[CR],3007238953
Z,0,0,13732,0[CR],3007239390
Z,0,0,13732,0[CR],3007239937
Z,0,0,13732,0[CR],3007240375
Z,0,0,13732,0[CR],3007240921
Z,0,0,13732,0[CR],3007241359
Z,0,0,13732,103[CR],3007241906
Z,0,0,13732,68[CR],3007242453
Z,0,0,13732,79[CR],3007242890
Z,0,0,13745,24[CR],3007243437
Z,0,0,13749,3[CR],3007243437
C,13256,1448,13749,2[CR],3007243875
F,51064,13228,13749,1[CR],3007244312
C,13454,1438,13749,0[CR],3007244640
F,50472,13213,13749,0[CR],3007245078
C,13415,1452,13749,0[CR],3007245406
F,50192,13207,13749,0[CR],3007245843
C,13401,1448,13749,0[CR],3007246171
F,49960,13202,13755,30[CR],3007246609
A,34112,51504,13758,5[CR],3007247046
F,53840,13347,13758,1[CR],3007247375
C,13533,1446,13758,1[CR],3007247812
F,53032,13286,13758,0[CR],3007248140
C,13460,1448,13758,0[CR],3007248578
F,52464,13267,13758,0[CR],3007248906
C,13430,1446,13758,0[CR],3007249343
F,52160,13256,13758,0[CR],3007249781
C,13410,1434,13758,0[CR],3007250109
F,51944,13249,13762,43[CR],3007250546
C,13396,1444,13780,68[CR],3007250875
F,55344,13558,13803,54[CR],3007251312
C,13716,1448,13828,54[CR],3007251640
F,57448,13474,13853,60[CR],3007252078
C,13763,1454,13876,60[CR],3007252515
F,54680,13445,13900,57[CR],3007252843
A,34064,54176,13924,64[CR],3007253281
F,54432,13406,13948,64[CR],3007253609
C,13572,1438,13971,64[CR],3007254046
F,55176,13407,13995,68[CR],3007254375
C,13797,1450,14019,64[CR],3007254812
F,54760,13381,14043,51[CR],3007255250
C,13744,1456,14067,57[CR],3007255578
F,55112,13394,14091,57[CR],3007256015
C,13752,1462,14115,57[CR],3007256343
F,56432,13480,14139,60[CR],3007256781
C,13763,1462,14163,60[CR],3007257109
F,56016,13419,14187,60[CR],3007257546
C,13709,1454,14211,68[CR],3007257984
F,55536,13388,14235,64[CR],3007258312
C,13695,1456,14258,60[CR],3007258750
F,56240,13446,14282,51[CR],3007259078
A,34064,57456,14306,57[CR],3007259515
F,56184,13432,14330,60[CR],3007259843
C,13829,1462,14354,60[CR],3007260281
F,56208,13434,14378,60[CR],3007260718
C,13799,1460,14402,64[CR],3007261046
F,56872,13452,14425,68[CR],3007261484
C,13749,1472,14449,64[CR],3007261812
F,58240,13486,14473,68[CR],3007262250
C,13879,1450,14497,60[CR],3007262578
F,55584,13511,14521,57[CR],3007263015
C,13813,1456,14545,54[CR],3007263453
F,57784,13510,14569,57[CR],3007263781
C,13877,1464,14592,60[CR],3007264218
F,56088,13498,14616,64[CR],3007264546
C,13791,1468,14640,64[CR],3007264984
F,55960,13516,14664,64[CR],3007265312
A,34016,58064,14687,57[CR],3007265750
F,56784,13466,14711,51[CR],3007266187
C,13696,1498,14735,57[CR],3007266515
F,56376,13458,14759,60[CR],3007266953
C,13745,1494,14783,60[CR],3007267281
F,58176,13453,14807,60[CR],3007267718
C,13755,1500,14831,60[CR],3007268046
F,57224,13428,14855,64[CR],3007268484
C,13688,1530,14878,68[CR],3007268921
F,56608,13472,14902,68[CR],3007269250
C,13680,1530,14926,57[CR],3007269687
F,56392,13453,14950,57[CR],3007270015
C,13705,1514,14974,57[CR],3007270453
F,57992,13481,14998,57[CR],3007270781
C,13833,1540,15022,64[CR],3007271218
F,57968,13432,15046,60[CR],3007271656
A,34020,57640,15069,64[CR],3007271984
F,58800,13500,15093,68[CR],3007272359
C,13855,1536,15117,64[CR],3007272750
F,59392,13488,15141,64[CR],3007273187
C,13862,1534,15165,57[CR],3007273625
F,59024,13503,15189,57[CR],3007273953
C,13789,1534,15213,60[CR],3007274390
F,58432,13492,15237,60[CR],3007274718
C,13789,1536,15261,60[CR],3007275156
F,58344,13496,15284,64[CR],3007275484
C,13798,1550,15308,64[CR],3007275921
F,60752,13506,15332,64[CR],3007276359
C,13821,1552,15356,57[CR],3007276687
F,59856,13417,15380,54[CR],3007277125
C,13883,1552,15404,57[CR],3007277453
F,59672,13482,15428,57[CR],3007277890
A,34012,60824,15452,60[CR],3007278218
F,61664,13496,15475,64[CR],3007278656
C,13863,1602,15499,64[CR],3007279093
F,59176,13500,15523,64[CR],3007279421
C,13884,1602,15547,64[CR],3007279859
F,60728,13504,15570,54[CR],3007280187
C,13876,1598,15594,51[CR],3007280625
F,60280,13561,15618,57[CR],3007280953
C,13944,1594,15642,60[CR],3007281390
F,61464,13520,15667,60[CR],3007281828
C,13866,1598,15690,60[CR],3007282156
F,60728,13533,15714,60[CR],3007282593
C,13890,1606,15732,19[CR],3007282921
F,63096,13511,15732,2[CR],3007283359
C,13847,1604,15732,1[CR],3007283687
F,59176,13323,15732,0[CR],3007284125
A,34004,57880,15732,0[CR],3007284562
F,57544,13296,15732,0[CR],3007284890
C,13620,1602,15732,0[CR],3007285328
F,56960,13284,15732,0[CR],3007285656
C,13557,1596,15732,0[CR],3007286093
F,55920,13268,15732,0[CR],3007286421
C,13533,1604,15732,0[CR],3007286859
F,56648,13279,15732,0[CR],3007287296
C,13597,1600,15732,0[CR],3007287625
F,56104,13270,15732,0[CR],3007288171
Z,0,0,15732,0[CR],3007288609
Z,0,0,15732,0[CR],3007289156
Z,0,0,15732,0[CR],3007289593
Z,0,0,15732,0[CR],3007290140
Z,0,0,15732,0[CR],3007290687
Z,0,0,15732,0[CR],3007291125
Z,0,0,15732,0[CR],3007291671
Z,0,0,15732,0[CR],3007292109
Z,0,0,15732,0[CR],3007292656
Z,0,0,15732,0[CR],3007293093
Z,0,0,15732,0[CR],3007293640
Z,0,0,15732,0[CR],3007294187
Z,0,0,15732,0[CR],3007294625
Z,0,0,15732,0[CR],3007295171
Z,0,0,15732,0[CR],3007295609
Z,0,0,15732,0[CR],3007296156
Z,0,0,15732,0[CR],3007296593
Z,0,0,15732,0[CR],3007297140
Z,0,0,15732,0[CR],3007297687
Z,0,0,15732,0[CR],3007298125
Z,0,0,15732,0[CR],3007298234
A,16538,40232,15732,0[CR],3007298781
Z,0,0,15732,0[CR],3007299218
Z,0,0,15732,0[CR],3007299328
F,54040,13226,15732,0[CR],3007299875
Z,0,0,15732,0[CR],3007300312
Z,0,0,15732,0[CR],3007300859
Z,0,0,15732,0[CR],3007301406
Z,0,0,15732,0[CR],3007301843
Z,0,0,15732,0[CR],3007302390
Z,0,0,15732,0[CR],3007302828
Z,0,0,15732,0[CR],3007303375
Z,0,0,15732,0[CR],3007303812
Z,0,0,15732,0[CR],3007304359
Z,0,0,15732,0[CR],3007304906
Z,0,0,15732,0[CR],3007305343
Z,0,0,15732,0[CR],3007305890
Z,0,0,15732,0[CR],3007306328
Z,0,0,15732,0[CR],3007306875
Z,0,0,15732,0[CR],3007307312
Z,0,0,15732,0[CR],3007307859
Z,0,0,15732,0[CR],3007308406
Z,0,0,15732,0[CR],3007308843
Z,0,0,15732,0[CR],3007309390
Z,0,0,15732,0[CR],3007309828
Z,0,0,15732,0[CR],3007310375
Z,0,0,15732,0[CR],3007310812
Z,0,0,15732,44[CR],3007311359
Z,0,0,15732,38[CR],3007311906
Z,0,0,15732,28[CR],3007312343
Z,0,0,15732,30[CR],3007312671
F,53008,13208,15738,25[CR],3007313000
C,13348,1600,15744,15[CR],3007313437
F,52960,13289,15746,4[CR],3007313765
C,13600,1584,15746,1[CR],3007314203
F,54440,13268,15746,0[CR],3007314640
C,13591,1602,15746,0[CR],3007314968
F,54192,13257,15746,0[CR],3007315406
A,33956,54056,15746,0[CR],3007315734
F,53992,13254,15746,0[CR],3007316171
C,13557,1606,15746,0[CR],3007316500
F,53880,13250,15746,0[CR],3007316937
C,13548,1590,15751,19[CR],3007317375
F,53768,13365,15752,2[CR],3007317703
C,13906,1602,15752,1[CR],3007318140
F,57344,13332,15752,0[CR],3007318468
C,13717,1604,15752,0[CR],3007318906
F,56664,13309,15752,0[CR],3007319234
C,13678,1604,15753,0[CR],3007319671
F,56112,13299,15753,0[CR],3007320109
C,13649,1600,15753,0[CR],3007320437
F,55760,13292,15753,0[CR],3007320875
C,13630,1602,15753,0[CR],3007321203
F,55464,13287,15758,21[CR],3007321640
A,33952,56688,15779,57[CR],3007321968
F,59272,13622,15803,54[CR],3007322406
C,13894,1602,15827,57[CR],3007322843
F,59880,13544,15850,60[CR],3007323171
C,13867,1604,15874,57[CR],3007323609
F,60016,13587,15898,60[CR],3007323937
C,13931,1586,15922,64[CR],3007324375
F,62232,13576,15946,64[CR],3007324703
C,14014,1606,15969,64[CR],3007325140
F,63600,13591,15993,51[CR],3007325578
C,14171,1604,16017,57[CR],3007325906
F,64832,13617,16041,60[CR],3007326343
C,14040,1616,16065,60[CR],3007326671
F,62304,13563,16085,38[CR],3007327109
C,13902,1610,16086,3[CR],3007327437
F,59656,13379,16086,1[CR],3007327875
A,33904,58160,16086,0[CR],3007328312
F,57776,13330,16086,0[CR],3007328656
C,13636,1612,16086,0[CR],3007329078
F,57064,13312,16086,0[CR],3007329406
C,13612,1604,16086,0[CR],3007329843
F,56600,13301,16086,0[CR],3007330171
C,13594,1602,16086,0[CR],3007330609
F,56224,13292,16086,0[CR],3007331046
C,13579,1604,16086,0[CR],3007331375
F,55888,13287,16086,0[CR],3007331812
C,13566,1614,16086,0[CR],3007332140
F,55576,13283,16086,0
<PAUSE BUTTON 08:31:16>
[CR],3007332578
>
Reset interface. Wait time for interface: 110
>
Reset interface. Wait time for interface: 47DOFF
OK
>
Command: DOFF Wait time for interface: 109

>
Reset interface. Wait time for interface: 109CLEAR
OK
>
Command: CLEAR Wait time for interface: 109

<END BUTTON 08:37:52>

------------------- Begin end zero test --------------------
>
Reset interface. Wait time for interface: 78SCANG
Z,0,0,0,0
Z,0,0,0,0[CR],3007734140
Z,0,0,0,0[CR],3007734687
Z,0,0,0,0[CR],3007735125
Z,0,0,0,0[CR],3007735234
F,12143,12701,0,0[CR],3007735671
C,12078,7160,0,0[CR],3007736109
F,12134,12699,0,0[CR],3007736437
C,12079,7326,0,0[CR],3007736875
F,12137,12699,0,0[CR],3007737203
C,12079,6394,0,0[CR],3007737671
F,12137,12699,0,0[CR],3007738000
C,12079,6442,0,0[CR],3007738437
F,12135,12700,0,0[CR],3007738796
C,12078,6650,0,0[CR],3007739234
F,12134,12699,0,0[CR],3007739562
C,12079,6526,0,0[CR],3007740015
F,12126,12700,0,0[CR],3007740343
A,34036,12128,0,0[CR],3007740812
F,12112,12701,0,0[CR],3007741140
C,12079,6518,0,0[CR],3007741593
F,12121,12701,0,0[CR],3007741921
C,12079,6604,0,0[CR],3007742359
F,12120,12701,0,0[CR],3007742703
C,12079,6492,0,0[CR],3007743140
F,12122,12702,0,0[CR],3007743468
C,12079,7262,0,0[CR],3007743906
F,12115,12700,0,0[CR],3007744234
C,12080,6790,0,0[CR],3007744671
F,12122,12701,0,0[CR],3007745000
C,12078,7022,0,0[CR],3007745437
F,12122,12701,0,0[CR],3007745875
C,12079,6840,0,0[CR],3007746093
>
Reset interface. Wait time for interface: 47

======== END OF TEST ========


