CPT-log version: 5.22
======== BEGIN OF TEST ========
DATE 27.09.2022

<Transmited Data>
<NEW BUTTON 10:31:10>
[^C][CR]
[^C][CR]
[^C][CR]
CLEAR[CR]
[^C][CR]
DOFF[CR]
[^C][CR]
SCANG[CR]
[^C][CR]
[^C][CR]
CLEAR[CR]

<START BUTTON 10:42:47>
[^C][CR]
[^C][CR]
DRON[CR]
SCANG[CR]

<PAUSE BUTTON 10:54:17>
[^C][CR]
[^C][CR]
DOFF[CR]
[^C][CR]
CLEAR[CR]

<END BUTTON 11:00:37>
[^C][CR]
SCANG[CR]
[^C][CR]


<Received Data>
<NEW BUTTON 10:31:10>

>
Reset interface. Wait time for interface: 110
>
Reset interface. Wait time for interface: 109
>
Reset interface. Wait time for interface: 109CLEAR
OK
>
Command: CLEAR Wait time for interface: 110

>
Reset interface. Wait time for interface: 109DOFF
OK
>
Command: DOFF Wait time for interface: 110

>
Reset interface. Wait time for interface: 32SCANG
Z,0,0,0,0
Z,0,0,0,0[CR],3015021281
Z,0,0,0,0[CR],3015021828
Z,0,0,0,0[CR],3015022375
Z,0,0,0,0[CR],3015022484
C,12095,12343,0,0[CR],3015022921
F,12059,12656,0,0[CR],3015023250
C,12097,11529,0,0[CR],3015023687
F,12064,12656,0,0[CR],3015024125
C,12096,10727,0,0[CR],3015024468
F,12060,12656,0,0[CR],3015024828
C,12096,12068,0,0[CR],3015025265
F,12061,12656,0,0[CR],3015025609
C,12096,10315,0,0[CR],3015026062
F,12067,12654,0,0[CR],3015026406
C,12096,10561,0,0[CR],3015026859
F,12061,12656,0,0[CR],3015027203
C,12096,10310,0,0[CR],3015027656
F,12060,12655,0,0[CR],3015028000
A,36248,12058,0,0[CR],3015028343
F,12050,12656,0,0[CR],3015028781
C,12096,10377,0,0[CR],3015029015
>
Reset interface. Wait time for interface: 125
>
Reset interface. Wait time for interface: 63CLEAR
OK
>
Command: CLEAR Wait time for interface: 109

<START BUTTON 10:42:47>

>
Reset interface. Wait time for interface: 109
>
Reset interface. Wait time for interface: 110DRON
OK
>
Command: DRON Wait time for interface: 109
SCANG
Z,0,0,0,0
F,13515,16660,0,0[CR],3015224843
C,19386,298,0,0[CR],3015225281
F,13508,16646,0,0[CR],3015225609
C,19368,302,0,0[CR],3015226046
F,13506,16670,0,0[CR],3015226375
C,19346,304,0,0[CR],3015226812
F,13509,16678,0,0[CR],3015227250
C,19330,298,0,0[CR],3015227578
F,13506,16680,0,0[CR],3015228015
A,35832,13505,0,0[CR],3015228343
F,13486,16690,0,0[CR],3015228781
C,19288,290,0,0[CR],3015229109
F,13501,16688,0,0[CR],3015229546
C,19276,296,0,0[CR],3015229984
F,13500,16700,0,0[CR],3015230312
C,19266,300,0,0[CR],3015230750
F,13505,16710,0,0[CR],3015231078
C,19242,304,0,0[CR],3015231515
F,13495,16708,0,0[CR],3015231843
C,19236,286,0,0[CR],3015232281
F,13500,16714,0,0[CR],3015232718
C,19224,312,0,0[CR],3015233046
F,13503,16722,0,0[CR],3015233484
C,19208,300,0,0[CR],3015233812
F,13494,16718,0,0[CR],3015234250
A,35800,13489,0,0[CR],3015234578
F,13478,16740,0,0[CR],3015235015
C,19180,290,0,0[CR],3015235453
F,13491,16724,0,0[CR],3015235781
C,19168,288,0,0[CR],3015236218
F,13487,16740,0,0[CR],3015236546
C,19162,304,0,0[CR],3015236984
F,13490,16756,0,0[CR],3015237312
C,19140,310,0,0[CR],3015237750
F,13493,16722,0,0[CR],3015238187
C,19132,310,0,0[CR],3015238515
F,13490,16752,0,0[CR],3015238953
C,19120,302,0,0[CR],3015239281
F,13491,16752,0,0[CR],3015239718
C,19112,296,0,0[CR],3015240046
F,13492,16754,0,0[CR],3015240484
A,35788,13485,0,0[CR],3015240921
F,13475,16772,0,0[CR],3015241250
C,19092,300,0,0[CR],3015241687
F,13482,16766,0,0[CR],3015242015
C,19086,300,0,0[CR],3015242453
F,13488,16776,0,0[CR],3015242781
C,19080,292,0,0[CR],3015243218
F,13485,16754,0,0[CR],3015243656
C,19068,302,0,0[CR],3015243984
F,13494,16748,0,0[CR],3015244421
C,19056,280,0,0[CR],3015244750
F,13493,16758,20,54[CR],3015245187
C,21330,284,40,54[CR],3015245515
F,13325,15662,61,44[CR],3015245953
C,21292,252,82,51[CR],3015246390
F,13341,15850,103,54[CR],3015246718
A,35768,13429,124,44[CR],3015247156
F,13456,16164,146,57[CR],3015247484
C,18124,286,167,54[CR],3015247921
F,13608,16386,188,60[CR],3015248250
C,16296,292,213,60[CR],3015248687
F,13739,16774,234,51[CR],3015249125
C,14319,290,255,54[CR],3015249453
F,14037,17288,275,44[CR],3015249890
C,13477,282,291,44[CR],3015250218
F,15313,16694,312,54[CR],3015250656
C,14795,296,333,54[CR],3015250984
F,15487,15358,354,57[CR],3015251421
C,14811,290,373,51[CR],3015251859
F,15214,15329,394,54[CR],3015252187
C,16942,274,414,49[CR],3015252625
F,14602,14712,434,51[CR],3015252953
A,35744,14163,454,57[CR],3015253390
F,14106,14826,474,49[CR],3015253718
C,18908,260,495,54[CR],3015254156
F,14125,15057,515,47[CR],3015254593
C,19056,260,536,51[CR],3015254921
F,14114,15231,557,57[CR],3015255359
C,19222,270,577,47[CR],3015255687
F,14103,15241,599,54[CR],3015256125
C,18796,262,619,57[CR],3015256453
F,14167,15280,639,51[CR],3015256890
C,17728,248,660,54[CR],3015257328
F,14318,15360,680,49[CR],3015257656
C,16528,242,701,51[CR],3015258093
F,14429,15422,721,54[CR],3015258421
C,15395,238,741,49[CR],3015258859
F,14454,15827,762,51[CR],3015259187
A,35708,14555,783,57[CR],3015259625
F,14588,16604,803,49[CR],3015260062
C,13421,272,824,51[CR],3015260390
F,15214,16666,844,60[CR],3015260828
C,13733,272,865,49[CR],3015261156
F,15956,15679,885,54[CR],3015261593
C,13740,240,905,51[CR],3015261921
F,15888,15299,926,51[CR],3015262359
C,13911,266,947,60[CR],3015262796
F,15782,14679,967,49[CR],3015263125
C,13472,260,988,54[CR],3015263562
F,15245,14890,1008,51[CR],3015263890
C,13038,268,1028,49[CR],3015264328
F,15950,14713,1048,54[CR],3015264656
C,12969,262,1068,47[CR],3015265093
F,16732,14249,1089,54[CR],3015265531
A,35672,17332,1109,47[CR],3015265859
F,17592,13514,1129,51[CR],3015266296
C,12974,264,1148,51[CR],3015266625
F,18002,13262,1168,49[CR],3015267062
C,16934,260,1187,54[CR],3015267390
F,11672,13449,1208,49[CR],3015267828
C,18226,268,1228,54[CR],3015268265
F,10449,14049,1249,57[CR],3015268593
C,17210,268,1269,51[CR],3015269031
F,10655,14741,1290,57[CR],3015269359
C,16878,258,1310,44[CR],3015269796
F,10755,14923,1331,54[CR],3015270125
C,15556,258,1352,57[CR],3015270562
F,10854,15321,1372,47[CR],3015271000
C,14133,258,1393,51[CR],3015271328
F,10934,15614,1413,57[CR],3015271765
A,35656,11106,1434,49[CR],3015272093
F,11187,15559,1455,54[CR],3015272500
C,13489,260,1474,41[CR],3015272859
F,11366,15194,1495,54[CR],3015273296
C,13493,226,1515,57[CR],3015273734
F,11591,14658,1535,49[CR],3015274062
C,13133,224,1556,54[CR],3015274500
F,11821,14147,1576,60[CR],3015274828
C,12952,218,1596,51[CR],3015275265
F,12096,13636,1617,54[CR],3015275593
C,12932,216,1637,47[CR],3015276031
F,12360,13366,1657,51[CR],3015276468
C,12879,212,1677,60[CR],3015276796
F,12653,13202,1698,49[CR],3015277234
C,12855,200,1718,57[CR],3015277562
F,12904,13243,1738,47[CR],3015278000
A,35600,13107,1744,3[CR],3015278437
F,13168,12925,1744,1[CR],3015278765
C,12617,194,1744,0[CR],3015279203
F,13237,12858,1744,0[CR],3015279531
C,12573,178,1744,0[CR],3015279968
F,13461,12834,1744,0[CR],3015280296
C,12557,190,1744,0[CR],3015280734
F,13692,12782,1744,0[CR],3015281062
C,12530,196,1744,0[CR],3015281609
Z,0,0,1744,0[CR],3015281937
C,12530,190,1744,0[CR],3015282265
F,14118,12787,1744,0[CR],3015282703
C,12526,192,1744,0[CR],3015283140
Z,0,0,1744,0[CR],3015283687
Z,0,0,1744,0[CR],3015284234
Z,0,0,1744,0[CR],3015284671
Z,0,0,1744,0[CR],3015285218
Z,0,0,1744,0[CR],3015285765
Z,0,0,1744,0[CR],3015286203
Z,0,0,1744,0[CR],3015286750
Z,0,0,1744,0[CR],3015287187
Z,0,0,1744,0[CR],3015287734
Z,0,0,1744,0[CR],3015288281
Z,0,0,1744,0[CR],3015288718
Z,0,0,1744,0[CR],3015289265
Z,0,0,1744,0[CR],3015289812
Z,0,0,1744,0[CR],3015290250
Z,0,0,1744,0[CR],3015290796
Z,0,0,1744,0[CR],3015291234
Z,0,0,1744,0[CR],3015291781
Z,0,0,1744,0[CR],3015292328
Z,0,0,1744,0[CR],3015292765
Z,0,0,1744,0[CR],3015293312
Z,0,0,1744,0[CR],3015293750
Z,0,0,1744,0[CR],3015294296
Z,0,0,1744,0[CR],3015294734
Z,0,0,1744,0[CR],3015295281
Z,0,0,1744,0[CR],3015295828
Z,0,0,1744,0[CR],3015296265
Z,0,0,1744,0[CR],3015296812
Z,0,0,1744,0[CR],3015297250
Z,0,0,1744,0[CR],3015297796
Z,0,0,1744,0[CR],3015298234
Z,0,0,1744,0[CR],3015298781
Z,0,0,1744,0[CR],3015299328
Z,0,0,1744,0[CR],3015299765
Z,0,0,1744,0[CR],3015300312
Z,0,0,1744,0[CR],3015300750
Z,0,0,1744,0[CR],3015301296
Z,0,0,1744,0[CR],3015301734
Z,0,0,1744,0[CR],3015302281
Z,0,0,1744,0[CR],3015302609
F,18492,12735,1744,0[CR],3015302937
A,35516,18576,1744,0[CR],3015303375
F,18584,12734,1744,0[CR],3015303921
Z,0,0,1744,0[CR],3015304359
Z,0,0,1744,0[CR],3015304906
Z,0,0,1744,0[CR],3015305343
Z,0,0,1744,0[CR],3015305890
Z,0,0,1744,0[CR],3015306437
Z,0,0,1744,0[CR],3015306875
Z,0,0,1744,0[CR],3015307421
Z,0,0,1744,0[CR],3015307859
Z,0,0,1744,0[CR],3015308406
Z,0,0,1744,0[CR],3015308843
F,19118,12671,1744,0[CR],3015309390
Z,0,0,1744,0[CR],3015309609
F,19104,12727,1744,0[CR],3015310046
C,12452,212,1744,0[CR],3015310375
F,19228,12731,1744,0[CR],3015310812
C,12453,200,1744,0[CR],3015311250
Z,0,0,1744,0[CR],3015311578
C,12445,210,1744,0[CR],3015312015
F,19330,12715,1744,0[CR],3015312343
C,12450,210,1744,0[CR],3015312781
F,19412,12722,1744,0[CR],3015313109
C,12447,204,1744,0[CR],3015313656
Z,0,0,1744,0[CR],3015314093
Z,0,0,1744,0[CR],3015314640
Z,0,0,1744,0[CR],3015315187
Z,0,0,1744,0[CR],3015315625
Z,0,0,1744,0[CR],3015316171
Z,0,0,1744,0[CR],3015316609
Z,0,0,1744,0[CR],3015317156
Z,0,0,1744,0[CR],3015317593
Z,0,0,1744,0[CR],3015318140
Z,0,0,1744,0[CR],3015318687
Z,0,0,1744,0[CR],3015319125
Z,0,0,1744,94[CR],3015319671
Z,0,0,1769,32[CR],3015319781
F,19786,12733,1770,12[CR],3015320218
C,12496,198,1770,2[CR],3015320546
F,20556,12913,1770,1[CR],3015320984
C,12645,204,1770,0[CR],3015321312
F,20426,12919,1770,0[CR],3015321750
A,35424,20454,1770,0[CR],3015322078
F,20458,12912,1770,0[CR],3015322515
C,12600,196,1777,31[CR],3015322953
F,20510,12918,1777,2[CR],3015323281
C,12693,206,1777,1[CR],3015323718
F,20960,13032,1777,0[CR],3015324046
C,12607,210,1777,0[CR],3015324484
F,20964,13018,1777,0[CR],3015324812
C,12586,200,1777,0[CR],3015325250
F,21030,13012,1777,0[CR],3015325687
C,12575,212,1777,0[CR],3015326015
F,21100,13010,1777,0[CR],3015326453
C,12565,206,1777,0[CR],3015326781
F,21162,13007,1777,0[CR],3015327218
C,12560,212,1777,0[CR],3015327546
F,21220,13006,1780,64[CR],3015327984
A,35372,21264,1802,51[CR],3015328421
F,21946,13588,1822,44[CR],3015328750
C,12828,200,1843,51[CR],3015329187
F,21646,13464,1863,51[CR],3015329515
C,12892,216,1883,49[CR],3015329953
F,21568,13476,1903,51[CR],3015330281
C,13129,192,1923,47[CR],3015330718
F,18306,13475,1943,51[CR],3015331156
C,12845,182,1963,54[CR],3015331484
F,18144,13470,1983,47[CR],3015331921
C,12723,182,2004,51[CR],3015332250
F,18348,13349,2024,47[CR],3015332687
C,12703,168,2044,51[CR],3015333015
F,18652,13272,2065,57[CR],3015333453
C,12705,140,2085,49[CR],3015333890
F,18790,13324,2106,51[CR],3015334218
A,35308,18828,2126,57[CR],3015334656
F,18786,13391,2147,51[CR],3015334984
C,12674,114,2167,54[CR],3015335421
F,18804,13521,2187,43[CR],3015335750
C,12686,114,2208,54[CR],3015336187
F,18866,13566,2228,54[CR],3015336625
C,12726,110,2249,49[CR],3015336953
F,19120,13466,2269,54[CR],3015337390
C,12784,118,2290,57[CR],3015337718
F,18206,13375,2310,49[CR],3015338156
C,12832,104,2330,54[CR],3015338484
F,17900,13325,2351,44[CR],3015338921
C,12822,102,2372,51[CR],3015339359
F,17862,13323,2392,57[CR],3015339687
C,12906,110,2413,49[CR],3015340125
F,18104,13284,2433,54[CR],3015340453
A,35296,17902,2453,44[CR],3015340890
F,17978,13333,2474,51[CR],3015341218
C,12921,104,2494,54[CR],3015341656
F,18542,13413,2515,49[CR],3015342093
C,12881,102,2536,51[CR],3015342421
F,18792,13330,2556,57[CR],3015342859
C,12921,90,2576,49[CR],3015343187
F,19512,13458,2597,51[CR],3015343625
C,13026,86,2617,44[CR],3015343953
F,19984,13644,2638,51[CR],3015344390
C,13314,86,2658,54[CR],3015344828
F,19460,13790,2678,47[CR],3015345156
C,13137,84,2699,51[CR],3015345593
F,20316,13593,2720,54[CR],3015345921
C,13138,84,2740,49[CR],3015346359
F,21384,13538,2761,54[CR],3015346687
A,35328,22204,2781,57[CR],3015347125
F,22430,13489,2802,49[CR],3015347468
C,13130,84,2822,54[CR],3015347890
F,23524,13468,2842,49[CR],3015348328
C,13171,66,2863,51[CR],3015348656
F,24676,13492,2884,57[CR],3015349093
C,13274,82,2904,49[CR],3015349421
F,25776,13497,2925,51[CR],3015349859
C,13279,98,2945,57[CR],3015350296
F,26268,13483,2966,51[CR],3015350625
C,13233,84,2986,54[CR],3015351062
F,27264,13438,3007,47[CR],3015351390
C,13234,76,3028,54[CR],3015351828
F,28000,13449,3048,54[CR],3015352156
C,13224,98,3069,49[CR],3015352593
F,28468,13440,3089,54[CR],3015353031
A,35244,28632,3109,60[CR],3015353359
F,28852,13460,3130,51[CR],3015353796
C,13276,76,3151,57[CR],3015354125
F,29972,13478,3171,47[CR],3015354562
C,13307,76,3192,51[CR],3015354890
F,31092,13442,3212,57[CR],3015355328
C,13291,70,3233,49[CR],3015355765
F,31948,13430,3254,54[CR],3015356093
C,13326,44,3274,57[CR],3015356531
F,32264,13412,3295,51[CR],3015356859
C,13217,22,3315,57[CR],3015357296
F,33012,13471,3335,43[CR],3015357625
C,13227,30,3356,51[CR],3015358062
F,33940,13523,3377,54[CR],3015358500
C,13302,36,3397,49[CR],3015358828
F,34768,13582,3418,51[CR],3015359265
A,35240,35228,3439,57[CR],3015359593
F,35300,13576,3459,49[CR],3015360031
C,13321,10,3480,54[CR],3015360359
F,35672,13552,3500,57[CR],3015360796
C,13282,18,3521,51[CR],3015361234
F,36320,13543,3541,54[CR],3015361562
C,13317,18,3562,47[CR],3015362000
F,37132,13563,3583,51[CR],3015362328
C,13338,6,3603,57[CR],3015362765
F,37168,13576,3624,49[CR],3015363093
C,13301,18,3644,54[CR],3015363531
F,37588,13582,3665,60[CR],3015363968
C,13293,6,3685,51[CR],3015364296
F,37916,13584,3706,54[CR],3015364734
C,13283,20,3726,43[CR],3015365062
F,38440,13597,3745,26[CR],3015365500
A,35192,38728,3745,2[CR],3015365828
F,36864,13191,3745,1[CR],3015366265
C,13058,28,3745,0[CR],3015366703
F,35860,13137,3745,0[CR],3015367031
C,13020,14,3745,0[CR],3015367468
F,35596,13111,3745,0[CR],3015367796
C,12998,16,3745,0[CR],3015368234
F,35464,13094,3745,0[CR],3015368562
C,12983,12,3745,0[CR],3015369000
F,35372,13083,3745,0[CR],3015369437
C,12973,30,3745,0[CR],3015369765
F,35288,13076,3745,0[CR],3015370203
C,12963,32,3745,0[CR],3015370531
F,35236,13071,3745,0[CR],3015370968
C,12956,34,3745,0[CR],3015371296
F,35184,13065,3745,0[CR],3015371734
A,35192,35160,3745,0[CR],3015372171
F,35128,13062,3745,0[CR],3015372500
C,12946,24,3745,0[CR],3015372937
F,35100,13056,3745,0[CR],3015373265
C,12941,34,3745,0[CR],3015373703
F,35060,13054,3745,0[CR],3015374031
C,12936,28,3745,0[CR],3015374468
F,35016,13052,3745,0[CR],3015374906
C,12933,16,3745,0[CR],3015375234
F,34988,13048,3745,0[CR],3015375671
C,12929,20,3745,0[CR],3015376000
F,34948,13045,3745,0[CR],3015376437
C,12926,12,3745,0[CR],3015376765
F,34924,13042,3745,0[CR],3015377203
C,12922,16,3745,0[CR],3015377640
F,34892,13037,3745,0[CR],3015377968
A,35152,34860,3745,0[CR],3015378406
F,34832,13039,3745,0[CR],3015378734
C,12916,22,3745,0[CR],3015379171
F,34824,13037,3745,0[CR],3015379500
C,12914,24,3745,0[CR],3015379937
F,34792,13033,3745,0[CR],3015380375
C,12912,24,3745,0[CR],3015380703
F,34764,13033,3745,0[CR],3015381140
C,12909,16,3745,0[CR],3015381468
F,33744,12975,3745,0[CR],3015382015
Z,0,0,3745,0[CR],3015382234
F,33992,13018,3745,0[CR],3015382671
C,12861,22,3745,0[CR],3015383218
Z,0,0,3745,0[CR],3015383656
Z,0,0,3745,0[CR],3015384203
Z,0,0,3745,0[CR],3015384640
Z,0,0,3745,0[CR],3015385187
Z,0,0,3745,0[CR],3015385734
Z,0,0,3745,0[CR],3015386171
Z,0,0,3745,0[CR],3015386718
Z,0,0,3745,0[CR],3015387265
Z,0,0,3745,0[CR],3015387703
Z,0,0,3745,0[CR],3015388250
Z,0,0,3745,0[CR],3015388796
Z,0,0,3745,0[CR],3015389234
Z,0,0,3745,0[CR],3015389781
Z,0,0,3745,0[CR],3015390218
Z,0,0,3745,0[CR],3015390765
Z,0,0,3745,0[CR],3015391312
Z,0,0,3745,0[CR],3015391750
Z,0,0,3745,0[CR],3015392296
Z,0,0,3745,0[CR],3015392734
Z,0,0,3745,0[CR],3015393281
Z,0,0,3745,0[CR],3015393718
Z,0,0,3745,0[CR],3015394265
Z,0,0,3745,0[CR],3015394812
Z,0,0,3745,0[CR],3015395250
Z,0,0,3745,0[CR],3015395796
Z,0,0,3745,0[CR],3015396234
Z,0,0,3745,0[CR],3015396781
Z,0,0,3745,0[CR],3015397218
Z,0,0,3745,0[CR],3015397765
Z,0,0,3745,0[CR],3015398312
Z,0,0,3745,0[CR],3015398750
Z,0,0,3745,0[CR],3015399296
Z,0,0,3745,0[CR],3015399515
F,33768,12938,3745,0[CR],3015399843
C,12782,20,3745,0[CR],3015400281
F,33748,12941,3745,0[CR],3015400609
C,12781,4,3745,0[CR],3015401046
F,33684,12935,3745,0[CR],3015401375
C,12780,22,3745,0[CR],3015401921
Z,0,0,3745,0[CR],3015402468
Z,0,0,3745,0[CR],3015402906
Z,0,0,3745,0[CR],3015403453
Z,0,0,3745,0[CR],3015403890
Z,0,0,3745,0[CR],3015404437
Z,0,0,3745,0[CR],3015404875
Z,0,0,3745,0[CR],3015405421
Z,0,0,3745,0[CR],3015405968
Z,0,0,3745,0[CR],3015406406
Z,0,0,3745,0[CR],3015406953
Z,0,0,3745,0[CR],3015407390
Z,0,0,3745,0[CR],3015407937
Z,0,0,3745,0[CR],3015408375
Z,0,0,3745,0[CR],3015408921
Z,0,0,3745,0[CR],3015409468
Z,0,0,3745,0[CR],3015409906
Z,0,0,3745,0[CR],3015410453
Z,0,0,3745,0[CR],3015410890
Z,0,0,3745,0[CR],3015411437
Z,0,0,3745,0[CR],3015411984
Z,0,0,3745,0[CR],3015412421
Z,0,0,3745,0[CR],3015412968
Z,0,0,3745,0[CR],3015413406
Z,0,0,3745,0[CR],3015413953
C,12768,10,3745,0[CR],3015414281
F,33536,12920,3745,0[CR],3015414718
C,12767,6,3745,0[CR],3015415156
Z,0,0,3745,0[CR],3015415484
A,34928,33576,3745,0[CR],3015415921
F,33556,12927,3745,0[CR],3015416359
Z,0,0,3745,0[CR],3015416687
F,33544,12923,3745,0[CR],3015417125
Z,0,0,3745,0[CR],3015417671
Z,0,0,3745,0[CR],3015417781
C,12764,10,3745,0[CR],3015418328
Z,0,0,3745,0[CR],3015418875
Z,0,0,3745,0[CR],3015419312
Z,0,0,3745,0[CR],3015419859
Z,0,0,3745,0[CR],3015420296
Z,0,0,3745,0[CR],3015420843
Z,0,0,3745,0[CR],3015421390
Z,0,0,3745,0[CR],3015421828
Z,0,0,3745,0[CR],3015422375
Z,0,0,3745,0[CR],3015422812
Z,0,0,3745,0[CR],3015423359
Z,0,0,3745,0[CR],3015423796
Z,0,0,3745,0[CR],3015424343
Z,0,0,3745,34[CR],3015424890
Z,0,0,3745,38[CR],3015425328
Z,0,0,3745,39[CR],3015425875
Z,0,0,3755,14[CR],3015425984
F,33440,12922,3756,6[CR],3015426421
C,12762,20,3759,4[CR],3015426859
F,34976,13102,3759,1[CR],3015427187
C,12925,0,3759,0[CR],3015427625
F,34072,13063,3759,0[CR],3015427953
A,34936,34004,3759,0[CR],3015428390
F,33968,13053,3759,0[CR],3015428718
C,12893,4,3759,0[CR],3015429156
F,33920,13047,3759,0[CR],3015429593
C,12888,6,3760,0[CR],3015429921
F,34024,13194,3760,0[CR],3015430359
C,13054,10,3760,0[CR],3015430687
F,34916,13103,3760,0[CR],3015431125
C,12998,10,3760,0[CR],3015431453
F,34812,13093,3760,0[CR],3015431890
C,12982,6,3760,0[CR],3015432328
F,34764,13092,3760,0[CR],3015432656
C,12971,10,3760,0[CR],3015433093
F,34716,13088,3760,0[CR],3015433421
C,12964,0,3760,0[CR],3015433859
F,34692,13086,3780,54[CR],3015434187
A,34876,38044,3800,54[CR],3015434625
F,38892,13638,3820,49[CR],3015435062
C,13338,0,3841,51[CR],3015435390
F,39224,13624,3861,57[CR],3015435828
C,13351,14,3882,51[CR],3015436156
F,37956,13593,3902,54[CR],3015436593
C,13270,34,3922,47[CR],3015436921
F,37604,13585,3942,54[CR],3015437359
C,13245,48,3962,54[CR],3015437796
F,38152,13594,3983,49[CR],3015438125
C,13254,78,4003,54[CR],3015438562
F,38488,13593,4023,47[CR],3015438890
C,13250,68,4043,54[CR],3015439328
F,38812,13587,4063,57[CR],3015439656
C,13300,72,4083,49[CR],3015440093
F,38496,13559,4104,54[CR],3015440531
A,34868,37012,4124,44[CR],3015440859
F,37096,13534,4144,51[CR],3015441218
C,13276,88,4164,57[CR],3015441625
F,38340,13537,4185,49[CR],3015442062
C,13351,94,4205,54[CR],3015442390
F,39628,13541,4225,44[CR],3015442828
C,13363,116,4246,49[CR],3015443265
F,39840,13519,4266,57[CR],3015443593
C,13303,116,4286,49[CR],3015444031
F,39720,13541,4307,54[CR],3015444359
C,13310,134,4326,44[CR],3015444796
F,40188,13565,4347,51[CR],3015445125
C,13336,136,4367,54[CR],3015445562
F,40848,13599,4387,49[CR],3015446000
C,13358,138,4408,54[CR],3015446328
F,41160,13571,4428,47[CR],3015446765
A,34812,40504,4448,51[CR],3015447093
F,40612,13573,4469,57[CR],3015447531
C,13292,130,4489,49[CR],3015447859
F,39712,13572,4509,51[CR],3015448296
C,13292,144,4529,51[CR],3015448734
F,40092,13576,4550,49[CR],3015449062
C,13292,136,4570,54[CR],3015449500
F,40352,13580,4590,49[CR],3015449828
C,13315,144,4610,54[CR],3015450265
F,41088,13572,4630,57[CR],3015450593
C,13355,150,4651,49[CR],3015451031
F,41968,13589,4671,54[CR],3015451468
C,13374,148,4691,49[CR],3015451796
F,42184,13580,4712,51[CR],3015452234
C,13370,146,4732,54[CR],3015452562
F,42024,13582,4752,49[CR],3015453000
A,34780,41032,4772,49[CR],3015453328
F,41104,13581,4793,47[CR],3015453765
C,13383,168,4813,51[CR],3015454203
F,41704,13600,4834,57[CR],3015454531
C,13375,176,4854,49[CR],3015454968
F,41976,13608,4874,51[CR],3015455296
C,13356,186,4894,47[CR],3015455734
F,41904,13601,4915,51[CR],3015456062
C,13343,188,4935,57[CR],3015456500
F,42088,13615,4956,47[CR],3015456937
C,13380,186,4976,54[CR],3015457265
F,42640,13623,4997,57[CR],3015457703
C,13372,196,5017,49[CR],3015458031
F,42352,13603,5038,54[CR],3015458468
C,13390,212,5058,44[CR],3015458796
F,41920,13583,5079,51[CR],3015459234
A,34764,41744,5099,54[CR],3015459671
F,41632,13569,5119,49[CR],3015460000
C,13345,216,5140,54[CR],3015460437
F,41584,13603,5160,57[CR],3015460765
C,13342,234,5181,49[CR],3015461203
F,42360,13584,5201,54[CR],3015461531
C,13400,222,5221,49[CR],3015461968
F,42592,13598,5242,51[CR],3015462406
C,13358,240,5262,57[CR],3015462734
F,41864,13580,5283,49[CR],3015463171
C,13358,250,5304,51[CR],3015463500
F,42064,13553,5324,57[CR],3015463937
C,13366,264,5344,51[CR],3015464265
F,42592,13556,5365,54[CR],3015464703
C,13331,266,5385,49[CR],3015465140
F,42096,13558,5405,51[CR],3015465468
A,34740,42160,5425,57[CR],3015465906
F,42280,13551,5446,49[CR],3015466234
C,13308,272,5466,54[CR],3015466671
F,43128,13563,5486,43[CR],3015467000
C,13327,274,5507,51[CR],3015467437
F,43024,13519,5527,57[CR],3015467875
C,13363,282,5547,51[CR],3015468203
F,42816,13506,5568,54[CR],3015468640
C,13384,290,5588,44[CR],3015468968
F,43216,13514,5609,51[CR],3015469406
C,13391,296,5629,54[CR],3015469734
F,42696,13525,5649,49[CR],3015470171
C,13307,312,5670,54[CR],3015470609
F,42416,13564,5690,57[CR],3015470937
C,13374,324,5711,51[CR],3015471375
F,42976,13530,5731,54[CR],3015471703
A,34704,42912,5746,8[CR],3015472140
F,42928,13480,5746,1[CR],3015472468
C,13169,338,5746,1[CR],3015472906
F,40248,13114,5746,0[CR],3015473343
C,13098,328,5746,0[CR],3015473671
F,39780,13081,5746,0[CR],3015474109
C,13058,320,5746,0[CR],3015474437
F,38716,13020,5746,0[CR],3015474875
C,13007,332,5746,0[CR],3015475203
F,38796,13011,5746,0[CR],3015475640
C,12997,332,5746,0[CR],3015476078
F,38712,13009,5746,0[CR],3015476515
Z,0,0,5746,0[CR],3015477062
Z,0,0,5746,0[CR],3015477500
Z,0,0,5746,0[CR],3015478046
Z,0,0,5746,0[CR],3015478593
Z,0,0,5746,0[CR],3015479031
Z,0,0,5746,0[CR],3015479578
Z,0,0,5746,0[CR],3015480015
Z,0,0,5746,0[CR],3015480562
Z,0,0,5746,0[CR],3015481000
Z,0,0,5746,0[CR],3015481546
Z,0,0,5746,0[CR],3015482093
Z,0,0,5746,0[CR],3015482531
Z,0,0,5746,0[CR],3015483078
Z,0,0,5746,0[CR],3015483515
Z,0,0,5746,0[CR],3015484062
Z,0,0,5746,0[CR],3015484609
Z,0,0,5746,0[CR],3015485046
Z,0,0,5746,0[CR],3015485593
Z,0,0,5746,0[CR],3015486031
Z,0,0,5746,0[CR],3015486578
Z,0,0,5746,0[CR],3015487015
F,37392,12945,5746,0[CR],3015487453
Z,0,0,5746,0[CR],3015488000
Z,0,0,5746,0[CR],3015488437
Z,0,0,5746,0[CR],3015488984
Z,0,0,5746,0[CR],3015489421
Z,0,0,5746,0[CR],3015489968
Z,0,0,5746,0[CR],3015490515
Z,0,0,5746,0[CR],3015490953
Z,0,0,5746,0[CR],3015491500
Z,0,0,5746,0[CR],3015491937
Z,0,0,5746,0[CR],3015492484
Z,0,0,5746,0[CR],3015492921
Z,0,0,5746,0[CR],3015493468
Z,0,0,5746,0[CR],3015494015
Z,0,0,5746,0[CR],3015494453
Z,0,0,5746,0[CR],3015495000
Z,0,0,5746,0[CR],3015495437
Z,0,0,5746,0[CR],3015495984
Z,0,0,5746,0[CR],3015496531
Z,0,0,5746,0[CR],3015496968
Z,0,0,5746,0[CR],3015497515
Z,0,0,5746,60[CR],3015497953
Z,0,0,5746,51[CR],3015498500
Z,0,0,5746,35[CR],3015498937
Z,0,0,5751,32[CR],3015499046
C,12863,338,5755,31[CR],3015499484
F,37104,12940,5759,5[CR],3015499812
C,12864,314,5762,3[CR],3015500250
F,38384,13048,5762,1[CR],3015500687
C,12986,334,5762,0[CR],3015501015
F,38244,13027,5762,0[CR],3015501453
C,12966,322,5762,0[CR],3015501781
F,38156,13022,5762,0[CR],3015502218
C,12960,332,5762,0[CR],3015502546
F,38104,13022,5762,0[CR],3015502984
A,34608,38064,5764,7[CR],3015503421
F,38052,13187,5767,7[CR],3015503750
C,13216,332,5768,3[CR],3015504187
F,40584,13134,5768,1[CR],3015504515
C,13159,332,5768,0[CR],3015504953
F,40080,13117,5768,0[CR],3015505281
C,13150,336,5768,0[CR],3015505718
F,39868,13098,5768,0[CR],3015506156
C,13120,336,5768,0[CR],3015506484
F,39632,13083,5768,0[CR],3015506921
C,13092,328,5770,12[CR],3015507250
F,39460,13114,5789,54[CR],3015507687
C,13323,336,5809,47[CR],3015508015
F,42960,13504,5830,51[CR],3015508453
C,13320,336,5850,57[CR],3015508890
F,43368,13458,5870,49[CR],3015509218
A,34536,44008,5891,54[CR],3015509656
F,44328,13416,5910,44[CR],3015509984
C,13327,340,5931,49[CR],3015510421
F,42824,13349,5951,57[CR],3015510750
C,13257,336,5971,49[CR],3015511187
F,42112,13326,5992,54[CR],3015511625
C,13282,328,6012,54[CR],3015511953
F,43368,13336,6033,51[CR],3015512390
C,13273,336,6053,57[CR],3015512718
F,43560,13297,6073,49[CR],3015513156
C,13241,328,6093,51[CR],3015513484
F,43224,13287,6114,57[CR],3015513921
C,13274,328,6134,49[CR],3015514359
F,43760,13283,6155,54[CR],3015514687
C,13303,332,6175,49[CR],3015515125
F,44424,13260,6195,51[CR],3015515453
A,34588,43952,6216,57[CR],3015515890
F,43304,13233,6236,49[CR],3015516250
C,13294,336,6257,54[CR],3015516656
F,43896,13250,6277,57[CR],3015517093
C,13294,346,6297,49[CR],3015517421
F,44104,13230,6317,57[CR],3015517859
C,13351,342,6337,47[CR],3015518187
F,44392,13240,6358,51[CR],3015518625
C,13305,342,6378,57[CR],3015518953
F,44312,13238,6399,51[CR],3015519390
C,13356,352,6419,57[CR],3015519828
F,45640,13258,6439,49[CR],3015520156
C,13375,350,6459,51[CR],3015520593
F,44696,13200,6479,60[CR],3015520921
C,13316,380,6500,47[CR],3015521359
F,43880,13202,6520,51[CR],3015521687
A,34540,45608,6540,49[CR],3015522125
F,45072,13224,6561,54[CR],3015522562
C,13378,404,6581,57[CR],3015522890
F,44544,13179,6601,49[CR],3015523328
C,13268,390,6621,54[CR],3015523656
F,43176,13172,6641,49[CR],3015524093
C,13306,402,6662,51[CR],3015524421
F,43920,13163,6682,57[CR],3015524859
C,13280,412,6702,49[CR],3015525296
F,44144,13194,6723,51[CR],3015525625
C,13338,428,6742,47[CR],3015526062
F,43808,13185,6763,54[CR],3015526390
C,13338,426,6783,57[CR],3015526828
F,44920,13168,6804,47[CR],3015527156
C,13320,448,6824,51[CR],3015527593
F,45040,13194,6844,60[CR],3015528031
A,34512,45000,6865,47[CR],3015528359
F,44776,13215,6885,57[CR],3015528796
C,13328,428,6905,49[CR],3015529125
F,44832,13185,6926,51[CR],3015529562
C,13319,428,6945,60[CR],3015529890
F,44488,13224,6966,47[CR],3015530328
C,13358,442,6986,54[CR],3015530765
F,45768,13175,7007,49[CR],3015531093
C,13327,434,7027,54[CR],3015531531
F,44432,13156,7047,57[CR],3015531859
C,13314,444,7067,49[CR],3015532296
F,44928,13207,7088,54[CR],3015532625
C,13329,456,7108,44[CR],3015533062
F,44904,13159,7128,51[CR],3015533500
C,13295,458,7148,54[CR],3015533828
F,44512,13200,7169,49[CR],3015534265
A,34492,45664,7189,54[CR],3015534593
F,46072,13187,7209,44[CR],3015534968
C,13299,482,7230,51[CR],3015535359
F,44272,13148,7250,57[CR],3015535796
C,13339,510,7270,49[CR],3015536234
F,44352,13147,7291,54[CR],3015536562
C,13310,526,7311,51[CR],3015537000
F,44104,13189,7332,51[CR],3015537328
C,13344,530,7352,57[CR],3015537765
F,45432,13216,7372,47[CR],3015538093
C,13374,522,7393,51[CR],3015538531
F,44440,13180,7413,57[CR],3015538968
C,13330,524,7433,51[CR],3015539296
F,44896,13180,7454,54[CR],3015539734
C,13356,530,7474,47[CR],3015540062
F,45928,13197,7494,54[CR],3015540500
A,34468,44464,7515,57[CR],3015540828
F,44920,13244,7535,49[CR],3015541265
C,13363,528,7555,54[CR],3015541703
F,46136,13247,7576,41[CR],3015542031
C,13400,532,7596,51[CR],3015542468
F,46528,13219,7617,54[CR],3015542796
C,13350,536,7637,49[CR],3015543234
F,44592,13171,7658,51[CR],3015543562
C,13316,528,7678,57[CR],3015544000
F,46240,13207,7698,49[CR],3015544437
C,13340,522,7718,54[CR],3015544765
F,44376,13180,7738,47[CR],3015545203
C,13296,536,7746,3[CR],3015545531
F,44536,13094,7746,1[CR],3015545968
C,13117,540,7747,1[CR],3015546296
F,42056,13059,7747,2[CR],3015546734
A,34452,42240,7747,1[CR],3015547171
F,41632,13030,7747,0[CR],3015547500
C,13060,538,7747,0[CR],3015547937
F,40000,13005,7747,0[CR],3015548265
C,12999,536,7747,0[CR],3015548703
F,40188,12998,7747,0[CR],3015549031
C,12987,536,7747,0[CR],3015549578
Z,0,0,7747,0[CR],3015550125
Z,0,0,7747,0[CR],3015550562
Z,0,0,7747,0[CR],3015551109
Z,0,0,7747,0[CR],3015551546
Z,0,0,7747,0[CR],3015552093
Z,0,0,7747,0[CR],3015552640
Z,0,0,7747,0[CR],3015553078
Z,0,0,7747,0[CR],3015553625
Z,0,0,7747,0[CR],3015554062
Z,0,0,7747,0[CR],3015554609
Z,0,0,7747,0[CR],3015555156
Z,0,0,7747,0[CR],3015555593
Z,0,0,7747,0[CR],3015556140
Z,0,0,7747,0[CR],3015556578
Z,0,0,7747,0[CR],3015557125
Z,0,0,7747,0[CR],3015557562
Z,0,0,7747,0[CR],3015558109
Z,0,0,7747,0[CR],3015558656
Z,0,0,7747,0[CR],3015559093
Z,0,0,7747,0[CR],3015559640
Z,0,0,7747,0[CR],3015560078
Z,0,0,7747,0[CR],3015560406
F,37720,12946,7747,0[CR],3015560953
Z,0,0,7747,0[CR],3015561390
Z,0,0,7747,0[CR],3015561937
Z,0,0,7747,0[CR],3015562375
Z,0,0,7747,0[CR],3015562921
Z,0,0,7747,0[CR],3015563359
Z,0,0,7747,0[CR],3015563906
Z,0,0,7747,0[CR],3015564453
Z,0,0,7747,0[CR],3015564890
Z,0,0,7747,0[CR],3015565437
Z,0,0,7747,0[CR],3015565875
Z,0,0,7747,0[CR],3015566421
Z,0,0,7747,0[CR],3015566968
Z,0,0,7747,0[CR],3015567406
Z,0,0,7747,0[CR],3015567953
Z,0,0,7747,0[CR],3015568390
Z,0,0,7747,0[CR],3015568937
Z,0,0,7747,0[CR],3015569375
Z,0,0,7747,0[CR],3015569921
Z,0,0,7747,0[CR],3015570468
Z,0,0,7747,0[CR],3015570906
Z,0,0,7747,0[CR],3015571453
Z,0,0,7747,51[CR],3015571890
Z,0,0,7747,68[CR],3015572437
Z,0,0,7759,18[CR],3015572546
C,12856,528,7759,8[CR],3015572875
F,37052,12977,7763,4[CR],3015573312
C,12957,524,7763,1[CR],3015573640
F,40276,13018,7763,0[CR],3015574078
C,13048,528,7763,0[CR],3015574515
F,39936,13006,7763,0[CR],3015574843
C,13023,542,7763,0[CR],3015575281
F,39748,13001,7763,0[CR],3015575609
C,13008,532,7763,0[CR],3015576046
F,39624,13000,7766,32[CR],3015576375
C,12999,538,7768,6[CR],3015576812
F,42560,13122,7770,5[CR],3015577250
C,13262,538,7770,1[CR],3015577578
F,43080,13066,7770,1[CR],3015578015
A,34372,42304,7770,0[CR],3015578343
F,42032,13032,7770,0[CR],3015578781
C,13143,534,7770,0[CR],3015579109
F,41320,13014,7770,0[CR],3015579546
C,13111,528,7770,0[CR],3015579984
F,40960,13005,7770,0[CR],3015580312
C,13092,530,7770,0[CR],3015580750
F,40744,13001,7779,51[CR],3015581078
C,13089,534,7798,57[CR],3015581515
F,44400,13223,7819,49[CR],3015581843
C,13413,538,7839,54[CR],3015582281
F,45744,13185,7859,44[CR],3015582718
C,13403,542,7879,51[CR],3015583046
F,46272,13167,7900,54[CR],3015583484
C,13348,530,7920,49[CR],3015583812
F,45216,13185,7940,54[CR],3015584250
A,34372,45440,7960,44[CR],3015584578
F,45360,13195,7981,54[CR],3015585015
C,13346,536,8001,57[CR],3015585453
F,46208,13198,8021,49[CR],3015585781
C,13429,534,8041,54[CR],3015586218
F,46744,13226,8061,44[CR],3015586546
C,13394,544,8082,51[CR],3015586984
F,47400,13194,8102,57[CR],3015587312
C,13405,554,8122,49[CR],3015587750
F,46224,13188,8143,51[CR],3015588187
C,13358,570,8163,43[CR],3015588515
F,46952,13242,8183,49[CR],3015588953
C,13450,578,8204,54[CR],3015589281
F,47640,13238,8224,47[CR],3015589718
C,13462,576,8245,54[CR],3015590046
F,47136,13182,8265,60[CR],3015590484
A,34312,47344,8285,47[CR],3015590921
F,46928,13206,8306,54[CR],3015591250
C,13416,594,8326,44[CR],3015591687
F,47096,13198,8347,54[CR],3015592015
C,13362,602,8366,54[CR],3015592453
F,47672,13215,8387,49[CR],3015592781
C,13383,596,8407,54[CR],3015593218
F,48056,13189,8427,47[CR],3015593656
C,13443,612,8447,51[CR],3015593984
F,46592,13174,8468,54[CR],3015594421
C,13417,614,8488,49[CR],3015594750
F,47952,13239,8509,54[CR],3015595187
C,13443,618,8528,54[CR],3015595515
F,48304,13227,8549,51[CR],3015595953
C,13404,626,8569,57[CR],3015596390
F,47296,13276,8590,49[CR],3015596718
A,34312,48416,8610,54[CR],3015597156
F,48096,13212,8629,54[CR],3015597484
C,13419,610,8650,51[CR],3015597921
F,46752,13247,8670,54[CR],3015598250
C,13433,620,8690,51[CR],3015598687
F,47584,13263,8711,54[CR],3015599125
C,13488,638,8731,57[CR],3015599453
F,48392,13240,8751,51[CR],3015599890
C,13439,642,8771,57[CR],3015600218
F,46920,13218,8792,49[CR],3015600656
C,13387,646,8812,51[CR],3015600984
F,47136,13196,8832,57[CR],3015601421
C,13416,648,8852,49[CR],3015601859
F,47784,13229,8873,54[CR],3015602187
C,13446,646,8893,49[CR],3015602625
F,48064,13197,8914,54[CR],3015602953
A,34252,47200,8933,57[CR],3015603390
F,46720,13163,8954,49[CR],3015603718
C,13376,658,8974,54[CR],3015604156
F,47704,13225,8994,47[CR],3015604593
C,13417,678,9015,51[CR],3015604921
F,49224,13256,9035,54[CR],3015605359
C,13448,678,9055,49[CR],3015605687
F,48608,13258,9076,54[CR],3015606125
C,13490,684,9095,47[CR],3015606453
F,46976,13234,9116,51[CR],3015606890
C,13484,676,9136,57[CR],3015607328
F,49120,13262,9156,49[CR],3015607656
C,13475,664,9177,54[CR],3015608093
F,48696,13236,9197,44[CR],3015608421
C,13448,680,9217,51[CR],3015608859
F,47360,13222,9238,57[CR],3015609187
A,34292,47992,9258,49[CR],3015609625
F,48336,13230,9278,54[CR],3015610000
C,13430,684,9298,44[CR],3015610390
F,49168,13226,9319,51[CR],3015610828
C,13448,684,9339,57[CR],3015611156
F,49336,13211,9359,49[CR],3015611593
C,13434,686,9380,51[CR],3015611921
F,47528,13142,9400,57[CR],3015612359
C,13428,684,9420,51[CR],3015612796
F,48888,13227,9440,57[CR],3015613125
C,13482,686,9460,47[CR],3015613562
F,49312,13219,9481,51[CR],3015613890
C,13499,676,9501,57[CR],3015614328
F,48928,13231,9521,51[CR],3015614656
C,13466,686,9542,57[CR],3015615093
F,49128,13235,9562,47[CR],3015615531
A,34272,48784,9583,54[CR],3015615859
F,48912,13252,9603,57[CR],3015616296
C,13483,690,9623,51[CR],3015616625
F,48760,13208,9644,54[CR],3015617062
C,13478,684,9664,43[CR],3015617390
F,48368,13209,9684,51[CR],3015617828
C,13518,676,9704,54[CR],3015618265
F,50096,13247,9725,49[CR],3015618593
C,13568,684,9745,36[CR],3015619031
F,49992,13217,9746,2[CR],3015619359
C,13391,686,9746,1[CR],3015619796
F,46608,13067,9746,0[CR],3015620125
C,13269,686,9746,0[CR],3015620562
F,46152,13059,9746,0[CR],3015621000
C,13244,682,9746,0[CR],3015621328
F,45784,13055,9746,0[CR],3015621765
A,34216,45704,9746,0[CR],3015622093
F,45592,13053,9746,0[CR],3015622531
C,13216,686,9746,0[CR],3015622859
F,45376,13051,9746,0[CR],3015623296
C,13204,684,9746,0[CR],3015623734
F,44344,13024,9746,0[CR],3015624062
C,13156,696,9746,0[CR],3015624500
F,44592,13021,9746,0[CR],3015624828
C,13146,678,9746,0[CR],3015625375
Z,0,0,9746,0[CR],3015625921
Z,0,0,9746,0[CR],3015626359
Z,0,0,9746,0[CR],3015626906
Z,0,0,9746,0[CR],3015627453
Z,0,0,9746,0[CR],3015627890
Z,0,0,9746,0[CR],3015628437
Z,0,0,9746,0[CR],3015628875
Z,0,0,9746,0[CR],3015629421
Z,0,0,9746,0[CR],3015629859
Z,0,0,9746,0[CR],3015630406
Z,0,0,9746,0[CR],3015630953
Z,0,0,9746,0[CR],3015631390
Z,0,0,9746,0[CR],3015631937
Z,0,0,9746,0[CR],3015632375
Z,0,0,9746,0[CR],3015632921
Z,0,0,9746,0[CR],3015633468
Z,0,0,9746,0[CR],3015633906
Z,0,0,9746,0[CR],3015634453
Z,0,0,9746,0[CR],3015634890
Z,0,0,9746,0[CR],3015635437
Z,0,0,9746,0[CR],3015635875
Z,0,0,9746,0[CR],3015636421
Z,0,0,9746,0[CR],3015636968
Z,0,0,9746,0[CR],3015637406
Z,0,0,9746,0[CR],3015637953
Z,0,0,9746,0[CR],3015638390
Z,0,0,9746,0[CR],3015638937
Z,0,0,9746,0[CR],3015639484
Z,0,0,9746,0[CR],3015639921
Z,0,0,9746,0[CR],3015640468
Z,0,0,9746,0[CR],3015640906
Z,0,0,9746,0[CR],3015641453
Z,0,0,9746,0[CR],3015641890
Z,0,0,9746,0[CR],3015642437
Z,0,0,9746,0[CR],3015642984
Z,0,0,9746,0[CR],3015643421
Z,0,0,9746,0[CR],3015643968
Z,0,0,9746,0[CR],3015644406
Z,0,0,9746,0[CR],3015644953
Z,0,0,9746,0[CR],3015645390
Z,0,0,9746,0[CR],3015645937
Z,0,0,9746,0[CR],3015646484
Z,0,0,9746,0[CR],3015646921
Z,0,0,9746,0[CR],3015647468
Z,0,0,9746,0[CR],3015647906
Z,0,0,9746,38[CR],3015648453
Z,0,0,9746,41[CR],3015648890
Z,0,0,9746,43[CR],3015649437
Z,0,0,9758,21[CR],3015649437
F,42408,12992,9759,16[CR],3015649875
C,13009,700,9764,15[CR],3015650203
F,44264,13166,9765,2[CR],3015650640
C,13329,692,9765,1[CR],3015651078
F,45632,13088,9765,0[CR],3015651406
C,13249,700,9765,0[CR],3015651843
F,45264,13080,9765,0[CR],3015652171
C,13228,696,9765,0[CR],3015652609
F,45024,13072,9765,0[CR],3015652937
A,34168,44808,9765,0[CR],3015653375
F,44768,13067,9771,7[CR],3015653812
C,13206,710,9775,9[CR],3015654140
F,48992,13198,9775,2[CR],3015654578
C,13391,708,9775,1[CR],3015654906
F,48456,13136,9775,0[CR],3015655343
C,13309,700,9776,0[CR],3015655781
F,47720,13116,9776,0[CR],3015656109
C,13279,696,9776,0[CR],3015656546
F,47288,13106,9776,0[CR],3015656875
C,13256,686,9776,0[CR],3015657312
F,46936,13100,9785,47[CR],3015657640
C,13239,678,9806,54[CR],3015658078
F,50616,13316,9826,54[CR],3015658515
C,13471,704,9846,49[CR],3015658843
F,49240,13246,9867,51[CR],3015659281
A,34120,49664,9887,57[CR],3015659609
F,49408,13267,9907,49[CR],3015660046
C,13465,694,9927,54[CR],3015660375
F,49968,13266,9947,44[CR],3015660812
C,13465,720,9968,51[CR],3015661250
F,49728,13222,9988,60[CR],3015661578
C,13517,724,10008,47[CR],3015662015
F,47720,13166,10029,54[CR],3015662343
C,13443,730,10049,47[CR],3015662781
F,49096,13233,10070,51[CR],3015663109
C,13500,730,10090,57[CR],3015663546
F,48704,13306,10110,51[CR],3015663984
C,13471,744,10131,54[CR],3015664312
F,50752,13314,10152,60[CR],3015664750
C,13496,770,10172,49[CR],3015665078
F,49328,13219,10193,57[CR],3015665515
A,34132,48936,10213,44[CR],3015665843
F,49672,13243,10234,51[CR],3015666281
C,13524,740,10254,54[CR],3015666718
F,51232,13258,10274,49[CR],3015667046
C,13550,748,10295,54[CR],3015667484
F,50344,13275,10315,60[CR],3015667812
C,13579,768,10336,51[CR],3015668250
F,50240,13235,10357,54[CR],3015668578
C,13581,782,10377,44[CR],3015669015
F,51432,13270,10398,51[CR],3015669453
C,13565,772,10418,57[CR],3015669781
F,50584,13211,10438,47[CR],3015670218
C,13527,762,10459,51[CR],3015670546
F,49128,13273,10479,60[CR],3015670984
C,13557,762,10501,51[CR],3015671312
F,51048,13244,10521,54[CR],3015671750
A,34104,50824,10542,57[CR],3015672187
F,50680,13247,10563,49[CR],3015672515
C,13452,780,10583,54[CR],3015672953
F,50216,13193,10603,47[CR],3015673281
C,13435,778,10624,51[CR],3015673718
F,50224,13162,10644,60[CR],3015674046
C,13527,780,10665,49[CR],3015674484
F,49320,13231,10685,51[CR],3015674812
C,13532,792,10705,49[CR],3015675250
F,50528,13236,10726,49[CR],3015675687
C,13545,792,10747,54[CR],3015676015
F,50976,13256,10767,44[CR],3015676453
C,13576,804,10788,51[CR],3015676781
F,50416,13228,10808,57[CR],3015677218
C,13574,848,10829,49[CR],3015677546
F,50808,13201,10849,54[CR],3015677984
A,34132,50360,10869,47[CR],3015678421
F,51248,13231,10890,49[CR],3015678750
C,13562,838,10910,57[CR],3015679187
F,50336,13206,10931,49[CR],3015679515
C,13513,834,10950,54[CR],3015679953
F,51888,13243,10970,60[CR],3015680281
C,13522,838,10991,51[CR],3015680718
F,50792,13197,11012,54[CR],3015681156
C,13550,830,11032,47[CR],3015681484
F,50952,13207,11053,54[CR],3015681921
C,13571,842,11074,57[CR],3015682250
F,49248,13212,11094,44[CR],3015682687
C,13585,838,11114,54[CR],3015683015
F,47464,13201,11134,54[CR],3015683453
C,13590,848,11155,51[CR],3015683890
F,44640,13149,11175,54[CR],3015684218
A,34116,43168,11195,49[CR],3015684656
F,45776,13138,11216,54[CR],3015685031
C,13512,890,11238,60[CR],3015685421
F,45496,13150,11258,49[CR],3015685750
C,13509,858,11279,54[CR],3015686187
F,44880,13131,11299,60[CR],3015686625
C,13536,882,11320,51[CR],3015686953
F,45840,13122,11340,54[CR],3015687390
C,13564,884,11360,44[CR],3015687718
F,43360,13136,11381,51[CR],3015688156
C,13509,888,11400,54[CR],3015688484
F,44936,13160,11420,51[CR],3015688921
C,13547,896,11441,54[CR],3015689359
F,44952,13191,11461,49[CR],3015689687
C,13632,896,11481,54[CR],3015690125
F,49384,13176,11502,54[CR],3015690453
A,34072,50184,11522,49[CR],3015690890
F,49328,13277,11542,54[CR],3015691218
C,13556,898,11562,43[CR],3015691656
F,51312,13231,11583,54[CR],3015692093
C,13647,900,11604,54[CR],3015692421
F,51016,13220,11624,49[CR],3015692859
C,13610,880,11645,49[CR],3015693187
F,52568,13272,11665,60[CR],3015693625
C,13593,886,11685,51[CR],3015693953
F,52448,13243,11705,54[CR],3015694390
C,13592,894,11725,49[CR],3015694828
F,52704,13227,11745,44[CR],3015695156
C,13595,894,11748,4[CR],3015695593
F,50304,13121,11749,4[CR],3015695921
C,13468,892,11750,2[CR],3015696359
F,50944,13114,11750,1[CR],3015696687
A,34100,45408,11750,0[CR],3015697125
F,45520,13047,11750,0[CR],3015697562
C,13174,882,11750,0[CR],3015697890
F,45488,13011,11750,0[CR],3015698328
C,13102,900,11750,0[CR],3015698656
F,43976,13015,11750,0[CR],3015699093
C,13109,894,11750,0[CR],3015699421
F,44112,13013,11750,0[CR],3015699859
C,13107,896,11750,0[CR],3015700296
F,44800,13019,11750,0[CR],3015700625
C,13124,896,11750,0[CR],3015701171
Z,0,0,11750,0[CR],3015701609
Z,0,0,11750,0[CR],3015702156
Z,0,0,11750,0[CR],3015702703
Z,0,0,11750,0[CR],3015703140
Z,0,0,11750,0[CR],3015703687
Z,0,0,11750,0[CR],3015704125
Z,0,0,11750,0[CR],3015704671
Z,0,0,11750,0[CR],3015705218
Z,0,0,11750,0[CR],3015705656
Z,0,0,11750,0[CR],3015706203
Z,0,0,11750,0[CR],3015706750
Z,0,0,11750,0[CR],3015707187
Z,0,0,11750,0[CR],3015707734
Z,0,0,11750,0[CR],3015708171
Z,0,0,11750,0[CR],3015708718
Z,0,0,11750,0[CR],3015709265
Z,0,0,11750,0[CR],3015709703
Z,0,0,11750,0[CR],3015710250
Z,0,0,11750,0[CR],3015710687
Z,0,0,11750,0[CR],3015711234
Z,0,0,11750,0[CR],3015711671
Z,0,0,11750,0[CR],3015712218
Z,0,0,11750,0[CR],3015712765
Z,0,0,11750,0[CR],3015713203
Z,0,0,11750,0[CR],3015713750
Z,0,0,11750,0[CR],3015714187
Z,0,0,11750,0[CR],3015714734
Z,0,0,11750,0[CR],3015715171
Z,0,0,11750,0[CR],3015715718
Z,0,0,11750,0[CR],3015716265
Z,0,0,11750,0[CR],3015716703
Z,0,0,11750,0[CR],3015717250
Z,0,0,11750,0[CR],3015717687
Z,0,0,11750,0[CR],3015718234
Z,0,0,11750,0[CR],3015718671
C,13028,896,11750,0[CR],3015719109
Z,0,0,11750,0[CR],3015719656
Z,0,0,11750,0[CR],3015720093
Z,0,0,11750,0[CR],3015720640
Z,0,0,11750,0[CR],3015721078
Z,0,0,11750,0[CR],3015721625
Z,0,0,11750,0[CR],3015722171
Z,0,0,11750,0[CR],3015722609
Z,0,0,11750,0[CR],3015723156
Z,0,0,11750,0[CR],3015723593
Z,0,0,11750,0[CR],3015724140
Z,0,0,11750,0[CR],3015724578
Z,0,0,11750,0[CR],3015725125
Z,0,0,11750,0[CR],3015725671
Z,0,0,11750,0[CR],3015726109
Z,0,0,11750,0[CR],3015726656
Z,0,0,11750,0[CR],3015727093
Z,0,0,11750,0[CR],3015727640
Z,0,0,11750,0[CR],3015728078
Z,0,0,11750,0[CR],3015728625
Z,0,0,11750,47[CR],3015729171
Z,0,0,11750,35[CR],3015729609
Z,0,0,11750,39[CR],3015730156
Z,0,0,11750,35[CR],3015730593
Z,0,0,11755,6[CR],3015731140
C,13128,900,11757,2[CR],3015731468
F,46784,13057,11757,1[CR],3015731906
C,13204,896,11757,0[CR],3015732343
F,46400,13042,11757,0[CR],3015732671
C,13183,888,11757,0[CR],3015733109
F,46216,13039,11757,0[CR],3015733437
C,13175,892,11757,0[CR],3015733875
F,46088,13034,11763,35[CR],3015734203
A,34020,47224,11764,4[CR],3015734640
F,51272,13155,11764,1[CR],3015735078
C,13381,900,11764,0[CR],3015735406
F,50224,13123,11764,0[CR],3015735843
C,13332,896,11764,0[CR],3015736171
F,49712,13110,11764,0[CR],3015736609
C,13308,892,11764,0[CR],3015736937
F,49432,13104,11764,0[CR],3015737375
C,13294,890,11764,0[CR],3015737812
F,49184,13098,11767,30[CR],3015738140
C,13282,900,11782,49[CR],3015738578
F,52656,13274,11802,51[CR],3015738906
C,13604,892,11822,44[CR],3015739343
F,54312,13253,11843,51[CR],3015739671
C,13514,900,11863,54[CR],3015740109
F,51552,13245,11883,49[CR],3015740546
A,34024,52032,11904,51[CR],3015740875
F,52280,13241,11924,57[CR],3015741312
C,13552,894,11944,51[CR],3015741640
F,51880,13248,11965,54[CR],3015742000
C,13584,914,11985,51[CR],3015742406
F,53112,13212,12006,54[CR],3015742843
C,13535,916,12026,57[CR],3015743281
F,51872,13243,12046,49[CR],3015743609
C,13548,896,12067,54[CR],3015744046
F,52928,13281,12087,41[CR],3015744375
C,13619,936,12107,51[CR],3015744812
F,54688,13258,12128,54[CR],3015745140
C,13613,954,12148,49[CR],3015745578
F,51936,13215,12169,54[CR],3015746015
C,13636,938,12189,57[CR],3015746343
F,53872,13246,12209,49[CR],3015746781
A,34020,53672,12230,54[CR],3015747109
F,53696,13251,12250,44[CR],3015747546
C,13604,956,12271,51[CR],3015747875
F,53512,13261,12291,54[CR],3015748312
C,13602,948,12311,49[CR],3015748750
F,53376,13253,12332,54[CR],3015749078
C,13619,956,12352,49[CR],3015749515
F,54248,13261,12373,51[CR],3015749843
C,13732,956,12393,57[CR],3015750281
F,53664,13243,12413,47[CR],3015750609
C,13628,956,12433,51[CR],3015751046
F,55656,13286,12453,43[CR],3015751484
C,13807,956,12474,47[CR],3015751812
F,55352,13276,12494,54[CR],3015752250
C,13636,956,12514,49[CR],3015752578
F,52248,13266,12535,51[CR],3015753015
A,33984,52664,12555,60[CR],3015753343
F,52752,13278,12576,51[CR],3015753781
C,13594,958,12596,57[CR],3015754218
F,52888,13268,12616,44[CR],3015754546
C,13609,956,12637,51[CR],3015754984
F,54288,13261,12657,54[CR],3015755312
C,13664,958,12677,49[CR],3015755750
F,53192,13249,12698,51[CR],3015756078
C,13606,968,12718,44[CR],3015756515
F,53432,13251,12739,49[CR],3015756953
C,13681,956,12759,57[CR],3015757281
F,55240,13287,12779,47[CR],3015757718
C,13797,958,12800,54[CR],3015758046
F,54864,13334,12821,57[CR],3015758484
C,13839,980,12841,51[CR],3015758812
F,54216,13312,12863,54[CR],3015759250
A,33996,52856,12884,54[CR],3015759687
F,53624,13292,12904,47[CR],3015760031
C,13670,994,12923,51[CR],3015760453
F,54296,13298,12943,49[CR],3015760781
C,13624,978,12964,54[CR],3015761218
F,54832,13297,12984,60[CR],3015761546
C,13544,1008,13005,51[CR],3015761984
F,53256,13266,13025,54[CR],3015762421
C,13562,1014,13045,47[CR],3015762750
F,54992,13265,13066,51[CR],3015763187
C,13700,1014,13086,54[CR],3015763515
F,55288,13251,13107,49[CR],3015763953
C,13694,1020,13127,51[CR],3015764281
F,55120,13270,13147,60[CR],3015764718
C,13711,1018,13168,51[CR],3015765156
F,56384,13279,13188,57[CR],3015765484
A,33956,57000,13209,47[CR],3015765921
F,57448,13338,13229,51[CR],3015766250
C,13714,1020,13250,60[CR],3015766687
F,55432,13300,13270,49[CR],3015767015
C,13754,1018,13290,54[CR],3015767453
F,57448,13305,13311,44[CR],3015767890
C,13736,1020,13331,51[CR],3015768218
F,57200,13284,13352,57[CR],3015768656
C,13769,1024,13372,49[CR],3015768984
F,56728,13301,13393,51[CR],3015769421
C,13717,1064,13413,57[CR],3015769750
F,57616,13271,13434,49[CR],3015770187
C,13744,1052,13454,54[CR],3015770625
F,55928,13247,13474,47[CR],3015770953
C,13708,1100,13495,51[CR],3015771390
F,57080,13279,13515,57[CR],3015771718
A,33968,57920,13535,49[CR],3015772156
F,57080,13276,13556,54[CR],3015772484
C,13658,1048,13576,41[CR],3015772921
F,54992,13278,13597,51[CR],3015773359
C,13680,1086,13617,54[CR],3015773687
F,55704,13271,13637,49[CR],3015774125
C,13706,1112,13658,51[CR],3015774453
F,56600,13275,13677,60[CR],3015774890
C,13696,1112,13697,51[CR],3015775218
F,55912,13247,13718,54[CR],3015775656
C,13671,1114,13738,49[CR],3015776093
F,56160,13256,13749,12[CR],3015776421
C,13764,1110,13750,2[CR],3015776859
F,53736,13130,13750,1[CR],3015777187
C,13298,1106,13750,0[CR],3015777625
F,48848,13061,13750,0[CR],3015777953
A,33972,48808,13750,0[CR],3015778390
F,48536,13025,13750,0[CR],3015778859
C,13186,1106,13750,0[CR],3015779156
F,47032,13029,13750,0[CR],3015779593
C,13188,1112,13750,0[CR],3015779921
F,47208,13033,13750,4[CR],3015780359
C,13193,1112,13750,1[CR],3015780687
F,47512,13030,13750,1[CR],3015781234
Z,0,0,13750,0[CR],3015781781
Z,0,0,13750,0[CR],3015782218
Z,0,0,13750,0[CR],3015782765
Z,0,0,13750,0[CR],3015783203
Z,0,0,13750,0[CR],3015783750
Z,0,0,13750,0[CR],3015784296
Z,0,0,13750,0[CR],3015784734
Z,0,0,13750,0[CR],3015785281
Z,0,0,13750,0[CR],3015785718
Z,0,0,13750,0[CR],3015786265
Z,0,0,13750,0[CR],3015786703
Z,0,0,13750,0[CR],3015787250
Z,0,0,13750,0[CR],3015787687
Z,0,0,13750,0[CR],3015788234
Z,0,0,13750,0[CR],3015788781
Z,0,0,13750,0[CR],3015789218
Z,0,0,13750,0[CR],3015789765
Z,0,0,13750,0[CR],3015790203
Z,0,0,13750,0[CR],3015790750
Z,0,0,13750,0[CR],3015790859
F,45152,12979,13750,0[CR],3015791406
Z,0,0,13750,0[CR],3015791843
Z,0,0,13750,0[CR],3015792390
Z,0,0,13750,0[CR],3015792937
Z,0,0,13750,0[CR],3015793375
Z,0,0,13750,0[CR],3015793921
Z,0,0,13750,0[CR],3015794359
Z,0,0,13750,0[CR],3015794906
Z,0,0,13750,0[CR],3015795343
Z,0,0,13750,0[CR],3015795890
Z,0,0,13750,0[CR],3015796437
Z,0,0,13750,0[CR],3015796875
Z,0,0,13750,0[CR],3015797421
Z,0,0,13750,0[CR],3015797859
Z,0,0,13750,0[CR],3015798406
Z,0,0,13750,0[CR],3015798843
Z,0,0,13750,0[CR],3015799390
Z,0,0,13750,0[CR],3015799937
Z,0,0,13750,0[CR],3015800375
Z,0,0,13750,30[CR],3015800921
Z,0,0,13750,1[CR],3015801359
Z,0,0,13750,60[CR],3015801906
Z,0,0,13758,68[CR],3015802453
Z,0,0,13774,12[CR],3015802562
F,46560,13091,13774,3[CR],3015803000
A,33928,49648,13774,1[CR],3015803437
F,49472,13090,13774,0[CR],3015803765
C,13325,1112,13774,0[CR],3015804203
F,48992,13076,13774,0[CR],3015804531
C,13299,1108,13774,0[CR],3015804968
F,48720,13070,13774,0[CR],3015805296
C,13287,1112,13778,79[CR],3015805734
F,48544,13065,13783,3[CR],3015806171
C,13688,1114,13783,1[CR],3015806500
F,52832,13165,13784,0[CR],3015806937
C,13450,1090,13784,0[CR],3015807265
F,52088,13141,13784,0[CR],3015807703
C,13406,1110,13784,0[CR],3015808031
F,51560,13127,13784,0[CR],3015808468
C,13380,1092,13784,0[CR],3015808796
F,51216,13117,13784,0[CR],3015809234
A,33900,51032,13791,35[CR],3015809671
F,50936,13218,13808,49[CR],3015810000
C,13694,1112,13828,51[CR],3015810437
F,56232,13321,13848,54[CR],3015810765
C,13727,1112,13869,51[CR],3015811203
F,55152,13242,13889,54[CR],3015811531
C,13658,1112,13909,47[CR],3015811968
F,55416,13302,13929,54[CR],3015812406
C,13649,1110,13949,47[CR],3015812734
F,55952,13282,13969,51[CR],3015813171
C,13629,1110,13989,54[CR],3015813500
F,55744,13283,14010,49[CR],3015813937
C,13696,1112,14030,54[CR],3015814265
F,55832,13245,14050,47[CR],3015814703
C,13788,1114,14070,49[CR],3015815140
F,56920,13264,14090,57[CR],3015815468
A,33884,56624,14111,51[CR],3015815906
F,55968,13333,14132,49[CR],3015816265
C,13657,1108,14151,60[CR],3015816671
F,53608,13268,14172,49[CR],3015817000
C,13797,1112,14192,54[CR],3015817437
F,56064,13287,14213,49[CR],3015817875
C,13685,1112,14233,51[CR],3015818203
F,52608,13255,14254,57[CR],3015818640
C,13740,1136,14275,51[CR],3015818968
F,55424,13270,14296,54[CR],3015819406
C,13719,1130,14315,51[CR],3015819734
F,56352,13274,14335,51[CR],3015820171
C,13842,1148,14356,57[CR],3015820609
F,56368,13261,14376,49[CR],3015820937
C,13758,1162,14396,54[CR],3015821375
F,56480,13310,14417,57[CR],3015821703
A,33900,57016,14437,51[CR],3015822140
F,57016,13308,14457,54[CR],3015822468
C,13712,1168,14477,47[CR],3015822906
F,56976,13273,14498,51[CR],3015823343
C,13742,1190,14518,57[CR],3015823671
F,55520,13257,14539,49[CR],3015824109
C,13814,1178,14559,54[CR],3015824437
F,57608,13262,14579,51[CR],3015824875
C,13782,1180,14600,51[CR],3015825203
F,55400,13289,14620,57[CR],3015825640
C,13733,1174,14640,51[CR],3015826078
F,56592,13358,14661,51[CR],3015826406
C,13749,1194,14681,47[CR],3015826843
F,58128,13348,14701,47[CR],3015827171
C,13877,1204,14721,54[CR],3015827609
F,56816,13309,14742,49[CR],3015827937
A,33908,56712,14762,54[CR],3015828375
F,57184,13277,14783,57[CR],3015828812
C,13761,1212,14803,51[CR],3015829140
F,57704,13296,14823,54[CR],3015829578
C,13752,1212,14843,44[CR],3015829906
F,57896,13271,14864,49[CR],3015830343
C,13745,1262,14885,57[CR],3015830671
F,56336,13272,14905,49[CR],3015831109
C,13732,1260,14926,51[CR],3015831546
F,57456,13280,14945,44[CR],3015831875
C,13701,1268,14966,49[CR],3015832312
F,56960,13288,14986,54[CR],3015832640
C,13731,1272,15006,49[CR],3015833078
F,59160,13317,15027,54[CR],3015833406
C,13963,1264,15047,60[CR],3015833843
F,57208,13302,15067,51[CR],3015834281
A,33928,58088,15087,57[CR],3015834609
F,58872,13295,15108,49[CR],3015835046
C,13790,1266,15128,54[CR],3015835375
F,59784,13321,15148,60[CR],3015835812
C,13859,1268,15169,49[CR],3015836250
F,57728,13345,15189,57[CR],3015836578
C,13833,1276,15209,44[CR],3015837015
F,59248,13350,15230,51[CR],3015837343
C,13943,1274,15250,60[CR],3015837781
F,58360,13328,15270,49[CR],3015838109
C,13860,1266,15291,54[CR],3015838546
F,58752,13313,15311,44[CR],3015838984
C,13804,1274,15331,51[CR],3015839312
F,60176,13319,15351,54[CR],3015839750
C,13857,1250,15372,49[CR],3015840078
F,59888,13321,15392,51[CR],3015840515
A,33884,59304,15412,51[CR],3015840843
F,59416,13305,15433,49[CR],3015841281
C,13895,1264,15453,54[CR],3015841718
F,62200,13347,15473,47[CR],3015842046
C,14035,1272,15493,51[CR],3015842484
F,58784,13399,15512,44[CR],3015842812
C,14001,1264,15533,51[CR],3015843250
F,60256,13357,15553,57[CR],3015843578
C,13933,1270,15573,49[CR],3015844015
F,60592,13409,15594,54[CR],3015844453
C,13986,1286,15614,47[CR],3015844781
F,60744,13341,15634,49[CR],3015845218
C,13959,1298,15654,57[CR],3015845546
F,59936,13318,15675,47[CR],3015845984
C,13899,1284,15695,54[CR],3015846312
F,60056,13405,15715,47[CR],3015846750
A,33888,61192,15735,51[CR],3015847187
F,60848,13335,15748,8[CR],3015847515
C,13903,1316,15750,3[CR],3015847953
F,60184,13205,15750,1[CR],3015848281
C,13646,1326,15750,0[CR],3015848718
F,56472,13120,15750,0[CR],3015849046
C,13563,1306,15750,0[CR],3015849484
F,55720,13106,15750,0[CR],3015849921
C,13527,1310,15750,0[CR],3015850250
F,53936,13083,15750,0[CR],3015850687
C,13452,1330,15750,0[CR],3015851015
F,54064,13080,15750,0[CR],3015851453
C,13447,1314,15750,0[CR],3015851781
F,53976,13077,15750,0[CR],3015852218
C,13435,1310,15750,0[CR],3015852656
F,53912,13075,15750,0[CR],3015853093
Z,0,0,15750,0[CR],3015853640
Z,0,0,15750,0[CR],3015854078
Z,0,0,15750,0[CR],3015854625
Z,0,0,15750,0[CR],3015855171
Z,0,0,15750,0[CR],3015855609
Z,0,0,15750,0[CR],3015856156
Z,0,0,15750,0[CR],3015856593
Z,0,0,15750,0[CR],3015857140
Z,0,0,15750,0[CR],3015857578
Z,0,0,15750,0[CR],3015858125
Z,0,0,15750,0[CR],3015858671
Z,0,0,15750,0[CR],3015859109
Z,0,0,15750,0[CR],3015859656
Z,0,0,15750,0[CR],3015860093
Z,0,0,15750,0[CR],3015860640
Z,0,0,15750,0[CR],3015861187
Z,0,0,15750,0[CR],3015861625
Z,0,0,15750,0[CR],3015862171
Z,0,0,15750,0[CR],3015862609
Z,0,0,15750,0[CR],3015863156
Z,0,0,15750,0[CR],3015863703
Z,0,0,15750,0[CR],3015864140
Z,0,0,15750,0[CR],3015864687
Z,0,0,15750,0[CR],3015865125
Z,0,0,15750,0[CR],3015865671
Z,0,0,15750,0[CR],3015866109
Z,0,0,15750,0[CR],3015866656
Z,0,0,15750,0[CR],3015867203
Z,0,0,15750,0[CR],3015867640
Z,0,0,15750,0[CR],3015868187
Z,0,0,15750,0[CR],3015868625
Z,0,0,15750,0[CR],3015869171
Z,0,0,15750,0[CR],3015869609
Z,0,0,15750,0[CR],3015870156
Z,0,0,15750,0[CR],3015870703
Z,0,0,15750,0[CR],3015871140
Z,0,0,15750,0[CR],3015871687
Z,0,0,15750,0[CR],3015872125
Z,0,0,15750,0[CR],3015872671
Z,0,0,15750,0[CR],3015873109
Z,0,0,15750,0[CR],3015873656
Z,0,0,15750,0[CR],3015874203
Z,0,0,15750,0[CR],3015874640
Z,0,0,15750,0[CR],3015875187
Z,0,0,15750,73[CR],3015875625
Z,0,0,15758,57[CR],3015876062
F,51424,13036,15767,12[CR],3015876390
C,13423,1294,15767,2[CR],3015876828
F,56016,13138,15767,1[CR],3015877265
C,13529,1294,15767,0[CR],3015877593
F,55248,13121,15767,0[CR],3015878031
A,33848,54984,15767,0[CR],3015878359
F,54864,13114,15767,0[CR],3015878796
C,13475,1286,15767,0[CR],3015879125
F,54616,13111,15767,0[CR],3015879562
C,13463,1302,15774,20[CR],3015880000
F,54384,13335,15776,2[CR],3015880328
C,13818,1308,15776,1[CR],3015880765
F,58616,13167,15776,0[CR],3015881093
C,13638,1314,15776,0[CR],3015881531
F,56488,13132,15776,0[CR],3015881859
C,13588,1306,15776,0[CR],3015882296
F,55712,13121,15776,0[CR],3015882734
C,13562,1292,15776,0[CR],3015883062
F,55296,13115,15776,0[CR],3015883500
C,13545,1288,15792,51[CR],3015883828
F,58968,13344,15811,54[CR],3015884265
A,33848,60392,15831,49[CR],3015884593
F,61112,13352,15851,54[CR],3015885031
C,13907,1290,15871,47[CR],3015885468
F,60688,13340,15891,51[CR],3015885796
C,13898,1298,15911,43[CR],3015886234
F,61464,13370,15931,51[CR],3015886562
C,13981,1324,15951,57[CR],3015887000
F,61520,13369,15971,49[CR],3015887328
C,13923,1324,15991,51[CR],3015887765
F,64104,13401,16011,44[CR],3015888203
C,14100,1334,16032,51[CR],3015888531
F,63696,13382,16052,54[CR],3015888968
C,13961,1334,16072,49[CR],3015889296
F,63168,13385,16092,54[CR],3015889734
C,13921,1338,16113,44[CR],3015890062
F,62088,13351,16133,51[CR],3015890500
A,33836,61304,16154,57[CR],3015890937
F,61904,13361,16174,49[CR],3015891328
C,13925,1358,16184,5[CR],3015891703
F,62472,13279,16184,1[CR],3015892046
C,13124,1380,16184,1[CR],3015892468
F,46536,12970,16184,0[CR],3015892796
C,13152,1384,16184,0[CR],3015893234
F,47312,12975,16184,0[CR],3015893671
C,13155,1372,16184,0[CR],3015894000
F,47480,12976,16184,0[CR],3015894437
C,13154,1362,16184,0[CR],3015894765
F,47568,12978,16184,0[CR],3015895203
C,13153,1356,16184,0[CR],3015895531
F,47592,12977,16184,0[CR],3015895968
C,13150,1354,16184,0[CR],3015896406
F,47568,12977,16184,0[CR],3015896734
A,33832,47544,16184,0[CR],3015897171
F,47520,12977,16184,0[CR],3015897500
C,13146,1350,16184,0[CR],3015897937
F,47504,12977,16184,0[CR],3015898265
C,13145,1364,16184,0[CR],3015898703
F,47464,12976,16184,0[CR],3015899140
C,13144,1390,16184,0[CR],3015899468
F,47432,12974,16184,0[CR],3015899906
C,13142,1372,16184,0[CR],3015900234
F,47408,12972,16184,0[CR],3015900671
C,13141,1376,16184,0[CR],3015901000
F,47376,12973,16184,0[CR],3015901437
C,13139,1366,16184,0[CR],3015901765
F,47336,12972,16184,0[CR],3015902203
C,13139,1366,16184,0[CR],3015902640
F,47312,12970,16184,0[CR],3015902968
A,33828,47296,16184,0[CR],3015903406
F,47272,12970,16184,0[CR],3015903734
C,13136,1372,16184,0[CR],3015904171
F,47264,12968,16184,0[CR],3015904609
C,13134,1372,16184,0[CR],3015904937
F,47224,12968,16184,0[CR],3015905375
C,13134,1356,16184,0[CR],3015905703
F,47216,12967,16184,0[CR],3015906140
C,13133,1374,16184,0[CR],3015906468
F,47176,12966,16184,0[CR],3015906906
C,13132,1380,16184,0[CR],3015907343
F,47160,12966,16184,0[CR],3015907671
C,13130,1372,16184,0[CR],3015908109
F,47144,12966,16184,0[CR],3015908437
C,13130,1348,16184,0[CR],3015908875
F,47120,12965,16184,0[CR],3015909203
A,33816,47080,16184,0[CR],3015909640
F,47064,12965,16184,0[CR],3015909968
C,13127,1354,16184,0[CR],3015910406
F,47080,12964,16184,0[CR],3015910843
C,13126,1360,16184,0[CR],3015911171
F,47056,12964,16184,0[CR],3015911609
C,13125,1370,16184,0[CR],3015911937
F,47032,12963,16184,0[CR],3015912375
C,13125,1360,16184,0[CR],3015912703
F,47016,12964,16184,0
<PAUSE BUTTON 10:54:17>
[CR],3015913140
C,13124,1348,16184,0[CR],3015913250
>[CR],3015913250
>
Reset interface. Wait time for interface: 125
>
Reset interface. Wait time for interface: 31DOFF
OK
>
Command: DOFF Wait time for interface: 110

>
Reset interface. Wait time for interface: 94CLEAR
OK
>
Command: CLEAR Wait time for interface: 109

<END BUTTON 11:00:37>

------------------- Begin end zero test --------------------
>
Reset interface. Wait time for interface: 125SCANG
Z,0,0,0,0
F,11942,12670,0,0[CR],3016309968
C,12082,7110,0,0[CR],3016310406
F,11951,12670,0,0[CR],3016310843
C,12083,6436,0,0[CR],3016311171
F,11960,12671,0,0[CR],3016311640
C,12082,6390,0,0[CR],3016311984
F,11958,12670,0,0[CR],3016312328
C,12082,6374,0,0[CR],3016312796
F,11956,12670,0,0[CR],3016313140
C,12083,6674,0,0[CR],3016313593
F,11959,12670,0,0[CR],3016313937
C,12083,6564,0,0[CR],3016314265
F,11950,12669,0,0[CR],3016314718
C,12083,6534,0,0[CR],3016315156
F,11949,12670,0,0[CR],3016315484
A,33944,11948,0,0[CR],3016315921
F,11930,12671,0,0[CR],3016316265
C,12082,6642,0,0[CR],3016316625
F,11947,12670,0,0[CR],3016317078
C,12082,6504,0,0[CR],3016317406
F,11952,12671,0,0[CR],3016317843
C,12082,6778,0,0[CR],3016318171
F,11947,12670,0,0[CR],3016318609
C,12082,6608,0,0[CR],3016319046
F,11944,12669,0,0[CR],3016319375
C,12083,6658,0,0[CR],3016319812
F,11944,12669,0,0[CR],3016320140
C,12082,6628,0,0[CR],3016320578
F,11941,12670,0,0[CR],3016320906
C,12082,6766,0,0[CR],3016321343
F,11942,12670,0,0[CR],3016321781
A,33996,11947,0,0[CR],3016322109
F,11931,12671,0,0[CR],3016322546
C,12082,6212,0,0[CR],3016322875
F,11945,12671,0,0[CR],3016323312
C,12083,6318,0,0[CR],3016323640
F,11939,12671,0,0[CR],3016324078
C,12082,6258,0,0[CR],3016324515
F,11943,12670,0,0[CR],3016324843
C,12081,6560,0,0[CR],3016325281
F,11931,12658,0,0[CR],3016325609
C,12112,6280,0,0[CR],3016326046
F,12320,12644,0,0[CR],3016326375
C,12101,6868,0,0[CR],3016326812
F,12121,12647,0,0[CR],3016327250
C,12101,7166,0,0[CR],3016327578
F,12072,12647,0,0[CR],3016328015
A,33964,12052,0,0[CR],3016328343
F,12037,12648,0,0[CR],3016328781
C,12100,7190,0,0[CR],3016329109
F,12041,12647,0,0[CR],3016329546
C,12099,7338,0,0[CR],3016329984
F,12036,12648,0,0[CR],3016330312
C,12099,6570,0,0[CR],3016330750
F,12033,12648,0,0[CR],3016330750
>
Reset interface. Wait time for interface: 47

======== END OF TEST ========


