CPT-log version: 5.22
======== BEGIN OF TEST ========
DATE 20.09.2022

<Transmited Data>
<NEW BUTTON 13:23:53>
[^C][CR]
[^C][CR]
[^C][CR]
CLEAR[CR]
[^C][CR]
DOFF[CR]
[^C][CR]
SCANG[CR]
[^C][CR]
[^C][CR]
CLEAR[CR]

<START BUTTON 13:28:21>
[^C][CR]
[^C][CR]
DRON[CR]
SCANG[CR]

<PAUSE BUTTON 13:39:57>
[^C][CR]
[^C][CR]
DOFF[CR]
[^C][CR]
CLEAR[CR]

<END BUTTON 13:47:15>
[^C][CR]
SCANG[CR]
[^C][CR]


<Received Data>
<NEW BUTTON 13:23:53>

>
Reset interface. Wait time for interface: 109
>
Reset interface. Wait time for interface: 109
>
Reset interface. Wait time for interface: 110CLEAR
OK
>
Command: CLEAR Wait time for interface: 109

>
Reset interface. Wait time for interface: 109DOFF
OK
>
Command: DOFF Wait time for interface: 110

>
Reset interface. Wait time for interface: 47SCANG
Z,0,0,0,0
Z,0,0,0,0[CR],2420147468
Z,0,0,0,0[CR],2420148015
Z,0,0,0,0[CR],2420148562
Z,0,0,0,0[CR],2420149000
Z,0,0,0,0[CR],2420149546
Z,0,0,0,0[CR],2420149984
Z,0,0,0,0[CR],2420150531
Z,0,0,0,0[CR],2420150968
Z,0,0,0,0[CR],2420151515
Z,0,0,0,0[CR],2420151625
C,12099,3734,0,0[CR],2420152062
F,12183,12710,0,0[CR],2420152500
A,36628,12178,0,0[CR],2420152828
F,12171,12711,0,0[CR],2420153265
C,12100,3312,0,0[CR],2420153609
F,12178,12710,0,0[CR],2420154187
Z,0,0,0,0[CR],2420154421
F,12186,12710,0,0[CR],2420154765
C,12100,1664,0,0[CR],2420155203
F,12179,12710,0,0[CR],2420155640
C,12100,1498,0,0[CR],2420155984
F,12184,12710,0,0[CR],2420156328
C,12100,1406,0,0[CR],2420156781
F,12185,12710,0,0[CR],2420157109
C,12100,1296,0,0[CR],2420157546
F,12187,12709,0,0[CR],2420157890
C,12100,1306,0,0[CR],2420158328
F,12186,12710,0,0[CR],2420158671
A,36632,12183,0,0[CR],2420159140
F,12167,12711,0,0[CR],2420159468
C,12099,1316,0,0[CR],2420159578
>
Reset interface. Wait time for interface: 47
>
Reset interface. Wait time for interface: 32CLEAR
OK
>
Command: CLEAR Wait time for interface: 109

<START BUTTON 13:28:21>

>
Reset interface. Wait time for interface: 78
>
Reset interface. Wait time for interface: 110DRON
OK
>
Command: DRON Wait time for interface: 109
SCANG
F,13666,14104,0,0
A,36120,13665,0,0[CR],2420359078
F,13649,14103,0,0[CR],2420359515
C,13308,392,0,0[CR],2420359843
F,13666,14096,0,0[CR],2420360281
C,13307,386,0,0[CR],2420360718
F,13663,14093,0,0[CR],2420361046
C,13306,374,0,0[CR],2420361484
F,13654,14090,0,0[CR],2420361812
C,13305,384,0,0[CR],2420362250
F,13648,14083,0,0[CR],2420362578
C,13304,392,0,0[CR],2420363015
F,13651,14081,0,0[CR],2420363453
C,13302,404,0,0[CR],2420363781
F,13644,14075,0,0[CR],2420364218
C,13301,396,0,0[CR],2420364546
F,13643,14072,0,0[CR],2420364984
A,36044,13645,0,0[CR],2420365312
F,13630,14068,0,0[CR],2420365750
C,13299,380,0,0[CR],2420366187
F,13640,14060,0,0[CR],2420366515
C,13296,380,0,0[CR],2420366953
F,13631,14056,0,0[CR],2420367281
C,13296,384,0,0[CR],2420367718
F,13634,14059,0,0[CR],2420368046
C,13295,354,0,0[CR],2420368484
F,13634,14048,0,0[CR],2420368921
C,13293,366,0,0[CR],2420369250
F,13635,14046,0,0[CR],2420369687
C,13294,366,2,38[CR],2420370015
F,13629,14053,25,51[CR],2420370453
C,14661,370,46,57[CR],2420370781
F,13656,15068,64,57[CR],2420371218
A,36068,13778,86,54[CR],2420371656
F,13770,14326,107,60[CR],2420371984
C,18678,354,129,64[CR],2420372421
F,13768,14425,151,54[CR],2420372750
C,18990,392,174,54[CR],2420373187
F,13820,14456,196,57[CR],2420373515
C,19498,378,218,64[CR],2420373953
F,13807,14707,240,51[CR],2420374390
C,19488,388,263,57[CR],2420374718
F,13793,14838,285,57[CR],2420375156
C,18628,396,309,64[CR],2420375484
F,13795,14955,331,60[CR],2420375921
C,16462,430,354,54[CR],2420376250
F,13831,15586,376,57[CR],2420376687
C,14441,436,398,57[CR],2420377015
F,13843,16222,420,64[CR],2420377453
A,35996,13783,441,51[CR],2420377890
F,14043,17286,463,57[CR],2420378218
C,13389,426,485,60[CR],2420378656
F,14467,16160,507,51[CR],2420378984
C,13970,416,529,54[CR],2420379421
F,14706,14842,552,60[CR],2420379859
C,14421,422,576,60[CR],2420380187
F,14771,13929,599,60[CR],2420380625
C,13449,434,621,57[CR],2420380953
F,14817,13742,643,54[CR],2420381390
C,13004,426,666,57[CR],2420381718
F,14908,13906,688,60[CR],2420382156
C,12787,440,710,60[CR],2420382593
F,14994,13795,732,54[CR],2420382921
C,12740,440,753,57[CR],2420383359
F,15067,13613,775,57[CR],2420383687
A,35984,15120,797,64[CR],2420384125
F,15126,13420,819,54[CR],2420384453
C,12748,444,842,57[CR],2420384890
F,15204,13465,864,60[CR],2420385328
C,12748,444,886,64[CR],2420385656
F,15269,13552,908,54[CR],2420386093
C,12776,442,931,57[CR],2420386421
F,15350,13589,953,60[CR],2420386859
C,12810,440,976,64[CR],2420387187
F,15418,13648,998,49[CR],2420387625
C,12818,448,1022,57[CR],2420388062
F,15469,13711,1045,54[CR],2420388390
C,12822,446,1068,60[CR],2420388828
F,15550,13654,1095,57[CR],2420389156
C,12877,442,1116,54[CR],2420389593
F,15610,13696,1135,54[CR],2420389921
A,35912,15646,1157,57[CR],2420390359
F,15657,13791,1179,57[CR],2420390796
C,12914,500,1201,51[CR],2420391125
F,15749,13901,1224,54[CR],2420391562
C,12917,502,1246,57[CR],2420391890
F,15815,13924,1270,64[CR],2420392328
C,12921,508,1295,60[CR],2420392656
F,15913,14024,1317,57[CR],2420393093
C,13022,506,1339,47[CR],2420393531
F,15998,13880,1362,54[CR],2420393859
C,12983,498,1385,57[CR],2420394296
F,16099,13843,1407,60[CR],2420394625
C,12970,510,1429,60[CR],2420395062
F,16186,13749,1451,57[CR],2420395390
C,12930,504,1474,54[CR],2420395828
F,16241,13759,1496,57[CR],2420396265
A,35880,16301,1514,51[CR],2420396593
F,16319,13581,1537,57[CR],2420396968
C,13639,504,1559,57[CR],2420397359
F,16420,13853,1581,64[CR],2420397750
C,13259,500,1603,51[CR],2420398125
F,16428,13784,1626,57[CR],2420398562
C,13089,504,1648,60[CR],2420399000
F,16514,13588,1671,60[CR],2420399328
C,13065,506,1693,47[CR],2420399765
F,16650,13426,1715,54[CR],2420400093
C,13054,498,1738,54[CR],2420400531
F,16760,13475,1741,2[CR],2420400859
C,12994,500,1741,1[CR],2420401296
F,16842,13075,1741,0[CR],2420401734
C,12779,508,1741,0[CR],2420402062
F,16930,13065,1741,0[CR],2420402500
A,35824,16988,1741,0[CR],2420402828
F,17000,13060,1741,0[CR],2420403265
C,12744,500,1741,0[CR],2420403593
F,17098,13063,1741,0[CR],2420404031
C,12736,516,1741,0[CR],2420404468
F,17178,13062,1741,0[CR],2420404796
C,12728,510,1741,0[CR],2420405234
F,17252,13057,1741,0[CR],2420405562
C,12722,504,1741,0[CR],2420406000
F,17318,13058,1741,0[CR],2420406437
C,12719,504,1741,0[CR],2420406765
F,17396,13074,1741,0[CR],2420407203
C,12718,480,1741,0[CR],2420407531
F,17458,13071,1741,0[CR],2420407968
C,12714,494,1741,0[CR],2420408296
F,17524,13071,1741,0[CR],2420408734
A,35820,17578,1741,0[CR],2420409171
F,17580,13073,1741,0[CR],2420409500
C,12708,506,1741,0[CR],2420409937
F,17658,13075,1741,0[CR],2420410265
C,12706,508,1741,0[CR],2420410703
F,17720,13078,1741,0[CR],2420411031
C,12704,490,1741,0[CR],2420411468
F,17784,13069,1741,0[CR],2420411906
C,12699,510,1741,0[CR],2420412234
F,17836,13069,1741,0[CR],2420412671
C,12698,504,1741,0[CR],2420413000
F,17892,13074,1741,0[CR],2420413437
C,12696,498,1741,0[CR],2420413765
F,17972,13122,1741,0[CR],2420414203
C,12751,510,1741,0[CR],2420414531
F,18028,13066,1741,0[CR],2420414968
A,35720,18068,1741,0[CR],2420415406
F,18074,13061,1741,0[CR],2420415843
Z,0,0,1741,0[CR],2420416171
F,18146,12855,1741,0[CR],2420416609
Z,0,0,1741,0[CR],2420417156
Z,0,0,1741,4[CR],2420417703
Z,0,0,1741,1[CR],2420418140
Z,0,0,1741,0[CR],2420418687
Z,0,0,1741,0[CR],2420419125
Z,0,0,1741,0[CR],2420419671
Z,0,0,1741,0[CR],2420420218
Z,0,0,1741,0[CR],2420420656
Z,0,0,1741,0[CR],2420421203
Z,0,0,1741,0[CR],2420421640
Z,0,0,1741,0[CR],2420422187
Z,0,0,1741,0[CR],2420422625
Z,0,0,1741,0[CR],2420423171
Z,0,0,1741,0[CR],2420423718
Z,0,0,1741,0[CR],2420424156
Z,0,0,1741,0[CR],2420424703
Z,0,0,1741,0[CR],2420425140
Z,0,0,1741,0[CR],2420425687
Z,0,0,1741,0[CR],2420426125
Z,0,0,1741,0[CR],2420426671
Z,0,0,1741,0[CR],2420427218
Z,0,0,1741,0[CR],2420427656
Z,0,0,1741,0[CR],2420428203
Z,0,0,1741,0[CR],2420428640
Z,0,0,1741,0[CR],2420429187
Z,0,0,1741,0[CR],2420429625
Z,0,0,1741,0[CR],2420430171
Z,0,0,1741,0[CR],2420430718
Z,0,0,1741,0[CR],2420430937
F,19130,12916,1741,0[CR],2420431375
C,12603,502,1741,0[CR],2420431812
F,19166,12909,1741,0[CR],2420432140
C,12597,506,1741,0[CR],2420432687
Z,0,0,1741,0[CR],2420432906
C,12597,504,1741,0[CR],2420433453
Z,0,0,1741,0[CR],2420434000
Z,0,0,1741,0[CR],2420434109
F,19294,12958,1741,0[CR],2420434656
Z,0,0,1741,0[CR],2420435093
Z,0,0,1741,0[CR],2420435312
C,12603,498,1741,0[CR],2420435750
Z,0,0,1741,0[CR],2420436296
Z,0,0,1741,0[CR],2420436843
Z,0,0,1741,0[CR],2420437281
Z,0,0,1741,0[CR],2420437828
Z,0,0,1741,0[CR],2420438265
Z,0,0,1741,0[CR],2420438812
Z,0,0,1741,0[CR],2420439250
Z,0,0,1741,0[CR],2420439796
Z,0,0,1741,0[CR],2420440343
Z,0,0,1741,0[CR],2420440781
Z,0,0,1741,0[CR],2420441328
Z,0,0,1741,0[CR],2420441765
Z,0,0,1741,44[CR],2420442312
Z,0,0,1741,68[CR],2420442750
Z,0,0,1757,21[CR],2420443078
C,12584,486,1757,3[CR],2420443515
F,19812,13150,1757,1[CR],2420443843
C,12818,494,1757,0[CR],2420444281
F,19838,13129,1757,0[CR],2420444609
C,12785,504,1757,0[CR],2420445046
F,19888,13122,1757,0[CR],2420445484
C,12769,492,1757,0[CR],2420445812
F,19938,13123,1757,0[CR],2420446250
A,35616,19974,1764,9[CR],2420446578
F,19984,13479,1764,2[CR],2420447015
C,12927,498,1764,1[CR],2420447343
F,20116,13141,1764,0[CR],2420447781
C,12824,496,1764,0[CR],2420448218
F,20176,13140,1764,0[CR],2420448546
C,12798,500,1764,0[CR],2420448984
F,20244,13146,1764,0[CR],2420449312
C,12781,490,1764,0[CR],2420449750
F,20308,13148,1764,0[CR],2420450078
C,12771,496,1764,0[CR],2420450515
F,20372,13150,1764,0[CR],2420450953
C,12762,490,1770,64[CR],2420451281
F,20428,13426,1793,57[CR],2420451718
C,13104,496,1815,64[CR],2420452046
F,20664,13931,1838,51[CR],2420452484
A,35532,20772,1860,54[CR],2420452812
F,20804,14037,1883,57[CR],2420453250
C,13106,500,1905,60[CR],2420453687
F,20954,14089,1927,60[CR],2420454015
C,13089,500,1950,54[CR],2420454453
F,21100,13958,1973,57[CR],2420454781
C,13076,502,1995,60[CR],2420455218
F,21212,13903,2017,60[CR],2420455546
C,13129,526,2039,51[CR],2420455984
F,21316,13914,2062,51[CR],2420456421
C,13088,534,2085,57[CR],2420456750
F,21376,13993,2107,60[CR],2420457187
C,13056,532,2129,64[CR],2420457515
F,21480,14060,2152,54[CR],2420457953
C,13064,536,2174,54[CR],2420458281
F,21604,14091,2197,60[CR],2420458718
A,35500,21716,2220,57[CR],2420459156
F,21728,13972,2242,49[CR],2420459484
C,13082,544,2264,57[CR],2420459921
F,21748,14035,2287,57[CR],2420460250
C,13065,546,2309,60[CR],2420460687
F,21880,13942,2332,60[CR],2420461015
C,13153,528,2354,54[CR],2420461453
F,21928,13963,2377,57[CR],2420461781
C,13121,542,2399,57[CR],2420462218
F,22028,14032,2422,60[CR],2420462656
C,13168,562,2444,47[CR],2420462984
F,22168,14085,2466,54[CR],2420463421
C,13135,570,2489,57[CR],2420463750
F,22312,14143,2511,60[CR],2420464187
C,13216,572,2534,64[CR],2420464625
F,22394,14141,2556,51[CR],2420464953
A,35480,22374,2579,54[CR],2420465390
F,22452,14476,2601,57[CR],2420465718
C,13456,568,2623,64[CR],2420466156
F,22690,14705,2645,64[CR],2420466484
C,13384,576,2668,54[CR],2420466921
F,22250,14985,2690,57[CR],2420467359
C,13208,574,2712,60[CR],2420467687
F,22736,14445,2735,64[CR],2420468125
C,13226,574,2756,54[CR],2420468453
F,23042,14131,2779,57[CR],2420468890
C,13177,570,2802,60[CR],2420469218
F,23380,13679,2824,64[CR],2420469656
C,13211,572,2846,49[CR],2420470093
F,23686,13640,2869,54[CR],2420470421
C,13315,574,2892,60[CR],2420470859
F,23930,13670,2914,64[CR],2420471187
A,35444,24102,2936,64[CR],2420471625
F,24168,13631,2959,54[CR],2420471984
C,13226,574,2981,57[CR],2420472390
F,24476,13589,3004,60[CR],2420472828
C,13225,574,3026,64[CR],2420473156
F,24696,13619,3049,49[CR],2420473593
C,13191,578,3071,57[CR],2420473921
F,24860,13608,3094,57[CR],2420474375
C,13221,574,3116,60[CR],2420474703
F,25144,13634,3138,64[CR],2420475140
C,13352,580,3161,54[CR],2420475578
F,25468,13593,3184,54[CR],2420475906
C,13291,578,3206,60[CR],2420476343
F,25816,13584,3229,64[CR],2420476671
C,13351,572,3252,57[CR],2420477109
F,26136,13626,3274,54[CR],2420477437
A,35440,26380,3297,54[CR],2420477875
F,26456,13687,3320,57[CR],2420478312
C,13289,582,3342,60[CR],2420478640
F,26820,13695,3364,54[CR],2420479078
C,13356,584,3387,54[CR],2420479406
F,27172,13745,3409,57[CR],2420479843
C,13335,598,3431,57[CR],2420480171
F,27504,13723,3454,60[CR],2420480609
C,13288,620,3476,54[CR],2420481046
F,27828,13689,3498,57[CR],2420481375
C,13283,646,3520,60[CR],2420481812
F,28224,13711,3543,64[CR],2420482140
C,13347,638,3565,54[CR],2420482578
F,28584,13728,3588,57[CR],2420482906
C,13309,648,3610,57[CR],2420483343
F,28912,13734,3632,60[CR],2420483781
A,35368,29160,3654,49[CR],2420484109
F,29236,13745,3677,54[CR],2420484546
C,13277,646,3700,57[CR],2420484875
F,29592,13757,3722,60[CR],2420485312
C,13296,640,3737,11[CR],2420485640
F,29984,13694,3740,5[CR],2420486078
C,13229,636,3740,1[CR],2420486515
F,30028,13182,3740,1[CR],2420486843
C,13074,646,3740,0[CR],2420487281
F,30128,13156,3740,0[CR],2420487609
C,13038,642,3740,0[CR],2420488046
F,30276,13143,3740,0[CR],2420488375
C,13013,640,3740,0[CR],2420488812
F,30412,13193,3740,0[CR],2420489140
C,13034,640,3740,0[CR],2420489578
F,30600,13109,3740,0[CR],2420490015
A,35296,30684,3740,0[CR],2420490343
F,30708,13109,3740,0[CR],2420490703
C,12983,644,3740,0[CR],2420491109
F,30844,13097,3740,0[CR],2420491546
C,12964,646,3740,0[CR],2420491984
Z,0,0,3740,0[CR],2420492531
Z,0,0,3740,0[CR],2420493078
Z,0,0,3740,0[CR],2420493515
Z,0,0,3740,0[CR],2420494062
Z,0,0,3740,0[CR],2420494609
Z,0,0,3740,0[CR],2420495046
Z,0,0,3740,0[CR],2420495593
Z,0,0,3740,0[CR],2420496031
Z,0,0,3740,0[CR],2420496578
Z,0,0,3740,0[CR],2420497015
Z,0,0,3740,0[CR],2420497562
Z,0,0,3740,0[CR],2420498109
Z,0,0,3740,0[CR],2420498546
Z,0,0,3740,0[CR],2420499093
Z,0,0,3740,0[CR],2420499531
Z,0,0,3740,0[CR],2420500078
Z,0,0,3740,0[CR],2420500515
Z,0,0,3740,0[CR],2420501062
Z,0,0,3740,0[CR],2420501609
Z,0,0,3740,0[CR],2420502046
Z,0,0,3740,0[CR],2420502593
Z,0,0,3740,0[CR],2420503031
Z,0,0,3740,0[CR],2420503578
Z,0,0,3740,0[CR],2420504125
Z,0,0,3740,0[CR],2420504562
Z,0,0,3740,0[CR],2420505109
Z,0,0,3740,0[CR],2420505546
Z,0,0,3740,0[CR],2420506093
Z,0,0,3740,0[CR],2420506531
Z,0,0,3740,0[CR],2420507078
Z,0,0,3740,0[CR],2420507625
Z,0,0,3740,0[CR],2420508062
Z,0,0,3740,0[CR],2420508609
Z,0,0,3740,0[CR],2420509046
Z,0,0,3740,0[CR],2420509593
Z,0,0,3740,0[CR],2420510031
Z,0,0,3740,0[CR],2420510578
Z,0,0,3740,0[CR],2420511125
Z,0,0,3740,0[CR],2420511562
Z,0,0,3740,0[CR],2420512109
Z,0,0,3740,0[CR],2420512546
Z,0,0,3740,0[CR],2420513093
Z,0,0,3740,54[CR],2420513640
Z,0,0,3740,51[CR],2420514078
Z,0,0,3756,9[CR],2420514187
C,12784,640,3758,15[CR],2420514625
F,33072,13106,3759,3[CR],2420514953
A,35208,33392,3759,1[CR],2420515390
F,33380,13094,3759,0[CR],2420515718
C,12981,650,3759,0[CR],2420516156
F,33392,13077,3759,0[CR],2420516593
C,12960,648,3759,0[CR],2420516921
F,33416,13069,3759,0[CR],2420517359
C,12948,654,3759,0[CR],2420517687
F,33460,13061,3759,0[CR],2420518125
C,12939,664,3762,4[CR],2420518453
F,34056,13243,3765,7[CR],2420518890
C,13172,644,3766,3[CR],2420519328
F,34208,13201,3766,2[CR],2420519656
C,13132,646,3766,1[CR],2420520093
F,34184,13131,3766,0[CR],2420520421
C,13062,644,3766,0[CR],2420520859
F,34200,13112,3766,0[CR],2420521187
A,35188,34232,3766,0[CR],2420521625
F,34224,13108,3766,0[CR],2420522062
C,13011,654,3766,0[CR],2420522390
F,34276,13101,3782,57[CR],2420522828
C,13199,656,3805,60[CR],2420523156
F,35216,13781,3827,64[CR],2420523593
C,13355,666,3850,54[CR],2420523921
F,35560,13832,3872,54[CR],2420524359
C,13371,668,3895,57[CR],2420524796
F,35496,13893,3917,60[CR],2420525125
C,13257,668,3939,54[CR],2420525562
F,35888,13851,3962,54[CR],2420525890
C,13256,678,3985,57[CR],2420526328
F,36100,13826,4007,60[CR],2420526656
C,13264,704,4029,64[CR],2420527093
F,36200,13793,4052,54[CR],2420527531
A,35132,36468,4074,54[CR],2420527859
F,36360,13756,4097,60[CR],2420528203
C,13248,704,4119,64[CR],2420528625
F,36468,13796,4142,60[CR],2420529062
C,13256,708,4164,54[CR],2420529390
F,36944,13770,4187,54[CR],2420529828
C,13320,710,4209,60[CR],2420530265
F,37444,13736,4232,60[CR],2420530593
C,13303,710,4254,51[CR],2420531031
F,37668,13707,4277,54[CR],2420531359
C,13265,706,4299,60[CR],2420531796
F,37936,13744,4322,60[CR],2420532125
C,13296,700,4344,60[CR],2420532562
F,38320,13787,4367,51[CR],2420533000
C,13332,712,4389,54[CR],2420533328
F,38700,13787,4412,60[CR],2420533765
A,35080,38712,4434,60[CR],2420534093
F,38676,13752,4456,47[CR],2420534531
C,13258,710,4479,54[CR],2420534859
F,38804,13745,4501,57[CR],2420535296
C,13258,710,4524,60[CR],2420535734
F,38984,13749,4546,64[CR],2420536062
C,13259,716,4568,51[CR],2420536500
F,39028,13748,4591,54[CR],2420536828
C,13283,728,4614,60[CR],2420537265
F,39540,13733,4636,64[CR],2420537593
C,13331,756,4658,57[CR],2420538031
F,40116,13728,4681,54[CR],2420538468
C,13349,758,4703,57[CR],2420538796
F,40300,13726,4726,57[CR],2420539234
C,13322,774,4748,64[CR],2420539562
F,40452,13734,4771,51[CR],2420540000
A,35044,40616,4794,54[CR],2420540328
F,40696,13756,4816,54[CR],2420540765
C,13335,768,4839,57[CR],2420541203
F,40848,13760,4861,68[CR],2420541531
C,13339,776,4883,54[CR],2420541968
F,41016,13764,4906,54[CR],2420542296
C,13292,776,4929,57[CR],2420542734
F,41144,13774,4951,60[CR],2420543062
C,13341,784,4973,49[CR],2420543500
F,41576,13770,4996,54[CR],2420543937
C,13318,770,5019,57[CR],2420544265
F,41760,13747,5041,60[CR],2420544703
C,13332,778,5063,64[CR],2420545031
F,41880,13701,5086,57[CR],2420545468
C,13326,788,5108,54[CR],2420545796
F,41832,13693,5131,60[CR],2420546234
A,35024,41912,5154,60[CR],2420546671
F,42112,13708,5176,51[CR],2420547000
C,13279,806,5199,54[CR],2420547437
F,42240,13702,5222,57[CR],2420547765
C,13368,818,5244,57[CR],2420548203
F,42136,13670,5266,64[CR],2420548531
C,13326,848,5288,51[CR],2420548968
F,42192,13654,5311,57[CR],2420549406
C,13324,840,5334,57[CR],2420549734
F,42560,13622,5357,60[CR],2420550171
C,13273,844,5379,64[CR],2420550500
F,42056,13587,5401,54[CR],2420550937
C,13276,846,5424,54[CR],2420551265
F,42240,13562,5447,57[CR],2420551703
C,13272,844,5469,60[CR],2420552140
F,42624,13547,5491,49[CR],2420552468
A,34992,42704,5514,54[CR],2420552906
F,42584,13487,5536,57[CR],2420553234
C,13279,846,5559,60[CR],2420553671
F,42672,13462,5581,64[CR],2420554000
C,13320,848,5603,51[CR],2420554437
F,42712,13428,5626,54[CR],2420554875
C,13311,844,5648,60[CR],2420555203
F,42472,13437,5671,60[CR],2420555640
C,13287,850,5693,47[CR],2420555968
F,43376,13424,5716,54[CR],2420556406
C,13287,842,5737,25[CR],2420556734
F,42920,13396,5741,7[CR],2420557171
C,13220,842,5741,1[CR],2420557609
F,42312,13113,5741,1[CR],2420557937
C,13137,850,5741,0[CR],2420558375
F,41592,13080,5741,0[CR],2420558703
A,34960,41264,5741,0[CR],2420559140
F,41112,13073,5741,0[CR],2420559468
C,13076,858,5741,0[CR],2420559906
F,40528,13059,5741,0[CR],2420560343
C,13056,850,5741,0[CR],2420560671
F,40156,13048,5741,0[CR],2420561109
C,13041,846,5741,0[CR],2420561437
F,39776,13054,5741,0[CR],2420561875
C,13049,850,5741,0[CR],2420562203
F,39720,13025,5741,0[CR],2420562640
C,13049,844,5741,0[CR],2420563187
Z,0,0,5741,0[CR],2420563625
Z,0,0,5741,0[CR],2420564171
Z,0,0,5741,0[CR],2420564609
Z,0,0,5741,0[CR],2420565156
Z,0,0,5741,0[CR],2420565703
Z,0,0,5741,0[CR],2420566140
Z,0,0,5741,0[CR],2420566687
Z,0,0,5741,0[CR],2420567125
Z,0,0,5741,0[CR],2420567671
Z,0,0,5741,0[CR],2420568218
Z,0,0,5741,0[CR],2420568656
Z,0,0,5741,0[CR],2420569203
Z,0,0,5741,0[CR],2420569640
Z,0,0,5741,0[CR],2420570187
Z,0,0,5741,0[CR],2420570625
Z,0,0,5741,0[CR],2420571171
Z,0,0,5741,0[CR],2420571718
Z,0,0,5741,0[CR],2420572156
Z,0,0,5741,0[CR],2420572703
Z,0,0,5741,0[CR],2420573140
Z,0,0,5741,0[CR],2420573687
Z,0,0,5741,0[CR],2420574234
Z,0,0,5741,0[CR],2420574671
Z,0,0,5741,0[CR],2420575218
Z,0,0,5741,0[CR],2420575656
Z,0,0,5741,0[CR],2420576203
Z,0,0,5741,0[CR],2420576640
Z,0,0,5741,0[CR],2420577187
Z,0,0,5741,0[CR],2420577734
Z,0,0,5741,0[CR],2420578171
Z,0,0,5741,0[CR],2420578609
F,38572,12958,5741,0[CR],2420579046
C,12870,854,5741,0[CR],2420579484
F,38520,12954,5741,0[CR],2420579921
Z,0,0,5741,0[CR],2420580468
Z,0,0,5741,0[CR],2420580906
Z,0,0,5741,0[CR],2420581453
Z,0,0,5741,0[CR],2420581890
Z,0,0,5741,0[CR],2420582437
Z,0,0,5741,0[CR],2420582984
Z,0,0,5741,0[CR],2420583421
Z,0,0,5741,0[CR],2420583968
Z,0,0,5741,0[CR],2420584406
Z,0,0,5741,0[CR],2420584953
Z,0,0,5741,0[CR],2420585390
Z,0,0,5741,0[CR],2420585937
Z,0,0,5741,0[CR],2420586484
Z,0,0,5741,0[CR],2420586921
Z,0,0,5741,0[CR],2420587468
Z,0,0,5741,0[CR],2420587906
Z,0,0,5741,0[CR],2420588453
Z,0,0,5741,0[CR],2420588890
Z,0,0,5741,0[CR],2420589437
Z,0,0,5741,0[CR],2420589984
Z,0,0,5741,26[CR],2420590421
Z,0,0,5741,73[CR],2420590968
Z,0,0,5749,47[CR],2420591406
Z,0,0,5757,10[CR],2420591515
C,12859,846,5757,5[CR],2420591953
F,38692,13096,5757,1[CR],2420592281
C,13048,852,5757,1[CR],2420592718
F,38852,13028,5757,0[CR],2420593046
C,13022,850,5757,0[CR],2420593484
F,38748,13023,5757,0[CR],2420593921
C,13009,850,5757,0[CR],2420594250
F,38628,13016,5757,0[CR],2420594687
C,13000,842,5757,0[CR],2420595015
F,38612,13014,5761,9[CR],2420595453
C,13005,850,5764,3[CR],2420595781
F,40232,13125,5764,2[CR],2420596218
A,34808,40372,5764,1[CR],2420596656
F,40352,13080,5764,0[CR],2420596984
C,13115,846,5764,0[CR],2420597421
F,40340,13080,5764,0[CR],2420597750
C,13098,844,5764,0[CR],2420598187
F,40308,13073,5764,0[CR],2420598515
C,13087,840,5764,0[CR],2420598953
F,40232,13071,5764,0[CR],2420599390
C,13074,844,5764,0[CR],2420599718
F,40148,13066,5764,0[CR],2420600156
C,13061,854,5764,0[CR],2420600484
F,40064,13063,5764,0[CR],2420600921
C,13055,848,5771,51[CR],2420601250
F,39984,13217,5792,60[CR],2420601687
C,13298,844,5815,64[CR],2420602125
F,41752,13366,5837,51[CR],2420602453
A,34756,42320,5860,54[CR],2420602890
F,42512,13311,5883,57[CR],2420603218
C,13317,858,5905,60[CR],2420603656
F,42544,13254,5927,64[CR],2420603984
C,13264,850,5950,54[CR],2420604421
F,42176,13228,5973,57[CR],2420604859
C,13261,866,5995,60[CR],2420605187
F,42488,13182,6018,64[CR],2420605625
C,13245,888,6040,54[CR],2420605953
F,42824,13195,6063,54[CR],2420606390
C,13221,876,6085,57[CR],2420606718
F,43040,13166,6108,60[CR],2420607156
C,13225,902,6130,64[CR],2420607593
F,43136,13159,6153,54[CR],2420607921
C,13262,910,6176,54[CR],2420608359
F,43296,13170,6198,57[CR],2420608687
A,34796,43248,6221,60[CR],2420609125
F,43112,13142,6243,64[CR],2420609453
C,13269,914,6266,54[CR],2420609890
F,43832,13149,6288,54[CR],2420610328
C,13256,902,6311,60[CR],2420610671
F,44000,13185,6334,64[CR],2420611093
C,13317,914,6356,47[CR],2420611421
F,43144,13153,6378,54[CR],2420611859
C,13283,924,6401,60[CR],2420612187
F,43440,13129,6423,60[CR],2420612625
C,13345,914,6446,64[CR],2420613062
F,43944,13194,6468,49[CR],2420613390
C,13326,914,6491,54[CR],2420613828
F,43800,13211,6514,60[CR],2420614156
C,13318,924,6536,60[CR],2420614593
F,44192,13144,6558,64[CR],2420614921
A,34708,44072,6581,54[CR],2420615359
F,43440,13202,6603,54[CR],2420615796
C,13246,944,6626,60[CR],2420616125
F,42144,13124,6648,60[CR],2420616562
C,13286,986,6670,49[CR],2420616890
F,43920,13171,6693,54[CR],2420617328
C,13284,982,6716,57[CR],2420617656
F,43592,13134,6738,60[CR],2420618093
C,13310,976,6761,64[CR],2420618531
F,43888,13125,6783,49[CR],2420618859
C,13296,980,6806,54[CR],2420619296
F,44184,13143,6828,57[CR],2420619625
C,13339,984,6851,64[CR],2420620062
F,44752,13160,6873,60[CR],2420620390
C,13297,978,6896,54[CR],2420620828
F,44264,13179,6919,57[CR],2420621265
A,34676,44312,6941,60[CR],2420621593
F,43752,13168,6963,64[CR],2420621968
C,13242,984,6986,54[CR],2420622359
F,43968,13175,7009,54[CR],2420622796
C,13343,984,7031,57[CR],2420623125
F,44232,13155,7054,60[CR],2420623562
C,13295,982,7076,64[CR],2420624000
F,44680,13136,7098,54[CR],2420624328
C,13308,992,7121,57[CR],2420624765
F,43888,13147,7144,60[CR],2420625093
C,13294,1040,7166,64[CR],2420625531
F,43840,13180,7189,51[CR],2420625859
C,13282,1018,7211,54[CR],2420626296
F,45192,13155,7234,57[CR],2420626734
C,13312,1034,7256,60[CR],2420627062
F,44192,13116,7279,64[CR],2420627500
A,34656,44480,7301,51[CR],2420627828
F,44568,13115,7324,54[CR],2420628265
C,13305,1046,7346,60[CR],2420628593
F,45040,13185,7369,60[CR],2420629031
C,13331,1054,7391,60[CR],2420629468
F,45376,13174,7414,54[CR],2420629796
C,13325,1048,7437,57[CR],2420630234
F,45544,13135,7459,57[CR],2420630562
C,13364,1056,7482,60[CR],2420631000
F,45600,13184,7504,54[CR],2420631328
C,13366,1056,7527,54[CR],2420631765
F,45512,13149,7550,57[CR],2420632203
C,13292,1052,7572,57[CR],2420632531
F,44032,13209,7595,60[CR],2420632968
C,13366,1060,7617,47[CR],2420633296
F,45800,13194,7640,54[CR],2420633734
A,34640,45776,7662,57[CR],2420634062
F,45656,13158,7685,60[CR],2420634500
C,13369,1068,7707,64[CR],2420634937
F,45904,13164,7729,54[CR],2420635265
C,13291,1064,7737,5[CR],2420635703
F,43928,13037,7738,2[CR],2420636031
C,13092,1092,7740,4[CR],2420636468
F,43096,13032,7741,2[CR],2420636796
C,13139,1068,7741,1[CR],2420637234
F,43016,12996,7741,0[CR],2420637671
C,13045,1070,7741,0[CR],2420638000
F,42288,12981,7741,0[CR],2420638437
C,13022,1098,7741,0[CR],2420638765
F,41904,12971,7741,0[CR],2420639203
C,13009,1090,7741,0[CR],2420639531
F,42072,12976,7741,0[CR],2420639968
A,34608,41696,7741,0[CR],2420640406
F,41568,12963,7741,0[CR],2420640734
C,12994,1052,7741,0[CR],2420641171
F,41328,12957,7741,0[CR],2420641609
Z,0,0,7741,0[CR],2420642156
Z,0,0,7741,0[CR],2420642703
Z,0,0,7741,0[CR],2420643140
Z,0,0,7741,0[CR],2420643687
Z,0,0,7741,0[CR],2420644125
Z,0,0,7741,0[CR],2420644671
Z,0,0,7741,0[CR],2420645218
Z,0,0,7741,0[CR],2420645656
Z,0,0,7741,0[CR],2420646203
Z,0,0,7741,0[CR],2420646640
Z,0,0,7741,0[CR],2420647187
Z,0,0,7741,0[CR],2420647734
Z,0,0,7741,0[CR],2420648171
Z,0,0,7741,0[CR],2420648718
Z,0,0,7741,0[CR],2420649156
Z,0,0,7741,0[CR],2420649703
Z,0,0,7741,0[CR],2420650250
Z,0,0,7741,0[CR],2420650687
Z,0,0,7741,0[CR],2420651234
Z,0,0,7741,0[CR],2420651671
Z,0,0,7741,0[CR],2420652218
Z,0,0,7741,0[CR],2420652656
Z,0,0,7741,0[CR],2420653203
Z,0,0,7741,0[CR],2420653750
Z,0,0,7741,0[CR],2420654187
Z,0,0,7741,0[CR],2420654734
Z,0,0,7741,0[CR],2420655171
Z,0,0,7741,0[CR],2420655718
Z,0,0,7741,0[CR],2420656156
Z,0,0,7741,0[CR],2420656703
Z,0,0,7741,0[CR],2420657250
Z,0,0,7741,0[CR],2420657687
Z,0,0,7741,0[CR],2420658234
Z,0,0,7741,0[CR],2420658671
Z,0,0,7741,0[CR],2420659218
Z,0,0,7741,0[CR],2420659656
Z,0,0,7741,0[CR],2420660203
Z,0,0,7741,0[CR],2420660750
Z,0,0,7741,0[CR],2420661187
Z,0,0,7741,0[CR],2420661734
Z,0,0,7741,0[CR],2420662171
Z,0,0,7741,0[CR],2420662718
Z,0,0,7741,0[CR],2420663156
Z,0,0,7741,0[CR],2420663703
Z,0,0,7741,0[CR],2420664250
Z,0,0,7741,0[CR],2420664687
Z,0,0,7741,0[CR],2420665234
Z,0,0,7741,0[CR],2420665671
Z,0,0,7741,0[CR],2420666218
Z,0,0,7741,0[CR],2420666765
Z,0,0,7741,0[CR],2420667203
Z,0,0,7741,51[CR],2420667750
Z,0,0,7741,49[CR],2420668187
Z,0,0,7741,49[CR],2420668734
Z,0,0,7741,51[CR],2420669281
Z,0,0,7755,10[CR],2420669609
C,12862,1092,7759,4[CR],2420670046
F,41280,12990,7759,1[CR],2420670484
C,13059,1066,7759,0[CR],2420670812
F,41032,12964,7759,0[CR],2420671250
A,34508,40828,7759,0[CR],2420671578
F,40760,12960,7759,0[CR],2420672015
C,12998,1082,7759,0[CR],2420672343
F,40612,12955,7764,5[CR],2420672781
C,12992,1074,7765,2[CR],2420673218
F,43424,13012,7766,2[CR],2420673546
C,13172,1066,7767,2[CR],2420673984
F,43320,13025,7768,3[CR],2420674312
C,13214,1060,7768,2[CR],2420674750
F,43648,13014,7768,1[CR],2420675078
C,13152,1060,7769,0[CR],2420675515
F,42984,12997,7769,0[CR],2420675953
C,13129,1052,7769,0[CR],2420676281
F,42664,12993,7769,0[CR],2420676718
C,13118,1062,7769,0[CR],2420677046
F,42512,12989,7769,0[CR],2420677484
A,34468,42328,7772,33[CR],2420677812
F,42232,12981,7793,60[CR],2420678250
C,13388,1068,7815,64[CR],2420678687
F,45248,13168,7838,51[CR],2420679015
C,13397,1060,7861,54[CR],2420679453
F,45432,13135,7883,57[CR],2420679781
C,13359,1080,7905,60[CR],2420680218
F,45584,13100,7928,64[CR],2420680546
C,13287,1070,7950,54[CR],2420680984
F,44416,13107,7973,54[CR],2420681421
C,13298,1114,7996,57[CR],2420681750
F,45224,13113,8018,60[CR],2420682187
C,13345,1108,8040,49[CR],2420682515
F,46136,13133,8063,54[CR],2420682953
C,13372,1118,8085,54[CR],2420683390
F,46520,13164,8108,60[CR],2420683718
A,34448,46696,8131,64[CR],2420684156
F,46640,13138,8153,54[CR],2420684484
C,13337,1130,8175,54[CR],2420684921
F,46488,13179,8198,57[CR],2420685250
C,13402,1120,8221,57[CR],2420685687
F,46712,13180,8243,64[CR],2420686125
C,13409,1124,8266,54[CR],2420686453
F,46272,13146,8288,57[CR],2420686890
C,13332,1106,8311,57[CR],2420687218
F,45864,13101,8333,60[CR],2420687656
C,13306,1128,8355,47[CR],2420687984
F,45984,13163,8378,54[CR],2420688421
C,13350,1122,8401,57[CR],2420688859
F,46896,13135,8423,57[CR],2420689187
C,13369,1100,8445,64[CR],2420689625
F,45904,13067,8468,51[CR],2420689953
A,34436,46112,8490,57[CR],2420690390
F,46432,13131,8513,60[CR],2420690718
C,13384,1122,8535,64[CR],2420691156
F,47232,13149,8558,51[CR],2420691593
C,13409,1122,8580,51[CR],2420691921
F,46856,13192,8603,57[CR],2420692359
C,13377,1118,8625,57[CR],2420692687
F,46736,13206,8648,64[CR],2420693125
C,13481,1122,8670,47[CR],2420693453
F,47136,13193,8693,57[CR],2420693890
C,13396,1122,8715,60[CR],2420694328
F,47480,13204,8738,60[CR],2420694656
C,13423,1126,8760,64[CR],2420695093
F,47528,13223,8783,51[CR],2420695421
C,13386,1140,8806,57[CR],2420695859
F,46560,13204,8828,57[CR],2420696187
A,34408,47776,8850,64[CR],2420696625
F,47776,13148,8873,47[CR],2420696984
C,13376,1118,8895,54[CR],2420697390
F,48128,13184,8918,57[CR],2420697828
C,13439,1152,8941,60[CR],2420698156
F,46816,13074,8963,64[CR],2420698593
C,13380,1126,8985,54[CR],2420698921
F,47696,13187,9008,54[CR],2420699359
C,13398,1196,9031,57[CR],2420699796
F,47560,13234,9053,60[CR],2420700125
C,13417,1200,9075,60[CR],2420700562
F,47456,13193,9098,54[CR],2420700890
C,13463,1186,9121,57[CR],2420701328
F,47744,13115,9143,60[CR],2420701656
C,13430,1194,9166,64[CR],2420702093
F,48320,13181,9188,49[CR],2420702531
A,34384,48280,9211,54[CR],2420702859
F,48000,13128,9234,57[CR],2420703296
C,13357,1190,9256,60[CR],2420703625
F,47712,13150,9278,64[CR],2420704062
C,13385,1190,9301,49[CR],2420704390
F,48104,13181,9324,54[CR],2420704828
C,13423,1200,9346,60[CR],2420705265
F,48888,13192,9369,57[CR],2420705593
C,13439,1208,9391,64[CR],2420706031
F,48304,13078,9413,54[CR],2420706359
C,13417,1238,9436,57[CR],2420706796
F,47304,13118,9458,60[CR],2420707125
C,13443,1218,9481,60[CR],2420707562
F,48880,13189,9503,49[CR],2420708109
Z,0,0,9532,60[CR],2420708328
F,48368,13167,9548,57[CR],2420708765
A,34420,48344,9571,64[CR],2420709093
F,48624,13173,9593,64[CR],2420709531
C,13451,1204,9616,54[CR],2420709859
F,49736,13187,9638,57[CR],2420710296
C,13458,1230,9661,60[CR],2420710734
F,48568,13149,9683,64[CR],2420711062
C,13434,1256,9705,49[CR],2420711500
F,48488,13123,9728,57[CR],2420711828
C,13508,1246,9739,11[CR],2420712265
F,49816,13095,9741,3[CR],2420712593
C,13434,1256,9741,1[CR],2420713031
F,47152,13059,9741,0[CR],2420713468
C,13295,1252,9741,0[CR],2420713796
F,45808,13030,9741,0[CR],2420714234
C,13251,1260,9741,0[CR],2420714562
F,45232,13019,9741,0[CR],2420715000
A,34368,44960,9741,0[CR],2420715328
F,44840,13012,9741,0[CR],2420715765
C,13235,1260,9741,0[CR],2420716203
F,44640,13001,9741,0[CR],2420716640
Z,0,0,9741,0[CR],2420717187
Z,0,0,9741,0[CR],2420717625
Z,0,0,9741,0[CR],2420718171
Z,0,0,9741,0[CR],2420718718
Z,0,0,9741,0[CR],2420719156
Z,0,0,9741,0[CR],2420719703
Z,0,0,9741,0[CR],2420720140
Z,0,0,9741,2[CR],2420720687
Z,0,0,9741,1[CR],2420721234
Z,0,0,9741,0[CR],2420721671
Z,0,0,9741,0[CR],2420722218
Z,0,0,9741,0[CR],2420722656
Z,0,0,9741,0[CR],2420723203
Z,0,0,9741,0[CR],2420723640
Z,0,0,9741,0[CR],2420724187
Z,0,0,9741,0[CR],2420724734
Z,0,0,9741,0[CR],2420725171
Z,0,0,9741,0[CR],2420725718
Z,0,0,9741,0[CR],2420726156
Z,0,0,9741,0[CR],2420726703
Z,0,0,9741,0[CR],2420727250
Z,0,0,9741,0[CR],2420727687
Z,0,0,9741,0[CR],2420728234
Z,0,0,9741,0[CR],2420728671
Z,0,0,9741,0[CR],2420729218
Z,0,0,9741,0[CR],2420729656
Z,0,0,9741,0[CR],2420730203
Z,0,0,9741,0[CR],2420730750
Z,0,0,9741,0[CR],2420731187
Z,0,0,9741,0[CR],2420731734
Z,0,0,9741,0[CR],2420732171
Z,0,0,9741,0[CR],2420732718
Z,0,0,9741,0[CR],2420733156
Z,0,0,9741,0[CR],2420733703
Z,0,0,9741,0[CR],2420734250
Z,0,0,9741,0[CR],2420734687
Z,0,0,9741,0[CR],2420735234
Z,0,0,9741,0[CR],2420735671
Z,0,0,9741,0[CR],2420736218
Z,0,0,9741,0[CR],2420736656
Z,0,0,9741,0[CR],2420737203
Z,0,0,9741,0[CR],2420737750
Z,0,0,9741,0[CR],2420738187
Z,0,0,9741,0[CR],2420738734
Z,0,0,9741,0[CR],2420739171
Z,0,0,9741,0[CR],2420739718
Z,0,0,9741,0[CR],2420740265
Z,0,0,9741,0[CR],2420740703
Z,0,0,9741,0[CR],2420741250
Z,0,0,9741,0[CR],2420741796
Z,0,0,9741,0[CR],2420742234
Z,0,0,9741,0[CR],2420742781
Z,0,0,9741,0[CR],2420743218
Z,0,0,9741,0[CR],2420743765
Z,0,0,9741,0[CR],2420744312
Z,0,0,9741,0[CR],2420744750
Z,0,0,9741,0[CR],2420745296
Z,0,0,9741,0[CR],2420745843
Z,0,0,9741,0[CR],2420746281
Z,0,0,9741,0[CR],2420746828
Z,0,0,9741,0[CR],2420747375
Z,0,0,9741,0[CR],2420747812
Z,0,0,9741,0[CR],2420748359
Z,0,0,9741,0[CR],2420748796
Z,0,0,9741,0[CR],2420749343
Z,0,0,9741,0[CR],2420749890
Z,0,0,9741,0[CR],2420750328
Z,0,0,9741,0[CR],2420750875
Z,0,0,9741,0[CR],2420751421
Z,0,0,9741,0[CR],2420751859
Z,0,0,9741,0[CR],2420752406
Z,0,0,9741,0[CR],2420752953
Z,0,0,9741,0[CR],2420753390
Z,0,0,9741,0[CR],2420753937
Z,0,0,9741,0[CR],2420754484
Z,0,0,9741,0[CR],2420754921
Z,0,0,9741,0[CR],2420755468
Z,0,0,9741,0[CR],2420755906
Z,0,0,9741,0[CR],2420756453
Z,0,0,9741,0[CR],2420757000
Z,0,0,9741,0[CR],2420757437
Z,0,0,9741,0[CR],2420757984
Z,0,0,9741,0[CR],2420758531
Z,0,0,9741,0[CR],2420758968
Z,0,0,9741,0[CR],2420759515
Z,0,0,9741,0[CR],2420760062
Z,0,0,9741,0[CR],2420760500
Z,0,0,9741,0[CR],2420761046
Z,0,0,9741,0[CR],2420761484
Z,0,0,9741,73[CR],2420762031
Z,0,0,9741,94[CR],2420762578
Z,0,0,9741,86[CR],2420763015
Z,0,0,9741,73[CR],2420763562
Z,0,0,9741,64[CR],2420764000
Z,0,0,9741,64[CR],2420764546
Z,0,0,9759,20[CR],2420764546
F,41704,12917,9760,15[CR],2420764984
A,34244,43216,9760,2[CR],2420765421
F,43808,13035,9760,1[CR],2420765750
C,13276,1260,9760,0[CR],2420766187
F,43752,13011,9760,0[CR],2420766515
C,13245,1260,9760,0[CR],2420766953
F,43624,13005,9760,0[CR],2420767281
C,13228,1252,9760,0[CR],2420767718
F,43496,13000,9760,0[CR],2420768156
C,13219,1264,9766,4[CR],2420768484
F,45224,13130,9768,5[CR],2420768921
C,13400,1260,9770,5[CR],2420769250
F,45760,13102,9771,1[CR],2420769687
C,13383,1262,9771,1[CR],2420770015
F,45776,13049,9771,0[CR],2420770453
C,13327,1252,9771,0[CR],2420770890
F,45568,13034,9771,0[CR],2420771218
A,34184,45464,9771,0[CR],2420771656
F,45416,13030,9771,0[CR],2420771984
C,13277,1256,9782,51[CR],2420772421
F,45240,13243,9805,57[CR],2420772750
C,13532,1242,9827,64[CR],2420773187
F,47248,13205,9850,54[CR],2420773625
C,13525,1260,9872,57[CR],2420773953
F,47384,13149,9895,57[CR],2420774390
C,13501,1268,9917,60[CR],2420774718
F,48376,13186,9939,51[CR],2420775156
C,13456,1260,9962,51[CR],2420775484
F,48600,13194,9984,57[CR],2420775921
C,13469,1256,10007,60[CR],2420776359
F,48640,13116,10029,64[CR],2420776687
C,13445,1260,10051,54[CR],2420777125
F,48264,13111,10074,54[CR],2420777453
A,34192,47736,10097,60[CR],2420777890
F,47784,13187,10119,60[CR],2420778218
C,13462,1260,10141,57[CR],2420778656
F,49176,13204,10164,54[CR],2420779093
C,13509,1270,10187,57[CR],2420779421
F,49712,13135,10209,57[CR],2420779859
C,13491,1264,10232,64[CR],2420780187
F,48944,13112,10254,54[CR],2420780625
C,13519,1256,10276,54[CR],2420780953
F,50016,13209,10299,60[CR],2420781390
C,13559,1298,10322,60[CR],2420781828
F,49552,13203,10344,64[CR],2420782156
C,13550,1302,10367,51[CR],2420782593
F,50160,13156,10389,57[CR],2420782921
C,13531,1330,10411,60[CR],2420783359
F,49008,13155,10434,60[CR],2420783687
A,34168,50616,10456,49[CR],2420784125
F,50224,13142,10479,57[CR],2420784562
C,13522,1334,10501,60[CR],2420784890
F,51144,13224,10524,60[CR],2420785328
C,13485,1328,10546,64[CR],2420785656
F,50528,13192,10568,51[CR],2420786093
C,13412,1334,10591,57[CR],2420786421
F,50632,13189,10613,60[CR],2420786859
C,13490,1330,10636,60[CR],2420787296
F,50904,13089,10658,57[CR],2420787625
C,13481,1328,10681,54[CR],2420788062
F,48920,13100,10703,57[CR],2420788390
C,13521,1338,10726,60[CR],2420788828
F,50664,13214,10748,64[CR],2420789156
C,13576,1330,10770,54[CR],2420789593
F,51440,13185,10793,54[CR],2420789921
A,34160,50480,10816,57[CR],2420790359
F,50368,13163,10838,60[CR],2420790718
C,13524,1334,10860,51[CR],2420791125
F,51664,13175,10883,54[CR],2420791562
C,13538,1366,10906,57[CR],2420791890
F,51016,13167,10928,57[CR],2420792328
C,13448,1346,10950,64[CR],2420792765
F,50240,13172,10973,49[CR],2420793093
C,13496,1360,10996,57[CR],2420793531
F,51480,13190,11018,57[CR],2420793859
C,13535,1374,11041,60[CR],2420794296
F,51976,13178,11063,64[CR],2420794625
C,13516,1386,11085,57[CR],2420795062
F,51120,13089,11108,57[CR],2420795500
C,13601,1372,11130,57[CR],2420795828
F,51368,13200,11153,60[CR],2420796265
A,34128,51016,11175,49[CR],2420796593
F,51600,13149,11198,54[CR],2420797031
C,13567,1390,11220,60[CR],2420797359
F,50960,13150,11243,60[CR],2420797796
C,13556,1400,11265,64[CR],2420798234
F,51368,13192,11288,54[CR],2420798562
C,13496,1396,11310,57[CR],2420799000
F,52200,13217,11333,60[CR],2420799328
C,13563,1396,11355,64[CR],2420799765
F,51720,13163,11377,57[CR],2420800093
C,13565,1394,11400,54[CR],2420800531
F,51152,13168,11423,57[CR],2420800859
C,13620,1394,11445,60[CR],2420801296
F,52032,13223,11467,64[CR],2420801734
C,13549,1396,11490,54[CR],2420802062
F,51832,13164,11512,54[CR],2420802500
A,34152,51256,11535,57[CR],2420802828
F,51880,13163,11557,60[CR],2420803265
C,13568,1386,11580,51[CR],2420803703
F,53224,13179,11602,54[CR],2420804031
C,13569,1398,11625,57[CR],2420804468
F,52880,13188,11647,60[CR],2420804796
C,13580,1394,11669,64[CR],2420805234
F,52744,13182,11692,54[CR],2420805562
C,13582,1398,11714,57[CR],2420806000
F,52712,13234,11737,44[CR],2420806437
C,13533,1396,11741,12[CR],2420806765
F,52176,13129,11741,2[CR],2420807203
C,13453,1400,11741,1[CR],2420807531
F,50776,13078,11741,0[CR],2420807968
C,13365,1384,11741,0[CR],2420808296
F,49464,13057,11741,0[CR],2420808734
A,34144,48904,11741,0[CR],2420809171
F,48728,13045,11741,0[CR],2420809531
C,13252,1394,11741,0[CR],2420809937
F,48232,13029,11741,0[CR],2420810265
C,13244,1400,11741,0[CR],2420810703
F,48152,13036,11741,0[CR],2420811031
C,13299,1392,11741,0[CR],2420811578
Z,0,0,11741,0[CR],2420812125
Z,0,0,11741,0[CR],2420812562
Z,0,0,11741,0[CR],2420813109
Z,0,0,11741,0[CR],2420813546
Z,0,0,11741,0[CR],2420814093
Z,0,0,11741,0[CR],2420814640
Z,0,0,11741,0[CR],2420815078
Z,0,0,11741,0[CR],2420815625
Z,0,0,11741,0[CR],2420816062
Z,0,0,11741,0[CR],2420816609
Z,0,0,11741,0[CR],2420817156
Z,0,0,11741,0[CR],2420817593
Z,0,0,11741,0[CR],2420818140
Z,0,0,11741,0[CR],2420818578
Z,0,0,11741,0[CR],2420819125
Z,0,0,11741,0[CR],2420819562
Z,0,0,11741,0[CR],2420820109
Z,0,0,11741,0[CR],2420820656
Z,0,0,11741,0[CR],2420821093
Z,0,0,11741,0[CR],2420821640
Z,0,0,11741,0[CR],2420822078
Z,0,0,11741,0[CR],2420822625
Z,0,0,11741,0[CR],2420823062
Z,0,0,11741,0[CR],2420823609
Z,0,0,11741,0[CR],2420824156
Z,0,0,11741,0[CR],2420824593
Z,0,0,11741,0[CR],2420825140
Z,0,0,11741,0[CR],2420825578
Z,0,0,11741,0[CR],2420826125
Z,0,0,11741,0[CR],2420826562
Z,0,0,11741,0[CR],2420827109
F,45808,12967,11741,0[CR],2420827437
A,34060,45776,11741,0[CR],2420827875
F,45752,12966,11741,0[CR],2420828312
Z,0,0,11741,0[CR],2420828859
Z,0,0,11741,0[CR],2420829406
Z,0,0,11741,0[CR],2420829843
Z,0,0,11741,0[CR],2420830390
Z,0,0,11741,0[CR],2420830828
Z,0,0,11741,0[CR],2420831375
Z,0,0,11741,0[CR],2420831921
Z,0,0,11741,0[CR],2420832359
Z,0,0,11741,0[CR],2420832906
Z,0,0,11741,0[CR],2420833343
Z,0,0,11741,0[CR],2420833890
Z,0,0,11741,0[CR],2420834328
Z,0,0,11741,0[CR],2420834875
Z,0,0,11741,0[CR],2420835421
Z,0,0,11741,0[CR],2420835859
Z,0,0,11741,0[CR],2420836406
Z,0,0,11741,0[CR],2420836843
Z,0,0,11741,0[CR],2420837390
Z,0,0,11741,0[CR],2420837828
Z,0,0,11741,0[CR],2420838375
Z,0,0,11741,0[CR],2420838921
Z,0,0,11741,0[CR],2420839359
Z,0,0,11741,0[CR],2420839906
Z,0,0,11741,0[CR],2420840343
Z,0,0,11747,73[CR],2420840890
Z,0,0,11762,7[CR],2420841109
F,45128,13075,11762,2[CR],2420841546
C,13434,1392,11762,1[CR],2420841875
F,46952,13031,11762,0[CR],2420842312
C,13345,1390,11762,0[CR],2420842750
F,46864,13021,11762,0[CR],2420843078
C,13314,1392,11762,0[CR],2420843515
F,46808,13018,11762,0[CR],2420843843
C,13298,1392,11770,6[CR],2420844281
F,47080,13127,11772,6[CR],2420844609
C,13541,1398,11773,1[CR],2420845046
F,48664,13083,11773,1[CR],2420845484
C,13444,1394,11773,0[CR],2420845812
F,48568,13059,11773,0[CR],2420846250
A,34036,48528,11773,0[CR],2420846578
F,48464,13045,11773,0[CR],2420847015
C,13370,1394,11773,0[CR],2420847343
F,48360,13035,11773,0[CR],2420847781
C,13350,1406,11791,60[CR],2420848218
F,49456,13264,11813,51[CR],2420848546
C,13537,1398,11836,54[CR],2420848984
F,50608,13176,11858,57[CR],2420849312
C,13589,1394,11881,60[CR],2420849750
F,51248,13214,11903,64[CR],2420850078
C,13606,1384,11925,54[CR],2420850515
F,51184,13156,11948,57[CR],2420850953
C,13528,1392,11970,57[CR],2420851281
F,51584,13151,11993,60[CR],2420851718
C,13602,1392,12015,51[CR],2420852046
F,52192,13196,12037,54[CR],2420852484
A,34068,51920,12060,57[CR],2420852812
F,51840,13230,12082,60[CR],2420853250
C,13585,1424,12104,60[CR],2420853687
F,52376,13229,12127,51[CR],2420854015
C,13575,1418,12150,57[CR],2420854453
F,52120,13182,12172,60[CR],2420854781
C,13651,1454,12194,64[CR],2420855218
F,52160,13168,12216,49[CR],2420855546
C,13662,1452,12239,51[CR],2420855984
F,53048,13178,12262,57[CR],2420856421
C,13593,1454,12284,60[CR],2420856750
F,53592,13213,12306,64[CR],2420857187
C,13575,1462,12329,57[CR],2420857515
F,53104,13220,12351,57[CR],2420857953
C,13601,1466,12374,57[CR],2420858281
F,53824,13209,12396,60[CR],2420858718
A,34032,54096,12418,49[CR],2420859156
F,53648,13204,12441,54[CR],2420859484
C,13568,1458,12463,57[CR],2420859921
F,52352,13213,12486,60[CR],2420860250
C,13605,1466,12508,64[CR],2420860687
F,54896,13224,12530,54[CR],2420861015
C,13650,1466,12553,54[CR],2420861453
F,54120,13265,12575,57[CR],2420861890
C,13575,1472,12598,60[CR],2420862218
F,53712,13219,12620,49[CR],2420862656
C,13565,1462,12642,54[CR],2420862984
F,53072,13225,12665,57[CR],2420863421
C,13504,1462,12687,60[CR],2420863750
F,53328,13222,12709,51[CR],2420864187
C,13572,1462,12732,54[CR],2420864625
F,53768,13212,12754,54[CR],2420864953
A,34028,53224,12777,57[CR],2420865390
F,54048,13224,12799,64[CR],2420865718
C,13786,1484,12821,51[CR],2420866156
F,54456,13253,12844,54[CR],2420866515
C,13804,1498,12866,57[CR],2420866921
F,55304,13307,12888,64[CR],2420867359
C,13777,1494,12910,47[CR],2420867687
F,54040,13336,12933,51[CR],2420868125
C,13649,1528,12956,57[CR],2420868453
F,54104,13284,12978,60[CR],2420868890
C,13669,1528,13001,64[CR],2420869328
F,54528,13266,13023,51[CR],2420869656
C,13501,1534,13045,54[CR],2420870093
F,54296,13213,13068,57[CR],2420870421
C,13594,1534,13090,60[CR],2420870859
F,55032,13212,13112,47[CR],2420871187
A,33992,55224,13135,54[CR],2420871625
F,55200,13165,13158,57[CR],2420872062
C,13649,1534,13180,57[CR],2420872390
F,54080,13226,13202,64[CR],2420872828
C,13680,1534,13225,54[CR],2420873156
F,55128,13225,13247,57[CR],2420873593
C,13691,1520,13270,57[CR],2420873921
F,55464,13174,13292,60[CR],2420874359
C,13811,1534,13314,49[CR],2420874796
F,55632,13290,13337,54[CR],2420875125
C,13744,1538,13359,57[CR],2420875562
F,55824,13263,13382,60[CR],2420875890
C,13674,1534,13404,64[CR],2420876328
F,53720,13232,13426,54[CR],2420876656
C,13740,1534,13449,54[CR],2420877093
F,56368,13286,13471,57[CR],2420877531
A,33996,56776,13494,60[CR],2420877859
F,56504,13257,13516,47[CR],2420878296
C,13626,1546,13538,54[CR],2420878625
F,55464,13251,13561,57[CR],2420879062
C,13753,1576,13583,60[CR],2420879390
F,56928,13290,13605,54[CR],2420879828
C,13681,1586,13628,51[CR],2420880265
F,56328,13240,13650,57[CR],2420880593
C,13679,1602,13673,57[CR],2420881031
F,56400,13274,13695,60[CR],2420881359
C,13630,1602,13717,47[CR],2420881796
F,55576,13209,13737,18[CR],2420882125
C,13729,1596,13741,4[CR],2420882562
F,55080,13124,13741,1[CR],2420883000
C,13550,1602,13741,1[CR],2420883328
F,53544,13071,13741,0[CR],2420883765
A,33996,52832,13741,0[CR],2420884093
F,52608,13054,13741,0[CR],2420884531
C,13456,1590,13741,0[CR],2420884859
F,51816,13043,13741,0[CR],2420885296
C,13414,1604,13741,0[CR],2420885625
F,51608,13041,13741,0[CR],2420886171
Z,0,0,13741,0[CR],2420886500
F,51112,13011,13741,0[CR],2420886937
Z,0,0,13741,0[CR],2420887484
Z,0,0,13741,0[CR],2420887921
Z,0,0,13741,0[CR],2420888468
Z,0,0,13741,0[CR],2420889015
Z,0,0,13741,0[CR],2420889453
Z,0,0,13741,0[CR],2420890000
Z,0,0,13741,0[CR],2420890437
Z,0,0,13741,0[CR],2420890984
Z,0,0,13741,0[CR],2420891531
Z,0,0,13741,0[CR],2420891968
Z,0,0,13741,0[CR],2420892515
Z,0,0,13741,0[CR],2420892953
Z,0,0,13741,0[CR],2420893500
Z,0,0,13741,0[CR],2420893937
Z,0,0,13741,0[CR],2420894484
Z,0,0,13741,0[CR],2420895031
Z,0,0,13741,0[CR],2420895468
Z,0,0,13741,0[CR],2420896015
Z,0,0,13741,0[CR],2420896453
Z,0,0,13741,0[CR],2420897000
Z,0,0,13741,0[CR],2420897437
Z,0,0,13741,0[CR],2420897984
Z,0,0,13741,0[CR],2420898531
Z,0,0,13741,0[CR],2420898968
Z,0,0,13741,0[CR],2420899515
Z,0,0,13741,0[CR],2420899953
Z,0,0,13741,0[CR],2420900500
Z,0,0,13741,0[CR],2420900937
Z,0,0,13741,0[CR],2420901484
Z,0,0,13741,0[CR],2420902031
Z,0,0,13741,0[CR],2420902468
Z,0,0,13741,0[CR],2420903015
Z,0,0,13741,0[CR],2420903453
Z,0,0,13741,0[CR],2420904000
Z,0,0,13741,0[CR],2420904437
Z,0,0,13741,0[CR],2420904984
Z,0,0,13741,0[CR],2420905531
Z,0,0,13741,94[CR],2420905968
Z,0,0,13744,79[CR],2420906515
Z,0,0,13759,15[CR],2420906734
F,48552,13087,13759,2[CR],2420907171
C,13522,1600,13759,1[CR],2420907500
F,51008,13067,13759,0[CR],2420907937
C,13426,1588,13759,0[CR],2420908375
F,50608,13054,13759,0[CR],2420908703
A,33968,50392,13759,0[CR],2420909140
F,50320,13047,13766,12[CR],2420909468
C,13387,1660,13770,6[CR],2420909906
F,52944,13188,13770,2[CR],2420910234
C,13573,1596,13770,1[CR],2420910671
F,53232,13117,13770,1[CR],2420911109
C,13497,1596,13770,0[CR],2420911437
F,52848,13086,13770,0[CR],2420911875
C,13451,1592,13770,0[CR],2420912203
F,52576,13072,13770,0[CR],2420912640
C,13426,1600,13770,0[CR],2420912968
F,52368,13062,13775,19[CR],2420913406
C,13410,1596,13796,57[CR],2420913843
F,54976,13319,13819,60[CR],2420914171
C,13848,1600,13841,64[CR],2420914609
F,55656,13266,13863,49[CR],2420914937
A,33920,55944,13886,54[CR],2420915375
F,56136,13257,13908,57[CR],2420915703
C,13705,1600,13930,57[CR],2420916140
F,55448,13240,13953,60[CR],2420916578
C,13637,1600,13975,51[CR],2420916906
F,55600,13258,13998,54[CR],2420917343
C,13639,1610,14020,60[CR],2420917671
F,56088,13248,14042,64[CR],2420918109
C,13699,1606,14064,49[CR],2420918437
F,56552,13179,14087,54[CR],2420918875
C,13733,1602,14110,57[CR],2420919312
F,55928,13213,14132,60[CR],2420919640
C,13728,1640,14154,60[CR],2420920078
F,57216,13217,14177,51[CR],2420920406
C,13688,1610,14200,57[CR],2420920843
F,56800,13269,14222,57[CR],2420921171
A,33944,55936,14244,60[CR],2420921609
F,56392,13224,14267,51[CR],2420922046
C,13590,1636,14289,54[CR],2420922375
F,56000,13162,14312,57[CR],2420922812
C,13703,1596,14334,60[CR],2420923140
F,56792,13285,14356,64[CR],2420923578
C,13762,1614,14379,54[CR],2420923906
F,57104,13225,14402,57[CR],2420924343
C,13794,1656,14424,57[CR],2420924781
F,55928,13209,14446,60[CR],2420925109
C,13707,1644,14468,51[CR],2420925546
F,56688,13313,14491,54[CR],2420925875
C,13704,1662,14513,60[CR],2420926312
F,56504,13276,14536,60[CR],2420926640
C,13710,1650,14557,49[CR],2420927078
F,55800,13233,14580,51[CR],2420927515
A,33912,56480,14603,57[CR],2420927843
F,56560,13247,14625,57[CR],2420928281
C,13734,1666,14647,64[CR],2420928609
F,55200,13198,14670,54[CR],2420929046
C,13738,1670,14692,57[CR],2420929375
F,56696,13307,14714,57[CR],2420929812
C,13713,1670,14737,60[CR],2420930250
F,56808,13250,14759,51[CR],2420930578
C,13718,1670,14781,51[CR],2420931015
F,55456,13190,14804,57[CR],2420931343
C,13694,1644,14826,60[CR],2420931781
F,55792,13247,14848,57[CR],2420932109
C,13725,1662,14871,54[CR],2420932546
F,57056,13257,14894,57[CR],2420932984
C,13847,1662,14916,60[CR],2420933312
F,56192,13228,14938,64[CR],2420933750
A,33936,56296,14960,51[CR],2420934078
F,56256,13311,14983,54[CR],2420934515
C,13713,1670,15006,60[CR],2420934843
F,55416,13299,15028,60[CR],2420935281
C,13690,1670,15050,57[CR],2420935718
F,57408,13312,15072,54[CR],2420936046
C,13843,1676,15095,54[CR],2420936484
F,57056,13277,15117,57[CR],2420936812
C,13803,1680,15140,64[CR],2420937250
F,57608,13266,15162,57[CR],2420937578
C,13885,1670,15185,57[CR],2420938015
F,57856,13341,15207,57[CR],2420938453
C,13789,1670,15229,60[CR],2420938781
F,58160,13355,15252,60[CR],2420939218
C,13859,1680,15274,54[CR],2420939546
F,59144,13295,15297,57[CR],2420939984
A,33920,58160,15319,60[CR],2420940312
F,57976,13308,15341,64[CR],2420940750
C,13723,1680,15364,51[CR],2420941187
F,58040,13236,15387,54[CR],2420941515
C,13803,1688,15409,57[CR],2420941953
F,59760,13276,15431,60[CR],2420942281
C,13945,1684,15453,60[CR],2420942718
F,59576,13321,15476,54[CR],2420943046
C,13821,1714,15498,57[CR],2420943484
F,59616,13264,15521,60[CR],2420943921
C,13848,1718,15543,64[CR],2420944250
F,60336,13321,15566,54[CR],2420944687
C,13930,1740,15588,57[CR],2420945015
F,60088,13323,15610,60[CR],2420945453
C,13904,1740,15632,60[CR],2420945781
F,60280,13337,15655,47[CR],2420946218
A,33908,60928,15677,54[CR],2420946656
F,61840,13389,15700,57[CR],2420946984
C,13949,1740,15722,60[CR],2420947421
F,60488,13364,15738,11[CR],2420947750
C,13882,1740,15741,4[CR],2420948187
F,59616,13239,15741,1[CR],2420948515
C,13679,1750,15741,1[CR],2420948953
F,58240,13160,15741,0[CR],2420949390
C,13602,1750,15741,0[CR],2420949718
F,57672,13148,15741,0[CR],2420950156
C,13577,1750,15741,0[CR],2420950484
F,57232,13139,15741,0[CR],2420950921
C,13551,1766,15741,0[CR],2420951250
F,56920,13132,15741,0[CR],2420951687
C,13536,1766,15741,0[CR],2420952125
F,56480,13132,15741,0[CR],2420952453
A,33884,56448,15741,0[CR],2420952890
F,56336,13123,15741,0[CR],2420953218
C,13507,1750,15741,0[CR],2420953765
Z,0,0,15741,0[CR],2420954203
Z,0,0,15741,0[CR],2420954750
Z,0,0,15741,0[CR],2420955296
Z,0,0,15741,0[CR],2420955734
Z,0,0,15741,0[CR],2420956281
Z,0,0,15741,0[CR],2420956718
Z,0,0,15741,0[CR],2420957265
Z,0,0,15741,0[CR],2420957812
Z,0,0,15741,0[CR],2420958250
Z,0,0,15741,0[CR],2420958796
Z,0,0,15741,0[CR],2420959234
Z,0,0,15741,0[CR],2420959781
Z,0,0,15741,0[CR],2420960328
Z,0,0,15741,0[CR],2420960765
Z,0,0,15741,0[CR],2420961312
Z,0,0,15741,0[CR],2420961750
Z,0,0,15741,0[CR],2420962296
Z,0,0,15741,0[CR],2420962734
Z,0,0,15741,0[CR],2420963281
Z,0,0,15741,0[CR],2420963828
Z,0,0,15741,0[CR],2420964265
Z,0,0,15741,0[CR],2420964812
Z,0,0,15741,0[CR],2420965250
Z,0,0,15741,0[CR],2420965796
Z,0,0,15741,0[CR],2420966234
Z,0,0,15741,0[CR],2420966781
Z,0,0,15741,0[CR],2420967328
Z,0,0,15741,0[CR],2420967765
Z,0,0,15741,0[CR],2420968312
Z,0,0,15741,0[CR],2420968750
Z,0,0,15741,0[CR],2420969296
Z,0,0,15741,0[CR],2420969843
Z,0,0,15741,0[CR],2420970281
Z,0,0,15741,0[CR],2420970828
Z,0,0,15741,0[CR],2420971265
Z,0,0,15741,0[CR],2420971812
Z,0,0,15741,0[CR],2420972250
Z,0,0,15741,0[CR],2420972796
Z,0,0,15741,0[CR],2420973343
Z,0,0,15741,0[CR],2420973781
Z,0,0,15741,0[CR],2420974328
Z,0,0,15741,0[CR],2420974765
Z,0,0,15741,0[CR],2420975312
Z,0,0,15741,0[CR],2420975750
Z,0,0,15741,114[CR],2420976296
F,53048,13052,15759,4[CR],2420976734
C,13534,1746,15759,1[CR],2420977062
F,55664,13128,15759,1[CR],2420977500
A,33864,55368,15759,0[CR],2420977828
F,55264,13116,15759,0[CR],2420978265
C,13502,1758,15759,0[CR],2420978593
F,55032,13111,15759,0[CR],2420979031
C,13488,1754,15765,5[CR],2420979468
F,57736,13238,15768,5[CR],2420979796
C,13710,1746,15768,2[CR],2420980234
F,58936,13213,15769,1[CR],2420980562
C,13629,1754,15769,0[CR],2420981000
F,58656,13186,15769,0[CR],2420981328
C,13580,1754,15769,0[CR],2420981765
F,58392,13174,15769,0[CR],2420982203
C,13552,1754,15769,0[CR],2420982531
F,58104,13166,15772,34[CR],2420982968
C,13531,1758,15790,64[CR],2420983296
F,59800,13441,15812,54[CR],2420983734
A,33856,61896,15835,54[CR],2420984062
F,62032,13349,15857,57[CR],2420984515
C,13897,1758,15879,60[CR],2420984953
F,60480,13322,15902,47[CR],2420985281
C,13879,1750,15924,54[CR],2420985718
F,61320,13326,15947,57[CR],2420986046
C,13853,1784,15969,60[CR],2420986484
F,59528,13339,15991,64[CR],2420986812
C,13957,1806,16014,51[CR],2420987250
F,61488,13282,16036,54[CR],2420987687
C,13919,1812,16046,11[CR],2420988015
F,62016,13245,16049,3[CR],2420988453
C,13850,1806,16049,2[CR],2420988781
F,61112,13201,16049,1[CR],2420989218
C,13739,1812,16049,0[CR],2420989328
S,9037,6756,16049,0[CR],2420989546
F,60336,13181,16049,0[CR],2420989984
A,33880,59832,16049,0[CR],2420990421
F,59592,13162,16049,0[CR],2420990703
C,13624,1810,16049,0[CR],2420991187
F,58960,13149,16049,0[CR],2420991515
C,13594,1816,16049,0[CR],2420991953
F,58528,13140,16049,0[CR],2420992281
C,13573,1812,16049,0[CR],2420992718
F,58208,13135,16049,0[CR],2420993156
C,13559,1812,16049,0[CR],2420993484
F,57960,13129,16049,0[CR],2420993921
C,13550,1806,16049,0[CR],2420994250
F,57808,13130,16049,0[CR],2420994687
C,13545,1812,16049,0[CR],2420995015
F,57648,13127,16049,0[CR],2420995453
C,13534,1806,16049,0[CR],2420995890
F,57472,13124,16049,0[CR],2420996218
A,33864,57376,16049,0[CR],2420996656
F,57320,13122,16049,0[CR],2420996984
C,13514,1816,16049,0[CR],2420997421
F,57200,13118,16049,0[CR],2420997750
C,13506,1816,16049,0[CR],2420998187
F,57064,13115,16049,0[CR],2420998625
C,13498,1812,16049,0[CR],2420998953
F,56952,13115,16049,0[CR],2420999390
C,13492,1820,16049,0[CR],2420999718
F,56840,13113,16049,0[CR],2421000156
C,13486,1810,16049,0[CR],2421000484
F,56680,13106,16049,0[CR],2421000921
C,13478,1812,16049,0[CR],2421001359
F,56560,13102,16049,0[CR],2421001687
C,13470,1806,16049,0[CR],2421002125
F,56456,13099,16049,0[CR],2421002453
A,33876,56376,16049,0[CR],2421002890
F,56336,13097,16049,0[CR],2421003218
C,13458,1812,16049,0[CR],2421003656
F,56224,13094,16049,0[CR],2421004093
C,13455,1812,16049,0[CR],2421004421
F,56136,13091,16049,0[CR],2421004859
C,13450,1816,16049,0[CR],2421005187
F,56048,13088,16049,0[CR],2421005625
C,13446,1812,16049,0[CR],2421005953
F,55960,13088,16049,0[CR],2421006390
C,13442,1812,16049,0[CR],2421006828
F,55880,13086,16049,0[CR],2421007156
C,13436,1798,16049,0[CR],2421007593
F,55800,13083,16049,0[CR],2421007921
C,13433,1812,16049,0[CR],2421008359
F,55720,13081,16049,0[CR],2421008687
A,33884,55664,16049,0[CR],2421009125
F,55624,13080,16049,0[CR],2421009562
C,13423,1802,16049,0[CR],2421009890
F,55560,13077,16049,0[CR],2421010328
C,13421,1806,16049,0[CR],2421010656
F,55496,13076,16049,0[CR],2421011093
C,13417,1806,16049,0[CR],2421011421
F,55424,13073,16049,0[CR],2421011859
C,13414,1798,16049,0[CR],2421012296
F,55360,13071,16049,0[CR],2421012625
C,13410,1806,16049,0[CR],2421013062
F,55296,13070,16049,0[CR],2421013390
C,13407,1812,16049,0[CR],2421013828
F,55240,13067,16049,0[CR],2421014156
C,13403,1812,16049,0[CR],2421014593
F,55184,13066,16049,0[CR],2421015031
A,33856,55144,16049,0[CR],2421015359
F,55112,13065,16049,0[CR],2421015796
C,13396,1812,16049,0[CR],2421016125
F,55072,13064,16049,0[CR],2421016562
C,13394,1802,16049,0[CR],2421016890
F,55008,13060,16049,0[CR],2421017328
C,13391,1812,16049,0[CR],2421017765
F,54960,13059,16049,0[CR],2421018093
C,13390,1802,16049,0[CR],2421018531
F,54904,13060,16049,0[CR],2421018859
C,13385,1812,16049,0[CR],2421019296
F,54856,13057,16049,0[CR],2421019625
C,13383,1812,16049,0[CR],2421020062
F,54800,13056,16049,0[CR],2421020500
C,13380,1810,16049,0[CR],2421020828
F,54760,13054,16049,0[CR],2421021265
A,33824,54720,16049,0[CR],2421021593
F,54696,13053,16049,0[CR],2421022031
C,13375,1812,16049,0[CR],2421022359
F,54672,13050,16049,0[CR],2421022796
C,13372,1812,16049,0[CR],2421023234
F,54624,13050,16049,0[CR],2421023562
C,13370,1810,16049,0[CR],2421024000
F,54576,13048,16049,0[CR],2421024328
C,13367,1802,16049,0[CR],2421024765
F,54536,13046,16049,0[CR],2421025093
C,13365,1810,16049,0[CR],2421025531
F,54504,13045,16049,0[CR],2421025968
C,13364,1798,16049,0[CR],2421026296
F,54440,13045,16049,0[CR],2421026734
C,13361,1812,16049,0[CR],2421027062
F,54392,13042,16049,0[CR],2421027500
A,33844,54376,16049,0[CR],2421027828
F,54344,13041,16049,0[CR],2421028265
C,13355,1812,16049,0[CR],2421028703
F,54320,13041,16049,0[CR],2421029031
C,13354,1812,16049,0[CR],2421029468
F,54272,13040,16049,0[CR],2421029796
C,13351,1812,16049,0[CR],2421030234
F,54248,13037,16049,0[CR],2421030562
C,13349,1812,16049,0[CR],2421031000
F,54200,13036,16049,0[CR],2421031437
C,13346,1810,16049,0[CR],2421031765
F,54176,13032,16049,0[CR],2421032203
C,13344,1810,16049,0[CR],2421032531
F,54136,13033,16049,0[CR],2421032968
C,13342,1812,16049,0[CR],2421033296
F,54096,13033,16049,0[CR],2421033734
A,33820,54072,16049,0[CR],2421034171
F,54040,13032,16049,0[CR],2421034500
C,13338,1812,16049,0[CR],2421034937
F,54016,13030,16049,0[CR],2421035265
C,13336,1812,16049,0[CR],2421035703
F,53992,13028,16049,0[CR],2421036031
C,13334,1820,16049,0[CR],2421036468
F,53960,13027,16049,0[CR],2421036906
C,13333,1802,16049,0[CR],2421037234
F,53920,13026,16049,0[CR],2421037671
C,13331,1812,16049,0[CR],2421038000
F,53888,13026,16049,0[CR],2421038437
C,13330,1806,16049,0[CR],2421038765
F,53864,13023,16049,0[CR],2421039203
C,13326,1812,16049,0[CR],2421039640
F,53824,13022,16049,0[CR],2421039968
A,33868,53808,16049,0[CR],2421040406
F,53784,13021,16049,0[CR],2421040734
C,13324,1806,16049,0[CR],2421041171
F,53760,13022,16049,0[CR],2421041500
C,13322,1802,16049,0[CR],2421041937
F,53728,13018,16049,0[CR],2421042375
C,13320,1812,16049,0[CR],2421042703
F,53704,13019,16049,0[CR],2421043140
C,13318,1812,16049,0[CR],2421043468
F,53672,13017,16049,0[CR],2421043906
C,13317,1812,16049,0[CR],2421044234
F,53632,13017,16049,0[CR],2421044671
C,13316,1812,16049,0[CR],2421045109
F,53616,13018,16049,0[CR],2421045437
C,13315,1812,16049,0[CR],2421045875
F,53584,13019,16049,0[CR],2421046203
A,33816,53560,16049,0[CR],2421046640
F,53544,13019,16049,0[CR],2421046968
C,13312,1812,16049,0[CR],2421047406
F,53520,13016,16049,0[CR],2421047843
C,13312,1816,16049,0[CR],2421048171
F,53496,13014,16049,0[CR],2421048609
C,13309,1820,16049,0[CR],2421048937
F,53464,13012,16049,0[CR],2421049375
C,13308,1802,16049,0[CR],2421049703
F,53432,13011,16049,0[CR],2421050140
C,13307,1810,16049,0[CR],2421050578
F,53400,13011,16049,0[CR],2421050906
C,13305,1820,16049,0[CR],2421051343
F,53376,13010,16049,0[CR],2421051671
C,13302,1812,16049,0[CR],2421052109
F,53352,13008,16049,0[CR],2421052437
A,33824,53328,16049,0[CR],2421052875
F,53304,13010,16049,0[CR],2421053312
C,13300,1812,16049,0[CR],2421053640
F,53288,13008,16049,0
<PAUSE BUTTON 13:39:57>
[CR],2421053750
>
Reset interface. Wait time for interface: 94
>
Reset interface. Wait time for interface: 46DOFF
OK
>
Command: DOFF Wait time for interface: 110

>
Reset interface. Wait time for interface: 47CLEAR
OK
>
Command: CLEAR Wait time for interface: 109

<END BUTTON 13:47:15>

------------------- Begin end zero test --------------------
>
Reset interface. Wait time for interface: 63SCANG
Z,0,0,0,0
Z,0,0,0,0[CR],2421495109
Z,0,0,0,0[CR],2421495656
Z,0,0,0,0[CR],2421496093
Z,0,0,0,0[CR],2421496640
Z,0,0,0,0[CR],2421497187
Z,0,0,0,0[CR],2421497625
Z,0,0,0,0[CR],2421498171
Z,0,0,0,0[CR],2421498718
Z,0,0,0,0[CR],2421499156
Z,0,0,0,0[CR],2421499703
Z,0,0,0,0[CR],2421500140
C,12062,3034,0,0[CR],2421500468
F,12095,12780,0,0[CR],2421500906
C,12061,3384,0,0[CR],2421501343
F,12092,12780,0,0[CR],2421501671
C,12061,3392,0,0[CR],2421502125
F,12095,12779,0,0[CR],2421502453
A,33964,12087,0,0[CR],2421502906
F,12074,12783,0,0[CR],2421503250
C,12061,3164,0,0[CR],2421503593
F,12094,12781,0,0[CR],2421504046
C,12060,2926,0,0[CR],2421504484
F,12091,12782,0,0[CR],2421504828
C,12060,2958,0,0[CR],2421505171
F,12092,12781,0,0[CR],2421505625
C,12060,3024,0,0[CR],2421505953
F,12085,12781,0,0[CR],2421506390
C,12060,2958,0,0[CR],2421506718
F,12087,12781,0,0[CR],2421507171
C,12060,2924,0,0[CR],2421507625
F,12086,12781,0,0[CR],2421507953
C,12060,2926,0,0[CR],2421508281
F,12091,12781,0,0[CR],2421508718
A,33960,12093,0,0[CR],2421509156
F,12071,12783,0,0[CR],2421509484
C,12060,2916,0,0[CR],2421509921
F,12090,12784,0,0[CR],2421510250
C,12062,2934,0,0[CR],2421510687
F,12062,12726,0,0[CR],2421511125
C,12097,2786,0,0[CR],2421511453
F,12050,12661,0,0[CR],2421511890
C,12079,2714,0,0[CR],2421512218
F,12445,12738,0,0[CR],2421512656
C,12071,2744,0,0[CR],2421512984
F,12324,12735,0,0[CR],2421513421
C,12071,2760,0,0[CR],2421513859
F,12260,12734,0,0[CR],2421514187
C,12077,2782,0,0[CR],2421514625
F,12252,12681,0,0[CR],2421514953
A,33960,12285,0,0[CR],2421515390
F,12256,12749,0,0[CR],2421515718
C,12067,2830,0,0[CR],2421516156
F,12233,12746,0,0[CR],2421516593
C,12067,2836,0,0[CR],2421516921
F,12207,12748,0,0[CR],2421517359
C,12067,2840,0,0[CR],2421517687
F,12181,12746,0,0[CR],2421518125
C,12067,2826,0,0[CR],2421518453
F,12176,12746,0,0[CR],2421518890
C,12067,2848,0,0[CR],2421519109
>[CR],2421519109
>
Reset interface. Wait time for interface: 94

======== END OF TEST ========


