CPT-log version: 5.22
======== BEGIN OF TEST ========
DATE 21.09.2022

<Transmited Data>
<NEW BUTTON 10:05:25>
[^C][CR]
[^C][CR]
[^C][CR]
CLEAR[CR]
[^C][CR]
DOFF[CR]
[^C][CR]
SCANG[CR]
[^C][CR]
[^C][CR]
CLEAR[CR]

<START BUTTON 10:10:11>
[^C][CR]
[^C][CR]
DRON[CR]
SCANG[CR]

<PAUSE BUTTON 10:25:02>
[^C][CR]
[^C][CR]
[^C][CR]
DOFF[CR]
[^C][CR]
CLEAR[CR]

<END BUTTON 10:31:52>
[^C][CR]
SCANG[CR]
[^C][CR]


<Received Data>
<NEW BUTTON 10:05:25>

>
Reset interface. Wait time for interface: 47
>
Reset interface. Wait time for interface: 109
>
Reset interface. Wait time for interface: 110CLEAR
OK
>
Command: CLEAR Wait time for interface: 109

>
Reset interface. Wait time for interface: 109DOFF
OK
>
Command: DOFF Wait time for interface: 110

>
Reset interface. Wait time for interface: 46SCANG
Z,0,0,0,0
Z,0,0,0,0[CR],2494631750
Z,0,0,0,0[CR],2494632296
Z,0,0,0,0[CR],2494632734
Z,0,0,0,0[CR],2494633281
Z,0,0,0,0[CR],2494633718
Z,0,0,0,0[CR],2494634265
Z,0,0,0,0[CR],2494634812
Z,0,0,0,0[CR],2494634921
F,12160,12637,0,0[CR],2494635468
Z,0,0,0,0[CR],2494636015
Z,0,0,0,0[CR],2494636453
Z,0,0,0,0[CR],2494636562
F,12180,12634,0,0[CR],2494636890
C,12112,10200,0,0[CR],2494637328
F,12180,12636,0,0[CR],2494637656
C,12112,11726,0,0[CR],2494638093
F,12180,12635,0,0[CR],2494638531
C,12113,10184,0,0[CR],2494638875
F,12178,12636,0,0[CR],2494639203
C,12113,10657,0,0[CR],2494639671
F,12176,12635,0,0[CR],2494640015
C,12112,11248,0,0[CR],2494640468
F,12180,12634,0,0[CR],2494640812
A,35500,12179,0,0[CR],2494641156
F,12169,12634,0,0[CR],2494641609
C,12111,11383,0,0[CR],2494641953
F,12183,12634,0,0[CR],2494642406
C,12112,11354,0,0[CR],2494642734
F,12180,12636,0,0[CR],2494643171
C,12112,11199,0,0[CR],2494643531
>
Reset interface. Wait time for interface: 78
>
Reset interface. Wait time for interface: 47CLEAR
OK
>
Command: CLEAR Wait time for interface: 110

<START BUTTON 10:10:11>

>
Reset interface. Wait time for interface: 78
>
Reset interface. Wait time for interface: 110DRON
OK
>
Command: DRON Wait time for interface: 109
SCANG
Z,0,0,0,0
F,13636,14872,0,0[CR],2494868968
C,16450,228,0,0[CR],2494869296
F,13645,14880,0,0[CR],2494869734
C,16430,248,0,0[CR],2494870171
F,13637,14882,0,0[CR],2494870500
C,16410,254,0,0[CR],2494870937
F,13632,14882,0,0[CR],2494871265
C,16398,270,0,0[CR],2494871703
F,13636,14882,0,0[CR],2494872031
A,35212,13634,0,0[CR],2494872468
F,13623,14888,0,0[CR],2494872906
C,16369,234,0,0[CR],2494873234
F,13636,14895,0,0[CR],2494873671
C,16352,262,0,0[CR],2494874000
F,13636,14898,0,0[CR],2494874437
C,16349,268,0,0[CR],2494874765
F,13635,14902,0,0[CR],2494875203
C,16315,244,0,0[CR],2494875640
F,13632,14903,0,0[CR],2494875968
C,16300,236,0,0[CR],2494876406
F,13629,14922,5,44[CR],2494876734
C,16288,260,21,47[CR],2494877171
F,13795,14545,38,43[CR],2494877500
C,17888,240,55,41[CR],2494877937
F,13854,14863,71,49[CR],2494878375
A,35224,13857,88,44[CR],2494878703
F,13848,15185,105,39[CR],2494879140
C,17840,236,121,36[CR],2494879468
F,13903,15333,138,44[CR],2494879906
C,17396,244,154,39[CR],2494880234
F,13991,15794,170,38[CR],2494880671
C,18144,294,186,44[CR],2494881109
F,13684,16658,203,43[CR],2494881437
C,18948,286,219,39[CR],2494881875
F,13809,15722,234,39[CR],2494882203
C,19288,286,251,43[CR],2494882640
F,13583,15138,266,39[CR],2494882968
C,19172,262,282,38[CR],2494883406
F,13752,14522,298,34[CR],2494883843
C,19100,276,313,43[CR],2494884171
F,13836,14104,329,39[CR],2494884609
A,35172,13856,344,35[CR],2494884937
F,13843,13835,359,33[CR],2494885375
C,19260,290,375,43[CR],2494885703
F,13877,13814,390,39[CR],2494886140
C,18662,280,405,38[CR],2494886578
F,13875,13769,419,35[CR],2494886906
C,17652,274,434,35[CR],2494887343
F,13926,13825,449,31[CR],2494887671
C,16494,270,464,41[CR],2494888109
F,13992,14076,478,39[CR],2494888437
C,15386,274,492,36[CR],2494888875
F,14155,14647,506,36[CR],2494889312
C,15061,280,520,34[CR],2494889640
F,14360,15521,534,34[CR],2494890078
C,14467,278,547,32[CR],2494890406
F,15557,15817,561,32[CR],2494890843
A,35148,16544,574,32[CR],2494891171
F,16438,15187,587,30[CR],2494891609
C,17642,286,600,33[CR],2494892046
F,14605,14577,613,38[CR],2494892375
C,17844,284,627,36[CR],2494892812
F,14247,14260,640,36[CR],2494893140
C,18244,296,654,35[CR],2494893578
F,14281,14190,667,35[CR],2494893906
C,18482,296,681,35[CR],2494894343
F,14226,14458,694,34[CR],2494894671
C,17946,290,708,34[CR],2494895109
F,14300,14642,721,33[CR],2494895546
C,16856,286,735,32[CR],2494895875
F,14383,14769,748,32[CR],2494896312
C,15656,292,761,32[CR],2494896640
F,14429,15172,775,31[CR],2494897078
A,35132,14436,788,30[CR],2494897515
F,14419,15731,801,30[CR],2494897843
C,13894,280,814,27[CR],2494898281
F,14470,16388,827,32[CR],2494898609
C,13594,292,841,38[CR],2494899046
F,14581,16790,854,38[CR],2494899375
C,13359,286,867,38[CR],2494899812
F,15121,16784,881,35[CR],2494900250
C,13231,292,894,35[CR],2494900578
F,17206,16219,907,34[CR],2494901015
C,13163,292,920,34[CR],2494901343
F,19388,15525,933,34[CR],2494901781
C,13574,342,946,33[CR],2494902109
F,22568,14610,959,33[CR],2494902546
C,16296,332,972,34[CR],2494902984
F,15945,13858,985,34[CR],2494903312
A,35108,13838,998,34[CR],2494903750
F,13518,13473,1011,34[CR],2494904093
C,19978,312,1024,33[CR],2494904515
F,13181,13434,1037,34[CR],2494904843
C,20196,316,1051,34[CR],2494905281
F,12931,13451,1064,33[CR],2494905718
C,19224,312,1078,33[CR],2494906046
F,13014,13615,1092,29[CR],2494906484
C,17048,312,1106,39[CR],2494906812
F,13066,14260,1119,36[CR],2494907250
C,15093,322,1133,38[CR],2494907578
F,13203,15937,1146,35[CR],2494908015
C,14428,312,1160,35[CR],2494908453
F,13446,16824,1173,35[CR],2494908781
C,14608,340,1187,35[CR],2494909218
F,13723,16928,1200,34[CR],2494909546
A,35112,14018,1213,33[CR],2494909984
F,14073,16646,1226,32[CR],2494910312
C,13572,354,1240,32[CR],2494910750
F,14594,16198,1252,31[CR],2494911187
C,13861,342,1265,31[CR],2494911515
F,14923,15054,1278,32[CR],2494911953
C,13531,330,1291,31[CR],2494912281
F,14982,14408,1304,31[CR],2494912718
C,13234,346,1317,32[CR],2494913046
F,15246,14200,1330,31[CR],2494913484
C,13044,346,1343,31[CR],2494913921
F,15726,14012,1356,31[CR],2494914250
C,13031,338,1369,29[CR],2494914687
F,16266,13827,1382,27[CR],2494915015
C,13097,382,1396,35[CR],2494915453
F,16928,13589,1409,38[CR],2494915781
A,35068,17302,1423,36[CR],2494916218
F,17392,13622,1436,36[CR],2494916656
C,13013,372,1450,35[CR],2494916984
F,18080,13203,1463,34[CR],2494917421
C,13026,384,1476,34[CR],2494917750
F,18864,13064,1490,36[CR],2494918187
C,13053,376,1503,32[CR],2494918515
F,19626,13104,1516,34[CR],2494918953
C,13076,376,1530,34[CR],2494919390
F,20326,13161,1543,31[CR],2494919718
C,13144,380,1555,31[CR],2494920156
F,20912,13234,1568,32[CR],2494920484
C,13642,370,1581,31[CR],2494920921
F,21720,13340,1594,32[CR],2494921250
C,14290,384,1602,7[CR],2494921687
F,18592,13190,1602,1[CR],2494922125
A,35060,17998,1602,1[CR],2494922453
F,17920,12912,1602,0[CR],2494922890
C,13324,396,1602,0[CR],2494923218
F,17736,12888,1602,0[CR],2494923656
C,13300,384,1602,0[CR],2494923984
F,17560,12878,1602,0[CR],2494924421
C,13282,402,1602,0[CR],2494924859
F,17398,12869,1602,0[CR],2494925187
C,13230,394,1602,0[CR],2494925625
F,17252,12811,1602,0[CR],2494925953
C,13232,382,1602,0[CR],2494926390
F,17146,12842,1602,0[CR],2494926718
C,13244,382,1602,0[CR],2494927156
F,17036,12820,1602,0[CR],2494927484
C,13233,402,1602,0[CR],2494928031
Z,0,0,1602,0[CR],2494928359
A,35024,16862,1602,0[CR],2494928796
Z,0,0,1602,0[CR],2494929343
Z,0,0,1602,0[CR],2494929781
Z,0,0,1602,0[CR],2494930328
Z,0,0,1602,0[CR],2494930875
Z,0,0,1602,0[CR],2494931312
Z,0,0,1602,0[CR],2494931859
Z,0,0,1602,0[CR],2494932296
Z,0,0,1602,0[CR],2494932843
Z,0,0,1602,0[CR],2494933281
Z,0,0,1602,0[CR],2494933828
Z,0,0,1602,0[CR],2494934375
Z,0,0,1602,0[CR],2494934812
Z,0,0,1602,0[CR],2494935359
Z,0,0,1602,0[CR],2494935796
Z,0,0,1602,0[CR],2494936125
C,12951,370,1602,0[CR],2494936562
F,16372,12627,1602,0[CR],2494937000
Z,0,0,1602,0[CR],2494937546
Z,0,0,1602,0[CR],2494937984
Z,0,0,1602,0[CR],2494938093
F,16288,12627,1602,0[CR],2494938640
Z,0,0,1602,0[CR],2494939078
Z,0,0,1602,0[CR],2494939625
Z,0,0,1602,0[CR],2494940062
Z,0,0,1602,0[CR],2494940609
Z,0,0,1602,0[CR],2494941046
Z,0,0,1602,0[CR],2494941593
Z,0,0,1602,0[CR],2494942140
Z,0,0,1602,0[CR],2494942578
Z,0,0,1602,0[CR],2494943125
Z,0,0,1602,0[CR],2494943562
Z,0,0,1602,0[CR],2494944109
Z,0,0,1602,0[CR],2494944546
Z,0,0,1602,0[CR],2494945093
Z,0,0,1602,0[CR],2494945093
F,16033,12627,1602,0[CR],2494945531
C,12949,388,1602,0[CR],2494945859
F,16015,12627,1602,0[CR],2494946296
C,12942,392,1602,0[CR],2494946734
F,15984,12626,1602,0[CR],2494947062
A,34988,15976,1602,0[CR],2494947500
F,15959,12627,1602,0[CR],2494947828
C,12945,384,1602,0[CR],2494948375
Z,0,0,1602,0[CR],2494948812
Z,0,0,1602,0[CR],2494949359
Z,0,0,1602,0[CR],2494949796
Z,0,0,1602,0[CR],2494950343
Z,0,0,1602,0[CR],2494950890
Z,0,0,1602,0[CR],2494951328
Z,0,0,1602,0[CR],2494951875
Z,0,0,1602,0[CR],2494952312
Z,0,0,1602,0[CR],2494952859
Z,0,0,1602,0[CR],2494953406
Z,0,0,1602,0[CR],2494953843
Z,0,0,1602,0[CR],2494954390
Z,0,0,1602,0[CR],2494954828
Z,0,0,1602,0[CR],2494955375
Z,0,0,1602,0[CR],2494955812
Z,0,0,1602,0[CR],2494956359
Z,0,0,1602,0[CR],2494956906
Z,0,0,1602,0[CR],2494957343
Z,0,0,1602,0[CR],2494957890
Z,0,0,1602,51[CR],2494958328
Z,0,0,1607,60[CR],2494958765
C,12884,382,1620,19[CR],2494959203
F,15705,13189,1620,2[CR],2494959531
A,34992,15537,1620,1[CR],2494959968
F,15532,12982,1620,0[CR],2494960343
C,13443,386,1620,0[CR],2494960734
F,15551,12978,1620,0[CR],2494961171
C,13410,382,1620,0[CR],2494961500
F,15558,12971,1620,0[CR],2494961937
C,13391,372,1620,0[CR],2494962265
F,15569,12967,1620,0[CR],2494962703
C,13379,380,1622,3[CR],2494963031
F,15573,13088,1622,1[CR],2494963468
C,13517,368,1622,0[CR],2494963906
F,15549,13070,1622,0[CR],2494964234
C,13461,378,1622,0[CR],2494964671
F,15558,13080,1622,0[CR],2494965000
C,13431,376,1622,0[CR],2494965437
F,15562,13081,1622,0[CR],2494965875
A,34952,15556,1622,0[CR],2494966203
F,15548,13077,1622,0[CR],2494966640
C,13399,384,1622,0[CR],2494966968
F,15560,13072,1629,32[CR],2494967406
C,13388,382,1643,33[CR],2494967734
F,15580,13659,1655,36[CR],2494968171
C,13551,380,1668,36[CR],2494968609
F,15996,14454,1681,36[CR],2494968937
C,13262,382,1694,36[CR],2494969375
F,16394,14643,1707,36[CR],2494969703
C,13197,400,1720,35[CR],2494970140
F,17092,14493,1734,34[CR],2494970468
C,13134,420,1746,34[CR],2494970906
F,17984,14309,1760,34[CR],2494971343
C,13079,428,1773,35[CR],2494971671
F,18888,14162,1786,35[CR],2494972109
A,34896,19488,1799,34[CR],2494972437
F,19696,13451,1813,33[CR],2494972875
C,13070,436,1826,32[CR],2494973203
F,20376,13116,1839,32[CR],2494973640
C,13050,448,1852,32[CR],2494974078
F,21000,13096,1865,32[CR],2494974406
C,13060,442,1878,32[CR],2494974843
F,21606,13138,1892,31[CR],2494975171
C,13076,448,1905,32[CR],2494975609
F,22106,13242,1918,31[CR],2494975937
C,13046,446,1931,30[CR],2494976375
F,22520,13377,1944,29[CR],2494976812
C,13079,440,1957,32[CR],2494977140
F,23006,13496,1972,36[CR],2494977578
C,13082,436,1985,35[CR],2494977906
F,23362,13556,1998,35[CR],2494978343
A,34888,23502,2011,34[CR],2494978671
F,23568,13606,2025,35[CR],2494979109
C,12997,448,2037,34[CR],2494979546
F,23778,13648,2051,34[CR],2494979875
C,12989,440,2064,34[CR],2494980312
F,24104,13623,2077,33[CR],2494980640
C,12995,448,2090,33[CR],2494981078
F,24266,13627,2103,32[CR],2494981406
C,12977,444,2116,33[CR],2494981843
F,24408,13649,2130,32[CR],2494982281
C,12966,442,2142,31[CR],2494982609
F,24636,13652,2156,31[CR],2494983046
C,12989,440,2169,32[CR],2494983375
F,24924,13709,2182,32[CR],2494983812
C,13043,442,2195,32[CR],2494984140
F,25244,13741,2208,28[CR],2494984578
A,34856,25448,2221,31[CR],2494985015
F,25424,13759,2233,31[CR],2494985343
C,13180,448,2246,32[CR],2494985781
F,24864,13822,2259,30[CR],2494986109
C,13154,450,2272,28[CR],2494986546
F,23696,13870,2285,30[CR],2494986875
C,13103,458,2298,35[CR],2494987312
F,24648,13919,2311,36[CR],2494987750
C,13160,458,2325,36[CR],2494988078
F,25300,13951,2338,36[CR],2494988515
C,13197,482,2351,35[CR],2494988843
F,24908,13984,2364,36[CR],2494989281
C,13233,474,2377,35[CR],2494989609
F,25024,14002,2390,34[CR],2494990046
C,13232,490,2403,35[CR],2494990484
F,25240,13993,2416,33[CR],2494990812
A,34844,25456,2430,32[CR],2494991250
F,25724,14037,2443,34[CR],2494991578
C,13114,480,2456,33[CR],2494992015
F,26364,13941,2469,33[CR],2494992343
C,13114,502,2482,32[CR],2494992781
F,26832,13897,2495,32[CR],2494993218
C,13262,504,2508,31[CR],2494993546
F,27588,13840,2521,32[CR],2494993984
C,13575,506,2534,32[CR],2494994312
F,28392,13867,2547,32[CR],2494994750
C,13289,506,2560,32[CR],2494995078
F,25424,13776,2573,32[CR],2494995515
C,13237,506,2586,32[CR],2494995953
F,26952,13545,2599,28[CR],2494996281
C,13263,502,2613,28[CR],2494996718
F,28012,13494,2626,36[CR],2494997046
A,34820,28628,2639,36[CR],2494997484
F,28920,13458,2652,38[CR],2494997875
C,13260,498,2666,35[CR],2494998250
F,29664,13367,2679,35[CR],2494998593
C,13231,506,2692,35[CR],2494999015
F,30560,13255,2705,35[CR],2494999453
C,13247,510,2718,35[CR],2494999781
F,31024,13257,2731,34[CR],2495000218
C,13254,506,2744,34[CR],2495000546
F,31956,13257,2757,34[CR],2495000984
C,13269,506,2770,34[CR],2495001421
F,32168,13268,2783,33[CR],2495001750
C,13293,510,2796,34[CR],2495002187
F,32096,13287,2809,33[CR],2495002515
C,13304,508,2822,33[CR],2495002953
F,32648,13283,2836,32[CR],2495003281
A,34792,32604,2849,32[CR],2495003718
F,33152,13310,2862,32[CR],2495004156
C,13237,510,2875,32[CR],2495004484
F,33592,13270,2888,32[CR],2495004921
C,13224,516,2901,32[CR],2495005250
F,33668,13305,2914,32[CR],2495005687
C,13210,516,2927,32[CR],2495006015
F,33648,13321,2941,27[CR],2495006453
C,13193,530,2954,28[CR],2495006890
F,33200,13324,2967,30[CR],2495007218
C,13165,528,2980,38[CR],2495007656
F,33092,13333,2993,36[CR],2495007984
C,13243,552,3006,36[CR],2495008421
F,33448,13345,3019,36[CR],2495008750
C,13359,558,3032,35[CR],2495009187
F,34096,13406,3046,35[CR],2495009625
A,34792,35456,3059,35[CR],2495009953
F,35540,13321,3072,34[CR],2495010390
C,13274,556,3085,35[CR],2495010718
F,36112,13288,3098,34[CR],2495011156
C,13321,562,3111,34[CR],2495011484
F,36948,13313,3124,34[CR],2495011921
C,13296,570,3137,33[CR],2495012359
F,37356,13358,3151,33[CR],2495012687
C,13239,572,3164,33[CR],2495013125
F,37236,13375,3177,32[CR],2495013453
C,13258,566,3190,31[CR],2495013890
F,37592,13417,3203,31[CR],2495014218
C,13248,570,3216,32[CR],2495014656
F,38096,13488,3229,31[CR],2495015093
C,13283,568,3242,31[CR],2495015421
F,38288,13482,3255,32[CR],2495015859
A,34740,38280,3269,28[CR],2495016187
F,38564,13486,3282,27[CR],2495016625
C,13311,566,3295,31[CR],2495016953
F,38192,13449,3308,36[CR],2495017390
C,13309,566,3321,36[CR],2495017828
F,37700,13429,3334,36[CR],2495018156
C,13293,562,3347,36[CR],2495018593
F,37840,13412,3361,35[CR],2495018921
C,13251,574,3374,35[CR],2495019359
F,37712,13378,3387,35[CR],2495019687
C,13270,566,3400,34[CR],2495020125
F,38160,13371,3413,34[CR],2495020562
C,13293,562,3426,34[CR],2495020890
F,38400,13376,3439,34[CR],2495021328
C,13286,562,3453,34[CR],2495021656
F,38352,13378,3466,33[CR],2495022093
A,34756,38352,3479,33[CR],2495022421
F,38260,13388,3492,32[CR],2495022859
C,13282,562,3505,32[CR],2495023296
F,38608,13382,3518,32[CR],2495023625
C,13282,570,3531,31[CR],2495024062
F,38560,13398,3544,31[CR],2495024390
C,13265,564,3558,31[CR],2495024828
F,38540,13395,3570,30[CR],2495025156
C,13253,558,3583,27[CR],2495025593
F,38600,13407,3597,26[CR],2495026031
C,13266,562,3603,4[CR],2495026359
F,38868,13152,3603,1[CR],2495026796
C,13081,556,3603,0[CR],2495027125
F,37436,13017,3603,0[CR],2495027562
C,13019,556,3603,0[CR],2495027890
F,36976,12982,3603,0[CR],2495028328
A,34732,36752,3603,0[CR],2495028765
F,36664,12966,3603,0[CR],2495029093
C,12981,560,3603,0[CR],2495029531
F,36488,13003,3603,0[CR],2495029859
C,12979,550,3603,0[CR],2495030296
F,36272,12995,3603,0[CR],2495030625
C,12971,560,3603,0[CR],2495031062
F,36116,12980,3603,0[CR],2495031500
C,12963,562,3603,0[CR],2495031828
F,35976,12967,3603,0[CR],2495032375
Z,0,0,3603,0[CR],2495032812
Z,0,0,3603,0[CR],2495033359
Z,0,0,3603,0[CR],2495033906
Z,0,0,3603,0[CR],2495034343
Z,0,0,3603,0[CR],2495034890
Z,0,0,3603,0[CR],2495035328
Z,0,0,3603,0[CR],2495035875
Z,0,0,3603,0[CR],2495036093
C,12851,568,3603,0[CR],2495036640
Z,0,0,3603,0[CR],2495037187
Z,0,0,3603,0[CR],2495037625
Z,0,0,3603,0[CR],2495038171
Z,0,0,3603,0[CR],2495038609
Z,0,0,3603,0[CR],2495039156
Z,0,0,3603,0[CR],2495039593
Z,0,0,3603,0[CR],2495040140
Z,0,0,3603,0[CR],2495040687
Z,0,0,3603,0[CR],2495041125
Z,0,0,3603,0[CR],2495041671
Z,0,0,3603,0[CR],2495042109
Z,0,0,3603,0[CR],2495042656
Z,0,0,3603,0[CR],2495043203
Z,0,0,3603,0[CR],2495043640
Z,0,0,3603,0[CR],2495044187
Z,0,0,3603,0[CR],2495044296
F,34632,12799,3603,0[CR],2495044843
Z,0,0,3603,0[CR],2495045390
Z,0,0,3603,0[CR],2495045828
Z,0,0,3603,0[CR],2495046375
Z,0,0,3603,0[CR],2495046812
Z,0,0,3603,0[CR],2495047359
Z,0,0,3603,0[CR],2495047906
Z,0,0,3603,0[CR],2495048343
Z,0,0,3603,0[CR],2495048890
Z,0,0,3603,0[CR],2495049328
Z,0,0,3603,0[CR],2495049875
Z,0,0,3603,0[CR],2495050312
Z,0,0,3603,0[CR],2495050859
Z,0,0,3603,0[CR],2495051406
Z,0,0,3603,0[CR],2495051843
Z,0,0,3603,0[CR],2495052390
Z,0,0,3603,0[CR],2495052828
Z,0,0,3603,0[CR],2495053375
Z,0,0,3603,0[CR],2495053812
Z,0,0,3603,68[CR],2495054359
Z,0,0,3603,73[CR],2495054906
Z,0,0,3603,60[CR],2495055234
F,34040,12780,3616,16[CR],2495055671
C,12805,558,3617,2[CR],2495056109
F,35352,13002,3617,1[CR],2495056437
C,13004,560,3617,0[CR],2495056875
F,35136,12952,3617,0[CR],2495057203
C,12975,560,3617,0[CR],2495057640
F,35024,12946,3617,0[CR],2495057968
C,12962,558,3617,0[CR],2495058406
F,34956,12940,3617,0[CR],2495058843
C,12954,562,3618,0[CR],2495059171
F,34896,12939,3619,5[CR],2495059609
A,34644,36320,3619,1[CR],2495059937
F,36148,12986,3619,1[CR],2495060375
C,13034,560,3619,0[CR],2495060703
F,35776,12965,3619,0[CR],2495061140
C,13003,554,3619,0[CR],2495061578
F,35616,12955,3619,0[CR],2495061906
C,12989,554,3619,0[CR],2495062343
F,35504,12950,3619,0[CR],2495062671
C,12980,560,3620,0[CR],2495063109
F,35416,12946,3633,35[CR],2495063437
C,13236,560,3646,34[CR],2495063875
F,37784,13390,3659,34[CR],2495064312
C,13302,564,3672,34[CR],2495064640
F,38804,13394,3685,34[CR],2495065078
C,13310,550,3699,34[CR],2495065406
F,39460,13413,3712,32[CR],2495065843
A,34580,39600,3725,33[CR],2495066171
F,39460,13402,3738,32[CR],2495066609
C,13341,580,3751,31[CR],2495067046
F,39804,13410,3764,32[CR],2495067375
C,13317,560,3777,31[CR],2495067812
F,37744,13387,3790,32[CR],2495068140
C,13286,560,3803,31[CR],2495068578
F,37700,13401,3816,31[CR],2495068906
C,13279,564,3829,31[CR],2495069343
F,38112,13411,3842,31[CR],2495069781
C,13252,560,3855,28[CR],2495070109
F,38404,13441,3869,28[CR],2495070546
C,13252,564,3882,29[CR],2495070875
F,38852,13441,3895,35[CR],2495071312
C,13250,560,3908,36[CR],2495071640
F,38844,13422,3921,35[CR],2495072078
A,34584,38712,3934,35[CR],2495072406
F,38620,13359,3947,36[CR],2495072843
C,13276,574,3960,36[CR],2495073281
F,37192,13326,3973,35[CR],2495073609
C,13269,564,3986,35[CR],2495074046
F,36916,13336,3999,34[CR],2495074375
C,13252,568,4011,34[CR],2495074812
F,37316,13322,4024,34[CR],2495075250
C,13261,580,4037,35[CR],2495075578
F,38180,13325,4050,34[CR],2495076015
C,13300,580,4063,34[CR],2495076343
F,39280,13316,4076,34[CR],2495076781
C,13319,624,4089,32[CR],2495077109
F,39864,13333,4103,33[CR],2495077546
C,13335,610,4115,32[CR],2495077984
F,39864,13319,4128,32[CR],2495078312
A,34552,39912,4141,32[CR],2495078750
F,38936,13294,4154,32[CR],2495079078
C,13273,624,4166,32[CR],2495079515
F,39276,13310,4179,32[CR],2495079843
C,13274,624,4191,32[CR],2495080281
F,39672,13328,4204,32[CR],2495080718
C,13295,630,4216,32[CR],2495081046
F,39976,13338,4229,30[CR],2495081484
C,13306,630,4241,33[CR],2495081812
F,40328,13360,4254,34[CR],2495082250
C,13324,632,4266,32[CR],2495082578
F,40796,13369,4279,33[CR],2495083125
Z,0,0,4295,29[CR],2495083343
F,40848,13346,4304,32[CR],2495083781
C,13303,628,4316,32[CR],2495084218
F,39888,13324,4329,34[CR],2495084546
A,34500,39340,4341,32[CR],2495084984
F,39060,13330,4354,34[CR],2495085312
C,13270,632,4367,33[CR],2495085750
F,39044,13356,4380,32[CR],2495086078
C,13271,626,4393,32[CR],2495086515
F,39420,13351,4405,32[CR],2495086953
C,13267,636,4418,33[CR],2495087281
F,39816,13364,4431,31[CR],2495087718
C,13268,632,4443,32[CR],2495088046
F,40040,13358,4456,32[CR],2495088484
C,13264,650,4468,32[CR],2495088812
F,40396,13359,4481,32[CR],2495089250
C,13294,650,4493,31[CR],2495089687
F,40844,13357,4506,31[CR],2495090015
C,13316,648,4518,32[CR],2495090453
F,41160,13353,4531,32[CR],2495090781
A,34504,41488,4543,32[CR],2495091218
F,41576,13355,4556,32[CR],2495091546
C,13342,674,4568,33[CR],2495091984
F,41256,13332,4581,32[CR],2495092343
C,13360,694,4593,33[CR],2495092750
F,40552,13314,4606,32[CR],2495093187
C,13344,696,4619,33[CR],2495093515
F,40796,13322,4632,32[CR],2495093953
C,13325,684,4644,32[CR],2495094390
F,40316,13332,4657,33[CR],2495094718
C,13350,694,4670,33[CR],2495095156
F,40832,13357,4683,31[CR],2495095484
C,13357,698,4695,32[CR],2495095921
F,41144,13362,4708,31[CR],2495096250
C,13352,698,4720,32[CR],2495096687
F,41336,13366,4733,32[CR],2495097125
A,34496,41288,4746,32[CR],2495097453
F,41144,13361,4758,33[CR],2495097890
C,13345,698,4771,33[CR],2495098218
F,41264,13362,4783,30[CR],2495098656
C,13324,696,4796,32[CR],2495098984
F,41224,13365,4808,33[CR],2495099421
C,13324,692,4821,33[CR],2495099859
F,41104,13375,4833,33[CR],2495100187
C,13346,698,4846,32[CR],2495100625
F,41392,13373,4858,33[CR],2495100953
C,13380,710,4871,34[CR],2495101390
F,41384,13383,4884,32[CR],2495101718
C,13340,698,4896,34[CR],2495102156
F,41744,13378,4909,33[CR],2495102593
C,13374,688,4921,33[CR],2495102921
F,42024,13370,4934,33[CR],2495103359
A,34464,42072,4947,33[CR],2495103687
F,41976,13348,4960,33[CR],2495104125
C,13354,698,4972,33[CR],2495104453
F,41432,13345,4985,33[CR],2495104890
C,13347,702,4997,34[CR],2495105328
F,41528,13341,5010,33[CR],2495105656
C,13302,698,5022,33[CR],2495106093
F,41400,13340,5035,32[CR],2495106421
C,13325,702,5048,32[CR],2495106859
F,41952,13348,5061,33[CR],2495107187
C,13338,698,5073,32[CR],2495107625
F,41992,13355,5086,33[CR],2495108062
C,13352,698,5098,32[CR],2495108390
F,41984,13363,5111,34[CR],2495108828
C,13383,698,5125,33[CR],2495109156
F,41504,13360,5137,32[CR],2495109593
A,34444,41944,5150,32[CR],2495109921
F,41800,13334,5163,32[CR],2495110359
C,13343,688,5175,32[CR],2495110796
F,41416,13314,5188,32[CR],2495111125
C,13338,688,5201,32[CR],2495111562
F,41712,13304,5213,32[CR],2495111890
C,13340,692,5226,32[CR],2495112328
F,41792,13298,5238,33[CR],2495112656
C,13348,698,5251,32[CR],2495113093
F,41512,13299,5264,32[CR],2495113531
C,13295,710,5276,31[CR],2495113859
F,41664,13290,5288,32[CR],2495114296
C,13297,718,5301,33[CR],2495114625
F,41672,13276,5314,33[CR],2495115062
C,13293,728,5326,33[CR],2495115390
F,41808,13295,5339,31[CR],2495115828
A,34404,42384,5351,33[CR],2495116265
F,42616,13306,5364,33[CR],2495116593
C,13328,718,5376,32[CR],2495117031
F,42848,13291,5389,33[CR],2495117359
C,13357,740,5401,32[CR],2495117796
F,42240,13278,5414,33[CR],2495118125
C,13326,714,5427,32[CR],2495118562
F,41816,13247,5439,33[CR],2495119000
C,13320,748,5452,33[CR],2495119328
F,42104,13255,5465,33[CR],2495119765
C,13396,758,5477,32[CR],2495120093
F,42576,13266,5490,33[CR],2495120531
C,13368,752,5502,33[CR],2495120859
F,41624,13248,5515,32[CR],2495121296
C,13328,766,5528,33[CR],2495121734
F,41864,13268,5540,33[CR],2495122062
A,34424,41888,5553,32[CR],2495122500
F,42168,13267,5565,33[CR],2495122828
C,13342,760,5578,32[CR],2495123265
F,42936,13265,5591,33[CR],2495123593
C,13338,756,5603,25[CR],2495124031
F,42768,13251,5606,11[CR],2495124468
C,13283,754,5607,2[CR],2495124796
F,41488,12989,5607,1[CR],2495125234
C,13193,766,5607,0[CR],2495125562
F,40296,12944,5607,0[CR],2495126000
C,13142,766,5607,0[CR],2495126328
F,39868,12928,5607,0[CR],2495126765
C,13116,766,5607,0[CR],2495127203
F,39536,12905,5607,0[CR],2495127531
C,13114,774,5607,0[CR],2495127968
F,39208,12911,5607,0[CR],2495128296
A,34408,39052,5607,0[CR],2495128734
F,39000,12902,5607,0[CR],2495129062
C,13081,766,5607,0[CR],2495129500
F,38936,12893,5607,0[CR],2495130046
Z,0,0,5607,0[CR],2495130484
Z,0,0,5607,0[CR],2495131031
Z,0,0,5607,0[CR],2495131468
Z,0,0,5607,0[CR],2495132015
Z,0,0,5607,0[CR],2495132562
Z,0,0,5607,0[CR],2495133000
Z,0,0,5607,0[CR],2495133546
Z,0,0,5607,0[CR],2495133984
Z,0,0,5607,0[CR],2495134531
Z,0,0,5607,0[CR],2495134968
Z,0,0,5607,0[CR],2495135515
Z,0,0,5607,0[CR],2495136062
Z,0,0,5607,0[CR],2495136500
Z,0,0,5607,0[CR],2495137046
Z,0,0,5607,0[CR],2495137484
Z,0,0,5607,0[CR],2495138031
Z,0,0,5607,0[CR],2495138578
Z,0,0,5607,0[CR],2495139015
Z,0,0,5607,0[CR],2495139562
Z,0,0,5607,0[CR],2495140000
Z,0,0,5607,0[CR],2495140546
Z,0,0,5607,0[CR],2495140984
Z,0,0,5607,0[CR],2495141531
Z,0,0,5607,0[CR],2495142078
Z,0,0,5607,0[CR],2495142515
Z,0,0,5607,0[CR],2495143062
Z,0,0,5607,0[CR],2495143500
Z,0,0,5607,0[CR],2495144046
Z,0,0,5607,0[CR],2495144484
Z,0,0,5607,0[CR],2495145031
Z,0,0,5607,0[CR],2495145578
Z,0,0,5607,0[CR],2495146015
Z,0,0,5607,0[CR],2495146562
Z,0,0,5607,0[CR],2495147000
Z,0,0,5607,0[CR],2495147546
Z,0,0,5607,0[CR],2495148093
Z,0,0,5607,0[CR],2495148531
Z,0,0,5607,0[CR],2495149078
Z,0,0,5607,0[CR],2495149515
Z,0,0,5607,0[CR],2495150062
Z,0,0,5607,0[CR],2495150500
Z,0,0,5607,0[CR],2495151046
Z,0,0,5607,0[CR],2495151484
Z,0,0,5607,0[CR],2495152031
Z,0,0,5607,0[CR],2495152578
Z,0,0,5607,0[CR],2495153015
Z,0,0,5607,0[CR],2495153562
Z,0,0,5607,0[CR],2495154000
Z,0,0,5607,0[CR],2495154546
Z,0,0,5607,0[CR],2495155093
Z,0,0,5607,0[CR],2495155531
Z,0,0,5607,0[CR],2495156078
Z,0,0,5607,0[CR],2495156515
Z,0,0,5607,0[CR],2495157062
Z,0,0,5607,0[CR],2495157500
Z,0,0,5607,0[CR],2495158046
Z,0,0,5607,0[CR],2495158484
Z,0,0,5607,0[CR],2495159031
Z,0,0,5607,38[CR],2495159578
Z,0,0,5607,68[CR],2495160015
Z,0,0,5624,16[CR],2495160343
C,12902,776,5625,3[CR],2495160781
F,37884,12927,5625,1[CR],2495161109
C,13149,766,5625,0[CR],2495161546
F,38052,12910,5625,0[CR],2495161875
C,13111,766,5625,0[CR],2495162312
F,37968,12901,5625,0[CR],2495162750
C,13093,766,5625,0[CR],2495163078
F,37928,12897,5625,0[CR],2495163515
C,13083,762,5626,0[CR],2495163843
F,37832,12896,5628,3[CR],2495164281
C,13334,756,5629,2[CR],2495164609
F,39608,13031,5631,5[CR],2495165046
C,13285,766,5632,2[CR],2495165484
F,40516,13006,5632,1[CR],2495165812
A,34320,40124,5632,1[CR],2495166250
F,40036,12976,5632,0[CR],2495166578
C,13185,764,5632,0[CR],2495167015
F,39796,12962,5632,0[CR],2495167343
C,13167,770,5632,0[CR],2495167781
F,39504,12952,5638,18[CR],2495168218
C,13223,748,5650,31[CR],2495168546
F,41728,13259,5663,32[CR],2495168984
C,13327,762,5675,31[CR],2495169312
F,42128,13260,5688,32[CR],2495169750
C,13301,766,5700,32[CR],2495170078
F,42368,13253,5713,31[CR],2495170515
C,13284,772,5726,31[CR],2495170953
F,41416,13222,5739,32[CR],2495171281
C,13321,762,5751,30[CR],2495171718
F,43152,13241,5764,30[CR],2495172046
A,34288,43512,5776,30[CR],2495172484
F,43168,13219,5789,31[CR],2495172812
C,13278,766,5802,31[CR],2495173250
F,41984,13167,5814,31[CR],2495173687
C,13308,796,5827,29[CR],2495174015
F,42448,13149,5839,32[CR],2495174453
C,13286,770,5852,31[CR],2495174781
F,42504,13155,5865,31[CR],2495175218
C,13274,768,5878,30[CR],2495175546
F,42328,13143,5890,32[CR],2495175984
C,13254,768,5903,30[CR],2495176421
F,41208,13120,5915,32[CR],2495176750
C,13232,766,5928,29[CR],2495177187
F,42032,13122,5941,31[CR],2495177515
C,13275,756,5954,31[CR],2495177953
F,42696,13136,5967,30[CR],2495178281
A,34300,42696,5980,30[CR],2495178718
F,42472,13103,5992,30[CR],2495179156
C,13276,766,6005,31[CR],2495179484
F,43016,13092,6018,30[CR],2495179921
C,13267,780,6030,30[CR],2495180250
F,43272,13087,6043,29[CR],2495180687
C,13311,792,6055,30[CR],2495181015
F,43552,13078,6068,30[CR],2495181453
C,13283,786,6081,30[CR],2495181890
F,42608,13043,6094,29[CR],2495182218
C,13275,778,6106,30[CR],2495182656
F,42880,13055,6119,29[CR],2495182984
C,13275,786,6131,30[CR],2495183421
F,43112,13084,6144,30[CR],2495183750
C,13291,800,6157,30[CR],2495184187
F,43456,13081,6170,29[CR],2495184625
A,34220,43584,6182,31[CR],2495184953
F,43568,13072,6195,30[CR],2495185390
C,13279,790,6207,31[CR],2495185718
F,42800,13049,6220,30[CR],2495186156
C,13314,814,6233,30[CR],2495186484
F,42904,13044,6245,30[CR],2495186921
C,13332,834,6258,31[CR],2495187359
F,43592,13045,6270,31[CR],2495187687
C,13328,818,6283,30[CR],2495188125
F,44376,13072,6296,30[CR],2495188453
C,13296,832,6308,30[CR],2495188890
F,43848,13055,6321,30[CR],2495189218
C,13319,818,6334,30[CR],2495189656
F,43408,13043,6346,30[CR],2495190093
C,13331,832,6359,30[CR],2495190421
F,43464,13014,6371,31[CR],2495190859
A,34176,42328,6384,30[CR],2495191187
F,43736,13047,6397,30[CR],2495191625
C,13318,832,6409,30[CR],2495191953
F,43944,13029,6422,31[CR],2495192390
C,13333,832,6434,30[CR],2495192828
F,43144,13010,6447,30[CR],2495193156
C,13340,828,6460,30[CR],2495193593
F,42704,12994,6472,30[CR],2495193921
C,13383,822,6484,31[CR],2495194359
F,43344,13037,6497,31[CR],2495194687
C,13272,832,6510,30[CR],2495195125
F,42320,12997,6523,31[CR],2495195453
C,13224,836,6535,31[CR],2495195890
F,41320,12972,6548,30[CR],2495196328
C,13306,836,6560,30[CR],2495196656
F,43424,13005,6573,31[CR],2495197093
A,34236,43504,6585,30[CR],2495197421
F,42632,12998,6598,31[CR],2495197859
C,13304,840,6611,29[CR],2495198296
F,43880,13029,6623,30[CR],2495198625
C,13317,822,6636,30[CR],2495199062
F,42344,12979,6649,30[CR],2495199390
C,13332,832,6661,30[CR],2495199828
F,43176,12961,6674,30[CR],2495200156
C,13283,828,6686,29[CR],2495200593
F,43272,12968,6698,27[CR],2495201031
C,13304,832,6711,30[CR],2495201359
F,43688,12989,6723,30[CR],2495201796
C,13330,832,6736,29[CR],2495202125
F,43184,12983,6748,30[CR],2495202562
C,13365,832,6761,30[CR],2495202890
F,43368,12989,6774,30[CR],2495203328
A,34236,43128,6786,29[CR],2495203765
F,43080,13007,6799,30[CR],2495204125
C,13317,832,6811,30[CR],2495204531
F,43808,12982,6824,30[CR],2495204859
C,13300,832,6837,31[CR],2495205296
F,43344,12962,6849,30[CR],2495205625
C,13245,850,6862,30[CR],2495206062
F,43552,12997,6875,30[CR],2495206500
C,13306,836,6887,30[CR],2495206828
F,43648,12998,6900,31[CR],2495207265
C,13294,828,6912,30[CR],2495207593
F,43288,12975,6925,30[CR],2495208031
C,13325,828,6938,30[CR],2495208359
F,43240,12970,6951,31[CR],2495208796
C,13294,840,6963,30[CR],2495209234
F,43320,12985,6976,31[CR],2495209562
A,34184,42592,6988,30[CR],2495210000
F,42584,12993,7001,31[CR],2495210328
C,13272,832,7014,31[CR],2495210765
F,43368,12978,7026,30[CR],2495211093
C,13292,832,7039,30[CR],2495211531
F,44296,12974,7051,30[CR],2495211968
C,13285,858,7064,30[CR],2495212296
F,45016,12983,7077,30[CR],2495212734
C,13288,872,7090,31[CR],2495213062
F,44352,12946,7102,30[CR],2495213500
C,13306,872,7115,30[CR],2495213828
F,44808,12948,7127,30[CR],2495214265
C,13331,880,7140,31[CR],2495214703
F,43648,12930,7153,30[CR],2495215031
C,13302,884,7165,30[CR],2495215468
F,43112,12937,7178,30[CR],2495215796
A,34192,44376,7191,30[CR],2495216234
F,44424,12951,7203,30[CR],2495216562
C,13287,888,7216,30[CR],2495217000
F,44344,12969,7228,30[CR],2495217437
C,13340,902,7241,30[CR],2495217765
F,44608,13004,7254,30[CR],2495218203
C,13356,902,7266,30[CR],2495218531
F,45216,13005,7279,31[CR],2495218968
C,13388,896,7292,30[CR],2495219296
F,43848,12956,7304,31[CR],2495219734
C,13361,906,7317,31[CR],2495220171
F,44112,12962,7330,30[CR],2495220500
C,13371,902,7342,31[CR],2495220937
F,45480,13022,7355,31[CR],2495221265
C,13383,892,7367,30[CR],2495221703
F,46016,12998,7380,31[CR],2495222031
A,34180,44544,7393,31[CR],2495222468
F,44688,13005,7406,31[CR],2495222906
C,13393,896,7418,30[CR],2495223234
F,44856,13000,7431,30[CR],2495223671
C,13354,902,7443,30[CR],2495224000
F,45304,13029,7456,31[CR],2495224437
C,13356,910,7468,30[CR],2495224765
F,45248,13010,7481,30[CR],2495225203
C,13395,902,7494,30[CR],2495225640
F,46528,13035,7506,30[CR],2495225968
C,13388,902,7519,31[CR],2495226406
F,46288,13045,7532,31[CR],2495226734
C,13391,902,7544,31[CR],2495227171
F,45824,13022,7557,31[CR],2495227500
C,13343,906,7570,31[CR],2495227937
F,45424,13005,7582,30[CR],2495228375
A,34132,45648,7595,31[CR],2495228703
F,46168,13022,7604,9[CR],2495229140
C,13327,906,7607,5[CR],2495229468
F,44592,12942,7607,1[CR],2495229906
C,13164,902,7607,1[CR],2495230234
F,43168,12883,7607,0[CR],2495230671
C,13115,902,7607,0[CR],2495231109
F,42392,12867,7607,0[CR],2495231437
C,13082,902,7607,0[CR],2495231875
F,42040,12860,7607,0[CR],2495232203
C,13060,902,7607,0[CR],2495232640
F,41672,12852,7607,0[CR],2495232968
C,13045,906,7607,0[CR],2495233406
F,41576,12850,7607,0[CR],2495233843
C,13041,902,7607,0[CR],2495234171
F,41512,12846,7607,0[CR],2495234718
Z,0,0,7607,0[CR],2495235156
Z,0,0,7607,0[CR],2495235703
Z,0,0,7607,0[CR],2495236250
Z,0,0,7607,0[CR],2495236687
Z,0,0,7607,0[CR],2495237234
Z,0,0,7607,0[CR],2495237671
Z,0,0,7607,0[CR],2495238218
Z,0,0,7607,0[CR],2495238656
Z,0,0,7607,0[CR],2495239203
Z,0,0,7607,0[CR],2495239750
Z,0,0,7607,0[CR],2495240187
Z,0,0,7607,0[CR],2495240734
Z,0,0,7607,0[CR],2495241171
Z,0,0,7607,0[CR],2495241718
Z,0,0,7607,0[CR],2495242156
Z,0,0,7607,0[CR],2495242703
Z,0,0,7607,0[CR],2495243250
Z,0,0,7607,0[CR],2495243687
Z,0,0,7607,0[CR],2495244234
Z,0,0,7607,0[CR],2495244671
Z,0,0,7607,0[CR],2495245218
Z,0,0,7607,0[CR],2495245765
Z,0,0,7607,0[CR],2495246203
Z,0,0,7607,0[CR],2495246750
Z,0,0,7607,0[CR],2495247187
Z,0,0,7607,0[CR],2495247734
Z,0,0,7607,0[CR],2495248171
Z,0,0,7607,0[CR],2495248718
Z,0,0,7607,0[CR],2495249265
Z,0,0,7607,0[CR],2495249703
Z,0,0,7607,0[CR],2495250250
Z,0,0,7607,0[CR],2495250687
Z,0,0,7607,0[CR],2495251234
Z,0,0,7607,0[CR],2495251671
Z,0,0,7607,0[CR],2495252218
Z,0,0,7607,0[CR],2495252765
Z,0,0,7607,0[CR],2495253203
Z,0,0,7607,0[CR],2495253750
Z,0,0,7607,0[CR],2495254187
Z,0,0,7607,0[CR],2495254734
Z,0,0,7607,0[CR],2495255171
Z,0,0,7607,0[CR],2495255718
Z,0,0,7607,0[CR],2495256265
Z,0,0,7607,0[CR],2495256703
Z,0,0,7607,0[CR],2495257250
Z,0,0,7607,0[CR],2495257687
Z,0,0,7607,0[CR],2495258234
Z,0,0,7607,0[CR],2495258781
Z,0,0,7607,0[CR],2495259218
Z,0,0,7607,0[CR],2495259765
Z,0,0,7607,0[CR],2495260203
Z,0,0,7607,0[CR],2495260750
Z,0,0,7607,0[CR],2495261187
Z,0,0,7607,0[CR],2495261734
Z,0,0,7607,73[CR],2495262281
Z,0,0,7614,64[CR],2495262718
C,12925,902,7625,6[CR],2495263046
F,40148,12939,7625,1[CR],2495263484
C,13122,910,7625,1[CR],2495263921
F,40832,12867,7625,0[CR],2495264250
C,13083,896,7625,0[CR],2495264687
F,40684,12862,7625,0[CR],2495265015
C,13067,914,7625,0[CR],2495265453
F,40584,12859,7625,0[CR],2495265781
A,34052,40532,7625,0[CR],2495266218
F,40504,12857,7628,10[CR],2495266656
C,13047,902,7630,5[CR],2495266984
F,43536,12947,7633,6[CR],2495267421
C,13231,906,7633,3[CR],2495267750
F,44120,12943,7633,1[CR],2495268187
C,13155,892,7634,0[CR],2495268515
F,43400,12926,7634,0[CR],2495268953
C,13136,902,7634,0[CR],2495269390
F,42776,12900,7634,0[CR],2495269718
C,13094,906,7634,0[CR],2495270156
F,42312,12889,7634,0[CR],2495270484
C,13073,906,7636,12[CR],2495270921
F,42080,12884,7646,32[CR],2495271250
C,13264,902,7658,33[CR],2495271687
F,45728,13050,7671,34[CR],2495272125
A,34064,46136,7683,34[CR],2495272453
F,46352,13040,7696,34[CR],2495272890
C,13362,902,7709,34[CR],2495273218
F,45760,13002,7721,35[CR],2495273656
C,13413,906,7734,34[CR],2495273984
F,46336,12984,7746,33[CR],2495274421
C,13386,902,7759,34[CR],2495274859
F,45640,12997,7772,34[CR],2495275187
C,13392,902,7784,34[CR],2495275625
F,45968,12984,7797,34[CR],2495275953
C,13342,906,7810,34[CR],2495276390
F,44592,12969,7822,34[CR],2495276718
C,13301,896,7835,33[CR],2495277156
F,43984,12975,7847,34[CR],2495277375
J,70240,10782,7854,30[CR],2495277593
C,13281,914,7860,34[CR],2495277921
F,43944,12967,7873,34[CR],2495278359
A,34060,44608,7885,33[CR],2495278687
F,45056,13008,7898,35[CR],2495279125
C,13385,910,7910,34[CR],2495279453
F,46096,13029,7923,33[CR],2495279890
C,13431,914,7935,34[CR],2495280328
F,45672,13040,7948,34[CR],2495280656
C,13386,932,7961,35[CR],2495281093
F,47008,13014,7974,34[CR],2495281421
C,13405,928,7986,33[CR],2495281859
F,47128,13010,7999,33[CR],2495282187
C,13396,928,8011,34[CR],2495282625
F,45920,12974,8024,34[CR],2495283062
C,13359,928,8036,34[CR],2495283390
F,45776,12985,8049,34[CR],2495283828
C,13383,932,8061,34[CR],2495284156
F,46832,13022,8074,34[CR],2495284593
A,34024,46984,8087,36[CR],2495284921
F,47312,13021,8100,33[CR],2495285359
C,13420,976,8112,34[CR],2495285796
F,46760,13000,8125,33[CR],2495286125
C,13422,972,8137,33[CR],2495286562
F,46160,12986,8150,33[CR],2495286890
C,13343,972,8162,33[CR],2495287328
F,45216,12969,8175,34[CR],2495287656
C,13392,958,8187,34[CR],2495288093
F,46152,12987,8200,34[CR],2495288531
C,13367,962,8212,34[CR],2495288859
F,46112,12986,8224,33[CR],2495289296
C,13340,966,8237,34[CR],2495289625
F,45576,13008,8249,35[CR],2495290062
C,13347,966,8262,35[CR],2495290390
F,46416,13015,8274,35[CR],2495290828
A,34060,46496,8286,34[CR],2495291265
F,46672,13001,8298,33[CR],2495291593
C,13369,944,8310,27[CR],2495292031
F,45976,12945,8323,26[CR],2495292359
C,13411,972,8335,26[CR],2495292796
F,45616,12946,8347,30[CR],2495293125
C,13436,972,8359,29[CR],2495293562
F,46048,12972,8372,29[CR],2495294000
C,13419,972,8384,29[CR],2495294328
F,46552,12973,8396,27[CR],2495294765
C,13361,972,8408,29[CR],2495295093
F,47016,13010,8420,29[CR],2495295531
C,13423,972,8432,30[CR],2495295859
F,47160,13017,8445,31[CR],2495296296
C,13409,972,8457,32[CR],2495296734
F,46112,13032,8469,31[CR],2495297062
A,34004,46304,8482,31[CR],2495297500
F,46504,13034,8494,31[CR],2495297828
C,13397,972,8507,32[CR],2495298265
F,47184,13022,8519,31[CR],2495298625
C,13470,968,8531,32[CR],2495299031
F,47392,13015,8544,32[CR],2495299468
C,13445,972,8556,32[CR],2495299796
F,46928,13023,8569,32[CR],2495300234
C,13415,972,8581,32[CR],2495300562
F,47216,13020,8594,32[CR],2495301000
C,13392,972,8606,31[CR],2495301437
F,46472,13007,8619,32[CR],2495301765
C,13416,980,8631,31[CR],2495302203
F,46432,13014,8644,32[CR],2495302531
C,13424,972,8656,33[CR],2495302968
F,46240,13015,8669,32[CR],2495303296
A,34004,45288,8681,33[CR],2495303734
F,45808,13022,8693,34[CR],2495304062
C,13362,976,8706,33[CR],2495304500
F,46624,13025,8718,32[CR],2495304937
C,13352,976,8731,34[CR],2495305265
F,46424,13016,8743,33[CR],2495305703
C,13395,986,8756,34[CR],2495306031
F,46880,13019,8768,33[CR],2495306468
C,13408,958,8780,34[CR],2495306796
F,47328,13002,8793,34[CR],2495307234
C,13431,972,8805,34[CR],2495307671
F,45736,12959,8818,34[CR],2495308000
C,13397,972,8830,33[CR],2495308437
F,45432,12919,8843,34[CR],2495308765
C,13395,972,8855,34[CR],2495309203
F,47016,12971,8867,34[CR],2495309531
A,33984,47056,8880,34[CR],2495309968
F,46992,12984,8892,35[CR],2495310406
C,13427,998,8904,35[CR],2495310734
F,47824,13000,8917,35[CR],2495311171
C,13429,1002,8929,35[CR],2495311500
F,47960,12988,8942,32[CR],2495311937
C,13406,1028,8954,35[CR],2495312265
F,47232,12991,8967,28[CR],2495312703
C,13446,984,8979,26[CR],2495313140
F,45880,12954,8991,24[CR],2495313468
C,13390,1024,9003,27[CR],2495313906
F,46912,13000,9015,29[CR],2495314234
C,13442,1020,9027,29[CR],2495314671
F,47216,12997,9040,30[CR],2495315000
C,13436,1028,9052,29[CR],2495315437
F,47792,13002,9064,29[CR],2495315875
A,33964,47784,9076,30[CR],2495316203
F,47720,13018,9088,30[CR],2495316640
C,13393,1034,9101,30[CR],2495316968
F,46768,12997,9113,31[CR],2495317406
C,13361,1020,9125,31[CR],2495317734
F,47048,13014,9138,33[CR],2495318171
C,13397,1042,9150,31[CR],2495318609
F,47376,12985,9162,31[CR],2495318937
C,13358,1042,9174,32[CR],2495319375
F,47352,12990,9187,31[CR],2495319703
C,13419,1036,9199,32[CR],2495320140
F,48232,13008,9211,31[CR],2495320468
C,13433,1042,9223,32[CR],2495320906
F,48456,13001,9235,32[CR],2495321343
C,13449,1036,9247,32[CR],2495321671
F,48384,12941,9260,32[CR],2495322109
A,33980,47376,9272,33[CR],2495322437
F,46888,12900,9283,32[CR],2495322875
C,13407,1042,9295,28[CR],2495323203
F,46552,12923,9307,26[CR],2495323640
C,13396,1042,9319,26[CR],2495324078
F,47304,12964,9331,29[CR],2495324406
C,13454,1046,9344,29[CR],2495324843
F,48648,12990,9356,29[CR],2495325171
C,13469,1042,9368,28[CR],2495325609
F,47968,12985,9380,29[CR],2495325937
C,13498,1042,9392,29[CR],2495326375
F,47816,12974,9404,30[CR],2495326812
C,13442,1050,9416,30[CR],2495327140
F,46664,12969,9429,30[CR],2495327578
C,13385,1042,9441,30[CR],2495327906
F,46600,12989,9453,31[CR],2495328343
A,33972,47408,9465,31[CR],2495328671
F,47800,13024,9478,32[CR],2495329109
C,13430,1040,9490,32[CR],2495329546
F,48384,13041,9502,32[CR],2495329875
C,13448,1040,9514,33[CR],2495330312
F,48680,13032,9526,32[CR],2495330640
C,13465,1042,9538,32[CR],2495331078
F,48392,13044,9551,32[CR],2495331406
C,13510,1042,9563,32[CR],2495331843
F,48488,12983,9574,33[CR],2495332281
C,13493,1064,9587,34[CR],2495332609
F,49096,12971,9599,35[CR],2495333046
C,13479,1046,9606,12[CR],2495333375
F,48896,12951,9607,2[CR],2495333812
C,13440,1038,9607,1[CR],2495334140
F,47672,12911,9607,0[CR],2495334578
A,33976,46768,9607,0[CR],2495335015
F,46520,12888,9607,0[CR],2495335390
C,13257,1042,9607,0[CR],2495335781
F,45968,12877,9607,0[CR],2495336109
C,13215,1042,9607,0[CR],2495336546
F,45392,12863,9607,0[CR],2495336875
C,13196,1042,9607,0[CR],2495337312
F,45488,12869,9607,0[CR],2495337750
C,13223,1042,9607,0[CR],2495338187
Z,0,0,9607,0[CR],2495338734
Z,0,0,9607,0[CR],2495339187
Z,0,0,9607,0[CR],2495339625
V,33172,13674,9607,0[CR],2495340062
Z,0,0,9607,0[CR],2495340609
Z,0,0,9607,0[CR],2495341046
Z,0,0,9607,0[CR],2495341593
Z,0,0,9607,0[CR],2495342140
Z,0,0,9607,0[CR],2495342578
Z,0,0,9607,0[CR],2495343125
Z,0,0,9607,0[CR],2495343562
Z,0,0,9607,0[CR],2495344109
Z,0,0,9607,0[CR],2495344546
Z,0,0,9607,0[CR],2495345093
Z,0,0,9607,0[CR],2495345640
Z,0,0,9607,0[CR],2495346078
Z,0,0,9607,0[CR],2495346625
Z,0,0,9607,0[CR],2495347062
Z,0,0,9607,0[CR],2495347609
Z,0,0,9607,0[CR],2495348046
Z,0,0,9607,0[CR],2495348375
B,12984,15449,9607,0[CR],2495348812
Z,0,0,9607,0[CR],2495349359
Z,0,0,9607,0[CR],2495349796
Z,0,0,9607,0[CR],2495350343
Z,0,0,9607,0[CR],2495350890
Z,0,0,9607,0[CR],2495351328
Z,0,0,9607,0[CR],2495351875
Z,0,0,9607,0[CR],2495352312
Z,0,0,9607,0[CR],2495352859
Z,0,0,9607,0[CR],2495353296
Z,0,0,9607,0[CR],2495353843
Z,0,0,9607,0[CR],2495354390
Z,0,0,9607,0[CR],2495354828
Z,0,0,9607,0[CR],2495355375
Z,0,0,9607,0[CR],2495355812
Z,0,0,9607,0[CR],2495356359
Z,0,0,9607,0[CR],2495356796
Z,0,0,9607,0[CR],2495357343
Z,0,0,9607,0[CR],2495357890
Z,0,0,9607,0[CR],2495358328
Z,0,0,9607,0[CR],2495358875
Z,0,0,9607,0[CR],2495359312
Z,0,0,9607,0[CR],2495359859
Z,0,0,9607,0[CR],2495360406
Z,0,0,9607,0[CR],2495360843
Z,0,0,9607,0[CR],2495361390
Z,0,0,9607,0[CR],2495361828
Z,0,0,9607,0[CR],2495362375
Z,0,0,9607,0[CR],2495362812
Z,0,0,9607,86[CR],2495363359
Z,0,0,9607,57[CR],2495363796
Z,0,0,9612,54[CR],2495364234
C,13039,1042,9625,19[CR],2495364671
F,42736,12896,9626,3[CR],2495365000
C,13357,1042,9626,1[CR],2495365437
F,44648,12886,9626,0[CR],2495365875
A,33912,44496,9626,0[CR],2495366203
F,44432,12879,9626,0[CR],2495366640
C,13240,1046,9626,0[CR],2495366968
F,44304,12872,9626,0[CR],2495367406
C,13226,1042,9626,0[CR],2495367734
F,44176,12871,9626,0[CR],2495368171
C,13215,1046,9626,0[CR],2495368609
F,44064,12867,9626,0[CR],2495368937
C,13206,1034,9626,0[CR],2495369375
F,43984,12865,9630,7[CR],2495369703
C,13220,1042,9633,5[CR],2495370140
F,47032,12974,9634,4[CR],2495370468
C,13424,1042,9634,1[CR],2495370906
F,47336,12927,9635,1[CR],2495371343
C,13316,1042,9635,0[CR],2495371671
F,46504,12899,9635,0[CR],2495372109
A,33940,46368,9635,0[CR],2495372437
F,46200,12891,9635,0[CR],2495372875
C,13289,1038,9635,0[CR],2495373203
F,45944,12886,9635,0[CR],2495373640
C,13279,1046,9643,18[CR],2495374078
F,47688,13029,9654,28[CR],2495374406
C,13500,1048,9666,27[CR],2495374843
F,48640,13022,9679,28[CR],2495375171
C,13500,1042,9691,29[CR],2495375609
F,49320,13027,9703,30[CR],2495375937
C,13464,1038,9715,29[CR],2495376375
F,48496,13002,9727,28[CR],2495376812
C,13445,1042,9739,29[CR],2495377140
F,48496,13016,9752,28[CR],2495377578
C,13459,1046,9764,29[CR],2495377906
F,48152,13028,9776,29[CR],2495378343
A,33900,48864,9788,31[CR],2495378671
F,48880,13043,9800,31[CR],2495379109
C,13413,1042,9812,31[CR],2495379546
F,49160,13032,9824,32[CR],2495379875
C,13442,1042,9836,31[CR],2495380312
F,49120,13016,9848,32[CR],2495380640
C,13431,1042,9861,32[CR],2495381078
F,48400,13005,9873,33[CR],2495381406
C,13495,1046,9885,32[CR],2495381843
F,48400,12966,9897,33[CR],2495382281
C,13471,1038,9909,34[CR],2495382609
F,47000,12918,9921,34[CR],2495383046
C,13401,1042,9933,34[CR],2495383375
F,47352,12992,9945,33[CR],2495383812
C,13407,1046,9957,27[CR],2495384140
F,47848,13028,9969,26[CR],2495384578
A,33872,48360,9982,27[CR],2495385015
F,48544,13011,9994,29[CR],2495385343
C,13459,1050,10006,29[CR],2495385781
F,49192,13041,10018,28[CR],2495386109
C,13432,1046,10030,29[CR],2495386546
F,49432,13044,10043,29[CR],2495386875
C,13462,1042,10055,29[CR],2495387312
F,49104,12964,10067,29[CR],2495387750
C,13530,1046,10079,29[CR],2495388078
F,48176,12926,10091,30[CR],2495388515
C,13491,1042,10103,29[CR],2495388843
F,47056,12946,10116,30[CR],2495389281
C,13468,1050,10128,32[CR],2495389718
F,48808,13004,10140,31[CR],2495390046
C,13474,1068,10152,32[CR],2495390484
F,49720,13029,10164,32[CR],2495390812
A,33912,49816,10176,32[CR],2495391250
F,50128,13067,10188,32[CR],2495391578
C,13495,1098,10200,33[CR],2495392015
F,50416,13077,10213,33[CR],2495392453
C,13544,1096,10225,33[CR],2495392781
F,49752,13040,10237,34[CR],2495393218
C,13498,1086,10249,34[CR],2495393546
F,49136,13006,10261,34[CR],2495393984
C,13498,1082,10273,32[CR],2495394312
F,49880,13001,10286,35[CR],2495394750
C,13539,1096,10298,33[CR],2495395078
F,50088,13001,10310,26[CR],2495395515
C,13532,1108,10322,25[CR],2495395953
F,48656,12987,10334,27[CR],2495396281
C,13538,1104,10347,29[CR],2495396718
F,48496,12999,10359,29[CR],2495397046
A,33896,49232,10371,29[CR],2495397484
F,49512,13042,10383,29[CR],2495397921
C,13496,1108,10396,27[CR],2495398250
F,49752,13053,10408,28[CR],2495398687
C,13463,1078,10420,29[CR],2495399015
F,49960,13057,10432,31[CR],2495399453
C,13426,1100,10444,30[CR],2495399781
F,49184,13004,10456,31[CR],2495400218
C,13466,1098,10468,31[CR],2495400656
F,48560,13031,10480,31[CR],2495400984
C,13481,1108,10492,31[CR],2495401421
F,49880,12985,10505,32[CR],2495401750
C,13508,1108,10517,33[CR],2495402187
F,49904,12967,10529,33[CR],2495402515
C,13523,1108,10541,33[CR],2495402953
F,48064,12929,10553,33[CR],2495403390
A,33840,48504,10565,34[CR],2495403718
F,48304,12950,10577,33[CR],2495404156
C,13477,1120,10590,34[CR],2495404484
F,50200,12979,10602,34[CR],2495404921
C,13514,1108,10614,35[CR],2495405250
F,50016,12984,10626,31[CR],2495405687
C,13510,1112,10638,27[CR],2495406125
F,49336,12943,10650,27[CR],2495406453
C,13519,1112,10662,27[CR],2495406890
F,49440,12987,10675,27[CR],2495407218
C,13511,1112,10687,29[CR],2495407656
F,48544,12955,10699,29[CR],2495407984
C,13495,1108,10711,29[CR],2495408421
F,49288,13000,10723,29[CR],2495408859
C,13477,1112,10735,28[CR],2495409187
F,49728,13017,10748,30[CR],2495409625
A,33904,49536,10760,28[CR],2495409953
F,49368,13027,10772,31[CR],2495410390
C,13522,1126,10784,29[CR],2495410718
F,48976,12994,10796,31[CR],2495411156
C,13501,1112,10808,31[CR],2495411593
F,48496,12987,10821,32[CR],2495411921
C,13482,1112,10833,32[CR],2495412359
F,49576,13013,10845,33[CR],2495412687
C,13447,1104,10857,32[CR],2495413125
F,49184,12972,10869,33[CR],2495413453
C,13513,1112,10881,33[CR],2495413890
F,50072,13009,10893,34[CR],2495414328
C,13503,1112,10906,33[CR],2495414656
F,49656,13035,10918,34[CR],2495415093
C,13501,1118,10930,34[CR],2495415421
F,50408,13023,10942,30[CR],2495415859
A,33852,49728,10954,26[CR],2495416187
F,49472,12991,10966,26[CR],2495416625
C,13551,1124,10978,28[CR],2495417062
F,48984,12941,10990,27[CR],2495417390
C,13570,1116,11001,29[CR],2495417828
F,48688,12993,11014,29[CR],2495418156
C,13598,1116,11026,29[CR],2495418593
F,50968,13031,11038,29[CR],2495418921
C,13579,1120,11050,30[CR],2495419359
F,50968,13031,11063,31[CR],2495419796
C,13571,1118,11075,31[CR],2495420125
F,50424,13037,11087,32[CR],2495420562
C,13534,1122,11099,33[CR],2495420890
F,49232,13014,11112,31[CR],2495421328
C,13519,1118,11124,31[CR],2495421656
F,50096,13035,11136,32[CR],2495422093
A,33860,50984,11149,31[CR],2495422531
F,51400,13040,11161,32[CR],2495422859
C,13521,1136,11173,32[CR],2495423296
F,50984,13030,11185,32[CR],2495423625
C,13544,1116,11197,32[CR],2495424062
F,50784,13040,11209,33[CR],2495424390
C,13516,1118,11221,34[CR],2495424828
F,51192,13022,11233,33[CR],2495425265
C,13580,1122,11245,34[CR],2495425593
F,49520,12947,11258,34[CR],2495426031
C,13563,1118,11270,33[CR],2495426359
F,49584,12982,11282,25[CR],2495426796
C,13577,1118,11294,25[CR],2495427125
F,50032,13012,11306,28[CR],2495427562
C,13587,1130,11318,29[CR],2495428000
F,50440,13033,11330,28[CR],2495428328
A,33852,51584,11342,29[CR],2495428765
F,51824,13074,11354,29[CR],2495429093
C,13537,1120,11367,30[CR],2495429531
F,51032,13033,11379,30[CR],2495429859
C,13564,1118,11391,30[CR],2495430296
F,49480,12987,11403,31[CR],2495430640
C,13546,1122,11415,31[CR],2495431062
F,50576,13015,11427,31[CR],2495431500
C,13540,1118,11440,31[CR],2495431828
F,51720,13029,11452,32[CR],2495432265
C,13552,1126,11464,32[CR],2495432593
F,52600,13042,11476,32[CR],2495433031
C,13536,1122,11488,32[CR],2495433468
F,51000,13007,11500,33[CR],2495433796
C,13559,1118,11512,33[CR],2495434234
F,49976,13002,11525,33[CR],2495434562
A,33868,49880,11536,34[CR],2495435000
F,50048,13033,11549,34[CR],2495435328
C,13547,1152,11561,34[CR],2495435765
F,50448,13035,11573,27[CR],2495436203
C,13580,1156,11585,30[CR],2495436531
F,51872,13070,11597,25[CR],2495436968
C,13554,1156,11606,16[CR],2495437296
F,51680,13036,11607,2[CR],2495437734
C,13475,1140,11607,1[CR],2495438062
F,49968,12956,11607,0[CR],2495438500
C,13344,1148,11607,0[CR],2495438937
F,48600,12939,11607,0[CR],2495439265
C,13308,1136,11608,0[CR],2495439703
F,47992,12917,11608,0[CR],2495440031
C,13252,1148,11608,0[CR],2495440468
F,47336,12913,11608,0[CR],2495440796
A,33832,47552,11608,0[CR],2495441234
F,47264,12914,11608,0[CR],2495441671
C,13258,1148,11608,0[CR],2495442000
F,46920,12911,11608,0[CR],2495442546
Z,0,0,11608,0[CR],2495442984
Z,0,0,11608,0[CR],2495443531
Z,0,0,11608,0[CR],2495443968
Z,0,0,11608,4[CR],2495444515
Z,0,0,11608,1[CR],2495445062
Z,0,0,11608,0[CR],2495445500
Z,0,0,11608,0[CR],2495446046
Z,0,0,11608,0[CR],2495446484
Z,0,0,11608,0[CR],2495447031
Z,0,0,11608,0[CR],2495447468
Z,0,0,11608,0[CR],2495448015
Z,0,0,11608,0[CR],2495448562
Z,0,0,11608,0[CR],2495449000
Z,0,0,11608,0[CR],2495449546
Z,0,0,11608,0[CR],2495449984
Z,0,0,11608,0[CR],2495450531
Z,0,0,11608,0[CR],2495450968
Z,0,0,11608,0[CR],2495451515
Z,0,0,11608,0[CR],2495452062
Z,0,0,11608,0[CR],2495452500
Z,0,0,11608,0[CR],2495453046
Z,0,0,11608,0[CR],2495453484
Z,0,0,11608,0[CR],2495454031
Z,0,0,11608,0[CR],2495454578
Z,0,0,11608,0[CR],2495455015
Z,0,0,11608,0[CR],2495455562
Z,0,0,11608,0[CR],2495456000
Z,0,0,11608,0[CR],2495456546
Z,0,0,11608,0[CR],2495456984
Z,0,0,11608,0[CR],2495457531
Z,0,0,11608,0[CR],2495458078
Z,0,0,11608,0[CR],2495458515
Z,0,0,11608,0[CR],2495459062
Z,0,0,11608,0[CR],2495459500
Z,0,0,11608,0[CR],2495460046
Z,0,0,11608,0[CR],2495460593
Z,0,0,11608,0[CR],2495461031
Z,0,0,11608,0[CR],2495461578
Z,0,0,11608,0[CR],2495462015
Z,0,0,11608,0[CR],2495462562
Z,0,0,11608,0[CR],2495463000
Z,0,0,11608,0[CR],2495463546
Z,0,0,11608,0[CR],2495464093
Z,0,0,11608,0[CR],2495464531
Z,0,0,11608,0[CR],2495465078
Z,0,0,11608,0[CR],2495465515
Z,0,0,11608,27[CR],2495466062
Z,0,0,11608,51[CR],2495466500
Z,0,0,11614,47[CR],2495467046
Z,0,0,11624,7[CR],2495467375
C,13233,1140,11624,2[CR],2495467812
F,46976,12938,11624,1[CR],2495468140
C,13300,1138,11624,0[CR],2495468578
F,46192,12922,11624,0[CR],2495468906
C,13271,1130,11624,0[CR],2495469343
F,45984,12916,11624,0[CR],2495469781
C,13255,1144,11624,0[CR],2495470109
F,45880,12910,11624,0[CR],2495470546
C,13242,1126,11631,11[CR],2495470875
F,48864,13111,11631,2[CR],2495471312
C,13503,1162,11631,1[CR],2495471640
F,49512,12992,11631,0[CR],2495472078
A,33836,48672,11631,0[CR],2495472515
F,48376,12966,11631,0[CR],2495472843
C,13326,1148,11631,0[CR],2495473281
F,47856,12954,11631,0[CR],2495473609
C,13304,1134,11631,0[CR],2495474046
F,47544,12947,11631,0[CR],2495474375
C,13291,1148,11631,0[CR],2495474812
F,47288,12940,11638,12[CR],2495475250
C,13410,1144,11648,27[CR],2495475578
F,51096,13153,11660,29[CR],2495476015
C,13556,1148,11672,32[CR],2495476343
F,50616,13079,11684,33[CR],2495476781
C,13524,1156,11696,34[CR],2495477109
F,51792,13046,11709,34[CR],2495477546
C,13548,1170,11721,33[CR],2495477875
F,52536,13058,11733,33[CR],2495478312
A,33792,52832,11745,33[CR],2495478750
F,52816,13049,11757,34[CR],2495479078
C,13525,1180,11769,35[CR],2495479515
F,51320,13001,11781,35[CR],2495479843
C,13526,1186,11794,33[CR],2495480281
F,50384,12968,11806,29[CR],2495480718
C,13561,1200,11818,27[CR],2495481046
F,50112,12978,11830,27[CR],2495481484
C,13521,1186,11842,28[CR],2495481812
F,51336,13018,11855,29[CR],2495482250
C,13524,1188,11867,29[CR],2495482578
F,50944,13016,11879,30[CR],2495483015
C,13551,1188,11891,29[CR],2495483453
F,51864,13054,11903,30[CR],2495483781
C,13594,1188,11915,30[CR],2495484218
F,49792,13009,11928,30[CR],2495484546
A,33816,50408,11940,30[CR],2495484984
F,51032,13057,11952,31[CR],2495485312
C,13534,1178,11964,32[CR],2495485750
F,51640,13037,11976,31[CR],2495486187
C,13525,1184,11988,32[CR],2495486515
F,52328,13063,12000,31[CR],2495486953
C,13549,1190,12013,32[CR],2495487281
F,52912,13076,12025,32[CR],2495487718
C,13553,1198,12037,33[CR],2495488046
F,51920,13038,12049,33[CR],2495488484
C,13572,1198,12061,33[CR],2495488921
F,49520,12954,12073,33[CR],2495489250
C,13550,1206,12086,34[CR],2495489687
F,50304,12991,12098,34[CR],2495490015
C,13524,1212,12110,35[CR],2495490453
F,51032,13017,12122,34[CR],2495490781
A,33780,50704,12134,32[CR],2495491218
F,51096,13061,12146,26[CR],2495491656
C,13585,1198,12158,27[CR],2495491984
F,51568,13063,12171,30[CR],2495492421
C,13575,1226,12183,30[CR],2495492750
F,51136,13074,12195,29[CR],2495493187
C,13597,1222,12207,28[CR],2495493515
F,51152,13046,12219,29[CR],2495493953
C,13582,1234,12231,30[CR],2495494390
F,51360,13034,12244,30[CR],2495494718
C,13562,1224,12256,29[CR],2495495156
F,51896,13040,12268,30[CR],2495495484
C,13587,1238,12280,30[CR],2495495921
F,50656,13005,12292,30[CR],2495496250
C,13606,1246,12304,31[CR],2495496687
F,51120,13045,12316,31[CR],2495497125
A,33800,50784,12329,31[CR],2495497453
F,51120,13054,12341,32[CR],2495497796
C,13562,1260,12353,32[CR],2495498218
F,52608,13110,12365,33[CR],2495498656
C,13724,1264,12377,33[CR],2495498984
F,52184,13078,12389,33[CR],2495499421
C,13677,1264,12401,34[CR],2495499859
F,51568,13085,12414,34[CR],2495500187
C,13501,1254,12426,34[CR],2495500625
F,51016,13059,12438,34[CR],2495500953
C,13521,1254,12450,34[CR],2495501390
F,51568,13046,12462,29[CR],2495501718
C,13534,1264,12474,25[CR],2495502156
F,51312,13031,12486,27[CR],2495502593
C,13569,1250,12498,26[CR],2495502921
F,51416,13061,12510,27[CR],2495503359
A,33784,51520,12523,29[CR],2495503687
F,51376,13060,12535,29[CR],2495504125
C,13536,1274,12547,29[CR],2495504453
F,51168,13057,12559,30[CR],2495504890
C,13553,1264,12571,29[CR],2495505328
F,52776,13062,12583,30[CR],2495505656
C,13536,1264,12595,31[CR],2495506093
F,51760,13068,12608,30[CR],2495506421
C,13611,1260,12620,31[CR],2495506859
F,51408,13045,12632,31[CR],2495507187
C,13617,1264,12644,31[CR],2495507625
F,51336,13065,12656,32[CR],2495508062
C,13717,1266,12669,32[CR],2495508390
F,52880,13069,12681,31[CR],2495508828
C,13750,1266,12693,32[CR],2495509156
F,53456,13110,12705,32[CR],2495509593
A,33812,53512,12717,33[CR],2495509921
F,53608,13134,12729,33[CR],2495510359
C,13762,1260,12741,34[CR],2495510796
F,53456,13123,12753,34[CR],2495511125
C,13699,1264,12766,35[CR],2495511562
F,51448,13107,12778,34[CR],2495511890
C,13589,1266,12790,30[CR],2495512328
F,51856,13094,12802,27[CR],2495512656
C,13656,1264,12814,25[CR],2495513093
F,51688,13077,12826,28[CR],2495513531
C,13581,1266,12838,29[CR],2495513859
F,51472,13071,12851,29[CR],2495514296
C,13554,1266,12863,29[CR],2495514625
F,51984,13108,12875,29[CR],2495515062
C,13572,1270,12887,29[CR],2495515390
F,52032,13098,12899,29[CR],2495515828
A,33764,52184,12911,31[CR],2495516265
F,52264,13091,12924,31[CR],2495516593
C,13557,1270,12936,31[CR],2495517031
F,52408,13095,12948,31[CR],2495517359
C,13562,1270,12960,31[CR],2495517796
F,53112,13086,12972,32[CR],2495518125
C,13677,1258,12984,33[CR],2495518562
F,52784,13049,12996,33[CR],2495519000
C,13563,1266,13008,33[CR],2495519328
F,53048,13017,13020,32[CR],2495519765
C,13651,1266,13032,33[CR],2495520093
F,52160,13031,13044,33[CR],2495520531
C,13656,1278,13057,34[CR],2495520859
F,53472,13079,13069,33[CR],2495521296
C,13675,1266,13081,34[CR],2495521734
F,54472,13080,13093,32[CR],2495522062
A,33792,54960,13105,27[CR],2495522500
F,54880,13085,13117,26[CR],2495522828
C,13630,1266,13129,27[CR],2495523265
F,53592,13060,13141,29[CR],2495523593
C,13698,1270,13154,30[CR],2495524031
F,51064,13045,13166,29[CR],2495524468
C,13680,1264,13178,30[CR],2495524796
F,52816,13075,13190,30[CR],2495525234
C,13663,1280,13202,30[CR],2495525562
F,54184,13083,13215,30[CR],2495526000
C,13642,1284,13227,29[CR],2495526328
F,54336,13079,13239,31[CR],2495526765
C,13670,1294,13251,31[CR],2495527203
F,53888,13079,13263,31[CR],2495527531
C,13661,1286,13276,31[CR],2495527968
F,53144,13079,13288,32[CR],2495528296
A,33752,53152,13300,31[CR],2495528734
F,53576,13083,13312,32[CR],2495529062
C,13660,1286,13324,32[CR],2495529500
F,54400,13096,13336,32[CR],2495529937
C,13666,1268,13348,33[CR],2495530265
F,55160,13096,13360,33[CR],2495530703
C,13684,1278,13372,34[CR],2495531031
F,52744,13041,13384,34[CR],2495531468
C,13629,1270,13396,34[CR],2495531796
F,53376,13090,13409,35[CR],2495532234
C,13650,1278,13421,32[CR],2495532671
F,54616,13092,13433,25[CR],2495533000
C,13668,1266,13445,27[CR],2495533437
F,54880,13089,13457,29[CR],2495533765
C,13637,1282,13469,29[CR],2495534203
F,54600,13068,13481,29[CR],2495534531
A,33744,52864,13494,30[CR],2495534968
F,52152,13039,13506,30[CR],2495535406
C,13674,1330,13518,30[CR],2495535734
F,51816,13049,13530,30[CR],2495536171
C,13613,1334,13542,31[CR],2495536500
F,53272,13048,13554,31[CR],2495536937
C,13623,1334,13567,31[CR],2495537265
F,52944,13052,13579,32[CR],2495537703
C,13625,1318,13591,31[CR],2495538140
F,52416,13032,13603,31[CR],2495538468
C,13648,1316,13607,4[CR],2495538906
F,50224,12943,13607,1[CR],2495539234
C,13463,1336,13607,0[CR],2495539671
F,48016,12877,13607,0[CR],2495540000
C,13383,1340,13607,0[CR],2495540437
F,46984,12870,13607,0[CR],2495540875
A,33780,46736,13608,0[CR],2495541203
F,46624,12841,13608,0[CR],2495541640
C,13275,1334,13608,0[CR],2495541968
F,46096,12849,13608,0[CR],2495542406
C,13274,1330,13608,0[CR],2495542734
F,46072,12850,13608,0[CR],2495543171
C,13268,1326,13608,0[CR],2495543609
F,46000,12862,13608,0[CR],2495543937
C,13288,1336,13608,0[CR],2495544375
F,45504,12857,13608,0[CR],2495544703
C,13282,1332,13608,0[CR],2495545140
F,45408,12832,13608,0[CR],2495545468
C,13128,1330,13608,0[CR],2495546015
Z,0,0,13608,0[CR],2495546562
Z,0,0,13608,0[CR],2495547000
Z,0,0,13608,0[CR],2495547546
Z,0,0,13608,0[CR],2495547984
Z,0,0,13608,0[CR],2495548531
Z,0,0,13608,0[CR],2495549078
Z,0,0,13608,0[CR],2495549515
Z,0,0,13608,0[CR],2495550062
Z,0,0,13608,0[CR],2495550500
Z,0,0,13608,0[CR],2495551046
Z,0,0,13608,0[CR],2495551593
Z,0,0,13608,0[CR],2495552031
Z,0,0,13608,0[CR],2495552578
Z,0,0,13608,0[CR],2495553015
Z,0,0,13608,0[CR],2495553562
Z,0,0,13608,0[CR],2495554000
Z,0,0,13608,0[CR],2495554546
Z,0,0,13608,0[CR],2495555093
Z,0,0,13608,0[CR],2495555531
Z,0,0,13608,0[CR],2495556078
Z,0,0,13608,0[CR],2495556515
Z,0,0,13608,0[CR],2495557062
Z,0,0,13608,0[CR],2495557609
Z,0,0,13608,0[CR],2495558046
C,13133,1330,13608,0[CR],2495558484
Z,0,0,13608,0[CR],2495559031
Z,0,0,13608,0[CR],2495559468
Z,0,0,13608,0[CR],2495560015
Z,0,0,13608,0[CR],2495560562
Z,0,0,13608,0[CR],2495561000
Z,0,0,13608,0[CR],2495561546
Z,0,0,13608,0[CR],2495561984
Z,0,0,13608,0[CR],2495562531
Z,0,0,13608,0[CR],2495562968
Z,0,0,13608,0[CR],2495563515
Z,0,0,13608,0[CR],2495564062
Z,0,0,13608,0[CR],2495564500
Z,0,0,13608,0[CR],2495565046
Z,0,0,13608,0[CR],2495565484
Z,0,0,13608,0[CR],2495566031
Z,0,0,13608,0[CR],2495566578
Z,0,0,13608,0[CR],2495567015
Z,0,0,13608,0[CR],2495567562
Z,0,0,13608,0[CR],2495568000
Z,0,0,13608,0[CR],2495568546
Z,0,0,13608,73[CR],2495568984
Z,0,0,13624,19[CR],2495569312
F,43712,13022,13624,2[CR],2495569750
C,13471,1330,13624,1[CR],2495570187
F,45808,12897,13624,0[CR],2495570515
C,13370,1326,13624,0[CR],2495570953
F,45624,12887,13624,0[CR],2495571281
C,13342,1326,13624,0[CR],2495571718
F,45464,12882,13624,0[CR],2495572046
A,33756,45368,13624,0[CR],2495572484
F,45336,12879,13629,16[CR],2495572812
C,13316,1340,13631,3[CR],2495573250
F,49984,13027,13631,1[CR],2495573687
C,13493,1312,13631,0[CR],2495574015
F,49288,12953,13631,0[CR],2495574453
C,13373,1326,13631,0[CR],2495574781
F,48512,12924,13631,0[CR],2495575218
C,13320,1318,13631,0[CR],2495575656
F,48016,12911,13631,0[CR],2495575984
C,13295,1322,13631,0[CR],2495576421
F,47184,12899,13636,25[CR],2495576750
C,13278,1322,13643,31[CR],2495577187
F,51072,13092,13655,27[CR],2495577515
C,13622,1322,13667,27[CR],2495577953
F,52560,13067,13679,29[CR],2495578390
A,33740,51144,13691,29[CR],2495578718
F,51152,13009,13703,30[CR],2495579156
C,13663,1270,13715,28[CR],2495579484
F,52296,13065,13728,29[CR],2495579921
C,13602,1292,13740,29[CR],2495580265
F,53432,13078,13752,29[CR],2495580687
C,13604,1270,13764,29[CR],2495581125
F,53240,13072,13776,29[CR],2495581453
C,13687,1270,13788,31[CR],2495581890
F,50536,13002,13800,31[CR],2495582218
C,13627,1308,13812,31[CR],2495582656
F,52256,13073,13824,32[CR],2495582984
C,13561,1306,13836,31[CR],2495583421
F,52120,13067,13848,32[CR],2495583859
C,13558,1306,13860,32[CR],2495584187
F,52840,13081,13873,33[CR],2495584625
A,33764,52592,13884,33[CR],2495584953
F,52424,13073,13897,34[CR],2495585390
C,13616,1334,13908,34[CR],2495585718
F,52840,13094,13921,34[CR],2495586156
C,13630,1336,13932,29[CR],2495586593
F,52096,13047,13945,26[CR],2495586921
C,13660,1336,13957,27[CR],2495587359
F,50488,13004,13969,29[CR],2495587687
C,13692,1344,13981,29[CR],2495588125
F,52072,13062,13993,29[CR],2495588453
C,13664,1340,14005,29[CR],2495588890
F,51424,13053,14017,28[CR],2495589328
C,13600,1346,14030,29[CR],2495589656
F,49904,12987,14042,30[CR],2495590093
C,13590,1346,14054,30[CR],2495590421
F,49504,12974,14066,30[CR],2495590859
A,33748,49600,14078,30[CR],2495591187
F,49168,12940,14090,30[CR],2495591625
C,13617,1346,14102,30[CR],2495592062
F,50312,13054,14115,31[CR],2495592390
C,13584,1354,14126,32[CR],2495592828
F,50848,13058,14139,32[CR],2495593156
C,13566,1344,14151,32[CR],2495593593
F,50344,13069,14163,33[CR],2495593921
C,13527,1346,14175,33[CR],2495594359
F,49608,13003,14187,34[CR],2495594687
C,13551,1350,14199,34[CR],2495595125
F,50744,13016,14211,35[CR],2495595562
C,13626,1344,14223,35[CR],2495595890
F,50080,13065,14235,30[CR],2495596328
C,13629,1360,14247,25[CR],2495596656
F,50760,13025,14259,27[CR],2495597093
A,33712,49192,14272,28[CR],2495597421
F,49392,13013,14284,28[CR],2495597859
C,13667,1370,14296,28[CR],2495598296
F,51096,13053,14308,29[CR],2495598656
C,13592,1400,14320,29[CR],2495599062
F,50408,13042,14332,29[CR],2495599390
C,13675,1426,14344,30[CR],2495599828
F,53168,13123,14356,30[CR],2495600156
C,13652,1428,14368,31[CR],2495600593
F,53512,13117,14380,31[CR],2495601031
C,13653,1430,14392,32[CR],2495601359
F,52888,13048,14405,32[CR],2495601796
C,13624,1432,14417,32[CR],2495602125
F,50616,12991,14429,33[CR],2495602562
C,13660,1404,14441,32[CR],2495602890
F,52360,13031,14453,33[CR],2495603328
A,33744,53920,14465,33[CR],2495603765
F,53896,13061,14477,33[CR],2495604093
C,13682,1430,14489,33[CR],2495604531
F,51568,12996,14501,34[CR],2495604859
C,13624,1426,14513,35[CR],2495605296
F,50912,13042,14525,28[CR],2495605625
C,13641,1434,14537,26[CR],2495606062
F,52256,13109,14549,29[CR],2495606500
C,13625,1436,14561,28[CR],2495606828
F,52328,13104,14573,29[CR],2495607265
C,13599,1430,14585,28[CR],2495607593
F,52544,13109,14597,29[CR],2495608031
C,13662,1434,14609,30[CR],2495608359
F,49272,13014,14622,30[CR],2495608812
C,13597,1428,14634,31[CR],2495609250
F,50856,13058,14646,31[CR],2495609578
A,33756,51456,14658,31[CR],2495610015
F,51472,13053,14671,31[CR],2495610343
C,13587,1432,14683,31[CR],2495610781
F,51280,13062,14695,31[CR],2495611109
C,13581,1434,14707,32[CR],2495611546
F,50368,13045,14719,35[CR],2495611875
C,13577,1430,14733,34[CR],2495612312
F,49952,13046,14746,34[CR],2495612750
C,13518,1432,14760,30[CR],2495613078
F,47792,12969,14772,31[CR],2495613515
C,13599,1432,14784,30[CR],2495613843
F,46528,12983,14796,31[CR],2495614281
C,13574,1440,14808,31[CR],2495614609
F,48112,13027,14820,31[CR],2495615046
C,13530,1432,14832,31[CR],2495615484
F,47776,12996,14844,33[CR],2495615812
A,33740,47592,14856,33[CR],2495616250
F,47792,13004,14868,33[CR],2495616578
C,13546,1426,14880,33[CR],2495617015
F,48112,13022,14893,34[CR],2495617343
C,13534,1436,14904,33[CR],2495617781
F,48288,12982,14916,31[CR],2495618218
C,13694,1426,14928,25[CR],2495618546
F,47440,13017,14939,27[CR],2495618984
C,13683,1432,14950,27[CR],2495619312
F,49664,13045,14961,28[CR],2495619750
C,13739,1416,14973,30[CR],2495620078
F,49696,13108,14985,31[CR],2495620515
C,13757,1436,14997,32[CR],2495620953
F,51680,13166,15009,32[CR],2495621281
C,13743,1432,15021,32[CR],2495621718
F,53088,13190,15033,33[CR],2495622046
A,33728,52504,15045,33[CR],2495622484
F,51192,13105,15057,32[CR],2495622812
C,13690,1440,15069,34[CR],2495623250
F,52624,13128,15081,34[CR],2495623687
C,13708,1434,15093,32[CR],2495624015
F,53344,13147,15105,25[CR],2495624453
C,13700,1432,15117,27[CR],2495624781
F,52864,13051,15130,27[CR],2495625218
C,13759,1432,15142,28[CR],2495625546
F,51960,13047,15154,28[CR],2495625984
C,13675,1432,15166,28[CR],2495626421
F,53512,13103,15178,29[CR],2495626750
C,13648,1430,15190,30[CR],2495627187
F,53280,13095,15202,30[CR],2495627515
C,13634,1428,15214,30[CR],2495627953
F,52840,13054,15226,30[CR],2495628281
A,33712,51584,15238,31[CR],2495628718
F,52384,13029,15250,31[CR],2495629156
C,13665,1448,15263,31[CR],2495629484
F,52032,13011,15274,32[CR],2495629921
C,13701,1426,15286,32[CR],2495630250
F,51328,12938,15298,33[CR],2495630687
C,13765,1448,15310,33[CR],2495631015
F,52296,12994,15323,33[CR],2495631453
C,13716,1456,15334,34[CR],2495631890
F,53504,13068,15347,35[CR],2495632218
C,13685,1454,15359,34[CR],2495632656
F,54464,13081,15371,29[CR],2495632984
C,13710,1456,15382,25[CR],2495633421
F,53808,13055,15395,25[CR],2495633750
C,13757,1462,15407,29[CR],2495634187
F,52728,13001,15419,30[CR],2495634625
A,33724,52872,15431,29[CR],2495634953
F,54208,13073,15443,29[CR],2495635390
C,13792,1472,15455,29[CR],2495635718
F,54872,13054,15467,30[CR],2495636156
C,13722,1472,15480,30[CR],2495636484
F,54784,13118,15492,30[CR],2495636921
C,13797,1468,15504,31[CR],2495637359
F,54680,13091,15516,31[CR],2495637687
C,13803,1478,15528,31[CR],2495638125
F,54680,13104,15540,31[CR],2495638453
C,13728,1470,15552,31[CR],2495638890
F,55920,13101,15564,32[CR],2495639218
C,13700,1476,15576,33[CR],2495639656
F,55448,13062,15588,33[CR],2495640093
C,13800,1506,15600,33[CR],2495640421
F,54696,13039,15607,10[CR],2495640859
A,33728,54384,15607,2[CR],2495641187
F,53560,12927,15607,1[CR],2495641625
C,13474,1522,15607,0[CR],2495641953
F,51632,12907,15607,0[CR],2495642390
C,13416,1498,15607,0[CR],2495642828
F,51040,12900,15607,0[CR],2495643156
C,13393,1510,15607,0[CR],2495643593
F,50720,12898,15607,0[CR],2495643921
C,13380,1494,15607,0[CR],2495644359
F,50472,12885,15607,0[CR],2495644687
C,13335,1476,15607,0[CR],2495645125
F,49848,12878,15607,0[CR],2495645562
C,13334,1498,15607,0[CR],2495645890
F,49928,12886,15607,0[CR],2495646328
C,13341,1484,15607,0[CR],2495646765
Z,0,0,15607,0[CR],2495647312
Z,0,0,15607,0[CR],2495647750
Z,0,0,15607,0[CR],2495648296
Z,0,0,15607,0[CR],2495648843
Z,0,0,15607,0[CR],2495649281
Z,0,0,15607,0[CR],2495649828
Z,0,0,15607,0[CR],2495650265
Z,0,0,15607,0[CR],2495650812
Z,0,0,15607,0[CR],2495651359
Z,0,0,15607,0[CR],2495651796
Z,0,0,15607,0[CR],2495652343
Z,0,0,15607,0[CR],2495652781
Z,0,0,15607,0[CR],2495653328
Z,0,0,15607,0[CR],2495653765
Z,0,0,15607,0[CR],2495654312
Z,0,0,15607,0[CR],2495654859
Z,0,0,15607,0[CR],2495655296
Z,0,0,15607,0[CR],2495655843
Z,0,0,15607,0[CR],2495656281
Z,0,0,15607,0[CR],2495656828
Z,0,0,15607,0[CR],2495657375
Z,0,0,15607,0[CR],2495657812
Z,0,0,15607,0[CR],2495658359
Z,0,0,15607,0[CR],2495658796
Z,0,0,15607,0[CR],2495659234
F,47800,12843,15607,0[CR],2495659562
A,33712,47824,15607,0[CR],2495660109
Z,0,0,15607,0[CR],2495660546
Z,0,0,15607,0[CR],2495661093
Z,0,0,15607,0[CR],2495661640
Z,0,0,15607,0[CR],2495662078
Z,0,0,15607,0[CR],2495662625
Z,0,0,15607,0[CR],2495663062
Z,0,0,15607,0[CR],2495663609
Z,0,0,15607,0[CR],2495664046
Z,0,0,15607,0[CR],2495664593
Z,0,0,15607,0[CR],2495665140
Z,0,0,15607,0[CR],2495665578
Z,0,0,15607,0[CR],2495666125
Z,0,0,15607,0[CR],2495666562
Z,0,0,15607,0[CR],2495667109
Z,0,0,15607,0[CR],2495667546
Z,0,0,15607,0[CR],2495668093
Z,0,0,15607,0[CR],2495668640
Z,0,0,15607,0[CR],2495669078
Z,0,0,15607,0[CR],2495669625
Z,0,0,15607,0[CR],2495670062
Z,0,0,15607,0[CR],2495670609
Z,0,0,15607,86[CR],2495671046
Z,0,0,15607,51[CR],2495671593
Z,0,0,15607,49[CR],2495672140
Z,0,0,15621,16[CR],2495672468
F,47520,12848,15623,3[CR],2495672906
C,13410,1474,15623,1[CR],2495673234
F,50264,12939,15623,0[CR],2495673671
C,13409,1476,15623,0[CR],2495674000
F,49888,12925,15623,0[CR],2495674437
C,13376,1474,15623,0[CR],2495674765
F,49632,12919,15623,0[CR],2495675203
C,13361,1472,15623,0[CR],2495675640
F,49456,12914,15623,0[CR],2495675750
N,47008,22066,15626,13[CR],2495675968
C,13353,1484,15629,10[CR],2495676406
F,52608,13135,15630,3[CR],2495676734
C,13577,1476,15630,1[CR],2495677171
F,52880,12995,15630,0[CR],2495677500
C,13428,1468,15630,0[CR],2495677937
F,51056,12941,15630,0[CR],2495678375
A,33708,50312,15630,0[CR],2495678703
F,50144,12925,15630,0[CR],2495679140
C,13345,1482,15630,0[CR],2495679468
F,49816,12915,15630,0[CR],2495679906
C,13330,1480,15630,0[CR],2495680234
F,49664,12912,15630,0[CR],2495680671
C,13321,1474,15630,0[CR],2495681109
F,49568,12908,15637,14[CR],2495681437
C,13585,1478,15648,23[CR],2495681875
F,55176,13159,15660,31[CR],2495682203
C,13691,1494,15672,32[CR],2495682640
F,54832,13061,15684,33[CR],2495682968
C,13699,1500,15696,33[CR],2495683406
F,54384,13038,15708,33[CR],2495683843
C,13726,1494,15720,33[CR],2495684171
F,53992,12992,15732,33[CR],2495684609
A,33680,53624,15744,34[CR],2495684937
F,54000,13019,15756,28[CR],2495685375
C,13809,1492,15768,25[CR],2495685703
F,56344,13094,15780,27[CR],2495686140
C,13828,1492,15792,28[CR],2495686578
F,57592,13109,15804,28[CR],2495686906
C,13810,1486,15816,28[CR],2495687343
F,57048,13105,15829,29[CR],2495687671
C,13795,1496,15840,29[CR],2495688109
F,57920,13138,15852,30[CR],2495688437
C,13812,1484,15865,30[CR],2495688875
F,58448,13128,15877,29[CR],2495689312
C,13831,1494,15889,31[CR],2495689640
F,55816,13135,15901,30[CR],2495690078
C,13833,1490,15913,31[CR],2495690406
F,57744,13218,15925,31[CR],2495690843
A,33668,57808,15937,32[CR],2495691171
F,58256,13208,15949,32[CR],2495691609
C,13991,1490,15962,34[CR],2495692046
F,58584,13127,15974,32[CR],2495692406
C,13935,1496,15986,32[CR],2495692812
F,60000,13128,15999,33[CR],2495693171
C,13878,1514,16011,33[CR],2495693578
F,59552,13116,16023,33[CR],2495693906
C,13852,1508,16035,33[CR],2495694343
F,60128,13079,16047,33[CR],2495694781
C,13886,1502,16054,8[CR],2495695109
F,60264,13078,16054,3[CR],2495695546
C,13824,1526,16054,1[CR],2495695875
F,59368,12981,16054,1[CR],2495696312
C,13706,1524,16054,0[CR],2495696640
F,58544,12965,16054,0[CR],2495697078
A,33672,58128,16054,0[CR],2495697515
F,57968,12961,16054,0[CR],2495697843
C,13654,1534,16054,0[CR],2495698281
F,57544,12956,16054,0[CR],2495698609
C,13635,1520,16054,0[CR],2495699046
F,57184,12951,16054,0[CR],2495699375
C,13617,1540,16054,0[CR],2495699812
F,56896,12949,16054,0[CR],2495700250
C,13604,1506,16054,0[CR],2495700578
F,56616,12945,16054,0[CR],2495701015
C,13592,1536,16054,0[CR],2495701343
F,56376,12943,16054,0[CR],2495701781
C,13581,1536,16054,0[CR],2495702109
F,56184,12941,16054,0[CR],2495702546
C,13573,1516,16054,0[CR],2495702984
F,56008,12939,16054,0[CR],2495703312
A,33692,55896,16054,0[CR],2495703750
F,55832,12937,16054,0[CR],2495704078
C,13556,1536,16054,0[CR],2495704515
F,55712,12936,16054,0[CR],2495704843
C,13551,1506,16054,0[CR],2495705281
F,55608,12934,16054,0[CR],2495705718
C,13545,1522,16054,0[CR],2495706046
F,55472,12932,16054,0[CR],2495706484
C,13538,1518,16054,0[CR],2495706812
F,55344,12932,16054,0[CR],2495707250
C,13532,1508,16054,0[CR],2495707578
F,55224,12928,16054,0[CR],2495708015
C,13527,1502,16054,0[CR],2495708453
F,55128,12927,16054,0[CR],2495708781
C,13523,1506,16054,0[CR],2495709218
F,55032,12926,16054,0[CR],2495709546
A,33748,54952,16054,0[CR],2495709984
F,54920,12925,16054,0[CR],2495710312
C,13513,1520,16054,0[CR],2495710750
F,54848,12924,16054,0[CR],2495711187
C,13510,1514,16054,0[CR],2495711515
F,54776,12923,16054,0[CR],2495711953
C,13507,1512,16054,0[CR],2495712281
F,54664,12921,16054,0[CR],2495712718
C,13502,1512,16054,0[CR],2495713046
F,54584,12920,16054,0[CR],2495713484
C,13499,1494,16054,0[CR],2495713921
F,54504,12920,16054,0[CR],2495714250
C,13495,1516,16054,0[CR],2495714687
F,54432,12917,16054,0[CR],2495715015
C,13491,1504,16054,0[CR],2495715453
F,54360,12919,16054,0[CR],2495715781
A,33704,54320,16054,0[CR],2495716218
F,54288,12919,16054,0[CR],2495716656
C,13485,1512,16054,0[CR],2495716984
F,54232,12916,16054,0[CR],2495717421
C,13484,1522,16054,0[CR],2495717750
F,54168,12916,16054,0[CR],2495718187
C,13479,1498,16054,0[CR],2495718515
F,54096,12915,16054,0[CR],2495718953
C,13476,1506,16054,0[CR],2495719390
F,54040,12913,16054,0[CR],2495719718
C,13474,1514,16054,0[CR],2495720156
F,53976,12912,16054,0[CR],2495720484
C,13472,1508,16054,0[CR],2495720921
F,53920,12912,16054,0[CR],2495721250
C,13469,1510,16054,0[CR],2495721687
F,53872,12914,16054,0[CR],2495722125
A,33700,53824,16054,0[CR],2495722453
F,53800,12913,16054,0[CR],2495722890
C,13464,1504,16054,0[CR],2495723218
F,53760,12911,16054,0[CR],2495723656
C,13461,1514,16054,0[CR],2495723984
F,53712,12911,16054,0[CR],2495724421
C,13459,1512,16054,0[CR],2495724859
F,53656,12910,16054,0[CR],2495725187
C,13457,1534,16054,0[CR],2495725625
F,53600,12909,16054,0[CR],2495725953
C,13455,1512,16054,0[CR],2495726390
F,53560,12908,16054,0[CR],2495726828
C,13452,1506,16054,0[CR],2495727156
F,53504,12907,16054,0[CR],2495727593
C,13450,1510,16054,0[CR],2495727921
F,53464,12906,16054,0[CR],2495728359
A,33700,53432,16054,0[CR],2495728687
F,53416,12907,16054,0[CR],2495729125
C,13447,1532,16054,0[CR],2495729562
F,53384,12905,16054,0[CR],2495729890
C,13445,1524,16054,0[CR],2495730328
F,53352,12906,16054,0[CR],2495730656
C,13444,1522,16054,0[CR],2495731093
F,53304,12905,16054,0[CR],2495731421
C,13441,1522,16054,0[CR],2495731859
F,53280,12904,16054,0[CR],2495732296
C,13439,1510,16054,0[CR],2495732625
F,53232,12904,16054,0[CR],2495733062
C,13437,1544,16055,0[CR],2495733390
F,53200,12903,16055,0[CR],2495733828
C,13436,1504,16055,0[CR],2495734156
F,53168,12903,16055,0[CR],2495734593
A,33692,53136,16055,0[CR],2495735031
F,53112,12903,16055,0[CR],2495735359
C,13431,1516,16055,0[CR],2495735796
F,53096,12901,16055,0[CR],2495736125
C,13430,1530,16055,0[CR],2495736562
F,53056,12900,16055,0[CR],2495736890
C,13428,1528,16055,0[CR],2495737328
F,53024,12898,16055,0[CR],2495737656
C,13427,1516,16055,0[CR],2495738093
F,52992,12900,16055,0[CR],2495738531
C,13424,1514,16055,0[CR],2495738859
F,52968,12899,16055,0[CR],2495739296
C,13424,1534,16055,0[CR],2495739625
F,52936,12898,16055,0[CR],2495740062
C,13422,1516,16055,0[CR],2495740390
F,52904,12898,16055,0[CR],2495740828
A,33720,52864,16055,0[CR],2495741265
F,52856,12899,16055,0[CR],2495741593
C,13419,1538,16055,0[CR],2495742031
F,52832,12899,16055,0[CR],2495742359
C,13418,1504,16055,0[CR],2495742796
F,52816,12899,16055,0[CR],2495743125
C,13418,1510,16055,0[CR],2495743562
F,52784,12897,16055,0[CR],2495744000
C,13415,1512,16055,0[CR],2495744328
F,52744,12896,16055,0[CR],2495744765
C,13414,1514,16055,0[CR],2495745093
F,52720,12897,16055,0[CR],2495745531
C,13411,1544,16055,0[CR],2495745859
F,52688,12895,16055,0[CR],2495746296
C,13411,1506,16055,0[CR],2495746734
F,52664,12896,16055,0[CR],2495747062
A,33696,52640,16055,0[CR],2495747500
F,52632,12896,16055,0[CR],2495747828
C,13407,1532,16055,0[CR],2495748265
F,52608,12895,16055,0[CR],2495748593
C,13406,1516,16055,0[CR],2495749031
F,52576,12894,16055,0[CR],2495749468
C,13405,1520,16055,0[CR],2495749796
F,52552,12893,16055,0[CR],2495750234
C,13404,1530,16055,0[CR],2495750562
F,52520,12893,16055,0[CR],2495751000
C,13403,1534,16055,0[CR],2495751328
F,52488,12892,16055,0[CR],2495751765
C,13402,1494,16055,0[CR],2495752203
F,52464,12893,16055,0[CR],2495752531
C,13401,1516,16055,0[CR],2495752968
F,52440,12892,16055,0[CR],2495753296
A,33684,52408,16055,0[CR],2495753734
F,52400,12892,16055,0[CR],2495754171
C,13398,1542,16055,0[CR],2495754500
F,52376,12892,16055,0[CR],2495754937
C,13397,1536,16055,0[CR],2495755265
F,52352,12891,16055,0[CR],2495755703
C,13396,1544,16055,0[CR],2495756031
F,52328,12891,16055,0[CR],2495756468
C,13396,1516,16055,0[CR],2495756796
F,52304,12889,16055,0[CR],2495757234
C,13395,1530,16055,0[CR],2495757671
F,52280,12889,16055,0[CR],2495758000
C,13393,1522,16055,0
<PAUSE BUTTON 10:25:02>
[CR],2495758437
F,52256,12889,16055,0[CR],2495758765
C,13392,1526,16055,0[CR],2495759203
F,52224,12890,16055,0[CR],2495759421
>
Reset interface. Wait time for interface: 62
>
Reset interface. Wait time for interface: 47DOFF
OK
>
Command: DOFF Wait time for interface: 110

>
Reset interface. Wait time for interface: 63CLEAR
OK
>
Command: CLEAR Wait time for interface: 109

<END BUTTON 10:31:52>

------------------- Begin end zero test --------------------
>
Reset interface. Wait time for interface: 110SCANG
Z,0,0,0,0
C,12116,8606,0,0[CR],2496171687
F,12017,12635,0,0[CR],2496172125
A,33816,12013,0,0[CR],2496172453
F,12004,12635,0,0[CR],2496172890
C,12117,6704,0,0[CR],2496173234
F,12004,12635,0,0[CR],2496173703
C,12118,6398,0,0[CR],2496174046
F,12003,12635,0,0[CR],2496174390
C,12117,6766,0,0[CR],2496174843
F,11996,12634,0,0[CR],2496175171
C,12117,7122,0,0[CR],2496175609
F,11998,12635,0,0[CR],2496175937
C,12117,6702,0,0[CR],2496176406
F,11995,12635,0,0[CR],2496176734
C,12119,6860,0,0[CR],2496177187
F,11972,12635,0,0[CR],2496177515
C,12142,6458,0,0[CR],2496177984
F,12032,12616,0,0[CR],2496178328
A,33844,12178,0,0[CR],2496178765
F,12146,12616,0,0[CR],2496179093
C,12132,6686,0,0[CR],2496179531
F,12135,12618,0,0[CR],2496179859
C,12133,6830,0,0[CR],2496180296
F,12123,12616,0,0[CR],2496180625
C,12133,6864,0,0[CR],2496181062
F,12121,12616,0,0[CR],2496181500
C,12133,6980,0,0[CR],2496181828
F,12123,12616,0,0[CR],2496182265
C,12133,7330,0,0[CR],2496182593
F,12125,12616,0,0[CR],2496183031
C,12133,7676,0,0[CR],2496183031
>
Reset interface. Wait time for interface: 16

======== END OF TEST ========


