CPT-log version: 5.22
======== BEGIN OF TEST ========
DATE 22.09.2022

<Transmited Data>
<NEW BUTTON 08:49:42>
[^C][CR]
[^C][CR]
[^C][CR]
CLEAR[CR]
[^C][CR]
DOFF[CR]
[^C][CR]
SCANG[CR]
[^C][CR]
[^C][CR]
CLEAR[CR]

<START BUTTON 08:53:39>
[^C][CR]
[^C][CR]
DRON[CR]
SCANG[CR]

<PAUSE BUTTON 09:07:50>
[^C][CR]
[^C][CR]
DOFF[CR]
[^C][CR]
CLEAR[CR]

<END BUTTON 09:14:31>
[^C][CR]
SCANG[CR]
[^C][CR]


<Received Data>
<NEW BUTTON 08:49:42>

>
Reset interface. Wait time for interface: 31
>
Reset interface. Wait time for interface: 109
>
Reset interface. Wait time for interface: 110CLEAR
OK
>
Command: CLEAR Wait time for interface: 109

>
Reset interface. Wait time for interface: 110DOFF
OK
>
Command: DOFF Wait time for interface: 109

>
Reset interface. Wait time for interface: 47SCANG
Z,0,0,0,0
Z,0,0,0,0[CR],2576482437
Z,0,0,0,0[CR],2576482984
Z,0,0,0,0[CR],2576483421
Z,0,0,0,0[CR],2576483968
Z,0,0,0,0[CR],2576484406
Z,0,0,0,0[CR],2576484953
Z,0,0,0,0[CR],2576485062
F,12161,12644,0,0[CR],2576485390
C,12124,12433,0,0[CR],2576485828
F,12156,12644,0,0[CR],2576486156
C,12124,10581,0,0[CR],2576486593
F,12157,12644,0,0[CR],2576486937
A,36000,12162,0,0[CR],2576487375
F,12139,12644,0,0[CR],2576487718
C,12124,10634,0,0[CR],2576488156
F,12155,12644,0,0[CR],2576488609
C,12124,10063,0,0[CR],2576488953
F,12159,12645,0,0[CR],2576489296
C,12124,10094,0,0[CR],2576489750
F,12150,12644,0,0[CR],2576490109
C,12123,10453,0,0[CR],2576490546
F,12161,12643,0,0[CR],2576490890
C,12124,10416,0,0[CR],2576491328
F,12162,12643,0,0[CR],2576491687
C,12124,10300,0,0[CR],2576491796
>[CR],2576491796
>
Reset interface. Wait time for interface: 78
>
Reset interface. Wait time for interface: 47CLEAR
OK
>
Command: CLEAR Wait time for interface: 110

<START BUTTON 08:53:39>

>
Reset interface. Wait time for interface: 15
>
Reset interface. Wait time for interface: 110DRON
OK
>
Command: DRON Wait time for interface: 109
SCANG
Z,0,0,0,0
F,13596,15973,0,0[CR],2576676859
C,19088,280,0,0[CR],2576677187
F,13583,15956,0,0[CR],2576677625
C,19116,278,0,0[CR],2576677953
F,13579,15940,0,0[CR],2576678390
C,19032,270,0,0[CR],2576678828
F,13568,15982,0,0[CR],2576679156
C,18998,270,0,0[CR],2576679593
F,13565,15992,0,0[CR],2576679921
C,18986,274,0,0[CR],2576680359
F,13572,15992,0,0[CR],2576680796
A,35612,13573,0,0[CR],2576681125
F,13554,15989,0,0[CR],2576681562
C,18948,274,0,0[CR],2576681890
F,13566,15991,0,0[CR],2576682328
C,18928,274,0,0[CR],2576682656
F,13565,15992,0,0[CR],2576683093
C,18906,274,0,0[CR],2576683531
F,13567,16000,0,0[CR],2576683859
C,18894,270,0,0[CR],2576684296
F,13571,15996,0,0[CR],2576684625
C,18880,274,0,0[CR],2576685062
F,13565,15999,0,0[CR],2576685390
C,18866,274,0,0[CR],2576685828
F,13570,16000,0,0[CR],2576686265
C,18852,274,0,0[CR],2576686593
F,13565,16000,0,0[CR],2576687031
A,35620,13561,0,0[CR],2576687359
F,13546,16001,0,0[CR],2576687796
C,18834,266,0,0[CR],2576688125
F,13563,16002,0,0[CR],2576688562
C,18822,282,0,0[CR],2576689000
F,13556,16002,0,0[CR],2576689328
C,18816,274,0,0[CR],2576689765
F,13557,15999,0,0[CR],2576690093
C,18804,274,0,0[CR],2576690531
F,13559,16001,0,0[CR],2576690859
C,18796,274,0,0[CR],2576691296
F,13554,16002,0,0[CR],2576691625
C,18786,270,0,0[CR],2576692062
F,13549,15997,0,0[CR],2576692500
C,18780,274,0,0[CR],2576692828
F,13554,16001,0,0[CR],2576693265
A,35584,13550,0,0[CR],2576693593
F,13538,15998,0,0[CR],2576694031
C,18766,274,0,0[CR],2576694359
F,13546,15999,0,0[CR],2576694796
C,18760,274,0,0[CR],2576695234
F,13549,16004,0,0[CR],2576695562
C,18750,276,0,0[CR],2576696000
F,13549,15991,0,0[CR],2576696328
C,18740,274,0,0[CR],2576696765
F,13558,16005,5,29[CR],2576697093
C,18742,274,15,29[CR],2576697531
F,13568,15279,25,23[CR],2576697968
C,20436,274,35,24[CR],2576698296
F,13611,15259,45,25[CR],2576698734
C,20620,274,55,27[CR],2576699062
F,13631,15191,65,28[CR],2576699500
A,35588,13643,74,24[CR],2576699828
F,13637,15115,85,25[CR],2576700265
C,20862,274,95,26[CR],2576700703
F,13660,15114,105,27[CR],2576701031
C,21006,274,115,29[CR],2576701468
F,13672,15247,125,25[CR],2576701796
C,21210,262,136,25[CR],2576702234
F,13665,15464,147,27[CR],2576702671
C,21468,274,158,28[CR],2576703000
F,13667,15612,169,30[CR],2576703546
Z,0,0,182,29[CR],2576703765
F,13654,15646,190,31[CR],2576704140
C,21776,278,201,24[CR],2576704531
F,13647,15609,212,26[CR],2576704968
C,21586,278,223,26[CR],2576705406
F,13657,15580,235,27[CR],2576705734
A,35572,13678,246,30[CR],2576706171
F,13677,15621,258,31[CR],2576706500
C,20734,274,270,31[CR],2576706937
F,13721,15805,282,31[CR],2576707265
C,20116,274,294,31[CR],2576707703
F,13740,16098,306,32[CR],2576708031
C,19406,274,318,33[CR],2576708468
F,13773,16274,330,33[CR],2576708906
C,18600,278,342,34[CR],2576709234
F,13796,16316,355,36[CR],2576709671
C,17642,278,368,38[CR],2576710000
F,13829,16259,381,35[CR],2576710437
C,16496,274,394,35[CR],2576710765
F,13865,16400,407,35[CR],2576711203
C,15143,278,420,35[CR],2576711640
F,13923,16840,433,35[CR],2576711968
A,35508,13877,445,34[CR],2576712406
F,13909,17626,458,34[CR],2576712765
C,15877,278,471,34[CR],2576713171
F,13876,16680,484,34[CR],2576713500
C,15918,278,497,35[CR],2576713937
F,14034,15842,510,34[CR],2576714375
C,15355,280,523,34[CR],2576714703
F,14709,15672,536,32[CR],2576715140
C,15181,290,548,32[CR],2576715468
F,14931,15778,561,33[CR],2576715906
C,17130,324,573,33[CR],2576716234
F,14527,15603,586,33[CR],2576716671
C,18584,314,599,34[CR],2576717109
F,14359,15236,612,34[CR],2576717437
C,18930,308,626,34[CR],2576717875
F,14217,14917,639,33[CR],2576718203
A,35500,14250,652,33[CR],2576718640
F,14247,14918,665,32[CR],2576718968
C,19094,338,678,32[CR],2576719406
F,14255,15097,691,33[CR],2576719843
C,19652,352,704,33[CR],2576720171
F,14167,15336,717,33[CR],2576720609
C,19822,348,730,31[CR],2576720937
F,14170,15261,743,29[CR],2576721375
C,19574,334,756,30[CR],2576721812
F,14192,15381,770,35[CR],2576722140
C,19396,342,784,39[CR],2576722578
F,14140,15374,797,38[CR],2576722906
C,18684,340,811,38[CR],2576723343
F,14228,15282,824,36[CR],2576723671
C,17482,344,838,36[CR],2576724109
F,14335,15424,851,34[CR],2576724546
A,35460,14388,865,35[CR],2576724875
F,14381,15700,878,32[CR],2576725312
C,15300,348,892,33[CR],2576725640
F,14384,16226,905,31[CR],2576726078
C,14150,338,919,32[CR],2576726406
F,14369,17068,932,33[CR],2576726843
C,13646,348,946,30[CR],2576727281
F,14462,17652,959,29[CR],2576727609
C,13696,348,973,39[CR],2576728046
F,14987,17170,986,38[CR],2576728375
C,14051,326,1000,38[CR],2576728812
F,15732,16106,1014,36[CR],2576729140
C,13538,346,1028,36[CR],2576729578
F,14865,15836,1041,35[CR],2576729906
C,13332,358,1055,34[CR],2576730343
F,15066,15624,1069,34[CR],2576730781
A,35464,15422,1083,34[CR],2576731109
F,15564,15134,1096,33[CR],2576731546
C,12771,360,1110,29[CR],2576731875
F,16047,14466,1124,39[CR],2576732312
C,12747,350,1137,39[CR],2576732640
F,16424,13981,1151,38[CR],2576733078
C,12757,346,1164,38[CR],2576733515
F,16736,13655,1178,36[CR],2576733843
C,12768,360,1191,35[CR],2576734281
F,17124,13329,1205,35[CR],2576734609
C,12743,356,1219,35[CR],2576735046
F,17402,13254,1232,34[CR],2576735375
C,12803,360,1246,34[CR],2576735812
F,17628,13215,1259,32[CR],2576736250
C,12829,360,1272,33[CR],2576736578
F,18010,13252,1285,33[CR],2576737015
A,35420,18270,1299,32[CR],2576737343
F,18376,13278,1312,36[CR],2576737781
C,12847,388,1326,39[CR],2576738218
F,18816,13230,1339,39[CR],2576738546
C,12854,394,1353,38[CR],2576738984
F,19080,13170,1367,35[CR],2576739312
C,12838,418,1380,36[CR],2576739750
F,19372,13163,1394,35[CR],2576740078
C,12830,422,1407,34[CR],2576740515
F,19702,13182,1421,34[CR],2576740843
C,12847,408,1434,34[CR],2576741281
F,20202,13246,1448,33[CR],2576741718
C,12949,426,1462,32[CR],2576742046
F,20358,13261,1475,34[CR],2576742500
C,12938,418,1489,30[CR],2576742828
F,20508,13371,1502,39[CR],2576743265
A,35384,20456,1516,38[CR],2576743593
F,20570,13445,1530,38[CR],2576744031
C,12877,436,1544,38[CR],2576744359
F,20990,13380,1558,36[CR],2576744796
C,12900,434,1572,36[CR],2576745234
F,21290,13317,1585,34[CR],2576745562
C,12909,432,1599,33[CR],2576746000
F,21598,13343,1612,32[CR],2576746328
C,12986,454,1626,32[CR],2576746765
F,22128,13411,1639,33[CR],2576747093
C,13941,436,1653,27[CR],2576747531
F,20692,13258,1666,34[CR],2576747968
C,13906,432,1680,38[CR],2576748296
F,17990,13374,1694,38[CR],2576748734
C,13251,486,1708,36[CR],2576749062
F,18096,13639,1721,29[CR],2576749500
A,35396,18422,1721,2[CR],2576749828
F,18494,13585,1721,1[CR],2576750265
C,12781,498,1721,0[CR],2576750703
F,18742,13560,1721,0[CR],2576751031
C,12748,496,1721,0[CR],2576751468
F,19002,13556,1721,0[CR],2576751796
C,12733,496,1721,0[CR],2576752234
F,19244,13611,1721,0[CR],2576752562
C,12729,500,1721,0[CR],2576753000
F,19452,13803,1721,0[CR],2576753437
C,12768,498,1721,0[CR],2576753765
F,19650,13796,1721,0[CR],2576754203
C,12746,504,1721,0[CR],2576754531
F,19820,13768,1721,0[CR],2576755078
Z,0,0,1721,0[CR],2576755515
Z,0,0,1721,0[CR],2576756062
Z,0,0,1721,0[CR],2576756609
Z,0,0,1721,0[CR],2576757046
Z,0,0,1721,0[CR],2576757593
Z,0,0,1721,0[CR],2576758031
Z,0,0,1721,0[CR],2576758578
Z,0,0,1721,0[CR],2576759125
Z,0,0,1721,0[CR],2576759562
Z,0,0,1721,0[CR],2576760109
Z,0,0,1721,0[CR],2576760546
Z,0,0,1721,0[CR],2576761093
Z,0,0,1721,0[CR],2576761531
Z,0,0,1721,0[CR],2576762078
Z,0,0,1721,0[CR],2576762625
Z,0,0,1721,0[CR],2576763062
Z,0,0,1721,0[CR],2576763609
Z,0,0,1721,0[CR],2576764046
Z,0,0,1721,0[CR],2576764593
Z,0,0,1721,0[CR],2576765031
Z,0,0,1721,0[CR],2576765578
Z,0,0,1721,0[CR],2576766125
Z,0,0,1721,0[CR],2576766562
Z,0,0,1721,0[CR],2576767109
Z,0,0,1721,0[CR],2576767546
Z,0,0,1721,0[CR],2576768093
Z,0,0,1721,0[CR],2576768640
Z,0,0,1721,0[CR],2576769078
C,12618,496,1721,0[CR],2576769515
Z,0,0,1721,0[CR],2576770062
Z,0,0,1721,0[CR],2576770500
Z,0,0,1721,0[CR],2576771046
Z,0,0,1721,0[CR],2576771484
Z,0,0,1721,0[CR],2576772031
Z,0,0,1721,0[CR],2576772468
Z,0,0,1721,0[CR],2576773015
Z,0,0,1721,0[CR],2576773562
Z,0,0,1721,0[CR],2576774000
Z,0,0,1721,0[CR],2576774546
Z,0,0,1721,0[CR],2576774984
Z,0,0,1721,0[CR],2576775531
Z,0,0,1721,0[CR],2576775968
Z,0,0,1721,0[CR],2576776515
Z,0,0,1721,0[CR],2576777062
Z,0,0,1721,0[CR],2576777500
Z,0,0,1721,0[CR],2576778046
Z,0,0,1721,0[CR],2576778484
Z,0,0,1721,0[CR],2576779031
Z,0,0,1721,0[CR],2576779578
Z,0,0,1721,25[CR],2576780015
Z,0,0,1721,25[CR],2576780562
Z,0,0,1721,26[CR],2576781000
Z,0,0,1721,25[CR],2576781546
C,12611,498,1730,13[CR],2576781875
F,20972,13117,1734,4[CR],2576782312
C,12692,494,1734,2[CR],2576782640
F,21110,13939,1734,1[CR],2576783093
C,12743,496,1734,0[CR],2576783531
F,21070,13915,1734,0[CR],2576783859
C,12731,496,1734,0[CR],2576784296
F,21056,13909,1734,0[CR],2576784625
C,12728,508,1734,0[CR],2576785062
F,21044,13919,1734,0[CR],2576785390
C,12723,500,1734,0[CR],2576785828
F,21034,13905,1734,0[CR],2576786265
C,12720,496,1734,0[CR],2576786593
F,21032,13901,1734,0[CR],2576787031
A,35224,21010,1734,0[CR],2576787359
F,21000,13886,1734,0[CR],2576787796
C,12713,496,1734,0[CR],2576788125
F,20988,13874,1734,0[CR],2576788562
C,12712,494,1734,0[CR],2576788890
F,20974,13868,1734,0[CR],2576789328
C,12709,498,1734,0[CR],2576789765
F,20950,13863,1736,25[CR],2576790093
C,12709,496,1751,38[CR],2576790531
F,20970,14298,1764,36[CR],2576790859
C,13017,500,1778,36[CR],2576791296
F,21752,14152,1791,36[CR],2576791625
C,13009,504,1805,35[CR],2576792062
F,22268,13986,1818,35[CR],2576792500
C,12993,504,1832,33[CR],2576792828
F,22572,13785,1845,34[CR],2576793265
A,35184,22856,1859,32[CR],2576793593
F,22942,13450,1872,32[CR],2576794031
C,12977,514,1886,33[CR],2576794359
F,23306,13271,1899,32[CR],2576794796
C,12967,514,1913,38[CR],2576795234
F,23698,13291,1927,38[CR],2576795562
C,12995,520,1940,36[CR],2576796000
F,24128,13341,1954,35[CR],2576796328
C,13012,532,1968,35[CR],2576796765
F,24328,13418,1981,35[CR],2576797093
C,12995,526,1995,33[CR],2576797531
F,24494,13446,2008,33[CR],2576797968
C,12981,524,2022,32[CR],2576798296
F,24700,13469,2035,32[CR],2576798734
C,12946,536,2049,32[CR],2576799062
F,25068,13464,2062,30[CR],2576799500
A,35192,25252,2076,30[CR],2576799828
F,25276,13475,2089,38[CR],2576800265
C,12942,542,2103,38[CR],2576800703
F,25624,13499,2117,38[CR],2576801031
C,13009,574,2130,36[CR],2576801468
F,25912,13476,2144,36[CR],2576801796
C,13043,570,2157,35[CR],2576802250
F,25812,13527,2171,35[CR],2576802578
C,13018,576,2185,34[CR],2576803015
F,25488,13599,2198,33[CR],2576803453
C,12989,582,2212,33[CR],2576803781
F,25824,13598,2225,33[CR],2576804218
C,12992,586,2239,33[CR],2576804546
F,26252,13592,2252,30[CR],2576804984
C,12994,586,2266,39[CR],2576805312
F,26516,13637,2280,38[CR],2576805750
A,35172,26788,2293,36[CR],2576806187
F,26936,13647,2307,36[CR],2576806562
C,13040,576,2321,36[CR],2576806953
F,26912,13625,2334,36[CR],2576807296
C,13087,594,2348,34[CR],2576807718
F,27152,13644,2361,35[CR],2576808046
C,13081,582,2375,33[CR],2576808484
F,27336,13710,2388,33[CR],2576808921
C,13065,586,2402,33[CR],2576809250
F,27012,13751,2415,33[CR],2576809687
C,13053,582,2429,34[CR],2576810015
F,26976,13750,2442,36[CR],2576810453
C,13043,584,2456,38[CR],2576810781
F,27220,13745,2470,38[CR],2576811218
C,13032,586,2483,36[CR],2576811656
F,27548,13759,2497,36[CR],2576811984
A,35132,27808,2511,35[CR],2576812421
F,27928,13726,2524,34[CR],2576812750
C,13099,590,2538,34[CR],2576813187
F,28252,13631,2551,33[CR],2576813515
C,13148,586,2565,33[CR],2576813953
F,28276,13634,2578,32[CR],2576814390
C,13190,580,2592,31[CR],2576814718
F,27368,13715,2605,29[CR],2576815156
C,13290,592,2619,33[CR],2576815484
F,27144,13783,2632,38[CR],2576815921
C,13334,594,2646,36[CR],2576816250
F,28032,13908,2659,36[CR],2576816687
C,13426,586,2673,36[CR],2576817125
F,28456,14018,2686,36[CR],2576817453
C,13300,598,2700,35[CR],2576817890
F,29228,14072,2714,35[CR],2576818218
A,35116,29632,2727,33[CR],2576818656
F,29856,13963,2741,33[CR],2576818984
C,13293,614,2755,33[CR],2576819421
F,30648,13936,2768,31[CR],2576819859
C,13272,624,2782,32[CR],2576820187
F,31384,13889,2795,34[CR],2576820625
C,13217,632,2809,39[CR],2576820953
F,32080,13787,2823,38[CR],2576821390
C,13255,636,2836,36[CR],2576821718
F,32596,13653,2850,36[CR],2576822156
C,13245,644,2864,36[CR],2576822593
F,33224,13636,2877,35[CR],2576822921
C,13292,652,2891,35[CR],2576823359
F,33852,13625,2905,32[CR],2576823687
C,13335,658,2918,33[CR],2576824125
F,33844,13599,2932,33[CR],2576824453
A,35100,33744,2946,32[CR],2576824890
F,33412,13614,2960,38[CR],2576825328
C,13344,654,2974,38[CR],2576825656
F,33796,13558,2988,36[CR],2576826093
C,13283,664,3001,36[CR],2576826421
F,34544,13523,3015,35[CR],2576826859
C,13271,676,3029,35[CR],2576827187
F,34616,13526,3043,34[CR],2576827625
C,13256,662,3057,34[CR],2576828062
F,34552,13544,3071,33[CR],2576828390
C,13224,670,3084,33[CR],2576828828
F,34444,13542,3098,28[CR],2576829156
C,13189,682,3112,38[CR],2576829593
F,34532,13587,3126,38[CR],2576829921
C,13251,702,3140,36[CR],2576830359
F,35156,13575,3154,36[CR],2576830796
A,35056,35544,3167,36[CR],2576831125
F,35952,13661,3181,35[CR],2576831562
C,13309,712,3195,34[CR],2576831890
F,36972,13557,3209,33[CR],2576832328
C,13298,736,3222,33[CR],2576832656
F,37328,13533,3236,30[CR],2576833093
C,13341,730,3250,39[CR],2576833531
F,37692,13537,3264,36[CR],2576833859
C,13273,736,3278,38[CR],2576834296
F,37784,13552,3292,36[CR],2576834625
C,13250,724,3305,35[CR],2576835062
F,37936,13615,3319,35[CR],2576835390
C,13247,732,3333,34[CR],2576835828
F,38148,13650,3347,34[CR],2576836265
C,13246,740,3361,33[CR],2576836593
F,38524,13678,3374,33[CR],2576837031
A,35000,38800,3388,30[CR],2576837359
F,38844,13670,3402,39[CR],2576837796
C,13331,740,3416,38[CR],2576838125
F,39084,13682,3430,38[CR],2576838562
C,13312,740,3443,36[CR],2576839000
F,39136,13638,3457,36[CR],2576839328
C,13324,744,3471,35[CR],2576839765
F,39264,13626,3485,34[CR],2576840093
C,13278,752,3499,34[CR],2576840531
F,39064,13613,3513,34[CR],2576840859
C,13283,740,3526,34[CR],2576841296
F,39836,13611,3540,36[CR],2576841734
C,13304,746,3554,39[CR],2576842062
F,40140,13623,3568,36[CR],2576842500
C,13340,744,3582,36[CR],2576842828
F,40324,13627,3596,36[CR],2576843265
A,35020,39760,3610,35[CR],2576843593
F,39924,13635,3624,34[CR],2576844031
C,13307,748,3638,33[CR],2576844468
F,39844,13626,3651,34[CR],2576844796
C,13297,734,3665,29[CR],2576845234
F,39636,13624,3679,38[CR],2576845562
C,13281,740,3693,38[CR],2576846000
F,40044,13641,3707,38[CR],2576846328
C,13294,764,3721,38[CR],2576846765
F,40224,13646,3722,2[CR],2576847203
C,13240,748,3722,1[CR],2576847531
F,38880,13298,3722,0[CR],2576847968
C,13062,776,3722,0[CR],2576848296
F,38288,13258,3722,0[CR],2576848734
C,13027,770,3722,0[CR],2576849062
F,37940,13228,3722,0[CR],2576849500
A,34992,37820,3722,0[CR],2576849937
F,37680,13252,3722,0[CR],2576850265
C,13026,770,3723,0[CR],2576850703
F,37468,13251,3723,0[CR],2576851031
C,13013,752,3723,0[CR],2576851468
F,37288,13230,3723,0[CR],2576851906
Z,0,0,3723,0[CR],2576852453
Z,0,0,3723,0[CR],2576853000
Z,0,0,3723,0[CR],2576853437
Z,0,0,3723,0[CR],2576853984
Z,0,0,3723,0[CR],2576854421
Z,0,0,3723,0[CR],2576854968
Z,0,0,3723,0[CR],2576855406
Z,0,0,3723,0[CR],2576855953
Z,0,0,3723,0[CR],2576856500
Z,0,0,3723,0[CR],2576856937
Z,0,0,3723,0[CR],2576857484
Z,0,0,3723,0[CR],2576857921
Z,0,0,3723,0[CR],2576858468
Z,0,0,3723,0[CR],2576858687
Q,19248,60928,3723,0[CR],2576859234
Z,0,0,3723,0[CR],2576859781
Z,0,0,3723,0[CR],2576860218
Z,0,0,3723,0[CR],2576860765
Z,0,0,3723,0[CR],2576861203
Z,0,0,3723,0[CR],2576861640
F,36104,13035,3723,0[CR],2576861968
A,34908,36072,3723,0[CR],2576862406
F,36052,13033,3723,0[CR],2576862843
Z,0,0,3723,0[CR],2576863390
Z,0,0,3723,0[CR],2576863937
Z,0,0,3723,0[CR],2576864375
Z,0,0,3723,0[CR],2576864921
Z,0,0,3723,0[CR],2576865359
Z,0,0,3723,0[CR],2576865906
Z,0,0,3723,0[CR],2576866343
Z,0,0,3723,0[CR],2576866890
Z,0,0,3723,0[CR],2576867437
Z,0,0,3723,0[CR],2576867875
Z,0,0,3723,0[CR],2576868421
Z,0,0,3723,0[CR],2576868859
Z,0,0,3723,0[CR],2576869406
Z,0,0,3723,0[CR],2576869843
Z,0,0,3723,0[CR],2576870390
Z,0,0,3723,0[CR],2576870937
Z,0,0,3723,0[CR],2576871375
Z,0,0,3723,0[CR],2576871921
Z,0,0,3723,0[CR],2576872359
Z,0,0,3723,36[CR],2576872906
Z,0,0,3723,28[CR],2576873343
Z,0,0,3723,23[CR],2576873890
Z,0,0,3723,24[CR],2576874437
Z,0,0,3728,23[CR],2576874437
A,34876,35492,3730,21[CR],2576874875
F,35476,13004,3735,11[CR],2576875312
C,12852,762,3737,6[CR],2576875640
F,35616,13271,3737,1[CR],2576876078
C,13030,756,3737,1[CR],2576876406
F,36144,13167,3737,0[CR],2576876843
C,12990,756,3737,0[CR],2576877171
F,36032,13161,3737,0[CR],2576877609
C,12975,748,3737,0[CR],2576878046
F,35972,13156,3737,0[CR],2576878375
C,12966,760,3737,0[CR],2576878812
F,35916,13150,3737,0[CR],2576879140
C,12959,748,3737,0[CR],2576879578
F,35868,13150,3738,0[CR],2576879906
C,13137,762,3738,0[CR],2576880343
F,36540,13175,3738,0[CR],2576880781
A,34844,36392,3738,0[CR],2576881109
F,36340,13164,3738,0[CR],2576881546
C,13002,758,3738,0[CR],2576881875
F,36256,13159,3738,0[CR],2576882312
C,12988,756,3738,0[CR],2576882640
F,36180,13155,3738,0[CR],2576883078
C,12980,756,3738,0[CR],2576883515
F,36116,13151,3750,39[CR],2576883843
C,13127,758,3763,38[CR],2576884281
F,38664,13595,3777,36[CR],2576884609
C,13330,750,3791,36[CR],2576885046
F,39600,13612,3805,35[CR],2576885375
C,13350,774,3819,34[CR],2576885812
F,40212,13624,3833,34[CR],2576886250
C,13352,790,3846,33[CR],2576886578
F,40616,13634,3860,33[CR],2576887015
A,34780,40476,3874,30[CR],2576887343
F,39896,13578,3888,36[CR],2576887781
C,13683,796,3901,39[CR],2576888109
F,34620,13579,3915,38[CR],2576888546
C,13370,814,3929,36[CR],2576888984
F,35248,13549,3943,36[CR],2576889312
C,13289,836,3957,35[CR],2576889750
F,36236,13539,3971,34[CR],2576890078
C,13282,824,3985,34[CR],2576890515
F,36756,13551,3999,33[CR],2576890843
C,13279,828,4012,33[CR],2576891281
F,37204,13551,4026,31[CR],2576891718
C,13269,832,4040,39[CR],2576892046
F,37552,13526,4054,38[CR],2576892484
C,13255,834,4068,36[CR],2576892812
F,38040,13461,4082,36[CR],2576893250
A,34772,38096,4096,35[CR],2576893578
F,37944,13493,4110,33[CR],2576894015
C,13286,836,4123,33[CR],2576894453
F,37860,13537,4137,33[CR],2576894781
C,13265,830,4151,32[CR],2576895218
F,38388,13531,4165,30[CR],2576895546
C,13280,832,4179,39[CR],2576895984
F,38796,13522,4193,36[CR],2576896312
C,13342,830,4207,36[CR],2576896750
F,39612,13530,4221,36[CR],2576897187
C,13350,840,4234,34[CR],2576897515
F,40144,13538,4248,34[CR],2576897953
C,13339,836,4262,33[CR],2576898281
F,40272,13538,4276,33[CR],2576898718
C,13297,864,4290,33[CR],2576899046
F,40132,13531,4303,34[CR],2576899484
A,34780,40332,4318,38[CR],2576899921
F,40432,13554,4331,36[CR],2576900250
C,13307,884,4345,36[CR],2576900687
F,40688,13571,4359,36[CR],2576901046
C,13321,886,4373,35[CR],2576901453
F,41176,13600,4387,35[CR],2576901781
C,13346,880,4401,33[CR],2576902218
F,41392,13599,4415,33[CR],2576902656
C,13349,892,4428,33[CR],2576902984
F,41488,13578,4442,29[CR],2576903421
C,13326,894,4456,39[CR],2576903750
F,40452,13558,4470,38[CR],2576904187
C,13286,896,4484,38[CR],2576904515
F,39860,13548,4498,36[CR],2576904953
C,13279,894,4511,36[CR],2576905390
F,40012,13548,4525,34[CR],2576905718
A,34752,40148,4539,34[CR],2576906156
F,40200,13557,4553,34[CR],2576906484
C,13278,898,4567,33[CR],2576906921
F,40108,13564,4580,31[CR],2576907250
C,13257,904,4594,35[CR],2576907687
F,40324,13567,4608,39[CR],2576908125
C,13303,900,4622,36[CR],2576908453
F,40640,13570,4636,38[CR],2576908890
C,13329,900,4650,36[CR],2576909218
F,41104,13580,4664,34[CR],2576909656
C,13358,910,4677,34[CR],2576909984
F,41512,13577,4691,33[CR],2576910421
C,13365,896,4705,32[CR],2576910859
F,41920,13581,4719,32[CR],2576911187
C,13360,902,4733,39[CR],2576911625
F,42008,13579,4747,38[CR],2576911953
A,34692,42056,4761,36[CR],2576912390
F,41896,13582,4775,36[CR],2576912718
C,13339,908,4788,35[CR],2576913156
F,42192,13594,4802,34[CR],2576913593
C,13351,910,4816,34[CR],2576913921
F,42144,13603,4830,32[CR],2576914359
C,13352,916,4843,33[CR],2576914687
F,42232,13611,4857,32[CR],2576915125
C,13357,920,4871,31[CR],2576915453
F,42056,13605,4885,39[CR],2576915890
C,13344,930,4899,39[CR],2576916328
F,41920,13598,4913,36[CR],2576916656
C,13321,936,4927,36[CR],2576917093
F,41944,13607,4941,34[CR],2576917421
C,13324,936,4955,33[CR],2576917859
F,42144,13611,4968,33[CR],2576918187
A,34664,42352,4982,33[CR],2576918625
F,42296,13615,4996,34[CR],2576919062
C,13377,976,5010,29[CR],2576919390
F,42144,13611,5024,39[CR],2576919828
C,13329,976,5038,38[CR],2576920156
F,42192,13611,5051,38[CR],2576920593
C,13374,976,5065,36[CR],2576920921
F,42056,13559,5079,36[CR],2576921359
C,13344,980,5093,35[CR],2576921796
F,41392,13577,5107,34[CR],2576922125
C,13338,986,5121,33[CR],2576922562
F,41256,13568,5134,33[CR],2576922890
C,13350,980,5148,29[CR],2576923328
F,41984,13590,5162,33[CR],2576923656
C,13353,986,5176,38[CR],2576924093
F,42128,13587,5190,36[CR],2576924531
A,34644,42168,5204,36[CR],2576924859
F,42392,13592,5218,35[CR],2576925296
C,13361,990,5231,35[CR],2576925625
F,42744,13607,5245,34[CR],2576926062
C,13377,988,5259,33[CR],2576926390
F,42272,13585,5273,33[CR],2576926828
C,13327,980,5286,31[CR],2576927281
F,42152,13579,5300,39[CR],2576927609
C,13332,986,5314,39[CR],2576928046
F,42384,13570,5328,38[CR],2576928375
C,13346,986,5342,38[CR],2576928812
F,42352,13565,5356,36[CR],2576929140
C,13350,994,5370,35[CR],2576929578
F,42224,13578,5384,35[CR],2576929906
C,13330,994,5398,33[CR],2576930343
F,41720,13563,5412,34[CR],2576930781
A,34664,42032,5425,32[CR],2576931109
F,41952,13563,5439,38[CR],2576931453
C,13293,1022,5453,39[CR],2576931875
F,42192,13559,5468,36[CR],2576932312
C,13310,1038,5482,38[CR],2576932640
F,43024,13545,5496,36[CR],2576933078
C,13336,1022,5509,34[CR],2576933515
F,43216,13543,5523,34[CR],2576933843
C,13363,1040,5537,33[CR],2576934281
F,43064,13538,5551,33[CR],2576934609
C,13335,1052,5565,30[CR],2576935046
F,42608,13510,5579,39[CR],2576935484
C,13337,1032,5592,38[CR],2576935812
F,42296,13531,5607,36[CR],2576936250
C,13384,1062,5620,36[CR],2576936578
F,43064,13524,5634,36[CR],2576937015
A,34628,42384,5648,35[CR],2576937343
F,42512,13505,5662,34[CR],2576937781
C,13291,1052,5676,33[CR],2576938218
F,41768,13517,5690,34[CR],2576938578
C,13342,1046,5703,29[CR],2576938984
F,43200,13567,5717,36[CR],2576939312
C,13365,1058,5726,17[CR],2576939750
F,43912,13419,5726,2[CR],2576940078
C,13276,1078,5726,1[CR],2576940515
F,41752,13238,5726,0[CR],2576940953
C,13196,1070,5726,0[CR],2576941281
F,41088,13217,5727,0[CR],2576941718
C,13174,1074,5727,0[CR],2576942046
F,40744,13184,5727,0[CR],2576942500
C,13147,1078,5727,0[CR],2576942828
F,40460,13201,5727,0[CR],2576943265
A,34612,40340,5727,0[CR],2576943593
F,40240,13172,5727,0[CR],2576944031
C,13126,1078,5727,0[CR],2576944468
F,40044,13166,5727,0[CR],2576944796
C,13088,1078,5727,0[CR],2576945234
F,39576,13080,5727,0[CR],2576945671
Z,0,0,5727,0[CR],2576945781
Q,12925,44384,5727,0[CR],2576946218
Z,0,0,5727,0[CR],2576946765
Z,0,0,5727,0[CR],2576947312
Z,0,0,5727,0[CR],2576947750
Z,0,0,5727,0[CR],2576948296
Z,0,0,5727,0[CR],2576948734
Z,0,0,5727,0[CR],2576949281
Z,0,0,5727,0[CR],2576949718
Z,0,0,5727,0[CR],2576950265
Z,0,0,5727,0[CR],2576950812
Z,0,0,5727,0[CR],2576951250
Z,0,0,5727,0[CR],2576951796
Z,0,0,5727,0[CR],2576952234
Z,0,0,5727,0[CR],2576952781
Z,0,0,5727,0[CR],2576953328
Z,0,0,5727,0[CR],2576953765
Z,0,0,5727,0[CR],2576954312
Z,0,0,5727,0[CR],2576954750
Z,0,0,5727,0[CR],2576955296
Z,0,0,5727,0[CR],2576955843
Z,0,0,5727,0[CR],2576956281
Z,0,0,5727,0[CR],2576956828
Z,0,0,5727,0[CR],2576957265
Z,0,0,5727,0[CR],2576957812
Z,0,0,5727,0[CR],2576958359
Z,0,0,5727,0[CR],2576958796
Z,0,0,5727,0[CR],2576959343
Z,0,0,5727,0[CR],2576959781
Z,0,0,5727,0[CR],2576960328
Z,0,0,5727,0[CR],2576960765
Z,0,0,5727,0[CR],2576961312
Z,0,0,5727,0[CR],2576961859
Z,0,0,5727,0[CR],2576962296
Z,0,0,5727,0[CR],2576962843
Z,0,0,5727,0[CR],2576963281
Z,0,0,5727,0[CR],2576963828
Z,0,0,5727,0[CR],2576964265
Z,0,0,5727,0[CR],2576964812
Z,0,0,5727,0[CR],2576965359
Z,0,0,5727,0[CR],2576965796
Z,0,0,5727,0[CR],2576966343
Z,0,0,5727,60[CR],2576966781
Z,0,0,5742,38[CR],2576967328
Z,0,0,5746,4[CR],2576967484
C,13055,1078,5746,2[CR],2576967875
F,39512,13150,5746,1[CR],2576968203
A,34524,39172,5746,0[CR],2576968640
F,39096,13138,5746,0[CR],2576969078
C,13115,1082,5746,0[CR],2576969406
F,39000,13135,5746,0[CR],2576969843
C,13100,1076,5746,0[CR],2576970171
F,38948,13129,5746,0[CR],2576970609
C,13090,1078,5751,5[CR],2576970937
F,40640,13299,5754,6[CR],2576971375
C,13314,1086,5754,1[CR],2576971812
F,41944,13234,5754,1[CR],2576972140
C,13229,1070,5754,0[CR],2576972578
F,41552,13220,5754,0[CR],2576972906
C,13193,1076,5754,0[CR],2576973343
F,41128,13192,5754,0[CR],2576973671
C,13161,1088,5754,0[CR],2576974109
F,40868,13185,5754,0[CR],2576974546
A,34520,40724,5763,36[CR],2576974875
F,41360,13355,5775,39[CR],2576975312
C,13357,1074,5789,38[CR],2576975640
F,42824,13527,5803,38[CR],2576976078
C,13308,1080,5817,36[CR],2576976406
F,42944,13483,5831,35[CR],2576976843
C,13279,1080,5845,35[CR],2576977171
F,42856,13465,5858,34[CR],2576977609
C,13264,1078,5872,33[CR],2576978046
F,42760,13490,5886,33[CR],2576978375
C,13333,1082,5900,33[CR],2576978812
F,43792,13462,5914,39[CR],2576979140
C,13300,1080,5928,39[CR],2576979578
F,42992,13435,5942,38[CR],2576980015
C,13333,1080,5956,36[CR],2576980343
F,43352,13421,5969,33[CR],2576980781
A,34512,43104,5983,35[CR],2576981109
F,42560,13404,5997,34[CR],2576981546
C,13256,1074,6011,33[CR],2576981875
F,42504,13377,6024,32[CR],2576982312
C,13287,1086,6038,30[CR],2576982750
F,43832,13407,6052,38[CR],2576983078
C,13246,1088,6066,39[CR],2576983515
F,43272,13390,6080,36[CR],2576983843
C,13282,1108,6094,36[CR],2576984281
F,43968,13356,6108,36[CR],2576984609
C,13280,1090,6122,34[CR],2576985046
F,43984,13347,6136,33[CR],2576985484
C,13267,1116,6150,32[CR],2576985812
F,44464,13325,6164,35[CR],2576986250
C,13285,1144,6178,31[CR],2576986578
F,45104,13316,6192,38[CR],2576987015
A,34436,44432,6206,36[CR],2576987343
F,44256,13297,6220,36[CR],2576987734
C,13278,1140,6234,35[CR],2576988218
F,43736,13284,6248,35[CR],2576988546
C,13292,1138,6261,34[CR],2576988984
F,43840,13305,6276,34[CR],2576989312
C,13233,1144,6289,34[CR],2576989750
F,43176,13322,6303,32[CR],2576990078
C,13289,1146,6317,39[CR],2576990515
F,44304,13304,6331,38[CR],2576990953
C,13326,1144,6345,36[CR],2576991281
F,44248,13266,6359,36[CR],2576991718
C,13322,1144,6373,35[CR],2576992046
F,43856,13300,6387,35[CR],2576992484
C,13313,1144,6401,32[CR],2576992812
F,44528,13348,6414,33[CR],2576993250
A,34428,45280,6428,32[CR],2576993687
F,45416,13329,6442,28[CR],2576994015
C,13346,1136,6456,39[CR],2576994453
F,44720,13330,6470,38[CR],2576994781
C,13348,1148,6484,38[CR],2576995218
F,44048,13281,6498,36[CR],2576995546
C,13311,1144,6512,35[CR],2576995984
F,44480,13264,6526,35[CR],2576996421
C,13311,1154,6539,34[CR],2576996750
F,44312,13291,6553,34[CR],2576997187
C,13305,1138,6567,33[CR],2576997515
F,43616,13296,6581,31[CR],2576997953
C,13297,1148,6595,34[CR],2576998281
F,42968,13305,6609,38[CR],2576998718
C,13334,1156,6623,36[CR],2576999156
F,43464,13317,6637,36[CR],2576999484
A,34428,43376,6651,35[CR],2576999921
F,43632,13257,6664,35[CR],2577000250
C,13261,1194,6678,34[CR],2577000687
F,43568,13264,6692,35[CR],2577001015
C,13283,1180,6706,33[CR],2577001453
F,43808,13265,6720,34[CR],2577001890
C,13304,1208,6734,39[CR],2577002218
F,44352,13253,6748,38[CR],2577002656
C,13315,1212,6762,36[CR],2577002984
F,43856,13250,6776,36[CR],2577003421
C,13344,1208,6790,35[CR],2577003750
F,43496,13236,6803,33[CR],2577004187
C,13309,1206,6817,33[CR],2577004625
F,44872,13253,6831,33[CR],2577004953
C,13333,1214,6845,33[CR],2577005390
F,44640,13249,6859,38[CR],2577005718
A,34372,44216,6873,39[CR],2577006156
F,44504,13266,6886,39[CR],2577006484
C,13311,1210,6900,38[CR],2577006921
F,44104,13254,6914,36[CR],2577007359
C,13297,1210,6928,35[CR],2577007687
F,44288,13268,6942,34[CR],2577008125
C,13309,1222,6956,34[CR],2577008453
F,43736,13243,6970,33[CR],2577008890
C,13311,1214,6984,31[CR],2577009218
F,44432,13322,6998,39[CR],2577009656
C,13345,1214,7012,39[CR],2577010093
F,45520,13255,7026,38[CR],2577010421
C,13328,1228,7040,36[CR],2577010859
F,44280,13201,7054,36[CR],2577011187
C,13279,1234,7067,34[CR],2577011625
F,44184,13185,7081,35[CR],2577011953
A,34392,44384,7095,33[CR],2577012390
F,44456,13196,7109,34[CR],2577012828
C,13302,1240,7123,32[CR],2577013156
F,44632,13225,7137,38[CR],2577013593
C,13303,1244,7151,38[CR],2577013921
F,44816,13259,7165,36[CR],2577014359
C,13251,1234,7179,36[CR],2577014687
F,44144,13234,7193,36[CR],2577015125
C,13287,1236,7206,35[CR],2577015562
F,45072,13203,7220,34[CR],2577015890
C,13301,1242,7234,33[CR],2577016328
F,44760,13203,7248,33[CR],2577016656
C,13303,1244,7261,30[CR],2577017093
F,44320,13163,7276,39[CR],2577017421
C,13317,1234,7289,38[CR],2577017859
F,43984,13147,7303,38[CR],2577018296
A,34388,43992,7317,36[CR],2577018625
F,44200,13169,7331,36[CR],2577019062
C,13340,1256,7345,35[CR],2577019390
F,45640,13214,7359,34[CR],2577019828
C,13318,1258,7373,34[CR],2577020156
F,45952,13214,7387,33[CR],2577020593
C,13323,1262,7400,31[CR],2577021031
F,44688,13219,7414,33[CR],2577021359
C,13381,1304,7428,38[CR],2577021796
F,44032,13158,7442,38[CR],2577022125
C,13320,1280,7456,36[CR],2577022562
F,45328,13213,7470,36[CR],2577022890
C,13350,1284,7484,35[CR],2577023328
F,45720,13204,7498,35[CR],2577023765
C,13385,1268,7512,34[CR],2577024093
F,45464,13162,7525,33[CR],2577024531
A,34368,44912,7539,29[CR],2577024859
F,45040,13206,7553,39[CR],2577025390
C,13355,1300,7567,39[CR],2577025625
F,45272,13203,7581,36[CR],2577026062
C,13355,1300,7595,36[CR],2577026500
F,45776,13213,7609,36[CR],2577026828
C,13375,1298,7623,35[CR],2577027265
F,46832,13247,7637,35[CR],2577027593
C,13381,1308,7651,34[CR],2577028031
F,46384,13237,7664,34[CR],2577028359
C,13366,1300,7678,28[CR],2577028796
F,45176,13206,7692,30[CR],2577029125
C,13373,1308,7706,38[CR],2577029562
F,45888,13230,7720,38[CR],2577030000
C,13360,1306,7725,9[CR],2577030328
F,45760,13152,7727,3[CR],2577030765
A,34340,44512,7727,1[CR],2577031093
F,44064,13108,7727,0[CR],2577031531
C,13150,1310,7727,0[CR],2577031859
F,43144,13087,7727,0[CR],2577032296
C,13120,1306,7727,0[CR],2577032734
F,42688,13083,7727,0[CR],2577033062
C,13111,1324,7727,0[CR],2577033500
F,42352,13072,7727,0[CR],2577033828
C,13121,1298,7727,0[CR],2577034265
F,42224,13069,7727,0[CR],2577034703
Z,0,0,7727,0[CR],2577035250
Z,0,0,7727,0[CR],2577035796
Z,0,0,7727,0[CR],2577036234
Z,0,0,7727,0[CR],2577036781
Z,0,0,7727,0[CR],2577037218
Z,0,0,7727,0[CR],2577037765
Z,0,0,7727,0[CR],2577038312
Z,0,0,7727,0[CR],2577038750
Z,0,0,7727,0[CR],2577039296
Z,0,0,7727,0[CR],2577039734
Z,0,0,7727,0[CR],2577040281
Z,0,0,7727,0[CR],2577040718
Z,0,0,7727,0[CR],2577041265
Z,0,0,7727,0[CR],2577041812
Z,0,0,7727,0[CR],2577042250
Z,0,0,7727,0[CR],2577042796
Z,0,0,7727,0[CR],2577043234
Z,0,0,7727,0[CR],2577043781
Z,0,0,7727,0[CR],2577044328
Z,0,0,7727,0[CR],2577044765
Z,0,0,7727,0[CR],2577045312
Z,0,0,7727,0[CR],2577045750
Z,0,0,7727,0[CR],2577046296
Z,0,0,7727,0[CR],2577046734
Z,0,0,7727,0[CR],2577047281
Z,0,0,7727,0[CR],2577047828
Z,0,0,7727,0[CR],2577048265
Z,0,0,7727,0[CR],2577048812
Z,0,0,7727,0[CR],2577049250
Z,0,0,7727,0[CR],2577049796
Z,0,0,7727,0[CR],2577050234
Z,0,0,7727,0[CR],2577050781
Z,0,0,7727,0[CR],2577051328
Z,0,0,7727,0[CR],2577051765
Z,0,0,7727,0[CR],2577052312
Z,0,0,7727,0[CR],2577052750
Z,0,0,7727,0[CR],2577053296
Z,0,0,7727,0[CR],2577053734
Z,0,0,7727,0[CR],2577054281
Z,0,0,7727,0[CR],2577054828
Z,0,0,7727,18[CR],2577055265
Z,0,0,7727,31[CR],2577055812
Z,0,0,7735,32[CR],2577056140
F,39792,13000,7742,14[CR],2577056468
C,12937,1320,7743,3[CR],2577056906
F,41096,13079,7743,1[CR],2577057343
C,13100,1326,7743,0[CR],2577057671
F,40976,13056,7743,0[CR],2577058109
C,13072,1330,7743,0[CR],2577058437
F,40816,13052,7743,0[CR],2577058875
C,13059,1326,7743,0[CR],2577059203
F,40704,13048,7743,0[CR],2577059640
C,13050,1316,7743,0[CR],2577060078
F,40608,13046,7745,6[CR],2577060406
C,13084,1324,7747,4[CR],2577060843
F,42928,13141,7747,1[CR],2577061171
C,13197,1322,7747,0[CR],2577061625
F,42632,13095,7747,0[CR],2577061953
A,34276,42472,7747,0[CR],2577062390
F,42456,13099,7747,0[CR],2577062734
C,13153,1318,7747,0[CR],2577063156
F,42408,13098,7747,0[CR],2577063593
C,13143,1318,7747,0[CR],2577063921
F,42200,13087,7750,20[CR],2577064359
C,13114,1312,7760,32[CR],2577064687
F,43624,13266,7773,32[CR],2577065125
C,13290,1322,7787,38[CR],2577065562
F,45256,13258,7801,38[CR],2577065890
C,13336,1320,7815,38[CR],2577066328
F,46072,13235,7829,38[CR],2577066656
C,13351,1316,7843,35[CR],2577067093
F,45568,13213,7856,34[CR],2577067421
C,13354,1350,7870,34[CR],2577067859
F,46056,13206,7884,34[CR],2577068296
A,34264,46632,7898,32[CR],2577068625
F,46056,13237,7911,33[CR],2577069062
C,13381,1368,7926,33[CR],2577069390
F,45496,13197,7940,39[CR],2577069828
C,13324,1348,7954,36[CR],2577070156
F,45504,13223,7968,36[CR],2577070593
C,13320,1368,7981,35[CR],2577070921
F,45248,13195,7995,34[CR],2577071359
C,13302,1360,8009,34[CR],2577071796
F,45528,13225,8023,32[CR],2577072125
C,13344,1378,8037,33[CR],2577072562
F,46680,13228,8051,31[CR],2577072890
C,13442,1398,8064,38[CR],2577073328
F,46264,13227,8079,39[CR],2577073765
C,13360,1390,8093,36[CR],2577074093
F,46536,13232,8107,36[CR],2577074531
A,34248,47816,8121,34[CR],2577074859
F,47600,13238,8135,35[CR],2577075296
C,13390,1400,8148,32[CR],2577075625
F,46384,13191,8162,33[CR],2577076062
C,13358,1390,8176,34[CR],2577076500
F,46680,13191,8190,30[CR],2577076828
C,13426,1392,8204,39[CR],2577077265
F,47056,13247,8218,38[CR],2577077593
C,13419,1394,8232,38[CR],2577078031
F,46264,13234,8246,36[CR],2577078359
C,13442,1396,8260,35[CR],2577078796
F,46816,13248,8274,35[CR],2577079234
C,13377,1392,8288,34[CR],2577079562
F,46072,13204,8302,34[CR],2577080000
C,13348,1390,8315,32[CR],2577080328
F,46504,13225,8329,33[CR],2577080765
A,34188,46744,8343,39[CR],2577081093
F,46808,13242,8357,38[CR],2577081484
C,13330,1390,8372,36[CR],2577081968
F,46816,13261,8385,35[CR],2577082296
C,13365,1384,8399,34[CR],2577082734
F,47096,13278,8413,34[CR],2577083062
C,13371,1396,8427,33[CR],2577083500
F,47464,13268,8441,35[CR],2577083828
C,13386,1382,8455,32[CR],2577084265
F,46160,13202,8468,38[CR],2577084703
C,13397,1396,8483,39[CR],2577085031
F,45368,13188,8497,38[CR],2577085468
C,13398,1392,8511,36[CR],2577085796
F,47096,13216,8524,35[CR],2577086234
C,13440,1394,8538,35[CR],2577086562
F,47824,13262,8552,34[CR],2577087000
A,34176,47208,8566,33[CR],2577087437
F,47016,13232,8580,33[CR],2577087765
C,13396,1400,8594,31[CR],2577088203
F,47624,13250,8607,39[CR],2577088531
C,13449,1404,8622,36[CR],2577088968
F,48288,13257,8636,36[CR],2577089296
C,13449,1392,8650,35[CR],2577089734
F,48168,13250,8663,35[CR],2577090171
C,13429,1396,8677,35[CR],2577090500
F,47968,13225,8691,34[CR],2577090937
C,13443,1418,8705,33[CR],2577091265
F,48088,13274,8718,32[CR],2577091703
C,13452,1428,8732,38[CR],2577092031
F,48824,13218,8746,39[CR],2577092468
C,13431,1410,8760,36[CR],2577092906
F,48216,13226,8775,38[CR],2577093234
A,34208,47552,8788,35[CR],2577093671
F,46968,13195,8803,34[CR],2577094000
C,13381,1440,8816,33[CR],2577094437
F,46256,13221,8830,33[CR],2577094765
C,13403,1460,8844,34[CR],2577095203
F,48192,13244,8857,33[CR],2577095640
C,13386,1452,8871,32[CR],2577095968
F,48232,13200,8885,39[CR],2577096406
C,13371,1430,8899,39[CR],2577096734
F,47960,13227,8913,38[CR],2577097171
C,13425,1440,8927,36[CR],2577097500
F,47376,13216,8941,35[CR],2577097937
C,13440,1448,8955,32[CR],2577098375
F,46128,13166,8969,33[CR],2577098703
C,13407,1460,8982,33[CR],2577099140
F,47440,13196,8996,34[CR],2577099468
A,34144,47056,9010,38[CR],2577099906
F,46632,13191,9024,39[CR],2577100234
C,13390,1460,9038,38[CR],2577100671
F,47496,13221,9052,36[CR],2577101109
C,13446,1470,9066,36[CR],2577101437
F,48200,13240,9080,35[CR],2577101875
C,13443,1468,9093,34[CR],2577102203
F,47472,13215,9107,33[CR],2577102640
C,13504,1456,9121,34[CR],2577102968
F,47104,13179,9135,33[CR],2577103406
C,13410,1460,9149,29[CR],2577103843
F,47408,13226,9163,38[CR],2577104171
C,13434,1454,9176,38[CR],2577104609
F,49080,13241,9190,38[CR],2577104937
C,13440,1462,9204,36[CR],2577105375
F,48496,13217,9218,35[CR],2577105703
A,34168,47608,9232,34[CR],2577106140
F,46824,13203,9246,34[CR],2577106578
C,13365,1458,9260,33[CR],2577106906
F,45536,13241,9273,31[CR],2577107343
C,13375,1458,9287,30[CR],2577107671
F,45824,13215,9301,39[CR],2577108109
C,13408,1474,9315,38[CR],2577108437
F,48448,13231,9329,38[CR],2577108875
C,13443,1462,9343,36[CR],2577109312
F,48856,13277,9357,36[CR],2577109640
C,13445,1474,9371,35[CR],2577110078
F,48856,13224,9384,34[CR],2577110406
C,13419,1476,9398,33[CR],2577110843
F,47152,13175,9412,33[CR],2577111171
C,13408,1466,9426,32[CR],2577111609
F,47320,13190,9439,36[CR],2577112046
A,34112,47784,9453,39[CR],2577112375
F,48128,13245,9467,38[CR],2577112812
C,13483,1478,9481,36[CR],2577113140
F,49496,13255,9495,36[CR],2577113578
C,13469,1466,9509,35[CR],2577113906
F,48776,13239,9523,34[CR],2577114343
C,13465,1512,9537,34[CR],2577114781
F,48072,13244,9550,34[CR],2577115109
C,13455,1512,9564,31[CR],2577115546
F,48464,13250,9578,29[CR],2577115875
C,13427,1520,9592,38[CR],2577116312
F,48288,13255,9606,36[CR],2577116640
C,13473,1540,9620,36[CR],2577117078
F,50072,13281,9633,36[CR],2577117406
C,13493,1522,9647,35[CR],2577117843
F,49344,13239,9661,35[CR],2577118281
A,34128,48384,9675,34[CR],2577118609
F,48464,13188,9689,34[CR],2577118968
C,13514,1534,9702,32[CR],2577119375
F,48464,13228,9716,27[CR],2577119812
C,13487,1534,9723,4[CR],2577120140
F,48968,13175,9726,7[CR],2577120578
C,13382,1550,9727,2[CR],2577121015
F,47368,13139,9727,1[CR],2577121343
C,13273,1534,9727,0[CR],2577121781
F,44896,13103,9727,0[CR],2577122109
C,13225,1530,9727,0[CR],2577122546
F,44176,13108,9727,0[CR],2577122875
C,13235,1542,9727,0[CR],2577123312
F,44048,13089,9727,0[CR],2577123765
C,13196,1532,9727,0[CR],2577124093
F,43640,13086,9727,0[CR],2577124531
A,34096,43448,9727,0[CR],2577124859
F,43368,13082,9727,0[CR],2577125406
Z,0,0,9727,0[CR],2577125843
Z,0,0,9727,0[CR],2577126390
Z,0,0,9727,0[CR],2577126937
Z,0,0,9727,0[CR],2577127375
Z,0,0,9727,0[CR],2577127921
Z,0,0,9727,0[CR],2577128359
Z,0,0,9727,0[CR],2577128906
Z,0,0,9727,0[CR],2577129453
Z,0,0,9727,0[CR],2577129890
Z,0,0,9727,0[CR],2577130437
Z,0,0,9727,0[CR],2577130875
Z,0,0,9727,0[CR],2577131421
Z,0,0,9727,0[CR],2577131968
Z,0,0,9727,0[CR],2577132406
Z,0,0,9727,0[CR],2577132953
Z,0,0,9727,0[CR],2577133390
Z,0,0,9727,0[CR],2577133937
Z,0,0,9727,0[CR],2577134375
Z,0,0,9727,0[CR],2577134921
Z,0,0,9727,0[CR],2577135468
Z,0,0,9727,0[CR],2577135906
Z,0,0,9727,0[CR],2577136453
Z,0,0,9727,0[CR],2577136890
Z,0,0,9727,0[CR],2577137437
Z,0,0,9727,0[CR],2577137875
Z,0,0,9727,0[CR],2577138421
Z,0,0,9727,0[CR],2577138968
Z,0,0,9727,0[CR],2577139406
Z,0,0,9727,0[CR],2577139953
Z,0,0,9727,0[CR],2577140390
Z,0,0,9727,0[CR],2577140937
Z,0,0,9727,0[CR],2577141375
Z,0,0,9727,0[CR],2577141921
Z,0,0,9727,0[CR],2577142468
Z,0,0,9727,0[CR],2577142906
Z,0,0,9727,0[CR],2577143453
Z,0,0,9727,0[CR],2577143890
Z,0,0,9727,0[CR],2577144437
Z,0,0,9727,0[CR],2577144984
Z,0,0,9727,0[CR],2577145421
Z,0,0,9727,0[CR],2577145968
Z,0,0,9727,35[CR],2577146406
Z,0,0,9727,36[CR],2577146953
Z,0,0,9727,35[CR],2577147390
Z,0,0,9727,32[CR],2577147937
Z,0,0,9727,36[CR],2577148375
F,41696,13039,9739,22[CR],2577148703
C,13022,1544,9743,5[CR],2577149140
F,42336,13099,9745,4[CR],2577149468
A,34052,43712,9745,1[CR],2577149906
F,43672,13099,9745,0[CR],2577150234
C,13225,1520,9745,0[CR],2577150671
F,43032,13090,9745,0[CR],2577151109
C,13190,1496,9745,0[CR],2577151437
F,42816,13086,9745,0[CR],2577151875
C,13176,1504,9745,0[CR],2577152203
F,42664,13083,9745,0[CR],2577152640
C,13165,1512,9745,0[CR],2577152968
F,42568,13080,9748,3[CR],2577153406
C,13540,1532,9750,4[CR],2577153843
F,45904,13183,9751,4[CR],2577154171
C,13350,1518,9752,2[CR],2577154609
F,46960,13185,9752,1[CR],2577154937
C,13241,1512,9752,0[CR],2577155375
F,44832,13126,9753,0[CR],2577155703
A,34052,43872,9753,0[CR],2577156140
F,43688,13108,9753,0[CR],2577156578
C,13141,1514,9753,0[CR],2577156906
F,43448,13100,9753,0[CR],2577157343
C,13128,1520,9757,24[CR],2577157671
F,43336,13241,9770,35[CR],2577158109
C,13491,1500,9784,33[CR],2577158437
F,49248,13276,9798,33[CR],2577158875
C,13525,1522,9811,31[CR],2577159312
F,50080,13275,9825,39[CR],2577159640
C,13508,1516,9839,38[CR],2577160078
F,49728,13316,9853,38[CR],2577160406
C,13507,1536,9867,36[CR],2577160843
F,48992,13240,9881,35[CR],2577161171
C,13416,1548,9895,34[CR],2577161609
F,47672,13284,9909,34[CR],2577161937
A,34036,49504,9922,33[CR],2577162375
F,49592,13289,9936,34[CR],2577162812
C,13473,1544,9950,31[CR],2577163140
F,50288,13287,9964,36[CR],2577163578
C,13481,1540,9978,39[CR],2577163906
F,49896,13267,9992,38[CR],2577164343
C,13481,1550,10006,36[CR],2577164671
F,49528,13287,10020,36[CR],2577165109
C,13516,1550,10033,35[CR],2577165546
F,48784,13239,10047,33[CR],2577165875
C,13447,1550,10061,34[CR],2577166312
F,49344,13288,10075,34[CR],2577166640
C,13469,1550,10089,31[CR],2577167078
F,49688,13272,10103,39[CR],2577167406
C,13472,1546,10117,38[CR],2577167843
F,49232,13261,10131,38[CR],2577168281
A,34040,49792,10145,36[CR],2577168609
F,49832,13309,10159,35[CR],2577169046
C,13472,1556,10172,34[CR],2577169375
F,50104,13318,10186,33[CR],2577169812
C,13454,1550,10200,33[CR],2577170140
F,49328,13224,10214,34[CR],2577170578
C,13484,1550,10227,30[CR],2577171015
F,49176,13195,10241,41[CR],2577171343
C,13531,1550,10255,38[CR],2577171781
F,49952,13251,10269,36[CR],2577172109
C,13503,1554,10283,36[CR],2577172546
F,50512,13293,10297,36[CR],2577172875
C,13540,1550,10311,35[CR],2577173312
F,51152,13315,10325,35[CR],2577173750
C,13511,1550,10339,33[CR],2577174078
F,50664,13334,10352,32[CR],2577174515
A,34020,51440,10366,29[CR],2577174843
F,50272,13331,10380,39[CR],2577175218
C,13594,1556,10394,38[CR],2577175609
F,51784,13322,10408,38[CR],2577176046
C,13547,1556,10422,36[CR],2577176484
F,50968,13262,10436,36[CR],2577176812
C,13558,1566,10450,35[CR],2577177250
F,50432,13219,10464,34[CR],2577177578
C,13492,1560,10477,33[CR],2577178015
F,48872,13223,10491,33[CR],2577178343
C,13453,1562,10505,32[CR],2577178781
F,49712,13239,10519,39[CR],2577179218
C,13510,1570,10533,38[CR],2577179546
F,50432,13277,10547,36[CR],2577179984
C,13555,1580,10561,36[CR],2577180312
F,49288,13256,10575,35[CR],2577180750
A,34008,50312,10589,34[CR],2577181078
F,50904,13277,10602,33[CR],2577181515
C,13502,1618,10616,33[CR],2577181953
F,50992,13237,10630,32[CR],2577182281
C,13481,1624,10644,34[CR],2577182718
F,50568,13220,10658,39[CR],2577183046
C,13496,1624,10672,38[CR],2577183484
F,49424,13198,10686,36[CR],2577183812
C,13494,1624,10700,36[CR],2577184250
F,50664,13282,10714,35[CR],2577184687
C,13515,1624,10727,33[CR],2577185015
F,50760,13275,10741,34[CR],2577185453
C,13525,1628,10755,33[CR],2577185781
F,51208,13290,10769,31[CR],2577186218
C,13580,1648,10783,41[CR],2577186546
F,50984,13285,10797,38[CR],2577186984
A,34028,51136,10811,38[CR],2577187421
F,50624,13286,10825,36[CR],2577187750
C,13567,1630,10839,36[CR],2577188187
F,51240,13295,10853,35[CR],2577188515
C,13550,1632,10867,34[CR],2577188953
F,51208,13296,10881,32[CR],2577189281
C,13478,1634,10894,33[CR],2577189718
F,50248,13334,10908,30[CR],2577190156
C,13510,1624,10922,33[CR],2577190484
F,49392,13311,10936,39[CR],2577190921
C,13548,1612,10950,38[CR],2577191250
F,51600,13307,10964,36[CR],2577191687
C,13491,1620,10978,36[CR],2577192015
F,50480,13284,10992,35[CR],2577192453
C,13449,1622,11006,34[CR],2577192890
F,50288,13295,11020,34[CR],2577193218
A,33968,50144,11033,33[CR],2577193656
F,50648,13318,11047,33[CR],2577193984
C,13526,1612,11061,36[CR],2577194421
F,52416,13385,11075,38[CR],2577194859
C,13579,1632,11089,38[CR],2577195187
F,51792,13370,11103,38[CR],2577195625
C,13600,1614,11117,36[CR],2577195953
F,51544,13319,11131,35[CR],2577196390
C,13598,1618,11145,35[CR],2577196718
F,52936,13348,11159,33[CR],2577197156
C,13596,1608,11172,33[CR],2577197593
F,52128,13297,11186,31[CR],2577197921
C,13618,1632,11200,39[CR],2577198359
F,52256,13296,11214,38[CR],2577198687
C,13547,1652,11228,36[CR],2577199125
F,50416,13222,11242,36[CR],2577199453
A,33984,50488,11256,35[CR],2577199890
F,50984,13258,11270,35[CR],2577200328
C,13553,1682,11283,34[CR],2577200656
F,51560,13263,11297,33[CR],2577201093
C,13542,1680,11311,34[CR],2577201421
F,53392,13279,11325,30[CR],2577201859
C,13576,1670,11339,33[CR],2577202187
F,52216,13222,11353,38[CR],2577202625
C,13618,1692,11367,38[CR],2577203062
F,50880,13259,11381,38[CR],2577203390
C,13589,1704,11395,35[CR],2577203828
F,50624,13277,11409,35[CR],2577204156
C,13578,1702,11423,34[CR],2577204593
F,51744,13346,11437,34[CR],2577204921
C,13599,1698,11451,33[CR],2577205359
F,53080,13312,11465,34[CR],2577205796
A,33968,52200,11479,39[CR],2577206125
F,52024,13306,11493,36[CR],2577206562
C,13550,1704,11507,36[CR],2577206890
F,51448,13270,11521,36[CR],2577207328
C,13542,1702,11535,35[CR],2577207656
F,50584,13257,11549,34[CR],2577208093
C,13532,1706,11562,34[CR],2577208531
F,51984,13264,11576,33[CR],2577208859
C,13572,1706,11590,31[CR],2577209296
F,53496,13296,11604,39[CR],2577209625
C,13577,1702,11617,38[CR],2577210062
F,52504,13273,11632,38[CR],2577210390
C,13638,1688,11645,36[CR],2577210828
F,52352,13258,11660,35[CR],2577211265
C,13617,1690,11673,35[CR],2577211593
F,52072,13257,11687,34[CR],2577212031
A,33968,52192,11701,33[CR],2577212359
F,52672,13313,11715,32[CR],2577212750
C,13574,1692,11725,18[CR],2577213125
F,53032,13279,11727,2[CR],2577213562
C,13493,1706,11727,1[CR],2577214000
F,50960,13178,11727,1[CR],2577214328
C,13333,1714,11727,1[CR],2577214765
F,49648,13161,11727,0[CR],2577215093
C,13299,1702,11727,0[CR],2577215531
F,48992,13156,11727,0[CR],2577215859
C,13301,1706,11727,0[CR],2577216296
F,48752,13146,11727,0[CR],2577216734
C,13295,1700,11727,0[CR],2577217062
F,48640,13140,11727,0[CR],2577217500
C,13269,1690,11727,0[CR],2577217828
F,48256,13134,11727,0[CR],2577218265
A,33912,48112,11727,0[CR],2577218593
F,48040,13133,11727,0[CR],2577219031
C,13246,1710,11727,0[CR],2577219468
F,47880,13119,11727,0[CR],2577219906
Z,0,0,11727,0[CR],2577220453
Z,0,0,11727,0[CR],2577220890
Z,0,0,11727,0[CR],2577221437
Z,0,0,11727,0[CR],2577221875
Z,0,0,11727,0[CR],2577222421
Z,0,0,11727,0[CR],2577222968
Z,0,0,11727,0[CR],2577223406
Z,0,0,11727,0[CR],2577223953
Z,0,0,11727,0[CR],2577224390
Z,0,0,11727,0[CR],2577224937
Z,0,0,11727,0[CR],2577225484
Z,0,0,11727,0[CR],2577225921
Z,0,0,11727,0[CR],2577226468
Z,0,0,11727,0[CR],2577226906
Z,0,0,11727,0[CR],2577227453
Z,0,0,11727,0[CR],2577227890
Z,0,0,11727,0[CR],2577228437
Z,0,0,11727,0[CR],2577228984
Z,0,0,11727,0[CR],2577229421
Z,0,0,11727,0[CR],2577229968
Z,0,0,11727,0[CR],2577230406
Z,0,0,11727,0[CR],2577230953
Z,0,0,11727,0[CR],2577231500
Z,0,0,11727,0[CR],2577231937
Z,0,0,11727,0[CR],2577232484
Z,0,0,11727,0[CR],2577232921
Z,0,0,11727,0[CR],2577233468
Z,0,0,11727,0[CR],2577233906
Z,0,0,11727,0[CR],2577234453
Z,0,0,11727,0[CR],2577235000
Z,0,0,11727,0[CR],2577235437
Z,0,0,11727,0[CR],2577235984
Z,0,0,11727,0[CR],2577236421
Z,0,0,11727,0[CR],2577236968
Z,0,0,11727,0[CR],2577237406
Z,0,0,11727,0[CR],2577237953
Z,0,0,11727,0[CR],2577238500
Z,0,0,11727,0[CR],2577238937
Z,0,0,11727,0[CR],2577239484
Z,0,0,11727,0[CR],2577239921
Z,0,0,11727,0[CR],2577240468
Z,0,0,11727,0[CR],2577240906
Z,0,0,11727,43[CR],2577241453
Z,0,0,11727,43[CR],2577242000
Z,0,0,11738,43[CR],2577242437
Z,0,0,11745,11[CR],2577242437
C,13097,1712,11745,9[CR],2577242875
F,47808,13161,11745,2[CR],2577243203
A,33936,47984,11745,1[CR],2577243640
F,47800,13143,11745,0[CR],2577243968
C,13279,1706,11745,0[CR],2577244406
F,47512,13137,11745,0[CR],2577244843
C,13261,1706,11745,0[CR],2577245171
F,47336,13132,11745,0[CR],2577245609
C,13248,1706,11745,0[CR],2577245937
F,47192,13130,11748,10[CR],2577246375
C,13240,1708,11752,6[CR],2577246703
F,50968,13287,11753,2[CR],2577247140
C,13443,1702,11753,1[CR],2577247578
F,50040,13184,11753,1[CR],2577248015
Z,0,0,11753,0[CR],2577248343
F,49272,13163,11753,0[CR],2577248671
C,13293,1702,11753,0[CR],2577249109
F,48616,13152,11753,0[CR],2577249437
A,33932,48304,11753,0[CR],2577249875
F,48184,13146,11753,0[CR],2577250312
C,13260,1702,11758,16[CR],2577250640
F,47920,13317,11770,30[CR],2577251078
C,13547,1706,11783,33[CR],2577251406
F,51664,13323,11797,32[CR],2577251843
C,13584,1710,11811,30[CR],2577252281
F,51776,13304,11825,30[CR],2577252609
C,13568,1708,11839,39[CR],2577253046
F,53440,13284,11853,38[CR],2577253375
C,13561,1714,11867,36[CR],2577253812
F,53184,13290,11881,36[CR],2577254140
C,13584,1706,11894,35[CR],2577254578
F,53136,13291,11908,34[CR],2577255015
C,13602,1710,11922,34[CR],2577255343
F,51816,13255,11936,34[CR],2577255781
A,33892,50576,11950,35[CR],2577256109
F,51168,13278,11964,41[CR],2577256546
C,13530,1686,11979,38[CR],2577256875
F,51384,13285,11992,38[CR],2577257312
C,13555,1694,12006,35[CR],2577257750
F,53464,13328,12020,35[CR],2577258078
C,13575,1702,12033,34[CR],2577258515
F,52728,13290,12047,34[CR],2577258843
C,13630,1694,12061,33[CR],2577259281
F,51072,13325,12075,31[CR],2577259609
C,13593,1700,12088,32[CR],2577260046
F,53824,13298,12102,38[CR],2577260375
C,13559,1698,12116,41[CR],2577260812
F,53464,13292,12130,38[CR],2577261250
C,13549,1698,12144,38[CR],2577261578
F,53536,13265,12158,35[CR],2577262015
A,33900,52640,12172,35[CR],2577262343
F,52400,13230,12186,34[CR],2577262781
C,13596,1714,12200,33[CR],2577263125
F,51344,13289,12213,34[CR],2577263562
C,13571,1718,12227,28[CR],2577264000
F,52800,13307,12241,39[CR],2577264328
C,13590,1706,12255,39[CR],2577264765
F,52736,13293,12269,36[CR],2577265093
C,13594,1694,12283,36[CR],2577265531
F,52424,13320,12296,35[CR],2577265859
C,13607,1720,12310,35[CR],2577266296
F,53016,13286,12324,35[CR],2577266734
C,13628,1716,12338,34[CR],2577267062
F,53472,13321,12352,32[CR],2577267500
C,13625,1752,12366,33[CR],2577267828
F,53992,13331,12379,33[CR],2577268265
A,33892,54392,12394,38[CR],2577268593
F,54248,13310,12407,38[CR],2577269062
C,13631,1760,12421,36[CR],2577269468
F,52704,13261,12435,35[CR],2577269796
C,13613,1764,12449,36[CR],2577270234
F,52840,13302,12463,34[CR],2577270562
C,13571,1748,12477,33[CR],2577271000
F,53064,13312,12490,32[CR],2577271328
C,13669,1762,12504,32[CR],2577271765
F,54744,13310,12518,28[CR],2577272203
C,13767,1778,12532,41[CR],2577272531
F,53912,13332,12546,38[CR],2577272968
C,13623,1774,12560,36[CR],2577273296
F,53352,13325,12574,36[CR],2577273734
C,13523,1762,12588,35[CR],2577274062
F,53040,13286,12601,34[CR],2577274500
A,33884,53216,12615,34[CR],2577274937
F,53168,13274,12629,33[CR],2577275265
C,13573,1772,12643,29[CR],2577275703
F,51208,13254,12657,31[CR],2577276031
C,13586,1748,12671,41[CR],2577276468
F,52832,13328,12685,36[CR],2577276796
C,13572,1780,12698,36[CR],2577277234
F,54024,13324,12713,39[CR],2577277671
C,13640,1770,12727,35[CR],2577278000
F,52768,13327,12740,34[CR],2577278437
C,13588,1768,12753,34[CR],2577278765
F,53336,13294,12767,33[CR],2577279203
C,13601,1762,12781,32[CR],2577279531
F,53704,13342,12795,32[CR],2577279968
C,13701,1768,12809,35[CR],2577280406
F,54264,13326,12823,39[CR],2577280734
A,33876,54440,12837,38[CR],2577281171
F,54784,13352,12851,35[CR],2577281500
C,13790,1768,12864,36[CR],2577281937
F,55032,13368,12878,35[CR],2577282265
C,13836,1772,12892,34[CR],2577282703
F,54432,13328,12906,33[CR],2577283140
C,13667,1764,12920,32[CR],2577283468
F,53432,13369,12933,31[CR],2577283906
C,13662,1774,12947,34[CR],2577284234
F,54592,13346,12961,39[CR],2577284671
C,13659,1766,12975,38[CR],2577285000
F,54400,13351,12989,36[CR],2577285437
C,13625,1786,13003,36[CR],2577285765
F,54928,13381,13017,35[CR],2577286203
C,13596,1798,13031,35[CR],2577286640
F,55064,13356,13044,33[CR],2577286968
A,33884,54600,13058,34[CR],2577287406
F,54096,13369,13072,33[CR],2577287781
C,13540,1832,13086,29[CR],2577288171
F,53896,13318,13100,38[CR],2577288515
C,13629,1816,13114,38[CR],2577288937
F,54976,13302,13127,36[CR],2577289375
C,13633,1832,13141,35[CR],2577289703
F,55056,13310,13155,36[CR],2577290140
C,13660,1844,13169,35[CR],2577290468
F,54008,13284,13183,34[CR],2577290906
C,13690,1828,13197,33[CR],2577291343
F,56104,13358,13210,33[CR],2577291671
C,13716,1830,13224,31[CR],2577292109
F,56624,13373,13238,39[CR],2577292437
C,13694,1832,13252,38[CR],2577292875
F,56120,13316,13266,38[CR],2577293203
A,33892,55184,13280,36[CR],2577293640
F,54768,13291,13294,36[CR],2577294078
C,13772,1834,13308,35[CR],2577294406
F,55608,13328,13321,34[CR],2577294843
C,13694,1830,13336,35[CR],2577295171
F,56512,13323,13350,32[CR],2577295609
C,13696,1842,13364,36[CR],2577295937
F,55592,13370,13378,39[CR],2577296375
C,13759,1830,13392,36[CR],2577296812
F,56936,13345,13406,36[CR],2577297140
C,13733,1840,13419,35[CR],2577297578
F,55336,13370,13433,35[CR],2577297906
C,13748,1832,13447,34[CR],2577298343
F,56800,13355,13461,34[CR],2577298671
C,13729,1830,13475,33[CR],2577299109
F,57304,13357,13488,33[CR],2577299546
A,33872,56376,13502,29[CR],2577299875
F,55928,13317,13516,39[CR],2577300312
C,13666,1838,13530,38[CR],2577300640
F,54648,13352,13544,36[CR],2577301078
C,13740,1822,13558,36[CR],2577301406
F,57256,13366,13572,36[CR],2577301843
C,13727,1838,13585,34[CR],2577302281
F,57352,13383,13599,34[CR],2577302609
C,13647,1830,13613,34[CR],2577303046
F,55280,13331,13627,32[CR],2577303375
C,13745,1858,13640,29[CR],2577303812
F,55064,13339,13654,39[CR],2577304140
C,13625,1840,13668,38[CR],2577304578
F,54352,13364,13682,38[CR],2577305015
C,13685,1852,13696,36[CR],2577305343
F,55528,13358,13710,35[CR],2577305781
A,33824,56408,13723,31[CR],2577306109
F,56384,13362,13727,5[CR],2577306546
C,13660,1842,13727,1[CR],2577306875
F,53856,13209,13727,1[CR],2577307312
C,13499,1836,13727,0[CR],2577307750
F,52008,13184,13727,0[CR],2577308078
C,13461,1842,13727,0[CR],2577308515
F,51360,13174,13727,0[CR],2577308843
C,13434,1848,13727,0[CR],2577309281
F,50888,13166,13727,0[CR],2577309609
C,13418,1848,13727,6[CR],2577310046
F,50656,13164,13727,1[CR],2577310484
C,13420,1848,13727,1[CR],2577310812
F,50384,13159,13727,0[CR],2577311250
C,13419,1850,13727,0[CR],2577311578
F,50424,13166,13727,0[CR],2577312125
Z,0,0,13727,0[CR],2577312562
Z,0,0,13727,0[CR],2577313109
Z,0,0,13727,0[CR],2577313656
Z,0,0,13727,0[CR],2577314093
Z,0,0,13727,0[CR],2577314640
Z,0,0,13727,0[CR],2577315078
Z,0,0,13727,0[CR],2577315625
Z,0,0,13727,0[CR],2577316171
Z,0,0,13727,0[CR],2577316609
Z,0,0,13727,0[CR],2577317156
Z,0,0,13727,0[CR],2577317593
Z,0,0,13727,0[CR],2577318140
Z,0,0,13727,0[CR],2577318578
Z,0,0,13727,0[CR],2577319125
Z,0,0,13727,0[CR],2577319671
Z,0,0,13727,0[CR],2577320109
Z,0,0,13727,0[CR],2577320656
Z,0,0,13727,0[CR],2577321093
Z,0,0,13727,0[CR],2577321640
Z,0,0,13727,0[CR],2577322187
Z,0,0,13727,0[CR],2577322625
Z,0,0,13727,0[CR],2577323171
Z,0,0,13727,0[CR],2577323609
Z,0,0,13727,0[CR],2577324156
Z,0,0,13727,0[CR],2577324593
Z,0,0,13727,0[CR],2577325140
Z,0,0,13727,0[CR],2577325687
Z,0,0,13727,0[CR],2577326125
Z,0,0,13727,0[CR],2577326562
W,19718,11105,13727,0[CR],2577327000
Z,0,0,13727,0[CR],2577327546
Z,0,0,13727,0[CR],2577327984
Z,0,0,13727,0[CR],2577328531
Z,0,0,13727,0[CR],2577328968
Z,0,0,13727,0[CR],2577329515
Z,0,0,13727,0[CR],2577330062
Z,0,0,13727,0[CR],2577330500
Z,0,0,13727,0[CR],2577331046
Z,0,0,13727,0[CR],2577331484
Z,0,0,13727,0[CR],2577332031
Z,0,0,13727,0[CR],2577332578
Z,0,0,13727,1[CR],2577333015
Z,0,0,13727,79[CR],2577333562
Z,0,0,13741,14[CR],2577333890
C,13224,1866,13743,4[CR],2577334218
F,49104,13203,13743,1[CR],2577334656
C,13516,1866,13743,0[CR],2577335093
F,49344,13163,13743,0[CR],2577335421
C,13460,1862,13743,0[CR],2577335859
F,49152,13155,13743,0[CR],2577336187
C,13438,1852,13743,0[CR],2577336625
F,49000,13154,13744,64[CR],2577336953
A,33844,48928,13749,11[CR],2577337390
F,51880,13315,13750,2[CR],2577337828
C,13679,1866,13750,1[CR],2577338156
F,52376,13232,13750,0[CR],2577338593
C,13590,1866,13750,0[CR],2577338921
F,51800,13206,13750,0[CR],2577339359
C,13529,1854,13750,0[CR],2577339687
F,51328,13193,13750,0[CR],2577340125
C,13500,1862,13750,0[CR],2577340562
F,51008,13185,13750,0[CR],2577340890
C,13482,1864,13758,31[CR],2577341328
F,51464,13315,13770,34[CR],2577341656
C,13738,1864,13784,33[CR],2577342093
F,54344,13407,13798,33[CR],2577342421
C,13707,1860,13812,29[CR],2577342859
F,56216,13364,13826,41[CR],2577343296
A,33828,56112,13841,39[CR],2577343625
F,55624,13324,13855,36[CR],2577344062
C,13701,1852,13869,36[CR],2577344390
F,55016,13357,13883,34[CR],2577344828
C,13672,1864,13897,33[CR],2577345156
F,55448,13360,13911,33[CR],2577345593
C,13751,1864,13924,30[CR],2577346031
F,54368,13299,13938,38[CR],2577346359
C,13671,1862,13952,38[CR],2577346796
F,55168,13329,13966,38[CR],2577347125
C,13620,1866,13980,36[CR],2577347562
F,55864,13316,13994,35[CR],2577347890
C,13681,1870,14008,35[CR],2577348328
F,55000,13397,14022,34[CR],2577348765
C,13652,1864,14036,33[CR],2577349093
F,55856,13398,14050,33[CR],2577349531
A,33788,55952,14064,30[CR],2577349859
F,55680,13341,14078,39[CR],2577350296
C,13773,1864,14092,38[CR],2577350625
F,55208,13299,14106,38[CR],2577351062
C,13700,1870,14120,36[CR],2577351500
F,53792,13359,14134,35[CR],2577351828
C,13735,1868,14148,35[CR],2577352265
F,56128,13342,14162,33[CR],2577352593
C,13689,1866,14176,33[CR],2577353031
F,55336,13345,14189,31[CR],2577353359
C,13670,1890,14203,38[CR],2577353796
F,55096,13371,14218,39[CR],2577354125
C,13744,1884,14231,38[CR],2577354562
F,54480,13369,14245,38[CR],2577355000
C,13744,1892,14259,36[CR],2577355328
F,56424,13353,14273,35[CR],2577355765
A,33816,56112,14287,35[CR],2577356093
F,56256,13387,14301,33[CR],2577356531
C,13724,1898,14315,33[CR],2577356859
F,55136,13428,14328,30[CR],2577357296
C,13723,1922,14342,39[CR],2577357734
F,56136,13457,14357,38[CR],2577358062
C,13711,1924,14371,38[CR],2577358500
F,56272,13470,14384,35[CR],2577358828
C,13781,1932,14398,36[CR],2577359265
F,56096,13370,14412,35[CR],2577359593
C,13818,1906,14426,35[CR],2577360031
F,56104,13350,14440,33[CR],2577360468
C,13757,1922,14454,30[CR],2577360812
F,55680,13352,14468,38[CR],2577361250
C,13729,1918,14482,41[CR],2577361578
F,56712,13329,14496,38[CR],2577362015
A,33788,57264,14510,36[CR],2577362343
F,57240,13346,14524,35[CR],2577362781
C,13712,1924,14538,35[CR],2577363218
F,57280,13401,14552,34[CR],2577363546
C,13800,1928,14566,34[CR],2577363984
F,56568,13316,14580,33[CR],2577364312
C,13816,1928,14593,31[CR],2577364750
F,56816,13322,14607,35[CR],2577365078
C,13809,1926,14621,38[CR],2577365515
F,57656,13307,14635,38[CR],2577365953
C,13866,1928,14649,36[CR],2577366281
F,57432,13314,14663,36[CR],2577366718
C,13822,1928,14677,35[CR],2577367046
F,58344,13380,14691,34[CR],2577367484
C,13819,1942,14705,34[CR],2577367812
F,57544,13391,14719,32[CR],2577368250
A,33832,58648,14733,39[CR],2577368687
F,59112,13382,14747,39[CR],2577369015
C,13802,1954,14761,38[CR],2577369453
F,56560,13345,14775,38[CR],2577369781
C,13715,1942,14789,36[CR],2577370218
F,57424,13387,14803,35[CR],2577370546
C,13710,1970,14817,33[CR],2577370984
F,56848,13385,14830,32[CR],2577371421
C,13718,1962,14844,34[CR],2577371750
F,58736,13362,14858,30[CR],2577372187
C,13677,1978,14872,41[CR],2577372515
F,56552,13347,14886,39[CR],2577372953
C,13660,1984,14900,38[CR],2577373281
F,57272,13366,14914,38[CR],2577373718
C,13789,1970,14928,36[CR],2577374156
F,55520,13308,14942,35[CR],2577374484
A,33784,56152,14955,33[CR],2577374921
F,56784,13348,14969,33[CR],2577375250
C,13718,1980,14983,33[CR],2577375687
F,57360,13393,14997,34[CR],2577376015
C,13777,1984,15011,38[CR],2577376453
F,57488,13347,15025,39[CR],2577376890
C,13724,1984,15039,38[CR],2577377218
F,57888,13383,15052,36[CR],2577377656
C,13779,1994,15066,36[CR],2577377984
F,59088,13335,15080,35[CR],2577378421
C,13824,1984,15094,35[CR],2577378750
F,57744,13355,15108,34[CR],2577379187
C,13825,1972,15122,33[CR],2577379625
F,57992,13384,15136,30[CR],2577379953
C,13817,1998,15149,39[CR],2577380390
F,58104,13402,15164,38[CR],2577380718
A,33828,59656,15177,38[CR],2577381156
F,58920,13392,15192,36[CR],2577381484
C,13893,1988,15205,35[CR],2577381921
F,58840,13417,15219,35[CR],2577382359
C,13803,1992,15233,34[CR],2577382687
F,57736,13400,15247,33[CR],2577383125
C,13842,1994,15261,34[CR],2577383453
F,60272,13408,15275,33[CR],2577383890
C,13862,1996,15289,39[CR],2577384218
F,58184,13362,15303,36[CR],2577384656
C,13746,1992,15317,38[CR],2577385093
F,58072,13403,15331,36[CR],2577385421
C,13745,2002,15345,35[CR],2577385859
F,58688,13404,15359,35[CR],2577386187
C,13814,1988,15373,33[CR],2577386625
F,60016,13392,15386,34[CR],2577386953
A,33832,59464,15400,33[CR],2577387390
F,59160,13376,15414,33[CR],2577387828
C,13858,1988,15428,38[CR],2577388156
F,58624,13354,15442,38[CR],2577388593
C,13840,2012,15456,36[CR],2577388921
F,58384,13358,15470,36[CR],2577389359
C,13853,2010,15484,35[CR],2577389687
F,60600,13386,15498,34[CR],2577390125
C,13869,1998,15512,34[CR],2577390562
F,60296,13410,15525,34[CR],2577390890
C,13846,2030,15539,28[CR],2577391328
F,59288,13427,15553,41[CR],2577391656
C,13906,2038,15567,39[CR],2577392093
F,59880,13353,15581,38[CR],2577392421
C,13902,2048,15595,38[CR],2577392859
F,59904,13383,15609,36[CR],2577393296
A,33800,60864,15623,35[CR],2577393625
F,60568,13388,15637,34[CR],2577394062
C,13873,2032,15651,33[CR],2577394390
F,59888,13367,15665,34[CR],2577394828
C,13850,2056,15678,29[CR],2577395156
F,60856,13412,15692,31[CR],2577395593
C,13818,2054,15706,39[CR],2577396031
F,61000,13418,15721,38[CR],2577396359
C,13853,2060,15726,12[CR],2577396796
F,60016,13352,15727,2[CR],2577397125
C,13800,2076,15727,1[CR],2577397562
F,58272,13294,15727,0[CR],2577397890
C,13642,2070,15727,0[CR],2577398328
F,57136,13275,15727,0[CR],2577398765
C,13609,2072,15727,0[CR],2577399093
F,56568,13268,15727,0[CR],2577399531
A,33756,56344,15727,0[CR],2577399859
F,56176,13258,15727,0[CR],2577400296
C,13608,2058,15727,0[CR],2577400625
F,56000,13258,15727,0[CR],2577401171
Z,0,0,15727,0[CR],2577401718
Z,0,0,15727,0[CR],2577402156
Z,0,0,15727,0[CR],2577402703
Z,0,0,15727,0[CR],2577403140
Z,0,0,15727,0[CR],2577403687
Z,0,0,15727,0[CR],2577404125
Z,0,0,15727,0[CR],2577404671
Z,0,0,15727,0[CR],2577405218
Z,0,0,15727,0[CR],2577405656
Z,0,0,15727,0[CR],2577406203
Z,0,0,15727,0[CR],2577406640
Z,0,0,15727,0[CR],2577407187
Z,0,0,15727,0[CR],2577407734
Z,0,0,15727,0[CR],2577408171
Z,0,0,15727,0[CR],2577408718
Z,0,0,15727,0[CR],2577409156
Z,0,0,15727,0[CR],2577409703
Z,0,0,15727,0[CR],2577410250
Z,0,0,15727,0[CR],2577410687
Z,0,0,15727,0[CR],2577411234
Z,0,0,15727,0[CR],2577411671
Z,0,0,15727,0[CR],2577412218
Z,0,0,15727,0[CR],2577412656
Z,0,0,15727,0[CR],2577413203
Z,0,0,15727,0[CR],2577413750
Z,0,0,15727,0[CR],2577414187
Z,0,0,15727,0[CR],2577414734
Z,0,0,15727,0[CR],2577415171
Z,0,0,15727,0[CR],2577415718
Z,0,0,15727,0[CR],2577416156
Z,0,0,15727,0[CR],2577416703
Z,0,0,15727,0[CR],2577417250
Z,0,0,15727,0[CR],2577417687
Z,0,0,15727,0[CR],2577418234
Z,0,0,15727,0[CR],2577418671
Z,0,0,15727,0[CR],2577419218
Z,0,0,15727,0[CR],2577419656
Z,0,0,15727,0[CR],2577420203
Z,0,0,15727,0[CR],2577420750
Z,0,0,15727,0[CR],2577421187
Z,0,0,15727,51[CR],2577421734
Z,0,0,15727,43[CR],2577422171
Z,0,0,15728,36[CR],2577422500
F,52624,13171,15738,31[CR],2577422937
C,13340,2032,15741,5[CR],2577423265
F,53024,13198,15743,4[CR],2577423703
C,13555,2050,15743,1[CR],2577424140
F,53544,13220,15743,1[CR],2577424468
A,33800,53464,15743,0[CR],2577424906
F,53400,13215,15743,0[CR],2577425234
C,13556,2042,15743,0[CR],2577425671
F,53272,13212,15743,0[CR],2577426109
C,13543,2042,15743,0[CR],2577426437
F,53160,13212,15743,0[CR],2577426875
C,13536,2024,15744,0[CR],2577427203
F,53064,13210,15747,6[CR],2577427640
C,13811,2026,15748,4[CR],2577427968
F,56504,13325,15748,1[CR],2577428406
C,13736,2038,15749,1[CR],2577428843
F,56992,13302,15749,0[CR],2577429171
C,13693,2022,15749,0[CR],2577429609
F,56744,13293,15749,0[CR],2577429937
C,13653,2020,15749,0[CR],2577430375
F,56344,13284,15749,0[CR],2577430703
A,33780,56096,15749,0[CR],2577431140
F,56000,13277,15754,33[CR],2577431578
C,13610,2026,15767,33[CR],2577431906
F,58264,13475,15781,35[CR],2577432343
C,13892,2022,15794,34[CR],2577432671
F,60512,13428,15808,33[CR],2577433109
C,13941,2038,15822,35[CR],2577433437
F,62248,13440,15836,33[CR],2577433875
C,14022,2054,15850,32[CR],2577434312
F,62312,13408,15864,39[CR],2577434640
C,13922,2030,15878,36[CR],2577435078
F,60760,13434,15892,36[CR],2577435406
C,13897,2068,15906,36[CR],2577435843
F,60760,13460,15920,35[CR],2577436171
C,13875,2042,15934,34[CR],2577436609
F,60776,13419,15948,32[CR],2577437046
A,33760,61440,15962,33[CR],2577437375
F,61344,13413,15975,31[CR],2577437812
C,13912,2078,15989,38[CR],2577438140
F,61904,13466,16003,39[CR],2577438578
C,13920,2074,16017,36[CR],2577438906
F,61648,13417,16031,36[CR],2577439343
C,13964,2078,16045,35[CR],2577439781
F,63128,13471,16059,27[CR],2577440109
C,14037,2086,16063,12[CR],2577440546
F,62992,13382,16063,2[CR],2577440875
C,13942,2084,16063,1[CR],2577441312
F,61824,13327,16063,0[CR],2577441640
C,13804,2074,16063,0[CR],2577442078
F,60720,13307,16063,0[CR],2577442515
C,13751,2082,16063,0[CR],2577442843
F,60048,13294,16064,16[CR],2577443281
A,33776,59696,16064,2[CR],2577443609
F,59536,13289,16064,1[CR],2577444046
C,13684,2092,16064,0[CR],2577444375
F,59040,13282,16064,0[CR],2577444812
C,13662,2082,16064,0[CR],2577445250
F,58640,13276,16064,0[CR],2577445578
C,13647,2074,16064,0[CR],2577446015
F,58304,13270,16064,0[CR],2577446343
C,13633,2084,16064,0[CR],2577446781
F,58056,13266,16064,0[CR],2577447109
C,13624,2082,16064,0[CR],2577447546
F,57840,13263,16064,0[CR],2577447984
C,13614,2078,16064,0[CR],2577448312
F,57640,13257,16064,0[CR],2577448750
C,13605,2086,16064,0[CR],2577449078
F,57480,13253,16064,0[CR],2577449515
A,33760,57368,16064,0[CR],2577449843
F,57312,13250,16064,0[CR],2577450281
C,13590,2092,16064,0[CR],2577450718
F,57128,13249,16064,0[CR],2577451046
C,13583,2086,16064,0[CR],2577451484
F,56960,13244,16064,0[CR],2577451812
C,13578,2082,16064,0[CR],2577452250
F,56808,13242,16064,0[CR],2577452578
C,13573,2084,16064,0[CR],2577453015
F,56680,13239,16064,0[CR],2577453453
C,13567,2082,16064,0[CR],2577453781
F,56592,13238,16064,0[CR],2577454218
C,13562,2084,16064,0[CR],2577454546
F,56568,13236,16064,0[CR],2577454984
C,13558,2078,16064,0[CR],2577455312
F,56424,13234,16064,0[CR],2577455750
A,33760,56352,16064,0[CR],2577456187
F,56336,13233,16064,0[CR],2577456515
C,13549,2088,16064,0[CR],2577456953
F,56312,13229,16064,0[CR],2577457281
C,13545,2084,16064,0[CR],2577457718
F,56232,13229,16064,0[CR],2577458046
C,13542,2074,16064,0[CR],2577458484
F,56136,13227,16064,0[CR],2577458921
C,13537,2078,16064,0[CR],2577459250
F,56080,13227,16064,0[CR],2577459687
C,13534,2092,16064,0[CR],2577460015
F,56024,13223,16064,0[CR],2577460453
C,13530,2078,16064,0[CR],2577460781
F,55968,13223,16064,0[CR],2577461218
C,13526,2084,16064,0[CR],2577461656
F,55896,13222,16064,0[CR],2577461984
A,33764,55856,16064,0[CR],2577462421
F,55832,13221,16064,0[CR],2577462750
C,13521,2080,16064,0[CR],2577463187
F,55680,13219,16064,0[CR],2577463515
C,13517,2070,16064,0[CR],2577463953
F,55552,13217,16064,0[CR],2577464390
C,13514,2078,16064,0[CR],2577464718
F,55408,13216,16064,0[CR],2577465156
C,13511,2074,16064,0[CR],2577465484
F,55328,13213,16064,0[CR],2577465921
C,13509,2082,16064,0[CR],2577466250
F,55232,13211,16064,0[CR],2577466687
C,13505,2082,16064,0[CR],2577467125
F,55192,13211,16064,0[CR],2577467453
C,13502,2086,16064,0[CR],2577467890
F,55224,13209,16064,0[CR],2577468218
A,33756,55208,16064,0[CR],2577468656
F,55200,13209,16064,0[CR],2577468984
C,13497,2070,16064,0[CR],2577469421
F,55184,13207,16064,0[CR],2577469859
C,13495,2082,16064,0[CR],2577470187
F,55160,13208,16064,0[CR],2577470625
C,13492,2076,16064,0[CR],2577470953
F,55128,13207,16064,0[CR],2577471390
C,13489,2068,16064,0[CR],2577471718
F,55104,13205,16064,0[CR],2577472156
C,13487,2084,16064,0[CR],2577472593
F,55088,13204,16064,0[CR],2577472921
C,13485,2086,16064,0[CR],2577473359
F,55064,13203,16064,0[CR],2577473687
C,13482,2090,16064,0[CR],2577474125
F,55032,13203,16064,0[CR],2577474453
A,33736,55000,16064,0[CR],2577474890
F,54984,13203,16064,0[CR],2577475328
C,13477,2080,16064,0[CR],2577475656
F,54936,13200,16064,0[CR],2577476093
C,13475,2082,16064,0[CR],2577476421
F,54832,13200,16064,0[CR],2577476859
C,13474,2078,16064,0[CR],2577477187
F,54736,13198,16064,0[CR],2577477625
C,13472,2082,16064,0[CR],2577478062
F,54688,13199,16064,0[CR],2577478390
C,13469,2084,16064,0[CR],2577478828
F,54672,13196,16064,0[CR],2577479156
C,13465,2094,16064,0[CR],2577479593
F,54664,13195,16064,0[CR],2577479921
C,13465,2082,16064,0[CR],2577480359
F,54664,13196,16064,0[CR],2577480796
A,33736,54632,16064,0[CR],2577481125
F,54616,13194,16064,0[CR],2577481562
C,13460,2080,16064,0[CR],2577481890
F,54616,13194,16064,0[CR],2577482328
C,13460,2070,16064,0[CR],2577482656
F,54584,13194,16064,0[CR],2577483093
C,13457,2082,16064,0[CR],2577483531
F,54560,13193,16064,0[CR],2577483859
C,13455,2080,16064,0[CR],2577484296
F,54536,13192,16064,0[CR],2577484625
C,13453,2086,16064,0[CR],2577485062
F,54496,13190,16064,0[CR],2577485390
C,13451,2078,16064,0[CR],2577485828
F,54472,13191,16064,0[CR],2577486265
C,13449,2082,16064,0[CR],2577486593
F,54440,13188,16064,0[CR],2577487031
A,33712,54408,16064,0[CR],2577487359
F,54384,13190,16064,0[CR],2577487796
C,13444,2078,16064,0[CR],2577488125
F,54368,13188,16064,0[CR],2577488562
C,13444,2082,16064,0[CR],2577489000
F,54336,13186,16064,0[CR],2577489328
C,13443,2086,16064,0[CR],2577489765
F,54280,13187,16064,0[CR],2577490093
C,13440,2078,16064,0[CR],2577490531
F,54240,13185,16064,0[CR],2577490859
C,13440,2084,16064,0[CR],2577491296
F,54192,13184,16064,0[CR],2577491734
C,13437,2082,16064,0[CR],2577492062
F,54160,13185,16064,0[CR],2577492500
C,13435,2084,16064,0[CR],2577492828
F,54152,13184,16064,0[CR],2577493265
A,33748,54128,16064,0[CR],2577493593
F,54104,13182,16064,0[CR],2577494031
C,13431,2088,16064,0[CR],2577494468
F,54080,13182,16064,0[CR],2577494796
C,13429,2082,16064,0[CR],2577495234
F,54040,13182,16064,0[CR],2577495562
C,13428,2088,16064,0[CR],2577496000
F,54008,13180,16064,0[CR],2577496328
C,13428,2080,16064,0[CR],2577496765
F,53968,13180,16064,0[CR],2577497203
C,13425,2078,16064,0[CR],2577497531
F,53928,13178,16064,0[CR],2577497968
C,13425,2074,16064,0[CR],2577498296
F,53888,13176,16064,0[CR],2577498734
C,13423,2084,16064,0[CR],2577499062
F,53880,13178,16064,0[CR],2577499500
A,33772,53832,16064,0[CR],2577499937
F,53848,13177,16064,0[CR],2577500265
C,13420,2078,16064,0[CR],2577500703
F,53808,13174,16064,0[CR],2577501031
C,13418,2078,16064,0[CR],2577501468
F,53776,13171,16064,0[CR],2577501796
C,13417,2090,16064,0[CR],2577502234
F,53768,13175,16064,0[CR],2577502671
C,13415,2082,16064,0[CR],2577503000
F,53736,13173,16064,0[CR],2577503437
C,13412,2082,16064,0[CR],2577503765
F,53696,13172,16064,0[CR],2577504203
C,13412,2082,16064,0[CR],2577504531
F,53680,13173,16064,0[CR],2577504968
C,13410,2078,16064,0[CR],2577505406
F,53664,13170,16064,0[CR],2577505734
A,33724,53632,16064,0[CR],2577506171
F,53632,13171,16064,0[CR],2577506500
C,13408,2078,16064,0[CR],2577506937
F,53592,13171,16064,0[CR],2577507265
C,13407,2088,16064,0[CR],2577507703
F,53568,13169,16064,0[CR],2577508250
Z,0,0,16064,0[CR],2577508468
F,53536,13169,16064,0[CR],2577508906
C,13402,2082,16064,0[CR],2577509234
F,53496,13168,16064,0[CR],2577509671
C,13402,2078,16064,0[CR],2577510000
F,53488,13168,16064,0[CR],2577510437
C,13401,2084,16064,0[CR],2577510875
F,53472,13166,16064,0[CR],2577511203
C,13400,2084,16064,0[CR],2577511640
F,53424,13164,16064,0[CR],2577511968
A,33736,53416,16064,0[CR],2577512406
F,53392,13167,16064,0[CR],2577512734
C,13397,2076,16064,0[CR],2577513171
F,53376,13165,16064,0[CR],2577513609
C,13396,2096,16064,0[CR],2577513937
F,53344,13164,16064,0[CR],2577514375
C,13395,2090,16064,0[CR],2577514703
F,53304,13164,16064,0[CR],2577515140
C,13393,2086,16064,0[CR],2577515468
F,53280,13164,16064,0[CR],2577516015
Z,0,0,16064,0[CR],2577516343
F,53256,13162,16064,0[CR],2577516671
C,13390,2078,16064,0[CR],2577517109
F,53240,13162,16064,0[CR],2577517437
C,13389,2068,16064,0[CR],2577517875
F,53224,13160,16064,0[CR],2577518203
A,33736,53200,16064,0[CR],2577518640
F,53176,13160,16064,0[CR],2577519078
C,13386,2092,16064,0[CR],2577519406
F,53168,13160,16064,0[CR],2577519843
C,13386,2082,16064,0[CR],2577520171
F,53136,13159,16064,0[CR],2577520609
C,13384,2094,16064,0[CR],2577520937
F,53120,13159,16064,0[CR],2577521375
C,13384,2082,16064,0[CR],2577521812
F,53112,13159,16064,0[CR],2577522140
C,13383,2082,16064,0[CR],2577522578
F,53080,13157,16064,0[CR],2577522906
C,13382,2074,16064,0[CR],2577523343
F,53056,13156,16064,0[CR],2577523671
C,13381,2082,16064,0[CR],2577524109
F,53024,13156,16064,0[CR],2577524546
A,33724,53016,16064,0[CR],2577524875
F,53016,13157,16064,0[CR],2577525312
C,13378,2084,16064,0[CR],2577525640
F,53008,13155,16064,0
<PAUSE BUTTON 09:07:50>
[CR],2577526078
C,13378,2086,16064,0[CR],2577526078
>[CR],2577526078
>
Reset interface. Wait time for interface: 47
>
Reset interface. Wait time for interface: 32DOFF
OK
>
Command: DOFF Wait time for interface: 109

>
Reset interface. Wait time for interface: 125CLEAR
OK
>
Command: CLEAR Wait time for interface: 109

<END BUTTON 09:14:31>

------------------- Begin end zero test --------------------
>
Reset interface. Wait time for interface: 78SCANG
Z,0,0,0,0
Z,0,0,0,0[CR],2577930687
Z,0,0,0,0[CR],2577931234
Z,0,0,0,0[CR],2577931671
Z,0,0,0,0[CR],2577931890
F,11817,12657,0,0[CR],2577932328
C,12122,6248,0,0[CR],2577932656
F,11821,12655,0,0[CR],2577933093
C,12123,4752,0,0[CR],2577933421
F,11820,12655,0,0[CR],2577933859
C,12123,5494,0,0[CR],2577934296
F,11818,12655,0,0[CR],2577934625
C,12123,5624,0,0[CR],2577935078
F,11817,12654,0,0[CR],2577935406
C,12123,6078,0,0[CR],2577935843
F,11820,12654,0,0[CR],2577936187
C,12123,6174,0,0[CR],2577936656
F,11825,12655,0,0[CR],2577936984
A,33852,11825,0,0[CR],2577937343
F,11816,12655,0,0[CR],2577937796
C,12122,6284,0,0[CR],2577938140
F,11826,12655,0,0[CR],2577938578
C,12122,6334,0,0[CR],2577938906
F,11830,12656,0,0[CR],2577939359
C,12122,6844,0,0[CR],2577939703
F,11825,12656,0,0[CR],2577940140
C,12122,6464,0,0[CR],2577940468
F,11829,12656,0,0[CR],2577940906
C,12123,6530,0,0[CR],2577941234
F,11823,12655,0,0[CR],2577941671
C,12122,6378,0,0[CR],2577942109
F,11829,12655,0,0[CR],2577942437
C,12122,5930,0,0[CR],2577942875
F,11820,12655,0,0[CR],2577943203
A,33848,11835,0,0[CR],2577943640
F,11812,12655,0,0[CR],2577943968
C,12129,6794,0,0[CR],2577944406
F,11821,12653,0,0[CR],2577944843
C,12149,6988,0,0[CR],2577945171
F,12121,12655,0,0[CR],2577945609
C,12123,7252,0,0[CR],2577945937
F,12195,12655,0,0[CR],2577946375
C,12106,7486,0,0[CR],2577946812
F,12123,12656,0,0[CR],2577947140
C,12109,6714,0,0[CR],2577947578
F,12113,12655,0,0[CR],2577947906
C,12109,6692,0,0[CR],2577948343
F,12114,12654,0,0[CR],2577948671
C,12109,6060,0,0[CR],2577949109
F,12117,12655,0,0[CR],2577949109
>
Reset interface. Wait time for interface: 31

======== END OF TEST ========


