CPT-log version: 5.22
======== BEGIN OF TEST ========
DATE 21.09.2022

<Transmited Data>
<NEW BUTTON 14:37:23>
[^C][CR]
[^C][CR]
[^C][CR]
CLEAR[CR]
[^C][CR]
DOFF[CR]
[^C][CR]
SCANG[CR]
[^C][CR]
[^C][CR]
CLEAR[CR]

<START BUTTON 14:40:47>
[^C][CR]
[^C][CR]
DRON[CR]
SCANG[CR]

<PAUSE BUTTON 14:55:50>
[^C][CR]
[^C][CR]
DOFF[CR]
[^C][CR]
CLEAR[CR]

<END BUTTON 15:02:51>
[^C][CR]
SCANG[CR]
[^C][CR]


<Received Data>
<NEW BUTTON 14:37:23>

>
Reset interface. Wait time for interface: 16
>
Reset interface. Wait time for interface: 109
>
Reset interface. Wait time for interface: 109CLEAR
OK
>
Command: CLEAR Wait time for interface: 110

>
Reset interface. Wait time for interface: 109DOFF
OK
>
Command: DOFF Wait time for interface: 109

>
Reset interface. Wait time for interface: 62SCANG
Z,0,0,0,0
Z,0,0,0,0[CR],2510935875
Z,0,0,0,0[CR],2510936421
Z,0,0,0,0[CR],2510936859
F,12258,12650,0,0[CR],2510937296
C,12111,11141,0,0[CR],2510937625
F,12253,12648,0,0[CR],2510938062
C,12112,10796,0,0[CR],2510938390
F,12261,12649,0,0[CR],2510938828
C,12112,11339,0,0[CR],2510939156
F,12262,12650,0,0[CR],2510939609
A,38752,12261,0,0[CR],2510939937
F,12254,12649,0,0[CR],2510940390
C,12112,11011,0,0[CR],2510940734
F,12262,12649,0,0[CR],2510941203
C,12112,11527,0,0[CR],2510941531
F,12266,12649,0,0[CR],2510941968
C,12112,11713,0,0[CR],2510942312
F,12261,12650,0,0[CR],2510942750
C,12111,11256,0,0[CR],2510943078
F,12258,12647,0,0[CR],2510943515
C,12112,11455,0,0[CR],2510943843
F,12255,12650,0,0[CR],2510944078
>[CR],2510944078
>
Reset interface. Wait time for interface: 63
>
Reset interface. Wait time for interface: 47CLEAR
OK
>
Command: CLEAR Wait time for interface: 109

<START BUTTON 14:40:47>

>
Reset interface. Wait time for interface: 32
>
Reset interface. Wait time for interface: 109DRON
OK
>
Command: DRON Wait time for interface: 109
SCANG
Z,0,0,0,0
F,23340,12879,0,0[CR],2511104453
C,12590,90,0,0[CR],2511104781
F,23350,12877,0,0[CR],2511105218
C,12590,82,0,0[CR],2511105656
F,23356,12875,0,0[CR],2511105984
C,12588,86,0,0[CR],2511106421
F,23356,12873,0,0[CR],2511106750
C,12585,86,0,0[CR],2511107187
F,23364,12881,0,0[CR],2511107515
C,12587,86,0,0[CR],2511107953
F,23356,12882,0,0[CR],2511108390
A,37932,23354,0,0[CR],2511108718
F,23342,12886,0,0[CR],2511109156
C,12586,84,0,0[CR],2511109484
F,23346,12892,0,0[CR],2511109921
C,12587,84,0,0[CR],2511110250
F,23346,12895,0,0[CR],2511110687
C,12585,74,0,0[CR],2511111125
F,23342,12909,0,0[CR],2511111453
C,12589,76,0,0[CR],2511111890
F,23344,12920,0,0[CR],2511112218
C,12589,80,0,0[CR],2511112656
F,23336,12933,0,0[CR],2511112984
C,12593,76,0,0[CR],2511113421
F,23334,12954,0,0[CR],2511113859
C,12597,80,0,0[CR],2511114187
F,23330,12968,0,0[CR],2511114625
A,37884,23316,0,0[CR],2511114953
F,23306,12977,0,0[CR],2511115390
C,12601,80,0,0[CR],2511115718
F,23308,12983,0,0[CR],2511116156
C,12605,88,0,0[CR],2511116593
F,23306,12985,0,0[CR],2511116921
C,12608,92,0,0[CR],2511117359
F,23282,12991,0,0[CR],2511117687
C,12609,84,0,0[CR],2511118125
F,23266,12985,0,0[CR],2511118453
C,12613,82,0,0[CR],2511118890
F,23256,12986,0,0[CR],2511119328
C,12615,86,0,0[CR],2511119656
F,23240,12982,0,0[CR],2511120093
C,12617,88,0,0[CR],2511120421
F,23218,12984,0,0[CR],2511120859
A,37800,23206,0,0[CR],2511121187
F,23196,12981,0,0[CR],2511121625
C,12619,82,0,0[CR],2511122062
F,23190,12981,0,0[CR],2511122390
C,12620,92,0,0[CR],2511122828
F,23168,12975,0,0[CR],2511123156
C,12621,88,0,0[CR],2511123593
F,23168,12977,0,0[CR],2511123921
C,12621,100,0,0[CR],2511124359
F,23150,12974,0,0[CR],2511124796
C,12621,80,0,0[CR],2511125125
F,23140,12972,0,0[CR],2511125562
C,12621,82,0,0[CR],2511125890
F,23124,12971,0,0[CR],2511126328
C,12624,86,0,0[CR],2511126656
F,23108,12977,0,0[CR],2511127093
A,37764,23094,0,0[CR],2511127531
F,23086,12970,0,0[CR],2511127859
C,12620,86,0,0[CR],2511128296
F,23086,12969,0,0[CR],2511128625
C,12620,86,0,0[CR],2511129062
F,23076,12971,0,0[CR],2511129390
C,12618,80,0,0[CR],2511129828
F,23060,12968,0,0[CR],2511130265
C,12619,78,0,0[CR],2511130593
F,23056,12968,0,0[CR],2511131031
C,12618,58,0,0[CR],2511131359
F,23042,12966,0,0[CR],2511131796
C,12617,80,0,0[CR],2511132125
F,23036,12968,0,0[CR],2511132562
C,12617,76,0,0[CR],2511133000
F,23026,12958,0,0[CR],2511133328
A,37712,23026,0,0[CR],2511133765
F,23014,12969,0,0[CR],2511134093
C,12620,102,5,43[CR],2511134531
F,23004,13342,20,39[CR],2511134859
C,12916,98,35,39[CR],2511135296
F,22924,13455,51,36[CR],2511135734
C,12884,94,66,35[CR],2511136062
F,22874,13460,81,43[CR],2511136500
C,12892,92,96,39[CR],2511136828
F,23172,13428,112,38[CR],2511137265
C,12891,98,127,36[CR],2511137593
F,23030,13424,142,43[CR],2511138031
C,12875,94,157,41[CR],2511138468
F,22602,13400,173,39[CR],2511138796
C,12899,90,188,36[CR],2511139234
F,22084,13381,203,38[CR],2511139562
A,37616,21970,219,43[CR],2511140000
F,22172,13302,234,41[CR],2511140343
C,13123,78,250,39[CR],2511140765
F,22560,13384,265,36[CR],2511141203
C,13792,84,280,33[CR],2511141531
F,16398,13243,296,43[CR],2511141968
C,13653,86,312,41[CR],2511142296
F,16139,13436,327,38[CR],2511142734
C,13290,58,342,35[CR],2511143062
F,16430,13767,358,43[CR],2511143500
C,13068,84,373,39[CR],2511143937
F,17358,13624,388,36[CR],2511144265
C,13179,80,402,36[CR],2511144703
F,18640,13556,416,34[CR],2511145031
C,13458,48,430,35[CR],2511145468
F,18622,13526,445,33[CR],2511145796
A,37520,17090,459,39[CR],2511146234
F,16384,13413,474,39[CR],2511146671
C,13296,46,488,38[CR],2511147000
F,16023,13350,503,35[CR],2511147437
C,13056,54,517,34[CR],2511147765
F,16454,13331,531,34[CR],2511148203
C,13114,44,546,41[CR],2511148531
F,17162,13339,560,38[CR],2511148968
C,13263,70,574,36[CR],2511149296
F,17256,13310,588,36[CR],2511149734
C,13082,34,601,35[CR],2511150171
F,17584,13490,615,34[CR],2511150500
C,12997,44,629,33[CR],2511150937
F,17898,13386,642,33[CR],2511151265
C,13001,32,656,33[CR],2511151703
F,18326,13333,669,33[CR],2511152140
A,37472,18486,683,33[CR],2511152468
F,18536,13312,697,38[CR],2511152906
C,12919,18,711,38[CR],2511153234
F,18802,13262,724,38[CR],2511153671
C,12865,22,738,36[CR],2511154109
F,18996,13154,752,35[CR],2511154437
C,12847,44,766,35[CR],2511154875
F,19260,13139,780,35[CR],2511155203
C,12858,40,793,33[CR],2511155640
F,19558,13130,807,33[CR],2511155968
C,12893,48,821,33[CR],2511156406
F,19778,13205,834,32[CR],2511156843
C,12894,58,848,36[CR],2511157171
F,20004,13302,862,39[CR],2511157609
C,12899,54,876,38[CR],2511157937
F,20216,13392,890,38[CR],2511158375
A,37424,20456,903,36[CR],2511158703
F,20488,13449,917,35[CR],2511159140
C,12931,32,931,35[CR],2511159578
F,20654,13555,945,32[CR],2511159906
C,12911,50,958,33[CR],2511160343
F,20278,13600,972,33[CR],2511160671
C,12875,66,986,33[CR],2511161109
F,19804,13573,1000,38[CR],2511161437
C,12843,50,1013,38[CR],2511161875
F,19882,13533,1027,39[CR],2511162312
C,12848,48,1041,36[CR],2511162640
F,20138,13577,1055,35[CR],2511163078
C,12888,80,1068,35[CR],2511163406
F,20586,13628,1082,34[CR],2511163843
C,13163,80,1095,34[CR],2511164171
F,20944,13563,1109,34[CR],2511164609
A,37316,18472,1123,33[CR],2511165046
F,17770,13525,1137,33[CR],2511165375
C,13268,84,1150,33[CR],2511165812
F,18010,13730,1165,38[CR],2511166140
C,13315,76,1178,38[CR],2511166578
F,18668,13643,1192,36[CR],2511166906
C,13346,80,1206,36[CR],2511167343
F,18410,13488,1220,36[CR],2511167671
C,13149,84,1233,35[CR],2511168109
F,18296,13403,1247,34[CR],2511168546
C,13092,80,1261,34[CR],2511168875
F,18938,13299,1274,33[CR],2511169312
C,13097,66,1288,34[CR],2511169640
F,18740,13141,1302,36[CR],2511170078
C,12935,84,1316,39[CR],2511170515
F,18588,13148,1330,39[CR],2511170843
A,37272,18846,1343,36[CR],2511171281
F,18996,13184,1357,36[CR],2511171609
C,12924,84,1371,35[CR],2511172046
F,19424,13086,1385,35[CR],2511172375
C,12906,80,1398,35[CR],2511172812
F,19664,13090,1412,33[CR],2511173250
C,13157,84,1426,34[CR],2511173578
F,17798,13140,1439,33[CR],2511174015
C,13351,88,1453,29[CR],2511174343
F,17314,13364,1467,39[CR],2511174781
C,13629,84,1480,39[CR],2511175109
F,16948,13647,1494,38[CR],2511175546
C,13522,70,1508,36[CR],2511175984
F,16716,13769,1522,36[CR],2511176312
C,13203,84,1536,35[CR],2511176750
F,16658,13926,1549,35[CR],2511177078
A,37208,17024,1563,34[CR],2511177515
F,17180,13714,1577,32[CR],2511177843
C,12995,70,1590,32[CR],2511178281
F,17960,13485,1604,29[CR],2511178718
C,12979,70,1617,31[CR],2511179046
F,18396,13290,1631,38[CR],2511179484
C,12958,58,1645,36[CR],2511179812
F,18914,13085,1659,36[CR],2511180250
C,13093,70,1673,35[CR],2511180578
F,19504,13082,1686,35[CR],2511181015
C,13093,62,1700,35[CR],2511181453
F,17102,13177,1714,34[CR],2511181781
C,12965,80,1716,3[CR],2511182218
F,17372,12994,1716,1[CR],2511182546
C,12750,80,1716,0[CR],2511182984
F,17356,12953,1716,0[CR],2511183312
A,37152,17488,1716,0[CR],2511183750
F,17558,12911,1716,0[CR],2511184187
C,12671,84,1716,0[CR],2511184515
F,17832,12915,1716,0[CR],2511184953
C,12661,76,1716,0[CR],2511185281
F,17684,12741,1716,0[CR],2511185718
C,12558,80,1716,0[CR],2511186046
F,17998,12907,1716,0[CR],2511186484
C,12612,76,1716,0[CR],2511186812
F,18320,12893,1716,0[CR],2511187250
C,12608,80,1716,0[CR],2511187796
Z,0,0,1716,0[CR],2511188234
Z,0,0,1716,0[CR],2511188781
Z,0,0,1716,0[CR],2511189218
Z,0,0,1716,0[CR],2511189765
Z,0,0,1716,0[CR],2511190312
Z,0,0,1716,0[CR],2511190750
Z,0,0,1716,0[CR],2511191296
Z,0,0,1716,0[CR],2511191734
Z,0,0,1716,0[CR],2511192281
Z,0,0,1716,0[CR],2511192718
Z,0,0,1716,0[CR],2511193265
Z,0,0,1716,0[CR],2511193812
Z,0,0,1716,0[CR],2511194250
Z,0,0,1716,0[CR],2511194796
Z,0,0,1716,0[CR],2511195234
Z,0,0,1716,0[CR],2511195781
Z,0,0,1716,0[CR],2511196218
Z,0,0,1716,0[CR],2511196765
Z,0,0,1716,0[CR],2511197312
Z,0,0,1716,0[CR],2511197750
Z,0,0,1716,0[CR],2511198296
Z,0,0,1716,0[CR],2511198734
Z,0,0,1716,0[CR],2511199281
Z,0,0,1716,0[CR],2511199828
Z,0,0,1716,0[CR],2511200265
Z,0,0,1716,0[CR],2511200812
Z,0,0,1716,0[CR],2511201250
Z,0,0,1716,0[CR],2511201796
Z,0,0,1716,0[CR],2511202234
Z,0,0,1716,0[CR],2511202781
Z,0,0,1716,0[CR],2511203328
Z,0,0,1716,0[CR],2511203765
Z,0,0,1716,0[CR],2511204312
Z,0,0,1716,0[CR],2511204750
Z,0,0,1716,0[CR],2511205296
Z,0,0,1716,0[CR],2511205734
Z,0,0,1716,0[CR],2511206281
Z,0,0,1716,0[CR],2511206828
Z,0,0,1716,0[CR],2511207265
Z,0,0,1716,0[CR],2511207812
Z,0,0,1716,0[CR],2511208250
Z,0,0,1716,0[CR],2511208796
Z,0,0,1716,0[CR],2511209234
Z,0,0,1716,0[CR],2511209781
Z,0,0,1716,0[CR],2511210328
Z,0,0,1716,54[CR],2511210765
Z,0,0,1723,51[CR],2511211093
F,21270,12801,1732,9[CR],2511211421
C,12507,88,1735,3[CR],2511211859
F,22004,13012,1735,1[CR],2511212296
C,12703,76,1735,0[CR],2511212625
F,21862,13001,1735,0[CR],2511213062
C,12664,90,1735,0[CR],2511213390
F,21854,12989,1735,0[CR],2511213828
C,12658,94,1735,0[CR],2511214156
F,21846,12993,1735,0[CR],2511214593
A,36764,21854,1744,21[CR],2511215031
F,21838,13168,1744,2[CR],2511215359
C,12799,80,1744,1[CR],2511215796
F,22300,13070,1744,0[CR],2511216125
C,12711,78,1744,0[CR],2511216562
F,22270,13090,1744,0[CR],2511216890
C,12696,78,1744,0[CR],2511217328
F,22324,13079,1744,0[CR],2511217765
C,12677,86,1744,0[CR],2511218093
F,22362,13085,1744,0[CR],2511218531
C,12672,94,1744,0[CR],2511218859
F,22418,13084,1754,39[CR],2511219296
C,12665,82,1768,36[CR],2511219625
F,23434,13517,1782,34[CR],2511220062
C,12910,80,1795,35[CR],2511220500
F,23710,13537,1809,34[CR],2511220828
A,36716,24006,1822,34[CR],2511221265
F,24140,13580,1836,33[CR],2511221593
C,12995,96,1850,34[CR],2511222031
F,24502,13572,1863,29[CR],2511222359
C,13004,104,1877,36[CR],2511222796
F,24268,13574,1891,39[CR],2511223234
C,12988,100,1904,38[CR],2511223562
F,24196,13552,1918,36[CR],2511224000
C,12964,102,1932,35[CR],2511224328
F,24390,13544,1946,35[CR],2511224765
C,12952,106,1959,34[CR],2511225093
F,24566,13516,1973,34[CR],2511225531
C,12945,112,1987,33[CR],2511225968
F,24796,13479,2000,33[CR],2511226296
C,12963,112,2014,33[CR],2511226734
F,25044,13459,2028,30[CR],2511227062
A,36648,25312,2041,38[CR],2511227500
F,25396,13427,2055,38[CR],2511227828
C,13113,118,2069,38[CR],2511228265
F,25380,13485,2083,36[CR],2511228703
C,13181,148,2097,36[CR],2511229031
F,23490,13502,2111,35[CR],2511229468
C,13196,154,2124,34[CR],2511229796
F,21842,13613,2138,31[CR],2511230234
C,13129,146,2152,34[CR],2511230562
F,22186,13811,2165,32[CR],2511231000
C,13099,156,2179,30[CR],2511231437
F,22810,13857,2193,38[CR],2511231765
C,13106,146,2207,38[CR],2511232203
F,23438,13843,2221,36[CR],2511232531
C,13147,142,2235,35[CR],2511232984
F,24266,13851,2248,35[CR],2511233312
A,36600,24486,2262,35[CR],2511233750
F,24526,13758,2276,34[CR],2511234109
C,13147,142,2290,33[CR],2511234515
F,21480,13710,2303,34[CR],2511234953
C,13141,136,2317,31[CR],2511235281
F,22422,13644,2331,39[CR],2511235718
C,13150,136,2345,38[CR],2511236046
F,23088,13535,2359,38[CR],2511236484
C,13158,122,2373,36[CR],2511236921
F,23622,13517,2387,35[CR],2511237250
C,13101,142,2400,35[CR],2511237687
F,23824,13464,2414,35[CR],2511238015
C,13067,128,2428,33[CR],2511238453
F,24250,13340,2442,32[CR],2511238781
C,13049,144,2456,34[CR],2511239218
F,24550,13332,2469,30[CR],2511239546
A,36484,24812,2483,39[CR],2511239984
F,24920,13342,2497,39[CR],2511240421
C,13044,156,2511,38[CR],2511240750
F,25252,13362,2525,35[CR],2511241187
C,13062,174,2538,34[CR],2511241515
F,25728,13377,2552,34[CR],2511241953
C,13095,202,2566,33[CR],2511242281
F,26244,13384,2580,33[CR],2511242718
C,13161,208,2593,34[CR],2511243046
F,26520,13327,2607,31[CR],2511243484
C,13180,188,2621,39[CR],2511243921
F,27104,13462,2635,38[CR],2511244250
C,13328,214,2648,38[CR],2511244687
F,27796,13581,2662,36[CR],2511245015
C,13662,220,2676,36[CR],2511245453
F,26080,13477,2689,36[CR],2511245890
A,36452,22558,2703,35[CR],2511246218
F,21636,13759,2717,34[CR],2511246656
C,13369,208,2731,33[CR],2511246984
F,21554,13957,2744,33[CR],2511247421
C,13296,208,2758,31[CR],2511247750
F,22406,13820,2772,39[CR],2511248187
C,13301,200,2786,39[CR],2511248625
F,23146,13755,2800,38[CR],2511248953
C,13295,214,2814,36[CR],2511249390
F,23878,13698,2828,35[CR],2511249718
C,13256,196,2841,36[CR],2511250156
F,24692,13497,2855,35[CR],2511250484
C,13284,204,2869,33[CR],2511250921
F,25512,13291,2883,33[CR],2511251359
C,13276,208,2896,33[CR],2511251687
F,26296,13265,2910,34[CR],2511252125
A,36364,26776,2924,39[CR],2511252453
F,26900,13237,2938,39[CR],2511252890
C,13340,230,2951,38[CR],2511253218
F,27228,13245,2965,36[CR],2511253656
C,13330,218,2979,36[CR],2511254093
F,27848,13268,2993,35[CR],2511254421
C,13302,232,3007,35[CR],2511254859
F,28128,13273,3020,33[CR],2511255187
C,13254,240,3034,33[CR],2511255625
F,28704,13239,3048,33[CR],2511255953
C,13247,266,3061,33[CR],2511256390
F,29020,13269,3075,30[CR],2511256828
C,13246,260,3089,38[CR],2511257156
F,29280,13285,3103,38[CR],2511257593
C,13224,270,3116,36[CR],2511257921
F,29288,13272,3130,35[CR],2511258359
A,36336,29504,3144,35[CR],2511258687
F,29712,13294,3158,35[CR],2511259125
C,13314,266,3171,34[CR],2511259562
F,30248,13321,3185,34[CR],2511259890
C,13393,262,3199,33[CR],2511260328
F,30824,13402,3213,32[CR],2511260656
C,13310,274,3226,32[CR],2511261093
F,31600,13343,3240,39[CR],2511261421
C,13298,258,3254,38[CR],2511261859
F,32152,13316,3268,36[CR],2511262296
C,13332,256,3281,35[CR],2511262625
F,32904,13322,3295,35[CR],2511263062
C,13299,266,3309,35[CR],2511263390
F,33044,13382,3322,34[CR],2511263828
C,13306,280,3336,34[CR],2511264156
F,33792,13355,3350,33[CR],2511264593
A,36272,33828,3363,33[CR],2511265031
F,34072,13425,3377,30[CR],2511265359
C,13343,274,3391,39[CR],2511265796
F,34508,13415,3405,39[CR],2511266125
C,13344,274,3419,38[CR],2511266562
F,35108,13438,3432,36[CR],2511266890
C,13363,276,3446,36[CR],2511267328
F,35308,13488,3460,35[CR],2511267765
C,13314,274,3474,34[CR],2511268093
F,35624,13461,3487,34[CR],2511268531
C,13322,278,3501,33[CR],2511268859
F,35848,13473,3515,33[CR],2511269312
C,13274,274,3528,28[CR],2511269640
F,36092,13406,3542,28[CR],2511270078
C,13279,274,3556,39[CR],2511270515
F,36644,13427,3570,38[CR],2511270843
A,36236,37096,3583,36[CR],2511271281
F,37140,13416,3597,36[CR],2511271609
C,13316,284,3611,35[CR],2511272046
F,37476,13421,3625,35[CR],2511272375
C,13331,278,3638,34[CR],2511272812
F,37504,13434,3652,34[CR],2511273250
C,13300,276,3666,33[CR],2511273578
F,37604,13410,3679,33[CR],2511274015
C,13293,282,3693,34[CR],2511274343
F,37820,13411,3707,39[CR],2511274781
C,13284,274,3716,7[CR],2511275109
F,37956,13419,3716,1[CR],2511275546
C,13138,278,3716,1[CR],2511275875
F,35968,13104,3716,0[CR],2511276312
C,12782,282,3716,0[CR],2511276750
F,31588,12820,3716,0[CR],2511277078
A,36128,31812,3716,0[CR],2511277515
F,31844,12807,3716,0[CR],2511277843
C,12717,280,3716,0[CR],2511278390
Z,0,0,3716,0[CR],2511278609
C,12736,286,3716,0[CR],2511279046
F,31564,12816,3716,0[CR],2511279484
C,12743,276,3716,0[CR],2511279812
F,31696,12816,3716,0[CR],2511280250
C,12745,276,3716,0[CR],2511280687
Z,0,0,3716,0[CR],2511281234
Z,0,0,3716,0[CR],2511281781
Z,0,0,3716,0[CR],2511282218
Z,0,0,3716,0[CR],2511282765
Z,0,0,3716,0[CR],2511283203
Z,0,0,3716,0[CR],2511283750
Z,0,0,3716,0[CR],2511284296
Z,0,0,3716,0[CR],2511284734
Z,0,0,3716,0[CR],2511285281
Z,0,0,3716,0[CR],2511285718
Z,0,0,3716,0[CR],2511286265
Z,0,0,3716,0[CR],2511286703
Z,0,0,3716,0[CR],2511287250
Z,0,0,3716,0[CR],2511287796
Z,0,0,3716,0[CR],2511288234
Z,0,0,3716,0[CR],2511288781
Z,0,0,3716,0[CR],2511289218
Z,0,0,3716,0[CR],2511289765
Z,0,0,3716,0[CR],2511290203
Z,0,0,3716,0[CR],2511290750
Z,0,0,3716,0[CR],2511291296
Z,0,0,3716,0[CR],2511291734
Z,0,0,3716,0[CR],2511292281
Z,0,0,3716,0[CR],2511292718
Z,0,0,3716,0[CR],2511293265
Z,0,0,3716,0[CR],2511293703
Z,0,0,3716,0[CR],2511294250
Z,0,0,3716,0[CR],2511294796
Z,0,0,3716,0[CR],2511295234
Z,0,0,3716,0[CR],2511295781
Z,0,0,3716,0[CR],2511296218
Z,0,0,3716,0[CR],2511296765
Z,0,0,3716,0[CR],2511297203
Z,0,0,3716,0[CR],2511297750
Z,0,0,3716,0[CR],2511298296
Z,0,0,3716,0[CR],2511298734
Z,0,0,3716,0[CR],2511299281
Z,0,0,3716,0[CR],2511299718
Z,0,0,3716,0[CR],2511300265
Z,0,0,3716,0[CR],2511300703
Z,0,0,3716,0[CR],2511301250
Z,0,0,3716,0[CR],2511301796
Z,0,0,3716,0[CR],2511302234
Z,0,0,3716,0[CR],2511302781
Z,0,0,3716,51[CR],2511303218
Z,0,0,3716,47[CR],2511303765
Z,0,0,3725,38[CR],2511304093
F,31444,12797,3730,19[CR],2511304421
C,12759,270,3731,2[CR],2511304859
F,35200,12965,3731,1[CR],2511305187
C,12838,288,3731,0[CR],2511305625
F,34460,12916,3731,0[CR],2511305953
C,12829,286,3731,0[CR],2511306390
F,34244,12910,3731,0[CR],2511306828
C,12823,278,3731,0[CR],2511307156
F,34176,12902,3739,14[CR],2511307593
C,12819,282,3740,2[CR],2511307921
F,37952,13152,3740,2[CR],2511308359
A,35840,36908,3740,1[CR],2511308687
F,36688,13086,3740,0[CR],2511309125
C,13044,288,3740,0[CR],2511309562
F,36376,13057,3740,0[CR],2511309890
C,13026,280,3740,0[CR],2511310328
F,36124,13049,3740,0[CR],2511310656
C,13012,280,3740,0[CR],2511311093
F,35964,13038,3744,41[CR],2511311531
C,13001,280,3758,34[CR],2511311859
F,38412,13463,3772,34[CR],2511312296
C,13280,280,3785,32[CR],2511312625
F,39428,13466,3799,33[CR],2511313062
C,13300,284,3812,29[CR],2511313390
F,39560,13467,3826,29[CR],2511313828
C,13322,292,3839,38[CR],2511314265
F,39796,13475,3853,38[CR],2511314593
A,35820,39792,3867,36[CR],2511315031
F,39652,13480,3881,38[CR],2511315359
C,13338,288,3894,35[CR],2511315796
F,39276,13469,3908,35[CR],2511316125
C,13366,312,3922,34[CR],2511316562
F,38996,13453,3935,32[CR],2511316890
C,13321,308,3949,34[CR],2511317328
F,37984,13434,3963,32[CR],2511317765
C,13350,318,3976,32[CR],2511318093
F,38552,13477,3990,30[CR],2511318531
C,13335,312,4004,36[CR],2511318859
F,38440,13503,4018,38[CR],2511319296
C,13286,326,4031,36[CR],2511319625
F,38620,13495,4045,36[CR],2511320062
C,13290,328,4059,35[CR],2511320500
F,38572,13484,4073,34[CR],2511320828
A,35816,38680,4086,34[CR],2511321265
F,38584,13498,4100,32[CR],2511321593
C,13281,342,4114,33[CR],2511322031
F,38796,13457,4128,34[CR],2511322359
C,13288,342,4141,30[CR],2511322796
F,37524,13447,4155,39[CR],2511323234
C,13270,352,4169,38[CR],2511323562
F,37384,13421,4183,36[CR],2511324000
C,13284,338,4197,35[CR],2511324328
F,38108,13399,4211,36[CR],2511324765
C,13326,344,4224,35[CR],2511325093
F,38868,13363,4238,34[CR],2511325531
C,13336,346,4252,34[CR],2511325968
F,39336,13363,4266,32[CR],2511326296
C,13335,342,4279,34[CR],2511326734
F,39376,13386,4293,33[CR],2511327062
A,35696,39260,4307,38[CR],2511327500
F,39192,13394,4321,36[CR],2511327843
C,13291,342,4335,36[CR],2511328265
F,39444,13405,4348,35[CR],2511328703
C,13306,352,4362,35[CR],2511329031
F,39768,13408,4376,35[CR],2511329468
C,13323,356,4390,33[CR],2511329796
F,40144,13422,4403,33[CR],2511330234
C,13351,348,4417,32[CR],2511330562
F,40472,13435,4431,33[CR],2511331000
C,13346,348,4444,32[CR],2511331437
F,40528,13421,4458,39[CR],2511331765
C,13337,346,4472,39[CR],2511332203
F,39820,13423,4486,38[CR],2511332531
C,13297,374,4500,35[CR],2511333078
Z,0,0,4517,34[CR],2511333296
A,35656,39452,4528,35[CR],2511333734
F,39516,13425,4541,34[CR],2511334171
C,13291,382,4555,34[CR],2511334500
F,39728,13423,4569,32[CR],2511334937
C,13291,394,4582,33[CR],2511335265
F,39884,13417,4596,35[CR],2511335703
C,13276,414,4610,39[CR],2511336031
F,39920,13434,4624,36[CR],2511336468
C,13361,418,4638,36[CR],2511336906
F,40036,13423,4651,36[CR],2511337234
C,13378,418,4664,34[CR],2511337671
F,37952,13377,4678,35[CR],2511338000
C,13387,416,4691,32[CR],2511338437
F,39408,13405,4704,34[CR],2511338765
C,13387,416,4717,31[CR],2511339203
F,39776,13405,4730,33[CR],2511339640
A,35612,39988,4744,33[CR],2511339968
F,40124,13395,4757,33[CR],2511340406
C,13391,416,4771,33[CR],2511340734
F,40440,13413,4785,38[CR],2511341171
C,13361,416,4799,39[CR],2511341500
F,40748,13444,4813,36[CR],2511341937
C,13361,416,4827,38[CR],2511342375
F,41208,13449,4840,36[CR],2511342703
C,13377,416,4854,36[CR],2511343140
F,41608,13469,4868,34[CR],2511343468
C,13368,416,4883,35[CR],2511343906
F,41664,13483,4897,32[CR],2511344234
C,13393,416,4910,32[CR],2511344671
F,41416,13478,4924,38[CR],2511345109
C,13345,418,4938,38[CR],2511345437
F,41200,13470,4953,41[CR],2511345875
A,35580,41272,4967,38[CR],2511346203
F,41328,13446,4981,34[CR],2511346640
C,13381,426,4994,34[CR],2511346968
F,41744,13459,5008,34[CR],2511347406
C,13383,408,5022,35[CR],2511347843
F,41968,13459,5036,32[CR],2511348171
C,13352,420,5049,27[CR],2511348609
F,41992,13441,5062,29[CR],2511348937
C,13383,422,5074,29[CR],2511349375
F,42200,13441,5088,39[CR],2511349703
C,13384,422,5102,38[CR],2511350140
F,41984,13423,5116,38[CR],2511350578
C,13368,408,5130,36[CR],2511350906
F,41784,13437,5144,36[CR],2511351343
C,13347,416,5157,35[CR],2511351671
F,41032,13410,5171,34[CR],2511352109
A,35500,40992,5185,34[CR],2511352437
F,41120,13441,5198,32[CR],2511352875
C,13360,430,5212,33[CR],2511353312
F,41960,13434,5226,31[CR],2511353640
C,13347,440,5239,39[CR],2511354078
F,41968,13429,5253,39[CR],2511354406
C,13391,430,5267,38[CR],2511354843
F,42560,13449,5281,36[CR],2511355171
C,13372,458,5295,36[CR],2511355609
F,42000,13439,5309,35[CR],2511356046
C,13346,478,5322,34[CR],2511356375
F,41504,13429,5336,34[CR],2511356812
C,13357,492,5350,33[CR],2511357140
F,41704,13368,5363,32[CR],2511357578
C,13369,488,5377,29[CR],2511357906
F,41952,13398,5391,28[CR],2511358343
A,35452,41824,5404,38[CR],2511358781
F,41536,13396,5418,38[CR],2511359109
C,13306,488,5432,36[CR],2511359546
F,41328,13366,5446,36[CR],2511359875
C,13291,496,5459,35[CR],2511360312
F,41528,13375,5473,34[CR],2511360640
C,13336,482,5487,34[CR],2511361078
F,41712,13371,5501,34[CR],2511361515
C,13347,492,5514,33[CR],2511361843
F,42624,13385,5528,33[CR],2511362281
C,13343,492,5541,28[CR],2511362609
F,42600,13360,5555,31[CR],2511363046
C,13382,494,5569,36[CR],2511363375
F,42280,13365,5583,38[CR],2511363812
C,13341,496,5596,36[CR],2511364250
F,41784,13362,5610,36[CR],2511364578
A,35400,42456,5624,35[CR],2511365015
F,42648,13313,5638,35[CR],2511365343
C,13397,496,5651,34[CR],2511365781
F,42960,13364,5665,33[CR],2511366109
C,13398,498,5678,32[CR],2511366546
F,42528,13347,5692,28[CR],2511366984
C,13313,496,5705,27[CR],2511367312
F,42192,13364,5716,12[CR],2511367750
C,13346,488,5716,8[CR],2511368078
F,42000,13110,5716,2[CR],2511368515
C,13205,508,5716,1[CR],2511368843
F,32152,12759,5716,0[CR],2511369281
C,12756,496,5716,0[CR],2511369718
F,32972,12764,5716,0[CR],2511370046
C,12769,494,5716,0[CR],2511370484
F,32096,12742,5716,0[CR],2511370812
A,35388,32604,5716,0[CR],2511371250
F,32688,12801,5716,0[CR],2511371578
C,12764,494,5716,0[CR],2511372015
F,33052,12789,5716,0[CR],2511372562
Z,0,0,5716,0[CR],2511373000
Z,0,0,5716,0[CR],2511373546
Z,0,0,5716,0[CR],2511373984
Z,0,0,5716,0[CR],2511374531
Z,0,0,5716,0[CR],2511375078
Z,0,0,5716,0[CR],2511375515
Z,0,0,5716,0[CR],2511376062
Z,0,0,5716,0[CR],2511376500
Z,0,0,5716,0[CR],2511377046
Z,0,0,5716,0[CR],2511377593
Z,0,0,5716,0[CR],2511378031
Z,0,0,5716,0[CR],2511378578
Z,0,0,5716,0[CR],2511379015
Z,0,0,5716,0[CR],2511379562
Z,0,0,5716,0[CR],2511380000
Z,0,0,5716,0[CR],2511380546
Z,0,0,5716,0[CR],2511381093
Z,0,0,5716,0[CR],2511381531
Z,0,0,5716,0[CR],2511382078
Z,0,0,5716,0[CR],2511382515
Z,0,0,5716,0[CR],2511383062
Z,0,0,5716,0[CR],2511383500
Z,0,0,5716,0[CR],2511384046
Z,0,0,5716,0[CR],2511384593
Z,0,0,5716,0[CR],2511385031
Z,0,0,5716,0[CR],2511385578
Z,0,0,5716,0[CR],2511386015
Z,0,0,5716,0[CR],2511386562
Z,0,0,5716,0[CR],2511387000
Z,0,0,5716,0[CR],2511387546
Z,0,0,5716,0[CR],2511388093
Z,0,0,5716,0[CR],2511388531
Z,0,0,5716,0[CR],2511389078
Z,0,0,5716,0[CR],2511389515
Z,0,0,5716,0[CR],2511390062
Z,0,0,5716,0[CR],2511390609
Z,0,0,5716,0[CR],2511391046
Z,0,0,5716,0[CR],2511391593
Z,0,0,5716,0[CR],2511392031
Z,0,0,5716,0[CR],2511392578
Z,0,0,5716,0[CR],2511393015
Z,0,0,5716,0[CR],2511393562
Z,0,0,5716,68[CR],2511394109
Z,0,0,5727,7[CR],2511394328
C,12762,510,5727,2[CR],2511394625
F,36020,12915,5727,1[CR],2511395093
C,12847,498,5727,0[CR],2511395421
F,35684,12906,5727,0[CR],2511395859
A,35236,35552,5727,0[CR],2511396187
F,35528,12900,5727,0[CR],2511396625
C,12836,492,5727,0[CR],2511397062
F,35476,12897,5727,0[CR],2511397390
C,12834,504,5736,4[CR],2511397828
F,39164,13231,5736,2[CR],2511398156
C,13208,502,5736,1[CR],2511398593
F,41200,13087,5736,0[CR],2511398921
C,13153,494,5736,0[CR],2511399359
F,40604,13071,5736,0[CR],2511399796
C,13128,502,5736,0[CR],2511400125
F,40252,13060,5736,0[CR],2511400562
C,13113,518,5736,0[CR],2511400890
F,40044,13051,5736,0[CR],2511401328
C,13102,500,5745,32[CR],2511401656
F,39860,13293,5756,26[CR],2511402093
A,35180,43640,5769,38[CR],2511402531
F,43944,13326,5782,35[CR],2511402859
C,13367,494,5796,34[CR],2511403296
F,42960,13319,5809,34[CR],2511403625
C,13350,500,5823,33[CR],2511404062
F,42624,13287,5836,33[CR],2511404390
C,13300,500,5850,33[CR],2511404828
F,42488,13273,5863,30[CR],2511405265
C,13319,498,5877,36[CR],2511405593
F,43288,13303,5891,38[CR],2511406031
C,13352,520,5904,38[CR],2511406359
F,44128,13268,5918,36[CR],2511406796
C,13327,498,5932,35[CR],2511407125
F,43896,13266,5945,32[CR],2511407562
C,13326,522,5959,34[CR],2511408000
F,43408,13232,5973,34[CR],2511408328
A,35156,42920,5986,33[CR],2511408765
F,42480,13241,6000,33[CR],2511409093
C,13275,558,6013,32[CR],2511409531
F,42344,13209,6027,33[CR],2511409859
C,13267,546,6041,34[CR],2511410296
F,42216,13192,6055,41[CR],2511410734
C,13254,556,6069,38[CR],2511411062
F,42256,13254,6083,36[CR],2511411500
C,13256,568,6097,35[CR],2511411828
F,41592,13239,6111,34[CR],2511412265
C,13302,564,6124,34[CR],2511412593
F,43144,13200,6138,32[CR],2511413031
C,13313,566,6152,32[CR],2511413468
F,43040,13206,6165,34[CR],2511413796
C,13290,566,6179,29[CR],2511414234
F,43344,13190,6193,39[CR],2511414562
A,35116,43984,6207,38[CR],2511415000
F,43880,13162,6220,36[CR],2511415328
C,13297,562,6234,35[CR],2511415765
F,43936,13169,6248,35[CR],2511416203
C,13330,570,6262,35[CR],2511416531
F,43784,13139,6275,35[CR],2511416968
C,13290,568,6289,33[CR],2511417296
F,43088,13159,6303,32[CR],2511417734
C,13282,562,6316,33[CR],2511418062
F,43384,13141,6330,30[CR],2511418500
C,13335,568,6344,34[CR],2511418937
F,43856,13154,6358,39[CR],2511419265
C,13326,568,6371,39[CR],2511419703
F,43952,13122,6385,38[CR],2511420031
C,13359,562,6399,35[CR],2511420468
F,43440,13160,6413,35[CR],2511420796
A,35112,42712,6426,34[CR],2511421234
F,42584,13177,6440,34[CR],2511421593
C,13309,572,6453,32[CR],2511422000
F,43104,13159,6467,33[CR],2511422437
C,13367,568,6481,33[CR],2511422765
F,44120,13109,6494,29[CR],2511423203
C,13397,568,6508,38[CR],2511423531
F,43696,13108,6522,38[CR],2511423968
C,13377,566,6536,36[CR],2511424406
F,43000,13107,6550,36[CR],2511424734
C,13358,568,6563,35[CR],2511425171
F,43848,13132,6577,35[CR],2511425500
C,13361,574,6591,34[CR],2511425937
F,44072,13115,6604,34[CR],2511426265
C,13375,572,6618,33[CR],2511426703
F,44336,13113,6632,30[CR],2511427140
A,35020,44048,6645,30[CR],2511427468
F,43088,13053,6659,38[CR],2511427906
C,13275,576,6673,39[CR],2511428234
F,42624,13080,6687,36[CR],2511428671
C,13288,600,6701,36[CR],2511429000
F,43536,13119,6714,35[CR],2511429437
C,13328,572,6728,35[CR],2511429875
F,44352,13151,6742,35[CR],2511430203
C,13361,582,6756,34[CR],2511430640
F,44648,13104,6769,32[CR],2511430968
C,13352,582,6783,32[CR],2511431406
F,44520,13128,6797,30[CR],2511431734
C,13341,582,6811,38[CR],2511432171
F,43592,13101,6825,38[CR],2511432609
C,13373,574,6838,38[CR],2511432937
F,44232,13095,6852,38[CR],2511433375
A,34988,43792,6866,35[CR],2511433703
F,44008,13096,6880,35[CR],2511434140
C,13343,584,6894,33[CR],2511434468
F,43768,13072,6907,34[CR],2511434906
C,13370,584,6921,33[CR],2511435343
F,43648,13101,6935,31[CR],2511435671
C,13293,594,6948,31[CR],2511436109
F,43456,13094,6962,39[CR],2511436437
C,13285,582,6976,38[CR],2511436875
F,43384,13078,6990,36[CR],2511437312
C,13338,586,7004,36[CR],2511437640
F,44120,13153,7018,35[CR],2511438078
C,13377,586,7031,36[CR],2511438406
F,44784,13136,7045,34[CR],2511438843
C,13378,592,7059,33[CR],2511439171
F,44432,13083,7073,33[CR],2511439609
A,34956,43736,7086,33[CR],2511440046
F,42808,13117,7100,29[CR],2511440375
C,13281,594,7114,39[CR],2511440812
F,43456,13082,7128,38[CR],2511441140
C,13379,590,7142,36[CR],2511441578
F,45208,13079,7155,36[CR],2511441906
C,13358,600,7169,35[CR],2511442343
F,44512,13079,7183,35[CR],2511442781
C,13309,598,7197,35[CR],2511443109
F,44256,13096,7210,33[CR],2511443546
C,13316,590,7224,32[CR],2511443875
F,44776,13112,7238,32[CR],2511444312
C,13333,636,7251,28[CR],2511444640
F,45528,13123,7265,38[CR],2511445078
C,13359,622,7279,38[CR],2511445515
F,44752,13087,7293,36[CR],2511445843
A,34880,44872,7307,35[CR],2511446281
F,44360,13091,7321,35[CR],2511446609
C,13323,604,7335,35[CR],2511447046
F,44760,13103,7349,33[CR],2511447375
C,13344,608,7362,34[CR],2511447812
F,44824,13094,7376,33[CR],2511448140
C,13303,634,7390,30[CR],2511448578
F,44408,13074,7404,33[CR],2511449015
C,13382,596,7417,39[CR],2511449343
F,45632,13168,7432,36[CR],2511449781
C,13421,636,7445,38[CR],2511450109
F,45520,13138,7459,35[CR],2511450546
C,13416,656,7473,35[CR],2511450875
F,44624,13162,7487,34[CR],2511451312
C,13402,650,7500,34[CR],2511451750
F,44960,13138,7514,33[CR],2511452078
A,34896,45920,7528,31[CR],2511452515
F,46232,13148,7542,29[CR],2511452843
C,13421,652,7556,39[CR],2511453281
F,45048,13162,7570,38[CR],2511453609
C,13423,656,7583,38[CR],2511454046
F,45672,13124,7597,38[CR],2511454484
C,13390,646,7611,36[CR],2511454812
F,46128,13140,7625,34[CR],2511455250
C,13373,658,7639,34[CR],2511455578
F,45912,13185,7653,33[CR],2511456015
C,13364,660,7666,33[CR],2511456453
F,46048,13166,7680,29[CR],2511456781
C,13426,650,7693,32[CR],2511457218
F,46128,13104,7708,39[CR],2511457546
C,13422,652,7716,8[CR],2511457984
F,45032,13101,7716,3[CR],2511458312
A,34868,43568,7716,1[CR],2511458750
F,43288,13024,7716,1[CR],2511459093
C,13255,658,7716,0[CR],2511459515
F,42936,13009,7716,0[CR],2511459953
C,13235,654,7716,0[CR],2511460281
F,42704,13004,7716,0[CR],2511460718
C,13225,654,7716,0[CR],2511461046
F,42288,12997,7716,0[CR],2511461484
C,13214,666,7716,0[CR],2511461921
F,41400,12978,7716,0[CR],2511462250
C,13120,652,7716,0[CR],2511462687
F,41536,12988,7716,0[CR],2511463015
C,13168,646,7716,0[CR],2511463453
F,41840,12981,7716,0[CR],2511463890
Z,0,0,7716,0[CR],2511464437
Z,0,0,7716,0[CR],2511464984
Z,0,0,7716,0[CR],2511465421
Z,0,0,7716,0[CR],2511465968
Z,0,0,7716,0[CR],2511466406
Z,0,0,7716,0[CR],2511466953
Z,0,0,7716,0[CR],2511467390
Z,0,0,7716,0[CR],2511467937
Z,0,0,7716,0[CR],2511468484
Z,0,0,7716,0[CR],2511468921
Z,0,0,7716,0[CR],2511469468
Z,0,0,7716,0[CR],2511469906
Z,0,0,7716,0[CR],2511470453
Z,0,0,7716,0[CR],2511470890
Z,0,0,7716,0[CR],2511471437
Z,0,0,7716,0[CR],2511471984
Z,0,0,7716,0[CR],2511472421
Z,0,0,7716,0[CR],2511472968
Z,0,0,7716,0[CR],2511473406
Z,0,0,7716,0[CR],2511473953
Z,0,0,7716,0[CR],2511474500
Z,0,0,7716,0[CR],2511474937
Z,0,0,7716,0[CR],2511475484
Z,0,0,7716,0[CR],2511475921
Z,0,0,7716,0[CR],2511476468
Z,0,0,7716,0[CR],2511476906
Z,0,0,7716,0[CR],2511477453
Z,0,0,7716,0[CR],2511478000
Z,0,0,7716,0[CR],2511478437
Z,0,0,7716,0[CR],2511478984
Z,0,0,7716,0[CR],2511479421
Z,0,0,7716,0[CR],2511479968
Z,0,0,7716,0[CR],2511480406
Z,0,0,7716,0[CR],2511480953
Z,0,0,7716,0[CR],2511481500
Z,0,0,7716,0[CR],2511481937
Z,0,0,7716,0[CR],2511482484
Z,0,0,7716,0[CR],2511482921
Z,0,0,7716,0[CR],2511483468
Z,0,0,7716,0[CR],2511483906
Z,0,0,7716,44[CR],2511484453
Z,0,0,7716,47[CR],2511485000
Z,0,0,7716,36[CR],2511485437
Z,0,0,7727,34[CR],2511485656
C,13003,652,7730,10[CR],2511486093
F,40208,13018,7732,3[CR],2511486421
C,13212,660,7732,1[CR],2511486859
F,41416,12997,7732,0[CR],2511487296
C,13207,652,7732,0[CR],2511487625
F,41232,12990,7732,0[CR],2511488062
C,13187,656,7732,0[CR],2511488390
F,41136,12987,7732,0[CR],2511488828
C,13182,656,7732,0[CR],2511489265
F,41032,12985,7732,0[CR],2511489593
A,34724,40960,7736,3[CR],2511490031
F,42008,13098,7737,1[CR],2511490359
C,13342,646,7737,0[CR],2511490796
F,43544,13048,7737,0[CR],2511491125
C,13273,648,7737,0[CR],2511491562
F,43104,13035,7737,0[CR],2511492000
C,13242,652,7737,0[CR],2511492328
F,42816,13029,7737,0[CR],2511492765
C,13228,652,7737,0[CR],2511493093
F,42608,13024,7737,0[CR],2511493531
C,13216,658,7746,29[CR],2511493859
F,42472,13184,7756,33[CR],2511494296
C,13401,650,7769,35[CR],2511494734
F,46088,13170,7783,34[CR],2511495062
C,13365,646,7796,34[CR],2511495500
F,45880,13157,7809,33[CR],2511495828
A,34700,45976,7823,33[CR],2511496265
F,46064,13139,7836,32[CR],2511496593
C,13417,652,7850,32[CR],2511497031
F,47032,13154,7863,29[CR],2511497468
C,13470,660,7876,29[CR],2511497796
F,45728,13157,7890,30[CR],2511498234
C,13387,664,7902,36[CR],2511498562
F,45928,13130,7916,38[CR],2511499000
C,13419,676,7930,38[CR],2511499328
F,46032,13150,7943,38[CR],2511499765
C,13450,706,7957,36[CR],2511500203
F,45056,13088,7971,36[CR],2511500531
C,13352,698,7984,33[CR],2511500968
F,44408,13095,7998,34[CR],2511501296
C,13407,698,8011,34[CR],2511501734
F,45912,13162,8025,33[CR],2511502062
A,34672,45760,8038,32[CR],2511502500
F,45632,13152,8052,32[CR],2511502937
C,13387,686,8065,31[CR],2511503265
F,47320,13157,8079,38[CR],2511503703
C,13494,704,8093,38[CR],2511504031
F,46816,13196,8107,38[CR],2511504468
C,13428,714,8120,36[CR],2511504796
F,47624,13158,8134,38[CR],2511505234
C,13403,718,8148,36[CR],2511505671
F,46848,13160,8162,35[CR],2511506000
C,13399,718,8175,34[CR],2511506437
F,45488,13163,8189,32[CR],2511506765
C,13473,718,8203,32[CR],2511507203
F,46864,13160,8216,30[CR],2511507531
C,13442,718,8230,30[CR],2511507968
F,46416,13154,8244,36[CR],2511508406
A,34616,46840,8257,36[CR],2511508734
F,46960,13171,8271,36[CR],2511509171
C,13474,720,8284,36[CR],2511509500
F,47024,13157,8298,35[CR],2511509937
C,13432,714,8312,35[CR],2511510265
F,45112,13162,8326,35[CR],2511510703
C,13410,716,8339,36[CR],2511511140
F,46000,13166,8354,32[CR],2511511468
C,13413,720,8367,32[CR],2511511906
F,46760,13108,8381,31[CR],2511512234
C,13414,716,8394,33[CR],2511512671
F,47272,13167,8408,39[CR],2511513000
C,13391,714,8422,38[CR],2511513437
F,46888,13176,8436,36[CR],2511513875
C,13421,718,8449,36[CR],2511514203
F,47360,13139,8463,35[CR],2511514640
A,34632,47336,8477,34[CR],2511514968
F,46104,13065,8491,34[CR],2511515343
C,13431,718,8504,32[CR],2511515734
F,45616,13090,8518,33[CR],2511516171
C,13448,716,8531,33[CR],2511516609
F,46968,13125,8545,30[CR],2511516937
C,13432,718,8558,39[CR],2511517375
F,47624,13100,8572,38[CR],2511517703
C,13464,724,8586,38[CR],2511518140
F,47160,13137,8600,36[CR],2511518468
C,13385,710,8614,36[CR],2511518906
F,45752,13120,8627,35[CR],2511519343
C,13393,702,8641,34[CR],2511519671
F,46272,13166,8655,34[CR],2511520109
C,13438,718,8668,32[CR],2511520437
F,47344,13161,8682,34[CR],2511520875
A,34568,47632,8695,31[CR],2511521203
F,47464,13158,8709,34[CR],2511521640
C,13460,718,8723,39[CR],2511522078
F,47232,13198,8737,36[CR],2511522406
C,13435,724,8751,36[CR],2511522843
F,47672,13195,8764,36[CR],2511523171
C,13460,720,8778,35[CR],2511523609
F,47648,13163,8792,34[CR],2511523937
C,13498,720,8806,34[CR],2511524375
F,47288,13204,8819,33[CR],2511524703
C,13466,718,8833,32[CR],2511525140
F,46160,13199,8846,32[CR],2511525578
C,13447,730,8860,32[CR],2511525906
F,48016,13171,8874,35[CR],2511526343
C,13410,710,8888,38[CR],2511526671
F,48208,13162,8901,38[CR],2511527109
A,34556,47608,8915,36[CR],2511527437
F,47656,13173,8929,35[CR],2511527875
C,13464,724,8943,36[CR],2511528312
F,47952,13134,8956,34[CR],2511528640
C,13511,736,8970,34[CR],2511529078
F,47288,13113,8984,32[CR],2511529406
C,13443,756,8997,33[CR],2511529843
F,47400,13143,9011,33[CR],2511530281
C,13461,762,9025,36[CR],2511530609
F,48232,13170,9038,38[CR],2511531046
C,13436,762,9052,36[CR],2511531375
F,48184,13137,9066,36[CR],2511531812
C,13455,752,9080,36[CR],2511532140
F,48888,13174,9093,35[CR],2511532578
C,13469,776,9107,35[CR],2511532906
F,47720,13103,9121,34[CR],2511533343
A,34552,47872,9135,34[CR],2511533671
F,46944,13069,9148,33[CR],2511534109
C,13428,774,9162,33[CR],2511534546
F,47392,13146,9175,31[CR],2511534875
C,13472,790,9189,39[CR],2511535312
F,48048,13150,9203,38[CR],2511535640
C,13457,786,9217,36[CR],2511536078
F,48000,13193,9230,35[CR],2511536531
C,13494,782,9244,36[CR],2511536859
F,47984,13184,9258,35[CR],2511537296
C,13426,782,9272,35[CR],2511537625
F,46360,13182,9285,34[CR],2511538062
C,13391,786,9299,33[CR],2511538390
F,46976,13158,9313,33[CR],2511538828
C,13442,786,9326,30[CR],2511539265
F,48232,13195,9340,33[CR],2511539593
A,34544,48688,9354,39[CR],2511540031
F,48688,13186,9368,38[CR],2511540359
C,13469,786,9382,36[CR],2511540796
F,48736,13186,9396,36[CR],2511541125
C,13444,790,9409,35[CR],2511541562
F,48504,13151,9423,34[CR],2511542000
C,13504,790,9436,35[CR],2511542328
F,47576,13113,9450,33[CR],2511542765
C,13467,784,9463,34[CR],2511543093
F,47544,13084,9477,33[CR],2511543531
C,13491,784,9491,31[CR],2511543859
F,48952,13156,9505,35[CR],2511544296
C,13485,790,9518,39[CR],2511544734
F,48880,13155,9533,36[CR],2511545062
C,13500,792,9546,36[CR],2511545500
F,48128,13162,9560,36[CR],2511545828
A,34488,47784,9574,34[CR],2511546265
F,47840,13169,9587,35[CR],2511546593
C,13476,786,9601,34[CR],2511547031
F,49112,13213,9615,33[CR],2511547468
C,13482,786,9628,32[CR],2511547796
F,48712,13176,9642,32[CR],2511548234
C,13494,812,9655,36[CR],2511548562
F,49792,13212,9669,38[CR],2511549000
C,13500,798,9683,36[CR],2511549328
F,48680,13185,9696,36[CR],2511549765
C,13487,808,9710,35[CR],2511550093
F,48104,13132,9716,6[CR],2511550531
C,13468,790,9716,2[CR],2511550968
F,46488,13067,9716,3[CR],2511551296
C,13364,804,9716,1[CR],2511551734
F,37008,12866,9716,0[CR],2511552062
A,34496,38596,9716,0[CR],2511552500
F,38808,12876,9716,0[CR],2511552843
C,12933,786,9716,0[CR],2511553265
F,37652,12855,9716,0[CR],2511553703
C,12911,782,9716,0[CR],2511554031
F,38568,12864,9716,0[CR],2511554468
C,12923,802,9716,0[CR],2511554906
Z,0,0,9716,0[CR],2511555453
Z,0,0,9716,0[CR],2511556000
Z,0,0,9716,0[CR],2511556437
Z,0,0,9716,0[CR],2511556984
Z,0,0,9716,0[CR],2511557421
Z,0,0,9716,0[CR],2511557968
Z,0,0,9716,0[CR],2511558515
Z,0,0,9716,0[CR],2511558953
Z,0,0,9716,0[CR],2511559500
Z,0,0,9716,0[CR],2511559937
Z,0,0,9716,0[CR],2511560484
Z,0,0,9716,0[CR],2511561031
Z,0,0,9716,0[CR],2511561468
Z,0,0,9716,0[CR],2511562015
Z,0,0,9716,0[CR],2511562453
Z,0,0,9716,0[CR],2511563000
Z,0,0,9716,0[CR],2511563437
Z,0,0,9716,0[CR],2511563984
Z,0,0,9716,0[CR],2511564531
Z,0,0,9716,0[CR],2511564968
Z,0,0,9716,0[CR],2511565515
Z,0,0,9716,0[CR],2511565953
Z,0,0,9716,0[CR],2511566500
Z,0,0,9716,0[CR],2511566937
Z,0,0,9716,0[CR],2511567484
Z,0,0,9716,0[CR],2511568031
Z,0,0,9716,0[CR],2511568468
Z,0,0,9716,0[CR],2511569015
Z,0,0,9716,0[CR],2511569453
Z,0,0,9716,0[CR],2511570000
Z,0,0,9716,0[CR],2511570437
Z,0,0,9716,0[CR],2511571000
Z,0,0,9716,0[CR],2511571546
Z,0,0,9716,0[CR],2511571984
Z,0,0,9716,0[CR],2511572531
Z,0,0,9716,0[CR],2511572968
Z,0,0,9716,0[CR],2511573515
Z,0,0,9716,0[CR],2511573953
Z,0,0,9716,0[CR],2511574500
Z,0,0,9716,0[CR],2511575046
Z,0,0,9716,0[CR],2511575484
Z,0,0,9716,0[CR],2511576031
Z,0,0,9716,0[CR],2511576468
Z,0,0,9716,0[CR],2511577015
Z,0,0,9716,0[CR],2511577453
Z,0,0,9716,0[CR],2511578000
Z,0,0,9716,0[CR],2511578546
Z,0,0,9716,60[CR],2511578984
Z,0,0,9716,51[CR],2511579531
Z,0,0,9724,23[CR],2511579859
F,39012,12873,9728,12[CR],2511580218
C,12978,798,9729,3[CR],2511580625
F,42120,12943,9729,1[CR],2511580953
C,13021,802,9729,0[CR],2511581390
F,41648,12937,9729,0[CR],2511581828
C,13012,794,9729,0[CR],2511582156
F,41496,12935,9729,0[CR],2511582593
C,13009,794,9729,0[CR],2511582921
F,41424,12933,9729,0[CR],2511583359
A,34368,41376,9733,54[CR],2511583687
F,41328,12933,9737,3[CR],2511584125
C,13498,796,9737,1[CR],2511584562
F,47256,13092,9737,0[CR],2511584890
C,13319,822,9737,0[CR],2511585328
F,45936,13067,9738,0[CR],2511585656
C,13277,800,9738,0[CR],2511586093
F,45464,13050,9738,0[CR],2511586421
C,13248,802,9738,0[CR],2511586859
F,45120,13043,9738,0[CR],2511587296
C,13230,790,9738,0[CR],2511587625
F,44944,13039,9751,27[CR],2511588062
C,13498,820,9761,24[CR],2511588390
F,49584,13200,9775,33[CR],2511588828
C,13486,812,9788,33[CR],2511589265
F,48344,13201,9802,38[CR],2511589593
A,34376,48448,9815,39[CR],2511590031
F,48248,13188,9829,36[CR],2511590359
C,13499,848,9842,36[CR],2511590796
F,47800,13220,9856,36[CR],2511591125
C,13495,844,9869,36[CR],2511591562
F,48888,13187,9883,35[CR],2511592000
C,13546,846,9897,34[CR],2511592328
F,48536,13190,9910,34[CR],2511592765
C,13501,854,9923,32[CR],2511593093
F,48400,13203,9936,32[CR],2511593531
C,13491,852,9950,31[CR],2511593859
F,49736,13179,9963,32[CR],2511594296
C,13478,832,9977,31[CR],2511594734
F,49976,13197,9990,30[CR],2511595062
C,13491,854,10004,36[CR],2511595500
F,49984,13215,10018,38[CR],2511595828
A,34360,49736,10031,36[CR],2511596265
F,49520,13186,10045,36[CR],2511596593
C,13492,854,10058,36[CR],2511597031
F,48296,13097,10072,35[CR],2511597468
C,13454,854,10086,36[CR],2511597812
F,48480,13196,10100,35[CR],2511598234
C,13447,846,10113,32[CR],2511598562
F,47960,13195,10127,32[CR],2511599000
C,13510,856,10140,33[CR],2511599328
F,49160,13133,10154,28[CR],2511599765
C,13484,846,10167,32[CR],2511600203
F,49296,13239,10181,38[CR],2511600531
C,13481,834,10194,38[CR],2511600968
F,49184,13185,10208,35[CR],2511601296
C,13495,852,10221,36[CR],2511601734
F,48424,13135,10235,34[CR],2511602062
A,34352,47296,10248,34[CR],2511602500
F,47176,13132,10261,35[CR],2511602937
C,13511,856,10275,34[CR],2511603265
F,48280,13181,10288,34[CR],2511603703
C,13560,854,10302,33[CR],2511604031
F,49672,13205,10316,33[CR],2511604468
C,13539,854,10329,33[CR],2511604796
F,50584,13209,10343,29[CR],2511605234
C,13517,854,10356,28[CR],2511605562
F,50400,13230,10370,38[CR],2511606000
C,13585,856,10383,38[CR],2511606437
F,49712,13184,10397,36[CR],2511606765
C,13565,858,10410,35[CR],2511607203
F,50808,13214,10424,35[CR],2511607531
C,13623,852,10438,35[CR],2511607968
F,51320,13188,10451,35[CR],2511608406
A,34324,49816,10465,34[CR],2511608734
F,49608,13242,10478,33[CR],2511609093
C,13584,856,10491,32[CR],2511609500
F,50008,13178,10505,32[CR],2511609937
C,13553,854,10518,33[CR],2511610265
F,49520,13144,10532,32[CR],2511610703
C,13516,854,10545,36[CR],2511611140
F,50800,13171,10559,39[CR],2511611468
C,13557,868,10572,38[CR],2511611906
F,50512,13206,10586,38[CR],2511612234
C,13539,854,10600,36[CR],2511612671
F,49680,13201,10613,35[CR],2511613000
C,13538,854,10627,35[CR],2511613437
F,50088,13206,10641,34[CR],2511613765
C,13531,850,10654,34[CR],2511614203
F,50472,13188,10668,33[CR],2511614640
A,34276,50288,10681,33[CR],2511614968
F,49688,13142,10695,32[CR],2511615406
C,13526,854,10708,31[CR],2511615734
F,49184,13151,10722,30[CR],2511616171
C,13535,854,10735,39[CR],2511616500
F,50400,13204,10749,38[CR],2511616937
C,13524,846,10763,38[CR],2511617375
F,50640,13205,10777,35[CR],2511617703
C,13601,862,10790,35[CR],2511618140
F,50680,13217,10804,35[CR],2511618468
C,13598,854,10817,35[CR],2511618906
F,49728,13199,10831,32[CR],2511619234
C,13575,854,10844,32[CR],2511619671
F,49424,13209,10858,33[CR],2511620109
C,13561,862,10871,32[CR],2511620437
F,51216,13222,10885,32[CR],2511620875
A,34288,51984,10898,29[CR],2511621203
F,51240,13214,10911,30[CR],2511621640
C,13555,862,10924,39[CR],2511621968
F,50952,13179,10938,38[CR],2511622406
C,13584,854,10952,36[CR],2511622843
F,50400,13211,10966,36[CR],2511623171
C,13511,864,10979,35[CR],2511623609
F,49408,13206,10993,35[CR],2511623937
C,13568,868,11007,34[CR],2511624375
F,50928,13207,11020,34[CR],2511624703
C,13519,892,11034,32[CR],2511625140
F,50120,13223,11047,33[CR],2511625578
C,13538,910,11061,32[CR],2511625906
F,50968,13249,11074,30[CR],2511626359
C,13585,914,11088,28[CR],2511626687
F,51960,13210,11102,38[CR],2511627125
A,34264,51872,11115,36[CR],2511627453
F,51832,13212,11129,36[CR],2511627890
C,13622,922,11143,35[CR],2511628328
F,51288,13138,11156,35[CR],2511628656
C,13664,916,11170,34[CR],2511629093
F,51280,13216,11184,34[CR],2511629421
C,13623,916,11197,33[CR],2511629859
F,52200,13315,11211,33[CR],2511630187
C,13643,922,11225,32[CR],2511630625
F,52432,13237,11238,32[CR],2511631062
C,13631,916,11251,28[CR],2511631390
F,51064,13225,11265,39[CR],2511631828
C,13606,922,11279,38[CR],2511632156
F,50512,13278,11293,38[CR],2511632593
C,13590,920,11306,36[CR],2511632921
F,52448,13222,11320,35[CR],2511633359
A,34268,52888,11334,35[CR],2511633796
F,52696,13240,11348,34[CR],2511634125
C,13580,932,11361,34[CR],2511634562
F,52136,13196,11375,33[CR],2511634890
C,13655,924,11388,33[CR],2511635328
F,52488,13186,11402,33[CR],2511635656
C,13666,916,11415,30[CR],2511636093
F,51712,13217,11429,35[CR],2511636531
C,13629,922,11443,38[CR],2511636859
F,51888,13241,11456,38[CR],2511637296
C,13645,924,11470,36[CR],2511637625
F,52264,13191,11484,35[CR],2511638062
C,13594,922,11498,35[CR],2511638390
F,52512,13227,11511,34[CR],2511638828
C,13574,926,11525,34[CR],2511639156
F,52512,13226,11539,33[CR],2511639593
A,34264,51616,11552,34[CR],2511640031
F,50440,13227,11566,33[CR],2511640359
C,13573,924,11579,30[CR],2511640796
F,52000,13266,11593,38[CR],2511641125
C,13596,924,11607,38[CR],2511641562
F,53088,13266,11621,36[CR],2511641890
C,13596,922,11634,36[CR],2511642328
F,53208,13235,11648,35[CR],2511642765
C,13649,930,11662,35[CR],2511643093
F,52128,13244,11675,35[CR],2511643531
C,13634,922,11689,34[CR],2511643859
F,51272,13285,11702,33[CR],2511644296
C,13628,936,11713,12[CR],2511644625
F,52896,13240,11716,4[CR],2511645062
C,13562,938,11716,1[CR],2511645500
F,51240,13143,11716,0[CR],2511645828
A,34192,38392,11716,0[CR],2511646265
F,38816,12876,11716,0[CR],2511646609
C,12951,928,11716,0[CR],2511647031
F,39784,12885,11716,0[CR],2511647359
C,12920,934,11716,0[CR],2511647796
F,39040,12874,11716,0[CR],2511648234
C,12942,918,11716,0[CR],2511648562
F,39712,12881,11716,0[CR],2511649000
C,12953,926,11716,0[CR],2511649328
F,39840,12884,11716,0[CR],2511649875
Z,0,0,11716,0[CR],2511650312
Z,0,0,11716,0[CR],2511650859
Z,0,0,11716,0[CR],2511651406
Z,0,0,11716,0[CR],2511651843
Z,0,0,11716,0[CR],2511652390
Z,0,0,11716,0[CR],2511652937
Z,0,0,11716,0[CR],2511653375
Z,0,0,11716,0[CR],2511653921
Z,0,0,11716,0[CR],2511654359
Z,0,0,11716,0[CR],2511654906
Z,0,0,11716,0[CR],2511655343
Z,0,0,11716,0[CR],2511655890
Z,0,0,11716,0[CR],2511656437
Z,0,0,11716,0[CR],2511656875
Z,0,0,11716,0[CR],2511657421
Z,0,0,11716,0[CR],2511657859
Z,0,0,11716,0[CR],2511658406
Z,0,0,11716,0[CR],2511658843
Z,0,0,11716,0[CR],2511659390
Z,0,0,11716,0[CR],2511659937
Z,0,0,11716,0[CR],2511660390
Z,0,0,11716,0[CR],2511660937
Z,0,0,11716,0[CR],2511661375
Z,0,0,11716,0[CR],2511661921
Z,0,0,11716,0[CR],2511662359
Z,0,0,11716,0[CR],2511662906
Z,0,0,11716,0[CR],2511663343
Z,0,0,11716,0[CR],2511663781
C,12950,928,11716,0[CR],2511664328
Z,0,0,11716,0[CR],2511664875
Z,0,0,11716,0[CR],2511665312
Z,0,0,11716,0[CR],2511665859
Z,0,0,11716,0[CR],2511666296
Z,0,0,11716,0[CR],2511666843
Z,0,0,11716,0[CR],2511667281
Z,0,0,11716,0[CR],2511667828
Z,0,0,11716,0[CR],2511668375
Z,0,0,11716,0[CR],2511668812
Z,0,0,11716,0[CR],2511669359
Z,0,0,11716,0[CR],2511669796
Z,0,0,11716,0[CR],2511670343
Z,0,0,11716,0[CR],2511670781
Z,0,0,11716,0[CR],2511671328
Z,0,0,11716,0[CR],2511671875
Z,0,0,11716,0[CR],2511672312
Z,0,0,11716,0[CR],2511672859
Z,0,0,11716,0[CR],2511673296
Z,0,0,11716,3[CR],2511673843
Z,0,0,11716,47[CR],2511674281
Z,0,0,11716,49[CR],2511674828
Z,0,0,11716,47[CR],2511675375
Z,0,0,11718,14[CR],2511675812
Z,0,0,11721,4[CR],2511675921
F,40292,12888,11721,3[CR],2511676359
C,12985,938,11721,1[CR],2511676687
F,40956,12904,11721,0[CR],2511677125
A,34160,40904,11721,0[CR],2511677453
F,40876,12902,11721,0[CR],2511677890
C,12978,932,11721,0[CR],2511678218
F,40820,12901,11721,0[CR],2511678656
C,12977,942,11721,0[CR],2511679093
F,40772,12901,11727,41[CR],2511679421
C,12975,942,11728,2[CR],2511679859
F,49696,13115,11728,1[CR],2511680187
C,13277,946,11729,0[CR],2511680625
F,48488,13070,11729,0[CR],2511680953
C,13244,946,11729,0[CR],2511681390
F,47968,13061,11729,0[CR],2511681828
C,13228,940,11729,0[CR],2511682156
F,47704,13054,11729,0[CR],2511682593
C,13219,944,11729,0[CR],2511682921
F,47504,13052,11729,0[CR],2511683359
A,34148,47384,11729,0[CR],2511683687
F,47320,13048,11733,33[CR],2511684125
C,13204,944,11743,20[CR],2511684562
F,52232,13249,11756,34[CR],2511684890
C,13566,950,11769,33[CR],2511685328
F,52936,13279,11782,33[CR],2511685656
C,13577,946,11795,35[CR],2511686093
F,52800,13203,11809,34[CR],2511686421
C,13666,950,11822,33[CR],2511686859
F,53000,13205,11836,33[CR],2511687296
C,13596,974,11849,32[CR],2511687625
F,51272,13230,11862,32[CR],2511688062
C,13566,968,11876,32[CR],2511688390
F,52872,13234,11889,31[CR],2511688828
C,13610,960,11903,38[CR],2511689156
F,53088,13232,11916,39[CR],2511689593
A,34124,53648,11930,36[CR],2511690031
F,53408,13215,11943,36[CR],2511690359
C,13635,958,11957,35[CR],2511690796
F,52176,13220,11970,35[CR],2511691125
C,13587,968,11984,35[CR],2511691562
F,52768,13234,11997,34[CR],2511691890
C,13594,938,12011,33[CR],2511692328
F,52912,13209,12024,33[CR],2511692765
C,13591,976,12037,31[CR],2511693093
F,53592,13245,12051,33[CR],2511693531
C,13625,976,12064,33[CR],2511693859
F,51344,13234,12078,34[CR],2511694296
C,13592,986,12091,36[CR],2511694625
F,52208,13274,12105,38[CR],2511695062
C,13564,1004,12119,38[CR],2511695500
F,53072,13283,12132,36[CR],2511695828
A,34092,53480,12146,36[CR],2511696265
F,53688,13274,12159,36[CR],2511696593
C,13582,1002,12173,35[CR],2511697031
F,53968,13286,12187,35[CR],2511697468
C,13629,1004,12200,34[CR],2511697796
F,52752,13204,12214,33[CR],2511698234
C,13628,996,12227,32[CR],2511698562
F,52088,13241,12241,33[CR],2511699000
C,13596,1004,12254,31[CR],2511699328
F,52920,13256,12268,33[CR],2511699765
C,13644,1000,12282,38[CR],2511700203
F,53376,13247,12296,38[CR],2511700531
C,13580,1002,12309,36[CR],2511700968
F,53088,13278,12323,36[CR],2511701296
C,13632,1002,12337,33[CR],2511701734
F,53312,13251,12350,34[CR],2511702062
A,34108,53496,12364,35[CR],2511702500
F,53512,13256,12377,34[CR],2511702890
C,13643,998,12391,33[CR],2511703265
F,53720,13269,12405,33[CR],2511703703
C,13642,1002,12418,34[CR],2511704031
F,54104,13256,12432,28[CR],2511704468
C,13713,1004,12445,39[CR],2511704796
F,52440,13267,12459,38[CR],2511705234
C,13667,1008,12473,36[CR],2511705671
F,54072,13271,12486,36[CR],2511706000
C,13727,1006,12500,36[CR],2511706437
F,55792,13314,12514,36[CR],2511706765
C,13849,1016,12527,34[CR],2511707203
F,55888,13323,12541,34[CR],2511707531
C,13741,1006,12555,33[CR],2511707968
F,54128,13287,12568,33[CR],2511708406
A,34068,52896,12582,32[CR],2511708734
F,53080,13272,12595,29[CR],2511709171
C,13610,1006,12609,38[CR],2511709500
F,53696,13252,12623,38[CR],2511709937
C,13660,1010,12636,36[CR],2511710265
F,53160,13271,12650,36[CR],2511710703
C,13637,1012,12664,35[CR],2511711140
F,52128,13279,12677,35[CR],2511711468
C,13580,1004,12691,34[CR],2511711906
F,53184,13262,12705,33[CR],2511712234
C,13590,1002,12718,33[CR],2511712671
F,53624,13282,12732,33[CR],2511713000
C,13609,1010,12745,32[CR],2511713437
F,53960,13262,12759,31[CR],2511713875
C,13661,1010,12773,39[CR],2511714203
F,52896,13246,12787,38[CR],2511714640
A,34068,53552,12800,38[CR],2511714968
F,54448,13312,12814,36[CR],2511715406
C,13816,1016,12828,35[CR],2511715734
F,55232,13305,12841,35[CR],2511716171
C,13845,1014,12855,35[CR],2511716609
F,55456,13330,12869,32[CR],2511716937
C,13847,1022,12882,34[CR],2511717375
F,55424,13346,12896,33[CR],2511717703
C,13850,1040,12909,33[CR],2511718140
F,53680,13322,12923,29[CR],2511718468
C,13711,1040,12937,34[CR],2511718906
F,54744,13330,12951,38[CR],2511719343
C,13686,1042,12964,38[CR],2511719671
F,53848,13287,12978,36[CR],2511720109
C,13705,1042,12992,35[CR],2511720437
F,53904,13307,13006,35[CR],2511720875
A,34068,53304,13019,35[CR],2511721203
F,52960,13305,13033,33[CR],2511721640
C,13641,1064,13046,33[CR],2511722078
F,54320,13329,13060,33[CR],2511722406
C,13639,1062,13074,33[CR],2511722843
F,54784,13311,13087,28[CR],2511723171
C,13638,1080,13101,36[CR],2511723609
F,54880,13282,13115,38[CR],2511723937
C,13712,1068,13129,38[CR],2511724375
F,54960,13260,13143,36[CR],2511724812
C,13667,1072,13156,35[CR],2511725140
F,56072,13232,13170,35[CR],2511725578
C,13709,1084,13184,34[CR],2511725906
F,54368,13228,13197,33[CR],2511726343
C,13681,1078,13211,33[CR],2511726671
F,55824,13241,13225,33[CR],2511727109
A,34028,56008,13238,33[CR],2511727546
F,56384,13318,13252,35[CR],2511727875
C,13738,1082,13265,39[CR],2511728312
F,56816,13310,13279,38[CR],2511728640
C,13766,1074,13293,36[CR],2511729078
F,55064,13316,13307,36[CR],2511729406
C,13776,1082,13320,35[CR],2511729843
F,55600,13318,13334,36[CR],2511730281
C,13721,1072,13348,34[CR],2511730609
F,55624,13313,13362,33[CR],2511731046
C,13773,1070,13375,33[CR],2511731375
F,56024,13342,13389,34[CR],2511731812
C,13740,1078,13403,30[CR],2511732140
F,55336,13321,13416,39[CR],2511732578
C,13701,1082,13430,39[CR],2511732906
F,55040,13327,13444,36[CR],2511733343
A,34036,56416,13457,36[CR],2511733781
F,57016,13335,13471,35[CR],2511734109
C,13745,1070,13485,36[CR],2511734546
F,56040,13329,13499,35[CR],2511734875
C,13715,1078,13512,35[CR],2511735312
F,55736,13291,13526,34[CR],2511735640
C,13690,1096,13540,33[CR],2511736078
F,54304,13313,13553,32[CR],2511736515
C,13761,1078,13567,31[CR],2511736843
F,55976,13305,13580,32[CR],2511737281
C,13731,1078,13594,38[CR],2511737609
F,55904,13323,13608,36[CR],2511738046
C,13676,1088,13622,36[CR],2511738375
F,55024,13304,13635,36[CR],2511738812
C,13704,1108,13649,35[CR],2511739250
F,55320,13246,13663,35[CR],2511739578
A,34028,55784,13676,35[CR],2511740015
F,55840,13289,13690,34[CR],2511740390
C,13693,1096,13704,34[CR],2511740796
F,55424,13298,13713,12[CR],2511741125
C,13711,1112,13716,3[CR],2511741562
F,55664,13239,13716,2[CR],2511742000
C,13600,1116,13716,1[CR],2511742328
F,53344,13153,13716,0[CR],2511742765
C,13426,1120,13716,0[CR],2511743093
F,51544,13128,13716,0[CR],2511743531
C,13427,1086,13716,0[CR],2511743859
F,51392,13118,13716,0[CR],2511744406
Z,0,0,13716,0[CR],2511744953
Z,0,0,13716,0[CR],2511745390
Z,0,0,13716,0[CR],2511745937
Z,0,0,13716,0[CR],2511746375
Z,0,0,13716,0[CR],2511746921
Z,0,0,13716,0[CR],2511747468
Z,0,0,13716,0[CR],2511747906
Z,0,0,13716,0[CR],2511748453
Z,0,0,13716,0[CR],2511748890
Z,0,0,13716,0[CR],2511749437
Z,0,0,13716,0[CR],2511749875
Z,0,0,13716,0[CR],2511750421
Z,0,0,13716,0[CR],2511750968
Z,0,0,13716,0[CR],2511751406
Z,0,0,13716,0[CR],2511751953
Z,0,0,13716,0[CR],2511752390
Z,0,0,13716,0[CR],2511752937
Z,0,0,13716,0[CR],2511753375
Z,0,0,13716,0[CR],2511753921
Z,0,0,13716,0[CR],2511754468
Z,0,0,13716,0[CR],2511754906
Z,0,0,13716,0[CR],2511755453
Z,0,0,13716,0[CR],2511755890
Z,0,0,13716,0[CR],2511756437
Z,0,0,13716,0[CR],2511756984
Z,0,0,13716,0[CR],2511757421
Z,0,0,13716,0[CR],2511757968
Z,0,0,13716,0[CR],2511758406
Z,0,0,13716,0[CR],2511758953
Z,0,0,13716,0[CR],2511759390
Z,0,0,13716,0[CR],2511759937
Z,0,0,13716,0[CR],2511760484
Z,0,0,13716,0[CR],2511760921
Z,0,0,13716,0[CR],2511761468
Z,0,0,13716,0[CR],2511761906
Z,0,0,13716,0[CR],2511762453
Z,0,0,13716,0[CR],2511762890
Z,0,0,13716,0[CR],2511763437
Z,0,0,13716,0[CR],2511763984
Z,0,0,13716,0[CR],2511764421
Z,0,0,13716,0[CR],2511764968
Z,0,0,13716,0[CR],2511765406
Z,0,0,13716,0[CR],2511765953
Z,0,0,13716,0[CR],2511766390
Z,0,0,13716,0[CR],2511766937
Z,0,0,13716,0[CR],2511767484
Z,0,0,13716,57[CR],2511767921
Z,0,0,13716,54[CR],2511768468
Z,0,0,13732,25[CR],2511768906
F,47760,13166,13734,3[CR],2511769265
C,13566,1100,13734,1[CR],2511769671
F,51416,13133,13734,0[CR],2511770109
C,13451,1110,13734,0[CR],2511770437
F,50888,13120,13734,0[CR],2511770875
A,33976,50632,13734,0[CR],2511771203
F,50536,13117,13734,0[CR],2511771640
C,13408,1102,13734,0[CR],2511772078
F,50336,13113,13734,0[CR],2511772406
C,13399,1096,13740,21[CR],2511772843
F,50200,13406,13744,4[CR],2511773171
C,13716,1100,13744,1[CR],2511773625
F,54440,13195,13744,0[CR],2511773953
C,13539,1098,13744,0[CR],2511774390
F,52400,13145,13744,0[CR],2511774718
C,13488,1106,13744,0[CR],2511775156
F,51512,13123,13744,0[CR],2511775593
C,13459,1098,13744,0[CR],2511775921
F,51040,13110,13744,0[CR],2511776359
C,13444,1112,13751,20[CR],2511776687
F,50696,13282,13762,27[CR],2511777125
A,33988,53752,13775,32[CR],2511777453
F,53160,13286,13789,29[CR],2511777890
C,13689,1126,13802,38[CR],2511778328
F,55984,13327,13816,38[CR],2511778656
C,13817,1130,13829,36[CR],2511779093
F,57688,13307,13843,35[CR],2511779421
C,13797,1134,13856,36[CR],2511779859
F,56480,13321,13870,36[CR],2511780187
C,13710,1134,13883,35[CR],2511780625
F,57224,13349,13897,33[CR],2511781062
C,13700,1136,13910,34[CR],2511781390
F,56840,13304,13924,33[CR],2511781828
C,13737,1130,13937,32[CR],2511782156
F,54928,13273,13951,32[CR],2511782593
C,13675,1150,13964,31[CR],2511782921
F,55728,13292,13977,30[CR],2511783359
A,33972,56344,13991,31[CR],2511783796
F,56328,13288,14005,38[CR],2511784125
C,13686,1136,14018,36[CR],2511784562
F,56488,13311,14032,36[CR],2511784890
C,13733,1138,14045,36[CR],2511785328
F,57192,13299,14059,35[CR],2511785656
C,13718,1140,14073,35[CR],2511786093
F,56888,13283,14086,33[CR],2511786531
C,13747,1142,14100,34[CR],2511786859
F,55752,13224,14114,33[CR],2511787296
C,13734,1138,14127,32[CR],2511787625
F,55800,13243,14141,31[CR],2511788062
C,13679,1142,14154,28[CR],2511788390
F,56208,13284,14168,39[CR],2511788828
C,13789,1142,14182,38[CR],2511789156
F,57840,13331,14196,36[CR],2511789609
A,33956,57256,14209,36[CR],2511790046
F,57200,13318,14223,35[CR],2511790375
C,13737,1156,14236,35[CR],2511790812
F,56384,13243,14250,34[CR],2511791140
C,13718,1146,14264,34[CR],2511791578
F,56272,13262,14277,33[CR],2511791906
C,13748,1150,14291,34[CR],2511792343
F,56880,13332,14305,33[CR],2511792781
C,13767,1152,14318,30[CR],2511793109
F,57016,13331,14332,38[CR],2511793546
C,13713,1148,14345,39[CR],2511793875
F,56776,13336,14359,38[CR],2511794312
C,13729,1154,14373,35[CR],2511794640
F,57952,13318,14387,35[CR],2511795078
C,13740,1154,14400,34[CR],2511795515
F,56064,13199,14414,35[CR],2511795843
A,33968,54952,14428,34[CR],2511796281
F,55512,13246,14441,33[CR],2511796671
C,13724,1158,14455,33[CR],2511797046
F,55664,13243,14468,33[CR],2511797390
C,13717,1158,14482,33[CR],2511797812
F,56888,13294,14495,35[CR],2511798250
C,13755,1156,14509,39[CR],2511798578
F,57440,13334,14523,38[CR],2511799015
C,13768,1160,14537,36[CR],2511799343
F,58048,13306,14550,36[CR],2511799781
C,13784,1158,14564,35[CR],2511800109
F,57040,13263,14577,35[CR],2511800546
C,13744,1158,14591,34[CR],2511800984
F,56576,13321,14605,33[CR],2511801312
C,13782,1160,14618,33[CR],2511801750
F,58544,13316,14632,34[CR],2511802078
A,33928,57032,14646,29[CR],2511802515
F,56000,13296,14659,28[CR],2511802843
C,13775,1154,14673,38[CR],2511803281
F,56296,13307,14687,36[CR],2511803718
C,13780,1160,14700,36[CR],2511804046
F,57608,13321,14714,36[CR],2511804484
C,13759,1160,14728,35[CR],2511804812
F,57224,13313,14741,34[CR],2511805250
C,13781,1158,14755,35[CR],2511805578
F,57640,13278,14769,33[CR],2511806015
C,13723,1168,14783,32[CR],2511806453
F,55856,13261,14796,33[CR],2511806781
C,13676,1160,14810,32[CR],2511807218
F,56616,13302,14823,34[CR],2511807546
C,13720,1172,14837,38[CR],2511807984
F,57424,13316,14851,38[CR],2511808312
A,33928,57496,14865,36[CR],2511808750
F,57544,13296,14878,35[CR],2511809187
C,13765,1158,14892,35[CR],2511809515
F,56576,13297,14906,33[CR],2511809953
C,13694,1166,14919,32[CR],2511810281
F,55472,13338,14933,33[CR],2511810718
C,13773,1166,14947,33[CR],2511811046
F,55048,13317,14960,31[CR],2511811484
C,13773,1154,14974,31[CR],2511811921
F,57896,13319,14987,38[CR],2511812250
C,13744,1154,15001,39[CR],2511812687
F,57504,13325,15015,38[CR],2511813015
C,13736,1158,15029,36[CR],2511813453
F,56376,13319,15042,35[CR],2511813781
C,13690,1160,15056,35[CR],2511814218
F,57104,13320,15070,35[CR],2511814546
A,33932,56600,15083,34[CR],2511814984
F,55984,13250,15097,33[CR],2511815421
C,13811,1160,15110,33[CR],2511815765
F,56480,13284,15124,31[CR],2511816203
C,13849,1158,15138,33[CR],2511816531
F,56272,13319,15151,32[CR],2511816968
C,13829,1154,15165,38[CR],2511817296
F,57072,13296,15179,38[CR],2511817734
C,13837,1160,15193,36[CR],2511818171
F,58520,13339,15206,35[CR],2511818500
C,13860,1176,15220,35[CR],2511818937
F,57808,13348,15233,35[CR],2511819265
C,13873,1166,15247,34[CR],2511819703
F,58680,13373,15261,34[CR],2511820031
C,13842,1164,15274,32[CR],2511820468
F,58776,13366,15288,33[CR],2511820906
A,33924,57392,15302,28[CR],2511821234
F,57560,13333,15315,28[CR],2511821671
C,13841,1188,15329,39[CR],2511822000
F,59568,13341,15343,36[CR],2511822437
C,13857,1158,15356,36[CR],2511822765
F,58424,13369,15370,35[CR],2511823203
C,13800,1176,15384,36[CR],2511823640
F,58864,13347,15398,34[CR],2511823968
C,13827,1180,15411,35[CR],2511824406
F,59104,13351,15425,34[CR],2511824734
C,13869,1166,15438,33[CR],2511825171
F,58696,13285,15452,33[CR],2511825500
C,13904,1180,15465,33[CR],2511825937
F,58544,13323,15479,30[CR],2511826375
C,13783,1160,15493,38[CR],2511826703
F,58408,13254,15507,38[CR],2511827140
A,33932,59456,15520,38[CR],2511827468
F,60056,13282,15534,36[CR],2511827906
C,13906,1158,15548,35[CR],2511828234
F,59464,13353,15561,35[CR],2511828671
C,13957,1172,15575,34[CR],2511829109
F,60416,13377,15589,34[CR],2511829437
C,13956,1194,15602,33[CR],2511829875
F,60400,13308,15616,33[CR],2511830203
C,13922,1156,15629,30[CR],2511830640
F,61464,13365,15643,28[CR],2511830968
C,13902,1216,15657,38[CR],2511831406
F,60616,13343,15671,38[CR],2511831843
C,13923,1210,15684,38[CR],2511832171
F,61816,13388,15698,36[CR],2511832609
C,13871,1226,15711,23[CR],2511832937
F,59776,13329,15716,12[CR],2511833375
A,33912,59360,15716,2[CR],2511833703
F,58944,13240,15716,1[CR],2511834140
C,13145,1224,15716,0[CR],2511834578
F,47752,12994,15716,0[CR],2511834906
C,13194,1218,15716,0[CR],2511835343
F,48168,12991,15716,0[CR],2511835671
C,13148,1218,15716,0[CR],2511836218
Z,0,0,15716,0[CR],2511836437
C,13167,1218,15716,0[CR],2511836875
F,47976,12990,15716,0[CR],2511837421
Z,0,0,15716,0[CR],2511837640
F,48000,12989,15716,0[CR],2511838187
Z,0,0,15716,0[CR],2511838625
Z,0,0,15716,0[CR],2511839171
Z,0,0,15716,0[CR],2511839718
Z,0,0,15716,0[CR],2511840156
Z,0,0,15716,0[CR],2511840703
Z,0,0,15716,0[CR],2511841140
Z,0,0,15716,0[CR],2511841687
Z,0,0,15716,0[CR],2511842234
Z,0,0,15716,0[CR],2511842671
Z,0,0,15716,0[CR],2511843218
Z,0,0,15716,0[CR],2511843656
Z,0,0,15716,0[CR],2511844203
Z,0,0,15716,0[CR],2511844640
Z,0,0,15716,0[CR],2511845187
Z,0,0,15716,0[CR],2511845734
Z,0,0,15716,0[CR],2511846171
Z,0,0,15716,0[CR],2511846718
Z,0,0,15716,0[CR],2511847156
Z,0,0,15716,0[CR],2511847703
Z,0,0,15716,0[CR],2511848140
Z,0,0,15716,0[CR],2511848687
Z,0,0,15716,0[CR],2511849234
Z,0,0,15716,0[CR],2511849671
Z,0,0,15716,0[CR],2511850218
Z,0,0,15716,0[CR],2511850656
Z,0,0,15716,0[CR],2511851203
Z,0,0,15716,0[CR],2511851750
Z,0,0,15716,0[CR],2511852187
Z,0,0,15716,0[CR],2511852734
Z,0,0,15716,0[CR],2511853171
Z,0,0,15716,0[CR],2511853718
Z,0,0,15716,0[CR],2511854156
Z,0,0,15716,0[CR],2511854703
Z,0,0,15716,0[CR],2511855250
Z,0,0,15716,0[CR],2511855687
Z,0,0,15716,0[CR],2511856234
Z,0,0,15716,0[CR],2511856671
Z,0,0,15716,0[CR],2511857218
Z,0,0,15716,0[CR],2511857656
Z,0,0,15716,0[CR],2511858203
Z,0,0,15716,0[CR],2511858750
Z,0,0,15716,0[CR],2511859187
Z,0,0,15716,0[CR],2511859734
Z,0,0,15716,0[CR],2511860171
Z,0,0,15716,0[CR],2511860718
Z,0,0,15716,79[CR],2511861156
Z,0,0,15716,79[CR],2511861703
Z,0,0,15728,14[CR],2511861812
F,47320,13030,15728,6[CR],2511862250
C,13274,1210,15728,1[CR],2511862687
F,52296,13077,15728,1[CR],2511863015
C,13291,1216,15728,0[CR],2511863453
F,51800,13069,15728,0[CR],2511863781
C,13284,1190,15728,0[CR],2511864218
F,51608,13063,15728,0[CR],2511864546
A,33896,51480,15728,0[CR],2511864984
F,51416,13064,15734,57[CR],2511865421
C,13274,1214,15739,5[CR],2511865750
F,59128,13312,15739,2[CR],2511866187
C,13719,1246,15739,1[CR],2511866515
F,58472,13233,15739,0[CR],2511866953
C,13641,1206,15739,0[CR],2511867281
F,57592,13214,15739,0[CR],2511867718
C,13608,1236,15740,0[CR],2511868156
F,57016,13204,15740,0[CR],2511868484
C,13589,1232,15740,0[CR],2511868921
F,56656,13197,15743,51[CR],2511869250
C,13575,1228,15755,35[CR],2511869687
F,59368,13346,15767,33[CR],2511870015
C,13834,1222,15780,35[CR],2511870453
F,60720,13390,15793,35[CR],2511870890
A,33856,60256,15807,35[CR],2511871218
F,60664,13378,15820,35[CR],2511871656
C,13881,1230,15834,34[CR],2511871984
F,62720,13400,15847,34[CR],2511872421
C,13986,1240,15860,32[CR],2511872750
F,61368,13361,15874,33[CR],2511873187
C,13911,1246,15887,31[CR],2511873625
F,60240,13404,15901,32[CR],2511873953
C,13995,1230,15914,31[CR],2511874390
F,62968,13433,15928,39[CR],2511874718
C,13902,1226,15942,38[CR],2511875156
F,59888,13398,15955,38[CR],2511875484
C,13882,1222,15969,36[CR],2511875921
F,60872,13383,15983,35[CR],2511876359
C,13899,1236,15996,35[CR],2511876687
F,61872,13398,16010,34[CR],2511877125
A,33848,62024,16023,34[CR],2511877453
F,62008,13358,16037,32[CR],2511877890
C,13958,1236,16051,33[CR],2511878218
F,62016,13390,16064,32[CR],2511878656
C,14013,1250,16078,33[CR],2511879093
F,64072,13416,16091,36[CR],2511879421
C,14091,1244,16105,38[CR],2511879859
F,63240,13433,16119,38[CR],2511880187
C,13957,1266,16132,38[CR],2511880625
F,62360,13440,16146,36[CR],2511880953
C,13914,1280,16159,36[CR],2511881390
F,62176,13385,16173,35[CR],2511881828
C,13952,1288,16187,35[CR],2511882156
F,61120,13374,16200,33[CR],2511882593
C,13870,1282,16211,10[CR],2511882921
F,61472,13405,16215,6[CR],2511883359
A,33888,61008,16215,2[CR],2511883687
F,60584,13270,16215,1[CR],2511884093
C,13774,1270,16215,0[CR],2511884562
F,59880,13241,16215,0[CR],2511884890
C,13720,1268,16215,0[CR],2511885328
F,59136,13225,16215,0[CR],2511885656
C,13688,1270,16215,0[CR],2511886093
F,58736,13216,16215,0[CR],2511886531
C,13671,1278,16215,0[CR],2511886859
F,58472,13210,16215,0[CR],2511887296
C,13659,1276,16215,0[CR],2511887625
F,58200,13207,16215,0[CR],2511888062
C,13654,1292,16215,0[CR],2511888390
F,57952,13204,16215,0[CR],2511888828
C,13642,1292,16215,0[CR],2511889265
F,57712,13199,16215,0[CR],2511889593
A,33876,57536,16215,0[CR],2511890031
F,57464,13197,16215,0[CR],2511890359
C,13628,1268,16215,0[CR],2511890796
F,57288,13194,16215,0[CR],2511891125
C,13621,1270,16215,0[CR],2511891562
F,57112,13192,16215,0[CR],2511892000
C,13615,1278,16215,0[CR],2511892328
F,56936,13188,16215,0[CR],2511892765
C,13610,1276,16215,0[CR],2511893093
F,56800,13186,16215,0[CR],2511893531
C,13604,1278,16215,0[CR],2511893859
F,56648,13183,16215,0[CR],2511894296
C,13600,1266,16215,0[CR],2511894734
F,56504,13182,16215,0[CR],2511895062
C,13594,1270,16215,0[CR],2511895500
F,56384,13179,16215,0[CR],2511895828
A,33852,56288,16215,0[CR],2511896265
F,56232,13180,16215,0[CR],2511896593
C,13583,1276,16215,0[CR],2511897031
F,56136,13179,16215,0[CR],2511897468
C,13577,1282,16215,0[CR],2511897796
F,56024,13176,16215,0[CR],2511898234
C,13573,1278,16215,0[CR],2511898562
F,55928,13176,16215,0[CR],2511899000
C,13568,1270,16215,0[CR],2511899328
F,55824,13175,16215,0[CR],2511899765
C,13564,1278,16215,0[CR],2511900203
F,55744,13174,16215,0[CR],2511900531
C,13560,1276,16215,0[CR],2511900968
F,55656,13172,16215,0[CR],2511901296
C,13556,1276,16215,0[CR],2511901734
F,55576,13171,16215,0[CR],2511902062
A,33820,55528,16215,0[CR],2511902500
F,55488,13171,16215,0[CR],2511902937
C,13548,1284,16215,0[CR],2511903265
F,55416,13169,16215,0[CR],2511903703
C,13544,1280,16215,0[CR],2511904031
F,55344,13167,16215,0[CR],2511904468
C,13542,1284,16215,0[CR],2511904796
F,55264,13167,16215,0[CR],2511905234
C,13539,1294,16215,0[CR],2511905671
F,55200,13166,16215,0[CR],2511906000
C,13536,1292,16215,0[CR],2511906437
F,55120,13164,16215,0[CR],2511906765
C,13534,1288,16215,0[CR],2511907203
F,55056,13163,16215,0[CR],2511907531
C,13531,1282,16215,0[CR],2511907968
F,54984,13163,16215,0[CR],2511908406
A,33820,54936,16215,0[CR],2511908734
F,54912,13163,16215,0[CR],2511909171
C,13525,1284,16215,0[CR],2511909500
F,54856,13162,16215,0[CR],2511909937
C,13523,1280,16215,0[CR],2511910265
F,54792,13159,16215,0[CR],2511910703
C,13519,1288,16215,0[CR],2511911140
F,54752,13160,16215,0[CR],2511911468
C,13516,1284,16215,0[CR],2511911906
F,54688,13158,16215,0[CR],2511912234
C,13514,1286,16215,0[CR],2511912671
F,54648,13158,16215,0[CR],2511913000
C,13512,1286,16215,0[CR],2511913437
F,54584,13155,16215,0[CR],2511913875
C,13510,1282,16215,0[CR],2511914203
F,54528,13156,16215,0[CR],2511914640
A,33852,54496,16215,0[CR],2511914968
F,54472,13156,16215,0[CR],2511915406
C,13506,1282,16215,0[CR],2511915734
F,54440,13154,16215,0[CR],2511916171
C,13504,1266,16215,0[CR],2511916500
F,54384,13155,16215,0[CR],2511916937
C,13501,1282,16215,0[CR],2511917375
F,54336,13154,16215,0[CR],2511917703
C,13499,1256,16215,0[CR],2511918140
F,54296,13154,16215,0[CR],2511918468
C,13497,1280,16215,0[CR],2511918906
F,54256,13152,16215,0[CR],2511919234
C,13495,1278,16215,0[CR],2511919671
F,54216,13153,16215,0[CR],2511920109
C,13493,1294,16215,0[CR],2511920437
F,54160,13151,16215,0[CR],2511920875
A,33840,54144,16215,0[CR],2511921203
F,54112,13151,16215,0[CR],2511921640
C,13488,1288,16215,0[CR],2511922078
F,54096,13150,16215,0[CR],2511922406
C,13486,1278,16215,0[CR],2511922843
F,54056,13149,16215,0[CR],2511923171
C,13485,1278,16215,0[CR],2511923609
F,54024,13148,16215,0[CR],2511924046
Z,0,0,16215,0[CR],2511924375
F,53992,13146,16215,0[CR],2511924812
C,13481,1286,16215,0[CR],2511925140
F,53944,13147,16215,0[CR],2511925578
C,13480,1280,16215,0[CR],2511925906
F,53904,13147,16215,0[CR],2511926343
C,13477,1288,16215,0[CR],2511926671
F,53856,13147,16215,0[CR],2511927109
A,33812,53840,16215,0[CR],2511927546
F,53816,13146,16215,0[CR],2511927875
C,13474,1268,16215,0[CR],2511928312
F,53808,13145,16215,0[CR],2511928640
C,13473,1270,16215,0[CR],2511929078
F,53768,13145,16215,0[CR],2511929406
C,13471,1286,16215,0[CR],2511929843
F,53736,13145,16215,0[CR],2511930281
C,13470,1276,16215,0[CR],2511930609
F,53704,13143,16215,0[CR],2511931046
C,13468,1294,16215,0[CR],2511931375
F,53664,13141,16215,0[CR],2511931812
C,13467,1274,16215,0[CR],2511932140
F,53640,13141,16215,0[CR],2511932578
C,13465,1278,16215,0[CR],2511933015
F,53608,13141,16215,0[CR],2511933343
A,33836,53576,16215,0[CR],2511933781
F,53560,13141,16215,0[CR],2511934109
C,13462,1292,16215,0[CR],2511934546
F,53544,13140,16215,0[CR],2511934875
C,13460,1288,16215,0[CR],2511935312
F,53512,13140,16215,0[CR],2511935750
C,13460,1292,16215,0[CR],2511936078
F,53488,13139,16215,0[CR],2511936515
C,13458,1286,16215,0[CR],2511936843
F,53456,13139,16215,0[CR],2511937281
C,13456,1276,16215,0[CR],2511937609
F,53424,13139,16215,0[CR],2511938046
C,13456,1292,16215,0[CR],2511938484
F,53400,13139,16215,0[CR],2511938812
C,13454,1286,16215,0[CR],2511939250
F,53376,13138,16215,0[CR],2511939578
A,33800,53360,16215,0[CR],2511940015
F,53344,13138,16215,0[CR],2511940343
C,13451,1266,16215,0[CR],2511940781
F,53328,13139,16215,0[CR],2511941218
C,13450,1286,16215,0[CR],2511941546
F,53288,13137,16215,0[CR],2511941984
C,13448,1294,16215,0[CR],2511942312
F,53272,13137,16215,0[CR],2511942750
C,13448,1294,16215,0[CR],2511943078
F,53232,13137,16215,0[CR],2511943515
C,13447,1284,16215,0[CR],2511943953
F,53216,13136,16215,0[CR],2511944281
C,13446,1294,16215,0[CR],2511944718
F,53176,13136,16215,0[CR],2511945046
C,13444,1280,16215,0[CR],2511945484
F,53152,13134,16215,0[CR],2511945812
A,33836,53128,16215,0[CR],2511946250
F,53128,13135,16215,0[CR],2511946687
C,13441,1284,16215,0[CR],2511947015
F,53112,13134,16215,0[CR],2511947453
C,13441,1272,16215,0[CR],2511947781
F,53096,13136,16215,0[CR],2511948218
C,13441,1290,16215,0[CR],2511948546
F,53072,13133,16215,0[CR],2511948984
C,13440,1302,16215,0[CR],2511949421
F,53048,13133,16215,0[CR],2511949750
C,13438,1294,16215,0[CR],2511950187
F,53032,13133,16215,0[CR],2511950515
C,13437,1292,16215,0[CR],2511950953
F,53016,13132,16215,0[CR],2511951281
C,13436,1276,16215,0[CR],2511951718
F,52984,13132,16215,0[CR],2511952156
A,33824,52968,16215,0[CR],2511952484
F,52944,13134,16215,0[CR],2511952921
C,13435,1292,16215,0[CR],2511953250
F,52960,13133,16215,0[CR],2511953687
C,13435,1286,16215,0[CR],2511954015
F,52976,13134,16215,0[CR],2511954453
C,13442,1278,16215,0[CR],2511954890
F,52968,13135,16215,0[CR],2511955218
C,13443,1286,16215,0[CR],2511955656
F,52888,13135,16215,0[CR],2511955984
C,13441,1278,16215,0[CR],2511956421
F,52848,13135,16215,0[CR],2511956750
C,13440,1290,16215,0[CR],2511957187
F,52808,13132,16215,0[CR],2511957515
C,13438,1286,16215,0[CR],2511957953
F,52760,13130,16215,0[CR],2511958390
A,33772,52736,16215,0[CR],2511958718
F,52720,13132,16215,0[CR],2511959156
C,13433,1302,16215,0[CR],2511959484
F,52704,13131,16215,0[CR],2511959921
C,13432,1268,16215,0[CR],2511960359
F,52672,13130,16215,0[CR],2511960687
C,13431,1290,16215,0[CR],2511961125
F,52656,13131,16215,0[CR],2511961453
C,13429,1280,16215,0[CR],2511961890
F,52632,13129,16215,0[CR],2511962218
C,13428,1294,16215,0[CR],2511962656
F,52608,13129,16215,0[CR],2511963093
C,13426,1288,16215,0[CR],2511963421
F,52600,13129,16215,0[CR],2511963859
C,13425,1284,16215,0[CR],2511964187
F,52568,13128,16215,0[CR],2511964625
A,33792,52560,16215,0[CR],2511964953
F,52544,13129,16215,0[CR],2511965390
C,13423,1294,16215,0[CR],2511965828
F,52536,13127,16215,0[CR],2511966156
C,13421,1280,16215,0[CR],2511966593
F,52504,13129,16215,0[CR],2511966921
C,13421,1294,16215,0[CR],2511967359
F,52480,13128,16215,0[CR],2511967687
C,13420,1294,16215,0[CR],2511968125
F,52448,13125,16215,0[CR],2511968562
C,13419,1292,16215,0[CR],2511968890
F,52432,13126,16215,0[CR],2511969328
C,13418,1288,16215,0[CR],2511969656
F,52408,13126,16215,0[CR],2511970093
C,13417,1294,16215,0[CR],2511970421
F,52400,13125,16215,0[CR],2511970859
A,33812,52376,16215,0[CR],2511971296
F,52360,13125,16215,0[CR],2511971625
C,13416,1286,16215,0[CR],2511972062
F,52360,13124,16215,0[CR],2511972390
C,13413,1294,16215,0[CR],2511972828
F,52328,13125,16215,0[CR],2511973156
C,13413,1284,16215,0[CR],2511973593
F,52312,13124,16215,0[CR],2511974031
C,13413,1286,16215,0[CR],2511974359
F,52288,13123,16215,0[CR],2511974796
C,13411,1292,16215,0[CR],2511975125
F,52272,13123,16215,0[CR],2511975562
C,13411,1296,16215,0[CR],2511975890
F,52256,13122,16215,0[CR],2511976328
C,13409,1288,16215,0[CR],2511976656
F,52232,13121,16215,0[CR],2511977093
A,33812,52224,16215,0[CR],2511977531
F,52200,13122,16215,0[CR],2511977859
C,13408,1298,16215,0[CR],2511978296
F,52200,13121,16215,0[CR],2511978625
C,13407,1290,16215,0[CR],2511979062
F,52192,13122,16215,0[CR],2511979390
C,13407,1286,16215,0[CR],2511979828
F,52176,13122,16215,0[CR],2511980265
C,13406,1294,16215,0[CR],2511980593
F,52160,13121,16215,0[CR],2511981031
C,13406,1294,16215,0[CR],2511981359
F,52136,13122,16215,0[CR],2511981796
C,13405,1286,16215,0[CR],2511982125
F,52120,13122,16215,0[CR],2511982562
C,13405,1286,16215,0[CR],2511983000
F,52088,13120,16215,0[CR],2511983328
A,33776,52080,16215,0[CR],2511983765
F,52064,13122,16215,0[CR],2511984093
C,13403,1284,16215,0[CR],2511984531
F,52064,13123,16215,0[CR],2511984859
C,13403,1286,16215,0[CR],2511985296
F,52056,13120,16215,0[CR],2511985734
C,13402,1294,16215,0[CR],2511986062
F,52032,13121,16215,0[CR],2511986500
C,13401,1296,16215,0[CR],2511986828
F,52016,13119,16215,0[CR],2511987265
C,13400,1294,16215,0[CR],2511987593
F,52008,13118,16215,0[CR],2511988031
C,13400,1292,16215,0[CR],2511988468
F,51992,13120,16215,0[CR],2511988796
C,13399,1284,16215,0[CR],2511989234
F,51976,13119,16215,0[CR],2511989562
A,33760,51968,16215,0[CR],2511990000
F,51952,13119,16215,0[CR],2511990328
C,13398,1292,16215,0[CR],2511990765
F,51960,13120,16215,0[CR],2511991203
C,13399,1294,16215,0[CR],2511991531
F,51952,13119,16215,0[CR],2511991968
C,13399,1288,16215,0[CR],2511992296
F,51928,13119,16215,0[CR],2511992734
C,13398,1292,16215,0[CR],2511993062
F,51912,13119,16215,0[CR],2511993500
C,13398,1300,16215,0[CR],2511993937
F,51888,13118,16215,0[CR],2511994265
C,13398,1294,16215,0[CR],2511994703
F,51880,13119,16215,0[CR],2511995031
C,13398,1292,16215,0[CR],2511995468
F,51848,13117,16215,0[CR],2511995796
A,33764,51840,16215,0[CR],2511996234
F,51824,13119,16215,0[CR],2511996671
C,13396,1298,16215,0[CR],2511997000
F,51816,13119,16215,0[CR],2511997437
C,13397,1286,16215,0[CR],2511997765
F,51808,13118,16215,0[CR],2511998203
C,13396,1294,16215,0[CR],2511998640
F,51792,13120,16215,0[CR],2511998968
C,13396,1292,16215,0[CR],2511999406
F,51776,13118,16215,0[CR],2511999734
C,13396,1294,16215,0[CR],2512000171
F,51760,13120,16215,0[CR],2512000500
C,13397,1286,16215,0[CR],2512000937
F,51744,13118,16215,0[CR],2512001375
C,13396,1288,16215,0[CR],2512001703
F,51720,13118,16215,0[CR],2512002140
A,33784,51712,16215,0[CR],2512002468
F,51696,13118,16215,0[CR],2512002906
C,13395,1292,16215,0[CR],2512003234
F,51688,13118,16215,0[CR],2512003671
C,13395,1288,16215,0[CR],2512004109
F,51672,13118,16215,0[CR],2512004437
C,13395,1294,16215,0[CR],2512004875
F,51656,13117,16215,0[CR],2512005203
C,13396,1294,16215,0[CR],2512005640
F,51640,13119,16215,0[CR],2512005968
C,13394,1286,16215,0
<PAUSE BUTTON 14:55:50>
[CR],2512006187
>
Reset interface. Wait time for interface: 78
>
Reset interface. Wait time for interface: 47DOFF
OK
>
Command: DOFF Wait time for interface: 109

>
Reset interface. Wait time for interface: 31CLEAR
OK
>
Command: CLEAR Wait time for interface: 110

<END BUTTON 15:02:51>

------------------- Begin end zero test --------------------
>
Reset interface. Wait time for interface: 110SCANG
Z,0,0,0,0
C,12114,8150,0,0[CR],2512475156
F,11914,12649,0,0[CR],2512475484
C,12114,8514,0,0[CR],2512475921
F,11915,12649,0,0[CR],2512476359
C,12115,8440,0,0[CR],2512476703
F,11914,12651,0,0[CR],2512477156
A,34044,11915,0,0[CR],2512477484
F,11907,12649,0,0[CR],2512477937
C,12113,8487,0,0[CR],2512478281
F,11916,12649,0,0[CR],2512478718
C,12114,8710,0,0[CR],2512479062
F,11916,12650,0,0[CR],2512479406
C,12114,8811,0,0[CR],2512479875
F,11913,12649,0,0[CR],2512480218
C,12114,8814,0,0[CR],2512480687
F,11915,12649,0,0[CR],2512481031
C,12114,8767,0,0[CR],2512481359
F,11914,12649,0,0[CR],2512481812
C,12114,8933,0,0[CR],2512482171
F,11916,12649,0,0[CR],2512482609
C,12114,9034,0,0[CR],2512482937
F,11911,12649,0,0[CR],2512483375
A,34064,11913,0,0[CR],2512483703
F,11895,12651,0,0[CR],2512484140
C,12113,9126,0,0[CR],2512484468
F,11910,12650,0,0[CR],2512484906
C,12114,8741,0,0[CR],2512485343
F,11911,12650,0,0[CR],2512485671
C,12114,9328,0,0[CR],2512486109
F,11911,12650,0,0[CR],2512486437
C,12120,8427,0,0[CR],2512486875
F,11897,12649,0,0[CR],2512487203
C,12122,8720,0,0[CR],2512487640
F,11776,12646,0,0[CR],2512488078
C,12145,8702,0,0[CR],2512488406
F,12181,12644,0,0[CR],2512488843
C,12122,8466,0,0[CR],2512489171
F,13423,12646,0,0[CR],2512489609
A,34104,13354,0,0[CR],2512489937
F,13313,12646,0,0[CR],2512490375
C,12124,8791,0,0[CR],2512490812
F,13233,12646,0,0[CR],2512491140
C,12125,8731,0,0[CR],2512491578
F,13160,12646,0,0[CR],2512491906
C,12125,8722,0,0[CR],2512492343
F,13095,12645,0,0[CR],2512492671
C,12125,8685,0,0[CR],2512493109
F,13030,12646,0,0[CR],2512493546
C,12125,8730,0,0[CR],2512493875
F,12969,12644,0,0[CR],2512494312
C,12125,8753,0,0[CR],2512494640
F,12927,12645,0,0[CR],2512495078
C,12125,8454,0,0[CR],2512495406
F,12883,12646,0,0[CR],2512495843
A,34104,13066,0,0[CR],2512496281
F,13368,12647,0,0[CR],2512496609
C,12114,8887,0,0[CR],2512497046
F,13289,12647,0,0[CR],2512497375
C,12116,8943,0,0[CR],2512497812
F,13216,12647,0,0[CR],2512498250
C,12116,8870,0,0[CR],2512498578
F,13160,12646,0,0[CR],2512499015
C,12119,8811,0,0[CR],2512499343
F,13068,12647,0,0[CR],2512499781
C,12146,8798,0,0[CR],2512500109
F,12269,12647,0,0[CR],2512500546
C,12135,8726,0,0[CR],2512500984
F,12257,12646,0,0[CR],2512501312
C,12135,8754,0,0[CR],2512501750
F,12259,12646,0,0[CR],2512502078
A,34132,12248,0,0[CR],2512502515
F,12227,12647,0,0[CR],2512502843
C,12134,8759,0,0[CR],2512503281
F,12234,12647,0,0[CR],2512503718
C,12134,8832,0,0[CR],2512504046
F,12229,12647,0,0[CR],2512504156
>
Reset interface. Wait time for interface: 47

======== END OF TEST ========


