CPT-log version: 5.22
======== BEGIN OF TEST ========
DATE 21.09.2022

<Transmited Data>
<NEW BUTTON 08:30:46>
[^C][CR]
>[CR]
VER[CR][LF]
[^C][CR]
[^C][CR]
CLEAR[CR]
[^C][CR]
DOFF[CR]
[^C][CR]
SCANG[CR]
[^C][CR]
[^C][CR]
CLEAR[CR]

<START BUTTON 08:36:29>
[^C][CR]
[^C][CR]
DRON[CR]
SCANG[CR]
[^G][^G]
<PAUSE BUTTON 08:53:16>
[^C][CR]
[^C][CR]
DOFF[CR]
[^C][CR]
CLEAR[CR]

<END BUTTON 09:00:59>
[^C][CR]
SCANG[CR]
[^C][CR]


<Received Data>
<NEW BUTTON 08:30:46>
ÿ
>
Reset interface. Wait time for interface: 93>
>
Command: > Wait time for interface: 94
VER
M240,2364,0,0
>
Reset interface. Wait time for interface: 141
>
Reset interface. Wait time for interface: 109CLEAR
OK
>
Command: CLEAR Wait time for interface: 110

>
Reset interface. Wait time for interface: 109DOFF
OK
>
Command: DOFF Wait time for interface: 109

>
Reset interface. Wait time for interface: 110SCANG
Z,0,0,0,0
Z,0,0,0,0[CR],2489009359
Z,0,0,0,0[CR],2489009796
Z,0,0,0,0[CR],2489010343
Z,0,0,0,0[CR],2489010781
Z,0,0,0,0[CR],2489011328
Z,0,0,0,0[CR],2489011765
Z,0,0,0,0[CR],2489012312
Z,0,0,0,0[CR],2489012750
Z,0,0,0,0[CR],2489013296
Z,0,0,0,0[CR],2489013406
F,12127,12641,0,0[CR],2489013734
C,12115,11385,0,0[CR],2489014171
F,12136,12639,0,0[CR],2489014500
C,12115,9982,0,0[CR],2489014937
F,12133,12640,0,0[CR],2489015265
C,12115,9474,0,0[CR],2489015734
F,12129,12640,0,0[CR],2489016062
C,12115,9341,0,0[CR],2489016500
F,12127,12641,0,0[CR],2489016828
C,12115,8958,0,0[CR],2489017281
F,12129,12640,0,0[CR],2489017609
A,33028,12132,0,0[CR],2489018062
F,12115,12640,0,0[CR],2489018406
C,12115,8259,0,0[CR],2489018859
F,12131,12641,0,0[CR],2489019187
C,12116,8415,0,0[CR],2489019640
F,12134,12640,0,0[CR],2489019968
C,12116,8724,0,0[CR],2489020421
F,12132,12641,0,0[CR],2489020765
C,12116,8561,0,0[CR],2489021109
F,12122,12639,0,0[CR],2489021546
C,12116,8810,0,0[CR],2489021984
F,12131,12640,0,0[CR],2489022203
>
Reset interface. Wait time for interface: 47
>
Reset interface. Wait time for interface: 47CLEAR
OK
>
Command: CLEAR Wait time for interface: 109

<START BUTTON 08:36:29>

>
Reset interface. Wait time for interface: 110
>
Reset interface. Wait time for interface: 109DRON
OK
>
Command: DRON Wait time for interface: 109
SCANG
Z,0,0,0,0
F,20164,12935,0,0[CR],2489246531
C,12528,598,0,0[CR],2489246968
F,20200,12941,0,0[CR],2489247296
C,12525,608,0,0[CR],2489247734
F,20234,12934,0,0[CR],2489248078
C,12520,612,0,0[CR],2489248515
F,20252,12947,0,0[CR],2489248968
A,33568,20272,0,0[CR],2489249343
F,20266,12948,0,0[CR],2489249671
C,12515,606,0,0[CR],2489250031
F,20304,12954,0,0[CR],2489250484
C,12512,614,0,0[CR],2489250812
F,20322,12954,0,0[CR],2489251250
C,12510,608,0,0[CR],2489251687
F,20336,12954,0,0[CR],2489252015
C,12506,612,0,0[CR],2489252453
F,20348,12966,0,0[CR],2489252781
C,12511,604,0,0[CR],2489253218
F,20362,12960,0,0[CR],2489253546
C,12533,602,0,0[CR],2489253984
F,20364,12961,0,0[CR],2489254421
C,12542,612,0,0[CR],2489254750
F,20360,12964,0,0[CR],2489255187
A,33580,20364,0,0[CR],2489255515
F,20346,12971,0,0[CR],2489255953
C,12525,612,0,0[CR],2489256281
F,20374,12954,0,0[CR],2489256718
C,12523,608,0,0[CR],2489257156
F,20380,12961,0,0[CR],2489257484
C,12518,612,0,0[CR],2489257921
F,20384,12966,0,0[CR],2489258250
C,12514,608,0,0[CR],2489258687
F,20382,12966,0,0[CR],2489259015
C,12511,602,0,0[CR],2489259453
F,20398,12975,0,0[CR],2489259890
C,12518,608,0,0[CR],2489260218
F,20398,12945,0,0[CR],2489260656
C,12495,604,0,0[CR],2489260984
F,20380,12854,0,0[CR],2489261421
A,33596,20390,0,0[CR],2489261750
F,20370,12835,0,0[CR],2489262187
C,12478,602,0,0[CR],2489262625
F,20392,12838,0,0[CR],2489262953
C,12479,612,0,0[CR],2489263390
F,20402,12840,0,0[CR],2489263718
C,12478,608,0,0[CR],2489264156
F,20448,13076,0,0[CR],2489264484
C,12569,612,0,0[CR],2489264921
F,20348,12993,0,0[CR],2489265359
C,12601,616,0,0[CR],2489265687
F,20264,12983,0,0[CR],2489266125
C,12588,606,0,0[CR],2489266453
F,20238,12942,0,0[CR],2489266890
C,12567,612,0,0[CR],2489267218
F,20256,12935,0,0[CR],2489267656
A,33580,20254,0,0[CR],2489268093
F,20242,12945,0,0[CR],2489268421
C,12559,606,0,0[CR],2489268859
F,20264,12929,0,0[CR],2489269187
C,12554,614,0,0[CR],2489269625
F,20278,12936,0,0[CR],2489269953
C,12551,600,0,0[CR],2489270390
F,19976,12638,0,0[CR],2489270828
C,11821,612,0,0[CR],2489271156
F,16620,12638,0,0[CR],2489271593
C,11777,612,0,0[CR],2489271921
F,16034,12637,0,0[CR],2489272359
C,11742,598,0,0[CR],2489272687
F,15544,12638,0,0[CR],2489273125
C,11723,594,0,0[CR],2489273562
F,15308,12637,0,0[CR],2489273890
A,33588,15437,0,0[CR],2489274328
F,15402,12646,0,0[CR],2489274656
C,11977,594,0,114[CR],2489275093
F,14945,12791,0,114[CR],2489275421
C,12545,600,0,103[CR],2489275859
F,15194,13464,0,64[CR],2489276296
C,12573,588,0,64[CR],2489276625
F,15622,13300,0,68[CR],2489277062
C,12580,610,0,64[CR],2489277390
F,16043,13328,8,54[CR],2489277828
C,12672,598,21,8[CR],2489278156
F,16724,13045,21,2[CR],2489278593
C,12597,612,21,1[CR],2489279031
F,17054,12774,21,0[CR],2489279359
C,12592,598,21,0[CR],2489279796
F,17372,12746,21,0[CR],2489280125
A,33584,17570,21,0[CR],2489280562
F,17628,12743,21,0[CR],2489280890
C,12570,596,21,0[CR],2489281328
F,17896,12738,21,0[CR],2489281765
C,12565,608,21,0[CR],2489282093
F,18106,12743,21,0[CR],2489282531
C,12561,586,21,0[CR],2489282859
F,18298,12740,21,0[CR],2489283296
C,12558,620,21,0[CR],2489283625
F,18466,12742,21,0[CR],2489284062
C,12555,598,21,0[CR],2489284500
F,18620,12765,21,0[CR],2489284828
C,12571,604,21,0[CR],2489285265
F,18760,12757,21,0[CR],2489285593
C,12561,594,21,0[CR],2489286031
F,18878,12724,21,0[CR],2489286359
A,33612,18954,21,0[CR],2489286796
F,18974,12706,21,0[CR],2489287234
C,12518,608,21,0[CR],2489287562
F,19106,12726,21,0[CR],2489288000
C,12519,602,21,0[CR],2489288328
F,19208,12726,21,0[CR],2489288765
C,12515,608,21,0[CR],2489289093
F,19306,12743,21,0[CR],2489289531
C,12518,604,21,0[CR],2489289968
F,19402,12745,21,0[CR],2489290296
C,12519,606,21,0[CR],2489290734
F,19480,12746,21,0[CR],2489291062
C,12522,604,21,0[CR],2489291500
F,19562,12749,21,0[CR],2489291828
C,12521,600,21,0[CR],2489292265
F,19636,12755,21,0[CR],2489292703
A,33588,19678,21,0[CR],2489293031
F,19682,12757,21,0[CR],2489293468
C,12521,616,21,0[CR],2489293796
F,19764,12754,21,0[CR],2489294234
C,12520,606,21,0[CR],2489294562
F,19818,12754,21,0[CR],2489295000
C,12522,616,21,0[CR],2489295437
F,19878,12753,21,0[CR],2489295765
C,12521,602,21,0[CR],2489296203
F,19926,12758,21,0[CR],2489296531
C,12523,608,21,0[CR],2489296968
F,19970,12757,21,0[CR],2489297296
C,12522,610,21,0[CR],2489297734
F,20014,12762,21,0[CR],2489298171
C,12525,602,21,0[CR],2489298500
F,20048,12760,21,0[CR],2489298937
A,33628,20074,21,0[CR],2489299265
F,20062,12761,21,0[CR],2489299703
C,12521,586,21,0[CR],2489300031
F,20126,12762,21,0[CR],2489300468
C,12522,594,21,0[CR],2489300906
F,20148,12761,21,0[CR],2489301234
C,12520,604,21,0[CR],2489301671
F,20178,12761,21,0[CR],2489302000
C,12524,608,21,0[CR],2489302437
F,20204,12759,21,0[CR],2489302765
C,12520,608,21,0[CR],2489303203
F,20228,12764,21,0[CR],2489303640
C,12523,620,21,0[CR],2489303968
F,20256,12763,21,0[CR],2489304406
C,12521,602,21,0[CR],2489304734
F,20274,12764,21,0[CR],2489305171
A,33636,20288,21,0[CR],2489305500
F,20284,12766,21,0[CR],2489305937
C,12523,602,21,0[CR],2489306375
F,20316,12770,21,0[CR],2489306703
C,12520,608,21,0[CR],2489307140
F,20338,12764,21,0[CR],2489307468
C,12520,612,21,0[CR],2489307906
F,20348,12768,21,0[CR],2489308234
C,12520,602,21,0[CR],2489308671
F,20366,12762,21,0[CR],2489309109
C,12521,602,21,0[CR],2489309437
F,20384,12764,21,0[CR],2489309875
C,12520,602,21,0[CR],2489310203
F,20390,12767,21,0[CR],2489310640
C,12520,600,21,0[CR],2489310968
F,20404,12768,21,0[CR],2489311406
A,33696,20406,21,0[CR],2489311843
F,20400,12772,21,0[CR],2489312171
C,12516,598,21,0[CR],2489312609
F,20428,12767,21,0[CR],2489312937
C,12517,608,38,64[CR],2489313375
F,20494,13417,62,68[CR],2489313703
C,12867,608,86,68[CR],2489314140
F,21212,13504,111,64[CR],2489314578
C,12899,614,134,51[CR],2489314906
F,21656,13521,159,57[CR],2489315343
C,12913,608,183,57[CR],2489315671
F,21922,13530,208,57[CR],2489316109
C,12882,598,232,60[CR],2489316437
F,22136,13498,256,60[CR],2489316875
C,12888,578,281,64[CR],2489317312
F,22484,13449,305,64[CR],2489317640
A,33644,22288,329,64[CR],2489318078
F,21472,13462,354,64[CR],2489318406
C,12921,594,378,68[CR],2489318843
F,20854,13484,402,68[CR],2489319171
C,12886,608,426,68[CR],2489319609
F,21688,13471,451,68[CR],2489320046
C,13316,608,475,54[CR],2489320375
F,19238,13420,499,57[CR],2489320812
C,13132,608,524,57[CR],2489321140
F,19884,13330,549,60[CR],2489321578
C,12987,612,573,54[CR],2489321906
F,20762,13166,597,60[CR],2489322343
C,12916,608,621,64[CR],2489322781
F,21446,13036,646,60[CR],2489323109
C,12908,608,670,60[CR],2489323546
F,21730,13007,694,64[CR],2489323875
A,33628,22118,718,64[CR],2489324312
F,21706,12992,743,68[CR],2489324640
C,12906,604,767,68[CR],2489325078
F,22098,13033,792,68[CR],2489325515
C,12893,632,816,54[CR],2489325843
F,22542,13033,840,57[CR],2489326281
C,12904,618,864,57[CR],2489326609
F,22840,13086,889,60[CR],2489327046
C,12888,624,913,57[CR],2489327375
F,22882,13170,937,60[CR],2489327812
C,12907,636,962,60[CR],2489328250
F,22574,13204,986,64[CR],2489328578
C,12968,642,1010,64[CR],2489329015
F,21646,13232,1035,68[CR],2489329343
C,12973,630,1059,68[CR],2489329781
F,20048,13383,1083,64[CR],2489330109
A,33672,20598,1107,68[CR],2489330546
F,20606,13439,1131,54[CR],2489330984
C,13098,640,1155,60[CR],2489331312
F,20900,13588,1180,60[CR],2489331671
C,12986,634,1204,57[CR],2489332078
F,21142,13554,1228,60[CR],2489332515
C,12902,654,1252,60[CR],2489332843
F,21616,13373,1277,60[CR],2489333281
C,12956,654,1301,64[CR],2489333718
F,22118,13202,1325,64[CR],2489334046
D,27908,37000,1345,54[CR],2489334046
C,13004,688,1349,68[CR],2489334484
F,22630,13242,1374,64[CR],2489334812
C,12998,706,1397,68[CR],2489335250
F,23124,13317,1422,60[CR],2489335578
C,13031,712,1446,51[CR],2489336015
F,23506,13365,1471,60[CR],2489336453
A,33668,23686,1495,57[CR],2489336781
F,23726,13377,1519,60[CR],2489337218
C,12976,714,1544,60[CR],2489337546
F,24042,13320,1568,60[CR],2489337984
C,12961,714,1593,60[CR],2489338312
F,24250,13296,1617,64[CR],2489338750
C,13014,720,1641,64[CR],2489339187
F,24532,13234,1665,64[CR],2489339515
C,13061,712,1690,64[CR],2489339953
F,24566,13286,1714,68[CR],2489340281
C,12981,718,1735,16[CR],2489340718
F,24832,13240,1735,2[CR],2489341046
C,12813,678,1735,1[CR],2489341484
F,24712,12805,1735,0[CR],2489341921
C,12710,706,1735,0[CR],2489342250
F,24740,12826,1735,0[CR],2489342687
A,33672,24768,1735,0[CR],2489343015
F,24760,12823,1735,0[CR],2489343453
C,12697,708,1735,0[CR],2489343781
F,24800,12820,1735,0[CR],2489344218
C,12633,712,1735,0[CR],2489344656
F,24624,12672,1735,0[CR],2489344984
C,12590,706,1735,0[CR],2489345421
F,24720,12796,1735,0[CR],2489345750
C,12707,696,1735,0[CR],2489346187
F,24856,12752,1735,0[CR],2489346625
Z,0,0,1735,0[CR],2489347171
Z,0,0,1735,0[CR],2489347718
Z,0,0,1735,0[CR],2489348156
Z,0,0,1735,0[CR],2489348703
Z,0,0,1735,0[CR],2489349140
Z,0,0,1735,0[CR],2489349687
Z,0,0,1735,0[CR],2489350125
Z,0,0,1735,0[CR],2489350671
Z,0,0,1735,0[CR],2489351109
Z,0,0,1735,0[CR],2489351656
Z,0,0,1735,0[CR],2489352093
Z,0,0,1735,0[CR],2489352640
Z,0,0,1735,0[CR],2489353078
Z,0,0,1735,0[CR],2489353625
Z,0,0,1735,0[CR],2489354171
Z,0,0,1735,0[CR],2489354609
Z,0,0,1735,0[CR],2489355156
Z,0,0,1735,0[CR],2489355593
Z,0,0,1735,0[CR],2489356140
Z,0,0,1735,0[CR],2489356578
Z,0,0,1735,0[CR],2489357125
Z,0,0,1735,0[CR],2489357562
Z,0,0,1735,0[CR],2489358109
Z,0,0,1735,0[CR],2489358546
Z,0,0,1735,0[CR],2489359093
Z,0,0,1735,0[CR],2489359640
Z,0,0,1735,0[CR],2489360078
Z,0,0,1735,0[CR],2489360625
Z,0,0,1735,0[CR],2489361062
Z,0,0,1735,0[CR],2489361609
Z,0,0,1735,0[CR],2489362046
Z,0,0,1735,0[CR],2489362593
Z,0,0,1735,0[CR],2489363140
Z,0,0,1735,0[CR],2489363578
Z,0,0,1735,0[CR],2489364125
Z,0,0,1735,0[CR],2489364562
Z,0,0,1735,0[CR],2489365109
Z,0,0,1735,0[CR],2489365546
Z,0,0,1735,0[CR],2489366093
Z,0,0,1735,0[CR],2489366640
Z,0,0,1735,0[CR],2489367078
Z,0,0,1735,0[CR],2489367625
Z,0,0,1735,0[CR],2489368062
Z,0,0,1735,0[CR],2489368609
Z,0,0,1735,0[CR],2489369046
Z,0,0,1735,0[CR],2489369593
Z,0,0,1735,0[CR],2489370140
Z,0,0,1735,0[CR],2489370578
Z,0,0,1735,0[CR],2489371125
Z,0,0,1735,0[CR],2489371562
Z,0,0,1735,0[CR],2489372109
Z,0,0,1735,0[CR],2489372546
Z,0,0,1735,0[CR],2489373093
Z,0,0,1735,0[CR],2489373640
Z,0,0,1735,0[CR],2489374078
Z,0,0,1735,0[CR],2489374625
Z,0,0,1735,0[CR],2489375062
Z,0,0,1735,0[CR],2489375609
Z,0,0,1735,0[CR],2489376156
Z,0,0,1735,0[CR],2489376593
Z,0,0,1735,0[CR],2489377140
Z,0,0,1735,0[CR],2489377578
Z,0,0,1735,0[CR],2489378125
Z,0,0,1735,0[CR],2489378562
Z,0,0,1735,0[CR],2489379109
Z,0,0,1735,0[CR],2489379656
Z,0,0,1735,0[CR],2489380093
Z,0,0,1735,0[CR],2489380640
Z,0,0,1735,0[CR],2489381078
Z,0,0,1735,0[CR],2489381625
Z,0,0,1735,0[CR],2489382062
Z,0,0,1735,0[CR],2489382609
Z,0,0,1735,0[CR],2489383156
Z,0,0,1735,0[CR],2489383593
Z,0,0,1735,0[CR],2489384140
Z,0,0,1735,0[CR],2489384578
Z,0,0,1735,0[CR],2489385125
Z,0,0,1735,0[CR],2489385562
Z,0,0,1735,0[CR],2489386109
Z,0,0,1735,0[CR],2489386656
Z,0,0,1735,0[CR],2489387093
Z,0,0,1735,0[CR],2489387640
Z,0,0,1735,0[CR],2489388078
Z,0,0,1735,22[CR],2489388625
Z,0,0,1735,28[CR],2489389062
Z,0,0,1748,34[CR],2489389171
F,24676,12656,1750,31[CR],2489389500
C,12578,690,1753,5[CR],2489389937
F,24486,12786,1753,1[CR],2489390265
C,12719,694,1753,1[CR],2489390703
F,24530,12751,1753,0[CR],2489391140
C,12671,710,1753,0[CR],2489391468
F,24542,12728,1753,0[CR],2489391906
C,12659,708,1753,0[CR],2489392234
F,24558,12739,1753,0[CR],2489392671
A,33696,24558,1753,0[CR],2489393000
F,24546,12734,1754,0[CR],2489393437
C,12645,676,1759,3[CR],2489393875
F,24908,13022,1759,1[CR],2489394203
C,12770,686,1759,0[CR],2489394640
F,25248,12883,1759,0[CR],2489394968
C,12742,676,1759,0[CR],2489395406
F,25224,12868,1759,0[CR],2489395734
C,12728,702,1759,0[CR],2489396171
F,25200,12870,1759,0[CR],2489396609
C,12721,692,1759,0[CR],2489396937
F,25180,12864,1759,0[CR],2489397375
C,12714,682,1759,0[CR],2489397703
F,25164,12856,1759,0[CR],2489398140
C,12706,694,1759,0[CR],2489398468
F,25156,12857,1760,2[CR],2489398906
A,33660,25140,1760,1[CR],2489399343
F,25116,12860,1760,0[CR],2489399671
C,12702,682,1760,0[CR],2489400109
F,25116,12866,1760,0[CR],2489400437
C,12700,690,1760,0[CR],2489400875
F,25104,12859,1760,0[CR],2489401203
C,12699,694,1760,0[CR],2489401640
F,25084,12864,1760,0[CR],2489402078
C,12695,690,1760,0[CR],2489402406
F,25068,12863,1760,0[CR],2489402843
C,12693,690,1760,0[CR],2489403171
F,25044,12862,1760,0[CR],2489403609
C,12692,700,1760,0[CR],2489403937
F,25032,12860,1760,0[CR],2489404375
C,12691,696,1760,0[CR],2489404812
F,25008,12857,1760,0[CR],2489405140
A,33708,25004,1760,0[CR],2489405578
F,24984,12862,1760,0[CR],2489405906
C,12689,684,1760,0[CR],2489406343
F,24972,12861,1760,0[CR],2489406671
C,12688,696,1760,0[CR],2489407109
F,24956,12861,1760,0[CR],2489407546
C,12687,688,1760,0[CR],2489407875
F,24936,12859,1760,0[CR],2489408312
C,12686,692,1760,0[CR],2489408640
F,24924,12864,1760,0[CR],2489409078
C,12685,680,1760,0[CR],2489409406
F,24904,12862,1760,0[CR],2489409843
C,12684,682,1760,0[CR],2489410281
F,24892,12861,1760,0[CR],2489410609
C,12681,680,1760,0[CR],2489411046
F,24876,12859,1760,0[CR],2489411375
A,33676,24860,1763,35[CR],2489411812
F,24840,12867,1787,64[CR],2489412140
C,12982,678,1811,64[CR],2489412578
F,25800,13487,1836,68[CR],2489413015
C,12981,694,1860,68[CR],2489413343
F,26108,13392,1883,68[CR],2489413781
C,12968,666,1907,57[CR],2489414109
F,26372,13391,1932,57[CR],2489414546
C,13033,672,1956,57[CR],2489414875
F,25972,13385,1981,57[CR],2489415312
C,13036,656,2005,57[CR],2489415640
F,24632,13443,2029,57[CR],2489416078
C,13013,682,2054,64[CR],2489416515
F,24544,13517,2078,64[CR],2489416843
C,13025,680,2102,64[CR],2489417281
F,25184,13503,2127,64[CR],2489417609
A,33712,25272,2151,68[CR],2489418046
F,25288,13435,2175,68[CR],2489418156
J,52256,25036,2184,51[CR],2489418484
C,12979,692,2199,68[CR],2489418812
F,25352,13453,2224,68[CR],2489419250
C,12961,694,2248,54[CR],2489419578
F,25152,13483,2272,60[CR],2489420015
C,13069,680,2297,57[CR],2489420343
F,23620,13461,2321,57[CR],2489420781
C,13032,692,2345,60[CR],2489421218
F,21306,13517,2370,60[CR],2489421546
C,13130,686,2394,60[CR],2489421984
F,21726,13675,2418,64[CR],2489422312
C,13255,654,2442,64[CR],2489422750
F,20066,14039,2467,64[CR],2489423078
C,13238,690,2490,68[CR],2489423515
F,19152,14273,2515,68[CR],2489423953
A,33688,19922,2539,57[CR],2489424281
F,20262,14589,2563,51[CR],2489424718
C,13084,672,2588,57[CR],2489425046
F,20912,14185,2612,60[CR],2489425484
C,13288,664,2636,57[CR],2489425812
F,21092,14164,2660,60[CR],2489426250
C,13388,650,2684,60[CR],2489426687
F,21964,14288,2709,64[CR],2489427015
C,13266,648,2733,64[CR],2489427453
F,23492,14288,2758,64[CR],2489427781
C,13231,648,2782,68[CR],2489428218
F,24100,13930,2806,68[CR],2489428546
C,13288,650,2830,68[CR],2489428984
F,25032,13594,2855,64[CR],2489429421
C,13267,654,2878,57[CR],2489429750
F,25824,13478,2903,57[CR],2489430187
A,33712,26552,2927,57[CR],2489430515
F,26704,13389,2951,57[CR],2489430953
C,13315,684,2976,60[CR],2489431281
F,27112,13405,3000,60[CR],2489431718
C,13274,696,3024,60[CR],2489432156
F,28112,13403,3049,60[CR],2489432484
C,13246,690,3073,64[CR],2489432921
F,28536,13381,3097,68[CR],2489433250
C,13226,696,3121,68[CR],2489433687
F,28812,13391,3145,64[CR],2489434125
C,13226,706,3169,54[CR],2489434453
F,29400,13388,3193,57[CR],2489434890
C,13390,690,3218,57[CR],2489435218
F,30576,13383,3242,60[CR],2489435656
C,13315,702,3265,57[CR],2489435984
F,31444,13349,3288,60[CR],2489436421
A,33688,31932,3310,68[CR],2489436859
F,32064,13411,3334,68[CR],2489437187
C,13370,700,3358,57[CR],2489437625
F,32896,13486,3383,60[CR],2489437953
C,13385,706,3406,57[CR],2489438390
F,33280,13527,3430,60[CR],2489438718
C,13375,724,3455,64[CR],2489439156
F,34092,13511,3479,64[CR],2489439484
C,13355,740,3503,64[CR],2489439921
F,34528,13497,3527,68[CR],2489440359
C,13295,736,3551,64[CR],2489440687
F,35164,13452,3575,68[CR],2489441125
C,13331,738,3599,68[CR],2489441453
F,35760,13465,3624,64[CR],2489441890
C,13356,732,3648,51[CR],2489442218
F,36068,13496,3672,60[CR],2489442656
A,33684,36396,3697,60[CR],2489443093
F,36524,13500,3721,60[CR],2489443203
I,55352,2970,3730,57[CR],2489443453
C,13316,710,3735,7[CR],2489443859
F,36908,13384,3735,1[CR],2489444187
C,13152,692,3735,1[CR],2489444625
F,36116,13001,3735,0[CR],2489444953
C,13069,708,3735,0[CR],2489445390
F,35888,12987,3735,0[CR],2489445828
C,13049,720,3735,0[CR],2489446156
F,35768,12981,3735,0[CR],2489446593
C,12987,720,3735,0[CR],2489446921
F,35608,12887,3735,0[CR],2489447359
C,12983,708,3735,0[CR],2489447687
F,35576,12907,3735,0[CR],2489448125
C,13029,714,3735,0[CR],2489448562
F,35572,12942,3735,0[CR],2489448890
A,33688,35532,3735,0[CR],2489449328
F,35500,12934,3735,0[CR],2489449656
C,12999,710,3735,0[CR],2489450203
Z,0,0,3735,0[CR],2489450640
Z,0,0,3735,0[CR],2489451187
Z,0,0,3735,0[CR],2489451625
Z,0,0,3735,0[CR],2489452171
Z,0,0,3735,0[CR],2489452718
Z,0,0,3735,0[CR],2489453156
Z,0,0,3735,0[CR],2489453703
Z,0,0,3735,0[CR],2489454140
Z,0,0,3735,0[CR],2489454687
Z,0,0,3735,0[CR],2489455125
Z,0,0,3735,0[CR],2489455671
Z,0,0,3735,0[CR],2489456109
Z,0,0,3735,0[CR],2489456656
Z,0,0,3735,0[CR],2489457093
Z,0,0,3735,0[CR],2489457640
Z,0,0,3735,0[CR],2489458187
Z,0,0,3735,0[CR],2489458625
Z,0,0,3735,0[CR],2489459171
Z,0,0,3735,0[CR],2489459609
Z,0,0,3735,0[CR],2489460156
Z,0,0,3735,0[CR],2489460593
Z,0,0,3735,0[CR],2489461140
Z,0,0,3735,0[CR],2489461687
Z,0,0,3735,0[CR],2489462125
Z,0,0,3735,0[CR],2489462671
Z,0,0,3735,0[CR],2489463109
Z,0,0,3735,0[CR],2489463656
Z,0,0,3735,0[CR],2489464093
Z,0,0,3735,0[CR],2489464640
Z,0,0,3735,0[CR],2489465187
Z,0,0,3735,0[CR],2489465625
Z,0,0,3735,0[CR],2489466062
C,12818,704,3735,0[CR],2489466500
F,34748,12750,3735,0[CR],2489466937
Z,0,0,3735,0[CR],2489467484
Z,0,0,3735,0[CR],2489467703
A,33712,34640,3735,0[CR],2489468140
Z,0,0,3735,0[CR],2489468468
C,12806,700,3735,0[CR],2489468906
Z,0,0,3735,0[CR],2489469453
Z,0,0,3735,0[CR],2489469890
Z,0,0,3735,0[CR],2489470437
F,34580,12742,3735,0[CR],2489470875
Z,0,0,3735,0[CR],2489471421
Z,0,0,3735,0[CR],2489471859
Z,0,0,3735,0[CR],2489472406
Z,0,0,3735,0[CR],2489472843
Z,0,0,3735,0[CR],2489473390
Z,0,0,3735,0[CR],2489473937
Z,0,0,3735,0[CR],2489474375
Z,0,0,3735,0[CR],2489474921
Z,0,0,3735,0[CR],2489475359
Z,0,0,3735,0[CR],2489475906
Z,0,0,3735,0[CR],2489476343
Z,0,0,3735,0[CR],2489476890
Z,0,0,3735,0[CR],2489477437
Z,0,0,3735,0[CR],2489477875
Z,0,0,3735,47[CR],2489478421
Z,0,0,3735,34[CR],2489478859
Z,0,0,3747,18[CR],2489478968
F,34396,12799,3749,14[CR],2489479406
C,12845,702,3751,4[CR],2489479734
F,34900,12956,3751,1[CR],2489480171
A,33664,34904,3751,1[CR],2489480500
F,34864,12897,3751,0[CR],2489480937
C,12976,696,3751,0[CR],2489481375
F,34844,12887,3751,0[CR],2489481703
C,12965,698,3751,0[CR],2489482140
F,34840,12880,3751,0[CR],2489482468
C,12958,702,3751,0[CR],2489482906
F,34812,12878,3756,5[CR],2489483234
C,13033,702,3756,1[CR],2489483671
F,36172,12998,3756,1[CR],2489484109
C,13092,700,3756,0[CR],2489484437
F,35976,12969,3756,0[CR],2489484875
C,13047,708,3756,0[CR],2489485203
F,35900,12955,3756,0[CR],2489485640
C,13030,700,3756,0[CR],2489485968
F,35840,12948,3756,0[CR],2489486406
A,33696,35804,3756,0[CR],2489486843
F,35768,12944,3756,0[CR],2489487171
C,13013,704,3756,0[CR],2489487609
F,35728,12940,3756,0[CR],2489487937
C,13009,696,3756,0[CR],2489488375
F,35676,12936,3756,0[CR],2489488703
C,13003,712,3756,0[CR],2489489140
F,35612,12935,3756,0[CR],2489489578
C,13000,696,3756,0[CR],2489489906
F,35560,12931,3756,0[CR],2489490343
C,12997,702,3756,0[CR],2489490671
F,35504,12930,3756,0[CR],2489491109
C,12993,704,3756,0[CR],2489491437
F,35452,12926,3756,0[CR],2489491875
C,12992,696,3756,0[CR],2489492312
F,35404,12923,3756,0[CR],2489492640
A,33672,35372,3756,0[CR],2489493078
F,35348,12923,3756,0[CR],2489493406
C,12986,704,3756,0[CR],2489493843
F,35312,12919,3756,0[CR],2489494171
C,12983,702,3756,0[CR],2489494609
F,35272,12921,3756,0[CR],2489495046
C,12983,696,3766,43[CR],2489495375
F,35232,13268,3787,64[CR],2489495812
C,13275,702,3811,68[CR],2489496140
F,38092,13586,3835,64[CR],2489496578
C,13357,708,3859,68[CR],2489496906
F,39032,13595,3883,60[CR],2489497343
C,13385,702,3907,54[CR],2489497781
F,39280,13592,3932,57[CR],2489498109
C,13408,696,3955,57[CR],2489498546
F,39720,13592,3980,60[CR],2489498875
A,33676,39248,4004,60[CR],2489499312
F,39040,13621,4029,60[CR],2489499640
C,13297,696,4053,64[CR],2489500078
F,39364,13578,4077,60[CR],2489500515
C,13272,702,4102,64[CR],2489500843
F,39308,13557,4126,64[CR],2489501281
C,13311,698,4150,68[CR],2489501609
F,38992,13553,4175,68[CR],2489502046
C,13276,696,4200,68[CR],2489502375
F,39216,13538,4223,51[CR],2489502812
C,13340,704,4247,57[CR],2489503250
F,39952,13482,4272,60[CR],2489503578
C,13354,692,4297,60[CR],2489504015
F,40008,13464,4321,60[CR],2489504343
C,13294,698,4345,60[CR],2489504781
F,39868,13517,4369,60[CR],2489505109
A,33676,40144,4394,64[CR],2489505546
F,40316,13571,4418,64[CR],2489505984
C,13358,710,4442,64[CR],2489506312
F,40720,13554,4466,68[CR],2489506750
C,13345,714,4490,68[CR],2489507078
F,40260,13512,4514,68[CR],2489507515
C,13298,728,4539,60[CR],2489507843
F,40156,13542,4563,51[CR],2489508281
C,13301,716,4587,57[CR],2489508718
F,40364,13555,4611,57[CR],2489509046
C,13275,716,4635,57[CR],2489509484
F,40192,13505,4659,64[CR],2489509812
C,13452,726,4683,64[CR],2489510250
F,37484,13514,4707,64[CR],2489510578
C,13387,736,4731,64[CR],2489511015
F,39776,13484,4755,64[CR],2489511453
A,33668,40136,4779,68[CR],2489511781
F,40260,13497,4804,60[CR],2489512218
C,13360,742,4828,57[CR],2489512546
F,40924,13542,4852,57[CR],2489512984
C,13371,754,4876,57[CR],2489513421
F,41384,13562,4901,60[CR],2489513750
C,13392,770,4925,60[CR],2489514187
F,41200,13555,4949,60[CR],2489514515
C,13341,774,4973,64[CR],2489514953
F,41080,13572,4998,64[CR],2489515281
C,13385,776,5022,64[CR],2489515718
F,41632,13569,5046,64[CR],2489516156
C,13372,782,5070,68[CR],2489516484
F,41968,13569,5094,57[CR],2489516921
C,13393,784,5118,54[CR],2489517250
F,42216,13533,5143,57[CR],2489517687
A,33652,41624,5167,57[CR],2489518015
F,41344,13523,5191,57[CR],2489518453
C,13347,782,5215,60[CR],2489518890
F,41920,13528,5240,64[CR],2489519218
C,13349,782,5264,64[CR],2489519656
F,42304,13532,5288,60[CR],2489519984
C,13389,778,5312,68[CR],2489520421
F,41800,13504,5336,68[CR],2489520750
C,13326,780,5360,68[CR],2489521187
F,42120,13468,5385,68[CR],2489521625
C,13377,790,5408,49[CR],2489521953
F,42296,13454,5433,57[CR],2489522390
C,13303,802,5457,57[CR],2489522718
F,41496,13432,5481,57[CR],2489523156
C,13276,828,5506,60[CR],2489523484
F,41968,13445,5530,64[CR],2489523921
A,33688,42664,5554,64[CR],2489524359
F,42752,13409,5579,64[CR],2489524687
C,13363,844,5603,64[CR],2489525125
F,41920,13341,5627,64[CR],2489525453
C,13378,828,5651,64[CR],2489525890
F,43040,13352,5675,68[CR],2489526218
C,13337,832,5699,51[CR],2489526656
F,42688,13361,5723,54[CR],2489527093
C,13305,828,5735,18[CR],2489527421
F,42304,13161,5735,2[CR],2489527859
C,13222,834,5735,1[CR],2489528187
F,41632,13025,5735,0[CR],2489528625
C,13169,828,5735,0[CR],2489528953
F,41008,12978,5735,0[CR],2489529390
C,13148,832,5735,0[CR],2489529828
F,40580,12973,5735,0[CR],2489530156
A,33688,40356,5735,0[CR],2489530593
F,40272,12906,5735,0[CR],2489530921
C,13093,828,5735,0[CR],2489531359
F,40080,12905,5735,0[CR],2489531687
C,13100,840,5735,0[CR],2489532125
F,39916,12926,5735,0[CR],2489532453
C,13110,820,5735,0[CR],2489533000
Z,0,0,5735,0[CR],2489533546
Z,0,0,5735,0[CR],2489533984
Z,0,0,5735,0[CR],2489534531
Z,0,0,5735,0[CR],2489534968
Z,0,0,5735,0[CR],2489535515
Z,0,0,5735,0[CR],2489535953
Z,0,0,5735,0[CR],2489536500
Z,0,0,5735,0[CR],2489536937
Z,0,0,5735,0[CR],2489537484
Z,0,0,5735,0[CR],2489537921
Z,0,0,5735,0[CR],2489538468
Z,0,0,5735,0[CR],2489539015
Z,0,0,5735,0[CR],2489539453
Z,0,0,5735,0[CR],2489540000
Z,0,0,5735,0[CR],2489540437
Z,0,0,5735,0[CR],2489540984
Z,0,0,5735,0[CR],2489541421
Z,0,0,5735,0[CR],2489541968
Z,0,0,5735,0[CR],2489542515
Z,0,0,5735,0[CR],2489542953
Z,0,0,5735,0[CR],2489543500
Z,0,0,5735,0[CR],2489543937
Z,0,0,5735,0[CR],2489544484
Z,0,0,5735,0[CR],2489545031
Z,0,0,5735,0[CR],2489545468
Z,0,0,5735,0[CR],2489546015
Z,0,0,5735,0[CR],2489546453
Z,0,0,5735,0[CR],2489547000
Z,0,0,5735,0[CR],2489547437
Z,0,0,5735,0[CR],2489547984
Z,0,0,5735,0[CR],2489548421
Z,0,0,5735,0[CR],2489548968
Z,0,0,5735,0[CR],2489549515
Z,0,0,5735,0[CR],2489549953
Z,0,0,5735,0[CR],2489550500
Z,0,0,5735,0[CR],2489550828
F,38108,12803,5735,0[CR],2489551265
C,12888,826,5735,0[CR],2489551812
Z,0,0,5735,0[CR],2489552250
Z,0,0,5735,0[CR],2489552796
Z,0,0,5735,0[CR],2489553234
F,38000,12799,5735,0[CR],2489553671
Z,0,0,5735,0[CR],2489554218
Z,0,0,5735,0[CR],2489554765
Z,0,0,5735,0[CR],2489555203
Z,0,0,5735,0[CR],2489555750
Z,0,0,5735,0[CR],2489556187
Z,0,0,5735,0[CR],2489556734
Z,0,0,5735,0[CR],2489557171
Z,0,0,5735,0[CR],2489557718
Z,0,0,5735,0[CR],2489558265
Z,0,0,5735,0[CR],2489558703
Z,0,0,5735,0[CR],2489559250
Z,0,0,5735,0[CR],2489559687
Z,0,0,5735,0[CR],2489560234
Z,0,0,5735,0[CR],2489560671
Z,0,0,5735,0[CR],2489561218
Z,0,0,5735,0[CR],2489561656
Z,0,0,5735,0[CR],2489562203
Z,0,0,5735,60[CR],2489562750
Z,0,0,5744,57[CR],2489563187
Z,0,0,5754,9[CR],2489563406
F,37620,12981,5754,3[CR],2489563734
C,13202,828,5754,1[CR],2489564171
F,38960,12908,5754,0[CR],2489564500
C,13124,824,5754,0[CR],2489564937
F,38840,12909,5754,0[CR],2489565265
C,13107,820,5754,0[CR],2489565703
F,38752,12901,5754,0[CR],2489566140
C,13095,822,5754,0[CR],2489566468
F,38688,12900,5754,0[CR],2489566906
C,13090,816,5756,57[CR],2489567234
F,38628,12894,5763,5[CR],2489567671
A,33660,41264,5763,2[CR],2489568000
F,41248,12991,5763,1[CR],2489568437
C,13214,816,5763,1[CR],2489568875
F,40956,12945,5763,0[CR],2489569203
C,13173,818,5763,0[CR],2489569640
F,40696,12934,5763,0[CR],2489569968
C,13157,812,5763,0[CR],2489570406
F,40488,12924,5763,0[CR],2489570734
C,13146,816,5763,0[CR],2489571171
F,40320,12921,5763,0[CR],2489571609
C,13137,818,5763,0[CR],2489571937
F,40176,12918,5776,41[CR],2489572375
C,13261,818,5799,64[CR],2489572703
F,42760,13315,5824,68[CR],2489573140
C,13360,814,5848,68[CR],2489573468
F,42808,13290,5872,73[CR],2489573906
A,33664,42912,5896,64[CR],2489574343
F,43192,13222,5920,51[CR],2489574734
C,13322,826,5945,60[CR],2489575109
F,43856,13195,5969,57[CR],2489575453
C,13341,856,5993,57[CR],2489575875
F,42912,13104,6018,60[CR],2489576203
C,13255,866,6042,60[CR],2489576640
F,43024,13130,6067,64[CR],2489577078
C,13287,884,6091,60[CR],2489577406
F,43464,13080,6115,64[CR],2489577843
C,13234,880,6140,64[CR],2489578171
F,42992,13040,6164,64[CR],2489578609
C,13287,876,6188,68[CR],2489578937
F,43832,13056,6212,68[CR],2489579375
C,13318,892,6236,64[CR],2489579812
F,44072,13008,6260,54[CR],2489580140
A,33680,43688,6285,60[CR],2489580578
F,44000,13006,6309,60[CR],2489580906
C,13301,880,6334,57[CR],2489581343
F,43952,13075,6358,60[CR],2489581671
C,13327,878,6382,64[CR],2489582109
F,43440,13008,6407,64[CR],2489582546
C,13332,876,6430,60[CR],2489582875
F,44160,13051,6455,64[CR],2489583312
C,13350,884,6479,68[CR],2489583640
F,44096,13012,6503,68[CR],2489584078
C,13377,882,6527,68[CR],2489584406
F,44072,13056,6551,54[CR],2489584843
C,13310,876,6575,54[CR],2489585281
F,45112,12993,6600,57[CR],2489585609
C,13334,880,6624,60[CR],2489586046
F,44880,13030,6648,60[CR],2489586375
A,33668,43904,6672,60[CR],2489586812
F,42520,13000,6696,60[CR],2489587156
C,13296,926,6720,64[CR],2489587578
F,44824,13027,6745,64[CR],2489588015
C,13295,904,6769,64[CR],2489588343
F,43840,13022,6793,64[CR],2489588781
C,13328,898,6817,64[CR],2489589109
F,43648,12973,6841,54[CR],2489589546
C,13307,910,6865,57[CR],2489589875
F,45208,12998,6890,57[CR],2489590312
C,13335,930,6914,60[CR],2489590750
F,44232,13010,6938,60[CR],2489591078
C,13333,928,6963,57[CR],2489591515
F,44520,12957,6987,60[CR],2489591843
C,13365,930,7011,60[CR],2489592281
F,44176,13009,7035,64[CR],2489592609
A,33624,45568,7059,64[CR],2489593046
F,45256,12983,7084,64[CR],2489593484
C,13306,926,7108,68[CR],2489593812
F,44776,12970,7132,54[CR],2489594250
C,13294,932,7156,60[CR],2489594578
F,44048,12999,7180,57[CR],2489595015
C,13337,928,7204,54[CR],2489595343
F,45120,13001,7229,57[CR],2489595781
C,13301,930,7253,64[CR],2489596109
F,45448,13028,7277,60[CR],2489596546
C,13335,928,7301,60[CR],2489596984
F,44992,12975,7326,64[CR],2489597312
C,13356,928,7350,64[CR],2489597750
F,44608,12987,7374,64[CR],2489598078
C,13334,934,7398,68[CR],2489598515
F,46200,13042,7422,60[CR],2489598953
A,33676,46368,7446,51[CR],2489599281
F,46000,13019,7470,57[CR],2489599718
C,13387,996,7495,57[CR],2489600046
F,45448,13001,7519,60[CR],2489600484
C,13376,998,7543,60[CR],2489600812
F,46232,13015,7568,60[CR],2489601250
C,13421,996,7592,60[CR],2489601687
F,45808,13022,7616,64[CR],2489602015
C,13359,998,7640,64[CR],2489602453
F,46792,13020,7664,68[CR],2489602781
C,13384,1000,7688,68[CR],2489603218
F,46480,13020,7712,60[CR],2489603546
C,13398,998,7731,13[CR],2489603984
F,46432,13026,7735,8[CR],2489604421
C,13306,1000,7735,2[CR],2489604750
F,45384,12926,7735,1[CR],2489605187
A,33660,44904,7735,0[CR],2489605515
F,44744,12906,7735,0[CR],2489605953
C,13162,1002,7735,0[CR],2489606281
F,44248,12896,7735,0[CR],2489606718
C,13147,992,7735,0[CR],2489607156
F,43944,12881,7735,0[CR],2489607484
C,13123,1000,7735,0[CR],2489607921
F,43632,12887,7735,0[CR],2489608250
C,13145,1000,7735,0[CR],2489608687
F,43536,12880,7735,0[CR],2489609125
Z,0,0,7735,0[CR],2489609671
Z,0,0,7735,0[CR],2489610218
Z,0,0,7735,0[CR],2489610656
Z,0,0,7735,0[CR],2489611203
Z,0,0,7735,0[CR],2489611640
Z,0,0,7735,0[CR],2489612187
Z,0,0,7735,0[CR],2489612625
Z,0,0,7735,0[CR],2489613171
Z,0,0,7735,0[CR],2489613609
Z,0,0,7735,0[CR],2489614156
Z,0,0,7735,0[CR],2489614593
Z,0,0,7735,0[CR],2489615140
Z,0,0,7735,0[CR],2489615687
Z,0,0,7735,0[CR],2489616125
Z,0,0,7735,0[CR],2489616671
Z,0,0,7735,0[CR],2489617109
Z,0,0,7735,0[CR],2489617656
Z,0,0,7735,0[CR],2489618093
Z,0,0,7735,0[CR],2489618640
Z,0,0,7735,0[CR],2489619187
Z,0,0,7735,0[CR],2489619625
Z,0,0,7735,0[CR],2489620171
Z,0,0,7735,0[CR],2489620609
Z,0,0,7735,0[CR],2489621156
Z,0,0,7735,0[CR],2489621703
Z,0,0,7735,0[CR],2489622140
Z,0,0,7735,0[CR],2489622687
Z,0,0,7735,0[CR],2489623125
Z,0,0,7735,0[CR],2489623671
Z,0,0,7735,0[CR],2489624109
Z,0,0,7735,0[CR],2489624656
Z,0,0,7735,0[CR],2489625093
Z,0,0,7735,0[CR],2489625640
Z,0,0,7735,0[CR],2489626187
Z,0,0,7735,0[CR],2489626625
Z,0,0,7735,0[CR],2489627171
Z,0,0,7735,0[CR],2489627609
Z,0,0,7735,0[CR],2489628156
Z,0,0,7735,0[CR],2489628703
Z,0,0,7735,0[CR],2489629140
Z,0,0,7735,0[CR],2489629687
Z,0,0,7735,0[CR],2489630125
Z,0,0,7735,0[CR],2489630671
Z,0,0,7735,0[CR],2489631109
Z,0,0,7735,0[CR],2489631656
Z,0,0,7735,0[CR],2489632203
Z,0,0,7735,0[CR],2489632640
Z,0,0,7735,0[CR],2489633187
Z,0,0,7735,0[CR],2489633625
Z,0,0,7735,0[CR],2489634171
Z,0,0,7735,0[CR],2489634609
Z,0,0,7735,0[CR],2489635156
Z,0,0,7735,0[CR],2489635703
Z,0,0,7735,0[CR],2489636140
Z,0,0,7735,0[CR],2489636687
Z,0,0,7735,0[CR],2489637125
Z,0,0,7735,43[CR],2489637671
Z,0,0,7744,60[CR],2489638109
Z,0,0,7752,6[CR],2489638328
F,40984,12882,7752,2[CR],2489638765
C,13225,998,7752,1[CR],2489639093
F,42496,12868,7752,0[CR],2489639531
C,13121,996,7752,0[CR],2489639968
F,42312,12862,7752,0[CR],2489640296
C,13106,990,7752,0[CR],2489640734
F,42184,12858,7752,0[CR],2489641062
C,13099,998,7752,0[CR],2489641500
F,42064,12856,7752,0[CR],2489641828
C,13092,994,7752,0[CR],2489642265
F,41960,12852,7752,0[CR],2489642703
A,33664,41888,7752,0[CR],2489643031
F,41856,12852,7752,0[CR],2489643468
C,13074,998,7752,0[CR],2489643796
F,41776,12849,7752,0[CR],2489644234
C,13070,996,7752,0[CR],2489644562
F,41688,12848,7752,0[CR],2489645000
C,13067,982,7752,0[CR],2489645437
F,41592,12846,7752,0[CR],2489645765
C,13066,996,7752,0[CR],2489646203
F,41536,12846,7752,0[CR],2489646531
C,13066,990,7752,0[CR],2489646968
F,41488,12843,7752,0[CR],2489647296
C,13062,1004,7752,0[CR],2489647734
F,41448,12842,7752,0[CR],2489648171
C,13063,988,7752,0[CR],2489648500
F,41392,12842,7752,0[CR],2489648937
A,33660,41368,7758,16[CR],2489649265
F,41416,13002,7760,2[CR],2489649703
C,13280,994,7760,1[CR],2489650031
F,44200,12919,7760,1[CR],2489650468
C,13181,998,7760,1[CR],2489650906
F,43952,12901,7760,0[CR],2489651234
C,13153,994,7760,0[CR],2489651671
F,43784,12896,7760,0[CR],2489652000
C,13135,998,7760,0[CR],2489652437
F,43632,12891,7760,0[CR],2489652765
C,13124,988,7760,0[CR],2489653203
F,43472,12887,7760,0[CR],2489653640
C,13116,990,7760,0[CR],2489653968
F,43296,12883,7760,0[CR],2489654406
C,13110,996,7760,0[CR],2489654734
F,43144,12880,7760,0[CR],2489655171
A,33644,43040,7760,0[CR],2489655500
F,42992,12879,7760,0[CR],2489655937
C,13099,998,7760,0[CR],2489656375
F,42888,12877,7760,0[CR],2489656703
C,13097,988,7760,0[CR],2489657140
F,42792,12873,7760,0[CR],2489657468
C,13093,996,7760,0[CR],2489657906
F,42696,12872,7760,0[CR],2489658234
C,13091,1000,7760,0[CR],2489658671
F,42616,12870,7760,0[CR],2489659109
C,13088,992,7760,0[CR],2489659437
F,42544,12870,7760,0[CR],2489659875
C,13084,994,7760,0[CR],2489660203
F,42472,12867,7760,0[CR],2489660640
C,13084,996,7760,0[CR],2489660968
F,42408,12867,7760,0[CR],2489661406
A,33632,42352,7760,0[CR],2489661843
F,42320,12866,7760,0[CR],2489662171
C,13078,996,7760,0[CR],2489662609
F,42272,12863,7760,0[CR],2489662937
C,13078,998,7760,0[CR],2489663375
F,42208,12864,7760,0[CR],2489663703
C,13075,986,7760,0[CR],2489664140
F,42144,12862,7760,0[CR],2489664578
C,13073,992,7760,0[CR],2489664906
F,42080,12861,7760,0[CR],2489665343
C,13072,1000,7760,0[CR],2489665671
F,42032,12860,7760,0[CR],2489666109
C,13071,994,7760,0[CR],2489666437
F,41976,12861,7760,0[CR],2489666875
C,13069,978,7760,0[CR],2489667312
F,41928,12859,7760,0[CR],2489667640
A,33644,41880,7760,0[CR],2489668078
F,41864,12857,7760,0[CR],2489668406
C,13066,994,7760,0[CR],2489668843
F,41824,12857,7760,0[CR],2489669171
C,13066,988,7760,0[CR],2489669609
F,41792,12856,7760,0[CR],2489670046
C,13064,970,7760,0[CR],2489670375
F,41744,12856,7760,0[CR],2489670812
C,13063,984,7760,0[CR],2489671140
F,41712,12854,7760,0[CR],2489671578
C,13061,990,7760,0[CR],2489671906
F,41672,12854,7760,0[CR],2489672343
C,13060,996,7760,0[CR],2489672781
F,41632,12854,7760,0[CR],2489673109
C,13059,994,7760,0[CR],2489673546
F,41592,12854,7760,0[CR],2489673875
A,33644,41560,7760,0[CR],2489674312
F,41544,12853,7760,0[CR],2489674640
C,13056,996,7760,0[CR],2489675078
F,41520,12852,7760,0[CR],2489675515
C,13055,1000,7760,0[CR],2489675843
F,41488,12851,7760,0[CR],2489676281
C,13055,1004,7760,0[CR],2489676609
F,41456,12850,7760,0[CR],2489677046
C,13053,996,7760,0[CR],2489677375
F,41408,12849,7760,0[CR],2489677812
C,13053,994,7760,0[CR],2489678250
F,41376,12848,7760,0[CR],2489678578
C,13051,994,7760,0[CR],2489679015
F,41352,12849,7760,0[CR],2489679343
C,13051,986,7760,0[CR],2489679781
F,41320,12847,7760,0[CR],2489680109
A,33628,41296,7760,0[CR],2489680546
F,41272,12848,7760,0[CR],2489680984
C,13048,980,7760,0[CR],2489681312
F,41264,12848,7760,0[CR],2489681750
C,13048,1000,7760,0[CR],2489682078
F,41232,12846,7760,0[CR],2489682515
C,13047,996,7760,0[CR],2489682843
F,41208,12845,7760,0[CR],2489683281
C,13047,990,7760,0[CR],2489683718
F,41176,12846,7760,0[CR],2489684046
C,13045,984,7760,0[CR],2489684484
F,41152,12844,7760,0[CR],2489684812
C,13045,992,7760,0[CR],2489685250
F,41128,12843,7760,0[CR],2489685578
C,13043,994,7760,0[CR],2489686015
F,41096,12844,7760,0[CR],2489686453
A,33688,41080,7760,0[CR],2489686781
F,41056,12845,7760,0[CR],2489687218
C,13041,994,7760,0[CR],2489687546
F,41040,12844,7760,0[CR],2489687984
C,13040,988,7760,0[CR],2489688312
F,41008,12842,7760,0[CR],2489688750
C,13040,996,7760,0[CR],2489689187
F,40992,12841,7760,0[CR],2489689515
C,13038,978,7760,0[CR],2489689953
F,40968,12841,7760,0[CR],2489690281
C,13038,982,7760,0[CR],2489690718
F,40944,12839,7760,0[CR],2489691046
C,13037,988,7760,0[CR],2489691484
F,40920,12840,7760,0[CR],2489691921
C,13037,988,7760,0[CR],2489692250
F,40896,12842,7760,0[CR],2489692687
A,33636,40880,7760,0[CR],2489693015
F,40860,12840,7760,0[CR],2489693453
C,13034,988,7760,0[CR],2489693781
F,40852,12840,7760,0[CR],2489694218
C,13033,994,7760,0[CR],2489694656
F,40836,12839,7760,0[CR],2489694984
C,13032,992,7760,0[CR],2489695421
F,40800,12838,7760,0[CR],2489695750
C,13032,988,7760,0[CR],2489696187
F,40784,12838,7760,0[CR],2489696515
C,13031,1000,7760,0[CR],2489696953
F,40756,12838,7760,0[CR],2489697390
C,13030,992,7760,0[CR],2489697718
F,40736,12836,7760,0[CR],2489698156
C,13029,996,7760,0[CR],2489698484
F,40712,12838,7760,0[CR],2489698921
A,33616,40696,7760,0[CR],2489699250
F,40676,12838,7760,0[CR],2489699687
C,13027,988,7760,0[CR],2489700125
F,40672,12837,7760,0[CR],2489700453
C,13027,984,7760,0[CR],2489700890
F,40652,12836,7760,0[CR],2489701218
C,13026,988,7760,0[CR],2489701656
F,40632,12836,7760,0[CR],2489701984
C,13025,976,7760,0[CR],2489702421
F,40616,12834,7760,0[CR],2489702859
C,13024,990,7760,0[CR],2489703187
F,40592,12834,7760,0[CR],2489703625
C,13023,992,7760,0[CR],2489703953
F,40564,12834,7760,0[CR],2489704390
C,13023,984,7760,0[CR],2489704718
F,40544,12834,7760,0[CR],2489705156
A,33612,40524,7760,0[CR],2489705593
F,40492,12835,7760,0[CR],2489705921
C,13022,982,7760,0[CR],2489706359
F,40484,12833,7760,0[CR],2489706687
C,13021,988,7760,0[CR],2489707125
F,40468,12833,7760,0[CR],2489707453
C,13020,992,7760,0[CR],2489707890
F,40432,12833,7760,0[CR],2489708328
C,13020,986,7760,0[CR],2489708656
F,40424,12831,7760,0[CR],2489709093
C,13018,1000,7760,0[CR],2489709421
F,40404,12830,7760,0[CR],2489709859
C,13018,992,7760,0[CR],2489710187
F,40384,12832,7760,0[CR],2489710625
C,13016,986,7760,0[CR],2489711062
F,40360,12830,7760,0[CR],2489711390
A,33636,40356,7760,0[CR],2489711828
F,40332,12831,7760,0[CR],2489712156
C,13016,986,7760,0[CR],2489712593
F,40316,12831,7760,0[CR],2489712921
C,13016,990,7760,0[CR],2489713359
F,40316,12829,7760,0[CR],2489713796
C,13014,992,7760,0[CR],2489714125
F,40296,12830,7760,0[CR],2489714562
C,13013,978,7760,0[CR],2489714890
F,40280,12829,7760,0[CR],2489715328
C,13012,984,7760,0[CR],2489715765
F,40256,12829,7760,0[CR],2489716093
C,13012,986,7760,0[CR],2489716531
F,40244,12828,7760,0[CR],2489716859
C,13011,984,7760,0[CR],2489717296
F,40220,12827,7760,0[CR],2489717625
A,33624,40204,7760,0[CR],2489718062
F,40188,12830,7760,0[CR],2489718500
C,13009,988,7760,0[CR],2489718828
F,40188,12827,7760,0[CR],2489719265
C,13009,986,7760,0[CR],2489719593
F,40164,12828,7760,0[CR],2489720031
C,13008,994,7760,0[CR],2489720359
F,40160,12828,7760,0[CR],2489720796
C,13008,984,7760,0[CR],2489721234
F,40144,12827,7760,0[CR],2489721562
C,13007,988,7760,0[CR],2489722000
F,40128,12827,7760,0[CR],2489722328
C,13007,970,7760,0[CR],2489722765
F,40108,12827,7760,0[CR],2489723093
C,13006,984,7760,0[CR],2489723531
F,40108,12826,7760,0[CR],2489723968
A,33624,40088,7760,0[CR],2489724296
F,40072,12826,7760,0[CR],2489724734
C,13003,972,7760,0[CR],2489725062
F,40068,12826,7760,0[CR],2489725500
C,13003,1000,7760,0[CR],2489725828
F,40052,12825,7760,0[CR],2489726265
C,13002,980,7760,0[CR],2489726703
F,40036,12827,7760,0[CR],2489727031
C,13002,984,7760,0[CR],2489727468
F,40024,12825,7760,0[CR],2489727796
C,13001,968,7760,0[CR],2489728234
F,40012,12826,7760,0[CR],2489728562
C,13001,984,7760,0[CR],2489729000
F,39996,12826,7760,0[CR],2489729328
C,13000,970,7760,0[CR],2489729765
F,39980,12824,7760,0[CR],2489730203
A,33628,39976,7760,0[CR],2489730531
F,39952,12825,7760,0[CR],2489730968
C,12998,980,7760,0[CR],2489731296
F,39952,12824,7760,0[CR],2489731734
C,12998,984,7760,0[CR],2489732062
F,39940,12825,7760,0[CR],2489732500
C,12998,976,7760,0[CR],2489732937
F,39920,12825,7760,0[CR],2489733265
C,12997,976,7760,0[CR],2489733703
F,39900,12824,7760,0[CR],2489734031
C,12996,966,7760,0[CR],2489734468
F,39896,12823,7760,0[CR],2489734796
C,12996,976,7760,0[CR],2489735234
F,39880,12824,7760,0[CR],2489735671
C,12995,990,7760,0[CR],2489736000
F,39880,12823,7760,0[CR],2489736437
A,33644,39856,7760,0[CR],2489736765
F,39848,12822,7760,0[CR],2489737203
C,12993,990,7760,0[CR],2489737531
F,39844,12822,7760,0[CR],2489737968
C,12993,960,7760,0[CR],2489738406
F,39832,12821,7760,0[CR],2489738734
C,12992,958,7760,0[CR],2489739171
F,39820,12823,7760,0[CR],2489739500
C,12992,964,7760,0[CR],2489739937
F,39796,12821,7760,0[CR],2489740265
C,12991,982,7760,0[CR],2489740703
F,39780,12822,7760,0[CR],2489741140
C,12990,974,7760,0[CR],2489741468
F,39784,12822,7760,0[CR],2489741906
C,12991,974,7760,0[CR],2489742234
F,39756,12821,7760,0[CR],2489742671
A,33668,39744,7760,0[CR],2489743000
F,39732,12821,7760,0[CR],2489743437
C,12988,994,7760,0[CR],2489743875
F,39728,12821,7760,0[CR],2489744203
C,12987,976,7760,0[CR],2489744640
F,39724,12820,7760,0[CR],2489744968
C,12987,972,7760,0[CR],2489745406
F,39708,12820,7760,0[CR],2489745734
C,12985,986,7760,0[CR],2489746171
F,39696,12820,7760,0[CR],2489746609
C,12985,980,7760,0[CR],2489746937
F,39680,12820,7760,0[CR],2489747375
C,12985,990,7760,0[CR],2489747703
F,39668,12819,7760,0[CR],2489748140
C,12985,970,7760,0[CR],2489748468
F,39656,12819,7760,0[CR],2489748906
A,33640,39652,7760,0[CR],2489749343
F,39632,12820,7760,0[CR],2489749671
C,12983,988,7760,0[CR],2489750109
F,39628,12820,7760,0[CR],2489750437
C,12983,982,7760,0[CR],2489750875
F,39620,12819,7760,0[CR],2489751203
C,12982,980,7760,0[CR],2489751640
F,39608,12818,7760,0[CR],2489752078
C,12981,974,7760,0[CR],2489752406
F,39592,12818,7760,0[CR],2489752843
C,12981,964,7760,0[CR],2489753171
F,39580,12818,7760,0[CR],2489753609
C,12980,964,7760,0[CR],2489753937
F,39576,12818,7760,0[CR],2489754375
C,12980,978,7760,0[CR],2489754812
F,39560,12817,7760,0[CR],2489755140
A,33660,39556,7760,0[CR],2489755578
F,39544,12818,7760,0[CR],2489755906
C,12978,984,7760,0[CR],2489756343
F,39544,12819,7760,0[CR],2489756671
C,12978,978,7760,0[CR],2489757109
F,39532,12818,7760,0[CR],2489757546
C,12977,964,7760,0[CR],2489757875
F,39520,12817,7760,0[CR],2489758312
C,12977,958,7760,0[CR],2489758640
F,39508,12818,7760,0[CR],2489759078
C,12976,970,7760,0[CR],2489759406
F,39496,12816,7760,0[CR],2489759843
C,12976,964,7760,0[CR],2489760281
F,39480,12817,7760,0[CR],2489760609
C,12976,970,7760,0[CR],2489761046
F,39472,12817,7760,0[CR],2489761375
A,33668,39468,7760,0[CR],2489761812
F,39452,12817,7760,0[CR],2489762140
C,12974,968,7760,0[CR],2489762578
F,39456,12815,7760,0[CR],2489763015
C,12974,960,7760,0[CR],2489763343
F,39444,12818,7760,0[CR],2489763781
C,12973,972,7760,0[CR],2489764109
F,39432,12815,7760,0[CR],2489764546
C,12972,948,7760,0[CR],2489764875
F,39416,12815,7760,0[CR],2489765312
C,12972,958,7760,0[CR],2489765750
F,39408,12816,7760,0[CR],2489766078
C,12972,968,7760,0[CR],2489766515
F,39388,12813,7760,0[CR],2489766843
C,12970,972,7760,0[CR],2489767281
F,39372,12814,7760,0[CR],2489767609
A,33608,39372,7760,0[CR],2489768046
F,39344,12815,7760,0[CR],2489768484
C,12968,960,7760,0[CR],2489768812
F,39352,12815,7760,0[CR],2489769250
C,12969,966,7760,0[CR],2489769578
F,39344,12813,7760,0[CR],2489770015
C,12968,956,7760,0[CR],2489770343
F,39324,12815,7760,0[CR],2489770781
C,12968,970,7760,0[CR],2489771218
F,39316,12814,7760,0[CR],2489771546
C,12967,970,7760,0[CR],2489771984
F,39308,12815,7760,0[CR],2489772312
C,12966,970,7760,0[CR],2489772750
F,39288,12813,7760,0[CR],2489773078
C,12966,980,7760,0[CR],2489773515
F,39280,12813,7760,0[CR],2489773953
A,33660,39264,7760,0[CR],2489774281
F,39252,12814,7760,0[CR],2489774718
C,12965,978,7760,0[CR],2489775046
F,39252,12813,7760,0[CR],2489775484
C,12964,978,7760,0[CR],2489775921
F,39244,12814,7760,0[CR],2489776250
C,12965,968,7760,0[CR],2489776687
F,39236,12813,7760,0[CR],2489777015
C,12963,978,7760,0[CR],2489777453
F,39216,12814,7760,0[CR],2489777781
C,12963,976,7760,0[CR],2489778218
F,39216,12814,7760,0[CR],2489778656
C,12962,964,7760,0[CR],2489778984
F,39200,12812,7760,0[CR],2489779421
C,12961,972,7760,0[CR],2489779750
F,39192,12813,7760,0[CR],2489780187
A,33604,39184,7760,0[CR],2489780515
F,39164,12813,7760,0[CR],2489780953
C,12960,966,7760,0[CR],2489781390
F,39172,12812,7760,0[CR],2489781718
C,12959,952,7760,0[CR],2489782156
F,39160,12813,7760,0[CR],2489782484
C,12959,954,7760,0[CR],2489782921
F,39160,12810,7760,0[CR],2489783250
C,12959,962,7760,0[CR],2489783687
F,39144,12812,7760,0[CR],2489784125
C,12958,964,7760,0[CR],2489784453
F,39128,12812,7760,0[CR],2489784890
C,12957,964,7760,0[CR],2489785218
F,39116,12811,7760,0[CR],2489785656
C,12956,954,7760,0[CR],2489785984
F,39116,12811,7760,0[CR],2489786421
A,33628,39108,7760,0[CR],2489786859
F,39088,12812,7760,0[CR],2489787187
C,12955,962,7760,0[CR],2489787625
F,39092,12811,7760,0[CR],2489787953
C,12955,964,7760,0[CR],2489788390
F,39080,12809,7760,0[CR],2489788718
C,12956,954,7760,0[CR],2489789156
F,39068,12810,7760,0[CR],2489789593
C,12955,972,7760,0[CR],2489789921
F,39064,12810,7760,0[CR],2489790359
C,12954,960,7760,0[CR],2489790687
F,39060,12810,7760,0[CR],2489791125
C,12953,976,7760,0[CR],2489791453
F,39040,12812,7760,0[CR],2489791890
C,12953,948,7760,0[CR],2489792328
F,39032,12811,7760,0[CR],2489792656
A,33672,39024,7760,0[CR],2489793093
F,39012,12810,7760,0[CR],2489793421
C,12952,950,7760,0[CR],2489793859
F,39016,12810,7760,0[CR],2489794187
C,12951,950,7760,0[CR],2489794625
F,38996,12809,7760,0[CR],2489794953
C,12951,968,7760,0[CR],2489795390
F,38996,12809,7760,0[CR],2489795828
C,12951,938,7760,0[CR],2489796156
F,38984,12809,7760,0[CR],2489796593
C,12951,968,7760,0[CR],2489796921
F,38972,12809,7760,0[CR],2489797359
C,12950,960,7760,0[CR],2489797687
F,38968,12810,7760,0[CR],2489798125
C,12950,956,7760,0[CR],2489798562
F,38952,12809,7760,0[CR],2489798890
A,33604,38948,7760,0[CR],2489799328
F,38936,12809,7760,0[CR],2489799656
C,12948,954,7760,0[CR],2489800093
F,38940,12809,7760,0[CR],2489800421
C,12948,952,7760,0[CR],2489800859
F,38932,12808,7760,0[CR],2489801296
C,12947,946,7760,0[CR],2489801625
F,38920,12808,7760,0[CR],2489802062
C,12947,950,7760,0[CR],2489802390
F,38896,12807,7760,0[CR],2489802828
C,12947,952,7760,0[CR],2489803156
F,38900,12808,7760,0[CR],2489803593
C,12946,954,7760,0[CR],2489804031
F,38880,12808,7760,0[CR],2489804359
C,12945,950,7760,0[CR],2489804796
F,38872,12807,7760,0[CR],2489805125
A,33624,38856,7760,0[CR],2489805562
F,38848,12810,7760,0[CR],2489805890
C,12944,954,7760,0[CR],2489806328
F,38856,12808,7760,0[CR],2489806765
C,12943,950,7760,0[CR],2489807093
F,38840,12807,7760,0[CR],2489807531
C,12943,956,7760,0[CR],2489807859
F,38832,12807,7760,0[CR],2489808296
C,12944,968,7760,0[CR],2489808625
F,38820,12808,7760,0[CR],2489809062
C,12943,952,7760,0[CR],2489809500
F,38812,12807,7760,0[CR],2489809828
C,12943,938,7760,0[CR],2489810265
F,38808,12805,7760,0[CR],2489810593
C,12943,950,7760,0[CR],2489811031
F,38796,12806,7760,0[CR],2489811359
A,33600,38792,7760,0[CR],2489811796
F,38768,12807,7760,0[CR],2489812234
C,12941,950,7760,0[CR],2489812562
F,38780,12806,7760,0[CR],2489813000
C,12940,958,7760,0[CR],2489813328
F,38776,12808,7760,0[CR],2489813765
C,12940,946,7760,0[CR],2489814093
F,38764,12807,7760,0[CR],2489814531
C,12939,936,7760,0[CR],2489814968
F,38752,12807,7760,0[CR],2489815296
C,12940,950,7760,0[CR],2489815734
F,38740,12806,7760,0[CR],2489816062
C,12939,950,7760,0[CR],2489816500
F,38732,12807,7760,0[CR],2489816828
C,12939,970,7760,0[CR],2489817265
F,38728,12805,7760,0[CR],2489817703
A,33632,38720,7760,0[CR],2489818031
F,38704,12806,7760,0[CR],2489818468
C,12939,962,7760,0[CR],2489818796
F,38712,12805,7760,0[CR],2489819234
C,12937,952,7760,0[CR],2489819562
F,38700,12806,7760,0[CR],2489820000
C,12937,970,7760,0[CR],2489820437
F,38696,12805,7760,0[CR],2489820765
C,12937,938,7760,0[CR],2489821203
F,38684,12805,7760,0[CR],2489821531
C,12937,972,7760,0[CR],2489821968
F,38676,12803,7760,0[CR],2489822296
C,12936,978,7760,0[CR],2489822734
F,38664,12804,7760,0[CR],2489823171
C,12936,966,7760,0[CR],2489823500
F,38660,12805,7760,0[CR],2489823937
A,33612,38652,7760,0[CR],2489824265
F,38632,12805,7760,0[CR],2489824703
C,12934,924,7760,0[CR],2489825031
F,38640,12805,7760,0[CR],2489825468
C,12935,934,7760,0[CR],2489825906
F,38632,12805,7760,0[CR],2489826234
C,12935,940,7760,0[CR],2489826671
F,38632,12804,7760,0[CR],2489827000
C,12934,950,7760,0[CR],2489827437
F,38620,12804,7760,0[CR],2489827765
C,12934,950,7760,0[CR],2489828203
F,38612,12802,7760,0[CR],2489828640
C,12933,960,7760,0[CR],2489828968
F,38600,12803,7760,0[CR],2489829406
C,12933,950,7760,0[CR],2489829734
F,38588,12803,7760,0[CR],2489830171
A,33624,38584,7760,0[CR],2489830500
F,38560,12805,7760,0[CR],2489830937
C,12932,962,7760,0[CR],2489831375
F,38568,12805,7760,0[CR],2489831703
C,12932,958,7760,0[CR],2489832140
F,38560,12801,7760,0[CR],2489832468
C,12932,976,7760,0[CR],2489832906
F,38548,12803,7760,0[CR],2489833234
C,12932,966,7760,0[CR],2489833671
F,38544,12804,7760,0[CR],2489834109
C,12930,952,7760,0[CR],2489834437
F,38548,12802,7760,0[CR],2489834875
C,12930,952,7760,0[CR],2489835203
F,38532,12802,7760,0[CR],2489835640
C,12929,968,7760,0[CR],2489835968
F,38524,12802,7760,0[CR],2489836406
A,33628,38524,7760,0[CR],2489836843
F,38492,12802,7760,0[CR],2489837171
C,12929,956,7760,0[CR],2489837609
F,38500,12802,7760,0[CR],2489837937
C,12929,970,7760,0[CR],2489838375
F,38504,12803,7760,0[CR],2489838703
C,12930,956,7760,0[CR],2489839140
F,38488,12804,7760,0[CR],2489839578
C,12927,946,7760,0[CR],2489839906
F,38484,12803,7760,0[CR],2489840343
C,12928,936,7760,0[CR],2489840671
F,38476,12803,7760,0[CR],2489841109
C,12928,948,7760,0[CR],2489841437
F,38476,12802,7760,0[CR],2489841875
C,12929,930,7760,0[CR],2489842312
F,38464,12802,7760,0[CR],2489842640
A,33604,38460,7760,0[CR],2489843078
F,38440,12804,7760,0[CR],2489843406
C,12928,942,7760,0[CR],2489843843
F,38452,12803,7760,0[CR],2489844171
C,12928,940,7760,0[CR],2489844609
F,38440,12803,7760,0[CR],2489845046
C,12927,952,7760,0[CR],2489845375
F,38432,12803,7760,0[CR],2489845812
C,12927,962,7760,0[CR],2489846140
F,38424,12803,7760,0[CR],2489846578
C,12927,958,7760,0[CR],2489846906
F,38420,12803,7760,0[CR],2489847343
C,12927,958,7760,0[CR],2489847781
F,38416,12805,7760,0[CR],2489848109
C,12927,950,7760,0[CR],2489848546
F,38404,12802,7760,0[CR],2489848875
A,33600,38404,7760,0[CR],2489849312
F,38388,12803,7760,0[CR],2489849640
C,12927,954,7760,0[CR],2489850078
F,38392,12804,7760,0[CR],2489850515
C,12929,950,7760,0[CR],2489850843
F,38384,12805,7760,0[CR],2489851281
C,12929,950,7760,0[CR],2489851609
F,38368,12804,7760,0[CR],2489852046
C,12931,956,7760,0[CR],2489852375
F,38372,12805,7760,0[CR],2489852812
C,12931,956,7760,0[CR],2489853250
F,38368,12806,7760,0[CR],2489853578
C,12932,926,7760,0[CR],2489854015
F,38356,12805,7760,0[CR],2489854343
C,12934,954,7760,0[CR],2489854781
F,38352,12808,7760,0[CR],2489855109
A,33636,38356,7760,0[CR],2489855546
F,38336,12807,7760,0[CR],2489855984
C,12937,956,7760,0[CR],2489856312
F,38340,12807,7760,0[CR],2489856750
C,12939,950,7760,0[CR],2489857078
F,38328,12808,7760,0[CR],2489857515
C,12941,932,7760,0[CR],2489857843
F,38316,12808,7760,0[CR],2489858281
C,12942,936,7760,0[CR],2489858718
F,38320,12807,7760,0[CR],2489859046
C,12946,942,7760,0[CR],2489859484
F,38316,12806,7760,0[CR],2489859812
C,12947,948,7760,0[CR],2489860250
F,38304,12808,7760,0[CR],2489860578
C,12950,942,7760,0[CR],2489861015
F,38292,12806,7760,0[CR],2489861453
A,33588,38284,7760,0[CR],2489861781
F,38268,12806,7761,0[CR],2489862218
C,12953,942,7761,0[CR],2489862546
F,38284,12808,7761,0[CR],2489862984
C,12956,950,7761,0[CR],2489863312
F,38276,12805,7761,0[CR],2489863750
C,12958,962,7761,0[CR],2489864187
F,38264,12806,7761,0[CR],2489864515
C,12960,962,7761,0[CR],2489864953
F,38252,12808,7761,0[CR],2489865281
C,12962,952,7761,0[CR],2489865718
F,38244,12806,7761,0[CR],2489866046
C,12965,940,7761,0[CR],2489866484
F,38244,12808,7761,0[CR],2489866921
C,12966,958,7761,0[CR],2489867250
F,38236,12807,7761,0[CR],2489867687
A,33644,38236,7761,0[CR],2489868015
F,38220,12807,7761,0[CR],2489868453
C,12970,958,7761,0[CR],2489868781
F,38228,12807,7761,0[CR],2489869218
C,12972,958,7761,0[CR],2489869656
F,38224,12806,7761,0[CR],2489869984
C,12975,944,7761,0[CR],2489870421
F,38220,12806,7761,0[CR],2489870750
C,12975,958,7761,0[CR],2489871187
F,38216,12806,7761,0[CR],2489871515
C,12977,944,7761,0[CR],2489871953
F,38216,12807,7761,0[CR],2489872390
C,12978,940,7761,0[CR],2489872718
F,38204,12806,7761,0[CR],2489873156
C,12980,940,7761,0[CR],2489873484
F,38208,12806,7761,0[CR],2489873921
A,33636,38204,7761,0[CR],2489874250
F,38192,12808,7761,0[CR],2489874687
C,12982,950,7761,0[CR],2489875125
F,38204,12808,7761,0[CR],2489875453
C,12983,926,7761,0[CR],2489875890
F,38204,12808,7761,0[CR],2489876218
C,12984,962,7761,0[CR],2489876656
F,38208,12807,7761,0[CR],2489876984
C,12986,940,7761,0[CR],2489877421
F,38204,12805,7761,0[CR],2489877859
C,12987,936,7761,0[CR],2489878187
F,38200,12806,7761,0[CR],2489878625
C,12987,944,7761,0[CR],2489878953
F,38200,12806,7761,0[CR],2489879390
C,12986,944,7761,0[CR],2489879718
F,38196,12807,7761,0[CR],2489880156
A,33600,38192,7761,0[CR],2489880593
F,38180,12805,7761,0[CR],2489880921
C,12987,938,7761,0[CR],2489881359
F,38192,12808,7761,0[CR],2489881687
C,12988,944,7761,0[CR],2489882125
F,38180,12805,7761,0[CR],2489882453
C,12986,940,7761,0[CR],2489882890
F,38180,12806,7761,0[CR],2489883328
C,12987,928,7761,0[CR],2489883656
F,38176,12806,7761,0[CR],2489884093
C,12988,924,7761,0[CR],2489884421
F,38168,12806,7761,0[CR],2489884859
C,12987,910,7761,0[CR],2489885187
F,38172,12804,7761,0[CR],2489885625
C,12984,926,7761,0[CR],2489886062
F,38152,12804,7761,0[CR],2489886390
A,33612,38152,7761,0[CR],2489886828
F,38132,12805,7766,27[CR],2489887156
C,12981,930,7786,64[CR],2489887593
F,40624,13123,7810,68[CR],2489887921
C,13341,928,7834,51[CR],2489888359
F,44944,13032,7857,54[CR],2489888796
C,13401,942,7881,57[CR],2489889125
F,45576,13036,7906,57[CR],2489889562
C,13374,948,7930,60[CR],2489889890
F,46128,12983,7955,60[CR],2489890328
C,13364,962,7979,60[CR],2489890656
F,45952,13002,8003,60[CR],2489891093
C,13349,968,8027,60[CR],2489891531
F,46088,12967,8051,64[CR],2489891859
C,13338,956,8076,68[CR],2489892296
F,46800,12976,8100,68[CR],2489892625
A,33592,47048,8124,68[CR],2489893062
F,47344,13025,8148,68[CR],2489893390
C,13420,984,8172,54[CR],2489893828
F,47608,12994,8197,57[CR],2489894265
C,13399,982,8221,57[CR],2489894593
F,46864,13021,8245,57[CR],2489895031
C,13426,984,8269,57[CR],2489895359
F,47272,13023,8293,60[CR],2489895796
C,13467,988,8318,64[CR],2489896125
F,47040,12981,8342,60[CR],2489896562
C,13366,984,8366,64[CR],2489896890
F,46792,13005,8390,68[CR],2489897328
C,13377,982,8414,68[CR],2489897765
F,47144,12978,8438,54[CR],2489898093
C,13400,984,8462,54[CR],2489898531
F,47544,12936,8486,57[CR],2489898859
A,33604,46360,8511,57[CR],2489899296
F,46248,12923,8535,57[CR],2489899734
C,13412,980,8559,60[CR],2489900062
F,47992,13006,8583,64[CR],2489900500
C,13441,986,8607,64[CR],2489900828
F,47184,13006,8631,64[CR],2489901265
C,13453,984,8655,64[CR],2489901593
F,48200,13000,8679,64[CR],2489902031
C,13482,988,8702,57[CR],2489902468
F,48280,12991,8726,57[CR],2489902796
C,13422,984,8750,60[CR],2489903234
F,48344,12992,8775,60[CR],2489903562
C,13468,990,8799,60[CR],2489904000
F,48048,13015,8823,60[CR],2489904328
C,13460,1000,8847,64[CR],2489904765
F,47736,13020,8871,64[CR],2489905203
A,33588,47992,8895,68[CR],2489905531
F,48416,13038,8919,68[CR],2489905968
C,13399,1004,8943,68[CR],2489906296
F,48064,13036,8968,68[CR],2489906734
C,13501,1000,8992,51[CR],2489907062
F,47624,12959,9016,60[CR],2489907500
C,13422,1034,9041,60[CR],2489907937
F,48336,12975,9065,60[CR],2489908265
C,13436,1056,9089,64[CR],2489908703
F,49336,13028,9113,60[CR],2489909031
C,13468,1052,9138,64[CR],2489909468
F,48280,12982,9162,64[CR],2489909796
C,13429,1052,9186,64[CR],2489910234
F,48096,13019,9210,68[CR],2489910671
C,13458,1054,9234,68[CR],2489911000
F,48496,13024,9258,68[CR],2489911437
A,33580,47720,9282,57[CR],2489911765
F,47480,12990,9307,60[CR],2489912203
C,13464,1050,9331,60[CR],2489912531
F,49688,13019,9355,57[CR],2489912968
C,13433,1050,9379,60[CR],2489913406
F,49440,13032,9404,60[CR],2489913734
C,13470,1060,9428,60[CR],2489914171
F,49456,12954,9452,64[CR],2489914500
C,13458,1048,9476,64[CR],2489914937
F,48032,12969,9500,68[CR],2489915265
C,13443,1058,9524,68[CR],2489915703
F,49984,13023,9548,64[CR],2489916140
C,13519,1056,9572,51[CR],2489916468
F,49376,12993,9596,57[CR],2489916906
C,13452,1048,9621,60[CR],2489917234
F,49776,13030,9645,60[CR],2489917671
A,33616,50408,9669,60[CR],2489918000
F,50656,13039,9692,60[CR],2489918437
C,13473,1072,9716,64[CR],2489918875
F,48960,13001,9731,6[CR],2489919203
C,13505,1064,9735,6[CR],2489919640
F,47800,12864,9735,2[CR],2489919968
C,13368,1058,9735,1[CR],2489920406
F,47712,12859,9735,0[CR],2489920734
C,13357,1064,9735,0[CR],2489921171
F,47512,12853,9735,0[CR],2489921609
C,13327,1070,9735,0[CR],2489921937
F,46912,12840,9735,0[CR],2489922375
C,13272,1076,9735,0[CR],2489922703
F,46344,12836,9735,0[CR],2489923140
C,13273,1074,9735,0[CR],2489923468
F,46064,12836,9735,0[CR],2489924015
Z,0,0,9735,0[CR],2489924562
Z,0,0,9735,0[CR],2489925000
Z,0,0,9735,0[CR],2489925546
Z,0,0,9735,3[CR],2489925984
Z,0,0,9735,1[CR],2489926531
Z,0,0,9735,0[CR],2489926984
Z,0,0,9735,0[CR],2489927531
Z,0,0,9735,0[CR],2489927968
Z,0,0,9735,0[CR],2489928515
Z,0,0,9735,0[CR],2489929062
Z,0,0,9735,0[CR],2489929500
Z,0,0,9735,0[CR],2489930046
Z,0,0,9735,0[CR],2489930484
Z,0,0,9735,0[CR],2489931031
Z,0,0,9735,0[CR],2489931468
Z,0,0,9735,0[CR],2489932015
Z,0,0,9735,0[CR],2489932453
Z,0,0,9735,0[CR],2489933000
Z,0,0,9735,0[CR],2489933546
Z,0,0,9735,0[CR],2489933984
Z,0,0,9735,0[CR],2489934531
Z,0,0,9735,0[CR],2489934968
Z,0,0,9735,0[CR],2489935515
Z,0,0,9735,0[CR],2489935953
Z,0,0,9735,0[CR],2489936500
Z,0,0,9735,0[CR],2489937046
Z,0,0,9735,0[CR],2489937484
Z,0,0,9735,0[CR],2489938031
Z,0,0,9735,0[CR],2489938468
Z,0,0,9735,0[CR],2489939015
Z,0,0,9735,0[CR],2489939453
Z,0,0,9735,0[CR],2489940000
Z,0,0,9735,0[CR],2489940546
Z,0,0,9735,0[CR],2489940984
Z,0,0,9735,0[CR],2489941531
Z,0,0,9735,0[CR],2489941968
Z,0,0,9735,0[CR],2489942515
Z,0,0,9735,0[CR],2489942953
Z,0,0,9735,0[CR],2489943500
Z,0,0,9735,0[CR],2489944046
Z,0,0,9735,0[CR],2489944484
Z,0,0,9735,0[CR],2489945031
Z,0,0,9735,0[CR],2489945468
Z,0,0,9735,0[CR],2489946015
Z,0,0,9735,0[CR],2489946453
Z,0,0,9735,0[CR],2489947000
Z,0,0,9735,0[CR],2489947546
Z,0,0,9735,0[CR],2489947984
Z,0,0,9735,0[CR],2489948531
Z,0,0,9735,0[CR],2489948968
Z,0,0,9735,0[CR],2489949515
Z,0,0,9735,0[CR],2489949953
Z,0,0,9735,49[CR],2489950500
Z,0,0,9746,49[CR],2489950828
F,43328,12781,9753,6[CR],2489951265
C,13167,1070,9753,2[CR],2489951703
F,45040,12850,9753,1[CR],2489952031
C,13309,1062,9753,0[CR],2489952468
F,44904,12840,9753,0[CR],2489952796
C,13282,1066,9753,0[CR],2489953234
F,44728,12838,9753,0[CR],2489953562
C,13266,1066,9753,0[CR],2489954000
F,44592,12834,9753,0[CR],2489954437
C,13258,1054,9753,0[CR],2489954765
F,44488,12829,9753,0[CR],2489955203
A,33596,44416,9757,14[CR],2489955531
F,44384,13106,9760,3[CR],2489955968
C,13480,1048,9760,2[CR],2489956296
F,47608,12918,9760,1[CR],2489956734
C,13380,1080,9760,0[CR],2489957171
F,47584,12901,9760,0[CR],2489957500
C,13336,1070,9760,0[CR],2489957937
F,47312,12891,9760,0[CR],2489958265
C,13315,1076,9760,0[CR],2489958703
F,46880,12884,9760,0[CR],2489959031
C,13301,1058,9760,0[CR],2489959468
F,46512,12877,9760,0[CR],2489959906
C,13291,1070,9760,0[CR],2489960234
F,46216,12874,9760,0[CR],2489960671
C,13283,1074,9760,0[CR],2489961000
F,46064,12871,9774,60[CR],2489961437
A,33624,48336,9798,64[CR],2489961765
F,49640,13098,9822,68[CR],2489962203
C,13560,1100,9846,68[CR],2489962531
F,49624,13031,9871,68[CR],2489962968
C,13511,1110,9895,54[CR],2489963406
F,50152,12998,9919,60[CR],2489963734
C,13470,1114,9944,60[CR],2489964171
F,48952,12979,9968,60[CR],2489964500
C,13483,1098,9992,60[CR],2489964937
F,50512,12995,10017,60[CR],2489965375
C,13500,1114,10041,60[CR],2489965703
F,50928,12991,10065,64[CR],2489966140
C,13527,1114,10089,64[CR],2489966468
F,49728,12994,10113,64[CR],2489966906
C,13541,1106,10138,68[CR],2489967234
F,50664,12998,10162,68[CR],2489967671
A,33632,50440,10186,57[CR],2489968109
F,50608,13037,10210,54[CR],2489968437
C,13541,1114,10235,57[CR],2489968875
F,50744,13015,10259,60[CR],2489969203
C,13559,1114,10283,57[CR],2489969640
F,49968,13028,10307,60[CR],2489969968
C,13532,1114,10332,60[CR],2489970406
F,51960,13042,10356,57[CR],2489970843
C,13549,1120,10380,64[CR],2489971171
F,51040,13027,10404,64[CR],2489971609
C,13592,1114,10428,68[CR],2489971937
F,50976,12972,10452,68[CR],2489972375
C,13575,1114,10476,64[CR],2489972703
F,52072,13016,10500,54[CR],2489973140
C,13578,1114,10525,60[CR],2489973578
F,51000,13046,10549,60[CR],2489973906
A,33596,51400,10573,60[CR],2489974343
F,51664,13033,10597,64[CR],2489974671
C,13525,1114,10621,60[CR],2489975109
F,51192,13036,10645,60[CR],2489975437
C,13535,1114,10669,64[CR],2489975875
F,52112,12949,10693,64[CR],2489976312
C,13561,1114,10717,68[CR],2489976640
F,50728,12899,10741,73[CR],2489977078
C,13526,1132,10765,54[CR],2489977406
F,52016,13024,10790,54[CR],2489977843
C,13641,1132,10814,57[CR],2489978171
F,52328,13002,10838,57[CR],2489978609
C,13601,1128,10862,60[CR],2489979046
F,51000,12976,10887,60[CR],2489979375
C,13594,1114,10911,60[CR],2489979812
F,53296,13038,10935,64[CR],2489980140
A,33624,50864,10959,64[CR],2489980578
F,50216,12999,10983,68[CR],2489980968
C,13515,1150,11007,68[CR],2489981343
F,51832,13051,11031,57[CR],2489981703
C,13549,1166,11055,60[CR],2489982109
F,52016,13016,11079,60[CR],2489982546
C,13583,1176,11103,64[CR],2489982875
F,52176,12962,11127,60[CR],2489983312
C,13622,1192,11152,60[CR],2489983640
F,51288,12923,11176,64[CR],2489984078
C,13618,1184,11200,64[CR],2489984515
F,53256,13053,11224,64[CR],2489984843
C,13685,1188,11248,68[CR],2489985281
F,53032,13023,11272,68[CR],2489985609
C,13580,1184,11296,57[CR],2489986046
F,52128,12982,11320,51[CR],2489986375
A,33616,52600,11344,57[CR],2489986812
F,53416,13030,11369,57[CR],2489987250
C,13564,1182,11393,57[CR],2489987578
F,53216,12996,11417,60[CR],2489988015
C,13692,1192,11441,64[CR],2489988343
F,52184,12978,11465,64[CR],2489988781
C,13578,1154,11489,64[CR],2489989109
F,53144,13065,11513,68[CR],2489989546
C,13637,1188,11537,68[CR],2489989984
F,54112,13048,11561,68[CR],2489990312
C,13588,1182,11585,51[CR],2489990750
F,52632,13049,11610,57[CR],2489991078
C,13593,1240,11634,60[CR],2489991515
F,54448,13063,11658,60[CR],2489991843
C,13666,1254,11682,60[CR],2489992281
F,53032,13031,11706,60[CR],2489992718
A,33644,52936,11730,43[CR],2489993046
F,54160,13042,11734,12[CR],2489993484
C,13513,1248,11735,2[CR],2489993812
F,53192,12926,11735,2[CR],2489994250
C,13431,1258,11735,1[CR],2489994578
F,51744,12905,11735,0[CR],2489995015
C,13401,1252,11735,0[CR],2489995453
F,51120,12897,11735,0[CR],2489995781
C,13382,1252,11735,0[CR],2489996218
F,50568,12889,11735,0[CR],2489996546
C,13347,1244,11735,0[CR],2489996984
F,50024,12882,11735,0[CR],2489997312
C,13334,1248,11735,0[CR],2489997750
F,49688,12866,11735,0[CR],2489998187
C,13305,1238,11735,0[CR],2489998515
F,49256,12870,11735,0[CR],2489998953
A,33620,49352,11735,0[CR],2489999281
F,49272,12870,11735,0[CR],2489999828
Z,0,0,11735,0[CR],2490000265
Z,0,0,11735,3[CR],2490000812
Z,0,0,11735,1[CR],2490001250
Z,0,0,11735,0[CR],2490001796
Z,0,0,11735,0[CR],2490002343
Z,0,0,11735,0[CR],2490002781
Z,0,0,11735,0[CR],2490003328
Z,0,0,11735,0[CR],2490003765
Z,0,0,11735,0[CR],2490004312
Z,0,0,11735,0[CR],2490004750
Z,0,0,11735,0[CR],2490005296
Z,0,0,11735,0[CR],2490005734
Z,0,0,11735,0[CR],2490006281
Z,0,0,11735,0[CR],2490006828
Z,0,0,11735,0[CR],2490007265
Z,0,0,11735,0[CR],2490007812
Z,0,0,11735,0[CR],2490008250
Z,0,0,11735,0[CR],2490008796
Z,0,0,11735,0[CR],2490009234
Z,0,0,11735,0[CR],2490009781
Z,0,0,11735,0[CR],2490010328
Z,0,0,11735,0[CR],2490010765
Z,0,0,11735,0[CR],2490011312
Z,0,0,11735,0[CR],2490011750
Z,0,0,11735,0[CR],2490012296
Z,0,0,11735,0[CR],2490012734
Z,0,0,11735,0[CR],2490012953
C,13142,1246,11735,0[CR],2490013500
Z,0,0,11735,0[CR],2490013718
C,13140,1252,11735,0[CR],2490014265
Z,0,0,11735,0[CR],2490014812
Z,0,0,11735,0[CR],2490015250
Z,0,0,11735,0[CR],2490015796
Z,0,0,11735,0[CR],2490016234
Z,0,0,11735,0[CR],2490016781
Z,0,0,11735,0[CR],2490017218
Z,0,0,11735,0[CR],2490017765
Z,0,0,11735,0[CR],2490018312
Z,0,0,11735,0[CR],2490018750
Z,0,0,11735,0[CR],2490019296
Z,0,0,11735,0[CR],2490019734
Z,0,0,11735,0[CR],2490020281
Z,0,0,11735,0[CR],2490020718
Z,0,0,11735,0[CR],2490021265
Z,0,0,11735,0[CR],2490021812
Z,0,0,11735,0[CR],2490022250
Z,0,0,11735,0[CR],2490022796
Z,0,0,11735,0[CR],2490023234
Z,0,0,11735,0[CR],2490023781
Z,0,0,11735,0[CR],2490024218
Z,0,0,11735,0[CR],2490024765
Z,0,0,11735,0[CR],2490025312
Z,0,0,11735,73[CR],2490025750
Z,0,0,11735,34[CR],2490026296
Z,0,0,11735,33[CR],2490026734
Z,0,0,11748,22[CR],2490027281
Z,0,0,11753,12[CR],2490027390
F,46288,12904,11754,8[CR],2490027828
C,13374,1256,11754,2[CR],2490028265
F,48640,12879,11754,1[CR],2490028593
C,13348,1246,11754,0[CR],2490029031
F,48368,12868,11754,0[CR],2490029359
C,13315,1234,11754,0[CR],2490029796
F,48096,12862,11754,0[CR],2490030125
A,33612,47952,11754,0[CR],2490030562
F,47880,12860,11754,0[CR],2490031000
C,13295,1242,11754,0[CR],2490031328
F,47744,12857,11759,8[CR],2490031765
C,13302,1242,11763,6[CR],2490032093
F,51064,12983,11763,2[CR],2490032531
C,13466,1224,11763,2[CR],2490032859
F,51120,12930,11763,1[CR],2490033296
C,13398,1242,11763,0[CR],2490033734
F,50512,12907,11763,0[CR],2490034062
C,13347,1246,11763,0[CR],2490034500
F,49424,12883,11763,0[CR],2490034828
C,13312,1238,11763,0[CR],2490035265
F,48528,12869,11763,0[CR],2490035593
C,13289,1238,11763,0[CR],2490036031
F,48048,12857,11763,0[CR],2490036468
A,33604,47816,11778,57[CR],2490036796
F,50048,13051,11803,60[CR],2490037234
C,13563,1242,11827,60[CR],2490037562
F,52200,13047,11851,60[CR],2490038000
C,13597,1256,11875,64[CR],2490038328
F,53184,13013,11900,64[CR],2490038765
C,13623,1250,11923,68[CR],2490039203
F,54312,13067,11948,68[CR],2490039531
C,13609,1246,11972,64[CR],2490039968
F,52320,12966,11996,51[CR],2490040296
C,13614,1220,12020,57[CR],2490040734
F,53808,13007,12045,57[CR],2490041062
C,13553,1238,12069,57[CR],2490041500
F,53544,12992,12093,60[CR],2490041937
C,13585,1250,12118,60[CR],2490042265
F,53256,13078,12142,64[CR],2490042703
A,33612,54520,12166,64[CR],2490043031
F,54800,13047,12190,64[CR],2490043468
C,13559,1250,12214,68[CR],2490043796
F,53192,13016,12238,64[CR],2490044234
C,13626,1250,12262,68[CR],2490044671
F,53848,13028,12286,60[CR],2490045000
C,13601,1242,12311,54[CR],2490045437
F,54056,13080,12335,60[CR],2490045765
C,13644,1250,12359,60[CR],2490046203
F,52640,13068,12384,60[CR],2490046531
C,13628,1250,12408,60[CR],2490046968
F,54528,13056,12432,60[CR],2490047296
C,13661,1242,12456,64[CR],2490047734
F,53824,13038,12480,64[CR],2490048171
C,13685,1250,12504,68[CR],2490048500
F,56464,13076,12528,68[CR],2490048937
A,33612,56752,12553,64[CR],2490049265
F,56336,13089,12577,51[CR],2490049703
C,13680,1260,12601,60[CR],2490050140
F,55072,13078,12625,57[CR],2490050468
C,13625,1250,12649,57[CR],2490050906
F,54272,13044,12673,60[CR],2490051234
C,13697,1250,12697,60[CR],2490051671
F,54840,13075,12722,64[CR],2490052000
C,13658,1268,12746,60[CR],2490052437
F,54112,13027,12770,64[CR],2490052875
C,13643,1286,12794,64[CR],2490053203
F,54088,13029,12818,68[CR],2490053640
C,13791,1308,12842,60[CR],2490053968
F,55400,13081,12866,51[CR],2490054406
C,13853,1316,12890,57[CR],2490054734
F,56080,13116,12914,57[CR],2490055171
A,33604,54112,12938,57[CR],2490055609
F,54008,13149,12963,60[CR],2490055968
C,13718,1326,12987,64[CR],2490056375
F,55048,13106,13011,60[CR],2490056703
C,13689,1320,13035,64[CR],2490057140
F,56104,13149,13059,64[CR],2490057468
C,13643,1334,13083,68[CR],2490057906
F,55808,13096,13107,68[CR],2490058343
C,13616,1320,13131,57[CR],2490058671
F,56240,13046,13156,57[CR],2490059109
C,13661,1320,13180,60[CR],2490059437
F,55096,13043,13204,60[CR],2490059875
C,13716,1316,13228,60[CR],2490060203
F,56576,13069,13253,60[CR],2490060640
C,13772,1320,13277,64[CR],2490061078
F,58040,13058,13301,64[CR],2490061406
A,33608,56144,13326,64[CR],2490061843
F,55864,13049,13350,64[CR],2490062171
C,13772,1320,13374,64[CR],2490062609
F,57848,13093,13398,73[CR],2490062937
C,13778,1330,13422,60[CR],2490063375
F,58280,13064,13446,51[CR],2490063812
C,13692,1316,13471,57[CR],2490064140
F,57720,13111,13495,57[CR],2490064578
C,13760,1326,13519,60[CR],2490064906
F,58128,13087,13544,60[CR],2490065343
C,13694,1326,13568,64[CR],2490065671
F,56448,13063,13592,64[CR],2490066109
C,13712,1334,13616,64[CR],2490066546
F,57272,13100,13640,64[CR],2490066875
C,13790,1330,13664,64[CR],2490067312
F,57008,13067,13689,68[CR],2490067640
A,33612,57944,13713,68[CR],2490068078
F,57648,13084,13731,9[CR],2490068406
C,13766,1358,13734,8[CR],2490068843
F,56408,12967,13735,2[CR],2490069281
C,13654,1376,13735,1[CR],2490069609
F,54704,12926,13735,1[CR],2490070046
C,13568,1352,13735,1[CR],2490070375
F,53880,12916,13735,0[CR],2490070812
C,13567,1364,13735,0[CR],2490071140
F,53200,12892,13735,0[CR],2490071578
C,13474,1352,13735,0[CR],2490072015
F,52544,12889,13735,0[CR],2490072343
C,13502,1378,13735,0[CR],2490072781
F,52288,12885,13735,0[CR],2490073109
C,13483,1382,13735,0[CR],2490073546
F,52024,12880,13735,0[CR],2490073984
Z,0,0,13735,0[CR],2490074531
Z,0,0,13735,0[CR],2490075078
Z,0,0,13735,0[CR],2490075515
Z,0,0,13735,0[CR],2490076062
Z,0,0,13735,0[CR],2490076500
Z,0,0,13735,0[CR],2490077046
Z,0,0,13735,0[CR],2490077484
Z,0,0,13735,0[CR],2490078031
Z,0,0,13735,0[CR],2490078468
Z,0,0,13735,0[CR],2490079015
Z,0,0,13735,0[CR],2490079562
Z,0,0,13735,0[CR],2490080000
Z,0,0,13735,0[CR],2490080546
Z,0,0,13735,0[CR],2490080984
Z,0,0,13735,0[CR],2490081531
Z,0,0,13735,0[CR],2490081968
Z,0,0,13735,0[CR],2490082515
Z,0,0,13735,0[CR],2490083062
Z,0,0,13735,0[CR],2490083500
Z,0,0,13735,0[CR],2490084046
Z,0,0,13735,0[CR],2490084484
Z,0,0,13735,0[CR],2490085031
Z,0,0,13735,0[CR],2490085468
Z,0,0,13735,0[CR],2490086015
Z,0,0,13735,0[CR],2490086562
Z,0,0,13735,0[CR],2490087000
Z,0,0,13735,0[CR],2490087546
Z,0,0,13735,0[CR],2490087984
Z,0,0,13735,0[CR],2490088531
Z,0,0,13735,0[CR],2490088968
Z,0,0,13735,0[CR],2490089515
Z,0,0,13735,0[CR],2490090062
Z,0,0,13735,0[CR],2490090500
Z,0,0,13735,0[CR],2490091046
Z,0,0,13735,0[CR],2490091484
Z,0,0,13735,0[CR],2490092031
Z,0,0,13735,0[CR],2490092468
Z,0,0,13735,0[CR],2490093015
Z,0,0,13735,0[CR],2490093562
Z,0,0,13735,0[CR],2490094000
Z,0,0,13735,0[CR],2490094546
Z,0,0,13735,0[CR],2490094984
Z,0,0,13735,0[CR],2490095531
Z,0,0,13735,0[CR],2490095968
Z,0,0,13735,0[CR],2490096515
Z,0,0,13735,0[CR],2490097062
Z,0,0,13735,0[CR],2490097500
Z,0,0,13735,0[CR],2490098046
Z,0,0,13735,0[CR],2490098484
Z,0,0,13735,0[CR],2490099031
Z,0,0,13735,0[CR],2490099468
Z,0,0,13735,0[CR],2490100015
Z,0,0,13735,0[CR],2490100562
Z,0,0,13735,0[CR],2490101000
Z,0,0,13735,0[CR],2490101546
Z,0,0,13735,0[CR],2490101984
Z,0,0,13735,0[CR],2490102531
Z,0,0,13735,0[CR],2490102968
Z,0,0,13735,0[CR],2490103515
Z,0,0,13735,0[CR],2490104062
Z,0,0,13735,0[CR],2490104500
Z,0,0,13735,0[CR],2490105046
Z,0,0,13735,0[CR],2490105484
Z,0,0,13735,0[CR],2490106031
Z,0,0,13735,0[CR],2490106468
Z,0,0,13735,0[CR],2490107015
Z,0,0,13735,64[CR],2490107562
Z,0,0,13735,49[CR],2490108000
Z,0,0,13735,47[CR],2490108546
Z,0,0,13749,16[CR],2490108984
Z,0,0,13752,3[CR],2490109093
C,13343,1378,13752,2[CR],2490109421
F,50632,12909,13752,1[CR],2490109859
C,13531,1360,13752,0[CR],2490110187
F,50544,12891,13752,0[CR],2490110625
C,13492,1364,13752,0[CR],2490111062
F,50408,12886,13752,0[CR],2490111390
A,33616,50312,13752,0[CR],2490111828
F,50280,12882,13756,22[CR],2490112156
C,13465,1352,13760,13[CR],2490112593
F,52680,13018,13761,3[CR],2490112921
C,13673,1370,13761,1[CR],2490113359
F,53440,12962,13761,0[CR],2490113796
C,13595,1364,13762,0[CR],2490114125
F,53128,12938,13762,0[CR],2490114562
C,13551,1364,13762,0[CR],2490114890
F,52768,12925,13762,0[CR],2490115328
C,13525,1358,13762,0[CR],2490115656
F,52408,12918,13762,0[CR],2490116093
C,13508,1336,13762,0[CR],2490116531
F,52144,12913,13767,18[CR],2490116859
C,13497,1352,13789,60[CR],2490117296
F,54504,13170,13813,64[CR],2490117625
A,33636,57160,13837,64[CR],2490118062
F,57968,13093,13861,64[CR],2490118500
C,13861,1370,13885,68[CR],2490118828
F,57896,13136,13910,73[CR],2490119265
C,13742,1382,13934,57[CR],2490119593
F,58080,13053,13958,54[CR],2490120031
C,13708,1378,13982,57[CR],2490120359
F,56752,13098,14007,57[CR],2490120796
C,13743,1392,14031,57[CR],2490121234
F,57800,13089,14055,60[CR],2490121562
C,13765,1392,14080,64[CR],2490122000
F,58664,13071,14104,60[CR],2490122328
C,13800,1392,14128,64[CR],2490122765
F,57720,13036,14152,64[CR],2490123093
C,13754,1382,14176,68[CR],2490123531
F,57480,13011,14201,64[CR],2490123968
A,33648,57368,14225,68[CR],2490124296
F,57936,13084,14249,68[CR],2490124734
C,13733,1386,14273,54[CR],2490125062
F,57432,13066,14298,60[CR],2490125500
C,13777,1392,14322,60[CR],2490125828
F,57688,13029,14347,60[CR],2490126265
C,13736,1396,14371,60[CR],2490126703
F,58736,13112,14395,60[CR],2490127031
C,13753,1392,14419,64[CR],2490127468
F,57504,13000,14443,64[CR],2490127796
C,13718,1396,14467,64[CR],2490128234
F,56648,13023,14491,68[CR],2490128562
C,13791,1392,14516,64[CR],2490129000
F,59288,13103,14540,73[CR],2490129437
C,13770,1396,14564,54[CR],2490129765
F,57792,13010,14588,57[CR],2490130203
A,33584,56184,14612,57[CR],2490130531
F,57264,13031,14637,57[CR],2490130968
C,13754,1396,14661,60[CR],2490131296
F,56600,13057,14685,60[CR],2490131734
C,13788,1404,14709,64[CR],2490132171
F,57064,13052,14733,64[CR],2490132500
C,13803,1416,14758,64[CR],2490132937
F,58056,13058,14782,68[CR],2490133265
C,13814,1408,14806,68[CR],2490133703
F,56912,13066,14830,68[CR],2490134031
C,13716,1418,14854,57[CR],2490134468
F,57016,13097,14878,57[CR],2490134906
C,13833,1466,14903,57[CR],2490135234
F,57752,13165,14927,57[CR],2490135671
C,13793,1470,14951,57[CR],2490136000
F,56320,13162,14976,60[CR],2490136437
A,33628,58328,15000,64[CR],2490136765
F,57800,13078,15024,60[CR],2490137203
C,13726,1462,15048,64[CR],2490137640
F,57984,13115,15072,64[CR],2490137968
C,13852,1462,15096,68[CR],2490138406
F,58696,13069,15121,68[CR],2490138734
C,13870,1462,15145,68[CR],2490139171
F,57952,13082,15169,54[CR],2490139500
C,13857,1462,15193,60[CR],2490139937
F,58960,13146,15218,57[CR],2490140375
C,13941,1502,15242,60[CR],2490140703
F,59544,13158,15266,60[CR],2490141140
C,13899,1506,15290,64[CR],2490141468
F,59976,13115,15315,64[CR],2490141906
C,13781,1512,15339,64[CR],2490142234
F,58624,13186,15363,68[CR],2490142671
A,33628,60288,15387,64[CR],2490143109
F,60560,13121,15411,68[CR],2490143437
C,13871,1534,15435,68[CR],2490143875
F,60832,13112,15459,51[CR],2490144203
C,13868,1530,15484,60[CR],2490144640
F,60192,13123,15508,57[CR],2490144968
C,13870,1512,15532,57[CR],2490145406
F,61792,13143,15556,60[CR],2490145843
C,13849,1520,15581,60[CR],2490146171
F,60168,13137,15605,60[CR],2490146609
C,13901,1516,15629,64[CR],2490146937
F,60608,13143,15653,64[CR],2490147375
C,13970,1538,15677,64[CR],2490147703
F,62032,13124,15702,68[CR],2490148140
C,14010,1522,15726,73[CR],2490148578
F,62568,13149,15735,16[CR],2490148906
A,33596,60688,15735,3[CR],2490149343
F,60360,13011,15735,1[CR],2490149718
C,13682,1536,15735,1[CR],2490150109
F,59168,12986,15735,0[CR],2490150437
C,13645,1534,15735,0[CR],2490150875
F,58392,12969,15735,0[CR],2490151312
C,13620,1534,15735,0[CR],2490151640
F,57720,12951,15735,0[CR],2490152078
C,13575,1544,15735,0[CR],2490152406
F,57144,12952,15735,0[CR],2490152843
C,13614,1536,15735,0[CR],2490153281
Z,0,0,15735,0[CR],2490153828
Z,0,0,15735,0[CR],2490154375
Z,0,0,15735,0[CR],2490154812
Z,0,0,15735,0[CR],2490155359
Z,0,0,15735,0[CR],2490155796
Z,0,0,15735,0[CR],2490156343
Z,0,0,15735,0[CR],2490156781
Z,0,0,15735,0[CR],2490157328
Z,0,0,15735,0[CR],2490157765
Z,0,0,15735,0[CR],2490158312
Z,0,0,15735,0[CR],2490158859
Z,0,0,15735,0[CR],2490159296
Z,0,0,15735,0[CR],2490159843
Z,0,0,15735,0[CR],2490160281
Z,0,0,15735,0[CR],2490160828
Z,0,0,15735,0[CR],2490161265
Z,0,0,15735,0[CR],2490161812
Z,0,0,15735,0[CR],2490162359
Z,0,0,15735,0[CR],2490162796
Z,0,0,15735,0[CR],2490163343
Z,0,0,15735,0[CR],2490163781
Z,0,0,15735,0[CR],2490164328
Z,0,0,15735,0[CR],2490164765
Z,0,0,15735,0[CR],2490165312
Z,0,0,15735,0[CR],2490165531
J,12638,14217,15735,0[CR],2490166078
Z,0,0,15735,0[CR],2490166625
Z,0,0,15735,0[CR],2490167062
Z,0,0,15735,0[CR],2490167609
Z,0,0,15735,0[CR],2490168046
Z,0,0,15735,0[CR],2490168593
Z,0,0,15735,0[CR],2490169031
Z,0,0,15735,0[CR],2490169578
Z,0,0,15735,0[CR],2490170125
Z,0,0,15735,0[CR],2490170562
Z,0,0,15735,0[CR],2490171109
Z,0,0,15735,0[CR],2490171546
Z,0,0,15735,0[CR],2490172093
Z,0,0,15735,0[CR],2490172531
Z,0,0,15735,0[CR],2490173078
Z,0,0,15735,0[CR],2490173625
Z,0,0,15735,0[CR],2490174062
Z,0,0,15735,0[CR],2490174609
Z,0,0,15735,0[CR],2490175046
Z,0,0,15735,0[CR],2490175593
Z,0,0,15735,3[CR],2490176031
Z,0,0,15735,33[CR],2490176578
Z,0,0,15735,31[CR],2490177125
Z,0,0,15735,31[CR],2490177453
F,53232,12878,15745,33[CR],2490177781
C,13345,1540,15750,5[CR],2490178218
F,54392,12957,15751,3[CR],2490178546
C,13688,1536,15751,1[CR],2490178984
F,55224,12948,15751,0[CR],2490179421
C,13581,1536,15751,0[CR],2490179750
F,55016,12936,15751,0[CR],2490180187
A,33576,54880,15751,0[CR],2490180515
F,54816,12934,15751,0[CR],2490180953
C,13553,1536,15751,0[CR],2490181390
F,54680,12929,15755,13[CR],2490181718
C,13544,1544,15758,7[CR],2490182156
F,57584,13042,15758,1[CR],2490182484
C,13726,1536,15758,1[CR],2490182921
F,57800,12977,15758,0[CR],2490183250
C,13652,1534,15758,0[CR],2490183687
F,57328,12964,15759,0[CR],2490184125
C,13620,1540,15759,0[CR],2490184453
F,56936,12955,15759,0[CR],2490184890
C,13600,1536,15759,0[CR],2490185218
F,56616,12950,15759,0[CR],2490185656
C,13588,1536,15759,0[CR],2490185984
F,56376,12946,15765,16[CR],2490186421
A,33580,57200,15787,64[CR],2490186750
F,58944,13227,15811,68[CR],2490187187
C,13831,1536,15835,68[CR],2490187625
F,62144,13193,15859,73[CR],2490187968
C,14044,1526,15883,60[CR],2490188390
F,62128,13127,15908,54[CR],2490188718
C,13975,1540,15932,60[CR],2490189156
F,63488,13172,15956,60[CR],2490189484
C,13951,1518,15981,57[CR],2490189921
F,61664,13196,16005,57[CR],2490190359
C,13881,1530,16029,60[CR],2490190687
F,62232,13176,16053,64[CR],2490191125
C,13981,1540,16074,19[CR],2490191453
F,62832,13183,16078,15[CR],2490191890
C,13917,1538,16079,2[CR],2490192218
F,62504,13046,16079,1[CR],2490192656
A,33612,61496,16079,0[CR],2490193093
F,61200,13027,16079,0[CR],2490193421
C,13763,1546,16079,0[CR],2490193859
F,60256,13003,16079,0[CR],2490194187
C,13702,1536,16079,0[CR],2490194625
F,59560,12992,16079,0[CR],2490194953
C,13676,1528,16079,0[CR],2490195390
F,59048,12984,16079,0[CR],2490195828
C,13660,1540,16079,0[CR],2490196156
F,58664,12977,16079,0[CR],2490196593
C,13647,1542,16079,0[CR],2490196921
F,58376,12975,16079,0[CR],2490197359
C,13639,1536,16079,0[CR],2490197687
F,58112,12971,16079,0[CR],2490198125
C,13631,1538,16079,0[CR],2490198562
F,57872,12968,16079,0[CR],2490198890
A,33628,57720,16079,0[CR],2490199328
F,57640,12966,16079,0[CR],2490199656
C,13617,1550,16079,0[CR],2490200093
F,57456,12963,16079,0[CR],2490200421
C,13610,1546,16079,0[CR],2490200859
F,57280,12961,16079,0[CR],2490201296
C,13606,1528,16079,0[CR],2490201625
F,57096,12958,16079,0[CR],2490202062
C,13599,1538,16079,0[CR],2490202390
F,56920,12957,16079,0[CR],2490202828
C,13597,1538,16079,0[CR],2490203156
F,56784,12955,16079,0[CR],2490203593
C,13590,1544,16079,0[CR],2490204031
F,56640,12952,16079,0[CR],2490204359
C,13589,1540,16079,0[CR],2490204796
F,56520,12950,16079,0[CR],2490205125
A,33592,56424,16079,0[CR],2490205562
F,56384,12951,16079,0[CR],2490205890
C,13581,1546,16079,0[CR],2490206328
F,56296,12949,16079,0[CR],2490206765
C,13578,1528,16079,0[CR],2490207093
F,56184,12947,16079,0[CR],2490207531
C,13574,1546,16079,0[CR],2490207859
F,56088,12948,16079,0[CR],2490208296
C,13573,1538,16079,0[CR],2490208625
F,56016,12946,16079,0[CR],2490209062
C,13570,1542,16079,0[CR],2490209500
F,55896,12944,16079,0[CR],2490209828
C,13567,1546,16079,0[CR],2490210265
F,55824,12943,16079,0[CR],2490210593
C,13565,1536,16079,0[CR],2490211031
F,55752,12942,16079,0[CR],2490211359
A,33656,55704,16079,0[CR],2490211796
F,55664,12942,16079,0[CR],2490212234
C,13559,1540,16079,0[CR],2490212562
F,55584,12941,16079,0[CR],2490213000
C,13558,1550,16079,0[CR],2490213328
F,55520,12940,16079,0[CR],2490213765
C,13557,1542,16079,0[CR],2490214203
F,55448,12938,16079,0[CR],2490214531
C,13553,1546,16079,0[CR],2490214968
F,55376,12939,16079,0[CR],2490215296
C,13551,1550,16079,0[CR],2490215734
F,55328,12939,16079,0[CR],2490216062
C,13549,1540,16079,0[CR],2490216500
F,55248,12936,16079,0[CR],2490216937
C,13547,1536,16079,0[CR],2490217265
F,55208,12936,16079,0[CR],2490217703
A,33608,55144,16079,0[CR],2490218031
F,55120,12936,16079,0[CR],2490218468
C,13542,1540,16079,0[CR],2490218796
F,55080,12937,16079,0[CR],2490219234
C,13544,1536,16079,0[CR],2490219671
F,55032,12935,16079,0[CR],2490220000
C,13540,1540,16079,0[CR],2490220437
F,54960,12934,16079,0[CR],2490220765
C,13538,1546,16079,0[CR],2490221203
F,54920,12933,16079,0[CR],2490221531
C,13537,1536,16079,0[CR],2490221968
F,54872,12934,16079,0[CR],2490222406
C,13534,1542,16079,0[CR],2490222734
F,54816,12934,16079,0[CR],2490223171
C,13533,1532,16079,0[CR],2490223500
F,54776,12932,16079,0[CR],2490223937
A,33576,54736,16079,0[CR],2490224265
F,54712,12933,16079,0[CR],2490224703
C,13529,1542,16079,0[CR],2490225140
F,54672,12932,16079,0[CR],2490225468
C,13529,1546,16079,0[CR],2490225906
F,54632,12931,16079,0[CR],2490226234
C,13527,1538,16079,0[CR],2490226671
F,54576,12930,16079,0[CR],2490227000
C,13525,1536,16079,0[CR],2490227437
F,54536,12931,16079,0[CR],2490227875
C,13523,1542,16079,0[CR],2490228203
F,54496,12932,16079,0[CR],2490228640
C,13522,1546,16079,0[CR],2490228968
F,54456,12929,16079,0[CR],2490229187
T,11857,82592,16079,0[CR],2490229406
C,13522,1542,16079,0[CR],2490229734
F,54416,12929,16079,0[CR],2490230171
A,33636,54392,16079,0[CR],2490230609
F,54368,12928,16079,0[CR],2490230937
C,13517,1544,16079,0[CR],2490231375
F,54336,12929,16079,0[CR],2490231703
C,13517,1534,16079,0[CR],2490232140
F,54288,12927,16079,0[CR],2490232468
C,13515,1552,16079,0[CR],2490232906
F,54248,12927,16079,0[CR],2490233343
C,13513,1544,16079,0[CR],2490233671
F,54200,12928,16079,0[CR],2490234109
C,13513,1544,16079,0[CR],2490234437
F,54168,12927,16079,0[CR],2490234875
C,13511,1544,16079,0[CR],2490235203
F,54136,12926,16079,0[CR],2490235640
C,13509,1542,16079,0[CR],2490236078
F,54096,12927,16079,0[CR],2490236406
A,33660,54080,16079,0[CR],2490236843
F,54048,12927,16079,0[CR],2490237171
C,13506,1540,16079,0[CR],2490237609
F,54008,12925,16079,0[CR],2490237937
C,13504,1534,16079,0[CR],2490238375
F,53984,12926,16079,0[CR],2490238812
C,13504,1512,16079,0[CR],2490239140
F,53952,12925,16079,0[CR],2490239578
C,13502,1536,16079,0[CR],2490239906
F,53904,12925,16079,0[CR],2490240343
C,13500,1550,16079,0[CR],2490240671
F,53864,12924,16079,0[CR],2490241109
C,13499,1546,16079,0[CR],2490241656
Z,0,0,16079,0[CR],2490241875
C,13498,1536,16079,0[CR],2490242312
F,53808,12923,16079,0[CR],2490242640
A,33604,53776,16079,0[CR],2490243078
F,53752,12924,16079,0[CR],2490243406
C,13496,1538,16079,0[CR],2490243843
F,53736,12923,16079,0[CR],2490244281
C,13493,1550,16079,0[CR],2490244609
F,53688,12922,16079,0[CR],2490245046
C,13493,1538,16079,0[CR],2490245375
F,53656,12921,16079,0[CR],2490245812
C,13492,1550,16079,0[CR],2490246140
F,53624,12921,16079,0[CR],2490246578
C,13491,1546,16079,0[CR],2490247015
F,53592,12920,16079,0[CR],2490247343
C,13489,1538,16079,0[CR],2490247781
F,53544,12920,16079,0[CR],2490248109
C,13487,1546,16079,0[CR],2490248546
F,53528,12920,16079,0[CR],2490248875
A,33580,53512,16079,0[CR],2490249312
F,53480,12920,16079,0[CR],2490249750
C,13485,1548,16079,0[CR],2490250078
F,53472,12919,16079,0[CR],2490250515
C,13484,1564,16079,0[CR],2490250843
F,53448,12917,16079,0[CR],2490251281
C,13483,1526,16079,0[CR],2490251609
F,53408,12919,16079,0[CR],2490252046
C,13480,1536,16079,0[CR],2490252484
F,53384,12918,16079,0
<PAUSE BUTTON 08:53:16>
[CR],2490252703
>
Reset interface. Wait time for interface: 47
>
Reset interface. Wait time for interface: 32DOFF
OK
>
Command: DOFF Wait time for interface: 109

>
Reset interface. Wait time for interface: 63CLEAR
OK
>
Command: CLEAR Wait time for interface: 109

<END BUTTON 09:00:59>

------------------- Begin end zero test --------------------
>
Reset interface. Wait time for interface: 31SCANG
Z,0,0,0,0
C,12111,21796,0,0[CR],2490736046
F,11846,12637,0,0[CR],2490736375
A,33816,11841,0,0[CR],2490736812
F,11826,12637,0,0[CR],2490737250
C,12111,22146,0,0[CR],2490737578
F,11842,12637,0,0[CR],2490737921
C,12112,22192,0,0[CR],2490738375
F,11843,12638,0,0[CR],2490738718
C,12111,22260,0,0[CR],2490739156
F,11841,12639,0,0[CR],2490739500
C,12111,22424,0,0[CR],2490739937
F,11847,12637,0,0[CR],2490740375
C,12111,22424,0,0[CR],2490740703
F,11849,12636,0,0[CR],2490741046
C,12111,22462,0,0[CR],2490741484
F,11841,12638,0,0[CR],2490741937
C,12111,22242,0,0[CR],2490742265
F,11843,12638,0,0[CR],2490742703
A,33820,11842,0,0[CR],2490743046
F,11828,12638,0,0[CR],2490743484
C,12113,22038,0,0[CR],2490743812
F,11826,12635,0,0[CR],2490744250
C,12134,22368,0,0[CR],2490744578
F,10263,12634,0,0[CR],2490745015
C,12110,21608,0,0[CR],2490745453
F,12877,12637,0,0[CR],2490745781
C,12107,22356,0,0[CR],2490746218
F,12852,12636,0,0[CR],2490746546
C,12109,21648,0,0[CR],2490746984
F,12841,12637,0,0[CR],2490747312
C,12109,21852,0,0[CR],2490747750
F,12827,12636,0,0[CR],2490748187
C,12109,21698,0,0[CR],2490748515
F,12803,12636,0,0[CR],2490748953
A,33836,12795,0,0[CR],2490749281
F,12774,12636,0,0[CR],2490749718
C,12108,23620,0,0[CR],2490750046
F,12778,12633,0,0[CR],2490750484
C,12110,22294,0,0[CR],2490750921
F,12771,12635,0,0[CR],2490751250
C,12110,22546,0,0[CR],2490751687
F,12762,12635,0,0[CR],2490752015
C,12136,22442,0,0[CR],2490752453
F,13204,12632,0,0[CR],2490752781
C,12110,22816,0,0[CR],2490753218
F,13084,12635,0,0[CR],2490753656
C,12108,22974,0,0[CR],2490753984
F,12973,12634,0,0[CR],2490754421
C,12109,22092,0,0[CR],2490754750
F,12897,12634,0,0[CR],2490755187
A,33820,12863,0,0[CR],2490755515
F,12831,12634,0,0[CR],2490755953
C,12109,22830,0,0[CR],2490756281
F,12809,12636,0,0[CR],2490756718
C,12109,22884,0,0[CR],2490757156
F,12774,12633,0,0[CR],2490757484
C,12140,22896,0,0[CR],2490757921
F,11883,12626,0,0[CR],2490758250
C,12127,23102,0,0[CR],2490758687
F,11960,12626,0,0[CR],2490759015
C,12126,22736,0,0[CR],2490759453
F,11958,12625,0,0[CR],2490759890
C,12127,23020,0,0[CR],2490760218
F,11953,12626,0,0[CR],2490760656
C,12126,22914,0,0[CR],2490760984
F,11962,12626,0,0[CR],2490761421
A,33828,11969,0,0[CR],2490761750
F,11957,12626,0,0[CR],2490762187
C,12127,23014,0,0[CR],2490762625
F,11978,12625,0,0[CR],2490762953
C,12131,23164,0,0[CR],2490763390
F,12333,12626,0,0[CR],2490763718
C,12118,23024,0,0[CR],2490764156
F,12423,12626,0,0[CR],2490764484
C,12118,23094,0,0[CR],2490764921
F,12405,12625,0,0[CR],2490765359
C,12120,23178,0,0[CR],2490765687
F,12396,12626,0,0[CR],2490766125
C,12121,23066,0,0[CR],2490766453
F,12387,12625,0,0[CR],2490766890
C,12132,23156,0,0[CR],2490767328
F,11828,12626,0,0[CR],2490767656
A,33840,11820,0,0[CR],2490768093
F,11806,12626,0,0[CR],2490768421
C,12129,23254,0,0[CR],2490768859
F,11902,12626,0,0[CR],2490769187
C,12130,23222,0,0[CR],2490769625
F,11943,12626,0,0[CR],2490770062
C,12129,23350,0,0[CR],2490770390
F,11992,12627,0,0[CR],2490770828
C,12147,22974,0,0[CR],2490771156
F,11947,12625,0,0[CR],2490771593
C,12129,22970,0,0[CR],2490771921
F,12024,12625,0,0[CR],2490772359
C,12131,22754,0,0[CR],2490772796
F,12022,12626,0,0[CR],2490773125
C,12129,24556,0,0[CR],2490773562
F,12029,12625,0,0[CR],2490773890
A,33868,12026,0,0[CR],2490774328
F,12015,12627,0,0[CR],2490774656
C,12130,23342,0,0[CR],2490775093
F,12020,12625,0,0[CR],2490775531
C,12130,23538,0,0[CR],2490775859
F,12022,12627,0,0[CR],2490776296
C,12129,23378,0,0[CR],2490776625
F,12023,12625,0,0[CR],2490777062
C,12130,23454,0,0[CR],2490777390
F,12025,12626,0,0[CR],2490777828
C,12130,22776,0,0[CR],2490778265
F,12029,12625,0,0[CR],2490778593
C,12130,23488,0,0[CR],2490779031
F,12029,12626,0,0[CR],2490779359
C,12130,23304,0,0[CR],2490779796
F,12032,12626,0,0[CR],2490780125
A,33852,12030,0,0[CR],2490780562
F,12020,12628,0,0[CR],2490781000
C,12129,22686,0,0[CR],2490781328
F,12034,12626,0,0[CR],2490781765
C,12129,21640,0,0[CR],2490782093
F,12031,12627,0,0[CR],2490782531
C,12129,24554,0,0[CR],2490782859
F,12035,12627,0,0[CR],2490783296
C,12130,22830,0,0[CR],2490783734
F,12029,12628,0,0[CR],2490784062
C,12130,22646,0,0[CR],2490784500
F,12037,12626,0,0[CR],2490784828
C,12130,23870,0,0[CR],2490785265
F,12031,12627,0,0[CR],2490785593
C,12130,23096,0,0[CR],2490786031
F,12041,12627,0,0[CR],2490786468
A,33876,12110,0,0[CR],2490786796
F,12098,12627,0,0[CR],2490787234
C,12128,23326,0,0[CR],2490787562
F,12110,12628,0,0[CR],2490788000
C,12129,23268,0,0[CR],2490788328
F,12105,12627,0,0[CR],2490788765
C,12129,23032,0,0[CR],2490789203
F,12107,12627,0,0[CR],2490789531
C,12129,23502,0,0[CR],2490789859
>
Reset interface. Wait time for interface: 78

======== END OF TEST ========


