CPT-log version: 5.22
======== BEGIN OF TEST ========
DATE 20.09.2022

<Transmited Data>
<NEW BUTTON 11:51:28>
[^C][CR]
[^C][CR]
[^C][CR]
CLEAR[CR]
[^C][CR]
DOFF[CR]
[^C][CR]
SCANG[CR]
[^C][CR]
[^C][CR]
CLEAR[CR]

<START BUTTON 11:55:48>
[^C][CR]
[^C][CR]
DRON[CR]
SCANG[CR]

<PAUSE BUTTON 12:07:02>
[^C][CR]
[^C][CR]
DOFF[CR]
[^C][CR]
CLEAR[CR]

<END BUTTON 12:13:44>
[^C][CR]
SCANG[CR]
[^C][CR]


<Received Data>
<NEW BUTTON 11:51:28>

>
Reset interface. Wait time for interface: 78
>
Reset interface. Wait time for interface: 110
>
Reset interface. Wait time for interface: 109CLEAR
OK
>
Command: CLEAR Wait time for interface: 109

>
Reset interface. Wait time for interface: 110DOFF
OK
>
Command: DOFF Wait time for interface: 109

>
Reset interface. Wait time for interface: 32SCANG
Z,0,0,0,0
F,12182,12733,0,0[CR],2414581750
C,12106,4384,0,0[CR],2414582078
F,12186,12733,0,0[CR],2414582515
C,12106,4408,0,0[CR],2414582843
F,12185,12734,0,0[CR],2414583296
C,12106,4368,0,0[CR],2414583656
F,12182,12732,0,0[CR],2414584015
C,12105,4386,0,0[CR],2414584468
F,12183,12734,0,0[CR],2414584812
C,12105,4382,0,0[CR],2414585171
F,12185,12735,0,0[CR],2414585640
A,37252,12182,0,0[CR],2414586000
F,12166,12735,0,0[CR],2414586343
C,12105,4376,0,0[CR],2414586781
F,12183,12734,0,0[CR],2414587234
C,12105,4394,0,0[CR],2414587562
F,12186,12735,0,0[CR],2414587921
C,12106,4378,0,0[CR],2414588375
F,12180,12735,0,0[CR],2414588703
C,12105,4380,0,0[CR],2414589140
F,12184,12736,0,0[CR],2414589468
C,12105,4384,0,0[CR],2414589906
F,12187,12737,0,0[CR],2414590343
C,12106,4388,0,0[CR],2414590671
F,12180,12735,0,0[CR],2414591109
C,12106,4384,0,0[CR],2414591437
F,12186,12737,0,0[CR],2414591765
>
Reset interface. Wait time for interface: 109
>
Reset interface. Wait time for interface: 31CLEAR
OK
>
Command: CLEAR Wait time for interface: 109

<START BUTTON 11:55:48>

>
Reset interface. Wait time for interface: 125
>
Reset interface. Wait time for interface: 110DRON
OK
>
Command: DRON Wait time for interface: 109
SCANG
C,12456,166,0,0
F,10634,14091,0,0[CR],2414805921
C,12456,148,0,0[CR],2414806359
F,10643,14087,0,0[CR],2414806687
C,12455,160,0,0[CR],2414807125
F,10645,14083,0,0[CR],2414807453
C,12453,160,0,0[CR],2414807890
F,10656,14085,0,0[CR],2414808218
C,12453,160,0,0[CR],2414808656
F,10669,14084,0,0[CR],2414809093
C,12452,170,0,0[CR],2414809421
F,10671,14079,0,0[CR],2414809859
C,12452,156,0,0[CR],2414810187
F,10686,14091,0,0[CR],2414810625
A,36444,10686,0,0[CR],2414810953
F,10675,14090,0,0[CR],2414811390
C,12452,158,0,0[CR],2414811828
F,10709,14098,0,0[CR],2414812156
C,12451,160,0,0[CR],2414812593
F,10709,14094,0,0[CR],2414812921
C,12450,156,0,0[CR],2414813359
F,10715,14092,0,0[CR],2414813687
C,12451,164,0,0[CR],2414814125
F,10726,14095,0,0[CR],2414814562
C,12451,164,0,0[CR],2414814890
F,10728,14138,0,0[CR],2414815328
C,12459,154,0,0[CR],2414815656
F,10742,14160,0,0[CR],2414816093
C,12454,168,0,0[CR],2414816421
F,10747,14130,0,0[CR],2414816859
A,36428,10753,0,0[CR],2414817296
F,10746,14188,0,0[CR],2414817625
C,12454,164,0,0[CR],2414818062
F,10766,14179,0,0[CR],2414818390
C,12457,164,0,0[CR],2414818828
F,10775,14199,0,0[CR],2414819156
C,12459,148,0,0[CR],2414819593
F,10786,14163,0,0[CR],2414820031
C,12462,164,0,0[CR],2414820359
F,10790,14232,0,0[CR],2414820796
C,12461,154,0,0[CR],2414821125
F,10801,14189,0,0[CR],2414821562
C,12455,158,0,0[CR],2414821890
F,10806,14197,0,0[CR],2414822328
C,12460,162,0,0[CR],2414822765
F,10817,14203,0,0[CR],2414823093
A,36344,10826,0,0[CR],2414823531
F,10820,14200,0,0[CR],2414823859
C,12456,158,0,0[CR],2414824296
F,10835,14174,0,0[CR],2414824625
C,12453,164,0,0[CR],2414825062
F,10846,14187,0,0[CR],2414825500
C,12455,154,0,0[CR],2414825828
F,10848,14183,0,0[CR],2414826265
C,12454,154,0,0[CR],2414826593
F,10860,14182,0,0[CR],2414827031
C,12453,156,0,0[CR],2414827468
F,10862,14181,0,0[CR],2414827796
C,12454,160,0,0[CR],2414828234
F,10873,14189,0,0[CR],2414828562
C,12454,158,0,0[CR],2414829000
F,10888,14203,0,0[CR],2414829328
A,36324,10885,0,0[CR],2414829765
F,10876,14197,0,0[CR],2414830203
C,12454,154,0,0[CR],2414830531
F,10901,14202,0,0[CR],2414830968
C,12455,170,0,0[CR],2414831296
F,10902,14205,0,0[CR],2414831734
C,12455,158,0,0[CR],2414832062
F,10918,14206,0,0[CR],2414832500
C,12454,156,0,0[CR],2414832937
F,10925,14204,0,0[CR],2414833265
C,12454,148,0,0[CR],2414833703
F,10933,14208,0,0[CR],2414834031
C,12454,160,0,0[CR],2414834468
F,10941,14205,0,0[CR],2414834796
C,12453,154,0,0[CR],2414835234
F,10947,14213,0,0[CR],2414835671
A,36320,10960,0,0[CR],2414836000
F,10943,14205,0,0[CR],2414836437
C,12451,158,0,0[CR],2414836765
F,10960,14211,0,0[CR],2414837203
C,12452,158,0,0[CR],2414837531
F,10970,14201,0,0[CR],2414837968
C,12451,166,0,0[CR],2414838406
F,10980,14202,0,0[CR],2414838734
C,12451,160,6,22[CR],2414839171
F,10998,14523,14,23[CR],2414839500
C,12848,160,23,20[CR],2414839937
F,10656,14220,31,21[CR],2414840265
C,12883,182,39,23[CR],2414840703
F,10437,14074,48,20[CR],2414841140
C,12958,192,56,22[CR],2414841468
F,10470,14140,64,24[CR],2414841906
A,36176,10465,73,19[CR],2414842234
F,10462,14189,81,22[CR],2414842671
C,12962,186,89,23[CR],2414843000
F,10373,14206,98,21[CR],2414843437
C,12852,186,107,22[CR],2414843875
F,10293,14184,116,24[CR],2414844203
C,12798,180,124,21[CR],2414844640
F,10303,14042,133,22[CR],2414844968
C,12803,164,143,25[CR],2414845406
F,10343,13971,152,27[CR],2414845734
C,12887,162,162,24[CR],2414846171
F,10369,13836,173,25[CR],2414846609
C,12775,168,183,26[CR],2414846937
F,10331,13809,193,27[CR],2414847375
C,12730,148,204,29[CR],2414847703
F,10378,13826,215,33[CR],2414848140
A,36152,10395,226,25[CR],2414848468
F,10384,13830,239,27[CR],2414848906
C,12891,148,252,34[CR],2414849343
F,10437,13752,265,36[CR],2414849671
C,12976,172,278,38[CR],2414850109
F,10465,13666,292,38[CR],2414850437
C,13026,188,306,38[CR],2414850875
F,10496,13687,320,38[CR],2414851203
C,12950,168,335,38[CR],2414851640
F,10520,13782,350,36[CR],2414852078
C,12894,166,364,34[CR],2414852406
F,10553,13800,379,35[CR],2414852843
C,12858,168,394,43[CR],2414853171
F,10578,13931,410,41[CR],2414853609
C,12831,160,426,39[CR],2414853937
F,10599,13954,443,47[CR],2414854375
A,36140,10618,460,43[CR],2414854812
F,10613,13803,476,39[CR],2414855140
C,12765,148,493,49[CR],2414855578
F,10645,13698,510,44[CR],2414855906
C,12711,174,527,41[CR],2414856343
F,10671,13626,545,47[CR],2414856671
C,12658,170,562,44[CR],2414857109
F,10704,13539,579,39[CR],2414857546
C,12659,164,597,49[CR],2414857875
F,10730,13444,614,43[CR],2414858312
C,12635,162,631,51[CR],2414858640
F,10759,13386,649,44[CR],2414859078
C,12592,170,666,41[CR],2414859406
F,10791,13274,683,49[CR],2414859843
C,12607,158,701,44[CR],2414860281
F,10825,13146,718,43[CR],2414860609
A,36132,10839,736,47[CR],2414861046
F,10837,13124,754,41[CR],2414861375
C,12625,178,771,51[CR],2414861812
F,10881,13099,789,44[CR],2414862140
C,12665,188,806,38[CR],2414862578
F,10918,13064,824,47[CR],2414863015
C,12724,194,842,43[CR],2414863343
F,10963,13097,859,49[CR],2414863781
C,12958,204,877,44[CR],2414864109
F,11067,13067,894,43[CR],2414864546
C,14665,236,912,49[CR],2414864875
F,11098,13039,929,41[CR],2414865312
C,16347,262,947,49[CR],2414865750
F,11284,12930,965,47[CR],2414866078
C,18584,274,983,41[CR],2414866515
F,11377,13310,1001,47[CR],2414866843
A,36056,11461,1017,38[CR],2414867281
F,11452,13411,1033,44[CR],2414867609
C,19160,294,1055,44[CR],2414868046
F,11567,14850,1072,39[CR],2414868484
C,18340,294,1091,49[CR],2414868812
F,11615,14522,1109,43[CR],2414869250
C,17722,284,1127,49[CR],2414869578
F,11659,14430,1145,44[CR],2414870015
C,17128,280,1163,51[CR],2414870343
F,11666,14084,1181,44[CR],2414870781
C,16824,282,1199,54[CR],2414871218
F,11722,13649,1218,47[CR],2414871546
C,16482,268,1235,39[CR],2414871984
F,11758,13526,1254,47[CR],2414872312
C,16348,272,1272,44[CR],2414872750
F,11790,13529,1290,47[CR],2414873078
A,35980,11789,1309,44[CR],2414873515
F,11762,13895,1328,51[CR],2414873953
C,14249,272,1346,44[CR],2414874281
F,11781,14944,1364,51[CR],2414874718
C,13465,276,1382,47[CR],2414875046
F,12021,15795,1400,39[CR],2414875484
C,13169,262,1419,47[CR],2414875812
F,13473,15083,1437,43[CR],2414876250
C,13215,258,1455,49[CR],2414876687
F,16179,14514,1473,44[CR],2414877015
C,13100,304,1492,51[CR],2414877453
F,19024,13685,1511,44[CR],2414877781
C,13015,336,1529,51[CR],2414878218
F,20400,13205,1548,47[CR],2414878546
C,13092,350,1566,51[CR],2414878984
F,21220,13227,1585,47[CR],2414879421
A,35920,21626,1603,51[CR],2414879750
F,21788,13311,1621,47[CR],2414880187
C,13056,366,1639,36[CR],2414880515
F,22528,13363,1658,47[CR],2414880953
C,12950,340,1676,44[CR],2414881281
F,22876,13420,1694,49[CR],2414881718
C,12975,340,1713,44[CR],2414882156
F,23096,13438,1726,8[CR],2414882484
C,12948,356,1726,1[CR],2414882921
F,23258,13081,1726,1[CR],2414883250
C,12736,354,1726,0[CR],2414883687
F,23396,13007,1726,0[CR],2414884015
C,12706,346,1726,0[CR],2414884453
F,23540,13016,1726,0[CR],2414884890
C,12696,340,1726,0[CR],2414885218
F,23678,12992,1726,0[CR],2414885656
A,35864,23770,1726,0[CR],2414885984
F,23786,12988,1726,0[CR],2414886421
C,12675,350,1726,0[CR],2414886750
F,23918,12886,1726,0[CR],2414887187
C,12613,364,1726,0[CR],2414887515
F,23992,12900,1726,0[CR],2414887953
C,12620,354,1726,0[CR],2414888390
F,24118,12982,1726,0[CR],2414888718
C,12650,350,1726,0[CR],2414889156
F,24222,12964,1726,0[CR],2414889484
C,12653,342,1726,0[CR],2414890031
Z,0,0,1726,0[CR],2414890578
Z,0,0,1726,0[CR],2414891015
Z,0,0,1726,0[CR],2414891562
Z,0,0,1726,0[CR],2414892000
Z,0,0,1726,13[CR],2414892546
Z,0,0,1726,1[CR],2414892984
Z,0,0,1726,0[CR],2414893531
Z,0,0,1726,0[CR],2414894078
Z,0,0,1726,0[CR],2414894515
Z,0,0,1726,0[CR],2414895062
Z,0,0,1726,0[CR],2414895500
Z,0,0,1726,0[CR],2414896046
Z,0,0,1726,0[CR],2414896484
Z,0,0,1726,0[CR],2414897031
Z,0,0,1726,0[CR],2414897578
Z,0,0,1726,0[CR],2414898015
Z,0,0,1726,0[CR],2414898562
Z,0,0,1726,0[CR],2414899000
Z,0,0,1726,0[CR],2414899546
Z,0,0,1726,0[CR],2414899984
Z,0,0,1726,0[CR],2414900531
Z,0,0,1726,0[CR],2414901078
Z,0,0,1726,0[CR],2414901515
Z,0,0,1726,0[CR],2414902062
Z,0,0,1726,0[CR],2414902500
Z,0,0,1726,0[CR],2414903046
Z,0,0,1726,0[CR],2414903156
F,25256,12849,1726,0[CR],2414903593
C,12561,350,1726,0[CR],2414904031
F,25276,12848,1726,0[CR],2414904359
A,35764,25288,1726,0[CR],2414904796
F,25280,12845,1726,0[CR],2414905125
C,12556,340,1726,0[CR],2414905671
Z,0,0,1726,0[CR],2414906109
Z,0,0,1726,0[CR],2414906656
Z,0,0,1726,0[CR],2414907203
Z,0,0,1726,0[CR],2414907640
Z,0,0,1726,0[CR],2414908187
Z,0,0,1726,0[CR],2414908625
Z,0,0,1726,0[CR],2414909171
Z,0,0,1726,0[CR],2414909609
Z,0,0,1726,0[CR],2414910156
Z,0,0,1726,0[CR],2414910703
Z,0,0,1726,0[CR],2414911140
Z,0,0,1726,0[CR],2414911687
Z,0,0,1726,0[CR],2414912125
Z,0,0,1726,0[CR],2414912671
Z,0,0,1726,0[CR],2414913109
Z,0,0,1726,0[CR],2414913656
Z,0,0,1726,0[CR],2414914203
Z,0,0,1726,0[CR],2414914640
Z,0,0,1726,0[CR],2414915187
Z,0,0,1726,0[CR],2414915625
Z,0,0,1726,39[CR],2414916171
Z,0,0,1726,43[CR],2414916718
Z,0,0,1730,44[CR],2414917156
Z,0,0,1743,17[CR],2414917265
F,25424,12882,1744,12[CR],2414917703
C,12716,332,1745,2[CR],2414918031
F,25036,13052,1745,1[CR],2414918468
C,12716,326,1745,0[CR],2414918796
F,25132,12989,1745,0[CR],2414919234
C,12696,336,1745,0[CR],2414919562
F,25176,12988,1745,0[CR],2414920000
C,12687,342,1745,0[CR],2414920437
F,25216,12980,1745,0[CR],2414920765
C,12678,346,1745,0[CR],2414921203
F,25244,12978,1745,0[CR],2414921531
C,12674,332,1745,0[CR],2414921968
F,25268,12976,1754,4[CR],2414922296
C,12800,328,1754,1[CR],2414922734
F,25444,13102,1754,1[CR],2414923171
A,35620,25508,1754,0[CR],2414923500
F,25508,13077,1754,0[CR],2414923937
C,12740,328,1754,0[CR],2414924265
F,25592,13082,1754,0[CR],2414924703
C,12728,318,1754,0[CR],2414925031
F,25640,13072,1754,0[CR],2414925468
C,12717,336,1754,0[CR],2414925906
F,25680,13070,1754,0[CR],2414926234
C,12709,326,1760,44[CR],2414926671
F,25708,13072,1779,47[CR],2414927000
C,13002,312,1797,44[CR],2414927437
F,26296,13634,1816,49[CR],2414927765
C,13015,328,1834,47[CR],2414928203
F,26536,13587,1853,49[CR],2414928640
C,13005,350,1871,44[CR],2414928968
F,26436,13568,1890,51[CR],2414929406
A,35604,26396,1909,44[CR],2414929734
F,26172,13575,1928,51[CR],2414930171
C,13017,346,1946,44[CR],2414930500
F,26444,13558,1965,51[CR],2414930937
C,13124,370,1984,47[CR],2414931375
F,25168,13526,2003,51[CR],2414931703
C,13120,354,2022,44[CR],2414932140
F,24174,13676,2041,51[CR],2414932468
C,13228,364,2060,47[CR],2414932906
F,24414,13860,2079,54[CR],2414933234
C,13157,364,2097,44[CR],2414933671
F,23746,14130,2117,51[CR],2414934109
C,13227,362,2136,47[CR],2414934437
F,23998,14346,2155,51[CR],2414934875
C,13130,382,2174,47[CR],2414935203
F,24048,14449,2193,51[CR],2414935640
A,35548,24168,2212,44[CR],2414935968
F,24400,14556,2231,51[CR],2414936406
C,13036,356,2250,47[CR],2414936843
F,24088,14276,2270,49[CR],2414937171
C,12937,354,2289,43[CR],2414937609
F,24250,14160,2309,49[CR],2414937828
P,51272,656,2323,49[CR],2414937937
C,12882,360,2328,47[CR],2414938375
F,24420,13909,2348,49[CR],2414938703
C,13005,362,2367,57[CR],2414939140
F,24510,13805,2387,49[CR],2414939578
C,12953,364,2406,54[CR],2414939906
F,24358,13774,2425,49[CR],2414940343
C,13022,364,2445,51[CR],2414940671
F,24274,13789,2464,47[CR],2414941109
C,13111,376,2483,54[CR],2414941437
F,24418,13925,2503,47[CR],2414941875
A,35540,22682,2522,51[CR],2414942312
F,22428,14063,2541,44[CR],2414942718
C,13101,368,2561,49[CR],2414943078
F,22184,14152,2580,47[CR],2414943421
C,13221,362,2600,51[CR],2414943843
F,21718,14469,2619,54[CR],2414944171
C,13314,372,2638,47[CR],2414944609
F,21614,14595,2658,54[CR],2414945046
C,13522,384,2677,49[CR],2414945375
F,21422,14802,2697,54[CR],2414945812
C,13256,378,2716,47[CR],2414946140
F,22084,14631,2736,51[CR],2414946578
C,13182,370,2755,44[CR],2414946906
F,22764,14346,2776,49[CR],2414947343
C,13206,404,2795,54[CR],2414947781
F,23590,14001,2815,49[CR],2414948109
A,35460,24050,2834,54[CR],2414948546
F,24272,13677,2854,47[CR],2414948875
C,13191,408,2873,54[CR],2414949312
F,25108,13595,2893,47[CR],2414949640
C,13231,420,2912,51[CR],2414950078
F,25892,13578,2932,44[CR],2414950515
C,13280,428,2952,51[CR],2414950843
F,26344,13614,2971,43[CR],2414951281
C,13280,416,2991,49[CR],2414951609
F,26972,13657,3010,54[CR],2414952046
C,13223,410,3030,49[CR],2414952375
F,27576,13609,3050,57[CR],2414952812
C,13210,422,3069,49[CR],2414953140
F,28052,13619,3089,54[CR],2414953578
C,13193,430,3108,47[CR],2414954015
F,28320,13648,3128,49[CR],2414954343
A,35432,28544,3147,41[CR],2414954781
F,28700,13685,3167,49[CR],2414955109
C,13339,418,3187,57[CR],2414955546
F,29424,13727,3207,51[CR],2414955984
C,13312,440,3226,54[CR],2414956312
F,30356,13690,3246,47[CR],2414956750
C,13288,468,3265,51[CR],2414957078
F,31312,13669,3285,49[CR],2414957515
C,13335,458,3304,51[CR],2414957843
F,31980,13729,3324,39[CR],2414958281
C,13282,480,3344,51[CR],2414958718
F,32712,13790,3363,57[CR],2414959046
C,13367,496,3383,49[CR],2414959484
F,33224,13847,3402,54[CR],2414959812
C,13346,500,3422,47[CR],2414960250
F,33892,13893,3442,51[CR],2414960578
A,35400,34240,3461,49[CR],2414961015
F,34360,13908,3481,51[CR],2414961453
C,13310,504,3500,47[CR],2414961781
F,34908,13890,3520,51[CR],2414962218
C,13265,502,3540,51[CR],2414962546
F,35376,13843,3560,51[CR],2414962984
C,13314,504,3579,54[CR],2414963312
F,35924,13806,3599,49[CR],2414963750
C,13317,514,3618,51[CR],2414964187
F,36116,13833,3638,47[CR],2414964515
C,13344,504,3658,51[CR],2414964953
F,28464,13829,3677,43[CR],2414965281
C,13312,510,3697,49[CR],2414965718
F,30484,13796,3717,54[CR],2414966046
C,13284,510,3726,4[CR],2414966484
F,31804,13388,3726,1[CR],2414966921
A,35384,31856,3726,1[CR],2414967250
F,31936,13238,3726,0[CR],2414967687
C,13018,506,3726,0[CR],2414968015
F,32288,13229,3726,0[CR],2414968453
C,13005,504,3726,0[CR],2414968781
F,32572,13231,3726,0[CR],2414969218
C,12894,520,3726,0[CR],2414969656
F,32608,12995,3726,0[CR],2414969984
C,12838,506,3726,0[CR],2414970421
F,32936,13098,3726,0[CR],2414970750
C,12904,510,3726,0[CR],2414971187
F,33132,13095,3726,0[CR],2414971515
C,12878,508,3726,0[CR],2414972062
Z,0,0,3726,0[CR],2414972609
Z,0,0,3726,0[CR],2414973046
Z,0,0,3726,0[CR],2414973593
Z,0,0,3726,0[CR],2414974031
Z,0,0,3726,0[CR],2414974578
Z,0,0,3726,0[CR],2414975015
Z,0,0,3726,0[CR],2414975562
Z,0,0,3726,0[CR],2414976109
Z,0,0,3726,0[CR],2414976546
Z,0,0,3726,0[CR],2414977093
Z,0,0,3726,0[CR],2414977531
Z,0,0,3726,0[CR],2414978078
Z,0,0,3726,0[CR],2414978515
Z,0,0,3726,0[CR],2414979062
Z,0,0,3726,0[CR],2414979609
Z,0,0,3726,0[CR],2414980046
Z,0,0,3726,0[CR],2414980593
Z,0,0,3726,0[CR],2414981031
Z,0,0,3726,0[CR],2414981578
Z,0,0,3726,0[CR],2414982015
Z,0,0,3726,0[CR],2414982562
Z,0,0,3726,0[CR],2414983109
Z,0,0,3726,0[CR],2414983546
Z,0,0,3726,0[CR],2414984093
Z,0,0,3726,0[CR],2414984531
Z,0,0,3726,0[CR],2414985078
Z,0,0,3726,0[CR],2414985625
Z,0,0,3726,0[CR],2414986062
Z,0,0,3726,0[CR],2414986609
Z,0,0,3726,0[CR],2414986828
F,33704,12918,3726,0[CR],2414987156
C,12739,504,3726,0[CR],2414987593
F,33712,12906,3726,0[CR],2414987921
C,12737,498,3726,0[CR],2414988359
F,33704,12910,3726,0[CR],2414988796
C,12737,520,3726,0[CR],2414989125
F,33704,12906,3726,0[CR],2414989562
C,12736,496,3726,0[CR],2414989890
F,33692,12897,3726,0[CR],2414990328
C,12733,506,3726,0[CR],2414990656
F,33688,12893,3726,0[CR],2414991093
C,12732,494,3726,0[CR],2414991531
F,33680,12892,3726,0[CR],2414991859
A,35212,33680,3726,0[CR],2414992296
F,33668,12893,3726,0[CR],2414992625
C,12730,504,3726,0[CR],2414993062
F,33668,12892,3726,0[CR],2414993500
Z,0,0,3726,0[CR],2414993828
F,33660,12880,3726,0[CR],2414994375
Z,0,0,3726,0[CR],2414994593
F,33652,12879,3726,0[CR],2414995140
Z,0,0,3726,0[CR],2414995578
Z,0,0,3726,0[CR],2414996125
Z,0,0,3726,0[CR],2414996562
Z,0,0,3726,0[CR],2414997109
Z,0,0,3726,0[CR],2414997656
Z,0,0,3726,0[CR],2414998093
Z,0,0,3726,0[CR],2414998640
Z,0,0,3726,0[CR],2414999078
Z,0,0,3726,0[CR],2414999625
Z,0,0,3726,0[CR],2415000062
Z,0,0,3726,0[CR],2415000609
Z,0,0,3726,0[CR],2415001156
Z,0,0,3726,0[CR],2415001593
Z,0,0,3726,0[CR],2415002140
Z,0,0,3726,0[CR],2415002578
Z,0,0,3726,0[CR],2415003125
Z,0,0,3726,0[CR],2415003671
Z,0,0,3726,64[CR],2415004109
Z,0,0,3726,54[CR],2415004656
Z,0,0,3728,54[CR],2415005093
Z,0,0,3744,8[CR],2415005203
C,12772,494,3745,18[CR],2415005531
F,33664,13110,3746,3[CR],2415005968
C,13012,498,3746,1[CR],2415006296
F,34172,13112,3746,0[CR],2415006734
C,12945,490,3746,0[CR],2415007062
F,34188,13090,3746,0[CR],2415007500
C,12927,494,3746,0[CR],2415007937
F,34200,13081,3746,0[CR],2415008265
C,12916,502,3746,0[CR],2415008703
F,34204,13076,3746,0[CR],2415009031
C,12909,494,3755,4[CR],2415009468
F,34960,13394,3755,1[CR],2415009796
C,13056,500,3755,0[CR],2415010234
F,35356,13249,3755,0[CR],2415010671
A,35120,35292,3755,0[CR],2415011000
F,35264,13230,3755,0[CR],2415011437
C,12982,490,3755,0[CR],2415011765
F,35244,13218,3755,0[CR],2415012203
C,12968,506,3755,0[CR],2415012531
F,35200,13209,3755,0[CR],2415012968
C,12957,504,3774,57[CR],2415013406
F,35756,13824,3794,44[CR],2415013734
C,13297,494,3813,54[CR],2415014171
F,37372,13842,3833,49[CR],2415014500
C,13329,508,3853,54[CR],2415014937
F,38108,13876,3872,47[CR],2415015265
C,13345,514,3892,51[CR],2415015703
F,38292,13891,3911,43[CR],2415016140
Z,0,0,3936,43[CR],2415016468
F,38688,13925,3951,54[CR],2415016906
A,35100,38752,3971,49[CR],2415017234
F,38744,13895,3990,54[CR],2415017671
C,13318,548,4010,47[CR],2415018000
F,38612,13933,4030,51[CR],2415018437
C,13293,534,4049,44[CR],2415018765
F,38672,13914,4069,51[CR],2415019203
C,13250,560,4088,44[CR],2415019640
F,38792,13866,4108,51[CR],2415019968
C,13284,560,4128,54[CR],2415020406
F,38748,13885,4148,47[CR],2415020734
C,13258,556,4167,54[CR],2415021171
F,38592,13869,4187,47[CR],2415021609
C,13261,554,4207,51[CR],2415021937
F,38980,13837,4226,43[CR],2415022375
C,13318,566,4246,49[CR],2415022703
F,39712,13795,4265,57[CR],2415023140
A,35072,39736,4285,49[CR],2415023468
F,39852,13767,4305,57[CR],2415023906
C,13273,560,4325,49[CR],2415024343
F,39248,13754,4345,51[CR],2415024671
C,13283,568,4364,47[CR],2415025109
F,39652,13764,4384,51[CR],2415025437
C,13312,562,4403,44[CR],2415025875
F,40220,13796,4423,51[CR],2415026203
C,13321,566,4442,51[CR],2415026640
F,40532,13766,4462,49[CR],2415027078
C,13306,562,4481,57[CR],2415027406
F,40004,13761,4501,47[CR],2415027843
C,13266,566,4521,54[CR],2415028171
F,39316,13782,4541,49[CR],2415028609
C,13270,570,4560,51[CR],2415028937
F,39560,13784,4580,44[CR],2415029375
A,35052,39772,4599,51[CR],2415029812
F,39744,13783,4619,57[CR],2415030140
C,13306,610,4639,47[CR],2415030578
F,40136,13750,4658,54[CR],2415030906
C,13347,598,4677,49[CR],2415031343
F,39952,13759,4697,54[CR],2415031671
C,13374,620,4717,44[CR],2415032109
F,40684,13761,4736,51[CR],2415032546
C,13368,606,4756,44[CR],2415032875
F,41048,13751,4776,51[CR],2415033312
C,13332,624,4796,57[CR],2415033640
F,41248,13776,4815,47[CR],2415034078
C,13334,624,4835,54[CR],2415034406
F,41744,13801,4855,47[CR],2415034843
C,13346,626,4874,51[CR],2415035281
F,41896,13822,4894,47[CR],2415035609
A,35020,41832,4914,51[CR],2415036046
F,41392,13803,4933,43[CR],2415036375
C,13316,620,4953,51[CR],2415036812
F,41112,13789,4972,54[CR],2415037171
C,13329,626,4992,49[CR],2415037578
F,41632,13788,5012,54[CR],2415037906
C,13355,630,5031,47[CR],2415038343
F,41904,13784,5051,51[CR],2415038781
C,13336,626,5070,47[CR],2415039109
F,42248,13771,5090,51[CR],2415039546
C,13345,626,5110,43[CR],2415039875
F,42320,13725,5130,49[CR],2415040312
C,13343,620,5149,54[CR],2415040750
F,41632,13707,5169,49[CR],2415041078
C,13324,628,5188,54[CR],2415041515
F,41296,13734,5208,47[CR],2415041843
A,34960,41760,5228,51[CR],2415042281
F,41992,13736,5247,44[CR],2415042609
C,13367,614,5267,51[CR],2415043046
F,42328,13725,5286,47[CR],2415043484
C,13324,630,5307,49[CR],2415043812
F,41536,13694,5326,54[CR],2415044250
C,13341,620,5346,49[CR],2415044578
F,41488,13659,5365,54[CR],2415045015
C,13348,626,5385,49[CR],2415045343
F,42064,13658,5405,51[CR],2415045781
C,13306,624,5424,47[CR],2415046218
F,42000,13648,5444,49[CR],2415046546
C,13299,626,5463,43[CR],2415046984
F,42272,13636,5483,51[CR],2415047312
C,13286,626,5503,57[CR],2415047750
F,42824,13629,5523,49[CR],2415048078
A,34920,43072,5542,51[CR],2415048515
F,42888,13582,5562,47[CR],2415048953
C,13320,642,5582,51[CR],2415049281
F,42480,13526,5601,49[CR],2415049718
C,13324,622,5621,51[CR],2415050046
F,42368,13502,5640,54[CR],2415050484
C,13372,688,5660,49[CR],2415050812
F,42496,13514,5680,54[CR],2415051250
C,13300,684,5699,49[CR],2415051687
F,42320,13507,5719,51[CR],2415052015
C,13320,680,5726,30[CR],2415052453
F,43160,13236,5726,3[CR],2415052781
C,13149,690,5726,1[CR],2415053218
F,42008,13154,5726,1[CR],2415053546
C,13123,692,5726,1[CR],2415053984
F,41440,13144,5726,0[CR],2415054421
A,34916,41040,5726,0[CR],2415054750
F,40936,13049,5726,0[CR],2415055187
C,12995,688,5726,0[CR],2415055515
F,40672,13102,5726,0[CR],2415055953
C,13051,694,5726,0[CR],2415056281
F,40448,13104,5726,0[CR],2415056718
C,13052,698,5726,0[CR],2415057265
Z,0,0,5726,0[CR],2415057703
Z,0,0,5726,0[CR],2415058250
Z,0,0,5726,0[CR],2415058687
Z,0,0,5726,0[CR],2415059234
Z,0,0,5726,0[CR],2415059671
Z,0,0,5726,0[CR],2415060218
Z,0,0,5726,0[CR],2415060765
Z,0,0,5726,0[CR],2415061203
Z,0,0,5726,0[CR],2415061750
Z,0,0,5726,0[CR],2415062187
Z,0,0,5726,0[CR],2415062734
Z,0,0,5726,0[CR],2415063171
Z,0,0,5726,0[CR],2415063718
Z,0,0,5726,0[CR],2415064265
Z,0,0,5726,0[CR],2415064703
Z,0,0,5726,0[CR],2415065250
Z,0,0,5726,0[CR],2415065687
Z,0,0,5726,0[CR],2415066234
Z,0,0,5726,0[CR],2415066671
Z,0,0,5726,0[CR],2415067218
Z,0,0,5726,0[CR],2415067765
Z,0,0,5726,0[CR],2415067984
F,38720,13003,5726,0[CR],2415068421
C,12885,680,5726,0[CR],2415068859
F,38676,13002,5726,0[CR],2415069187
C,12884,690,5726,0[CR],2415069734
Z,0,0,5726,0[CR],2415070171
Z,0,0,5726,0[CR],2415070718
Z,0,0,5726,0[CR],2415071156
Z,0,0,5726,0[CR],2415071703
Z,0,0,5726,0[CR],2415072250
Z,0,0,5726,0[CR],2415072687
Z,0,0,5726,0[CR],2415073234
Z,0,0,5726,0[CR],2415073671
Z,0,0,5726,0[CR],2415074218
Z,0,0,5726,0[CR],2415074656
Z,0,0,5726,0[CR],2415075203
Z,0,0,5726,0[CR],2415075750
Z,0,0,5726,0[CR],2415076187
Z,0,0,5726,0[CR],2415076734
Z,0,0,5726,0[CR],2415077171
Z,0,0,5726,0[CR],2415077718
Z,0,0,5726,0[CR],2415078265
Z,0,0,5726,0[CR],2415078703
Z,0,0,5726,0[CR],2415079250
Z,0,0,5726,0[CR],2415079687
Z,0,0,5726,0[CR],2415080234
Z,0,0,5726,0[CR],2415080671
Z,0,0,5726,73[CR],2415081218
Z,0,0,5726,73[CR],2415081765
Z,0,0,5741,22[CR],2415082093
F,38144,13020,5745,9[CR],2415082531
C,13075,688,5745,2[CR],2415082859
F,39436,13092,5745,1[CR],2415083296
C,13078,688,5745,0[CR],2415083625
F,39296,13092,5745,0[CR],2415084062
C,13054,684,5745,0[CR],2415084390
F,39204,13087,5745,0[CR],2415084828
C,13042,690,5745,0[CR],2415085265
F,39124,13084,5745,0[CR],2415085593
A,34732,39068,5754,9[CR],2415086031
F,39036,13534,5754,2[CR],2415086359
C,13198,696,5754,1[CR],2415086796
F,41440,13148,5754,0[CR],2415087125
C,13110,688,5754,0[CR],2415087562
F,41056,13142,5754,0[CR],2415088000
C,13087,688,5754,0[CR],2415088328
F,40776,13135,5754,0[CR],2415088765
C,13069,686,5754,0[CR],2415089093
F,40548,13128,5754,0[CR],2415089531
C,13059,690,5754,0[CR],2415089859
F,40356,13123,5754,0[CR],2415090296
C,13050,684,5767,47[CR],2415090734
F,40204,13467,5785,51[CR],2415091062
C,13329,684,5805,49[CR],2415091500
F,43024,13476,5825,54[CR],2415091828
A,34716,42760,5845,49[CR],2415092265
F,42288,13398,5864,51[CR],2415092593
C,13290,684,5884,47[CR],2415093031
F,43224,13386,5904,51[CR],2415093468
C,13304,696,5923,43[CR],2415093796
F,43824,13373,5943,51[CR],2415094234
C,13287,696,5962,51[CR],2415094562
F,42648,13306,5983,49[CR],2415095000
C,13283,694,6002,57[CR],2415095328
F,42152,13273,6022,49[CR],2415095765
C,13223,708,6041,54[CR],2415096203
F,41936,13285,6061,47[CR],2415096531
C,13281,716,6081,51[CR],2415096968
F,43200,13253,6100,43[CR],2415097296
C,13250,730,6120,51[CR],2415097734
F,43472,13213,6140,54[CR],2415098062
A,34760,43120,6160,49[CR],2415098500
F,43296,13233,6179,57[CR],2415098937
C,13252,750,6199,49[CR],2415099265
F,43880,13218,6219,51[CR],2415099703
C,13268,734,6238,44[CR],2415100031
F,43640,13223,6258,49[CR],2415100468
C,13269,744,6277,49[CR],2415100796
F,42464,13215,6297,49[CR],2415101234
C,13313,756,6317,57[CR],2415101671
F,43960,13213,6337,49[CR],2415102000
C,13292,756,6356,57[CR],2415102437
F,43936,13196,6376,44[CR],2415102765
C,13297,756,6396,51[CR],2415103203
F,43280,13234,6415,47[CR],2415103531
C,13280,756,6435,51[CR],2415103968
F,43216,13258,6454,49[CR],2415104406
A,34680,44328,6474,49[CR],2415104734
F,44288,13231,6494,54[CR],2415105171
C,13366,754,6513,47[CR],2415105500
F,43664,13175,6533,54[CR],2415105937
C,13317,752,6553,47[CR],2415106265
F,44704,13177,6573,51[CR],2415106703
C,13308,754,6592,47[CR],2415107140
F,43824,13221,6612,49[CR],2415107468
C,13275,754,6631,57[CR],2415107906
F,42992,13227,6651,49[CR],2415108234
C,13277,764,6670,57[CR],2415108671
F,42400,13185,6690,49[CR],2415109000
C,13196,758,6710,54[CR],2415109437
F,42832,13270,6730,44[CR],2415109875
C,13288,818,6749,49[CR],2415110203
F,44144,13201,6769,49[CR],2415110640
A,34644,44280,6789,51[CR],2415110968
F,44640,13204,6808,57[CR],2415111406
C,13342,814,6828,47[CR],2415111734
F,44320,13200,6848,54[CR],2415112171
C,13324,826,6868,49[CR],2415112609
F,45376,13208,6887,51[CR],2415112937
C,13314,820,6907,47[CR],2415113375
F,44672,13200,6927,51[CR],2415113703
C,13266,818,6946,47[CR],2415114140
F,43800,13161,6966,49[CR],2415114468
C,13292,836,6986,57[CR],2415114906
F,44232,13222,7006,47[CR],2415115343
C,13331,830,7025,54[CR],2415115671
F,45880,13217,7045,49[CR],2415116109
C,13326,828,7064,51[CR],2415116437
F,44512,13187,7084,43[CR],2415116875
A,34620,44232,7104,51[CR],2415117203
F,44520,13204,7123,54[CR],2415117640
C,13293,826,7143,49[CR],2415118078
F,44456,13188,7163,57[CR],2415118406
C,13241,842,7182,49[CR],2415118843
F,43624,13218,7202,51[CR],2415119171
C,13305,822,7222,47[CR],2415119609
F,45624,13205,7242,51[CR],2415119937
C,13282,838,7261,43[CR],2415120375
F,45296,13199,7281,51[CR],2415120812
C,13311,844,7300,57[CR],2415121140
F,44184,13152,7320,49[CR],2415121578
C,13278,842,7339,57[CR],2415121906
F,44440,13148,7359,47[CR],2415122343
C,13329,836,7379,51[CR],2415122671
F,45520,13199,7398,47[CR],2415123109
A,34632,45816,7418,51[CR],2415123546
F,46096,13211,7437,41[CR],2415123828
C,13385,842,7457,51[CR],2415124312
F,45336,13193,7477,57[CR],2415124640
C,13346,846,7497,49[CR],2415125078
F,45992,13173,7516,54[CR],2415125406
C,13403,862,7536,47[CR],2415125843
F,46232,13171,7556,51[CR],2415126281
C,13391,844,7575,47[CR],2415126609
F,45480,13190,7595,51[CR],2415127046
C,13301,876,7614,41[CR],2415127375
F,45816,13224,7634,51[CR],2415127812
C,13400,898,7654,57[CR],2415128140
F,47440,13236,7674,49[CR],2415128578
C,13357,904,7693,54[CR],2415129015
F,45776,13208,7713,49[CR],2415129343
A,34584,45432,7726,7[CR],2415129781
F,46280,13244,7726,20[CR],2415130109
C,13195,904,7726,2[CR],2415130546
F,44016,13097,7726,1[CR],2415130875
C,13122,908,7726,0[CR],2415131312
F,43248,13085,7726,0[CR],2415131750
C,13111,912,7726,0[CR],2415132078
F,42688,13074,7726,0[CR],2415132515
C,13030,910,7726,0[CR],2415132843
F,42352,13080,7726,0[CR],2415133281
C,13083,910,7726,0[CR],2415133718
Z,0,0,7726,0[CR],2415134265
Z,0,0,7726,0[CR],2415134812
Z,0,0,7726,0[CR],2415135250
Z,0,0,7726,0[CR],2415135796
Z,0,0,7726,0[CR],2415136234
Z,0,0,7726,0[CR],2415136781
Z,0,0,7726,0[CR],2415137328
Z,0,0,7726,0[CR],2415137765
Z,0,0,7726,0[CR],2415138312
Z,0,0,7726,0[CR],2415138750
Z,0,0,7726,0[CR],2415139296
Z,0,0,7726,0[CR],2415139734
Z,0,0,7726,0[CR],2415140281
Z,0,0,7726,0[CR],2415140828
Z,0,0,7726,0[CR],2415141265
Z,0,0,7726,0[CR],2415141812
Z,0,0,7726,0[CR],2415142250
Z,0,0,7726,0[CR],2415142796
Z,0,0,7726,0[CR],2415143234
Z,0,0,7726,0[CR],2415143781
Z,0,0,7726,0[CR],2415144328
Z,0,0,7726,0[CR],2415144765
Z,0,0,7726,0[CR],2415145312
Z,0,0,7726,0[CR],2415145750
Z,0,0,7726,0[CR],2415146296
Z,0,0,7726,0[CR],2415146734
Z,0,0,7726,0[CR],2415147281
Z,0,0,7726,0[CR],2415147828
Z,0,0,7726,0[CR],2415148265
Z,0,0,7726,0[CR],2415148812
Z,0,0,7726,0[CR],2415149250
Z,0,0,7726,0[CR],2415149796
Z,0,0,7726,0[CR],2415150234
Z,0,0,7726,0[CR],2415150781
Z,0,0,7726,0[CR],2415151328
Z,0,0,7726,0[CR],2415151765
Z,0,0,7726,0[CR],2415152312
Z,0,0,7726,0[CR],2415152750
Z,0,0,7726,1[CR],2415153296
Z,0,0,7726,68[CR],2415153843
Z,0,0,7726,47[CR],2415154281
Z,0,0,7727,49[CR],2415154828
Z,0,0,7741,7[CR],2415155156
C,12932,902,7745,7[CR],2415155484
F,41576,13091,7745,2[CR],2415155921
C,13150,888,7745,1[CR],2415156359
F,42040,13075,7745,0[CR],2415156687
C,13095,904,7745,0[CR],2415157125
F,41992,13073,7745,0[CR],2415157453
C,13079,904,7745,0[CR],2415157890
F,41912,13073,7745,0[CR],2415158218
C,13070,894,7745,0[CR],2415158656
F,41832,13070,7755,4[CR],2415159093
C,13172,490,7755,3[CR],2415159421
F,45056,13119,7755,1[CR],2415159859
C,13164,890,7755,0[CR],2415160187
F,44560,13100,7755,0[CR],2415160625
A,34476,44192,7755,0[CR],2415160953
F,44024,13093,7755,0[CR],2415161390
C,13106,890,7755,0[CR],2415161828
F,43736,13086,7755,0[CR],2415162156
C,13092,882,7755,0[CR],2415162593
F,43424,13082,7766,49[CR],2415162921
C,13082,900,7786,44[CR],2415163359
F,45768,13235,7806,49[CR],2415163687
C,13339,898,7825,54[CR],2415164125
F,46360,13218,7845,49[CR],2415164562
C,13427,886,7865,51[CR],2415164890
F,47008,13243,7884,49[CR],2415165328
C,13386,892,7904,51[CR],2415165656
F,46832,13216,7924,43[CR],2415166093
C,13358,900,7944,49[CR],2415166421
F,46344,13172,7963,54[CR],2415166859
A,34460,44912,7983,49[CR],2415167296
F,44360,13115,8003,54[CR],2415167625
C,13277,882,8023,47[CR],2415168062
F,45312,13173,8042,54[CR],2415168421
C,13346,884,8062,47[CR],2415168828
F,46752,13200,8082,51[CR],2415169156
C,13446,888,8102,54[CR],2415169593
F,47272,13217,8122,49[CR],2415170031
C,13387,894,8141,57[CR],2415170359
F,47984,13192,8161,47[CR],2415170796
C,13398,906,8181,54[CR],2415171125
F,47112,13221,8201,43[CR],2415171562
C,13384,902,8221,51[CR],2415171890
F,47192,13214,8240,57[CR],2415172328
C,13363,908,8260,49[CR],2415172765
F,46696,13231,8280,54[CR],2415173093
A,34392,46600,8300,47[CR],2415173531
F,46488,13201,8320,54[CR],2415173859
C,13360,910,8339,47[CR],2415174296
F,46720,13238,8359,51[CR],2415174625
C,13326,904,8378,47[CR],2415175062
F,45992,13154,8399,51[CR],2415175500
C,13379,898,8418,57[CR],2415175828
F,47480,13221,8438,47[CR],2415176265
C,13372,912,8457,54[CR],2415176593
F,47672,13162,8477,47[CR],2415177031
C,13413,904,8497,51[CR],2415177359
F,45776,13142,8516,47[CR],2415177796
C,13377,918,8537,51[CR],2415178234
F,47728,13226,8556,57[CR],2415178562
C,13436,918,8576,49[CR],2415179000
F,48480,13251,8596,54[CR],2415179328
A,34420,47344,8615,47[CR],2415179765
F,47496,13213,8635,51[CR],2415180093
C,13390,924,8654,47[CR],2415180531
F,47672,13244,8674,51[CR],2415180968
C,13456,930,8693,44[CR],2415181296
F,47944,13215,8714,51[CR],2415181734
C,13462,948,8733,57[CR],2415182062
F,47768,13307,8753,49[CR],2415182500
C,13407,968,8773,54[CR],2415182828
F,48080,13215,8793,47[CR],2415183265
C,13443,948,8813,51[CR],2415183703
F,48024,13233,8832,43[CR],2415184031
C,13348,972,8852,51[CR],2415184468
F,47152,13227,8872,57[CR],2415184796
C,13360,970,8892,47[CR],2415185234
F,47816,13267,8911,54[CR],2415185562
A,34400,48448,8931,49[CR],2415186000
F,48416,13226,8951,51[CR],2415186437
C,13454,982,8970,47[CR],2415186765
F,47424,13147,8991,51[CR],2415187203
C,13410,964,9010,51[CR],2415187531
F,48000,13202,9030,49[CR],2415187968
C,13402,972,9049,57[CR],2415188296
F,47736,13207,9069,47[CR],2415188734
C,13404,984,9089,54[CR],2415189171
F,48896,13258,9109,47[CR],2415189500
C,13417,976,9128,51[CR],2415189937
F,47592,13183,9148,41[CR],2415190265
C,13459,968,9168,51[CR],2415190703
F,48712,13243,9188,54[CR],2415191031
C,13426,972,9207,49[CR],2415191468
F,48752,13202,9227,54[CR],2415191906
A,34376,48544,9247,47[CR],2415192234
F,48560,13230,9267,51[CR],2415192671
C,13405,964,9286,43[CR],2415193000
F,47800,13241,9306,49[CR],2415193437
C,13421,972,9326,57[CR],2415193765
F,48936,13238,9346,49[CR],2415194203
C,13391,986,9365,57[CR],2415194640
F,48976,13270,9385,47[CR],2415194968
C,13441,974,9405,51[CR],2415195406
F,48968,13208,9424,47[CR],2415195734
C,13441,966,9444,51[CR],2415196171
F,47304,13163,9464,47[CR],2415196500
C,13435,970,9484,51[CR],2415196937
F,48920,13210,9504,57[CR],2415197265
C,13472,972,9523,47[CR],2415197703
F,48896,13154,9543,54[CR],2415198140
A,34360,48408,9563,49[CR],2415198468
F,48232,13137,9583,54[CR],2415198906
C,13394,986,9602,41[CR],2415199234
F,48384,13202,9622,51[CR],2415199671
C,13403,988,9642,54[CR],2415200109
F,49248,13230,9662,47[CR],2415200437
C,13473,988,9681,54[CR],2415200875
F,50520,13267,9701,49[CR],2415201203
C,13472,984,9721,51[CR],2415201640
F,48728,13204,9726,3[CR],2415201968
C,13492,988,9726,1[CR],2415202406
F,46704,13087,9726,3[CR],2415202843
C,13226,998,9726,1[CR],2415203171
F,45328,13071,9726,0[CR],2415203609
C,13204,1012,9726,0[CR],2415203937
F,44864,13070,9726,0[CR],2415204375
A,34328,44632,9726,0[CR],2415204703
F,44376,13050,9726,0[CR],2415205140
C,13086,1000,9726,0[CR],2415205578
F,44272,13053,9726,0[CR],2415205906
C,13173,1012,9726,0[CR],2415206343
F,44344,13060,9726,0[CR],2415206671
C,13158,1012,9726,0[CR],2415207218
Z,0,0,9726,0[CR],2415207656
Z,0,0,9726,0[CR],2415208203
Z,0,0,9726,0[CR],2415208750
Z,0,0,9726,1[CR],2415209187
Z,0,0,9726,1[CR],2415209734
Z,0,0,9726,0[CR],2415210171
Z,0,0,9726,0[CR],2415210718
Z,0,0,9726,0[CR],2415211265
Z,0,0,9726,0[CR],2415211703
Z,0,0,9726,0[CR],2415212250
Z,0,0,9726,0[CR],2415212687
Z,0,0,9726,0[CR],2415213234
Z,0,0,9726,0[CR],2415213671
Z,0,0,9726,0[CR],2415214218
Z,0,0,9726,0[CR],2415214765
Z,0,0,9726,0[CR],2415215203
Z,0,0,9726,0[CR],2415215750
Z,0,0,9726,0[CR],2415216187
Z,0,0,9726,0[CR],2415216734
Z,0,0,9726,0[CR],2415217171
Z,0,0,9726,0[CR],2415217718
Z,0,0,9726,0[CR],2415218265
Z,0,0,9726,0[CR],2415218703
Z,0,0,9726,0[CR],2415219250
Z,0,0,9726,0[CR],2415219687
Z,0,0,9726,0[CR],2415220234
Z,0,0,9726,0[CR],2415220671
Z,0,0,9726,0[CR],2415221218
Z,0,0,9726,0[CR],2415221765
Z,0,0,9726,0[CR],2415222203
Z,0,0,9726,0[CR],2415222750
Z,0,0,9726,0[CR],2415223187
Z,0,0,9726,0[CR],2415223734
Z,0,0,9726,0[CR],2415224281
Z,0,0,9726,0[CR],2415224718
Z,0,0,9726,0[CR],2415225265
Z,0,0,9726,0[CR],2415225703
Z,0,0,9726,0[CR],2415226250
Z,0,0,9726,0[CR],2415226687
Z,0,0,9726,0[CR],2415227234
Z,0,0,9726,0[CR],2415227781
Z,0,0,9726,0[CR],2415228218
Z,0,0,9726,68[CR],2415228765
Z,0,0,9740,30[CR],2415228984
F,42392,13029,9744,17[CR],2415229312
A,34276,43584,9745,3[CR],2415229750
F,44184,13080,9745,1[CR],2415230187
C,13230,1020,9745,0[CR],2415230515
F,44232,13072,9745,0[CR],2415230953
C,13199,1022,9745,0[CR],2415231281
F,44248,13069,9745,0[CR],2415231718
C,13184,1016,9745,0[CR],2415232046
F,44232,13066,9745,0[CR],2415232484
C,13174,1036,9745,0[CR],2415232921
F,44160,13065,9745,0[CR],2415233250
C,13165,1020,9753,4[CR],2415233687
F,44896,13181,9754,1[CR],2415234015
C,13325,1030,9754,0[CR],2415234453
F,46808,13108,9754,0[CR],2415234781
C,13250,1042,9754,0[CR],2415235218
F,46536,13095,9754,0[CR],2415235656
A,34212,46352,9754,0[CR],2415235984
F,46264,13090,9754,0[CR],2415236421
C,13199,1038,9754,0[CR],2415236750
F,45984,13086,9754,0[CR],2415237187
C,13190,1032,9754,0[CR],2415237515
F,45672,13081,9754,0[CR],2415237953
C,13180,1026,9765,51[CR],2415238390
F,45464,13285,9784,47[CR],2415238718
C,13489,1026,9804,51[CR],2415239156
F,49152,13211,9823,44[CR],2415239484
C,13487,1022,9843,49[CR],2415239921
F,48784,13190,9863,57[CR],2415240250
C,13462,1014,9882,49[CR],2415240687
F,49152,13256,9902,54[CR],2415241125
C,13469,1012,9922,49[CR],2415241453
F,48816,13237,9942,51[CR],2415241890
A,34252,49848,9961,47[CR],2415242218
F,49928,13231,9981,51[CR],2415242656
C,13467,1036,10000,44[CR],2415242984
F,50544,13284,10020,49[CR],2415243421
C,13453,1036,10040,54[CR],2415243859
F,49760,13187,10060,49[CR],2415244187
C,13498,1036,10079,54[CR],2415244625
F,49040,13201,10099,49[CR],2415244953
C,13404,1042,10119,51[CR],2415245390
F,48680,13168,10138,43[CR],2415245718
C,13488,1036,10158,49[CR],2415246156
F,49480,13244,10178,57[CR],2415246593
C,13467,1040,10198,49[CR],2415246921
F,50552,13262,10217,51[CR],2415247359
C,13496,1036,10237,47[CR],2415247687
F,50144,13177,10257,51[CR],2415248125
A,34192,49184,10276,43[CR],2415248453
F,49672,13215,10297,51[CR],2415248890
C,13539,1040,10316,57[CR],2415249328
F,51424,13249,10336,49[CR],2415249656
C,13547,1036,10356,54[CR],2415250093
F,51488,13274,10376,49[CR],2415250421
C,13564,1036,10395,54[CR],2415250859
F,50912,13235,10415,47[CR],2415251187
C,13535,1036,10435,49[CR],2415251625
F,51888,13244,10454,47[CR],2415252062
C,13574,1032,10474,49[CR],2415252390
F,50760,13187,10494,57[CR],2415252828
C,13562,1032,10514,47[CR],2415253156
F,50176,13226,10534,54[CR],2415253593
C,13540,1028,10554,47[CR],2415253921
F,51224,13286,10574,51[CR],2415254359
A,34196,50632,10593,43[CR],2415254796
F,50456,13190,10613,49[CR],2415255125
C,13467,1028,10633,54[CR],2415255562
F,50704,13200,10653,47[CR],2415255890
C,13506,1010,10672,54[CR],2415256328
F,51624,13198,10692,49[CR],2415256656
C,13547,1028,10712,51[CR],2415257093
F,50200,13161,10731,44[CR],2415257531
C,13491,1032,10751,51[CR],2415257859
F,51592,13248,10772,57[CR],2415258296
C,13560,1032,10791,47[CR],2415258625
F,52944,13278,10811,54[CR],2415259062
C,13582,1034,10831,49[CR],2415259390
F,51560,13302,10851,51[CR],2415259828
C,13518,1030,10870,43[CR],2415260265
F,51584,13283,10891,51[CR],2415260593
A,34180,52552,10910,57[CR],2415261031
F,52528,13262,10930,47[CR],2415261359
C,13554,1038,10950,54[CR],2415261796
F,51504,13248,10970,47[CR],2415262125
C,13532,1026,10990,51[CR],2415262562
F,51488,13296,11010,51[CR],2415262953
C,13488,1032,11030,49[CR],2415263328
F,52200,13281,11049,54[CR],2415263765
C,13522,1048,11069,47[CR],2415264093
F,52792,13281,11089,51[CR],2415264531
C,13523,1052,11109,47[CR],2415264859
F,51568,13208,11129,51[CR],2415265296
C,13595,1062,11148,41[CR],2415265734
F,51160,13192,11168,51[CR],2415266062
C,13516,1094,11188,54[CR],2415266500
F,51968,13368,11208,49[CR],2415266828
A,34192,52248,11228,54[CR],2415267265
F,53520,13329,11247,47[CR],2415267593
C,13648,1090,11267,51[CR],2415268031
F,51568,13302,11287,47[CR],2415268468
C,13490,1090,11307,49[CR],2415268796
F,51808,13236,11327,54[CR],2415269234
C,13569,1102,11347,49[CR],2415269562
F,53496,13299,11367,51[CR],2415270000
C,13588,1078,11386,49[CR],2415270328
F,53096,13243,11406,51[CR],2415270765
C,13586,1096,11426,41[CR],2415271203
F,51704,13226,11446,51[CR],2415271531
C,13601,1094,11465,54[CR],2415271968
F,53544,13254,11485,49[CR],2415272296
C,13526,1100,11505,54[CR],2415272734
F,53008,13246,11525,49[CR],2415273062
A,34140,52840,11545,51[CR],2415273500
F,52648,13258,11565,47[CR],2415273859
C,13582,1104,11585,49[CR],2415274265
F,53208,13274,11604,57[CR],2415274703
C,13604,1116,11624,49[CR],2415275031
F,54392,13291,11644,54[CR],2415275468
C,13599,1106,11664,49[CR],2415275796
F,53264,13299,11684,51[CR],2415276234
C,13602,1102,11703,49[CR],2415276671
F,52016,13277,11723,51[CR],2415277000
C,13596,1092,11726,2[CR],2415277437
F,53088,13155,11726,1[CR],2415277765
C,13332,1096,11726,0[CR],2415278203
F,50136,13128,11726,0[CR],2415278531
C,13293,1102,11726,0[CR],2415278968
F,49448,13114,11726,0[CR],2415279406
A,34116,48856,11726,0[CR],2415279734
F,48744,13103,11726,0[CR],2415280171
C,13174,1096,11726,0[CR],2415280500
F,48712,13108,11726,0[CR],2415280937
C,13227,1106,11726,0[CR],2415281265
F,48424,13104,11726,0[CR],2415281703
C,13222,1096,11726,0[CR],2415282250
Z,0,0,11726,0[CR],2415282687
Z,0,0,11726,0[CR],2415283234
Z,0,0,11726,0[CR],2415283671
Z,0,0,11726,0[CR],2415284218
Z,0,0,11726,0[CR],2415284765
Z,0,0,11726,0[CR],2415285203
Z,0,0,11726,0[CR],2415285750
Z,0,0,11726,0[CR],2415286296
Z,0,0,11726,0[CR],2415286734
Z,0,0,11726,0[CR],2415287281
Z,0,0,11726,0[CR],2415287718
Z,0,0,11726,0[CR],2415288265
Z,0,0,11726,0[CR],2415288703
Z,0,0,11726,0[CR],2415289250
Z,0,0,11726,0[CR],2415289796
Z,0,0,11726,0[CR],2415290234
Z,0,0,11726,0[CR],2415290671
N,115968,10905,11726,0[CR],2415291218
Z,0,0,11726,0[CR],2415291656
Z,0,0,11726,0[CR],2415292203
Z,0,0,11726,0[CR],2415292640
Z,0,0,11726,0[CR],2415293187
Z,0,0,11726,0[CR],2415293625
Z,0,0,11726,0[CR],2415294171
Z,0,0,11726,0[CR],2415294718
Z,0,0,11726,0[CR],2415295156
Z,0,0,11726,0[CR],2415295703
Z,0,0,11726,0[CR],2415296140
Z,0,0,11726,0[CR],2415296687
Z,0,0,11726,0[CR],2415297234
Z,0,0,11726,0[CR],2415297671
Z,0,0,11726,0[CR],2415298218
Z,0,0,11726,0[CR],2415298656
Z,0,0,11726,0[CR],2415299203
Z,0,0,11726,0[CR],2415299640
Z,0,0,11726,0[CR],2415300187
Z,0,0,11726,0[CR],2415300734
Z,0,0,11726,0[CR],2415301171
Z,0,0,11726,0[CR],2415301718
Z,0,0,11726,0[CR],2415302156
Z,0,0,11726,0[CR],2415302703
Z,0,0,11726,0[CR],2415303250
Z,0,0,11726,0[CR],2415303687
Z,0,0,11726,0[CR],2415304234
Z,0,0,11726,0[CR],2415304671
Z,0,0,11726,0[CR],2415305218
Z,0,0,11726,57[CR],2415305656
Z,0,0,11729,47[CR],2415306093
U,129600,37576,11742,19[CR],2415306531
Z,0,0,11744,3[CR],2415306750
C,13326,1096,11744,2[CR],2415307078
F,47824,13136,11744,1[CR],2415307515
C,13278,1088,11744,0[CR],2415307843
F,47752,13121,11744,0[CR],2415308281
C,13251,1096,11744,0[CR],2415308609
F,47656,13114,11744,0[CR],2415309046
C,13236,1096,11744,0[CR],2415309484
F,47552,13111,11744,0[CR],2415309812
C,13224,1088,11744,0[CR],2415310250
F,47440,13109,11751,5[CR],2415310578
A,34044,50544,11751,1[CR],2415311015
F,50528,13179,11751,1[CR],2415311343
C,13336,1082,11751,0[CR],2415311781
F,50112,13154,11751,0[CR],2415312218
C,13278,1100,11751,0[CR],2415312546
F,49840,13145,11751,0[CR],2415312984
C,13256,1096,11751,0[CR],2415313312
F,49600,13139,11751,0[CR],2415313750
C,13245,1088,11751,0[CR],2415314078
F,49368,13134,11765,51[CR],2415314515
C,13288,1096,11785,47[CR],2415314953
F,52800,13339,11805,49[CR],2415315281
C,13609,1096,11824,44[CR],2415315718
F,52576,13305,11844,51[CR],2415316046
C,13591,1134,11864,57[CR],2415316484
F,52816,13261,11884,49[CR],2415316812
A,34052,53768,11903,51[CR],2415317250
F,54168,13323,11923,47[CR],2415317687
C,13570,1148,11943,51[CR],2415318015
F,53088,13262,11963,51[CR],2415318453
C,13610,1142,11983,49[CR],2415318781
F,52848,13244,12002,57[CR],2415319218
C,13540,1150,12022,47[CR],2415319546
F,53568,13311,12042,54[CR],2415319984
C,13611,1154,12061,47[CR],2415320421
F,54016,13273,12081,51[CR],2415320750
C,13563,1156,12101,49[CR],2415321187
F,52800,13303,12121,49[CR],2415321515
C,13545,1150,12141,57[CR],2415321953
F,53512,13320,12160,47[CR],2415322281
C,13566,1158,12180,54[CR],2415322718
F,54168,13289,12200,47[CR],2415322828
E,14851,7802,12207,54[CR],2415323156
A,34068,53088,12220,51[CR],2415323484
F,52632,13249,12240,43[CR],2415323921
C,13572,1148,12260,51[CR],2415324250
F,52600,13274,12279,54[CR],2415324687
C,13596,1150,12299,49[CR],2415325015
F,54240,13308,12319,54[CR],2415325453
C,13617,1154,12339,49[CR],2415325890
F,53104,13282,12359,51[CR],2415326218
C,13593,1144,12378,47[CR],2415326656
F,54272,13345,12398,51[CR],2415326984
C,13608,1158,12418,54[CR],2415327421
F,54552,13278,12438,49[CR],2415327750
C,13656,1158,12457,54[CR],2415328187
F,53480,13278,12477,47[CR],2415328625
C,13629,1158,12497,54[CR],2415328953
F,55080,13317,12517,49[CR],2415329390
A,34068,55880,12537,51[CR],2415329718
F,55704,13363,12556,54[CR],2415330125
C,13773,1152,12576,49[CR],2415330484
F,55376,13300,12596,54[CR],2415330921
C,13638,1150,12616,47[CR],2415331359
F,54240,13344,12636,54[CR],2415331687
C,13569,1152,12655,43[CR],2415332125
F,53296,13291,12675,51[CR],2415332453
C,13623,1140,12694,57[CR],2415332890
F,53976,13330,12715,49[CR],2415333218
C,13580,1154,12734,57[CR],2415333656
F,54336,13299,12754,47[CR],2415334093
C,13591,1154,12774,51[CR],2415334421
F,54344,13295,12794,44[CR],2415334859
C,13636,1154,12814,49[CR],2415335187
F,54008,13323,12833,49[CR],2415335625
A,33988,53960,12853,49[CR],2415335953
F,54600,13340,12873,57[CR],2415336390
C,13827,1152,12893,47[CR],2415336828
F,55616,13389,12913,54[CR],2415337156
C,13846,1166,12932,47[CR],2415337593
F,54656,13357,12953,51[CR],2415337921
C,13625,1154,12972,57[CR],2415338359
F,54296,13365,12992,49[CR],2415338687
C,13640,1156,13012,54[CR],2415339125
F,54872,13398,13032,47[CR],2415339562
C,13564,1158,13051,54[CR],2415339890
F,54048,13326,13071,47[CR],2415340328
C,13536,1160,13091,51[CR],2415340656
F,54248,13382,13111,51[CR],2415341093
C,13601,1176,13131,51[CR],2415341421
F,55416,13301,13150,57[CR],2415341859
A,34012,55712,13170,49[CR],2415342296
F,55904,13298,13190,54[CR],2415342625
C,13712,1170,13210,47[CR],2415343062
F,55488,13317,13230,51[CR],2415343390
C,13663,1182,13249,44[CR],2415343828
F,56552,13351,13269,51[CR],2415344156
C,13701,1186,13289,57[CR],2415344593
F,57000,13369,13309,49[CR],2415345031
C,13704,1180,13329,54[CR],2415345359
F,55144,13273,13348,49[CR],2415345796
C,13729,1176,13368,51[CR],2415346125
F,56416,13340,13388,51[CR],2415346562
C,13758,1194,13408,51[CR],2415346890
F,57616,13321,13427,57[CR],2415347328
C,13697,1200,13447,47[CR],2415347765
F,56496,13323,13467,54[CR],2415348093
A,34056,56688,13487,49[CR],2415348531
F,57072,13278,13506,51[CR],2415348859
C,13733,1224,13526,41[CR],2415349296
F,56112,13318,13546,51[CR],2415349625
C,13706,1236,13566,57[CR],2415350062
F,56248,13329,13586,47[CR],2415350500
C,13770,1222,13605,54[CR],2415350828
F,58320,13373,13625,49[CR],2415351265
C,13677,1238,13645,54[CR],2415351593
F,57128,13347,13664,39[CR],2415352031
C,13731,1236,13685,51[CR],2415352359
F,56208,13299,13704,57[CR],2415352796
C,13684,1232,13724,49[CR],2415353234
F,56960,13315,13726,2[CR],2415353562
C,13625,1222,13726,31[CR],2415354000
F,53704,13150,13726,2[CR],2415354328
A,33964,52584,13726,1[CR],2415354765
F,52296,13137,13726,0[CR],2415355093
C,13364,1220,13726,0[CR],2415355531
F,51736,13137,13726,0[CR],2415355968
C,13359,1232,13726,0[CR],2415356296
F,51240,13116,13726,0[CR],2415356734
C,13232,1246,13726,0[CR],2415357062
F,50904,13120,13726,0[CR],2415357500
C,13234,1234,13726,0[CR],2415357828
F,50928,13127,13726,0[CR],2415358265
C,13300,1250,13726,0[CR],2415358812
Z,0,0,13726,0[CR],2415359250
Z,0,0,13726,0[CR],2415359796
Z,0,0,13726,0[CR],2415360234
Z,0,0,13726,0[CR],2415360562
U,52568,13679,13726,0[CR],2415361109
Z,0,0,13726,0[CR],2415361546
Z,0,0,13726,0[CR],2415362093
Z,0,0,13726,0[CR],2415362531
Z,0,0,13726,0[CR],2415363078
Z,0,0,13726,0[CR],2415363625
Z,0,0,13726,0[CR],2415364062
Z,0,0,13726,0[CR],2415364609
Z,0,0,13726,0[CR],2415365046
Z,0,0,13726,0[CR],2415365593
Z,0,0,13726,0[CR],2415366140
Z,0,0,13726,0[CR],2415366578
Z,0,0,13726,0[CR],2415367125
Z,0,0,13726,0[CR],2415367562
Z,0,0,13726,0[CR],2415368109
Z,0,0,13726,0[CR],2415368546
Z,0,0,13726,0[CR],2415369093
Z,0,0,13726,0[CR],2415369640
Z,0,0,13726,0[CR],2415370078
Z,0,0,13726,0[CR],2415370625
Z,0,0,13726,0[CR],2415371062
Z,0,0,13726,0[CR],2415371609
Z,0,0,13726,0[CR],2415372046
Z,0,0,13726,0[CR],2415372593
Z,0,0,13726,0[CR],2415373140
Z,0,0,13726,0[CR],2415373578
Z,0,0,13726,0[CR],2415374125
Z,0,0,13726,0[CR],2415374562
Z,0,0,13726,0[CR],2415375109
Z,0,0,13726,0[CR],2415375546
Z,0,0,13726,0[CR],2415376093
Z,0,0,13726,0[CR],2415376640
Z,0,0,13726,0[CR],2415377078
Z,0,0,13726,0[CR],2415377625
Z,0,0,13726,0[CR],2415378062
Z,0,0,13726,0[CR],2415378609
Z,0,0,13726,0[CR],2415379046
Z,0,0,13726,0[CR],2415379593
Z,0,0,13726,0[CR],2415380140
Z,0,0,13726,0[CR],2415380578
Z,0,0,13726,0[CR],2415381125
Z,0,0,13726,0[CR],2415381562
Z,0,0,13726,47[CR],2415382109
Z,0,0,13736,47[CR],2415382546
Z,0,0,13743,11[CR],2415382875
F,49704,13150,13744,4[CR],2415383312
C,13447,1246,13744,1[CR],2415383640
F,51104,13157,13744,1[CR],2415384078
C,13365,1234,13744,0[CR],2415384406
F,50520,13145,13744,0[CR],2415384843
C,13333,1246,13744,0[CR],2415385171
F,50264,13139,13744,0[CR],2415385609
A,33940,50128,13744,0[CR],2415386046
F,50080,13134,13755,5[CR],2415386375
C,13414,1294,13755,1[CR],2415386812
F,54120,13181,13755,1[CR],2415387140
C,13442,1234,13755,0[CR],2415387578
F,52320,13127,13755,0[CR],2415387906
C,13381,1234,13755,0[CR],2415388343
F,51624,13116,13755,0[CR],2415388781
C,13360,1238,13755,0[CR],2415389109
F,51200,13110,13755,0[CR],2415389546
C,13345,1242,13755,0[CR],2415389875
F,50880,13108,13756,0[CR],2415390312
C,13333,1234,13776,57[CR],2415390640
F,53720,13328,13796,49[CR],2415391078
C,13688,1222,13815,54[CR],2415391515
F,55664,13343,13835,49[CR],2415391843
A,33984,57808,13855,51[CR],2415392281
F,57888,13340,13874,49[CR],2415392609
C,13754,1252,13894,49[CR],2415393046
F,58416,13411,13914,57[CR],2415393375
C,13685,1264,13934,47[CR],2415393812
F,58176,13341,13954,51[CR],2415394250
C,13754,1286,13973,47[CR],2415394578
F,56584,13374,13993,51[CR],2415395015
C,13650,1280,14013,44[CR],2415395343
F,57048,13368,14033,51[CR],2415395781
C,13637,1276,14053,54[CR],2415396109
F,57752,13383,14072,47[CR],2415396546
C,13738,1286,14092,54[CR],2415396984
F,57680,13337,14112,47[CR],2415397312
C,13795,1286,14132,54[CR],2415397750
F,56768,13320,14151,44[CR],2415398078
A,33964,56704,14172,49[CR],2415398515
F,56872,13354,14192,54[CR],2415398843
C,13671,1286,14212,47[CR],2415399281
F,57168,13398,14231,54[CR],2415399718
C,13754,1306,14251,49[CR],2415400046
F,56688,13387,14271,51[CR],2415400484
C,13740,1296,14290,41[CR],2415400812
F,58024,13337,14311,51[CR],2415401250
C,13708,1298,14330,54[CR],2415401578
F,57352,13344,14350,49[CR],2415402015
C,13736,1290,14370,54[CR],2415402453
F,58320,13373,14390,47[CR],2415402781
C,13764,1290,14410,51[CR],2415403218
F,57184,13309,14429,43[CR],2415403546
C,13729,1294,14449,51[CR],2415403984
F,55952,13309,14468,54[CR],2415404312
A,33972,56936,14488,47[CR],2415404750
F,57032,13364,14508,54[CR],2415405109
C,13639,1286,14528,49[CR],2415405515
F,57256,13383,14548,51[CR],2415405953
C,13777,1298,14567,41[CR],2415406281
F,57240,13375,14587,51[CR],2415406718
C,13805,1290,14607,57[CR],2415407046
F,58504,13415,14627,47[CR],2415407484
C,13760,1330,14647,51[CR],2415407921
F,59080,13379,14666,49[CR],2415408250
C,13792,1330,14686,51[CR],2415408687
F,57856,13384,14706,43[CR],2415409015
C,13714,1330,14726,51[CR],2415409453
F,58576,13398,14746,54[CR],2415409781
C,13768,1330,14766,49[CR],2415410218
F,59568,13338,14786,54[CR],2415410656
A,33948,57344,14805,49[CR],2415410984
F,57336,13316,14825,51[CR],2415411421
C,13667,1336,14845,47[CR],2415411750
F,57824,13319,14865,51[CR],2415412187
C,13682,1346,14885,57[CR],2415412515
F,58472,13327,14904,47[CR],2415412953
C,13699,1346,14924,54[CR],2415413390
F,58096,13316,14944,47[CR],2415413718
C,13690,1350,14964,51[CR],2415414156
F,56352,13270,14983,44[CR],2415414484
C,13701,1362,15004,51[CR],2415414921
F,57504,13294,15023,54[CR],2415415250
C,13723,1364,15043,49[CR],2415415687
F,58168,13336,15063,54[CR],2415416125
C,13697,1360,15083,49[CR],2415416453
F,58584,13357,15103,51[CR],2415416890
A,33920,58768,15122,44[CR],2415417218
F,58336,13294,15142,51[CR],2415417656
C,13812,1354,15162,54[CR],2415417984
F,58176,13376,15182,49[CR],2415418421
C,13807,1376,15202,54[CR],2415418859
F,59224,13364,15222,49[CR],2415419187
C,13803,1370,15241,51[CR],2415419625
F,58968,13394,15261,43[CR],2415419953
C,13834,1354,15281,51[CR],2415420390
F,59808,13378,15301,57[CR],2415420718
C,13773,1368,15321,49[CR],2415421156
F,57256,13358,15340,54[CR],2415421593
C,13715,1354,15360,49[CR],2415421921
F,58408,13330,15380,51[CR],2415422359
C,13739,1360,15400,49[CR],2415422687
F,58904,13319,15419,49[CR],2415423125
A,33924,59792,15439,54[CR],2415423453
F,60000,13382,15459,49[CR],2415423890
C,13898,1402,15479,57[CR],2415424328
F,59152,13322,15499,49[CR],2415424656
C,13824,1406,15519,54[CR],2415425093
F,59816,13363,15538,41[CR],2415425421
C,13825,1406,15559,51[CR],2415425859
F,59896,13361,15578,54[CR],2415426187
C,13902,1428,15598,49[CR],2415426625
F,59840,13417,15618,51[CR],2415427062
C,13886,1432,15638,49[CR],2415427390
F,60280,13321,15658,51[CR],2415427828
C,13909,1422,15677,47[CR],2415428156
F,61768,13386,15697,51[CR],2415428593
C,14018,1432,15717,57[CR],2415428921
F,63712,13451,15726,4[CR],2415429359
A,33908,60880,15726,1[CR],2415429796
F,59584,13243,15726,1[CR],2415430125
C,13697,1420,15726,0[CR],2415430562
F,58072,13228,15726,0[CR],2415430890
C,13674,1418,15726,0[CR],2415431328
F,57112,13207,15726,0[CR],2415431656
C,13487,1422,15726,0[CR],2415432093
F,56920,13210,15726,0[CR],2415432531
C,13605,1418,15726,0[CR],2415432859
F,56640,13210,15726,0[CR],2415433406
Z,0,0,15726,0[CR],2415433843
Z,0,0,15726,0[CR],2415434390
Z,0,0,15726,0[CR],2415434937
Z,0,0,15726,0[CR],2415435375
Z,0,0,15726,0[CR],2415435921
Z,0,0,15726,0[CR],2415436359
Z,0,0,15726,0[CR],2415436906
Z,0,0,15726,0[CR],2415437343
Z,0,0,15726,0[CR],2415437890
Z,0,0,15726,0[CR],2415438437
Z,0,0,15726,0[CR],2415438875
Z,0,0,15726,0[CR],2415439421
Z,0,0,15726,0[CR],2415439859
Z,0,0,15726,0[CR],2415440406
Z,0,0,15726,0[CR],2415440953
Z,0,0,15726,0[CR],2415441390
Z,0,0,15726,0[CR],2415441937
Z,0,0,15726,0[CR],2415442375
Z,0,0,15726,0[CR],2415442921
Z,0,0,15726,0[CR],2415443359
Z,0,0,15726,0[CR],2415443906
Z,0,0,15726,0[CR],2415444234
C,13264,1420,15726,0[CR],2415444671
Z,0,0,15726,0[CR],2415445218
Z,0,0,15726,0[CR],2415445656
Z,0,0,15726,0[CR],2415446203
Z,0,0,15726,0[CR],2415446750
Z,0,0,15726,0[CR],2415447187
Z,0,0,15726,0[CR],2415447734
Z,0,0,15726,0[CR],2415448171
Z,0,0,15726,0[CR],2415448718
Z,0,0,15726,0[CR],2415449156
Z,0,0,15726,0[CR],2415449703
Z,0,0,15726,0[CR],2415450250
Z,0,0,15726,0[CR],2415450687
Z,0,0,15726,0[CR],2415451234
Z,0,0,15726,0[CR],2415451671
Z,0,0,15726,0[CR],2415452218
Z,0,0,15726,0[CR],2415452765
Z,0,0,15726,0[CR],2415453203
Z,0,0,15726,0[CR],2415453750
Z,0,0,15726,0[CR],2415454187
Z,0,0,15726,1[CR],2415454734
Z,0,0,15729,57[CR],2415455171
C,13349,1420,15742,17[CR],2415455500
F,53416,13240,15742,2[CR],2415455937
C,13708,1420,15742,1[CR],2415456265
F,55496,13226,15742,0[CR],2415456703
C,13612,1420,15742,0[CR],2415457140
F,55288,13219,15742,0[CR],2415457468
C,13590,1422,15742,0[CR],2415457906
F,55064,13214,15742,0[CR],2415458234
C,13574,1418,15751,3[CR],2415458671
F,57280,13315,15751,1[CR],2415459000
C,13752,1416,15751,0[CR],2415459437
F,57176,13250,15751,0[CR],2415459875
C,13674,1418,15751,0[CR],2415460203
F,56864,13241,15751,0[CR],2415460640
A,33864,56608,15751,0[CR],2415460968
F,56496,13236,15751,0[CR],2415461343
C,13633,1420,15751,0[CR],2415461734
F,56184,13231,15751,0[CR],2415462171
C,13620,1420,15770,51[CR],2415462609
F,57816,13490,15790,54[CR],2415462937
C,13955,1420,15810,49[CR],2415463375
F,59616,13471,15830,51[CR],2415463703
C,13857,1420,15849,44[CR],2415464140
F,60728,13477,15869,51[CR],2415464468
C,14005,1424,15889,57[CR],2415464906
F,60352,13408,15909,47[CR],2415465343
C,13917,1420,15929,51[CR],2415465671
F,60680,13407,15948,47[CR],2415466109
C,13998,1420,15969,51[CR],2415466437
F,60664,13411,15988,54[CR],2415466875
A,33896,61064,16008,51[CR],2415467203
F,61200,13418,16028,57[CR],2415467640
C,13949,1420,16048,49[CR],2415468078
F,61872,13384,16066,24[CR],2415468406
C,13908,1420,16067,2[CR],2415468843
F,61088,13272,16067,1[CR],2415469171
C,13657,1430,16067,0[CR],2415469609
F,59720,13253,16067,0[CR],2415469937
C,13598,1420,16067,0[CR],2415470375
F,58952,13244,16067,0[CR],2415470812
C,13574,1418,16067,0[CR],2415471140
F,58392,13240,16067,0[CR],2415471578
C,13558,1420,16067,0[CR],2415471906
F,57968,13235,16067,0[CR],2415472343
C,13543,1420,16067,0[CR],2415472671
F,57616,13231,16067,0[CR],2415473109
A,33856,57408,16067,0[CR],2415473546
F,57336,13233,16067,0[CR],2415473875
C,13532,1422,16067,0[CR],2415474312
F,57120,13229,16067,0[CR],2415474640
C,13521,1424,16067,0[CR],2415475078
F,56888,13227,16067,0[CR],2415475406
C,13516,1420,16067,0[CR],2415475843
F,56704,13225,16067,0[CR],2415476281
C,13513,1428,16067,0[CR],2415476609
F,56528,13223,16067,0[CR],2415477046
C,13504,1422,16067,0[CR],2415477375
F,56376,13221,16067,0[CR],2415477812
C,13497,1430,16067,0[CR],2415478140
F,56208,13221,16067,0[CR],2415478578
C,13494,1426,16067,0
<PAUSE BUTTON 12:07:02>
[CR],2415478687
>
Reset interface. Wait time for interface: 78
>
Reset interface. Wait time for interface: 31DOFF
OK
>
Command: DOFF Wait time for interface: 109

>
Reset interface. Wait time for interface: 15CLEAR
OK
>
Command: CLEAR Wait time for interface: 110

<END BUTTON 12:13:44>

------------------- Begin end zero test --------------------
>
Reset interface. Wait time for interface: 78SCANG
Z,0,0,0,0
Z,0,0,0,0[CR],2415885015
Z,0,0,0,0[CR],2415885562
Z,0,0,0,0[CR],2415886109
Z,0,0,0,0[CR],2415886546
Z,0,0,0,0[CR],2415887093
Z,0,0,0,0[CR],2415887531
Z,0,0,0,0[CR],2415888078
Z,0,0,0,0[CR],2415888625
Z,0,0,0,0[CR],2415889062
Z,0,0,0,0[CR],2415889609
Z,0,0,0,0[CR],2415890062
Z,0,0,0,0[CR],2415890609
Z,0,0,0,0[CR],2415891156
Z,0,0,0,0[CR],2415891593
Z,0,0,0,0[CR],2415892140
Z,0,0,0,0[CR],2415892687
Z,0,0,0,0[CR],2415893125
Z,0,0,0,0[CR],2415893671
Z,0,0,0,0[CR],2415894109
Z,0,0,0,0[CR],2415894656
Z,0,0,0,0[CR],2415895203
Z,0,0,0,0[CR],2415895640
Z,0,0,0,0[CR],2415895750
C,12082,782,0,0[CR],2415896187
F,12057,12757,0,0[CR],2415896515
C,12081,414,0,0[CR],2415896953
F,12062,12757,0,0[CR],2415897390
C,12081,660,0,0[CR],2415897718
F,12063,12758,0,0[CR],2415898156
A,33924,12059,0,0[CR],2415898500
F,12046,12759,0,0[CR],2415898953
C,12080,676,0,0[CR],2415899281
F,12056,12760,0,0[CR],2415899718
C,12080,704,0,0[CR],2415900078
F,12059,12760,0,0[CR],2415900515
C,12081,748,0,0[CR],2415900859
F,12062,12760,0,0[CR],2415901296
C,12082,654,0,0[CR],2415901671
F,12060,12759,0,0[CR],2415902000
C,12081,808,0,0[CR],2415902437
F,12065,12792,0,0[CR],2415902781
C,12110,374,0,0[CR],2415903234
F,12066,12732,0,0[CR],2415903562
C,12098,446,0,0[CR],2415904000
F,12079,12806,0,0[CR],2415904328
A,33900,12071,0,0[CR],2415904765
F,12057,12807,0,0[CR],2415905203
C,12148,668,0,0[CR],2415905531
F,12069,12808,0,0[CR],2415905968
C,12078,160,0,0[CR],2415906296
F,12066,12774,0,0[CR],2415906734
C,12079,126,0,0[CR],2415907062
F,12068,12771,0,0[CR],2415907500
C,12087,860,0,0[CR],2415907937
F,12083,12762,0,0[CR],2415908265
C,12103,730,0,0[CR],2415908703
F,12073,12772,0,0[CR],2415909031
C,12082,502,0,0[CR],2415909468
F,12087,12747,0,0[CR],2415909796
C,12153,734,0,0[CR],2415910234
F,12075,12915,0,0[CR],2415910671
A,33956,12098,0,0[CR],2415911000
F,12090,12856,0,0[CR],2415911437
C,12169,304,0,0[CR],2415911765
F,11412,12821,0,0[CR],2415912203
C,12206,994,0,0[CR],2415912531
F,14449,12893,0,0[CR],2415912968
C,12133,314,0,0[CR],2415913406
F,14488,12944,0,0[CR],2415913734
C,12122,584,0,0[CR],2415914171
F,14346,13042,0,0[CR],2415914500
C,12074,618,0,0[CR],2415914937
F,14153,12985,0,0[CR],2415915375
Z,0,0,0,0[CR],2415915921
Z,0,0,0,0[CR],2415916468
Z,0,0,0,0[CR],2415916906
Z,0,0,0,0[CR],2415917453
Z,0,0,0,0[CR],2415917890
Z,0,0,0,0[CR],2415918437
Z,0,0,0,0[CR],2415918984
Z,0,0,0,0[CR],2415919421
Z,0,0,0,0[CR],2415919968
Z,0,0,0,0[CR],2415920406
F,13220,12780,0,0[CR],2415920843
Z,0,0,0,0[CR],2415921171
F,13168,12779,0,0[CR],2415921609
C,12077,2320,0,0[CR],2415921937
F,13114,12780,0,0[CR],2415922375
C,12077,2302,0,0[CR],2415922703
F,13070,12780,0,0[CR],2415923140
A,33996,13045,0,0[CR],2415923468
F,13019,12781,0,0[CR],2415923906
C,12076,2314,0,0[CR],2415924343
F,12979,12778,0,0[CR],2415924671
C,12076,2336,0,0[CR],2415925109
F,12945,12780,0,0[CR],2415925437
C,12077,2332,0,0[CR],2415925875
F,12916,12780,0,0[CR],2415926203
C,12076,2334,0,0[CR],2415926640
F,12891,12782,0,0[CR],2415927078
C,12078,2370,0,0[CR],2415927406
F,12864,12780,0,0[CR],2415927843
C,12081,2334,0,0[CR],2415928171
F,12843,12780,0,0[CR],2415928609
C,12076,2408,0,0[CR],2415928937
F,12823,12780,0,0[CR],2415929375
A,33992,12801,0,0[CR],2415929812
F,12786,12781,0,0[CR],2415930140
C,12092,2350,0,0[CR],2415930578
F,12788,12781,0,0[CR],2415930906
C,12103,2376,0,0[CR],2415931343
F,12762,12782,0,0[CR],2415931781
Z,0,0,0,0[CR],2415932109
F,12741,12781,0,0[CR],2415932546
C,12075,2130,0,0[CR],2415932875
F,12731,12781,0,0[CR],2415933312
C,12077,2744,0,0[CR],2415933640
F,12705,12780,0,0[CR],2415934078
C,12076,2298,0,0[CR],2415934406
F,12692,12782,0,0[CR],2415934843
C,12113,2196,0,0[CR],2415935281
F,11956,12673,0,0[CR],2415935609
A,33992,12352,0,0[CR],2415936046
F,12434,12789,0,0[CR],2415936375
C,12140,2222,0,0[CR],2415936812
F,14256,12811,0,0[CR],2415937140
C,12110,1802,0,0[CR],2415937578
F,14032,12809,0,0[CR],2415938015
C,12073,1550,0,0[CR],2415938343
F,13764,12807,0,0[CR],2415938781
C,12075,1604,0,0[CR],2415939109
F,13508,12804,0,0[CR],2415939546
C,12076,1772,0,0[CR],2415939875
F,13329,12802,0,0[CR],2415940312
C,12075,1338,0,0[CR],2415940750
F,13168,12800,0,0[CR],2415941078
C,12076,1390,0,0[CR],2415941515
F,13050,12801,0,0[CR],2415941843
A,34036,12972,0,0[CR],2415942281
F,12937,12801,0,0[CR],2415942609
C,12076,1516,0,0[CR],2415943046
F,12873,12799,0,0[CR],2415943484
C,12076,1252,0,0[CR],2415943812
F,12809,12799,0,0[CR],2415944250
C,12076,1360,0,0[CR],2415944578
F,12748,12798,0,0[CR],2415945015
C,12094,1246,0,0[CR],2415945453
Z,0,0,0,0[CR],2415945781
C,12119,1300,0,0[CR],2415946218
F,11884,12654,0,0[CR],2415946546
C,12121,1308,0,0[CR],2415946984
F,13201,12687,0,0[CR],2415947312
C,12105,1262,0,0[CR],2415947750
F,12933,12687,0,0[CR],2415948078
A,34064,12783,0,0[CR],2415948515
F,12722,12687,0,0[CR],2415948953
C,12104,1410,0,0[CR],2415949281
F,12577,12686,0,0[CR],2415949718
C,12105,1320,0,0[CR],2415950046
F,12476,12685,0,0[CR],2415950484
C,12104,1334,0,0[CR],2415950812
F,12395,12686,0,0[CR],2415951250
C,12105,1326,0,0[CR],2415951687
F,12342,12686,0,0[CR],2415952015
C,12105,1312,0,0[CR],2415952453
F,12294,12687,0,0[CR],2415952781
C,12104,1316,0,0[CR],2415953218
F,12251,12685,0,0[CR],2415953546
C,12105,1298,0,0[CR],2415953984
F,12225,12685,0,0[CR],2415954421
A,34128,12204,0,0[CR],2415954750
F,12188,12687,0,0[CR],2415955187
C,12104,1322,0,0[CR],2415955406
>[CR],2415955406
>
Reset interface. Wait time for interface: 94

======== END OF TEST ========


