CPT-log version: 5.22
======== BEGIN OF TEST ========
DATE 21.09.2022

<Transmited Data>
<NEW BUTTON 13:57:07>
[^C][CR]
[^C][CR]
[^C][CR]
CLEAR[CR]
[^C][CR]
DOFF[CR]
[^C][CR]
SCANG[CR]
[^C][CR]
[^C][CR]
CLEAR[CR]

<START BUTTON 14:04:02>
[^C][CR]
[^C][CR]
DRON[CR]
SCANG[CR]

<PAUSE BUTTON 14:16:18>
[^C][CR]
[^C][CR]
DOFF[CR]
[^C][CR]
CLEAR[CR]

<END BUTTON 14:22:41>
[^C][CR]
SCANG[CR]
[^C][CR]


<Received Data>
 Sensor-Interface Version M240, Ser.No 2364            (c) GEOTECH AB 2009
>
<NEW BUTTON 13:57:07>

>
Reset interface. Wait time for interface: 47
>
Reset interface. Wait time for interface: 109
>
Reset interface. Wait time for interface: 110CLEAR
OK
>
Command: CLEAR Wait time for interface: 109

>
Reset interface. Wait time for interface: 109DOFF
OK
>
Command: DOFF Wait time for interface: 110

>
Reset interface. Wait time for interface: 47SCANG
Z,0,0,0,0
Z,0,0,0,0[CR],2508720796
Z,0,0,0,0[CR],2508721343
Z,0,0,0,0[CR],2508721781
Z,0,0,0,0[CR],2508722328
Z,0,0,0,0[CR],2508722765
Z,0,0,0,0[CR],2508723312
Z,0,0,0,0[CR],2508723750
Z,0,0,0,0[CR],2508724296
Z,0,0,0,0[CR],2508724843
Z,0,0,0,0[CR],2508725281
Z,0,0,0,0[CR],2508725828
Z,0,0,0,0[CR],2508726265
Z,0,0,0,0[CR],2508726812
Z,0,0,0,0[CR],2508727359
Z,0,0,0,0[CR],2508727796
Z,0,0,0,0[CR],2508728343
Z,0,0,0,0[CR],2508728781
Z,0,0,0,0[CR],2508729328
Z,0,0,0,0[CR],2508729765
Z,0,0,0,0[CR],2508730312
Z,0,0,0,0[CR],2508730859
Z,0,0,0,0[CR],2508731296
Z,0,0,0,0[CR],2508731843
Z,0,0,0,0[CR],2508732281
Z,0,0,0,0[CR],2508732718
F,12179,12628,0,0[CR],2508733046
C,12119,10516,0,0[CR],2508733484
F,12171,12630,0,0[CR],2508733921
C,12120,10606,0,0[CR],2508734250
F,12173,12630,0,0[CR],2508734687
C,12119,10073,0,0[CR],2508735015
F,12173,12631,0,0[CR],2508735453
C,12120,9839,0,0[CR],2508735796
F,12172,12631,0,0[CR],2508736265
C,12119,9803,0,0[CR],2508736609
F,12173,12631,0,0[CR],2508736937
A,36224,12172,0,0[CR],2508737390
F,12161,12633,0,0[CR],2508737734
C,12119,9545,0,0[CR],2508738171
F,12172,12630,0,0[CR],2508738531
C,12120,9831,0,0[CR],2508738984
F,12172,12631,0,0[CR],2508739343
C,12120,9501,0,0[CR],2508739671
F,12173,12632,0,0[CR],2508740109
C,12119,9500,0,0[CR],2508740562
F,12166,12631,0,0[CR],2508740890
C,12120,9832,0,0[CR],2508741328
F,12168,12631,0,0[CR],2508741656
C,12120,9839,0,0[CR],2508742093
F,12171,12631,0,0[CR],2508742421
C,12120,9769,0,0[CR],2508742640
>
Reset interface. Wait time for interface: 94
>
Reset interface. Wait time for interface: 31CLEAR
OK
>
Command: CLEAR Wait time for interface: 109

<START BUTTON 14:04:02>

>
Reset interface. Wait time for interface: 78
>
Reset interface. Wait time for interface: 110DRON
OK
>
Command: DRON Wait time for interface: 109
SCANG
Z,0,0,0,0
F,16868,13812,0,0[CR],2508899500
A,36000,16844,0,0[CR],2508899937
F,16818,13832,0,0[CR],2508900265
C,14218,260,0,0[CR],2508900703
F,16798,13845,0,0[CR],2508901031
C,14206,256,0,0[CR],2508901468
F,16760,13861,0,0[CR],2508901796
C,14198,264,0,0[CR],2508902234
F,16728,13872,0,0[CR],2508902671
C,14188,258,0,0[CR],2508903000
F,16696,13882,0,0[CR],2508903437
C,14182,266,0,0[CR],2508903765
F,16664,13892,0,0[CR],2508904203
C,14174,258,0,0[CR],2508904531
F,16640,13899,0,0[CR],2508904968
C,14168,260,0,0[CR],2508905406
F,16606,13907,0,0[CR],2508905734
A,35964,16586,0,0[CR],2508906171
F,16556,13913,0,0[CR],2508906500
C,14158,258,0,0[CR],2508906937
F,16540,13921,0,0[CR],2508907265
C,14155,250,0,0[CR],2508907703
F,16504,13925,0,0[CR],2508908140
C,14150,276,0,0[CR],2508908468
F,16480,13931,0,0[CR],2508908906
C,14148,262,0,0[CR],2508909234
F,16436,13936,0,0[CR],2508909671
C,14144,244,0,0[CR],2508910000
F,16418,13941,0,0[CR],2508910437
C,14140,250,0,0[CR],2508910875
F,16394,13947,0,0[CR],2508911203
C,14139,262,0,0[CR],2508911640
F,16371,13950,0,0[CR],2508911968
A,35972,16351,0,0[CR],2508912406
F,16329,13956,0,0[CR],2508912734
C,14135,258,0,0[CR],2508913171
F,16320,13959,0,0[CR],2508913609
C,14131,252,0,0[CR],2508913937
F,16296,13963,0,0[CR],2508914375
C,14131,256,0,0[CR],2508914703
F,16266,13966,0,0[CR],2508915140
C,14128,262,0,0[CR],2508915468
F,16246,13970,0,0[CR],2508915906
C,14127,252,0,0[CR],2508916234
F,16229,13972,0,0[CR],2508916671
C,14125,254,0,0[CR],2508917109
F,16203,13972,0,0[CR],2508917437
C,14123,258,0,0[CR],2508917875
F,16187,13973,0,0[CR],2508918203
A,35908,16181,0,0[CR],2508918640
F,16159,13978,0,0[CR],2508918968
C,14119,262,0,0[CR],2508919406
F,16156,13978,0,0[CR],2508919843
C,14119,252,0,0[CR],2508920171
F,16140,13979,0,0[CR],2508920609
C,14116,256,0,0[CR],2508920937
F,16117,13981,0,0[CR],2508921375
C,14116,248,0,0[CR],2508921703
F,16104,13984,0,0[CR],2508922140
C,14113,268,0,0[CR],2508922578
F,16086,13983,0,0[CR],2508922906
C,14112,256,0,0[CR],2508923343
F,16076,13987,0,0[CR],2508923671
C,14114,256,0,0[CR],2508924109
F,16058,13988,0,0[CR],2508924437
A,35888,16043,0,0[CR],2508924875
F,16030,13992,0,0[CR],2508925312
C,14112,258,0,0[CR],2508925640
F,16039,13991,0,0[CR],2508926078
C,14111,250,0,0[CR],2508926406
F,16012,13992,0,0[CR],2508926843
C,14112,250,0,0[CR],2508927171
F,16001,13993,0,0[CR],2508927609
C,14109,260,0,0[CR],2508928046
F,15990,13993,0,0[CR],2508928375
C,14108,260,0,0[CR],2508928812
F,15975,13993,0,0[CR],2508929140
C,14109,258,0,0[CR],2508929578
F,15967,13993,0,0[CR],2508929906
C,14106,252,0,0[CR],2508930343
F,15954,13995,0,0[CR],2508930781
A,35892,15945,0,0[CR],2508931109
F,15932,13995,0,0[CR],2508931546
C,14103,262,0,0[CR],2508931875
F,15932,13995,0,0[CR],2508932312
C,14104,250,0,0[CR],2508932640
F,15931,13997,0,0[CR],2508933078
C,14104,262,0,0[CR],2508933515
F,15919,13996,0,0[CR],2508933843
C,14103,258,0,0[CR],2508934281
F,15911,13998,0,0[CR],2508934609
C,14103,270,0,0[CR],2508935046
F,15896,13997,0,0[CR],2508935375
C,14102,256,0,0[CR],2508935812
F,15889,14000,0,0[CR],2508936250
C,14103,266,0,0[CR],2508936578
F,15877,14000,0,0[CR],2508937015
A,35840,15869,0,0[CR],2508937343
F,15851,14000,0,0[CR],2508937781
C,14105,260,0,0[CR],2508938218
F,15858,14003,0,0[CR],2508938546
C,14104,260,0,0[CR],2508938984
F,15850,14002,0,0[CR],2508939312
C,14102,254,0,0[CR],2508939750
F,15840,14003,0,0[CR],2508940078
C,14102,266,0,0[CR],2508940515
F,15840,13998,0,0[CR],2508940953
C,14101,256,0,0[CR],2508941281
F,15828,14002,0,0[CR],2508941718
C,14102,268,0,0[CR],2508942046
F,15825,13998,0,0[CR],2508942484
C,14100,258,0,0[CR],2508942812
F,15815,14002,0,0[CR],2508943250
A,35812,15805,0,0[CR],2508943578
F,15788,14001,0,0[CR],2508944015
C,14099,250,0,0[CR],2508944453
F,15800,14002,0,0[CR],2508944781
C,14100,266,0,0[CR],2508945218
F,15799,14011,0,0[CR],2508945546
C,14103,264,0,0[CR],2508945984
F,15787,13999,0,0[CR],2508946312
C,14096,254,2,32[CR],2508946750
F,15781,14010,20,41[CR],2508947187
C,15820,264,39,47[CR],2508947515
F,12810,13475,57,44[CR],2508947953
C,16079,268,75,47[CR],2508948281
F,13075,13267,90,49[CR],2508948718
C,17106,280,108,43[CR],2508949156
F,13382,13207,125,49[CR],2508949484
A,35784,13494,145,43[CR],2508949921
F,13449,13165,165,60[CR],2508950250
C,16588,274,187,51[CR],2508950687
F,13416,13684,206,47[CR],2508951015
C,14285,278,224,54[CR],2508951453
F,13538,14870,242,47[CR],2508951890
C,14068,284,256,22[CR],2508952218
F,13762,15927,275,54[CR],2508952656
C,13670,274,294,44[CR],2508952984
F,14088,16177,312,54[CR],2508953421
C,13036,280,331,47[CR],2508953750
F,15126,15567,350,54[CR],2508954187
C,12991,294,368,49[CR],2508954625
F,16044,14345,387,54[CR],2508954953
C,12911,266,406,54[CR],2508955390
F,16900,13299,429,49[CR],2508955718
A,35732,17578,448,44[CR],2508956156
F,17868,13067,467,51[CR],2508956484
C,12914,280,485,44[CR],2508956921
F,18788,13007,503,51[CR],2508957359
C,12941,284,522,44[CR],2508957687
F,19738,13087,541,51[CR],2508958125
C,13290,288,560,44[CR],2508958453
F,19874,13073,579,49[CR],2508958890
C,13096,294,598,44[CR],2508959218
F,20572,13084,616,51[CR],2508959656
C,13058,316,635,43[CR],2508960093
F,21488,13068,653,49[CR],2508960421
C,13227,332,672,44[CR],2508960859
F,22110,13095,690,51[CR],2508961187
C,13283,340,709,49[CR],2508961625
F,22420,13184,728,54[CR],2508961953
A,35692,22856,746,47[CR],2508962390
F,23032,13170,764,43[CR],2508962828
C,13134,342,779,51[CR],2508963156
F,23734,13120,798,47[CR],2508963531
C,13160,338,816,54[CR],2508963937
F,23706,13175,835,49[CR],2508964375
C,13089,346,854,47[CR],2508964703
F,24158,13258,877,43[CR],2508965140
C,13032,336,897,49[CR],2508965468
F,24676,13341,915,44[CR],2508965906
C,12996,336,933,49[CR],2508966343
F,25156,13394,952,47[CR],2508966671
C,13042,332,971,49[CR],2508967109
F,25268,13396,990,44[CR],2508967437
C,13067,332,1009,49[CR],2508967875
F,25256,13457,1027,44[CR],2508968203
A,35680,25424,1046,49[CR],2508968640
F,25600,13464,1064,44[CR],2508969078
C,13073,332,1083,51[CR],2508969406
F,24900,13548,1102,44[CR],2508969843
C,12988,330,1120,54[CR],2508970171
F,25448,13586,1139,47[CR],2508970609
C,13038,346,1158,51[CR],2508970937
F,26064,13555,1176,47[CR],2508971375
C,13111,336,1195,51[CR],2508971812
F,26280,13605,1213,47[CR],2508972140
C,13128,338,1231,49[CR],2508972578
F,25660,13546,1250,49[CR],2508972906
C,13155,338,1269,43[CR],2508973343
F,25944,13570,1288,49[CR],2508973671
C,13147,344,1306,44[CR],2508974109
F,26852,13642,1325,49[CR],2508974546
A,35648,27068,1343,47[CR],2508974875
F,27016,13623,1362,49[CR],2508975312
C,13142,390,1381,44[CR],2508975640
F,27424,13586,1400,49[CR],2508976078
C,13152,406,1418,44[CR],2508976406
F,27768,13526,1437,49[CR],2508976843
C,13157,412,1455,44[CR],2508977281
F,28636,13463,1474,51[CR],2508977609
C,13131,416,1492,47[CR],2508978046
F,28256,13444,1511,51[CR],2508978375
C,14063,412,1530,47[CR],2508978812
F,22118,13319,1548,51[CR],2508979140
C,13715,422,1567,47[CR],2508979578
F,18174,14443,1585,43[CR],2508980015
C,13287,430,1605,49[CR],2508980343
F,18838,14648,1623,54[CR],2508980781
A,35624,19652,1642,49[CR],2508981109
F,19954,14496,1660,38[CR],2508981546
C,13227,426,1679,49[CR],2508981875
F,21234,14144,1698,44[CR],2508982312
C,13241,430,1716,49[CR],2508982640
F,22674,13105,1735,43[CR],2508983078
C,13218,444,1746,6[CR],2508983515
F,23996,13009,1746,1[CR],2508983843
C,12970,438,1746,1[CR],2508984281
F,24572,12819,1746,0[CR],2508984609
C,12892,430,1746,16[CR],2508985046
F,25212,12818,1746,2[CR],2508985375
C,12871,434,1746,1[CR],2508985812
F,25740,12818,1746,0[CR],2508986250
C,12858,432,1746,0[CR],2508986578
F,26148,12816,1746,0[CR],2508987015
A,35616,26400,1746,0[CR],2508987343
F,26472,12819,1746,0[CR],2508987781
C,12838,444,1746,0[CR],2508988218
F,26608,12807,1746,0[CR],2508988546
C,12799,432,1746,0[CR],2508988984
F,26948,12811,1746,0[CR],2508989312
C,12800,432,1746,0[CR],2508989750
F,27176,12816,1746,0[CR],2508990078
C,12797,434,1746,0[CR],2508990515
F,27356,12817,1746,0[CR],2508990953
C,12794,426,1746,0[CR],2508991281
F,27492,12820,1746,0[CR],2508991718
C,12792,442,1746,0[CR],2508992046
F,27608,12823,1746,0[CR],2508992484
C,12791,440,1746,0[CR],2508992812
F,27696,12826,1746,0[CR],2508993250
A,35520,27744,1746,0[CR],2508993687
F,27752,12759,1746,0[CR],2508994015
C,12740,436,1746,0[CR],2508994453
F,27684,12768,1746,0[CR],2508994781
C,12755,428,1746,0[CR],2508995218
F,27796,12779,1746,0[CR],2508995656
Z,0,0,1746,0[CR],2508996203
Z,0,0,1746,0[CR],2508996640
U,50440,132704,1746,0[CR],2508997187
Z,0,0,1746,0[CR],2508997625
Z,0,0,1746,0[CR],2508998171
Z,0,0,1746,0[CR],2508998609
Z,0,0,1746,0[CR],2508999156
Z,0,0,1746,0[CR],2508999703
Z,0,0,1746,0[CR],2509000140
Z,0,0,1746,0[CR],2509000687
Z,0,0,1746,0[CR],2509001125
Z,0,0,1746,0[CR],2509001671
Z,0,0,1746,0[CR],2509002109
Z,0,0,1746,0[CR],2509002656
Z,0,0,1746,0[CR],2509003203
Z,0,0,1746,0[CR],2509003640
Z,0,0,1746,0[CR],2509004187
Z,0,0,1746,0[CR],2509004625
Z,0,0,1746,0[CR],2509005171
Z,0,0,1746,0[CR],2509005609
Z,0,0,1746,0[CR],2509005718
A,35500,27896,1746,0[CR],2509006156
F,27860,12746,1746,0[CR],2509006593
Z,0,0,1746,0[CR],2509007140
Z,0,0,1746,0[CR],2509007687
Z,0,0,1746,0[CR],2509008125
Z,0,0,1746,0[CR],2509008671
Z,0,0,1746,0[CR],2509009109
Z,0,0,1746,0[CR],2509009656
Z,0,0,1746,0[CR],2509010093
Z,0,0,1746,0[CR],2509010640
Z,0,0,1746,0[CR],2509011187
Z,0,0,1746,0[CR],2509011625
Z,0,0,1746,0[CR],2509012171
Z,0,0,1746,0[CR],2509012609
Z,0,0,1746,0[CR],2509013156
Z,0,0,1746,0[CR],2509013593
Z,0,0,1746,0[CR],2509014140
Z,0,0,1746,0[CR],2509014687
Z,0,0,1746,0[CR],2509015125
Z,0,0,1746,0[CR],2509015671
Z,0,0,1746,0[CR],2509016109
Z,0,0,1746,0[CR],2509016656
Z,0,0,1746,0[CR],2509017093
Z,0,0,1746,0[CR],2509017640
Z,0,0,1746,0[CR],2509018187
Z,0,0,1746,0[CR],2509018625
Z,0,0,1746,0[CR],2509019171
Z,0,0,1746,0[CR],2509019609
Z,0,0,1746,0[CR],2509020156
Z,0,0,1746,0[CR],2509020703
Z,0,0,1746,0[CR],2509021140
Z,0,0,1746,22[CR],2509021687
Z,0,0,1746,54[CR],2509022125
Z,0,0,1746,54[CR],2509022671
Z,0,0,1764,19[CR],2509022890
C,12662,432,1766,8[CR],2509023328
F,27844,12908,1766,1[CR],2509023765
C,12865,432,1766,1[CR],2509024093
F,27364,12849,1766,0[CR],2509024531
A,35368,27380,1766,0[CR],2509024859
F,27372,12852,1766,0[CR],2509025296
C,12824,440,1766,0[CR],2509025625
F,27384,12849,1766,0[CR],2509026062
C,12816,438,1766,0[CR],2509026500
F,27388,12853,1774,12[CR],2509026828
C,12817,426,1774,2[CR],2509027265
F,27960,12885,1774,1[CR],2509027593
C,12966,440,1774,0[CR],2509028031
F,28088,12893,1774,0[CR],2509028359
C,12913,440,1774,0[CR],2509028796
F,28176,12893,1774,0[CR],2509029234
C,12892,426,1774,0[CR],2509029562
F,28220,12889,1774,0[CR],2509030000
C,12879,422,1774,0[CR],2509030328
F,28240,12890,1774,0[CR],2509030765
A,35336,28248,1774,0[CR],2509031093
F,28232,12891,1774,0[CR],2509031531
C,12861,432,1774,0[CR],2509031968
F,28260,12890,1774,0[CR],2509032296
C,12854,434,1774,0[CR],2509032734
F,28244,12893,1775,41[CR],2509033062
C,12851,438,1794,51[CR],2509033500
F,27872,13170,1814,51[CR],2509033828
C,13200,434,1833,54[CR],2509034265
F,29840,13252,1853,49[CR],2509034703
C,13203,446,1872,51[CR],2509035031
F,29844,13431,1892,47[CR],2509035468
C,13192,448,1912,51[CR],2509035796
F,30048,13525,1931,47[CR],2509036234
C,13181,466,1950,49[CR],2509036562
F,30600,13611,1970,49[CR],2509037000
A,35320,31148,1989,51[CR],2509037437
F,31372,13621,2009,54[CR],2509037765
C,13245,466,2028,47[CR],2509038203
F,31252,13624,2048,57[CR],2509038562
C,13200,464,2067,47[CR],2509038968
F,30784,13588,2087,54[CR],2509039296
C,13161,472,2106,47[CR],2509039734
F,30460,13584,2126,54[CR],2509040171
C,13143,476,2145,47[CR],2509040500
F,30380,13556,2165,49[CR],2509040937
C,13213,462,2184,41[CR],2509041265
F,28944,13463,2204,49[CR],2509041703
C,13224,490,2223,57[CR],2509042031
F,26524,13452,2243,49[CR],2509042468
C,13212,460,2263,54[CR],2509042906
F,26588,13553,2282,47[CR],2509043234
A,35308,26816,2301,49[CR],2509043671
F,26860,13603,2319,47[CR],2509044000
C,13141,484,2337,54[CR],2509044437
F,27448,13631,2357,49[CR],2509044875
Z,0,0,2383,51[CR],2509045203
F,28032,13631,2397,44[CR],2509045640
C,13187,518,2415,54[CR],2509045968
F,29068,13603,2435,47[CR],2509046406
C,13464,510,2458,60[CR],2509046734
F,22512,13676,2479,51[CR],2509047171
C,13349,522,2498,47[CR],2509047500
F,22840,13939,2518,51[CR],2509047937
C,13424,536,2537,43[CR],2509048375
F,24326,13912,2558,51[CR],2509048703
C,13503,530,2577,57[CR],2509049140
F,25556,14013,2597,49[CR],2509049468
A,35220,26808,2616,54[CR],2509049906
F,26860,13871,2636,47[CR],2509050234
C,13424,524,2656,51[CR],2509050671
F,28432,13955,2675,47[CR],2509051109
C,13370,536,2695,51[CR],2509051437
F,29780,13952,2714,43[CR],2509051875
C,13351,530,2734,49[CR],2509052203
F,31100,14020,2754,54[CR],2509052640
C,13292,540,2774,49[CR],2509052968
F,32020,13927,2793,54[CR],2509053406
C,13313,526,2813,47[CR],2509053843
F,32936,13697,2833,51[CR],2509054171
C,13344,540,2852,43[CR],2509054609
F,33972,13610,2872,54[CR],2509054937
C,13391,536,2891,44[CR],2509055375
F,34156,13561,2911,51[CR],2509055703
A,35224,34696,2931,54[CR],2509056140
F,34644,13589,2950,47[CR],2509056578
C,13336,544,2970,51[CR],2509056906
F,35128,13593,2990,47[CR],2509057343
C,13311,548,3009,51[CR],2509057671
F,35176,13589,3029,41[CR],2509058109
C,13284,556,3049,51[CR],2509058437
F,34804,13552,3068,57[CR],2509058875
C,13256,568,3088,49[CR],2509059312
F,34976,13531,3107,54[CR],2509059640
C,13409,576,3126,47[CR],2509060078
F,35908,13524,3144,49[CR],2509060406
C,13388,582,3163,51[CR],2509060843
F,37088,13464,3181,47[CR],2509061171
C,13366,592,3201,49[CR],2509061609
F,38064,13449,3221,57[CR],2509062046
A,35184,38144,3241,49[CR],2509062375
F,38376,13503,3263,60[CR],2509062812
C,13307,598,3284,57[CR],2509063140
F,38520,13524,3303,47[CR],2509063578
C,13303,618,3323,51[CR],2509063906
F,38800,13544,3342,47[CR],2509064343
C,13367,604,3362,51[CR],2509064781
F,39468,13540,3381,47[CR],2509065109
C,13387,616,3401,51[CR],2509065546
F,39684,13515,3420,41[CR],2509065875
C,13385,624,3440,49[CR],2509066312
F,39760,13519,3459,51[CR],2509066640
C,13343,628,3479,51[CR],2509067078
F,39964,13498,3498,57[CR],2509067515
C,13361,628,3517,47[CR],2509067843
F,40696,13485,3535,43[CR],2509068281
A,35148,40644,3553,51[CR],2509068609
F,40768,13449,3572,41[CR],2509069046
C,13382,620,3592,51[CR],2509069375
F,40688,13505,3611,54[CR],2509069812
C,13346,610,3631,51[CR],2509070250
F,40696,13510,3650,54[CR],2509070578
C,13333,616,3670,47[CR],2509071015
F,40716,13510,3689,51[CR],2509071343
C,13329,644,3709,47[CR],2509071781
F,41016,13487,3728,54[CR],2509072109
C,13356,642,3746,32[CR],2509072546
F,41488,13478,3747,2[CR],2509072984
C,13253,664,3747,1[CR],2509073312
F,39804,13033,3747,0[CR],2509073750
C,13099,634,3747,0[CR],2509074078
F,38628,12974,3747,0[CR],2509074515
A,35092,38344,3747,0[CR],2509074843
F,38240,12954,3747,0[CR],2509075281
C,12975,648,3747,0[CR],2509075718
F,37552,12887,3747,0[CR],2509076046
C,12961,636,3747,0[CR],2509076484
F,37572,12894,3747,0[CR],2509076812
C,12962,654,3747,0[CR],2509077359
Z,0,0,3747,0[CR],2509077796
Z,0,0,3747,0[CR],2509078343
Z,0,0,3747,0[CR],2509078890
Z,0,0,3747,0[CR],2509079328
Z,0,0,3747,0[CR],2509079875
Z,0,0,3747,0[CR],2509080312
Z,0,0,3747,0[CR],2509080859
Z,0,0,3747,0[CR],2509081406
Z,0,0,3747,0[CR],2509081843
Z,0,0,3747,0[CR],2509082390
Z,0,0,3747,0[CR],2509082828
Z,0,0,3747,0[CR],2509083375
Z,0,0,3747,0[CR],2509083812
Z,0,0,3747,0[CR],2509084359
Z,0,0,3747,0[CR],2509084906
Z,0,0,3747,0[CR],2509085343
Z,0,0,3747,0[CR],2509085890
Z,0,0,3747,0[CR],2509086218
C,12858,638,3747,0[CR],2509086765
Z,0,0,3747,0[CR],2509087203
Z,0,0,3747,0[CR],2509087750
Z,0,0,3747,0[CR],2509088187
Z,0,0,3747,0[CR],2509088734
Z,0,0,3747,0[CR],2509089171
Z,0,0,3747,0[CR],2509089718
Z,0,0,3747,0[CR],2509090265
Z,0,0,3747,0[CR],2509090703
Z,0,0,3747,0[CR],2509091250
Z,0,0,3747,0[CR],2509091687
Z,0,0,3747,0[CR],2509092234
Z,0,0,3747,0[CR],2509092671
Z,0,0,3747,0[CR],2509093218
Z,0,0,3747,0[CR],2509093765
Z,0,0,3747,0[CR],2509094203
Z,0,0,3747,0[CR],2509094750
Z,0,0,3747,0[CR],2509095187
Z,0,0,3747,0[CR],2509095734
Z,0,0,3747,0[CR],2509096281
Z,0,0,3747,0[CR],2509096718
Z,0,0,3747,0[CR],2509097265
Z,0,0,3747,0[CR],2509097703
Z,0,0,3747,0[CR],2509098250
Z,0,0,3747,0[CR],2509098687
Z,0,0,3747,0[CR],2509099234
Z,0,0,3747,0[CR],2509099781
Z,0,0,3747,0[CR],2509100218
Z,0,0,3747,0[CR],2509100765
Z,0,0,3747,0[CR],2509101203
Z,0,0,3747,0[CR],2509101750
Z,0,0,3747,0[CR],2509102187
Z,0,0,3747,0[CR],2509102734
Z,0,0,3747,0[CR],2509103281
Z,0,0,3747,0[CR],2509103718
Z,0,0,3747,0[CR],2509104265
Z,0,0,3747,22[CR],2509104703
Z,0,0,3747,36[CR],2509105250
Z,0,0,3751,36[CR],2509105796
Z,0,0,3761,15[CR],2509105796
A,34968,35160,3762,15[CR],2509106125
F,36192,12862,3764,3[CR],2509106562
C,13067,642,3764,1[CR],2509106890
F,36400,12916,3764,0[CR],2509107328
C,13028,658,3764,0[CR],2509107656
F,36188,12894,3764,0[CR],2509108093
C,13007,682,3764,0[CR],2509108531
F,36080,12885,3764,0[CR],2509108859
C,12996,660,3764,0[CR],2509109296
F,35992,12883,3764,0[CR],2509109625
C,12986,660,3764,0[CR],2509110062
F,35932,12878,3770,13[CR],2509110390
C,13005,712,3773,3[CR],2509110828
F,38884,13095,3773,1[CR],2509111265
C,13183,638,3773,0[CR],2509111593
F,38008,12985,3773,0[CR],2509112031
A,34928,37704,3773,0[CR],2509112359
F,37596,12960,3773,0[CR],2509112796
C,13083,642,3773,0[CR],2509113125
F,37372,12946,3773,0[CR],2509113562
C,13059,650,3773,0[CR],2509114000
F,37192,12941,3773,0[CR],2509114328
C,13044,648,3777,25[CR],2509114765
F,37068,12932,3793,47[CR],2509115093
C,13310,636,3813,51[CR],2509115531
F,39808,13456,3832,54[CR],2509115859
C,13387,654,3852,49[CR],2509116296
F,39496,13471,3871,54[CR],2509116734
C,13339,662,3891,47[CR],2509117062
F,38684,13475,3911,54[CR],2509117500
C,13295,666,3930,44[CR],2509117828
F,39200,13456,3949,51[CR],2509118265
A,34912,39356,3968,47[CR],2509118593
F,39480,13445,3988,51[CR],2509119031
C,13281,674,4007,44[CR],2509119468
F,39728,13405,4027,49[CR],2509119796
C,13289,668,4045,43[CR],2509120234
F,39860,13383,4065,51[CR],2509120562
C,13325,672,4084,57[CR],2509121000
F,38464,13391,4105,49[CR],2509121328
C,13301,672,4124,54[CR],2509121765
F,38936,13358,4144,47[CR],2509122203
C,13329,674,4164,51[CR],2509122531
F,40316,13357,4183,47[CR],2509122968
C,13385,686,4203,51[CR],2509123296
F,41128,13351,4222,49[CR],2509123734
C,13348,682,4242,51[CR],2509124062
F,40740,13344,4261,54[CR],2509124500
A,34800,40484,4281,47[CR],2509124937
F,40348,13364,4301,54[CR],2509125265
C,13349,704,4320,47[CR],2509125703
F,40540,13380,4340,51[CR],2509126031
C,13372,716,4359,47[CR],2509126468
F,41072,13380,4378,51[CR],2509126796
C,13373,708,4398,47[CR],2509127234
F,41160,13343,4417,51[CR],2509127671
C,13330,714,4436,41[CR],2509128000
F,40604,13368,4456,51[CR],2509128437
C,13315,724,4475,47[CR],2509128765
F,40312,13368,4495,49[CR],2509129203
C,13316,716,4514,54[CR],2509129531
F,40808,13383,4534,49[CR],2509129968
C,13315,724,4553,51[CR],2509130406
F,40944,13379,4573,47[CR],2509130734
A,34864,41056,4592,51[CR],2509131171
F,41224,13359,4611,47[CR],2509131500
C,13368,724,4631,51[CR],2509131937
F,41800,13364,4650,43[CR],2509132265
C,13390,736,4670,51[CR],2509132703
F,41736,13357,4689,41[CR],2509133031
C,13404,728,4708,51[CR],2509133468
F,42056,13346,4728,54[CR],2509133906
C,13368,718,4747,49[CR],2509134234
F,41944,13368,4767,54[CR],2509134671
C,13394,728,4786,47[CR],2509135000
F,42400,13375,4806,51[CR],2509135437
C,13395,730,4825,47[CR],2509135875
F,42320,13393,4845,51[CR],2509136203
C,13400,736,4864,47[CR],2509136640
F,42288,13379,4884,51[CR],2509136968
A,34812,41768,4903,43[CR],2509137406
F,41680,13386,4922,49[CR],2509137734
C,13379,746,4941,44[CR],2509138171
F,42696,13381,4961,49[CR],2509138609
C,13399,744,4981,54[CR],2509138937
F,42824,13384,5000,49[CR],2509139375
C,13373,750,5019,54[CR],2509139703
F,42520,13350,5039,49[CR],2509140140
C,13410,770,5058,51[CR],2509140468
F,42576,13326,5078,47[CR],2509140906
C,13358,774,5097,51[CR],2509141343
F,41656,13342,5116,47[CR],2509141671
C,13381,774,5136,51[CR],2509142109
F,42048,13367,5155,43[CR],2509142437
C,13396,770,5175,51[CR],2509142875
F,42816,13353,5194,43[CR],2509143203
A,34776,42512,5214,49[CR],2509143640
F,42600,13331,5233,54[CR],2509144078
C,13360,768,5253,47[CR],2509144406
F,41664,13295,5272,54[CR],2509144843
C,13379,770,5291,47[CR],2509145171
F,41880,13279,5311,51[CR],2509145609
C,13374,770,5330,47[CR],2509145937
F,42344,13267,5349,51[CR],2509146375
C,13320,770,5369,47[CR],2509146812
F,41160,13249,5389,51[CR],2509147140
C,13314,774,5407,41[CR],2509147578
F,42632,13254,5427,51[CR],2509147906
C,13320,770,5446,43[CR],2509148343
F,43200,13254,5466,49[CR],2509148671
C,13337,776,5485,47[CR],2509149109
F,43024,13210,5505,49[CR],2509149546
A,34744,42792,5524,54[CR],2509149875
F,42592,13186,5543,49[CR],2509150312
C,13364,774,5562,54[CR],2509150640
F,42784,13159,5581,47[CR],2509151078
C,13397,802,5600,51[CR],2509151406
F,43296,13165,5620,47[CR],2509151843
C,13359,796,5639,54[CR],2509152281
F,42416,13177,5658,47[CR],2509152609
C,13347,804,5678,51[CR],2509153046
F,42904,13158,5697,49[CR],2509153375
C,13331,820,5716,51[CR],2509153812
F,42176,13086,5736,38[CR],2509154140
C,13379,820,5746,17[CR],2509154578
F,43224,13001,5746,2[CR],2509155015
C,13196,818,5746,1[CR],2509155343
F,41096,12878,5746,0[CR],2509155781
A,34740,40488,5746,0[CR],2509156109
F,40256,12860,5746,0[CR],2509156546
C,13106,796,5746,0[CR],2509156875
F,39836,12852,5747,0[CR],2509157312
C,13078,820,5747,0[CR],2509157750
F,39544,12824,5747,0[CR],2509158078
C,13042,796,5747,0[CR],2509158515
F,39472,12828,5747,0[CR],2509158843
C,13053,792,5747,0[CR],2509159390
Z,0,0,5747,0[CR],2509159828
Z,0,0,5747,0[CR],2509160375
Z,0,0,5747,0[CR],2509160921
Z,0,0,5747,0[CR],2509161359
Z,0,0,5747,0[CR],2509161906
Z,0,0,5747,0[CR],2509162343
Z,0,0,5747,0[CR],2509162890
Z,0,0,5747,0[CR],2509163437
Z,0,0,5747,0[CR],2509163875
Z,0,0,5747,0[CR],2509164421
Z,0,0,5747,0[CR],2509164859
Z,0,0,5747,0[CR],2509165406
Z,0,0,5747,0[CR],2509165843
Z,0,0,5747,0[CR],2509166390
Z,0,0,5747,0[CR],2509166937
Z,0,0,5747,0[CR],2509167375
Z,0,0,5747,0[CR],2509167921
Z,0,0,5747,0[CR],2509168359
Z,0,0,5747,0[CR],2509168906
Z,0,0,5747,0[CR],2509169343
Z,0,0,5747,0[CR],2509169890
Z,0,0,5747,0[CR],2509170437
Z,0,0,5747,0[CR],2509170875
Z,0,0,5747,0[CR],2509171421
Z,0,0,5747,0[CR],2509171859
Z,0,0,5747,0[CR],2509172406
Z,0,0,5747,0[CR],2509172843
Z,0,0,5747,0[CR],2509173390
Z,0,0,5747,0[CR],2509173937
Z,0,0,5747,0[CR],2509174375
Z,0,0,5747,0[CR],2509174921
Z,0,0,5747,0[CR],2509175359
Z,0,0,5747,0[CR],2509175906
Z,0,0,5747,0[CR],2509176343
Z,0,0,5747,0[CR],2509176890
Z,0,0,5747,0[CR],2509177437
Z,0,0,5747,0[CR],2509177875
Z,0,0,5747,0[CR],2509178421
Z,0,0,5747,0[CR],2509178859
Z,0,0,5747,0[CR],2509179406
Z,0,0,5747,0[CR],2509179843
Z,0,0,5747,0[CR],2509180390
Z,0,0,5747,0[CR],2509180937
Z,0,0,5747,0[CR],2509181375
Z,0,0,5747,0[CR],2509181921
Z,0,0,5747,0[CR],2509182359
Z,0,0,5747,0[CR],2509182906
Z,0,0,5747,0[CR],2509183343
Z,0,0,5747,94[CR],2509183890
Z,0,0,5747,18[CR],2509184437
Z,0,0,5747,25[CR],2509184875
Z,0,0,5748,24[CR],2509185421
Z,0,0,5760,25[CR],2509185421
C,12897,824,5760,16[CR],2509185859
F,37616,12771,5763,23[CR],2509186187
C,12972,812,5764,4[CR],2509186625
F,38232,12871,5764,1[CR],2509186953
A,34592,38552,5765,0[CR],2509187390
F,38476,12850,5765,0[CR],2509187828
C,13071,830,5765,0[CR],2509188156
F,38384,12845,5765,0[CR],2509188593
C,13061,822,5765,0[CR],2509188921
F,38312,12842,5765,0[CR],2509189359
C,13051,822,5770,19[CR],2509189687
F,38236,13109,5771,2[CR],2509190125
C,13270,814,5771,1[CR],2509190562
F,41128,12909,5771,0[CR],2509190890
C,13176,828,5771,0[CR],2509191328
F,40636,12892,5771,0[CR],2509191656
C,13141,824,5771,0[CR],2509192093
F,40316,12888,5771,0[CR],2509192421
C,13122,812,5771,0[CR],2509192859
F,40096,12883,5771,0[CR],2509193296
A,34612,39976,5776,38[CR],2509193625
F,39916,12908,5790,47[CR],2509194062
C,13294,822,5809,54[CR],2509194390
F,43568,13171,5828,49[CR],2509194828
C,13282,822,5848,51[CR],2509195156
F,43104,13109,5867,47[CR],2509195593
C,13346,814,5886,49[CR],2509196031
F,43448,13064,5906,44[CR],2509196359
C,13320,828,5925,51[CR],2509196796
F,42736,13041,5944,44[CR],2509197125
C,13280,824,5964,49[CR],2509197562
F,42080,12999,5983,43[CR],2509197890
C,13235,814,6002,49[CR],2509198328
F,41624,13017,6021,54[CR],2509198765
C,13297,828,6041,49[CR],2509199093
F,43184,13014,6060,54[CR],2509199531
A,34628,42984,6080,49[CR],2509199859
F,43336,13001,6099,54[CR],2509200234
C,13273,840,6118,47[CR],2509200625
F,43496,13000,6138,51[CR],2509201062
C,13314,836,6157,47[CR],2509201500
F,44320,12972,6177,51[CR],2509201828
C,13307,848,6196,44[CR],2509202265
F,43288,12959,6216,51[CR],2509202593
C,13277,832,6235,43[CR],2509203031
F,42568,12983,6255,49[CR],2509203359
C,13321,842,6274,57[CR],2509203796
F,44304,13005,6294,49[CR],2509204234
C,13347,848,6313,54[CR],2509204562
F,43944,12995,6333,47[CR],2509205000
C,13350,870,6353,54[CR],2509205328
F,44088,12970,6372,44[CR],2509205765
A,34544,44584,6392,51[CR],2509206093
F,44792,13000,6411,47[CR],2509206531
C,13364,870,6430,49[CR],2509206968
F,44376,12984,6450,41[CR],2509207328
C,13379,876,6469,49[CR],2509207734
F,44472,12993,6489,57[CR],2509208062
C,13316,872,6508,49[CR],2509208500
F,44368,12977,6528,54[CR],2509208828
C,13362,872,6547,47[CR],2509209265
F,44536,12985,6567,54[CR],2509209703
C,13383,882,6586,44[CR],2509210031
F,44280,12958,6606,51[CR],2509210468
C,13299,884,6625,49[CR],2509210796
F,43872,12979,6644,51[CR],2509211234
C,13291,870,6663,49[CR],2509211562
F,43320,12966,6683,49[CR],2509212000
A,34536,43520,6702,47[CR],2509212437
F,44072,12973,6722,49[CR],2509212765
C,13371,896,6741,54[CR],2509213203
F,43480,12936,6760,47[CR],2509213531
C,13349,896,6780,54[CR],2509213968
F,44720,12957,6799,47[CR],2509214296
C,13370,910,6819,51[CR],2509214734
F,44288,12932,6838,44[CR],2509215171
C,13321,878,6857,51[CR],2509215500
F,44000,12974,6876,44[CR],2509215937
C,13361,922,6895,51[CR],2509216265
F,44448,12966,6914,47[CR],2509216703
C,13366,940,6934,51[CR],2509217031
F,44664,12989,6953,44[CR],2509217468
C,13379,950,6972,51[CR],2509217796
F,45688,12980,6991,43[CR],2509218234
A,34484,44440,7011,49[CR],2509218671
F,43784,12949,7030,51[CR],2509219000
C,13326,968,7050,49[CR],2509219437
F,44248,12959,7069,54[CR],2509219765
C,13325,968,7088,49[CR],2509220203
F,43312,12949,7107,54[CR],2509220640
C,13331,958,7127,49[CR],2509220968
F,43048,12983,7146,54[CR],2509221406
C,13348,968,7165,47[CR],2509221734
F,45120,12971,7185,54[CR],2509222171
C,13341,996,7204,47[CR],2509222500
F,45272,12966,7224,51[CR],2509222937
C,13303,962,7243,44[CR],2509223375
F,42888,12926,7262,51[CR],2509223703
C,13318,968,7281,41[CR],2509224140
F,43784,12930,7301,49[CR],2509224468
A,34456,44448,7320,43[CR],2509224906
F,45024,12966,7340,49[CR],2509225234
C,13355,972,7359,54[CR],2509225671
F,45528,12984,7379,47[CR],2509226109
C,13388,972,7398,51[CR],2509226437
F,44256,12943,7418,49[CR],2509226875
C,13407,994,7437,51[CR],2509227203
F,45480,12970,7457,47[CR],2509227640
C,13394,992,7476,51[CR],2509227968
F,45856,12976,7495,47[CR],2509228406
C,13411,986,7515,51[CR],2509228843
F,46000,12967,7534,41[CR],2509229171
C,13372,990,7553,51[CR],2509229609
F,45416,12995,7573,54[CR],2509229937
C,13387,984,7592,51[CR],2509230375
F,46432,12998,7611,54[CR],2509230703
A,34448,46400,7631,49[CR],2509231140
F,45320,12962,7650,51[CR],2509231578
C,13388,1024,7670,47[CR],2509231906
F,45176,12987,7689,54[CR],2509232343
C,13409,998,7709,47[CR],2509232671
F,45584,12946,7728,51[CR],2509233109
C,13278,1014,7744,14[CR],2509233437
F,44424,12947,7746,3[CR],2509233875
C,13268,1014,7747,2[CR],2509234312
F,42528,12840,7747,1[CR],2509234640
C,13126,1012,7747,0[CR],2509235078
F,41344,12826,7747,0[CR],2509235406
C,13099,1000,7747,0[CR],2509235843
F,40984,12821,7747,0[CR],2509236171
C,13089,1006,7747,4[CR],2509236609
F,40664,12811,7747,2[CR],2509237046
A,34488,40296,7747,1[CR],2509237375
F,40220,12806,7747,0[CR],2509237718
C,13034,1018,7747,0[CR],2509238140
F,40060,12804,7747,0[CR],2509238687
Z,0,0,7747,0[CR],2509238906
F,39900,12801,7747,0[CR],2509239453
Z,0,0,7747,0[CR],2509240000
Z,0,0,7747,0[CR],2509240437
Z,0,0,7747,0[CR],2509240984
Z,0,0,7747,0[CR],2509241421
Z,0,0,7747,0[CR],2509241968
Z,0,0,7747,0[CR],2509242515
Z,0,0,7747,0[CR],2509242953
Z,0,0,7747,0[CR],2509243500
Z,0,0,7747,0[CR],2509243937
Z,0,0,7747,0[CR],2509244484
Z,0,0,7747,0[CR],2509244921
Z,0,0,7747,0[CR],2509245468
Z,0,0,7747,0[CR],2509246015
Z,0,0,7747,0[CR],2509246453
Z,0,0,7747,0[CR],2509247000
Z,0,0,7747,0[CR],2509247437
Z,0,0,7747,0[CR],2509247984
Z,0,0,7747,0[CR],2509248421
Z,0,0,7747,0[CR],2509248968
Z,0,0,7747,0[CR],2509249515
Z,0,0,7747,0[CR],2509249953
Z,0,0,7747,0[CR],2509250500
Z,0,0,7747,0[CR],2509250937
Z,0,0,7747,0[CR],2509251484
Z,0,0,7747,0[CR],2509251921
Z,0,0,7747,0[CR],2509252468
Z,0,0,7747,0[CR],2509253015
Z,0,0,7747,0[CR],2509253453
Z,0,0,7747,0[CR],2509254000
Z,0,0,7747,0[CR],2509254437
Z,0,0,7747,0[CR],2509254984
Z,0,0,7747,0[CR],2509255531
Z,0,0,7747,0[CR],2509255968
Z,0,0,7747,0[CR],2509256515
Z,0,0,7747,0[CR],2509256953
Z,0,0,7747,0[CR],2509257500
Z,0,0,7747,0[CR],2509257937
Z,0,0,7747,0[CR],2509258484
Z,0,0,7747,0[CR],2509259031
Z,0,0,7747,0[CR],2509259468
Z,0,0,7747,0[CR],2509260015
Z,0,0,7747,0[CR],2509260453
Z,0,0,7747,0[CR],2509261000
Z,0,0,7747,0[CR],2509261437
Z,0,0,7747,0[CR],2509261984
Z,0,0,7747,0[CR],2509262531
Z,0,0,7747,35[CR],2509262968
Z,0,0,7747,41[CR],2509263515
Z,0,0,7751,36[CR],2509263953
F,37316,12758,7761,6[CR],2509264390
C,12874,1014,7763,3[CR],2509264718
F,39544,12841,7763,1[CR],2509265156
C,13129,1014,7763,0[CR],2509265484
F,39528,12825,7763,0[CR],2509265921
C,13085,1022,7763,0[CR],2509266250
F,39312,12820,7763,0[CR],2509266687
C,13065,1022,7763,0[CR],2509267125
F,39184,12817,7763,0[CR],2509267453
C,13051,1022,7768,13[CR],2509267890
F,39080,13055,7769,5[CR],2509268218
A,34368,42616,7770,1[CR],2509268656
F,42312,12877,7770,1[CR],2509268984
C,13253,1024,7770,0[CR],2509269421
F,41520,12854,7770,0[CR],2509269859
C,13211,1018,7770,0[CR],2509270187
F,41040,12846,7770,0[CR],2509270625
C,13190,1022,7770,0[CR],2509270953
F,40760,12842,7770,0[CR],2509271390
C,13178,1028,7770,0[CR],2509271718
F,40568,12838,7777,19[CR],2509272156
C,13164,1018,7795,54[CR],2509272593
F,43320,13025,7814,47[CR],2509272921
C,13487,1018,7834,54[CR],2509273359
F,44920,12982,7853,47[CR],2509273687
C,13424,1028,7872,54[CR],2509274125
F,45136,12966,7891,47[CR],2509274453
A,34296,44496,7910,51[CR],2509274890
F,44552,12965,7930,44[CR],2509275218
C,13379,1018,7949,51[CR],2509275656
F,44888,12979,7968,44[CR],2509276093
C,13363,1028,7988,51[CR],2509276421
F,45000,12955,8007,44[CR],2509276859
C,13405,1026,8026,51[CR],2509277187
F,45024,12959,8045,44[CR],2509277625
C,13416,1030,8065,49[CR],2509278062
F,46592,12975,8084,51[CR],2509278390
C,13412,1030,8104,49[CR],2509278828
F,45632,12944,8123,54[CR],2509279156
C,13416,1030,8142,47[CR],2509279593
F,45984,12958,8162,54[CR],2509279921
C,13378,1030,8181,47[CR],2509280359
F,45456,12954,8201,54[CR],2509280796
A,34352,45432,8220,47[CR],2509281125
F,45808,12968,8240,51[CR],2509281562
C,13452,1004,8259,44[CR],2509281890
F,44664,12948,8278,51[CR],2509282328
C,13416,1024,8297,41[CR],2509282656
F,46288,12975,8317,51[CR],2509283093
C,13403,1048,8336,44[CR],2509283421
F,46088,12975,8356,49[CR],2509283859
C,13393,1042,8375,54[CR],2509284296
F,46600,12983,8394,49[CR],2509284625
C,13415,1054,8413,54[CR],2509285062
F,46064,12910,8433,49[CR],2509285390
C,13437,1048,8452,54[CR],2509285828
F,45296,12930,8471,44[CR],2509286265
C,13463,1068,8490,54[CR],2509286593
F,46992,12966,8510,44[CR],2509287031
A,34300,47000,8529,51[CR],2509287359
F,46888,12984,8548,44[CR],2509287796
C,13448,1064,8567,51[CR],2509288125
F,47608,13034,8587,47[CR],2509288562
C,13480,1054,8606,51[CR],2509289000
F,47248,12992,8625,47[CR],2509289328
C,13490,1070,8644,51[CR],2509289765
F,47648,12976,8663,47[CR],2509290093
C,13426,1070,8683,49[CR],2509290531
F,46648,12996,8702,41[CR],2509290859
C,13416,1074,8721,49[CR],2509291296
F,46104,12983,8740,54[CR],2509291734
C,13406,1068,8760,49[CR],2509292062
F,46032,12973,8779,51[CR],2509292500
C,13428,1074,8798,47[CR],2509292828
F,46888,12983,8817,54[CR],2509293265
A,34300,48096,8836,49[CR],2509293593
F,47928,12973,8856,54[CR],2509294140
Z,0,0,8879,51[CR],2509294468
F,47224,12972,8894,51[CR],2509294796
C,13450,1070,8913,44[CR],2509295234
F,46344,12921,8932,54[CR],2509295562
C,13469,1074,8951,44[CR],2509296000
F,46352,12941,8970,51[CR],2509296437
C,13387,1074,8989,47[CR],2509296765
F,46856,12984,9008,51[CR],2509297203
C,13453,1070,9027,44[CR],2509297531
F,48856,13030,9047,51[CR],2509297968
C,13455,1060,9065,47[CR],2509298296
F,47368,12985,9085,51[CR],2509298734
C,13493,1070,9104,47[CR],2509299171
F,48184,12995,9123,49[CR],2509299500
A,34264,47808,9142,44[CR],2509299937
F,47656,12979,9161,49[CR],2509300265
C,13464,1080,9180,43[CR],2509300703
F,47656,13028,9200,51[CR],2509301031
C,13472,1096,9218,44[CR],2509301468
F,46656,12991,9238,49[CR],2509301796
C,13431,1104,9257,43[CR],2509302234
F,47488,13006,9276,49[CR],2509302671
C,13457,1092,9295,44[CR],2509303000
F,48656,13015,9315,49[CR],2509303437
C,13472,1106,9333,54[CR],2509303765
F,48672,13000,9353,47[CR],2509304203
C,13479,1112,9372,54[CR],2509304640
F,47136,12931,9392,47[CR],2509304968
C,13432,1118,9411,51[CR],2509305406
F,47584,12973,9430,47[CR],2509305734
A,34256,48512,9449,51[CR],2509306171
F,48872,12985,9468,47[CR],2509306500
C,13492,1144,9487,51[CR],2509306937
F,47152,12983,9507,47[CR],2509307375
C,13456,1134,9526,51[CR],2509307703
F,48040,13013,9545,47[CR],2509308140
C,13479,1148,9564,51[CR],2509308468
F,49584,13016,9583,47[CR],2509308906
C,13463,1148,9602,51[CR],2509309234
F,49264,13013,9622,47[CR],2509309671
C,13495,1140,9641,49[CR],2509310000
F,48816,12970,9660,39[CR],2509310437
C,13484,1144,9679,49[CR],2509310875
F,48208,12974,9698,41[CR],2509311203
C,13499,1132,9717,49[CR],2509311640
F,49640,13009,9736,54[CR],2509311968
A,34296,49024,9745,13[CR],2509312406
F,48992,12928,9747,2[CR],2509312734
C,13440,1110,9747,1[CR],2509313171
F,47496,12897,9747,0[CR],2509313609
C,13322,1128,9747,0[CR],2509313937
F,46520,12885,9747,0[CR],2509314375
C,13288,1116,9747,0[CR],2509314703
F,46008,12880,9747,0[CR],2509315140
C,13275,1108,9747,0[CR],2509315468
F,45560,12867,9747,0[CR],2509315906
C,13240,1126,9747,0[CR],2509316343
F,45248,12864,9747,0[CR],2509316671
C,13229,1132,9747,0[CR],2509317109
F,44976,12861,9747,0[CR],2509317437
C,13217,1134,9747,0[CR],2509317984
Z,0,0,9747,0[CR],2509318421
Z,0,0,9747,0[CR],2509318968
Z,0,0,9747,0[CR],2509319515
Z,0,0,9747,0[CR],2509319953
Z,0,0,9747,0[CR],2509320500
Z,0,0,9747,0[CR],2509320937
Z,0,0,9747,0[CR],2509321484
Z,0,0,9747,0[CR],2509322031
Z,0,0,9747,0[CR],2509322359
U,53608,2772,9747,0[CR],2509322796
Z,0,0,9747,0[CR],2509323343
Z,0,0,9747,0[CR],2509323781
Z,0,0,9747,0[CR],2509324328
Z,0,0,9747,0[CR],2509324875
Z,0,0,9747,0[CR],2509325312
Z,0,0,9747,0[CR],2509325859
Z,0,0,9747,0[CR],2509326296
Z,0,0,9747,0[CR],2509326843
Z,0,0,9747,0[CR],2509327281
Z,0,0,9747,0[CR],2509327828
Z,0,0,9747,0[CR],2509328375
Z,0,0,9747,0[CR],2509328812
Z,0,0,9747,0[CR],2509329359
Z,0,0,9747,0[CR],2509329796
Z,0,0,9747,0[CR],2509330343
Z,0,0,9747,0[CR],2509330781
A,34216,43216,9747,0[CR],2509331218
Z,0,0,9747,0[CR],2509331765
Z,0,0,9747,0[CR],2509332203
Z,0,0,9747,0[CR],2509332750
Z,0,0,9747,0[CR],2509333296
Z,0,0,9747,0[CR],2509333734
Z,0,0,9747,0[CR],2509334281
Z,0,0,9747,0[CR],2509334718
Z,0,0,9747,0[CR],2509335265
Z,0,0,9747,0[CR],2509335703
Z,0,0,9747,0[CR],2509336250
Z,0,0,9747,0[CR],2509336796
Z,0,0,9747,0[CR],2509337234
Z,0,0,9747,0[CR],2509337781
Z,0,0,9747,0[CR],2509338218
Z,0,0,9747,0[CR],2509338765
Z,0,0,9747,0[CR],2509339203
Z,0,0,9747,0[CR],2509339750
Z,0,0,9747,0[CR],2509340296
Z,0,0,9747,0[CR],2509340734
Z,0,0,9747,0[CR],2509341281
Z,0,0,9747,0[CR],2509341718
Z,0,0,9747,0[CR],2509342265
Z,0,0,9747,0[CR],2509342812
Z,0,0,9747,0[CR],2509343250
Z,0,0,9747,0[CR],2509343796
Z,0,0,9747,0[CR],2509344234
Z,0,0,9747,44[CR],2509344781
Z,0,0,9762,22[CR],2509344781
C,13049,1116,9762,16[CR],2509345218
F,42656,12905,9765,4[CR],2509345546
C,13276,1132,9765,1[CR],2509345984
F,44704,12896,9765,0[CR],2509346421
C,13285,1132,9765,0[CR],2509346750
F,44464,12888,9765,0[CR],2509347187
C,13258,1102,9765,0[CR],2509347515
F,44304,12886,9765,0[CR],2509347953
C,13246,1132,9765,0[CR],2509348281
F,44176,12883,9769,6[CR],2509348718
C,13237,1120,9773,8[CR],2509349156
F,47384,12998,9773,2[CR],2509349484
A,34168,47664,9773,1[CR],2509349921
F,47608,12950,9773,0[CR],2509350250
C,13375,1124,9773,0[CR],2509350687
F,47048,12926,9773,0[CR],2509351015
C,13343,1134,9774,0[CR],2509351453
F,46656,12919,9774,0[CR],2509351890
C,13327,1128,9774,0[CR],2509352218
F,46328,12912,9774,0[CR],2509352656
C,13313,1136,9785,49[CR],2509352984
F,47216,13067,9804,47[CR],2509353421
C,13528,1116,9823,54[CR],2509353750
F,48176,13010,9842,49[CR],2509354187
C,13462,1124,9861,49[CR],2509354625
F,47920,13013,9880,47[CR],2509354953
C,13500,1120,9899,51[CR],2509355390
F,49552,13053,9918,44[CR],2509355718
A,34104,50376,9938,49[CR],2509356156
F,50408,13015,9957,44[CR],2509356484
C,13494,1148,9976,49[CR],2509356921
F,49184,12976,9995,51[CR],2509357359
C,13526,1162,10015,47[CR],2509357687
F,47880,12948,10033,51[CR],2509358125
C,13434,1130,10053,49[CR],2509358453
F,49072,12994,10072,54[CR],2509358890
C,13472,1148,10091,49[CR],2509359218
F,49624,13028,10110,54[CR],2509359656
C,13474,1162,10130,47[CR],2509360093
F,50704,13052,10149,54[CR],2509360421
C,13503,1160,10168,44[CR],2509360859
F,49480,12964,10187,54[CR],2509361187
C,13471,1160,10207,47[CR],2509361625
F,48216,12953,10226,54[CR],2509361953
A,34112,48704,10245,49[CR],2509362390
F,49120,12982,10265,51[CR],2509362828
C,13518,1172,10284,47[CR],2509363156
F,49496,13027,10303,51[CR],2509363593
C,13540,1156,10322,47[CR],2509363921
F,50304,13034,10341,49[CR],2509364359
C,13550,1172,10360,47[CR],2509364687
F,50672,13040,10380,51[CR],2509365125
C,13569,1166,10399,43[CR],2509365562
F,50472,13001,10418,49[CR],2509365890
C,13530,1166,10437,43[CR],2509366328
F,50136,12985,10456,51[CR],2509366656
C,13535,1156,10475,47[CR],2509367093
F,49776,13010,10495,49[CR],2509367421
C,13458,1176,10514,54[CR],2509367859
F,49552,13032,10534,49[CR],2509368296
A,34124,49184,10553,54[CR],2509368625
F,49424,13018,10572,47[CR],2509368984
C,13535,1168,10591,51[CR],2509369390
F,50680,12995,10610,47[CR],2509369828
C,13473,1182,10629,54[CR],2509370156
F,49800,12959,10648,47[CR],2509370593
C,13584,1204,10668,51[CR],2509371031
F,50456,13001,10687,47[CR],2509371359
C,13569,1176,10706,51[CR],2509371796
F,50656,13000,10725,47[CR],2509372125
C,13577,1194,10744,51[CR],2509372562
F,50472,12998,10763,47[CR],2509372890
C,13579,1188,10782,49[CR],2509373328
F,49320,12985,10801,44[CR],2509373765
C,13516,1184,10821,49[CR],2509374093
F,50120,12987,10840,47[CR],2509374531
A,34108,50168,10859,47[CR],2509374859
F,49696,12994,10878,41[CR],2509375296
C,13499,1204,10897,49[CR],2509375625
F,48928,13013,10916,43[CR],2509376062
C,13504,1206,10936,49[CR],2509376500
F,50112,13032,10955,54[CR],2509376828
C,13538,1218,10974,47[CR],2509377265
F,50784,13018,10993,54[CR],2509377593
C,13538,1216,11013,49[CR],2509377968
F,50384,13032,11032,54[CR],2509378359
C,13520,1222,11051,47[CR],2509378796
F,50560,13015,11070,54[CR],2509379234
C,13544,1234,11089,47[CR],2509379562
F,49000,12982,11108,51[CR],2509380000
C,13582,1218,11127,47[CR],2509380328
F,51488,13034,11147,54[CR],2509380765
A,34060,50400,11166,47[CR],2509381093
F,49760,12992,11185,54[CR],2509381531
C,13575,1216,11204,47[CR],2509381968
F,49016,13002,11223,49[CR],2509382296
C,13552,1224,11242,47[CR],2509382734
F,51032,13035,11262,49[CR],2509383062
C,13548,1218,11281,47[CR],2509383500
F,51272,13047,11300,51[CR],2509383828
C,13584,1218,11319,47[CR],2509384265
F,50824,13048,11338,51[CR],2509384703
C,13592,1218,11357,41[CR],2509385031
F,49664,12979,11377,49[CR],2509385468
C,13540,1218,11395,39[CR],2509385796
F,50680,13017,11415,51[CR],2509386234
C,13571,1218,11434,47[CR],2509386562
F,51880,13039,11453,49[CR],2509387000
A,34092,51544,11472,54[CR],2509387437
F,51936,13024,11491,49[CR],2509387765
C,13584,1228,11510,54[CR],2509388203
F,50808,12998,11530,49[CR],2509388531
C,13518,1216,11549,54[CR],2509388968
F,51480,13016,11568,49[CR],2509389296
C,13531,1226,11587,51[CR],2509389734
F,51312,13042,11606,47[CR],2509390171
C,13656,1224,11624,54[CR],2509390500
F,51024,13052,11644,49[CR],2509390937
C,13614,1224,11663,54[CR],2509391265
F,52272,13024,11682,47[CR],2509391703
C,13556,1228,11701,51[CR],2509392031
F,52512,13033,11720,47[CR],2509392468
C,13586,1236,11739,51[CR],2509392906
F,50384,13011,11747,10[CR],2509393234
A,34072,49744,11747,3[CR],2509393671
F,49520,12923,11747,1[CR],2509394000
C,13357,1226,11747,1[CR],2509394437
F,48528,12910,11747,0[CR],2509394765
C,13330,1234,11747,0[CR],2509395203
F,48024,12903,11747,0[CR],2509395640
C,13309,1234,11747,0[CR],2509395968
F,47576,12885,11747,0[CR],2509396406
C,13246,1250,11747,0[CR],2509396734
F,46952,12880,11747,0[CR],2509397171
C,13258,1240,11747,0[CR],2509397500
F,46960,12883,11747,0[CR],2509397937
C,13248,1244,11747,0[CR],2509398484
Z,0,0,11747,0[CR],2509398921
Z,0,0,11747,0[CR],2509399468
Z,0,0,11747,0[CR],2509399906
Z,0,0,11747,0[CR],2509400453
Z,0,0,11747,0[CR],2509401000
Z,0,0,11747,0[CR],2509401437
Z,0,0,11747,0[CR],2509401984
Z,0,0,11747,0[CR],2509402421
Z,0,0,11747,0[CR],2509402968
Z,0,0,11747,0[CR],2509403406
Z,0,0,11747,0[CR],2509403953
Z,0,0,11747,0[CR],2509404500
Z,0,0,11747,0[CR],2509404937
Z,0,0,11747,0[CR],2509405484
Z,0,0,11747,0[CR],2509405921
Z,0,0,11747,0[CR],2509406468
Z,0,0,11747,0[CR],2509406906
Z,0,0,11747,0[CR],2509407453
Z,0,0,11747,0[CR],2509408000
Z,0,0,11747,0[CR],2509408437
Z,0,0,11747,0[CR],2509408984
Z,0,0,11747,0[CR],2509409421
Z,0,0,11747,0[CR],2509409968
Z,0,0,11747,0[CR],2509410515
Z,0,0,11747,0[CR],2509410953
Z,0,0,11747,0[CR],2509411500
Z,0,0,11747,0[CR],2509411937
Z,0,0,11747,0[CR],2509412484
Z,0,0,11747,0[CR],2509412921
Z,0,0,11747,0[CR],2509413468
Z,0,0,11747,0[CR],2509414015
Z,0,0,11747,0[CR],2509414453
Z,0,0,11747,0[CR],2509415000
Z,0,0,11747,0[CR],2509415437
Z,0,0,11747,0[CR],2509415984
Z,0,0,11747,0[CR],2509416421
Z,0,0,11747,0[CR],2509416968
Z,0,0,11747,0[CR],2509417515
Z,0,0,11747,0[CR],2509417953
Z,0,0,11747,0[CR],2509418500
Z,0,0,11747,0[CR],2509418937
Z,0,0,11747,0[CR],2509419484
Z,0,0,11747,0[CR],2509420031
Z,0,0,11747,44[CR],2509420468
Z,0,0,11747,44[CR],2509421015
Z,0,0,11763,17[CR],2509421343
C,13092,1228,11765,3[CR],2509421781
F,46152,12918,11765,1[CR],2509422109
C,13329,1244,11765,0[CR],2509422546
F,46288,12903,11765,0[CR],2509422984
C,13291,1250,11765,0[CR],2509423312
F,46104,12897,11765,0[CR],2509423750
C,13275,1228,11765,0[CR],2509424078
F,45960,12894,11765,0[CR],2509424515
A,34020,45872,11766,0[CR],2509424843
F,45832,12893,11772,4[CR],2509425281
C,13560,1244,11773,2[CR],2509425718
F,49528,12965,11773,1[CR],2509426046
C,13392,1238,11773,0[CR],2509426484
F,48768,12937,11773,0[CR],2509426812
C,13343,1240,11773,0[CR],2509427250
F,48368,12927,11773,0[CR],2509427578
C,13319,1246,11773,0[CR],2509428015
F,48136,12923,11773,0[CR],2509428453
C,13308,1226,11773,0[CR],2509428781
F,47928,12919,11778,36[CR],2509429218
C,13296,1232,11791,39[CR],2509429546
F,50768,13124,11810,49[CR],2509429984
C,13554,1236,11829,47[CR],2509430312
F,51648,13071,11848,51[CR],2509430750
A,34016,52720,11867,47[CR],2509431187
F,51968,13044,11886,51[CR],2509431515
C,13619,1272,11905,44[CR],2509431953
F,50952,12991,11924,49[CR],2509432281
C,13555,1270,11943,44[CR],2509432718
F,51080,13019,11962,49[CR],2509433046
C,13553,1272,11981,47[CR],2509433484
F,51552,13020,12000,49[CR],2509433921
C,13551,1280,12019,44[CR],2509434250
F,49880,13001,12038,51[CR],2509434687
C,13546,1262,12057,44[CR],2509435015
F,51176,13037,12076,49[CR],2509435453
C,13570,1284,12095,47[CR],2509435781
F,52472,13058,12114,51[CR],2509436218
C,13548,1298,12133,44[CR],2509436656
F,51360,13024,12153,51[CR],2509436984
A,33992,48752,12171,44[CR],2509437421
F,48664,13015,12191,51[CR],2509437750
C,13613,1302,12209,41[CR],2509438187
F,51256,13037,12229,49[CR],2509438515
C,13577,1314,12249,57[CR],2509438953
F,51696,13054,12268,49[CR],2509439390
C,13582,1314,12286,54[CR],2509439718
F,50592,13032,12306,49[CR],2509440156
C,13554,1318,12325,54[CR],2509440484
F,50792,13022,12344,51[CR],2509440921
C,13597,1318,12363,54[CR],2509441250
F,51200,13029,12383,47[CR],2509441687
C,13665,1314,12401,54[CR],2509442125
F,51296,13041,12421,47[CR],2509442453
C,13589,1318,12439,51[CR],2509442890
F,51464,13044,12458,47[CR],2509443218
A,33964,53112,12477,51[CR],2509443656
F,52672,13044,12496,47[CR],2509444000
C,13688,1328,12515,54[CR],2509444421
F,51536,13030,12535,44[CR],2509444859
C,13500,1314,12554,54[CR],2509445187
F,50776,13039,12573,47[CR],2509445625
C,13558,1318,12592,51[CR],2509445953
F,50992,13029,12611,44[CR],2509446390
C,13633,1330,12630,54[CR],2509446718
F,51520,13046,12649,47[CR],2509447156
C,13594,1340,12668,51[CR],2509447593
F,52096,13052,12687,47[CR],2509447921
C,13522,1350,12706,51[CR],2509448359
F,51088,13035,12725,44[CR],2509448687
C,13616,1336,12744,49[CR],2509449125
F,50288,13035,12763,44[CR],2509449453
A,33964,52616,12782,49[CR],2509449890
F,52552,13040,12801,43[CR],2509450328
C,13713,1370,12821,49[CR],2509450656
F,50896,13083,12840,44[CR],2509451093
C,13792,1388,12859,49[CR],2509451421
F,51448,13081,12877,41[CR],2509451859
C,13608,1410,12897,47[CR],2509452187
F,51504,13073,12915,44[CR],2509452625
C,13697,1414,12934,51[CR],2509453062
F,52064,13068,12953,44[CR],2509453390
C,13629,1406,12972,51[CR],2509453828
F,52920,13083,12991,44[CR],2509454156
C,13573,1398,13011,49[CR],2509454593
F,52168,13081,13030,41[CR],2509454921
C,13526,1400,13049,49[CR],2509455359
F,50784,13049,13068,41[CR],2509455796
A,34008,50808,13087,49[CR],2509456125
F,50504,13030,13106,43[CR],2509456562
C,13600,1420,13125,49[CR],2509456890
F,49880,12984,13144,54[CR],2509457328
C,13633,1406,13163,49[CR],2509457656
F,52552,13063,13182,44[CR],2509458093
C,13667,1414,13201,49[CR],2509458531
F,52664,13053,13220,54[CR],2509458859
C,13616,1410,13239,47[CR],2509459296
F,51680,13033,13258,51[CR],2509459625
C,13703,1370,13277,47[CR],2509460062
F,51816,13094,13296,51[CR],2509460390
C,13735,1382,13315,47[CR],2509460828
F,53688,13096,13334,54[CR],2509461265
C,13677,1414,13354,47[CR],2509461593
F,54448,13117,13373,51[CR],2509462031
A,33956,53176,13392,49[CR],2509462359
F,53088,13115,13411,49[CR],2509462734
C,13649,1420,13429,49[CR],2509463125
F,53976,13125,13448,54[CR],2509463562
C,13695,1410,13467,49[CR],2509464000
F,53920,13073,13486,54[CR],2509464328
C,13647,1438,13505,49[CR],2509464765
F,53048,13110,13524,51[CR],2509465093
C,13698,1422,13543,47[CR],2509465531
F,54976,13105,13561,54[CR],2509465859
C,13624,1422,13581,47[CR],2509466296
F,53456,13070,13599,54[CR],2509466734
C,13693,1428,13618,49[CR],2509467062
F,53560,13079,13637,54[CR],2509467500
C,13632,1428,13657,49[CR],2509467828
F,53288,13054,13676,51[CR],2509468265
A,33948,53912,13695,47[CR],2509468593
F,53800,13067,13713,54[CR],2509469031
C,13722,1450,13733,49[CR],2509469468
F,51824,13106,13745,16[CR],2509469796
C,13668,1460,13747,2[CR],2509470234
F,53576,12976,13747,1[CR],2509470562
C,12917,1478,13747,0[CR],2509471000
F,38588,12732,13747,0[CR],2509471328
C,12936,1452,13747,0[CR],2509471765
F,39348,12740,13747,0[CR],2509472203
C,12934,1450,13747,0[CR],2509472531
F,38152,12726,13747,0[CR],2509472968
C,12911,1452,13747,0[CR],2509473296
F,38616,12736,13747,0[CR],2509473734
C,12925,1450,13747,0[CR],2509474062
F,38936,12737,13747,0[CR],2509474500
A,33976,38972,13747,0[CR],2509475046
Z,0,0,13747,0[CR],2509475484
Z,0,0,13747,0[CR],2509476031
Z,0,0,13747,0[CR],2509476468
Z,0,0,13747,0[CR],2509477015
Z,0,0,13747,0[CR],2509477562
Z,0,0,13747,0[CR],2509478000
Z,0,0,13747,0[CR],2509478546
Z,0,0,13747,0[CR],2509478984
Z,0,0,13747,0[CR],2509479531
Z,0,0,13747,0[CR],2509479968
Z,0,0,13747,0[CR],2509480515
Z,0,0,13747,0[CR],2509481062
Z,0,0,13747,0[CR],2509481500
Z,0,0,13747,0[CR],2509482046
Z,0,0,13747,0[CR],2509482484
Z,0,0,13747,0[CR],2509483031
Z,0,0,13747,0[CR],2509483468
Z,0,0,13747,0[CR],2509484015
Z,0,0,13747,0[CR],2509484562
Z,0,0,13747,0[CR],2509485000
Z,0,0,13747,0[CR],2509485546
Z,0,0,13747,0[CR],2509485984
Z,0,0,13747,0[CR],2509486531
Z,0,0,13747,0[CR],2509486968
Z,0,0,13747,0[CR],2509487515
Z,0,0,13747,0[CR],2509488062
Z,0,0,13747,0[CR],2509488500
Z,0,0,13747,0[CR],2509489046
Z,0,0,13747,0[CR],2509489484
Z,0,0,13747,0[CR],2509490031
Z,0,0,13747,0[CR],2509490468
Z,0,0,13747,0[CR],2509491015
Z,0,0,13747,0[CR],2509491562
Z,0,0,13747,0[CR],2509492000
Z,0,0,13747,0[CR],2509492546
Z,0,0,13747,0[CR],2509492984
Z,0,0,13747,0[CR],2509493531
Z,0,0,13747,0[CR],2509494078
Z,0,0,13747,0[CR],2509494515
Z,0,0,13747,0[CR],2509495062
Z,0,0,13747,39[CR],2509495500
Z,0,0,13747,35[CR],2509496046
Z,0,0,13748,10[CR],2509496375
C,12963,1422,13748,2[CR],2509496812
F,40992,12769,13748,1[CR],2509497140
C,12973,1422,13748,0[CR],2509497578
F,40632,12761,13748,0[CR],2509497906
C,12968,1414,13748,0[CR],2509498343
F,40540,12763,13748,0[CR],2509498671
C,12965,1446,13748,0[CR],2509499109
F,40516,12761,13755,14[CR],2509499546
A,33908,41064,13755,2[CR],2509499875
F,47808,12871,13755,1[CR],2509500312
C,13162,1426,13755,0[CR],2509500640
F,45880,12823,13755,0[CR],2509501078
C,13128,1420,13755,0[CR],2509501406
F,45168,12810,13755,0[CR],2509501843
C,13106,1428,13756,0[CR],2509502296
F,44824,12804,13756,0[CR],2509502625
C,13095,1432,13756,0[CR],2509503062
F,44624,12801,13759,32[CR],2509503390
C,13088,1426,13772,49[CR],2509503828
F,51224,13021,13790,43[CR],2509504156
C,13817,1442,13808,54[CR],2509504593
F,52320,13062,13827,47[CR],2509505031
C,13626,1472,13845,54[CR],2509505359
F,53656,13121,13864,47[CR],2509505796
A,33892,53704,13883,54[CR],2509506125
F,53416,13078,13901,49[CR],2509506562
C,13707,1478,13920,47[CR],2509506890
F,52712,13113,13939,49[CR],2509507328
C,13574,1476,13957,41[CR],2509507765
F,53120,13079,13977,49[CR],2509508093
C,13664,1494,13995,41[CR],2509508531
F,54616,13085,14014,49[CR],2509508859
C,13674,1484,14033,44[CR],2509509296
F,54480,13033,14052,49[CR],2509509625
C,13671,1480,14070,43[CR],2509510062
F,52336,13005,14090,49[CR],2509510500
C,13657,1476,14108,47[CR],2509510828
F,54256,13060,14127,49[CR],2509511265
C,13662,1474,14146,41[CR],2509511593
F,54144,13051,14165,51[CR],2509512031
A,33940,54880,14184,44[CR],2509512359
F,54968,13112,14203,49[CR],2509512796
C,13728,1468,14222,41[CR],2509513125
F,52992,13098,14241,49[CR],2509513562
C,13690,1508,14259,44[CR],2509514000
F,53064,13076,14279,49[CR],2509514328
C,13658,1502,14297,41[CR],2509514765
F,52952,13056,14317,51[CR],2509515093
C,13627,1494,14335,47[CR],2509515531
F,52064,13057,14355,49[CR],2509515859
C,13669,1504,14373,41[CR],2509516296
F,49088,12947,14393,49[CR],2509516734
C,13687,1516,14411,41[CR],2509517062
F,52408,13110,14430,49[CR],2509517500
C,13653,1564,14449,47[CR],2509517828
F,52152,13099,14468,49[CR],2509518265
A,33876,52064,14487,39[CR],2509518593
F,51960,13049,14506,49[CR],2509519031
C,13686,1564,14525,43[CR],2509519468
F,50624,12968,14544,49[CR],2509519796
C,13665,1566,14563,43[CR],2509520234
F,53024,13099,14582,49[CR],2509520562
C,13722,1576,14601,43[CR],2509521000
F,53112,13015,14620,49[CR],2509521328
C,13734,1558,14638,44[CR],2509521765
F,54232,13122,14658,47[CR],2509522203
C,13688,1542,14676,41[CR],2509522531
F,55232,13110,14696,49[CR],2509522968
C,13752,1566,14714,43[CR],2509523296
F,54944,13067,14734,49[CR],2509523734
C,13770,1560,14752,43[CR],2509524062
F,54408,13095,14771,49[CR],2509524500
A,33892,54768,14790,47[CR],2509524937
F,54984,13077,14810,49[CR],2509525156
M,46520,3520,14821,49[CR],2509525265
C,13695,1554,14828,51[CR],2509525703
F,56048,13087,14848,49[CR],2509526031
C,13701,1560,14866,47[CR],2509526468
F,56048,13011,14886,47[CR],2509526796
C,13693,1544,14904,49[CR],2509527234
F,53704,13013,14923,47[CR],2509527671
C,13712,1554,14942,44[CR],2509528000
F,55752,13047,14961,49[CR],2509528437
C,13664,1560,14979,54[CR],2509528765
F,55296,13041,14999,49[CR],2509529203
C,13682,1576,15017,43[CR],2509529531
F,55840,13058,15037,49[CR],2509529968
C,13678,1566,15055,47[CR],2509530406
F,55408,13009,15075,49[CR],2509530734
A,33868,55008,15093,41[CR],2509531171
F,54448,13050,15113,51[CR],2509531500
C,13810,1596,15131,51[CR],2509531937
F,57256,13131,15150,49[CR],2509532265
C,13801,1572,15169,51[CR],2509532703
F,55408,13127,15189,47[CR],2509533140
C,13872,1586,15207,44[CR],2509533468
F,58272,13162,15226,49[CR],2509533906
C,13791,1598,15245,57[CR],2509534234
F,57864,13115,15264,47[CR],2509534671
C,13811,1610,15283,49[CR],2509535000
F,58192,13128,15302,49[CR],2509535437
C,13815,1614,15321,54[CR],2509535875
F,57072,13125,15340,49[CR],2509536203
C,13812,1612,15358,47[CR],2509536640
F,58096,13116,15378,49[CR],2509536968
A,33860,58592,15397,54[CR],2509537406
F,57968,13102,15416,47[CR],2509537859
C,13897,1620,15434,44[CR],2509538171
F,58376,13129,15453,49[CR],2509538625
C,13882,1620,15472,38[CR],2509538953
F,59504,13125,15491,49[CR],2509539390
C,13891,1614,15510,47[CR],2509539718
F,59416,13136,15529,49[CR],2509540156
C,13980,1604,15548,54[CR],2509540484
F,58968,13145,15567,49[CR],2509540921
C,13955,1620,15586,43[CR],2509541250
F,60504,13149,15605,49[CR],2509541687
C,14052,1614,15624,51[CR],2509542125
F,61480,13171,15643,49[CR],2509542453
C,14110,1614,15662,54[CR],2509542890
F,61496,13169,15681,47[CR],2509543218
A,33872,59664,15700,51[CR],2509543656
F,59440,13151,15719,49[CR],2509543984
C,13923,1618,15737,54[CR],2509544421
F,58408,13181,15746,14[CR],2509544859
C,13886,1624,15747,2[CR],2509545187
F,59680,13029,15747,1[CR],2509545625
C,13685,1636,15747,0[CR],2509545953
F,49848,12865,15747,0[CR],2509546390
C,13271,1612,15747,0[CR],2509546718
F,50784,12865,15747,0[CR],2509547156
C,13270,1608,15747,0[CR],2509547593
F,50504,12834,15747,0[CR],2509547921
C,13221,1624,15747,0[CR],2509548359
F,49496,12842,15747,0[CR],2509548796
Z,0,0,15747,0[CR],2509549125
F,49624,12846,15747,0[CR],2509549453
A,33888,50072,15747,0[CR],2509549890
F,50040,12851,15747,0[CR],2509550437
Z,0,0,15747,0[CR],2509550875
Z,0,0,15747,0[CR],2509551421
Z,0,0,15747,0[CR],2509551859
Z,0,0,15747,0[CR],2509552406
Z,0,0,15747,0[CR],2509552953
Z,0,0,15747,0[CR],2509553390
Z,0,0,15747,0[CR],2509553937
Z,0,0,15747,0[CR],2509554375
Z,0,0,15747,0[CR],2509554921
Z,0,0,15747,0[CR],2509555468
Z,0,0,15747,0[CR],2509555906
Z,0,0,15747,0[CR],2509556453
Z,0,0,15747,0[CR],2509556890
Z,0,0,15747,0[CR],2509557437
Z,0,0,15747,0[CR],2509557875
Z,0,0,15747,0[CR],2509558421
Z,0,0,15747,0[CR],2509558968
Z,0,0,15747,0[CR],2509559406
Z,0,0,15747,0[CR],2509559953
Z,0,0,15747,0[CR],2509560390
Z,0,0,15747,0[CR],2509560937
Z,0,0,15747,0[CR],2509561484
Z,0,0,15747,0[CR],2509561921
Z,0,0,15747,0[CR],2509562468
Z,0,0,15747,0[CR],2509562906
Z,0,0,15747,0[CR],2509563453
Z,0,0,15747,0[CR],2509563890
Z,0,0,15747,0[CR],2509564437
Z,0,0,15747,0[CR],2509564984
Z,0,0,15747,0[CR],2509565421
Z,0,0,15747,0[CR],2509565968
Z,0,0,15747,0[CR],2509566406
Z,0,0,15747,0[CR],2509566953
Z,0,0,15747,0[CR],2509567390
Z,0,0,15747,0[CR],2509567937
Z,0,0,15747,0[CR],2509568484
Z,0,0,15747,0[CR],2509568921
Z,0,0,15747,0[CR],2509569468
Z,0,0,15747,0[CR],2509569906
Z,0,0,15747,0[CR],2509570453
Z,0,0,15747,0[CR],2509570890
Z,0,0,15747,68[CR],2509571437
Z,0,0,15747,73[CR],2509571765
F,49616,12843,15758,29[CR],2509572203
C,13214,1614,15760,3[CR],2509572531
F,54584,12951,15760,1[CR],2509572968
C,13379,1636,15760,0[CR],2509573296
F,53744,12938,15760,0[CR],2509573734
C,13358,1618,15760,0[CR],2509574062
F,53480,12931,15760,0[CR],2509574500
A,33836,53352,15760,0[CR],2509574937
F,53280,12928,15760,0[CR],2509575265
C,13340,1618,15766,19[CR],2509575703
F,53128,12974,15769,3[CR],2509576031
C,13818,1646,15769,1[CR],2509576468
F,59536,13049,15769,0[CR],2509576812
C,13678,1624,15770,0[CR],2509577250
F,58280,13016,15770,0[CR],2509577687
C,13621,1608,15770,0[CR],2509578015
F,57584,13004,15770,0[CR],2509578453
C,13594,1618,15770,0[CR],2509578781
F,57200,12998,15770,0[CR],2509579218
C,13576,1612,15773,49[CR],2509579546
F,56840,12994,15786,49[CR],2509579984
C,13892,1624,15805,44[CR],2509580421
F,61112,13224,15823,51[CR],2509580750
A,33836,60584,15842,47[CR],2509581187
F,60536,13177,15861,49[CR],2509581515
C,13939,1628,15879,44[CR],2509581953
F,60576,13163,15898,51[CR],2509582281
C,13881,1652,15916,43[CR],2509582718
F,59256,13145,15935,51[CR],2509583156
C,13864,1652,15953,47[CR],2509583484
F,60720,13143,15972,51[CR],2509583921
C,13881,1640,15991,47[CR],2509584250
F,59440,13130,16009,54[CR],2509584625
C,13945,1624,16028,49[CR],2509585015
F,62360,13215,16047,39[CR],2509585453
C,14176,1628,16055,7[CR],2509585781
F,62896,13108,16055,1[CR],2509586218
C,13759,1640,16055,1[CR],2509586656
F,59992,13010,16055,0[CR],2509586984
A,33792,59496,16055,0[CR],2509587421
F,59280,12998,16055,0[CR],2509587750
C,13635,1614,16055,0[CR],2509588187
F,58696,12990,16055,0[CR],2509588515
C,13618,1614,16055,0[CR],2509588953
F,58232,12985,16055,0[CR],2509589390
C,13603,1620,16055,0[CR],2509589718
F,57888,12982,16055,0[CR],2509590156
C,13591,1628,16055,0[CR],2509590484
F,57600,12978,16055,0[CR],2509590921
C,13581,1618,16055,0[CR],2509591359
F,57344,12974,16055,0[CR],2509591687
C,13572,1604,16055,0[CR],2509592125
F,57128,12972,16055,0[CR],2509592453
C,13565,1628,16055,0[CR],2509592890
F,56888,12969,16055,0[CR],2509593218
A,33824,56720,16055,0[CR],2509593656
F,56616,12968,16055,0[CR],2509593984
C,13550,1608,16055,0[CR],2509594421
F,56448,12965,16055,0[CR],2509594859
C,13543,1624,16055,0[CR],2509595187
F,56288,12963,16055,0[CR],2509595625
C,13538,1628,16055,0[CR],2509595953
F,56184,12963,16055,0[CR],2509596390
C,13533,1610,16055,0[CR],2509596718
F,56072,12961,16055,0[CR],2509597156
C,13526,1610,16055,0[CR],2509597593
F,55960,12960,16055,0[CR],2509597921
C,13522,1618,16055,0[CR],2509598359
F,55848,12958,16055,0[CR],2509598687
C,13516,1624,16055,0[CR],2509599125
F,55784,12958,16055,0[CR],2509599453
A,33848,55728,16055,0[CR],2509599890
F,55688,12956,16055,0[CR],2509600328
C,13506,1620,16055,0[CR],2509600656
F,55576,12955,16055,0[CR],2509601093
C,13503,1630,16055,0[CR],2509601421
F,55496,12953,16055,0[CR],2509601859
C,13498,1624,16055,0[CR],2509602187
F,55376,12953,16055,0[CR],2509602625
C,13493,1624,16055,0[CR],2509603062
F,55304,12952,16055,0[CR],2509603390
C,13490,1634,16055,0[CR],2509603828
F,55176,12950,16055,0[CR],2509604156
C,13487,1618,16055,0[CR],2509604593
F,55112,12949,16055,0[CR],2509604921
C,13483,1614,16055,0[CR],2509605359
F,55040,12948,16055,0[CR],2509605796
A,33856,55016,16055,0[CR],2509606125
F,54976,12948,16055,0[CR],2509606562
C,13475,1618,16055,0[CR],2509606890
F,54912,12945,16055,0[CR],2509607328
C,13473,1628,16055,0[CR],2509607656
F,54800,12943,16055,0[CR],2509608093
C,13470,1630,16055,0[CR],2509608531
F,54704,12945,16055,0[CR],2509608859
C,13468,1614,16055,0[CR],2509609296
F,54624,12943,16055,0[CR],2509609625
C,13464,1614,16055,0[CR],2509610062
F,54560,12942,16055,0[CR],2509610390
C,13461,1620,16055,0[CR],2509610828
F,54480,12940,16055,0[CR],2509611265
C,13459,1614,16055,0[CR],2509611593
F,54432,12941,16055,0[CR],2509612031
A,33812,54376,16055,0[CR],2509612359
F,54352,12939,16055,0[CR],2509612796
C,13453,1614,16055,0[CR],2509613125
F,54304,12938,16055,0[CR],2509613562
C,13450,1640,16055,0[CR],2509614000
F,54232,12936,16055,0[CR],2509614328
C,13447,1620,16055,0[CR],2509614765
F,54192,12936,16055,0[CR],2509615093
C,13446,1628,16055,0[CR],2509615531
F,54136,12934,16055,0[CR],2509615859
C,13442,1630,16055,0[CR],2509616296
F,54096,12935,16055,0[CR],2509616734
C,13440,1614,16055,0[CR],2509617062
F,54040,12935,16055,0[CR],2509617500
C,13439,1614,16055,0[CR],2509617828
F,54016,12933,16055,0[CR],2509618265
A,33792,54000,16055,0[CR],2509618593
F,53960,12934,16055,0[CR],2509619031
C,13434,1630,16055,0[CR],2509619468
F,53960,12932,16055,0[CR],2509619796
C,13434,1618,16055,0[CR],2509620234
F,53920,12931,16055,0[CR],2509620562
C,13431,1624,16055,0[CR],2509621000
F,53880,12933,16055,0[CR],2509621328
C,13429,1624,16055,0[CR],2509621765
F,53848,12932,16055,0[CR],2509622203
C,13427,1612,16055,0[CR],2509622531
F,53800,12932,16055,0[CR],2509622968
C,13425,1620,16055,0[CR],2509623296
F,53768,12928,16055,0[CR],2509623734
C,13424,1634,16055,0[CR],2509624062
F,53712,12930,16055,0[CR],2509624500
A,33816,53696,16055,0[CR],2509624937
F,53688,12931,16055,0[CR],2509625265
C,13418,1620,16055,0[CR],2509625703
F,53672,12928,16055,0[CR],2509626031
C,13416,1620,16055,0[CR],2509626468
F,53640,12926,16055,0[CR],2509626796
C,13415,1630,16055,0[CR],2509627250
F,53592,12925,16055,0[CR],2509627687
C,13414,1628,16055,0[CR],2509628015
F,53544,12927,16055,0[CR],2509628453
C,13412,1618,16055,0[CR],2509628781
F,53512,12925,16055,0[CR],2509629218
C,13410,1602,16055,0[CR],2509629546
F,53472,12925,16055,0[CR],2509629984
C,13409,1630,16055,0[CR],2509630421
F,53440,12924,16055,0[CR],2509630750
A,33792,53408,16055,0[CR],2509631187
F,53392,12923,16055,0[CR],2509631515
C,13406,1614,16055,0[CR],2509631953
F,53368,12923,16055,0[CR],2509632281
C,13404,1620,16055,0[CR],2509632718
F,53320,12923,16055,0[CR],2509633156
C,13403,1620,16055,0[CR],2509633484
F,53304,12920,16055,0[CR],2509633921
C,13402,1612,16055,0[CR],2509634250
F,53264,12923,16055,0
<PAUSE BUTTON 14:16:18>
[CR],2509634578
>
Reset interface. Wait time for interface: 32
>
Reset interface. Wait time for interface: 47DOFF
OK
>
Command: DOFF Wait time for interface: 109

>
Reset interface. Wait time for interface: 109CLEAR
OK
>
Command: CLEAR Wait time for interface: 110

<END BUTTON 14:22:41>

------------------- Begin end zero test --------------------
>
Reset interface. Wait time for interface: 110SCANG
Z,0,0,0,0
Z,0,0,0,0[CR],2510020906
Z,0,0,0,0[CR],2510021453
Z,0,0,0,0[CR],2510021890
Z,0,0,0,0[CR],2510022437
Z,0,0,0,0[CR],2510022984
Z,0,0,0,0[CR],2510023421
Z,0,0,0,0[CR],2510023968
Z,0,0,0,0[CR],2510024406
Z,0,0,0,0[CR],2510024953
Z,0,0,0,0[CR],2510025281
C,12112,6310,0,0[CR],2510025718
F,11817,12648,0,0[CR],2510026046
C,12113,8901,0,0[CR],2510026484
F,11812,12647,0,0[CR],2510026812
C,12113,6534,0,0[CR],2510027250
F,11817,12645,0,0[CR],2510027593
C,12114,6520,0,0[CR],2510028046
F,11807,12646,0,0[CR],2510028390
C,12114,6704,0,0[CR],2510028843
F,11800,12647,0,0[CR],2510029203
C,12114,6384,0,0[CR],2510029546
F,11799,12648,0,0[CR],2510030015
C,12114,5364,0,0[CR],2510030343
F,11801,12647,0,0[CR],2510030796
A,33932,11804,0,0[CR],2510031125
F,11785,12647,0,0[CR],2510031578
C,12114,6314,0,0[CR],2510031906
F,11797,12653,0,0[CR],2510032359
C,12123,5770,0,0[CR],2510032687
F,11773,12648,0,0[CR],2510033125
C,12143,6250,0,0[CR],2510033453
F,12077,12639,0,0[CR],2510033890
C,12135,5996,0,0[CR],2510034218
F,12268,12637,0,0[CR],2510034656
C,12131,6056,0,0[CR],2510035093
F,12170,12639,0,0[CR],2510035421
C,12130,5964,0,0[CR],2510035859
F,12151,12637,0,0[CR],2510036187
C,12130,6028,0,0[CR],2510036625
F,12140,12638,0,0[CR],2510036953
A,33924,12129,0,0[CR],2510037390
>
Reset interface. Wait time for interface: 78

======== END OF TEST ========


