CPT-log version: 5.22
======== BEGIN OF TEST ========
DATE 31.10.2022

<Transmited Data>
<NEW BUTTON 10:42:54>
[^C][CR]
>[CR]
VER[CR][LF]
[^C][CR]
[^C][CR]
CLEAR[CR]
[^C][CR]
DOFF[CR]
[^C][CR]
SCAN E[CR]
[^C][CR]
[^C][CR]
CLEAR[CR]

<START BUTTON 11:08:02>
[^C][CR]
[^C][CR]
DRON[CR]
SCAN E[CR]
[^G][^G][^G][^G][^G][^G]
<PAUSE BUTTON 11:21:22>
[^C][CR]
[^C][CR]
DOFF[CR]
[^C][CR]
CLEAR[CR]

<END BUTTON 11:27:51>
[^C][CR]
SCAN E[CR]
[^C][CR]


<Received Data>
<NEW BUTTON 10:42:54>
ÿ
>
Reset interface. Wait time for interface: 110>
>
Command: > Wait time for interface: 125
VER
M240,2364,0,0
>
Reset interface. Wait time for interface: 15
>
Reset interface. Wait time for interface: 110CLEAR
OK
>
Command: CLEAR Wait time for interface: 109

>
Reset interface. Wait time for interface: 109DOFF
OK
>
Command: DOFF Wait time for interface: 110

>
Reset interface. Wait time for interface: 47SCAN E
Z,0,0,0,0,0,2472
Z,0,0,0,0,1,2449[CR],2177566421
Z,0,0,0,0,0,2449[CR],2177566890
Z,0,0,0,0,0,2450[CR],2177567484
Z,0,0,0,0,0,2450[CR],2177567984
Z,0,0,0,0,0,2449[CR],2177568437
Z,0,0,0,0,0,2449[CR],2177568875
Z,0,0,0,0,0,2449[CR],2177569453
Z,0,0,0,0,0,2449[CR],2177569906
Z,0,0,0,0,0,2449[CR],2177570375
Z,0,0,0,0,0,2450[CR],2177570968
Z,0,0,0,0,0,2449[CR],2177571406
Z,0,0,0,0,0,2449[CR],2177571890
Z,0,0,0,0,218,2448[CR],2177572468
Z,0,0,0,0,321,2448[CR],2177572578
C,12240,7340,0,0,2,2446[CR],2177573015
Z,0,0,0,0,291,2442[CR],2177573593
Z,0,0,0,0,106,2437[CR],2177573718
C,12241,9163,0,0,281,2437[CR],2177574078
F,12221,12529,0,0,258,2438[CR],2177574531
C,12241,8961,0,0,293,2438[CR],2177574890
F,12227,12530,0,0,284,2438[CR],2177575250
A,35472,12225,0,0,316,2439[CR],2177575750
C,12241,8785,0,0,316,2439[CR],2177576109
F,12224,12529,0,0,320,2439[CR],2177576421
C,12240,8624,0,0,319,2438[CR],2177576859
F,12220,12530,0,0,320,2438[CR],2177577218
C,12241,8646,0,0,323,2439[CR],2177577687
A,35508,12223,0,0,303,2439[CR],2177578046
C,12241,8657,0,0,303,2438[CR],2177578390
F,12221,12528,0,0,288,2438[CR],2177578843
C,12241,8661,0,0,303,2437[CR],2177579187
F,12221,12528,0,0,291,2438[CR],2177579640
A,35516,12226,0,0,230,2438[CR],2177579968
C,12241,8684,0,0,300,2439[CR],2177580406
F,12226,12528,0,0,292,2439[CR],2177580734
C,12242,8706,0,0,283,2439[CR],2177581171
F,12224,12529,0,0,294,2438[CR],2177581515
A,35520,12228,0,0,239,2440[CR],2177581875
C,12242,8701,0,0,273,2442[CR],2177582359
F,12221,12527,0,0,262,2441[CR],2177582687
C,12241,8726,0,0,284,2441[CR],2177583125
F,12226,12528,0,0,249,2440[CR],2177583453
C,12242,8754,0,0,225,2440[CR],2177583890
A,35540,12218,0,0,249,2439[CR],2177584328
C,12242,8774,0,0,209,2440[CR],2177584687
F,12218,12525,0,0,48,2440[CR],2177584906
>
Reset interface. Wait time for interface: 63
>
Reset interface. Wait time for interface: 47CLEAR
OK
>
Command: CLEAR Wait time for interface: 109

<START BUTTON 11:08:02>

>
Reset interface. Wait time for interface: 62
>
Reset interface. Wait time for interface: 110DRON
OK
>
Command: DRON Wait time for interface: 109
SCAN E
Z,0,0,0,0,523,4183
C,25668,834,0,0,523,4142[CR],2177889312
F,14914,16602,0,0,524,4142[CR],2177889750
C,25644,830,0,0,523,4140[CR],2177890078
A,35372,14921,0,0,523,4140[CR],2177890515
C,25620,826,0,0,523,4139[CR],2177890968
F,14921,16610,0,0,523,4139[CR],2177891296
C,25596,840,0,0,523,4137[CR],2177891734
F,14918,16618,0,0,523,4137[CR],2177892078
A,35328,14923,0,0,523,4136[CR],2177892515
C,25568,854,0,0,523,4135[CR],2177892859
F,14919,16626,0,0,523,4135[CR],2177893218
C,25548,840,0,0,523,4135[CR],2177893703
F,14921,16630,0,0,523,4133[CR],2177894078
A,35392,14922,0,0,523,4133[CR],2177894406
C,25524,838,0,0,522,4133[CR],2177894875
F,14919,16636,0,0,522,4131[CR],2177895203
C,25508,840,0,0,522,4131[CR],2177895562
F,14922,16640,0,0,522,4130[CR],2177896000
C,25492,832,0,0,521,4131[CR],2177896453
A,35376,14914,0,0,522,4130[CR],2177896812
C,25480,812,0,0,522,4129[CR],2177897187
F,14912,16644,0,0,522,4129[CR],2177897531
C,25464,812,0,0,521,4128[CR],2177897968
F,14906,16646,0,0,522,4126[CR],2177898312
A,35340,14901,0,0,522,4126[CR],2177898781
C,25448,842,0,0,521,4126[CR],2177899125
F,14896,16650,0,0,521,4126[CR],2177899484
C,25436,838,0,0,521,4126[CR],2177899953
F,14895,16654,0,0,521,4124[CR],2177900296
A,35364,14892,0,0,521,4124[CR],2177900640
C,25416,848,0,0,518,4124[CR],2177901109
F,14885,16660,0,0,521,4123[CR],2177901437
C,25404,824,0,0,520,4123[CR],2177901906
F,14889,16660,0,0,521,4122[CR],2177902250
C,25392,838,0,0,520,4122[CR],2177902609
A,35360,14881,0,0,521,4122[CR],2177903062
C,25384,808,0,0,520,4121[CR],2177903406
F,14873,16666,0,0,520,4120[CR],2177903765
C,25372,830,0,0,520,4120[CR],2177904218
F,14875,16670,0,0,520,4121[CR],2177904562
A,35376,14871,0,0,522,4118[CR],2177905015
C,25356,830,0,0,520,4119[CR],2177905343
F,14866,16672,0,0,520,4118[CR],2177905796
C,25348,852,0,0,520,4118[CR],2177906171
F,14863,16674,0,0,520,4118[CR],2177906515
A,35312,14858,0,0,521,4117[CR],2177906984
C,25332,834,0,0,520,4117[CR],2177907312
F,14859,16678,0,0,521,4116[CR],2177907671
C,25324,836,0,0,520,4117[CR],2177908125
F,14860,16682,0,0,520,4115[CR],2177908468
C,25316,826,0,0,520,4115[CR],2177908937
A,35328,14857,0,0,520,4114[CR],2177909265
C,25308,840,0,0,520,4114[CR],2177909640
F,14854,16684,0,0,520,4114[CR],2177910093
C,25300,834,0,0,519,4114[CR],2177910453
F,14849,16686,0,0,520,4114[CR],2177910890
A,35272,14848,0,0,520,4113[CR],2177911234
C,25284,834,0,0,519,4113[CR],2177911593
F,14843,16690,0,0,520,4112[CR],2177912062
C,25276,834,0,0,519,4112[CR],2177912406
F,14841,16692,0,0,520,4112[CR],2177912781
A,35328,14832,0,0,520,4111[CR],2177913234
C,25268,834,0,0,520,4110[CR],2177913562
F,14830,16694,0,0,519,4111[CR],2177914015
C,25264,826,0,0,519,4110[CR],2177914359
F,14838,16698,0,0,519,4110[CR],2177914703
C,25256,830,0,0,519,4111[CR],2177915156
A,35316,14840,0,0,519,4110[CR],2177915531
C,25248,858,0,0,519,4109[CR],2177915984
F,14826,16698,0,0,519,4109[CR],2177916359
C,25240,826,0,0,519,4109[CR],2177916703
F,14822,16700,0,0,519,4109[CR],2177917062
A,35340,14819,0,0,519,4108[CR],2177917515
C,25228,840,0,0,519,4107[CR],2177917875
F,14817,16704,0,0,519,4107[CR],2177918250
C,25224,832,0,0,519,4107[CR],2177918687
F,14819,16706,0,0,519,4106[CR],2177919031
A,35292,14811,0,0,519,4106[CR],2177919468
C,25216,840,0,0,519,4105[CR],2177919796
F,14809,16706,0,0,519,4105[CR],2177920171
C,25208,844,0,0,519,4105[CR],2177920625
F,14812,16708,0,0,519,4105[CR],2177920953
C,25204,834,0,0,519,4104[CR],2177921406
A,35324,14806,0,0,519,4105[CR],2177921734
C,25196,852,0,0,516,4103[CR],2177922218
F,14797,16710,0,0,519,4103[CR],2177922593
C,25188,852,0,0,519,4104[CR],2177922921
F,14796,16710,0,0,519,4103[CR],2177923406
A,35316,14796,0,0,519,4102[CR],2177923781
C,25180,842,0,0,519,4102[CR],2177924109
F,14787,16712,0,0,519,4101[CR],2177924562
C,25176,828,0,0,519,4101[CR],2177924906
F,14786,16718,0,0,520,4101[CR],2177925359
A,35284,14785,0,0,519,4101[CR],2177925718
C,25168,850,0,0,519,4100[CR],2177926046
F,14783,16716,0,0,519,4100[CR],2177926406
C,25164,826,1,0,595,4152[CR],2177926859
F,14783,16722,9,21,587,4376[CR],2177927187
C,29076,856,16,18,588,4398[CR],2177927656
A,35312,14845,24,19,584,4425[CR],2177927984
C,29816,896,31,21,586,4450[CR],2177928437
F,14763,16822,39,18,592,4498[CR],2177928781
C,30280,896,47,23,596,4485[CR],2177929218
F,14718,16466,55,18,601,4427[CR],2177929546
A,35232,14678,63,19,600,4392[CR],2177930015
C,28156,848,71,22,604,4394[CR],2177930359
F,14689,16896,79,19,608,4353[CR],2177930703
C,28368,890,87,20,607,4369[CR],2177931171
F,14764,16590,94,22,606,4378[CR],2177931531
A,35276,14812,102,18,606,4366[CR],2177931906
C,28880,844,110,21,596,4391[CR],2177932359
F,14854,15719,117,17,583,4430[CR],2177932703
C,29576,878,125,19,580,4467[CR],2177933156
F,14928,15805,133,21,579,4490[CR],2177933484
C,30496,886,141,18,581,4519[CR],2177933921
A,35292,15016,148,19,585,4547[CR],2177934250
C,31256,890,156,16,588,4589[CR],2177934687
F,15046,15742,164,18,595,4644[CR],2177935015
C,32704,888,171,20,596,4714[CR],2177935453
F,15146,16169,178,18,600,4806[CR],2177935890
A,35268,15366,186,20,613,4888[CR],2177936218
C,36408,944,194,19,608,4881[CR],2177936656
F,15483,15544,203,19,596,4757[CR],2177936984
C,34452,948,210,18,603,4832[CR],2177937421
F,15217,22628,217,19,599,4878[CR],2177937750
A,35264,15515,225,19,600,4918[CR],2177938187
C,35560,944,233,21,597,4944[CR],2177938625
F,15811,19904,240,18,596,4977[CR],2177938953
C,36484,956,248,20,590,5053[CR],2177939390
F,15825,20444,256,17,587,5070[CR],2177939718
C,37944,942,263,19,586,5089[CR],2177940156
A,35268,15703,271,22,585,5103[CR],2177940484
C,37692,946,279,19,586,5125[CR],2177940921
F,15677,22216,287,20,586,5152[CR],2177941359
C,37424,952,294,17,587,5179[CR],2177941718
F,15756,22922,303,19,588,5199[CR],2177942125
A,35240,15765,311,21,588,5216[CR],2177942453
C,38008,950,318,19,588,5239[CR],2177942890
F,15918,22756,326,20,585,5257[CR],2177943234
C,38280,954,334,22,585,5291[CR],2177943656
F,15924,21990,342,19,580,5284[CR],2177944093
A,35240,15851,350,22,586,5274[CR],2177944421
C,38116,960,357,17,585,5302[CR],2177944859
F,15781,19524,365,19,583,5336[CR],2177945187
C,38284,948,373,22,582,5343[CR],2177945625
F,15846,19328,381,18,580,5376[CR],2177945953
C,38712,950,389,20,595,5415[CR],2177946390
A,35276,15890,396,19,608,5438[CR],2177946828
C,39232,952,405,19,610,5459[CR],2177947156
F,15917,19176,412,20,604,5506[CR],2177947593
C,39508,966,420,18,606,5534[CR],2177947921
F,15864,18248,427,19,605,5616[CR],2177948359
A,35236,15899,435,22,612,5669[CR],2177948687
C,41464,962,443,20,609,5586[CR],2177949125
F,15905,17104,451,20,604,5554[CR],2177949562
C,38504,958,459,16,612,5594[CR],2177949890
F,15847,20654,467,19,608,5629[CR],2177950328
A,35252,15741,475,20,600,5670[CR],2177950656
C,39104,970,482,18,584,5726[CR],2177951093
F,15749,20590,490,19,587,5780[CR],2177951421
C,40820,978,497,19,583,5842[CR],2177951859
F,15793,18642,505,19,579,5841[CR],2177952187
C,42272,1142,513,22,580,5847[CR],2177952625
A,35272,16442,521,17,577,5795[CR],2177953062
C,40480,1004,530,20,579,5777[CR],2177953390
F,16460,20718,538,22,577,5749[CR],2177953828
C,39912,946,546,19,577,5655[CR],2177954156
F,16526,18810,554,19,579,5621[CR],2177954593
A,35244,16492,562,22,578,5626[CR],2177955031
C,37660,1008,570,19,587,5625[CR],2177955359
F,16498,18854,578,20,588,5642[CR],2177955796
C,37320,1016,586,22,600,5654[CR],2177956125
F,16702,19112,594,19,598,5649[CR],2177956562
A,35276,16792,602,22,601,5669[CR],2177956890
C,37236,1020,609,18,595,5671[CR],2177957328
F,16714,18360,617,19,593,5712[CR],2177957765
C,38368,1008,625,21,579,5716[CR],2177958093
F,16268,18810,633,20,582,5709[CR],2177958531
C,37832,998,641,20,575,5712[CR],2177958859
A,35236,15985,649,22,583,5769[CR],2177958968
K,19804,14505,650,21,547,5789[CR],2177959296
C,37628,1022,656,18,576,5821[CR],2177959625
F,15915,18268,664,20,580,5841[CR],2177960062
C,38288,1040,672,18,580,5856[CR],2177960390
F,15765,18018,680,20,596,5868[CR],2177960828
A,35280,15690,687,22,594,5857[CR],2177961265
C,38036,1044,695,19,596,5852[CR],2177961593
F,15648,18228,703,20,595,5839[CR],2177962031
C,38336,1044,711,16,594,5882[CR],2177962359
F,15043,17786,719,19,595,5922[CR],2177962796
A,35240,15145,727,21,596,5926[CR],2177963234
C,38600,1036,734,19,596,5968[CR],2177963562
F,15298,17304,742,20,603,6031[CR],2177964000
C,38468,1030,749,22,603,6061[CR],2177964328
F,15076,17748,758,19,585,6078[CR],2177964765
C,38648,1042,765,21,572,6094[CR],2177965093
A,35264,15223,773,18,572,6134[CR],2177965531
C,39284,1002,781,21,571,6142[CR],2177965968
F,15312,17950,789,22,574,6073[CR],2177966296
C,38964,980,797,18,574,6051[CR],2177966734
F,15727,17444,806,20,582,6050[CR],2177967062
A,35260,16076,814,22,584,6040[CR],2177967500
C,37664,1022,821,19,586,6057[CR],2177967828
F,16124,18868,829,20,600,6082[CR],2177968265
C,38236,992,837,17,600,6082[CR],2177968703
F,16164,17326,845,18,594,6116[CR],2177969031
A,35236,16370,852,21,577,6122[CR],2177969140
K,19806,111152,854,20,548,6158[CR],2177969484
C,38188,1016,860,18,575,6176[CR],2177969796
F,16510,20138,868,20,576,6213[CR],2177970234
C,38440,1038,875,16,574,6277[CR],2177970578
F,16794,20994,883,18,574,6349[CR],2177971000
C,38264,1056,890,21,573,6413[CR],2177971328
A,35244,16860,898,18,577,6473[CR],2177971765
C,39132,1004,906,20,576,6473[CR],2177972203
F,16860,20122,913,16,576,6508[CR],2177972531
C,38248,1072,921,19,572,6491[CR],2177972968
F,17062,22222,929,21,569,6505[CR],2177973296
A,35244,15722,937,18,572,6561[CR],2177973734
C,37152,1060,945,20,576,6557[CR],2177974171
F,15244,22276,953,22,575,6520[CR],2177974500
C,37540,1094,961,19,576,6505[CR],2177974937
F,15250,19392,969,20,574,6534[CR],2177975265
A,35228,15411,976,21,569,6586[CR],2177975703
C,37024,1112,984,18,574,6604[CR],2177976031
F,15566,20270,992,21,585,6620[CR],2177976468
C,37708,1094,1000,18,580,6646[CR],2177976906
F,15716,18840,1007,19,580,6697[CR],2177977234
C,38352,1118,1015,22,590,6713[CR],2177977671
A,35252,15817,1023,18,590,6699[CR],2177978000
C,38448,1106,1031,20,589,6737[CR],2177978437
F,15877,18598,1038,17,589,6787[CR],2177978765
C,38996,1136,1046,19,590,6816[CR],2177979203
F,15959,18282,1053,21,594,6857[CR],2177979640
A,35288,16059,1061,18,584,6884[CR],2177979968
C,39812,1160,1069,21,579,6907[CR],2177980406
F,16232,17526,1077,23,568,6865[CR],2177980734
C,39576,1128,1085,19,571,6825[CR],2177981109
F,16257,17442,1093,21,570,6829[CR],2177981500
A,35280,16201,1101,17,574,6802[CR],2177981937
C,38032,1136,1109,20,588,6807[CR],2177982265
F,16270,18292,1117,22,594,6806[CR],2177982703
C,38532,1138,1125,18,584,6778[CR],2177983140
F,16317,17618,1133,20,584,6819[CR],2177983468
C,37508,1146,1141,17,579,6825[CR],2177983906
A,35264,16430,1148,19,580,6859[CR],2177984234
C,37560,1144,1156,22,574,6888[CR],2177984671
F,16460,17918,1164,18,572,6844[CR],2177985109
C,37532,1146,1173,21,565,6801[CR],2177985437
F,16516,18632,1180,21,563,6781[CR],2177985875
A,35268,16536,1188,18,561,6862[CR],2177986203
C,36680,1142,1196,20,561,6890[CR],2177986640
F,16606,18386,1203,16,562,6926[CR],2177986968
C,37152,1138,1211,19,576,7002[CR],2177987406
F,16630,17860,1219,22,587,6953[CR],2177987843
A,35320,16688,1227,19,590,6998[CR],2177988171
C,37436,1162,1234,20,576,7032[CR],2177988609
F,16726,19294,1243,25,587,6962[CR],2177988953
C,36680,1164,1252,21,594,6874[CR],2177989375
F,16942,17968,1260,19,596,6880[CR],2177989703
C,35304,1140,1268,22,593,6842[CR],2177990140
A,35296,16856,1275,19,598,6820[CR],2177990578
C,34664,1120,1283,22,599,6788[CR],2177990906
F,16980,19126,1291,18,600,6792[CR],2177991343
C,34472,1128,1299,19,596,6820[CR],2177991671
F,17106,19552,1307,20,601,6832[CR],2177992109
A,35268,16886,1315,19,601,6856[CR],2177992437
C,34940,1152,1323,20,610,6872[CR],2177992875
F,16662,20064,1330,21,601,6875[CR],2177993312
C,35244,1168,1338,19,605,6935[CR],2177993640
F,16482,20150,1346,20,600,6989[CR],2177994078
A,35284,16496,1353,18,591,7001[CR],2177994406
C,36500,1148,1361,18,595,7081[CR],2177994843
F,16062,19512,1368,22,603,7166[CR],2177995171
C,37576,1182,1376,19,594,7114[CR],2177995609
F,16562,17582,1383,19,599,7229[CR],2177996046
C,39008,1148,1390,18,597,7313[CR],2177996375
A,35300,16790,1398,20,606,7321[CR],2177996812
C,38356,1136,1406,21,598,7277[CR],2177997140
F,16154,25920,1414,20,585,7301[CR],2177997578
C,37432,1052,1422,20,588,7304[CR],2177997906
F,15643,27552,1429,18,591,7341[CR],2177998343
A,35280,15662,1437,19,584,7362[CR],2177998781
C,37392,1152,1444,21,582,7378[CR],2177999125
F,15743,31760,1452,17,580,7457[CR],2177999546
C,38900,1144,1460,20,581,7507[CR],2177999875
F,15473,30332,1467,18,584,7483[CR],2178000312
A,35292,15364,1475,19,582,7505[CR],2178000640
C,40056,1150,1482,20,583,7560[CR],2178001015
F,15396,31136,1490,19,584,7580[CR],2178001406
C,40512,1152,1498,21,568,7555[CR],2178001843
F,15428,29120,1506,17,565,7565[CR],2178002281
C,40712,1100,1514,20,563,7546[CR],2178002609
A,35280,15521,1522,23,563,7486[CR],2178003046
C,39644,1124,1530,17,567,7444[CR],2178003375
F,15590,25236,1539,20,564,7416[CR],2178003812
C,38712,1126,1547,21,566,7424[CR],2178004140
F,15608,23060,1554,19,568,7392[CR],2178004578
A,35272,15527,1562,20,568,7401[CR],2178005015
C,38592,1030,1570,22,568,7370[CR],2178005343
F,15455,18062,1578,19,563,7358[CR],2178005781
C,37692,1094,1586,20,565,7395[CR],2178006109
F,15582,19448,1594,17,566,7415[CR],2178006546
A,35268,15697,1602,19,564,7444[CR],2178006875
C,37824,1146,1609,21,560,7457[CR],2178007312
F,15753,18936,1617,19,564,7460[CR],2178007750
C,37344,1126,1625,20,564,7401[CR],2178008093
F,15733,18320,1632,21,574,7405[CR],2178008515
C,34992,1128,1640,19,587,7434[CR],2178008843
A,35288,15774,1649,21,593,7361[CR],2178009281
C,32300,1158,1657,17,597,7323[CR],2178009640
F,15752,20548,1665,21,595,7293[CR],2178010046
C,30740,1182,1673,22,597,7234[CR],2178010484
F,15721,20140,1681,19,597,7179[CR],2178010812
A,35372,15697,1690,20,593,7141[CR],2178011250
C,29136,1158,1698,22,593,7112[CR],2178011578
F,15652,20132,1706,19,580,7063[CR],2178012015
C,27400,1154,1714,21,577,7055[CR],2178012343
F,15639,21020,1722,23,568,6999[CR],2178012781
A,35316,15702,1730,19,568,6959[CR],2178013218
C,24736,1136,1737,11,493,6935[CR],2178013546
F,15667,20240,1737,2,454,6842[CR],2178013984
C,22608,1124,1737,1,447,6829[CR],2178014312
F,15528,20446,1737,0,444,6817[CR],2178014750
C,21946,1136,1737,0,443,6817[CR],2178015078
A,35340,15502,1737,0,443,6817[CR],2178015515
C,21746,1140,1737,0,441,6816[CR],2178015953
F,15495,20812,1737,0,441,6816[CR],2178016281
C,21650,1140,1737,0,439,6817[CR],2178016718
F,15493,20930,1737,0,439,6817[CR],2178017046
A,35312,15480,1737,0,519,4292[CR],2178017484
C,21224,1138,1737,0,455,770[CR],2178017812
F,13632,11865,1737,0,454,918[CR],2178018250
C,11509,1146,1737,0,457,1056[CR],2178018687
F,12325,11869,1737,0,457,1124[CR],2178019015
A,35348,12600,1737,0,445,1186[CR],2178019453
C,11628,1142,1737,0,440,1215[CR],2178019781
F,13262,11872,1737,0,438,1242[CR],2178020328
Z,0,0,1737,11,305,1518[CR],2178020765
Z,0,0,1737,1,314,2473[CR],2178020984
C,12149,1140,1737,1,321,2474[CR],2178021421
A,35328,14534,1737,0,322,2472[CR],2178021750
C,12121,1142,1737,0,62,2445[CR],2178022296
Z,0,0,1737,0,0,2418[CR],2178022734
Z,0,0,1737,0,0,2443[CR],2178023281
Z,0,0,1737,0,0,2448[CR],2178023718
Z,0,0,1737,0,0,2450[CR],2178024265
Z,0,0,1737,0,280,2454[CR],2178024812
Z,0,0,1737,0,0,2462[CR],2178025250
Z,0,0,1737,0,0,2459[CR],2178025796
Z,0,0,1737,0,0,2460[CR],2178026234
Z,0,0,1737,0,0,2460[CR],2178026781
Z,0,0,1737,0,0,2464[CR],2178027218
Z,0,0,1737,0,0,2448[CR],2178027765
Z,0,0,1737,0,0,2456[CR],2178028312
Z,0,0,1737,0,0,2470[CR],2178028750
Z,0,0,1737,0,0,2471[CR],2178029296
Z,0,0,1737,0,0,2470[CR],2178029734
Z,0,0,1737,0,96,2472[CR],2178030281
Z,0,0,1737,0,0,2470[CR],2178030718
Z,0,0,1737,0,0,2472[CR],2178031265
Z,0,0,1737,0,0,2472[CR],2178031812
Z,0,0,1737,0,1,2474[CR],2178032250
Z,0,0,1737,0,0,2474[CR],2178032796
Z,0,0,1737,0,0,2475[CR],2178033234
Z,0,0,1737,0,0,2473[CR],2178033781
Z,0,0,1737,0,0,2404[CR],2178034218
Z,0,0,1737,0,2,2401[CR],2178034765
Z,0,0,1737,0,0,2404[CR],2178035312
Z,0,0,1737,0,0,2422[CR],2178035750
Z,0,0,1737,0,0,2434[CR],2178036296
Z,0,0,1737,0,0,2430[CR],2178036734
Z,0,0,1737,0,0,2439[CR],2178037281
Z,0,0,1737,0,0,2445[CR],2178037828
Z,0,0,1737,0,0,2447[CR],2178038265
Z,0,0,1737,0,0,2450[CR],2178038812
Z,0,0,1737,0,0,2454[CR],2178039250
Z,0,0,1737,0,0,2452[CR],2178039796
Z,0,0,1737,0,0,2455[CR],2178040234
Z,0,0,1737,0,0,2461[CR],2178040781
Z,0,0,1737,0,16,2460[CR],2178041328
Z,0,0,1737,0,0,2462[CR],2178041765
Z,0,0,1737,0,434,2486[CR],2178042312
Z,0,0,1737,0,0,2473[CR],2178042750
Z,0,0,1737,73,0,2484[CR],2178043296
Z,0,0,1737,35,0,2474[CR],2178043734
Z,0,0,1737,32,0,2479[CR],2178044281
Z,0,0,1737,18,420,2517[CR],2178044828
Z,0,0,1737,9,394,3523[CR],2178044828
F,15306,11877,1737,6,391,4585[CR],2178045265
C,12461,1138,1737,1,386,4567[CR],2178045593
F,15405,12588,1737,1,386,4549[CR],2178046031
C,12510,1148,1737,0,388,4546[CR],2178046359
A,35448,15238,1737,0,386,4545[CR],2178046796
C,12496,1158,1737,0,380,4565[CR],2178047125
F,15226,12630,1737,0,383,4557[CR],2178047562
C,12489,1146,1737,0,376,4553[CR],2178048000
F,15271,12632,1737,0,460,4002[CR],2178048328
A,35464,15657,1737,0,460,3838[CR],2178048765
C,12526,1146,1737,0,459,3822[CR],2178049093
F,15478,14183,1737,0,458,3812[CR],2178049531
C,12519,1146,1737,0,458,3805[CR],2178049859
F,15421,14165,1737,0,459,3800[CR],2178050296
A,35448,15410,1737,0,458,3796[CR],2178050734
C,12515,1148,1737,0,458,3793[CR],2178051062
F,15393,14152,1737,0,459,3792[CR],2178051500
C,12512,1148,1737,0,459,3790[CR],2178051828
F,15386,14143,1737,0,458,3787[CR],2178052265
C,12513,1148,1737,0,458,3785[CR],2178052593
A,35436,15381,1737,21,579,3914[CR],2178053031
C,12512,1146,1737,16,571,4062[CR],2178053468
F,16218,14723,1737,15,558,4352[CR],2178053796
C,16434,1136,1737,17,555,4732[CR],2178054234
F,15473,14519,1737,17,560,5056[CR],2178054578
A,35460,15491,1741,19,568,5285[CR],2178055000
C,21072,1142,1749,18,576,5461[CR],2178055328
F,15441,14281,1757,21,577,5556[CR],2178055765
C,22628,1152,1764,17,572,5619[CR],2178056125
F,15405,13915,1772,19,571,5707[CR],2178056531
A,35484,15438,1780,22,575,5703[CR],2178056968
C,22240,1152,1787,18,573,5697[CR],2178057296
F,15732,14093,1795,20,573,5750[CR],2178057734
C,21844,1142,1802,17,573,5770[CR],2178058062
F,15787,14480,1811,19,573,5776[CR],2178058500
C,22040,1130,1818,22,577,5827[CR],2178058937
A,35508,15061,1826,19,574,5794[CR],2178059265
C,22074,1116,1834,21,573,5780[CR],2178059703
F,14290,15742,1842,23,574,5785[CR],2178060031
C,21980,1124,1850,20,575,5777[CR],2178060468
F,13214,15954,1858,21,576,5745[CR],2178060796
A,35488,12918,1865,17,571,5756[CR],2178061234
C,21524,1134,1874,20,572,5772[CR],2178061671
F,12725,15543,1881,21,572,5756[CR],2178062000
C,21280,1134,1889,19,573,5758[CR],2178062437
F,12952,15563,1897,19,572,5781[CR],2178062765
A,35472,13181,1904,21,572,5865[CR],2178063203
C,20934,1128,1912,19,572,5856[CR],2178063531
F,13606,16243,1920,21,566,5892[CR],2178063968
C,20926,1138,1928,19,563,5917[CR],2178064406
F,13905,16624,1936,19,562,5912[CR],2178064734
C,20880,1124,1944,21,560,5944[CR],2178065171
A,35540,14005,1952,19,561,5922[CR],2178065500
C,20900,1116,1959,19,561,5911[CR],2178065875
F,14190,16918,1967,19,562,5931[CR],2178066265
C,20756,1120,1975,19,560,5925[CR],2178066703
F,14330,16970,1983,22,559,5909[CR],2178067140
A,35472,14266,1991,17,562,5852[CR],2178067468
C,19998,1136,1999,20,562,5821[CR],2178067906
F,14186,16976,2007,22,565,5794[CR],2178068234
C,19180,1152,2015,18,562,5756[CR],2178068671
F,14113,17010,2023,19,564,5761[CR],2178069000
A,35508,14188,2031,22,563,5770[CR],2178069437
C,18106,1138,2039,18,567,5769[CR],2178069875
F,14347,17262,2047,21,564,5785[CR],2178070203
C,17800,1102,2054,19,564,5851[CR],2178070640
F,14393,17836,2062,19,564,5895[CR],2178070968
C,17586,1102,2069,22,563,5967[CR],2178071406
A,35536,14767,2077,20,563,6053[CR],2178071734
C,17544,1092,2085,22,563,6093[CR],2178072171
F,14975,18858,2092,16,564,6121[CR],2178072609
C,17724,1100,2100,19,564,6168[CR],2178072937
F,15567,18862,2108,21,564,6194[CR],2178073375
A,35536,15777,2116,19,564,6242[CR],2178073703
C,18980,1092,2124,19,563,6280[CR],2178074140
F,15660,17716,2131,17,563,6320[CR],2178074468
C,20006,1088,2139,19,562,6368[CR],2178074906
F,15448,17476,2147,21,560,6389[CR],2178075343
A,35528,15065,2155,18,557,6400[CR],2178075671
C,20712,1098,2162,20,558,6417[CR],2178076031
F,14720,17352,2170,22,557,6445[CR],2178076437
C,20740,1100,2178,18,555,6424[CR],2178076875
F,14597,16410,2186,20,554,6434[CR],2178077203
C,20438,1102,2193,17,554,6434[CR],2178077640
A,35532,14668,2201,19,555,6458[CR],2178078078
C,20174,1092,2209,21,555,6477[CR],2178078406
F,14808,15629,2217,18,555,6467[CR],2178078843
C,19872,1096,2225,20,556,6474[CR],2178079171
F,15041,15903,2233,22,556,6456[CR],2178079609
A,35540,15237,2241,19,558,6446[CR],2178079937
C,19558,1098,2249,21,557,6450[CR],2178080375
F,15438,16662,2256,18,555,6445[CR],2178080812
C,19468,1094,2265,19,556,6449[CR],2178081140
F,15859,16782,2272,20,553,6481[CR],2178081578
A,35552,16009,2280,19,554,6495[CR],2178081906
C,19530,1098,2288,20,555,6493[CR],2178082343
F,16065,17308,2296,21,555,6511[CR],2178082671
C,19620,1102,2304,20,556,6536[CR],2178083109
F,16036,17454,2312,21,556,6537[CR],2178083546
C,19686,1094,2319,16,553,6520[CR],2178083875
A,35516,16062,2328,19,558,6529[CR],2178084312
C,19662,1100,2335,22,558,6503[CR],2178084671
F,16180,17294,2343,18,556,6506[CR],2178085078
C,19658,1088,2351,20,557,6488[CR],2178085406
F,16332,17134,2359,21,555,6511[CR],2178085843
A,35540,16436,2367,19,558,6507[CR],2178086281
C,19686,1098,2375,21,558,6440[CR],2178086609
F,16656,16944,2383,17,558,6394[CR],2178087046
C,19556,1086,2391,20,559,6363[CR],2178087375
F,16748,16910,2399,21,556,6290[CR],2178087812
A,35464,16732,2407,19,557,6272[CR],2178088140
C,18882,1096,2415,20,557,6249[CR],2178088578
F,16706,16882,2423,22,556,6208[CR],2178089015
C,18080,1092,2431,19,555,6177[CR],2178089343
F,16784,17034,2439,21,555,6133[CR],2178089781
C,17092,1094,2447,18,556,6082[CR],2178090109
A,35544,17354,2455,19,558,6033[CR],2178090546
C,16363,1100,2464,21,560,5985[CR],2178090875
F,17558,17848,2471,16,559,5943[CR],2178091312
C,15907,1090,2480,19,561,5940[CR],2178091640
F,17640,18724,2487,22,561,5914[CR],2178092078
A,35524,18016,2495,18,563,5928[CR],2178092515
C,15248,1094,2503,20,564,5927[CR],2178092921
F,18040,19516,2511,22,565,5918[CR],2178093281
C,14801,1094,2519,18,563,5856[CR],2178093609
F,18974,19616,2527,21,564,5834[CR],2178094046
A,35544,20540,2535,17,560,5829[CR],2178094390
C,14718,1088,2542,19,564,5860[CR],2178094828
F,23920,18988,2550,20,561,5875[CR],2178095187
C,15093,1094,2558,19,557,5924[CR],2178095578
F,26080,18128,2565,20,558,5937[CR],2178096015
C,15676,1102,2573,18,556,5928[CR],2178096343
A,35544,24024,2581,19,557,5934[CR],2178096781
C,16169,1098,2589,21,558,5917[CR],2178097218
F,22764,17250,2596,18,556,5918[CR],2178097546
C,16558,1092,2605,21,555,5902[CR],2178097984
F,21424,16956,2613,22,553,5883[CR],2178098312
A,35572,20810,2620,19,554,5906[CR],2178098750
C,16596,1084,2628,20,554,5889[CR],2178099078
F,20406,15623,2636,18,553,5908[CR],2178099515
C,16343,1094,2644,20,553,5889[CR],2178099953
F,20460,14756,2652,21,553,5868[CR],2178100281
A,35524,20674,2659,17,551,5851[CR],2178100718
C,15906,1106,2668,19,554,5813[CR],2178101046
F,20994,14117,2675,21,554,5809[CR],2178101484
C,15691,1102,2683,19,551,5792[CR],2178101812
F,21508,14090,2691,21,555,5801[CR],2178102250
C,15617,1086,2698,16,552,5788[CR],2178102687
A,35532,22094,2707,19,552,5790[CR],2178103015
C,15625,1094,2714,22,552,5784[CR],2178103453
F,22186,14330,2722,17,553,5786[CR],2178103781
C,15636,1094,2730,19,551,5758[CR],2178104218
F,22150,14303,2738,22,554,5737[CR],2178104546
A,35564,22152,2746,18,552,5743[CR],2178104984
C,15597,1098,2754,20,550,5754[CR],2178105312
F,22130,14163,2761,16,551,5788[CR],2178105750
C,15563,1102,2769,19,549,5824[CR],2178106187
F,22102,14140,2777,20,545,5834[CR],2178106515
A,35568,22218,2784,17,551,5852[CR],2178106953
C,15514,1092,2792,20,548,5874[CR],2178107281
F,22344,14074,2800,22,552,5878[CR],2178107718
C,15484,1094,2808,19,552,5867[CR],2178108156
F,22448,14098,2816,21,551,5891[CR],2178108484
C,15450,1088,2823,17,547,5924[CR],2178108921
A,35548,22512,2831,19,551,5970[CR],2178109250
C,15473,1086,2838,21,551,5978[CR],2178109687
F,22646,14109,2846,18,551,6026[CR],2178110015
C,15606,1090,2854,20,552,6048[CR],2178110453
F,22776,14340,2861,18,552,6057[CR],2178110890
A,35540,22586,2869,20,553,6074[CR],2178111218
C,15908,1092,2876,22,554,6077[CR],2178111656
F,21910,14757,2884,19,557,6085[CR],2178111984
C,16091,1098,2892,22,555,6074[CR],2178112421
F,21570,14769,2900,17,551,6077[CR],2178112765
A,35536,21524,2908,21,554,6069[CR],2178113187
C,16287,1098,2916,22,553,6011[CR],2178113578
F,21386,14582,2924,18,553,6008[CR],2178113953
C,16326,1094,2932,21,550,6022[CR],2178114390
F,21390,14393,2939,23,551,6024[CR],2178114718
C,16422,1102,2947,17,550,6048[CR],2178115156
A,35576,21576,2955,20,551,6051[CR],2178115484
C,16608,1088,2962,17,550,6090[CR],2178115921
F,21460,14451,2970,20,550,6108[CR],2178116359
C,16716,1094,2978,23,552,6091[CR],2178116687
F,21032,14558,2986,19,552,6056[CR],2178117125
A,35560,20718,2994,21,552,6054[CR],2178117453
C,16784,1106,3002,19,548,6013[CR],2178117890
F,20626,14415,3010,19,549,6000[CR],2178118218
C,16782,1106,3018,21,551,5977[CR],2178118656
F,20412,14371,3026,18,546,5965[CR],2178118984
A,35572,20252,3034,19,546,5959[CR],2178119421
C,16438,1102,3041,21,548,5936[CR],2178119859
F,20270,13947,3049,19,548,5905[CR],2178120187
C,16068,1102,3057,21,548,5895[CR],2178120625
F,20402,13623,3065,24,548,5832[CR],2178120953
C,15660,1108,3074,19,547,5799[CR],2178121390
A,35532,20622,3082,22,547,5768[CR],2178121828
C,15283,1108,3090,19,549,5728[CR],2178122187
F,21158,13489,3098,20,546,5698[CR],2178122593
C,14959,1100,3106,20,548,5695[CR],2178122921
F,23470,13530,3113,19,547,5682[CR],2178123359
A,35532,23912,3121,20,547,5661[CR],2178123687
C,14744,1120,3129,22,549,5652[CR],2178124078
F,24636,13933,3137,19,550,5629[CR],2178124562
C,14767,1102,3145,21,552,5602[CR],2178124890
F,24916,14381,3153,22,549,5570[CR],2178125328
A,35508,24880,3161,19,548,5569[CR],2178125656
C,14894,1108,3169,20,546,5581[CR],2178126093
F,24676,14728,3177,18,548,5618[CR],2178126421
C,15018,1102,3184,20,549,5615[CR],2178126859
F,24776,14880,3192,22,547,5608[CR],2178127296
C,15267,1106,3200,19,544,5611[CR],2178127625
A,35520,24716,3208,20,547,5618[CR],2178128062
C,15564,1096,3215,19,547,5615[CR],2178128390
F,24340,14922,3223,19,548,5615[CR],2178128828
C,16073,1112,3231,20,547,5657[CR],2178129156
F,24230,14957,3238,18,548,5676[CR],2178129593
A,35572,23896,3246,20,548,5701[CR],2178130031
C,17108,1102,3254,17,549,5711[CR],2178130359
F,23032,14858,3262,19,548,5715[CR],2178130796
C,17674,1078,3269,21,547,5722[CR],2178131171
F,22320,14696,3277,18,547,5745[CR],2178131562
A,35524,22108,3285,20,547,5765[CR],2178131890
C,18396,1110,3293,22,548,5765[CR],2178132328
F,21898,14529,3300,18,549,5770[CR],2178132765
C,18882,1108,3308,21,549,5781[CR],2178133093
F,21516,14847,3316,17,549,5804[CR],2178133531
C,19368,1100,3324,20,550,5814[CR],2178133859
A,35512,20790,3331,22,549,5782[CR],2178134296
C,19578,1100,3340,19,550,5758[CR],2178134625
F,20258,15622,3348,20,550,5733[CR],2178135062
C,19550,1102,3355,19,549,5719[CR],2178135500
F,19702,15942,3363,19,545,5710[CR],2178135828
A,35476,19466,3372,21,545,5697[CR],2178136265
C,19188,1102,3379,17,547,5657[CR],2178136593
F,19268,16234,3387,20,544,5666[CR],2178137031
C,18956,1100,3395,21,546,5651[CR],2178137359
F,19130,16343,3403,19,547,5653[CR],2178137796
A,35460,19048,3411,21,547,5644[CR],2178138234
C,18824,1108,3419,22,543,5635[CR],2178138562
F,18958,16512,3427,19,545,5622[CR],2178139000
C,18844,1116,3434,21,546,5608[CR],2178139328
F,18876,16582,3442,18,546,5611[CR],2178139765
C,18802,1106,3450,19,543,5610[CR],2178140093
A,35532,18788,3458,21,544,5611[CR],2178140531
C,18710,1108,3465,19,543,5609[CR],2178140968
F,18722,16344,3474,20,545,5578[CR],2178141296
C,18502,1108,3481,22,543,5547[CR],2178141640
F,18614,16167,3489,19,542,5534[CR],2178142062
A,35508,18492,3497,21,540,5530[CR],2178142500
C,17816,1108,3505,19,539,5530[CR],2178142828
F,18342,16232,3513,20,539,5492[CR],2178143265
C,17250,1112,3521,21,542,5485[CR],2178143703
F,18180,16432,3529,19,539,5447[CR],2178144031
A,35520,18080,3537,21,542,5430[CR],2178144468
C,16496,1112,3544,22,542,5448[CR],2178144796
F,17984,17016,3553,19,544,5448[CR],2178145234
C,16195,1126,3560,21,545,5436[CR],2178145562
F,17972,17378,3568,17,547,5417[CR],2178146000
C,16001,1120,3576,20,542,5448[CR],2178146437
A,35512,18462,3584,21,546,5466[CR],2178146765
C,15944,1102,3591,19,545,5483[CR],2178147203
F,19434,17304,3599,19,524,5504[CR],2178147531
C,15970,1106,3606,17,526,5566[CR],2178147968
F,20434,17006,3614,19,531,5582[CR],2178148296
A,35492,20776,3621,21,530,5583[CR],2178148734
C,16143,1110,3628,19,533,5578[CR],2178149171
F,20938,16416,3637,21,532,5550[CR],2178149515
C,16149,1094,3644,17,532,5558[CR],2178149937
F,21078,15779,3652,19,529,5541[CR],2178150265
A,35472,21152,3660,21,531,5524[CR],2178150703
C,15852,1114,3668,19,528,5509[CR],2178151031
F,21166,14927,3676,21,529,5508[CR],2178151468
C,15474,1098,3684,22,529,5513[CR],2178151812
F,21254,14461,3692,19,530,5494[CR],2178152234
C,15148,1100,3700,21,533,5498[CR],2178152671
A,35536,21654,3707,16,534,5512[CR],2178153000
C,15005,1100,3715,19,532,5517[CR],2178153437
F,22082,14434,3723,21,532,5563[CR],2178153765
C,15111,1094,3730,18,532,5584[CR],2178154203
F,23150,14797,3737,13,459,5619[CR],2178154640
A,35512,23908,3737,2,331,5558[CR],2178154968
C,15168,1098,3737,1,321,5550[CR],2178155406
F,23260,14421,3737,0,317,5536[CR],2178155734
C,14939,1092,3737,0,320,5519[CR],2178156171
F,23634,14171,3737,0,319,5512[CR],2178156500
A,35480,23772,3737,0,320,5514[CR],2178156937
C,14915,1094,3737,0,315,5515[CR],2178157375
F,23810,13965,3737,0,315,5476[CR],2178157703
C,14916,1092,3737,0,312,5446[CR],2178158140
F,23726,13873,3737,0,334,5352[CR],2178158468
C,14916,1102,3737,0,331,5104[CR],2178158906
A,35480,23470,3737,0,330,5118[CR],2178159234
C,14912,1100,3737,0,316,5125[CR],2178159671
F,23256,13723,3737,0,286,5080[CR],2178160000
C,14912,1110,3737,0,283,5064[CR],2178160437
F,22952,13674,3737,0,284,5070[CR],2178160875
A,35488,22728,3737,0,127,5009[CR],2178161203
C,14914,1086,3737,0,88,4958[CR],2178161640
F,22474,13619,3737,0,29,4960[CR],2178161968
C,14917,1110,3737,0,33,4963[CR],2178162406
F,22160,13589,3737,0,260,4113[CR],2178162843
A,35460,21850,3737,0,271,3192[CR],2178163171
C,14744,1110,3737,0,0,2539[CR],2178163718
Z,0,0,3737,0,0,2398[CR],2178164156
Z,0,0,3737,0,0,2383[CR],2178164703
Z,0,0,3737,0,0,2368[CR],2178165140
Z,0,0,3737,0,0,2411[CR],2178165687
Z,0,0,3737,0,0,2437[CR],2178166125
Z,0,0,3737,0,0,2456[CR],2178166671
Z,0,0,3737,0,0,2470[CR],2178167218
Z,0,0,3737,0,0,2464[CR],2178167656
Z,0,0,3737,114,0,2482[CR],2178168203
Z,0,0,3737,1,0,2498[CR],2178168640
Z,0,0,3737,1,0,2507[CR],2178169187
Z,0,0,3737,0,0,2499[CR],2178169625
Z,0,0,3737,0,0,2507[CR],2178170171
Z,0,0,3737,0,0,2518[CR],2178170718
Z,0,0,3737,0,0,2525[CR],2178171156
Z,0,0,3737,0,0,2529[CR],2178171703
Z,0,0,3737,0,0,2539[CR],2178172140
Z,0,0,3737,0,0,2534[CR],2178172687
Z,0,0,3737,0,0,2504[CR],2178173125
Z,0,0,3737,0,0,2511[CR],2178173671
Z,0,0,3737,0,0,2521[CR],2178174218
Z,0,0,3737,0,0,2529[CR],2178174656
Z,0,0,3737,0,0,2528[CR],2178175203
Z,0,0,3737,0,0,2521[CR],2178175640
Z,0,0,3737,0,0,2513[CR],2178176187
Z,0,0,3737,0,2,2519[CR],2178176625
Z,0,0,3737,0,0,2530[CR],2178177171
Z,0,0,3737,0,0,2525[CR],2178177718
Z,0,0,3737,0,0,2529[CR],2178178156
Z,0,0,3737,0,0,2530[CR],2178178703
Z,0,0,3737,0,0,2528[CR],2178179140
Z,0,0,3737,0,0,2523[CR],2178179687
Z,0,0,3737,0,0,2523[CR],2178180125
Z,0,0,3737,0,0,2532[CR],2178180671
Z,0,0,3737,0,0,2519[CR],2178181109
Z,0,0,3737,0,0,2525[CR],2178181656
Z,0,0,3737,0,0,2523[CR],2178182093
Z,0,0,3737,0,0,2518[CR],2178182640
Z,0,0,3737,0,0,2530[CR],2178183187
Z,0,0,3737,0,0,2535[CR],2178183625
Z,0,0,3737,0,0,2535[CR],2178184171
Z,0,0,3737,0,0,2409[CR],2178184609
Z,0,0,3737,0,0,2351[CR],2178185156
Z,0,0,3737,0,0,2367[CR],2178185593
Z,0,0,3737,0,0,2376[CR],2178186140
Z,0,0,3737,0,0,2408[CR],2178186687
Z,0,0,3737,0,0,2392[CR],2178187125
Z,0,0,3737,0,0,2388[CR],2178187671
Z,0,0,3737,0,14,2394[CR],2178188109
Z,0,0,3737,0,0,2408[CR],2178188656
Z,0,0,3737,0,0,2412[CR],2178189093
Z,0,0,3737,0,0,2422[CR],2178189640
Z,0,0,3737,0,0,2433[CR],2178190187
Z,0,0,3737,0,0,2440[CR],2178190625
Z,0,0,3737,0,0,2444[CR],2178191171
Z,0,0,3737,0,0,2444[CR],2178191609
Z,0,0,3737,0,0,2449[CR],2178192156
Z,0,0,3737,0,540,2452[CR],2178192593
Z,0,0,3737,0,0,2484[CR],2178193140
Z,0,0,3737,114,0,2498[CR],2178193578
Z,0,0,3737,94,0,2489[CR],2178194125
Z,0,0,3748,10,216,3644[CR],2178194453
C,14517,1112,3748,2,200,4780[CR],2178194781
F,18002,13400,3748,1,180,4743[CR],2178195218
C,14786,1106,3748,0,143,4734[CR],2178195546
F,17964,13348,3748,0,153,4722[CR],2178195984
C,14773,1098,3748,0,186,4716[CR],2178196421
A,35384,17914,3748,0,53,4718[CR],2178196750
C,14765,1100,3748,0,0,4717[CR],2178197187
F,17876,13272,3748,0,0,4711[CR],2178197515
C,14758,1102,3748,0,0,4702[CR],2178197953
F,17840,13243,3748,0,2,4696[CR],2178198281
A,35352,17808,3748,0,278,4660[CR],2178198718
C,14750,1116,3748,0,278,4635[CR],2178199156
F,17778,13220,3748,0,271,4624[CR],2178199484
C,14750,1102,3748,0,268,4614[CR],2178199921
F,17748,13202,3748,0,268,4608[CR],2178200250
A,35372,17734,3748,0,279,4603[CR],2178200687
C,14743,1106,3748,0,281,4597[CR],2178201125
F,17702,13177,3748,0,277,4593[CR],2178201453
C,14740,1096,3748,0,268,4591[CR],2178201890
F,17678,13160,3748,0,268,4587[CR],2178202218
C,14735,1100,3748,0,278,4585[CR],2178202656
A,35368,17642,3751,10,325,4720[CR],2178202984
C,14733,1098,3756,13,439,5419[CR],2178203421
F,17720,14024,3763,18,518,5828[CR],2178203750
C,16013,1100,3771,19,527,5807[CR],2178204187
F,18834,15733,3779,21,527,5768[CR],2178204625
A,35308,18896,3787,19,526,5694[CR],2178204953
C,16379,1112,3795,21,525,5672[CR],2178205390
F,19020,15320,3802,17,526,5639[CR],2178205718
C,16251,1104,3811,19,527,5616[CR],2178206156
F,19248,15044,3818,22,528,5611[CR],2178206484
A,35296,19456,3826,18,523,5582[CR],2178206921
C,15811,1112,3834,20,523,5563[CR],2178207359
F,19710,14523,3842,18,524,5562[CR],2178207687
C,15530,1100,3850,19,523,5565[CR],2178208125
F,20124,14240,3857,20,526,5566[CR],2178208453
C,15365,1104,3865,17,526,5581[CR],2178208890
A,35344,21226,3873,20,529,5567[CR],2178209218
C,15327,1106,3881,20,527,5579[CR],2178209656
F,21820,14067,3888,18,529,5596[CR],2178210093
C,15581,1106,3896,21,528,5622[CR],2178210421
F,22816,14224,3904,16,527,5680[CR],2178210859
A,35316,23280,3912,19,535,5673[CR],2178211187
C,16311,1098,3919,21,533,5671[CR],2178211625
F,23338,14454,3927,18,532,5691[CR],2178211953
C,16566,1096,3935,19,530,5704[CR],2178212390
F,23300,14153,3942,19,530,5722[CR],2178212828
A,35300,23416,3950,19,527,5721[CR],2178213156
C,16730,1094,3958,21,527,5744[CR],2178213593
F,23614,13818,3966,18,528,5760[CR],2178213921
C,16742,1104,3974,19,528,5784[CR],2178214359
F,23410,13786,3981,22,528,5809[CR],2178214687
C,16331,1092,3989,19,529,5790[CR],2178215125
A,35312,22800,3997,20,524,5768[CR],2178215562
C,15849,1112,4004,16,530,5802[CR],2178215890
F,22538,13520,4013,19,530,5816[CR],2178216328
C,15459,1098,4020,21,532,5827[CR],2178216656
F,22512,13403,4028,18,533,5848[CR],2178217093
A,35268,23052,4036,19,534,5870[CR],2178217421
C,15498,1094,4043,17,532,5888[CR],2178217859
F,23848,14043,4051,19,534,5898[CR],2178218296
C,15942,1092,4059,20,528,5898[CR],2178218625
F,24542,14380,4067,19,531,5930[CR],2178219062
A,35284,23928,4075,20,529,5916[CR],2178219390
C,16448,1100,4082,21,525,5911[CR],2178219828
F,23472,14667,4090,19,528,5879[CR],2178220156
C,16428,1092,4098,20,524,5853[CR],2178220593
F,23126,14630,4106,18,524,5855[CR],2178221031
C,16162,1094,4114,20,523,5870[CR],2178221359
A,35264,23248,4122,22,520,5867[CR],2178221796
C,15948,1100,4130,19,523,5879[CR],2178222125
F,23592,14201,4138,19,525,5890[CR],2178222562
C,15919,1102,4145,22,525,5899[CR],2178222890
F,24146,14410,4153,18,522,5916[CR],2178223328
A,35292,24248,4161,20,524,5924[CR],2178223765
C,16361,1084,4168,17,526,5930[CR],2178224093
F,23618,14852,4177,19,527,5917[CR],2178224531
C,16418,1098,4184,22,524,5898[CR],2178224859
F,22936,14918,4192,19,521,5886[CR],2178225296
A,35264,22630,4200,19,518,5906[CR],2178225625
C,16333,1100,4208,24,522,5884[CR],2178226062
F,22732,14804,4216,19,518,5850[CR],2178226500
C,16149,1094,4224,20,521,5843[CR],2178226843
F,23222,14489,4231,18,521,5837[CR],2178227265
C,15939,1098,4239,18,522,5834[CR],2178227593
A,35240,23700,4247,22,521,5841[CR],2178228031
C,15867,1100,4255,18,520,5848[CR],2178228375
F,24086,14496,4263,20,521,5869[CR],2178228796
C,15936,1108,4270,22,521,5871[CR],2178229234
F,24148,14714,4278,19,521,5858[CR],2178229562
A,35284,23682,4286,21,522,5853[CR],2178230000
C,15887,1102,4294,17,521,5838[CR],2178230312
F,22824,15069,4302,20,516,5829[CR],2178230765
C,15735,1092,4310,21,518,5853[CR],2178231093
F,21966,14989,4318,18,522,5825[CR],2178231531
A,35252,22004,4326,20,519,5800[CR],2178231968
C,15254,1098,4333,22,518,5811[CR],2178232296
F,22340,14578,4341,19,519,5822[CR],2178232734
C,15115,1090,4349,21,520,5807[CR],2178233062
F,23776,14278,4357,18,520,5811[CR],2178233500
C,15173,1092,4365,19,521,5795[CR],2178233828
A,35232,25908,4372,21,524,5791[CR],2178234281
C,15572,1094,4380,18,531,5802[CR],2178234718
F,26384,14481,4388,20,527,5824[CR],2178235046
C,16402,1110,4395,18,523,5845[CR],2178235484
F,25320,14304,4403,20,520,5853[CR],2178235812
A,35220,24218,4411,21,520,5871[CR],2178236250
C,17136,1100,4419,18,521,5867[CR],2178236593
F,22966,14328,4427,20,518,5848[CR],2178237015
C,16928,1100,4434,23,518,5802[CR],2178237453
F,21796,14254,4443,20,517,5756[CR],2178237781
A,35184,21542,4451,21,521,5731[CR],2178238218
C,16159,1094,4458,19,524,5727[CR],2178238546
F,21416,14349,4466,19,520,5748[CR],2178238984
C,15971,1086,4474,21,524,5781[CR],2178239312
F,21586,15232,4481,18,523,5820[CR],2178239750
C,16408,1088,4489,19,523,5857[CR],2178240187
A,35228,22760,4496,16,524,5912[CR],2178240515
C,17470,1088,4504,19,523,5964[CR],2178240953
F,22742,16416,4511,21,526,5989[CR],2178241281
C,18720,1080,4519,18,528,6011[CR],2178241718
F,21962,16750,4527,20,526,5992[CR],2178242046
A,35136,20922,4535,16,529,5984[CR],2178242484
C,19950,1098,4543,19,525,5975[CR],2178242921
F,20438,16486,4550,20,524,5988[CR],2178243250
C,20182,1094,4558,18,520,6014[CR],2178243687
F,20404,15940,4566,18,519,6030[CR],2178244015
A,35220,20482,4573,19,521,6038[CR],2178244453
C,20044,1092,4581,19,522,6037[CR],2178244859
F,20620,15788,4589,22,520,6029[CR],2178245343
C,19594,1098,4597,18,521,5985[CR],2178245656
F,20660,15827,4605,20,521,5944[CR],2178245984
C,18882,1094,4613,22,517,5935[CR],2178246421
A,35164,20526,4621,18,514,5929[CR],2178246750
C,17984,1102,4628,19,515,5940[CR],2178247125
F,20554,16351,4636,19,515,5947[CR],2178247515
C,17208,1100,4644,19,516,5954[CR],2178247953
F,21074,16770,4652,22,516,5954[CR],2178248390
A,35128,21718,4659,17,520,5942[CR],2178248718
C,16844,1092,4667,19,522,5956[CR],2178249156
F,22584,17810,4675,22,519,5972[CR],2178249484
C,17308,1088,4682,18,520,5996[CR],2178249921
F,23182,18574,4690,19,521,6023[CR],2178250250
A,35176,22632,4697,19,519,6052[CR],2178250687
C,18038,1108,4705,20,522,6039[CR],2178251125
F,21526,18580,4713,21,521,6027[CR],2178251453
C,17636,1094,4721,20,523,6030[CR],2178251890
F,19990,17792,4729,20,521,6003[CR],2178252218
C,17014,1096,4737,19,516,5963[CR],2178252656
A,35188,19790,4745,19,522,5966[CR],2178252984
C,16768,1082,4752,21,521,5967[CR],2178253421
F,20458,16004,4760,18,519,6007[CR],2178253859
C,17260,1090,4768,20,527,6083[CR],2178254234
F,22244,16269,4775,22,519,6104[CR],2178254625
A,35128,22520,4782,19,515,6146[CR],2178254953
C,19024,1084,4790,20,517,6202[CR],2178255484
F,21660,16221,4797,17,516,6268[CR],2178255718
C,19616,1094,4805,20,517,6275[CR],2178256109
F,20542,15835,4813,21,519,6246[CR],2178256593
A,35156,20202,4821,19,516,6218[CR],2178256921
C,19954,1094,4829,20,519,6231[CR],2178257359
F,20308,15307,4836,17,516,6262[CR],2178257687
C,20224,1082,4844,19,514,6311[CR],2178258125
F,20474,15446,4851,20,515,6364[CR],2178258453
C,20946,1100,4859,17,513,6407[CR],2178258890
A,35168,20612,4866,19,515,6459[CR],2178259328
C,21700,1092,4874,18,515,6500[CR],2178259656
F,20382,16598,4881,20,513,6523[CR],2178260093
C,21994,1066,4889,22,513,6538[CR],2178260421
F,19854,16912,4897,19,515,6523[CR],2178260859
A,35156,19590,4905,22,517,6480[CR],2178261187
C,21472,1078,4912,17,516,6460[CR],2178261625
F,19334,16946,4921,19,515,6444[CR],2178262062
C,20848,1094,4928,22,516,6439[CR],2178262390
F,19234,17276,4936,19,514,6440[CR],2178262828
A,35116,19202,4944,19,510,6464[CR],2178263156
C,20220,1086,4951,21,509,6529[CR],2178263625
F,19220,17950,4959,19,509,6539[CR],2178263921
C,20502,1082,4967,21,504,6535[CR],2178264375
F,19380,18432,4974,18,507,6551[CR],2178264796
C,21416,1072,4982,19,506,6581[CR],2178265125
A,35108,19394,4990,22,504,6624[CR],2178265562
C,22194,1072,4997,18,503,6665[CR],2178265906
F,18938,18912,5005,20,506,6709[CR],2178266328
C,22422,1082,5012,18,505,6744[CR],2178266703
F,18204,18864,5020,19,507,6784[CR],2178267093
A,35112,17770,5027,20,508,6805[CR],2178267531
C,22612,1070,5035,19,507,6821[CR],2178267859
F,17506,18668,5043,21,510,6780[CR],2178268296
C,22400,1080,5050,19,507,6711[CR],2178268625
F,17496,17392,5059,21,502,6676[CR],2178269062
A,35108,17492,5067,22,502,6631[CR],2178269390
C,21058,1082,5075,19,500,6615[CR],2178269828
F,17470,16432,5083,21,499,6602[CR],2178270265
C,19934,1068,5090,22,496,6586[CR],2178270593
F,17388,16602,5098,19,496,6595[CR],2178271031
C,18776,1088,5106,21,496,6593[CR],2178271359
A,35108,17272,5113,19,498,6573[CR],2178271796
C,17806,1084,5122,20,500,6576[CR],2178272125
F,17260,17904,5129,21,508,6589[CR],2178272562
C,17530,1066,5137,19,506,6600[CR],2178273000
F,17362,18806,5144,20,507,6625[CR],2178273328
A,35136,17696,5152,17,504,6665[CR],2178273765
C,18962,1036,5159,19,503,6721[CR],2178274140
F,18312,20098,5166,21,498,6775[CR],2178274468
C,20528,1040,5174,18,502,6828[CR],2178274859
F,18690,19702,5181,20,507,6856[CR],2178275296
A,35116,18770,5189,18,511,6890[CR],2178275734
C,21644,1044,5197,20,515,6898[CR],2178276062
F,18628,19402,5204,19,518,6894[CR],2178276453
C,21358,1070,5212,19,520,6874[CR],2178276828
F,17762,18804,5219,21,523,6870[CR],2178277265
C,20530,1072,5227,19,518,6860[CR],2178277593
A,35128,17252,5235,20,518,6859[CR],2178278031
C,19484,1078,5243,21,517,6853[CR],2178278468
F,17076,17628,5251,18,517,6826[CR],2178278796
C,18394,1094,5259,21,520,6811[CR],2178279343
Z,0,0,5269,22,514,6734[CR],2178279562
A,35032,16990,5275,20,516,6710[CR],2178280000
C,17152,1092,5283,22,518,6670[CR],2178280328
F,17002,18346,5290,18,516,6644[CR],2178280765
C,16500,1078,5299,20,516,6634[CR],2178281203
F,17216,18574,5306,21,514,6624[CR],2178281531
A,35056,17598,5314,18,513,6621[CR],2178281968
C,15696,1054,5322,20,512,6618[CR],2178282390
F,18350,17928,5329,16,515,6616[CR],2178282734
C,15536,1064,5337,19,509,6598[CR],2178283062
F,19870,17700,5345,21,511,6601[CR],2178283500
C,15569,1042,5353,18,510,6592[CR],2178283937
A,35040,20686,5361,20,508,6589[CR],2178284265
C,15607,1050,5368,21,506,6601[CR],2178284734
F,20902,17834,5376,19,507,6613[CR],2178285031
C,15558,1022,5384,20,504,6638[CR],2178285515
F,20908,17092,5391,18,505,6675[CR],2178285796
A,35068,21104,5399,19,504,6678[CR],2178286234
C,15325,1044,5406,20,506,6682[CR],2178286671
F,21384,15762,5414,19,506,6673[CR],2178287000
C,15218,1024,5422,21,506,6650[CR],2178287437
F,21904,15145,5429,17,504,6608[CR],2178287765
A,35068,22202,5438,20,505,6575[CR],2178288203
C,15108,1050,5445,20,505,6562[CR],2178288531
F,22472,14631,5453,18,503,6556[CR],2178288968
C,15021,1036,5461,19,500,6576[CR],2178289406
F,22806,14310,5468,15,499,6622[CR],2178289734
C,14870,1042,5475,18,501,6681[CR],2178290171
A,35020,23196,5482,19,500,6696[CR],2178290500
C,14824,1046,5490,18,502,6714[CR],2178290937
F,23452,14035,5498,20,503,6723[CR],2178291265
C,14822,1040,5505,16,504,6730[CR],2178291703
F,23972,14203,5513,19,504,6743[CR],2178292140
A,34988,24648,5521,21,504,6743[CR],2178292468
C,15042,1028,5529,18,502,6743[CR],2178292890
F,25164,14575,5536,19,501,6775[CR],2178293234
C,15256,1050,5543,17,503,6814[CR],2178293640
F,25308,14637,5551,19,501,6856[CR],2178294000
A,34992,25216,5558,20,506,6899[CR],2178294437
C,15444,1030,5566,19,509,6927[CR],2178294781
F,25276,14443,5573,21,511,6933[CR],2178295203
C,15531,1058,5581,17,510,6923[CR],2178295640
F,25264,14373,5589,20,515,6893[CR],2178295968
C,15482,1040,5597,22,513,6872[CR],2178296406
A,35072,24836,5605,19,514,6859[CR],2178296734
C,15312,1060,5612,19,510,6859[CR],2178297171
F,24444,14205,5620,16,513,6863[CR],2178297609
C,15123,1044,5628,19,511,6858[CR],2178297937
F,24266,14133,5635,22,513,6854[CR],2178298375
A,35016,24286,5643,18,513,6849[CR],2178298703
C,15015,1044,5651,20,515,6830[CR],2178299140
F,24254,14378,5658,22,515,6813[CR],2178299468
C,14940,1046,5666,19,517,6811[CR],2178299906
F,24182,14306,5674,20,512,6808[CR],2178300343
A,35008,24166,5682,18,512,6839[CR],2178300671
C,14797,1046,5689,19,513,6880[CR],2178301109
F,24366,14506,5696,20,512,6907[CR],2178301437
C,14857,1032,5704,19,515,6939[CR],2178301875
F,24708,14620,5711,20,517,6971[CR],2178302203
C,14926,1040,5718,18,519,6993[CR],2178302640
A,35052,25164,5726,20,500,6987[CR],2178303078
C,15052,1086,5734,20,494,7003[CR],2178303406
F,25220,14768,5737,3,180,6970[CR],2178303843
C,15039,1036,5737,1,0,6921[CR],2178304171
F,24150,14093,5737,0,0,6910[CR],2178304609
A,35032,24240,5737,0,1,6902[CR],2178304937
C,14488,1036,5737,0,26,6900[CR],2178305375
F,24552,13797,5737,0,16,6900[CR],2178305812
C,14447,1042,5737,0,0,6898[CR],2178306140
F,24968,13716,5737,0,0,6898[CR],2178306578
A,35032,25240,5737,0,0,6897[CR],2178306906
C,14416,1042,5737,0,7,6897[CR],2178307343
F,25504,13643,5737,0,10,6896[CR],2178307671
C,14407,1050,5737,0,0,6895[CR],2178308109
F,25780,13608,5737,0,0,6895[CR],2178308546
C,14400,1040,5737,0,0,6895[CR],2178308875
A,35032,26028,5737,0,0,6893[CR],2178309312
C,14397,1044,5737,0,12,6892[CR],2178309640
F,26128,13550,5737,0,55,6893[CR],2178310078
C,14396,1042,5737,0,0,6889[CR],2178310421
F,26220,13528,5737,0,0,6889[CR],2178310843
A,34984,26256,5737,0,0,6890[CR],2178311281
C,14396,1050,5737,0,20,6891[CR],2178311609
F,26268,13495,5737,0,7,6891[CR],2178312046
C,14397,1042,5737,0,4,6757[CR],2178312375
F,26252,13474,5737,0,0,6593[CR],2178312812
A,35020,26224,5737,0,0,6554[CR],2178313140
C,14395,1056,5737,0,0,6388[CR],2178313578
F,26180,13448,5737,0,0,6393[CR],2178314015
C,14398,1050,5737,0,90,6208[CR],2178314453
Z,0,0,5737,0,0,2645[CR],2178315000
Z,0,0,5737,0,0,2352[CR],2178315437
Z,0,0,5737,0,3,2383[CR],2178315984
Z,0,0,5737,0,264,2410[CR],2178316421
Z,0,0,5737,0,0,2429[CR],2178316968
Z,0,0,5737,0,0,2443[CR],2178317406
Z,0,0,5737,0,0,2455[CR],2178317953
Z,0,0,5737,0,0,2470[CR],2178318390
Z,0,0,5737,0,402,2478[CR],2178318937
Z,0,0,5737,0,0,2479[CR],2178319375
Z,0,0,5737,0,0,2484[CR],2178319921
Z,0,0,5737,0,0,2492[CR],2178320359
Z,0,0,5737,0,25,2482[CR],2178320906
Z,0,0,5737,0,0,2485[CR],2178321453
Z,0,0,5737,0,0,2494[CR],2178321890
Z,0,0,5737,0,0,2499[CR],2178322437
Z,0,0,5737,0,0,2499[CR],2178322875
Z,0,0,5737,0,0,2505[CR],2178323421
Z,0,0,5737,0,0,2512[CR],2178323859
Z,0,0,5737,0,176,2510[CR],2178324406
Z,0,0,5737,0,0,2511[CR],2178324843
Z,0,0,5737,0,0,2515[CR],2178325390
Z,0,0,5737,0,57,2514[CR],2178325937
Z,0,0,5737,0,0,2521[CR],2178326375
Z,0,0,5737,0,0,2525[CR],2178326921
Z,0,0,5737,0,0,2531[CR],2178327359
Z,0,0,5737,0,0,2528[CR],2178327906
Z,0,0,5737,0,0,2532[CR],2178328343
Z,0,0,5737,0,0,2545[CR],2178328890
Z,0,0,5737,0,0,2547[CR],2178329328
Z,0,0,5737,0,0,2552[CR],2178329875
Z,0,0,5737,0,0,2555[CR],2178330421
Z,0,0,5737,0,0,2560[CR],2178330859
Z,0,0,5737,0,0,2564[CR],2178331406
Z,0,0,5737,0,0,2568[CR],2178331843
Z,0,0,5737,0,0,2571[CR],2178332390
Z,0,0,5737,0,0,2453[CR],2178332828
Z,0,0,5737,0,0,2340[CR],2178333375
Z,0,0,5737,0,0,2340[CR],2178333921
Z,0,0,5737,0,6,2345[CR],2178334359
Z,0,0,5737,0,0,2380[CR],2178334906
Z,0,0,5737,0,0,2377[CR],2178335343
Z,0,0,5737,0,0,2388[CR],2178335890
Z,0,0,5737,0,0,2407[CR],2178336437
Z,0,0,5737,0,0,2416[CR],2178336875
Z,0,0,5737,0,2,2423[CR],2178337421
Z,0,0,5737,0,0,2430[CR],2178337859
Z,0,0,5737,0,0,2435[CR],2178338406
Z,0,0,5737,0,0,2440[CR],2178338843
Z,0,0,5737,0,0,2437[CR],2178339390
Z,0,0,5737,0,21,2449[CR],2178339937
Z,0,0,5737,0,364,2449[CR],2178340375
Z,0,0,5737,0,0,2477[CR],2178340921
Z,0,0,5737,0,0,2467[CR],2178341359
Z,0,0,5737,129,0,2497[CR],2178341906
Z,0,0,5737,64,0,2483[CR],2178342343
Z,0,0,5737,54,0,2487[CR],2178342890
Z,0,0,5737,51,0,2488[CR],2178343437
Z,0,0,5737,27,52,3191[CR],2178343656
F,22184,13281,5737,3,0,4381[CR],2178344093
A,34932,22256,5737,1,0,4367[CR],2178344421
C,14370,1056,5737,0,0,4347[CR],2178344859
F,22186,13357,5737,0,0,4333[CR],2178345187
C,14364,1060,5737,0,0,4320[CR],2178345625
F,22102,13355,5737,0,0,4311[CR],2178345953
C,14361,1040,5737,0,0,4304[CR],2178346390
A,34904,22008,5737,0,0,4300[CR],2178346828
C,14360,1066,5737,0,70,4265[CR],2178347171
F,21948,13363,5737,0,75,4231[CR],2178347593
C,14361,1046,5737,0,59,4219[CR],2178347937
F,21874,13368,5737,0,2,4212[CR],2178348375
A,34912,21832,5737,0,0,4203[CR],2178348703
C,14360,1044,5737,0,3,4199[CR],2178349140
F,21776,13378,5737,0,7,4195[CR],2178349468
C,14361,1040,5737,0,0,4192[CR],2178349906
F,21718,13382,5737,0,0,4189[CR],2178350343
A,34876,21664,5737,0,0,4186[CR],2178350671
C,14362,1042,5738,0,0,4218[CR],2178351109
F,21618,13391,5743,13,39,4698[CR],2178351437
C,14370,1040,5748,11,161,5447[CR],2178351875
F,21682,13584,5752,9,302,6253[CR],2178352203
C,14485,1044,5759,20,520,6881[CR],2178352640
A,34900,23790,5766,22,516,6932[CR],2178353078
C,15472,1046,5774,18,521,6925[CR],2178353406
F,22646,14796,5782,20,519,6915[CR],2178353843
C,15357,1054,5789,18,520,6917[CR],2178354171
F,22208,14709,5797,19,520,6921[CR],2178354609
A,34940,22326,5805,21,513,6892[CR],2178354937
C,15414,1046,5813,19,516,6862[CR],2178355375
F,22662,14908,5821,20,513,6837[CR],2178355812
C,15589,1058,5828,16,515,6827[CR],2178356140
F,22958,14912,5836,19,514,6816[CR],2178356578
A,34932,22998,5844,21,515,6816[CR],2178356921
C,15679,1060,5851,19,515,6821[CR],2178357343
F,23052,14778,5859,20,512,6833[CR],2178357671
C,15636,1052,5866,17,511,6871[CR],2178358109
F,23192,14679,5874,19,517,6884[CR],2178358546
C,15571,1082,5882,21,512,6880[CR],2178358875
A,34928,23332,5890,18,513,6856[CR],2178359312
C,15441,1056,5898,20,513,6844[CR],2178359640
F,23344,14442,5905,22,515,6850[CR],2178360078
C,15380,1068,5913,18,515,6851[CR],2178360406
F,23492,14456,5921,20,512,6847[CR],2178360843
A,34852,23562,5928,19,513,6849[CR],2178361281
C,15359,1088,5936,21,512,6852[CR],2178361609
F,23672,14677,5944,22,516,6871[CR],2178362046
C,15402,1082,5952,19,516,6843[CR],2178362375
F,24054,14740,5960,21,518,6814[CR],2178362812
A,34872,24296,5967,20,518,6793[CR],2178363140
C,15585,1082,5976,20,518,6760[CR],2178363578
F,24420,14790,5983,21,516,6730[CR],2178364015
C,15707,1084,5991,18,516,6756[CR],2178364343
F,24632,14775,5999,19,511,6759[CR],2178364781
C,15836,1088,6006,21,510,6810[CR],2178365109
A,34876,24676,6014,18,507,6807[CR],2178365546
C,15927,1092,6022,21,515,6817[CR],2178365875
F,24538,14777,6029,17,513,6798[CR],2178366312
C,16133,1068,6037,20,515,6782[CR],2178366750
F,24566,14798,6045,22,515,6775[CR],2178367078
A,34896,24652,6053,19,514,6752[CR],2178367515
C,16428,1088,6061,21,510,6695[CR],2178367843
F,24676,14672,6068,20,505,6696[CR],2178368218
C,16512,1084,6076,19,505,6725[CR],2178368609
F,24604,14431,6084,21,511,6745[CR],2178369046
A,34876,24632,6091,18,506,6746[CR],2178369484
C,16438,1084,6099,19,509,6734[CR],2178369812
F,24812,14044,6107,22,508,6718[CR],2178370250
C,16311,1088,6115,19,509,6695[CR],2178370578
F,24928,13939,6123,20,514,6686[CR],2178371015
C,16110,1086,6131,17,505,6647[CR],2178371343
A,34832,25004,6139,19,507,6651[CR],2178371781
C,15985,1072,6146,21,508,6654[CR],2178372218
F,25036,14038,6154,18,508,6674[CR],2178372546
C,15976,1082,6162,19,504,6682[CR],2178372984
F,25268,14358,6169,17,502,6685[CR],2178373312
A,34864,25360,6177,19,505,6694[CR],2178373750
C,16141,1088,6185,22,506,6676[CR],2178374078
F,25120,14709,6193,20,506,6648[CR],2178374515
C,16103,1092,6201,20,501,6605[CR],2178374953
F,24992,14576,6208,22,507,6609[CR],2178375281
A,34860,24920,6216,18,510,6595[CR],2178375718
C,15771,1094,6224,19,500,6575[CR],2178376109
F,24768,14356,6231,19,499,6599[CR],2178376484
C,15566,1092,6239,18,503,6620[CR],2178376812
F,24514,14348,6247,20,499,6648[CR],2178377250
C,15412,1070,6254,18,500,6678[CR],2178377687
A,34876,24728,6262,19,503,6698[CR],2178378015
C,15432,1084,6269,16,504,6717[CR],2178378453
F,25072,14507,6278,20,509,6721[CR],2178378781
C,15657,1092,6285,21,505,6717[CR],2178379218
F,25796,14533,6293,18,503,6708[CR],2178379546
A,34812,26032,6301,20,506,6728[CR],2178379984
C,16163,1086,6308,21,507,6758[CR],2178380421
F,25816,14654,6316,18,508,6777[CR],2178380750
C,16319,1084,6324,20,502,6786[CR],2178381187
F,25532,14467,6332,18,504,6780[CR],2178381515
A,34852,25464,6340,20,511,6757[CR],2178381953
C,16324,1082,6347,22,507,6753[CR],2178382281
F,25456,14067,6355,19,500,6738[CR],2178382718
C,16184,1066,6363,19,506,6720[CR],2178383156
F,25520,13881,6370,17,508,6692[CR],2178383484
C,15998,1088,6378,20,507,6692[CR],2178383921
A,34804,25440,6386,21,506,6688[CR],2178384250
C,15858,1088,6394,18,503,6689[CR],2178384687
F,25468,13994,6401,20,504,6708[CR],2178385015
C,15825,1088,6409,16,504,6724[CR],2178385453
F,25472,14249,6417,18,506,6740[CR],2178385796
A,34816,25296,6424,22,507,6763[CR],2178386218
C,15792,1072,6432,18,508,6769[CR],2178386609
F,25048,14391,6440,19,508,6775[CR],2178386984
C,15694,1080,6447,18,504,6768[CR],2178387421
F,25048,14194,6455,20,504,6747[CR],2178387750
A,34796,25084,6463,20,504,6735[CR],2178388187
C,15485,1076,6470,19,503,6741[CR],2178388625
F,25072,14042,6478,19,502,6779[CR],2178388953
C,15337,1092,6486,21,505,6789[CR],2178389390
F,25148,14029,6494,18,503,6789[CR],2178389718
C,15300,1080,6501,20,505,6800[CR],2178390156
A,34792,25752,6508,17,505,6819[CR],2178390484
C,15364,1086,6517,18,504,6813[CR],2178390921
F,26196,14297,6524,22,508,6818[CR],2178391359
C,15578,1074,6532,19,507,6800[CR],2178391687
F,26800,14432,6539,20,506,6776[CR],2178392125
A,34828,26808,6547,16,504,6780[CR],2178392453
C,15973,1088,6555,18,504,6822[CR],2178392890
F,26740,14479,6562,20,502,6840[CR],2178393218
C,16173,1092,6570,18,500,6868[CR],2178393656
F,26600,14430,6578,20,507,6906[CR],2178394093
A,34856,26584,6585,17,504,6881[CR],2178394421
C,16476,1080,6593,18,504,6896[CR],2178394859
F,26632,14288,6600,22,500,6925[CR],2178395187
C,16684,1092,6608,18,499,6943[CR],2178395625
F,26676,14191,6616,20,505,6930[CR],2178395953
C,16948,1092,6623,16,494,6924[CR],2178396390
A,34756,26140,6631,19,500,6920[CR],2178396828
C,17034,1092,6639,20,496,6907[CR],2178397156
F,25668,14289,6646,17,504,6927[CR],2178397593
C,16854,1086,6654,19,496,6912[CR],2178397921
F,25456,14272,6662,22,492,6913[CR],2178398359
A,34836,25456,6670,19,494,6915[CR],2178398687
C,16552,1096,6677,19,495,6923[CR],2178399125
F,25436,14473,6685,16,497,6927[CR],2178399562
C,16428,1084,6692,19,500,6939[CR],2178399890
F,25516,14729,6700,21,499,6926[CR],2178400328
A,34748,25620,6708,19,499,6944[CR],2178400656
C,16408,1086,6715,20,500,6967[CR],2178401093
F,25884,15252,6723,17,500,6980[CR],2178401421
C,16636,1092,6731,19,499,6992[CR],2178401859
F,26328,15603,6738,20,497,7026[CR],2178402296
C,17036,1074,6745,17,499,7073[CR],2178402625
A,34800,26716,6753,20,499,7091[CR],2178403062
C,17608,1074,6760,18,502,7137[CR],2178403390
F,27100,16071,6768,19,502,7183[CR],2178403828
C,18406,1088,6775,21,499,7214[CR],2178404203
F,26260,16474,6783,18,503,7238[CR],2178404593
A,34788,24620,6790,21,505,7253[CR],2178405031
C,19478,1086,6798,17,505,7258[CR],2178405359
F,22772,16950,6806,19,505,7236[CR],2178405750
C,19700,1088,6814,22,504,7230[CR],2178406125
F,21374,16522,6821,18,502,7225[CR],2178406562
A,34776,21144,6829,20,505,7213[CR],2178406890
C,19348,1092,6837,17,502,7201[CR],2178407328
F,21288,15411,6844,19,504,7205[CR],2178407765
C,19098,1092,6852,21,500,7220[CR],2178408093
F,21610,15199,6859,18,500,7224[CR],2178408531
C,19012,1092,6867,19,503,7214[CR],2178408859
A,34772,22112,6874,16,504,7201[CR],2178409296
C,19320,1092,6882,19,507,7194[CR],2178409625
F,22366,15578,6890,21,508,7205[CR],2178410062
C,19890,1094,6898,18,505,7218[CR],2178410500
F,21948,16264,6905,20,503,7230[CR],2178410828
A,34768,21146,6912,17,507,7229[CR],2178411265
C,20436,1074,6921,19,506,7223[CR],2178411593
F,20454,16484,6928,21,504,7224[CR],2178412031
C,20222,1088,6936,18,504,7228[CR],2178412359
F,20506,15997,6943,20,501,7242[CR],2178412796
A,34772,20676,6951,17,505,7243[CR],2178413234
C,19998,1084,6959,20,499,7233[CR],2178413671
F,20828,16155,6966,20,498,7231[CR],2178414109
C,20060,1092,6974,17,498,7256[CR],2178414328
F,21026,16440,6982,20,503,7264[CR],2178414765
C,20182,1086,6989,17,499,7254[CR],2178415093
A,34708,21250,6997,18,495,7291[CR],2178415531
C,20330,1086,7004,20,495,7348[CR],2178415906
F,21422,16860,7011,17,502,7392[CR],2178416296
C,20584,1092,7019,19,501,7386[CR],2178416734
F,21536,17186,7027,17,496,7382[CR],2178417062
A,34756,21562,7034,19,501,7368[CR],2178417500
C,20854,1092,7042,21,502,7360[CR],2178417828
F,21536,17568,7049,18,502,7373[CR],2178418265
C,20916,1072,7058,21,501,7349[CR],2178418703
F,21414,17744,7065,17,497,7337[CR],2178419031
A,34752,21286,7073,19,502,7352[CR],2178419468
C,20768,1074,7081,21,502,7324[CR],2178419765
F,21288,17760,7088,18,502,7324[CR],2178420234
C,20570,1092,7096,19,499,7338[CR],2178420562
F,21282,17766,7103,17,495,7363[CR],2178421000
C,20456,1092,7111,19,499,7401[CR],2178421437
A,34748,21146,7118,20,499,7391[CR],2178421765
C,20278,1088,7126,18,498,7398[CR],2178422203
F,21034,17960,7134,20,502,7370[CR],2178422531
C,19974,1092,7141,22,500,7343[CR],2178422968
F,20992,17788,7149,19,501,7319[CR],2178423296
A,34740,21088,7157,21,500,7280[CR],2178423734
C,19200,1088,7165,18,502,7254[CR],2178424109
F,21106,17562,7173,20,499,7254[CR],2178424500
C,18700,1088,7180,21,497,7250[CR],2178424937
F,21088,17692,7188,18,496,7271[CR],2178425265
A,34764,21144,7196,20,500,7275[CR],2178425703
C,18460,1098,7203,16,495,7277[CR],2178426031
F,21214,18090,7210,18,500,7286[CR],2178426468
C,18584,1092,7218,21,499,7298[CR],2178426906
F,21334,18188,7225,18,498,7341[CR],2178427234
C,18838,1092,7233,20,497,7382[CR],2178427671
A,34760,21472,7240,17,499,7411[CR],2178428000
C,19252,1102,7248,19,496,7438[CR],2178428515
F,21630,17732,7255,20,499,7459[CR],2178428765
C,19596,1074,7262,18,495,7480[CR],2178429203
F,21812,17354,7270,20,496,7502[CR],2178429640
A,34740,21876,7277,18,495,7529[CR],2178429968
C,20028,1088,7285,19,496,7549[CR],2178430406
F,22002,17052,7292,18,494,7575[CR],2178430734
C,20236,1104,7300,19,496,7576[CR],2178431171
F,22210,16916,7308,20,491,7589[CR],2178431500
A,34692,22344,7315,17,491,7606[CR],2178431937
C,20510,1062,7323,19,491,7636[CR],2178432406
F,22436,16796,7330,20,495,7641[CR],2178432703
C,20528,1088,7338,19,493,7651[CR],2178433140
F,22436,16874,7345,21,493,7639[CR],2178433468
C,20402,1092,7353,18,492,7612[CR],2178433906
A,34732,22314,7361,20,492,7593[CR],2178434234
C,20156,1088,7368,21,493,7585[CR],2178434671
F,22226,17294,7376,18,492,7578[CR],2178435109
C,20030,1084,7384,20,492,7580[CR],2178435531
F,22202,17698,7391,17,492,7575[CR],2178435875
A,34692,22074,7399,19,491,7592[CR],2178436203
C,20064,1090,7406,21,495,7605[CR],2178436640
F,21794,18000,7414,19,492,7613[CR],2178436968
C,19948,1090,7421,20,492,7627[CR],2178437406
F,21804,17840,7429,18,487,7636[CR],2178437843
A,34720,22098,7436,19,492,7669[CR],2178438171
C,19868,1088,7444,16,490,7694[CR],2178438609
F,22512,17554,7451,18,487,7715[CR],2178438937
C,20332,1094,7459,19,489,7751[CR],2178439375
F,23004,17656,7466,17,491,7787[CR],2178439703
C,21156,1082,7473,19,484,7840[CR],2178440140
A,34712,23364,7480,17,487,7898[CR],2178440578
C,22226,1072,7487,18,486,7932[CR],2178440906
F,23004,18350,7494,20,488,7960[CR],2178441343
C,23164,1078,7502,17,488,8002[CR],2178441703
F,22028,18564,7509,20,490,8029[CR],2178442109
A,34704,21226,7517,19,491,8046[CR],2178442437
C,23862,1088,7524,19,490,8056[CR],2178442890
F,20566,18320,7532,20,487,8049[CR],2178443312
C,23800,1082,7540,19,487,8046[CR],2178443640
F,20368,17682,7547,21,486,8039[CR],2178444078
A,34696,20418,7555,17,486,8050[CR],2178444406
C,23154,1086,7562,20,484,8060[CR],2178444843
F,20422,17776,7569,17,486,8057[CR],2178445171
C,22676,1086,7577,19,483,8066[CR],2178445609
F,20366,17994,7585,20,483,8087[CR],2178446046
C,22002,1094,7592,17,484,8107[CR],2178446375
A,34728,20220,7600,19,483,8132[CR],2178446812
C,21250,1096,7607,15,481,8158[CR],2178447140
F,20098,18366,7614,18,481,8183[CR],2178447578
C,20562,1088,7622,19,485,8170[CR],2178447906
F,19994,18420,7629,19,486,8150[CR],2178448343
A,34688,19958,7637,20,482,8150[CR],2178448781
C,19890,1082,7644,16,487,8160[CR],2178449109
F,19984,18896,7652,19,484,8141[CR],2178449546
C,19816,1092,7659,20,484,8156[CR],2178449875
F,20148,19218,7667,18,483,8182[CR],2178450312
A,34688,20390,7674,19,483,8207[CR],2178450640
C,20102,1088,7681,18,482,8234[CR],2178451078
F,20680,19174,7689,18,481,8264[CR],2178451515
C,20316,1078,7696,20,482,8303[CR],2178451843
F,21058,18886,7704,18,480,8330[CR],2178452281
C,20564,1098,7711,20,484,8377[CR],2178452609
A,34728,21438,7718,18,482,8393[CR],2178453046
C,20888,1074,7726,19,484,8410[CR],2178453375
F,21572,18364,7732,15,483,8413[CR],2178453921
Z,0,0,7737,3,0,8305[CR],2178454250
F,21622,18190,7737,1,0,8167[CR],2178454546
A,34708,21270,7737,1,0,8164[CR],2178455015
C,20052,1044,7737,0,0,8164[CR],2178455343
F,21268,18166,7737,0,0,8163[CR],2178455890
Z,0,0,7737,0,0,8163[CR],2178456328
Z,0,0,7737,0,0,8161[CR],2178456875
Z,0,0,7737,0,0,8162[CR],2178457421
Z,0,0,7737,0,81,7575[CR],2178457750
C,19690,1060,7737,0,3,3885[CR],2178458078
F,20860,17200,7737,0,332,1396[CR],2178458515
C,19136,1060,7737,0,5,589[CR],2178458843
A,34680,18910,7737,0,26,2482[CR],2178459390
Z,0,0,7737,0,99,2452[CR],2178459937
Z,0,0,7737,0,0,3467[CR],2178460046
C,15954,1046,7737,0,0,825[CR],2178460593
Z,0,0,7737,0,0,12296[CR],2178460812
A,34684,19204,7737,0,0,929[CR],2178461250
C,15971,1060,7737,0,0,949[CR],2178461687
Z,0,0,7737,0,0,1270[CR],2178462234
Z,0,0,7737,0,0,2500[CR],2178462671
Z,0,0,7737,0,0,2498[CR],2178463218
Z,0,0,7737,0,0,2437[CR],2178463765
Z,0,0,7737,0,0,2347[CR],2178464203
Z,0,0,7737,0,0,2364[CR],2178464671
Z,0,0,7737,0,0,2368[CR],2178465218
Z,0,0,7737,0,0,2377[CR],2178465671
Z,0,0,7737,0,0,2383[CR],2178466218
Z,0,0,7737,0,0,2385[CR],2178466687
Z,0,0,7737,0,0,2390[CR],2178467125
Z,0,0,7737,0,0,2393[CR],2178467671
Z,0,0,7737,0,0,2398[CR],2178468218
Z,0,0,7737,0,0,2401[CR],2178468656
Z,0,0,7737,0,0,2405[CR],2178469203
Z,0,0,7737,0,0,2407[CR],2178469640
Z,0,0,7737,0,0,2409[CR],2178470187
Z,0,0,7737,0,0,2408[CR],2178470625
Z,0,0,7737,0,1,2399[CR],2178471171
Z,0,0,7737,0,0,2410[CR],2178471609
Z,0,0,7737,0,0,2409[CR],2178472156
Z,0,0,7737,0,0,2412[CR],2178472703
Z,0,0,7737,0,0,2416[CR],2178473140
Z,0,0,7737,0,0,2420[CR],2178473687
Z,0,0,7737,0,0,2425[CR],2178474125
Z,0,0,7737,0,0,2428[CR],2178474671
Z,0,0,7737,0,0,2428[CR],2178475109
Z,0,0,7737,0,79,2430[CR],2178475656
Z,0,0,7737,0,0,2440[CR],2178476093
Z,0,0,7737,0,0,2439[CR],2178476640
Z,0,0,7737,0,0,2442[CR],2178477187
Z,0,0,7737,0,0,2445[CR],2178477625
Z,0,0,7737,0,0,2405[CR],2178478171
Z,0,0,7737,0,0,2340[CR],2178478609
Z,0,0,7737,0,0,2340[CR],2178479156
Z,0,0,7737,0,0,2340[CR],2178479593
Z,0,0,7737,0,0,2340[CR],2178480140
Z,0,0,7737,0,0,2341[CR],2178480687
Z,0,0,7737,0,0,2339[CR],2178481125
Z,0,0,7737,0,0,2340[CR],2178481671
Z,0,0,7737,0,0,2353[CR],2178482109
Z,0,0,7737,0,3,2381[CR],2178482656
Z,0,0,7737,0,0,2380[CR],2178483093
Z,0,0,7737,0,0,2400[CR],2178483640
Z,0,0,7737,0,0,2411[CR],2178484187
Z,0,0,7737,0,9,2425[CR],2178484625
Z,0,0,7737,0,0,2430[CR],2178485171
Z,0,0,7737,0,0,2440[CR],2178485609
Z,0,0,7737,0,2,2445[CR],2178486156
Z,0,0,7737,0,0,2449[CR],2178486593
Z,0,0,7737,0,0,2453[CR],2178487140
Z,0,0,7737,0,16,2449[CR],2178487687
Z,0,0,7737,0,0,2451[CR],2178488125
Z,0,0,7737,0,0,2478[CR],2178488671
Z,0,0,7737,0,0,2469[CR],2178489109
Z,0,0,7737,114,0,2501[CR],2178489656
Z,0,0,7737,68,0,2488[CR],2178490203
Z,0,0,7737,57,0,2494[CR],2178490640
Z,0,0,7737,14,0,3437[CR],2178491187
Z,0,0,7737,1,0,4866[CR],2178491296
C,16137,1068,7737,1,0,4852[CR],2178491734
F,18750,12785,7737,0,0,4845[CR],2178492062
A,34696,18736,7737,0,0,4833[CR],2178492500
C,16170,1066,7737,0,1,4827[CR],2178493046
Z,0,0,7737,0,0,4845[CR],2178493484
Z,0,0,7737,0,0,4836[CR],2178494031
Z,0,0,7737,0,0,4776[CR],2178494468
C,16181,1064,7737,0,0,4391[CR],2178494796
F,18696,12851,7737,0,0,4360[CR],2178495234
C,16193,1074,7737,0,0,4346[CR],2178495781
Z,0,0,7737,0,0,4335[CR],2178496218
Z,0,0,7737,0,0,4323[CR],2178496437
A,34640,18680,7737,0,0,4316[CR],2178496765
C,16197,1058,7737,0,0,4311[CR],2178497312
Z,0,0,7737,0,0,4303[CR],2178497531
C,16197,1060,7737,0,0,4298[CR],2178497968
F,18652,12869,7737,0,0,4292[CR],2178498406
A,34692,18634,7737,0,0,4316[CR],2178498734
C,16197,1068,7737,15,1,4738[CR],2178499171
F,18634,12913,7740,11,21,5271[CR],2178499500
C,16265,1060,7745,12,175,5948[CR],2178499937
F,18750,13914,7749,11,243,6701[CR],2178500265
A,34640,19154,7754,14,387,7450[CR],2178500703
C,17820,1060,7761,18,508,7980[CR],2178501062
F,20914,19098,7768,21,505,8040[CR],2178501468
C,22276,1070,7776,17,506,8045[CR],2178501906
F,20304,18380,7783,18,504,8069[CR],2178502234
C,22442,1068,7791,18,504,8104[CR],2178502671
A,34692,20180,7798,19,509,8123[CR],2178503000
C,22630,1076,7806,22,510,8121[CR],2178503437
F,20202,17948,7813,18,507,8115[CR],2178503875
C,22922,1064,7821,19,508,8116[CR],2178504203
F,20246,18078,7828,16,504,8142[CR],2178504640
A,34656,20260,7836,19,504,8170[CR],2178504968
C,23332,1056,7843,20,506,8184[CR],2178505406
F,20264,18460,7851,17,509,8207[CR],2178505734
C,23466,1058,7858,20,506,8226[CR],2178506171
F,20182,18726,7866,16,504,8216[CR],2178506609
A,34656,20080,7874,20,508,8210[CR],2178506937
C,23322,1046,7881,21,512,8192[CR],2178507375
F,19990,18680,7889,18,507,8173[CR],2178507703
C,23032,1068,7896,19,508,8181[CR],2178508140
F,19946,18580,7904,16,508,8173[CR],2178508468
C,22844,1044,7911,18,506,8169[CR],2178508906
A,34684,19928,7919,21,504,8171[CR],2178509234
C,22642,1054,7926,18,502,8173[CR],2178509671
F,19960,18660,7934,20,504,8208[CR],2178510109
C,22536,1064,7941,16,504,8245[CR],2178510437
F,19998,18784,7949,19,506,8284[CR],2178510875
A,34632,20030,7957,22,510,8291[CR],2178511203
C,22630,1058,7964,18,503,8267[CR],2178511640
F,20076,18750,7972,19,508,8269[CR],2178512078
C,22824,1052,7979,17,506,8275[CR],2178512406
F,20138,18678,7987,19,505,8289[CR],2178512843
A,34652,20174,7994,20,501,8322[CR],2178513171
C,22948,1064,8002,18,508,8341[CR],2178513609
F,20178,18514,8009,19,503,8349[CR],2178513937
C,22890,1042,8016,18,505,8346[CR],2178514375
F,20152,18428,8024,19,506,8345[CR],2178514703
C,22690,1042,8031,21,499,8349[CR],2178515140
A,34616,20098,8039,17,501,8358[CR],2178515578
C,22346,1054,8046,21,505,8370[CR],2178515906
F,20056,18330,8054,18,504,8361[CR],2178516343
C,21920,1068,8062,19,505,8360[CR],2178516671
F,20018,18262,8069,21,504,8361[CR],2178517109
A,34640,20026,8077,19,504,8359[CR],2178517437
C,21482,1064,8084,20,500,8375[CR],2178517875
F,20066,18392,8091,17,501,8392[CR],2178518312
C,21724,1050,8099,18,497,8416[CR],2178518640
F,20250,18664,8106,17,504,8480[CR],2178519078
A,34624,20386,8114,18,501,8533[CR],2178519406
C,22920,1050,8121,20,503,8566[CR],2178519812
F,20488,19226,8129,17,503,8597[CR],2178520171
C,23848,1046,8136,19,502,8634[CR],2178520609
F,20360,19584,8143,15,495,8637[CR],2178521046
C,24386,1048,8151,18,505,8651[CR],2178521375
A,34684,19868,8158,21,499,8652[CR],2178521812
C,24474,1042,8166,18,503,8649[CR],2178522140
F,19672,19254,8173,19,497,8653[CR],2178522578
C,24280,1040,8180,17,503,8669[CR],2178522906
F,19556,19014,8188,19,500,8678[CR],2178523343
A,34632,19532,8195,21,499,8677[CR],2178523781
C,23888,1046,8203,18,499,8693[CR],2178524109
F,19532,18852,8210,19,502,8715[CR],2178524546
C,23638,1042,8218,17,496,8745[CR],2178524875
F,19586,18816,8225,19,492,8770[CR],2178525312
A,34652,19608,8232,18,497,8802[CR],2178525640
C,23182,1034,8240,18,498,8820[CR],2178526078
F,19634,18822,8247,20,499,8836[CR],2178526515
C,22972,1040,8254,17,499,8833[CR],2178526843
F,19664,18824,8262,20,499,8815[CR],2178527281
C,22662,1032,8270,16,500,8779[CR],2178527609
A,34648,19664,8278,20,503,8764[CR],2178528046
C,22336,1040,8285,20,499,8734[CR],2178528468
F,19646,18828,8293,17,499,8731[CR],2178528812
C,21956,1042,8300,19,501,8724[CR],2178529250
F,19634,19020,8308,16,497,8735[CR],2178529578
A,34640,19626,8315,19,501,8742[CR],2178530015
C,21428,1034,8323,21,496,8756[CR],2178530343
F,19624,18942,8330,18,499,8728[CR],2178530781
C,21194,1048,8338,19,498,8682[CR],2178531109
F,19620,18832,8345,16,498,8650[CR],2178531546
A,34644,19628,8353,19,502,8648[CR],2178531984
C,20850,1046,8360,19,496,8648[CR],2178532312
F,19652,18536,8368,18,496,8687[CR],2178532750
C,20702,1036,8375,19,499,8702[CR],2178533078
F,19772,18318,8382,16,490,8735[CR],2178533515
C,20708,1032,8389,18,493,8764[CR],2178533843
A,34608,19910,8397,19,496,8788[CR],2178534281
C,20842,1006,8404,18,487,8815[CR],2178534718
F,19966,18188,8411,20,498,8829[CR],2178535046
C,21042,1042,8419,18,499,8822[CR],2178535484
F,20034,18310,8426,18,495,8828[CR],2178535812
A,34660,20078,8433,17,499,8839[CR],2178536250
C,21610,1038,8441,17,490,8855[CR],2178536578
F,20030,18464,8448,20,495,8892[CR],2178537015
C,21998,1048,8455,17,498,8933[CR],2178537453
F,20116,18324,8463,19,495,8958[CR],2178537781
A,34656,20264,8470,18,496,8950[CR],2178538125
C,22328,1036,8478,19,499,8946[CR],2178538546
F,20442,17902,8485,21,493,8939[CR],2178538906
C,22338,1040,8493,17,497,8945[CR],2178539312
F,20680,17766,8500,20,496,8964[CR],2178539750
C,22470,1036,8507,17,494,8982[CR],2178540187
A,34652,21068,8515,19,487,8993[CR],2178540515
C,22682,1034,8522,16,485,9013[CR],2178540953
F,21306,18106,8529,17,484,9045[CR],2178541281
C,23030,1038,8536,19,488,9074[CR],2178541718
F,21552,18428,8544,17,498,9101[CR],2178542046
A,34648,21628,8551,20,493,9112[CR],2178542484
C,23704,1026,8558,17,494,9117[CR],2178542921
F,21552,18808,8566,18,498,9116[CR],2178543250
C,24016,1034,8573,19,495,9130[CR],2178543687
F,21286,19072,8580,17,484,9137[CR],2178544015
A,34632,21018,8588,19,492,9147[CR],2178544453
C,24226,1038,8595,18,491,9157[CR],2178544781
F,20856,19196,8602,19,488,9159[CR],2178545218
C,24266,1052,8609,17,487,9156[CR],2178545656
F,20896,19074,8617,18,494,9157[CR],2178545984
C,24118,1032,8624,20,491,9143[CR],2178546421
A,34700,21072,8631,17,496,9151[CR],2178546750
C,24038,1046,8639,20,495,9155[CR],2178547187
F,21122,19180,8646,18,488,9162[CR],2178547515
C,24084,1032,8654,19,496,9191[CR],2178547953
F,21240,19314,8661,19,491,9208[CR],2178548390
A,34652,21314,8668,19,489,9238[CR],2178548718
C,24612,1042,8675,19,488,9263[CR],2178549062
F,21384,19678,8682,17,488,9309[CR],2178549484
C,25288,1030,8689,18,487,9355[CR],2178549921
F,21448,19996,8696,16,482,9392[CR],2178550250
A,34640,21422,8703,18,483,9416[CR],2178550687
C,26568,1038,8710,16,484,9431[CR],2178551125
F,21150,20386,8717,19,492,9446[CR],2178551453
C,27028,1042,8724,16,487,9437[CR],2178551890
F,20520,20270,8731,18,484,9436[CR],2178552218
C,26904,1032,8738,18,487,9440[CR],2178552656
A,34636,19850,8745,17,482,9446[CR],2178552984
C,26636,1026,8752,19,492,9454[CR],2178553421
F,19474,19924,8759,17,487,9439[CR],2178553875
C,26220,1018,8766,18,492,9430[CR],2178554187
F,19174,19190,8772,16,485,9399[CR],2178554625
A,34680,19118,8780,18,488,9392[CR],2178554953
C,25140,1038,8787,21,488,9329[CR],2178555390
F,19142,18212,8795,18,492,9309[CR],2178555718
C,24488,1022,8802,20,491,9311[CR],2178556156
F,19174,18188,8809,17,483,9312[CR],2178556484
A,34696,19232,8816,18,481,9368[CR],2178556921
C,24062,1028,8823,15,484,9417[CR],2178557281
F,19336,18226,8830,18,483,9465[CR],2178557687
C,24302,1000,8836,14,480,9505[CR],2178558125
F,19446,18330,8843,17,479,9528[CR],2178558453
C,24588,1032,8850,14,482,9525[CR],2178558890
A,34648,19482,8857,16,487,9526[CR],2178559328
C,24760,1032,8863,17,483,9525[CR],2178559656
F,19406,18836,8870,16,480,9527[CR],2178560093
C,24796,1018,8876,18,479,9520[CR],2178560421
F,19256,19070,8883,16,483,9524[CR],2178560859
A,34664,19212,8890,19,487,9526[CR],2178561296
C,24648,1000,8896,15,478,9537[CR],2178561625
F,19210,18990,8903,19,482,9546[CR],2178562062
C,24396,1014,8910,15,480,9538[CR],2178562390
F,19308,18850,8916,18,481,9546[CR],2178562828
A,34648,19334,8922,16,486,9534[CR],2178563156
C,24198,1006,8929,19,491,9509[CR],2178563593
F,19366,18784,8936,16,486,9472[CR],2178563921
C,24174,1034,8943,18,480,9463[CR],2178564359
F,19478,18736,8950,14,473,9467[CR],2178564796
C,24178,1020,8957,17,481,9466[CR],2178565125
A,34680,19562,8963,18,483,9473[CR],2178565562
C,24264,1016,8970,16,476,9502[CR],2178565953
F,19598,18818,8977,19,479,9520[CR],2178566328
C,24248,1028,8984,16,481,9520[CR],2178566671
F,19640,18860,8991,19,483,9526[CR],2178567093
A,34668,19646,8997,17,474,9524[CR],2178567531
C,24200,1018,9004,20,487,9519[CR],2178567859
F,19634,19018,9011,16,482,9490[CR],2178568296
C,23960,1022,9018,18,482,9489[CR],2178568625
F,19622,19214,9025,16,479,9476[CR],2178569062
A,34668,19610,9032,17,480,9467[CR],2178569390
C,23538,1018,9038,16,479,9456[CR],2178569828
F,19582,19290,9046,17,480,9440[CR],2178570265
C,23242,1016,9052,18,478,9449[CR],2178570593
F,19560,19128,9060,18,484,9437[CR],2178571031
C,22880,1000,9067,21,487,9421[CR],2178571359
A,34692,19504,9074,17,488,9402[CR],2178571796
C,22492,1006,9082,20,486,9371[CR],2178572125
F,19470,18536,9089,18,486,9349[CR],2178572562
C,22182,1006,9097,18,481,9350[CR],2178573000
F,19436,18334,9104,20,484,9367[CR],2178573328
A,34692,19444,9111,18,482,9378[CR],2178573765
C,21902,1034,9119,19,480,9410[CR],2178574093
F,19456,17950,9126,18,476,9447[CR],2178574531
C,21830,1024,9133,17,480,9465[CR],2178574875
F,19468,17720,9140,15,483,9493[CR],2178575296
A,34664,19486,9147,18,482,9504[CR],2178575734
C,21752,1012,9155,19,479,9507[CR],2178576062
F,19512,17542,9162,18,487,9500[CR],2178576500
C,21710,1008,9169,20,482,9501[CR],2178576828
F,19536,17430,9176,17,481,9525[CR],2178577265
C,21650,1020,9183,18,474,9540[CR],2178577703
A,34684,19574,9190,14,468,9564[CR],2178578031
C,21704,1026,9197,18,474,9575[CR],2178578468
F,19606,17472,9203,14,475,9576[CR],2178578796
C,21814,1030,9210,16,473,9588[CR],2178579234
F,19642,17542,9217,17,475,9596[CR],2178579562
A,34668,19686,9224,16,472,9606[CR],2178580000
C,22050,1030,9230,18,476,9628[CR],2178580437
F,19758,17808,9237,16,473,9636[CR],2178580765
C,22278,1024,9244,18,478,9638[CR],2178581203
F,19870,17954,9250,16,481,9653[CR],2178581531
A,34692,19940,9257,17,471,9680[CR],2178581968
C,22634,1006,9263,15,463,9730[CR],2178582296
F,20034,18288,9269,15,460,9772[CR],2178582734
C,23000,1030,9274,11,447,9807[CR],2178583171
F,20088,18534,9277,8,423,9835[CR],2178583500
C,23206,1024,9279,4,325,9831[CR],2178583937
A,34696,20070,9281,3,332,9822[CR],2178584265
C,23056,1032,9282,3,332,9821[CR],2178584703
F,20098,18930,9283,3,320,9814[CR],2178585031
C,23172,1026,9284,2,310,9814[CR],2178585468
F,20102,18992,9285,2,320,9819[CR],2178585906
A,34680,20104,9286,2,260,9809[CR],2178586234
C,23240,1032,9287,2,203,9801[CR],2178586671
F,20070,19086,9287,1,125,9798[CR],2178587000
C,23090,1036,9288,1,155,9796[CR],2178587437
F,20056,19136,9288,1,136,9793[CR],2178587765
A,34676,20046,9288,0,102,9792[CR],2178588203
C,23038,1040,9289,0,0,9789[CR],2178588640
F,20028,19168,9289,0,0,9787[CR],2178588968
C,23004,1030,9289,0,1,9784[CR],2178589406
F,20012,19192,9289,0,0,9784[CR],2178589734
C,22942,1030,9290,0,0,9783[CR],2178590171
A,34672,19974,9290,0,0,9782[CR],2178590609
Z,0,0,9290,0,0,9781[CR],2178590937
F,19960,19220,9290,0,0,9779[CR],2178591265
C,22878,1026,9290,0,0,9778[CR],2178591703
F,19940,19230,9290,0,0,9779[CR],2178592140
A,34684,19922,9290,0,0,9778[CR],2178592468
C,22880,1026,9291,0,0,9777[CR],2178592906
F,19916,19244,9291,0,0,9607[CR],2178593343
Z,0,0,9291,0,2,8348[CR],2178593671
F,19804,19222,9291,0,0,6512[CR],2178594000
A,34748,19698,9291,0,0,4971[CR],2178594437
C,22002,1026,9291,0,53,3791[CR],2178594875
F,19604,18624,9291,0,137,2896[CR],2178595203
C,21502,1030,9291,0,234,1284[CR],2178595640
F,19402,15865,9291,0,264,510[CR],2178595968
C,18644,1020,9291,0,440,35544[CR],2178596406
A,34672,12352,9291,0,443,35544[CR],2178596734
C,10221,1026,9291,0,0,35544[CR],2178597296
Z,0,0,9291,86,295,1450[CR],2178597765
Z,0,0,9291,172,549,4007[CR],2178597968
F,13155,11860,9291,172,552,6930[CR],2178598312
A,34696,15910,9314,8,1,7952[CR],2178598750
C,21604,1024,9314,1,0,7804[CR],2178599078
F,27360,15539,9314,1,0,7793[CR],2178599531
C,21280,1032,9314,0,16,6822[CR],2178599859
F,25396,15268,9314,0,0,3787[CR],2178600312
A,34700,24542,9314,0,0,3510[CR],2178600750
C,20704,1018,9314,0,0,3544[CR],2178601078
F,24018,14785,9314,0,0,3560[CR],2178601515
C,20602,1024,9314,0,0,3572[CR],2178601843
F,23582,14773,9314,0,0,3580[CR],2178602281
C,20516,1036,9314,0,0,3589[CR],2178602609
A,34676,23224,9314,0,0,3597[CR],2178603046
C,20444,1032,9314,0,0,3605[CR],2178603484
F,23034,14773,9314,0,0,3609[CR],2178603812
C,20386,1024,9314,0,0,3680[CR],2178604250
F,22856,14777,9314,11,0,4131[CR],2178604578
A,34672,22746,9314,12,0,4639[CR],2178605015
C,20318,1026,9314,14,0,5019[CR],2178605343
F,22638,14808,9314,10,0,5501[CR],2178605781
C,20290,1024,9314,9,0,6051[CR],2178606218
F,22518,14873,9314,8,0,6709[CR],2178606546
A,34700,22456,9314,8,26,7339[CR],2178606984
C,20320,1024,9316,9,204,7952[CR],2178607312
F,22420,15553,9322,19,483,8437[CR],2178607750
C,21944,1030,9330,17,481,8552[CR],2178608078
F,23500,16502,9337,18,482,8626[CR],2178608515
C,24522,1030,9344,21,484,8697[CR],2178608953
A,34708,23818,9352,17,482,8778[CR],2178609281
C,25584,1018,9359,19,488,8859[CR],2178609718
F,23926,17014,9367,17,488,8918[CR],2178610046
C,26460,1026,9375,19,487,8964[CR],2178610484
F,23912,17352,9382,21,487,8990[CR],2178610812
A,34732,23840,9390,18,487,9019[CR],2178611250
C,26996,1030,9398,21,489,9057[CR],2178611687
F,23704,17794,9405,16,489,9077[CR],2178612062
C,26772,1030,9413,19,489,9104[CR],2178612453
F,23510,18216,9421,20,486,9134[CR],2178612781
A,34696,23358,9428,18,485,9174[CR],2178613218
C,26108,1026,9436,20,484,9205[CR],2178613562
F,23240,18620,9444,22,483,9214[CR],2178613984
C,25852,1026,9452,20,490,9220[CR],2178614421
F,23142,18726,9460,22,489,9220[CR],2178614750
C,25604,1042,9467,19,487,9229[CR],2178615187
A,34736,23014,9476,20,486,9213[CR],2178615515
C,25392,1030,9483,22,488,9202[CR],2178615953
F,22946,18316,9491,18,482,9218[CR],2178616281
C,25104,1036,9499,21,483,9242[CR],2178616718
F,22844,17974,9507,22,485,9254[CR],2178617156
A,34696,22790,9515,19,487,9257[CR],2178617484
C,24684,1026,9523,21,484,9272[CR],2178617921
F,22722,17420,9531,18,484,9294[CR],2178618250
C,24424,1026,9538,19,480,9319[CR],2178618687
F,22646,17232,9546,20,481,9341[CR],2178619015
A,34740,22580,9553,19,478,9363[CR],2178619453
C,24020,1002,9562,19,475,9379[CR],2178619890
F,22544,16942,9569,16,476,9404[CR],2178620218
C,23794,1026,9577,21,483,9406[CR],2178620656
F,22498,16784,9585,21,479,9426[CR],2178620984
C,23592,1020,9592,18,478,9431[CR],2178621421
A,34712,22460,9600,20,479,9445[CR],2178621750
C,23486,1012,9608,19,482,9451[CR],2178622187
F,22466,16702,9616,19,480,9444[CR],2178622531
C,23498,1018,9623,20,476,9449[CR],2178622953
F,22480,16772,9630,18,473,9479[CR],2178623390
A,34748,22482,9638,20,476,9488[CR],2178623718
C,23440,1032,9645,19,479,9492[CR],2178624156
F,22492,16888,9653,18,476,9509[CR],2178624484
C,23346,1018,9660,20,480,9513[CR],2178624921
F,22484,17026,9668,18,479,9526[CR],2178625250
A,34780,22460,9676,19,475,9510[CR],2178625687
C,23154,1012,9683,21,475,9513[CR],2178626125
F,22426,17104,9691,19,470,9527[CR],2178626453
C,22830,1020,9699,22,478,9515[CR],2178626890
F,22338,17206,9706,17,472,9515[CR],2178627218
C,22506,1014,9713,18,472,9534[CR],2178627656
A,34756,22298,9721,19,470,9554[CR],2178627984
C,22320,1014,9728,19,472,9565[CR],2178628421
F,22310,17726,9736,19,469,9582[CR],2178628859
C,22298,1000,9736,2,0,9488[CR],2178629187
F,22172,18276,9736,1,0,9448[CR],2178629734
Z,0,0,9736,0,0,9435[CR],2178630171
Z,0,0,9736,0,0,9425[CR],2178630718
Z,0,0,9736,0,0,9419[CR],2178630718
C,20918,990,9736,0,0,9415[CR],2178631265
Z,0,0,9736,0,0,9413[CR],2178631593
A,34700,21832,9736,0,0,9408[CR],2178632031
Z,0,0,9736,0,0,9405[CR],2178632578
Z,0,0,9736,0,0,9402[CR],2178633015
Z,0,0,9736,0,0,9399[CR],2178633562
Z,0,0,9736,0,0,9396[CR],2178634109
Z,0,0,9736,0,0,9393[CR],2178634546
Z,0,0,9736,0,0,9390[CR],2178635093
Z,0,0,9736,0,0,9387[CR],2178635531
Z,0,0,9736,0,0,9386[CR],2178636078
Z,0,0,9736,0,0,9383[CR],2178636515
Z,0,0,9736,0,0,9381[CR],2178637062
Z,0,0,9736,0,0,9379[CR],2178637609
Z,0,0,9736,0,0,9377[CR],2178638046
Z,0,0,9736,0,0,9376[CR],2178638593
Z,0,0,9736,0,0,9373[CR],2178639031
Z,0,0,9736,0,0,9372[CR],2178639578
Z,0,0,9736,0,0,9370[CR],2178639796
C,20366,984,9736,0,0,9370[CR],2178640234
Z,0,0,9736,0,0,9367[CR],2178640781
Z,0,0,9736,0,0,9365[CR],2178640906
F,21432,18882,9736,0,0,9365[CR],2178641437
Z,0,0,9736,0,0,9364[CR],2178641875
Z,0,0,9736,0,0,9362[CR],2178642421
Z,0,0,9736,0,0,9360[CR],2178642968
Z,0,0,9736,0,0,9359[CR],2178643406
Z,0,0,9736,0,0,9358[CR],2178643953
Z,0,0,9736,0,0,9357[CR],2178644390
Z,0,0,9736,0,0,9354[CR],2178644937
Z,0,0,9736,0,0,9354[CR],2178645484
Z,0,0,9736,0,0,9352[CR],2178645921
Z,0,0,9736,0,0,9350[CR],2178646468
Z,0,0,9736,0,0,9348[CR],2178646906
Z,0,0,9736,0,0,9348[CR],2178647453
Z,0,0,9736,0,0,9346[CR],2178647890
Z,0,0,9736,0,0,9345[CR],2178648437
Z,0,0,9736,0,0,9344[CR],2178648984
Z,0,0,9736,0,0,9341[CR],2178649093
F,21046,18930,9736,0,0,9340[CR],2178649640
Z,0,0,9736,0,0,9337[CR],2178650078
Z,0,0,9736,0,0,9334[CR],2178650625
Z,0,0,9736,0,0,9331[CR],2178651171
Z,0,0,9736,0,0,9328[CR],2178651609
Z,0,0,9736,0,0,9324[CR],2178652156
Z,0,0,9736,0,0,9320[CR],2178652593
Z,0,0,9736,0,0,9316[CR],2178653140
Z,0,0,9736,0,0,9313[CR],2178653687
Z,0,0,9736,0,0,9309[CR],2178654125
Z,0,0,9736,0,0,9305[CR],2178654671
Z,0,0,9736,0,0,9301[CR],2178655109
U,57584,3654,9736,0,0,9296[CR],2178655546
Z,0,0,9736,0,0,9294[CR],2178656093
Z,0,0,9736,0,0,9289[CR],2178656640
Z,0,0,9736,0,0,9285[CR],2178657078
Z,0,0,9736,0,0,9283[CR],2178657625
Z,0,0,9736,0,0,9277[CR],2178658062
Z,0,0,9736,0,0,9275[CR],2178658609
Z,0,0,9736,0,0,9271[CR],2178659046
Z,0,0,9736,0,0,9267[CR],2178659593
Z,0,0,9736,0,0,9264[CR],2178660140
Z,0,0,9736,0,0,9259[CR],2178660578
Z,0,0,9736,0,0,9255[CR],2178661125
Z,0,0,9736,0,0,9252[CR],2178661562
Z,0,0,9736,0,0,9248[CR],2178662109
Z,0,0,9736,0,0,9244[CR],2178662546
Z,0,0,9736,0,0,9242[CR],2178663093
Z,0,0,9736,0,0,9237[CR],2178663640
Z,0,0,9736,0,0,9233[CR],2178664078
Z,0,0,9736,0,0,9230[CR],2178664625
Z,0,0,9736,0,0,9225[CR],2178665062
Z,0,0,9736,0,0,9221[CR],2178665609
Z,0,0,9736,0,0,9218[CR],2178666156
Z,0,0,9736,0,0,9215[CR],2178666593
Z,0,0,9736,0,0,9210[CR],2178667140
Z,0,0,9736,0,0,9206[CR],2178667578
Z,0,0,9736,0,0,9204[CR],2178668125
Z,0,0,9736,0,0,9199[CR],2178668562
Z,0,0,9736,0,0,9195[CR],2178669109
Z,0,0,9736,0,0,9193[CR],2178669656
Z,0,0,9736,0,0,9189[CR],2178670093
Z,0,0,9736,0,0,9185[CR],2178670640
Z,0,0,9736,0,0,9181[CR],2178671078
Z,0,0,9736,0,0,9176[CR],2178671625
Z,0,0,9736,0,0,9174[CR],2178672062
Z,0,0,9736,0,0,9170[CR],2178672609
Z,0,0,9736,0,0,9167[CR],2178673156
Z,0,0,9736,0,0,9163[CR],2178673593
Z,0,0,9736,0,0,9159[CR],2178674140
Z,0,0,9736,0,0,9155[CR],2178674578
Z,0,0,9736,0,0,9152[CR],2178675125
Z,0,0,9736,0,0,9147[CR],2178675562
Z,0,0,9736,0,0,9143[CR],2178676109
Z,0,0,9736,0,0,9138[CR],2178676656
Z,0,0,9736,0,0,9134[CR],2178677093
Z,0,0,9736,0,0,9125[CR],2178677640
Z,0,0,9736,0,0,9116[CR],2178678078
Z,0,0,9736,0,0,9113[CR],2178678625
Z,0,0,9736,0,0,9109[CR],2178679062
Z,0,0,9736,0,0,9105[CR],2178679609
Z,0,0,9736,0,0,9100[CR],2178680156
Z,0,0,9736,0,0,9095[CR],2178680593
Z,0,0,9736,0,0,9091[CR],2178681140
Z,0,0,9736,0,0,9087[CR],2178681578
Z,0,0,9736,0,0,9082[CR],2178682125
Z,0,0,9736,0,0,9078[CR],2178682562
Z,0,0,9736,0,0,9074[CR],2178683109
Z,0,0,9736,0,0,9070[CR],2178683656
Z,0,0,9736,0,0,9066[CR],2178684093
Z,0,0,9736,0,0,9061[CR],2178684640
Z,0,0,9736,0,0,9057[CR],2178685078
Z,0,0,9736,0,0,9052[CR],2178685625
Z,0,0,9736,0,0,9049[CR],2178686171
Z,0,0,9736,0,0,9044[CR],2178686609
Z,0,0,9736,0,0,9039[CR],2178687156
Z,0,0,9736,0,0,9034[CR],2178687593
Z,0,0,9736,0,0,9029
<PAUSE BUTTON 11:21:22>
[CR],2178688156
Z,0,0,9736,0,0,9024[CR],2178688156
>
Reset interface. Wait time for interface: 16
>
Reset interface. Wait time for interface: 125DOFF
OK
>
Command: DOFF Wait time for interface: 110

>
Reset interface. Wait time for interface: 15CLEAR
OK
>
Command: CLEAR Wait time for interface: 110

<END BUTTON 11:27:51>

------------------- Begin end zero test --------------------
>
Reset interface. Wait time for interface: 47SCAN E
Z,0,0,0,0,387,2756
C,12316,9718,0,0,388,2460[CR],2179081140
F,12240,11865,0,0,387,2460[CR],2179081578
A,35088,12228,0,0,387,2460[CR],2179081906
C,12316,9721,0,0,387,2461[CR],2179082343
F,12229,11866,0,0,387,2460[CR],2179082687
C,12315,9714,0,0,388,2460[CR],2179083140
F,12230,11865,0,0,388,2460[CR],2179083468
C,12316,9709,0,0,386,2460[CR],2179083906
A,35108,12235,0,0,385,2460[CR],2179084343
C,12316,9740,0,0,387,2459[CR],2179084671
F,12232,11865,0,0,388,2461[CR],2179085109
C,12316,9725,0,0,388,2460[CR],2179085453
F,12237,11866,0,0,387,2461[CR],2179085890
A,35088,12228,0,0,387,2461[CR],2179086234
C,12316,9677,0,0,387,2461[CR],2179086671
F,12232,11866,0,0,387,2461[CR],2179087000
C,12316,9725,0,0,389,2460[CR],2179087437
F,12234,11866,0,0,387,2460[CR],2179087765
A,35088,12227,0,0,387,2461[CR],2179088250
C,12315,9725,0,0,385,2461[CR],2179088593
F,12227,11866,0,0,385,2461[CR],2179088921
C,12315,9718,0,0,386,2462[CR],2179089359
F,12230,11866,0,0,388,2464[CR],2179089796
C,12316,9630,0,0,382,2464[CR],2179090125
A,35116,12236,0,0,392,2461[CR],2179090562
C,12328,9686,0,0,385,2458[CR],2179090890
F,12230,12102,0,0,384,2459[CR],2179091328
C,12321,9718,0,0,379,2462[CR],2179091656
F,12232,11871,0,0,379,2462[CR],2179092093
A,35072,12231,0,0,375,2463[CR],2179092531
C,12316,9690,0,0,373,2462[CR],2179092859
F,12228,11881,0,0,393,2460[CR],2179093296
C,12321,9709,0,0,392,2459[CR],2179093625
F,12227,11878,0,0,386,2460[CR],2179094062
A,35088,12232,0,0,384,2463[CR],2179094390
C,12315,9733,0,0,387,2462[CR],2179094828
F,12231,11869,0,0,396,2464[CR],2179095265
C,12316,9664,0,0,399,2464[CR],2179095593
F,12231,11869,0,0,400,2462[CR],2179096031
C,12316,9656,0,0,396,2461[CR],2179096359
A,35064,12233,0,0,391,2462[CR],2179096796
C,12316,9656,0,0,398,2461[CR],2179097125
F,12230,11869,0,0,397,2462[CR],2179097562
C,12316,9622,0,0,399,2462[CR],2179098000
F,12235,11870,0,0,399,2461[CR],2179098328
A,35068,12234,0,0,399,2462[CR],2179098765
C,12316,9636,0,0,398,2463[CR],2179099093
F,12235,11869,0,0,397,2462[CR],2179099531
C,12316,9656,0,0,369,2462[CR],2179099859
F,12235,11869,0,0,390,2460[CR],2179100296
A,35132,12252,0,0,396,2459[CR],2179100734
C,12250,9603,0,0,388,2460[CR],2179101062
F,12943,12283,0,0,353,2459[CR],2179101500
C,12263,9718,0,0,386,2459[CR],2179101828
F,12917,12378,0,0,363,2459[CR],2179102265
C,12296,9700,0,0,380,2461[CR],2179102593
A,35096,12904,0,0,383,2462[CR],2179103031
C,12278,9673,0,0,328,2465[CR],2179103468
F,12891,12315,0,0,348,2463[CR],2179103796
C,12279,9602,0,0,348,2463[CR],2179104234
F,12890,12309,0,0,372,2463[CR],2179104562
A,35072,12878,0,0,377,2462[CR],2179105000
C,12280,9645,0,0,377,2461[CR],2179105328
F,12875,12301,0,0,378,2463[CR],2179105765
C,12281,9627,0,0,380,2464[CR],2179106203
F,12869,12299,0,0,380,2464[CR],2179106531
A,35044,12863,0,0,387,2462[CR],2179106968
C,12281,9610,0,0,379,2463[CR],2179107296
F,12862,12294,0,0,380,2463[CR],2179107734
C,12282,9630,0,0,381,2462[CR],2179108062
F,12858,12292,0,0,371,2462[CR],2179108500
C,12282,9634,0,0,357,2462[CR],2179108937
A,35056,12852,0,0,392,2460[CR],2179109265
C,12289,9641,0,0,355,2459[CR],2179109703
F,12962,12328,0,0,385,2462[CR],2179110031
C,12288,9570,0,0,387,2462[CR],2179110468
F,12979,12270,0,0,385,2463[CR],2179110796
A,35044,12965,0,0,390,2462[CR],2179111234
C,12282,9613,0,0,389,2463[CR],2179111671
F,12956,12268,0,0,387,2462[CR],2179112000
C,12283,9630,0,0,384,2462[CR],2179112437
F,12942,12322,0,0,389,2460[CR],2179112765
A,35132,12936,0,0,376,2458[CR],2179113203
C,12348,9622,0,0,338,2459[CR],2179113531
F,11051,12012,0,0,335,2459[CR],2179113968
C,12341,9700,0,0,367,2462[CR],2179114406
F,12847,12219,0,0,369,2463[CR],2179114734
C,12296,9681,0,0,368,2463[CR],2179115171
A,35088,12802,0,0,365,2463[CR],2179115500
C,12298,9668,0,0,367,2463[CR],2179115937
F,12784,12208,0,0,367,2464[CR],2179116265
C,12298,9681,0,0,369,2462[CR],2179116703
F,12775,12209,0,0,364,2463[CR],2179117156
A,35096,12772,0,0,365,2464[CR],2179117484
C,12298,9689,0,0,362,2464[CR],2179117921
F,12767,12208,0,0,361,2464[CR],2179118250
C,12298,9664,0,0,366,2463[CR],2179118687
F,12759,12208,0,0,365,2463[CR],2179119015
A,35056,12754,0,0,368,2464[CR],2179119453
C,12297,9672,0,0,368,2464[CR],2179119890
F,12741,12206,0,0,367,2463[CR],2179120218
C,12298,9673,0,0,368,2464[CR],2179120656
F,12734,12206,0,0,366,2463[CR],2179120984
C,12298,9689,0,0,368,2464[CR],2179121421
A,35092,12733,0,0,371,2464[CR],2179121750
C,12299,9681,0,0,366,2464[CR],2179122187
F,12724,12205,0,0,345,2464[CR],2179122515
C,12298,9685,0,0,370,2464[CR],2179122953
F,12724,12205,0,0,370,2464[CR],2179123390
A,35044,12715,0,0,371,2463[CR],2179123718
C,12299,9645,0,0,364,2464[CR],2179124156
F,12713,12206,0,0,342,2464[CR],2179124484
C,12298,9678,0,0,342,2464[CR],2179124921
F,12712,12205,0,0,305,2465[CR],2179125250
A,35032,12703,0,0,335,2464[CR],2179125687
C,12298,9603,0,0,341,2466[CR],2179126125
F,12697,12206,0,0,341,2465[CR],2179126453
C,12299,9700,0,0,330,2464[CR],2179126890
F,12699,12205,0,0,355,2464[CR],2179127218
C,12298,10331,0,0,344,2462[CR],2179127656
A,35088,12693,0,0,337,2464[CR],2179127984
C,12300,10017,0,0,347,2465[CR],2179128421
F,12687,12202,0,0,331,2465[CR],2179128859
C,12298,8203,0,0,339,2463[CR],2179129187
F,12690,12369,0,0,332,2465[CR],2179129625
A,35052,12678,0,0,311,2466[CR],2179129953
C,12298,9742,0,0,336,2465[CR],2179130390
F,12674,12203,0,0,342,2466[CR],2179130718
C,12298,9528,0,0,332,2466[CR],2179131156
F,12677,12204,0,0,352,2465[CR],2179131593
A,35100,12672,0,0,347,2465[CR],2179131921
C,12309,9500,0,0,349,2464[CR],2179132359
F,12669,12206,0,0,347,2465[CR],2179132687
C,12306,9407,0,0,328,2464[CR],2179133125
F,12670,12206,0,0,327,2465[CR],2179133453
C,12302,9570,0,0,309,2465[CR],2179133890
A,35072,12671,0,0,306,2466[CR],2179134328
C,12298,9565,0,0,275,2467[CR],2179134656
F,12666,12215,0,0,292,2467[CR],2179135093
C,12297,7842,0,0,72,2467[CR],2179135421
F,12659,12197,0,0,149,2467[CR],2179135859
A,35088,12658,0,0,204,2466[CR],2179136187
C,12297,7578,0,0,264,2467[CR],2179136625
F,12651,12203,0,0,253,2467[CR],2179137171
Z,0,0,0,0,206,2467[CR],2179137390
F,12656,12202,0,0,225,2466[CR],2179137828
A,35092,12656,0,0,271,2466[CR],2179138156
C,12298,6674,0,0,277,2465[CR],2179138593
F,12651,12201,0,0,305,2465[CR],2179138921
C,12299,6764,0,0,315,2464[CR],2179139359
F,12662,12223,0,0,304,2465[CR],2179139796
C,12298,6954,0,0,265,2464[CR],2179140125
A,35072,12564,0,0,302,2463[CR],2179140562
C,12412,6872,0,0,276,2466[CR],2179140890
F,12234,12053,0,0,233,2467[CR],2179141328
C,12348,8466,0,0,270,2467[CR],2179141656
F,12233,12042,0,0,271,2467[CR],2179142093
A,35096,12225,0,0,272,2468[CR],2179142640
Z,0,0,0,0,259,2471[CR],2179143078
Z,0,0,0,0,98,2467[CR],2179143625
Z,0,0,0,0,399,2464[CR],2179143625
F,12224,12031,0,0,400,2465[CR],2179144062
A,35092,12220,0,0,400,2465[CR],2179144390
C,12345,8773,0,0,402,2464[CR],2179144828
F,12219,12033,0,0,403,2464[CR],2179145265
C,12345,8800,0,0,402,2464[CR],2179145593
F,12220,12036,0,0,403,2465[CR],2179146031
C,12344,8823,0,0,394,2465[CR],2179146359
A,35056,12223,0,0,302,2465[CR],2179146796
C,12345,8768,0,0,319,2464[CR],2179147125
F,12216,12037,0,0,305,2465[CR],2179147562
C,12345,8784,0,0,281,2465[CR],2179148109
Z,0,0,0,0,395,2464[CR],2179148328
A,35080,12221,0,0,390,2463[CR],2179148765
C,12333,8742,0,0,380,2464[CR],2179149093
F,12243,12272,0,0,339,2465[CR],2179149531
C,12339,8692,0,0,301,2465[CR],2179149859
F,12233,12173,0,0,295,2465[CR],2179150296
A,35076,12230,0,0,306,2464[CR],2179150734
C,12339,8733,0,0,368,2465[CR],2179151062
F,12226,12170,0,0,386,2465[CR],2179151500
C,12340,8746,0,0,389,2465[CR],2179151828
F,12221,12168,0,0,389,2465[CR],2179152265
C,12340,8732,0,0,391,2465[CR],2179152593
A,35088,12232,0,0,391,2466[CR],2179153031
C,12340,8753,0,0,396,2465[CR],2179153468
F,12228,12166,0,0,395,2464[CR],2179153796
C,12341,8739,0,0,396,2464[CR],2179154234
F,12226,12166,0,0,393,2465[CR],2179154343
>
Reset interface. Wait time for interface: 125

======== END OF TEST ========


