CPT-log version: 5.22
======== BEGIN OF TEST ========
DATE 31.10.2022

<Transmited Data>
<NEW BUTTON 11:50:26>
[^C][CR]
[^C][CR]
[^C][CR]
CLEAR[CR]
[^C][CR]
DOFF[CR]
[^C][CR]
SCAN E[CR]
[^C][CR]
[^C][CR]
CLEAR[CR]

<START BUTTON 11:56:24>
[^C][CR]
[^C][CR]
DRON[CR]
SCAN E[CR]
[^G]
<PAUSE BUTTON 12:08:23>
[^C][CR]
[^C][CR]
DOFF[CR]
[^C][CR]
CLEAR[CR]

<END BUTTON 12:13:42>
[^C][CR]
SCAN E[CR]
[^C][CR]


<Received Data>
<NEW BUTTON 11:50:26>

>
Reset interface. Wait time for interface: 62
>
Reset interface. Wait time for interface: 110
>
Reset interface. Wait time for interface: 109CLEAR
OK
>
Command: CLEAR Wait time for interface: 109

>
Reset interface. Wait time for interface: 110DOFF
OK
>
Command: DOFF Wait time for interface: 109

>
Reset interface. Wait time for interface: 125SCAN E
Z,0,0,0,0,154,2768
Z,0,0,0,0,106,2454[CR],2180496125
C,12281,8568,0,0,190,2454[CR],2180496453
A,38376,12225,0,0,188,2454[CR],2180496890
C,12282,8568,0,0,129,2455[CR],2180497218
F,12221,12577,0,0,6,2454[CR],2180497656
C,12282,8556,0,0,0,2455[CR],2180498093
Z,0,0,0,0,150,2454[CR],2180498421
A,38432,12226,0,0,62,2455[CR],2180498765
C,12281,8531,0,0,1,2455[CR],2180499312
Z,0,0,0,0,113,2455[CR],2180499546
C,12282,8440,0,0,250,2456[CR],2180500000
F,12226,12576,0,0,264,2459[CR],2180500328
A,38400,12220,0,0,236,2457[CR],2180500796
C,12281,8756,0,0,348,2458[CR],2180501250
Z,0,0,0,0,240,2461[CR],2180501578
C,12282,7326,0,0,207,2459[CR],2180501906
F,12223,12575,0,0,224,2459[CR],2180502359
C,12283,9402,0,0,253,2459[CR],2180502703
A,38380,12225,0,0,243,2459[CR],2180503078
C,12283,8731,0,0,266,2459[CR],2180503515
F,12230,12574,0,0,241,2459[CR],2180503859
C,12282,8649,0,0,232,2458[CR],2180504312
F,12228,12576,0,0,235,2458[CR],2180504640
A,38364,12228,0,0,203,2457[CR],2180505078
C,12282,8797,0,0,193,2458[CR],2180505406
F,12231,12575,0,0,204,2458[CR],2180505843
C,12282,8703,0,0,234,2458[CR],2180506281
F,12225,12574,0,0,240,2458[CR],2180506609
A,38356,12226,0,0,234,2458[CR],2180507046
C,12282,8826,0,0,206,2457[CR],2180507375
F,12225,12575,0,0,254,2457[CR],2180507921
Z,0,0,0,0,32,2458[CR],2180508359
Z,0,0,0,0,60,2457[CR],2180508906
Z,0,0,0,0,0,2458[CR],2180509453
Z,0,0,0,0,56,2458[CR],2180509890
Z,0,0,0,0,75,2458[CR],2180510109
C,12282,8487,0,0,0,2457[CR],2180510656
Z,0,0,0,0,6,2457[CR],2180511093
Z,0,0,0,0,0,2458[CR],2180511640
Z,0,0,0,0,14,2458[CR],2180512187
Z,0,0,0,0,0,2458[CR],2180512625
Z,0,0,0,0,0,2458[CR],2180512843
>
Reset interface. Wait time for interface: 93
>
Reset interface. Wait time for interface: 47CLEAR
OK
>
Command: CLEAR Wait time for interface: 110

<START BUTTON 11:56:24>

>
Reset interface. Wait time for interface: 125
>
Reset interface. Wait time for interface: 110DRON
OK
>
Command: DRON Wait time for interface: 109
SCAN E
Z,0,0,0,0,488,4566
C,24110,346,0,0,487,4114[CR],2180791765
F,17020,16259,0,0,488,4114[CR],2180792203
A,37044,17012,0,0,487,4111[CR],2180792531
C,24054,354,0,0,487,4112[CR],2180792968
F,17008,16269,0,0,487,4110[CR],2180793296
C,24022,372,0,0,486,4109[CR],2180793734
F,17000,16271,0,0,486,4109[CR],2180794171
A,36984,16996,0,0,487,4109[CR],2180794500
C,23980,358,0,0,485,4108[CR],2180794937
F,16982,16282,0,0,487,4108[CR],2180795265
C,23958,364,0,0,486,4107[CR],2180795703
F,16972,16287,0,0,487,4106[CR],2180796031
C,23934,350,0,0,487,4106[CR],2180796468
A,36964,16960,0,0,486,4105[CR],2180796906
C,23914,342,0,0,486,4105[CR],2180797234
F,16954,16292,0,0,486,4104[CR],2180797671
C,23894,362,0,0,485,4104[CR],2180798000
F,16936,16296,0,0,487,4104[CR],2180798437
A,36912,16932,0,0,486,4103[CR],2180798765
C,23864,344,0,0,485,4103[CR],2180799203
F,16922,16301,0,0,486,4102[CR],2180799640
C,23848,354,0,0,486,4102[CR],2180799968
F,16902,16303,0,0,486,4100[CR],2180800406
A,36948,16890,0,0,487,4100[CR],2180800734
C,23826,354,0,0,486,4099[CR],2180801171
F,16878,16304,0,0,486,4099[CR],2180801500
C,23812,342,0,0,485,4100[CR],2180801937
F,16860,16309,0,0,486,4098[CR],2180802375
C,23798,304,0,0,485,4099[CR],2180802703
A,36908,16852,0,0,487,4097[CR],2180803140
C,23784,350,0,0,484,4098[CR],2180803468
F,16836,16314,0,0,486,4097[CR],2180803906
C,23772,334,0,0,486,4097[CR],2180804234
F,16824,16316,0,0,486,4097[CR],2180804671
A,36924,16814,0,0,486,4097[CR],2180805109
C,23758,344,0,0,484,4097[CR],2180805437
F,16794,16321,0,0,484,4098[CR],2180805875
C,23750,346,0,0,567,4113[CR],2180806203
F,16784,16328,8,20,590,4286[CR],2180806640
A,36836,16914,16,20,594,4325[CR],2180806968
C,26768,344,23,17,583,4380[CR],2180807406
F,16850,15640,31,19,568,4456[CR],2180807843
C,27328,344,40,20,571,4463[CR],2180808171
F,16788,15638,48,18,570,4389[CR],2180808609
C,26980,350,56,20,561,4365[CR],2180808937
A,36892,16848,64,23,560,4344[CR],2180809375
C,26736,346,72,20,561,4331[CR],2180809703
F,16816,16342,81,19,567,4318[CR],2180810140
C,26388,372,89,22,570,4336[CR],2180810578
F,16774,15914,97,19,571,4380[CR],2180810906
A,36884,16768,105,21,575,4408[CR],2180811343
C,26160,382,113,22,579,4398[CR],2180811687
F,16750,14555,122,20,583,4399[CR],2180812109
C,26108,354,130,22,584,4381[CR],2180812437
F,16742,14691,138,23,583,4421[CR],2180812875
A,36816,16748,146,19,583,4451[CR],2180813312
C,26044,376,154,21,581,4471[CR],2180813640
F,16698,14748,162,22,582,4477[CR],2180814078
C,25840,370,170,20,581,4504[CR],2180814406
F,16696,14770,179,22,581,4541[CR],2180814843
C,26068,346,186,19,578,4557[CR],2180815171
A,36816,16650,195,20,586,4546[CR],2180815609
C,25744,346,203,22,585,4539[CR],2180816046
F,16680,14789,211,18,588,4530[CR],2180816375
C,25824,342,220,20,588,4523[CR],2180816812
F,16684,14793,228,22,585,4514[CR],2180817140
A,36860,16644,236,19,584,4500[CR],2180817578
C,25528,326,245,21,587,4520[CR],2180817906
F,16754,15982,253,22,588,4531[CR],2180818343
C,25028,346,261,19,587,4515[CR],2180818781
F,16758,15655,269,21,585,4512[CR],2180819109
A,36820,16708,278,22,588,4515[CR],2180819546
C,24924,340,286,19,587,4506[CR],2180819875
F,16708,15266,294,22,591,4520[CR],2180820312
C,25168,346,303,22,587,4529[CR],2180820656
F,16688,15408,311,19,586,4576[CR],2180821078
C,25112,340,319,21,584,4618[CR],2180821515
A,36804,16724,327,23,584,4651[CR],2180821843
C,25680,342,335,20,582,4654[CR],2180822203
F,16732,15009,343,22,588,4642[CR],2180822609
C,25564,330,352,22,590,4635[CR],2180823046
F,16788,15778,360,20,590,4624[CR],2180823375
A,36772,16754,369,22,590,4614[CR],2180823812
C,25044,334,377,22,589,4614[CR],2180824250
F,16740,14820,385,19,588,4662[CR],2180824578
C,25080,340,393,21,587,4736[CR],2180825015
F,16726,14358,400,18,586,4816[CR],2180825343
A,36772,16718,409,19,588,4878[CR],2180825781
C,25616,318,417,22,587,4908[CR],2180826109
F,16712,14412,425,20,587,4947[CR],2180826546
C,25868,336,433,20,583,4995[CR],2180826984
F,16644,14919,441,22,586,5036[CR],2180827312
C,25684,346,449,19,585,5049[CR],2180827750
A,36752,16648,457,21,584,5109[CR],2180828078
C,25836,340,465,17,584,5162[CR],2180828515
F,16622,14877,473,19,588,5199[CR],2180828843
C,26020,342,481,22,588,5230[CR],2180829281
F,16604,14823,489,18,592,5223[CR],2180829718
A,36700,16598,498,21,591,5225[CR],2180830046
C,26064,324,506,22,591,5210[CR],2180830484
F,16576,14473,514,18,591,5203[CR],2180830812
C,26068,322,522,21,589,5207[CR],2180831250
F,16564,14422,530,22,589,5224[CR],2180831578
A,36716,16548,539,19,591,5246[CR],2180832015
C,26284,318,547,21,591,5266[CR],2180832453
F,16528,14442,555,24,593,5270[CR],2180832781
C,26404,312,563,19,588,5246[CR],2180833218
F,16516,14536,572,20,591,5247[CR],2180833546
C,26428,308,580,25,593,5234[CR],2180833984
A,36716,16492,589,21,591,5153[CR],2180834312
C,26468,312,598,22,588,5155[CR],2180834750
F,16474,14044,606,24,591,5197[CR],2180835187
C,26276,312,614,19,587,5221[CR],2180835515
F,16468,14223,622,21,588,5240[CR],2180835953
A,36704,16476,630,22,584,5260[CR],2180836281
C,26428,304,638,21,587,5241[CR],2180836718
F,16440,14458,647,21,583,5224[CR],2180837046
C,26004,308,655,24,584,5219[CR],2180837484
F,16456,14523,663,20,587,5198[CR],2180837921
A,36680,16446,671,21,586,5245[CR],2180838250
C,25960,316,679,19,587,5265[CR],2180838687
F,16424,14392,687,19,588,5257[CR],2180839062
C,25500,296,695,22,587,5264[CR],2180839453
F,16438,14396,703,18,583,5293[CR],2180839781
C,25520,330,712,21,580,5300[CR],2180840218
A,36652,16408,720,22,578,5300[CR],2180840656
C,25336,310,728,21,578,5268[CR],2180840984
F,16418,14693,737,20,580,5272[CR],2180841421
C,25672,338,745,22,580,5296[CR],2180841750
F,16462,14805,753,19,582,5288[CR],2180842187
A,36664,16444,762,20,585,5295[CR],2180842515
C,25824,316,770,22,588,5310[CR],2180842953
F,16532,15171,778,20,587,5328[CR],2180843390
C,25784,308,786,20,585,5322[CR],2180843718
F,16558,14928,795,23,587,5323[CR],2180844156
A,36632,16550,803,19,586,5341[CR],2180844484
C,25808,312,811,22,587,5341[CR],2180844921
F,16574,15208,820,23,588,5319[CR],2180845250
C,26000,304,828,20,588,5299[CR],2180845687
F,16568,14962,837,21,587,5283[CR],2180846125
C,26188,314,845,23,590,5288[CR],2180846453
A,36616,16572,853,20,590,5298[CR],2180846890
C,26216,302,862,21,591,5300[CR],2180847218
F,16580,15220,870,22,591,5327[CR],2180847656
C,26268,314,878,19,588,5337[CR],2180847984
F,16588,15070,886,21,588,5340[CR],2180848421
A,36624,16592,894,22,588,5323[CR],2180848859
C,26276,304,903,20,589,5314[CR],2180849218
F,16614,14715,911,22,588,5322[CR],2180849625
C,26568,310,919,21,585,5302[CR],2180849953
F,16628,14548,927,19,585,5340[CR],2180850390
A,36620,16648,935,22,588,5367[CR],2180850828
C,27164,308,943,18,591,5380[CR],2180851156
F,16662,14333,952,21,591,5406[CR],2180851593
C,27540,310,960,22,591,5440[CR],2180851921
F,16630,14828,968,19,583,5470[CR],2180852359
C,27760,312,976,21,580,5461[CR],2180852687
A,36584,16676,985,22,584,5453[CR],2180853125
C,28092,316,992,19,579,5475[CR],2180853562
F,16732,14899,1001,21,585,5499[CR],2180853890
C,28948,300,1009,22,587,5499[CR],2180854328
F,16750,14673,1017,19,582,5488[CR],2180854656
A,36584,16760,1026,21,579,5490[CR],2180855093
C,29384,296,1034,23,588,5461[CR],2180855421
F,16746,15549,1042,19,585,5466[CR],2180855859
C,28436,296,1051,22,589,5488[CR],2180856187
F,16752,15199,1059,23,590,5489[CR],2180856625
A,36572,16748,1067,20,590,5487[CR],2180857062
C,28552,280,1075,21,588,5470[CR],2180857390
F,16766,15194,1084,23,589,5474[CR],2180857828
C,28048,304,1092,20,593,5479[CR],2180858156
F,16774,15278,1100,22,591,5441[CR],2180858593
C,27936,310,1109,24,592,5441[CR],2180858921
A,36552,16754,1117,19,590,5454[CR],2180859359
C,27452,314,1125,21,588,5495[CR],2180859718
F,16746,15903,1133,17,587,5515[CR],2180860125
C,27504,302,1141,20,584,5525[CR],2180860562
F,16766,15911,1149,22,588,5525[CR],2180860890
A,36532,16796,1158,18,585,5520[CR],2180861328
C,27628,304,1166,19,583,5526[CR],2180861656
F,16788,15593,1174,23,587,5519[CR],2180862093
C,27596,288,1182,20,583,5493[CR],2180862531
F,16820,15651,1191,21,585,5489[CR],2180862859
A,36520,16846,1200,22,583,5483[CR],2180863296
C,27076,270,1207,19,586,5485[CR],2180863625
F,16840,16003,1216,20,585,5508[CR],2180864062
C,27212,278,1224,22,584,5507[CR],2180864390
F,16844,15649,1232,19,587,5506[CR],2180864828
C,26992,262,1241,22,587,5480[CR],2180865265
A,36512,16768,1249,24,583,5437[CR],2180865593
C,26132,252,1257,20,580,5453[CR],2180866031
F,16770,15196,1266,21,579,5460[CR],2180866359
C,26588,280,1274,22,580,5467[CR],2180866796
F,16834,15156,1282,20,583,5436[CR],2180867125
A,36540,16708,1291,22,583,5381[CR],2180867562
C,23820,320,1299,22,582,5402[CR],2180868000
F,16680,17060,1308,20,582,5387[CR],2180868359
C,23678,314,1316,22,580,5366[CR],2180868765
F,16644,16026,1324,23,582,5326[CR],2180869093
A,36480,16574,1333,21,585,5261[CR],2180869531
C,21772,310,1342,22,586,5229[CR],2180869859
F,16582,15439,1351,24,583,5192[CR],2180870296
C,21112,286,1359,19,579,5168[CR],2180870734
F,16530,15376,1367,20,576,5183[CR],2180871062
C,20756,276,1375,22,579,5206[CR],2180871500
A,36508,16554,1383,19,581,5213[CR],2180871828
C,20984,258,1392,21,579,5214[CR],2180872265
F,16556,15796,1400,22,577,5242[CR],2180872593
C,21312,260,1408,19,576,5242[CR],2180873031
F,16576,16618,1416,21,585,5265[CR],2180873468
A,36480,16562,1424,20,583,5275[CR],2180873796
C,21834,260,1433,19,582,5295[CR],2180874234
F,16540,16502,1441,21,583,5313[CR],2180874562
C,21878,250,1448,20,581,5309[CR],2180875000
F,16544,16828,1457,20,581,5327[CR],2180875328
A,36464,16544,1465,21,579,5373[CR],2180875765
C,21760,242,1473,18,582,5384[CR],2180876203
F,16534,17294,1481,20,582,5402[CR],2180876531
C,21656,266,1489,22,582,5418[CR],2180876968
F,16532,17360,1497,20,582,5408[CR],2180877296
C,21554,254,1505,21,583,5394[CR],2180877734
A,36452,16524,1514,22,584,5377[CR],2180878062
C,21400,256,1522,20,581,5374[CR],2180878500
F,16508,17492,1530,21,579,5373[CR],2180878937
C,21184,254,1539,22,582,5390[CR],2180879265
F,16500,17206,1547,19,583,5380[CR],2180879703
A,36460,16478,1555,22,583,5393[CR],2180880031
C,20862,260,1563,23,582,5409[CR],2180880468
F,16458,16816,1571,19,579,5424[CR],2180880796
C,20634,258,1580,22,579,5423[CR],2180881234
F,16440,16434,1588,19,581,5404[CR],2180881671
A,36440,16420,1596,21,580,5393[CR],2180882000
C,20214,234,1605,22,583,5377[CR],2180882437
F,16392,16027,1613,18,583,5379[CR],2180882765
C,19896,258,1621,20,579,5398[CR],2180883203
F,16340,15874,1629,22,579,5398[CR],2180883531
C,19416,252,1637,20,579,5402[CR],2180883968
A,36388,16294,1646,19,579,5397[CR],2180884406
C,19002,254,1654,21,579,5411[CR],2180884734
F,16280,15724,1661,18,583,5454[CR],2180885171
C,19052,246,1670,21,582,5457[CR],2180885500
F,16303,15862,1678,21,577,5483[CR],2180885937
A,36400,16326,1686,19,577,5512[CR],2180886265
C,20240,242,1694,21,575,5537[CR],2180886703
F,16368,16358,1702,20,576,5592[CR],2180887140
C,21282,248,1710,19,574,5620[CR],2180887468
F,16408,16518,1717,21,581,5672[CR],2180887906
A,36400,16383,1725,16,576,5706[CR],2180888234
C,22162,248,1733,20,581,5738[CR],2180888671
F,16314,16886,1741,22,586,5732[CR],2180889000
C,22296,246,1749,19,588,5687[CR],2180889437
F,16196,16766,1755,6,532,5634[CR],2180889875
C,22072,244,1755,1,459,5581[CR],2180890203
A,36428,16023,1755,1,448,5570[CR],2180890640
C,20464,250,1755,0,444,5556[CR],2180890968
F,16030,16376,1755,0,439,5544[CR],2180891406
C,20116,246,1755,0,440,5544[CR],2180891734
F,16029,16408,1755,0,439,5545[CR],2180892171
A,36400,16019,1755,0,438,5546[CR],2180892609
C,19858,254,1755,0,436,5547[CR],2180892937
F,16020,16452,1755,0,457,3693[CR],2180893375
C,19626,254,1755,0,539,1725[CR],2180893703
F,15495,11879,1755,0,428,1388[CR],2180894140
A,36428,11473,1755,0,430,1506[CR],2180894468
C,11829,260,1755,0,429,1562[CR],2180894906
F,11623,11882,1755,0,408,1669[CR],2180895343
C,11893,278,1755,0,412,1746[CR],2180895671
F,11895,11881,1755,0,399,1768[CR],2180896218
Z,0,0,1755,0,193,2350[CR],2180896437
A,36344,12183,1755,0,155,2484[CR],2180896875
C,12104,254,1755,0,124,2485[CR],2180897312
Z,0,0,1755,0,0,2473[CR],2180897859
Z,0,0,1755,0,0,2491[CR],2180898296
V,62728,14698,1755,0,0,2479[CR],2180898843
Z,0,0,1755,0,0,2480[CR],2180899281
Z,0,0,1755,0,0,2482[CR],2180899828
Z,0,0,1755,0,0,2480[CR],2180900265
Z,0,0,1755,0,0,2478[CR],2180900812
Z,0,0,1755,22,0,2477[CR],2180901359
Z,0,0,1755,1,0,2478[CR],2180901796
Z,0,0,1755,0,230,2480[CR],2180902343
Z,0,0,1755,0,0,2479[CR],2180902781
Z,0,0,1755,0,217,2480[CR],2180903328
Z,0,0,1755,0,0,2480[CR],2180903765
Z,0,0,1755,0,0,2480[CR],2180904312
Z,0,0,1755,0,0,2480[CR],2180904859
Z,0,0,1755,0,262,2480[CR],2180905296
Z,0,0,1755,0,0,2480[CR],2180905843
Z,0,0,1755,0,0,2480[CR],2180906281
Z,0,0,1755,0,0,2479[CR],2180906828
Z,0,0,1755,0,0,2481[CR],2180907265
Z,0,0,1755,0,0,2469[CR],2180907812
Z,0,0,1755,0,0,2467[CR],2180908359
Z,0,0,1755,0,0,2477[CR],2180908796
Z,0,0,1755,0,0,2477[CR],2180909343
Z,0,0,1755,0,0,2478[CR],2180909781
Z,0,0,1755,0,0,2478[CR],2180910328
Z,0,0,1755,0,75,2479[CR],2180910765
Z,0,0,1755,0,0,2478[CR],2180911312
Z,0,0,1755,0,0,2477[CR],2180911859
Z,0,0,1755,0,0,2476[CR],2180912296
Z,0,0,1755,0,0,2477[CR],2180912843
Z,0,0,1755,0,0,2477[CR],2180913281
Z,0,0,1755,0,0,2479[CR],2180913828
Z,0,0,1755,0,0,2479[CR],2180914265
Z,0,0,1755,0,129,2480[CR],2180914812
Z,0,0,1755,0,0,2479[CR],2180915359
Z,0,0,1755,0,114,2490[CR],2180915796
Z,0,0,1755,2,0,2497[CR],2180916343
Z,0,0,1755,79,0,2492[CR],2180916781
Z,0,0,1755,47,0,2484[CR],2180917328
Z,0,0,1755,49,0,2486[CR],2180917765
Z,0,0,1755,51,0,2486[CR],2180918312
Z,0,0,1755,51,0,2486[CR],2180918859
Z,0,0,1755,47,0,2487[CR],2180919296
Z,0,0,1755,47,0,2488[CR],2180919843
Z,0,0,1755,12,363,3066[CR],2180919953
F,14518,11882,1755,8,355,4883[CR],2180920281
C,12184,248,1755,1,346,5174[CR],2180920718
F,14288,11880,1755,1,343,5166[CR],2180921046
C,12391,248,1755,0,351,5162[CR],2180921484
A,36288,14363,1755,0,310,5164[CR],2180921812
C,12377,248,1755,0,311,5177[CR],2180922250
F,14403,11881,1755,0,311,5174[CR],2180922687
C,12371,238,1755,0,413,5163[CR],2180923015
F,14455,11881,1757,2,410,3952[CR],2180923453
A,36220,17270,1757,1,409,3853[CR],2180923781
C,13765,244,1757,0,406,3844[CR],2180924218
F,17076,14670,1757,0,406,3841[CR],2180924562
C,13694,262,1757,0,406,3837[CR],2180924984
F,16882,14623,1757,0,413,3834[CR],2180925421
A,36216,16776,1757,0,409,3831[CR],2180925750
C,13644,250,1757,0,406,3829[CR],2180926187
F,16670,14573,1757,0,408,3828[CR],2180926515
C,13624,244,1757,0,411,3826[CR],2180926953
F,16564,14547,1762,13,517,4175[CR],2180927281
C,13612,242,1769,17,534,4808[CR],2180927718
A,36224,19976,1777,21,537,5014[CR],2180928156
C,20596,260,1784,22,537,5039[CR],2180928484
F,19322,14830,1793,19,537,5066[CR],2180928921
C,20416,242,1801,22,536,5066[CR],2180929250
F,18738,14602,1809,19,537,5047[CR],2180929687
A,36184,18432,1817,21,540,5050[CR],2180930015
C,19374,254,1825,22,540,5050[CR],2180930453
F,18170,15312,1833,20,541,5032[CR],2180930890
C,18836,246,1842,20,542,5022[CR],2180931218
F,17910,16020,1850,22,543,5005[CR],2180931656
A,36176,17762,1858,18,543,4995[CR],2180931984
C,18278,246,1867,20,542,4980[CR],2180932421
F,17642,17350,1875,22,542,4974[CR],2180932750
C,17990,246,1883,20,541,4967[CR],2180933187
F,17688,17910,1891,21,538,4961[CR],2180933625
C,17920,232,1899,22,536,4969[CR],2180933953
A,36200,18688,1907,19,536,4989[CR],2180934390
C,18680,238,1916,21,538,5006[CR],2180934734
F,19124,17410,1924,22,540,5007[CR],2180935156
C,19710,242,1932,20,541,5031[CR],2180935484
F,18764,17272,1940,21,541,5030[CR],2180935921
A,36184,18174,1948,22,542,5031[CR],2180936359
C,20562,246,1956,21,542,5040[CR],2180936687
F,17700,16624,1965,22,540,5036[CR],2180937125
C,20664,234,1973,18,534,5063[CR],2180937453
F,17542,15915,1981,19,534,5046[CR],2180937890
A,36204,17504,1989,22,537,5024[CR],2180938218
C,20444,234,1997,18,533,5022[CR],2180938656
F,17504,15409,2006,20,531,4996[CR],2180939093
C,20162,214,2014,22,532,4978[CR],2180939421
F,17564,15738,2022,18,529,4952[CR],2180939859
C,19926,240,2031,20,530,4941[CR],2180940187
A,36180,17624,2039,22,528,4915[CR],2180940625
C,19736,234,2047,19,530,4885[CR],2180940953
F,17640,16642,2056,20,528,4858[CR],2180941390
C,19598,246,2064,22,527,4856[CR],2180941828
F,17660,16976,2072,20,526,4862[CR],2180942156
A,36144,17638,2080,21,528,4855[CR],2180942593
C,19628,246,2088,22,528,4853[CR],2180942921
F,17558,17546,2097,20,528,4869[CR],2180943359
C,19680,210,2105,21,528,4866[CR],2180943687
F,17488,17766,2113,23,527,4891[CR],2180944125
A,36116,17488,2121,20,529,4894[CR],2180944562
C,19616,240,2130,21,527,4911[CR],2180944890
F,17500,17606,2138,24,527,4930[CR],2180945328
C,19546,240,2146,19,528,4950[CR],2180945656
F,17532,17412,2154,22,529,4954[CR],2180946093
C,19504,238,2162,21,529,4971[CR],2180946421
A,36136,17592,2170,20,530,4981[CR],2180946859
C,19494,238,2178,22,528,4975[CR],2180947296
F,17626,17216,2186,18,528,4984[CR],2180947625
C,19462,246,2195,21,528,4984[CR],2180948062
F,17634,17190,2203,22,527,4952[CR],2180948390
A,36120,17596,2211,18,527,4948[CR],2180948828
C,18982,248,2220,21,525,4916[CR],2180949156
F,17566,17200,2228,22,521,4888[CR],2180949593
C,18186,252,2236,19,525,4864[CR],2180950031
F,17494,17260,2245,21,523,4836[CR],2180950359
A,36116,17472,2253,22,524,4826[CR],2180950796
C,16790,258,2261,20,521,4806[CR],2180951125
F,17476,17590,2269,20,524,4797[CR],2180951562
C,16119,238,2277,22,524,4795[CR],2180951890
F,17486,18140,2286,19,526,4797[CR],2180952328
C,15686,240,2294,21,526,4790[CR],2180952765
A,36124,17452,2302,24,527,4802[CR],2180953093
C,15219,230,2310,20,527,4809[CR],2180953531
F,17334,19680,2319,21,526,4821[CR],2180953875
C,14733,234,2327,23,525,4815[CR],2180954296
F,17728,20054,2335,19,526,4815[CR],2180954625
A,36116,20036,2343,21,527,4819[CR],2180955062
C,14551,228,2351,18,527,4821[CR],2180955406
F,22366,19094,2360,20,525,4832[CR],2180955828
C,14742,244,2368,22,524,4844[CR],2180956265
F,24042,18078,2376,17,524,4869[CR],2180956593
A,36100,24066,2384,19,524,4897[CR],2180957031
C,15434,232,2392,21,523,4908[CR],2180957359
F,23376,17450,2400,19,524,4925[CR],2180957796
C,15733,244,2408,20,523,4952[CR],2180958234
F,22856,17100,2416,21,524,4972[CR],2180958562
C,16162,242,2425,19,524,4970[CR],2180959000
A,36088,22524,2433,20,524,4996[CR],2180959328
C,16534,230,2441,22,524,5019[CR],2180959765
F,22108,16218,2449,20,525,5007[CR],2180960093
C,16706,238,2457,21,523,4989[CR],2180960531
F,21632,15538,2465,18,523,4983[CR],2180960968
A,36048,21526,2474,20,523,4975[CR],2180961296
C,16604,228,2482,22,524,4952[CR],2180961734
F,21538,14689,2491,20,524,4906[CR],2180962062
C,16348,236,2499,21,524,4865[CR],2180962500
F,21586,14415,2508,22,526,4835[CR],2180962828
A,36036,21686,2516,21,527,4813[CR],2180963265
C,15885,238,2524,20,526,4787[CR],2180963703
F,21852,14204,2533,22,528,4757[CR],2180964031
C,15802,238,2541,22,529,4724[CR],2180964468
F,22034,14386,2549,20,529,4699[CR],2180964796
C,15801,244,2558,21,529,4687[CR],2180965234
A,36096,22036,2566,20,527,4698[CR],2180965562
C,15746,220,2574,20,529,4702[CR],2180966000
F,22058,14514,2582,21,528,4702[CR],2180966437
C,15668,226,2590,18,528,4712[CR],2180966765
F,22048,14493,2599,20,526,4718[CR],2180967203
A,36036,22024,2607,22,525,4764[CR],2180967531
C,15426,238,2615,20,526,4803[CR],2180967968
F,22144,14390,2623,20,526,4819[CR],2180968296
C,15412,240,2631,22,526,4830[CR],2180968734
F,22388,14347,2639,20,523,4832[CR],2180969171
A,36036,22434,2647,21,526,4847[CR],2180969500
C,15462,222,2655,22,526,4855[CR],2180969937
F,22348,14435,2664,19,527,4849[CR],2180970265
C,15435,234,2672,21,524,4852[CR],2180970703
F,22292,14374,2680,22,526,4887[CR],2180971031
C,15466,206,2688,19,524,4868[CR],2180971468
A,36020,22452,2697,21,524,4885[CR],2180971906
C,15630,208,2704,18,526,4880[CR],2180972281
F,22482,14458,2713,19,526,4888[CR],2180972671
C,15801,214,2721,22,524,4901[CR],2180973000
F,22338,14731,2729,19,524,4923[CR],2180973437
A,36012,22202,2737,21,525,4941[CR],2180973765
C,16239,208,2746,22,524,4945[CR],2180974203
F,22080,14960,2754,19,524,4952[CR],2180974640
C,16522,230,2762,20,523,4955[CR],2180974968
F,21494,15039,2770,23,524,4924[CR],2180975406
A,36004,20920,2779,19,526,4881[CR],2180975734
C,16796,214,2787,22,524,4864[CR],2180976171
F,20528,14754,2796,24,525,4842[CR],2180976609
C,16570,230,2804,19,523,4814[CR],2180976937
F,20486,14438,2813,20,524,4817[CR],2180977375
C,16402,240,2821,22,523,4848[CR],2180977703
A,35996,20562,2829,19,523,4894[CR],2180978140
C,16368,248,2837,19,524,4885[CR],2180978468
F,20620,14278,2845,22,524,4894[CR],2180978906
C,16414,208,2853,18,521,4909[CR],2180979343
F,20692,14219,2861,21,522,4935[CR],2180979671
A,35948,20778,2869,24,522,4925[CR],2180980125
C,16750,214,2877,20,524,4919[CR],2180980437
F,20748,14310,2886,22,524,4905[CR],2180980875
C,16844,220,2894,22,523,4896[CR],2180981203
F,20610,14303,2903,20,524,4864[CR],2180981640
A,36004,20524,2911,22,524,4829[CR],2180982078
C,16404,240,2919,22,525,4798[CR],2180982437
F,20506,14116,2928,20,525,4758[CR],2180982765
C,15941,236,2937,22,525,4707[CR],2180983171
F,20560,13846,2945,22,526,4660[CR],2180983609
C,15520,226,2954,21,524,4626[CR],2180983937
A,35988,20690,2963,22,527,4592[CR],2180984375
C,15181,254,2971,23,527,4570[CR],2180984812
F,20800,13768,2979,19,526,4566[CR],2180985140
C,14939,216,2988,21,526,4575[CR],2180985578
F,20936,13871,2996,22,525,4599[CR],2180985906
A,35984,21002,3004,20,527,4617[CR],2180986343
C,14704,218,3012,21,526,4602[CR],2180986671
F,21200,14268,3020,20,527,4611[CR],2180987109
C,14682,208,3028,20,525,4612[CR],2180987546
F,21670,14543,3036,21,526,4630[CR],2180987875
A,35904,22026,3044,18,526,4651[CR],2180988312
C,14829,204,3053,21,526,4642[CR],2180988640
F,22270,14769,3061,22,524,4655[CR],2180989078
C,14889,214,3069,20,526,4679[CR],2180989406
F,22374,14789,3077,19,526,4680[CR],2180989843
C,14960,212,3085,22,526,4691[CR],2180990281
A,35940,22654,3093,19,526,4696[CR],2180990625
C,15131,220,3102,21,525,4713[CR],2180991062
F,22674,14981,3110,22,525,4728[CR],2180991375
C,15303,228,3118,19,525,4750[CR],2180991812
F,22506,15002,3126,21,523,4769[CR],2180992140
A,35936,22372,3134,22,525,4789[CR],2180992578
C,15721,194,3142,19,522,4798[CR],2180992937
F,22360,14855,3150,22,523,4824[CR],2180993343
C,16059,198,3158,18,521,4865[CR],2180993781
F,22358,14844,3166,19,519,4899[CR],2180994109
A,35920,22352,3174,22,518,4930[CR],2180994546
C,16946,204,3182,19,520,4931[CR],2180994875
F,22192,15060,3191,21,518,4952[CR],2180995312
C,17596,196,3198,22,520,4954[CR],2180995640
F,21636,15082,3207,19,520,4963[CR],2180996078
C,18104,210,3215,21,519,4964[CR],2180996515
A,35944,21218,3223,22,520,4973[CR],2180996843
C,18568,202,3231,19,522,4986[CR],2180997281
F,21136,14819,3239,21,524,5004[CR],2180997609
C,19048,210,3247,20,524,5000[CR],2180998046
F,20996,15109,3255,19,524,4996[CR],2180998375
A,35916,20876,3264,21,525,4998[CR],2180998812
C,19496,198,3272,18,524,5007[CR],2180999250
F,20718,15720,3280,19,524,5009[CR],2180999593
C,19650,196,3288,21,524,5016[CR],2181000031
F,20526,16074,3296,19,524,5029[CR],2181000375
A,35864,20404,3304,20,524,5024[CR],2181000796
C,19558,198,3313,22,524,5019[CR],2181001156
F,20296,16500,3321,19,524,5014[CR],2181001562
C,19350,216,3329,21,523,4999[CR],2181001890
F,20172,16686,3337,22,524,4999[CR],2181002328
C,19130,222,3346,20,526,5006[CR],2181002765
A,35864,20066,3354,22,524,5003[CR],2181003093
C,19002,206,3362,22,524,5009[CR],2181003531
F,20002,16892,3370,19,524,5000[CR],2181003859
C,18946,210,3378,22,525,4987[CR],2181004296
F,19940,16918,3387,22,524,4965[CR],2181004734
A,35880,19904,3395,19,524,4969[CR],2181005062
C,18792,212,3403,21,524,4969[CR],2181005500
F,19864,16792,3411,18,524,4968[CR],2181005828
C,18650,228,3420,20,524,4980[CR],2181006265
F,19810,16586,3428,22,522,4981[CR],2181006593
A,35852,19746,3435,17,522,4992[CR],2181007031
C,18086,226,3444,20,521,4975[CR],2181007468
F,19640,16484,3452,22,521,4966[CR],2181007796
C,17536,230,3460,18,520,4954[CR],2181008234
F,19508,16622,3468,21,520,4934[CR],2181008562
C,16916,232,3477,22,520,4926[CR],2181009000
A,35828,19324,3485,19,522,4928[CR],2181009328
C,16384,224,3493,20,520,4922[CR],2181009765
F,19190,17374,3501,22,522,4929[CR],2181010093
C,16038,210,3509,19,523,4940[CR],2181010531
F,19076,17822,3518,21,523,4924[CR],2181010859
A,35828,19030,3526,23,521,4905[CR],2181011296
C,15747,212,3534,20,522,4898[CR],2181011687
F,19092,18036,3542,21,521,4896[CR],2181012062
C,15804,216,3550,21,521,4894[CR],2181012500
F,19372,17628,3559,20,520,4900[CR],2181012937
A,35816,19646,3567,21,521,4916[CR],2181013265
C,16010,206,3575,17,520,4926[CR],2181013703
F,19928,16822,3583,19,521,4945[CR],2181014031
C,16206,222,3591,22,520,4968[CR],2181014468
F,20218,16179,3599,18,521,4960[CR],2181014796
C,16408,204,3607,20,521,4958[CR],2181015234
A,35832,20490,3615,22,521,4974[CR],2181015671
C,16574,206,3623,20,520,4975[CR],2181016000
F,20604,15257,3632,20,520,4976[CR],2181016437
C,16568,222,3640,22,520,4962[CR],2181016765
F,20678,14896,3648,19,519,4935[CR],2181017203
A,35820,20700,3656,22,519,4915[CR],2181017531
C,16172,224,3665,23,520,4890[CR],2181017968
F,20764,14425,3673,19,520,4859[CR],2181018296
C,15811,224,3682,22,519,4834[CR],2181018734
F,20904,14536,3690,22,519,4836[CR],2181019171
A,35720,21002,3698,19,521,4840[CR],2181019500
C,15604,222,3706,21,521,4844[CR],2181019937
F,21168,15266,3714,22,522,4847[CR],2181020265
C,15669,210,3723,20,521,4854[CR],2181020703
F,21538,15624,3730,21,523,4877[CR],2181021140
C,15983,210,3738,16,523,4885[CR],2181021468
A,35816,21826,3747,20,524,4899[CR],2181021906
C,16363,216,3754,21,522,4901[CR],2181022234
F,21870,15845,3755,2,338,4827[CR],2181022671
C,16195,216,3755,1,336,4807[CR],2181023000
F,21662,15023,3755,0,335,4790[CR],2181023437
A,35752,21852,3755,0,339,4773[CR],2181023765
C,15641,230,3755,0,336,4758[CR],2181024203
F,22008,14558,3755,0,333,4759[CR],2181024640
C,15628,222,3755,0,327,4762[CR],2181024968
F,22118,14395,3755,0,309,4788[CR],2181025406
A,35768,22144,3755,0,305,4935[CR],2181025734
C,15627,218,3755,0,295,4950[CR],2181026171
F,22134,14237,3755,0,287,4952[CR],2181026609
C,15632,224,3755,0,317,4818[CR],2181026937
F,22094,14176,3755,0,316,4784[CR],2181027375
C,15644,224,3755,0,306,4784[CR],2181027703
A,35760,21994,3755,0,287,4783[CR],2181028140
C,15648,228,3755,0,305,3335[CR],2181028578
Z,0,0,3755,0,0,2532[CR],2181029125
Z,0,0,3755,0,0,2474[CR],2181029671
Z,0,0,3755,0,0,2475[CR],2181030109
Z,0,0,3755,0,0,2477[CR],2181030656
Z,0,0,3755,0,0,2475[CR],2181031093
Z,0,0,3755,0,0,2477[CR],2181031640
Z,0,0,3755,0,0,2477[CR],2181032078
Z,0,0,3755,0,0,2477[CR],2181032625
Z,0,0,3755,0,0,2475[CR],2181033062
Z,0,0,3755,0,0,2474[CR],2181033609
Z,0,0,3755,0,0,2474[CR],2181034046
Z,0,0,3755,0,73,2472[CR],2181034593
Z,0,0,3755,0,0,2475[CR],2181035140
Z,0,0,3755,0,0,2474[CR],2181035578
Z,0,0,3755,0,0,2475[CR],2181036125
Z,0,0,3755,0,0,2474[CR],2181036562
Z,0,0,3755,0,4,2474[CR],2181037109
Z,0,0,3755,0,0,2474[CR],2181037546
Z,0,0,3755,0,328,2474[CR],2181038093
Z,0,0,3755,0,0,2474[CR],2181038640
Z,0,0,3755,0,0,2475[CR],2181039078
Z,0,0,3755,0,0,2474[CR],2181039625
Z,0,0,3755,0,0,2475[CR],2181040062
Z,0,0,3755,0,0,2475[CR],2181040609
Z,0,0,3755,0,0,2467[CR],2181041046
Z,0,0,3755,0,0,2459[CR],2181041593
Z,0,0,3755,0,0,2472[CR],2181042140
Z,0,0,3755,0,0,2473[CR],2181042578
Z,0,0,3755,0,0,2473[CR],2181043125
Z,0,0,3755,0,0,2473[CR],2181043562
Z,0,0,3755,0,0,2474[CR],2181044109
Z,0,0,3755,0,0,2473[CR],2181044546
Z,0,0,3755,0,0,2472[CR],2181045093
Z,0,0,3755,0,0,2473[CR],2181045640
Z,0,0,3755,0,2,2472[CR],2181046078
Z,0,0,3755,0,0,2471[CR],2181046625
Z,0,0,3755,0,0,2471[CR],2181047062
Z,0,0,3755,0,0,2469[CR],2181047609
Z,0,0,3755,0,0,2473[CR],2181048046
Z,0,0,3755,0,59,2478[CR],2181048593
Z,0,0,3755,0,257,2501[CR],2181049140
Z,0,0,3755,24,0,2481[CR],2181049578
Z,0,0,3755,86,0,2483[CR],2181050125
Z,0,0,3755,49,0,2475[CR],2181050562
Z,0,0,3761,24,321,2498[CR],2181051109
Z,0,0,3767,6,176,3560[CR],2181051218
F,18848,13216,3767,4,172,4454[CR],2181051546
C,15330,218,3767,1,198,4442[CR],2181051984
F,19044,14321,3767,0,174,4426[CR],2181052312
C,15566,194,3767,0,172,4418[CR],2181052750
A,35644,18980,3767,0,138,4411[CR],2181053078
C,15550,202,3767,0,51,4418[CR],2181053515
F,18942,14182,3767,0,4,4416[CR],2181053953
C,15541,216,3767,0,31,4412[CR],2181054281
F,18896,14138,3767,0,95,4408[CR],2181054718
A,35648,18858,3767,0,332,4408[CR],2181055046
C,15535,218,3767,0,326,4412[CR],2181055484
F,18824,14103,3767,0,328,4411[CR],2181055812
C,15530,210,3767,0,330,4410[CR],2181056250
F,18786,14075,3767,0,332,4409[CR],2181056687
A,35620,18760,3767,0,335,4407[CR],2181057015
C,15523,216,3767,0,332,4406[CR],2181057453
F,18728,14037,3767,0,331,4404[CR],2181057781
C,15520,206,3767,0,331,4402[CR],2181058218
F,18690,14017,3767,0,332,4402[CR],2181058546
C,15517,192,3769,6,398,4551[CR],2181058984
A,35576,18668,3776,22,529,5165[CR],2181059421
C,16043,188,3784,19,525,5169[CR],2181059750
F,18970,15830,3792,19,527,5145[CR],2181060187
C,17076,206,3800,22,527,5131[CR],2181060515
F,19022,15371,3808,20,528,5127[CR],2181060953
A,35580,19088,3817,20,527,5098[CR],2181061281
C,16874,212,3825,22,524,5074[CR],2181061718
F,19166,15008,3833,19,524,5052[CR],2181062156
C,16552,212,3842,21,526,5042[CR],2181062484
F,19324,14723,3850,22,526,5025[CR],2181062921
A,35584,19462,3858,18,524,5005[CR],2181063250
C,16010,216,3866,21,526,4999[CR],2181063687
F,19612,14444,3874,22,526,5009[CR],2181064015
C,15687,200,3882,19,525,5012[CR],2181064453
F,19848,14400,3890,21,524,5024[CR],2181064890
C,15459,202,3898,22,528,5045[CR],2181065218
A,35532,20290,3907,19,525,5059[CR],2181065656
C,15547,202,3915,21,526,5085[CR],2181066062
F,20758,14645,3922,17,525,5122[CR],2181066421
C,16027,164,3931,19,527,5157[CR],2181066796
F,21330,14906,3938,21,529,5201[CR],2181067187
A,35560,21548,3946,18,531,5242[CR],2181067625
C,16994,164,3954,21,531,5272[CR],2181067953
F,21594,14895,3962,22,532,5295[CR],2181068390
C,17348,170,3970,19,534,5307[CR],2181068718
F,21616,14589,3979,21,536,5309[CR],2181069156
A,35580,21628,3987,23,533,5294[CR],2181069484
C,17580,188,3995,19,531,5286[CR],2181069921
F,21642,14314,4003,21,529,5274[CR],2181070359
C,17300,202,4011,22,527,5266[CR],2181070687
F,21486,14336,4020,20,527,5240[CR],2181071125
C,16588,228,4028,21,528,5207[CR],2181071453
A,35524,21190,4036,19,527,5165[CR],2181071890
C,15932,202,4045,20,527,5136[CR],2181072218
F,21052,14409,4053,22,527,5115[CR],2181072656
C,15509,204,4060,19,526,5116[CR],2181073093
F,21034,15100,4069,19,527,5117[CR],2181073421
A,35528,21132,4077,21,528,5134[CR],2181073859
C,15423,196,4085,18,527,5154[CR],2181074187
F,21180,16432,4094,21,527,5144[CR],2181074625
C,15488,198,4102,22,527,5133[CR],2181074953
F,21100,16290,4110,20,527,5125[CR],2181075390
A,35496,21214,4118,22,526,5121[CR],2181075828
C,15749,168,4126,23,521,5141[CR],2181076187
F,21552,16294,4134,20,520,5148[CR],2181076500
C,16173,160,4143,21,522,5150[CR],2181076921
F,21994,15808,4151,22,525,5143[CR],2181077359
C,16468,168,4159,20,524,5150[CR],2181077687
A,35516,22086,4167,21,525,5140[CR],2181078125
C,16454,166,4175,22,525,5140[CR],2181078562
F,22110,14778,4183,19,525,5135[CR],2181078890
C,16291,194,4192,22,526,5104[CR],2181079328
F,22198,14439,4199,17,524,5105[CR],2181079656
A,35476,22288,4208,21,524,5115[CR],2181080093
C,16022,188,4216,22,521,5134[CR],2181080421
F,22410,14369,4224,19,523,5159[CR],2181080859
C,16130,190,4232,20,524,5186[CR],2181081296
F,22710,14924,4240,21,526,5193[CR],2181081625
A,35460,22868,4248,19,524,5220[CR],2181082062
C,16838,206,4256,21,524,5249[CR],2181082390
F,22540,15426,4264,23,523,5257[CR],2181082828
C,17122,200,4272,18,524,5258[CR],2181083156
F,21534,15584,4280,21,527,5272[CR],2181083593
C,17150,194,4288,23,524,5262[CR],2181084031
A,35464,20914,4296,20,526,5250[CR],2181084359
C,16994,216,4305,22,526,5242[CR],2181084828
F,20840,15134,4313,18,526,5250[CR],2181085125
C,16734,212,4321,21,524,5251[CR],2181085562
F,20944,14987,4329,22,522,5246[CR],2181085890
A,35496,21108,4337,20,522,5263[CR],2181086328
C,16382,190,4345,21,524,5266[CR],2181086687
F,21342,15106,4353,22,524,5263[CR],2181087093
C,16508,204,4361,20,524,5274[CR],2181087531
F,21540,15498,4370,21,524,5269[CR],2181087859
A,35448,21368,4378,22,527,5269[CR],2181088296
C,16674,176,4386,19,524,5265[CR],2181088625
F,20890,16082,4394,21,523,5271[CR],2181089062
C,16572,190,4402,18,527,5267[CR],2181089500
F,20354,16124,4410,19,525,5238[CR],2181089828
C,16236,168,4419,23,524,5218[CR],2181090265
A,35452,20596,4426,18,523,5198[CR],2181090593
C,15764,200,4435,20,524,5169[CR],2181091031
F,20994,15226,4443,21,524,5148[CR],2181091359
C,15230,188,4451,19,521,5146[CR],2181091796
F,21658,14951,4459,19,523,5169[CR],2181092234
A,35416,22414,4467,22,520,5193[CR],2181092562
C,15222,194,4475,19,519,5214[CR],2181093000
F,23468,15260,4483,22,518,5251[CR],2181093328
C,15775,190,4491,22,520,5283[CR],2181093765
F,24720,15572,4499,19,526,5321[CR],2181094093
A,35428,24356,4507,21,523,5316[CR],2181094531
C,17158,200,4515,17,527,5316[CR],2181094937
F,23538,14995,4524,19,525,5294[CR],2181095296
C,17400,184,4532,22,523,5275[CR],2181095656
F,22308,15192,4539,18,522,5265[CR],2181096062
C,17050,186,4548,20,522,5233[CR],2181096500
A,35388,21468,4556,22,524,5207[CR],2181096828
C,16474,206,4564,19,524,5193[CR],2181097265
F,21370,15038,4572,20,524,5229[CR],2181097703
C,16214,212,4580,22,524,5254[CR],2181098031
F,21432,15854,4588,18,524,5291[CR],2181098468
A,35416,21610,4596,21,525,5340[CR],2181098796
C,16778,164,4604,17,525,5384[CR],2181099234
F,21866,16796,4612,18,523,5446[CR],2181099562
C,17742,180,4619,21,523,5509[CR],2181100000
F,21786,17018,4627,18,524,5568[CR],2181100437
A,35380,21614,4635,20,526,5624[CR],2181100765
C,19262,190,4642,22,524,5662[CR],2181101203
F,21380,17174,4650,18,527,5703[CR],2181101531
C,20018,186,4658,20,527,5736[CR],2181101968
F,21102,17006,4666,18,534,5760[CR],2181102296
C,20398,180,4674,20,536,5731[CR],2181102734
A,35380,20890,4682,22,534,5714[CR],2181103171
C,20520,186,4690,19,532,5706[CR],2181103546
F,20888,16333,4699,20,529,5698[CR],2181103937
C,20204,186,4707,22,530,5685[CR],2181104281
F,20972,16119,4715,20,531,5634[CR],2181104703
A,35420,21006,4724,21,525,5574[CR],2181105031
C,19312,180,4732,22,521,5526[CR],2181105437
F,20988,16207,4740,19,517,5482[CR],2181105906
C,18358,192,4749,21,514,5458[CR],2181106234
F,21018,16422,4757,22,516,5446[CR],2181106671
A,35384,21170,4765,19,517,5447[CR],2181107000
C,17168,184,4773,21,517,5453[CR],2181107437
F,21440,16928,4781,22,523,5453[CR],2181107765
C,16842,176,4789,19,519,5464[CR],2181108203
F,21908,17576,4797,21,518,5487[CR],2181108640
C,17162,180,4805,20,516,5520[CR],2181108968
A,35392,22220,4813,19,519,5562[CR],2181109406
C,17580,190,4821,21,521,5572[CR],2181109734
F,21774,18890,4829,19,520,5586[CR],2181110171
C,17764,184,4837,20,521,5602[CR],2181110500
F,20958,18610,4845,23,518,5599[CR],2181110937
A,35376,20702,4853,19,517,5607[CR],2181111375
C,16938,182,4861,22,513,5613[CR],2181111703
F,20766,16690,4869,20,509,5636[CR],2181112140
C,16888,168,4877,18,514,5652[CR],2181112468
F,21574,15883,4885,20,516,5687[CR],2181112906
A,35336,22492,4892,18,516,5743[CR],2181113234
C,18692,148,4900,20,523,5801[CR],2181113671
F,23128,15945,4908,22,525,5836[CR],2181114031
C,20084,170,4916,19,527,5866[CR],2181114437
F,22722,15914,4924,21,529,5883[CR],2181114875
C,20810,186,4932,17,529,5895[CR],2181115203
A,35348,20730,4940,19,525,5904[CR],2181115640
C,20964,182,4948,22,529,5917[CR],2181115968
F,20054,15318,4956,20,530,5903[CR],2181116406
C,20728,172,4964,19,526,5888[CR],2181116843
F,19896,14989,4972,22,524,5904[CR],2181117171
A,35356,19876,4980,19,522,5915[CR],2181117609
C,20328,190,4988,20,514,5936[CR],2181117937
F,19862,15404,4996,22,525,5956[CR],2181118375
C,20104,206,5004,19,523,5941[CR],2181118703
F,19870,16164,5013,21,521,5918[CR],2181119140
A,35332,19838,5020,20,519,5897[CR],2181119578
C,19438,188,5029,20,521,5895[CR],2181119906
F,19790,16842,5037,21,522,5873[CR],2181120343
C,18746,188,5045,22,519,5819[CR],2181120671
F,19726,17066,5053,19,513,5776[CR],2181121109
C,17846,194,5062,22,513,5763[CR],2181121437
A,35332,19616,5070,17,512,5745[CR],2181121875
C,16858,190,5078,20,514,5738[CR],2181122312
F,19596,18300,5086,22,512,5730[CR],2181122640
C,16197,186,5094,19,515,5725[CR],2181123078
F,19702,18988,5103,20,513,5715[CR],2181123406
A,35296,19790,5110,21,505,5733[CR],2181123843
C,15644,176,5118,19,508,5786[CR],2181124171
F,20598,20122,5126,19,511,5826[CR],2181124609
C,16502,180,5134,16,512,5866[CR],2181125046
F,22932,20464,5142,19,517,5893[CR],2181125375
A,35288,23230,5150,22,515,5885[CR],2181125812
C,17662,182,5157,18,515,5889[CR],2181126140
F,22542,18872,5166,20,513,5841[CR],2181126578
C,17660,186,5175,22,512,5793[CR],2181126906
F,21242,17912,5183,19,514,5768[CR],2181127343
C,16928,182,5191,20,510,5740[CR],2181127671
A,35284,20428,5199,21,509,5746[CR],2181128109
C,16175,186,5207,19,512,5751[CR],2181128546
F,20294,17036,5215,20,509,5760[CR],2181128875
C,15679,180,5223,21,508,5777[CR],2181129312
F,20514,17048,5231,19,510,5800[CR],2181129640
A,35280,20962,5239,20,508,5819[CR],2181130078
C,15334,168,5247,17,510,5824[CR],2181130406
F,21404,16814,5255,19,514,5825[CR],2181130843
C,15294,190,5263,22,513,5804[CR],2181131281
F,21780,16954,5271,18,515,5780[CR],2181131625
A,35260,21914,5280,21,518,5786[CR],2181132046
C,15364,186,5287,22,513,5781[CR],2181132421
F,22048,16834,5295,19,511,5802[CR],2181132812
C,15345,192,5304,20,515,5816[CR],2181133156
F,22138,16548,5311,22,516,5823[CR],2181133578
C,15251,184,5319,19,512,5819[CR],2181134015
A,35296,22238,5328,21,511,5831[CR],2181134343
C,15088,178,5335,19,508,5844[CR],2181134781
F,22278,15503,5344,20,510,5866[CR],2181135109
C,14991,184,5351,21,509,5886[CR],2181135546
F,22440,15045,5359,19,509,5895[CR],2181135875
A,35304,22574,5368,20,510,5911[CR],2181136312
C,14976,186,5375,22,512,5933[CR],2181136750
F,22700,14654,5383,19,508,5940[CR],2181137078
C,14916,182,5391,21,512,5944[CR],2181137515
F,22732,14403,5399,22,513,5914[CR],2181137843
A,35252,22762,5408,20,512,5901[CR],2181138281
C,14776,180,5416,21,511,5891[CR],2181138609
F,22734,14149,5424,20,514,5893[CR],2181139046
C,14755,172,5432,20,512,5867[CR],2181139484
F,23222,14396,5440,22,510,5861[CR],2181139812
C,14958,180,5448,17,509,5869[CR],2181140250
A,35208,24016,5456,20,509,5878[CR],2181140578
C,15169,188,5464,22,511,5875[CR],2181141015
F,24298,14562,5472,19,511,5867[CR],2181141343
C,15355,184,5480,20,512,5883[CR],2181141781
F,24444,14624,5488,22,512,5877[CR],2181142218
A,35268,24488,5496,19,514,5870[CR],2181142546
C,15417,182,5504,21,513,5863[CR],2181142906
F,24536,14413,5512,18,512,5874[CR],2181143312
C,15428,190,5520,19,510,5883[CR],2181143750
F,24570,14402,5528,22,510,5895[CR],2181144078
A,35240,24608,5536,18,511,5920[CR],2181144515
C,15388,180,5544,20,510,5935[CR],2181144953
F,24592,14379,5552,22,509,5953[CR],2181145281
C,15314,194,5560,19,512,5960[CR],2181145718
F,24430,14430,5568,21,512,5956[CR],2181146046
C,15247,204,5576,22,510,5949[CR],2181146484
A,35164,24204,5584,19,510,5944[CR],2181146812
C,15104,186,5592,20,508,5957[CR],2181147250
F,24016,14345,5600,18,507,5986[CR],2181147687
C,14975,190,5608,20,505,6017[CR],2181148015
F,23942,14296,5616,21,504,6048[CR],2181148453
A,35216,23986,5623,19,504,6082[CR],2181148781
C,14922,182,5631,19,505,6116[CR],2181149218
F,24196,14363,5639,22,507,6125[CR],2181149546
C,15035,186,5647,19,507,6135[CR],2181149984
F,24574,14487,5655,21,508,6135[CR],2181150421
A,35236,24636,5663,19,511,6136[CR],2181150750
C,15061,170,5671,20,508,6121[CR],2181151187
F,24530,14473,5679,22,508,6111[CR],2181151515
C,14959,182,5687,18,512,6097[CR],2181151953
F,24278,14396,5695,21,509,6084[CR],2181152281
C,14838,180,5703,22,511,6082[CR],2181152718
A,35212,24106,5712,19,511,6070[CR],2181153156
C,14786,190,5720,21,510,6061[CR],2181153484
F,24324,14288,5727,22,508,6070[CR],2181153921
C,14953,184,5736,19,508,6085[CR],2181154250
F,25224,14575,5744,21,510,6090[CR],2181154687
A,35196,25708,5751,16,506,6081[CR],2181155015
C,15546,188,5755,4,316,6051[CR],2181155453
F,25860,14561,5755,1,243,6011[CR],2181155890
C,15258,188,5755,0,202,6007[CR],2181156218
F,25300,14037,5755,0,187,6089[CR],2181156656
A,35192,25336,5755,0,103,6188[CR],2181156984
C,15057,192,5755,0,16,6175[CR],2181157421
F,25536,13842,5755,0,143,5997[CR],2181157750
C,15030,170,5755,0,167,5940[CR],2181158187
F,25744,13798,5755,0,182,5944[CR],2181158625
C,15058,178,5755,0,220,5766[CR],2181158953
A,35188,25784,5755,0,260,5082[CR],2181159390
C,15013,188,5755,0,5,3361[CR],2181159828
Z,0,0,5755,0,0,2540[CR],2181160375
Z,0,0,5755,0,0,2475[CR],2181160921
Z,0,0,5755,0,0,2476[CR],2181161359
Z,0,0,5755,0,0,2476[CR],2181161906
Z,0,0,5755,0,0,2475[CR],2181162343
Z,0,0,5755,0,0,2477[CR],2181162890
Z,0,0,5755,0,0,2477[CR],2181162890
U,52072,95984,5755,0,0,2478[CR],2181163437
Z,0,0,5755,0,0,2477[CR],2181163984
Z,0,0,5755,0,0,2475[CR],2181164421
Z,0,0,5755,0,0,2473[CR],2181164968
Z,0,0,5755,0,0,2475[CR],2181165406
Z,0,0,5755,0,0,2473[CR],2181165953
Z,0,0,5755,0,153,2473[CR],2181166390
Z,0,0,5755,0,0,2474[CR],2181166937
Z,0,0,5755,0,0,2475[CR],2181167484
Z,0,0,5755,0,372,2474[CR],2181167921
Z,0,0,5755,0,0,2474[CR],2181168468
Z,0,0,5755,0,0,2475[CR],2181168906
Z,0,0,5755,0,0,2475[CR],2181169453
Z,0,0,5755,0,0,2474[CR],2181169890
Z,0,0,5755,0,0,2474[CR],2181170437
Z,0,0,5755,0,0,2474[CR],2181170875
Z,0,0,5755,0,0,2469[CR],2181171421
Z,0,0,5755,0,0,2458[CR],2181171968
Z,0,0,5755,0,1,2472[CR],2181172406
Z,0,0,5755,0,0,2472[CR],2181172953
Z,0,0,5755,0,0,2474[CR],2181173390
Z,0,0,5755,0,1,2474[CR],2181173937
Z,0,0,5755,0,0,2474[CR],2181174375
Z,0,0,5755,0,0,2473[CR],2181174921
Z,0,0,5755,0,0,2472[CR],2181175468
Z,0,0,5755,0,0,2471[CR],2181175906
Z,0,0,5755,0,0,2472[CR],2181176453
Z,0,0,5755,0,0,2471[CR],2181176890
Z,0,0,5755,0,0,2472[CR],2181177437
Z,0,0,5755,0,0,2477[CR],2181177875
Z,0,0,5755,0,0,2475[CR],2181178421
Z,0,0,5755,0,1,2477[CR],2181178968
Z,0,0,5755,0,147,2480[CR],2181179406
Z,0,0,5755,0,0,2480[CR],2181179953
Z,0,0,5755,0,0,2483[CR],2181180390
Z,0,0,5755,114,0,2489[CR],2181180937
Z,0,0,5755,35,202,2784[CR],2181181265
F,23042,13128,5756,6,13,5165[CR],2181181593
A,35100,23598,5756,1,10,5371[CR],2181182031
C,15026,184,5756,1,0,5358[CR],2181182468
F,23452,13545,5756,0,0,5353[CR],2181182796
C,14993,180,5756,0,0,5347[CR],2181183234
F,23288,13498,5756,0,0,5343[CR],2181183562
C,14979,186,5756,0,0,5341[CR],2181184000
A,35064,23106,5756,0,238,5367[CR],2181184343
C,14974,172,5756,0,198,5378[CR],2181184781
F,23006,13484,5756,0,183,5374[CR],2181185109
C,14981,174,5756,0,232,5373[CR],2181185546
F,22890,13476,5756,0,227,5373[CR],2181185984
A,35084,22802,5756,0,239,5372[CR],2181186312
C,14975,174,5756,0,202,5369[CR],2181186750
F,22718,13472,5756,0,196,5368[CR],2181187078
C,14972,180,5756,0,222,5370[CR],2181187515
F,22616,13473,5756,0,223,5370[CR],2181187843
A,35100,22548,5756,0,240,5370[CR],2181188281
C,14970,188,5756,0,214,5369[CR],2181188609
F,22464,13480,5762,18,286,5542[CR],2181189046
C,14975,174,5768,16,302,5844[CR],2181189484
F,22466,13762,5776,18,480,6106[CR],2181189812
C,15245,178,5783,19,524,6226[CR],2181190250
A,35092,22846,5792,20,522,6204[CR],2181190578
C,16289,188,5800,22,524,6187[CR],2181191015
F,22458,14609,5808,18,526,6173[CR],2181191343
C,16279,188,5816,20,524,6167[CR],2181191781
F,22350,14480,5824,22,527,6160[CR],2181192218
A,35084,22362,5832,19,526,6149[CR],2181192546
C,16011,184,5840,21,527,6133[CR],2181192984
F,22410,14342,5848,22,527,6110[CR],2181193312
C,15820,184,5856,19,528,6092[CR],2181193750
F,22496,14293,5864,20,524,6094[CR],2181194078
A,35108,22546,5872,22,525,6101[CR],2181194515
C,15605,180,5881,19,527,6091[CR],2181194953
F,22610,14599,5889,21,524,6081[CR],2181195281
C,15624,184,5897,17,527,6090[CR],2181195718
F,22716,14838,5905,19,529,6071[CR],2181196046
C,15620,180,5913,22,529,6053[CR],2181196484
A,35088,22848,5921,20,528,6024[CR],2181196812
C,15583,180,5929,20,530,5992[CR],2181197250
F,22902,14863,5938,22,529,5973[CR],2181197687
C,15618,174,5945,19,528,5965[CR],2181198031
F,23102,14934,5954,20,525,5958[CR],2181198453
A,35056,23242,5962,22,526,5979[CR],2181198781
C,15804,202,5970,19,527,5987[CR],2181199218
F,23338,15041,5978,21,527,5991[CR],2181199546
C,15857,160,5986,22,523,5985[CR],2181199984
F,23394,14993,5994,19,524,6002[CR],2181200421
A,35048,23480,6003,21,525,6008[CR],2181200750
C,16106,182,6010,18,527,6012[CR],2181201203
F,23734,14849,6019,20,523,6022[CR],2181201531
C,16554,170,6026,22,528,6054[CR],2181201968
F,23784,14940,6035,20,528,6033[CR],2181202296
C,16940,174,6043,20,526,6025[CR],2181202734
A,35016,23690,6051,22,521,6018[CR],2181203171
C,16964,178,6059,19,526,6008[CR],2181203500
F,23676,14522,6067,20,524,6007[CR],2181203937
C,16858,176,6075,22,524,6010[CR],2181204265
F,23760,14268,6083,19,520,6002[CR],2181204703
A,35040,23832,6092,22,526,5993[CR],2181205031
C,16654,180,6099,23,527,5971[CR],2181205468
F,23852,14258,6108,20,528,5962[CR],2181205906
C,16390,192,6116,22,526,5962[CR],2181206234
F,23862,14303,6124,17,526,5955[CR],2181206671
A,35032,23914,6132,20,527,5952[CR],2181207000
C,16186,184,6141,21,526,5961[CR],2181207437
F,23968,14684,6148,18,525,5973[CR],2181207765
C,16186,180,6157,19,524,5983[CR],2181208203
F,24014,14981,6165,22,527,5987[CR],2181208640
C,16199,184,6173,19,528,5991[CR],2181208968
A,35016,24132,6181,21,523,5986[CR],2181209406
C,16099,212,6189,22,527,5972[CR],2181209734
F,24086,14872,6197,19,524,5955[CR],2181210171
C,15823,188,6205,21,525,5945[CR],2181210500
F,23982,14665,6213,23,526,5943[CR],2181210937
A,35044,23898,6222,19,525,5933[CR],2181211375
C,15461,188,6230,22,526,5930[CR],2181211703
F,23828,14497,6238,22,525,5914[CR],2181212140
C,15302,186,6246,19,524,5943[CR],2181212468
F,23900,14493,6254,21,522,5945[CR],2181212906
A,35008,24152,6262,16,521,5952[CR],2181213234
C,15471,178,6270,20,524,5971[CR],2181213671
F,24488,14566,6278,22,524,5973[CR],2181214109
C,15759,184,6286,19,517,5982[CR],2181214437
F,24896,14661,6294,21,525,6007[CR],2181214875
C,16113,182,6303,22,524,6005[CR],2181215203
A,35000,24968,6311,19,521,6005[CR],2181215640
C,16347,196,6319,20,521,6024[CR],2181215968
F,24832,14594,6327,22,526,6030[CR],2181216406
C,16404,202,6335,20,519,6026[CR],2181216765
F,24888,14362,6343,22,524,6031[CR],2181217171
A,35004,24924,6351,18,526,6017[CR],2181217609
C,16430,194,6360,20,526,5988[CR],2181217937
F,24884,14134,6368,21,523,5970[CR],2181218375
C,16290,206,6376,18,519,5972[CR],2181218703
F,24788,14079,6384,20,523,5993[CR],2181219140
A,35000,24736,6392,22,525,5989[CR],2181219578
C,16030,214,6400,19,527,5984[CR],2181219906
F,24740,14129,6408,21,523,5974[CR],2181220343
C,15934,212,6416,22,523,5962[CR],2181220671
F,24692,14323,6424,19,526,5958[CR],2181221109
C,15807,212,6433,21,524,5934[CR],2181221437
A,34968,24720,6441,22,528,5930[CR],2181221875
C,15689,218,6449,19,528,5934[CR],2181222312
F,24748,14222,6457,21,526,5938[CR],2181222640
C,15602,212,6464,19,525,5942[CR],2181223078
F,24776,14336,6473,20,521,5943[CR],2181223406
A,34956,24808,6481,21,524,5943[CR],2181223843
C,15470,216,6489,19,526,5950[CR],2181224171
F,24808,14397,6497,20,526,5957[CR],2181224609
C,15432,204,6505,22,523,5953[CR],2181225046
F,24924,14457,6513,18,525,5958[CR],2181225375
A,34944,25080,6521,20,523,5941[CR],2181225812
C,15553,230,6529,22,527,5940[CR],2181226171
F,25248,14599,6537,18,523,5946[CR],2181226578
C,15717,232,6545,21,525,5957[CR],2181226906
F,25388,14569,6553,18,527,5950[CR],2181227343
C,15926,232,6561,20,523,5943[CR],2181227781
A,34988,25604,6569,22,523,5955[CR],2181228109
C,16103,202,6577,18,525,5971[CR],2181228546
F,25752,14243,6585,20,527,5968[CR],2181228875
C,16242,216,6593,22,525,5956[CR],2181229312
F,25880,14130,6601,19,520,5977[CR],2181229640
A,34960,25964,6609,20,524,6026[CR],2181230078
C,16530,214,6616,19,523,6058[CR],2181230515
F,26144,14158,6625,19,522,6072[CR],2181230843
C,16886,216,6633,21,520,6085[CR],2181231281
F,26208,14373,6640,16,520,6094[CR],2181231609
A,34972,25924,6649,20,524,6103[CR],2181232046
C,17152,214,6657,21,523,6096[CR],2181232375
F,25312,14698,6665,18,522,6100[CR],2181232812
C,17070,228,6673,20,517,6106[CR],2181233250
F,24804,14577,6681,22,522,6107[CR],2181233578
C,16836,236,6689,19,520,6092[CR],2181234015
A,34932,24812,6697,20,518,6073[CR],2181234343
C,16626,232,6705,19,518,6084[CR],2181234781
F,24812,14906,6713,20,519,6090[CR],2181235125
C,16560,228,6721,22,519,6101[CR],2181235546
F,24892,15245,6728,18,518,6106[CR],2181235875
A,34960,24988,6737,20,521,6119[CR],2181236312
C,16836,230,6745,21,523,6138[CR],2181236687
F,25076,15800,6752,19,521,6142[CR],2181237078
C,17164,216,6761,20,522,6161[CR],2181237515
F,24908,16122,6768,22,521,6158[CR],2181237843
A,34936,24808,6776,19,523,6165[CR],2181238281
C,17600,228,6784,21,523,6178[CR],2181238609
F,25128,16036,6792,18,520,6200[CR],2181239046
C,17998,210,6800,21,523,6224[CR],2181239484
F,25408,16301,6808,21,522,6242[CR],2181239812
C,18626,204,6816,17,522,6268[CR],2181240250
A,34928,24772,6824,20,525,6280[CR],2181240578
C,19122,226,6832,22,524,6283[CR],2181241015
F,23626,17122,6840,19,522,6300[CR],2181241343
C,19114,236,6848,20,522,6330[CR],2181241781
F,22380,16774,6856,19,522,6329[CR],2181242218
A,34920,22098,6864,19,521,6309[CR],2181242546
C,18662,230,6872,22,521,6280[CR],2181242984
F,22154,15658,6880,19,526,6264[CR],2181243312
C,18622,232,6888,20,521,6255[CR],2181243750
F,22260,15600,6896,21,520,6255[CR],2181244078
A,34908,22386,6904,18,520,6263[CR],2181244515
C,19082,212,6912,21,524,6289[CR],2181244953
F,22634,15693,6920,19,520,6325[CR],2181245281
C,19990,218,6928,18,519,6366[CR],2181245640
F,22794,16224,6935,21,524,6409[CR],2181246046
C,20772,256,6943,18,524,6429[CR],2181246484
A,34884,22178,6951,19,523,6426[CR],2181246812
C,21052,230,6959,22,524,6430[CR],2181247250
F,21544,16468,6967,19,525,6415[CR],2181247687
C,20744,234,6975,20,523,6405[CR],2181248015
F,21200,15764,6983,22,523,6404[CR],2181248453
A,34920,21248,6991,19,523,6395[CR],2181248781
C,20066,230,7000,20,521,6408[CR],2181249218
F,21326,15872,7007,18,522,6430[CR],2181249546
C,20012,230,7015,19,523,6443[CR],2181249984
F,21446,16436,7023,22,522,6446[CR],2181250421
A,34912,21512,7031,18,522,6462[CR],2181250750
C,20152,226,7039,19,519,6469[CR],2181251187
F,21588,17046,7047,22,524,6486[CR],2181251515
C,20274,244,7055,19,522,6498[CR],2181251953
F,21632,17424,7063,20,523,6514[CR],2181252281
C,20376,238,7070,21,521,6522[CR],2181252718
A,34872,21634,7078,19,520,6525[CR],2181253156
C,20376,244,7087,22,521,6540[CR],2181253562
F,21596,17926,7094,19,521,6550[CR],2181253921
C,20214,234,7102,20,521,6547[CR],2181254359
Z,0,0,7113,20,521,6545[CR],2181254687
A,34896,21432,7118,18,522,6555[CR],2181255015
C,19758,246,7126,20,520,6550[CR],2181255453
F,21412,18170,7134,22,520,6559[CR],2181255890
C,19454,234,7142,19,519,6562[CR],2181256218
F,21388,18192,7150,22,518,6550[CR],2181256656
A,34872,21344,7158,18,519,6544[CR],2181256984
C,19204,230,7166,19,519,6550[CR],2181257421
F,21312,18290,7174,21,517,6556[CR],2181257859
C,19074,236,7182,19,519,6556[CR],2181258187
F,21294,18128,7191,20,519,6537[CR],2181258625
C,18802,248,7199,21,516,6532[CR],2181258953
A,34868,21352,7207,19,518,6534[CR],2181259390
C,18562,238,7215,21,517,6558[CR],2181259718
F,21374,17672,7222,19,516,6565[CR],2181260156
C,18508,234,7230,19,516,6570[CR],2181260593
F,21372,17642,7238,21,515,6582[CR],2181260703
F,28048,22702,7242,18,517,6599[CR],2181260921
A,34864,21406,7246,17,515,6602[CR],2181261359
C,18452,234,7254,20,515,6612[CR],2181261687
F,21498,17566,7262,22,514,6633[CR],2181262125
C,18554,236,7270,18,515,6648[CR],2181262453
F,21666,17490,7278,19,510,6702[CR],2181262890
A,34812,21758,7285,18,513,6715[CR],2181263328
C,19036,234,7293,19,515,6730[CR],2181263656
F,21784,17424,7301,21,515,6746[CR],2181264093
C,19512,238,7308,18,513,6770[CR],2181264468
F,21636,17354,7316,19,516,6801[CR],2181264859
C,19948,234,7324,22,517,6807[CR],2181265187
A,34856,21566,7332,19,517,6821[CR],2181265625
C,20120,234,7340,21,515,6839[CR],2181265968
F,21610,16856,7348,22,515,6852[CR],2181266390
C,20200,238,7356,19,515,6864[CR],2181266828
F,21754,16872,7364,21,514,6884[CR],2181267156
A,34880,21852,7372,18,513,6890[CR],2181267593
C,20384,232,7380,20,517,6907[CR],2181267921
F,21946,17094,7388,22,517,6912[CR],2181268359
C,20514,232,7395,19,517,6918[CR],2181268796
F,22030,17206,7404,20,513,6920[CR],2181269125
A,34848,22050,7411,17,513,6932[CR],2181269562
C,20372,234,7419,20,519,6935[CR],2181269890
F,22044,17562,7427,21,515,6941[CR],2181270328
C,20142,238,7435,18,515,6936[CR],2181270656
F,21996,17852,7443,20,513,6935[CR],2181271093
C,19916,250,7451,21,515,6951[CR],2181271531
A,34848,21954,7459,18,515,6964[CR],2181271859
C,19792,236,7467,21,513,6974[CR],2181272296
F,21890,18768,7474,22,515,6982[CR],2181272625
C,19800,234,7483,19,517,6990[CR],2181273062
F,21662,18966,7490,21,516,6987[CR],2181273390
A,34804,21544,7498,19,514,6971[CR],2181273828
C,19672,240,7506,20,517,6972[CR],2181274265
F,21546,18448,7514,22,513,6977[CR],2181274593
C,19492,234,7522,19,513,6996[CR],2181275031
F,21800,17776,7530,20,510,7023[CR],2181275359
A,34824,22054,7537,18,510,7063[CR],2181275796
C,19948,238,7545,19,511,7108[CR],2181276125
F,22356,17822,7553,20,508,7167[CR],2181276562
C,20962,234,7560,18,510,7218[CR],2181277000
F,22620,18120,7568,19,509,7267[CR],2181277328
C,21980,242,7575,20,510,7325[CR],2181277765
A,34824,22378,7583,19,512,7343[CR],2181278093
C,22754,244,7591,21,508,7360[CR],2181278531
F,21914,18480,7598,18,510,7380[CR],2181278859
C,23174,236,7606,21,512,7409[CR],2181279296
F,21324,18118,7614,22,510,7419[CR],2181279734
A,34836,21138,7622,19,510,7435[CR],2181280062
C,23064,236,7630,21,510,7454[CR],2181280500
F,21118,17382,7637,18,508,7479[CR],2181280828
C,22790,234,7645,19,508,7502[CR],2181281265
F,21148,17630,7653,21,508,7528[CR],2181281593
A,34828,21160,7660,19,508,7540[CR],2181282031
C,22290,234,7668,20,511,7553[CR],2181282468
F,21140,18100,7676,22,510,7557[CR],2181282812
C,21802,254,7684,20,512,7538[CR],2181283234
F,21098,18196,7692,22,509,7510[CR],2181283562
C,21136,240,7700,16,512,7498[CR],2181284000
A,34852,20996,7709,19,508,7500[CR],2181284328
C,20430,252,7716,22,508,7504[CR],2181284765
F,20962,18434,7724,19,505,7505[CR],2181285203
C,20064,240,7732,21,505,7539[CR],2181285531
F,20988,18938,7739,22,505,7575[CR],2181285968
A,34812,21022,7747,19,503,7598[CR],2181286296
C,20282,236,7755,19,453,7614[CR],2181286734
F,21072,19862,7755,2,0,7490[CR],2181287062
C,19916,238,7755,1,0,7463[CR],2181287500
F,20990,20122,7755,0,27,7456[CR],2181287937
A,34784,21044,7755,0,2,7456[CR],2181288265
C,19216,238,7755,0,1,7454[CR],2181288703
F,21064,19448,7755,0,68,6123[CR],2181289031
C,19138,240,7755,0,339,3588[CR],2181289468
F,21048,17792,7755,0,441,1162[CR],2181289796
C,17996,236,7755,0,147,35544[CR],2181290234
A,34784,14028,7755,0,150,2064[CR],2181290671
C,12006,240,7755,0,0,1571[CR],2181291109
Z,0,0,7755,0,3,2719[CR],2181291437
C,12070,238,7755,0,35,766[CR],2181291906
Z,0,0,7755,13,0,1128[CR],2181292359
Z,0,0,7755,1,0,2480[CR],2181292906
Z,0,0,7755,0,0,2480[CR],2181293453
Z,0,0,7755,0,0,2472[CR],2181293890
Z,0,0,7755,0,0,2480[CR],2181294437
Z,0,0,7755,0,0,2479[CR],2181294875
Z,0,0,7755,0,0,2480[CR],2181295421
Z,0,0,7755,0,0,2481[CR],2181295859
Z,0,0,7755,0,0,2480[CR],2181296406
Z,0,0,7755,0,0,2481[CR],2181296843
Z,0,0,7755,0,0,2484[CR],2181297390
Z,0,0,7755,0,0,2483[CR],2181297828
Z,0,0,7755,0,0,2481[CR],2181298375
Z,0,0,7755,0,0,2478[CR],2181298921
Z,0,0,7755,0,0,2479[CR],2181299359
Z,0,0,7755,0,0,2479[CR],2181299906
Z,0,0,7755,0,0,2473[CR],2181300343
Z,0,0,7755,0,0,2478[CR],2181300890
Z,0,0,7755,0,0,2477[CR],2181301328
Z,0,0,7755,0,0,2478[CR],2181301875
Z,0,0,7755,0,0,2477[CR],2181302312
Z,0,0,7755,0,0,2478[CR],2181302859
Z,0,0,7755,0,0,2477[CR],2181303406
Z,0,0,7755,0,63,2477[CR],2181303843
Z,0,0,7755,0,0,2475[CR],2181304390
Z,0,0,7755,0,0,2475[CR],2181304828
Z,0,0,7755,0,0,2477[CR],2181305375
Z,0,0,7755,0,2,2477[CR],2181305812
Z,0,0,7755,0,0,2477[CR],2181306359
Z,0,0,7755,0,144,2476[CR],2181306906
Z,0,0,7755,0,0,2477[CR],2181307343
Z,0,0,7755,0,0,2478[CR],2181307890
Z,0,0,7755,0,0,2477[CR],2181308328
Z,0,0,7755,0,0,2478[CR],2181308875
Z,0,0,7755,0,0,2479[CR],2181309312
Z,0,0,7755,0,0,2466[CR],2181309859
Z,0,0,7755,0,0,2462[CR],2181310296
Z,0,0,7755,0,0,2459[CR],2181310843
Z,0,0,7755,0,0,2468[CR],2181311390
Z,0,0,7755,0,60,2465[CR],2181311828
Z,0,0,7755,0,2,2468[CR],2181312375
Z,0,0,7755,0,0,2471[CR],2181312812
Z,0,0,7755,0,0,2471[CR],2181313359
Z,0,0,7755,0,0,2470[CR],2181313796
Z,0,0,7755,0,0,2471[CR],2181314343
Z,0,0,7755,0,243,2473[CR],2181314890
Z,0,0,7755,0,0,2472[CR],2181315328
Z,0,0,7755,0,0,2472[CR],2181315875
Z,0,0,7755,0,0,2472[CR],2181316312
Z,0,0,7755,0,0,2468[CR],2181316859
Z,0,0,7755,0,0,2477[CR],2181317406
Z,0,0,7755,0,0,2482[CR],2181317843
Z,0,0,7755,0,0,2494[CR],2181318390
Z,0,0,7755,86,0,2492[CR],2181318828
Z,0,0,7755,44,0,2484[CR],2181319375
Z,0,0,7755,29,0,2485[CR],2181319812
Z,0,0,7755,27,0,2488[CR],2181320359
Z,0,0,7755,11,0,2608[CR],2181320906
Z,0,0,7755,6,0,3557[CR],2181321125
C,12250,234,7755,3,0,5201[CR],2181321453
A,34748,18002,7755,1,0,5348[CR],2181321890
C,12275,230,7755,0,0,5338[CR],2181322328
Z,0,0,7755,0,0,5333[CR],2181322875
Z,0,0,7755,0,0,5338[CR],2181323421
Z,0,0,7755,0,0,5362[CR],2181323859
Z,0,0,7755,0,1,5360[CR],2181324406
Z,0,0,7755,3,0,4662[CR],2181324625
C,12279,234,7755,1,0,4229[CR],2181324953
F,18926,11892,7755,1,0,4220[CR],2181325390
A,34804,18592,7755,0,0,4209[CR],2181325828
C,12669,240,7755,0,0,4202[CR],2181326156
F,18520,11892,7755,0,0,4197[CR],2181326593
C,12672,238,7755,0,0,4192[CR],2181326921
F,18512,11891,7755,0,0,4189[CR],2181327359
C,12674,230,7755,0,0,4186[CR],2181327687
A,34768,18510,7755,0,0,4182[CR],2181328125
C,12677,234,7755,0,0,4178[CR],2181328562
F,18504,11893,7755,14,251,4746[CR],2181328890
C,12694,236,7755,16,188,5300[CR],2181329328
F,20584,11892,7755,18,239,5581[CR],2181329656
A,34776,22266,7757,16,237,5853[CR],2181330093
C,13523,234,7764,17,357,6115[CR],2181330421
F,23838,11894,7770,13,437,6575[CR],2181330859
C,15749,234,7776,19,502,7101[CR],2181331296
F,32904,19114,7784,19,510,7309[CR],2181331625
A,34740,29772,7792,19,507,7340[CR],2181332062
C,22076,234,7800,21,511,7357[CR],2181332390
F,27328,18440,7808,18,510,7368[CR],2181332765
C,22176,234,7816,20,511,7386[CR],2181333156
F,25608,18202,7824,22,511,7406[CR],2181333593
C,22190,238,7832,20,514,7425[CR],2181334031
A,34820,24468,7840,21,515,7415[CR],2181334359
C,22294,244,7848,22,511,7412[CR],2181334796
F,24022,17588,7856,19,511,7435[CR],2181335125
C,22402,238,7864,20,512,7450[CR],2181335562
F,23722,17482,7872,17,512,7465[CR],2181336000
Z,0,0,7882,20,510,7491[CR],2181336328
C,22822,226,7888,21,511,7508[CR],2181336765
F,23458,17762,7896,18,510,7523[CR],2181337093
C,23024,232,7904,20,511,7536[CR],2181337531
F,23258,18078,7912,22,512,7547[CR],2181337859
A,34808,23072,7920,19,511,7548[CR],2181338296
C,23084,232,7928,21,512,7565[CR],2181338625
F,22874,18442,7936,22,512,7568[CR],2181339062
C,23036,238,7944,19,511,7576[CR],2181339500
F,22692,18712,7952,22,510,7581[CR],2181339828
C,23012,234,7960,17,511,7588[CR],2181340265
A,34776,22516,7968,19,512,7612[CR],2181340593
C,23000,256,7976,22,509,7623[CR],2181341031
F,22436,18930,7984,19,509,7643[CR],2181341359
C,23030,236,7992,19,510,7636[CR],2181341796
F,22374,19020,8000,22,509,7648[CR],2181342234
A,34748,22334,8008,19,507,7685[CR],2181342562
C,23176,242,8016,20,504,7731[CR],2181343000
F,22298,19014,8024,22,507,7756[CR],2181343328
C,23370,240,8032,19,509,7776[CR],2181343765
F,22286,18990,8040,22,511,7797[CR],2181344093
A,34740,22270,8047,18,505,7800[CR],2181344531
C,23728,242,8056,20,507,7817[CR],2181344968
F,22240,18818,8064,22,510,7833[CR],2181345296
C,23798,240,8072,19,508,7826[CR],2181345734
F,22182,18850,8080,20,505,7812[CR],2181346062
C,23608,244,8088,22,510,7810[CR],2181346500
A,34756,22034,8096,19,508,7792[CR],2181346828
C,23218,240,8105,21,506,7773[CR],2181347265
F,21930,18892,8112,18,505,7762[CR],2181347703
C,22608,242,8120,19,503,7752[CR],2181348031
F,21852,18900,8129,21,505,7757[CR],2181348468
A,34820,21820,8137,22,507,7761[CR],2181348796
C,22184,246,8145,20,504,7769[CR],2181349234
F,21802,19088,8153,22,507,7794[CR],2181349562
C,22370,234,8161,19,503,7818[CR],2181350000
F,21858,19490,8169,20,505,7857[CR],2181350328
A,34776,21892,8177,22,502,7892[CR],2181350765
C,23356,240,8184,19,507,7936[CR],2181351140
F,21906,20132,8192,21,505,7960[CR],2181351531
C,24068,236,8200,17,504,7975[CR],2181351968
F,21756,20276,8208,20,503,8007[CR],2181352296
C,24466,240,8216,21,505,8023[CR],2181352734
A,34740,21554,8224,19,504,8030[CR],2181353171
C,24720,246,8232,20,508,8056[CR],2181353515
F,21476,19742,8240,22,503,8056[CR],2181353859
C,24696,244,8248,19,507,8060[CR],2181354312
F,21456,19614,8256,19,503,8054[CR],2181354640
A,34732,21468,8264,22,499,8075[CR],2181355109
C,24756,242,8272,19,498,8093[CR],2181355453
F,21486,19662,8280,20,500,8121[CR],2181355796
C,24660,242,8287,17,500,8140[CR],2181356250
F,21500,19630,8296,20,503,8168[CR],2181356578
A,34744,21496,8303,22,503,8189[CR],2181357031
C,24312,258,8311,19,504,8201[CR],2181357375
F,21514,19668,8320,20,504,8215[CR],2181357843
C,24018,254,8327,22,502,8237[CR],2181358171
F,21516,19702,8335,19,500,8253[CR],2181358609
C,23736,254,8343,20,503,8259[CR],2181358937
A,34732,21500,8351,18,501,8252[CR],2181359375
C,23410,244,8359,21,503,8241[CR],2181359812
F,21494,20024,8367,22,493,8227[CR],2181360140
C,23000,248,8375,19,504,8223[CR],2181360578
F,21462,19998,8384,20,504,8202[CR],2181360906
A,34748,21418,8392,22,502,8164[CR],2181361343
C,22244,242,8400,20,503,8145[CR],2181361671
F,21386,19694,8408,20,500,8126[CR],2181362109
C,21574,250,8416,22,506,8110[CR],2181362546
F,21360,19556,8424,19,500,8099[CR],2181362875
A,34744,21338,8432,20,497,8104[CR],2181363312
C,20742,246,8440,21,502,8105[CR],2181363656
F,21326,19682,8448,19,504,8100[CR],2181364015
C,20578,250,8456,21,502,8126[CR],2181364406
F,21366,20002,8464,18,500,8156[CR],2181364843
C,20892,272,8471,19,499,8195[CR],2181365281
A,34740,21448,8479,21,499,8232[CR],2181365609
C,21644,246,8487,19,502,8277[CR],2181366046
F,21516,20354,8495,20,498,8309[CR],2181366375
C,22250,248,8502,17,500,8344[CR],2181366812
F,21576,20038,8511,19,499,8368[CR],2181367140
A,34776,21634,8519,21,499,8381[CR],2181367578
C,22548,250,8526,18,496,8386[CR],2181368015
F,21668,19202,8535,21,500,8388[CR],2181368343
C,22456,250,8542,22,500,8381[CR],2181368781
F,21768,18724,8550,19,500,8369[CR],2181369109
A,34740,21882,8558,21,493,8365[CR],2181369546
C,22136,250,8566,21,498,8368[CR],2181369875
F,21976,18376,8574,19,501,8367[CR],2181370312
C,21864,260,8582,20,497,8370[CR],2181370750
F,22082,18248,8590,16,495,8379[CR],2181371093
C,21546,252,8598,20,500,8397[CR],2181371515
A,34732,22146,8606,22,497,8408[CR],2181371843
C,21446,246,8614,19,499,8432[CR],2181372281
F,22178,18490,8622,20,497,8452[CR],2181372609
C,21524,250,8629,17,498,8457[CR],2181373046
F,22170,18812,8637,19,499,8479[CR],2181373484
A,34748,22180,8645,22,497,8505[CR],2181373812
C,22142,258,8653,17,498,8527[CR],2181374171
F,22164,19254,8661,19,496,8572[CR],2181374578
C,22906,248,8668,22,495,8619[CR],2181375015
F,22138,19670,8676,18,493,8665[CR],2181375343
A,34748,21994,8684,20,490,8702[CR],2181375781
C,24228,250,8691,15,492,8729[CR],2181376218
F,21710,20022,8699,19,495,8749[CR],2181376546
C,24616,250,8707,21,498,8766[CR],2181376984
F,21396,19420,8715,19,499,8777[CR],2181377312
C,24648,258,8723,21,500,8780[CR],2181377750
A,34768,21208,8730,21,495,8777[CR],2181378078
C,24438,258,8738,19,496,8783[CR],2181378515
F,21190,18020,8746,21,498,8786[CR],2181378953
C,24226,246,8754,17,495,8784[CR],2181379281
F,21166,18036,8762,19,494,8781[CR],2181379718
A,34716,21162,8770,21,494,8770[CR],2181380046
C,23876,250,8778,18,492,8772[CR],2181380484
F,21158,18282,8786,20,496,8772[CR],2181380812
C,23566,240,8793,22,496,8756[CR],2181381250
F,21130,18490,8802,19,497,8747[CR],2181381687
A,34704,21110,8810,22,493,8749[CR],2181382015
C,22898,254,8817,20,496,8740[CR],2181382453
F,21086,18764,8825,20,496,8727[CR],2181382781
C,22490,246,8833,21,495,8725[CR],2181383218
F,21064,18868,8841,19,492,8731[CR],2181383546
C,22126,246,8849,20,494,8738[CR],2181383984
A,34712,21042,8857,20,492,8744[CR],2181384421
C,21870,250,8864,19,493,8759[CR],2181384750
F,21046,19094,8872,20,490,8789[CR],2181385187
C,21806,246,8879,18,495,8823[CR],2181385515
F,21070,19134,8887,19,487,8845[CR],2181385953
A,34716,21122,8895,21,489,8879[CR],2181386281
C,22426,244,8902,18,485,8919[CR],2181386718
F,21212,19168,8910,21,486,8983[CR],2181387156
C,23334,252,8917,17,486,9033[CR],2181387484
F,21362,19368,8925,19,486,9086[CR],2181387921
A,34780,21446,8933,22,487,9121[CR],2181388250
C,25212,236,8940,19,487,9149[CR],2181388687
F,21422,19762,8948,21,481,9180[CR],2181389015
C,25948,244,8955,19,487,9206[CR],2181389453
F,21304,19598,8964,19,486,9199[CR],2181389890
C,26452,266,8971,21,487,9198[CR],2181390234
A,34776,21156,8979,18,489,9192[CR],2181390656
C,26484,250,8987,21,492,9189[CR],2181391015
F,21084,18454,8995,22,486,9179[CR],2181391421
C,25988,240,9003,21,494,9166[CR],2181391750
F,21064,18214,9011,20,491,9177[CR],2181392187
A,34744,21046,9019,18,497,9177[CR],2181392625
C,25356,244,9027,20,491,9163[CR],2181392953
F,21030,17976,9035,22,493,9140[CR],2181393390
C,24804,238,9042,19,491,9130[CR],2181393718
F,21012,17790,9051,20,489,9097[CR],2181394156
A,34736,20992,9058,23,492,9070[CR],2181394484
C,23954,238,9066,19,490,9045[CR],2181394921
F,20950,17396,9075,21,492,9016[CR],2181395359
C,23320,244,9082,18,492,8990[CR],2181395687
F,20926,17234,9091,20,489,8997[CR],2181396125
C,22862,240,9098,21,489,8993[CR],2181396453
A,34780,20916,9106,19,492,8992[CR],2181396890
C,22780,244,9114,20,489,8981[CR],2181397218
F,20938,17254,9122,22,489,8994[CR],2181397656
C,23026,240,9130,19,481,9016[CR],2181398093
F,21008,17238,9138,19,492,9034[CR],2181398421
A,34756,21072,9145,16,487,9053[CR],2181398859
C,23946,236,9153,19,487,9078[CR],2181399187
F,21128,17168,9161,21,487,9099[CR],2181399625
C,24386,238,9168,19,490,9129[CR],2181399953
F,21132,17258,9176,20,489,9157[CR],2181400390
A,34732,21104,9184,18,492,9184[CR],2181400734
C,24708,236,9192,19,480,9202[CR],2181401156
F,21048,17198,9199,21,486,9230[CR],2181401593
C,24864,240,9207,18,485,9238[CR],2181401921
F,20994,17112,9215,20,490,9250[CR],2181402359
C,24696,240,9222,19,487,9253[CR],2181402687
A,34796,20966,9230,19,490,9250[CR],2181403125
C,24418,244,9238,21,488,9238[CR],2181403562
F,20968,16966,9245,19,489,9234[CR],2181403890
C,24236,238,9253,19,487,9238[CR],2181404328
F,21012,17360,9261,22,490,9241[CR],2181404656
A,34796,21046,9269,18,487,9240[CR],2181405093
C,24268,236,9277,19,487,9258[CR],2181405421
F,21088,17942,9284,16,483,9271[CR],2181405859
C,24394,234,9292,19,490,9284[CR],2181406296
F,21124,18306,9300,20,492,9300[CR],2181406625
A,34780,21142,9307,18,491,9310[CR],2181407062
C,24484,238,9315,20,488,9303[CR],2181407390
F,21146,19004,9323,22,491,9296[CR],2181407828
C,24368,240,9331,19,490,9290[CR],2181408156
F,21136,19434,9338,20,483,9295[CR],2181408593
C,24104,240,9346,19,487,9300[CR],2181409031
A,34796,21114,9354,20,487,9298[CR],2181409359
C,23728,240,9361,22,488,9314[CR],2181409796
F,21096,19502,9369,18,484,9322[CR],2181410125
C,23338,248,9377,20,486,9337[CR],2181410562
F,21074,19228,9384,17,487,9353[CR],2181410890
A,34796,21056,9392,19,481,9373[CR],2181411328
C,22744,246,9399,21,484,9396[CR],2181411765
F,21032,18826,9407,19,482,9410[CR],2181412093
C,22424,238,9414,19,480,9419[CR],2181412531
F,21020,18622,9422,18,482,9437[CR],2181412859
A,34784,21014,9429,19,490,9448[CR],2181413296
C,22158,240,9437,21,479,9437[CR],2181413625
F,21016,18190,9444,19,488,9439[CR],2181414062
C,22090,240,9452,20,484,9424[CR],2181414500
F,21024,17946,9460,17,486,9418[CR],2181414828
C,21998,236,9467,19,482,9422[CR],2181415265
A,34772,21030,9475,21,482,9427[CR],2181415593
C,21866,238,9482,18,480,9414[CR],2181416031
F,21028,17718,9490,19,485,9418[CR],2181416359
C,21688,240,9497,18,483,9408[CR],2181416796
F,21024,17768,9505,19,484,9400[CR],2181417234
A,34788,21022,9512,17,481,9409[CR],2181417562
C,21576,238,9520,19,484,9421[CR],2181418000
F,21046,17878,9527,21,479,9411[CR],2181418328
C,21662,240,9535,18,478,9411[CR],2181418765
F,21060,17940,9542,20,483,9425[CR],2181419109
A,34780,21094,9550,16,477,9438[CR],2181419531
C,21864,244,9557,18,479,9457[CR],2181419921
F,21140,18370,9565,19,478,9480[CR],2181420296
C,22180,242,9572,17,479,9513[CR],2181420734
F,21208,18612,9579,19,474,9555[CR],2181421062
C,22574,266,9586,16,473,9588[CR],2181421500
A,34772,21280,9593,17,470,9617[CR],2181421828
C,22968,240,9599,15,467,9649[CR],2181422265
F,21310,18998,9605,16,463,9671[CR],2181422703
C,23192,234,9611,14,459,9700[CR],2181423031
F,21338,19194,9616,15,458,9729[CR],2181423468
A,34812,21358,9622,13,457,9758[CR],2181423796
C,23456,242,9626,9,429,9767[CR],2181424234
F,21362,19510,9629,9,423,9786[CR],2181424562
C,23478,248,9632,6,379,9799[CR],2181425000
F,21378,19644,9634,3,306,9785[CR],2181425437
A,34784,21342,9634,2,268,9777[CR],2181425765
C,23228,248,9635,2,203,9773[CR],2181426203
F,21324,19896,9636,1,134,9774[CR],2181426531
C,23126,248,9636,1,181,9771[CR],2181426968
F,21318,19946,9637,1,121,9770[CR],2181427296
C,23096,246,9637,1,112,9770[CR],2181427734
A,34812,21304,9637,1,16,9769[CR],2181428171
C,23050,248,9637,1,0,9767[CR],2181428500
F,21290,19998,9638,0,1,9763[CR],2181428937
C,23034,244,9638,0,10,9760[CR],2181429265
F,21280,20018,9638,0,0,9757[CR],2181429703
A,34788,21270,9638,0,0,9754[CR],2181430031
C,22962,238,9638,0,3,9754[CR],2181430468
F,21248,20038,9639,0,0,9736[CR],2181430906
C,22898,248,9639,0,0,9714[CR],2181431234
F,21212,20056,9639,0,0,9699[CR],2181431671
A,34772,21178,9639,0,0,9684[CR],2181432109
Z,0,0,9639,0,0,9672[CR],2181432656
Z,0,0,9639,0,0,9663[CR],2181433093
Z,0,0,9639,0,0,9654[CR],2181433640
Z,0,0,9639,0,0,9647[CR],2181434078
Z,0,0,9639,0,0,9641[CR],2181434406
C,22312,244,9639,0,0,9636[CR],2181434734
F,21060,20114,9639,0,0,9633[CR],2181435171
C,22260,252,9639,0,0,9629[CR],2181435500
F,21034,20112,9639,0,0,9624[CR],2181435937
A,34776,21020,9639,0,0,9622[CR],2181436484
Z,0,0,9639,0,0,9618[CR],2181436921
Z,0,0,9639,0,0,9614[CR],2181437468
Z,0,0,9639,0,0,9609[CR],2181437906
Z,0,0,9639,0,0,9604[CR],2181438453
Z,0,0,9639,0,0,9600[CR],2181438890
Z,0,0,9639,0,0,9594[CR],2181439437
Z,0,0,9639,0,0,9588[CR],2181439437
F,20898,20128,9639,0,0,9584[CR],2181439875
C,21994,244,9639,0,0,9582[CR],2181440312
Z,0,0,9639,0,0,9576[CR],2181440640
C,21954,238,9639,0,0,9570[CR],2181441078
Z,0,0,9639,0,0,9564[CR],2181441625
Z,0,0,9639,0,0,9557[CR],2181441843
F,20826,20136,9639,0,0,9552[CR],2181442281
Z,0,0,9639,0,0,9548[CR],2181442609
C,21852,248,9639,0,0,9543[CR],2181443046
Z,0,0,9639,0,0,9538[CR],2181443593
Z,0,0,9639,0,0,9530[CR],2181444031
Z,0,0,9639,0,0,9525[CR],2181444578
Z,0,0,9639,0,0,9515[CR],2181445125
Z,0,0,9639,0,0,9509[CR],2181445562
Z,0,0,9639,0,0,9502[CR],2181446109
Z,0,0,9639,0,0,9496[CR],2181446546
Z,0,0,9639,0,0,9489[CR],2181447093
Z,0,0,9639,0,0,9483[CR],2181447531
Z,0,0,9639,0,0,9476[CR],2181448078
F,20614,20144,9639,0,0,9470[CR],2181448515
Z,0,0,9639,0,0,9463[CR],2181449062
Z,0,0,9639,0,0,9457[CR],2181449171
F,20576,20144,9639,0,0,9453[CR],2181449718
Z,0,0,9639,0,0,9448[CR],2181450265
Z,0,0,9639,0,0,9442[CR],2181450703
Z,0,0,9639,0,0,9435[CR],2181451250
Z,0,0,9639,0,0,9428[CR],2181451687
Z,0,0,9639,0,0,9422[CR],2181452234
Z,0,0,9639,0,0,9416[CR],2181452671
Z,0,0,9639,0,0,9409[CR],2181453109
C,21478,248,9639,0,0,9403[CR],2181453656
Z,0,0,9639,0,0,9397[CR],2181453875
C,21458,246,9639,0,0,9392[CR],2181454421
Z,0,0,9639,0,0,9386[CR],2181454859
Z,0,0,9639,0,0,9380[CR],2181455406
Z,0,0,9639,0,0,9374[CR],2181455843
Z,0,0,9639,0,0,9367[CR],2181456390
Z,0,0,9639,0,0,9360[CR],2181456937
Z,0,0,9639,0,0,9354[CR],2181457375
Z,0,0,9639,0,0,9347[CR],2181457812
C,21370,234,9639,0,0,9341[CR],2181458359
Z,0,0,9639,0,0,9335[CR],2181458796
Z,0,0,9639,0,0,9328[CR],2181459343
Z,0,0,9639,0,0,9322[CR],2181459781
Z,0,0,9639,0,0,9314[CR],2181460328
Z,0,0,9639,0,0,9307[CR],2181460765
Z,0,0,9639,0,0,9300[CR],2181461312
Z,0,0,9639,0,0,9293[CR],2181461859
Z,0,0,9639,0,0,9285[CR],2181462296
Z,0,0,9639,0,0,9278[CR],2181462843
Z,0,0,9639,0,0,9270[CR],2181462843
A,34832,20182,9639,0,0,9264[CR],2181463390
Z,0,0,9639,0,0,9262[CR],2181463937
Z,0,0,9639,0,0,9255[CR],2181464375
Z,0,0,9639,0,0,9248[CR],2181464921
Z,0,0,9639,0,0,9239[CR],2181465359
Z,0,0,9639,0,0,9231[CR],2181465906
Z,0,0,9639,0,0,9223[CR],2181466343
Z,0,0,9639,0,0,9216[CR],2181466890
Z,0,0,9639,0,0,9207[CR],2181467437
Z,0,0,9639,0,0,9199[CR],2181467875
Z,0,0,9639,0,0,9191[CR],2181468421
Z,0,0,9639,0,0,9181[CR],2181468859
Z,0,0,9639,0,0,9173[CR],2181469406
Z,0,0,9639,0,0,9162[CR],2181469953
Z,0,0,9639,0,0,9152[CR],2181470390
Z,0,0,9639,0,0,9141[CR],2181470937
Z,0,0,9639,0,0,9130[CR],2181471375
Z,0,0,9639,0,0,9114[CR],2181471484
A,34820,19988,9639,0,0,9105[CR],2181472031
Z,0,0,9639,0,0,9097[CR],2181472250
F,19966,20048,9639,0,0,9085[CR],2181472796
Z,0,0,9639,0,0,9078[CR],2181473015
F,19954,20042,9639,0,0,9064[CR],2181473453
A,34820,19938,9639,0,0,9058[CR],2181473890
Z,0,0,9639,0,0,9045[CR],2181474437
Z,0,0,9639,0,0,9033[CR],2181474984
Z,0,0,9639,0,0,9020[CR],2181475421
Z,0,0,9639,0,0,9005[CR],2181475968
Z,0,0,9639,0,0,8992[CR],2181476406
Z,0,0,9639,0,0,8978[CR],2181476953
Z,0,0,9639,0,0,8965[CR],2181477390
Z,0,0,9639,0,0,8952[CR],2181477718
A,34780,19842,9639,0,0,8942[CR],2181478156
C,21082,242,9639,0,0,8932[CR],2181478593
Z,0,0,9639,0,0,8920[CR],2181478921
C,21074,242,9639,0,0,8910[CR],2181479359
Z,0,0,9639,0,0,8899[CR],2181479906
Z,0,0,9639,0,0,8886[CR],2181480453
Z,0,0,9639,0,0,8873[CR],2181480890
C,21054,252,9639,0,0,8860[CR],2181481328
Z,0,0,9639,0,0,8846[CR],2181481656
A,34808,19768,9639,0,0,8835[CR],2181482093
Z,0,0,9639,0,0,8825[CR],2181482421
F,19752,19960,9639,0,0,8815[CR],2181482859
C,21036,238,9639,0,0,8806[CR],2181483296
Z,0,0,9639,0,0,8795[CR],2181483843
Z,0,0,9639,0,0,8781[CR],2181484281
Z,0,0,9639,0,0,8768[CR],2181484828
Z,0,0,9639,0,0,8754[CR],2181485265
Z,0,0,9639,0,0,8741[CR],2181485812
Z,0,0,9639,0,0,8728[CR],2181486359
Z,0,0,9639,0,0,8715[CR],2181486687
F,19674,19922,9639,0,0,8704[CR],2181487125
C,20998,256,9639,0,0,8693[CR],2181487453
F,19664,19914,9639,0,0,8682[CR],2181488000
Z,0,0,9639,0,0,8672[CR],2181488546
Z,0,0,9639,0,0,8658[CR],2181488984
Z,0,0,9639,0,0,8645[CR],2181489531
Z,0,0,9639,0,0,8632[CR],2181489968
Z,0,0,9639,0,0,8619[CR],2181490515
Z,0,0,9639,0,0,8607[CR],2181490953
Z,0,0,9639,0,0,8594[CR],2181491500
Z,0,0,9639,0,0,8581[CR],2181492046
Z,0,0,9639,0,0,8569[CR],2181492484
Z,0,0,9639,0,0,8557[CR],2181493031
Z,0,0,9639,0,0,8545[CR],2181493468
Z,0,0,9639,0,0,8493[CR],2181493796
F,19556,19858,9639,0,0,8430[CR],2181494234
Z,0,0,9639,0,0,8436[CR],2181494562
C,20936,250,9639,0,0,8437[CR],2181494890
F,19534,19842,9639,0,0,8437[CR],2181495328
C,20930,238,9639,0,0,8352[CR],2181495656
F,19526,19834,9639,0,51,7258[CR],2181496093
C,20916,244,9639,0,0,6018[CR],2181496531
A,34804,19502,9639,0,0,5552[CR],2181496859
C,20828,238,9639,0,0,5058[CR],2181497296
F,19480,19394,9639,0,0,4805[CR],2181497625
C,20728,248,9639,0,0,4840[CR],2181498062
F,19462,19248,9639,0,0,4855[CR],2181498390
A,34788,19456,9639,0,0,4864[CR],2181498828
C,20704,244,9639,0,0,4870[CR],2181499375
Z,0,0,9639,0,27,4867[CR],2181499812
Z,0,0,9639,0,0,2773[CR],2181500359
Z,0,0,9639,0,0,2481[CR],2181500796
Z,0,0,9639,0,0,2480[CR],2181501343
Z,0,0,9639,0,0,2474[CR],2181501781
Z,0,0,9639,0,0,2474[CR],2181502328
Z,0,0,9639,0,0,2474[CR],2181502875
Z,0,0,9639,0,0,2472[CR],2181503312
Z,0,0,9639,0,0,2475[CR],2181503859
Z,0,0,9639,129,0,2485[CR],2181504296
Z,0,0,9639,5,0,2465[CR],2181504843
Z,0,0,9639,1,0,2467[CR],2181505281
Z,0,0,9639,0,0,2461[CR],2181505828
Z,0,0,9639,0,0,2480[CR],2181506265
Z,0,0,9639,3,0,2492[CR],2181506812
Z,0,0,9639,1,0,2475[CR],2181507359
Z,0,0,9639,0,0,2475[CR],2181507796
Z,0,0,9639,0,0,2475[CR],2181508125
M,33524,13674,9639,0,0,2475[CR],2181508671
Z,0,0,9639,0,0,2475[CR],2181509109
Z,0,0,9639,0,0,2477
<PAUSE BUTTON 12:08:23>
[CR],2181509437
>
Reset interface. Wait time for interface: 47
>
Reset interface. Wait time for interface: 31DOFF
OK
>
Command: DOFF Wait time for interface: 109

>
Reset interface. Wait time for interface: 125CLEAR
OK
>
Command: CLEAR Wait time for interface: 109

<END BUTTON 12:13:42>

------------------- Begin end zero test --------------------
>
Reset interface. Wait time for interface: 47SCAN E
Z,0,0,0,0,393,2635
C,12303,10623,0,0,396,2476[CR],2181831281
F,12817,12381,0,0,398,2474[CR],2181831609
A,35040,12813,0,0,399,2474[CR],2181832046
C,12303,10615,0,0,396,2475[CR],2181832375
F,12815,12381,0,0,395,2475[CR],2181832812
C,12303,10613,0,0,396,2474[CR],2181833171
F,12824,12383,0,0,398,2474[CR],2181833625
C,12303,10624,0,0,368,2475[CR],2181833984
A,35016,12819,0,0,374,2479[CR],2181834328
C,12304,10385,0,0,370,2480[CR],2181834781
F,12817,12381,0,0,368,2480[CR],2181835140
C,12303,10427,0,0,370,2479[CR],2181835593
F,12829,12382,0,0,376,2479[CR],2181835953
A,35020,12831,0,0,380,2479[CR],2181836296
C,12303,10427,0,0,373,2479[CR],2181836765
F,12817,12383,0,0,371,2479[CR],2181837093
C,12304,10489,0,0,369,2479[CR],2181837546
F,12823,12381,0,0,375,2479[CR],2181837875
A,35040,12817,0,0,375,2480[CR],2181838312
C,12303,10414,0,0,375,2480[CR],2181838640
F,12823,12383,0,0,374,2480[CR],2181839078
C,12303,10450,0,0,371,2479[CR],2181839406
F,12825,12383,0,0,376,2480[CR],2181839843
C,12304,10456,0,0,376,2479[CR],2181840281
A,35036,12828,0,0,380,2480[CR],2181840609
C,12303,10426,0,0,376,2480[CR],2181841046
F,12822,12382,0,0,372,2479[CR],2181841375
C,12304,10440,0,0,374,2479[CR],2181841812
F,12825,12382,0,0,379,2480[CR],2181842140
A,35016,12822,0,0,379,2479[CR],2181842578
C,12303,10429,0,0,372,2479[CR],2181843015
F,12824,12383,0,0,365,2479[CR],2181843343
C,12303,10385,0,0,367,2479[CR],2181843781
F,12829,12383,0,0,368,2479[CR],2181844109
A,34996,12835,0,0,371,2480[CR],2181844546
C,12303,10431,0,0,374,2479[CR],2181844875
F,12827,12389,0,0,378,2479[CR],2181845312
C,12304,10447,0,0,371,2480[CR],2181845750
F,12830,12385,0,0,377,2478[CR],2181846078
C,12303,10477,0,0,359,2480[CR],2181846515
A,35024,12825,0,0,365,2479[CR],2181846843
C,12304,10437,0,0,315,2479[CR],2181847390
Z,0,0,0,0,198,2479[CR],2181847828
Z,0,0,0,0,245,2479[CR],2181848375
Z,0,0,0,0,342,2478[CR],2181848484
A,35032,12025,0,0,361,2479[CR],2181848812
C,12381,10465,0,0,361,2478[CR],2181849250
F,12814,12145,0,0,319,2479[CR],2181849703
Z,0,0,0,0,324,2479[CR],2181850250
Z,0,0,0,0,321,2480[CR],2181850359
A,35028,12519,0,0,352,2480[CR],2181850796
C,12370,10416,0,0,354,2480[CR],2181851234
F,12461,12132,0,0,362,2479[CR],2181851562
C,12370,10510,0,0,358,2479[CR],2181852000
F,12432,12134,0,0,358,2479[CR],2181852328
C,12369,10572,0,0,341,2478[CR],2181852765
A,34996,12395,0,0,330,2478[CR],2181853093
C,12369,10529,0,0,327,2478[CR],2181853531
F,12371,12139,0,0,331,2479[CR],2181853968
C,12368,10478,0,0,136,2479[CR],2181854406
Z,0,0,0,0,239,2481[CR],2181854953
Z,0,0,0,0,329,2481[CR],2181855390
Z,0,0,0,0,314,2477[CR],2181855500
F,12309,12144,0,0,344,2477[CR],2181855828
C,12367,10623,0,0,338,2478[CR],2181856265
F,12296,12145,0,0,342,2475[CR],2181856593
A,35008,12280,0,0,379,2477[CR],2181857031
C,12366,10629,0,0,380,2477[CR],2181857468
F,12268,12146,0,0,379,2478[CR],2181857796
C,12366,10650,0,0,379,2476[CR],2181858234
F,12252,12148,0,0,381,2477[CR],2181858562
C,12366,10637,0,0,381,2477[CR],2181859000
A,35032,12238,0,0,382,2477[CR],2181859328
C,12366,10666,0,0,378,2477[CR],2181859765
F,12223,12149,0,0,376,2477[CR],2181860203
C,12366,10667,0,0,375,2478[CR],2181860531
F,12217,12150,0,0,376,2477[CR],2181860968
A,35008,12210,0,0,378,2477[CR],2181861296
C,12365,10603,0,0,380,2477[CR],2181861734
F,12199,12152,0,0,380,2477[CR],2181862062
C,12365,10605,0,0,377,2477[CR],2181862500
F,12191,12153,0,0,384,2477[CR],2181862937
A,34980,12185,0,0,358,2478[CR],2181863265
C,12365,10695,0,0,357,2478[CR],2181863703
F,12177,12153,0,0,368,2478[CR],2181864031
C,12365,10624,0,0,362,2478[CR],2181864468
F,12170,12155,0,0,341,2478[CR],2181864796
C,12365,10588,0,0,241,2475[CR],2181865234
A,35032,12159,0,0,265,2475[CR],2181865671
C,12297,11125,0,0,199,2477[CR],2181866000
F,12693,12564,0,0,329,2475[CR],2181866437
C,12263,11066,0,0,296,2478[CR],2181866765
F,12604,12546,0,0,22,2478[CR],2181867312
Z,0,0,0,0,309,2482[CR],2181867531
C,12279,9144,0,0,328,2481[CR],2181867968
F,12571,12526,0,0,374,2477[CR],2181868406
C,12281,12046,0,0,386,2477[CR],2181868734
F,12580,12518,0,0,382,2477[CR],2181869171
A,35024,12581,0,0,382,2477[CR],2181869500
C,12282,11738,0,0,385,2477[CR],2181869937
F,12589,12511,0,0,389,2476[CR],2181870265
C,12284,11740,0,0,391,2477[CR],2181870703
F,12573,12508,0,0,390,2477[CR],2181871140
C,12285,11729,0,0,390,2477[CR],2181871468
A,35004,12561,0,0,390,2478[CR],2181871906
C,12287,11731,0,0,391,2478[CR],2181872234
F,12567,12502,0,0,393,2478[CR],2181872671
C,12286,11730,0,0,391,2478[CR],2181873000
F,12581,12500,0,0,391,2478[CR],2181873437
A,34988,12580,0,0,392,2477[CR],2181873875
C,12286,11747,0,0,393,2478[CR],2181874203
F,12595,12498,0,0,393,2478[CR],2181874640
C,12287,11754,0,0,390,2477[CR],2181874968
F,12465,12497,0,0,390,2478[CR],2181875406
A,35024,12373,0,0,395,2478[CR],2181875734
C,12287,11742,0,0,387,2478[CR],2181876171
F,12366,12494,0,0,382,2477[CR],2181876609
C,12296,11734,0,0,379,2477[CR],2181876937
F,12394,12498,0,0,379,2479[CR],2181877375
C,12291,11762,0,0,307,2477[CR],2181877703
A,35012,12404,0,0,364,2477[CR],2181878140
C,12312,11725,0,0,376,2477[CR],2181878468
F,12201,12285,0,0,347,2477[CR],2181878906
C,12316,11710,0,0,351,2478[CR],2181879343
F,12241,12412,0,0,355,2478[CR],2181879781
Z,0,0,0,0,326,2480[CR],2181880328
Z,0,0,0,0,313,2478[CR],2181880437
F,12231,12406,0,0,333,2480[CR],2181880875
C,12309,11785,0,0,332,2477[CR],2181881203
F,12246,12407,0,0,373,2478[CR],2181881640
A,34992,12256,0,0,366,2478[CR],2181882078
C,12309,11835,0,0,364,2478[CR],2181882406
F,12255,12406,0,0,368,2478[CR],2181882625
>
Reset interface. Wait time for interface: 125

======== END OF TEST ========


