CPT-log version: 5.22
======== BEGIN OF TEST ========
DATE 31.10.2022

<Transmited Data>
<NEW BUTTON 12:41:34>
[^C][CR]
[^C][CR]
[^C][CR]
CLEAR[CR]
[^C][CR]
DOFF[CR]
[^C][CR]
SCAN E[CR]
[^C][CR]
[^C][CR]
CLEAR[CR]

<START BUTTON 12:46:43>
[^C][CR]
[^C][CR]
DRON[CR]
SCAN E[CR]
[^G][^G][^G][^G]
<PAUSE BUTTON 12:56:22>
[^C][CR]
[^C][CR]
DOFF[CR]
[^C][CR]
CLEAR[CR]

<END BUTTON 13:01:08>
[^C][CR]
SCAN E[CR]
[^C][CR]


<Received Data>
<NEW BUTTON 12:41:34>

>
Reset interface. Wait time for interface: 16
>
Reset interface. Wait time for interface: 109
>
Reset interface. Wait time for interface: 110CLEAR
OK
>
Command: CLEAR Wait time for interface: 109

>
Reset interface. Wait time for interface: 110DOFF
OK
>
Command: DOFF Wait time for interface: 109

>
Reset interface. Wait time for interface: 31SCAN E
Z,0,0,0,0,200,2721
C,12254,6926,0,0,212,2464[CR],2183540687
F,12228,12634,0,0,155,2465[CR],2183541015
C,12254,6866,0,0,174,2465[CR],2183541453
A,38124,12229,0,0,140,2464[CR],2183541781
C,12255,6896,0,0,119,2465[CR],2183542250
F,12219,12634,0,0,170,2465[CR],2183542578
C,12254,6892,0,0,209,2465[CR],2183543015
F,12221,12633,0,0,211,2465[CR],2183543343
A,38152,12219,0,0,186,2465[CR],2183543812
C,12254,6926,0,0,212,2465[CR],2183544156
F,12227,12633,0,0,157,2465[CR],2183544593
C,12254,6908,0,0,176,2465[CR],2183544937
F,12220,12633,0,0,223,2465[CR],2183545281
A,38160,12221,0,0,214,2465[CR],2183545734
C,12254,6922,0,0,179,2465[CR],2183546062
F,12219,12634,0,0,190,2464[CR],2183546515
C,12254,6906,0,0,232,2465[CR],2183546843
F,12223,12634,0,0,237,2465[CR],2183547281
C,12254,6920,0,0,257,2464[CR],2183547625
A,38148,12221,0,0,239,2465[CR],2183548062
C,12255,6890,0,0,263,2465[CR],2183548500
F,12221,12633,0,0,247,2465[CR],2183548828
C,12255,6908,0,0,275,2466[CR],2183549265
F,12226,12632,0,0,254,2465[CR],2183549593
A,38124,12221,0,0,280,2465[CR],2183550031
C,12254,6922,0,0,264,2466[CR],2183550359
F,12219,12632,0,0,262,2465[CR],2183550796
C,12255,6896,0,0,265,2465[CR],2183551234
F,12223,12633,0,0,278,2466[CR],2183551562
A,38100,12225,0,0,285,2465[CR],2183552000
C,12255,6908,0,0,275,2466[CR],2183552328
F,12221,12633,0,0,261,2465[CR],2183552765
C,12255,6912,0,0,240,2466[CR],2183553093
F,12220,12633,0,0,262,2465[CR],2183553531
C,12255,6918,0,0,275,2466[CR],2183553968
A,38132,12221,0,0,257,2466[CR],2183554296
C,12255,6906,0,0,314,2465[CR],2183554734
F,12218,12631,0,0,296,2466[CR],2183555062
C,12255,6882,0,0,316,2466[CR],2183555500
F,12219,12632,0,0,161,2466[CR],2183555828
A,38120,12216,0,0,228,2467[CR],2183556265
C,12254,6864,0,0,274,2466[CR],2183556703
F,12219,12633,0,0,270,2466[CR],2183557031
C,12254,6872,0,0,275,2466[CR],2183557468
F,12222,12632,0,0,280,2467[CR],2183557796
A,38116,12220,0,0,276,2466[CR],2183558234
C,12255,6884,0,0,283,2466[CR],2183558562
F,12225,12633,0,0,276,2465[CR],2183559000
C,12255,6840,0,0,265,2466[CR],2183559437
F,12220,12633,0,0,258,2465[CR],2183559765
C,12255,6864,0,0,264,2466[CR],2183560203
A,38108,12219,0,0,255,2466[CR],2183560531
C,12256,6888,0,0,267,2466[CR],2183560968
F,12217,12632,0,0,279,2465[CR],2183561296
C,12255,6884,0,0,268,2466[CR],2183561734
F,12225,12632,0,0,216,2466[CR],2183562171
A,38144,12219,0,0,265,2466[CR],2183562500
C,12255,6880,0,0,282,2466[CR],2183562937
F,12222,12632,0,0,272,2466[CR],2183563265
C,12255,6884,0,0,219,2466[CR],2183563703
F,12219,12632,0,0,217,2466[CR],2183564046
A,38140,12218,0,0,198,2466[CR],2183564484
C,12255,6894,0,0,80,2466[CR],2183564703
>
Reset interface. Wait time for interface: 63
>
Reset interface. Wait time for interface: 32CLEAR
OK
>
Command: CLEAR Wait time for interface: 109

<START BUTTON 12:46:43>

>
Reset interface. Wait time for interface: 78
>
Reset interface. Wait time for interface: 109DRON
OK
>
Command: DRON Wait time for interface: 110
SCAN E
A,36916,14785,0,0,510,3932
C,22318,794,0,0,509,3811[CR],2183810937
F,14780,15429,0,0,510,3809[CR],2183811375
C,22298,800,0,0,510,3808[CR],2183811734
F,14778,15432,0,0,510,3808[CR],2183812187
A,36896,14780,0,0,510,3806[CR],2183812515
C,22266,790,0,0,510,3806[CR],2183812953
F,14782,15436,0,0,510,3805[CR],2183813312
C,22248,790,0,0,511,3804[CR],2183813656
F,14784,15443,0,0,510,3804[CR],2183814093
A,36860,14779,0,0,510,3803[CR],2183814421
C,22222,790,0,0,510,3802[CR],2183814859
F,14783,15449,0,0,510,3801[CR],2183815296
C,22208,804,0,0,510,3800[CR],2183815625
F,14777,15453,0,0,510,3800[CR],2183816062
C,22194,788,0,0,510,3800[CR],2183816390
A,36860,14784,0,0,506,3799[CR],2183816828
C,22180,794,0,0,509,3798[CR],2183817156
F,14778,15458,0,0,509,3797[CR],2183817593
C,22166,786,0,0,510,3797[CR],2183818031
F,14784,15459,0,0,510,3797[CR],2183818359
A,36808,14776,0,0,510,3796[CR],2183818796
C,22148,794,0,0,510,3795[CR],2183819125
F,14776,15460,0,0,510,3794[CR],2183819562
C,22134,790,0,0,510,3793[CR],2183819890
F,14780,15465,0,0,509,3793[CR],2183820328
A,36796,14773,0,0,510,3793[CR],2183820765
C,22126,812,3,22,591,3911[CR],2183821093
F,14777,15309,11,24,588,4027[CR],2183821531
C,24908,788,20,19,585,4029[CR],2183821859
F,14726,15150,29,22,586,4033[CR],2183822296
C,24972,790,37,23,586,4029[CR],2183822625
A,36812,14688,45,20,585,4029[CR],2183823062
C,24868,798,54,22,582,4023[CR],2183823500
F,14710,15074,63,23,577,4012[CR],2183823828
C,24632,798,71,19,573,4029[CR],2183824265
F,14765,14970,80,21,578,4022[CR],2183824593
A,36748,14737,89,23,580,4019[CR],2183825031
C,24196,788,97,22,583,4016[CR],2183825468
F,14723,14108,106,21,581,4014[CR],2183825796
C,24176,788,115,22,583,3992[CR],2183826234
F,14761,14007,123,24,579,4000[CR],2183826562
A,36700,14787,132,20,579,4022[CR],2183827000
C,23534,790,141,23,580,4002[CR],2183827328
F,14784,14083,149,24,579,4005[CR],2183827765
C,23226,790,158,20,582,4021[CR],2183828203
F,14832,14093,167,22,579,4018[CR],2183828531
C,22956,790,175,24,583,4008[CR],2183828968
A,36736,14825,184,21,582,3994[CR],2183829312
C,22560,794,193,22,580,4001[CR],2183829734
F,14835,14067,201,23,579,4000[CR],2183830062
C,22308,796,209,22,580,3998[CR],2183830500
F,14858,14032,219,21,579,4008[CR],2183830937
A,36716,14846,227,22,581,3996[CR],2183831265
C,22018,786,235,20,582,3997[CR],2183831703
F,14837,14046,245,22,584,4006[CR],2183832031
C,21860,786,253,22,586,4023[CR],2183832468
F,14863,14064,261,24,587,4047[CR],2183832796
A,36728,14886,270,21,582,4067[CR],2183833234
C,21904,784,279,22,585,4074[CR],2183833562
F,14892,13902,287,24,584,4100[CR],2183834000
C,22084,794,296,21,585,4118[CR],2183834437
F,14878,14114,305,22,584,4140[CR],2183834765
C,22118,790,313,24,586,4165[CR],2183835203
A,36688,14909,321,20,586,4203[CR],2183835531
C,22278,796,330,22,577,4233[CR],2183835968
F,14887,14899,339,24,569,4255[CR],2183836406
C,22780,808,347,21,572,4280[CR],2183836734
F,14917,14884,356,22,576,4276[CR],2183837171
A,36660,14931,364,24,576,4309[CR],2183837500
C,22476,816,373,21,579,4329[CR],2183837937
F,14916,15188,382,22,580,4361[CR],2183838265
C,22672,796,390,23,575,4398[CR],2183838703
F,14902,15194,398,20,576,4406[CR],2183839140
A,36660,14961,407,22,584,4446[CR],2183839468
C,22370,810,415,23,584,4489[CR],2183839875
F,14960,15406,424,20,581,4514[CR],2183840234
C,22236,822,433,22,580,4535[CR],2183840671
F,14963,15276,441,22,577,4546[CR],2183841000
C,22270,800,449,19,572,4559[CR],2183841437
A,36656,14950,459,21,568,4569[CR],2183841765
C,22348,796,467,23,574,4574[CR],2183842203
F,14957,14940,475,18,574,4579[CR],2183842640
C,22464,796,484,21,576,4597[CR],2183842968
F,14940,15045,493,22,570,4609[CR],2183843406
A,36624,14952,501,22,569,4613[CR],2183843734
C,22512,792,510,21,569,4597[CR],2183844171
F,14964,14452,519,23,571,4587[CR],2183844609
C,22588,796,528,24,572,4574[CR],2183844937
F,14970,14500,536,21,569,4578[CR],2183845375
A,36620,14979,545,22,572,4584[CR],2183845703
C,22526,800,554,24,575,4599[CR],2183846140
F,14992,14300,562,20,574,4580[CR],2183846468
C,22494,812,571,21,575,4567[CR],2183846906
F,15018,14314,580,24,573,4566[CR],2183847343
C,22220,804,588,19,574,4560[CR],2183847671
A,36592,15044,598,21,571,4553[CR],2183848109
C,22022,798,606,22,572,4561[CR],2183848468
F,15034,14254,615,22,571,4577[CR],2183848875
C,21934,796,624,21,573,4579[CR],2183849203
F,15041,14249,632,22,572,4604[CR],2183849640
A,36620,15047,641,24,572,4597[CR],2183850078
C,21876,802,649,19,572,4602[CR],2183850359
F,15066,14229,658,22,571,4631[CR],2183850843
C,21872,804,667,23,571,4622[CR],2183851171
F,15061,14231,675,20,572,4618[CR],2183851609
A,36560,15073,684,23,571,4634[CR],2183851937
C,21912,806,693,24,573,4621[CR],2183852375
F,15077,14292,701,20,573,4626[CR],2183852812
C,21930,814,710,22,575,4622[CR],2183853140
F,15080,14294,719,22,575,4626[CR],2183853578
C,22032,822,727,19,575,4628[CR],2183853906
A,36572,15046,736,21,574,4630[CR],2183854343
C,22144,802,745,23,577,4626[CR],2183854671
F,15047,14264,753,24,575,4628[CR],2183855109
C,22254,844,762,21,575,4640[CR],2183855546
F,15068,14232,771,22,573,4642[CR],2183855875
A,36540,15070,780,24,577,4642[CR],2183856312
C,22640,824,788,20,575,4639[CR],2183856640
F,15085,14284,797,22,572,4642[CR],2183857078
C,22786,834,806,24,571,4644[CR],2183857406
F,15083,14207,814,20,570,4661[CR],2183857843
A,36532,15107,823,22,567,4664[CR],2183858171
C,23240,826,831,23,568,4653[CR],2183858609
F,15173,14142,840,19,567,4661[CR],2183859046
C,23206,824,849,22,568,4676[CR],2183859375
F,15160,14117,857,23,568,4658[CR],2183859812
C,23096,854,866,19,569,4653[CR],2183860140
A,36524,15123,875,21,572,4650[CR],2183860578
C,23152,814,884,22,574,4642[CR],2183861015
F,15128,14501,892,19,575,4641[CR],2183861343
C,23244,802,901,21,575,4626[CR],2183861781
F,15164,14380,910,22,576,4622[CR],2183862109
A,36508,15152,918,24,576,4622[CR],2183862546
C,23262,806,927,21,573,4622[CR],2183862875
F,15122,14439,936,22,575,4630[CR],2183863312
C,23256,818,945,24,575,4629[CR],2183863640
F,15140,14216,953,20,576,4631[CR],2183864078
A,36520,15128,962,21,575,4626[CR],2183864515
C,23316,846,971,24,578,4617[CR],2183864843
F,15134,14611,979,19,578,4616[CR],2183865281
C,23100,840,988,21,575,4617[CR],2183865609
F,15170,14664,997,22,575,4628[CR],2183866046
C,23366,852,1005,18,568,4625[CR],2183866375
A,36488,15184,1014,21,570,4629[CR],2183866812
C,23456,856,1023,22,569,4657[CR],2183867250
F,15210,14467,1031,22,582,4683[CR],2183867578
C,23916,856,1039,20,573,4734[CR],2183868015
F,15209,14900,1048,22,562,4776[CR],2183868343
A,36456,15186,1056,23,560,4784[CR],2183868781
C,25344,812,1065,20,563,4791[CR],2183869109
F,15206,17676,1073,22,561,4822[CR],2183869546
C,25348,766,1082,19,560,4894[CR],2183869984
F,15258,17596,1090,21,564,4971[CR],2183870312
A,36428,15249,1099,25,560,4994[CR],2183870750
C,27860,438,1107,22,566,4965[CR],2183871078
F,15239,17144,1116,20,562,4979[CR],2183871515
C,26128,432,1124,22,561,5034[CR],2183871843
F,15269,16620,1133,29,572,5028[CR],2183872281
C,26760,714,1142,21,575,4983[CR],2183872718
A,36456,15336,1151,21,583,5002[CR],2183873046
C,26880,710,1159,23,585,4977[CR],2183873484
F,15268,15940,1168,22,590,5006[CR],2183873812
C,26088,760,1176,22,594,5010[CR],2183874250
F,15288,18462,1186,25,594,4945[CR],2183874578
A,36456,15379,1195,21,579,4869[CR],2183875015
C,23588,706,1204,22,572,4819[CR],2183875453
F,15330,18918,1213,22,567,4798[CR],2183875781
C,21918,750,1222,23,569,4773[CR],2183876218
F,15380,22428,1230,21,573,4782[CR],2183876546
A,36412,15341,1239,22,575,4784[CR],2183876984
C,20600,782,1248,23,573,4770[CR],2183877359
F,15365,21370,1256,21,571,4785[CR],2183877750
C,20458,788,1265,22,572,4788[CR],2183878187
F,15408,22426,1274,23,572,4803[CR],2183878515
C,20572,796,1282,19,570,4821[CR],2183878953
A,36396,15247,1291,22,568,4815[CR],2183879281
C,21162,824,1300,23,567,4805[CR],2183879718
F,15485,21358,1308,19,574,4835[CR],2183880156
C,20942,826,1317,21,571,4841[CR],2183880484
F,14631,20356,1326,23,569,4841[CR],2183880921
A,36392,14751,1334,21,570,4854[CR],2183881250
C,21454,818,1342,21,569,4861[CR],2183881687
F,14735,19412,1351,22,588,4869[CR],2183882015
C,21642,816,1360,24,592,4872[CR],2183882453
F,14790,17338,1368,20,590,4856[CR],2183882890
A,36380,14879,1377,22,591,4857[CR],2183883218
C,21612,806,1386,24,593,4867[CR],2183883656
F,15005,17348,1394,21,595,4865[CR],2183883984
C,21634,810,1403,22,595,4858[CR],2183884421
F,15131,17294,1412,23,595,4864[CR],2183884750
C,21652,820,1420,20,593,4876[CR],2183885187
A,36372,15020,1429,22,595,4855[CR],2183885625
C,21592,820,1438,22,593,4833[CR],2183885984
F,14941,17584,1446,20,592,4824[CR],2183886390
C,21210,816,1455,22,589,4809[CR],2183886718
F,15081,16850,1464,23,588,4803[CR],2183887156
A,36352,15219,1472,19,585,4784[CR],2183887484
C,20402,820,1481,21,586,4776[CR],2183887921
F,15308,16460,1490,22,587,4760[CR],2183888359
C,19812,820,1499,24,586,4753[CR],2183888687
F,15364,16404,1508,21,583,4738[CR],2183889125
A,36316,15378,1517,22,581,4714[CR],2183889453
C,18758,810,1525,24,583,4690[CR],2183889890
F,15483,16434,1534,21,580,4672[CR],2183890218
C,17854,822,1543,22,580,4658[CR],2183890656
F,15573,16632,1552,22,583,4660[CR],2183891093
C,17202,830,1560,18,583,4650[CR],2183891421
A,36320,15586,1569,22,581,4648[CR],2183891859
C,16920,840,1578,22,581,4649[CR],2183892187
F,15631,18150,1586,22,581,4638[CR],2183892625
C,16982,838,1595,21,580,4644[CR],2183892953
F,15714,18756,1604,22,579,4641[CR],2183893390
A,36340,15983,1612,24,573,4645[CR],2183893718
C,16986,854,1621,20,573,4655[CR],2183894156
F,16482,18730,1630,22,572,4677[CR],2183894593
C,17586,842,1638,24,574,4700[CR],2183894921
F,16860,18122,1647,20,574,4736[CR],2183895359
A,36296,16430,1655,21,574,4765[CR],2183895687
C,19324,852,1663,24,573,4786[CR],2183896125
F,15517,17154,1672,20,574,4788[CR],2183896453
C,19992,848,1680,22,573,4790[CR],2183896890
F,14434,16826,1689,24,572,4789[CR],2183897328
C,20388,858,1698,21,574,4769[CR],2183897656
A,36296,13972,1706,22,574,4747[CR],2183898093
C,20294,836,1715,22,573,4716[CR],2183898421
F,14078,15511,1716,2,449,4635[CR],2183898859
C,19488,838,1716,1,444,4612[CR],2183899187
F,14459,15663,1716,0,442,4603[CR],2183899625
A,36272,14701,1716,0,443,4591[CR],2183900062
C,18512,842,1716,0,443,4586[CR],2183900390
F,14916,15807,1716,0,442,4590[CR],2183900828
C,18426,836,1716,0,440,4591[CR],2183901156
F,15142,15911,1716,0,440,4592[CR],2183901593
A,36240,15269,1716,0,440,4592[CR],2183901921
C,18360,840,1716,0,441,4593[CR],2183902359
F,15384,16061,1716,0,431,4631[CR],2183902796
C,18330,848,1716,0,429,4645[CR],2183903125
F,15511,16204,1716,0,426,4647[CR],2183903562
C,18374,836,1716,0,453,4667[CR],2183903890
A,36272,15637,1716,0,444,4662[CR],2183904328
C,18636,842,1716,0,449,4662[CR],2183904656
F,15694,16596,1716,0,450,4661[CR],2183905093
C,18534,842,1716,0,447,4660[CR],2183905531
F,15753,16656,1716,0,436,3637[CR],2183905968
Z,0,0,1716,0,63,2667[CR],2183906515
Z,0,0,1716,0,0,2469[CR],2183906953
Z,0,0,1716,0,0,2468[CR],2183907500
Z,0,0,1716,0,0,2488[CR],2183908046
Z,0,0,1716,0,0,2489[CR],2183908484
Z,0,0,1716,0,0,2492[CR],2183909031
Z,0,0,1716,0,0,2492[CR],2183909468
Z,0,0,1716,0,0,2487[CR],2183910015
Z,0,0,1716,0,0,2483[CR],2183910453
Z,0,0,1716,0,66,2487[CR],2183911000
Z,0,0,1716,0,0,2484[CR],2183911437
Z,0,0,1716,0,1,2481[CR],2183911984
Z,0,0,1716,0,0,2484[CR],2183912531
Z,0,0,1716,0,399,2481[CR],2183912968
Z,0,0,1716,0,0,2483[CR],2183913515
Z,0,0,1716,0,0,2481[CR],2183913953
Z,0,0,1716,0,131,2482[CR],2183914500
Z,0,0,1716,0,0,2484[CR],2183914937
Z,0,0,1716,0,0,2482[CR],2183915484
Z,0,0,1716,0,0,2485[CR],2183916031
Z,0,0,1716,0,0,2482[CR],2183916468
Z,0,0,1716,0,0,2484[CR],2183917015
Z,0,0,1716,0,0,2486[CR],2183917453
Z,0,0,1716,0,0,2447[CR],2183918000
Z,0,0,1716,0,0,2460[CR],2183918437
Z,0,0,1716,0,0,2462[CR],2183918984
Z,0,0,1716,0,0,2464[CR],2183919531
Z,0,0,1716,0,0,2468[CR],2183919968
Z,0,0,1716,0,0,2472[CR],2183920515
Z,0,0,1716,0,0,2471[CR],2183920953
Z,0,0,1716,0,0,2473[CR],2183921500
Z,0,0,1716,0,0,2473[CR],2183921937
Z,0,0,1716,0,0,2473[CR],2183922484
Z,0,0,1716,0,0,2477[CR],2183923031
Z,0,0,1716,0,0,2477[CR],2183923468
Z,0,0,1716,0,0,2477[CR],2183924015
Z,0,0,1716,0,0,2476[CR],2183924453
Z,0,0,1716,0,0,2478[CR],2183925000
Z,0,0,1716,0,8,2480[CR],2183925437
Z,0,0,1716,0,0,2503[CR],2183925984
Z,0,0,1716,103,0,2496[CR],2183926531
Z,0,0,1716,86,0,2488[CR],2183926968
Z,0,0,1716,79,0,2486[CR],2183927515
Z,0,0,1716,11,379,2601[CR],2183927734
C,16434,830,1718,18,367,3869[CR],2183928171
F,15662,16604,1718,2,358,4453[CR],2183928500
C,18040,812,1718,1,355,4448[CR],2183928937
A,36148,15696,1718,0,354,4443[CR],2183929265
C,18028,832,1718,0,341,4441[CR],2183929703
F,15692,16594,1718,0,296,4481[CR],2183930140
C,17992,830,1718,0,304,4477[CR],2183930468
F,15694,16600,1718,0,309,4474[CR],2183930906
A,36132,15684,1718,0,307,4474[CR],2183931234
C,17960,804,1718,0,416,4446[CR],2183931671
F,15682,16624,1718,0,419,4433[CR],2183932000
C,17986,826,1718,0,422,4435[CR],2183932437
F,15678,16642,1718,0,423,4434[CR],2183932875
A,36056,15668,1718,0,423,4434[CR],2183933203
C,17982,816,1718,0,422,4432[CR],2183933640
F,15665,16646,1718,0,422,4432[CR],2183933968
C,17970,828,1718,0,424,4431[CR],2183934421
F,15662,16650,1718,0,424,4430[CR],2183934750
C,17960,834,1718,0,425,4429[CR],2183935187
A,36108,15650,1718,0,425,4428[CR],2183935531
C,17950,828,1718,0,424,4426[CR],2183935984
F,15646,16656,1718,0,424,4426[CR],2183936328
C,17940,812,1718,0,426,4426[CR],2183936781
F,15646,16662,1718,0,426,4426[CR],2183937125
A,36076,15642,1718,0,426,4425[CR],2183937562
C,17928,808,1718,0,424,4424[CR],2183937890
F,15631,16668,1718,0,425,4424[CR],2183938328
C,17922,814,1718,0,426,4424[CR],2183938656
F,15630,16668,1718,0,427,4421[CR],2183939093
A,36068,15628,1718,0,427,4423[CR],2183939531
C,17912,828,1722,22,539,4578[CR],2183939859
F,15616,16886,1730,21,539,4734[CR],2183940296
C,20202,808,1739,20,537,4695[CR],2183940625
F,15418,15716,1748,22,536,4695[CR],2183941062
C,19882,810,1756,18,534,4694[CR],2183941390
A,36096,15822,1765,21,537,4708[CR],2183941828
C,19578,824,1774,22,536,4706[CR],2183942156
F,16080,16474,1782,21,541,4713[CR],2183942593
C,19282,824,1791,19,531,4625[CR],2183943031
F,16327,16862,1799,22,535,4680[CR],2183943359
A,36060,16446,1808,22,537,4773[CR],2183943796
C,19002,816,1817,22,531,4796[CR],2183944125
F,16294,17236,1825,21,538,4699[CR],2183944562
C,19038,820,1833,22,536,4765[CR],2183944890
F,15819,17580,1842,21,535,4832[CR],2183945328
A,36000,15712,1850,20,539,4909[CR],2183945765
C,18972,824,1859,23,536,4909[CR],2183946093
F,15825,17424,1867,19,531,4939[CR],2183946531
C,18994,818,1877,22,531,4847[CR],2183946859
F,16100,17140,1886,23,534,4872[CR],2183947296
C,19094,824,1893,19,533,4896[CR],2183947625
A,36052,16504,1902,22,534,4949[CR],2183948062
C,19250,824,1911,25,532,4909[CR],2183948500
F,16686,16782,1920,19,533,4893[CR],2183948828
C,19402,832,1929,21,533,4865[CR],2183949265
F,16846,16694,1938,23,531,4849[CR],2183949593
A,36024,16790,1946,22,530,4817[CR],2183950031
C,19230,826,1955,21,536,4799[CR],2183950359
F,16810,16654,1964,22,539,4809[CR],2183950796
C,18574,826,1972,25,539,4801[CR],2183951234
F,16970,16780,1981,21,541,4769[CR],2183951562
A,36020,17230,1990,22,540,4725[CR],2183952109
Z,0,0,2001,22,535,4712[CR],2183952328
F,17520,17160,2007,20,537,4716[CR],2183952765
C,16204,826,2016,22,537,4709[CR],2183953093
F,17800,17926,2025,24,538,4733[CR],2183953531
C,15610,838,2033,21,539,4715[CR],2183953968
A,36032,18074,2042,22,537,4707[CR],2183954312
C,15148,826,2051,23,538,4712[CR],2183954734
F,18340,19684,2059,19,540,4714[CR],2183955062
C,14670,840,2068,20,538,4724[CR],2183955500
F,18112,19960,2077,24,536,4724[CR],2183955828
A,36004,18282,2085,25,538,4717[CR],2183956265
C,14800,822,2094,21,538,4713[CR],2183956609
F,19018,18752,2103,22,538,4721[CR],2183957031
C,15031,844,2111,23,536,4736[CR],2183957468
F,19386,18228,2120,21,534,4751[CR],2183957796
A,36012,19294,2129,21,536,4756[CR],2183958234
C,15312,840,2137,23,535,4748[CR],2183958562
F,19428,17640,2146,20,536,4762[CR],2183959000
C,15599,846,2155,22,534,4776[CR],2183959437
F,19222,17438,2163,24,536,4778[CR],2183959765
C,16170,840,2172,20,534,4802[CR],2183960203
A,35972,18638,2180,21,533,4857[CR],2183960531
C,16664,832,2189,25,535,4899[CR],2183960968
F,17870,16488,2198,19,535,4805[CR],2183961296
C,16858,836,2207,22,533,4785[CR],2183961734
F,17326,15738,2216,23,531,4740[CR],2183962171
A,35948,17570,2224,25,533,4724[CR],2183962500
C,16856,846,2233,20,531,4707[CR],2183962937
F,17942,14975,2242,22,532,4698[CR],2183963265
C,16624,836,2251,24,532,4681[CR],2183963703
F,18470,14643,2259,21,533,4656[CR],2183964031
A,35968,18908,2269,22,532,4658[CR],2183964468
C,16123,818,2277,23,534,4669[CR],2183964859
F,19440,14364,2285,21,534,4680[CR],2183965234
C,15992,840,2294,21,535,4695[CR],2183965593
F,19988,14593,2303,22,536,4697[CR],2183966000
C,16000,854,2311,18,535,4711[CR],2183966437
A,35940,20178,2321,21,536,4713[CR],2183966765
C,16071,850,2329,23,535,4719[CR],2183967203
F,19954,14749,2337,24,537,4731[CR],2183967640
C,16031,858,2346,21,536,4705[CR],2183967968
F,20140,14646,2355,22,536,4698[CR],2183968406
A,35904,20396,2364,25,535,4707[CR],2183968734
C,15601,874,2372,20,535,4720[CR],2183969171
F,20882,14299,2381,22,537,4751[CR],2183969500
C,15347,870,2389,25,535,4764[CR],2183969937
F,21546,14213,2398,21,536,4769[CR],2183970375
A,35912,21932,2407,22,537,4757[CR],2183970703
C,15368,866,2415,23,537,4753[CR],2183971140
F,21842,14488,2424,20,537,4730[CR],2183971468
C,15374,876,2433,21,536,4733[CR],2183971906
F,21048,14565,2442,24,537,4724[CR],2183972234
C,15249,880,2450,19,536,4713[CR],2183972671
A,35908,21022,2459,22,536,4699[CR],2183973109
C,15044,876,2468,22,536,4708[CR],2183973484
F,21358,14333,2476,21,537,4707[CR],2183973875
C,15000,878,2485,21,536,4714[CR],2183974203
F,21490,14559,2494,22,536,4713[CR],2183974640
A,35912,21130,2502,24,535,4720[CR],2183975078
C,15529,878,2511,21,539,4747[CR],2183975406
F,20776,14930,2520,22,535,4748[CR],2183975843
C,16130,870,2528,22,534,4771[CR],2183976171
F,19712,15250,2537,21,534,4802[CR],2183976609
A,35912,18608,2545,22,534,4809[CR],2183976937
C,16532,880,2554,24,534,4798[CR],2183977375
F,18058,15052,2563,19,534,4795[CR],2183977812
C,16526,868,2571,22,533,4785[CR],2183978140
F,18336,14699,2580,23,534,4765[CR],2183978578
C,16440,870,2588,21,531,4774[CR],2183978906
A,35864,18874,2597,22,531,4763[CR],2183979343
C,16344,870,2606,22,530,4780[CR],2183979671
F,19244,14339,2615,22,531,4794[CR],2183980109
C,16476,860,2623,21,531,4803[CR],2183980546
F,19622,14412,2632,22,531,4802[CR],2183980875
A,35884,19518,2641,25,529,4791[CR],2183981312
C,16674,878,2649,21,528,4772[CR],2183981640
F,18716,14650,2658,22,529,4762[CR],2183982078
C,16836,870,2667,23,529,4751[CR],2183982406
F,18308,14504,2676,22,529,4741[CR],2183982843
A,35840,18434,2684,22,529,4709[CR],2183983187
C,17120,868,2693,23,529,4692[CR],2183983625
F,18354,14561,2702,21,531,4660[CR],2183984046
C,17080,870,2711,22,530,4632[CR],2183984375
F,18414,14431,2720,23,532,4612[CR],2183984812
C,16642,870,2728,25,531,4587[CR],2183985140
A,35864,18850,2737,22,532,4572[CR],2183985578
C,16082,852,2746,22,532,4551[CR],2183986015
F,19332,13832,2755,24,534,4529[CR],2183986343
C,15587,856,2764,20,534,4520[CR],2183986781
F,20022,13764,2773,22,534,4516[CR],2183987109
A,35860,20512,2782,23,536,4485[CR],2183987546
C,14963,864,2790,19,535,4473[CR],2183987875
F,21124,13841,2799,21,537,4485[CR],2183988312
C,14630,860,2808,22,537,4475[CR],2183988750
F,21930,13912,2816,20,537,4486[CR],2183989078
A,35816,22468,2825,21,536,4500[CR],2183989515
C,14449,870,2834,22,538,4495[CR],2183989843
F,22890,14604,2842,25,537,4478[CR],2183990281
C,14488,868,2851,21,537,4477[CR],2183990609
F,22878,14806,2860,22,537,4497[CR],2183991046
C,14403,888,2868,23,536,4504[CR],2183991484
A,35852,23186,2877,20,536,4532[CR],2183991812
C,14488,870,2886,22,534,4540[CR],2183992250
F,23222,15125,2894,24,535,4553[CR],2183992578
C,14624,864,2902,20,534,4572[CR],2183993015
F,23052,15263,2911,24,535,4589[CR],2183993343
A,35808,22438,2920,24,536,4586[CR],2183993781
C,14869,866,2928,20,534,4589[CR],2183994109
F,22210,15142,2938,22,535,4591[CR],2183994546
C,15097,848,2946,23,534,4581[CR],2183994984
F,21730,15210,2954,19,534,4596[CR],2183995312
A,35792,21326,2964,21,534,4604[CR],2183995750
C,15484,864,2972,22,532,4616[CR],2183996078
F,20724,15117,2980,22,533,4628[CR],2183996515
C,15726,858,2989,21,533,4625[CR],2183996843
F,19664,15119,2998,22,532,4629[CR],2183997281
C,15972,864,3006,22,531,4639[CR],2183997718
A,35784,19246,3015,21,531,4641[CR],2183998046
C,16496,850,3024,22,529,4666[CR],2183998484
F,18998,15022,3032,24,530,4687[CR],2183998812
C,17190,864,3041,20,530,4700[CR],2183999250
F,18308,14949,3050,22,530,4710[CR],2183999578
A,35800,17586,3058,23,530,4719[CR],2184000015
C,18066,846,3067,21,530,4724[CR],2184000453
F,17164,14773,3076,22,530,4727[CR],2184000781
C,18400,856,3084,24,530,4733[CR],2184001218
F,17190,14763,3092,20,530,4727[CR],2184001546
A,35784,17330,3102,22,529,4725[CR],2184001984
C,18738,854,3110,23,531,4739[CR],2184002359
F,17428,15229,3118,20,530,4747[CR],2184002750
C,18920,854,3127,21,529,4762[CR],2184003187
F,17414,15624,3136,22,530,4765[CR],2184003515
C,18924,814,3144,18,528,4779[CR],2184003953
A,35776,17238,3153,21,529,4774[CR],2184004281
C,18832,832,3162,22,528,4757[CR],2184004718
F,17162,16126,3171,24,531,4745[CR],2184005046
C,18602,878,3180,20,530,4747[CR],2184005484
F,17276,16195,3188,22,531,4760[CR],2184005921
A,35772,17342,3197,24,531,4785[CR],2184006250
C,18482,868,3205,20,530,4792[CR],2184006687
F,17370,16472,3214,22,529,4801[CR],2184007015
C,18538,866,3222,23,530,4818[CR],2184007453
F,17232,16468,3231,20,528,4832[CR],2184007781
A,35736,17174,3239,22,530,4869[CR],2184008218
C,18550,872,3248,23,528,4858[CR],2184008656
F,17238,16268,3257,21,527,4833[CR],2184008984
C,18450,856,3265,22,526,4837[CR],2184009421
F,17470,16098,3274,22,525,4814[CR],2184009750
C,18136,864,3282,19,524,4811[CR],2184010187
A,35780,17670,3292,22,528,4796[CR],2184010515
C,17634,850,3301,23,530,4782[CR],2184010953
F,17728,16266,3309,22,529,4763[CR],2184011390
C,17008,846,3318,21,527,4757[CR],2184011718
F,17810,16480,3327,22,530,4750[CR],2184012156
A,35688,17852,3335,24,531,4755[CR],2184012484
C,16257,884,3344,21,531,4770[CR],2184012921
F,17712,17386,3353,22,533,4765[CR],2184013250
C,16029,904,3361,24,533,4769[CR],2184013796
Z,0,0,3372,24,536,4782[CR],2184014125
A,35728,17464,3379,22,532,4794[CR],2184014453
C,15835,906,3387,23,533,4807[CR],2184014890
F,17540,17988,3396,20,533,4791[CR],2184015218
C,15822,904,3405,22,532,4783[CR],2184015656
F,18024,17580,3413,23,534,4771[CR],2184016093
C,15797,920,3422,19,533,4754[CR],2184016421
A,35704,18824,3431,21,533,4752[CR],2184016859
C,15881,910,3439,22,533,4741[CR],2184017187
F,19356,16145,3448,24,531,4740[CR],2184017625
C,16115,910,3457,21,531,4731[CR],2184017953
F,19878,15671,3465,22,531,4734[CR],2184018390
A,35676,20090,3474,24,530,4725[CR],2184018828
C,16388,902,3483,22,530,4701[CR],2184019156
F,20114,14999,3492,22,531,4686[CR],2184019593
C,16269,892,3501,24,530,4667[CR],2184019921
F,20448,14507,3509,18,529,4651[CR],2184020359
A,35680,20894,3518,22,529,4637[CR],2184020687
C,15836,886,3527,23,531,4611[CR],2184021125
F,21546,14166,3536,23,532,4586[CR],2184021453
C,15496,896,3545,22,532,4566[CR],2184021890
F,22378,14270,3554,22,535,4552[CR],2184022328
C,15190,896,3562,24,536,4539[CR],2184022656
A,35680,23240,3571,20,536,4546[CR],2184023093
C,15099,916,3580,22,536,4556[CR],2184023421
F,23558,15440,3589,24,535,4571[CR],2184023859
C,15326,922,3597,20,535,4586[CR],2184024187
F,23092,15800,3606,21,535,4598[CR],2184024625
A,35692,22288,3614,22,534,4622[CR],2184025062
C,15907,902,3622,19,532,4637[CR],2184025390
F,21522,15900,3631,22,531,4651[CR],2184025828
C,16295,910,3640,23,529,4662[CR],2184026156
F,20888,15696,3648,19,528,4682[CR],2184026593
A,35648,20796,3657,22,527,4694[CR],2184026921
C,16598,906,3666,22,527,4715[CR],2184027359
F,21066,15059,3674,17,526,4730[CR],2184027796
C,16692,902,3683,22,525,4745[CR],2184028125
F,21332,14648,3691,22,525,4747[CR],2184028562
C,16556,882,3699,22,525,4752[CR],2184028890
A,35652,22014,3708,21,526,4759[CR],2184029328
C,16342,894,3716,22,454,4773[CR],2184029656
F,22496,13989,3716,2,369,4709[CR],2184030093
C,15529,896,3716,1,369,4701[CR],2184030453
F,23216,13803,3716,0,367,4700[CR],2184030859
A,35616,23614,3716,0,364,4699[CR],2184031296
C,15238,882,3716,0,361,4700[CR],2184031625
F,23784,13844,3716,0,360,4700[CR],2184032062
C,15213,884,3716,0,335,4700[CR],2184032390
F,23726,13855,3716,0,357,4732[CR],2184032828
A,35624,23530,3716,0,359,4727[CR],2184033265
C,15202,890,3716,0,273,4679[CR],2184033593
F,23214,13881,3716,0,252,4623[CR],2184034031
C,15204,892,3716,0,259,4627[CR],2184034359
F,22788,13910,3716,0,256,4628[CR],2184034796
C,15205,872,3716,0,280,4618[CR],2184035125
A,35624,22316,3716,0,313,4113[CR],2184035562
C,15186,882,3716,0,295,3330[CR],2184036000
F,22034,13585,3716,0,272,3035[CR],2184036328
C,14868,886,3716,0,175,2516[CR],2184036875
Z,0,0,3716,0,0,2467[CR],2184037312
Z,0,0,3716,0,0,2487[CR],2184037859
Z,0,0,3716,0,0,2488[CR],2184038296
Z,0,0,3716,0,0,2487[CR],2184038843
Z,0,0,3716,0,0,2486[CR],2184039390
Z,0,0,3716,0,0,2484[CR],2184039828
Z,0,0,3716,0,0,2486[CR],2184040375
Z,0,0,3716,0,0,2484[CR],2184040812
Z,0,0,3716,0,0,2481[CR],2184041359
Z,0,0,3716,0,0,2481[CR],2184041796
Z,0,0,3716,0,0,2480[CR],2184042343
Z,0,0,3716,0,0,2481[CR],2184042890
Z,0,0,3716,0,0,2479[CR],2184043328
Z,0,0,3716,0,0,2481[CR],2184043875
Z,0,0,3716,0,0,2481[CR],2184044312
Z,0,0,3716,0,0,2481[CR],2184044859
Z,0,0,3716,0,49,2482[CR],2184045296
Z,0,0,3716,0,0,2481[CR],2184045843
Z,0,0,3716,0,0,2481[CR],2184046390
Z,0,0,3716,0,0,2480[CR],2184046828
Z,0,0,3716,0,100,2481[CR],2184047375
Z,0,0,3716,0,0,2481[CR],2184047812
Z,0,0,3716,0,0,2482[CR],2184048359
Z,0,0,3716,0,4,2482[CR],2184048796
Z,0,0,3716,0,0,2480[CR],2184049343
Z,0,0,3716,0,0,2480[CR],2184049890
Z,0,0,3716,0,0,2480[CR],2184050328
Z,0,0,3716,0,0,2459[CR],2184050875
Z,0,0,3716,0,0,2458[CR],2184051312
Z,0,0,3716,0,0,2460[CR],2184051859
Z,0,0,3716,0,0,2455[CR],2184052296
Z,0,0,3716,0,2,2460[CR],2184052843
Z,0,0,3716,0,0,2465[CR],2184053390
Z,0,0,3716,0,0,2468[CR],2184053828
Z,0,0,3716,0,0,2469[CR],2184054375
Z,0,0,3716,0,0,2470[CR],2184054812
Z,0,0,3716,0,0,2472[CR],2184055359
Z,0,0,3716,0,0,2472[CR],2184055796
Z,0,0,3716,0,0,2473[CR],2184056343
Z,0,0,3716,0,0,2473[CR],2184056890
Z,0,0,3716,0,3,2475[CR],2184057328
Z,0,0,3716,0,0,2475[CR],2184057875
Z,0,0,3716,0,1,2476[CR],2184058312
Z,0,0,3716,0,0,2480[CR],2184058859
Z,0,0,3716,0,8,2495[CR],2184059296
Z,0,0,3716,22,0,2485[CR],2184059843
Z,0,0,3716,103,0,2494[CR],2184060390
Z,0,0,3734,33,321,2786[CR],2184060828
Z,0,0,3740,2,259,4416[CR],2184060937
F,17984,14286,3740,2,238,4586[CR],2184061375
C,15156,876,3740,1,221,4590[CR],2184061703
F,17978,14663,3740,0,220,4587[CR],2184062140
A,35500,17966,3740,0,226,4586[CR],2184062578
C,15128,890,3740,0,139,4617[CR],2184062906
F,17942,14606,3740,0,158,4613[CR],2184063343
C,15118,878,3740,0,148,4611[CR],2184063671
F,17910,14583,3740,0,147,4609[CR],2184064109
A,35516,17882,3740,0,249,4602[CR],2184064437
C,15108,876,3740,0,353,4540[CR],2184064875
F,17846,14623,3740,0,348,4547[CR],2184065312
C,15129,864,3740,0,345,4546[CR],2184065640
F,17810,14620,3740,0,347,4544[CR],2184066078
C,15125,882,3740,0,343,4544[CR],2184066406
A,35440,17760,3740,0,344,4541[CR],2184066843
C,15120,866,3740,0,345,4540[CR],2184067171
F,17730,14601,3740,0,344,4540[CR],2184067609
C,15117,876,3740,0,346,4540[CR],2184068046
F,17690,14597,3740,0,345,4539[CR],2184068375
A,35492,17660,3741,0,377,4554[CR],2184068812
C,15111,880,3748,23,542,5006[CR],2184069140
F,17634,15608,3756,19,538,5101[CR],2184069578
C,16508,870,3765,21,540,5089[CR],2184069906
F,17452,14981,3774,22,541,5101[CR],2184070343
A,35492,17764,3782,19,544,5101[CR],2184070781
C,16087,876,3791,21,545,5092[CR],2184071109
F,18124,15087,3800,23,547,5070[CR],2184071546
C,15842,880,3808,23,548,5056[CR],2184071875
F,18548,15033,3817,20,550,5037[CR],2184072312
C,15493,870,3826,22,551,5029[CR],2184072640
A,35440,19236,3834,24,549,5031[CR],2184073078
C,15204,886,3843,22,546,5037[CR],2184073515
F,19798,14438,3852,22,547,5051[CR],2184073843
C,15398,896,3860,22,545,5078[CR],2184074281
F,20416,14539,3868,22,548,5097[CR],2184074609
A,35424,20646,3877,21,545,5082[CR],2184075046
C,16662,910,3886,22,549,5129[CR],2184075375
F,19824,14824,3894,20,547,5142[CR],2184075812
C,17380,912,3903,21,544,5158[CR],2184076250
F,18412,14546,3911,23,542,5170[CR],2184076578
A,35464,18268,3920,19,543,5154[CR],2184077015
C,17708,890,3929,21,540,5130[CR],2184077359
F,18522,14192,3938,23,537,5120[CR],2184077781
C,17292,876,3946,21,539,5120[CR],2184078109
F,18882,14340,3954,21,536,5165[CR],2184078546
C,16502,886,3964,24,544,5194[CR],2184078984
A,35432,19502,3972,25,544,5082[CR],2184079312
C,15767,876,3981,21,550,5050[CR],2184079750
F,19998,14552,3990,22,550,5018[CR],2184080078
C,15033,898,3999,24,552,5000[CR],2184080515
F,20598,15516,4007,21,547,4980[CR],2184080843
A,35384,21072,4016,22,549,4988[CR],2184081281
C,14730,912,4025,22,552,4982[CR],2184081718
F,21406,17230,4033,21,548,4982[CR],2184082046
C,15023,934,4042,22,550,4993[CR],2184082484
F,22038,17330,4051,23,549,4995[CR],2184082812
A,35364,22286,4059,19,548,5026[CR],2184083250
C,15591,924,4068,21,550,5040[CR],2184083578
F,21922,16956,4077,23,548,5060[CR],2184084015
C,16053,934,4085,25,548,5065[CR],2184084453
F,20976,16512,4094,21,547,5083[CR],2184084781
C,16339,942,4103,22,545,5080[CR],2184085218
A,35380,20528,4111,23,541,5075[CR],2184085546
C,16365,928,4120,20,537,5074[CR],2184086000
F,20658,15179,4128,21,539,5054[CR],2184086312
C,16236,932,4136,23,540,5036[CR],2184086750
F,21106,14542,4144,18,545,5029[CR],2184087187
A,35388,21484,4153,21,545,5040[CR],2184087515
C,15968,944,4161,18,548,5064[CR],2184087953
F,21822,14573,4169,19,549,5092[CR],2184088281
C,16061,944,4177,22,546,5110[CR],2184088718
F,22126,15198,4185,17,543,5136[CR],2184089046
A,35360,21496,4194,20,544,5173[CR],2184089484
C,16882,956,4202,22,546,5201[CR],2184089921
F,20580,15417,4210,20,544,5218[CR],2184090250
C,17612,966,4218,21,547,5221[CR],2184090687
F,19364,15503,4227,22,544,5230[CR],2184091015
C,18122,958,4235,19,545,5230[CR],2184091453
A,35340,17822,4243,21,543,5236[CR],2184091781
C,18258,968,4251,22,539,5221[CR],2184092218
F,17616,15221,4260,19,536,5227[CR],2184092656
C,18052,986,4268,21,535,5229[CR],2184092984
F,18016,15089,4277,22,532,5213[CR],2184093421
A,35360,18286,4285,21,533,5194[CR],2184093750
C,17362,944,4294,21,536,5176[CR],2184094187
F,18540,15171,4302,22,536,5167[CR],2184094515
C,16866,940,4310,21,540,5155[CR],2184094953
F,18880,15508,4319,21,542,5162[CR],2184095390
A,35324,19124,4327,22,544,5180[CR],2184095718
C,16576,958,4335,19,546,5207[CR],2184096109
F,19312,16582,4344,20,544,5237[CR],2184096484
C,16552,968,4352,22,546,5246[CR],2184096843
F,19210,17170,4360,19,546,5233[CR],2184097250
C,16610,956,4369,22,547,5233[CR],2184097687
A,35328,18234,4377,22,544,5230[CR],2184098125
C,16550,966,4385,20,544,5228[CR],2184098453
F,18014,17268,4394,21,542,5232[CR],2184098890
C,16312,968,4402,24,545,5226[CR],2184099218
F,18456,16630,4410,19,540,5211[CR],2184099656
A,35340,18990,4419,21,539,5192[CR],2184099984
C,15818,972,4427,23,541,5172[CR],2184100421
F,19736,15338,4435,21,540,5143[CR],2184100859
C,15339,962,4444,22,543,5142[CR],2184101187
F,20730,14879,4452,24,543,5127[CR],2184101625
A,35304,21500,4461,21,544,5089[CR],2184101953
C,15134,962,4469,21,543,5098[CR],2184102390
F,22434,14740,4477,23,542,5137[CR],2184102718
C,15543,974,4485,19,542,5176[CR],2184103156
F,23398,15123,4493,21,544,5211[CR],2184103593
C,16518,968,4502,22,543,5245[CR],2184103937
A,35296,21444,4510,20,541,5265[CR],2184104359
C,17316,962,4518,22,538,5263[CR],2184104734
F,20112,15047,4526,22,538,5252[CR],2184105125
C,17564,962,4535,21,536,5243[CR],2184105453
F,19036,15106,4543,21,535,5232[CR],2184105890
A,35324,18752,4551,18,536,5240[CR],2184106218
C,16936,966,4560,20,540,5253[CR],2184106609
F,19070,14843,4568,22,544,5279[CR],2184107093
C,16638,968,4576,18,544,5312[CR],2184107421
F,19486,15328,4584,20,542,5352[CR],2184107859
A,35284,19698,4592,21,540,5422[CR],2184108187
C,16880,968,4600,20,544,5488[CR],2184108625
F,19886,16654,4608,20,543,5499[CR],2184108953
C,17730,980,4616,22,542,5534[CR],2184109390
F,18916,17292,4624,19,541,5570[CR],2184109828
C,18990,984,4633,21,542,5606[CR],2184110156
A,35268,17814,4641,22,539,5637[CR],2184110593
C,20132,978,4649,19,540,5652[CR],2184110921
F,16814,17650,4657,22,541,5666[CR],2184111359
C,20960,974,4665,19,541,5653[CR],2184111687
F,15851,17446,4674,20,538,5640[CR],2184112125
A,35272,15692,4682,22,536,5626[CR],2184112562
C,21472,974,4690,19,536,5612[CR],2184112890
F,15895,16718,4699,21,536,5595[CR],2184113328
C,21280,974,4707,22,535,5586[CR],2184113656
F,16303,16306,4715,21,535,5585[CR],2184114093
A,35268,16600,4724,20,531,5581[CR],2184114421
C,20378,968,4732,22,533,5577[CR],2184114875
F,16916,16234,4740,21,532,5581[CR],2184115296
C,19518,964,4749,21,535,5565[CR],2184115625
F,17326,16408,4757,22,535,5521[CR],2184116062
C,18538,968,4765,22,537,5505[CR],2184116390
A,35260,17882,4774,20,533,5502[CR],2184116828
C,17602,972,4782,22,532,5514[CR],2184117156
F,18320,17254,4790,18,536,5546[CR],2184117593
C,17102,968,4799,20,536,5566[CR],2184118031
F,18900,18082,4807,22,534,5585[CR],2184118359
A,35232,19202,4815,20,534,5602[CR],2184118796
C,17164,968,4824,21,536,5598[CR],2184119125
F,19276,19064,4832,22,536,5575[CR],2184119562
C,16996,986,4840,19,534,5562[CR],2184119890
F,18646,18816,4849,21,536,5573[CR],2184120328
A,35204,18658,4857,22,536,5579[CR],2184120765
C,16904,990,4865,19,534,5592[CR],2184121093
F,19050,17576,4873,21,533,5630[CR],2184121531
C,17554,1000,4881,22,528,5688[CR],2184121859
F,19648,16944,4889,19,536,5736[CR],2184122296
C,18636,1008,4897,21,535,5741[CR],2184122625
A,35260,19140,4905,21,534,5767[CR],2184123062
C,19286,998,4914,20,534,5763[CR],2184123500
F,18164,15498,4922,21,528,5758[CR],2184123828
C,19294,982,4930,23,528,5748[CR],2184124265
F,18124,14917,4939,20,525,5720[CR],2184124593
A,35212,18368,4947,22,526,5707[CR],2184125031
C,18434,970,4956,23,528,5677[CR],2184125375
F,18658,14641,4964,21,530,5634[CR],2184125796
C,17472,974,4973,22,535,5600[CR],2184126234
F,19018,14917,4981,22,536,5581[CR],2184126562
A,35200,19330,4990,20,537,5572[CR],2184127000
C,16692,978,4998,22,539,5573[CR],2184127328
F,19694,16272,5006,22,538,5575[CR],2184127765
C,16776,970,5015,20,537,5579[CR],2184128203
F,20070,17274,5023,21,539,5594[CR],2184128531
C,16880,1000,5031,22,539,5613[CR],2184128968
A,35200,20208,5039,19,539,5627[CR],2184129296
C,17024,1008,5048,22,537,5607[CR],2184129734
F,19914,18160,5056,18,539,5588[CR],2184130062
C,16402,1004,5064,20,537,5593[CR],2184130500
F,20502,18608,5073,22,538,5602[CR],2184130937
A,35180,19184,5081,18,536,5599[CR],2184131265
C,16456,1008,5089,21,536,5604[CR],2184131703
F,19126,18228,5098,22,537,5608[CR],2184132031
C,16317,1014,5105,18,538,5600[CR],2184132468
F,19148,17428,5114,21,538,5589[CR],2184132812
A,35228,19452,5123,22,539,5565[CR],2184133234
C,15877,1020,5131,18,540,5541[CR],2184133625
F,19850,16227,5139,21,540,5525[CR],2184134000
C,15685,1020,5148,22,536,5512[CR],2184134437
F,20342,15528,5156,18,537,5499[CR],2184134765
C,15590,1016,5165,20,536,5503[CR],2184135203
A,35224,20856,5173,22,536,5508[CR],2184135531
C,15580,1026,5181,20,533,5523[CR],2184135968
F,21124,15143,5189,21,533,5545[CR],2184136406
C,15516,1004,5197,22,534,5563[CR],2184136734
F,21474,14836,5205,19,535,5575[CR],2184137171
A,35188,21722,5214,21,536,5587[CR],2184137500
C,15375,1010,5222,22,535,5598[CR],2184137937
F,22008,14625,5230,19,537,5615[CR],2184138265
C,15310,1004,5238,21,536,5607[CR],2184138703
F,22342,14781,5246,23,536,5602[CR],2184139140
A,35164,22498,5255,20,537,5587[CR],2184139468
C,15410,1014,5263,21,538,5572[CR],2184139906
F,22552,14971,5271,23,536,5571[CR],2184140234
C,15480,1020,5280,20,535,5577[CR],2184140671
F,22332,15112,5288,22,534,5582[CR],2184141000
C,15532,1020,5296,19,534,5598[CR],2184141437
A,35188,22380,5304,21,533,5623[CR],2184141875
C,15610,1010,5312,21,532,5644[CR],2184142218
F,22612,14835,5320,19,530,5672[CR],2184142640
C,15695,1014,5328,20,531,5701[CR],2184142968
F,22880,14772,5336,22,531,5716[CR],2184143406
A,35148,22986,5344,19,530,5742[CR],2184143734
C,15710,1016,5353,21,531,5756[CR],2184144125
F,22912,14745,5361,22,534,5765[CR],2184144609
C,15582,1016,5369,19,534,5760[CR],2184144937
F,23106,14598,5377,22,534,5755[CR],2184145375
A,35164,23336,5385,22,533,5742[CR],2184145703
C,15340,1022,5394,20,534,5747[CR],2184146140
F,23608,14458,5402,22,536,5742[CR],2184146468
C,15204,1014,5410,21,535,5719[CR],2184146906
F,23984,14424,5419,20,536,5699[CR],2184147343
C,15153,1032,5427,22,534,5674[CR],2184147671
A,35160,24382,5435,24,536,5652[CR],2184148109
C,15145,1036,5444,20,535,5632[CR],2184148437
F,24596,14617,5452,22,535,5616[CR],2184148875
C,15182,1036,5460,20,535,5610[CR],2184149203
F,24548,14783,5469,20,535,5609[CR],2184149640
A,35148,24426,5477,22,533,5610[CR],2184150078
C,15362,1042,5485,17,533,5627[CR],2184150406
F,24448,14991,5493,20,532,5622[CR],2184150843
C,15519,1036,5502,22,535,5611[CR],2184151187
F,23740,15138,5509,17,534,5617[CR],2184151609
A,35084,23360,5518,21,534,5612[CR],2184151937
C,15407,1036,5526,22,535,5614[CR],2184152406
F,23336,14967,5534,20,534,5637[CR],2184152812
C,15348,1032,5542,20,531,5661[CR],2184153140
F,23470,14987,5551,22,533,5674[CR],2184153578
C,15329,1032,5559,19,534,5679[CR],2184153906
A,35148,23668,5567,21,535,5672[CR],2184154343
C,15385,1036,5575,22,532,5665[CR],2184154671
F,23744,14995,5583,19,531,5683[CR],2184155109
C,15553,1028,5591,20,530,5717[CR],2184155546
F,23754,15057,5599,22,530,5753[CR],2184155875
A,35108,23594,5607,19,528,5771[CR],2184156312
C,16068,1028,5615,21,529,5781[CR],2184156640
F,22930,15160,5623,20,529,5772[CR],2184157078
C,16093,1048,5632,21,529,5737[CR],2184157406
F,22540,14955,5640,22,529,5702[CR],2184157843
A,35108,22594,5648,18,528,5677[CR],2184158281
C,15846,1052,5657,21,529,5656[CR],2184158609
F,22902,14545,5666,22,530,5629[CR],2184159046
C,15720,1048,5673,19,529,5608[CR],2184159375
F,23256,14572,5682,21,528,5601[CR],2184159812
C,15634,1042,5690,22,528,5616[CR],2184160140
A,35100,23490,5698,16,528,5634[CR],2184160578
C,15620,1062,5707,21,527,5643[CR],2184161015
F,23412,14812,5715,22,526,5643[CR],2184161343
C,15610,1048,5716,2,284,5577[CR],2184161781
F,23446,14373,5716,1,258,5552[CR],2184162109
A,35100,24094,5716,0,237,5547[CR],2184162546
C,14934,1058,5716,0,250,5546[CR],2184162875
F,24824,13930,5716,0,250,5544[CR],2184163312
C,14859,1064,5716,0,259,5544[CR],2184163750
F,25612,13816,5716,0,250,5543[CR],2184164078
A,35080,26040,5716,0,171,5549[CR],2184164515
C,14812,1058,5716,0,190,5603[CR],2184164843
F,26400,13695,5716,0,200,5596[CR],2184165281
C,14796,1064,5716,0,231,5519[CR],2184165609
F,26700,13635,5716,0,234,5459[CR],2184166046
C,14790,1058,5716,0,233,5461[CR],2184166484
A,35096,26876,5716,0,289,5456[CR],2184166812
C,14783,1056,5716,0,274,4354[CR],2184167250
F,26888,13471,5716,0,5,3170[CR],2184167578
C,14580,1064,5716,0,44,3061[CR],2184168015
F,26796,13335,5716,0,83,3063[CR],2184168343
A,35072,26740,5716,0,196,2977[CR],2184168890
Z,0,0,5716,0,0,2493[CR],2184169437
Z,0,0,5716,0,0,2465[CR],2184169875
Z,0,0,5716,0,231,2477[CR],2184170421
Z,0,0,5716,0,0,2495[CR],2184170859
Z,0,0,5716,0,0,2496[CR],2184171406
Z,0,0,5716,0,0,2496[CR],2184171843
Z,0,0,5716,0,0,2494[CR],2184172390
Z,0,0,5716,0,0,2496[CR],2184172937
Z,0,0,5716,0,0,2492[CR],2184173375
Z,0,0,5716,0,0,2488[CR],2184173921
Z,0,0,5716,0,0,2488[CR],2184174359
Z,0,0,5716,0,0,2482[CR],2184174906
Z,0,0,5716,0,0,2490[CR],2184175343
Z,0,0,5716,0,0,2485[CR],2184175890
Z,0,0,5716,0,0,2484[CR],2184176437
Z,0,0,5716,0,8,2482[CR],2184176875
Z,0,0,5716,0,0,2484[CR],2184177421
Z,0,0,5716,0,0,2482[CR],2184177859
Z,0,0,5716,0,0,2482[CR],2184178406
Z,0,0,5716,0,0,2482[CR],2184178843
Z,0,0,5716,0,0,2484[CR],2184179390
Z,0,0,5716,0,0,2486[CR],2184179937
Z,0,0,5716,0,0,2485[CR],2184180375
Z,0,0,5716,0,0,2486[CR],2184180921
Z,0,0,5716,0,0,2487[CR],2184181359
Z,0,0,5716,0,0,2488[CR],2184181906
Z,0,0,5716,0,0,2488[CR],2184182453
Z,0,0,5716,0,0,2480[CR],2184182890
Z,0,0,5716,0,0,2453[CR],2184183437
Z,0,0,5716,0,0,2460[CR],2184183875
Z,0,0,5716,0,0,2459[CR],2184184421
Z,0,0,5716,0,0,2459[CR],2184184859
Z,0,0,5716,0,0,2463[CR],2184185406
Z,0,0,5716,0,1,2465[CR],2184185953
Z,0,0,5716,0,0,2468[CR],2184186390
Z,0,0,5716,0,1,2470[CR],2184186937
Z,0,0,5716,0,0,2472[CR],2184187375
Z,0,0,5716,0,0,2471[CR],2184187921
Z,0,0,5716,0,0,2473[CR],2184188359
Z,0,0,5716,0,0,2473[CR],2184188906
Z,0,0,5716,0,0,2475[CR],2184189453
Z,0,0,5716,0,0,2476[CR],2184189890
Z,0,0,5716,0,0,2475[CR],2184190437
Z,0,0,5716,0,0,2481[CR],2184190875
Z,0,0,5716,0,0,2495[CR],2184191421
Z,0,0,5716,94,0,2494[CR],2184191859
Z,0,0,5716,79,0,2489[CR],2184192406
Z,0,0,5723,22,157,3323[CR],2184192625
C,14558,1056,5723,3,108,4367[CR],2184192953
F,22010,13365,5723,1,115,4373[CR],2184193390
A,34996,21964,5723,0,115,4371[CR],2184193828
C,14700,1062,5723,0,136,4372[CR],2184194156
F,21914,13312,5723,0,131,4368[CR],2184194593
C,14693,1056,5723,0,36,4381[CR],2184194921
F,21838,13297,5723,0,0,4398[CR],2184195359
A,34960,21784,5723,0,1,4395[CR],2184195687
C,14686,1058,5723,0,9,4392[CR],2184196125
F,21724,13292,5723,0,249,4413[CR],2184196453
C,14686,1060,5723,0,244,4430[CR],2184196890
F,21652,13299,5723,0,236,4433[CR],2184197328
C,14687,1060,5723,0,244,4431[CR],2184197656
A,34972,21564,5723,0,248,4433[CR],2184198093
C,14688,1062,5723,0,252,4432[CR],2184198421
F,21510,13309,5723,0,246,4436[CR],2184198859
C,14687,1060,5723,0,243,4435[CR],2184199187
F,21446,13314,5723,0,244,4436[CR],2184199625
A,34968,21394,5723,0,250,4437[CR],2184200062
C,14688,1048,5726,13,316,4663[CR],2184200390
F,21346,13386,5731,11,357,5430[CR],2184200828
C,14808,1044,5739,20,531,5925[CR],2184201156
F,21252,15064,5747,22,529,5923[CR],2184201593
A,34996,18946,5755,19,524,5896[CR],2184202031
C,16050,1044,5764,21,535,5886[CR],2184202359
F,19150,14994,5772,22,533,5837[CR],2184202796
C,15895,1052,5780,19,531,5842[CR],2184203125
F,19494,14944,5788,21,529,5837[CR],2184203562
C,15831,1050,5796,22,531,5831[CR],2184203890
A,34976,19878,5804,19,532,5825[CR],2184204328
C,15865,1062,5813,21,531,5831[CR],2184204765
F,20088,14942,5821,22,530,5850[CR],2184205093
C,16115,1058,5829,19,531,5851[CR],2184205531
F,20360,14910,5837,21,530,5857[CR],2184205859
A,34960,20522,5845,18,528,5863[CR],2184206296
C,16742,1054,5854,20,528,5877[CR],2184206625
F,20670,14898,5862,22,530,5873[CR],2184207062
C,17064,1052,5870,18,531,5861[CR],2184207500
F,20756,14776,5878,20,529,5838[CR],2184207828
A,34988,20854,5886,22,526,5824[CR],2184208265
C,17172,1046,5895,19,531,5807[CR],2184208593
F,21050,14398,5903,20,529,5784[CR],2184209031
C,17116,1028,5911,23,527,5792[CR],2184209359
F,21328,14262,5919,19,524,5794[CR],2184209796
C,16944,1038,5928,21,527,5801[CR],2184210234
A,34984,21708,5936,22,529,5782[CR],2184210562
C,16678,1052,5944,19,531,5765[CR],2184211000
F,21944,14353,5952,21,531,5758[CR],2184211328
C,16394,1058,5960,22,533,5762[CR],2184211765
F,22254,14564,5969,19,531,5751[CR],2184212093
A,34952,22470,5977,21,532,5747[CR],2184212531
C,16262,1052,5985,22,530,5749[CR],2184212968
F,22634,15085,5993,19,533,5758[CR],2184213296
C,16293,1052,6001,21,530,5763[CR],2184213734
F,22804,15233,6009,18,531,5772[CR],2184214062
A,34912,22940,6018,19,527,5763[CR],2184214500
C,16113,1052,6026,21,530,5766[CR],2184214828
F,23108,15172,6034,18,527,5767[CR],2184215265
C,15822,1056,6042,20,528,5758[CR],2184215703
F,23306,15033,6050,22,527,5752[CR],2184216031
C,15564,1054,6058,19,529,5757[CR],2184216468
A,34944,23582,6067,21,531,5770[CR],2184216812
C,15520,1054,6075,22,531,5796[CR],2184217234
F,23726,14978,6083,19,530,5797[CR],2184217562
C,15737,1036,6091,20,530,5810[CR],2184218000
F,23714,15053,6099,22,531,5833[CR],2184218437
A,34980,23604,6107,19,527,5837[CR],2184218765
C,16158,1056,6116,22,527,5860[CR],2184219125
F,23234,14959,6124,22,528,5844[CR],2184219531
C,16319,1058,6132,19,529,5831[CR],2184219968
F,22786,14814,6140,22,526,5811[CR],2184220296
A,34924,22820,6148,19,523,5810[CR],2184220734
C,16268,1058,6157,20,528,5818[CR],2184221171
F,23004,14454,6165,22,527,5819[CR],2184221500
C,16072,1042,6173,17,523,5819[CR],2184221937
F,23286,14217,6181,20,526,5829[CR],2184222265
C,15847,1038,6189,21,526,5825[CR],2184222703
A,34956,23718,6197,17,530,5843[CR],2184223031
C,15684,1032,6206,20,526,5838[CR],2184223468
F,23988,14030,6214,22,524,5832[CR],2184223906
C,15651,1046,6222,19,527,5823[CR],2184224234
F,24266,14254,6230,21,530,5823[CR],2184224671
A,34900,24348,6238,22,529,5807[CR],2184225000
C,15756,1044,6246,19,527,5807[CR],2184225437
F,24356,14458,6255,21,526,5828[CR],2184225765
C,15686,1030,6263,22,526,5861[CR],2184226203
F,24668,14222,6271,20,527,5839[CR],2184226640
A,34900,24952,6279,22,526,5829[CR],2184226968
C,15535,1042,6287,23,525,5816[CR],2184227359
F,25224,14210,6296,20,526,5806[CR],2184227734
C,15442,1038,6304,22,529,5796[CR],2184228171
F,25504,14268,6312,23,528,5795[CR],2184228500
C,15427,1036,6320,19,529,5809[CR],2184228937
A,34904,25752,6329,21,528,5819[CR],2184229375
C,15525,1048,6337,18,529,5825[CR],2184229703
F,25632,14564,6345,21,528,5809[CR],2184230140
C,15639,1064,6353,22,531,5822[CR],2184230468
F,25000,14589,6361,19,531,5826[CR],2184230906
A,34908,25016,6369,20,529,5820[CR],2184231234
C,15778,1054,6377,22,527,5815[CR],2184231671
F,25292,14357,6386,19,530,5805[CR],2184232109
C,15991,1058,6394,20,528,5807[CR],2184232437
F,25512,14383,6402,22,526,5835[CR],2184232875
A,34904,25520,6410,19,527,5874[CR],2184233203
C,16450,1060,6418,21,528,5841[CR],2184233640
F,25280,14399,6426,19,527,5850[CR],2184233968
C,16924,1078,6434,20,526,5873[CR],2184234406
F,24504,14420,6442,21,527,5890[CR],2184234843
C,17430,1098,6450,17,526,5893[CR],2184235187
A,34908,23648,6458,19,526,5883[CR],2184235609
C,17736,1092,6467,22,529,5880[CR],2184236000
F,23078,14603,6475,18,527,5862[CR],2184236375
C,17648,1088,6483,21,524,5846[CR],2184236703
F,23248,14548,6491,22,526,5849[CR],2184237140
A,34856,23522,6499,19,523,5849[CR],2184237578
C,17208,1080,6507,21,522,5852[CR],2184237890
F,23860,14610,6516,22,521,5848[CR],2184238343
C,16984,1078,6523,19,522,5861[CR],2184238671
F,24218,14894,6532,20,522,5886[CR],2184239109
A,34888,24428,6539,22,523,5909[CR],2184239437
C,16866,1092,6547,20,525,5923[CR],2184239875
F,24636,15418,6555,20,525,5940[CR],2184240312
C,16964,1088,6563,19,524,5933[CR],2184240640
F,24780,15766,6572,20,524,5933[CR],2184241078
C,17004,1084,6580,22,526,5946[CR],2184241406
A,34888,24736,6587,19,527,5949[CR],2184241843
C,16996,1102,6596,21,525,5970[CR],2184242171
F,25012,15954,6604,22,522,5993[CR],2184242609
C,17230,1108,6612,19,524,6026[CR],2184243046
F,25404,16097,6620,21,523,6053[CR],2184243375
A,34884,24526,6628,22,520,6072[CR],2184243812
C,18396,1112,6636,19,520,6088[CR],2184244140
F,22004,16522,6644,21,522,6095[CR],2184244578
C,18954,1084,6652,17,523,6101[CR],2184244906
F,18486,16656,6660,20,522,6085[CR],2184245343
A,34848,17342,6668,22,523,6065[CR],2184245671
C,19002,1096,6676,20,521,6048[CR],2184246109
F,17228,15711,6684,21,521,6021[CR],2184246453
C,18798,1102,6692,22,521,6002[CR],2184246875
F,17714,14830,6701,19,520,6000[CR],2184247312
C,18650,1102,6709,21,522,6011[CR],2184247640
A,34828,18216,6717,21,520,6035[CR],2184248078
C,19118,1104,6725,19,522,6065[CR],2184248515
F,18478,15275,6733,21,521,6095[CR],2184248843
C,19872,1106,6740,21,520,6114[CR],2184249281
F,18508,15938,6749,19,521,6126[CR],2184249609
A,34904,17520,6757,21,521,6126[CR],2184250046
C,20336,1098,6765,17,519,6126[CR],2184250375
F,16754,16018,6773,20,518,6133[CR],2184250812
C,20160,1086,6781,22,518,6135[CR],2184251250
F,17028,15589,6789,19,521,6151[CR],2184251578
A,34880,17278,6797,20,517,6157[CR],2184252015
C,20016,1098,6805,22,519,6178[CR],2184252343
F,17522,15951,6813,19,520,6193[CR],2184252781
C,20126,1116,6821,21,521,6196[CR],2184253109
F,17768,16474,6829,17,516,6206[CR],2184253546
C,20280,1080,6837,19,518,6220[CR],2184253984
A,34860,18026,6845,21,517,6232[CR],2184254312
C,20478,1102,6853,18,516,6253[CR],2184254750
F,18202,17046,6861,20,516,6272[CR],2184255078
C,20660,1106,6869,22,518,6292[CR],2184255515
F,18382,17342,6877,19,516,6309[CR],2184255843
A,34812,18486,6885,20,518,6325[CR],2184256281
C,20884,1096,6893,22,518,6337[CR],2184256609
F,18586,17714,6901,19,517,6351[CR],2184257046
C,20888,1092,6909,21,519,6375[CR],2184257484
F,18666,17834,6916,18,521,6370[CR],2184257812
A,34844,18736,6925,19,519,6357[CR],2184258250
C,20630,1102,6933,22,519,6363[CR],2184258578
F,18844,17874,6941,19,520,6360[CR],2184259015
C,20390,1116,6949,20,520,6367[CR],2184259453
F,18986,17956,6957,22,519,6375[CR],2184259781
C,20162,1106,6965,19,517,6382[CR],2184260218
A,34816,19084,6974,21,519,6382[CR],2184260546
C,20018,1086,6981,22,520,6368[CR],2184260984
F,19122,17986,6990,19,518,6357[CR],2184261312
C,19856,1114,6998,21,519,6360[CR],2184261750
F,19334,17746,7005,18,519,6370[CR],2184262187
A,34824,19514,7014,19,519,6380[CR],2184262515
C,19736,1118,7022,22,517,6394[CR],2184262953
F,19632,17844,7029,18,515,6417[CR],2184263281
C,19904,1130,7037,20,515,6451[CR],2184263718
F,19256,18028,7045,22,517,6479[CR],2184264046
A,34812,18670,7053,19,515,6511[CR],2184264484
C,20320,1138,7061,21,517,6537[CR],2184264921
F,18232,17936,7069,19,519,6532[CR],2184265265
C,20640,1162,7077,20,518,6531[CR],2184265687
F,17710,17820,7085,22,516,6550[CR],2184266015
C,20854,1128,7093,19,515,6556[CR],2184266453
A,34832,16774,7101,20,515,6567[CR],2184266781
C,20882,1142,7109,22,513,6581[CR],2184267156
F,16898,16926,7117,19,512,6596[CR],2184267656
C,20790,1136,7125,21,512,6600[CR],2184267984
F,17200,16576,7133,22,512,6603[CR],2184268421
A,34800,17418,7141,19,512,6619[CR],2184268750
C,20636,1146,7149,21,510,6643[CR],2184269187
F,17630,16760,7157,20,510,6660[CR],2184269515
C,20630,1158,7165,20,511,6672[CR],2184269953
F,17874,16898,7173,21,511,6682[CR],2184270390
A,34824,18024,7181,19,512,6684[CR],2184270718
C,20478,1126,7189,20,511,6686[CR],2184271156
F,18200,17236,7197,22,512,6689[CR],2184271484
C,20268,1122,7205,19,514,6690[CR],2184271921
F,18394,17486,7213,20,514,6689[CR],2184272250
C,20132,1144,7221,22,514,6698[CR],2184272687
A,34800,18630,7229,19,516,6711[CR],2184273125
C,20116,1164,7237,20,515,6720[CR],2184273453
F,18764,18100,7245,18,513,6731[CR],2184273890
C,20158,1130,7253,19,512,6737[CR],2184274250
F,18938,18192,7261,22,515,6739[CR],2184274656
A,34828,19108,7269,19,515,6740[CR],2184274984
C,20206,1140,7277,20,511,6750[CR],2184275421
F,19348,17826,7285,22,510,6784[CR],2184275750
C,20482,1160,7293,19,512,6818[CR],2184276187
F,19612,17760,7301,21,511,6849[CR],2184276625
A,34812,19742,7309,20,508,6884[CR],2184276953
C,21478,1198,7317,19,504,6921[CR],2184277390
F,19870,17974,7325,20,505,6966[CR],2184277718
C,22392,1206,7332,19,504,6997[CR],2184278156
F,19396,18246,7340,20,502,7049[CR],2184278593
C,23184,1216,7348,22,500,7082[CR],2184278921
A,34792,17472,7356,18,502,7115[CR],2184279359
C,23824,1226,7364,20,501,7140[CR],2184279687
F,16214,18384,7371,18,499,7170[CR],2184280125
C,24168,1234,7379,20,501,7196[CR],2184280453
F,15454,18178,7387,21,503,7216[CR],2184280890
A,34772,15375,7395,19,504,7233[CR],2184281328
C,24210,1212,7403,21,504,7239[CR],2184281656
F,15577,17778,7411,22,502,7234[CR],2184282093
C,24086,1220,7419,19,502,7235[CR],2184282421
F,15838,17906,7427,20,507,7247[CR],2184282859
A,34812,15994,7435,22,508,7233[CR],2184283187
C,23674,1204,7443,19,506,7229[CR],2184283625
F,16136,18378,7451,21,505,7230[CR],2184284062
C,23262,1172,7459,18,506,7241[CR],2184284390
F,16338,18638,7467,19,502,7251[CR],2184284828
C,22818,1174,7475,22,500,7273[CR],2184285156
A,34788,16546,7483,19,504,7291[CR],2184285593
C,22388,1190,7491,21,501,7299[CR],2184285921
F,16686,18856,7499,22,501,7314[CR],2184286359
C,22052,1222,7507,19,501,7330[CR],2184286796
F,16856,19078,7515,20,503,7342[CR],2184287125
A,34812,16982,7523,18,504,7347[CR],2184287562
C,21820,1220,7531,19,504,7345[CR],2184287890
F,17128,19594,7539,22,501,7356[CR],2184288328
C,21880,1248,7546,19,504,7371[CR],2184288656
F,17300,20000,7555,20,505,7382[CR],2184289093
A,34748,17416,7562,22,504,7404[CR],2184289531
C,22158,1242,7571,19,498,7428[CR],2184289859
F,17564,19810,7578,20,496,7452[CR],2184290296
C,22334,1252,7586,16,492,7484[CR],2184290625
F,17788,19498,7594,19,494,7503[CR],2184291062
C,22554,1254,7602,21,487,7518[CR],2184291390
A,34812,18044,7609,19,479,7530[CR],2184291828
C,22682,1270,7617,19,467,7556[CR],2184292265
F,18200,19378,7625,22,473,7582[CR],2184292593
C,22836,1254,7633,19,460,7606[CR],2184293031
F,18356,19438,7641,21,456,7634[CR],2184293359
A,34780,18456,7648,17,439,7658[CR],2184293796
C,23136,1266,7657,20,435,7677[CR],2184294125
F,18554,19672,7664,22,380,7693[CR],2184294562
C,23240,1274,7672,18,298,7685[CR],2184295000
F,18650,19850,7680,20,279,7695[CR],2184295328
A,34792,18708,7688,18,278,7707[CR],2184295765
C,22856,1268,7696,19,185,7735[CR],2184296093
F,18750,20160,7704,21,240,7747[CR],2184296531
C,22876,1274,7712,16,179,7729[CR],2184296859
F,18784,20224,7715,4,62,7624[CR],2184297296
C,22704,1280,7715,1,0,7412[CR],2184297734
A,34776,18792,7715,0,0,7349[CR],2184298062
C,22216,1284,7715,0,0,7275[CR],2184298500
F,18788,20316,7715,0,2,7228[CR],2184298828
C,22002,1270,7715,0,32,7201[CR],2184299265
F,18782,20344,7715,0,2,7182[CR],2184299593
A,34744,18772,7715,0,0,7165[CR],2184300031
C,21830,1278,7715,0,0,7147[CR],2184300468
F,18756,20374,7716,0,19,7135[CR],2184300796
C,21756,1276,7716,0,36,7117[CR],2184301234
F,18738,20388,7716,0,60,7085[CR],2184301562
A,34756,18722,7716,0,107,6897[CR],2184302000
C,21672,1256,7716,0,85,5948[CR],2184302328
F,18706,20260,7716,0,124,5021[CR],2184302765
C,21538,1266,7716,0,160,4484[CR],2184303109
F,18682,19814,7716,0,135,4397[CR],2184303531
C,21362,1270,7716,0,48,4380[CR],2184303968
A,34808,18648,7716,0,79,4367[CR],2184304296
C,21316,1266,7716,0,47,4337[CR],2184304734
F,18614,19690,7716,0,115,4251[CR],2184305062
C,21280,1286,7716,0,179,4112[CR],2184305500
F,18586,19590,7716,0,251,3830[CR],2184305937
A,34748,18570,7716,0,66,3269[CR],2184306265
C,21028,1270,7716,0,112,3202[CR],2184306703
F,18546,18708,7716,0,43,3212[CR],2184307031
C,20836,1280,7716,0,116,3220[CR],2184307468
F,18526,18646,7716,0,79,3224[CR],2184307796
A,34772,18512,7716,0,23,3228[CR],2184308234
C,20786,1274,7716,0,5,3230[CR],2184308671
F,18496,18604,7716,0,7,3234[CR],2184309000
C,20762,1264,7716,0,0,3236[CR],2184309437
F,18484,18586,7716,0,0,3240[CR],2184309765
C,20744,1288,7716,0,0,3242[CR],2184310203
A,34756,18456,7716,0,0,3243[CR],2184310531
C,20726,1280,7716,0,39,3245[CR],2184310968
F,18446,18556,7716,0,23,3246[CR],2184311406
C,20710,1278,7716,0,93,3355[CR],2184311734
F,18432,18546,7716,19,141,3888[CR],2184312171
A,34768,18420,7716,10,174,4130[CR],2184312500
C,20708,1278,7716,9,149,4562[CR],2184312937
F,18404,18666,7716,10,173,5076[CR],2184313265
C,20746,1250,7716,11,194,5570[CR],2184313703
F,18402,18884,7716,9,189,6016[CR],2184314031
A,34796,18384,7716,5,3,6341[CR],2184314468
C,20874,1286,7716,11,154,6490[CR],2184314906
F,18374,19212,7716,13,104,6833[CR],2184315234
C,20962,1274,7716,19,122,7061[CR],2184315671
F,18370,19830,7716,17,143,7190[CR],2184316000
C,21174,1266,7716,20,28,7265[CR],2184316437
A,34760,18368,7716,18,4,7299[CR],2184316765
C,21290,1276,7716,22,5,7298[CR],2184317203
F,18352,20426,7716,22,7,7251[CR],2184317640
C,21318,1278,7716,18,5,7258[CR],2184317968
F,18344,20468,7716,16,84,7216[CR],2184318406
A,34708,18336,7716,2,227,6904[CR],2184318734
C,21304,1274,7716,1,168,4570[CR],2184319171
F,18322,19978,7716,0,204,4247[CR],2184319500
C,21092,1266,7716,0,73,4025[CR],2184319937
F,18316,19802,7716,0,115,3491[CR],2184320375
A,34756,18300,7716,0,533,1556[CR],2184320703
C,19990,1280,7716,0,155,35544[CR],2184321140
F,17624,11884,7716,0,86,35544[CR],2184321546
C,10159,1264,7716,57,467,2374[CR],2184321921
F,17022,11886,7716,344,493,4337[CR],2184322265
C,12525,1206,7716,8,385,5074[CR],2184322718
A,34756,16414,7716,1,254,4932[CR],2184323046
C,17212,1266,7716,1,249,4965[CR],2184323421
F,17368,13703,7716,79,548,5823[CR],2184323875
C,17794,1250,7716,4,327,6117[CR],2184324218
F,17316,15749,7716,1,175,6026[CR],2184324656
A,34764,17812,7716,0,161,6018[CR],2184324984
C,21396,1278,7716,0,63,6015[CR],2184325421
F,18358,15729,7716,0,55,6012[CR],2184325750
C,21120,1288,7716,0,152,6010[CR],2184326187
F,18678,15559,7716,0,154,6007[CR],2184326625
A,34748,18770,7716,0,137,6008[CR],2184326953
C,20948,1286,7716,0,33,6001[CR],2184327390
F,18790,15455,7716,0,19,6005[CR],2184327718
C,20876,1280,7716,13,362,6154[CR],2184328156
F,18766,15593,7716,19,505,6440[CR],2184328484
C,22410,1286,7716,21,505,6500[CR],2184328921
A,34764,17222,7716,18,503,6531[CR],2184329359
C,23526,1266,7716,19,496,6568[CR],2184329687
F,17380,16152,7716,20,496,6601[CR],2184330125
C,23682,1258,7716,2,242,6528[CR],2184330453
F,17584,16286,7716,1,176,6443[CR],2184330890
A,34740,18022,7716,0,115,6419[CR],2184331218
C,22154,1290,7716,0,54,6402[CR],2184331656
F,18248,16590,7716,0,129,6391[CR],2184332015
C,21860,1288,7716,0,102,6385[CR],2184332421
F,18396,16638,7716,0,87,6378[CR],2184332859
A,34712,18440,7716,0,27,6373[CR],2184333187
C,21656,1290,7716,0,49,6368[CR],2184333625
F,18460,16674,7716,0,44,6363[CR],2184333953
C,21570,1246,7716,0,105,6360[CR],2184334390
F,18470,16686,7716,0,115,6357[CR],2184334828
C,21504,1274,7716,0,20,6354[CR],2184335156
A,34772,18460,7716,0,121,6351[CR],2184335593
C,21448,1276,7716,0,66,6350[CR],2184335921
F,18446,16706,7716,0,128,6347[CR],2184336359
C,21404,1286,7716,0,88,6345[CR],2184336687
F,18420,16712,7716,0,17,6342[CR],2184337125
A,34704,18402,7716,0,1,6340[CR],2184337562
C,21346,1274,7716,0,41,6339[CR],2184337890
F,18392,16722,7716,0,59,6337[CR],2184338328
C,21312,1286,7716,0,113,6336[CR],2184338656
F,18370,16726,7716,0,24,6336[CR],2184339093
A,34744,18360,7716,0,4,6334[CR],2184339421
C,21270,1290,7716,0,8,6331[CR],2184339859
F,18342,16734,7716,0,71,6330[CR],2184340296
C,21244,1280,7716,0,67,6330[CR],2184340625
F,18330,16736,7716,0,91,6327[CR],2184341062
C,21220,1278,7716,0,0,6327[CR],2184341390
A,34724,18318,7716,0,1,6325[CR],2184341828
C,21200,1274,7716,0,19,6325[CR],2184342265
F,18306,16742,7716,0,76,6324[CR],2184342593
C,21180,1286,7716,0,27,6322[CR],2184343031
F,18300,16744,7716,0,68,6322[CR],2184343359
A,34704,18290,7716,0,2,6322[CR],2184343796
C,21150,1288,7716,0,45,6320[CR],2184344125
F,18282,16748,7716,0,0,6319[CR],2184344562
C,21132,1270,7716,0,103,6318[CR],2184345000
F,18272,16750,7716,0,37,6318[CR],2184345328
A,34700,18262,7716,0,3,6318[CR],2184345765
C,21110,1280,7716,0,0,6317[CR],2184346093
F,18254,16752,7716,0,6,6317[CR],2184346531
C,21094,1270,7716,0,75,6315[CR],2184346859
F,18252,16754,7716,0,18,6313[CR],2184347296
C,21080,1288,7716,0,4,6313[CR],2184347734
A,34716,18244,7716,0,2,6314[CR],2184348062
C,21066,1276,7716,0,0,6313[CR],2184348500
F,18242,16756,7716,0,7,6312[CR],2184348828
C,21052,1274,7716,0,60,6311[CR],2184349265
F,18226,16758,7716,0,15,6311[CR],2184349593
A,34760,18222,7716,0,7,6309[CR],2184350031
C,21034,1276,7716,0,2,6309[CR],2184350468
F,18224,16760,7716,0,7,6309[CR],2184350796
C,21022,1280,7716,0,31,6309[CR],2184351234
F,18216,16760,7716,0,95,6307[CR],2184351562
A,34724,18216,7716,0,3,6307[CR],2184352000
C,21006,1284,7716,0,3,6307[CR],2184352328
F,18214,16762,7716,0,1,6307[CR],2184352765
C,20996,1266,7716,0,91,6307[CR],2184353203
F,18212,16760,7716,0,103,6307[CR],2184353531
C,20984,1280,7716,0,40,6305[CR],2184353968
A,34724,18206,7716,0,0,6305[CR],2184354296
C,20974,1286,7716,0,39,6304[CR],2184354734
F,18198,16760,7716,0,60,6305[CR],2184355062
C,20964,1280,7716,0,84,6304[CR],2184355500
F,18206,16762,7716,0,3,6304[CR],2184355937
A,34696,18202,7716,0,0,6304[CR],2184356265
C,20950,1280,7716,0,5,6302[CR],2184356703
F,18194,16762,7716,0,2,6302[CR],2184356921
G,12636,21308,7716,0,8,6302[CR],2184357031
C,20942,1270,7716,0,78,6301[CR],2184357468
F,18196,16762,7716,0,46,6301[CR],2184357796
A,34732,18190,7716,0,6,6300[CR],2184358234
C,20928,1270,7716,0,1,6301[CR],2184358671
F,18188,16762,7716,0,18,6300[CR],2184359000
C,20920,1278,7716,0,48,6300[CR],2184359437
F,18186,16764,7716,0,81,6299[CR],2184359765
C,20912,1270,7716,0,1,6299[CR],2184360203
A,34708,18186,7716,0,0,6299[CR],2184360531
C,20904,1284,7716,0,6,6299[CR],2184360968
F,18186,16762,7716,0,31,6298[CR],2184361406
C,20896,1278,7716,0,86,6298[CR],2184361734
F,18184,16762,7716,0,53,6297[CR],2184362171
A,34716,18172,7716,0,0,6297[CR],2184362500
C,20886,1274,7716,0,0,6297[CR],2184362937
F,18180,16762,7716,0,4,6295[CR],2184363265
C,20878,1286,7716,0,97,6295[CR],2184363703
F,18180,16760,7716,0,32,6296[CR],2184364140
A,34680,18176,7716,0,0,6295[CR],2184364468
C,20868,1266,7716,0,0,6294[CR],2184364906
F,18172,16760,7716,0,0,6294[CR],2184365234
C,20862,1288,7716,0,33,6294[CR],2184365671
F,18170,16760,7716,0,26,6295[CR],2184366000
C,20854,1276,7716,0,0,6295[CR],2184366437
A,34724,18170,7716,0,4,6293[CR],2184366875
C,20848,1286,7716,0,1,6293[CR],2184367203
F,18166,16760,7716,0,2,6292[CR],2184367640
C,20840,1278,7716,0,64,6292[CR],2184367968
F,18166,16758,7716,0,92,6292[CR],2184368406
A,34680,18162,7716,0,48,6292[CR],2184368734
C,20832,1252,7716,0,1,6292[CR],2184369171
F,18164,16758,7716,0,4,6291[CR],2184369609
C,20826,1240,7716,0,75,6292[CR],2184369937
F,18160,16758,7716,0,83,6291[CR],2184370375
A,34680,18160,7716,0,33,6290[CR],2184370703
C,20816,1280,7716,0,0,6290[CR],2184371140
F,18154,16756,7716,0,2,6290[CR],2184371468
C,20810,1270,7716,0,15,6289[CR],2184371906
F,18156,16756,7716,0,39,6289[CR],2184372343
C,20806,1286,7716,0,44,6288[CR],2184372671
A,34700,18158,7716,0,0,6290[CR],2184373109
C,20800,1278,7716,0,0,6287[CR],2184373437
F,18156,16754,7716,0,4,6288[CR],2184373875
C,20796,1276,7716,0,19,6287[CR],2184374203
F,18150,16754,7716,0,90,6289[CR],2184374640
A,34724,18150,7716,0,0,6286[CR],2184375078
C,20786,1266,7716,0,1,6287[CR],2184375406
F,18152,16754,7716,0,1,6287[CR],2184375843
C,20782,1268,7716,0,7,6287[CR],2184376171
F,18146,16754,7716,0,48,6287[CR],2184376609
A,34672,18148,7716,0,19,6286[CR],2184376937
C,20774,1266,7716,0,0,6286[CR],2184377375
F,18152,16750,7716,0,0,6286[CR],2184377812
C,20768,1236,7716,0,3,6286[CR],2184378140
F,18148,16752,7716,0,49,6285[CR],2184378578
C,20764,1296,7716,0,8,6285[CR],2184378906
A,34700,18148,7716,0,12,6285[CR],2184379343
C,20758,1280,7716,0,0,6285[CR],2184379671
F,18146,16750,7716,0,3,6284[CR],2184380109
C,20754,1270,7716,0,20,6284[CR],2184380546
F,18146,16748,7716,0,15,6283[CR],2184380875
A,34728,18142,7716,0,12,6283[CR],2184381312
C,20746,1262,7716,0,0,6283[CR],2184381640
F,18144,16748,7716,0,0,6282[CR],2184382078
C,20742,1274,7716,0,28,6282[CR],2184382406
F,18144,16748,7716,0,24,6282[CR],2184382843
A,34712,18146,7716,0,57,6283[CR],2184383281
C,20734,1286,7716,0,0,6282[CR],2184383609
F,18146,16746,7716,0,0,6282[CR],2184384046
C,20730,1278,7716,0,0,6282[CR],2184384375
F,18138,16746,7716,0,19,6281[CR],2184384812
C,20726,1272,7716,0,3,6281[CR],2184385140
A,34716,18136,7716,0,12,6282[CR],2184385578
C,20722,1290,7716,0,0,6281[CR],2184386015
F,18140,16744,7716,0,2,6280[CR],2184386343
C,20718,1286,7716,0,11,6281[CR],2184386781
F,18132,16742,7716,0,67,6281[CR],2184387109
A,34688,18130,7716,0,34,6280[CR],2184387546
C,20710,1278,7716,0,0,6281[CR],2184387875
F,18136,16742,7716,0,0,6280
<PAUSE BUTTON 12:56:22>
[CR],2184388203
>
Reset interface. Wait time for interface: 16
>
Reset interface. Wait time for interface: 125DOFF
OK
>
Command: DOFF Wait time for interface: 109

>
Reset interface. Wait time for interface: 78CLEAR
OK
>
Command: CLEAR Wait time for interface: 110

<END BUTTON 13:01:08>

------------------- Begin end zero test --------------------
>
Reset interface. Wait time for interface: 63SCAN E
Z,0,0,0,0,128,2551
Z,0,0,0,0,107,2481[CR],2184677859
Z,0,0,0,0,327,2484[CR],2184678406
Z,0,0,0,0,354,2478[CR],2184678515
C,12302,7770,0,0,334,2476[CR],2184678953
A,34816,12155,0,0,323,2478[CR],2184679281
C,12301,9074,0,0,309,2478[CR],2184679718
F,12155,12224,0,0,359,2478[CR],2184680156
C,12301,9527,0,0,366,2477[CR],2184680484
F,12156,12225,0,0,334,2478[CR],2184680921
A,34816,12155,0,0,326,2477[CR],2184681265
C,12300,9309,0,0,348,2477[CR],2184681718
F,12148,12225,0,0,354,2476[CR],2184682046
C,12302,9419,0,0,314,2478[CR],2184682484
F,12158,12225,0,0,322,2479[CR],2184682843
A,34772,12155,0,0,323,2480[CR],2184683281
C,12301,9694,0,0,391,2479[CR],2184683609
F,12154,12227,0,0,360,2480[CR],2184683984
C,12301,9475,0,0,319,2480[CR],2184684437
F,12147,12226,0,0,279,2480[CR],2184684781
C,12301,9514,0,0,375,2480[CR],2184685218
A,34824,12156,0,0,386,2480[CR],2184685546
C,12301,9538,0,0,389,2481[CR],2184686000
F,12149,12227,0,0,321,2481[CR],2184686328
C,12301,9494,0,0,273,2482[CR],2184686781
F,12150,12226,0,0,385,2481[CR],2184687109
A,34816,12152,0,0,391,2481[CR],2184687546
C,12301,9480,0,0,379,2481[CR],2184687875
F,12151,12323,0,0,345,2480[CR],2184688312
C,12302,9653,0,0,363,2478[CR],2184688750
F,12154,12549,0,0,360,2479[CR],2184689078
A,34820,12193,0,0,339,2479[CR],2184689515
C,12226,9682,0,0,344,2479[CR],2184689843
F,12203,12496,0,0,353,2480[CR],2184690281
C,12239,9472,0,0,344,2479[CR],2184690609
F,12194,12475,0,0,336,2479[CR],2184691046
C,12242,9524,0,0,340,2478[CR],2184691484
A,34844,12193,0,0,344,2479[CR],2184691812
C,12244,9510,0,0,345,2479[CR],2184692250
F,12197,12459,0,0,344,2479[CR],2184692578
C,12246,9525,0,0,342,2479[CR],2184693015
>
Reset interface. Wait time for interface: 94

======== END OF TEST ========


