CPT-log version: 5.22
======== BEGIN OF TEST ========
DATE 02.11.2022

<Transmited Data>
<NEW BUTTON 15:45:43>
[^C][CR]
[^C][CR]
[^C][CR]
CLEAR[CR]
[^C][CR]
DOFF[CR]
[^C][CR]
SCAN E[CR]
[^C][CR]
[^C][CR]
CLEAR[CR]

<START BUTTON 15:46:51>
[^C][CR]
[^C][CR]
DRON[CR]
SCAN E[CR]

<PAUSE BUTTON 15:49:04>
[^C][CR]
[^C][CR]
DOFF[CR]
[^C][CR]
CLEAR[CR]

<END BUTTON 15:49:36>
[^C][CR]
SCAN E[CR]
[^C][CR]


<Received Data>
<NEW BUTTON 15:45:43>

>
Reset interface. Wait time for interface: 94
>
Reset interface. Wait time for interface: 110
>
Reset interface. Wait time for interface: 109CLEAR
OK
>
Command: CLEAR Wait time for interface: 109

>
Reset interface. Wait time for interface: 110DOFF
OK
>
Command: DOFF Wait time for interface: 109

>
Reset interface. Wait time for interface: 47SCAN E
Z,0,0,0,0,545,3418
C,20034,188,0,0,567,3314[CR],2367404109
F,14759,15036,0,0,564,3314[CR],2367404546
A,35404,14761,0,0,565,3313[CR],2367404875
C,20030,196,0,0,566,3314[CR],2367405312
F,14762,15035,0,0,566,3313[CR],2367405671
C,20030,196,0,0,567,3314[CR],2367406125
F,14765,15033,0,0,565,3313[CR],2367406453
C,20028,176,0,0,564,3313[CR],2367406906
A,35424,14764,0,0,565,3314[CR],2367407250
C,20030,180,0,0,566,3313[CR],2367407703
F,14758,15036,0,0,566,3313[CR],2367408046
C,20028,192,0,0,567,3313[CR],2367408375
F,14760,15036,0,0,564,3313[CR],2367408828
A,35352,14753,0,0,566,3314[CR],2367409171
C,20026,202,0,0,566,3314[CR],2367409609
F,14762,15034,0,0,565,3313[CR],2367409937
C,20026,188,0,0,566,3314[CR],2367410390
F,14760,15036,0,0,564,3313[CR],2367410734
A,35360,14762,0,0,565,3314[CR],2367411171
C,20026,182,0,0,566,3315[CR],2367411515
F,14753,15039,0,0,565,3316[CR],2367411843
>
Reset interface. Wait time for interface: 47
>
Reset interface. Wait time for interface: 125CLEAR
OK
>
Command: CLEAR Wait time for interface: 109

<START BUTTON 15:46:51>

>
Reset interface. Wait time for interface: 109
>
Reset interface. Wait time for interface: 110DRON
OK
>
Command: DRON Wait time for interface: 109
SCAN E
Z,0,0,0,0,566,3399
F,14765,15041,0,0,565,3307[CR],2367418968
C,20032,194,0,0,564,3315[CR],2367419406
A,35420,14761,0,0,566,3316[CR],2367419734
C,20034,216,0,0,567,3314[CR],2367420171
F,14761,15042,0,0,565,3316[CR],2367420500
C,20036,198,0,0,567,3314[CR],2367420937
F,14768,15039,0,0,563,3314[CR],2367421265
A,35324,14758,0,0,565,3314[CR],2367421703
C,20034,196,0,0,567,3313[CR],2367422140
F,14760,15037,0,0,566,3313[CR],2367422468
C,20032,200,0,0,566,3313[CR],2367422906
F,14764,15036,0,0,564,3314[CR],2367423234
A,35368,14758,0,0,565,3314[CR],2367423671
C,20030,206,0,0,566,3314[CR],2367424000
F,14761,15038,0,0,566,3313[CR],2367424437
C,20032,208,0,0,566,3313[CR],2367424875
F,14762,15037,0,0,564,3314[CR],2367425203
C,20030,206,0,0,564,3314[CR],2367425640
A,35324,14764,0,0,566,3314[CR],2367425968
C,20030,210,0,0,566,3314[CR],2367426406
F,14761,15038,0,0,566,3314[CR],2367426734
C,20030,186,0,0,566,3315[CR],2367427171
F,14758,15038,0,0,563,3315[CR],2367427609
A,35336,14763,0,0,565,3315[CR],2367427937
C,20030,204,0,0,566,3313[CR],2367428375
F,14758,15041,0,0,566,3313[CR],2367428703
C,20030,202,0,0,566,3314[CR],2367429140
F,14762,15040,0,0,563,3313[CR],2367429468
A,35360,14762,0,0,565,3313[CR],2367429906
C,20026,206,0,0,566,3313[CR],2367430343
F,14755,15038,0,0,566,3312[CR],2367430671
C,20024,188,0,0,566,3313[CR],2367431109
F,14758,15037,0,0,565,3313[CR],2367431437
C,20024,222,0,0,563,3313[CR],2367431875
A,35304,14757,0,0,565,3313[CR],2367432203
C,20024,212,0,0,567,3314[CR],2367432640
F,14760,15043,0,0,565,3313[CR],2367433078
C,20026,206,0,0,565,3314[CR],2367433406
F,14755,15041,0,0,564,3314[CR],2367433843
A,35336,14757,0,0,566,3314[CR],2367434171
C,20022,204,0,0,566,3313[CR],2367434609
F,14752,15042,0,0,565,3313[CR],2367434937
C,20024,206,0,0,566,3314[CR],2367435375
F,14765,15040,0,0,564,3314[CR],2367435812
A,35320,14756,0,0,565,3314[CR],2367436140
C,20024,196,0,0,566,3314[CR],2367436578
F,14753,15044,0,0,565,3313[CR],2367436906
C,20024,208,0,0,628,3366[CR],2367437343
F,14759,15114,5,22,636,3473[CR],2367437671
C,22006,214,12,18,635,3477[CR],2367438109
A,35284,14736,20,20,628,3482[CR],2367438546
C,22084,212,27,18,628,3478[CR],2367438875
F,14724,15004,35,19,628,3473[CR],2367439312
C,22160,222,43,21,629,3474[CR],2367439640
F,14754,14742,50,17,628,3478[CR],2367440078
A,35296,14761,58,20,632,3477[CR],2367440406
C,22184,216,65,18,634,3479[CR],2367440843
F,14760,14710,73,19,634,3489[CR],2367441281
C,22190,216,81,21,634,3493[CR],2367441609
F,14774,14756,88,18,633,3501[CR],2367442046
A,35292,14787,96,20,634,3509[CR],2367442375
C,22056,222,103,16,634,3520[CR],2367442812
F,14773,14867,112,19,631,3525[CR],2367443140
C,21992,240,119,21,628,3525[CR],2367443578
F,14761,14861,127,18,626,3522[CR],2367444015
C,21908,228,134,19,622,3525[CR],2367444343
A,35292,14767,142,16,624,3527[CR],2367444781
C,21770,224,150,19,632,3516[CR],2367445187
F,14780,14878,157,21,638,3518[CR],2367445546
C,21606,256,165,17,639,3525[CR],2367445906
F,14806,14364,172,20,636,3534[CR],2367446312
A,35264,14803,180,18,637,3523[CR],2367446750
C,21296,258,188,19,639,3512[CR],2367447078
F,14807,13899,196,20,640,3526[CR],2367447515
C,20788,236,203,18,638,3520[CR],2367447843
F,14823,13780,211,19,636,3521[CR],2367448281
A,35296,14804,218,21,636,3524[CR],2367448609
C,20338,236,226,19,637,3527[CR],2367449046
F,14799,13907,234,20,637,3527[CR],2367449484
C,19978,232,241,18,636,3519[CR],2367449812
F,14819,14022,249,20,637,3515[CR],2367450250
C,19324,232,257,21,634,3499[CR],2367450578
A,35304,14908,264,18,639,3512[CR],2367451015
C,18114,236,272,19,636,3536[CR],2367451343
F,14922,16267,279,17,636,3547[CR],2367451781
C,17874,224,287,19,635,3567[CR],2367452218
F,14961,16684,294,19,633,3589[CR],2367452546
A,35232,14971,302,18,635,3614[CR],2367452984
C,17472,240,310,20,635,3640[CR],2367453312
F,14978,18122,317,18,635,3663[CR],2367453750
C,17390,240,325,20,633,3691[CR],2367454078
F,15079,19074,332,20,630,3720[CR],2367454515
A,35252,15243,340,18,630,3760[CR],2367454953
C,17494,228,347,20,628,3795[CR],2367455312
F,15518,19450,354,17,626,3837[CR],2367455640
C,18174,220,362,19,625,3877[CR],2367456046
F,15832,18678,369,16,625,3928[CR],2367456484
C,19142,218,377,19,626,3972[CR],2367456812
A,35208,15764,384,21,628,3999[CR],2367457250
C,19960,220,391,18,627,4024[CR],2367457687
F,15316,17780,399,20,628,4033[CR],2367458015
C,20382,228,406,17,634,4038[CR],2367458453
F,14627,16650,414,19,633,4036[CR],2367458781
A,35172,14359,422,21,634,4023[CR],2367459218
C,20530,230,430,18,633,4001[CR],2367459546
F,14248,15760,438,20,633,3973[CR],2367459984
C,20370,232,445,22,631,3942[CR],2367460421
F,14282,15020,453,18,630,3926[CR],2367460750
A,35260,14374,461,20,632,3912[CR],2367461187
C,19920,230,469,19,632,3901[CR],2367461515
F,14468,15225,477,19,633,3893[CR],2367461953
C,19626,230,484,22,633,3886[CR],2367462281
F,14624,15648,492,18,632,3884[CR],2367462718
C,19328,230,499,20,632,3887[CR],2367463156
A,35220,14803,507,17,633,3880[CR],2367463500
C,19126,248,515,19,632,3870[CR],2367463921
F,14924,16414,523,22,631,3856[CR],2367464250
C,18996,238,530,18,631,3828[CR],2367464687
F,15057,16832,538,20,629,3818[CR],2367465015
A,35244,15130,546,18,631,3814[CR],2367465453
C,18938,198,554,19,630,3808[CR],2367465812
F,15176,17338,561,21,631,3794[CR],2367466218
C,18946,228,569,18,630,3785[CR],2367466656
F,15188,17484,577,19,629,3791[CR],2367466984
A,35180,15234,584,19,630,3789[CR],2367467421
C,18920,250,592,18,629,3796[CR],2367467750
F,15324,17254,599,20,630,3800[CR],2367468187
C,18940,244,607,19,629,3803[CR],2367468625
F,15446,17162,615,19,629,3811[CR],2367468953
C,18976,240,622,21,628,3817[CR],2367469390
A,35188,15590,630,18,629,3828[CR],2367469718
C,19054,250,637,20,628,3840[CR],2367470156
F,15655,16812,645,16,629,3851[CR],2367470484
C,19092,244,653,19,630,3858[CR],2367470921
F,15749,16706,660,21,629,3873[CR],2367471359
A,35208,15790,668,18,631,3880[CR],2367471687
C,18910,238,675,20,632,3880[CR],2367472125
F,15839,16622,683,18,633,3871[CR],2367472468
C,18504,250,691,19,633,3867[CR],2367472906
F,15905,16674,698,22,633,3854[CR],2367473234
A,35220,15943,706,19,635,3823[CR],2367473671
C,17436,240,714,21,635,3772[CR],2367474078
F,16040,16794,722,19,635,3733[CR],2367474437
C,16606,248,730,19,633,3711[CR],2367474796
F,16187,17076,738,20,632,3702[CR],2367475203
C,15989,256,745,18,631,3698[CR],2367475640
A,35164,16351,753,19,633,3696[CR],2367475968
C,15551,250,761,22,633,3690[CR],2367476359
F,16444,18558,768,18,633,3680[CR],2367476734
C,15114,238,776,20,633,3677[CR],2367477171
F,16580,19332,784,16,631,3672[CR],2367477609
A,35188,16634,792,19,632,3669[CR],2367477937
C,14605,250,799,21,632,3664[CR],2367478375
F,16642,19650,807,18,632,3662[CR],2367478703
C,14702,228,815,20,631,3660[CR],2367479140
F,16868,18764,822,18,630,3659[CR],2367479468
A,35168,17066,830,19,631,3655[CR],2367479906
C,15260,250,838,21,631,3649[CR],2367480343
F,17094,18098,845,18,632,3637[CR],2367480671
C,15482,258,853,20,632,3636[CR],2367481109
F,17112,17502,860,16,633,3629[CR],2367481437
C,15703,258,869,19,632,3617[CR],2367481875
A,35196,17094,876,20,635,3606[CR],2367482203
C,15928,256,884,18,635,3597[CR],2367482640
F,17040,16670,892,20,634,3586[CR],2367483078
C,16183,250,899,16,635,3582[CR],2367483406
F,16904,16191,907,19,633,3570[CR],2367483843
A,35172,16756,915,21,633,3534[CR],2367484171
C,16472,236,923,19,632,3491[CR],2367484578
F,16714,15134,931,19,632,3471[CR],2367484937
C,16414,248,938,22,631,3448[CR],2367485375
F,16864,14459,946,18,631,3431[CR],2367485812
A,35176,17004,954,20,630,3418[CR],2367486140
C,16058,248,962,22,630,3399[CR],2367486578
F,17182,13984,970,19,629,3375[CR],2367486906
C,15761,238,978,21,628,3356[CR],2367487343
F,17440,13817,985,18,628,3357[CR],2367487671
C,15579,232,993,19,627,3366[CR],2367488109
A,35160,17766,1000,21,628,3386[CR],2367488546
C,15611,222,1008,18,628,3413[CR],2367488875
F,17956,13994,1015,20,629,3435[CR],2367489312
C,15751,262,1023,18,629,3456[CR],2367489640
F,18134,14210,1030,20,627,3477[CR],2367490078
A,35156,18224,1037,16,629,3503[CR],2367490406
C,15848,256,1045,18,629,3523[CR],2367490843
F,18340,14174,1053,20,628,3540[CR],2367491281
C,15793,258,1060,18,628,3549[CR],2367491609
F,18504,14101,1068,20,627,3553[CR],2367492046
A,35132,18620,1075,17,628,3556[CR],2367492390
C,15566,260,1083,19,628,3558[CR],2367492843
F,18780,13909,1091,21,628,3559[CR],2367493140
C,15550,256,1098,18,628,3563[CR],2367493578
F,18968,13935,1106,20,627,3565[CR],2367494015
C,15653,248,1113,20,627,3575[CR],2367494343
A,35160,19138,1121,19,628,3585[CR],2367494781
C,15763,250,1129,21,628,3597[CR],2367495109
F,19108,14239,1136,18,627,3597[CR],2367495546
C,15727,254,1144,20,627,3591[CR],2367495875
F,19100,14042,1151,22,625,3589[CR],2367496312
A,35132,19176,1160,19,626,3581[CR],2367496750
C,15630,252,1167,21,626,3565[CR],2367497078
F,19270,13966,1175,18,626,3559[CR],2367497515
C,15738,250,1182,20,627,3562[CR],2367497843
F,19300,14113,1190,22,627,3563[CR],2367498281
A,35156,19090,1198,18,629,3565[CR],2367498609
C,16085,226,1205,20,630,3565[CR],2367499046
F,18650,14453,1213,18,631,3561[CR],2367499484
C,16246,222,1221,19,631,3557[CR],2367499812
F,18206,14452,1228,21,632,3549[CR],2367500250
C,16404,240,1236,18,630,3541[CR],2367500578
A,35140,18070,1244,20,632,3537[CR],2367501015
C,16564,244,1251,18,632,3534[CR],2367501343
F,18036,14307,1259,19,630,3531[CR],2367501781
C,16646,238,1267,21,629,3523[CR],2367502218
F,18042,14227,1274,18,627,3515[CR],2367502546
A,35140,18064,1282,20,627,3498[CR],2367502890
C,16614,250,1289,17,627,3486[CR],2367503312
F,18118,14089,1298,19,626,3480[CR],2367503750
C,16520,240,1305,21,626,3479[CR],2367504078
F,18244,14013,1313,18,624,3477[CR],2367504515
A,35108,18332,1321,20,625,3474[CR],2367504953
C,16608,252,1328,22,625,3472[CR],2367505281
F,18408,14004,1336,18,626,3458[CR],2367505718
C,16842,250,1344,20,627,3445[CR],2367506046
F,18342,14162,1351,17,627,3427[CR],2367506484
C,17040,256,1360,20,627,3397[CR],2367506812
A,35108,18214,1367,22,629,3361[CR],2367507250
C,17080,256,1375,19,629,3326[CR],2367507687
F,18184,13998,1383,21,630,3288[CR],2367508015
C,16834,232,1391,21,630,3245[CR],2367508453
F,18300,13823,1399,19,628,3207[CR],2367508781
A,35088,18414,1407,21,629,3160[CR],2367509218
C,16239,240,1415,20,629,3124[CR],2367509546
F,18608,13480,1424,20,627,3080[CR],2367509984
C,15884,236,1432,21,626,3053[CR],2367510421
F,18914,13337,1440,18,625,3030[CR],2367510765
A,35092,19134,1451,32,628,3021[CR],2367511187
C,15493,230,1460,20,627,2997[CR],2367511578
F,19386,13575,1467,22,628,2987[CR],2367511953
C,15198,244,1475,19,629,2987[CR],2367512281
F,19718,13833,1483,20,629,2992[CR],2367512718
C,15046,248,1490,17,627,2996[CR],2367513156
A,35120,20162,1498,20,629,3009[CR],2367513484
C,14975,236,1505,19,629,3018[CR],2367513921
F,20426,14378,1511,11,625,3019[CR],2367514250
C,14893,240,1516,16,629,3040[CR],2367514687
F,20700,14565,1524,19,628,3056[CR],2367515015
A,35084,20816,1532,21,630,3069[CR],2367515453
C,14906,232,1539,18,632,3088[CR],2367515890
F,20760,14938,1547,20,631,3100[CR],2367516218
C,14925,238,1553,10,632,3117[CR],2367516656
F,20458,15048,1561,19,631,3145[CR],2367516984
A,35092,20322,1568,17,633,3153[CR],2367517421
C,15037,256,1576,19,633,3171[CR],2367517750
F,20124,15116,1583,20,632,3193[CR],2367518187
C,15149,234,1591,18,633,3207[CR],2367518625
F,19930,14996,1598,19,632,3225[CR],2367518953
C,15353,232,1605,15,631,3248[CR],2367519390
A,35128,19872,1613,19,632,3244[CR],2367519718
C,15629,238,1621,21,631,3249[CR],2367520156
F,19840,14753,1628,18,631,3252[CR],2367520484
C,15874,242,1636,20,631,3255[CR],2367520921
F,19510,14639,1643,22,630,3253[CR],2367521265
A,35116,19202,1651,19,630,3253[CR],2367521687
C,16187,228,1659,21,630,3254[CR],2367522046
F,18812,14573,1666,18,628,3260[CR],2367522453
C,16566,228,1674,20,629,3268[CR],2367522890
F,18386,14696,1681,22,627,3275[CR],2367523218
A,35052,18016,1682,2,552,3179[CR],2367523656
C,16768,240,1682,1,552,3157[CR],2367524093
F,18160,14025,1682,0,547,3147[CR],2367524421
C,16526,218,1682,0,546,3143[CR],2367524859
F,18652,13853,1682,0,544,3139[CR],2367525187
C,16486,230,1682,0,542,3137[CR],2367525625
A,35064,18974,1682,0,542,3137[CR],2367525953
C,16460,218,1682,0,541,3136[CR],2367526390
F,19050,13730,1682,0,541,3137[CR],2367526828
C,16448,240,1682,0,540,3136[CR],2367527156
F,19048,13700,1682,0,538,3136[CR],2367527593
A,35064,18990,1682,0,540,3136[CR],2367527921
C,16436,224,1682,0,539,3136[CR],2367528359
F,18892,13676,1682,0,539,3138[CR],2367528687
C,16430,228,1682,0,539,3137[CR],2367529125
F,18748,13671,1682,0,536,3138[CR],2367529562
A,35092,18644,1682,0,537,3138[CR],2367529890
C,16424,226,1682,0,537,3138[CR],2367530328
F,18520,13670,1682,0,537,3139[CR],2367530656
C,16424,218,1682,0,537,3140[CR],2367531093
F,18382,13679,1682,0,536,3141[CR],2367531421
C,16422,236,1682,0,536,3140[CR],2367531859
A,35080,18214,1682,0,536,3143[CR],2367532296
C,16420,224,1682,0,536,3143[CR],2367532625
F,18104,13699,1682,0,536,3144[CR],2367533062
C,16420,228,1682,0,536,3145[CR],2367533390
F,17980,13713,1682,0,534,3145[CR],2367533828
A,35040,17892,1682,0,535,3146[CR],2367534156
C,16418,222,1682,0,535,3147[CR],2367534593
F,17808,13739,1682,0,535,3148[CR],2367535031
C,16418,240,1682,0,536,3148[CR],2367535359
F,17700,13759,1682,0,533,3149[CR],2367535796
A,35052,17634,1682,0,534,3151[CR],2367536125
C,16414,230,1682,0,534,3151[CR],2367536562
F,17554,13785,1682,0,535,3152[CR],2367536890
C,16416,228,1682,0,535,3152[CR],2367537328
F,17470,13805,1682,0,533,3154[CR],2367537765
C,16414,242,1682,0,533,3154[CR],2367538093
A,35020,17376,1682,0,533,3156[CR],2367538531
C,16416,228,1682,0,534,3156[CR],2367538859
F,17312,13847,1682,0,534,3157[CR],2367539296
C,16416,238,1682,0,534,3158[CR],2367539640
F,17250,13869,1682,0,532,3159[CR],2367540062
A,35040,17194,1682,0,532,3159[CR],2367540500
C,16414,218,1682,0,533,3160[CR],2367540828
F,17148,13902,1682,0,533,3162[CR],2367541265
C,16414,234,1682,0,533,3161[CR],2367541593
F,17084,13923,1682,0,531,3162[CR],2367542031
A,35024,17046,1682,0,532,3163[CR],2367542359
C,16412,236,1682,0,532,3164[CR],2367542796
F,17000,13957,1682,0,533,3165[CR],2367543234
C,16414,250,1682,0,534,3166[CR],2367543562
F,16958,13980,1682,0,532,3167[CR],2367544000
C,16414,220,1682,0,531,3167[CR],2367544328
A,35040,16902,1682,0,532,3168[CR],2367544765
C,16414,220,1682,0,535,3169[CR],2367545093
F,16862,14025,1682,0,532,3169[CR],2367545531
C,16414,230,1682,0,532,3170[CR],2367545968
F,16814,14048,1682,0,530,3171[CR],2367546296
A,35056,16778,1682,0,532,3172[CR],2367546734
C,16414,230,1682,0,532,3173[CR],2367547062
F,16750,14081,1682,0,533,3174[CR],2367547500
C,16416,248,1682,0,532,3174[CR],2367547828
F,16718,14104,1682,0,530,3175[CR],2367548265
A,35048,16696,1682,0,531,3176[CR],2367548703
C,16414,234,1682,0,531,3177[CR],2367549031
F,16668,14138,1682,0,532,3176[CR],2367549468
C,16416,220,1682,0,532,3178[CR],2367549796
F,16632,14161,1682,0,531,3178[CR],2367550234
C,16416,240,1682,0,531,3179[CR],2367550562
A,35024,16592,1
<PAUSE BUTTON 15:49:04>
682,0,531,3179[CR],2367550671
>
Reset interface. Wait time for interface: 31
>
Reset interface. Wait time for interface: 31DOFF
OK
>
Command: DOFF Wait time for interface: 110

>
Reset interface. Wait time for interface: 31CLEAR
OK
>
Command: CLEAR Wait time for interface: 110

<END BUTTON 15:49:36>

------------------- Begin end zero test --------------------
>
Reset interface. Wait time for interface: 31SCAN E
Z,0,0,0,0,0,2661
Z,0,0,0,0,0,2373[CR],2367587640
Z,0,0,0,0,0,2375[CR],2367588187
Z,0,0,0,0,0,2377[CR],2367588625
Z,0,0,0,0,0,2379[CR],2367589171
Z,0,0,0,0,0,2382[CR],2367589718
Z,0,0,0,0,0,2384[CR],2367590156
Z,0,0,0,0,0,2385[CR],2367590703
Z,0,0,0,0,0,2387[CR],2367591140
Z,0,0,0,0,0,2389[CR],2367591687
Z,0,0,0,0,0,2391[CR],2367592234
Z,0,0,0,0,0,2393[CR],2367592671
Z,0,0,0,0,0,2395[CR],2367593218
Z,0,0,0,0,0,2398[CR],2367593437
U,68064,95632,0,0,0,2398[CR],2367593984
Z,0,0,0,0,0,2400[CR],2367594421
Z,0,0,0,0,0,2401[CR],2367594968
Z,0,0,0,0,0,2403[CR],2367595406
Z,0,0,0,0,0,2404[CR],2367595953
Z,0,0,0,0,0,2406[CR],2367596390
Z,0,0,0,0,0,2408[CR],2367596937
Z,0,0,0,0,0,2409[CR],2367597484
Z,0,0,0,0,0,2411[CR],2367597921
Z,0,0,0,0,0,2413[CR],2367598468
Z,0,0,0,0,0,2414[CR],2367598906
Z,0,0,0,0,0,2415[CR],2367599453
Z,0,0,0,0,0,2414[CR],2367600000
Z,0,0,0,0,0,2448[CR],2367600437
Z,0,0,0,0,0,2454[CR],2367600984
Z,0,0,0,0,3,2456[CR],2367601531
Z,0,0,0,0,0,2456[CR],2367601968
Z,0,0,0,0,0,2458[CR],2367602515
Z,0,0,0,0,0,2462[CR],2367602953
Z,0,0,0,0,0,2484[CR],2367603500
Z,0,0,0,0,0,2486[CR],2367604046
Z,0,0,0,0,0,2486[CR],2367604484
Z,0,0,0,0,0,2486[CR],2367605031
Z,0,0,0,0,0,2492[CR],2367605468
Z,0,0,0,0,0,2490[CR],2367606015
Z,0,0,0,0,0,2483[CR],2367606562
Z,0,0,0,0,0,2485[CR],2367607000
Z,0,0,0,0,0,2485[CR],2367607546
Z,0,0,0,0,0,2483[CR],2367607984
Z,0,0,0,0,491,2640[CR],2367608093
C,12462,332,0,0,510,3234[CR],2367608421
F,14486,11848,0,0,499,4759[CR],2367608859
A,34876,14503,0,0,501,5688[CR],2367609187
C,12464,316,0,0,499,5687[CR],2367609625
F,14531,11849,0,0,498,5684[CR],2367609953
C,12464,304,0,0,497,5680[CR],2367610390
F,14564,11849,0,0,491,5679[CR],2367610750
A,34912,14580,0,0,496,5677[CR],2367611187
C,12463,328,0,0,496,5675[CR],2367611515
F,14603,11851,0,0,496,5673[CR],2367611968
C,12464,334,0,0,495,5672[CR],2367612312
F,14626,11852,0,0,494,5672[CR],2367612656
C,12465,330,0,0,493,5671[CR],2367613109
A,34904,14654,0,0,495,5669[CR],2367613453
C,12465,328,0,0,494,5669[CR],2367613890
F,14662,11852,0,0,493,5668[CR],2367614328
C,12464,322,0,0,493,5667[CR],2367614671
F,14683,11852,0,0,493,5667[CR],2367615109
A,34896,14692,0,0,495,5666[CR],2367615453
C,12464,310,0,0,494,5666[CR],2367615890
F,14697,11853,0,0,493,5664[CR],2367616218
C,12464,322,0,0,493,5664[CR],2367616656
F,14722,11854,0,0,492,5664[CR],2367616984
A,34912,14732,0,0,493,5664[CR],2367617421
C,12465,352,0,0,493,5663[CR],2367617750
F,14736,11855,0,0,492,5662[CR],2367617968
>
Reset interface. Wait time for interface: 31

======== END OF TEST ========


