CPT-log version: 5.22
======== BEGIN OF TEST ========
DATE 27.09.2022

<Transmited Data>
<NEW BUTTON 09:59:14>
[^C][CR]
[^C][CR]
[^C][CR]
CLEAR[CR]
[^C][CR]
DOFF[CR]
[^C][CR]
SCANG[CR]
[^C][CR]
[^C][CR]
CLEAR[CR]

<START BUTTON 10:02:28>
[^C][CR]
[^C][CR]
DRON[CR]
SCANG[CR]

<PAUSE BUTTON 10:16:43>
[^C][CR]
[^C][CR]
DOFF[CR]
[^C][CR]
CLEAR[CR]

<END BUTTON 10:23:14>
[^C][CR]
SCANG[CR]
[^C][CR]


<Received Data>
<NEW BUTTON 09:59:14>

>
Reset interface. Wait time for interface: 109
>
Reset interface. Wait time for interface: 110
>
Reset interface. Wait time for interface: 109CLEAR
OK
>
Command: CLEAR Wait time for interface: 110

>
Reset interface. Wait time for interface: 109DOFF
OK
>
Command: DOFF Wait time for interface: 109

>
Reset interface. Wait time for interface: 47SCANG
Z,0,0,0,0
Z,0,0,0,0[CR],3012644671
Z,0,0,0,0[CR],3012645218
Z,0,0,0,0[CR],3012645656
Z,0,0,0,0[CR],3012646203
Z,0,0,0,0[CR],3012646750
Z,0,0,0,0[CR],3012647187
Z,0,0,0,0[CR],3012647734
Z,0,0,0,0[CR],3012648062
F,12124,12676,0,0[CR],3012648390
A,37360,12119,0,0[CR],3012648828
F,12109,12676,0,0[CR],3012649156
C,12101,11080,0,0[CR],3012649593
F,12130,12673,0,0[CR],3012650031
C,12101,10269,0,0[CR],3012650359
F,12132,12674,0,0[CR],3012650812
C,12102,10875,0,0[CR],3012651140
F,12132,12672,0,0[CR],3012651609
C,12101,11287,0,0[CR],3012651968
F,12124,12674,0,0[CR],3012652328
C,12101,12082,0,0[CR],3012652687
F,12127,12674,0,0[CR],3012653140
C,12102,11944,0,0[CR],3012653515
F,12128,12675,0,0[CR],3012653875
C,12100,12274,0,0[CR],3012654312
F,12114,12674,0,0[CR],3012654640
A,37376,12126,0,0[CR],3012655078
F,12098,12676,0,0[CR],3012655421
>
Reset interface. Wait time for interface: 78
>
Reset interface. Wait time for interface: 47CLEAR
OK
>
Command: CLEAR Wait time for interface: 110

<START BUTTON 10:02:28>

>
Reset interface. Wait time for interface: 15
>
Reset interface. Wait time for interface: 110DRON
OK
>
Command: DRON Wait time for interface: 109
SCANG
C,19728,626,0,0
F,13535,14404,0,0[CR],3012806203
C,19624,512,0,0[CR],3012806640
F,13552,14415,0,0[CR],3012806968
C,19600,558,0,0[CR],3012807406
F,13538,14429,0,0[CR],3012807843
C,19586,598,0,0[CR],3012808171
F,13542,14423,0,0[CR],3012808609
C,19576,502,0,0[CR],3012808937
F,13549,14413,0,0[CR],3012809375
C,19594,482,0,0[CR],3012809703
F,13539,14428,0,0[CR],3012810140
C,19562,436,0,0[CR],3012810578
F,13540,14431,0,0[CR],3012810906
A,37604,13528,0,0[CR],3012811343
F,13522,14429,0,0[CR],3012811671
C,19546,582,0,0[CR],3012812109
F,13529,14443,0,0[CR],3012812437
C,19536,582,0,0[CR],3012812875
F,13522,14449,0,0[CR],3012813312
C,19532,542,0,0[CR],3012813640
F,13526,14447,0,0[CR],3012814078
C,19554,388,0,0[CR],3012814406
F,13539,14474,0,0[CR],3012814843
C,19518,494,0,0[CR],3012815171
F,13543,14476,0,0[CR],3012815609
C,19522,538,0,0[CR],3012816046
F,13535,14472,0,0[CR],3012816375
C,19518,576,0,0[CR],3012816812
F,13537,14475,0,0[CR],3012817140
A,37564,13537,0,0[CR],3012817578
F,13510,14500,0,0[CR],3012817906
C,19514,518,0,0[CR],3012818343
F,13515,14489,0,0[CR],3012818781
C,19508,496,0,0[CR],3012819109
F,13531,14486,0,0[CR],3012819546
C,19498,474,0,0[CR],3012819875
F,13513,14493,0,0[CR],3012820312
C,19496,516,0,0[CR],3012820640
F,13521,14509,0,0[CR],3012821078
C,19500,574,0,0[CR],3012821515
F,13516,14504,0,0[CR],3012821843
C,19490,500,0,0[CR],3012822281
F,13514,14511,0,0[CR],3012822609
C,19476,496,0,0[CR],3012823046
F,13520,14501,6,20[CR],3012823375
A,37540,13484,14,20[CR],3012823812
F,13470,14084,22,22[CR],3012824250
C,21116,574,30,19[CR],3012824578
F,13496,13895,39,21[CR],3012825015
C,21244,570,46,21[CR],3012825343
F,13542,14019,55,18[CR],3012825781
C,21208,580,63,21[CR],3012826109
F,13541,14282,70,17[CR],3012826546
C,21242,612,79,20[CR],3012826984
F,13578,14290,88,23[CR],3012827312
C,21306,462,96,20[CR],3012827750
F,13593,14429,106,22[CR],3012828078
C,21596,616,115,24[CR],3012828515
F,13618,15244,125,25[CR],3012828843
C,21324,590,134,25[CR],3012829281
F,13605,14856,144,22[CR],3012829718
A,37516,13563,154,23[CR],3012830046
F,13577,14593,163,25[CR],3012830484
C,21208,738,172,27[CR],3012830812
F,13647,14712,182,22[CR],3012831250
C,21246,626,192,25[CR],3012831687
F,13647,14686,203,27[CR],3012832015
C,21304,670,213,28[CR],3012832453
F,13662,14728,223,29[CR],3012832781
C,21418,634,234,25[CR],3012833218
F,13681,14874,244,25[CR],3012833546
C,21480,738,255,27[CR],3012833984
F,13696,14760,265,27[CR],3012834421
C,21516,524,276,28[CR],3012834750
F,13689,14523,286,28[CR],3012835187
C,21558,708,297,25[CR],3012835515
F,13689,14562,308,25[CR],3012835953
A,37504,13685,318,27[CR],3012836281
F,13667,14501,330,29[CR],3012836718
C,21634,654,340,29[CR],3012837156
F,13731,14518,351,29[CR],3012837484
C,21684,670,362,31[CR],3012837921
F,13718,14534,373,24[CR],3012838250
C,21780,688,384,25[CR],3012838687
F,13764,14576,395,27[CR],3012839015
C,21798,544,407,29[CR],3012839453
F,13722,14508,418,29[CR],3012839890
C,21654,542,430,30[CR],3012840218
F,13752,14562,441,31[CR],3012840656
C,21662,524,452,32[CR],3012840984
F,13803,14493,464,32[CR],3012841421
C,21608,666,475,32[CR],3012841750
F,13807,14483,486,25[CR],3012842187
A,37488,13761,498,27[CR],3012842625
F,13724,14446,509,27[CR],3012842953
C,21424,420,521,28[CR],3012843390
F,13807,14458,533,29[CR],3012843718
C,21376,638,544,30[CR],3012844156
F,13845,14448,556,30[CR],3012844484
C,21172,456,567,30[CR],3012844921
F,13827,14320,579,31[CR],3012845250
C,20990,570,590,32[CR],3012845687
F,13852,14332,601,32[CR],3012846125
C,20762,576,613,25[CR],3012846453
F,13919,14317,624,27[CR],3012846890
C,20576,638,636,27[CR],3012847218
F,13919,14273,647,27[CR],3012847656
C,20418,682,659,28[CR],3012847984
F,13937,14301,670,29[CR],3012848421
A,37464,13906,682,30[CR],3012848859
F,13896,14242,693,30[CR],3012849187
C,20224,718,705,31[CR],3012849625
F,13928,14291,717,33[CR],3012849953
C,20134,688,729,32[CR],3012850390
F,13950,14208,740,34[CR],3012850718
C,20042,696,752,28[CR],3012851156
F,13969,14186,764,26[CR],3012851593
C,19922,790,775,27[CR],3012851921
F,13994,14147,787,28[CR],3012852359
C,19780,632,799,28[CR],3012852687
F,13994,14128,811,28[CR],3012853125
C,19392,802,823,29[CR],3012853453
F,14031,14187,835,29[CR],3012853890
C,18830,698,847,30[CR],3012854328
F,14032,14633,859,31[CR],3012854656
A,37476,14042,871,31[CR],3012855093
F,14067,15533,883,33[CR],3012855421
C,17556,624,895,33[CR],3012855859
F,14180,16275,907,33[CR],3012856187
C,16198,522,918,32[CR],3012856625
F,14179,17324,929,33[CR],3012857062
C,17680,702,940,24[CR],3012857390
F,14196,19982,952,27[CR],3012857828
C,19894,776,963,27[CR],3012858156
F,14396,18682,975,28[CR],3012858593
C,21556,526,986,28[CR],3012858921
F,14262,17300,998,29[CR],3012859359
C,22390,742,1009,31[CR],3012859796
F,14086,17056,1021,31[CR],3012860125
C,22648,572,1033,31[CR],3012860562
F,14155,17136,1044,33[CR],3012860890
A,37432,14152,1056,34[CR],3012861328
F,14135,17470,1068,32[CR],3012861765
C,22352,788,1080,27[CR],3012862093
F,14239,17648,1092,25[CR],3012862453
C,21748,734,1104,28[CR],3012862859
F,14151,17602,1116,28[CR],3012863296
C,21004,664,1128,29[CR],3012863625
F,14424,17280,1140,28[CR],3012864062
C,19812,692,1152,30[CR],3012864500
F,14700,16794,1164,29[CR],3012864828
C,18794,674,1176,30[CR],3012865265
F,14849,16810,1189,30[CR],3012865593
C,17868,660,1200,31[CR],3012866031
F,14861,16958,1213,31[CR],3012866359
C,16794,710,1225,31[CR],3012866796
F,15148,17756,1237,32[CR],3012867234
A,37332,15866,1249,32[CR],3012867562
F,16410,18986,1260,31[CR],3012868000
C,16438,710,1271,31[CR],3012868328
F,17256,19226,1282,25[CR],3012868765
C,19476,674,1293,27[CR],3012869093
F,15790,18230,1305,27[CR],3012869531
C,21274,608,1316,28[CR],3012869968
F,14829,17134,1328,29[CR],3012870296
C,22216,720,1340,30[CR],3012870734
F,14303,16187,1352,31[CR],3012871062
C,22444,564,1363,31[CR],3012871500
F,14257,15858,1375,31[CR],3012871828
C,22338,740,1387,32[CR],3012872265
F,14377,15985,1399,33[CR],3012872703
C,22042,768,1411,33[CR],3012873031
F,14393,16536,1423,33[CR],3012873468
A,37352,14415,1435,34[CR],3012873796
F,14416,16936,1446,29[CR],3012874234
C,21402,804,1458,26[CR],3012874562
F,14481,17160,1470,27[CR],3012875000
C,21146,812,1482,28[CR],3012875437
F,14502,17028,1494,28[CR],3012875765
C,20970,692,1506,29[CR],3012876203
F,14531,16740,1518,30[CR],3012876531
C,20776,730,1529,30[CR],3012876968
F,14541,16404,1542,30[CR],3012877296
C,20616,822,1553,31[CR],3012877734
F,14539,16197,1565,32[CR],3012878062
C,20508,708,1577,30[CR],3012878500
F,14561,16029,1589,33[CR],3012878937
C,20320,818,1601,33[CR],3012879265
F,14548,15919,1613,32[CR],3012879703
A,37320,14567,1625,33[CR],3012880031
F,14567,15886,1636,33[CR],3012880468
C,19692,822,1648,31[CR],3012880796
F,14581,15948,1660,27[CR],3012881234
C,19224,662,1671,27[CR],3012881671
F,14619,15967,1683,27[CR],3012882000
C,18688,670,1695,30[CR],3012882437
F,14652,15991,1707,29[CR],3012882765
C,18068,702,1719,30[CR],3012883203
F,14684,16015,1730,30[CR],3012883531
C,17330,732,1742,32[CR],3012883968
F,14689,16162,1753,18[CR],3012884406
C,16534,788,1753,2[CR],3012884734
F,14702,16648,1753,1[CR],3012885171
C,15768,628,1753,0[CR],3012885500
F,14548,16886,1753,0[CR],3012885937
A,37292,14500,1753,0[CR],3012886265
F,14484,17010,1753,0[CR],3012886703
C,15420,654,1753,0[CR],3012887140
F,14482,16920,1753,0[CR],3012887468
C,15882,588,1753,0[CR],3012887906
F,14461,16804,1753,0[CR],3012888234
C,15467,626,1753,0[CR],3012888671
F,14455,16890,1753,0[CR],3012889000
C,15370,588,1753,0[CR],3012889437
F,14438,16948,1753,0[CR],3012889875
C,15164,670,1753,0[CR],3012890312
Z,0,0,1753,0[CR],3012890859
Z,0,0,1753,0[CR],3012891296
Z,0,0,1753,0[CR],3012891843
Z,0,0,1753,0[CR],3012892390
Z,0,0,1753,0[CR],3012892828
Z,0,0,1753,0[CR],3012893375
Z,0,0,1753,0[CR],3012893812
Z,0,0,1753,0[CR],3012894359
Z,0,0,1753,0[CR],3012894906
Z,0,0,1753,0[CR],3012895343
Z,0,0,1753,0[CR],3012895890
Z,0,0,1753,0[CR],3012896328
Z,0,0,1753,0[CR],3012896875
Z,0,0,1753,0[CR],3012897312
Z,0,0,1753,0[CR],3012897859
Z,0,0,1753,0[CR],3012898406
Z,0,0,1753,0[CR],3012898843
Z,0,0,1753,0[CR],3012899390
Z,0,0,1753,0[CR],3012899828
Z,0,0,1753,0[CR],3012900375
Z,0,0,1753,0[CR],3012900812
Z,0,0,1753,0[CR],3012901359
Z,0,0,1753,0[CR],3012901906
Z,0,0,1753,0[CR],3012902343
Z,0,0,1753,0[CR],3012902890
Z,0,0,1753,0[CR],3012903328
Z,0,0,1753,0[CR],3012903875
Z,0,0,1753,0[CR],3012904312
Z,0,0,1753,0[CR],3012904859
Z,0,0,1753,0[CR],3012905406
Z,0,0,1753,0[CR],3012905843
Z,0,0,1753,0[CR],3012906390
Z,0,0,1753,0[CR],3012906828
Z,0,0,1753,0[CR],3012907375
Z,0,0,1753,0[CR],3012907812
Z,0,0,1753,0[CR],3012908359
Z,0,0,1753,0[CR],3012908906
Z,0,0,1753,0[CR],3012909343
C,13584,566,1753,0[CR],3012909781
F,14392,13127,1753,0[CR],3012910218
Z,0,0,1753,0[CR],3012910765
Z,0,0,1753,0[CR],3012911203
Z,0,0,1753,0[CR],3012911750
Z,0,0,1753,0[CR],3012912296
Z,0,0,1753,0[CR],3012912734
Z,0,0,1753,0[CR],3012913281
Z,0,0,1753,0[CR],3012913718
Z,0,0,1753,0[CR],3012914265
Z,0,0,1753,0[CR],3012914703
Z,0,0,1753,0[CR],3012915250
Z,0,0,1753,0[CR],3012915796
Z,0,0,1753,0[CR],3012916234
Z,0,0,1753,0[CR],3012916781
Z,0,0,1753,0[CR],3012917218
Z,0,0,1753,0[CR],3012917765
Z,0,0,1753,0[CR],3012918203
Z,0,0,1753,0[CR],3012918750
Z,0,0,1753,0[CR],3012919296
Z,0,0,1753,0[CR],3012919734
Z,0,0,1753,0[CR],3012920281
Z,0,0,1753,54[CR],3012920718
Z,0,0,1753,44[CR],3012921265
Z,0,0,1753,43[CR],3012921812
Z,0,0,1755,30[CR],3012921812
C,13461,570,1758,33[CR],3012922250
F,14407,16580,1760,2[CR],3012922687
C,14763,578,1760,1[CR],3012923015
F,14364,16558,1760,0[CR],3012923453
A,37148,14371,1760,0[CR],3012923781
F,14354,16550,1760,0[CR],3012924218
C,14924,594,1760,0[CR],3012924546
F,14376,16540,1760,0[CR],3012924984
C,14855,614,1760,0[CR],3012925421
F,14377,16578,1760,0[CR],3012925750
C,14817,522,1760,0[CR],3012926187
F,14359,16568,1760,0[CR],3012926515
C,14772,550,1760,0[CR],3012926953
F,14371,16556,1760,0[CR],3012927281
C,14735,584,1760,0[CR],3012927718
F,14361,16548,1760,0[CR],3012928156
C,14702,562,1760,0[CR],3012928484
F,14370,16542,1760,0[CR],3012928921
C,14674,510,1760,0[CR],3012929250
F,14367,16532,1768,25[CR],3012929687
A,37084,14399,1780,26[CR],3012930015
F,14466,16056,1792,28[CR],3012930453
C,15813,488,1804,29[CR],3012930890
F,14672,16452,1816,30[CR],3012931218
C,14823,410,1827,27[CR],3012931656
F,14737,16982,1839,29[CR],3012931984
C,14213,498,1851,30[CR],3012932421
F,14935,17706,1863,30[CR],3012932750
C,14964,568,1875,30[CR],3012933187
F,15370,16830,1887,31[CR],3012933625
C,15406,344,1899,32[CR],3012933953
F,15804,16108,1910,32[CR],3012934390
C,14660,434,1922,32[CR],3012934718
F,15789,16098,1933,32[CR],3012935156
C,15808,612,1945,25[CR],3012935484
F,16089,16306,1956,26[CR],3012935921
A,37060,16309,1968,28[CR],3012936359
F,16327,15560,1980,28[CR],3012936734
C,17896,522,1991,29[CR],3012937125
F,15836,15457,2003,28[CR],3012937453
C,18252,532,2015,30[CR],3012937890
F,15211,15451,2027,31[CR],3012938218
C,18460,528,2038,31[CR],3012938656
F,14852,15567,2050,32[CR],3012939093
C,18552,494,2061,33[CR],3012939421
F,14892,15759,2073,33[CR],3012939859
C,18574,498,2085,34[CR],3012940187
F,14944,15817,2097,33[CR],3012940625
C,18506,472,2108,27[CR],3012940953
F,14997,15809,2120,28[CR],3012941390
C,18414,544,2132,28[CR],3012941828
F,15037,15673,2144,29[CR],3012942156
A,36992,15030,2156,28[CR],3012942593
F,15031,15458,2168,29[CR],3012942921
C,18006,478,2180,28[CR],3012943359
F,15068,15349,2192,30[CR],3012943687
C,17480,492,2204,31[CR],3012944125
F,15088,15423,2216,31[CR],3012944562
C,16782,356,2228,31[CR],3012944890
F,15130,15794,2240,31[CR],3012945328
C,16116,420,2252,31[CR],3012945656
F,15159,16275,2264,32[CR],3012946093
C,15146,490,2275,32[CR],3012946421
F,15197,17054,2287,33[CR],3012946859
C,14763,622,2299,33[CR],3012947296
F,15225,17820,2311,30[CR],3012947625
C,15374,546,2323,27[CR],3012948062
F,15819,17574,2335,27[CR],3012948390
A,36972,16284,2347,29[CR],3012948828
F,16079,17408,2359,28[CR],3012949156
C,14471,520,2371,29[CR],3012949593
F,15841,17512,2383,30[CR],3012950031
C,13931,482,2395,31[CR],3012950359
F,16324,17506,2407,30[CR],3012950796
C,13586,442,2419,30[CR],3012951125
F,16462,17460,2431,31[CR],3012951562
C,13404,464,2442,30[CR],3012951890
F,16952,16606,2454,31[CR],3012952328
C,13319,490,2466,32[CR],3012952765
F,17466,15825,2478,32[CR],3012953093
C,13305,562,2490,32[CR],3012953531
F,18192,15066,2502,33[CR],3012953859
C,13355,614,2514,33[CR],3012954296
F,18956,14439,2526,34[CR],3012954625
A,36968,19552,2537,25[CR],3012955062
F,19724,13717,2549,29[CR],3012955500
C,13371,574,2561,27[CR],3012955828
F,20568,13452,2573,28[CR],3012956265
C,13282,610,2585,29[CR],3012956593
F,21270,13419,2597,29[CR],3012957031
C,13176,566,2609,30[CR],3012957359
F,22206,13451,2621,29[CR],3012957796
C,13175,568,2632,30[CR],3012958234
F,22904,13473,2644,30[CR],3012958562
C,13185,608,2656,32[CR],3012959000
F,23552,13525,2668,32[CR],3012959328
C,13202,516,2679,31[CR],3012959765
F,24302,13588,2691,33[CR],3012960093
C,13270,630,2703,33[CR],3012960531
F,25092,13611,2714,28[CR],3012960968
A,36924,25588,2726,29[CR],3012961296
F,25768,13623,2738,28[CR],3012961734
C,13227,618,2750,28[CR],3012962062
F,26464,13591,2762,27[CR],3012962500
C,13213,652,2774,29[CR],3012962828
F,27080,13575,2786,30[CR],3012963265
C,13229,650,2797,30[CR],3012963703
F,27764,13589,2810,30[CR],3012964031
C,13201,666,2822,31[CR],3012964468
F,28468,13583,2834,30[CR],3012964796
C,13189,658,2845,30[CR],3012965234
F,28912,13555,2858,32[CR],3012965562
C,13177,666,2869,33[CR],3012966000
F,29680,13545,2881,33[CR],3012966437
C,13199,592,2893,34[CR],3012966765
F,30304,13487,2905,34[CR],3012967203
A,36940,30788,2917,34[CR],3012967531
F,31016,13507,2929,25[CR],3012967968
C,13246,622,2941,25[CR],3012968296
F,31560,13485,2953,28[CR],3012968734
C,13246,664,2965,27[CR],3012969171
F,31692,13465,2977,27[CR],3012969500
C,13246,544,2989,29[CR],3012969937
F,31948,13459,3001,29[CR],3012970265
C,13278,714,3013,30[CR],3012970703
F,32408,13470,3025,30[CR],3012971031
C,13219,724,3037,29[CR],3012971468
F,32960,13480,3049,31[CR],3012971906
C,13227,694,3061,31[CR],3012972234
F,33164,13470,3073,32[CR],3012972671
C,13203,730,3084,32[CR],3012973000
F,33312,13499,3097,32[CR],3012973437
A,36948,33336,3108,32[CR],3012973765
F,33288,13524,3120,33[CR],3012974203
C,13164,768,3132,33[CR],3012974640
F,33220,13518,3144,31[CR],3012974968
C,13137,700,3156,27[CR],3012975406
F,33124,13526,3168,25[CR],3012975734
C,13184,856,3180,28[CR],3012976171
F,33700,13532,3192,28[CR],3012976500
C,13280,758,3204,29[CR],3012976937
F,33808,13575,3216,29[CR],3012977375
C,13325,736,3227,30[CR],3012977703
F,34828,13593,3239,30[CR],3012978140
C,13269,734,3251,30[CR],3012978468
F,35568,13498,3263,30[CR],3012978906
C,13244,766,3275,31[CR],3012979234
F,36156,13491,3287,32[CR],3012979671
A,36948,36620,3299,32[CR],3012980109
F,36596,13484,3311,32[CR],3012980437
C,13244,754,3323,33[CR],3012980875
F,36632,13513,3334,33[CR],3012981203
C,13185,772,3346,33[CR],3012981640
F,36580,13540,3358,25[CR],3012981968
C,13176,748,3370,26[CR],3012982406
F,36820,13572,3382,25[CR],3012982843
C,13178,850,3394,27[CR],3012983171
F,37160,13602,3406,29[CR],3012983609
C,13201,788,3417,28[CR],3012983937
F,37672,13622,3429,29[CR],3012984375
C,13250,800,3441,30[CR],3012984703
F,38040,13620,3453,30[CR],3012985140
C,13286,818,3465,31[CR],3012985578
F,38092,13630,3477,31[CR],3012985906
A,36856,38328,3488,31[CR],3012986343
F,38204,13598,3500,32[CR],3012986671
C,13274,852,3512,32[CR],3012987109
F,37988,13592,3524,33[CR],3012987437
C,13229,782,3536,34[CR],3012987875
F,38404,13589,3547,31[CR],3012988312
C,13258,814,3559,25[CR],3012988640
F,38668,13602,3571,25[CR],3012989078
C,13258,786,3583,28[CR],3012989406
F,39020,13604,3595,28[CR],3012989843
C,13276,832,3607,29[CR],3012990171
F,39488,13613,3619,30[CR],3012990609
C,13279,826,3631,29[CR],3012991046
F,39444,13618,3643,30[CR],3012991375
C,13298,850,3654,31[CR],3012991812
F,39140,13613,3666,30[CR],3012992140
A,36840,39260,3678,31[CR],3012992578
F,39200,13597,3690,32[CR],3012992906
C,13254,790,3701,32[CR],3012993343
F,38884,13608,3713,34[CR],3012993703
C,13254,812,3725,34[CR],3012994109
F,38956,13612,3737,33[CR],3012994546
C,13239,626,3748,23[CR],3012994875
F,39072,13605,3753,3[CR],3012995312
C,13238,908,3753,1[CR],3012995640
F,36532,13269,3753,0[CR],3012996078
C,13014,886,3753,0[CR],3012996515
F,35692,13218,3753,0[CR],3012996843
C,12981,820,3753,0[CR],3012997281
F,35416,13195,3753,0[CR],3012997609
C,12967,840,3753,0[CR],3012998156
Z,0,0,3753,0[CR],3012998375
A,36848,35268,3753,0[CR],3012998812
F,35060,13200,3753,0[CR],3012999250
C,12944,812,3753,0[CR],3012999578
F,35152,13182,3753,0[CR],3013000125
Z,0,0,3753,0[CR],3013000562
Z,0,0,3753,0[CR],3013001109
Z,0,0,3753,0[CR],3013001546
Z,0,0,3753,0[CR],3013002093
Z,0,0,3753,0[CR],3013002640
Z,0,0,3753,0[CR],3013003078
Z,0,0,3753,0[CR],3013003625
Z,0,0,3753,0[CR],3013004062
Z,0,0,3753,0[CR],3013004609
Z,0,0,3753,0[CR],3013005171
Z,0,0,3753,0[CR],3013005609
Z,0,0,3753,0[CR],3013006156
Z,0,0,3753,0[CR],3013006593
Z,0,0,3753,0[CR],3013007140
Z,0,0,3753,0[CR],3013007687
Z,0,0,3753,0[CR],3013008125
Z,0,0,3753,0[CR],3013008671
Z,0,0,3753,0[CR],3013009109
Z,0,0,3753,0[CR],3013009656
Z,0,0,3753,0[CR],3013010203
Z,0,0,3753,0[CR],3013010640
Z,0,0,3753,0[CR],3013011187
Z,0,0,3753,0[CR],3013011625
Z,0,0,3753,0[CR],3013012171
Z,0,0,3753,0[CR],3013012718
Z,0,0,3753,0[CR],3013013156
Z,0,0,3753,0[CR],3013013703
Z,0,0,3753,0[CR],3013014140
Z,0,0,3753,0[CR],3013014687
Z,0,0,3753,0[CR],3013015125
Z,0,0,3753,0[CR],3013015671
Z,0,0,3753,0[CR],3013016218
Z,0,0,3753,0[CR],3013016656
Z,0,0,3753,0[CR],3013017203
Z,0,0,3753,0[CR],3013017640
Z,0,0,3753,0[CR],3013018187
Z,0,0,3753,0[CR],3013018734
Z,0,0,3753,0[CR],3013019171
Z,0,0,3753,0[CR],3013019718
Z,0,0,3753,0[CR],3013020156
Z,0,0,3753,0[CR],3013020703
Z,0,0,3753,0[CR],3013021140
Z,0,0,3753,0[CR],3013021687
Z,0,0,3753,0[CR],3013022125
Z,0,0,3753,0[CR],3013022671
Z,0,0,3753,0[CR],3013023218
Z,0,0,3753,0[CR],3013023656
Z,0,0,3753,38[CR],3013024203
Z,0,0,3753,41[CR],3013024640
Z,0,0,3753,43[CR],3013024968
C,12791,864,3759,19[CR],3013025406
F,34340,13141,3764,4[CR],3013025734
C,12887,858,3764,1[CR],3013026171
F,35220,13204,3764,0[CR],3013026609
C,12926,914,3764,0[CR],3013026937
F,34864,13188,3764,0[CR],3013027375
C,12912,738,3764,0[CR],3013027703
F,34788,13184,3764,0[CR],3013028140
C,12904,752,3764,0[CR],3013028468
F,34736,13177,3764,0[CR],3013028906
C,12899,762,3764,0[CR],3013029343
F,34716,13174,3764,0[CR],3013029671
A,36716,34668,3764,0[CR],3013030109
F,34652,13169,3764,0[CR],3013030468
C,12889,842,3764,0[CR],3013030875
F,34652,13165,3764,0[CR],3013031203
C,12886,792,3764,0[CR],3013031640
F,34632,13165,3764,0[CR],3013032078
C,12885,792,3764,0[CR],3013032406
F,34596,13161,3764,0[CR],3013032843
C,12881,870,3769,35[CR],3013033171
F,34572,13256,3781,28[CR],3013033609
C,13206,790,3793,26[CR],3013033937
F,38624,13632,3805,28[CR],3013034375
C,13260,804,3817,27[CR],3013034812
F,39232,13635,3829,28[CR],3013035140
C,13279,778,3840,30[CR],3013035578
F,39560,13637,3853,29[CR],3013035906
A,36728,39772,3864,30[CR],3013036343
F,39736,13636,3876,30[CR],3013036671
C,13293,742,3888,30[CR],3013037109
F,39728,13633,3900,31[CR],3013037546
C,13305,798,3912,31[CR],3013037875
F,38752,13617,3924,32[CR],3013038312
C,13280,766,3936,32[CR],3013038640
F,38960,13597,3947,33[CR],3013039078
C,13254,796,3959,33[CR],3013039406
F,37940,13576,3971,34[CR],3013039843
C,13216,836,3983,27[CR],3013040171
F,37884,13583,3995,26[CR],3013040609
C,13199,812,4006,28[CR],3013041046
F,38068,13597,4019,27[CR],3013041375
C,13204,896,4030,29[CR],3013041812
F,38052,13607,4042,27[CR],3013042140
A,36688,38152,4054,27[CR],3013042578
F,38180,13597,4066,29[CR],3013043015
C,13206,882,4078,30[CR],3013043343
F,38264,13577,4090,31[CR],3013043781
C,13204,788,4102,30[CR],3013044109
F,38368,13570,4113,31[CR],3013044546
C,13237,764,4125,31[CR],3013044875
F,38128,13550,4137,32[CR],3013045312
C,13255,814,4149,33[CR],3013045750
F,37624,13549,4161,34[CR],3013046078
C,13232,768,4173,34[CR],3013046515
F,37536,13550,4184,26[CR],3013046843
C,13229,810,4196,27[CR],3013047281
F,38184,13549,4208,29[CR],3013047609
C,13244,830,4220,28[CR],3013048046
F,38992,13564,4232,27[CR],3013048484
A,36648,39760,4244,29[CR],3013048812
F,39884,13563,4256,29[CR],3013049250
C,13312,840,4268,30[CR],3013049578
F,40312,13574,4280,30[CR],3013050015
C,13330,932,4292,30[CR],3013050343
F,39788,13553,4304,31[CR],3013050781
C,13277,758,4316,31[CR],3013051218
F,39276,13544,4328,31[CR],3013051546
C,13262,862,4340,32[CR],3013051984
F,39564,13571,4351,32[CR],3013052312
C,13265,906,4363,33[CR],3013052750
F,40132,13589,4375,33[CR],3013053078
C,13295,958,4387,30[CR],3013053515
F,40392,13608,4399,25[CR],3013053953
C,13296,898,4411,27[CR],3013054281
F,40832,13619,4423,30[CR],3013054718
A,36608,41024,4435,28[CR],3013055046
F,41024,13625,4447,28[CR],3013055484
C,13321,900,4458,29[CR],3013055812
F,41320,13600,4470,29[CR],3013056250
C,13319,854,4482,30[CR],3013056687
F,40372,13581,4494,31[CR],3013057015
C,13279,920,4506,31[CR],3013057453
F,39536,13580,4518,31[CR],3013057781
C,13266,814,4530,31[CR],3013058218
F,39356,13588,4541,32[CR],3013058546
C,13257,974,4553,33[CR],3013058984
F,39776,13585,4565,33[CR],3013059421
C,13256,854,4577,33[CR],3013059750
F,40132,13599,4589,32[CR],3013060187
C,13259,948,4600,25[CR],3013060515
F,40472,13601,4613,26[CR],3013060953
A,36572,40584,4624,27[CR],3013061281
F,40616,13611,4636,29[CR],3013061718
C,13258,952,4648,28[CR],3013062156
F,40828,13595,4660,29[CR],3013062484
C,13275,902,4672,29[CR],3013062921
F,41104,13585,4684,29[CR],3013063250
C,13304,934,4696,31[CR],3013063687
F,41312,13586,4708,30[CR],3013064015
C,13339,924,4719,31[CR],3013064453
F,41600,13584,4731,31[CR],3013064890
C,13340,850,4743,31[CR],3013065218
F,41504,13580,4755,31[CR],3013065656
C,13349,970,4767,32[CR],3013065984
F,41240,13566,4779,33[CR],3013066421
C,13323,862,4790,33[CR],3013066750
F,41656,13577,4802,28[CR],3013067187
A,36536,41376,4814,27[CR],3013067625
F,41432,13588,4826,27[CR],3013067968
C,13317,938,4838,28[CR],3013068390
F,41848,13601,4850,27[CR],3013068718
C,13326,1016,4862,28[CR],3013069156
F,42232,13612,4874,29[CR],3013069484
C,13327,868,4886,30[CR],3013069921
F,42232,13617,4897,30[CR],3013070359
C,13342,914,4909,30[CR],3013070687
F,41968,13622,4921,31[CR],3013071125
C,13331,968,4933,32[CR],3013071453
F,41216,13603,4945,32[CR],3013071890
C,13299,860,4957,34[CR],3013072218
F,40836,13603,4968,33[CR],3013072656
C,13321,970,4980,33[CR],3013073093
F,41272,13615,4992,33[CR],3013073421
A,36520,41872,5004,27[CR],3013073859
F,41960,13627,5016,27[CR],3013074187
C,13353,1012,5028,28[CR],3013074625
F,42008,13634,5040,28[CR],3013074953
C,13352,942,5052,28[CR],3013075390
F,41728,13613,5064,27[CR],3013075828
C,13350,958,5076,29[CR],3013076156
F,41232,13615,5088,30[CR],3013076593
C,13375,998,5099,30[CR],3013076921
F,41896,13589,5111,31[CR],3013077359
C,13352,908,5123,31[CR],3013077687
F,42120,13607,5135,32[CR],3013078125
C,13343,1024,5147,32[CR],3013078562
F,41848,13588,5159,33[CR],3013078890
C,13313,952,5171,33[CR],3013079328
F,41400,13596,5182,34[CR],3013079656
A,36492,41144,5194,27[CR],3013080093
F,41280,13596,5206,26[CR],3013080421
C,13332,960,5218,26[CR],3013080859
F,41952,13597,5230,27[CR],3013081296
C,13341,968,5242,27[CR],3013081625
F,42248,13613,5254,29[CR],3013082062
C,13345,1094,5266,29[CR],3013082390
F,42432,13621,5278,29[CR],3013082828
C,13364,952,5289,31[CR],3013083156
F,41664,13594,5301,30[CR],3013083593
C,13325,986,5313,31[CR],3013084031
F,41968,13597,5325,31[CR],3013084359
C,13320,942,5337,32[CR],3013084796
F,41304,13571,5349,32[CR],3013085125
C,13329,966,5361,32[CR],3013085562
F,41952,13572,5373,32[CR],3013085890
A,36452,42208,5385,33[CR],3013086328
F,42360,13574,5396,30[CR],3013086765
C,13351,1066,5408,25[CR],3013087093
F,42096,13573,5420,27[CR],3013087453
C,13297,994,5432,28[CR],3013087859
F,42072,13574,5444,28[CR],3013088296
C,13267,1084,5455,28[CR],3013088625
F,41576,13568,5467,29[CR],3013089062
C,13279,1048,5479,30[CR],3013089500
F,42024,13560,5491,30[CR],3013089828
C,13283,1056,5503,30[CR],3013090265
F,42464,13558,5514,31[CR],3013090593
C,13310,1090,5526,31[CR],3013091031
F,43384,13584,5538,32[CR],3013091359
C,13311,1014,5550,33[CR],3013091796
F,42952,13570,5562,34[CR],3013092234
A,36460,43000,5574,34[CR],3013092562
F,42968,13568,5585,34[CR],3013093000
C,13322,976,5597,25[CR],3013093328
F,42232,13527,5609,28[CR],3013093765
C,13347,1062,5621,28[CR],3013094093
F,42400,13538,5633,27[CR],3013094531
C,13349,892,5645,29[CR],3013094968
F,42760,13559,5657,29[CR],3013095296
C,13356,1084,5668,30[CR],3013095734
F,42608,13535,5680,31[CR],3013096062
C,13308,1056,5692,31[CR],3013096500
F,42192,13548,5704,31[CR],3013096828
C,13283,1062,5715,32[CR],3013097265
F,42336,13560,5727,33[CR],3013097593
C,13330,1128,5739,33[CR],3013098031
F,43328,13565,5751,33[CR],3013098468
A,36432,43744,5754,3[CR],3013098796
F,43608,13323,5754,1[CR],3013099234
C,13166,1064,5754,0[CR],3013099562
F,41016,13239,5754,0[CR],3013100000
C,13105,994,5754,0[CR],3013100328
F,40600,13213,5754,0[CR],3013100765
C,13079,1062,5754,0[CR],3013101203
F,40352,13198,5754,0[CR],3013101531
C,13064,1054,5754,0[CR],3013101968
F,40188,13191,5754,0[CR],3013102296
C,13052,1044,5754,0[CR],3013102734
F,40076,13186,5754,0[CR],3013103062
C,13042,1018,5754,0[CR],3013103500
F,40328,13249,5754,0[CR],3013103937
C,13074,1034,5754,0[CR],3013104265
F,40076,13217,5754,0[CR],3013104703
A,36400,39916,5754,0[CR],3013105031
F,39856,13207,5754,0[CR],3013105468
C,13044,1050,5754,0[CR],3013105796
F,39732,13191,5754,0[CR],3013106343
Z,0,0,5754,0[CR],3013106890
Z,0,0,5754,0[CR],3013107328
Z,0,0,5754,0[CR],3013107875
Z,0,0,5754,0[CR],3013108312
Z,0,0,5754,0[CR],3013108859
Z,0,0,5754,0[CR],3013109406
Z,0,0,5754,0[CR],3013109843
Z,0,0,5754,0[CR],3013110390
Z,0,0,5754,0[CR],3013110828
Z,0,0,5754,0[CR],3013111375
Z,0,0,5754,0[CR],3013111921
Z,0,0,5754,0[CR],3013112359
Z,0,0,5754,0[CR],3013112906
Z,0,0,5754,0[CR],3013113343
Z,0,0,5754,0[CR],3013113890
Z,0,0,5754,0[CR],3013114328
Z,0,0,5754,0[CR],3013114875
Z,0,0,5754,0[CR],3013115421
Z,0,0,5754,0[CR],3013115859
Z,0,0,5754,0[CR],3013116406
Z,0,0,5754,0[CR],3013116406
C,12933,1018,5754,0[CR],3013116734
F,38612,13091,5754,0[CR],3013117281
Z,0,0,5754,0[CR],3013117609
F,38560,13091,5754,0[CR],3013117937
C,12928,1050,5754,0[CR],3013118375
F,38532,13087,5754,0[CR],3013118812
Z,0,0,5754,0[CR],3013119359
Z,0,0,5754,0[CR],3013119906
Z,0,0,5754,0[CR],3013120343
Z,0,0,5754,0[CR],3013120890
Z,0,0,5754,0[CR],3013121328
Z,0,0,5754,0[CR],3013121875
Z,0,0,5754,0[CR],3013122312
Z,0,0,5754,0[CR],3013122859
Z,0,0,5754,0[CR],3013123406
Z,0,0,5754,0[CR],3013123843
Z,0,0,5754,0[CR],3013124390
Z,0,0,5754,0[CR],3013124828
Z,0,0,5754,0[CR],3013125375
Z,0,0,5754,0[CR],3013125812
Z,0,0,5754,0[CR],3013126359
Z,0,0,5754,0[CR],3013126906
Z,0,0,5754,0[CR],3013127343
Z,0,0,5754,0[CR],3013127890
Z,0,0,5754,0[CR],3013128328
Z,0,0,5754,0[CR],3013128875
Z,0,0,5754,0[CR],3013129312
Z,0,0,5754,0[CR],3013129859
Z,0,0,5754,0[CR],3013130406
Z,0,0,5754,0[CR],3013130843
Z,0,0,5754,0[CR],3013131390
Z,0,0,5754,0[CR],3013131828
Z,0,0,5754,0[CR],3013132375
Z,0,0,5754,0[CR],3013132812
Z,0,0,5754,0[CR],3013133359
Z,0,0,5754,54[CR],3013133906
Z,0,0,5761,47[CR],3013134015
F,37948,13063,5763,24[CR],3013134343
C,12892,1048,5769,12[CR],3013134781
F,38548,13263,5769,2[CR],3013135109
C,13137,980,5769,1[CR],3013135546
F,39156,13225,5769,0[CR],3013135875
A,36256,39020,5769,0[CR],3013136312
F,38972,13220,5769,0[CR],3013136750
C,13081,1002,5769,0[CR],3013137078
F,38928,13213,5769,0[CR],3013137515
C,13069,1032,5769,0[CR],3013137843
F,38860,13208,5769,0[CR],3013138281
C,13059,1042,5769,0[CR],3013138609
F,38820,13211,5769,0[CR],3013139046
C,13053,1062,5769,0[CR],3013139484
F,38772,13209,5769,0[CR],3013139812
C,13048,1070,5769,0[CR],3013140250
F,38732,13204,5769,0[CR],3013140578
C,13042,974,5769,0[CR],3013141015
F,38700,13201,5769,0[CR],3013141343
C,13036,1026,5769,0[CR],3013141781
F,38672,13197,5773,30[CR],3013142218
A,36284,38828,5785,32[CR],3013142546
F,41200,13590,5797,33[CR],3013142984
C,13346,1096,5809,33[CR],3013143312
F,42728,13577,5821,33[CR],3013143750
C,13305,1046,5832,33[CR],3013144078
F,42088,13538,5844,33[CR],3013144515
C,13275,960,5856,27[CR],3013144953
F,42184,13528,5868,29[CR],3013145281
C,13282,1076,5880,29[CR],3013145718
F,41864,13524,5892,28[CR],3013146046
C,13292,1112,5904,27[CR],3013146484
F,42672,13515,5916,29[CR],3013146812
C,13315,1126,5927,29[CR],3013147250
F,43120,13516,5939,30[CR],3013147687
C,13296,1046,5951,31[CR],3013148015
F,42984,13485,5963,31[CR],3013148453
A,36252,43056,5975,32[CR],3013148781
F,43496,13493,5987,32[CR],3013149218
C,13291,990,5998,33[CR],3013149546
F,42904,13470,6010,33[CR],3013149984
C,13236,1088,6022,33[CR],3013150421
F,41592,13427,6034,27[CR],3013150750
C,13243,1052,6045,26[CR],3013151187
F,41856,13435,6058,27[CR],3013151515
C,13235,1058,6069,28[CR],3013151953
F,41960,13428,6081,28[CR],3013152281
C,13239,1054,6093,28[CR],3013152718
F,42728,13449,6105,29[CR],3013153156
C,13246,1100,6117,29[CR],3013153484
F,43184,13442,6129,30[CR],3013153921
C,13235,1106,6141,30[CR],3013154250
F,43456,13426,6153,31[CR],3013154687
A,36192,43608,6165,31[CR],3013155015
F,43608,13403,6176,32[CR],3013155453
C,13241,1132,6188,33[CR],3013155890
F,43336,13403,6200,33[CR],3013156218
C,13274,1066,6212,33[CR],3013156656
F,43720,13407,6224,34[CR],3013156984
C,13271,1168,6235,30[CR],3013157421
F,43648,13367,6247,25[CR],3013157750
C,13303,1102,6259,27[CR],3013158187
F,43520,13365,6271,28[CR],3013158625
C,13261,1140,6283,27[CR],3013158953
F,42840,13384,6295,28[CR],3013159390
C,13259,1140,6307,29[CR],3013159718
F,43216,13391,6318,30[CR],3013160156
C,13277,1114,6330,30[CR],3013160484
F,43624,13388,6342,30[CR],3013160921
A,36184,43704,6354,30[CR],3013161359
F,43840,13396,6366,32[CR],3013161718
C,13314,1110,6378,32[CR],3013162125
F,43696,13389,6390,32[CR],3013162453
C,13285,1186,6401,33[CR],3013162890
F,43144,13366,6413,33[CR],3013163218
C,13292,1112,6425,31[CR],3013163656
F,44208,13386,6437,27[CR],3013164093
C,13316,1174,6449,28[CR],3013164421
F,44408,13353,6461,28[CR],3013164859
C,13353,1196,6472,29[CR],3013165187
F,44720,13355,6484,29[CR],3013165625
C,13330,1142,6496,29[CR],3013165953
F,43896,13329,6508,30[CR],3013166390
C,13357,1186,6520,30[CR],3013166828
F,43720,13349,6532,30[CR],3013167156
A,36124,44272,6544,31[CR],3013167593
F,44552,13355,6556,31[CR],3013167921
C,13337,1168,6568,31[CR],3013168359
F,44384,13341,6579,32[CR],3013168687
C,13280,1162,6591,33[CR],3013169125
F,44144,13331,6603,33[CR],3013169562
C,13298,1122,6615,34[CR],3013169890
F,42712,13295,6627,29[CR],3013170328
C,13346,1058,6638,25[CR],3013170656
F,44024,13322,6650,26[CR],3013171093
C,13319,1220,6662,27[CR],3013171421
F,43536,13292,6674,29[CR],3013171859
C,13237,1098,6686,28[CR],3013172296
F,42624,13276,6698,30[CR],3013172625
C,13242,1158,6710,29[CR],3013173062
F,43040,13265,6722,30[CR],3013173390
A,36128,43776,6734,30[CR],3013173828
F,44048,13290,6746,30[CR],3013174156
C,13292,1184,6758,30[CR],3013174593
F,44032,13307,6769,31[CR],3013175031
C,13339,1166,6781,32[CR],3013175359
F,44792,13304,6793,32[CR],3013175796
C,13334,1116,6805,33[CR],3013176125
F,43184,13250,6817,33[CR],3013176562
C,13283,1192,6829,34[CR],3013177000
F,43864,13279,6841,30[CR],3013177328
C,13303,1172,6852,29[CR],3013177765
F,44256,13273,6865,29[CR],3013178093
C,13308,1170,6876,28[CR],3013178531
F,44136,13287,6888,28[CR],3013178859
C,13320,1180,6900,28[CR],3013179296
F,45040,13314,6912,28[CR],3013179734
A,36128,44584,6924,30[CR],3013180062
F,44424,13289,6936,31[CR],3013180500
C,13320,1274,6948,30[CR],3013180828
F,44616,13277,6959,32[CR],3013181265
C,13286,1166,6972,32[CR],3013181593
F,43776,13294,6983,32[CR],3013182031
C,13281,1170,6995,32[CR],3013182468
F,43736,13282,7007,32[CR],3013182796
C,13320,1180,7019,33[CR],3013183234
F,45168,13308,7031,34[CR],3013183562
C,13319,1172,7043,32[CR],3013184000
F,44584,13276,7055,26[CR],3013184328
C,13314,1136,7066,27[CR],3013184765
F,43376,13250,7078,28[CR],3013185203
C,13302,1186,7090,28[CR],3013185531
F,44248,13255,7102,28[CR],3013185968
A,36076,43096,7114,29[CR],3013186296
F,43232,13262,7126,30[CR],3013186734
C,13261,1204,7138,30[CR],3013187062
F,44096,13265,7150,31[CR],3013187500
C,13326,1260,7162,31[CR],3013187937
F,44424,13297,7173,32[CR],3013188265
C,13307,1212,7185,32[CR],3013188703
F,43888,13286,7197,31[CR],3013189031
C,13264,1248,7209,32[CR],3013189468
F,43848,13297,7221,34[CR],3013189796
C,13279,1214,7232,34[CR],3013190234
F,45048,13297,7244,31[CR],3013190671
C,13295,1146,7256,27[CR],3013191000
F,45048,13282,7268,28[CR],3013191437
C,13269,1136,7280,27[CR],3013191765
F,44224,13250,7292,28[CR],3013192203
A,36060,44192,7304,28[CR],3013192531
F,44376,13259,7316,30[CR],3013192968
C,13281,1306,7328,30[CR],3013193406
F,43744,13252,7339,31[CR],3013193734
C,13272,1204,7351,30[CR],3013194171
F,44008,13246,7363,31[CR],3013194500
C,13285,1112,7375,32[CR],3013194937
F,44336,13261,7387,31[CR],3013195265
C,13317,1244,7398,33[CR],3013195703
F,44808,13284,7410,33[CR],3013196140
C,13333,1242,7422,30[CR],3013196468
F,45272,13270,7434,25[CR],3013196906
C,13369,1228,7445,25[CR],3013197234
F,44200,13267,7457,26[CR],3013197671
C,13335,1332,7469,28[CR],3013198000
F,44352,13274,7481,28[CR],3013198437
A,36052,44776,7493,29[CR],3013198875
F,45056,13318,7505,29[CR],3013199234
C,13350,1294,7517,30[CR],3013199640
F,46208,13330,7528,31[CR],3013199968
C,13350,1306,7540,31[CR],3013200406
F,45192,13289,7552,31[CR],3013200734
C,13393,1342,7564,32[CR],3013201171
F,45176,13289,7576,32[CR],3013201609
C,13284,1264,7588,33[CR],3013201937
F,44376,13299,7600,33[CR],3013202375
C,13322,1312,7611,34[CR],3013202703
F,44824,13327,7623,27[CR],3013203140
C,13356,1340,7635,27[CR],3013203468
F,46064,13319,7647,28[CR],3013203906
C,13349,1306,7659,27[CR],3013204343
F,45056,13304,7670,27[CR],3013204671
A,36056,44896,7682,29[CR],3013205109
F,44696,13295,7694,30[CR],3013205437
C,13312,1258,7706,30[CR],3013205875
F,44800,13273,7718,30[CR],3013206203
C,13322,1322,7729,31[CR],3013206640
F,45216,13286,7741,31[CR],3013207078
C,13333,1288,7753,31[CR],3013207406
F,45480,13283,7754,2[CR],3013207843
C,13205,1358,7754,1[CR],3013208171
F,42648,13148,7754,0[CR],3013208609
C,13085,1322,7754,0[CR],3013208937
F,41816,13133,7754,0[CR],3013209375
C,13053,1356,7754,0[CR],3013209812
F,41360,13124,7754,0[CR],3013210140
C,13034,1348,7754,0[CR],3013210578
F,41080,13117,7754,0[CR],3013210906
A,36056,40920,7754,0[CR],3013211343
F,41696,13134,7754,0[CR],3013211671
C,13069,1332,7755,0[CR],3013212109
F,41200,13127,7755,0[CR],3013212546
C,13055,1294,7755,0[CR],3013212875
F,41120,13121,7755,0[CR],3013213421
Z,0,0,7755,0[CR],3013213859
Z,0,0,7755,0[CR],3013214406
Z,0,0,7755,0[CR],3013214953
Z,0,0,7755,0[CR],3013215390
Z,0,0,7755,0[CR],3013215937
Z,0,0,7755,0[CR],3013216375
Z,0,0,7755,0[CR],3013216921
Z,0,0,7755,0[CR],3013217468
Z,0,0,7755,0[CR],3013217906
Z,0,0,7755,0[CR],3013218453
Z,0,0,7755,0[CR],3013218890
Z,0,0,7755,0[CR],3013219437
Z,0,0,7755,0[CR],3013219984
Z,0,0,7755,0[CR],3013220421
Z,0,0,7755,0[CR],3013220968
Z,0,0,7755,0[CR],3013221406
Z,0,0,7755,0[CR],3013221953
Z,0,0,7755,0[CR],3013222500
Z,0,0,7755,0[CR],3013222937
Z,0,0,7755,0[CR],3013223484
Z,0,0,7755,0[CR],3013223921
Z,0,0,7755,0[CR],3013224468
Z,0,0,7755,0[CR],3013224906
Z,0,0,7755,0[CR],3013225453
Z,0,0,7755,0[CR],3013226000
Z,0,0,7755,0[CR],3013226437
Z,0,0,7755,0[CR],3013226984
Z,0,0,7755,0[CR],3013227421
Z,0,0,7755,0[CR],3013227968
Z,0,0,7755,0[CR],3013228406
Z,0,0,7755,0[CR],3013228953
Z,0,0,7755,0[CR],3013229500
Z,0,0,7755,0[CR],3013229937
Z,0,0,7755,0[CR],3013230484
Z,0,0,7755,0[CR],3013230921
Z,0,0,7755,0[CR],3013231468
Z,0,0,7755,0[CR],3013231906
Z,0,0,7755,0[CR],3013232453
Z,0,0,7755,0[CR],3013233000
Z,0,0,7755,0[CR],3013233437
Z,0,0,7755,36[CR],3013233984
Z,0,0,7755,49[CR],3013234421
Z,0,0,7755,47[CR],3013234968
Z,0,0,7761,47[CR],3013235187
C,12919,1310,7765,16[CR],3013235515
F,38836,13080,7769,5[CR],3013235953
A,35988,41160,7769,1[CR],3013236281
F,40960,13141,7769,1[CR],3013236718
C,13080,1328,7769,0[CR],3013237156
F,40632,13130,7769,0[CR],3013237484
C,13052,1424,7769,0[CR],3013237921
F,40456,13123,7769,0[CR],3013238250
C,13038,1262,7769,0[CR],3013238687
F,40308,13119,7769,0[CR],3013239015
C,13029,1288,7769,0[CR],3013239453
F,40204,13119,7769,0[CR],3013239890
C,13082,1360,7769,0[CR],3013240218
F,41104,13143,7769,0[CR],3013240656
C,13093,1312,7769,0[CR],3013240984
F,40840,13136,7769,0[CR],3013241421
C,13064,1300,7769,0[CR],3013241750
F,40656,13130,7769,0[CR],3013242187
A,36008,40556,7769,0[CR],3013242625
F,40504,13129,7769,0[CR],3013242953
C,13037,1340,7769,0[CR],3013243390
F,40444,13125,7777,29[CR],3013243718
C,13032,1306,7789,29[CR],3013244156
F,44480,13353,7801,30[CR],3013244484
C,13273,1188,7813,30[CR],3013244921
F,45664,13301,7825,31[CR],3013245359
C,13304,1304,7837,31[CR],3013245687
F,46128,13299,7848,32[CR],3013246125
C,13318,1288,7860,32[CR],3013246453
F,45216,13278,7872,33[CR],3013246890
C,13348,1312,7884,33[CR],3013247218
F,45264,13257,7896,33[CR],3013247656
C,13316,1244,7907,30[CR],3013248093
F,45984,13279,7919,25[CR],3013248421
A,35908,46096,7931,27[CR],3013248859
F,45616,13259,7943,27[CR],3013249187
C,13346,1368,7955,27[CR],3013249625
F,44944,13261,7967,28[CR],3013249953
C,13294,1296,7979,28[CR],3013250390
F,44600,13267,7991,30[CR],3013250828
C,13299,1336,8003,29[CR],3013251156
F,45064,13308,8015,30[CR],3013251593
C,13280,1274,8027,31[CR],3013251921
F,44496,13274,8038,31[CR],3013252359
C,13282,1382,8050,33[CR],3013252687
F,44896,13305,8062,32[CR],3013253125
C,13359,1228,8074,34[CR],3013253562
F,46008,13324,8086,33[CR],3013253890
C,13349,1270,8097,33[CR],3013254328
F,46392,13335,8109,25[CR],3013254656
A,35920,46912,8121,25[CR],3013255093
F,46744,13315,8133,26[CR],3013255468
C,13346,1400,8145,29[CR],3013255859
F,46568,13282,8157,28[CR],3013256203
C,13381,1334,8169,28[CR],3013256625
F,45736,13259,8181,27[CR],3013257062
C,13333,1424,8193,30[CR],3013257390
F,45576,13289,8205,30[CR],3013257828
C,13372,1364,8217,30[CR],3013258156
F,46784,13292,8228,31[CR],3013258593
C,13415,1304,8240,31[CR],3013259031
F,47400,13299,8252,31[CR],3013259359
C,13395,1346,8264,32[CR],3013259796
F,46872,13321,8276,33[CR],3013260125
C,13401,1340,8288,33[CR],3013260562
F,46664,13317,8300,33[CR],3013260890
A,35944,45952,8311,30[CR],3013261328
F,45720,13294,8323,25[CR],3013261765
C,13316,1312,8335,26[CR],3013262093
F,45880,13302,8347,29[CR],3013262531
C,13369,1326,8359,28[CR],3013262859
F,46912,13306,8371,29[CR],3013263296
C,13339,1352,8383,28[CR],3013263625
F,45976,13292,8395,29[CR],3013264062
C,13340,1418,8407,30[CR],3013264500
F,46528,13311,8419,29[CR],3013264828
C,13346,1336,8431,31[CR],3013265265
F,47056,13297,8442,30[CR],3013265593
C,13361,1342,8454,31[CR],3013266031
F,46992,13254,8466,32[CR],3013266359
C,13375,1408,8478,32[CR],3013266796
F,46128,13206,8490,33[CR],3013267234
A,35884,45312,8501,33[CR],3013267562
F,45488,13228,8513,28[CR],3013268000
C,13390,1370,8525,26[CR],3013268328
F,46064,13267,8537,26[CR],3013268765
C,13438,1322,8549,28[CR],3013269093
F,47552,13304,8561,28[CR],3013269531
C,13408,1292,8572,27[CR],3013269968
F,47696,13316,8584,29[CR],3013270296
C,13393,1374,8596,30[CR],3013270734
F,47120,13312,8608,30[CR],3013271062
C,13401,1344,8620,30[CR],3013271500
F,47304,13335,8632,30[CR],3013271828
C,13408,1350,8644,31[CR],3013272265
F,48088,13337,8655,31[CR],3013272703
C,13444,1426,8667,31[CR],3013273031
F,48224,13327,8679,32[CR],3013273468
A,35852,48320,8691,34[CR],3013273796
F,47776,13328,8702,33[CR],3013274250
C,13467,1362,8714,25[CR],3013274562
F,48040,13358,8726,29[CR],3013275000
C,13421,1374,8738,27[CR],3013275437
F,48512,13356,8750,28[CR],3013275765
C,13394,1332,8762,28[CR],3013276203
F,47552,13305,8774,27[CR],3013276531
C,13405,1404,8786,30[CR],3013276968
F,48048,13318,8797,30[CR],3013277296
C,13429,1376,8809,30[CR],3013277734
F,47000,13283,8821,30[CR],3013278171
C,13369,1446,8833,31[CR],3013278500
F,45760,13270,8845,32[CR],3013278937
C,13316,1332,8857,32[CR],3013279265
F,46904,13299,8869,33[CR],3013279703
A,35896,47528,8880,33[CR],3013280031
F,47440,13307,8892,33[CR],3013280468
C,13348,1458,8904,27[CR],3013280906
F,47128,13309,8916,25[CR],3013281234
C,13397,1400,8928,28[CR],3013281671
F,47632,13330,8940,28[CR],3013282000
C,13392,1424,8951,28[CR],3013282437
F,47176,13284,8963,27[CR],3013282765
C,13472,1312,8975,28[CR],3013283203
F,47312,13245,8987,28[CR],3013283640
C,13425,1456,8999,29[CR],3013283968
F,47264,13266,9011,31[CR],3013284406
C,13372,1420,9023,31[CR],3013284734
F,48048,13312,9035,31[CR],3013285171
C,13411,1396,9047,31[CR],3013285500
F,48544,13324,9059,31[CR],3013285937
A,35824,48616,9070,33[CR],3013286375
F,48928,13362,9082,33[CR],3013286703
C,13431,1462,9094,32[CR],3013287140
F,49416,13359,9106,26[CR],3013287468
C,13416,1434,9117,26[CR],3013287906
F,48112,13321,9130,29[CR],3013288234
C,13444,1416,9141,28[CR],3013288671
F,46968,13272,9153,28[CR],3013289109
C,13374,1412,9165,29[CR],3013289437
F,47000,13298,9177,30[CR],3013289875
C,13374,1432,9189,30[CR],3013290203
F,47192,13281,9201,30[CR],3013290640
C,13451,1432,9213,31[CR],3013290968
F,48344,13327,9225,31[CR],3013291406
C,13473,1420,9237,32[CR],3013291843
F,49056,13337,9249,31[CR],3013292171
A,35824,46728,9260,33[CR],3013292609
F,45896,13301,9272,32[CR],3013292968
C,13365,1492,9284,33[CR],3013293375
F,46560,13332,9296,31[CR],3013293703
C,13388,1494,9307,26[CR],3013294140
F,47592,13318,9319,26[CR],3013294578
C,13421,1380,9331,27[CR],3013294906
F,48664,13339,9343,28[CR],3013295343
C,13380,1444,9355,29[CR],3013295671
F,48808,13344,9367,29[CR],3013296109
C,13424,1462,9379,29[CR],3013296437
F,49008,13349,9391,30[CR],3013296875
C,13436,1442,9403,31[CR],3013297312
F,49048,13275,9414,31[CR],3013297640
C,13410,1504,9426,31[CR],3013298078
F,47064,13212,9438,32[CR],3013298406
A,35856,47544,9450,31[CR],3013298843
F,47568,13253,9462,32[CR],3013299171
C,13385,1470,9473,33[CR],3013299609
F,47792,13259,9485,33[CR],3013300046
C,13429,1506,9497,29[CR],3013300375
F,48712,13296,9509,27[CR],3013300812
C,13461,1398,9521,27[CR],3013301140
F,48648,13293,9533,29[CR],3013301578
C,13424,1476,9544,28[CR],3013301906
F,47752,13303,9557,28[CR],3013302343
C,13460,1464,9568,29[CR],3013302781
F,47232,13276,9580,29[CR],3013303109
C,13441,1540,9592,30[CR],3013303546
F,47840,13303,9604,31[CR],3013303875
C,13385,1408,9616,31[CR],3013304312
F,47272,13298,9628,31[CR],3013304640
A,35824,48272,9640,31[CR],3013305078
F,48824,13357,9651,31[CR],3013305515
C,13461,1490,9663,33[CR],3013305843
F,49656,13355,9675,34[CR],3013306281
C,13450,1514,9686,34[CR],3013306609
F,48904,13323,9698,25[CR],3013307046
C,13447,1482,9710,28[CR],3013307375
F,48240,13329,9722,28[CR],3013307812
C,13471,1520,9734,28[CR],3013308250
F,48000,13307,9746,28[CR],3013308578
C,13460,1514,9754,6[CR],3013309015
F,49312,13368,9754,1[CR],3013309343
C,13331,1512,9755,1[CR],3013309781
F,47168,13256,9755,1[CR],3013310109
C,13326,1512,9755,0[CR],3013310546
F,46784,13237,9755,0[CR],3013310984
A,35768,46104,9755,0[CR],3013311312
F,46112,13243,9755,0[CR],3013311750
C,13243,1516,9755,0[CR],3013312078
F,46104,13222,9755,0[CR],3013312515
C,13208,1476,9755,0[CR],3013312843
F,45888,13217,9755,0[CR],3013313281
C,13197,1510,9755,0[CR],3013313828
Z,0,0,9755,0[CR],3013314265
Z,0,0,9755,0[CR],3013314812
Z,0,0,9755,0[CR],3013315250
Z,0,0,9755,0[CR],3013315796
Z,0,0,9755,0[CR],3013316343
Z,0,0,9755,0[CR],3013316781
Z,0,0,9755,0[CR],3013317328
Z,0,0,9755,0[CR],3013317765
Z,0,0,9755,0[CR],3013318312
Z,0,0,9755,0[CR],3013318859
Z,0,0,9755,0[CR],3013319296
Z,0,0,9755,0[CR],3013319843
Z,0,0,9755,0[CR],3013320281
Z,0,0,9755,0[CR],3013320828
Z,0,0,9755,0[CR],3013321265
Z,0,0,9755,0[CR],3013321812
Z,0,0,9755,0[CR],3013322359
Z,0,0,9755,0[CR],3013322796
Z,0,0,9755,0[CR],3013323343
Z,0,0,9755,0[CR],3013323781
Z,0,0,9755,0[CR],3013324328
Z,0,0,9755,0[CR],3013324875
Z,0,0,9755,0[CR],3013325312
Z,0,0,9755,0[CR],3013325859
Z,0,0,9755,0[CR],3013326296
Z,0,0,9755,0[CR],3013326843
Z,0,0,9755,0[CR],3013327281
Z,0,0,9755,0[CR],3013327828
Z,0,0,9755,0[CR],3013328375
Z,0,0,9755,0[CR],3013328812
Z,0,0,9755,0[CR],3013329359
Z,0,0,9755,0[CR],3013329796
Z,0,0,9755,0[CR],3013330343
Z,0,0,9755,0[CR],3013330781
Z,0,0,9755,0[CR],3013331328
Z,0,0,9755,0[CR],3013331875
Z,0,0,9755,0[CR],3013332312
Z,0,0,9755,0[CR],3013332859
Z,0,0,9755,0[CR],3013333296
Z,0,0,9755,0[CR],3013333843
Z,0,0,9755,0[CR],3013334281
Z,0,0,9755,0[CR],3013334828
Z,0,0,9755,0[CR],3013335375
Z,0,0,9755,0[CR],3013335812
Z,0,0,9755,0[CR],3013336359
Z,0,0,9755,79[CR],3013336796
Z,0,0,9755,54[CR],3013337343
Z,0,0,9764,43[CR],3013337890
Z,0,0,9772,16[CR],3013337890
F,43384,13155,9772,12[CR],3013338328
C,13096,1518,9772,2[CR],3013338656
F,45136,13247,9772,1[CR],3013339093
C,13242,1408,9772,0[CR],3013339421
F,44856,13227,9772,0[CR],3013339859
C,13204,1466,9772,0[CR],3013340187
F,44672,13223,9772,0[CR],3013340625
C,13190,1448,9772,0[CR],3013341062
F,44512,13216,9772,0[CR],3013341390
C,13179,1470,9772,0[CR],3013341828
F,44432,13213,9774,0[CR],3013342156
A,35832,44400,9774,0[CR],3013342593
F,46296,13286,9774,0[CR],3013342921
C,13282,1490,9774,0[CR],3013343359
F,45856,13249,9774,0[CR],3013343796
C,13238,1480,9774,0[CR],3013344125
F,45576,13239,9774,0[CR],3013344562
C,13217,1368,9774,0[CR],3013344890
F,45376,13235,9774,0[CR],3013345328
C,13203,1430,9774,0[CR],3013345656
F,45216,13229,9774,0[CR],3013346093
C,13194,1414,9781,28[CR],3013346531
F,45080,13494,9793,27[CR],3013346859
C,13503,1556,9805,29[CR],3013347296
F,50416,13388,9817,27[CR],3013347625
C,13470,1508,9829,28[CR],3013348062
F,49192,13326,9841,29[CR],3013348390
A,35808,48672,9853,30[CR],3013348828
F,48968,13353,9864,30[CR],3013349265
C,13442,1548,9876,31[CR],3013349593
F,49000,13366,9888,31[CR],3013349953
C,13499,1606,9900,30[CR],3013350359
F,48856,13329,9912,32[CR],3013350796
C,13432,1522,9923,32[CR],3013351125
F,48456,13338,9935,33[CR],3013351562
C,13380,1516,9947,33[CR],3013352000
F,48616,13319,9958,34[CR],3013352328
C,13405,1490,9970,25[CR],3013352765
F,49040,13326,9982,26[CR],3013353093
C,13440,1460,9994,27[CR],3013353531
F,50248,13331,10006,28[CR],3013353859
C,13470,1508,10018,29[CR],3013354296
F,49552,13315,10030,29[CR],3013354734
A,35784,49368,10042,29[CR],3013355062
F,49328,13311,10053,29[CR],3013355500
C,13478,1472,10065,31[CR],3013355828
F,48144,13254,10077,31[CR],3013356265
C,13421,1542,10089,31[CR],3013356593
F,48520,13309,10101,32[CR],3013357031
C,13428,1510,10112,32[CR],3013357468
F,49288,13324,10124,33[CR],3013357796
C,13406,1578,10136,33[CR],3013358234
F,49224,13320,10148,34[CR],3013358562
C,13445,1548,10160,31[CR],3013359000
F,48640,13369,10171,25[CR],3013359328
C,13429,1518,10183,29[CR],3013359765
F,49472,13373,10195,28[CR],3013360203
C,13460,1470,10207,28[CR],3013360531
F,49920,13339,10219,28[CR],3013360968
A,35856,48832,10231,30[CR],3013361296
F,48568,13270,10243,30[CR],3013361734
C,13508,1510,10254,30[CR],3013362062
F,48096,13239,10266,30[CR],3013362500
C,13460,1474,10278,32[CR],3013362937
F,48760,13307,10290,31[CR],3013363265
C,13472,1520,10302,31[CR],3013363703
F,49944,13329,10314,32[CR],3013364031
C,13516,1538,10325,34[CR],3013364468
F,50952,13371,10337,34[CR],3013364796
C,13511,1576,10349,33[CR],3013365234
F,50376,13367,10361,26[CR],3013365671
C,13500,1548,10373,28[CR],3013366000
F,50352,13368,10385,28[CR],3013366437
C,13496,1596,10397,28[CR],3013366765
F,49992,13359,10408,29[CR],3013367203
A,35788,50048,10421,29[CR],3013367531
F,49560,13326,10432,30[CR],3013367968
C,13573,1574,10444,31[CR],3013368406
F,50776,13354,10456,30[CR],3013368734
C,13562,1508,10467,31[CR],3013369171
F,50312,13320,10480,31[CR],3013369500
C,13520,1530,10491,32[CR],3013369937
F,49176,13326,10503,32[CR],3013370265
C,13500,1532,10515,33[CR],3013370703
F,49096,13340,10527,34[CR],3013371140
C,13496,1518,10538,31[CR],3013371468
F,49904,13341,10550,25[CR],3013371906
C,13488,1606,10562,26[CR],3013372234
F,50752,13358,10574,28[CR],3013372671
C,13451,1496,10586,28[CR],3013373000
F,49824,13345,10598,28[CR],3013373437
A,35756,50672,10610,29[CR],3013373875
F,50720,13334,10621,30[CR],3013374203
C,13475,1552,10633,30[CR],3013374640
F,50640,13321,10645,30[CR],3013374968
C,13480,1594,10657,31[CR],3013375406
F,50344,13291,10669,30[CR],3013375734
C,13440,1588,10680,32[CR],3013376171
F,49880,13272,10692,31[CR],3013376609
C,13491,1558,10704,32[CR],3013376937
F,48568,13251,10716,34[CR],3013377375
C,13465,1528,10727,27[CR],3013377703
F,48720,13301,10739,26[CR],3013378140
C,13483,1536,10751,27[CR],3013378468
F,49304,13334,10763,28[CR],3013378906
C,13511,1558,10775,28[CR],3013379343
F,49936,13349,10787,30[CR],3013379671
A,35748,49960,10799,29[CR],3013380109
F,49800,13326,10811,29[CR],3013380437
C,13553,1662,10823,30[CR],3013380875
F,49160,13319,10835,29[CR],3013381203
C,13459,1540,10846,30[CR],3013381640
F,48504,13294,10858,31[CR],3013382078
C,13461,1604,10870,31[CR],3013382406
F,49904,13337,10882,33[CR],3013382843
C,13498,1582,10893,33[CR],3013383171
F,50400,13328,10905,33[CR],3013383609
C,13478,1604,10917,31[CR],3013383937
F,49928,13307,10929,25[CR],3013384375
C,13528,1640,10940,27[CR],3013384812
F,49704,13316,10952,27[CR],3013385140
C,13507,1592,10964,28[CR],3013385578
F,49728,13308,10976,27[CR],3013385906
A,35736,49736,10988,29[CR],3013386343
F,49992,13364,11000,29[CR],3013386765
C,13517,1624,11012,30[CR],3013387109
F,51192,13369,11024,30[CR],3013387546
C,13449,1616,11036,30[CR],3013387875
F,50960,13369,11048,31[CR],3013388312
C,13491,1592,11059,32[CR],3013388640
F,50912,13350,11071,32[CR],3013389078
C,13455,1596,11083,33[CR],3013389406
F,51328,13363,11095,33[CR],3013389843
C,13531,1594,11106,33[CR],3013390281
F,50456,13314,11118,26[CR],3013390609
C,13553,1602,11130,29[CR],3013391046
F,50456,13298,11142,28[CR],3013391375
C,13516,1654,11154,28[CR],3013391812
F,49960,13312,11166,28[CR],3013392140
A,35720,50792,11178,29[CR],3013392578
F,51344,13347,11189,29[CR],3013393015
C,13558,1612,11201,30[CR],3013393343
F,50248,13322,11213,30[CR],3013393781
C,13585,1682,11225,30[CR],3013394109
F,49472,13302,11237,31[CR],3013394546
C,13506,1518,11248,31[CR],3013394875
F,49256,13262,11260,31[CR],3013395312
C,13511,1596,11272,32[CR],3013395750
F,50160,13333,11284,34[CR],3013396078
C,13501,1628,11295,31[CR],3013396515
F,50720,13329,11307,26[CR],3013396843
C,13485,1642,11319,27[CR],3013397281
F,50288,13356,11331,27[CR],3013397609
C,13536,1596,11343,27[CR],3013398046
F,51624,13372,11355,28[CR],3013398484
A,35716,51808,11366,30[CR],3013398812
F,51216,13341,11378,30[CR],3013399250
C,13521,1590,11390,30[CR],3013399578
F,50936,13312,11402,30[CR],3013400015
C,13659,1672,11414,31[CR],3013400343
F,50840,13318,11426,32[CR],3013400781
C,13563,1630,11437,32[CR],3013401218
F,51352,13317,11449,33[CR],3013401546
C,13516,1686,11461,33[CR],3013401984
F,50344,13340,11473,34[CR],3013402312
C,13555,1640,11484,24[CR],3013402750
F,51176,13394,11496,25[CR],3013403078
C,13508,1668,11508,28[CR],3013403515
F,51568,13392,11520,28[CR],3013403953
C,13530,1676,11532,29[CR],3013404281
F,51336,13398,11543,30[CR],3013404718
A,35712,51192,11555,30[CR],3013405046
F,50824,13357,11567,30[CR],3013405484
C,13553,1738,11579,30[CR],3013405812
F,51504,13350,11591,31[CR],3013406250
C,13527,1676,11603,31[CR],3013406578
F,50784,13332,11615,32[CR],3013407015
C,13529,1676,11626,32[CR],3013407453
F,51696,13336,11638,32[CR],3013407781
C,13574,1660,11650,33[CR],3013408218
F,51024,13324,11662,34[CR],3013408546
C,13586,1696,11673,24[CR],3013408984
F,50752,13329,11685,27[CR],3013409421
C,13560,1606,11697,27[CR],3013409750
F,49440,13314,11709,28[CR],3013410187
C,13452,1710,11721,29[CR],3013410515
F,50016,13312,11733,30[CR],3013410953
A,35692,51000,11745,30[CR],3013411281
F,50808,13309,11754,9[CR],3013411718
C,13513,1706,11755,3[CR],3013412156
F,48432,13208,11755,1[CR],3013412484
C,13392,1680,11755,1[CR],3013412921
F,48104,13180,11755,0[CR],3013413250
C,13311,1696,11755,0[CR],3013413687
F,47360,13169,11755,0[CR],3013414015
C,13276,1640,11755,0[CR],3013414562
Z,0,0,11755,0[CR],3013414890
C,13288,1640,11755,0[CR],3013415218
F,47000,13169,11755,0[CR],3013415656
C,13266,1654,11755,0[CR],3013415984
F,46776,13160,11755,0[CR],3013416421
C,13249,1610,11755,0[CR],3013416750
F,46592,13150,11755,0[CR],3013417296
Z,0,0,11755,0[CR],3013417843
Z,0,0,11755,0[CR],3013418281
Z,0,0,11755,0[CR],3013418828
Z,0,0,11755,0[CR],3013419265
Z,0,0,11755,0[CR],3013419812
Z,0,0,11755,0[CR],3013420359
Z,0,0,11755,0[CR],3013420796
Z,0,0,11755,0[CR],3013421343
Z,0,0,11755,0[CR],3013421781
Z,0,0,11755,0[CR],3013422328
Z,0,0,11755,0[CR],3013422875
Z,0,0,11755,0[CR],3013423312
Z,0,0,11755,0[CR],3013423859
Z,0,0,11755,0[CR],3013424296
Z,0,0,11755,0[CR],3013424843
Z,0,0,11755,0[CR],3013425390
Z,0,0,11755,0[CR],3013425828
Z,0,0,11755,0[CR],3013426375
Z,0,0,11755,0[CR],3013426812
Z,0,0,11755,0[CR],3013427359
Z,0,0,11755,0[CR],3013427906
Z,0,0,11755,0[CR],3013428343
Z,0,0,11755,0[CR],3013428890
Z,0,0,11755,0[CR],3013429328
Z,0,0,11755,0[CR],3013429875
Z,0,0,11755,0[CR],3013430421
Z,0,0,11755,0[CR],3013430859
Z,0,0,11755,0[CR],3013431406
Z,0,0,11755,0[CR],3013431843
Z,0,0,11755,0[CR],3013432390
Z,0,0,11755,0[CR],3013432828
Z,0,0,11755,0[CR],3013433375
Z,0,0,11755,0[CR],3013433921
Z,0,0,11755,0[CR],3013434359
Z,0,0,11755,0[CR],3013434906
Z,0,0,11755,0[CR],3013435343
Z,0,0,11755,0[CR],3013435890
Z,0,0,11755,0[CR],3013436328
Z,0,0,11755,0[CR],3013436875
Z,0,0,11755,0[CR],3013437421
Z,0,0,11755,0[CR],3013437859
Z,0,0,11755,0[CR],3013438406
Z,0,0,11755,0[CR],3013438843
Z,0,0,11755,0[CR],3013439390
Z,0,0,11755,79[CR],3013439828
Z,0,0,11755,68[CR],3013440375
Z,0,0,11769,11[CR],3013440593
C,13076,1662,11773,15[CR],3013441031
F,44712,13183,11773,2[CR],3013441359
C,13400,1644,11773,1[CR],3013441796
F,46288,13184,11773,0[CR],3013442125
A,35712,46064,11773,0[CR],3013442562
F,45968,13176,11773,0[CR],3013443000
C,13286,1672,11773,0[CR],3013443328
F,45848,13173,11773,0[CR],3013443765
C,13269,1662,11773,0[CR],3013444093
F,45728,13167,11773,0[CR],3013444531
C,13257,1550,11775,0[CR],3013444859
F,45640,13219,11775,2[CR],3013445296
C,13460,1646,11775,1[CR],3013445734
F,47952,13235,11776,1[CR],3013446062
C,13400,1656,11776,0[CR],3013446500
F,48224,13250,11776,0[CR],3013446828
C,13393,1628,11776,0[CR],3013447265
F,47864,13213,11776,0[CR],3013447593
C,13325,1632,11776,0[CR],3013448031
F,47456,13201,11776,0[CR],3013448468
A,35704,47248,11776,0[CR],3013448796
F,47160,13196,11782,32[CR],3013449234
C,13285,1670,11794,27[CR],3013449562
F,50688,13401,11806,27[CR],3013450000
C,13603,1626,11818,28[CR],3013450328
F,50304,13351,11830,28[CR],3013450765
C,13539,1676,11841,28[CR],3013451203
F,50752,13337,11854,28[CR],3013451531
C,13517,1614,11865,29[CR],3013451968
F,51096,13325,11877,29[CR],3013452296
C,13495,1680,11889,30[CR],3013452734
F,51728,13337,11901,30[CR],3013453062
C,13566,1692,11913,31[CR],3013453500
F,52632,13359,11925,32[CR],3013453937
C,13609,1676,11936,32[CR],3013454265
F,51752,13339,11948,32[CR],3013454703
A,35680,50544,11960,34[CR],3013455031
F,50216,13295,11972,33[CR],3013455468
C,13545,1704,11984,27[CR],3013455796
F,51056,13353,11995,26[CR],3013456234
C,13561,1718,12007,25[CR],3013456671
F,51568,13337,12019,28[CR],3013457000
C,13535,1684,12031,28[CR],3013457437
F,52048,13367,12043,29[CR],3013457765
C,13579,1684,12055,27[CR],3013458203
F,52128,13376,12067,29[CR],3013458531
C,13532,1644,12079,30[CR],3013458968
F,50296,13344,12091,31[CR],3013459406
C,13568,1684,12103,31[CR],3013459734
F,51976,13376,12115,30[CR],3013460171
C,13543,1692,12127,31[CR],3013460500
F,53176,13368,12138,32[CR],3013460937
A,35692,53224,12151,32[CR],3013461265
F,52864,13353,12162,32[CR],3013461703
C,13474,1716,12174,34[CR],3013462140
F,52088,13343,12186,33[CR],3013462484
C,13582,1742,12198,34[CR],3013462906
F,51720,13334,12210,28[CR],3013463234
C,13590,1718,12222,29[CR],3013463671
F,51096,13316,12234,27[CR],3013464000
C,13589,1670,12245,28[CR],3013464437
F,51952,13341,12258,29[CR],3013464875
C,13548,1746,12269,29[CR],3013465203
F,52640,13357,12281,30[CR],3013465640
C,13555,1662,12293,30[CR],3013465968
F,52424,13343,12305,31[CR],3013466406
C,13526,1698,12317,30[CR],3013466734
F,52264,13349,12329,31[CR],3013467171
A,35660,52400,12341,32[CR],3013467609
F,52120,13349,12353,31[CR],3013467937
C,13624,1752,12365,32[CR],3013468375
F,52536,13368,12376,33[CR],3013468703
C,13537,1716,12388,35[CR],3013469140
F,51888,13365,12400,34[CR],3013469468
C,13554,1648,12412,29[CR],3013469906
F,52456,13364,12424,26[CR],3013470343
C,13633,1724,12436,27[CR],3013470671
F,52664,13342,12448,28[CR],3013471109
C,13648,1694,12459,26[CR],3013471437
F,52176,13346,12471,28[CR],3013471875
C,13590,1712,12483,29[CR],3013472203
F,53032,13377,12495,29[CR],3013472640
C,13573,1692,12507,30[CR],3013473078
F,54344,13422,12519,30[CR],3013473406
A,35696,55104,12531,31[CR],3013473843
F,54992,13417,12543,31[CR],3013474171
C,13720,1768,12555,32[CR],3013474609
F,53112,13394,12566,33[CR],3013474937
C,13530,1750,12578,32[CR],3013475375
F,51976,13377,12590,34[CR],3013475812
C,13491,1774,12602,34[CR],3013476140
F,51368,13353,12614,27[CR],3013476578
C,13541,1780,12626,26[CR],3013476921
F,52000,13369,12638,29[CR],3013477359
C,13558,1744,12649,28[CR],3013477687
F,51504,13350,12662,29[CR],3013478125
C,13576,1732,12673,28[CR],3013478562
F,51736,13360,12686,29[CR],3013478890
C,13534,1724,12697,30[CR],3013479328
F,52488,13351,12709,30[CR],3013479656
A,35628,52784,12721,31[CR],3013480093
F,52688,13361,12733,31[CR],3013480421
C,13589,1762,12745,30[CR],3013480859
F,52856,13364,12757,32[CR],3013481234
C,13565,1740,12769,32[CR],3013481640
F,52560,13345,12780,32[CR],3013482078
C,13619,1744,12792,33[CR],3013482406
F,52576,13397,12804,34[CR],3013482843
C,13662,1818,12816,34[CR],3013483171
F,54416,13405,12828,28[CR],3013483609
C,13758,1788,12840,25[CR],3013483937
F,54656,13427,12852,27[CR],3013484375
C,13784,1794,12864,27[CR],3013484812
F,54864,13442,12876,28[CR],3013485140
C,13784,1798,12887,27[CR],3013485578
F,54504,13443,12899,29[CR],3013485906
A,35656,54504,12911,29[CR],3013486343
F,54168,13418,12923,31[CR],3013486671
C,13665,1798,12935,31[CR],3013487109
F,53176,13455,12947,31[CR],3013487546
C,13608,1776,12959,32[CR],3013487875
F,53064,13404,12970,32[CR],3013488312
C,13636,1794,12982,33[CR],3013488640
F,53632,13428,12994,33[CR],3013489078
C,13657,1840,13006,34[CR],3013489406
F,53296,13435,13018,30[CR],3013489843
C,13537,1780,13030,26[CR],3013490281
F,52832,13427,13042,25[CR],3013490609
C,13539,1790,13054,26[CR],3013491046
F,53440,13410,13066,27[CR],3013491375
C,13598,1766,13078,28[CR],3013491812
F,54504,13413,13090,29[CR],3013492140
A,35636,54208,13102,30[CR],3013492578
F,54160,13390,13114,30[CR],3013493015
C,13569,1848,13125,30[CR],3013493343
F,55312,13397,13137,30[CR],3013493781
C,13655,1786,13149,31[CR],3013494109
F,54928,13370,13161,31[CR],3013494546
C,13632,1754,13173,32[CR],3013494875
F,54464,13331,13184,32[CR],3013495312
C,13661,1762,13196,33[CR],3013495750
F,52736,13341,13208,33[CR],3013496078
C,13628,1802,13220,27[CR],3013496515
F,54472,13368,13232,25[CR],3013496843
C,13667,1820,13244,24[CR],3013497281
F,55504,13387,13256,27[CR],3013497609
C,13616,1802,13267,28[CR],3013498046
F,54736,13396,13280,28[CR],3013498484
A,35620,55568,13291,28[CR],3013498812
F,55984,13427,13303,29[CR],3013499250
C,13803,1824,13315,30[CR],3013499578
F,54536,13444,13327,30[CR],3013500015
C,13680,1858,13339,30[CR],3013500343
F,55184,13454,13351,31[CR],3013500781
C,13700,1832,13363,31[CR],3013501218
F,55560,13423,13375,32[CR],3013501546
C,13667,1854,13387,33[CR],3013501984
F,55752,13411,13398,32[CR],3013502312
C,13656,1806,13410,33[CR],3013502750
F,56024,13410,13422,31[CR],3013503078
C,13700,1870,13434,24[CR],3013503515
F,55152,13405,13445,25[CR],3013503953
C,13718,1824,13457,28[CR],3013504281
F,56792,13443,13469,28[CR],3013504718
A,35664,56928,13481,29[CR],3013505046
F,56744,13424,13493,29[CR],3013505484
C,13671,1890,13505,30[CR],3013505812
F,56696,13427,13517,30[CR],3013506250
C,13666,1794,13528,30[CR],3013506687
F,54776,13389,13540,31[CR],3013507015
C,13639,1860,13552,32[CR],3013507453
F,54840,13425,13564,32[CR],3013507781
C,13687,1786,13576,32[CR],3013508218
F,55864,13425,13587,34[CR],3013508546
C,13713,1868,13599,33[CR],3013508984
F,57136,13429,13611,33[CR],3013509421
C,13663,1842,13623,29[CR],3013509750
F,55936,13414,13635,27[CR],3013510187
C,13658,1924,13647,28[CR],3013510515
F,55584,13420,13659,28[CR],3013510953
A,35592,55296,13670,28[CR],3013511281
F,55352,13405,13682,29[CR],3013511718
C,13657,1862,13694,30[CR],3013512156
F,56168,13373,13706,31[CR],3013512484
C,13638,1872,13718,31[CR],3013512921
F,56144,13415,13730,31[CR],3013513250
C,13697,1868,13741,31[CR],3013513687
F,57336,13414,13753,32[CR],3013514015
C,13665,1816,13755,3[CR],3013514453
F,53968,13266,13756,2[CR],3013514890
C,13553,1856,13758,3[CR],3013515218
F,52928,13265,13759,3[CR],3013515656
C,13582,1858,13759,2[CR],3013515984
F,52584,13261,13760,6[CR],3013516421
C,13518,1876,13760,3[CR],3013516750
F,51392,13224,13760,1[CR],3013517187
A,35632,50920,13760,1[CR],3013517625
F,51056,13223,13760,1[CR],3013517953
C,13458,1858,13760,0[CR],3013518500
Z,0,0,13760,0[CR],3013518937
Z,0,0,13760,0[CR],3013519484
Z,0,0,13760,0[CR],3013520031
Z,0,0,13760,0[CR],3013520468
Z,0,0,13760,0[CR],3013521015
Z,0,0,13760,0[CR],3013521453
Z,0,0,13760,0[CR],3013522000
Z,0,0,13760,0[CR],3013522546
Z,0,0,13760,0[CR],3013522984
Z,0,0,13760,0[CR],3013523531
Z,0,0,13760,0[CR],3013523968
Z,0,0,13760,0[CR],3013524515
Z,0,0,13760,0[CR],3013524953
Z,0,0,13760,0[CR],3013525500
Z,0,0,13760,0[CR],3013526046
Z,0,0,13760,0[CR],3013526484
Z,0,0,13760,0[CR],3013527031
Z,0,0,13760,0[CR],3013527468
Z,0,0,13760,0[CR],3013528015
Z,0,0,13760,0[CR],3013528562
Z,0,0,13760,0[CR],3013529000
Z,0,0,13760,0[CR],3013529546
Z,0,0,13760,0[CR],3013529984
Z,0,0,13760,0[CR],3013530531
Z,0,0,13760,0[CR],3013530968
Z,0,0,13760,0[CR],3013531515
Z,0,0,13760,0[CR],3013532062
Z,0,0,13760,0[CR],3013532500
Z,0,0,13760,0[CR],3013533046
Z,0,0,13760,0[CR],3013533484
Z,0,0,13760,0[CR],3013534031
Z,0,0,13760,0[CR],3013534468
Z,0,0,13760,0[CR],3013535015
Z,0,0,13760,0[CR],3013535562
Z,0,0,13760,0[CR],3013536000
Z,0,0,13760,0[CR],3013536546
Z,0,0,13760,0[CR],3013536984
Z,0,0,13760,0[CR],3013537531
Z,0,0,13760,0[CR],3013537968
Z,0,0,13760,0[CR],3013538515
Z,0,0,13760,0[CR],3013539062
Z,0,0,13760,0[CR],3013539500
Z,0,0,13760,64[CR],3013540046
Z,0,0,13773,16[CR],3013540484
Z,0,0,13776,2[CR],3013540593
C,13312,1868,13776,2[CR],3013541031
F,49112,13228,13776,1[CR],3013541359
C,13456,1812,13776,0[CR],3013541796
F,48880,13212,13776,0[CR],3013542234
A,35668,48680,13776,0[CR],3013542562
F,48584,13205,13776,0[CR],3013543000
C,13399,1798,13776,0[CR],3013543328
F,48416,13203,13776,0[CR],3013543765
C,13385,1842,13777,0[CR],3013544093
F,48304,13201,13779,3[CR],3013544531
C,13628,1766,13779,1[CR],3013544968
F,51128,13261,13779,0[CR],3013545296
C,13491,1842,13779,0[CR],3013545734
F,50704,13250,13779,0[CR],3013546062
C,13461,1838,13779,0[CR],3013546500
F,50408,13245,13779,0[CR],3013546828
C,13443,1862,13779,0[CR],3013547265
F,50144,13239,13779,0[CR],3013547703
C,13428,1836,13780,0[CR],3013548031
F,49984,13235,13791,27[CR],3013548468
A,35672,53576,13803,30[CR],3013548796
F,54184,13461,13815,29[CR],3013549156
C,13663,1904,13827,28[CR],3013549562
F,56320,13412,13839,30[CR],3013550000
C,13804,1772,13850,31[CR],3013550328
F,55768,13382,13862,32[CR],3013550765
C,13659,1884,13874,31[CR],3013551203
F,55648,13419,13886,32[CR],3013551531
C,13626,1834,13898,32[CR],3013551968
F,56752,13433,13909,33[CR],3013552296
C,13639,1916,13921,33[CR],3013552734
F,56112,13383,13933,28[CR],3013553171
C,13605,1880,13945,25[CR],3013553500
F,54648,13349,13957,27[CR],3013553937
C,13614,1876,13969,28[CR],3013554265
F,53904,13391,13981,29[CR],3013554703
A,35640,54608,13992,28[CR],3013555031
F,55248,13420,14005,28[CR],3013555468
C,13644,1828,14016,30[CR],3013555906
F,55968,13404,14028,29[CR],3013556234
C,13617,1858,14040,30[CR],3013556671
F,56216,13386,14052,31[CR],3013557000
C,13587,1874,14064,31[CR],3013557437
F,55560,13366,14076,32[CR],3013557765
C,13611,1916,14088,32[CR],3013558203
F,54840,13336,14100,33[CR],3013558531
C,13709,1856,14112,33[CR],3013558968
F,54632,13312,14123,33[CR],3013559406
C,13688,1924,14135,34[CR],3013559734
F,53824,13323,14147,26[CR],3013560171
C,13669,1868,14159,25[CR],3013560500
F,55936,13357,14171,28[CR],3013560937
A,35612,55832,14183,28[CR],3013561265
F,55648,13370,14195,28[CR],3013561703
C,13640,1894,14207,29[CR],3013562140
F,55568,13414,14219,30[CR],3013562468
C,13694,1828,14231,30[CR],3013562906
F,56216,13444,14243,29[CR],3013563234
C,13724,1928,14254,31[CR],3013563671
F,56048,13426,14266,30[CR],3013564109
C,13700,1852,14278,32[CR],3013564437
F,54640,13338,14290,31[CR],3013564875
C,13793,1938,14302,32[CR],3013565203
F,56224,13402,14314,32[CR],3013565640
C,13737,1812,14326,34[CR],3013565968
F,56176,13361,14338,34[CR],3013566406
C,13662,1960,14350,33[CR],3013566734
F,54848,13365,14361,29[CR],3013567171
A,35628,55728,14373,27[CR],3013567609
F,56136,13402,14385,27[CR],3013567937
C,13696,1942,14397,28[CR],3013568375
F,55800,13388,14409,27[CR],3013568703
C,13741,1836,14421,28[CR],3013569140
F,55952,13385,14433,29[CR],3013569468
C,13749,1880,14445,31[CR],3013569906
F,55080,13392,14457,31[CR],3013570343
C,13731,1950,14469,30[CR],3013570671
F,55264,13414,14481,31[CR],3013571109
C,13655,1864,14493,31[CR],3013571437
F,55192,13418,14504,32[CR],3013571875
C,13665,1876,14516,32[CR],3013572203
F,55352,13409,14528,32[CR],3013572640
C,13732,1900,14540,32[CR],3013573078
F,56856,13449,14552,34[CR],3013573406
A,35644,57072,14564,30[CR],3013573843
F,56400,13405,14576,26[CR],3013574171
C,13694,1950,14587,25[CR],3013574609
F,54856,13393,14600,28[CR],3013574937
C,13714,1956,14611,27[CR],3013575375
F,55944,13428,14623,29[CR],3013575812
C,13667,1934,14635,28[CR],3013576140
F,55928,13400,14647,29[CR],3013576578
C,13738,1926,14659,30[CR],3013576906
F,55512,13378,14671,30[CR],3013577343
C,13764,1952,14683,31[CR],3013577671
F,55816,13416,14694,31[CR],3013578109
C,13725,1890,14706,32[CR],3013578546
F,56704,13432,14718,32[CR],3013578875
C,13691,1960,14730,32[CR],3013579312
F,56968,13405,14742,32[CR],3013579640
A,35616,57376,14754,34[CR],3013580078
F,57288,13393,14765,34[CR],3013580406
C,13764,1982,14777,32[CR],3013580843
F,54936,13412,14789,27[CR],3013581281
C,13703,1930,14801,27[CR],3013581609
F,56056,13414,14813,28[CR],3013582046
C,13680,1882,14825,27[CR],3013582375
F,56008,13390,14837,28[CR],3013582812
C,13663,1956,14849,29[CR],3013583140
F,56792,13396,14861,28[CR],3013583578
C,13663,1936,14873,30[CR],3013584015
F,56768,13404,14885,31[CR],3013584343
C,13654,1910,14897,31[CR],3013584781
F,56192,13394,14908,31[CR],3013585109
C,13635,1918,14920,32[CR],3013585546
F,56480,13395,14932,33[CR],3013585875
A,35620,55640,14944,33[CR],3013586312
F,54776,13339,14956,34[CR],3013586687
C,13662,1960,14968,34[CR],3013587078
F,54920,13372,14979,29[CR],3013587515
C,13664,2016,14991,27[CR],3013587843
F,55752,13389,15003,28[CR],3013588281
C,13658,1938,15015,28[CR],3013588609
F,56600,13394,15027,28[CR],3013589046
C,13745,2048,15039,29[CR],3013589484
F,56480,13411,15051,29[CR],3013589812
C,13720,1922,15063,29[CR],3013590250
F,57336,13426,15075,31[CR],3013590578
C,13751,1880,15087,31[CR],3013591015
F,56896,13394,15098,31[CR],3013591343
C,13744,1984,15110,32[CR],3013591781
F,57424,13420,15122,32[CR],3013592218
A,35652,56152,15134,32[CR],3013592546
F,55976,13411,15145,33[CR],3013592984
C,13823,2060,15157,34[CR],3013593312
F,57464,13422,15169,32[CR],3013593750
C,13804,1988,15181,25[CR],3013594078
F,57624,13427,15193,28[CR],3013594515
C,13803,1924,15205,28[CR],3013594953
F,57864,13428,15217,28[CR],3013595281
C,13813,2020,15229,28[CR],3013595718
F,57320,13447,15241,29[CR],3013596046
C,13888,1998,15252,30[CR],3013596484
F,58488,13492,15264,30[CR],3013596812
C,13825,2012,15276,31[CR],3013597250
F,58896,13470,15288,30[CR],3013597687
C,13806,1988,15300,31[CR],3013598015
F,57120,13437,15312,32[CR],3013598453
A,35640,57304,15324,31[CR],3013598781
F,57752,13452,15336,32[CR],3013599218
C,13751,1980,15347,33[CR],3013599546
F,57672,13422,15359,34[CR],3013599984
C,13734,2078,15371,29[CR],3013600421
F,58016,13414,15383,26[CR],3013600750
C,13806,1998,15395,27[CR],3013601187
F,58832,13430,15407,28[CR],3013601515
C,13797,2048,15418,28[CR],3013601953
F,59536,13430,15430,28[CR],3013602281
C,13811,2074,15442,29[CR],3013602718
F,59248,13402,15454,30[CR],3013603156
C,13861,2016,15466,30[CR],3013603484
F,56592,13352,15478,30[CR],3013603921
C,13778,1998,15489,31[CR],3013604250
F,57472,13379,15501,31[CR],3013604687
A,35616,58416,15513,32[CR],3013605125
F,59008,13406,15525,32[CR],3013605453
C,13812,2026,15537,33[CR],3013605890
F,59456,13436,15548,34[CR],3013606218
C,13807,1990,15560,24[CR],3013606656
F,59816,13445,15572,24[CR],3013606984
C,13838,2030,15584,27[CR],3013607421
F,59336,13418,15596,27[CR],3013607859
C,13839,2062,15608,28[CR],3013608187
F,59800,13438,15620,29[CR],3013608625
C,13874,2038,15631,30[CR],3013608953
F,60112,13439,15643,29[CR],3013609390
C,13818,2064,15655,31[CR],3013609718
F,59808,13448,15667,31[CR],3013610156
C,13880,2042,15679,31[CR],3013610484
F,59792,13465,15690,31[CR],3013610921
A,35580,60000,15702,32[CR],3013611359
F,60216,13507,15714,33[CR],3013611687
C,13866,2048,15726,33[CR],3013612125
F,60672,13468,15737,33[CR],3013612453
C,13842,2054,15749,24[CR],3013612890
F,61080,13472,15755,5[CR],3013613218
C,13890,2066,15756,2[CR],3013613656
F,58288,13334,15757,3[CR],3013614093
C,13728,2144,15759,3[CR],3013614421
F,58208,13337,15759,2[CR],3013614859
C,13714,2078,15759,1[CR],3013615187
F,57168,13302,15760,1[CR],3013615625
C,13597,2054,15760,1[CR],3013616062
F,56168,13282,15760,0[CR],3013616390
C,13552,2078,15760,0[CR],3013616828
F,56064,13282,15760,0[CR],3013617265
Z,0,0,15760,0[CR],3013617812
Z,0,0,15760,0[CR],3013618250
Z,0,0,15760,0[CR],3013618796
Z,0,0,15760,0[CR],3013619343
Z,0,0,15760,0[CR],3013619781
Z,0,0,15760,0[CR],3013620328
Z,0,0,15760,0[CR],3013620875
Z,0,0,15760,0[CR],3013621312
Z,0,0,15760,0[CR],3013621859
Z,0,0,15760,0[CR],3013622296
Z,0,0,15760,25[CR],3013622843
Z,0,0,15760,1[CR],3013623390
Z,0,0,15760,0[CR],3013623828
Z,0,0,15760,0[CR],3013624375
Z,0,0,15760,0[CR],3013624921
Z,0,0,15760,0[CR],3013625359
Z,0,0,15760,0[CR],3013625906
Z,0,0,15760,0[CR],3013626343
Z,0,0,15760,0[CR],3013626562
C,13398,2066,15760,0[CR],3013627109
Z,0,0,15760,0[CR],3013627546
Z,0,0,15760,0[CR],3013628093
Z,0,0,15760,0[CR],3013628531
Z,0,0,15760,0[CR],3013629078
Z,0,0,15760,0[CR],3013629515
Z,0,0,15760,0[CR],3013630062
Z,0,0,15760,0[CR],3013630609
Z,0,0,15760,0[CR],3013631046
Z,0,0,15760,0[CR],3013631593
Z,0,0,15760,0[CR],3013632031
Z,0,0,15760,0[CR],3013632578
Z,0,0,15760,0[CR],3013633015
Z,0,0,15760,0[CR],3013633562
Z,0,0,15760,0[CR],3013634109
Z,0,0,15760,0[CR],3013634546
Z,0,0,15760,0[CR],3013635093
Z,0,0,15760,0[CR],3013635531
Z,0,0,15760,0[CR],3013636078
Z,0,0,15760,0[CR],3013636515
Z,0,0,15760,0[CR],3013637062
Z,0,0,15760,0[CR],3013637609
Z,0,0,15760,73[CR],3013638046
Z,0,0,15769,79[CR],3013638265
C,13345,2026,15775,32[CR],3013638703
F,52984,13254,15776,2[CR],3013639031
C,13601,1990,15776,1[CR],3013639468
F,54248,13287,15776,0[CR],3013639796
C,13549,2046,15776,0[CR],3013640234
F,54032,13275,15776,0[CR],3013640671
C,13520,2068,15776,0[CR],3013641000
F,53848,13270,15776,0[CR],3013641437
C,13503,2078,15776,0[CR],3013641765
F,53680,13266,15778,8[CR],3013642203
A,35668,53736,15779,3[CR],3013642531
F,56152,13383,15779,1[CR],3013642968
C,13654,2084,15779,0[CR],3013643406
F,56096,13316,15779,0[CR],3013643734
C,13595,2058,15779,0[CR],3013644171
F,55664,13306,15779,0[CR],3013644500
C,13564,1954,15779,0[CR],3013644937
F,55320,13300,15779,0[CR],3013645265
C,13542,2016,15779,0[CR],3013645703
F,55072,13295,15779,0[CR],3013646140
C,13525,2020,15789,29[CR],3013646468
F,55656,13544,15801,30[CR],3013646906
C,13793,2068,15812,30[CR],3013647234
F,60096,13520,15824,31[CR],3013647671
C,13780,2054,15836,32[CR],3013648000
F,61360,13507,15848,32[CR],3013648437
A,35660,61432,15860,33[CR],3013648875
F,61072,13464,15871,33[CR],3013649203
C,13925,2114,15883,33[CR],3013649640
F,61416,13416,15895,33[CR],3013649968
C,13891,2062,15907,25[CR],3013650406
F,59688,13430,15919,28[CR],3013650734
C,13938,2092,15930,27[CR],3013651171
F,61840,13448,15943,28[CR],3013651609
C,13937,2114,15954,29[CR],3013651937
F,59968,13406,15966,29[CR],3013652375
C,13881,2038,15978,28[CR],3013652703
F,59904,13470,15990,30[CR],3013653140
C,13889,2058,16002,29[CR],3013653468
F,62408,13507,16014,32[CR],3013653906
C,13918,2056,16026,31[CR],3013654343
F,62624,13511,16037,31[CR],3013654671
A,35664,61800,16042,3[CR],3013655109
F,61424,13377,16043,2[CR],3013655437
C,13749,2042,16044,1[CR],3013655875
F,59288,13362,16044,1[CR],3013656203
C,13723,2092,16044,1[CR],3013656640
F,57944,13314,16044,1[CR],3013657078
C,13657,2074,16044,0[CR],3013657406
F,57016,13299,16044,0[CR],3013657843
C,13615,2092,16044,0[CR],3013658171
F,56504,13292,16044,0[CR],3013658609
C,13589,2076,16044,0[CR],3013658937
F,56160,13284,16044,0[CR],3013659375
C,13570,2058,16044,0
<PAUSE BUTTON 10:16:43>
[CR],3013659812
F,55896,13277,16044,0[CR],3013659812
>
Reset interface. Wait time for interface: 94
>
Reset interface. Wait time for interface: 47DOFF
OK
>
Command: DOFF Wait time for interface: 109

>
Reset interface. Wait time for interface: 31CLEAR
OK
>
Command: CLEAR Wait time for interface: 109

<END BUTTON 10:23:14>

------------------- Begin end zero test --------------------
>
Reset interface. Wait time for interface: 31SCANG
Z,0,0,0,0
Z,0,0,0,0[CR],3014059734
Z,0,0,0,0[CR],3014060281
Z,0,0,0,0[CR],3014060718
Z,0,0,0,0[CR],3014061265
Z,0,0,0,0[CR],3014061375
F,11870,12697,0,0[CR],3014061703
C,12104,7392,0,0[CR],3014062140
F,11908,12697,0,0[CR],3014062468
C,12104,6708,0,0[CR],3014062906
F,11887,12697,0,0[CR],3014063250
C,12105,7808,0,0[CR],3014063687
F,11912,12697,0,0[CR],3014064046
C,12104,7826,0,0[CR],3014064484
F,11894,12697,0,0[CR],3014064828
C,12103,7262,0,0[CR],3014065265
F,11911,12695,0,0[CR],3014065609
C,12105,6440,0,0[CR],3014065953
F,11905,12696,0,0[CR],3014066421
C,12104,6952,0,0[CR],3014066750
F,11888,12696,0,0[CR],3014067203
A,36352,11900,0,0[CR],3014067531
F,11891,12697,0,0[CR],3014067984
C,12107,6174,0,0[CR],3014068312
F,12103,12683,0,0[CR],3014068750
C,12122,6348,0,0[CR],3014069187
F,12769,12690,0,0[CR],3014069515
C,12108,6588,0,0[CR],3014069953
F,12158,12686,0,0[CR],3014070281
C,12108,6258,0,0[CR],3014070718
F,12152,12690,0,0[CR],3014071046
C,12108,6272,0,0[CR],3014071484
F,12149,12689,0,0[CR],3014071921
C,12107,6254,0,0[CR],3014072250
F,12127,12689,0,0[CR],3014072687
C,12109,6172,0,0[CR],3014073015
F,12130,12689,0,0[CR],3014073234
>
Reset interface. Wait time for interface: 78

======== END OF TEST ========


