CPT-log version: 5.22
======== BEGIN OF TEST ========
DATE 14.11.2022

<Transmited Data>
<NEW BUTTON 12:02:44>
[^C][CR]
>[CR]
VER[CR][LF]
[^C][CR]
[^C][CR]
CLEAR[CR]
[^C][CR]
DOFF[CR]
[^C][CR]
SCAN E[CR]
[^C][CR]
[^C][CR]
CLEAR[CR]

<START BUTTON 12:10:26>
[^C][CR]
[^C][CR]
DRON[CR]
SCAN E[CR]

<PAUSE BUTTON 12:25:10>
[^C][CR]
[^C][CR]
DOFF[CR]
[^C][CR]
CLEAR[CR]

<END BUTTON 12:31:29>
[^C][CR]
SCAN E[CR]
[^C][CR]


<Received Data>
<NEW BUTTON 12:02:44>

>
Reset interface. Wait time for interface: 110>
>
Command: > Wait time for interface: 78
VER
M240,2364,0,0
>
>
Reset interface. Wait time for interface: 109
>
Reset interface. Wait time for interface: 110CLEAR
OK
>
Command: CLEAR Wait time for interface: 109

>
Reset interface. Wait time for interface: 110DOFF
OK
>
Command: DOFF Wait time for interface: 109

>
Reset interface. Wait time for interface: 94SCAN E
Z,0,0,0,0,209,2736
F,12204,12455,0,0,172,2710[CR],17508031
C,12324,10642,0,0,215,2709[CR],17508359
F,12222,12454,0,0,232,2710[CR],17508796
C,12325,10491,0,0,239,2711[CR],17509125
F,12220,12456,0,0,214,2711[CR],17509578
C,12325,10375,0,0,217,2711[CR],17509906
F,12223,12454,0,0,235,2712[CR],17510375
C,12325,10537,0,0,241,2712[CR],17510703
F,12222,12455,0,0,246,2713[CR],17511156
C,12325,10638,0,0,242,2714[CR],17511484
F,12220,12456,0,0,226,2714[CR],17511843
C,12325,10573,0,0,217,2714[CR],17512281
F,12213,12455,0,0,240,2715[CR],17512625
C,12324,10647,0,0,238,2716[CR],17513109
F,12216,12455,0,0,213,2716[CR],17513437
A,35848,12222,0,0,217,2716[CR],17513890
F,12202,12458,0,0,211,2716[CR],17514218
C,12325,10712,0,0,225,2717[CR],17514546
>
Reset interface. Wait time for interface: 31
>
Reset interface. Wait time for interface: 47CLEAR
OK
>
Command: CLEAR Wait time for interface: 109

<START BUTTON 12:10:26>

>
Reset interface. Wait time for interface: 46
>
Reset interface. Wait time for interface: 110DRON
OK
>
Command: DRON Wait time for interface: 109
SCAN E
C,15690,96,0,0,548,3037
F,20458,14538,0,0,548,3009[CR],17757203
A,35612,20496,0,0,548,3008[CR],17757640
F,20472,14435,0,0,548,3008[CR],17757968
C,15621,92,0,0,548,3007[CR],17758406
F,20390,14364,0,0,547,3007[CR],17758734
C,15609,92,0,0,547,3006[CR],17759171
F,20268,14311,0,0,548,3005[CR],17759500
C,15599,112,0,0,547,3006[CR],17759937
F,20120,14274,0,0,547,3005[CR],17760375
C,15590,96,0,0,547,3005[CR],17760703
F,19976,14248,0,0,547,3004[CR],17761140
C,15584,92,0,0,545,3005[CR],17761468
F,19844,14231,0,0,547,3004[CR],17761906
C,15583,92,0,0,546,3004[CR],17762234
F,19710,14216,0,0,546,3004[CR],17762671
C,15578,96,0,0,546,3004[CR],17763109
F,19578,14211,0,0,545,3004[CR],17763437
A,35556,19494,0,0,546,3004[CR],17763875
F,19444,14210,0,0,547,3003[CR],17764203
C,15577,84,0,0,546,3004[CR],17764640
F,19340,14210,0,0,545,3003[CR],17764968
C,15576,96,0,0,545,3003[CR],17765406
F,19236,14210,0,0,545,3002[CR],17765843
C,15574,92,0,0,545,3003[CR],17766171
F,19134,14216,0,0,545,3003[CR],17766609
C,15573,96,0,0,544,3002[CR],17766937
F,19038,14220,0,0,544,3003[CR],17767375
C,15569,92,0,0,544,3002[CR],17767703
F,18944,14227,2,23,606,3037[CR],17768140
C,15568,96,10,19,606,3119[CR],17768578
F,16412,15001,18,21,606,3122[CR],17768906
C,16840,92,27,22,605,3128[CR],17769343
F,15042,15007,35,18,605,3134[CR],17769671
A,35528,14927,44,21,605,3143[CR],17770109
F,14909,14952,52,22,604,3147[CR],17770437
C,16940,92,60,18,603,3157[CR],17770875
F,15275,14844,69,20,604,3163[CR],17771312
C,16958,92,78,22,603,3171[CR],17771640
F,15790,14702,86,18,604,3165[CR],17772078
C,16776,96,95,20,603,3160[CR],17772406
F,16380,14539,103,22,604,3148[CR],17772843
C,16444,112,112,25,603,3136[CR],17773171
F,17202,14312,120,21,602,3115[CR],17773609
C,16080,92,129,23,600,3098[CR],17774046
F,18764,14069,139,30,601,3087[CR],17774375
C,15712,102,147,20,600,3074[CR],17774812
F,20150,13941,156,22,600,3054[CR],17775140
C,15367,96,165,24,600,3035[CR],17775578
F,21204,13954,173,20,600,3019[CR],17775906
A,35560,21728,182,22,603,2998[CR],17776343
F,21888,13989,195,22,604,2980[CR],17776781
C,14753,92,203,24,604,2957[CR],17777109
F,22496,13950,212,18,604,2958[CR],17777546
C,14454,92,220,21,604,2961[CR],17777875
F,23150,14110,229,22,606,2976[CR],17778312
C,14510,92,237,18,607,2984[CR],17778640
F,21854,14560,243,10,600,2990[CR],17779078
C,14826,84,250,18,608,3011[CR],17779515
F,20936,14822,258,20,609,3029[CR],17779843
C,15054,96,267,23,608,3047[CR],17780281
F,19322,15035,275,18,608,3056[CR],17780609
C,15211,98,284,21,608,3064[CR],17781046
F,18092,15145,292,22,608,3069[CR],17781375
C,15369,92,301,21,609,3080[CR],17781812
F,17356,15271,309,19,606,3092[CR],17782250
A,35544,16814,317,22,609,3108[CR],17782578
F,16592,15343,325,19,609,3128[CR],17783015
C,15942,96,334,21,608,3144[CR],17783343
F,15939,15262,342,22,606,3158[CR],17783781
C,16192,96,350,18,604,3175[CR],17784109
F,15516,15124,359,21,603,3189[CR],17784546
C,16534,104,367,22,601,3201[CR],17784984
F,15213,14937,375,18,602,3222[CR],17785312
C,16970,102,384,21,602,3243[CR],17785750
F,15193,14792,393,22,604,3266[CR],17786078
C,17388,90,401,19,604,3292[CR],17786515
F,15246,14671,410,20,605,3316[CR],17786843
C,17800,106,418,22,607,3342[CR],17787281
F,15452,14585,426,18,607,3361[CR],17787718
C,18152,94,435,21,608,3369[CR],17788046
F,15622,14696,443,22,607,3368[CR],17788484
A,35552,15594,451,21,607,3368[CR],17788812
F,15584,14876,460,21,608,3360[CR],17789250
C,18220,120,469,22,607,3351[CR],17789578
F,15719,15038,477,21,608,3348[CR],17790015
C,18014,104,486,21,607,3339[CR],17790453
F,15943,15221,495,22,605,3336[CR],17790781
C,17826,112,503,21,600,3344[CR],17791218
F,16207,15370,512,20,601,3345[CR],17791546
C,17760,100,520,22,600,3349[CR],17791984
F,16484,15588,528,22,601,3347[CR],17792312
C,17768,100,537,20,601,3343[CR],17792750
F,16622,15785,546,22,602,3342[CR],17793078
C,17742,84,554,24,602,3344[CR],17793515
F,16718,15905,562,19,604,3352[CR],17793953
C,17686,86,571,22,604,3343[CR],17794281
F,16844,15790,580,24,605,3341[CR],17794718
A,35464,16902,588,20,607,3342[CR],17795046
F,16886,15611,597,22,609,3339[CR],17795484
C,17396,90,605,24,608,3341[CR],17795921
F,16996,15525,614,20,607,3340[CR],17796250
C,17028,110,622,22,607,3344[CR],17796687
F,17214,15595,631,23,607,3342[CR],17797015
C,16604,120,639,21,609,3344[CR],17797453
F,17218,15782,648,21,610,3348[CR],17797781
C,16214,126,656,22,611,3365[CR],17798218
F,17318,16121,664,20,611,3372[CR],17798656
C,15943,94,673,22,611,3384[CR],17798984
F,17588,16458,682,22,611,3395[CR],17799421
C,15813,96,690,20,610,3403[CR],17799750
F,18436,16618,698,21,610,3413[CR],17800187
C,15788,96,707,23,610,3421[CR],17800515
F,18856,16538,715,20,608,3425[CR],17800953
A,35464,18894,724,21,608,3428[CR],17801390
F,18926,16247,733,22,609,3433[CR],17801781
C,15855,82,741,19,609,3441[CR],17802156
F,18958,15932,749,21,608,3442[CR],17802500
C,15893,108,758,23,609,3442[CR],17802921
F,18734,15575,766,19,608,3443[CR],17803250
C,15941,96,775,21,608,3444[CR],17803687
F,18500,15226,784,22,608,3430[CR],17804125
C,15896,84,792,22,606,3410[CR],17804453
F,18430,14875,801,20,605,3384[CR],17804890
C,15686,106,810,22,603,3367[CR],17805218
F,19196,14384,819,24,601,3350[CR],17805656
C,15384,100,827,21,600,3328[CR],17805984
F,20824,13899,836,22,601,3305[CR],17806421
C,15125,84,844,24,600,3284[CR],17806859
F,22232,13875,853,20,599,3261[CR],17807187
A,35420,22666,862,22,600,3243[CR],17807625
F,22628,14272,870,24,601,3235[CR],17807953
C,14958,78,879,20,602,3235[CR],17808390
F,21490,14710,887,22,603,3245[CR],17808718
C,15204,68,896,24,604,3257[CR],17809156
F,20376,15008,904,20,606,3275[CR],17809593
C,15623,70,913,22,606,3293[CR],17809921
F,19030,15233,921,23,606,3303[CR],17810359
C,16085,72,930,20,606,3314[CR],17810687
F,18090,15097,938,21,605,3322[CR],17811125
C,16360,70,947,22,604,3339[CR],17811468
F,18328,14832,955,20,604,3353[CR],17811890
C,16458,88,964,21,602,3358[CR],17812328
F,19052,14587,972,23,602,3376[CR],17812656
C,16376,72,980,20,601,3383[CR],17813093
F,19634,14328,989,21,599,3392[CR],17813421
A,35400,20116,998,22,599,3403[CR],17813859
F,20344,14055,1006,19,599,3420[CR],17814187
C,15788,78,1014,21,599,3434[CR],17814625
F,21124,13914,1023,22,599,3459[CR],17815062
C,15573,80,1031,20,600,3486[CR],17815390
F,21664,13911,1040,21,600,3510[CR],17815828
C,15411,90,1048,22,601,3533[CR],17816156
F,21690,13960,1056,20,601,3553[CR],17816593
C,15342,68,1065,21,601,3570[CR],17816921
F,21210,14014,1073,22,600,3593[CR],17817359
C,15360,82,1081,20,600,3608[CR],17817796
F,21104,14027,1090,21,599,3621[CR],17818125
C,15470,66,1098,22,600,3626[CR],17818562
F,20992,14067,1107,18,600,3625[CR],17818890
C,15584,64,1115,21,599,3622[CR],17819328
F,20514,14111,1124,22,599,3626[CR],17819656
A,35396,20354,1132,18,599,3634[CR],17820093
F,20254,14121,1141,21,599,3640[CR],17820546
C,16154,64,1149,22,599,3648[CR],17820859
F,19454,14256,1158,18,600,3642[CR],17821296
C,16568,64,1167,21,600,3627[CR],17821625
F,17834,14339,1175,23,600,3606[CR],17822062
C,16580,64,1184,21,598,3580[CR],17822390
F,17690,14059,1193,21,598,3550[CR],17822828
C,16446,66,1201,23,597,3531[CR],17823265
F,18624,13773,1210,24,598,3523[CR],17823593
C,16452,78,1219,20,597,3512[CR],17824031
F,19668,13739,1227,22,599,3502[CR],17824359
C,16234,70,1236,24,599,3480[CR],17824796
F,20466,13851,1245,20,599,3459[CR],17825125
C,15683,52,1253,22,598,3446[CR],17825562
F,21088,14039,1262,24,597,3429[CR],17826000
A,35432,21556,1270,20,599,3420[CR],17826328
F,21742,14357,1279,22,599,3415[CR],17826765
C,15160,64,1287,23,600,3410[CR],17827093
F,21652,15218,1296,19,600,3410[CR],17827531
C,15405,64,1305,21,600,3405[CR],17827859
F,20686,15790,1313,23,600,3404[CR],17828296
C,15748,64,1321,19,601,3397[CR],17828734
F,19964,15838,1330,22,604,3395[CR],17829062
C,15976,64,1339,22,604,3394[CR],17829500
F,18634,15682,1347,18,604,3389[CR],17829828
C,15955,64,1356,22,604,3377[CR],17830265
F,18750,15424,1364,22,605,3363[CR],17830593
C,15718,64,1373,21,601,3351[CR],17831031
F,19612,15043,1382,20,600,3343[CR],17831468
C,15439,64,1390,22,603,3347[CR],17831796
F,20954,14834,1398,24,602,3354[CR],17832234
A,35360,21594,1407,20,602,3372[CR],17832562
F,21566,14962,1416,22,600,3390[CR],17833000
C,15811,66,1424,16,598,3405[CR],17833328
F,19946,14909,1432,20,598,3418[CR],17833765
C,16121,78,1441,22,597,3427[CR],17834203
F,18616,14732,1449,18,597,3428[CR],17834531
C,16288,66,1458,21,596,3422[CR],17834968
F,18230,14518,1466,22,598,3417[CR],17835296
C,16320,86,1474,24,600,3402[CR],17835734
F,18494,14347,1483,21,602,3387[CR],17836062
C,16295,64,1492,22,601,3370[CR],17836500
F,18726,14355,1500,24,602,3349[CR],17836937
C,16193,60,1509,21,602,3322[CR],17837265
F,18794,14291,1518,22,602,3298[CR],17837703
C,15910,74,1526,24,601,3281[CR],17838031
F,19462,14096,1535,21,600,3260[CR],17838468
A,35344,20172,1544,22,601,3252[CR],17838796
F,20450,13962,1552,24,603,3242[CR],17839234
C,15114,60,1561,20,604,3239[CR],17839671
F,21352,14205,1570,22,607,3253[CR],17840000
C,14742,64,1578,23,610,3250[CR],17840437
F,22218,14827,1586,18,611,3258[CR],17840765
C,14486,66,1595,21,611,3275[CR],17841203
F,23012,15481,1603,22,611,3305[CR],17841531
C,14550,68,1611,19,609,3323[CR],17841968
F,22410,15786,1620,21,608,3335[CR],17842406
C,14852,74,1628,23,607,3348[CR],17842734
F,20606,15951,1636,20,608,3352[CR],17843171
C,15073,64,1645,21,608,3352[CR],17843500
F,19576,15640,1654,23,608,3336[CR],17843937
C,14993,64,1662,17,607,3314[CR],17844265
F,20458,15168,1671,21,606,3297[CR],17844703
A,35328,21762,1680,23,606,3282[CR],17845140
F,22346,14624,1688,17,605,3272[CR],17845468
C,14647,66,1697,21,605,3273[CR],17845906
F,24278,14339,1705,22,604,3293[CR],17846234
C,15044,84,1713,17,602,3322[CR],17846671
F,23792,14388,1721,21,603,3355[CR],17847000
C,15914,70,1730,22,601,3378[CR],17847437
F,20428,14266,1738,17,598,3390[CR],17847875
C,16600,64,1743,5,538,3374[CR],17848218
F,18236,14128,1743,1,518,3301[CR],17848640
C,16097,76,1743,1,518,3289[CR],17848968
F,19054,13942,1743,0,495,3303[CR],17849406
C,15875,66,1743,0,489,3380[CR],17849734
F,19832,14098,1743,0,488,3375[CR],17850171
C,15927,74,1743,0,503,3427[CR],17850609
F,19986,14207,1743,0,499,3419[CR],17850937
A,35304,19968,1743,0,498,3419[CR],17851375
F,19944,14226,1743,0,499,3363[CR],17851812
Z,0,0,1743,0,0,2479[CR],17852359
Z,0,0,1743,0,0,2471[CR],17852796
Z,0,0,1743,0,0,2477[CR],17853343
Z,0,0,1743,0,0,2480[CR],17853781
Z,0,0,1743,0,0,2479[CR],17854328
Z,0,0,1743,0,0,2479[CR],17854765
Z,0,0,1743,0,0,2479[CR],17855312
Z,0,0,1743,0,0,2480[CR],17855750
Z,0,0,1743,0,0,2480[CR],17856296
Z,0,0,1743,0,0,2477[CR],17856843
Z,0,0,1743,0,0,2461[CR],17857281
Z,0,0,1743,0,0,2463[CR],17857828
Z,0,0,1743,0,0,2463[CR],17858265
Z,0,0,1743,0,0,2457[CR],17858812
Z,0,0,1743,0,1,2456[CR],17859250
Z,0,0,1743,0,0,2457[CR],17859796
Z,0,0,1743,0,29,2462[CR],17860234
Z,0,0,1743,0,0,2464[CR],17860781
Z,0,0,1743,0,202,2464[CR],17861328
Z,0,0,1743,0,0,2466[CR],17861765
Z,0,0,1743,0,0,2464[CR],17862312
Z,0,0,1743,0,0,2460[CR],17862750
Z,0,0,1743,0,0,2461[CR],17863296
Z,0,0,1743,0,0,2462[CR],17863734
Z,0,0,1743,0,2,2464[CR],17864281
Z,0,0,1743,0,279,2464[CR],17864828
Z,0,0,1743,0,0,2463[CR],17865265
Z,0,0,1743,0,188,2465[CR],17865375
F,17280,13155,1743,0,135,2463[CR],17865812
C,14323,74,1743,0,141,2466[CR],17866140
F,17212,13163,1743,0,0,2432[CR],17866687
Z,0,0,1743,0,11,2440[CR],17867234
Z,0,0,1743,0,0,2448[CR],17867671
Z,0,0,1743,0,0,2449[CR],17868218
Z,0,0,1743,0,0,2448[CR],17868656
Z,0,0,1743,0,26,2452[CR],17869203
Z,0,0,1743,0,0,2455[CR],17869640
Z,0,0,1743,0,22,2456[CR],17869750
A,35240,16986,1743,0,0,2456[CR],17870187
Z,0,0,1743,0,0,2458[CR],17870734
Z,0,0,1743,0,0,2458[CR],17871171
Z,0,0,1743,0,75,2459[CR],17871718
Z,0,0,1743,0,0,2462[CR],17872156
Z,0,0,1743,0,0,2462[CR],17872703
Z,0,0,1743,0,0,2461[CR],17873250
Z,0,0,1743,0,0,2464[CR],17873687
Z,0,0,1743,0,161,2464[CR],17874234
Z,0,0,1743,0,0,2465[CR],17874671
Z,0,0,1743,0,0,2486[CR],17875218
Z,0,0,1743,79,0,2477[CR],17875656
Z,0,0,1743,51,0,2469[CR],17876203
Z,0,0,1743,43,0,2470[CR],17876750
Z,0,0,1743,41,0,2472[CR],17877187
Z,0,0,1743,38,0,2472[CR],17877734
Z,0,0,1743,43,245,2474[CR],17878171
Z,0,0,1755,11,438,2735[CR],17878281
C,14115,70,1757,25,505,3335[CR],17878718
F,16746,14080,1758,2,454,4083[CR],17879046
C,16474,76,1758,1,437,4168[CR],17879484
F,16418,14832,1758,0,435,4155[CR],17879812
C,16099,68,1758,0,438,4156[CR],17880250
F,16556,14873,1758,0,414,4165[CR],17880687
C,15956,74,1758,0,415,4182[CR],17881015
F,16654,14905,1758,0,414,4181[CR],17881453
C,15905,70,1758,0,411,4178[CR],17881781
F,16698,14879,1760,13,529,3976[CR],17882218
A,35208,16706,1760,2,500,3362[CR],17882546
F,16064,14816,1760,1,496,3348[CR],17882984
C,16371,90,1760,0,495,3341[CR],17883421
F,16347,14927,1760,0,494,3338[CR],17883750
C,16199,96,1760,0,493,3337[CR],17884187
F,16514,14966,1760,0,492,3336[CR],17884515
C,16106,68,1760,0,492,3335[CR],17884953
F,16612,15005,1760,0,492,3335[CR],17885281
C,16054,86,1760,0,491,3335[CR],17885718
F,16644,15037,1760,0,555,3337[CR],17886156
C,16015,70,1768,20,569,3491[CR],17886484
F,16113,14992,1777,22,568,3493[CR],17886921
C,17100,76,1785,24,568,3491[CR],17887250
F,15018,14836,1794,21,569,3495[CR],17887687
C,16690,70,1802,21,568,3495[CR],17888015
F,15442,14718,1811,23,568,3515[CR],17888453
A,35184,16057,1819,20,569,3529[CR],17888890
F,16307,14770,1827,21,574,3547[CR],17889234
C,16008,72,1836,23,576,3565[CR],17889671
F,17296,15385,1844,20,577,3594[CR],17890000
C,16179,84,1852,21,576,3635[CR],17890437
F,18158,16121,1861,23,575,3674[CR],17890765
C,16900,90,1869,20,573,3718[CR],17891203
F,17538,16688,1877,22,566,3756[CR],17891640
C,18004,100,1886,24,564,3775[CR],17891968
F,15599,16760,1894,20,563,3791[CR],17892406
C,19002,100,1903,22,562,3804[CR],17892734
F,14675,16588,1911,24,564,3807[CR],17893171
C,19964,86,1919,20,571,3797[CR],17893500
F,14389,16516,1928,22,574,3789[CR],17893937
C,20676,98,1936,24,574,3771[CR],17894375
F,14347,16261,1945,20,573,3749[CR],17894718
A,35192,14606,1954,22,574,3728[CR],17895140
F,14748,15812,1962,23,572,3721[CR],17895531
C,20960,86,1971,20,571,3718[CR],17895906
F,15434,15440,1979,21,570,3714[CR],17896234
C,20626,78,1988,24,570,3709[CR],17896671
F,16200,15416,1996,20,571,3707[CR],17897000
C,20010,82,2005,22,571,3698[CR],17897437
F,17008,15656,2013,23,572,3694[CR],17897875
C,19160,90,2022,20,573,3695[CR],17898203
F,17790,16092,2030,22,575,3678[CR],17898640
C,18222,84,2039,23,577,3665[CR],17898968
F,18756,16510,2047,19,578,3654[CR],17899406
C,17252,68,2056,22,574,3638[CR],17899734
F,20158,16988,2064,22,564,3630[CR],17900171
C,16678,94,2072,18,563,3639[CR],17900609
F,21930,17548,2081,21,560,3659[CR],17900937
A,35136,22904,2089,22,560,3695[CR],17901375
F,23048,18206,2097,19,560,3752[CR],17901703
C,18004,82,2106,20,561,3811[CR],17902140
F,19356,19082,2114,22,565,3859[CR],17902468
C,19588,92,2122,20,566,3899[CR],17902906
F,16163,18776,2131,21,567,3935[CR],17903343
C,20772,92,2139,22,567,3959[CR],17903671
F,14301,17800,2147,19,568,3971[CR],17904109
C,21332,96,2156,22,573,3977[CR],17904437
F,13876,16648,2165,24,573,3957[CR],17904875
C,20982,96,2173,21,571,3914[CR],17905203
F,14335,15676,2182,22,573,3860[CR],17905640
C,19608,86,2191,23,573,3778[CR],17905984
F,15316,15393,2199,20,575,3724[CR],17906406
C,18088,74,2208,22,575,3695[CR],17906843
F,16860,15376,2217,22,568,3657[CR],17907171
A,35108,18292,2225,22,560,3648[CR],17907609
F,18954,15470,2234,20,560,3643[CR],17907937
C,16756,102,2242,22,560,3650[CR],17908375
F,21578,16456,2250,21,557,3691[CR],17908812
C,17202,90,2258,20,561,3746[CR],17909140
F,22618,17744,2267,21,560,3797[CR],17909578
C,18734,82,2274,18,560,3860[CR],17909906
F,19194,18660,2283,20,559,3912[CR],17910343
C,20734,96,2291,22,560,3960[CR],17910671
F,16390,18320,2299,18,560,3995[CR],17911109
C,22028,90,2308,21,560,4007[CR],17911546
F,13910,18014,2316,23,562,4000[CR],17911875
C,22430,96,2325,19,563,3978[CR],17912312
F,12748,17224,2333,21,564,3973[CR],17912640
C,21964,96,2342,22,566,3976[CR],17913078
F,12590,16288,2350,18,569,3964[CR],17913406
A,35092,12932,2359,22,573,3935[CR],17913843
F,13073,15632,2368,23,574,3901[CR],17914281
C,20666,90,2376,18,575,3888[CR],17914609
F,13776,15394,2385,21,575,3879[CR],17915046
C,20102,90,2393,22,575,3875[CR],17915375
F,14639,15548,2401,21,576,3874[CR],17915812
C,19648,102,2410,21,575,3877[CR],17916140
F,15582,15712,2418,22,575,3899[CR],17916578
C,19318,96,2426,19,575,3912[CR],17917015
F,16674,15918,2435,21,576,3924[CR],17917343
C,19062,96,2443,22,575,3926[CR],17917781
F,17916,16114,2452,20,576,3932[CR],17918109
C,18846,90,2460,21,575,3921[CR],17918546
F,19208,16355,2469,22,576,3930[CR],17918875
C,18594,86,2477,19,577,3904[CR],17919312
F,20136,16470,2486,21,577,3889[CR],17919750
A,35080,20454,2494,22,576,3861[CR],17920078
F,20494,16496,2502,21,574,3849[CR],17920515
C,18038,96,2511,21,568,3848[CR],17920843
F,20454,16556,2520,22,567,3831[CR],17921281
C,17712,98,2528,22,567,3832[CR],17921609
F,20368,16620,2537,19,567,3846[CR],17922046
C,17288,84,2545,22,567,3866[CR],17922484
F,20248,16750,2553,22,567,3882[CR],17922812
C,16848,96,2562,21,567,3919[CR],17923250
F,20152,16938,2570,22,567,3959[CR],17923578
C,16432,84,2578,18,568,3984[CR],17924015
F,20084,17250,2586,20,567,4003[CR],17924343
C,16130,90,2595,22,567,4028[CR],17924781
F,20098,17716,2603,18,567,4049[CR],17925218
C,15979,90,2611,21,568,4044[CR],17925546
F,19628,18208,2620,23,569,4023[CR],17925984
A,35068,19356,2628,18,570,4026[CR],17926312
F,19178,18566,2637,21,571,4029[CR],17926750
C,16019,94,2645,22,571,4025[CR],17927078
F,18654,18472,2654,20,571,4005[CR],17927515
C,16272,90,2662,21,576,3974[CR],17927953
F,18898,17914,2671,22,578,3940[CR],17928281
C,16273,98,2679,21,578,3910[CR],17928718
F,19340,17270,2688,21,578,3875[CR],17929046
C,16052,86,2697,22,580,3844[CR],17929484
F,19732,16674,2705,25,580,3820[CR],17929812
C,15780,94,2714,20,580,3784[CR],17930250
F,20380,16190,2723,22,579,3767[CR],17930687
C,15601,102,2731,23,579,3755[CR],17931015
F,21150,15704,2740,20,577,3751[CR],17931453
C,15530,96,2748,21,575,3747[CR],17931781
F,21864,15125,2756,24,574,3756[CR],17932218
A,35096,22234,2765,19,575,3773[CR],17932546
F,22270,14850,2773,20,574,3800[CR],17932984
C,15453,92,2781,22,574,3830[CR],17933421
F,21932,14792,2790,20,574,3858[CR],17933750
C,15443,92,2798,21,573,3882[CR],17934187
F,21120,14983,2807,24,574,3910[CR],17934515
C,15482,92,2815,19,575,3921[CR],17934953
F,20848,15040,2824,21,573,3934[CR],17935281
C,15525,96,2832,24,572,3936[CR],17935718
F,21052,14964,2840,20,572,3927[CR],17936156
C,15549,96,2849,22,571,3915[CR],17936484
F,21410,14908,2857,24,569,3896[CR],17936921
C,15583,102,2866,21,569,3869[CR],17937250
F,21590,14912,2875,22,569,3834[CR],17937687
C,15612,94,2883,24,569,3804[CR],17938015
F,20976,15044,2892,20,571,3786[CR],17938453
A,35028,20232,2901,22,572,3775[CR],17938890
F,19970,15230,2909,22,573,3764[CR],17939218
C,16027,102,2917,19,574,3770[CR],17939656
F,19646,15226,2926,21,574,3789[CR],17939984
C,16235,92,2934,22,574,3822[CR],17940421
F,19772,15006,2942,19,574,3851[CR],17940750
C,16296,102,2951,21,573,3887[CR],17941187
F,20342,14753,2959,22,573,3922[CR],17941625
C,16211,116,2967,19,573,3964[CR],17941953
F,20886,14651,2976,21,572,3985[CR],17942390
C,16136,94,2984,24,571,3998[CR],17942718
F,21220,14687,2992,20,569,3995[CR],17943156
C,16096,96,3001,22,568,3989[CR],17943484
F,20086,15035,3009,24,567,3974[CR],17943921
C,15962,102,3018,20,566,3961[CR],17944359
F,18840,15161,3026,21,565,3940[CR],17944687
A,35044,18638,3035,24,566,3915[CR],17945125
F,18658,15063,3043,19,565,3899[CR],17945453
C,15785,98,3052,22,566,3877[CR],17945890
F,19274,15111,3061,22,566,3867[CR],17946218
C,15982,102,3069,20,567,3840[CR],17946656
F,19224,15224,3078,22,568,3805[CR],17947093
C,16194,90,3086,23,569,3777[CR],17947421
F,18642,15264,3095,19,572,3749[CR],17947859
C,16386,94,3104,21,573,3733[CR],17948187
F,18546,15054,3112,22,573,3719[CR],17948625
C,16534,104,3121,18,575,3708[CR],17948953
F,18814,14970,3130,21,576,3690[CR],17949390
C,16616,96,3138,22,576,3675[CR],17949828
F,19040,14867,3146,24,577,3661[CR],17950156
C,16624,96,3155,21,576,3645[CR],17950593
F,19344,14691,3164,22,575,3634[CR],17950921
A,35024,19664,3172,24,574,3624[CR],17951359
F,19806,14482,3181,20,572,3608[CR],17951687
C,16614,106,3189,22,570,3587[CR],17952125
F,20394,14231,3198,24,568,3559[CR],17952562
C,16418,90,3207,21,567,3531[CR],17952890
F,21262,13985,3215,22,566,3511[CR],17953328
C,16138,112,3224,24,564,3490[CR],17953656
F,22210,13931,3232,20,562,3476[CR],17954093
C,16012,112,3241,22,561,3469[CR],17954421
F,22930,14224,3249,22,560,3459[CR],17954859
C,15997,126,3258,20,561,3453[CR],17955296
F,22946,14592,3266,21,563,3444[CR],17955625
C,15901,120,3275,23,566,3438[CR],17956062
F,21710,14762,3283,20,567,3432[CR],17956390
C,15730,124,3292,21,568,3425[CR],17956828
F,22062,14644,3300,22,568,3424[CR],17957156
A,34984,22580,3308,20,568,3425[CR],17957593
F,22798,14549,3317,21,569,3427[CR],17958031
C,15243,136,3326,22,568,3429[CR],17958359
F,23452,14555,3334,20,567,3434[CR],17958796
C,15210,146,3343,21,567,3444[CR],17959125
F,23054,14725,3351,22,569,3450[CR],17959562
C,15398,154,3359,19,571,3456[CR],17959890
F,21752,14794,3368,21,572,3468[CR],17960328
C,15710,124,3376,22,572,3467[CR],17960765
F,20886,14734,3384,20,572,3463[CR],17961093
C,15881,154,3393,22,571,3457[CR],17961531
F,20424,14548,3401,23,570,3451[CR],17961859
C,15871,156,3410,20,567,3447[CR],17962296
F,20432,14292,3419,21,564,3441[CR],17962625
C,15735,154,3427,23,563,3434[CR],17963062
F,21314,13967,3435,18,562,3421[CR],17963500
A,35000,21980,3444,21,562,3410[CR],17963828
F,22228,13793,3452,22,561,3405[CR],17964265
C,15284,142,3460,17,561,3408[CR],17964593
F,23072,13793,3469,21,561,3418[CR],17965031
C,15316,158,3477,22,563,3427[CR],17965359
F,23420,13993,3485,18,564,3424[CR],17965796
C,15402,154,3494,21,566,3428[CR],17966234
F,22856,14230,3503,23,566,3429[CR],17966562
C,15388,150,3511,18,566,3432[CR],17967000
F,22334,14206,3519,21,566,3429[CR],17967328
C,15294,152,3528,23,566,3432[CR],17967765
F,22724,14136,3536,18,567,3437[CR],17968093
C,15181,154,3544,21,567,3435[CR],17968531
F,23178,14145,3553,23,567,3433[CR],17968968
C,15120,148,3561,18,567,3440[CR],17969296
F,23564,14175,3570,21,567,3453[CR],17969734
A,34968,23752,3578,22,566,3466[CR],17970062
F,23754,14263,3586,20,564,3483[CR],17970500
C,15323,162,3595,21,564,3496[CR],17970828
F,23246,14341,3603,22,564,3510[CR],17971265
C,15487,158,3611,20,563,3528[CR],17971703
F,22552,14365,3620,21,561,3535[CR],17972031
C,15630,150,3628,22,560,3544[CR],17972468
F,22436,14198,3636,20,560,3548[CR],17972796
C,15877,154,3645,21,560,3549[CR],17973234
F,22904,14101,3653,22,560,3553[CR],17973562
C,16286,146,3661,19,559,3562[CR],17974000
F,22460,14184,3670,22,560,3583[CR],17974437
C,16588,154,3678,24,561,3577[CR],17974765
F,21292,14264,3686,20,562,3575[CR],17975203
C,16608,154,3695,22,565,3579[CR],17975531
F,21078,14162,3703,24,566,3566[CR],17975968
A,34988,21394,3712,20,567,3557[CR],17976296
F,21548,13973,3720,22,566,3561[CR],17976734
C,16225,150,3728,23,564,3566[CR],17977171
F,22352,13801,3737,19,563,3586[CR],17977500
C,16103,154,3744,8,490,3566[CR],17977937
F,23164,13882,3744,1,460,3485[CR],17978265
C,15632,158,3744,1,457,3473[CR],17978703
F,23628,13791,3744,0,456,3464[CR],17979031
C,15433,154,3744,0,455,3463[CR],17979468
F,23666,13642,3744,0,455,3465[CR],17979906
C,15373,164,3744,0,454,3465[CR],17980234
F,23380,13584,3744,0,454,3463[CR],17980671
C,15342,158,3744,0,439,3555[CR],17981000
F,22908,14193,3744,0,434,3569[CR],17981437
C,15539,150,3744,0,429,3566[CR],17981765
F,22448,14127,3744,0,447,3531[CR],17982203
A,34964,22130,3744,0,444,3503[CR],17982640
F,21996,14243,3744,0,441,3502[CR],17982968
C,15502,156,3744,0,440,3504[CR],17983406
F,21644,14207,3744,0,169,3181[CR],17983843
Z,0,0,3744,0,0,2450[CR],17984390
Z,0,0,3744,0,0,2452[CR],17984828
Z,0,0,3744,0,0,2473[CR],17985375
Z,0,0,3744,0,0,2474[CR],17985812
Z,0,0,3744,0,0,2477[CR],17986359
Z,0,0,3744,0,0,2475[CR],17986796
Z,0,0,3744,0,0,2475[CR],17987343
Z,0,0,3744,0,0,2469[CR],17987890
Z,0,0,3744,0,76,2459[CR],17988328
Z,0,0,3744,0,0,2460[CR],17988875
Z,0,0,3744,0,4,2462[CR],17989312
Z,0,0,3744,0,0,2464[CR],17989859
Z,0,0,3744,0,0,2462[CR],17990296
Z,0,0,3744,0,66,2463[CR],17990843
Z,0,0,3744,0,0,2465[CR],17991390
Z,0,0,3744,0,0,2462[CR],17991828
Z,0,0,3744,0,2,2461[CR],17992375
Z,0,0,3744,0,0,2461[CR],17992812
Z,0,0,3744,0,0,2462[CR],17993359
Z,0,0,3744,0,0,2464[CR],17993906
Z,0,0,3744,0,0,2465[CR],17994343
Z,0,0,3744,0,0,2465[CR],17994890
Z,0,0,3744,0,0,2427[CR],17995328
Z,0,0,3744,0,0,2446[CR],17995875
Z,0,0,3744,0,0,2448[CR],17996312
Z,0,0,3744,0,0,2449[CR],17996859
Z,0,0,3744,0,0,2448[CR],17997296
Z,0,0,3744,0,0,2453[CR],17997843
Z,0,0,3744,0,0,2455[CR],17998390
Z,0,0,3744,0,0,2457[CR],17998828
Z,0,0,3744,0,0,2459[CR],17999375
Z,0,0,3744,0,0,2458[CR],17999812
Z,0,0,3744,0,0,2458[CR],18000359
Z,0,0,3744,0,0,2460[CR],18000906
Z,0,0,3744,0,0,2461[CR],18001343
Z,0,0,3744,0,0,2461[CR],18001890
Z,0,0,3744,0,0,2459[CR],18002328
Z,0,0,3744,0,6,2466[CR],18002875
Z,0,0,3744,0,0,2482[CR],18003312
Z,0,0,3744,2,0,2466[CR],18003859
Z,0,0,3744,49,0,2475[CR],18004406
Z,0,0,3744,57,0,2471[CR],18004843
Z,0,0,3744,60,0,2471[CR],18005390
Z,0,0,3753,17,379,2581[CR],18005609
C,14176,154,3761,19,440,3696[CR],18006046
F,18578,15569,3762,2,391,5673[CR],18006375
C,16183,152,3762,1,384,5728[CR],18006812
F,18652,15567,3762,0,383,5716[CR],18007250
A,34896,18666,3762,0,375,5719[CR],18007578
F,18650,15636,3762,0,354,5762[CR],18008015
C,15911,158,3762,0,348,5768[CR],18008343
F,18636,15667,3762,0,349,5768[CR],18008781
C,15860,150,3766,4,519,4285[CR],18009109
F,18582,15426,3766,1,466,3570[CR],18009546
C,16359,154,3766,1,457,3571[CR],18009984
F,18328,15444,3766,0,455,3570[CR],18010312
C,16180,158,3766,0,449,3567[CR],18010750
F,18584,15563,3766,0,449,3564[CR],18011078
C,16090,170,3766,0,450,3565[CR],18011515
F,18682,15617,3766,0,449,3565[CR],18011843
C,16025,150,3766,0,449,3565[CR],18012281
F,18694,15654,3766,0,449,3564[CR],18012718
C,15987,154,3768,35,585,3588[CR],18013046
F,18676,15671,3777,22,585,3777[CR],18013484
A,34892,18054,3785,23,586,3785[CR],18013812
F,18224,15524,3794,19,584,3803[CR],18014250
C,17492,158,3802,21,583,3828[CR],18014578
F,18800,15687,3810,23,580,3862[CR],18015015
C,18128,154,3819,19,582,3902[CR],18015453
F,19184,15890,3827,21,588,3936[CR],18015781
C,19078,158,3835,23,588,3960[CR],18016218
F,17820,16274,3844,20,590,3982[CR],18016546
C,19842,162,3852,22,590,3994[CR],18016984
F,14803,16690,3860,24,590,3996[CR],18017312
C,19914,182,3869,21,591,3981[CR],18017750
F,13071,16544,3878,22,588,3961[CR],18018187
C,19542,168,3886,24,588,3943[CR],18018515
F,13369,15645,3894,21,588,3934[CR],18018953
C,19238,182,3903,21,587,3914[CR],18019281
F,13899,15226,3912,24,590,3902[CR],18019718
A,34864,14209,3920,20,591,3895[CR],18020046
F,14290,15504,3928,22,591,3892[CR],18020484
C,19788,158,3937,24,590,3889[CR],18020921
F,14224,16102,3945,19,591,3877[CR],18021250
C,19878,166,3954,21,589,3883[CR],18021687
F,13584,16146,3962,24,590,3933[CR],18022015
C,19722,170,3970,20,588,3925[CR],18022453
F,13879,15501,3979,22,586,3893[CR],18022781
C,19652,182,3988,23,585,3873[CR],18023218
F,14319,15089,3996,20,586,3874[CR],18023656
C,19734,188,4004,21,587,3882[CR],18023984
F,14747,15120,4013,23,588,3880[CR],18024421
C,19880,172,4021,20,586,3897[CR],18024750
F,15158,15396,4030,21,588,3901[CR],18025187
C,20056,182,4038,23,589,3900[CR],18025515
F,15540,15679,4046,20,589,3901[CR],18025953
A,34816,15785,4055,21,590,3901[CR],18026390
F,15864,15974,4063,23,591,3903[CR],18026765
C,20280,174,4072,20,592,3914[CR],18027156
F,16229,16240,4080,22,591,3930[CR],18027500
C,20288,166,4088,23,590,3954[CR],18027921
F,16558,16442,4097,19,590,3982[CR],18028250
C,20234,170,4105,21,590,3986[CR],18028687
F,16882,16650,4113,23,588,3987[CR],18029125
C,20284,190,4122,20,590,3970[CR],18029453
F,17238,16862,4131,22,590,3957[CR],18029890
C,20264,206,4139,23,590,3957[CR],18030218
F,17522,17050,4148,19,590,3966[CR],18030656
C,20276,196,4156,22,590,3965[CR],18030984
F,17706,17100,4164,22,591,3958[CR],18031421
C,20274,204,4173,20,590,3963[CR],18031859
F,17894,16880,4181,21,588,3971[CR],18032187
A,34832,18150,4190,23,587,3978[CR],18032625
F,18226,16712,4198,20,584,3951[CR],18032953
C,20366,204,4207,21,584,3964[CR],18033390
F,18530,16818,4215,23,586,3978[CR],18033718
C,20492,210,4223,19,587,3978[CR],18034156
F,18250,17062,4232,21,588,3989[CR],18034593
C,20642,212,4240,22,588,4004[CR],18034921
F,17080,17142,4248,20,589,4002[CR],18035359
C,20750,212,4257,21,589,3997[CR],18035687
F,16208,16872,4266,22,590,4004[CR],18036125
C,20764,212,4274,20,590,4007[CR],18036453
F,16379,16355,4283,21,590,4018[CR],18036890
C,20760,208,4291,22,590,4029[CR],18037328
F,16980,16046,4299,20,591,4039[CR],18037656
C,20822,200,4308,21,591,4049[CR],18038093
F,17394,16131,4316,23,592,4065[CR],18038421
A,34860,17656,4324,20,591,4061[CR],18038859
F,17754,16246,4333,21,590,4078[CR],18039187
C,20452,188,4341,22,588,4085[CR],18039625
F,18146,16336,4349,20,590,4109[CR],18040062
C,19994,192,4358,21,591,4110[CR],18040390
F,18500,16428,4367,23,591,4100[CR],18040828
C,19592,174,4375,19,591,4088[CR],18041156
F,18864,16662,4383,21,590,4091[CR],18041593
C,19292,184,4392,24,591,4099[CR],18041921
F,19244,17174,4400,20,591,4085[CR],18042359
C,19254,190,4409,21,590,4081[CR],18042796
F,19508,17582,4417,22,590,4086[CR],18043125
C,19426,192,4425,19,585,4099[CR],18043562
F,19700,17656,4434,21,583,4119[CR],18043890
C,20060,204,4442,22,583,4155[CR],18044328
F,19574,17520,4450,19,582,4187[CR],18044656
A,34816,19032,4458,21,582,4226[CR],18045093
F,18648,17494,4466,22,583,4259[CR],18045531
C,21934,222,4475,19,585,4288[CR],18045859
F,17254,17460,4483,21,589,4314[CR],18046296
C,22662,216,4491,23,590,4337[CR],18046625
F,15625,17324,4500,19,591,4357[CR],18047062
C,23110,216,4508,21,591,4377[CR],18047390
F,14850,17036,4516,24,590,4404[CR],18047828
C,23274,220,4524,19,590,4466[CR],18048265
F,15227,16586,4533,22,591,4447[CR],18048593
C,23306,220,4541,18,590,4453[CR],18049031
F,15621,16384,4549,19,591,4463[CR],18049359
C,23010,216,4558,22,590,4466[CR],18049796
F,15954,16600,4566,19,590,4470[CR],18050125
C,22640,206,4574,20,589,4484[CR],18050562
F,16253,16932,4583,22,588,4490[CR],18051000
A,34800,16464,4591,18,589,4493[CR],18051328
F,16528,17252,4599,19,590,4501[CR],18051765
C,21672,210,4608,22,590,4512[CR],18052093
F,16786,17386,4616,18,590,4519[CR],18052531
C,21210,198,4624,20,590,4503[CR],18052859
F,17014,17594,4633,22,590,4505[CR],18053296
C,20934,210,4641,22,588,4501[CR],18053734
F,17242,17896,4649,21,588,4512[CR],18054062
C,20850,220,4658,22,587,4517[CR],18054500
F,17450,18330,4666,22,588,4527[CR],18054828
C,20946,190,4674,20,588,4542[CR],18055265
F,17450,18570,4682,22,588,4566[CR],18055609
C,21172,208,4691,20,587,4590[CR],18056031
F,17674,18300,4699,21,585,4613[CR],18056468
C,21554,208,4707,22,584,4631[CR],18056796
F,17852,17946,4715,20,584,4648[CR],18057234
A,34828,17890,4724,21,586,4657[CR],18057562
F,17900,17710,4732,22,589,4650[CR],18058000
C,22490,222,4740,20,589,4652[CR],18058328
F,17768,17586,4749,21,591,4653[CR],18058765
C,22696,220,4757,23,591,4653[CR],18059203
F,17448,17666,4765,19,591,4657[CR],18059531
C,22752,220,4774,21,590,4657[CR],18059968
F,16726,17650,4782,22,590,4646[CR],18060296
C,22584,220,4790,20,590,4637[CR],18060734
F,16796,17396,4799,21,591,4624[CR],18061062
C,22410,220,4808,22,591,4626[CR],18061500
F,17076,17262,4816,20,590,4608[CR],18061937
C,22210,216,4825,21,590,4595[CR],18062265
F,17348,17360,4833,22,590,4598[CR],18062703
C,22004,218,4841,20,590,4617[CR],18063031
F,17584,17608,4850,21,589,4628[CR],18063468
A,34792,17704,4858,22,589,4637[CR],18063796
F,17750,17722,4866,20,589,4653[CR],18064234
C,21824,212,4875,21,589,4666[CR],18064671
F,17938,17722,4883,24,588,4670[CR],18065000
C,21850,214,4891,20,589,4673[CR],18065437
F,18094,17650,4900,22,588,4679[CR],18065765
C,21926,204,4908,24,589,4684[CR],18066203
F,18208,17582,4916,20,589,4675[CR],18066531
C,21974,212,4924,21,588,4671[CR],18066968
F,18282,17614,4933,23,589,4667[CR],18067406
C,21846,206,4941,20,588,4670[CR],18067734
F,18212,17588,4950,21,590,4666[CR],18068171
C,21606,196,4958,24,588,4667[CR],18068500
F,18250,17468,4966,19,589,4655[CR],18068937
C,21292,208,4975,21,588,4648[CR],18069265
F,18376,17346,4983,24,588,4646[CR],18069703
A,34788,18420,4992,20,588,4646[CR],18070140
F,18462,17300,5000,22,588,4651[CR],18070468
C,20942,192,5009,24,587,4647[CR],18070906
F,18602,17472,5017,20,587,4657[CR],18071234
C,21034,216,5025,21,587,4669[CR],18071671
F,18364,17746,5034,23,587,4679[CR],18072000
C,21234,212,5042,20,587,4683[CR],18072437
F,17212,17990,5050,22,587,4679[CR],18072875
C,21380,212,5058,22,586,4664[CR],18073203
F,16077,17908,5067,20,587,4654[CR],18073640
C,21438,214,5075,22,587,4649[CR],18073984
F,16171,17558,5083,23,588,4650[CR],18074406
C,21456,212,5092,19,587,4660[CR],18074734
F,16624,17222,5101,22,588,4677[CR],18075171
C,21420,208,5108,19,586,4696[CR],18075609
F,16982,17048,5117,20,588,4732[CR],18075937
A,34768,17202,5125,22,588,4752[CR],18076375
F,17272,17048,5133,17,587,4754[CR],18076703
C,21224,216,5142,20,587,4772[CR],18077140
F,17544,16926,5150,22,587,4796[CR],18077468
C,21046,198,5158,18,587,4805[CR],18077906
F,17822,16836,5166,21,587,4818[CR],18078343
C,20908,204,5175,22,587,4827[CR],18078671
F,18062,16888,5183,17,587,4833[CR],18079109
C,20670,204,5191,21,586,4840[CR],18079437
F,18284,16970,5200,22,587,4832[CR],18079875
C,20390,216,5208,20,587,4824[CR],18080203
F,18528,17050,5216,21,588,4807[CR],18080640
C,20156,194,5225,22,587,4798[CR],18081078
F,18812,17104,5233,20,587,4773[CR],18081406
C,19962,188,5242,21,588,4754[CR],18081843
F,19056,17358,5250,22,586,4739[CR],18082171
A,34752,19180,5258,17,587,4731[CR],18082609
F,19190,17736,5267,21,586,4721[CR],18082937
C,19898,216,5276,22,585,4712[CR],18083375
F,18472,17942,5284,17,585,4712[CR],18083812
C,19988,206,5292,21,583,4704[CR],18084140
F,18368,17854,5301,22,583,4700[CR],18084578
C,20056,212,5309,18,580,4692[CR],18084906
F,18926,17422,5318,21,579,4691[CR],18085343
C,20180,218,5326,22,577,4700[CR],18085671
F,19700,16856,5334,19,574,4721[CR],18086109
C,20538,222,5342,20,572,4766[CR],18086546
F,20460,16718,5350,22,580,4829[CR],18086875
C,21482,214,5358,18,580,4899[CR],18087312
F,20968,16898,5366,20,578,4978[CR],18087640
C,23014,228,5373,20,577,5048[CR],18088078
F,20828,17254,5381,20,578,5095[CR],18088406
A,34792,18996,5390,22,583,5090[CR],18088843
F,17904,17390,5397,18,587,5113[CR],18089281
C,24848,220,5406,20,586,5140[CR],18089609
F,14736,17398,5414,22,585,5160[CR],18090046
C,25444,212,5422,18,581,5174[CR],18090375
F,12698,17200,5431,21,582,5186[CR],18090812
C,25896,220,5439,22,582,5200[CR],18091140
F,12378,16656,5447,19,580,5216[CR],18091578
C,26320,220,5455,21,579,5225[CR],18092015
F,12885,15948,5463,23,583,5208[CR],18092343
C,26588,224,5472,20,583,5206[CR],18092781
F,13327,15729,5480,21,584,5192[CR],18093109
C,26924,222,5489,23,584,5175[CR],18093546
F,13732,15111,5497,20,585,5161[CR],18093875
C,26888,230,5506,22,583,5140[CR],18094312
F,14131,14504,5514,23,582,5135[CR],18094750
A,34776,14448,5523,20,582,5123[CR],18095078
F,14560,14141,5531,22,582,5114[CR],18095515
C,26844,226,5540,24,578,5102[CR],18095843
F,15008,14109,5548,19,580,5067[CR],18096281
C,26276,224,5557,21,580,5048[CR],18096609
F,15520,14261,5565,22,581,5053[CR],18097046
C,26304,230,5573,18,580,5059[CR],18097484
F,16024,14550,5582,21,582,5067[CR],18097812
C,26732,208,5590,23,583,5071[CR],18098250
F,16460,14395,5599,20,582,5061[CR],18098578
C,26900,222,5607,22,587,5053[CR],18099015
F,16361,14283,5615,23,584,5053[CR],18099343
C,26576,216,5623,20,579,5029[CR],18099781
F,17216,14347,5632,22,584,4986[CR],18100218
C,25740,230,5641,23,584,4973[CR],18100546
F,17292,15107,5649,19,583,4939[CR],18100984
A,34796,17586,5658,22,584,4907[CR],18101312
F,17634,14392,5666,22,582,4912[CR],18101750
C,24564,224,5674,17,583,4907[CR],18102078
F,17676,14573,5684,21,574,4886[CR],18102515
C,24062,220,5692,22,577,4884[CR],18102875
F,17460,14250,5700,19,575,4878[CR],18103281
C,23640,220,5709,21,575,4891[CR],18103718
F,17870,14870,5716,22,575,4905[CR],18104046
C,23564,228,5724,19,577,4917[CR],18104484
F,17634,14873,5733,21,582,4916[CR],18104812
C,23546,232,5741,22,582,4909[CR],18105250
F,17654,15087,5743,3,459,4812[CR],18105687
C,23556,224,5743,1,442,4725[CR],18106015
F,17860,15320,5743,0,434,4708[CR],18106453
C,22234,224,5743,0,424,4699[CR],18106781
F,17858,15418,5743,0,423,4694[CR],18107218
A,34764,17852,5743,0,419,4690[CR],18107546
F,17832,15471,5743,0,398,4753[CR],18107984
C,21964,220,5743,0,387,4849[CR],18108421
F,17844,15520,5743,0,395,4833[CR],18108750
C,21840,220,5743,0,425,4782[CR],18109187
F,17842,15575,5743,0,421,4744[CR],18109515
C,21896,216,5743,0,417,4744[CR],18109953
F,17844,15590,5743,0,423,4744[CR],18110281
C,21778,210,5743,0,413,4409[CR],18110718
F,17846,15592,5743,0,400,3500[CR],18111265
Z,0,0,5743,0,70,2723[CR],18111703
Z,0,0,5743,0,0,2443[CR],18112250
Z,0,0,5743,0,0,2455[CR],18112687
Z,0,0,5743,0,0,2474[CR],18113234
Z,0,0,5743,0,122,2476[CR],18113671
Z,0,0,5743,0,0,2467[CR],18114218
Z,0,0,5743,0,0,2466[CR],18114765
Z,0,0,5743,0,0,2461[CR],18115203
Z,0,0,5743,0,0,2462[CR],18115750
Z,0,0,5743,0,0,2458[CR],18116187
Z,0,0,5743,0,0,2462[CR],18116734
Z,0,0,5743,0,0,2464[CR],18117171
Z,0,0,5743,0,0,2461[CR],18117718
Z,0,0,5743,0,1,2463[CR],18118265
Z,0,0,5743,0,0,2465[CR],18118703
Z,0,0,5743,0,0,2466[CR],18119250
Z,0,0,5743,0,0,2468[CR],18119687
Z,0,0,5743,0,0,2469[CR],18120234
Z,0,0,5743,0,0,2469[CR],18120671
Z,0,0,5743,0,0,2468[CR],18121218
Z,0,0,5743,0,0,2469[CR],18121765
Z,0,0,5743,0,0,2442[CR],18122203
Z,0,0,5743,0,0,2444[CR],18122750
Z,0,0,5743,0,0,2450[CR],18123187
Z,0,0,5743,0,0,2451[CR],18123734
Z,0,0,5743,0,0,2449[CR],18124171
Z,0,0,5743,0,0,2449[CR],18124718
Z,0,0,5743,0,0,2452[CR],18125265
Z,0,0,5743,0,0,2454[CR],18125703
Z,0,0,5743,0,0,2456[CR],18126250
Z,0,0,5743,0,0,2454[CR],18126687
Z,0,0,5743,0,0,2452[CR],18127234
Z,0,0,5743,0,0,2456[CR],18127671
Z,0,0,5743,0,0,2458[CR],18128218
Z,0,0,5743,0,0,2458[CR],18128656
Z,0,0,5743,0,0,2461[CR],18129203
Z,0,0,5743,0,0,2464[CR],18129750
Z,0,0,5743,0,0,2463[CR],18130187
Z,0,0,5743,2,0,2482[CR],18130734
Z,0,0,5743,1,0,2467[CR],18131171
Z,0,0,5743,32,0,2473[CR],18131718
Z,0,0,5743,36,0,2471[CR],18132265
Z,0,0,5743,35,0,2471[CR],18132703
Z,0,0,5743,43,0,2472[CR],18133250
Z,0,0,5743,17,318,2502[CR],18133359
F,17832,12640,5743,11,302,2968[CR],18133796
C,16374,216,5747,18,319,3209[CR],18134125
F,17836,13105,5747,2,303,3419[CR],18134562
C,17062,208,5747,1,287,3426[CR],18134890
F,17828,13436,5747,0,284,3423[CR],18135328
C,17120,204,5747,0,280,3425[CR],18135765
F,17828,13452,5747,0,215,3457[CR],18136093
C,17134,216,5747,0,231,3459[CR],18136531
F,17826,13464,5747,0,225,3455[CR],18136859
C,17144,212,5747,0,359,3448[CR],18137296
F,17830,13470,5747,0,356,3456[CR],18137625
C,17166,220,5747,0,357,3463[CR],18138062
F,17822,13502,5747,0,355,3464[CR],18138500
A,34800,17818,5747,0,353,3463[CR],18138828
F,17804,13509,5747,0,353,3463[CR],18139265
C,17186,214,5747,0,355,3461[CR],18139593
F,17828,13513,5747,0,355,3461[CR],18140031
C,17192,216,5747,0,356,3462[CR],18140359
F,17824,13517,5747,0,355,3463[CR],18140796
C,17196,214,5747,0,348,3461[CR],18141234
F,17824,13522,5749,12,387,3523[CR],18141562
C,17198,212,5755,14,441,3981[CR],18142000
F,17830,14460,5762,20,500,4611[CR],18142328
C,21000,216,5770,19,502,4827[CR],18142765
F,17416,14894,5778,21,501,4821[CR],18143093
C,23426,226,5786,22,500,4813[CR],18143531
F,17632,14982,5795,20,501,4799[CR],18143968
C,23362,216,5803,21,507,4781[CR],18144296
F,17730,15271,5812,23,508,4763[CR],18144734
A,34804,17764,5820,20,508,4741[CR],18145062
F,17774,15494,5829,21,509,4722[CR],18145500
C,22734,224,5837,23,507,4700[CR],18145828
F,17850,15770,5846,18,508,4688[CR],18146265
C,22382,208,5854,21,502,4665[CR],18146703
F,17864,15812,5862,22,503,4649[CR],18147031
C,21980,216,5871,19,502,4633[CR],18147468
F,17910,15785,5880,21,502,4609[CR],18147796
C,21544,220,5888,22,501,4593[CR],18148234
F,17934,15844,5896,18,502,4581[CR],18148562
C,21132,224,5905,21,501,4590[CR],18149000
F,18048,15986,5913,22,502,4586[CR],18149437
C,20788,220,5922,18,501,4559[CR],18149765
F,18154,16161,5930,21,500,4567[CR],18150203
C,20534,220,5938,22,500,4583[CR],18150531
F,18194,16353,5946,18,499,4607[CR],18150968
A,34760,17884,5955,21,500,4635[CR],18151296
F,17720,16580,5963,22,501,4672[CR],18151734
C,21096,216,5971,19,502,4704[CR],18152171
F,16688,16918,5980,21,502,4724[CR],18152500
C,21480,210,5988,23,502,4744[CR],18152937
F,14040,17410,5996,19,502,4764[CR],18153265
C,21694,212,6005,21,502,4807[CR],18153703
F,12165,17734,6013,22,502,4803[CR],18154140
C,21878,224,6021,20,502,4811[CR],18154468
F,11549,17568,6030,21,503,4828[CR],18154906
C,22074,210,6038,22,501,4829[CR],18155234
F,11413,16750,6046,19,501,4838[CR],18155671
C,22250,222,6054,22,502,4845[CR],18156000
F,11769,15977,6063,23,501,4852[CR],18156437
C,22374,218,6071,20,500,4872[CR],18156875
F,12263,15765,6079,21,500,4896[CR],18157203
A,34808,12644,6088,22,501,4913[CR],18157640
F,12781,15767,6096,19,500,4929[CR],18158046
C,22704,222,6104,21,499,4957[CR],18158406
F,13476,15803,6113,23,500,4989[CR],18158781
C,22844,222,6121,20,500,5014[CR],18159171
F,14211,16187,6129,21,500,5026[CR],18159609
C,22970,224,6138,23,500,5049[CR],18159937
F,14864,16752,6146,19,500,5078[CR],18160375
C,23076,222,6154,22,499,5110[CR],18160703
F,15502,17260,6162,18,499,5156[CR],18161140
C,23160,220,6170,19,500,5181[CR],18161468
F,16152,17628,6179,22,500,5191[CR],18161906
C,23208,220,6186,17,500,5208[CR],18162343
F,16794,17840,6195,21,500,5221[CR],18162671
C,23270,218,6204,22,501,5230[CR],18163109
F,17312,17870,6212,18,500,5233[CR],18163437
A,34772,17584,6221,22,500,5246[CR],18163875
F,17616,17964,6229,22,500,5224[CR],18164203
C,23620,220,6237,20,500,5243[CR],18164640
F,17750,17880,6246,21,501,5243[CR],18165078
C,23790,214,6254,22,501,5242[CR],18165406
F,17882,17606,6262,18,500,5227[CR],18165843
C,23984,220,6270,21,501,5255[CR],18166171
F,17930,17406,6279,22,501,5230[CR],18166609
C,24154,224,6287,19,501,5233[CR],18166937
F,17874,17340,6296,21,500,5227[CR],18167375
C,24308,222,6304,22,501,5229[CR],18167812
F,17912,17254,6312,20,500,5237[CR],18168140
C,24278,220,6321,21,501,5236[CR],18168484
F,18008,17168,6329,22,501,5234[CR],18168906
C,24304,228,6337,20,503,5239[CR],18169343
F,17902,17076,6346,21,501,5217[CR],18169671
A,34804,17882,6354,22,500,5207[CR],18170109
F,17894,16928,6363,19,502,5206[CR],18170546
C,24316,218,6371,21,501,5180[CR],18170875
F,17948,16794,6380,22,502,5161[CR],18171312
C,24296,220,6388,20,502,5148[CR],18171640
F,18012,16760,6396,21,501,5127[CR],18172078
C,24154,220,6405,22,502,5107[CR],18172406
F,17980,16772,6413,20,502,5093[CR],18172843
C,23970,210,6422,21,502,5077[CR],18173281
F,18012,16740,6430,22,502,5076[CR],18173609
C,23778,216,6438,20,501,5067[CR],18174046
F,18126,16684,6447,21,502,5060[CR],18174375
C,23708,222,6455,23,500,5053[CR],18174812
F,18046,16618,6463,20,500,5051[CR],18175140
C,23626,216,6472,21,501,5052[CR],18175578
F,18124,16546,6480,23,502,5029[CR],18176015
A,34776,18184,6488,20,502,5008[CR],18176359
F,18192,16698,6497,21,501,4997[CR],18176796
C,23468,220,6505,22,502,4990[CR],18177109
F,18110,16824,6513,19,499,4989[CR],18177546
C,23520,208,6522,22,503,5006[CR],18177875
F,18154,16906,6530,23,502,4974[CR],18178312
C,23676,212,6538,19,503,4971[CR],18178750
F,18128,16926,6547,21,501,4958[CR],18179078
C,23874,220,6555,23,502,4951[CR],18179515
F,18182,17020,6563,20,502,4939[CR],18179843
C,23918,222,6572,21,503,4923[CR],18180281
F,18064,17222,6580,23,503,4911[CR],18180609
C,23772,224,6588,20,502,4901[CR],18181046
F,17780,17330,6597,22,503,4886[CR],18181484
C,23480,220,6605,24,503,4872[CR],18181812
F,17552,17272,6614,20,502,4864[CR],18182250
A,34836,17722,6622,22,502,4847[CR],18182578
F,17778,17126,6630,24,503,4845[CR],18183015
C,22456,228,6639,19,502,4842[CR],18183343
F,18070,17086,6647,21,502,4846[CR],18183781
C,21918,222,6655,22,502,4860[CR],18184218
F,18244,17220,6664,20,502,4862[CR],18184546
C,21420,228,6672,22,501,4872[CR],18184984
F,18348,17412,6680,20,500,4879[CR],18185312
C,21156,222,6688,20,499,4881[CR],18185750
F,18276,17570,6696,21,498,4887[CR],18186078
C,21138,224,6704,20,498,4912[CR],18186515
F,18262,17676,6713,20,497,4939[CR],18186859
C,21510,220,6721,21,496,4974[CR],18187281
F,17490,17818,6729,19,496,5006[CR],18187718
C,22128,216,6737,20,496,5036[CR],18188046
F,15462,18162,6745,22,496,5056[CR],18188484
A,34788,14037,6753,19,497,5066[CR],18188812
F,13641,18266,6762,21,498,5074[CR],18189187
C,22980,220,6770,22,500,5082[CR],18189687
F,13480,17764,6778,19,500,5077[CR],18190015
C,23106,228,6787,21,501,5077[CR],18190453
F,13968,17248,6795,23,501,5076[CR],18190781
C,23164,220,6803,19,501,5076[CR],18191218
F,14627,16930,6812,21,501,5072[CR],18191546
C,23220,220,6820,22,502,5079[CR],18191984
F,15474,16782,6828,20,502,5076[CR],18192421
C,23402,222,6837,21,502,5073[CR],18192750
F,16279,16824,6845,23,502,5067[CR],18193187
C,23404,220,6853,20,502,5061[CR],18193515
F,17010,16934,6862,21,502,5048[CR],18193953
C,23262,220,6870,22,502,5045[CR],18194281
F,17572,17082,6878,19,502,5041[CR],18194718
A,34800,17936,6887,21,501,5033[CR],18195156
F,18058,17332,6895,24,501,5039[CR],18195546
C,22634,226,6903,19,501,5051[CR],18195921
F,18480,17544,6912,22,501,5044[CR],18196265
C,22404,220,6920,24,501,5047[CR],18196687
F,18666,17676,6928,20,501,5042[CR],18197015
C,22244,222,6936,22,501,5042[CR],18197453
F,18736,17692,6945,24,500,5039[CR],18197781
C,22134,216,6953,19,499,5045[CR],18198218
F,18822,17942,6961,22,499,5054[CR],18198656
C,22238,220,6969,21,496,5067[CR],18198984
F,19052,18096,6978,19,495,5095[CR],18199421
C,22786,226,6986,21,493,5129[CR],18199750
F,18928,18214,6994,18,492,5175[CR],18200187
C,23852,232,7002,20,492,5220[CR],18200515
F,17666,18548,7010,21,492,5258[CR],18200953
A,34812,16056,7018,19,494,5294[CR],18201390
F,15293,19046,7026,20,495,5325[CR],18201718
C,25904,218,7034,22,494,5344[CR],18202156
F,12922,19114,7042,20,498,5360[CR],18202484
C,26408,224,7051,21,500,5369[CR],18202921
F,11736,19018,7059,23,503,5374[CR],18203250
C,26668,222,7067,19,505,5364[CR],18203687
F,11694,18426,7076,22,504,5338[CR],18204125
C,26536,218,7084,24,504,5309[CR],18204453
F,12381,17598,7093,20,502,5303[CR],18204890
C,26364,218,7101,22,497,5300[CR],18205218
F,13081,17498,7109,24,494,5286[CR],18205656
C,26196,204,7118,20,494,5272[CR],18205984
F,13918,17218,7126,22,497,5280[CR],18206421
C,26268,224,7134,24,496,5258[CR],18206859
F,14946,16816,7143,20,498,5223[CR],18207187
A,34840,15790,7151,22,500,5210[CR],18207625
F,16684,19954,7160,24,500,5172[CR],18207968
C,24034,208,7168,20,501,5137[CR],18208390
F,17712,19256,7177,22,501,5120[CR],18208718
C,23020,216,7185,24,502,5092[CR],18209156
F,18378,18902,7194,20,503,5073[CR],18209593
C,22498,220,7202,22,503,5063[CR],18209921
F,18510,18690,7210,23,504,5040[CR],18210359
C,21946,212,7219,20,504,5024[CR],18210687
F,18586,18312,7228,22,500,5010[CR],18211125
C,21608,220,7236,24,495,5006[CR],18211453
F,18718,18330,7244,20,492,5019[CR],18211890
C,21780,216,7252,21,492,5041[CR],18212328
F,18876,18572,7260,22,491,5072[CR],18212656
C,22638,220,7268,19,490,5102[CR],18213093
F,17708,18824,7277,22,488,5121[CR],18213421
A,34852,16269,7284,17,499,5127[CR],18213859
F,15434,17984,7293,20,495,5118[CR],18214187
C,24064,218,7301,22,496,5112[CR],18214625
F,13009,17396,7309,18,499,5097[CR],18215062
C,24236,220,7318,21,500,5075[CR],18215390
F,12238,16748,7327,22,499,5056[CR],18215828
C,24210,218,7335,17,500,5035[CR],18216171
F,12572,16324,7344,20,500,5022[CR],18216593
C,24088,218,7352,22,499,5013[CR],18216921
F,13413,16001,7360,17,499,5010[CR],18217359
C,23928,202,7368,20,499,5013[CR],18217796
F,14612,16388,7377,22,499,5025[CR],18218125
C,23898,216,7385,17,500,5042[CR],18218562
F,15871,16794,7393,20,499,5061[CR],18218890
C,23920,200,7401,22,499,5086[CR],18219328
F,17056,17136,7409,19,499,5116[CR],18219656
A,34820,17708,7418,21,499,5142[CR],18220093
F,17892,17398,7425,22,499,5167[CR],18220531
C,24086,222,7434,19,499,5187[CR],18220859
F,18320,17808,7442,21,499,5201[CR],18221296
C,24150,216,7450,23,499,5207[CR],18221625
F,18200,18274,7458,20,499,5214[CR],18222062
C,24156,204,7466,21,499,5231[CR],18222390
F,18152,18510,7474,17,499,5239[CR],18222828
C,24104,202,7483,20,498,5242[CR],18223265
F,18190,18404,7491,22,499,5242[CR],18223593
C,23996,218,7499,19,499,5230[CR],18224031
F,18456,18044,7507,21,499,5221[CR],18224359
C,23798,224,7516,22,499,5201[CR],18224796
F,18686,17816,7524,18,499,5180[CR],18225125
C,23570,208,7533,21,499,5156[CR],18225562
F,18786,17618,7542,22,498,5131[CR],18226000
A,34868,18840,7550,19,498,5110[CR],18226328
F,18834,17424,7558,20,497,5092[CR],18226734
C,23034,218,7567,22,497,5078[CR],18227093
F,18866,17178,7575,19,497,5063[CR],18227468
C,22766,212,7584,20,498,5055[CR],18227859
F,18854,16954,7592,22,497,5038[CR],18228296
C,22520,214,7600,19,497,5036[CR],18228734
F,18872,16846,7609,21,496,5027[CR],18229062
C,22238,220,7617,22,496,5021[CR],18229500
F,18942,16930,7625,17,496,5028[CR],18229828
C,22006,212,7634,20,496,5039[CR],18230265
F,19000,16974,7642,22,496,5057[CR],18230593
C,21816,198,7650,17,496,5066[CR],18231031
F,19044,17024,7658,20,496,5082[CR],18231468
C,21734,212,7666,22,496,5105[CR],18231796
F,18880,17098,7674,17,496,5134[CR],18232343
Z,0,0,7685,19,497,5169[CR],18232562
F,18648,17244,7690,22,496,5203[CR],18233000
C,21870,210,7699,19,497,5219[CR],18233328
F,18790,17410,7707,21,496,5237[CR],18233765
C,22022,212,7714,19,496,5250[CR],18234203
F,18488,17616,7723,20,497,5235[CR],18234546
C,22262,206,7731,22,496,5223[CR],18234968
F,18034,17684,7739,22,496,5231[CR],18235296
C,22456,212,7743,4,379,5161[CR],18235734
F,18492,17754,7743,1,331,5034[CR],18236062
C,21494,198,7743,0,323,5005[CR],18236500
F,19244,18288,7743,0,312,4986[CR],18236937
C,21142,212,7743,0,305,4973[CR],18237265
F,19056,18394,7743,0,297,4970[CR],18237703
C,21008,210,7743,0,234,5017[CR],18238031
F,18938,18444,7743,0,271,5113[CR],18238468
A,34868,18902,7743,0,256,5105[CR],18238796
F,18872,18474,7743,4,251,4924[CR],18239234
C,20812,206,7743,1,232,4841[CR],18239671
F,18866,18500,7743,0,224,4844[CR],18239781
Q,219104,15943,7743,0,239,4845[CR],18240000
C,20722,192,7743,0,275,4636[CR],18240437
F,18844,18524,7743,0,84,3154[CR],18240765
C,20020,214,7743,0,0,2445[CR],18241312
Z,0,0,7743,0,0,2445[CR],18241750
Z,0,0,7743,0,0,2474[CR],18242296
Z,0,0,7743,0,0,2479[CR],18242734
Z,0,0,7743,0,0,2481[CR],18243281
Z,0,0,7743,0,0,2479[CR],18243718
Z,0,0,7743,0,0,2481[CR],18244265
Z,0,0,7743,0,0,2478[CR],18244812
Z,0,0,7743,0,0,2475[CR],18245250
Z,0,0,7743,0,121,2476[CR],18245796
Z,0,0,7743,0,0,2458[CR],18246234
Z,0,0,7743,0,0,2459[CR],18246781
Z,0,0,7743,0,0,2460[CR],18247218
Z,0,0,7743,0,0,2464[CR],18247765
Z,0,0,7743,0,0,2465[CR],18248203
Z,0,0,7743,0,0,2461[CR],18248750
Z,0,0,7743,0,19,2463[CR],18249296
Z,0,0,7743,0,13,2464[CR],18249734
Z,0,0,7743,0,0,2466[CR],18250281
Z,0,0,7743,0,0,2467[CR],18250718
Z,0,0,7743,0,195,2468[CR],18251265
Z,0,0,7743,0,0,2465[CR],18251703
Z,0,0,7743,0,92,2468[CR],18252250
Z,0,0,7743,0,1,2467[CR],18252796
Z,0,0,7743,0,0,2462[CR],18253234
Z,0,0,7743,0,0,2465[CR],18253781
Z,0,0,7743,0,0,2466[CR],18254218
Z,0,0,7743,0,0,2465[CR],18254765
Z,0,0,7743,0,0,2456[CR],18255203
Z,0,0,7743,0,0,2432[CR],18255750
Z,0,0,7743,0,0,2449[CR],18256296
Z,0,0,7743,0,0,2450[CR],18256734
Z,0,0,7743,0,0,2453[CR],18257281
Z,0,0,7743,0,0,2454[CR],18257718
Z,0,0,7743,0,0,2455[CR],18258265
Z,0,0,7743,0,0,2457[CR],18258703
Z,0,0,7743,0,0,2457[CR],18259250
Z,0,0,7743,0,0,2458[CR],18259796
Z,0,0,7743,0,0,2458[CR],18260234
Z,0,0,7743,0,0,2459[CR],18260781
Z,0,0,7743,0,0,2460[CR],18261218
Z,0,0,7743,0,0,2460[CR],18261765
Z,0,0,7743,0,0,2460[CR],18262203
Z,0,0,7743,0,0,2463[CR],18262750
Z,0,0,7743,0,0,2465[CR],18263296
Z,0,0,7743,0,0,2482[CR],18263734
Z,0,0,7743,54,0,2472[CR],18264281
Z,0,0,7743,73,0,2468[CR],18264718
Z,0,0,7743,57,0,2468[CR],18265265
Z,0,0,7743,47,293,2747[CR],18265375
F,18780,12992,7750,36,306,3732[CR],18265812
C,16572,210,7750,2,272,3939[CR],18266140
F,18846,16045,7750,1,237,3952[CR],18266578
C,17984,212,7750,0,260,3922[CR],18267015
F,18824,16073,7750,0,237,3920[CR],18267343
C,17984,192,7750,0,180,3931[CR],18267781
F,18800,16063,7750,0,172,3919[CR],18268109
C,17982,210,7750,0,212,3926[CR],18268546
F,18788,16055,7750,0,363,3969[CR],18268875
C,17978,204,7750,0,359,3996[CR],18269312
F,18788,16078,7750,0,351,3999[CR],18269750
A,34864,18782,7750,0,355,4002[CR],18270078
F,18770,16078,7750,0,352,4002[CR],18270515
C,17986,214,7750,0,355,4001[CR],18270843
F,18780,16076,7750,0,354,4003[CR],18271281
C,17984,216,7750,0,352,4005[CR],18271609
F,18788,16072,7750,0,353,4008[CR],18272046
C,17982,220,7750,0,356,4009[CR],18272484
F,18786,16071,7754,14,452,4221[CR],18272812
C,17978,214,7760,19,539,4885[CR],18273250
F,18548,18284,7768,20,548,5091[CR],18273578
C,22600,214,7777,21,548,5082[CR],18274015
F,17532,17592,7785,24,550,5080[CR],18274343
C,22846,210,7793,20,548,5093[CR],18274781
F,17216,17720,7801,22,549,5124[CR],18275218
C,23102,200,7810,22,548,5150[CR],18275546
F,17060,17742,7818,20,549,5153[CR],18275984
A,34856,17298,7826,22,548,5145[CR],18276312
F,17338,17848,7835,22,548,5167[CR],18276750
C,23808,210,7843,20,548,5174[CR],18277078
F,17586,17936,7851,22,550,5148[CR],18277515
C,24144,206,7860,22,550,5106[CR],18277953
F,17904,18006,7868,21,548,5095[CR],18278281
C,24512,206,7877,22,550,5099[CR],18278718
F,17606,18186,7885,24,550,5078[CR],18279046
C,24764,206,7893,20,549,5071[CR],18279484
F,17084,18158,7902,22,549,5073[CR],18279812
C,24808,198,7910,18,548,5079[CR],18280250
F,17420,17942,7919,20,550,5083[CR],18280687
C,24684,198,7927,22,548,5084[CR],18281015
F,17868,17740,7935,18,550,5086[CR],18281453
C,24462,198,7944,20,549,5085[CR],18281796
F,18284,17774,7952,22,547,5098[CR],18282218
A,34884,18464,7960,18,548,5121[CR],18282546
F,18516,17682,7968,20,549,5149[CR],18283000
C,24146,214,7977,22,547,5175[CR],18283421
F,18684,17448,7984,19,546,5200[CR],18283750
C,24104,224,7993,20,545,5209[CR],18284187
F,18758,17228,8001,22,545,5213[CR],18284515
C,24078,210,8009,19,545,5221[CR],18284953
F,18832,17002,8018,20,547,5233[CR],18285281
C,23992,206,8026,22,547,5251[CR],18285718
F,18816,16812,8034,20,548,5251[CR],18286156
C,23854,216,8043,21,548,5242[CR],18286484
F,18834,16688,8051,23,548,5237[CR],18286921
C,23700,218,8059,19,547,5226[CR],18287250
F,18816,16476,8068,21,547,5207[CR],18287687
C,23516,210,8076,23,547,5197[CR],18288015
F,18848,16225,8085,20,547,5189[CR],18288453
A,34852,18900,8093,22,549,5178[CR],18288890
F,18876,16070,8102,23,549,5153[CR],18289218
C,23062,210,8110,20,549,5138[CR],18289656
F,18902,15988,8119,22,549,5120[CR],18289984
C,22848,210,8127,23,549,5115[CR],18290421
F,18950,15934,8135,19,549,5112[CR],18290750
C,22710,210,8144,21,549,5111[CR],18291187
F,18972,15888,8152,22,549,5108[CR],18291625
C,22612,210,8160,20,550,5104[CR],18291953
F,18972,15983,8169,22,550,5089[CR],18292390
C,22548,192,8177,22,551,5082[CR],18292718
F,18866,16125,8185,19,551,5077[CR],18293156
C,22536,210,8194,22,551,5069[CR],18293484
F,19052,16233,8202,23,552,5059[CR],18293921
C,22488,210,8211,20,552,5057[CR],18294359
F,19126,16346,8219,22,552,5064[CR],18294687
A,34880,19084,8227,22,551,5032[CR],18295125
F,19090,16462,8236,20,551,5015[CR],18295453
C,22246,206,8244,20,551,5009[CR],18295890
F,19220,16562,8252,22,551,4985[CR],18296218
C,21990,210,8261,19,551,4964[CR],18296656
F,19410,16740,8269,22,552,4954[CR],18297093
C,21666,206,8278,23,550,4932[CR],18297421
F,19558,16982,8286,20,551,4921[CR],18297859
C,21346,202,8295,21,550,4912[CR],18298187
F,19618,17174,8303,23,550,4910[CR],18298625
C,21240,202,8311,19,549,4922[CR],18298953
F,19682,17332,8320,21,549,4940[CR],18299390
C,21410,218,8328,23,549,4951[CR],18299828
F,19236,17590,8336,20,549,4972[CR],18300171
C,21730,210,8345,21,549,4993[CR],18300593
F,18704,17724,8353,23,550,5013[CR],18300921
A,34928,18276,8361,20,549,5025[CR],18301359
F,18014,17828,8369,21,550,5045[CR],18301734
C,22070,210,8377,22,549,5053[CR],18302125
F,17318,17822,8386,20,547,5067[CR],18302562
C,22306,224,8394,22,545,5083[CR],18302890
F,17396,17726,8402,21,543,5110[CR],18303328
C,22740,210,8410,20,543,5129[CR],18303656
F,17938,17514,8418,22,545,5153[CR],18304093
C,23376,206,8426,18,547,5175[CR],18304421
F,18418,17438,8435,21,547,5198[CR],18304859
C,24008,192,8443,22,547,5228[CR],18305296
F,18600,17572,8451,19,547,5259[CR],18305625
C,24604,210,8459,20,548,5291[CR],18306062
F,17422,17762,8467,22,548,5317[CR],18306390
C,25136,210,8475,19,549,5345[CR],18306828
F,17434,17716,8484,21,548,5368[CR],18307156
A,34912,18046,8492,22,549,5391[CR],18307593
F,18228,17572,8500,19,549,5399[CR],18308031
C,25704,210,8508,21,548,5409[CR],18308359
F,18728,17772,8516,22,551,5426[CR],18308796
C,25752,210,8525,19,550,5442[CR],18309125
F,18962,18156,8533,21,548,5418[CR],18309562
C,25716,210,8541,24,549,5422[CR],18309890
F,18860,18544,8549,19,548,5426[CR],18310328
C,25520,210,8558,22,549,5434[CR],18310671
F,18786,18762,8566,20,548,5440[CR],18311093
C,25288,198,8574,20,550,5441[CR],18311531
F,18738,18960,8583,22,550,5439[CR],18311859
C,24988,202,8591,19,548,5434[CR],18312296
F,18654,19142,8599,20,549,5418[CR],18312625
C,24588,206,8608,22,550,5401[CR],18313062
F,18808,19494,8616,17,550,5389[CR],18313500
A,34896,18856,8624,20,549,5370[CR],18313828
F,18888,19732,8633,22,549,5346[CR],18314265
C,23860,210,8641,22,548,5328[CR],18314593
F,19030,19682,8650,20,548,5313[CR],18315031
C,23480,210,8658,22,547,5303[CR],18315359
F,19186,19494,8666,22,548,5282[CR],18315796
C,23162,192,8675,20,548,5264[CR],18316234
F,19320,19298,8683,22,547,5253[CR],18316562
C,22906,216,8691,20,546,5246[CR],18317000
F,19448,19230,8700,21,547,5243[CR],18317328
C,22794,214,8708,22,546,5238[CR],18317765
F,19364,18996,8716,18,547,5232[CR],18318093
C,22840,210,8725,21,545,5232[CR],18318531
F,19364,18704,8733,22,546,5230[CR],18318968
C,22914,218,8741,18,547,5221[CR],18319296
F,19312,18436,8750,21,547,5216[CR],18319734
A,34928,19270,8758,22,548,5206[CR],18320062
F,19266,18296,8766,17,548,5192[CR],18320500
C,22888,206,8775,21,547,5186[CR],18320828
F,19192,18112,8783,22,547,5174[CR],18321265
C,22742,206,8791,19,548,5163[CR],18321703
F,19388,17844,8800,21,547,5154[CR],18322031
C,22564,206,8808,22,549,5150[CR],18322468
F,19500,17656,8817,18,548,5143[CR],18322796
C,22468,210,8825,20,548,5141[CR],18323234
F,19596,17490,8833,22,549,5141[CR],18323562
C,22478,210,8841,19,547,5146[CR],18324000
F,19622,17476,8850,21,549,5162[CR],18324437
C,22670,210,8858,22,548,5170[CR],18324765
F,19476,17612,8866,20,548,5180[CR],18325203
C,22898,214,8874,21,547,5185[CR],18325531
F,19380,17662,8883,24,547,5191[CR],18325968
A,34888,19654,8891,19,548,5189[CR],18326296
F,19786,17572,8899,22,548,5186[CR],18326734
C,23054,206,8907,24,547,5183[CR],18327171
F,19990,17464,8916,19,549,5174[CR],18327500
C,22976,210,8924,22,548,5164[CR],18327937
F,20174,17592,8932,22,548,5151[CR],18328265
C,22756,210,8941,20,549,5130[CR],18328703
F,20160,17774,8950,22,550,5109[CR],18329046
C,22472,210,8958,24,550,5099[CR],18329468
F,20450,17800,8966,20,550,5095[CR],18329906
C,22208,202,8975,22,549,5103[CR],18330234
F,20712,17900,8983,23,549,5111[CR],18330671
C,22182,210,8991,19,547,5122[CR],18331000
F,20614,18220,9000,22,547,5141[CR],18331437
C,22356,228,9007,21,547,5160[CR],18331765
F,19908,18800,9016,20,546,5182[CR],18332203
A,34936,18800,9024,22,547,5204[CR],18332640
F,18346,19254,9032,17,547,5223[CR],18332968
C,22736,214,9040,20,547,5242[CR],18333406
F,18246,19328,9048,22,547,5255[CR],18333734
C,22734,218,9056,19,547,5272[CR],18334171
F,18824,19134,9065,20,548,5283[CR],18334609
C,22708,202,9073,22,547,5293[CR],18334937
F,19668,18740,9081,20,548,5310[CR],18335375
C,22624,206,9089,21,546,5327[CR],18335703
F,20718,18448,9098,22,547,5347[CR],18336140
C,22824,214,9106,19,546,5358[CR],18336468
F,21368,18166,9114,21,545,5372[CR],18336906
C,22848,192,9122,23,545,5377[CR],18337343
F,21422,17982,9130,19,545,5370[CR],18337687
C,22318,206,9139,22,545,5350[CR],18338109
F,21574,17444,9147,24,546,5317[CR],18338437
A,34932,22704,9156,21,547,5270[CR],18338875
F,23326,16360,9165,22,546,5212[CR],18339250
C,18714,202,9173,24,546,5160[CR],18339640
F,26432,15678,9182,21,547,5100[CR],18340078
C,16814,202,9191,22,548,5065[CR],18340406
F,29828,15825,9199,23,549,5048[CR],18340843
C,15605,202,9208,20,549,5022[CR],18341171
F,33840,16882,9216,21,549,5012[CR],18341609
C,14835,206,9224,22,548,5012[CR],18341937
F,38968,18946,9233,20,548,5001[CR],18342375
C,14553,210,9241,21,548,4988[CR],18342812
F,42576,19110,9249,23,547,4980[CR],18343140
C,14540,202,9257,19,547,4965[CR],18343578
F,46192,19566,9266,21,546,4945[CR],18343906
C,14542,210,9274,22,545,4925[CR],18344343
F,46032,19146,9283,19,545,4910[CR],18344671
A,34952,46128,9291,22,546,4897[CR],18345109
F,46280,18580,9300,23,546,4885[CR],18345546
C,14536,210,9308,20,545,4869[CR],18345875
F,45472,17446,9317,22,545,4845[CR],18346312
C,14514,202,9325,23,545,4822[CR],18346640
F,44656,16442,9333,20,544,4802[CR],18347078
C,14493,210,9342,22,541,4785[CR],18347406
F,43560,15497,9351,22,539,4764[CR],18347843
C,14464,210,9359,19,537,4749[CR],18348281
F,42496,14271,9367,22,537,4748[CR],18348609
C,14602,210,9376,22,536,4747[CR],18349046
F,43328,13823,9384,19,537,4752[CR],18349375
C,14855,214,9392,21,535,4762[CR],18349812
F,41032,13742,9400,23,537,4771[CR],18350140
C,15301,206,9409,20,539,4769[CR],18350578
F,39420,13737,9417,21,538,4774[CR],18351015
A,34920,37964,9425,22,540,4787[CR],18351343
F,37572,13808,9433,19,540,4801[CR],18351781
C,15911,212,9441,21,539,4826[CR],18352109
F,36464,13765,9449,18,537,4867[CR],18352546
C,16928,208,9457,19,536,4911[CR],18352875
F,34188,13771,9465,21,536,4964[CR],18353312
C,18654,218,9473,17,536,5023[CR],18353750
F,30928,14064,9481,20,541,5083[CR],18354078
C,20616,218,9488,22,543,5110[CR],18354515
F,24872,14608,9496,19,543,5124[CR],18354843
C,21914,232,9505,21,543,5145[CR],18355281
F,18734,15038,9513,22,543,5142[CR],18355609
C,22340,206,9521,20,543,5141[CR],18356046
F,17492,15046,9530,22,542,5136[CR],18356484
C,22252,224,9538,22,543,5137[CR],18356812
F,17956,15031,9546,20,542,5146[CR],18357250
A,34936,18552,9554,22,544,5149[CR],18357578
F,18742,15456,9563,22,542,5147[CR],18358015
C,21830,218,9571,20,542,5153[CR],18358343
F,19462,16044,9579,22,542,5152[CR],18358781
C,21742,208,9587,17,541,5152[CR],18359125
F,20078,16630,9596,20,543,5157[CR],18359546
C,21804,216,9604,22,543,5163[CR],18359984
F,20568,17304,9612,17,542,5167[CR],18360312
C,21916,222,9621,20,540,5176[CR],18360750
F,20766,17780,9629,22,541,5182[CR],18361078
C,21960,220,9637,19,541,5178[CR],18361515
F,20578,17978,9645,21,543,5188[CR],18361953
C,21972,218,9653,22,544,5191[CR],18362281
F,20674,18156,9661,19,544,5188[CR],18362718
C,21880,214,9670,21,544,5188[CR],18363046
F,20840,18246,9678,22,542,5200[CR],18363484
A,34968,20980,9686,19,542,5201[CR],18363812
F,20980,18302,9695,21,543,5216[CR],18364250
C,21596,226,9703,22,543,5216[CR],18364687
F,21178,18302,9711,19,543,5234[CR],18365015
C,21436,224,9719,21,542,5243[CR],18365453
F,21162,18292,9727,23,542,5258[CR],18365781
C,21244,220,9735,20,542,5276[CR],18366218
F,21274,18234,9743,20,521,5288[CR],18366546
C,21030,218,9743,2,370,5103[CR],18366984
F,21464,18486,9743,1,340,5042[CR],18367421
C,20092,220,9743,0,331,5020[CR],18367750
F,21414,18860,9743,0,321,5006[CR],18368187
C,19922,220,9743,0,307,4997[CR],18368515
F,21012,18984,9743,0,283,5105[CR],18368953
C,19860,220,9743,0,243,5122[CR],18369281
F,20788,19046,9743,0,244,5008[CR],18369718
A,34956,20690,9743,0,234,4927[CR],18370156
F,20636,19108,9743,0,256,4927[CR],18370484
C,19640,218,9743,0,340,4827[CR],18371031
Z,0,0,9743,0,0,2679[CR],18371468
Z,0,0,9743,2,0,2464[CR],18372015
Z,0,0,9743,1,0,2467[CR],18372453
Z,0,0,9743,0,0,2468[CR],18373000
Z,0,0,9743,0,0,2463[CR],18373437
Z,0,0,9743,0,0,2461[CR],18373984
Z,0,0,9743,0,0,2464[CR],18374421
Z,0,0,9743,0,0,2465[CR],18374968
Z,0,0,9743,0,0,2461[CR],18375515
Z,0,0,9743,0,0,2464[CR],18375953
Z,0,0,9743,0,0,2463[CR],18376500
Z,0,0,9743,0,0,2462[CR],18376937
Z,0,0,9743,0,0,2464[CR],18377484
Z,0,0,9743,0,0,2464[CR],18377921
Z,0,0,9743,0,0,2466[CR],18378468
Z,0,0,9743,0,0,2468[CR],18378906
Z,0,0,9743,0,0,2469[CR],18379453
Z,0,0,9743,0,0,2473[CR],18380000
Z,0,0,9743,0,0,2432[CR],18380437
Z,0,0,9743,0,0,2452[CR],18380984
Z,0,0,9743,0,0,2452[CR],18381421
Z,0,0,9743,0,0,2454[CR],18381968
Z,0,0,9743,0,0,2455[CR],18382406
Z,0,0,9743,0,0,2457[CR],18382953
Z,0,0,9743,0,0,2458[CR],18383500
Z,0,0,9743,0,0,2459[CR],18383937
Z,0,0,9743,0,0,2459[CR],18384484
Z,0,0,9743,0,0,2458[CR],18384921
Z,0,0,9743,0,0,2459[CR],18385468
Z,0,0,9743,0,0,2460[CR],18385906
Z,0,0,9743,0,0,2460[CR],18386453
Z,0,0,9743,0,0,2456[CR],18387000
Z,0,0,9743,0,0,2462[CR],18387437
Z,0,0,9743,0,1,2464[CR],18387984
Z,0,0,9743,0,253,2473[CR],18388421
Z,0,0,9743,0,0,2480[CR],18388968
Z,0,0,9743,94,0,2475[CR],18389406
Z,0,0,9743,73,0,2467[CR],18389953
Z,0,0,9743,33,280,2486[CR],18390390
F,20004,12292,9753,15,236,3476[CR],18390828
C,15444,216,9753,2,211,4064[CR],18391156
F,20086,16542,9753,1,145,4079[CR],18391593
C,17136,218,9753,0,25,4047[CR],18392031
F,20052,16790,9753,0,1,4055[CR],18392359
C,17186,216,9753,0,57,4070[CR],18392796
F,20022,16828,9753,0,84,4053[CR],18393125
C,17194,218,9753,0,0,4065[CR],18393562
F,20000,16854,9753,0,316,4090[CR],18393890
C,17200,220,9753,0,322,4106[CR],18394328
F,19986,16886,9753,0,324,4109[CR],18394765
A,34956,19980,9753,0,326,4112[CR],18395093
F,19962,16910,9753,0,320,4110[CR],18395531
C,17212,212,9753,0,312,4112[CR],18395875
F,19974,16926,9753,0,311,4111[CR],18396296
C,17216,202,9753,0,323,4113[CR],18396625
F,19970,16938,9753,0,321,4114[CR],18397062
C,17220,220,9753,0,312,4114[CR],18397500
F,19966,16950,9758,12,488,4468[CR],18397828
C,17240,212,9765,19,532,5048[CR],18398265
F,19482,18644,9773,23,536,5181[CR],18398593
C,21064,218,9781,19,537,5172[CR],18399031
F,19420,18048,9789,20,537,5186[CR],18399359
C,20734,218,9798,23,536,5162[CR],18399796
F,20048,17926,9806,20,536,5114[CR],18400234
C,20428,220,9815,22,537,5035[CR],18400562
F,20574,17864,9823,25,538,4919[CR],18401000
A,34952,20918,9832,21,540,4766[CR],18401328
F,21044,17742,9841,22,542,4615[CR],18401765
C,19624,208,9850,24,542,4485[CR],18402093
F,21470,17574,9858,21,542,4412[CR],18402531
C,19098,218,9867,21,543,4357[CR],18402968
F,21980,17422,9875,22,543,4314[CR],18403296
C,18576,210,9884,21,543,4271[CR],18403734
F,22382,17418,9892,20,543,4244[CR],18404062
C,18028,222,9901,22,544,4238[CR],18404500
F,22780,17778,9909,19,544,4226[CR],18404828
C,17786,218,9917,20,543,4231[CR],18405265
F,22236,18466,9926,22,543,4231[CR],18405703
C,17680,220,9934,19,543,4236[CR],18406031
F,21364,18916,9942,21,543,4246[CR],18406468
C,17536,220,9950,22,544,4246[CR],18406796
F,20522,18958,9959,20,543,4233[CR],18407234
A,34980,20930,9967,22,544,4227[CR],18407562
F,21544,17924,9976,22,543,4216[CR],18408000
C,16964,220,9984,19,543,4208[CR],18408437
F,24450,16822,9992,21,542,4213[CR],18408765
C,16742,220,10000,22,543,4222[CR],18409203
F,27096,16362,10009,19,543,4241[CR],18409531
C,16696,220,10017,20,542,4259[CR],18409968
F,28872,16056,10025,22,542,4283[CR],18410296
C,16708,222,10033,19,542,4309[CR],18410734
F,29328,15684,10042,21,542,4341[CR],18411171
C,16676,230,10049,22,542,4372[CR],18411500
F,29684,15148,10058,19,540,4367[CR],18411937
C,16562,222,10066,22,540,4363[CR],18412265
F,30544,14813,10074,22,540,4369[CR],18412703
C,16359,220,10083,20,540,4381[CR],18413031
F,30408,14707,10091,22,538,4375[CR],18413468
A,34952,31112,10099,19,541,4382[CR],18413906
F,31424,14588,10108,21,541,4373[CR],18414328
C,15795,218,10116,22,541,4366[CR],18414671
F,32820,14435,10124,22,540,4374[CR],18415000
C,15718,218,10133,20,539,4416[CR],18415437
F,33812,14412,10141,22,538,4470[CR],18415765
C,15972,222,10148,16,536,4541[CR],18416203
F,33232,14627,10157,19,535,4622[CR],18416640
C,16438,210,10164,22,535,4726[CR],18416968
F,31156,14873,10172,18,534,4821[CR],18417406
C,17360,214,10180,20,532,4913[CR],18417734
F,29548,15002,10187,16,529,5008[CR],18418171
C,18772,222,10195,19,529,5112[CR],18418500
F,26848,15272,10204,22,532,5181[CR],18418937
C,20434,220,10211,19,536,5194[CR],18419375
F,22728,15613,10220,21,537,5233[CR],18419703
A,34948,20268,10228,22,537,5272[CR],18420140
F,19698,15636,10236,19,537,5305[CR],18420468
C,22740,222,10244,21,539,5319[CR],18420906
F,18956,15715,10252,22,540,5320[CR],18421234
C,23254,222,10260,19,540,5314[CR],18421671
F,18882,15949,10269,21,540,5299[CR],18422000
C,23310,222,10277,24,542,5279[CR],18422437
F,19008,16339,10286,20,541,5253[CR],18422875
C,23044,226,10294,22,541,5257[CR],18423203
F,19322,16734,10302,22,540,5244[CR],18423640
C,22720,222,10311,20,540,5231[CR],18423968
F,19482,17132,10319,21,540,5214[CR],18424406
C,22390,224,10327,23,539,5203[CR],18424750
F,19746,17440,10336,20,537,5174[CR],18425171
C,22122,238,10344,22,538,5152[CR],18425609
F,20132,17604,10352,23,537,5149[CR],18425937
A,34912,20372,10361,20,537,5147[CR],18426375
F,20460,17672,10369,21,537,5143[CR],18426703
C,21730,218,10377,21,537,5148[CR],18427140
F,20670,17690,10385,21,536,5143[CR],18427468
C,21618,220,10394,22,535,5124[CR],18427906
F,20790,17482,10402,21,536,5107[CR],18428343
C,21378,208,10410,21,537,5089[CR],18428671
F,20976,17382,10419,22,537,5063[CR],18429109
C,20940,230,10427,21,536,5029[CR],18429437
F,21042,17354,10436,21,537,5001[CR],18429875
C,20104,220,10444,22,538,4961[CR],18430218
F,21248,17398,10452,19,537,4928[CR],18430671
C,19084,234,10461,21,538,4897[CR],18431015
F,21578,17666,10469,22,537,4866[CR],18431468
C,18074,220,10477,20,538,4856[CR],18431796
F,22046,18358,10486,21,537,4840[CR],18432234
A,34948,22362,10494,22,539,4824[CR],18432562
F,22352,19374,10502,17,538,4811[CR],18433000
C,16988,226,10511,20,539,4800[CR],18433437
F,23340,20344,10519,22,540,4795[CR],18433765
C,16746,220,10527,18,540,4778[CR],18434203
F,24270,20710,10536,21,540,4771[CR],18434546
C,16804,220,10544,22,540,4762[CR],18434968
F,26232,20066,10552,19,538,4755[CR],18435312
C,17168,216,10561,20,537,4753[CR],18435734
F,27292,19214,10569,22,537,4752[CR],18436171
C,17776,226,10577,19,539,4753[CR],18436500
F,26304,18592,10585,21,538,4756[CR],18436937
C,18224,220,10593,22,539,4765[CR],18437265
F,24864,17704,10601,19,538,4763[CR],18437703
C,18446,226,10610,21,536,4757[CR],18438031
F,25452,16562,10618,23,536,4749[CR],18438468
A,34924,26448,10626,21,537,4732[CR],18438906
F,26852,15692,10635,22,537,4709[CR],18439234
C,18194,224,10643,24,537,4700[CR],18439671
F,28300,15058,10651,20,537,4673[CR],18440000
C,17764,220,10660,21,537,4644[CR],18440437
F,29688,14728,10668,23,537,4629[CR],18440765
C,17290,220,10676,19,537,4616[CR],18441203
F,31024,14779,10684,21,537,4602[CR],18441640
C,16932,224,10693,23,539,4583[CR],18441968
F,32208,15020,10701,20,538,4577[CR],18442406
C,16758,230,10709,22,539,4577[CR],18442734
F,32896,15383,10717,19,539,4566[CR],18443171
C,16722,220,10726,20,539,4562[CR],18443500
F,32544,15614,10734,22,539,4551[CR],18443937
C,16792,226,10742,20,539,4538[CR],18444375
F,31448,15822,10751,20,538,4536[CR],18444703
A,34928,30740,10759,22,538,4549[CR],18445140
F,30352,16131,10767,18,537,4557[CR],18445468
C,17234,224,10775,20,539,4555[CR],18445906
F,27644,16259,10784,22,538,4553[CR],18446234
C,17248,220,10791,18,539,4554[CR],18446671
F,27124,15887,10800,21,538,4551[CR],18447109
C,17056,222,10809,22,539,4546[CR],18447437
F,28552,15215,10817,19,539,4543[CR],18447875
C,16752,228,10825,20,537,4547[CR],18448203
F,30280,14688,10833,22,537,4567[CR],18448640
C,16386,228,10841,19,536,4600[CR],18448968
F,32500,14244,10849,20,536,4645[CR],18449406
C,16091,226,10857,22,535,4700[CR],18449843
F,34432,14116,10865,19,534,4756[CR],18450171
C,16059,226,10873,20,534,4827[CR],18450609
F,34704,14421,10880,17,534,4909[CR],18450937
A,34920,32164,10888,20,534,4976[CR],18451375
F,31068,14957,10896,22,534,5028[CR],18451703
C,17198,222,10904,19,535,5061[CR],18452140
F,26856,15470,10912,21,535,5083[CR],18452578
C,17514,208,10920,24,536,5085[CR],18452906
F,25116,15365,10928,20,535,5076[CR],18453343
C,17378,220,10937,22,536,5058[CR],18453671
F,26768,14805,10945,24,534,5033[CR],18454109
C,16968,222,10953,20,535,4999[CR],18454437
F,29252,14349,10962,22,534,4973[CR],18454875
C,16474,226,10970,24,535,4954[CR],18455312
F,31848,14315,10979,20,535,4929[CR],18455640
C,16232,216,10988,21,533,4917[CR],18456078
F,34108,14588,10996,23,532,4917[CR],18456406
C,16466,222,11004,19,532,4932[CR],18456843
F,33656,15355,11012,21,529,4955[CR],18457171
A,34872,30980,11020,19,528,4990[CR],18457609
F,30340,15861,11028,19,527,5033[CR],18458046
C,19468,228,11036,21,527,5088[CR],18458375
F,26748,16211,11044,19,527,5141[CR],18458812
C,21742,226,11051,20,530,5198[CR],18459140
F,22476,16538,11059,22,533,5244[CR],18459578
C,23704,226,11067,18,535,5280[CR],18459906
F,19582,16712,11076,21,536,5296[CR],18460343
C,25072,210,11083,22,537,5290[CR],18460781
F,17686,16814,11092,20,536,5294[CR],18461109
C,25892,226,11100,22,536,5283[CR],18461546
F,16878,16676,11108,20,535,5266[CR],18461875
C,26112,222,11117,20,537,5245[CR],18462312
F,17328,16610,11125,22,539,5207[CR],18462640
C,25936,224,11133,24,539,5182[CR],18463078
F,17986,16938,11142,21,538,5134[CR],18463421
A,34920,18330,11151,22,536,5099[CR],18463843
F,18484,17332,11159,24,536,5072[CR],18464234
C,25148,220,11168,20,536,5068[CR],18464609
F,19204,17704,11176,21,535,5065[CR],18465046
C,24876,222,11184,21,535,5073[CR],18465375
F,19822,17934,11192,20,534,5086[CR],18465812
C,24680,230,11201,21,534,5100[CR],18466250
F,20270,18120,11208,17,534,5116[CR],18466578
C,24652,214,11217,20,534,5138[CR],18467015
F,20568,18264,11225,22,534,5154[CR],18467343
C,24708,222,11233,19,533,5169[CR],18467781
F,20668,18330,11241,20,533,5196[CR],18468109
C,24728,238,11249,22,533,5224[CR],18468546
F,20662,18466,11257,19,533,5240[CR],18468984
C,24716,234,11265,20,533,5258[CR],18469312
F,20602,18342,11273,22,532,5275[CR],18469750
A,34912,20636,11281,20,534,5288[CR],18470078
F,20596,18364,11289,22,534,5288[CR],18470515
C,24760,244,11297,20,533,5283[CR],18470843
F,20632,18352,11306,20,533,5284[CR],18471281
C,24792,250,11314,22,534,5280[CR],18471718
F,20680,18416,11322,20,534,5267[CR],18472046
C,24840,226,11331,21,536,5252[CR],18472484
F,20672,18484,11339,22,535,5225[CR],18472812
C,24840,234,11347,19,534,5213[CR],18473250
F,20692,18642,11356,21,534,5206[CR],18473578
C,24828,228,11364,22,534,5199[CR],18474015
F,20128,18734,11372,18,534,5191[CR],18474453
C,24820,244,11381,20,534,5184[CR],18474781
F,20150,18666,11389,22,534,5183[CR],18475218
C,24748,222,11397,18,534,5181[CR],18475546
F,20498,18576,11406,21,533,5188[CR],18475984
A,34900,20644,11414,22,534,5187[CR],18476312
F,20718,18558,11422,19,533,5191[CR],18476750
C,24548,252,11430,21,534,5195[CR],18477187
F,20946,18570,11438,22,533,5198[CR],18477515
C,24488,248,11446,19,533,5206[CR],18477953
F,20976,18492,11454,21,532,5218[CR],18478281
C,24382,244,11462,22,533,5220[CR],18478718
F,21098,18360,11471,20,533,5219[CR],18479046
C,24152,254,11479,22,532,5213[CR],18479484
F,21208,18268,11487,21,532,5211[CR],18479921
C,23810,244,11495,20,534,5204[CR],18480250
F,21334,18054,11504,22,534,5189[CR],18480687
C,23398,238,11512,17,534,5165[CR],18481015
F,21448,18106,11521,21,534,5139[CR],18481453
C,22796,248,11529,22,534,5117[CR],18481796
F,21416,18216,11537,18,533,5099[CR],18482218
A,34888,21580,11545,20,534,5087[CR],18482656
F,21636,18294,11554,22,533,5081[CR],18482984
C,21398,252,11562,16,534,5083[CR],18483421
F,21678,18530,11570,20,533,5091[CR],18483750
C,21026,230,11578,22,532,5109[CR],18484187
F,21502,18880,11586,19,532,5134[CR],18484515
C,20968,226,11594,21,533,5161[CR],18484953
F,21372,19312,11602,22,532,5188[CR],18485390
C,21020,244,11610,19,532,5216[CR],18485718
F,21960,19446,11618,21,532,5237[CR],18486156
C,21312,252,11626,16,531,5265[CR],18486484
F,23368,19186,11634,19,531,5274[CR],18486921
C,21982,270,11642,21,529,5307[CR],18487250
F,24050,19044,11650,16,528,5363[CR],18487687
C,23106,250,11658,19,529,5415[CR],18488125
F,21408,19396,11665,21,528,5469[CR],18488453
A,34880,18420,11673,19,530,5523[CR],18488890
F,17476,19582,11681,20,530,5557[CR],18489218
C,24752,248,11688,15,529,5594[CR],18489656
F,15154,19182,11697,19,528,5637[CR],18489984
C,24776,252,11704,21,528,5681[CR],18490421
F,14995,18468,11712,18,529,5732[CR],18490859
C,24612,248,11720,20,529,5783[CR],18491187
F,15825,17834,11728,22,529,5824[CR],18491625
C,24372,230,11736,19,528,5869[CR],18491953
F,16824,17612,11743,15,503,5898[CR],18492171
I,38608,11248,11743,3,371,5750[CR],18492390
C,24076,244,11743,2,335,5685[CR],18492718
F,17822,18008,11743,1,265,5660[CR],18493156
C,22778,244,11743,0,239,5626[CR],18493593
F,18854,18360,11743,0,231,5605[CR],18493921
C,22420,240,11743,0,243,5600[CR],18494359
F,19592,18482,11743,0,226,5597[CR],18494687
A,34900,19944,11743,0,122,5691[CR],18495125
F,20052,18550,11743,0,70,5756[CR],18495453
C,22196,230,11743,0,72,5755[CR],18495890
F,20364,18590,11743,0,97,5586[CR],18496328
C,22072,240,11743,0,146,5509[CR],18496656
F,20542,18624,11743,0,144,5506[CR],18497093
C,22010,238,11743,0,412,5251[CR],18497531
Z,0,0,11743,0,0,2686[CR],18498078
Z,0,0,11743,0,0,2448[CR],18498515
Z,0,0,11743,0,1,2469[CR],18499062
Z,0,0,11743,0,0,2471[CR],18499609
Z,0,0,11743,0,0,2468[CR],18500046
Z,0,0,11743,0,0,2468[CR],18500593
Z,0,0,11743,0,0,2459[CR],18501031
Z,0,0,11743,0,0,2462[CR],18501578
Z,0,0,11743,0,0,2465[CR],18502015
Z,0,0,11743,0,0,2464[CR],18502562
Z,0,0,11743,0,0,2464[CR],18503000
Z,0,0,11743,0,0,2462[CR],18503546
Z,0,0,11743,0,0,2465[CR],18503984
Z,0,0,11743,0,0,2464[CR],18504531
Z,0,0,11743,0,7,2463[CR],18505078
Z,0,0,11743,0,0,2461[CR],18505515
Z,0,0,11743,0,0,2460[CR],18506062
Z,0,0,11743,0,0,2461[CR],18506500
Z,0,0,11743,0,0,2461[CR],18507046
Z,0,0,11743,0,0,2462[CR],18507484
Z,0,0,11743,0,0,2463[CR],18508031
Z,0,0,11743,0,0,2445[CR],18508468
Z,0,0,11743,0,0,2451[CR],18509015
Z,0,0,11743,0,0,2456[CR],18509562
Z,0,0,11743,0,4,2458[CR],18510000
Z,0,0,11743,0,0,2458[CR],18510546
Z,0,0,11743,0,0,2458[CR],18510984
Z,0,0,11743,0,0,2458[CR],18511531
Z,0,0,11743,0,0,2459[CR],18512078
Z,0,0,11743,0,0,2460[CR],18512515
Z,0,0,11743,0,0,2460[CR],18513062
Z,0,0,11743,0,0,2459[CR],18513500
Z,0,0,11743,0,0,2459[CR],18514046
Z,0,0,11743,0,23,2459[CR],18514484
Z,0,0,11743,0,0,2458[CR],18515031
Z,0,0,11743,0,0,2463[CR],18515578
Z,0,0,11743,0,1,2464[CR],18516015
Z,0,0,11743,0,0,2467[CR],18516562
Z,0,0,11743,0,202,2482[CR],18517000
Z,0,0,11743,94,0,2473[CR],18517546
Z,0,0,11743,86,0,2467[CR],18517984
Z,0,0,11743,57,121,2786[CR],18518531
Z,0,0,11744,2,1,3585[CR],18518531
F,20776,14331,11744,2,0,3582[CR],18518968
C,17192,226,11744,1,17,3597[CR],18519296
F,20804,14665,11744,0,0,3589[CR],18519734
A,34880,20794,11744,0,0,3586[CR],18520062
F,20778,14699,11744,0,0,3621[CR],18520500
C,17320,238,11744,0,0,3607[CR],18520937
F,20784,14714,11744,0,0,3607[CR],18521265
C,17328,224,11744,0,254,3642[CR],18521703
F,20776,14724,11744,0,251,3664[CR],18522031
C,17334,222,11744,0,252,3668[CR],18522468
F,20778,14730,11744,0,254,3669[CR],18522796
C,17338,234,11744,0,261,3670[CR],18523234
F,20776,14736,11744,0,259,3670[CR],18523671
C,17340,228,11744,0,233,3670[CR],18524000
F,20770,14738,11744,0,230,3671[CR],18524437
C,17342,226,11744,0,257,3671[CR],18524765
F,20768,14739,11744,0,257,3670[CR],18525203
C,17342,226,11746,14,372,3781[CR],18525531
F,20772,14748,11752,13,394,4404[CR],18525968
A,34876,20854,11757,12,488,5144[CR],18526406
F,20954,18430,11765,20,528,5655[CR],18526734
C,23268,238,11772,23,531,5745[CR],18527171
F,19898,17768,11780,19,533,5746[CR],18527500
C,23714,252,11788,21,532,5768[CR],18527937
F,20082,17666,11797,19,533,5781[CR],18528265
C,23628,252,11805,21,533,5777[CR],18528703
F,20466,17608,11813,22,532,5767[CR],18529046
C,23576,250,11821,19,532,5755[CR],18529468
F,20586,17520,11830,20,531,5739[CR],18529906
C,23594,248,11838,22,530,5731[CR],18530234
F,20734,17468,11846,17,530,5720[CR],18530671
C,23622,250,11854,20,529,5707[CR],18531000
F,20748,17506,11863,22,530,5697[CR],18531437
C,23818,260,11871,19,528,5679[CR],18531875
F,20724,17464,11879,21,529,5661[CR],18532203
A,34892,20826,11888,22,531,5651[CR],18532640
F,20832,17404,11896,19,531,5645[CR],18532968
C,23936,248,11904,20,532,5641[CR],18533406
F,20804,17334,11912,22,532,5640[CR],18533734
C,24064,256,11920,19,533,5646[CR],18534171
F,20784,17398,11929,21,532,5652[CR],18534609
C,24166,266,11937,23,532,5649[CR],18534937
F,20842,17462,11945,19,531,5648[CR],18535375
C,24294,256,11953,21,531,5657[CR],18535703
F,20866,17430,11962,23,531,5652[CR],18536140
C,24342,266,11970,19,532,5650[CR],18536468
F,20882,17638,11978,21,532,5660[CR],18536906
C,24266,262,11986,22,532,5665[CR],18537343
F,20706,17716,11994,19,532,5671[CR],18537718
C,24150,266,12003,22,534,5674[CR],18538109
F,20844,17626,12011,18,532,5647[CR],18538453
A,34884,20874,12019,20,532,5646[CR],18538875
F,20876,17538,12027,22,532,5652[CR],18539281
C,23910,260,12035,19,533,5668[CR],18539640
F,20964,17386,12044,21,532,5667[CR],18539984
C,23866,252,12052,22,534,5667[CR],18540406
F,21000,17318,12060,19,531,5670[CR],18540843
C,23978,270,12068,21,532,5688[CR],18541171
F,21000,17304,12076,22,532,5688[CR],18541609
C,24154,298,12084,19,532,5702[CR],18541937
F,20982,17230,12093,21,533,5701[CR],18542375
C,24302,276,12101,24,533,5688[CR],18542812
F,20926,17112,12109,19,532,5692[CR],18543140
C,24438,280,12118,21,532,5682[CR],18543578
F,20908,16910,12126,23,534,5666[CR],18543906
C,24492,280,12134,20,532,5661[CR],18544343
F,20904,16922,12143,21,533,5658[CR],18544671
A,34888,20894,12150,23,534,5633[CR],18545109
F,20854,17040,12159,19,533,5615[CR],18545546
C,24184,280,12167,22,534,5593[CR],18545875
F,20978,17178,12175,19,533,5582[CR],18546312
C,23860,252,12183,20,533,5573[CR],18546640
F,21042,17288,12192,22,532,5569[CR],18547078
C,23694,256,12200,18,531,5565[CR],18547406
F,21118,17388,12208,20,532,5565[CR],18547843
C,23654,266,12216,22,533,5553[CR],18548281
F,21138,17488,12224,18,532,5543[CR],18548609
C,23688,260,12233,20,531,5547[CR],18549046
F,21128,17528,12241,22,532,5555[CR],18549375
C,23810,252,12249,19,533,5566[CR],18549812
F,21096,17628,12257,20,532,5586[CR],18550140
C,24028,270,12265,22,531,5599[CR],18550578
F,21064,17702,12273,19,531,5631[CR],18551015
A,34848,21086,12281,21,531,5662[CR],18551343
F,21036,17674,12289,22,531,5707[CR],18551781
C,24716,276,12297,19,532,5749[CR],18552109
F,21010,17578,12305,21,533,5797[CR],18552546
C,25048,268,12313,17,533,5837[CR],18552875
F,21074,17584,12321,20,533,5846[CR],18553312
C,25008,248,12329,21,534,5860[CR],18553750
F,20996,17800,12337,19,533,5871[CR],18554078
C,24744,276,12346,21,532,5876[CR],18554515
F,20694,18024,12354,22,532,5886[CR],18554843
C,24282,272,12362,19,532,5892[CR],18555281
F,20406,18110,12370,20,532,5890[CR],18555609
C,23648,280,12378,24,532,5866[CR],18556046
F,20556,18086,12386,19,533,5842[CR],18556484
C,22800,262,12395,22,531,5810[CR],18556812
F,21032,18138,12403,24,530,5762[CR],18557250
A,34872,21302,12412,20,533,5732[CR],18557578
F,21374,18398,12420,21,533,5696[CR],18558015
C,21130,250,12428,21,531,5673[CR],18558359
F,21492,18798,12436,19,530,5673[CR],18558781
C,20996,258,12444,21,529,5693[CR],18559218
F,21680,19280,12452,18,531,5716[CR],18559546
C,21488,282,12460,20,530,5746[CR],18559984
F,21726,19604,12468,22,529,5778[CR],18560312
C,22564,276,12476,19,528,5809[CR],18560750
F,19918,19600,12484,20,530,5838[CR],18561078
C,23942,290,12492,22,531,5871[CR],18561515
F,17362,19592,12500,18,531,5890[CR],18561953
C,25024,296,12508,21,532,5909[CR],18562281
F,15677,19486,12516,22,532,5911[CR],18562718
C,25664,290,12524,19,533,5904[CR],18563046
F,15092,19304,12532,21,531,5886[CR],18563484
A,34868,15174,12540,18,531,5879[CR],18563812
F,15452,18618,12549,20,532,5870[CR],18564250
C,25652,294,12557,22,532,5858[CR],18564687
F,16662,18172,12565,18,531,5845[CR],18565015
C,25460,272,12573,21,533,5838[CR],18565453
F,17948,18060,12581,22,530,5837[CR],18565781
C,25352,278,12589,19,530,5839[CR],18566218
F,19182,18074,12598,20,530,5844[CR],18566546
C,25336,276,12606,22,532,5851[CR],18566984
F,20200,18236,12614,19,531,5853[CR],18567421
C,25360,270,12622,21,531,5861[CR],18567750
F,20892,18548,12630,22,529,5857[CR],18568187
C,25328,276,12638,19,529,5848[CR],18568515
F,21144,18834,12646,21,528,5845[CR],18568953
C,25200,280,12654,23,527,5856[CR],18569281
F,21218,19126,12663,19,527,5842[CR],18569718
A,34848,21206,12671,22,527,5840[CR],18570156
F,21208,19158,12679,17,527,5836[CR],18570484
C,24816,280,12687,20,528,5816[CR],18570921
F,21392,18998,12695,22,528,5801[CR],18571250
C,24424,280,12703,20,530,5792[CR],18571687
F,21444,18944,12712,21,530,5769[CR],18572015
C,24020,298,12719,22,530,5768[CR],18572453
F,21402,18998,12728,19,530,5759[CR],18572890
C,23692,270,12736,21,529,5748[CR],18573218
F,21428,18946,12744,22,528,5748[CR],18573656
C,23462,280,12752,19,529,5757[CR],18573984
F,21470,18818,12760,21,529,5763[CR],18574421
C,23430,266,12768,22,529,5765[CR],18574750
F,21354,18724,12776,19,530,5758[CR],18575187
C,23440,274,12785,21,529,5764[CR],18575625
F,21072,18628,12793,22,529,5774[CR],18575953
A,34924,20998,12801,19,530,5776[CR],18576390
F,20922,18522,12809,22,530,5783[CR],18576781
C,23388,270,12817,18,531,5776[CR],18577156
F,20674,18354,12826,20,530,5756[CR],18577515
C,23284,272,12833,22,531,5747[CR],18577921
F,21220,18064,12842,19,530,5735[CR],18578359
C,23138,282,12850,20,530,5724[CR],18578687
F,21494,17780,12858,22,529,5722[CR],18579125
C,22974,274,12866,19,531,5712[CR],18579453
F,21926,17734,12874,21,530,5705[CR],18579890
C,22802,270,12882,23,530,5705[CR],18580218
F,22042,17812,12890,19,530,5697[CR],18580656
C,22680,270,12899,22,531,5690[CR],18581093
F,22044,17744,12906,22,529,5684[CR],18581421
C,22598,290,12915,20,529,5686[CR],18581859
F,22034,17646,12923,22,528,5688[CR],18582187
A,34908,22014,12931,17,529,5688[CR],18582625
F,21976,17570,12939,20,528,5690[CR],18582953
C,22352,282,12948,22,529,5693[CR],18583390
F,21988,17580,12955,19,530,5700[CR],18583828
C,22160,240,12964,20,529,5692[CR],18584156
F,21964,17696,12972,22,529,5697[CR],18584593
C,22066,268,12980,19,529,5705[CR],18584921
F,22170,17812,12988,21,531,5707[CR],18585359
C,22002,268,12996,22,530,5707[CR],18585687
F,22558,17850,13004,19,529,5692[CR],18586125
C,21842,274,13013,21,529,5674[CR],18586562
F,22832,17808,13021,23,530,5650[CR],18586890
C,21424,266,13029,19,528,5633[CR],18587328
F,22868,17834,13037,22,531,5604[CR],18587656
C,20822,260,13045,20,530,5582[CR],18588093
F,23202,18066,13054,19,531,5558[CR],18588421
A,34876,23390,13062,22,530,5512[CR],18588859
F,23526,18384,13070,19,531,5474[CR],18589296
C,18992,252,13079,21,532,5444[CR],18589625
F,24346,18904,13087,22,530,5420[CR],18590062
C,18162,268,13095,19,531,5408[CR],18590390
F,25748,19666,13104,20,529,5407[CR],18590828
C,17592,258,13112,21,529,5425[CR],18591156
F,27292,20384,13119,19,527,5456[CR],18591593
C,17286,254,13127,20,527,5488[CR],18592031
F,28512,20618,13135,22,527,5517[CR],18592359
C,17170,260,13143,19,527,5546[CR],18592796
F,29720,20436,13151,21,526,5579[CR],18593125
C,17226,248,13159,22,527,5600[CR],18593562
F,30740,19594,13167,19,527,5616[CR],18593890
C,17286,258,13175,21,527,5636[CR],18594328
F,32220,18760,13183,17,526,5660[CR],18594765
A,34896,32408,13191,20,527,5679[CR],18595109
F,32412,18022,13199,22,526,5684[CR],18595531
C,17522,254,13207,19,524,5680[CR],18595859
F,32472,17154,13215,21,523,5682[CR],18596296
C,17618,258,13223,22,525,5698[CR],18596625
F,32616,16404,13231,20,525,5701[CR],18597062
C,17866,254,13239,21,525,5703[CR],18597500
F,32000,15808,13247,20,526,5702[CR],18597828
C,18106,246,13256,19,526,5691[CR],18598265
F,31748,15366,13264,21,525,5678[CR],18598593
C,18330,256,13272,19,525,5676[CR],18599031
F,31884,15096,13280,20,525,5664[CR],18599359
C,18590,254,13288,22,524,5653[CR],18599796
F,31296,15150,13296,18,526,5648[CR],18600234
C,18796,292,13305,21,527,5643[CR],18600562
F,30544,15281,13313,22,526,5632[CR],18601000
A,34916,30148,13321,19,527,5617[CR],18601328
F,29964,15382,13330,21,526,5596[CR],18601765
C,18956,260,13338,22,527,5581[CR],18602093
F,30024,15317,13346,19,526,5559[CR],18602531
C,18734,264,13354,22,524,5534[CR],18602968
F,31136,15280,13362,23,524,5512[CR],18603296
C,18528,258,13371,20,523,5502[CR],18603734
F,32792,15312,13379,21,524,5481[CR],18604062
C,18450,272,13387,22,526,5458[CR],18604500
F,33868,15385,13395,19,526,5441[CR],18604828
C,18332,254,13404,21,527,5438[CR],18605265
F,34340,15538,13412,22,526,5432[CR],18605609
C,18160,254,13420,21,526,5425[CR],18606031
F,34148,15860,13428,22,526,5426[CR],18606468
C,18046,256,13436,17,527,5422[CR],18606796
F,33376,16319,13444,20,527,5417[CR],18607234
A,34884,32704,13452,22,527,5419[CR],18607562
F,32568,16706,13460,18,528,5420[CR],18608000
C,17700,260,13469,20,528,5421[CR],18608437
F,32920,16740,13476,22,527,5420[CR],18608765
C,17474,258,13484,19,527,5415[CR],18609203
F,35204,16440,13493,21,527,5434[CR],18609531
C,17386,282,13501,23,528,5434[CR],18609968
F,36560,16299,13509,19,527,5430[CR],18610296
C,17544,260,13517,21,526,5437[CR],18610734
F,35484,16426,13525,18,526,5450[CR],18611171
C,18056,262,13533,20,525,5469[CR],18611500
F,32172,16592,13541,22,524,5476[CR],18611937
C,18804,268,13549,18,525,5483[CR],18612265
F,29316,16562,13557,20,526,5481[CR],18612703
C,19344,254,13565,22,526,5483[CR],18613031
F,28304,16221,13573,19,524,5482[CR],18613468
A,34892,28480,13582,21,524,5489[CR],18613906
F,28664,15805,13589,23,524,5487[CR],18614296
C,19838,280,13598,19,524,5475[CR],18614671
F,30576,15479,13606,21,524,5472[CR],18615031
C,19912,276,13614,23,524,5462[CR],18615437
F,32020,15503,13623,19,523,5447[CR],18615765
C,19738,272,13631,21,524,5429[CR],18616203
F,32648,15559,13639,22,523,5416[CR],18616640
C,19324,268,13647,20,524,5403[CR],18616968
F,32652,15631,13655,22,525,5381[CR],18617406
C,18748,260,13663,17,525,5364[CR],18617734
F,32864,15968,13672,20,526,5344[CR],18618171
C,18226,272,13680,22,526,5330[CR],18618500
F,33300,16608,13688,16,526,5320[CR],18618937
C,17868,264,13696,21,526,5320[CR],18619375
F,33020,17384,13705,22,525,5289[CR],18619703
A,34904,32576,13713,18,527,5272[CR],18620140
F,32428,17898,13721,21,527,5251[CR],18620468
C,17514,278,13730,22,528,5232[CR],18620906
F,31792,18020,13738,18,528,5191[CR],18621234
C,17348,276,13743,7,432,5116[CR],18621671
F,32008,17722,13743,1,154,4940[CR],18622109
C,16706,282,13743,1,0,4913[CR],18622437
F,36188,17278,13743,0,0,4898[CR],18622875
C,16319,266,13743,0,0,4888[CR],18623203
F,38276,17098,13743,0,0,4889[CR],18623640
C,16241,272,13743,0,0,4891[CR],18623968
F,38180,16782,13743,0,0,4892[CR],18624406
C,16219,260,13743,0,0,4892[CR],18624843
F,37412,16542,13743,0,0,4893[CR],18625171
C,16216,260,13743,0,0,4893[CR],18625609
F,36508,16351,13743,0,0,4893[CR],18625937
A,34908,35872,13743,0,1,4892[CR],18626375
F,35612,16190,13743,0,0,4893[CR],18626703
C,16221,272,13743,0,0,4892[CR],18627140
F,34816,16055,13743,0,0,4893[CR],18627578
C,16224,278,13743,0,0,4893[CR],18627906
F,34064,15937,13743,0,0,4894[CR],18628343
C,16228,276,13743,0,0,4893[CR],18628671
F,33380,15835,13743,0,0,4893[CR],18629109
C,16231,260,13743,0,0,4894[CR],18629437
F,32744,15746,13743,0,1,4893[CR],18629875
C,16233,274,13743,0,0,4894[CR],18630312
F,32164,15666,13743,0,0,4894[CR],18630640
C,16236,268,13743,0,0,4894[CR],18631078
F,31632,15596,13743,0,0,4894[CR],18631406
C,16239,272,13743,0,0,4894[CR],18631843
F,31132,15533,13743,0,1,4895[CR],18632171
A,34928,30804,13743,0,3,4896[CR],18632609
F,30664,15480,13743,0,0,4895[CR],18633046
C,16243,260,13743,0,0,4897[CR],18633375
F,30244,15434,13743,0,0,4896[CR],18633812
C,16244,270,13743,0,0,4896[CR],18634140
F,29852,15392,13743,0,0,4896[CR],18634578
C,16246,256,13743,0,0,4896[CR],18634906
F,29476,15356,13743,0,0,4896[CR],18635343
C,16246,272,13743,0,0,4897[CR],18635781
F,29128,15326,13743,0,0,4897[CR],18636109
C,16247,268,13743,0,0,4896[CR],18636546
F,28800,15296,13743,0,0,4897[CR],18636875
C,16248,254,13743,0,0,4897[CR],18637312
F,28492,15270,13743,0,0,4897[CR],18637640
C,16248,252,13743,0,0,4898[CR],18638078
F,28208,15248,13743,0,0,4898[CR],18638515
A,34904,28008,13743,0,0,4897[CR],18638843
F,27916,15229,13743,0,0,4898
<PAUSE BUTTON 12:25:10>
[CR],18639281
C,16248,258,13743,0,0,4898[CR],18639390
>
Reset interface. Wait time for interface: 265
>
Reset interface. Wait time for interface: 234DOFF
OK
>
Command: DOFF Wait time for interface: 79

>
Reset interface. Wait time for interface: 110CLEAR
OK
>
Command: CLEAR Wait time for interface: 109

<END BUTTON 12:31:29>

------------------- Begin end zero test --------------------
>
Reset interface. Wait time for interface: 78SCAN E
Z,0,0,0,0,354,2749
C,12291,6978,0,0,353,2465[CR],19021687
F,12125,12332,0,0,370,2466[CR],19022015
C,12292,6972,0,0,359,2466[CR],19022453
F,12126,12332,0,0,376,2466[CR],19022781
C,12291,6650,0,0,378,2466[CR],19023250
F,12126,12333,0,0,376,2466[CR],19023593
C,12291,7170,0,0,322,2465[CR],19023968
F,12127,12333,0,0,377,2464[CR],19024421
C,12291,6966,0,0,381,2462[CR],19024750
F,12125,12333,0,0,381,2462[CR],19025187
C,12291,6504,0,0,379,2461[CR],19025625
F,12126,12332,0,0,380,2462[CR],19025968
A,34840,12125,0,0,382,2461[CR],19026312
F,12116,12334,0,0,382,2461[CR],19026796
C,12292,6598,0,0,380,2462[CR],19027140
F,12126,12333,0,0,348,2464[CR],19027578
C,12297,6262,0,0,361,2462[CR],19027937
F,12116,12335,0,0,363,2461[CR],19028265
C,12318,6188,0,0,358,2462[CR],19028718
F,12169,12270,0,0,352,2461[CR],19029046
C,12325,5794,0,0,351,2462[CR],19029484
F,12227,12296,0,0,334,2465[CR],19029921
C,12306,5858,0,0,371,2466[CR],19030250
F,12223,12294,0,0,367,2464[CR],19030687
C,12306,5840,0,0,362,2462[CR],19031015
F,12220,12293,0,0,355,2461[CR],19031453
C,12307,5832,0,0,359,2462[CR],19031781
F,12212,12292,0,0,371,2461[CR],19032000
>
Reset interface. Wait time for interface: 47

======== END OF TEST ========


