CPT-log version: 5.22
======== BEGIN OF TEST ========
DATE 07.11.2022

<Transmited Data>
<NEW BUTTON 10:21:44>
[^C][CR]
[^C][CR]
[^C][CR]
CLEAR[CR]
[^C][CR]
DOFF[CR]
[^C][CR]
SCAN E[CR]
[^C][CR]
[^C][CR]
[^C][CR]
CLEAR[CR]

<START BUTTON 10:45:15>
[^C][CR]
[^C][CR]
DRON[CR]
SCAN E[CR]
[^C][CR]
CLEAR[CR]

<END BUTTON 10:45:48>
[^C][CR]
SCAN E[CR]
[^C][CR]


<Received Data>
<NEW BUTTON 10:21:44>

>
Reset interface. Wait time for interface: 110
>
Reset interface. Wait time for interface: 109
>
Reset interface. Wait time for interface: 110CLEAR
OK
>
Command: CLEAR Wait time for interface: 109

>
Reset interface. Wait time for interface: 109DOFF
OK
>
Command: DOFF Wait time for interface: 110

>
Reset interface. Wait time for interface: 78SCAN E
Z,0,0,0,0,293,2587
F,12171,11920,0,0,228,2455[CR],2780166796
C,12527,11118,0,0,244,2456[CR],2780167125
F,12175,11921,0,0,327,2456[CR],2780167562
C,12527,11746,0,0,190,2456[CR],2780167890
A,33864,12175,0,0,200,2456[CR],2780168359
C,12527,11300,0,0,270,2455[CR],2780168718
F,12165,11919,0,0,307,2456[CR],2780169078
C,12527,10665,0,0,304,2455[CR],2780169531
F,12170,11919,0,0,289,2456[CR],2780169859
A,33912,12166,0,0,225,2456[CR],2780170312
C,12526,11037,0,0,216,2456[CR],2780170656
F,12171,11920,0,0,214,2456[CR],2780171109
C,12527,11114,0,0,240,2457[CR],2780171437
F,12169,11920,0,0,249,2456[CR],2780171890
A,33928,12176,0,0,274,2456[CR],2780172218
C,12526,10937,0,0,257,2456[CR],2780172671
F,12167,11920,0,0,277,2456[CR],2780173000
C,12527,10801,0,0,296,2456[CR],2780173437
F,12173,11921,0,0,323,2456[CR],2780173812
C,12527,10640,0,0,319,2456[CR],2780174140
A,33884,12176,0,0,292,2455[CR],2780174578
C,12527,10516,0,0,324,2456[CR],2780175015
F,12165,11919,0,0,319,2456[CR],2780175234
>
Reset interface. Wait time for interface: 78
>
Reset interface. Wait time for interface: 31CLEAR
OK
>
Command: CLEAR Wait time for interface: 109

<START BUTTON 10:45:15>

>
Reset interface. Wait time for interface: 32
>
Reset interface. Wait time for interface: 109DRON
OK
>
Command: DRON Wait time for interface: 109
SCAN E
Z,0,0,0,0,0,2968
Z,0,0,0,0,0,2909[CR],2781322953
Z,0,0,0,0,0,2908[CR],2781323500
Z,0,0,0,0,0,2909[CR],2781323937
Z,0,0,0,0,0,2908[CR],2781324484
Z,0,0,0,0,0,2908[CR],2781325031
Z,0,0,0,0,0,2908[CR],2781325468
Z,0,0,0,0,0,2908[CR],2781326015
Z,0,0,0,0,0,2908[CR],2781326453
Z,0,0,0,0,0,2908[CR],2781327000
Z,0,0,0,0,0,2907[CR],2781327437
Z,0,0,0,0,0,2907[CR],2781327984
Z,0,0,0,0,0,2907[CR],2781328421
Z,0,0,0,0,0,2907[CR],2781328968
Z,0,0,0,0,0,2907[CR],2781329406
Z,0,0,0,0,0,2907[CR],2781329953
Z,0,0,0,0,0,2907[CR],2781330500
Z,0,0,0,0,0,2907[CR],2781330937
Z,0,0,0,0,0,2906[CR],2781331484
Z,0,0,0,0,0,2907[CR],2781331921
Z,0,0,0,0,0,2906[CR],2781332468
Z,0,0,0,0,0,2906[CR],2781332906
Z,0,0,0,0,0,2906[CR],2781333453
Z,0,0,0,0,0,2906[CR],2781333890
Z,0,0,0,0,0,2906[CR],2781334437
Z,0,0,0,0,0,2906[CR],2781334875
Z,0,0,0,0,0,2906[CR],2781335421
Z,0,0,0,0,0,2906[CR],2781335859
Z,0,0,0,0,0,2906[CR],2781336406
Z,0,0,0,0,0,2906[CR],2781336953
Z,0,0,0,0,0,2906[CR],2781337390
Z,0,0,0,0,0,2906[CR],2781337937
Z,0,0,0,0,0,2906[CR],2781338375
Z,0,0,0,0,0,2914[CR],2781338921
Z,0,0,13,47,0,3015[CR],2781339359
Z,0,0,35,49,76,3030[CR],2781339906
Z,0,0,58,47,3,2992[CR],2781340453
Z,0,0,70,3,0,2925[CR],2781340890
Z,0,0,76,36,21,2924[CR],2781341437
Z,0,0,118,68,104,3021[CR],2781341875
Z,0,0,124,2,0,2984[CR],2781342421
Z,0,0,125,1,0,2977[CR],2781342859
Z,0,0,126,1,0,2978[CR],2781343406
Z,0,0,126,1,6,2980[CR],2781343843
Z,0,0,126,1,0,2976[CR],2781343953
U,42280,9598,126,1,0,2964[CR],2781344500
Z,0,0,127,0,0,2964[CR],2781344937
Z,0,0,154,24,0,3063[CR],2781345484
Z,0,0,154,1,0,3006[CR],2781345921
Z,0,0,154,0,0,2997[CR],2781346468
Z,0,0,154,0,0,2996[CR],2781347015
Z,0,0,154,0,0,2996[CR],2781347453
Z,0,0,154,0,0,2404[CR],2781348000
Z,0,0,154,0,0,2338[CR],2781348437
Z,0,0,154,0,0,2338[CR],2781348984
Z,0,0,154,0,0,2339[CR],2781349421
Z,0,0,154,0,0,2339[CR],2781349968
Z,0,0,154,0,0,2339[CR],2781350406
Z,0,0,154,0,0,2339[CR],2781350953
Z,0,0,154,0,0,2339[CR],2781351390
Z,0,0,154,0,0,2339[CR],2781351937
Z,0,0,154,0,0,2339[CR],2781352375
Z,0,0,154,0,0,2339[CR],2781352921
Z,0,0,154,0,0,2339[CR],2781353468
Z,0,0,154,0,0,2340[CR],2781353906
Z,0,0,154,0,0,2339
>
Reset interface. Wait time for interface: 47CLEAR
OK
>
Command: CLEAR Wait time for interface: 110

<END BUTTON 10:45:48>

------------------- Begin end zero test --------------------
>
Reset interface. Wait time for interface: 31SCAN E
Z,0,0,0,0,0,2570
Z,0,0,0,0,0,2340[CR],2781356968
Z,0,0,0,0,0,2340[CR],2781357515
Z,0,0,0,0,0,2339[CR],2781357953
Z,0,0,0,0,0,2339[CR],2781358500
Z,0,0,0,0,0,2339[CR],2781358937
Z,0,0,0,0,0,2339[CR],2781359406
Z,0,0,0,0,0,2340[CR],2781359953
Z,0,0,0,0,0,2340[CR],2781360406
Z,0,0,0,0,0,2339[CR],2781360953
Z,0,0,0,0,0,2340[CR],2781361500
>
Reset interface. Wait time for interface: 125

======== END OF TEST ========


CPT-log version: 5.22
======== BEGIN OF TEST ========
DATE 10.11.2022

<Transmited Data>
<NEW BUTTON 08:48:03>
[^C][CR]
>[CR]
VER[CR][LF]
[^C][CR]
[^C][CR]
CLEAR[CR]
[^C][CR]
DOFF[CR]
[^C][CR]
SCAN E[CR]
[^C][CR]
[^C][CR]
CLEAR[CR]

<START BUTTON 09:02:33>
[^C][CR]
[^C][CR]
DRON[CR]
SCAN E[CR]
[^G][^G][^G][^G][^G][^G][^G][^G][^G][^G][^G][^G][^G][^G][^G][^G][^G][^G]
<PAUSE BUTTON 09:14:56>
[^C][CR]
[^C][CR]
DOFF[CR]
[^C][CR]
CLEAR[CR]

<END BUTTON 09:19:59>
[^C][CR]
SCAN E[CR]
[^C][CR]


<Received Data>
<NEW BUTTON 08:48:03>
ÿ
>
Reset interface. Wait time for interface: 109>
>
Command: > Wait time for interface: 125
VER
M240,2364,0,0
>
Reset interface. Wait time for interface: 47
>
Reset interface. Wait time for interface: 110CLEAR
OK
>
Command: CLEAR Wait time for interface: 109

>
Reset interface. Wait time for interface: 125DOFF
OK
>
Command: DOFF Wait time for interface: 109

>
Reset interface. Wait time for interface: 32SCAN E
Z,0,0,0,0,224,2447
C,12379,8935,0,0,256,2448[CR],3034120312
F,12125,12438,0,0,255,2447[CR],3034120750
C,12380,9071,0,0,267,2448[CR],3034121078
F,12119,12439,0,0,272,2447[CR],3034121515
C,12379,8961,0,0,272,2447[CR],3034121843
F,12126,12438,0,0,271,2447[CR],3034122296
C,12379,9017,0,0,252,2448[CR],3034122625
F,12128,12438,0,0,252,2447[CR],3034123062
C,12380,9011,0,0,271,2446[CR],3034123390
F,12119,12440,0,0,268,2447[CR],3034123828
A,34128,12119,0,0,268,2447[CR],3034124265
F,12105,12440,0,0,258,2447[CR],3034124609
C,12379,9007,0,0,265,2447[CR],3034125062
F,12122,12440,0,0,268,2448[CR],3034125390
C,12379,8973,0,0,277,2447[CR],3034125828
F,12118,12440,0,0,268,2447[CR],3034126171
C,12380,9013,0,0,261,2447[CR],3034126609
F,12131,12441,0,0,286,2447[CR],3034126937
C,12379,8951,0,0,315,2448[CR],3034127390
F,12122,12439,0,0,311,2447[CR],3034127734
C,12379,9010,0,0,275,2447[CR],3034128078
F,12127,12440,0,0,274,2448[CR],3034128531
C,12380,8997,0,0,259,2447[CR],3034128875
F,12123,12440,0,0,307,2447[CR],3034129328
C,12380,9021,0,0,276,2447[CR],3034129671
F,12129,12439,0,0,310,2447[CR],3034130109
A,34136,12123,0,0,285,2447[CR],3034130328
>
Reset interface. Wait time for interface: 110
>
Reset interface. Wait time for interface: 78CLEAR
OK
>
Command: CLEAR Wait time for interface: 125

<START BUTTON 09:02:33>

>
Reset interface. Wait time for interface: 47
>
Reset interface. Wait time for interface: 110DRON
OK
>
Command: DRON Wait time for interface: 109
SCAN E
C,14713,92,0,0,533,3428
F,17740,14637,0,0,532,3002[CR],3034360515
C,14705,102,0,0,532,3003[CR],3034360953
F,17654,14666,0,0,533,3002[CR],3034361390
A,34176,17608,0,0,537,3002[CR],3034361718
F,17568,14689,0,0,532,3001[CR],3034362156
C,14685,92,0,0,532,3003[CR],3034362484
F,17508,14707,0,0,532,3002[CR],3034362921
C,14677,92,0,0,531,3002[CR],3034363250
F,17440,14723,0,0,532,3001[CR],3034363687
C,14670,92,0,0,531,3001[CR],3034364125
F,17374,14736,0,0,531,3001[CR],3034364453
C,14660,96,0,0,531,3000[CR],3034364890
F,17320,14749,0,0,531,3000[CR],3034365218
C,14652,102,0,0,531,3000[CR],3034365656
F,17250,14762,0,0,531,3000[CR],3034365984
C,14645,92,0,0,530,3001[CR],3034366421
F,17198,14772,0,0,531,3002[CR],3034366859
C,14638,86,0,0,530,3002[CR],3034367187
F,17150,14781,0,0,530,3000[CR],3034367625
A,34204,17116,0,0,530,3000[CR],3034367953
F,17084,14790,5,19,609,3102[CR],3034368390
C,14885,96,13,21,604,3115[CR],3034368718
F,17072,14971,21,22,606,3133[CR],3034369156
C,15861,96,29,20,606,3149[CR],3034369593
F,17016,14857,37,21,608,3154[CR],3034369921
C,16180,92,45,24,608,3161[CR],3034370265
F,16980,14940,54,19,609,3172[CR],3034370687
C,16361,92,62,21,611,3178[CR],3034371125
F,16940,15030,70,22,613,3178[CR],3034371453
C,16347,92,78,20,613,3166[CR],3034371890
F,16888,15154,87,22,614,3154[CR],3034372328
C,16073,72,94,19,615,3141[CR],3034372656
F,16870,15283,103,20,616,3120[CR],3034373093
C,15548,100,111,22,617,3110[CR],3034373421
F,16860,15545,119,22,618,3107[CR],3034373859
A,34188,17026,128,20,617,3105[CR],3034374187
F,17122,16098,136,22,617,3107[CR],3034374625
C,14556,92,144,18,617,3111[CR],3034375062
F,17420,16556,152,20,618,3119[CR],3034375390
C,14376,100,160,22,617,3132[CR],3034375828
F,17730,17020,169,18,617,3144[CR],3034376156
C,14307,92,177,21,617,3165[CR],3034376593
F,18398,17734,185,21,616,3189[CR],3034376921
C,14616,86,193,20,614,3219[CR],3034377359
F,19100,18012,202,21,615,3245[CR],3034377687
C,15418,92,209,22,614,3267[CR],3034378125
F,19318,17708,218,20,613,3285[CR],3034378562
C,16025,108,226,21,611,3288[CR],3034378890
F,19070,17414,234,22,608,3298[CR],3034379328
C,16314,92,242,19,607,3305[CR],3034379656
F,18524,17494,250,21,608,3309[CR],3034380093
A,34248,18168,258,18,610,3312[CR],3034380421
F,18028,17302,267,20,611,3311[CR],3034380812
C,16452,66,275,22,609,3310[CR],3034381296
F,17736,16824,283,18,609,3301[CR],3034381625
C,16384,80,291,21,608,3287[CR],3034382062
F,17648,15868,300,22,608,3280[CR],3034382390
C,16212,66,308,19,608,3269[CR],3034382828
F,17688,15029,316,20,609,3262[CR],3034383156
C,15964,64,325,22,608,3254[CR],3034383593
F,17800,14536,333,20,609,3242[CR],3034384031
C,15695,66,341,21,607,3232[CR],3034384359
F,17978,14314,350,22,607,3224[CR],3034384796
C,15566,66,358,20,606,3221[CR],3034385125
F,18150,14297,366,21,607,3224[CR],3034385562
C,15610,70,374,22,607,3222[CR],3034385890
F,18276,14406,383,20,607,3216[CR],3034386328
A,34228,18326,391,21,608,3221[CR],3034386765
F,18322,14578,399,22,608,3230[CR],3034387093
C,15784,64,407,20,609,3242[CR],3034387531
F,18340,14524,415,21,609,3249[CR],3034387859
C,15711,64,423,22,609,3266[CR],3034388296
F,18374,14369,432,19,610,3284[CR],3034388640
C,15574,64,440,21,610,3313[CR],3034389062
F,18490,14312,447,17,611,3341[CR],3034389500
C,15517,64,456,20,612,3356[CR],3034389828
F,18662,14270,464,22,613,3373[CR],3034390265
C,15505,64,472,18,612,3387[CR],3034390593
F,18928,14362,480,21,613,3399[CR],3034391031
C,15606,64,488,21,612,3406[CR],3034391468
F,19024,14467,496,20,611,3411[CR],3034391796
C,15728,80,504,21,610,3418[CR],3034392234
F,19020,14500,513,22,610,3428[CR],3034392562
A,34232,18990,521,20,611,3437[CR],3034393000
F,18934,14633,529,21,611,3441[CR],3034393328
C,15755,74,537,22,610,3447[CR],3034393765
F,18756,14726,545,19,610,3458[CR],3034394093
C,15772,74,554,21,609,3464[CR],3034394531
F,18588,14868,562,22,611,3469[CR],3034394968
C,15902,78,570,20,610,3467[CR],3034395296
F,18486,14992,578,22,610,3471[CR],3034395734
C,15816,64,586,17,609,3474[CR],3034396062
F,18402,14914,595,20,608,3480[CR],3034396500
C,15666,64,603,22,608,3483[CR],3034396828
F,18330,14660,611,18,609,3486[CR],3034397265
C,15486,66,619,20,608,3489[CR],3034397703
F,18396,14256,627,22,608,3495[CR],3034398031
C,15552,70,635,18,606,3503[CR],3034398468
F,18566,14191,644,21,604,3519[CR],3034398796
A,34264,18652,652,22,603,3541[CR],3034399234
F,18668,14372,660,20,602,3562[CR],3034399562
C,16388,66,668,21,601,3581[CR],3034400000
F,18578,14640,676,22,601,3605[CR],3034400437
C,16768,74,684,20,601,3616[CR],3034400765
F,18302,14780,692,21,601,3620[CR],3034401203
C,16952,68,700,20,601,3626[CR],3034401531
F,18222,14494,709,20,601,3623[CR],3034401968
C,16928,58,717,22,601,3615[CR],3034402296
F,18272,14123,725,23,602,3615[CR],3034402734
C,16608,64,733,20,602,3614[CR],3034403171
F,18336,13980,742,22,603,3611[CR],3034403500
C,16225,68,750,18,603,3607[CR],3034403937
F,18440,13867,758,20,603,3601[CR],3034404265
C,15868,72,766,22,603,3591[CR],3034404703
F,18572,13828,774,19,604,3578[CR],3034405031
A,34240,18666,783,21,603,3559[CR],3034405468
F,18702,13862,791,22,604,3547[CR],3034405906
C,15193,84,799,20,604,3537[CR],3034406234
F,18900,13973,808,21,604,3532[CR],3034406671
C,14922,72,816,22,604,3529[CR],3034407015
F,19110,14206,824,19,605,3532[CR],3034407437
C,14711,88,833,21,605,3541[CR],3034407765
F,19412,14469,841,22,607,3550[CR],3034408203
C,14573,92,849,19,606,3560[CR],3034408640
F,19742,14616,857,21,607,3570[CR],3034408968
C,14509,82,865,22,607,3568[CR],3034409406
F,19930,14764,873,20,606,3570[CR],3034409734
C,14618,82,881,21,605,3572[CR],3034410171
F,20050,14949,890,22,606,3584[CR],3034410609
C,14892,108,898,19,604,3602[CR],3034410937
F,20130,15088,906,22,604,3616[CR],3034411375
A,34232,20066,914,17,604,3633[CR],3034411703
F,19990,15173,922,20,604,3643[CR],3034412140
C,15275,102,930,22,604,3649[CR],3034412468
F,19764,15055,938,18,603,3657[CR],3034412906
C,15450,108,947,20,604,3667[CR],3034413343
F,19658,14969,955,22,603,3680[CR],3034413671
C,15658,118,963,19,602,3695[CR],3034414109
F,19586,14949,971,20,600,3710[CR],3034414437
C,15917,116,979,22,600,3730[CR],3034414875
F,19456,14933,987,20,601,3752[CR],3034415203
C,16253,118,995,21,600,3778[CR],3034415640
F,19210,15015,1003,21,599,3801[CR],3034416078
C,16628,140,1011,19,599,3817[CR],3034416406
F,19046,14850,1020,21,598,3828[CR],3034416843
C,17040,138,1027,17,598,3842[CR],3034417171
F,19032,14622,1036,19,598,3854[CR],3034417609
A,34248,19042,1044,21,596,3873[CR],3034417937
F,19020,14637,1052,20,597,3887[CR],3034418328
C,17856,136,1060,20,596,3882[CR],3034418812
F,18938,14815,1068,22,596,3887[CR],3034419156
C,18108,140,1076,20,596,3888[CR],3034419578
F,18836,14983,1085,21,595,3889[CR],3034419906
C,18212,162,1093,22,595,3886[CR],3034420343
F,18704,15357,1101,20,595,3889[CR],3034420671
C,18172,144,1109,21,595,3888[CR],3034421109
F,18584,15729,1117,22,595,3885[CR],3034421546
C,18020,146,1125,20,595,3885[CR],3034421875
F,18492,16010,1134,22,595,3879[CR],3034422312
C,17880,154,1142,22,595,3864[CR],3034422640
F,18420,16137,1150,20,595,3859[CR],3034423078
C,17832,136,1159,22,593,3859[CR],3034423406
F,18358,16327,1166,17,592,3861[CR],3034423843
A,34292,18318,1175,20,592,3869[CR],3034424281
F,18282,16430,1183,22,592,3874[CR],3034424609
C,17966,166,1191,19,591,3876[CR],3034425046
F,18252,16518,1199,20,591,3875[CR],3034425421
C,17980,146,1207,22,591,3872[CR],3034425812
F,18204,16416,1216,19,592,3869[CR],3034426140
C,18000,158,1224,21,593,3867[CR],3034426578
F,18154,16245,1232,22,593,3855[CR],3034426906
C,17846,150,1240,20,593,3849[CR],3034427343
F,18098,16111,1248,21,594,3838[CR],3034427781
C,17510,160,1256,22,594,3826[CR],3034428109
F,18044,16069,1265,20,595,3813[CR],3034428546
C,16994,136,1273,21,598,3802[CR],3034428875
F,18000,16163,1281,22,598,3792[CR],3034429312
C,16478,152,1289,19,597,3793[CR],3034429640
F,17968,16418,1298,22,599,3790[CR],3034430078
A,34276,17952,1306,20,599,3780[CR],3034430515
F,17932,16742,1314,20,598,3778[CR],3034430843
C,15762,148,1322,21,598,3779[CR],3034431281
F,17960,17016,1330,17,598,3783[CR],3034431609
C,15655,160,1339,20,598,3789[CR],3034432046
F,18080,17198,1347,22,599,3798[CR],3034432375
C,15573,150,1355,17,599,3810[CR],3034432812
F,18240,17152,1363,20,599,3820[CR],3034433250
C,15581,176,1371,22,598,3838[CR],3034433578
F,18448,16742,1379,19,597,3856[CR],3034434015
C,15706,170,1387,21,597,3871[CR],3034434343
F,18686,16266,1395,22,595,3876[CR],3034434781
C,15945,182,1403,19,595,3885[CR],3034435109
F,18842,15914,1412,21,595,3896[CR],3034435546
C,16142,176,1419,22,595,3901[CR],3034435890
F,18908,15563,1428,20,595,3899[CR],3034436312
A,34296,18924,1436,22,595,3895[CR],3034436750
F,18912,15058,1444,17,594,3885[CR],3034437078
C,15980,158,1452,21,594,3873[CR],3034437515
F,19022,14568,1460,22,595,3865[CR],3034437843
C,15717,162,1468,19,595,3852[CR],3034438281
F,19190,14232,1477,21,596,3838[CR],3034438718
C,15388,168,1485,22,595,3831[CR],3034439046
F,19384,14106,1493,20,595,3826[CR],3034439484
C,15108,170,1501,21,595,3824[CR],3034439812
F,19604,14402,1510,22,595,3829[CR],3034440250
C,15050,194,1518,20,595,3834[CR],3034440578
F,19846,14903,1526,21,593,3840[CR],3034441015
C,15223,194,1534,22,593,3848[CR],3034441453
F,20296,15286,1542,19,593,3858[CR],3034441781
C,15522,210,1550,21,592,3869[CR],3034442218
F,20488,15440,1558,21,591,3881[CR],3034442562
A,34240,20504,1566,20,590,3896[CR],3034443000
F,20482,15418,1574,22,590,3911[CR],3034443328
C,16240,204,1582,18,591,3926[CR],3034443765
F,20448,15333,1591,21,591,3930[CR],3034444203
C,16386,196,1599,22,590,3940[CR],3034444531
F,20304,15065,1607,20,589,3938[CR],3034444968
C,16293,212,1615,20,589,3947[CR],3034445296
F,20262,14667,1623,22,589,3951[CR],3034445734
C,16107,178,1631,19,590,3955[CR],3034446062
F,20322,14322,1639,21,589,3958[CR],3034446500
C,15846,196,1647,22,590,3961[CR],3034446937
F,20452,14078,1655,20,590,3958[CR],3034447265
C,15595,198,1663,21,590,3962[CR],3034447703
F,20562,13948,1671,17,591,3973[CR],3034448031
C,15331,182,1680,19,591,3991[CR],3034448468
F,20690,13890,1688,22,591,4009[CR],3034448796
A,34292,20796,1696,19,591,4032[CR],3034449234
F,20816,13929,1704,20,590,4073[CR],3034449671
C,15012,218,1711,21,591,4113[CR],3034450000
F,20980,14004,1719,19,591,4137[CR],3034450437
C,15029,210,1727,21,591,4158[CR],3034450765
F,21132,14068,1735,22,591,4186[CR],3034451203
C,15099,202,1739,3,475,4171[CR],3034451531
F,21266,13950,1739,1,464,4139[CR],3034451968
C,14650,220,1739,0,460,4128[CR],3034452406
F,21380,13715,1739,0,459,4110[CR],3034452734
C,14541,230,1739,0,460,4093[CR],3034453171
F,21558,13582,1739,0,457,4080[CR],3034453500
C,14520,232,1739,0,457,4084[CR],3034453937
F,21696,13504,1739,0,459,4087[CR],3034454265
C,14517,216,1739,0,464,4449[CR],3034454703
F,21796,13433,1739,0,465,4710[CR],3034455140
A,34348,21846,1739,0,460,4693[CR],3034455468
F,21852,13397,1739,0,457,4593[CR],3034455812
C,14523,222,1739,0,457,4576[CR],3034456234
F,21906,13380,1739,0,310,4118[CR],3034456781
Z,0,0,1739,0,0,2474[CR],3034457218
Z,0,0,1739,0,0,2465[CR],3034457765
Z,0,0,1739,0,0,2463[CR],3034458203
Z,0,0,1739,0,0,2464[CR],3034458750
Z,0,0,1739,0,0,2462[CR],3034459296
Z,0,0,1739,0,0,2464[CR],3034459734
Z,0,0,1739,0,2,2464[CR],3034460281
Z,0,0,1739,0,0,2464[CR],3034460718
Z,0,0,1739,0,0,2464[CR],3034461265
Z,0,0,1739,0,0,2464[CR],3034461703
Z,0,0,1739,0,0,2465[CR],3034462250
Z,0,0,1739,0,0,2464[CR],3034462687
Z,0,0,1739,0,0,2463[CR],3034463234
Z,0,0,1739,0,1,2464[CR],3034463671
Z,0,0,1739,0,0,2464[CR],3034464218
Z,0,0,1739,0,0,2463[CR],3034464656
Z,0,0,1739,0,0,2464[CR],3034465203
Z,0,0,1739,0,0,2464[CR],3034465640
Z,0,0,1739,0,0,2462[CR],3034466187
Z,0,0,1739,0,0,2466[CR],3034466625
Z,0,0,1739,0,0,2462[CR],3034467171
Z,0,0,1739,0,0,2462[CR],3034467718
Z,0,0,1739,0,0,2464[CR],3034468156
Z,0,0,1739,0,0,2462[CR],3034468703
Z,0,0,1739,0,0,2462[CR],3034469140
Z,0,0,1739,0,0,2464[CR],3034469687
Z,0,0,1739,0,0,2463[CR],3034470125
Z,0,0,1739,0,0,2464[CR],3034470343
F,20388,12703,1739,0,0,2465[CR],3034470781
Z,0,0,1739,0,0,2464[CR],3034471328
Z,0,0,1739,0,0,2464[CR],3034471875
Z,0,0,1739,0,0,2464[CR],3034472312
Z,0,0,1739,0,0,2464[CR],3034472859
Z,0,0,1739,0,0,2465[CR],3034473296
Z,0,0,1739,0,0,2464[CR],3034473843
Z,0,0,1739,0,1,2463[CR],3034474281
Z,0,0,1739,0,0,2464[CR],3034474828
Z,0,0,1739,0,0,2464[CR],3034475375
Z,0,0,1739,0,0,2463[CR],3034475812
Z,0,0,1739,0,0,2464[CR],3034476359
Z,0,0,1739,0,0,2464[CR],3034476796
Z,0,0,1739,0,0,2463[CR],3034477343
Z,0,0,1739,0,0,2464[CR],3034477781
Z,0,0,1739,0,0,2463[CR],3034478328
Z,0,0,1739,0,0,2464[CR],3034478546
C,13749,214,1739,0,0,2464[CR],3034478984
Z,0,0,1739,0,0,2462[CR],3034479531
Z,0,0,1739,0,0,2464[CR],3034479750
F,19376,12713,1739,0,0,2467[CR],3034480187
Z,0,0,1739,0,0,2439[CR],3034480734
Z,0,0,1739,0,0,2461[CR],3034481171
Z,0,0,1739,0,0,2460[CR],3034481718
Z,0,0,1739,0,0,2462[CR],3034482156
Z,0,0,1739,0,0,2460[CR],3034482703
Z,0,0,1739,0,0,2459[CR],3034483250
Z,0,0,1739,0,0,2459[CR],3034483687
Z,0,0,1739,0,0,2475[CR],3034484234
Z,0,0,1739,0,0,2471[CR],3034484343
F,19004,12714,1739,0,0,2465[CR],3034484890
Z,0,0,1739,0,0,2466[CR],3034485437
Z,0,0,1739,0,0,2467[CR],3034485875
Z,0,0,1739,0,0,2467[CR],3034485984
F,18900,12715,1739,0,0,2468[CR],3034486421
Z,0,0,1739,0,0,2468[CR],3034486750
F,18830,12716,1739,0,0,2467[CR],3034487187
Z,0,0,1739,0,0,2465[CR],3034487734
Z,0,0,1739,0,0,2465[CR],3034488281
Z,0,0,1739,0,0,2465[CR],3034488718
Z,0,0,1739,0,0,2465[CR],3034489265
Z,0,0,1739,0,0,2463[CR],3034489703
Z,0,0,1739,0,0,2465[CR],3034490250
Z,0,0,1739,0,0,2466[CR],3034490687
Z,0,0,1739,0,0,2464[CR],3034491234
Z,0,0,1739,0,0,2464[CR],3034491453
F,18562,12681,1739,0,0,2465[CR],3034491781
C,13795,222,1739,0,0,2465[CR],3034492218
F,18510,12681,1739,0,0,2466[CR],3034492656
Z,0,0,1739,0,0,2465[CR],3034493203
Z,0,0,1739,0,0,2466[CR],3034493640
Z,0,0,1739,0,0,2466[CR],3034493750
F,18434,12683,1739,0,0,2464[CR],3034494296
Z,0,0,1739,0,0,2465[CR],3034494734
Z,0,0,1739,0,0,2465[CR],3034495281
Z,0,0,1739,0,0,2465[CR],3034495718
Z,0,0,1739,0,0,2465[CR],3034496265
Z,0,0,1739,0,0,2466[CR],3034496812
Z,0,0,1739,0,0,2439[CR],3034497250
Z,0,0,1739,0,0,2458[CR],3034497796
Z,0,0,1739,0,0,2457[CR],3034498234
Z,0,0,1739,0,26,2459[CR],3034498781
Z,0,0,1739,0,0,2459[CR],3034499218
Z,0,0,1739,0,0,2459[CR],3034499765
Z,0,0,1739,0,0,2461[CR],3034500312
Z,0,0,1739,0,0,2463[CR],3034500750
Z,0,0,1739,0,349,2475[CR],3034501296
Z,0,0,1739,0,0,2477[CR],3034501734
Z,0,0,1739,73,0,2476[CR],3034502281
Z,0,0,1739,35,0,2469[CR],3034502718
Z,0,0,1748,24,379,2686[CR],3034503156
F,18040,13101,1752,9,398,3688[CR],3034503484
C,14106,226,1752,2,381,4348[CR],3034503921
F,18088,14688,1752,1,378,4329[CR],3034504359
C,14579,218,1752,0,376,4321[CR],3034504687
F,18084,14654,1752,0,375,4317[CR],3034505125
A,34304,18072,1752,0,368,4309[CR],3034505453
F,18050,14627,1752,0,332,4301[CR],3034505890
C,14544,228,1752,0,327,4302[CR],3034506218
F,18046,14638,1752,0,374,4297[CR],3034506656
C,14537,220,1752,0,448,4172[CR],3034507093
F,18040,15019,1752,0,446,4150[CR],3034507421
C,14743,232,1752,0,446,4146[CR],3034507859
F,18016,15000,1752,0,445,4144[CR],3034508187
C,14683,224,1752,0,444,4141[CR],3034508625
F,17984,14996,1752,0,444,4141[CR],3034508953
C,14658,228,1752,0,444,4139[CR],3034509390
F,17952,14985,1752,0,445,4140[CR],3034509828
C,14645,240,1752,0,444,4139[CR],3034510156
F,17930,14976,1752,0,444,4140[CR],3034510593
C,14635,228,1756,22,536,4210[CR],3034510921
F,17906,15227,1764,19,547,4331[CR],3034511359
A,34300,17748,1772,21,548,4330[CR],3034511687
F,17698,15014,1780,23,548,4332[CR],3034512125
C,15856,220,1789,20,546,4341[CR],3034512562
F,17698,14971,1797,21,546,4360[CR],3034512890
C,16256,232,1805,22,545,4381[CR],3034513328
F,17768,15085,1813,19,543,4426[CR],3034513656
C,16764,224,1821,23,546,4374[CR],3034514093
F,17756,15273,1829,17,550,4309[CR],3034514421
C,16942,230,1838,20,548,4298[CR],3034514859
F,17734,14656,1846,22,547,4296[CR],3034515296
C,17020,232,1854,17,547,4293[CR],3034515625
F,17828,14186,1863,20,548,4291[CR],3034516062
C,16996,220,1871,22,548,4286[CR],3034516390
F,17924,14203,1879,20,547,4274[CR],3034516828
C,16626,226,1887,21,547,4258[CR],3034517156
F,17970,14373,1895,22,547,4249[CR],3034517593
A,34296,18002,1904,20,549,4244[CR],3034518031
F,18024,14482,1912,21,549,4244[CR],3034518359
C,15412,220,1920,22,550,4239[CR],3034518796
F,18166,14801,1928,20,552,4248[CR],3034519171
C,15067,232,1936,21,552,4246[CR],3034519562
F,18296,15830,1945,22,553,4244[CR],3034519890
C,14753,236,1953,20,552,4245[CR],3034520328
F,19298,16864,1961,21,551,4253[CR],3034520765
C,14748,228,1969,22,551,4264[CR],3034521093
F,19962,16870,1977,20,552,4276[CR],3034521531
C,15069,224,1986,22,551,4270[CR],3034521859
F,20360,16650,1994,22,550,4274[CR],3034522296
C,15441,240,2002,20,549,4282[CR],3034522625
F,20344,16381,2010,21,548,4293[CR],3034523062
C,15782,218,2018,18,549,4303[CR],3034523500
F,20272,16284,2027,20,550,4309[CR],3034523828
A,34304,20134,2035,22,549,4310[CR],3034524265
F,20056,15960,2042,18,550,4311[CR],3034524593
C,15971,232,2051,20,550,4300[CR],3034525031
F,20016,15313,2059,22,549,4296[CR],3034525359
C,15777,232,2067,19,550,4293[CR],3034525796
F,20106,14695,2076,21,551,4293[CR],3034526234
C,15617,258,2084,22,548,4301[CR],3034526562
F,20306,14203,2092,19,548,4320[CR],3034527000
C,15641,250,2100,21,547,4341[CR],3034527328
F,20512,14220,2108,22,547,4369[CR],3034527765
C,15954,272,2116,19,547,4394[CR],3034528093
F,20644,14701,2124,21,546,4412[CR],3034528531
C,16359,264,2132,18,546,4427[CR],3034528968
F,20526,14848,2141,19,545,4435[CR],3034529296
C,16624,266,2149,22,546,4441[CR],3034529734
F,20210,15036,2157,17,546,4448[CR],3034530062
A,34284,20014,2165,20,546,4450[CR],3034530500
F,19900,15130,2173,22,545,4443[CR],3034530875
C,16906,284,2181,19,545,4442[CR],3034531265
F,19732,15108,2190,21,547,4439[CR],3034531593
C,16806,272,2198,22,547,4427[CR],3034532031
F,19450,15058,2206,21,547,4410[CR],3034532468
C,16492,280,2214,21,547,4392[CR],3034532796
F,19240,14843,2223,22,549,4377[CR],3034533234
C,16050,284,2231,20,549,4358[CR],3034533562
F,19290,14317,2239,21,550,4346[CR],3034534000
C,15639,282,2247,22,548,4343[CR],3034534328
F,19450,14183,2255,20,548,4353[CR],3034534765
C,15360,272,2264,21,549,4370[CR],3034535203
F,19618,14907,2272,22,548,4387[CR],3034535531
C,15321,290,2280,20,547,4399[CR],3034535968
F,19858,15519,2288,21,547,4417[CR],3034536296
A,34284,19978,2296,20,548,4429[CR],3034536734
F,20012,15957,2304,20,547,4444[CR],3034537062
C,15166,300,2312,22,549,4449[CR],3034537500
F,20110,16142,2321,17,550,4455[CR],3034537937
C,15001,284,2329,20,548,4457[CR],3034538281
F,20088,16024,2337,22,548,4459[CR],3034538703
C,14835,294,2345,19,549,4453[CR],3034539031
F,20220,15383,2354,21,551,4452[CR],3034539468
C,14614,294,2362,22,551,4455[CR],3034539906
F,20472,15066,2370,19,550,4468[CR],3034540234
C,14562,294,2378,20,549,4485[CR],3034540671
F,20724,14894,2386,22,551,4503[CR],3034541000
C,14816,296,2394,20,550,4511[CR],3034541437
F,21052,14601,2402,21,549,4528[CR],3034541765
C,15496,296,2410,21,549,4530[CR],3034542203
F,21264,14701,2418,20,548,4543[CR],3034542640
A,34300,21042,2426,21,546,4558[CR],3034542968
F,20890,14666,2434,18,547,4575[CR],3034543406
C,16790,296,2442,20,545,4573[CR],3034543734
F,20554,14445,2451,22,545,4565[CR],3034544171
C,16770,288,2459,20,546,4563[CR],3034544500
F,20242,14334,2467,20,544,4561[CR],3034544937
C,16390,294,2475,22,545,4560[CR],3034545375
F,20068,14207,2483,20,545,4558[CR],3034545703
C,15966,286,2491,20,545,4567[CR],3034546140
F,20124,14144,2499,22,547,4585[CR],3034546468
C,15784,294,2507,19,545,4615[CR],3034546906
F,20228,14924,2515,21,544,4649[CR],3034547234
C,16088,294,2523,20,540,4698[CR],3034547671
F,20388,15710,2531,19,539,4747[CR],3034548109
C,16890,294,2539,21,537,4792[CR],3034548437
F,20544,16361,2547,19,536,4833[CR],3034548875
A,34340,20392,2555,20,536,4870[CR],3034549203
F,20250,16702,2563,21,536,4903[CR],3034549593
C,19070,294,2570,19,535,4930[CR],3034549968
F,19894,16894,2579,21,534,4956[CR],3034550406
C,19970,278,2586,17,533,4976[CR],3034550843
F,19696,16940,2595,19,534,4990[CR],3034551171
C,20646,296,2602,22,536,4996[CR],3034551609
F,19556,16836,2611,19,536,4992[CR],3034551937
C,21040,294,2619,20,539,4984[CR],3034552375
F,19470,16646,2627,22,540,4960[CR],3034552703
C,21110,290,2635,19,540,4942[CR],3034553140
F,19436,16392,2644,21,542,4919[CR],3034553578
C,20814,294,2652,22,539,4893[CR],3034553906
F,19438,16351,2660,18,539,4865[CR],3034554343
C,20210,284,2669,21,539,4842[CR],3034554671
F,19432,16688,2677,22,539,4822[CR],3034555109
A,34312,19420,2685,19,540,4802[CR],3034555437
F,19400,17180,2693,21,539,4784[CR],3034555875
C,18158,290,2701,22,540,4775[CR],3034556312
F,19476,17506,2709,20,542,4770[CR],3034556687
C,17108,294,2718,21,541,4770[CR],3034557078
F,19708,17756,2726,22,542,4781[CR],3034557406
C,16476,284,2734,19,540,4791[CR],3034557843
F,20008,18060,2742,21,540,4815[CR],3034558171
C,16460,280,2750,17,538,4848[CR],3034558609
F,20394,18564,2758,19,532,4892[CR],3034559046
C,17104,290,2765,20,528,4961[CR],3034559375
F,21046,19514,2773,18,527,5029[CR],3034559812
C,18530,306,2781,19,526,5090[CR],3034560140
F,21182,20022,2788,22,527,5149[CR],3034560578
C,20058,290,2796,19,529,5197[CR],3034560906
F,20696,19770,2805,21,529,5239[CR],3034561343
A,34308,20298,2812,18,533,5261[CR],3034561781
F,20152,18924,2821,20,535,5269[CR],3034562109
C,21956,294,2829,22,534,5256[CR],3034562546
F,19886,17720,2837,19,532,5229[CR],3034562875
C,21088,294,2845,21,533,5192[CR],3034563312
F,19756,16988,2854,22,535,5153[CR],3034563640
C,19578,296,2862,20,537,5116[CR],3034564078
F,19712,16754,2870,21,538,5072[CR],3034564515
C,18228,300,2878,22,537,5039[CR],3034564843
F,19778,16642,2887,20,537,5022[CR],3034565281
C,17404,294,2895,21,537,5026[CR],3034565609
F,19956,16922,2903,22,536,5054[CR],3034566046
C,17382,284,2911,19,534,5110[CR],3034566375
F,20212,18058,2919,20,532,5177[CR],3034566812
C,18570,296,2926,17,529,5257[CR],3034567156
F,20500,19184,2934,19,526,5323[CR],3034567578
A,34320,20694,2941,22,524,5384[CR],3034568015
F,20670,19656,2949,19,526,5418[CR],3034568343
C,22228,296,2957,21,527,5430[CR],3034568781
F,20168,19366,2965,22,527,5432[CR],3034569109
C,22776,296,2974,20,528,5425[CR],3034569546
F,19984,19020,2982,22,529,5402[CR],3034569984
C,22556,296,2990,18,529,5371[CR],3034570312
F,20078,17994,2999,20,533,5339[CR],3034570750
C,22060,290,3007,22,535,5315[CR],3034571078
F,20194,17148,3015,19,536,5300[CR],3034571515
C,21510,290,3023,20,536,5290[CR],3034571843
F,20218,17028,3031,22,535,5274[CR],3034572281
C,21022,308,3039,19,535,5259[CR],3034572718
F,20196,17172,3048,20,535,5237[CR],3034573046
C,20508,294,3056,22,533,5222[CR],3034573484
F,20192,17394,3064,19,533,5211[CR],3034573812
A,34324,20180,3073,20,534,5201[CR],3034574250
F,20156,17574,3080,22,533,5193[CR],3034574578
C,19510,300,3089,20,532,5187[CR],3034575015
F,20132,17838,3097,21,532,5169[CR],3034575453
C,19038,300,3105,22,532,5157[CR],3034575781
F,20116,18152,3113,20,532,5163[CR],3034576218
C,18700,296,3121,21,533,5178[CR],3034576546
F,20122,18432,3129,21,532,5196[CR],3034576984
C,18588,296,3137,19,535,5210[CR],3034577312
F,20088,18560,3145,22,535,5226[CR],3034577750
C,18564,294,3153,17,535,5237[CR],3034578078
F,20056,18714,3161,20,535,5241[CR],3034578515
C,18344,286,3169,22,534,5232[CR],3034578953
F,20010,18850,3178,20,534,5216[CR],3034579281
C,17830,300,3186,21,534,5197[CR],3034579718
F,19908,18722,3194,22,535,5174[CR],3034580046
A,34316,19862,3202,20,533,5150[CR],3034580484
F,19832,18522,3211,21,533,5129[CR],3034580921
C,16426,294,3218,22,534,5118[CR],3034581250
F,19802,18450,3227,19,534,5118[CR],3034581687
C,15844,286,3235,21,532,5126[CR],3034582015
F,19800,18860,3243,22,534,5141[CR],3034582453
C,15459,296,3251,19,534,5154[CR],3034582781
F,19920,19368,3259,21,532,5180[CR],3034583218
C,15227,294,3266,17,531,5211[CR],3034583656
F,20204,19612,3275,20,532,5242[CR],3034583984
C,15303,294,3282,22,531,5265[CR],3034584421
F,20432,19430,3290,19,531,5287[CR],3034584750
C,15445,294,3298,20,531,5307[CR],3034585187
F,20540,18848,3306,20,530,5323[CR],3034585531
C,15539,294,3314,19,530,5335[CR],3034585953
F,20662,17940,3322,21,529,5344[CR],3034586281
A,34304,20744,3330,16,531,5353[CR],3034586718
F,20764,17234,3339,20,531,5356[CR],3034587093
C,15643,300,3346,22,532,5357[CR],3034587484
F,20874,16664,3354,20,532,5353[CR],3034587921
C,15544,294,3363,21,532,5342[CR],3034588250
F,20958,16043,3371,22,534,5332[CR],3034588687
C,15359,300,3379,19,534,5322[CR],3034589125
F,21052,15458,3387,21,534,5312[CR],3034589453
C,15172,296,3395,22,535,5305[CR],3034589890
F,21114,15001,3403,19,534,5293[CR],3034590218
C,15068,290,3412,21,536,5285[CR],3034590656
F,21172,14796,3420,22,534,5276[CR],3034590984
C,15070,294,3428,19,532,5274[CR],3034591421
F,21284,14835,3436,21,532,5287[CR],3034591859
C,15130,294,3443,17,532,5302[CR],3034592187
F,21390,15034,3452,20,533,5303[CR],3034592625
A,34328,21416,3460,21,532,5306[CR],3034592953
F,21394,15179,3468,18,532,5324[CR],3034593390
C,15264,294,3476,20,530,5353[CR],3034593718
F,21454,15040,3483,22,531,5393[CR],3034594156
C,15274,312,3491,19,531,5430[CR],3034594593
F,21544,14796,3499,20,531,5459[CR],3034594921
C,15304,294,3507,16,532,5477[CR],3034595359
F,21646,14670,3515,20,532,5490[CR],3034595687
C,15306,302,3523,21,532,5500[CR],3034596125
F,21746,14653,3531,19,532,5507[CR],3034596453
C,15386,296,3539,20,531,5522[CR],3034596890
F,21852,14633,3547,21,530,5543[CR],3034597328
C,15621,300,3555,20,529,5550[CR],3034597656
F,21938,14940,3563,21,529,5563[CR],3034598093
C,15936,302,3571,22,529,5564[CR],3034598421
F,21956,15038,3579,20,530,5568[CR],3034598859
A,34296,21958,3587,22,530,5574[CR],3034599187
F,21944,14984,3595,18,530,5583[CR],3034599625
C,16309,306,3603,20,530,5593[CR],3034599953
F,21956,14905,3611,21,529,5611[CR],3034600390
C,16214,308,3619,19,528,5637[CR],3034600828
F,21968,14770,3627,20,528,5666[CR],3034601156
C,16141,300,3635,22,527,5693[CR],3034601593
F,21992,14790,3643,19,528,5727[CR],3034601921
C,16108,300,3650,21,527,5752[CR],3034602359
F,21954,14919,3658,16,527,5772[CR],3034602796
C,16009,312,3666,20,528,5791[CR],3034603125
F,21906,15041,3674,22,528,5794[CR],3034603562
C,15869,296,3682,19,528,5800[CR],3034603906
F,21852,15072,3690,21,527,5801[CR],3034604328
C,15626,308,3698,22,527,5799[CR],3034604656
F,21810,15007,3706,19,527,5798[CR],3034605093
A,34292,21786,3714,21,528,5796[CR],3034605531
F,21758,15027,3722,19,528,5791[CR],3034605859
C,15279,302,3730,20,527,5792[CR],3034606296
F,21764,15116,3738,21,492,5790[CR],3034606625
C,15321,300,3738,2,380,5726[CR],3034607062
F,21820,14745,3738,1,371,5712[CR],3034607390
C,14908,296,3738,0,368,5707[CR],3034607828
F,21958,14331,3738,0,364,5705[CR],3034608265
C,14819,300,3738,0,368,5704[CR],3034608593
F,22142,14169,3738,0,345,5813[CR],3034609031
C,14782,290,3738,0,347,6258[CR],3034609359
F,22298,14056,3738,0,343,6251[CR],3034609796
C,14748,314,3738,0,371,6172[CR],3034610125
F,22432,13969,3738,0,386,5988[CR],3034610562
C,14729,308,3738,0,391,5986[CR],3034611000
F,22556,13900,3738,0,391,5986[CR],3034611328
A,34352,22630,3738,0,358,4292[CR],3034611875
Z,0,0,3738,0,0,2490[CR],3034612312
Z,0,0,3738,0,0,2468[CR],3034612859
Z,0,0,3738,0,0,2463[CR],3034613296
Z,0,0,3738,0,0,2462[CR],3034613843
Z,0,0,3738,0,0,2462[CR],3034614281
Z,0,0,3738,0,0,2462[CR],3034614828
Z,0,0,3738,0,0,2462[CR],3034615265
Z,0,0,3738,0,1,2462[CR],3034615812
Z,0,0,3738,0,0,2462[CR],3034616250
Z,0,0,3738,0,0,2462[CR],3034616796
Z,0,0,3738,0,0,2462[CR],3034617234
Z,0,0,3738,0,0,2462[CR],3034617781
Z,0,0,3738,0,0,2463[CR],3034618328
Z,0,0,3738,0,252,2462[CR],3034618765
Z,0,0,3738,0,0,2459[CR],3034619312
Z,0,0,3738,0,0,2461[CR],3034619750
Z,0,0,3738,0,0,2462[CR],3034620296
Z,0,0,3738,0,0,2462[CR],3034620734
Z,0,0,3738,9,296,2458[CR],3034621281
Z,0,0,3738,2,319,2462[CR],3034621718
Z,0,0,3738,2,0,2462[CR],3034622265
Z,0,0,3738,1,0,2463[CR],3034622703
Z,0,0,3738,0,0,2460[CR],3034623250
Z,0,0,3738,0,0,2462[CR],3034623796
Z,0,0,3738,0,0,2462[CR],3034624234
Z,0,0,3738,0,0,2462[CR],3034624781
Z,0,0,3738,0,0,2462[CR],3034625218
Z,0,0,3738,0,1,2463[CR],3034625765
Z,0,0,3738,0,0,2462[CR],3034626203
Z,0,0,3738,0,0,2462[CR],3034626750
Z,0,0,3738,0,0,2462[CR],3034627296
Z,0,0,3738,0,0,2462[CR],3034627734
Z,0,0,3738,0,0,2462[CR],3034628281
Z,0,0,3738,0,0,2462[CR],3034628718
Z,0,0,3738,0,0,2462[CR],3034629265
Z,0,0,3738,0,0,2463[CR],3034629703
Z,0,0,3738,0,0,2463[CR],3034630250
Z,0,0,3738,0,0,2461[CR],3034630687
Z,0,0,3738,0,0,2463[CR],3034631234
Z,0,0,3738,0,0,2462[CR],3034631781
Z,0,0,3738,0,0,2464[CR],3034632218
Z,0,0,3738,0,0,2464[CR],3034632765
Z,0,0,3738,0,0,2464[CR],3034633203
Z,0,0,3738,0,0,2464[CR],3034633750
Z,0,0,3738,0,0,2464[CR],3034634187
Z,0,0,3738,0,0,2464[CR],3034634734
Z,0,0,3738,0,0,2465[CR],3034635171
Z,0,0,3738,0,0,2463[CR],3034635718
Z,0,0,3738,0,0,2457[CR],3034636265
Z,0,0,3738,0,0,2445[CR],3034636703
Z,0,0,3738,0,0,2460[CR],3034637250
Z,0,0,3738,0,0,2460[CR],3034637687
Z,0,0,3738,0,0,2459[CR],3034638234
Z,0,0,3738,0,0,2460[CR],3034638671
Z,0,0,3738,0,0,2459[CR],3034639218
Z,0,0,3738,0,0,2459[CR],3034639765
Z,0,0,3738,9,0,2484[CR],3034640203
Z,0,0,3738,1,0,2464[CR],3034640203
C,14093,308,3738,1,0,2463[CR],3034640750
Z,0,0,3738,0,0,2465[CR],3034641296
Z,0,0,3738,0,0,2471[CR],3034641734
Z,0,0,3738,0,0,2493[CR],3034642281
Z,0,0,3738,0,0,2499[CR],3034642718
Z,0,0,3738,0,0,2447[CR],3034643265
Z,0,0,3738,0,0,2337[CR],3034643703
Z,0,0,3738,0,0,2337[CR],3034644250
Z,0,0,3738,0,0,2337[CR],3034644687
Z,0,0,3738,0,0,2440[CR],3034645234
Z,0,0,3738,0,0,2464[CR],3034645781
Z,0,0,3738,0,0,2445[CR],3034646218
Z,0,0,3738,0,0,2455[CR],3034646765
Z,0,0,3738,0,0,2456[CR],3034647203
Z,0,0,3738,0,0,2457[CR],3034647750
Z,0,0,3738,0,0,2458[CR],3034648187
Z,0,0,3738,0,1,2458[CR],3034648734
Z,0,0,3738,0,0,2459[CR],3034649281
Z,0,0,3738,0,156,2461[CR],3034649718
Z,0,0,3738,0,0,2468[CR],3034650265
Z,0,0,3738,0,0,2483[CR],3034650703
Z,0,0,3738,68,0,2476[CR],3034651250
Z,0,0,3738,86,0,2469[CR],3034651687
Z,0,0,3738,41,345,2677[CR],3034652015
C,14071,318,3738,19,332,4220[CR],3034652343
F,21026,13900,3738,2,319,4390[CR],3034652781
C,14492,314,3738,1,320,4388[CR],3034653109
F,21054,13902,3738,0,320,4385[CR],3034653546
C,14498,308,3738,0,270,4382[CR],3034653875
F,21020,13861,3738,0,240,4373[CR],3034654312
C,14491,302,3738,0,222,4373[CR],3034654750
F,20976,13831,3738,0,228,4370[CR],3034655078
A,34324,20942,3738,12,384,4394[CR],3034655515
F,20922,13803,3738,2,379,4419[CR],3034655843
C,14507,308,3738,1,377,4420[CR],3034656281
F,20894,13817,3738,0,376,4421[CR],3034656609
C,14505,294,3738,0,377,4419[CR],3034657046
F,20842,13802,3738,0,377,4419[CR],3034657484
C,14506,310,3738,0,376,4419[CR],3034657812
F,20808,13790,3738,0,376,4418[CR],3034658250
C,14505,306,3738,0,375,4420[CR],3034658578
F,20758,13781,3738,0,374,4423[CR],3034659015
C,14506,314,3738,0,376,4421[CR],3034659343
F,20712,13775,3738,0,376,4423[CR],3034659781
C,14507,300,3738,18,378,4519[CR],3034660218
F,20668,13792,3742,20,388,4804[CR],3034660546
C,14559,322,3749,17,396,5068[CR],3034660984
F,20646,14215,3755,18,531,5547[CR],3034661312
A,34324,20674,3763,19,537,5803[CR],3034661750
F,20532,15538,3772,21,537,5808[CR],3034662078
C,16061,316,3779,20,536,5806[CR],3034662515
F,20204,15676,3787,20,537,5808[CR],3034662953
C,16281,310,3796,22,537,5812[CR],3034663281
F,20064,15737,3804,19,536,5796[CR],3034663718
C,16375,318,3812,20,539,5780[CR],3034664046
F,19994,15481,3820,22,537,5759[CR],3034664484
C,16297,342,3828,20,538,5753[CR],3034664812
F,20008,14983,3836,21,537,5727[CR],3034665250
C,16145,326,3844,23,539,5711[CR],3034665687
F,20110,14563,3853,19,537,5692[CR],3034666015
C,15985,332,3861,21,537,5688[CR],3034666453
F,20222,14350,3869,22,537,5672[CR],3034666781
C,15817,324,3877,19,537,5657[CR],3034667218
F,20330,14269,3885,21,538,5645[CR],3034667546
A,34360,20426,3893,22,538,5633[CR],3034667984
F,20462,14223,3901,19,538,5622[CR],3034668421
C,15487,340,3910,22,537,5615[CR],3034668750
F,20598,14375,3918,21,536,5613[CR],3034669187
C,15471,352,3926,20,538,5606[CR],3034669531
F,20702,14749,3934,22,538,5596[CR],3034669953
C,15561,360,3942,17,539,5597[CR],3034670281
F,20796,15061,3950,21,539,5595[CR],3034670718
C,15640,350,3959,22,537,5592[CR],3034671156
F,20884,15054,3967,19,541,5585[CR],3034671484
C,15596,362,3975,21,541,5576[CR],3034671921
F,20940,14938,3983,22,541,5559[CR],3034672250
C,15390,346,3991,20,540,5545[CR],3034672687
F,20972,14720,3999,21,541,5537[CR],3034673015
C,15141,346,4007,23,543,5527[CR],3034673453
F,21028,14615,4016,19,543,5525[CR],3034673890
A,34352,21080,4024,21,542,5535[CR],3034674218
F,21090,14727,4031,17,542,5580[CR],3034674656
C,15196,346,4039,19,541,5644[CR],3034674984
F,21210,14920,4047,22,542,5660[CR],3034675421
C,15531,342,4055,19,540,5677[CR],3034675750
F,21296,14933,4063,20,540,5675[CR],3034676187
C,15860,356,4071,22,541,5672[CR],3034676625
F,21354,14891,4080,19,541,5650[CR],3034676953
C,16003,352,4088,21,540,5639[CR],3034677390
F,21368,14809,4096,22,538,5634[CR],3034677718
C,15935,350,4104,19,540,5626[CR],3034678156
F,21376,14518,4112,21,540,5618[CR],3034678484
C,15719,350,4121,22,540,5608[CR],3034678921
F,21402,14238,4129,20,540,5601[CR],3034679359
C,15493,346,4137,21,541,5585[CR],3034679687
F,21434,14037,4145,22,543,5572[CR],3034680125
A,34348,21478,4153,20,540,5559[CR],3034680453
F,21474,14037,4162,21,542,5553[CR],3034680843
C,15198,362,4169,18,543,5540[CR],3034681218
F,21546,14154,4178,20,541,5534[CR],3034681656
C,15187,364,4186,22,542,5542[CR],3034682093
F,21588,14390,4194,20,542,5539[CR],3034682421
C,15157,356,4202,21,542,5544[CR],3034682859
F,21632,14436,4210,22,542,5541[CR],3034683187
C,15071,366,4218,19,540,5547[CR],3034683625
F,21698,14322,4227,21,542,5552[CR],3034683953
C,15050,354,4234,22,542,5552[CR],3034684390
F,21764,14289,4242,19,540,5558[CR],3034684828
C,15116,356,4251,21,541,5561[CR],3034685156
F,21852,14303,4259,18,540,5569[CR],3034685593
C,15270,368,4267,19,540,5580[CR],3034685921
F,21934,14411,4275,21,540,5595[CR],3034686359
A,34340,21974,4283,19,540,5605[CR],3034686687
F,21982,14439,4291,20,541,5622[CR],3034687125
C,15580,384,4299,22,542,5626[CR],3034687562
F,22058,14332,4307,19,541,5631[CR],3034687890
C,15748,384,4315,20,543,5667[CR],3034688328
F,22146,14186,4323,22,541,5679[CR],3034688671
C,16126,384,4331,19,543,5683[CR],3034689093
F,22266,14262,4340,21,540,5690[CR],3034689421
C,16602,382,4347,21,540,5700[CR],3034689859
F,22350,14439,4356,20,540,5705[CR],3034690296
C,16932,392,4364,20,540,5704[CR],3034690625
F,22334,14585,4371,17,542,5702[CR],3034691062
C,16930,406,4380,20,541,5694[CR],3034691390
F,22314,14433,4388,22,542,5683[CR],3034691828
C,16716,398,4396,19,542,5679[CR],3034692156
F,22342,14321,4404,20,542,5672[CR],3034692593
A,34360,22360,4412,22,542,5660[CR],3034693031
F,22356,14321,4421,19,541,5656[CR],3034693359
C,16319,412,4429,20,541,5656[CR],3034693796
F,22428,14549,4436,22,548,5669[CR],3034694125
C,16337,422,4445,19,543,5662[CR],3034694562
F,22520,14941,4453,21,540,5668[CR],3034694890
C,16546,428,4461,22,540,5682[CR],3034695328
F,22636,15451,4469,19,540,5701[CR],3034695765
C,16992,418,4477,21,540,5730[CR],3034696093
F,22782,15867,4484,19,538,5762[CR],3034696531
C,17672,432,4492,19,538,5806[CR],3034696859
F,22958,16167,4500,21,538,5850[CR],3034697296
C,18618,414,4508,19,538,5889[CR],3034697625
F,22930,16706,4516,20,537,5920[CR],3034698062
C,19546,422,4524,21,536,5940[CR],3034698500
F,22220,17274,4532,19,535,5949[CR],3034698828
A,34312,21604,4540,21,535,5949[CR],3034699265
F,21402,17358,4548,18,534,5938[CR],3034699593
C,19836,404,4556,20,535,5923[CR],3034700031
F,21132,16586,4564,22,532,5912[CR],3034700359
C,19646,410,4572,19,534,5913[CR],3034700796
F,21100,15926,4581,20,535,5917[CR],3034701234
C,19830,424,4588,22,533,5931[CR],3034701562
F,21102,15992,4596,19,532,5943[CR],3034702000
C,20270,430,4605,21,531,5952[CR],3034702328
F,20934,16522,4612,22,532,5953[CR],3034702765
C,20512,424,4620,19,531,5942[CR],3034703093
F,20662,16660,4629,22,532,5929[CR],3034703531
C,20298,426,4637,21,532,5918[CR],3034703968
F,20594,16360,4645,20,534,5905[CR],3034704296
C,20038,428,4653,22,534,5891[CR],3034704734
F,20642,16212,4661,17,533,5882[CR],3034705062
A,34332,20672,4669,21,533,5878[CR],3034705500
F,20674,16422,4677,22,533,5880[CR],3034705828
C,19890,420,4685,19,533,5885[CR],3034706265
F,20730,16842,4693,21,531,5895[CR],3034706703
C,19970,428,4701,22,532,5909[CR],3034707031
F,20764,17230,4709,19,532,5921[CR],3034707468
C,20082,434,4717,21,531,5936[CR],3034707796
F,20806,17604,4725,22,533,5953[CR],3034708234
C,20236,440,4733,19,533,5965[CR],3034708562
F,20814,17872,4741,21,534,5982[CR],3034709000
C,20362,428,4749,18,531,5999[CR],3034709437
F,20834,18072,4757,20,531,6017[CR],3034709765
C,20484,428,4765,21,532,6031[CR],3034710203
F,20850,18212,4773,19,533,6043[CR],3034710531
C,20592,424,4781,20,532,6052[CR],3034710968
F,20834,18280,4788,22,534,6064[CR],3034711296
A,34380,20814,4797,19,535,6070[CR],3034711734
F,20810,18252,4805,21,535,6075[CR],3034712171
C,20620,426,4813,18,534,6076[CR],3034712500
F,20816,18282,4821,19,535,6080[CR],3034712937
C,20584,428,4829,21,535,6086[CR],3034713265
F,20762,18326,4837,19,533,6093[CR],3034713703
C,20484,440,4845,20,532,6099[CR],3034714031
F,20686,18362,4853,22,532,6102[CR],3034714468
C,20424,440,4861,19,534,6101[CR],3034714906
F,20610,18318,4869,21,534,6095[CR],3034715234
C,20298,450,4877,22,534,6094[CR],3034715671
F,20560,18170,4885,19,534,6090[CR],3034716000
C,20154,450,4893,22,535,6089[CR],3034716437
F,20530,18058,4901,17,534,6082[CR],3034716765
C,20118,458,4909,20,533,6080[CR],3034717203
F,20480,18018,4917,22,531,6077[CR],3034717546
A,34364,20448,4925,19,532,6083[CR],3034717968
F,20424,18066,4933,20,533,6098[CR],3034718359
C,20046,456,4941,22,532,6103[CR],3034718734
F,20400,17962,4949,19,536,6110[CR],3034719171
C,20040,440,4957,21,536,6117[CR],3034719500
F,20486,17616,4965,22,535,6126[CR],3034719937
C,20002,462,4973,19,536,6139[CR],3034720375
F,20560,17334,4981,21,536,6147[CR],3034720703
C,20056,468,4989,18,536,6155[CR],3034721140
F,20628,17302,4997,20,534,6164[CR],3034721468
C,20078,462,5005,22,534,6175[CR],3034721906
F,20684,17556,5013,19,533,6187[CR],3034722234
C,20086,478,5021,20,531,6198[CR],3034722671
F,20728,17788,5029,22,531,6208[CR],3034723109
C,19924,436,5037,19,532,6211[CR],3034723437
F,20742,17870,5045,21,532,6212[CR],3034723875
A,34360,20740,5052,17,532,6209[CR],3034724203
F,20734,17942,5061,19,531,6203[CR],3034724640
C,19226,474,5069,22,532,6204[CR],3034724968
F,20754,18072,5077,20,531,6206[CR],3034725406
C,18902,474,5085,20,531,6213[CR],3034725843
F,20794,18358,5093,21,529,6228[CR],3034726171
C,18848,478,5100,19,532,6251[CR],3034726609
F,20836,18656,5108,20,532,6270[CR],3034726937
C,19064,464,5116,16,531,6293[CR],3034727375
F,20896,18744,5124,19,529,6320[CR],3034727703
C,19568,486,5132,21,527,6352[CR],3034728140
F,20984,18776,5139,19,526,6391[CR],3034728578
C,20390,478,5147,19,526,6426[CR],3034728906
F,21046,18790,5155,21,525,6460[CR],3034729343
C,21290,498,5163,19,525,6493[CR],3034729671
F,20914,18850,5171,21,525,6517[CR],3034730109
A,34372,20714,5178,16,527,6535[CR],3034730437
F,20616,18876,5187,19,527,6545[CR],3034730875
C,22398,486,5194,21,528,6552[CR],3034731312
F,20456,18394,5202,19,528,6561[CR],3034731640
C,22442,498,5210,20,528,6572[CR],3034732078
F,20410,17896,5218,21,530,6588[CR],3034732406
C,22348,490,5226,19,529,6606[CR],3034732843
F,20408,17716,5234,21,528,6628[CR],3034733171
C,22200,504,5241,19,527,6644[CR],3034733609
F,20404,17834,5250,19,527,6663[CR],3034734046
C,21990,500,5257,20,526,6679[CR],3034734375
F,20380,18100,5265,19,525,6693[CR],3034734812
C,21664,504,5273,21,528,6707[CR],3034735140
F,20336,18468,5281,21,525,6721[CR],3034735578
C,21184,504,5289,19,525,6740[CR],3034735921
F,20266,18724,5296,21,525,6753[CR],3034736343
A,34340,20230,5304,19,527,6770[CR],3034736781
F,20204,18790,5312,20,527,6786[CR],3034737109
C,20326,496,5320,22,528,6804[CR],3034737546
F,20200,18952,5328,19,529,6818[CR],3034737875
C,20220,504,5336,20,527,6831[CR],3034738312
F,20186,19222,5344,22,529,6846[CR],3034738640
C,20300,494,5352,19,526,6855[CR],3034739078
F,20148,19564,5360,21,526,6866[CR],3034739515
C,20446,500,5367,17,524,6881[CR],3034739843
F,20172,19588,5375,19,525,6900[CR],3034740281
C,20660,498,5383,21,525,6919[CR],3034740609
F,20226,19276,5391,19,524,6939[CR],3034741046
C,20896,504,5399,20,524,6958[CR],3034741375
F,20286,18960,5406,21,523,6977[CR],3034741812
C,21200,492,5414,20,523,6997[CR],3034742250
F,20342,18626,5422,20,521,7026[CR],3034742578
A,34348,20366,5430,19,522,7050[CR],3034743015
F,20364,18440,5438,20,524,7071[CR],3034743343
C,21990,500,5445,21,521,7093[CR],3034743781
F,20374,18602,5453,19,523,7121[CR],3034744109
C,22266,494,5461,20,524,7145[CR],3034744546
F,20312,18854,5468,17,523,7172[CR],3034744984
C,22404,502,5476,19,523,7191[CR],3034745312
F,20232,18936,5484,22,524,7207[CR],3034745750
C,22352,494,5492,19,523,7220[CR],3034746078
F,20172,18818,5500,20,522,7234[CR],3034746515
C,22226,490,5507,16,523,7248[CR],3034746843
F,20136,18840,5515,19,522,7262[CR],3034747281
C,22074,508,5523,21,521,7270[CR],3034747718
F,20104,18916,5531,19,521,7275[CR],3034748046
C,21876,504,5539,20,519,7288[CR],3034748484
F,20098,19030,5547,21,517,7301[CR],3034748812
A,34364,20082,5555,19,520,7310[CR],3034749250
F,20064,19054,5562,21,519,7312[CR],3034749578
C,21616,500,5570,18,519,7318[CR],3034750015
F,20078,19050,5578,19,520,7330[CR],3034750453
C,21528,498,5586,22,522,7344[CR],3034750781
F,20082,19014,5594,17,521,7345[CR],3034751218
C,21562,500,5602,20,520,7361[CR],3034751546
F,20088,18876,5610,22,518,7373[CR],3034751984
C,21638,504,5618,18,515,7397[CR],3034752312
F,20080,18766,5625,20,519,7428[CR],3034752750
C,21750,490,5633,16,518,7449[CR],3034753187
F,20062,18770,5641,19,518,7461[CR],3034753515
C,21794,484,5648,21,519,7470[CR],3034753953
F,20040,18804,5656,19,520,7473[CR],3034754296
C,21718,500,5664,21,519,7464[CR],3034754718
F,19994,18708,5672,22,518,7467[CR],3034755046
A,34392,19968,5680,19,513,7482[CR],3034755484
F,19944,18596,5688,21,518,7497[CR],3034755843
C,21228,508,5695,17,518,7495[CR],3034756250
F,19956,18486,5704,19,517,7508[CR],3034756687
C,21028,494,5711,22,517,7520[CR],3034757015
F,19964,18382,5719,19,517,7543[CR],3034757453
C,21062,516,5727,20,519,7563[CR],3034757781
F,19976,18536,5734,21,517,7586[CR],3034758218
C,21358,504,5738,4,327,7562[CR],3034758656
F,19992,18804,5738,1,294,7508[CR],3034758984
C,20490,500,5738,0,291,7499[CR],3034759421
F,19912,19182,5738,0,289,7496[CR],3034759750
C,20178,500,5738,0,278,7494[CR],3034760187
F,19876,19290,5738,0,274,7493[CR],3034760515
C,20030,498,5738,0,284,7493[CR],3034760953
F,19848,19346,5738,0,281,7491[CR],3034761390
A,34376,19828,5738,0,280,7490[CR],3034761718
F,19810,19382,5738,0,268,7489[CR],3034762156
C,19862,496,5738,0,249,7685[CR],3034762484
F,19792,19402,5738,0,235,7937[CR],3034762921
C,19800,500,5738,0,228,7887[CR],3034763250
F,19770,19394,5738,0,319,7633[CR],3034763687
C,19750,504,5738,0,309,7510[CR],3034764125
F,19742,19396,5738,0,307,7510[CR],3034764453
C,19710,500,5738,0,308,6494[CR],3034764890
F,19716,19214,5738,0,32,3753[CR],3034765328
Z,0,0,5738,0,0,2464[CR],3034765875
Z,0,0,5738,0,0,2465[CR],3034766312
Z,0,0,5738,0,0,2462[CR],3034766859
Z,0,0,5738,0,0,2462[CR],3034767296
Z,0,0,5738,0,0,2461[CR],3034767843
Z,0,0,5738,0,0,2462[CR],3034768281
Z,0,0,5738,0,0,2462[CR],3034768828
Z,0,0,5738,0,0,2461[CR],3034769265
Z,0,0,5738,0,0,2462[CR],3034769812
Z,0,0,5738,0,0,2462[CR],3034770359
Z,0,0,5738,0,0,2461[CR],3034770796
Z,0,0,5738,0,0,2461[CR],3034771343
Z,0,0,5738,0,0,2462[CR],3034771781
Z,0,0,5738,0,0,2461[CR],3034772328
Z,0,0,5738,0,0,2462[CR],3034772765
Z,0,0,5738,0,0,2462[CR],3034773312
Z,0,0,5738,0,0,2458[CR],3034773750
Z,0,0,5738,0,105,2459[CR],3034774296
Z,0,0,5738,0,424,2459[CR],3034774734
Z,0,0,5738,0,296,2460[CR],3034775281
Z,0,0,5738,0,0,2460[CR],3034775828
Z,0,0,5738,0,0,2456[CR],3034776265
Z,0,0,5738,0,0,2461[CR],3034776812
Z,0,0,5738,0,0,2461[CR],3034777250
Z,0,0,5738,0,0,2461[CR],3034777796
Z,0,0,5738,0,0,2460[CR],3034778234
Z,0,0,5738,0,0,2462[CR],3034778781
Z,0,0,5738,0,0,2462[CR],3034779218
K,12852,2440,5738,0,0,2461[CR],3034779656
Z,0,0,5738,0,1,2461[CR],3034780203
Z,0,0,5738,0,0,2462[CR],3034780750
Z,0,0,5738,0,31,2461[CR],3034781187
Z,0,0,5738,0,0,2462[CR],3034781734
Z,0,0,5738,0,0,2460[CR],3034782171
Z,0,0,5738,0,0,2461[CR],3034782718
Z,0,0,5738,0,0,2461[CR],3034783156
Z,0,0,5738,0,0,2460[CR],3034783703
Z,0,0,5738,0,0,2459[CR],3034784140
Z,0,0,5738,0,0,2459[CR],3034784687
Z,0,0,5738,0,0,2460[CR],3034785234
Z,0,0,5738,0,0,2460[CR],3034785671
Z,0,0,5738,0,0,2459[CR],3034785781
U,123616,19156,5738,0,0,2456[CR],3034786328
Z,0,0,5738,0,0,2458[CR],3034786765
Z,0,0,5738,0,0,2464[CR],3034787312
Z,0,0,5738,0,0,2466[CR],3034787750
Z,0,0,5738,0,0,2467[CR],3034788296
Z,0,0,5738,0,0,2469[CR],3034788734
Z,0,0,5738,0,0,2471[CR],3034789281
Z,0,0,5738,0,0,2459[CR],3034789718
Z,0,0,5738,0,0,2442[CR],3034790265
Z,0,0,5738,0,0,2454[CR],3034790812
Z,0,0,5738,0,0,2458[CR],3034791250
Z,0,0,5738,0,0,2459[CR],3034791796
Z,0,0,5738,0,0,2458[CR],3034792234
Z,0,0,5738,0,0,2459[CR],3034792781
Z,0,0,5738,0,0,2458[CR],3034793218
Z,0,0,5738,0,0,2460[CR],3034793765
Z,0,0,5738,0,0,2481[CR],3034794203
Z,0,0,5738,0,0,2465[CR],3034794750
Z,0,0,5738,0,0,2470[CR],3034795296
Z,0,0,5738,0,0,2505[CR],3034795734
Z,0,0,5738,0,0,2509[CR],3034796281
Z,0,0,5738,0,0,2384[CR],3034796718
Z,0,0,5738,0,0,2333[CR],3034797265
Z,0,0,5738,0,0,2333[CR],3034797703
Z,0,0,5738,0,0,2395[CR],3034798250
Z,0,0,5738,0,0,2464[CR],3034798687
Z,0,0,5738,0,0,2456[CR],3034799234
Z,0,0,5738,0,0,2447[CR],3034799781
Z,0,0,5738,0,0,2456[CR],3034800218
Z,0,0,5738,0,0,2458[CR],3034800765
Z,0,0,5738,0,0,2459[CR],3034801203
Z,0,0,5738,0,0,2458[CR],3034801750
Z,0,0,5738,0,0,2460[CR],3034802187
Z,0,0,5738,0,0,2461[CR],3034802734
Z,0,0,5738,0,0,2461[CR],3034803171
Z,0,0,5738,0,292,2465[CR],3034803718
Z,0,0,5738,0,0,2487[CR],3034804156
Z,0,0,5738,129,0,2481[CR],3034804703
Z,0,0,5738,86,0,2467[CR],3034805250
Z,0,0,5738,47,120,2480[CR],3034805468
F,18624,14181,5738,22,257,3218[CR],3034805906
C,17040,498,5738,5,216,4329[CR],3034806234
F,18646,14918,5738,1,191,4455[CR],3034806671
C,17362,490,5738,1,140,4440[CR],3034807000
F,18632,15016,5738,0,118,4438[CR],3034807437
C,17372,500,5738,0,48,4438[CR],3034807875
F,18624,15029,5738,0,64,4435[CR],3034808203
C,17376,498,5738,0,0,4433[CR],3034808640
F,18612,15035,5738,0,0,4432[CR],3034808968
C,17378,504,5738,0,303,4462[CR],3034809406
F,18606,15086,5738,0,300,4474[CR],3034809734
C,17396,498,5738,0,293,4474[CR],3034810171
F,18596,15095,5738,0,290,4473[CR],3034810609
C,17398,498,5738,0,294,4474[CR],3034810937
F,18580,15098,5738,0,294,4472[CR],3034811375
A,34440,18566,5738,0,297,4472[CR],3034811703
F,18550,15101,5738,0,296,4474[CR],3034812140
C,17400,512,5738,0,289,4473[CR],3034812468
F,18554,15102,5738,0,289,4474[CR],3034812906
C,17400,502,5738,16,288,4538[CR],3034813343
F,18544,15116,5738,17,305,4794[CR],3034813671
C,17414,500,5742,19,332,5053[CR],3034814109
F,18536,15357,5748,12,336,5594[CR],3034814437
C,17578,504,5752,12,348,6405[CR],3034814875
F,18552,17158,5758,16,483,7221[CR],3034815203
C,18644,500,5765,18,509,7621[CR],3034815640
F,18794,19178,5774,20,508,7649[CR],3034816078
C,22312,484,5781,22,508,7651[CR],3034816406
F,18738,19102,5790,19,504,7653[CR],3034816843
C,22612,504,5798,20,507,7666[CR],3034817171
F,18632,19178,5805,22,505,7661[CR],3034817609
A,34408,18564,5814,19,506,7658[CR],3034817937
F,18536,19046,5822,21,508,7662[CR],3034818375
C,22752,500,5829,17,505,7660[CR],3034818812
F,18534,18748,5837,20,508,7675[CR],3034819140
C,22736,512,5845,21,505,7685[CR],3034819578
F,18540,18552,5853,19,508,7699[CR],3034819921
C,22688,498,5861,20,507,7700[CR],3034820343
F,18552,18664,5869,21,507,7715[CR],3034820671
C,22624,500,5877,19,505,7727[CR],3034821109
F,18564,18702,5885,20,508,7738[CR],3034821546
C,22522,496,5893,19,507,7744[CR],3034821875
F,18578,18740,5901,19,510,7759[CR],3034822312
C,22370,498,5909,21,509,7768[CR],3034822640
F,18590,18782,5917,18,510,7772[CR],3034823078
C,22156,502,5925,20,507,7770[CR],3034823406
F,18604,18826,5933,22,506,7770[CR],3034823843
A,34456,18612,5941,19,506,7774[CR],3034824281
F,18600,18958,5949,21,507,7782[CR],3034824609
C,21702,496,5957,22,508,7785[CR],3034825046
F,18620,19210,5965,19,508,7775[CR],3034825375
C,21402,492,5973,20,507,7764[CR],3034825812
F,18618,19250,5981,22,506,7759[CR],3034826140
C,20996,506,5989,19,506,7748[CR],3034826578
F,18640,19146,5997,21,507,7743[CR],3034827015
C,20594,496,6005,18,505,7741[CR],3034827343
F,18654,18956,6014,19,507,7738[CR],3034827781
C,20186,480,6021,22,505,7738[CR],3034828109
F,18664,18822,6029,19,504,7734[CR],3034828546
C,19804,500,6038,20,507,7730[CR],3034828875
F,18672,18842,6045,22,506,7733[CR],3034829312
C,19510,498,6053,19,506,7741[CR],3034829750
F,18680,19044,6062,21,503,7739[CR],3034830078
A,34444,18688,6069,21,503,7748[CR],3034830421
F,18666,19342,6077,19,503,7768[CR],3034830859
C,19550,500,6085,21,504,7791[CR],3034831281
F,18666,19422,6093,18,504,7808[CR],3034831609
C,19686,504,6101,20,502,7812[CR],3034832046
F,18732,19164,6109,21,504,7824[CR],3034832484
C,19814,506,6117,19,504,7833[CR],3034832812
F,18824,18762,6125,20,505,7843[CR],3034833250
C,19974,500,6133,22,504,7857[CR],3034833578
F,18894,18400,6141,19,503,7872[CR],3034834015
C,20064,502,6149,21,502,7892[CR],3034834343
F,18952,18108,6157,17,503,7912[CR],3034834781
C,20180,494,6165,19,503,7930[CR],3034835218
F,19034,17812,6173,21,502,7951[CR],3034835546
C,20338,498,6181,19,499,7971[CR],3034835984
F,19108,17590,6189,20,501,7992[CR],3034836312
A,34424,19174,6197,22,502,8015[CR],3034836750
F,19178,17462,6205,19,499,8043[CR],3034837078
C,21036,498,6213,20,501,8074[CR],3034837515
F,19280,17526,6220,17,503,8103[CR],3034837953
C,21646,508,6228,19,501,8126[CR],3034838296
F,19368,17930,6236,21,500,8148[CR],3034838718
C,22324,504,6244,19,502,8175[CR],3034839046
F,19426,18508,6252,19,501,8197[CR],3034839484
C,22832,500,6259,22,499,8225[CR],3034839812
F,19342,19174,6267,19,501,8247[CR],3034840250
C,23392,500,6275,21,503,8264[CR],3034840687
F,18988,19508,6283,19,503,8272[CR],3034841015
C,23624,498,6291,19,501,8279[CR],3034841453
F,18626,19406,6300,22,500,8277[CR],3034841781
C,23402,504,6307,19,499,8273[CR],3034842218
F,18474,19160,6316,21,500,8267[CR],3034842546
A,34472,18520,6323,22,499,8250[CR],3034842984
F,18512,18236,6332,19,499,8232[CR],3034843421
C,22220,494,6340,20,500,8224[CR],3034843750
F,18574,17414,6348,22,502,8216[CR],3034844187
C,21630,510,6356,19,500,8213[CR],3034844515
F,18548,17154,6364,20,501,8213[CR],3034844953
C,21148,498,6371,18,500,8211[CR],3034845281
F,18534,17068,6380,20,501,8205[CR],3034845718
C,20802,500,6388,22,500,8202[CR],3034846156
F,18526,16966,6395,19,503,8197[CR],3034846484
C,20516,498,6403,20,502,8195[CR],3034846921
F,18548,17040,6411,22,498,8203[CR],3034847250
C,20496,510,6419,19,497,8218[CR],3034847687
F,18578,17336,6427,21,499,8234[CR],3034848015
C,20698,500,6435,17,499,8252[CR],3034848453
F,18580,17720,6443,19,498,8270[CR],3034848796
A,34448,18560,6451,21,498,8291[CR],3034849218
F,18522,18102,6458,19,499,8317[CR],3034849609
C,21366,500,6466,19,499,8344[CR],3034849984
F,18360,18536,6474,22,497,8370[CR],3034850421
C,21590,500,6482,18,498,8394[CR],3034850750
F,18124,18444,6490,20,496,8417[CR],3034851187
C,21790,504,6497,16,499,8437[CR],3034851625
F,17958,18152,6505,19,497,8445[CR],3034851953
C,21886,500,6513,22,499,8448[CR],3034852390
F,17970,17348,6521,19,499,8445[CR],3034852718
C,21838,500,6529,19,497,8441[CR],3034853156
F,17992,16664,6537,22,499,8452[CR],3034853484
C,21992,498,6545,19,497,8455[CR],3034853921
F,17994,16736,6553,20,500,8470[CR],3034854359
C,22054,504,6560,17,496,8481[CR],3034854687
F,18032,16812,6568,20,499,8495[CR],3034855125
A,34448,18058,6576,21,496,8503[CR],3034855453
F,18050,16928,6584,18,495,8508[CR],3034855890
C,22240,498,6592,20,499,8515[CR],3034856218
F,18080,17254,6600,20,498,8517[CR],3034856656
C,22258,504,6608,19,498,8522[CR],3034857093
F,18092,17828,6615,20,497,8523[CR],3034857421
C,22280,490,6623,16,501,8521[CR],3034857859
F,18112,18466,6632,20,498,8521[CR],3034858187
C,22310,500,6639,21,496,8527[CR],3034858625
F,18126,18830,6647,19,497,8535[CR],3034858953
C,22384,500,6655,20,497,8539[CR],3034859390
F,18142,18900,6663,22,493,8545[CR],3034859828
C,22442,494,6671,19,494,8553[CR],3034860156
F,18162,18820,6679,20,496,8560[CR],3034860593
C,22604,504,6686,17,494,8565[CR],3034860921
F,18190,18800,6694,20,492,8572[CR],3034861359
A,34484,18210,6702,21,495,8584[CR],3034861687
F,18202,18746,6710,19,494,8596[CR],3034862125
C,23210,494,6718,20,494,8613[CR],3034862562
F,18252,18638,6725,22,494,8634[CR],3034862890
C,23728,504,6734,18,495,8653[CR],3034863328
F,18312,18382,6741,21,494,8685[CR],3034863656
C,24528,498,6748,17,488,8722[CR],3034864093
F,18376,18108,6757,19,489,8768[CR],3034864421
C,25632,504,6764,21,487,8815[CR],3034864859
F,18474,17992,6772,19,483,8859[CR],3034865296
C,26948,502,6779,20,481,8910[CR],3034865625
F,18572,18130,6787,17,479,8954[CR],3034866062
C,28264,510,6794,19,479,8988[CR],3034866390
F,18634,18478,6802,21,478,9009[CR],3034866828
C,28796,542,6810,19,481,9011[CR],3034867156
F,18980,18792,6818,20,482,8997[CR],3034867593
A,34512,19280,6826,17,489,8973[CR],3034868031
F,19306,18760,6834,20,487,8956[CR],3034868359
C,27060,546,6842,21,491,8945[CR],3034868796
F,19236,18466,6850,19,493,8935[CR],3034869125
C,26196,532,6857,20,491,8925[CR],3034869562
F,19142,18498,6865,22,494,8917[CR],3034869890
C,25460,504,6873,19,494,8912[CR],3034870328
F,19100,18648,6881,20,493,8903[CR],3034870765
C,24888,522,6888,16,486,8901[CR],3034871093
F,19030,18628,6897,19,484,8897[CR],3034871531
C,24452,490,6904,22,485,8900[CR],3034871859
F,19002,18574,6912,18,480,8904[CR],3034872296
C,24074,500,6920,19,482,8915[CR],3034872625
F,19004,18518,6928,21,484,8929[CR],3034873062
C,23878,518,6936,19,486,8935[CR],3034873500
F,18994,18390,6944,21,487,8944[CR],3034873828
A,34512,18996,6951,17,492,8951[CR],3034874265
F,18980,18052,6959,19,492,8962[CR],3034874593
C,23696,500,6967,21,491,8976[CR],3034875031
F,18994,17558,6975,19,492,8997[CR],3034875359
C,23706,500,6983,20,494,9027[CR],3034875796
F,19016,17726,6990,18,494,9053[CR],3034876234
C,23800,504,6998,19,493,9075[CR],3034876578
F,19032,17762,7006,21,494,9097[CR],3034877000
C,24022,526,7013,19,491,9111[CR],3034877343
F,19046,17808,7021,19,492,9121[CR],3034877765
C,24170,514,7029,21,492,9121[CR],3034878109
F,19052,18026,7036,18,493,9112[CR],3034878531
C,24170,510,7044,21,492,9100[CR],3034878875
F,19040,18366,7052,19,493,9094[CR],3034879296
C,23952,524,7060,20,494,9087[CR],3034879734
F,19020,18574,7068,22,495,9077[CR],3034880062
A,34520,18998,7076,19,492,9067[CR],3034880500
F,18982,18568,7084,21,494,9051[CR],3034880828
C,23096,490,7091,19,492,9038[CR],3034881265
F,18966,18528,7099,19,494,9033[CR],3034881703
C,22586,496,7107,21,490,9024[CR],3034882031
F,18944,18502,7115,18,494,9009[CR],3034882468
C,22128,518,7123,19,495,9006[CR],3034882796
F,18918,18586,7130,21,489,9007[CR],3034883234
C,21722,508,7138,19,495,9014[CR],3034883562
F,18902,18782,7146,21,489,9025[CR],3034884000
C,21490,496,7154,17,492,9038[CR],3034884437
F,18908,18910,7162,19,488,9041[CR],3034884765
C,21532,514,7170,21,486,9060[CR],3034885203
F,18930,18952,7177,18,487,9090[CR],3034885531
C,21760,514,7185,19,484,9129[CR],3034885968
F,18946,18994,7192,18,484,9166[CR],3034886296
A,34524,18908,7200,18,484,9188[CR],3034886734
F,18866,19192,7207,20,486,9195[CR],3034887187
C,22728,544,7215,19,483,9193[CR],3034887500
F,18758,19272,7223,20,487,9182[CR],3034887937
C,22934,536,7230,21,491,9184[CR],3034888265
F,18708,18910,7238,19,485,9201[CR],3034888703
C,22822,522,7246,20,489,9216[CR],3034889031
F,18710,18648,7253,18,487,9231[CR],3034889468
C,22844,546,7261,19,486,9243[CR],3034889906
F,18700,18340,7268,20,487,9265[CR],3034890234
C,22886,524,7276,18,485,9282[CR],3034890671
F,18740,18276,7283,19,485,9295[CR],3034891000
C,23012,536,7291,18,488,9310[CR],3034891437
F,18762,18180,7299,19,488,9319[CR],3034891765
C,23092,548,7306,20,488,9329[CR],3034892203
F,18770,18174,7314,19,488,9338[CR],3034892640
A,34532,18780,7321,21,491,9349[CR],3034892968
F,18764,18296,7329,18,488,9356[CR],3034893406
C,22682,536,7336,20,487,9361[CR],3034893734
F,18786,18396,7344,22,491,9366[CR],3034894171
C,22402,538,7352,19,489,9366[CR],3034894500
F,18780,18572,7359,20,486,9371[CR],3034894937
C,22128,544,7366,19,487,9379[CR],3034895375
F,18784,18728,7374,19,486,9385[CR],3034895703
C,21934,554,7381,19,484,9398[CR],3034896140
F,18802,18758,7389,19,477,9408[CR],3034896468
C,21904,544,7396,20,486,9426[CR],3034896906
F,18822,18750,7404,17,478,9453[CR],3034897250
C,21922,540,7411,17,477,9482[CR],3034897671
F,18834,18840,7418,15,471,9514[CR],3034898109
C,22234,546,7424,17,469,9553[CR],3034898437
F,18888,18980,7430,15,468,9597[CR],3034898875
A,34548,18918,7436,15,467,9634[CR],3034899203
F,18916,19064,7442,12,458,9671[CR],3034899640
C,23184,576,7447,13,456,9704[CR],3034899968
F,18936,19108,7452,11,451,9730[CR],3034900406
C,23546,584,7456,8,447,9757[CR],3034900843
F,18906,19172,7460,10,438,9765[CR],3034901171
C,23676,576,7464,8,427,9778[CR],3034901609
F,18864,19252,7466,5,396,9779[CR],3034901937
C,23586,586,7467,3,353,9780[CR],3034902375
F,18798,19312,7468,2,313,9776[CR],3034902703
C,23188,562,7468,1,293,9771[CR],3034903140
F,18786,19382,7468,1,271,9773[CR],3034903578
C,22942,550,7469,1,253,9774[CR],3034903906
F,18786,19428,7469,0,233,9773[CR],3034904343
C,22848,570,7469,0,243,9773[CR],3034904671
F,18780,19448,7469,0,220,9774[CR],3034905109
A,34544,18770,7469,0,227,9773[CR],3034905437
F,18762,19456,7469,0,146,9764[CR],3034905875
C,22720,576,7469,0,232,8693[CR],3034906312
F,18766,19400,7469,0,265,5891[CR],3034906640
C,21966,546,7469,0,255,3909[CR],3034907078
F,18696,17278,7469,0,538,1573[CR],3034907406
C,19530,560,7469,0,238,35544[CR],3034907843
F,13032,12247,7469,0,220,35544[CR],3034908218
C,10580,542,7469,94,382,2206[CR],3034908609
F,13009,12251,7469,172,559,5025[CR],3034908953
C,12037,548,7506,172,555,7230[CR],3034909406
F,18506,15563,7582,172,545,7885[CR],3034909734
C,23902,596,7595,3,138,7598[CR],3034910187
F,18812,14574,7595,1,119,7530[CR],3034910515
C,19706,594,7595,0,283,7493[CR],3034910953
F,18698,15020,7595,0,322,4855[CR],3034911390
A,34580,18684,7595,0,549,2199[CR],3034911718
F,18636,12582,7595,0,263,35544[CR],3034912156
C,11879,552,7595,0,234,35544[CR],3034912500
F,13017,12252,7595,0,225,35544[CR],3034912937
C,12011,552,7595,0,248,35544[CR],3034913265
F,12985,12252,7595,0,244,35544[CR],3034913718
C,12022,580,7595,0,197,35544[CR],3034914062
F,13006,12253,7595,0,187,35544[CR],3034914531
C,12026,562,7595,0,226,35544[CR],3034914859
F,13038,12254,7595,0,229,35544[CR],3034915203
C,12027,580,7595,8,331,2031[CR],3034915640
F,13086,12253,7595,4,314,2610[CR],3034916078
C,12158,576,7595,4,284,3022[CR],3034916437
F,13131,12254,7595,6,295,3367[CR],3034916875
C,12207,574,7595,13,223,4013[CR],3034917218
F,13192,12254,7595,13,260,4355[CR],3034917562
A,34576,13253,7595,18,254,4630[CR],3034918000
F,13287,12254,7595,14,255,4852[CR],3034918328
C,12331,574,7595,16,243,5077[CR],3034918765
F,13535,12255,7595,9,300,5406[CR],3034919109
C,12379,582,7595,24,492,5908[CR],3034919531
F,15073,12311,7595,16,488,6073[CR],3034919968
C,12657,576,7595,18,492,6223[CR],3034920296
F,19910,13301,7595,16,480,6418[CR],3034920734
C,13963,594,7595,16,479,6650[CR],3034921062
F,21154,13365,7595,16,483,6900[CR],3034921500
C,17666,594,7599,18,489,7119[CR],3034921937
F,21396,13412,7606,17,495,7253[CR],3034922265
C,20334,594,7613,20,495,7341[CR],3034922703
F,21282,13509,7620,17,496,7400[CR],3034923031
C,20852,590,7628,19,499,7439[CR],3034923468
F,21078,13696,7636,21,497,7477[CR],3034923796
A,34596,20940,7643,18,500,7517[CR],3034924234
F,20876,13926,7651,20,499,7553[CR],3034924671
C,20484,600,7658,15,500,7593[CR],3034925000
F,20752,14172,7666,19,499,7633[CR],3034925437
C,20502,598,7674,21,499,7685[CR],3034925765
F,20692,14295,7681,18,499,7738[CR],3034926203
C,21032,590,7689,19,497,7798[CR],3034926531
F,20718,14674,7696,17,499,7856[CR],3034926968
C,21986,594,7704,19,499,7904[CR],3034927406
F,20662,15212,7711,21,501,7950[CR],3034927750
C,22842,602,7719,19,503,7989[CR],3034928171
F,20290,15875,7727,21,500,8020[CR],3034928500
C,23204,602,7734,16,500,8047[CR],3034928937
F,19840,16284,7738,4,279,8009[CR],3034929265
C,23362,576,7738,1,220,7919[CR],3034929703
F,19548,16179,7738,1,211,7892[CR],3034930140
A,34612,19538,7738,0,127,7879[CR],3034930468
F,19518,16218,7738,0,148,7868[CR],3034930906
C,21620,598,7738,0,151,7861[CR],3034931234
F,19516,16264,7738,0,140,7855[CR],3034931671
C,21490,598,7738,0,311,5884[CR],3034932000
F,19498,15995,7738,0,444,2652[CR],3034932437
C,20834,592,7738,0,241,35544[CR],3034932875
F,13203,12253,7738,0,162,35544[CR],3034933218
C,11632,586,7738,0,180,35544[CR],3034933578
F,13325,12256,7738,0,166,35544[CR],3034934046
C,11745,590,7738,0,2,35544[CR],3034934390
F,13376,12257,7738,0,0,35544[CR],3034934828
C,11728,592,7738,0,0,35544[CR],3034935265
Z,0,0,7738,3,0,2373[CR],3034935812
Z,0,0,7738,1,0,2471[CR],3034935921
F,13522,12257,7738,1,0,2471[CR],3034936468
Z,0,0,7738,0,0,2441[CR],3034936921
Z,0,0,7738,0,0,2486[CR],3034937500
Z,0,0,7738,0,0,2482[CR],3034937937
Z,0,0,7738,0,0,2484[CR],3034938390
Z,0,0,7738,0,0,2485[CR],3034938937
Z,0,0,7738,0,0,2485[CR],3034939484
Z,0,0,7738,0,0,2484[CR],3034939921
Z,0,0,7738,0,0,2484[CR],3034940468
Z,0,0,7738,0,0,2484[CR],3034940906
Z,0,0,7738,0,0,2485[CR],3034941453
Z,0,0,7738,0,0,2485[CR],3034941890
Z,0,0,7738,0,0,2484[CR],3034942437
Z,0,0,7738,0,0,2484[CR],3034942875
Z,0,0,7738,0,0,2485[CR],3034943421
Z,0,0,7738,0,0,2472[CR],3034943859
Z,0,0,7738,0,0,2470[CR],3034944406
Z,0,0,7738,0,0,2471[CR],3034944843
Z,0,0,7738,0,0,2467[CR],3034945390
Z,0,0,7738,0,21,2468[CR],3034945828
Z,0,0,7738,0,0,2467[CR],3034946375
Z,0,0,7738,0,0,2455[CR],3034946921
Z,0,0,7738,0,103,2465[CR],3034947359
Z,0,0,7738,0,0,2462[CR],3034947906
Z,0,0,7738,0,174,2466[CR],3034948343
Z,0,0,7738,0,0,2468[CR],3034948890
Z,0,0,7738,0,0,2470[CR],3034949328
Z,0,0,7738,0,0,2472[CR],3034949875
Z,0,0,7738,0,0,2472[CR],3034950421
Z,0,0,7738,0,20,2475[CR],3034950859
Z,0,0,7738,0,0,2475[CR],3034951406
Z,0,0,7738,0,0,2477[CR],3034951843
Z,0,0,7738,0,0,2480[CR],3034952406
Z,0,0,7738,0,0,2475[CR],3034952843
Z,0,0,7738,0,0,2480[CR],3034953390
Z,0,0,7738,0,2,2480[CR],3034953828
Z,0,0,7738,0,0,2483[CR],3034954375
Z,0,0,7738,0,0,2484[CR],3034954812
Z,0,0,7738,0,0,2484[CR],3034955359
Z,0,0,7738,0,0,2487[CR],3034955796
Z,0,0,7738,0,0,2487[CR],3034956343
Z,0,0,7738,0,0,2488[CR],3034956781
Z,0,0,7738,0,0,2446[CR],3034957328
Z,0,0,7738,0,0,2450[CR],3034957875
Z,0,0,7738,0,0,2460[CR],3034958312
Z,0,0,7738,0,0,2464[CR],3034958859
Z,0,0,7738,0,0,2465[CR],3034959296
Z,0,0,7738,0,0,2467[CR],3034959843
Z,0,0,7738,0,0,2467[CR],3034960281
Z,0,0,7738,0,0,2470[CR],3034960828
Z,0,0,7738,0,0,2487[CR],3034961375
Z,0,0,7738,0,0,2469[CR],3034961812
Z,0,0,7738,0,0,2473[CR],3034962359
Z,0,0,7738,0,0,2497[CR],3034962796
Z,0,0,7738,0,0,2504[CR],3034963343
Z,0,0,7738,27,0,2454[CR],3034963781
Z,0,0,7738,1,0,2330[CR],3034964328
Z,0,0,7738,0,0,2330[CR],3034964765
Z,0,0,7738,0,291,2330[CR],3034965312
Z,0,0,7738,0,0,2458[CR],3034965750
Z,0,0,7738,0,0,2472[CR],3034966296
Z,0,0,7738,0,0,2448[CR],3034966843
Z,0,0,7738,0,0,2466[CR],3034967281
Z,0,0,7738,0,0,2467[CR],3034967828
Z,0,0,7738,0,237,2468[CR],3034968265
Z,0,0,7738,0,0,2469[CR],3034968812
Z,0,0,7738,0,0,2470[CR],3034969250
Z,0,0,7738,0,0,2471[CR],3034969796
Z,0,0,7738,0,2,2471[CR],3034970343
Z,0,0,7738,0,0,2475[CR],3034970781
Z,0,0,7738,0,359,2496[CR],3034971328
Z,0,0,7738,86,0,2483[CR],3034971765
Z,0,0,7738,54,0,2472[CR],3034972312
Z,0,0,7738,44,0,2473[CR],3034972750
Z,0,0,7738,38,0,2475[CR],3034973296
Z,0,0,7738,5,28,2781[CR],3034973406
F,17626,12258,7738,11,19,3753[CR],3034973843
A,34632,17656,7738,2,3,4590[CR],3034974281
F,17656,12261,7738,1,0,4617[CR],3034974625
C,11841,588,7738,0,1,4611[CR],3034975062
F,17714,12259,7738,0,0,4608[CR],3034975390
C,11842,582,7738,0,0,4622[CR],3034975828
F,17760,12260,7738,0,0,4637[CR],3034976156
C,11841,590,7738,0,0,4635[CR],3034976593
F,17790,12259,7738,0,252,4451[CR],3034976921
C,11841,590,7738,2,122,3521[CR],3034977359
F,17776,12259,7738,1,161,3490[CR],3034977796
C,12085,578,7738,0,104,3484[CR],3034978125
F,17878,12258,7738,0,48,3480[CR],3034978562
C,12078,588,7738,0,99,3476[CR],3034978890
F,17918,12259,7738,0,109,3476[CR],3034979328
C,12075,588,7738,0,147,3474[CR],3034979765
F,17954,12259,7738,0,79,3474[CR],3034980093
A,34664,17970,7738,0,24,3473[CR],3034980531
F,17972,12259,7738,0,275,3519[CR],3034980859
C,12070,584,7738,22,60,4161[CR],3034981296
F,18000,12259,7738,16,33,4471[CR],3034981625
C,12168,564,7738,19,100,4736[CR],3034982062
F,18040,12258,7738,17,158,4973[CR],3034982500
C,12228,588,7738,14,240,5303[CR],3034982828
F,18066,12259,7738,14,452,5978[CR],3034983265
C,12451,588,7738,19,483,6383[CR],3034983593
F,26048,14093,7740,16,473,6589[CR],3034984031
C,13674,600,7747,17,469,6891[CR],3034984359
F,34640,14193,7753,15,479,7224[CR],3034984796
C,19292,590,7761,19,488,7450[CR],3034985234
F,32900,14276,7768,21,491,7561[CR],3034985562
C,22498,572,7776,19,495,7621[CR],3034986000
F,30248,14402,7784,20,497,7657[CR],3034986328
A,34664,29144,7792,18,496,7674[CR],3034986765
F,28800,14262,7800,19,495,7692[CR],3034987109
C,22958,564,7807,21,494,7715[CR],3034987531
F,27988,14574,7815,19,495,7735[CR],3034987968
C,23074,560,7823,20,496,7759[CR],3034988296
F,27288,15105,7831,21,494,7792[CR],3034988734
C,23286,554,7839,19,493,7840[CR],3034989062
F,26688,15603,7846,20,494,7877[CR],3034989500
C,23508,574,7854,17,494,7899[CR],3034989828
F,26220,16136,7862,20,494,7915[CR],3034990265
C,23656,562,7870,21,491,7922[CR],3034990703
F,25820,16738,7878,18,492,7937[CR],3034991031
C,23742,566,7886,20,493,7949[CR],3034991468
F,25452,17466,7894,22,491,7958[CR],3034991796
C,23686,564,7901,19,490,7975[CR],3034992234
F,25124,18170,7909,21,492,8003[CR],3034992562
A,34648,24912,7917,17,492,8030[CR],3034993000
F,24820,18650,7925,20,493,8048[CR],3034993437
C,23378,562,7933,22,495,8054[CR],3034993765
F,24554,18680,7941,18,494,8054[CR],3034994203
C,23106,552,7949,20,496,8047[CR],3034994531
F,24294,18422,7957,22,491,8046[CR],3034994968
C,22810,560,7965,19,496,8045[CR],3034995312
F,24088,18256,7973,20,493,8044[CR],3034995734
C,22512,562,7980,18,494,8045[CR],3034996062
F,23880,18100,7989,19,495,8044[CR],3034996500
C,22202,562,7997,21,491,8046[CR],3034996937
F,23680,17910,8005,18,492,8057[CR],3034997265
C,21938,574,8013,19,492,8067[CR],3034997703
F,23500,17658,8020,22,493,8074[CR],3034998031
C,21766,556,8028,19,492,8081[CR],3034998468
F,23360,17384,8036,21,491,8094[CR],3034998906
A,34700,23256,8043,16,487,8100[CR],3034999234
F,23200,17140,8052,18,488,8110[CR],3034999671
C,21588,564,8060,21,496,8120[CR],3035000000
F,23098,17078,8067,19,492,8132[CR],3035000437
C,21496,560,8076,19,492,8144[CR],3035000765
F,23004,17064,8083,22,495,8157[CR],3035001203
C,21460,562,8091,18,493,8171[CR],3035001640
F,22918,17036,8099,21,492,8190[CR],3035001968
C,21446,564,8107,17,492,8216[CR],3035002406
F,22832,17050,8115,20,492,8241[CR],3035002734
C,21586,566,8123,21,494,8265[CR],3035003171
F,22764,17146,8131,19,490,8292[CR],3035003500
C,21744,570,8138,20,491,8323[CR],3035003937
F,22698,17278,8146,22,489,8357[CR],3035004375
C,21988,566,8154,18,489,8401[CR],3035004703
F,22660,17538,8162,20,490,8444[CR],3035005140
A,34684,22614,8169,16,489,8474[CR],3035005468
F,22588,17772,8177,19,491,8504[CR],3035005875
C,22792,566,8185,21,488,8535[CR],3035006234
F,22570,18012,8193,19,488,8570[CR],3035006671
C,23210,574,8200,20,487,8597[CR],3035007109
F,22510,18270,8208,18,488,8616[CR],3035007437
C,23528,580,8216,19,486,8632[CR],3035007875
F,22412,18556,8224,22,489,8640[CR],3035008203
C,23764,544,8232,19,489,8640[CR],3035008640
F,22342,18782,8240,19,489,8644[CR],3035008968
C,23938,580,8247,21,490,8654[CR],3035009406
F,22276,18992,8255,18,486,8664[CR],3035009843
C,24196,594,8263,20,487,8683[CR],3035010171
F,22212,19228,8270,16,488,8709[CR],3035010609
C,24480,588,8278,19,489,8735[CR],3035010937
F,22160,19486,8286,21,487,8759[CR],3035011375
A,34704,22128,8294,18,487,8783[CR],3035011703
F,22098,19610,8302,19,490,8799[CR],3035012140
C,24796,586,8309,22,490,8814[CR],3035012578
F,22020,19860,8317,18,490,8820[CR],3035012906
C,24816,580,8325,21,493,8828[CR],3035013343
F,21902,19868,8333,18,492,8834[CR],3035013687
C,24664,588,8341,19,491,8837[CR],3035014109
F,21852,19768,8349,21,492,8846[CR],3035014437
C,24528,590,8356,18,491,8853[CR],3035014875
F,21776,19464,8364,19,490,8861[CR],3035015312
C,24326,582,8372,17,487,8860[CR],3035015640
F,21710,19284,8380,19,488,8861[CR],3035016078
C,24168,602,8387,21,490,8875[CR],3035016406
F,21662,19176,8395,19,489,8884[CR],3035016843
C,24090,588,8403,20,488,8898[CR],3035017171
F,21614,18900,8410,21,488,8917[CR],3035017609
A,34708,21586,8418,19,488,8941[CR],3035018046
F,21558,18420,8426,20,487,8961[CR],3035018375
C,24106,588,8433,18,482,8970[CR],3035018812
F,21544,18002,8441,19,485,8996[CR],3035019140
C,24180,598,8448,18,486,9014[CR],3035019578
F,21502,17630,8456,19,489,9025[CR],3035019906
C,24202,598,8464,21,491,9033[CR],3035020343
F,21466,17320,8471,19,487,9031[CR],3035020781
C,24074,590,8480,19,491,9035[CR],3035021109
F,21426,17076,8487,22,491,9040[CR],3035021546
C,23990,598,8495,18,486,9051[CR],3035021875
F,21382,16888,8502,20,488,9064[CR],3035022312
C,23846,594,8510,18,484,9072[CR],3035022640
F,21338,16654,8518,19,486,9074[CR],3035023078
C,23708,598,8525,21,483,9080[CR],3035023515
F,21288,16452,8533,18,483,9085[CR],3035023843
A,34692,21250,8541,18,480,9089[CR],3035024187
F,21226,16353,8548,16,481,9090[CR],3035024625
C,23344,602,8556,19,484,9092[CR],3035025046
F,21202,16306,8564,20,484,9093[CR],3035025375
C,23168,592,8571,19,486,9101[CR],3035025812
F,21160,16270,8579,20,487,9112[CR],3035026250
C,23020,592,8586,18,483,9112[CR],3035026578
F,21124,16278,8594,18,484,9117[CR],3035027015
C,22962,598,8602,20,484,9121[CR],3035027343
F,21096,16400,8609,18,484,9128[CR],3035027781
C,22926,606,8617,20,486,9128[CR],3035028109
F,21080,16488,8624,21,489,9131[CR],3035028546
C,22908,590,8632,19,487,9133[CR],3035028984
F,21054,16674,8640,22,488,9136[CR],3035029312
C,22870,598,8647,18,487,9136[CR],3035029750
F,21036,16854,8655,20,486,9143[CR],3035030078
A,34700,21026,8663,21,482,9149[CR],3035030515
F,21012,16956,8671,18,483,9146[CR],3035030843
C,22598,598,8678,20,483,9147[CR],3035031281
F,20998,17086,8686,18,487,9136[CR],3035031609
C,22332,604,8693,19,483,9125[CR],3035032046
F,20952,17260,8701,21,481,9125[CR],3035032484
C,21998,602,8709,18,484,9125[CR],3035032812
F,20924,17528,8716,21,487,9121[CR],3035033250
C,21746,594,8724,18,483,9122[CR],3035033578
F,20910,17870,8732,19,486,9126[CR],3035034015
C,21634,594,8739,19,483,9136[CR],3035034343
F,20900,18024,8747,18,485,9153[CR],3035034781
C,21768,594,8754,19,484,9170[CR],3035035218
F,20910,18262,8761,16,488,9197[CR],3035035546
C,22060,602,8769,18,483,9216[CR],3035035984
F,20912,18492,8777,21,483,9238[CR],3035036312
A,34740,20886,8784,18,484,9251[CR],3035036750
F,20862,18600,8791,20,482,9271[CR],3035037078
C,22442,598,8799,17,481,9292[CR],3035037515
F,20848,18676,8807,19,480,9310[CR],3035037953
C,22626,598,8814,18,478,9332[CR],3035038281
F,20806,18646,8821,17,480,9353[CR],3035038718
C,22922,598,8828,20,480,9376[CR],3035039046
F,20810,18440,8835,17,476,9401[CR],3035039484
C,23408,594,8843,19,477,9430[CR],3035039921
F,20832,18382,8849,16,475,9458[CR],3035040250
C,24078,594,8857,17,473,9479[CR],3035040687
F,20854,18302,8863,15,469,9494[CR],3035041015
C,24616,600,8870,16,470,9513[CR],3035041453
F,20878,18466,8875,14,462,9532[CR],3035041781
C,25016,606,8881,15,463,9551[CR],3035042218
F,20858,18776,8887,12,454,9570[CR],3035042562
A,34700,20852,8891,13,451,9585[CR],3035042984
F,20832,18902,8896,11,455,9601[CR],3035043453
C,25512,604,8900,9,439,9612[CR],3035043750
F,20858,18906,8903,10,433,9618[CR],3035044187
C,25596,594,8907,8,420,9628[CR],3035044515
F,20860,19034,8910,7,415,9636[CR],3035044953
C,25708,606,8912,5,399,9643[CR],3035045390
F,20862,19156,8914,5,408,9649[CR],3035045718
C,25792,584,8917,6,403,9655[CR],3035046156
F,20850,19226,8919,5,396,9657[CR],3035046484
C,25924,604,8921,5,385,9659[CR],3035046921
F,20828,19270,8923,4,383,9660[CR],3035047250
C,25920,598,8925,4,379,9663[CR],3035047687
F,20802,19336,8926,3,374,9665[CR],3035048125
C,25924,598,8928,4,363,9666[CR],3035048453
F,20782,19412,8929,3,351,9663[CR],3035048890
A,34728,20760,8930,3,334,9662[CR],3035049218
F,20732,19474,8931,2,322,9661[CR],3035049656
C,25776,604,8932,2,324,9660[CR],3035049984
F,20726,19538,8933,2,306,9661[CR],3035050421
C,25736,606,8934,2,283,9661[CR],3035050750
F,20706,19592,8934,1,257,9662[CR],3035051187
C,25664,590,8935,1,282,9662[CR],3035051625
F,20672,19642,8935,1,280,9664[CR],3035051953
C,25616,594,8936,1,264,9665[CR],3035052390
F,20660,19672,8936,1,257,9666[CR],3035052718
C,25588,598,8937,1,249,9665[CR],3035053156
F,20628,19700,8937,1,255,9667[CR],3035053484
C,25568,610,8938,1,263,9667[CR],3035053921
F,20598,19720,8938,1,263,9667[CR],3035054359
C,25580,594,8938,0,224,9668[CR],3035054687
F,20578,19746,8939,0,217,9667[CR],3035055125
A,34764,20564,8939,0,204,9665[CR],3035055453
F,20546,19772,8940,1,230,9664[CR],3035055890
C,25488,598,8940,1,185,9662[CR],3035056218
F,20532,19806,8940,0,179,9660[CR],3035056656
C,25424,604,8940,0,148,9660[CR],3035057093
F,20504,19826,8941,0,147,9659[CR],3035057421
C,25400,604,8941,0,195,9659[CR],3035057859
F,20482,19842,8941,0,200,9661[CR],3035058187
C,25376,604,8942,0,65,9661[CR],3035058625
F,20460,19864,8942,0,84,9660[CR],3035058953
C,25388,602,8942,0,167,9660[CR],3035059390
F,20438,19880,8942,0,169,9659[CR],3035059828
C,25360,604,8942,0,123,9660[CR],3035060156
F,20410,19896,8943,0,134,9660[CR],3035060593
C,25352,602,8943,0,19,9660[CR],3035060921
F,20390,19916,8943,0,57,9661[CR],3035061359
A,34740,20372,8943,0,162,9660[CR],3035061687
F,20356,19928,8944,0,163,9659[CR],3035062125
C,25320,598,8944,0,92,9658[CR],3035062562
F,20344,19946,8944,0,3,9657[CR],3035062890
C,25296,598,8944,0,117,9659[CR],3035063328
F,20322,19960,8944,0,125,9659[CR],3035063656
C,25292,602,8944,0,120,9658[CR],3035064093
F,20300,19972,8945,0,94,9657[CR],3035064421
C,25284,602,8945,0,1,9657[CR],3035064859
F,20278,19984,8945,0,3,9657[CR],3035065296
C,25272,608,8945,0,147,9656[CR],3035065625
F,20256,20002,8945,0,133,9654[CR],3035066062
C,25268,620,8945,0,3,9654[CR],3035066390
F,20234,20016,8946,0,0,9654[CR],3035066828
C,25248,602,8946,0,110,9655[CR],3035067156
F,20214,20024,8946,0,8,9654[CR],3035067593
A,34712,20198,8946,0,120,9655[CR],3035068031
F,20180,20038,8946,0,110,9654[CR],3035068359
C,25232,598,8946,0,0,9655[CR],3035068796
F,20170,20052,8946,0,1,9655[CR],3035069125
C,25224,594,8947,0,78,9654[CR],3035069562
F,20156,20064,8947,0,106,9655[CR],3035070000
C,25216,624,8947,0,4,9656[CR],3035070328
F,20142,20076,8947,0,0,9658[CR],3035070765
C,25224,600,8947,0,1,9654[CR],3035071093
F,20122,20080,8947,0,2,9655[CR],3035071531
C,25204,604,8947,0,0,9653[CR],3035071859
F,20098,20094,8947,0,0,9633[CR],3035072296
C,25128,604,8947,0,0,9616[CR],3035072734
F,20062,20112,8947,0,0,9607[CR],3035073062
C,24896,602,8947,0,0,9601[CR],3035073500
F,20040,20136,8947,0,0,9593[CR],3035073828
A,34756,20010,8947,0,0,9584[CR],3035074265
F,19992,20160,8947,0,0,9581[CR],3035074593
C,24680,612,8947,0,0,9576[CR],3035075031
F,19990,20170,8947,0,0,9572[CR],3035075468
C,24616,604,8947,0,0,9568[CR],3035075796
F,19960,20174,8947,0,0,9564[CR],3035076234
C,24564,608,8947,0,0,9560[CR],3035076562
F,19944,20188,8947,0,0,9558[CR],3035077000
C,24518,616,8947,0,0,9554[CR],3035077328
F,19926,20192,8947,0,0,9551[CR],3035077765
C,24480,598,8947,0,0,9549[CR],3035078203
F,19912,20198,8947,0,0,9546[CR],3035078531
C,24448,616,8947,0,0,9544[CR],3035078968
F,19892,20204,8947,0,0,9541[CR],3035079296
C,24416,612,8947,0,0,9540[CR],3035079734
F,19872,20206,8947,0,0,9537[CR],3035080062
A,34732,19854,8947,0,0,9536[CR],3035080500
F,19830,20208,8947,0,0,9533[CR],3035080937
C,24362,604,8947,0,0,9531[CR],3035081265
F,19836,20216,8947,0,0,9530[CR],3035081703
C,24338,592,8947,0,0,9527[CR],3035082031
F,19812,20218,8947,0,0,9527[CR],3035082468
C,24316,598,8947,0,0,9523[CR],3035082796
F,19802,20222,8947,0,0,9525[CR],3035083234
C,24298,594,8947,0,0,9520[CR],3035083671
F,19786,20224,8947,0,0,9520[CR],3035084000
C,24280,600,8947,0,0,9519[CR],3035084437
F,19776,20228,8947,0,0,9518[CR],3035084765
C,24262,602,8947,0,0,9515[CR],3035085203
F,19758,20228,8947,0,0,9513[CR],3035085531
C,24246,602,8947,0,0,9512[CR],3035085968
F,19740,20230,8947,0,0,9511[CR],3035086406
A,34740,19726,8947,0,0,9509[CR],3035086734
F,19712,20236,8947,0,0,9508[CR],3035087171
C,24214,608,8947,0,0,9506[CR],3035087500
F,19706,20234,8947,0,0,9506[CR],3035087937
C,24200,600,8947,0,0,9504[CR],3035088265
F,19690,20232,8947,0,0,9502[CR],3035088812
Z,0,0,8947,0,0,9501[CR],3035089359
Z,0,0,8947,0,0,9497[CR],3035089468
C,24170,598,8947,0,0,9497[CR],3035089906
F,19662,20236,8947,0,0,9495[CR],3035090234
C,24156,608,8947,0,0,9492[CR],3035090671
F,19656,20238,8947,0,0,9489[CR],3035091000
C,24136,602,8947,0,0,9487[CR],3035091437
F,19636,20242,8947,0,0,9484[CR],3035091765
C,24114,602,8947,0,0,9481[CR],3035092203
F,19628,20240,8947,0,0,9477[CR],3035092640
A,34704,19608,8947,0,0,9474[CR],3035092968
F,19594,20242,8947,0,0,9471[CR],3035093406
C,24066,604,8947,0,0,9468[CR],3035093734
F,19602,20244,8947,0,0,9464[CR],3035094171
C,24040,604,8947,0,0,9460[CR],3035094609
F,19580,20244,8947,0,0,9457[CR],3035094937
C,24012,592,8947,0,0,9454[CR],3035095375
F,19570,20246,8947,0,0,9449[CR],3035095703
C,23982,594,8947,0,0,9447[CR],3035096140
F,19552,20250,8947,0,0,9444[CR],3035096578
Z,0,0,8947,0,0,9440[CR],3035096906
F,19536,20252,8947,0,0,9437[CR],3035097343
C,23928,602,8947,0,0,9433[CR],3035097671
F,19526,20252,8947,0,0,9430[CR],3035098109
C,23900,612,8947,0,0,9427[CR],3035098437
F,19522,20256,8947,0,0,9424[CR],3035098875
A,34744,19508,8947,0,0,9421[CR],3035099203
F,19486,20260,8947,0,0,9417[CR],3035099640
C,23848,608,8947,0,0,9413[CR],3035099968
F,19484,20262,8947,0,0,9411[CR],3035100406
C,23822,596,8947,0,0,9407[CR],3035100843
F,19480,20266,8947,0,0,9404[CR],3035101171
C,23798,586,8947,0,0,9401[CR],3035101609
F,19466,20268,8947,0,0,9398[CR],3035101937
C,23776,598,8947,0,0,9394[CR],3035102375
F,19466,20270,8947,0,0,9391
<PAUSE BUTTON 09:14:56>
[CR],3035102812
C,23754,608,8947,0,0,9388[CR],3035102812
>
Reset interface. Wait time for interface: 31
>
Reset interface. Wait time for interface: 125DOFF
OK
>
Command: DOFF Wait time for interface: 110

>
Reset interface. Wait time for interface: 47CLEAR
OK
>
Command: CLEAR Wait time for interface: 109

<END BUTTON 09:19:59>

------------------- Begin end zero test --------------------
>
Reset interface. Wait time for interface: 47SCAN E
F,12070,12246,0,0,343,2734
C,12320,5080,0,0,335,2462[CR],3035407843
F,12071,12247,0,0,341,2461[CR],3035408171
C,12319,4998,0,0,344,2462[CR],3035408609
F,12063,12247,0,0,347,2463[CR],3035409062
C,12319,5052,0,0,342,2462[CR],3035409390
F,12070,12247,0,0,342,2462[CR],3035409843
C,12320,5142,0,0,336,2462[CR],3035410187
F,12074,12247,0,0,344,2464[CR],3035410546
C,12319,4866,0,0,352,2467[CR],3035411000
F,12072,12248,0,0,357,2466[CR],3035411328
A,35032,12076,0,0,364,2466[CR],3035411781
F,12058,12249,0,0,357,2466[CR],3035412125
C,12318,5568,0,0,386,2466[CR],3035412562
F,12067,12246,0,0,353,2466[CR],3035412906
C,12319,5552,0,0,356,2466[CR],3035413265
F,12068,12246,0,0,368,2465[CR],3035413734
C,12319,5432,0,0,355,2466[CR],3035414078
F,12074,12248,0,0,352,2466[CR],3035414421
>
Reset interface. Wait time for interface: 93

======== END OF TEST ========


