CPT-log version: 5.22
======== BEGIN OF TEST ========
DATE 12.10.2022

<Transmited Data>
<NEW BUTTON 13:29:52>
[^C][CR]
[^C][CR]
[^C][CR]
CLEAR[CR]
[^C][CR]
DOFF[CR]
[^C][CR]
SCAN E[CR]
[^C][CR]
[^C][CR]
CLEAR[CR]

<START BUTTON 13:38:00>
[^C][CR]
[^C][CR]
DRON[CR]
SCAN E[CR]
[^G][^G][^G][^G][^G][^G][^G][^G][^G][^G][^G][^G][^G][^G][^G][^G][^G][^G][^G][^G][^G][^G][^G][^G][^G][^G][^G][^G][^G][^G][^G][^G][^G][^G][^G][^G][^G][^G][^G][^G][^G][^G]
<PAUSE BUTTON 13:52:15>
[^C][CR]
[^C][CR]
DOFF[CR]
[^C][CR]
CLEAR[CR]

<END BUTTON 13:57:44>
[^C][CR]
SCAN E[CR]
[^C][CR]


<Received Data>
<NEW BUTTON 13:29:52>

>
Reset interface. Wait time for interface: 62
>
Reset interface. Wait time for interface: 110
>
Reset interface. Wait time for interface: 109CLEAR
OK
>
Command: CLEAR Wait time for interface: 109

>
Reset interface. Wait time for interface: 110DOFF
OK
>
Command: DOFF Wait time for interface: 109

>
Reset interface. Wait time for interface: 93SCAN E
Z,0,0,0,0,197,2724
F,12221,12661,0,0,194,2472[CR],541334703
A,36236,12209,0,0,195,2472[CR],541335140
F,12195,12662,0,0,211,2472[CR],541335468
C,12106,12739,0,0,246,2472[CR],541335906
F,12212,12661,0,0,272,2472[CR],541336343
C,12105,11369,0,0,259,2472[CR],541336671
F,12210,12661,0,0,197,2472[CR],541337125
C,12106,11104,0,0,255,2472[CR],541337453
F,12211,12659,0,0,268,2472[CR],541337890
C,12106,11308,0,0,302,2472[CR],541338234
F,12208,12662,0,0,288,2472[CR],541338687
C,12106,10868,0,0,289,2472[CR],541339015
F,12218,12661,0,0,295,2473[CR],541339468
C,12106,11056,0,0,302,2472[CR],541339812
F,12214,12661,0,0,315,2472[CR],541340265
C,12107,10998,0,0,311,2472[CR],541340609
F,12212,12660,0,0,298,2472[CR],541340937
A,36260,12208,0,0,300,2472[CR],541341390
F,12198,12661,0,0,300,2472[CR],541341718
C,12107,11081,0,0,304,2472[CR],541342156
F,12204,12661,0,0,303,2472[CR],541342500
C,12106,10927,0,0,301,2471[CR],541342937
F,12206,12661,0,0,275,2473[CR],541343375
C,12107,10981,0,0,307,2472[CR],541343703
>
Reset interface. Wait time for interface: 63
>
Reset interface. Wait time for interface: 32CLEAR
OK
>
Command: CLEAR Wait time for interface: 109

<START BUTTON 13:38:00>

>
Reset interface. Wait time for interface: 62
>
Reset interface. Wait time for interface: 109DRON
OK
>
Command: DRON Wait time for interface: 110
SCAN E
F,18530,13602,0,0,485,4374
C,14594,1944,0,0,486,3976[CR],541687468
F,18468,13609,0,0,487,3974[CR],541687921
C,14593,1936,0,0,486,3973[CR],541688265
F,18400,13617,0,0,486,3972[CR],541688609
C,14595,1928,0,0,487,3970[CR],541689062
F,18350,13625,0,0,486,3969[CR],541689406
C,14595,1940,0,0,487,3968[CR],541689843
F,18292,13631,0,0,487,3966[CR],541690187
C,14594,1930,0,0,486,3965[CR],541690625
F,18242,13637,0,0,486,3963[CR],541690968
A,36028,18198,0,0,487,3962[CR],541691406
F,18176,13645,0,0,487,3960[CR],541691734
C,14593,1956,0,0,487,3959[CR],541692171
F,18140,13651,0,0,486,3958[CR],541692609
C,14594,1940,0,0,487,3957[CR],541692937
F,18082,13658,0,0,487,3956[CR],541693375
C,14593,1944,0,0,487,3953[CR],541693718
F,18034,13664,0,0,486,3952[CR],541694156
C,14594,1932,0,0,487,3951[CR],541694484
F,17988,13671,0,0,487,3950[CR],541694921
C,14593,1924,0,0,487,3949[CR],541695250
F,17946,13678,0,0,487,3947[CR],541695687
C,14593,1928,0,0,487,3946[CR],541696125
F,17890,13684,0,0,486,3944[CR],541696453
C,14593,1924,0,0,486,3944[CR],541696890
F,17850,13689,0,0,486,3942[CR],541697218
A,35988,17822,0,0,487,3940[CR],541697656
F,17800,13698,0,0,486,3940[CR],541697984
C,14592,1936,0,0,487,3938[CR],541698421
F,17770,13702,0,0,487,3938[CR],541698859
C,14593,1938,0,0,487,3937[CR],541699187
F,17726,13709,0,0,487,3934[CR],541699625
C,14593,1930,0,0,487,3933[CR],541699953
F,17688,13715,0,0,487,3932[CR],541700390
C,14592,1948,0,0,487,3930[CR],541700718
F,17656,13721,0,0,487,3930[CR],541701156
C,14591,1936,0,0,487,3927[CR],541701593
F,17612,13727,0,0,486,3926[CR],541701921
C,14592,1930,0,0,487,3925[CR],541702359
F,17586,13732,0,0,487,3924[CR],541702687
C,14591,1924,0,0,487,3922[CR],541703125
F,17544,13738,0,0,487,3922[CR],541703453
A,35928,17514,0,0,487,3920[CR],541703890
F,17490,13743,0,0,487,3918[CR],541704328
C,14590,1940,0,0,491,3924[CR],541704656
F,17466,13747,1,0,564,4087[CR],541705093
C,14777,1924,4,7,567,4141[CR],541705421
F,16692,14498,7,7,568,4141[CR],541705859
C,15478,1924,9,6,564,4146[CR],541706187
F,16160,14278,12,6,566,4158[CR],541706625
C,15473,1922,15,8,565,4178[CR],541707062
F,16504,14146,18,8,571,4170[CR],541707390
C,15563,1936,21,8,569,4146[CR],541707828
F,16920,14120,25,11,573,4144[CR],541708156
C,15696,1930,30,11,574,4139[CR],541708593
F,17310,14155,34,10,578,4146[CR],541708921
C,15863,1936,39,14,577,4153[CR],541709359
F,17540,14280,44,12,579,4161[CR],541709796
A,35904,17502,49,12,578,4174[CR],541710125
F,17406,14453,55,14,580,4189[CR],541710562
C,16136,1952,60,14,579,4226[CR],541710890
F,16932,14604,68,18,581,4248[CR],541711328
C,16248,1964,74,16,581,4254[CR],541711656
F,16265,14759,82,19,582,4277[CR],541712093
C,16432,1958,89,21,582,4301[CR],541712531
F,15755,14851,97,17,582,4292[CR],541712875
C,16534,1978,104,20,582,4286[CR],541713296
F,15590,14789,111,18,582,4280[CR],541713625
C,16572,1966,119,19,580,4255[CR],541714062
F,15596,14633,127,22,581,4235[CR],541714390
C,16556,1978,135,18,579,4242[CR],541714828
F,15700,14465,143,21,580,4269[CR],541715265
C,16524,1966,151,21,580,4273[CR],541715593
F,15799,14419,159,19,580,4303[CR],541716031
A,35888,15847,167,21,581,4326[CR],541716359
F,15881,14365,174,17,582,4351[CR],541716796
C,16754,1970,183,20,582,4363[CR],541717125
F,16002,14352,191,22,583,4368[CR],541717562
C,17044,1970,199,20,584,4356[CR],541718000
F,15895,14371,207,22,583,4293[CR],541718328
C,17138,1970,215,23,581,4268[CR],541718765
F,15934,14157,223,19,581,4257[CR],541719093
C,16850,1972,231,20,582,4258[CR],541719531
F,16351,13823,239,22,577,4265[CR],541719859
C,16516,1974,247,19,579,4270[CR],541720296
F,16942,13644,255,22,578,4255[CR],541720734
C,16166,1978,263,17,580,4234[CR],541721062
F,17628,13540,272,20,579,4225[CR],541721500
C,15817,1986,280,22,579,4186[CR],541721828
F,18374,13534,288,19,580,4141[CR],541722265
A,35872,18936,296,21,581,4107[CR],541722593
F,19168,13618,305,22,580,4059[CR],541723031
C,15210,2010,313,20,581,4047[CR],541723375
F,20042,13732,321,20,582,4029[CR],541723796
C,15028,2002,329,22,582,4020[CR],541724234
F,20944,13943,337,19,582,4028[CR],541724562
C,15009,2014,345,20,583,4011[CR],541725000
F,21612,14322,353,24,582,3987[CR],541725328
C,15018,2002,361,19,582,3979[CR],541725765
F,21264,14628,370,22,581,3950[CR],541726203
C,15159,2026,378,19,582,3958[CR],541726531
F,20300,14882,386,19,580,3991[CR],541726968
C,15538,2036,394,22,580,4022[CR],541727296
F,19660,15074,401,18,582,4034[CR],541727734
C,16080,2028,409,20,581,4070[CR],541728062
F,18530,15116,417,22,582,4110[CR],541728500
A,35840,17672,425,19,584,4129[CR],541728937
F,17360,15032,433,21,585,4118[CR],541729265
C,16936,2038,441,22,586,4101[CR],541729703
F,16546,14846,449,19,585,4076[CR],541730031
C,17256,2032,458,21,582,4069[CR],541730468
F,16095,14633,465,17,581,4088[CR],541730796
C,17598,2032,473,19,579,4098[CR],541731234
F,16340,14326,481,22,579,4124[CR],541731671
C,17994,2038,489,19,580,4146[CR],541732000
F,16664,14366,497,21,582,4161[CR],541732437
C,18364,2032,505,22,584,4173[CR],541732765
F,16722,14650,513,19,584,4175[CR],541733203
C,18472,2040,521,22,584,4131[CR],541733531
F,16576,14935,529,19,584,4111[CR],541733968
C,18362,2028,537,21,584,4118[CR],541734406
F,16524,15122,546,21,584,4089[CR],541734734
A,35816,16526,553,18,585,4085[CR],541735171
F,16552,15253,562,19,585,4086[CR],541735500
C,18132,2032,570,21,583,4092[CR],541735937
F,16758,15450,578,19,584,4114[CR],541736265
C,18178,2032,586,20,584,4136[CR],541736703
F,16884,15816,594,21,584,4130[CR],541737140
C,18212,2032,602,20,584,4130[CR],541737468
F,16872,16034,610,22,583,4114[CR],541737906
C,18130,2034,618,24,582,4097[CR],541738234
F,16816,15920,626,19,581,4084[CR],541738671
C,17976,2046,634,21,583,4076[CR],541739000
F,16892,15774,642,17,582,4065[CR],541739437
C,17640,2036,650,20,583,4048[CR],541739875
F,17044,15730,658,21,583,4037[CR],541740203
C,17184,2038,666,17,584,4035[CR],541740640
F,17188,15788,675,21,583,4029[CR],541740968
A,35764,17236,683,22,582,4046[CR],541741406
F,17248,15914,691,19,583,4050[CR],541741812
C,16318,2036,699,21,585,4022[CR],541742171
F,17378,16251,707,22,588,4011[CR],541742531
S,28004,37020,714,20,585,4001[CR],541742531
C,16076,2036,715,18,589,4010[CR],541742937
F,17606,16568,723,22,588,4025[CR],541743375
C,15965,2038,731,19,588,4026[CR],541743703
F,18062,16602,739,20,587,4053[CR],541744140
C,15913,2028,747,21,589,4047[CR],541744468
F,18570,16398,755,17,588,4047[CR],541744906
C,15944,2048,763,19,588,4059[CR],541745343
F,19030,16076,771,22,586,4098[CR],541745671
C,16144,2040,778,19,585,4107[CR],541746109
F,19392,15723,787,21,583,4101[CR],541746437
C,16404,2060,795,24,581,4098[CR],541746875
F,19338,15397,803,19,582,4068[CR],541747203
A,35768,19008,811,21,580,4056[CR],541747640
F,18904,15069,819,19,579,4091[CR],541748078
C,16369,2042,827,20,579,4104[CR],541748406
F,18994,14597,835,21,578,4114[CR],541748843
C,16068,2044,843,18,577,4135[CR],541749171
F,19628,14158,851,19,577,4150[CR],541749609
C,15754,2062,859,22,580,4148[CR],541749937
F,20462,14010,867,19,581,4137[CR],541750375
C,15524,2072,875,20,584,4099[CR],541750812
F,21134,14281,883,22,587,4092[CR],541751140
C,15503,2104,891,19,585,4103[CR],541751578
F,21474,14833,900,21,586,4109[CR],541751906
C,15748,2084,907,22,587,4132[CR],541752343
F,20666,15255,916,19,585,4135[CR],541752671
C,16006,2080,923,22,584,4146[CR],541753109
F,19614,15416,931,19,583,4162[CR],541753546
A,35712,19298,939,20,582,4158[CR],541753875
F,19306,15238,947,22,582,4148[CR],541754312
C,16086,2082,955,19,580,4137[CR],541754640
F,19804,14927,964,21,580,4118[CR],541755078
C,16090,2104,972,22,579,4094[CR],541755406
F,20270,14625,980,19,578,4082[CR],541755843
C,16014,2114,988,21,576,4088[CR],541756281
F,20656,14332,996,22,575,4099[CR],541756609
C,15951,2114,1004,18,574,4107[CR],541757046
F,21008,14073,1012,21,574,4129[CR],541757375
C,15968,2122,1020,18,575,4135[CR],541757812
F,21188,13841,1028,20,574,4098[CR],541758140
C,16089,2122,1036,22,575,4080[CR],541758578
F,21028,13709,1044,20,574,4061[CR],541759015
C,16302,2110,1053,21,574,4063[CR],541759343
F,20724,13673,1060,22,574,4074[CR],541759781
A,35652,20644,1068,19,574,4114[CR],541760125
F,20652,13599,1076,21,574,4154[CR],541760578
C,16896,2128,1084,21,576,4178[CR],541760875
F,20556,13657,1092,19,575,4203[CR],541761312
C,17144,2122,1100,21,574,4227[CR],541761750
F,19864,13782,1108,19,572,4240[CR],541762078
C,17088,2140,1116,20,572,4256[CR],541762515
F,19512,13739,1123,22,573,4280[CR],541762843
C,16628,2114,1131,19,573,4280[CR],541763281
F,19930,13585,1139,20,573,4280[CR],541763609
C,15983,2124,1147,16,572,4296[CR],541764046
F,20600,13603,1155,19,576,4302[CR],541764484
C,15497,2114,1163,22,581,4303[CR],541764812
F,21188,13926,1171,18,583,4299[CR],541765250
C,15210,2128,1179,20,584,4308[CR],541765578
F,21450,14731,1187,22,585,4311[CR],541766015
A,35628,21380,1195,19,587,4318[CR],541766343
F,21094,15518,1203,20,588,4333[CR],541766781
C,15303,2124,1211,22,587,4362[CR],541767218
F,20816,15938,1219,19,585,4379[CR],541767546
C,15444,2128,1227,21,583,4380[CR],541767984
F,20942,15914,1234,16,581,4394[CR],541768312
C,15534,2122,1243,20,578,4395[CR],541768750
F,20446,16041,1251,22,576,4405[CR],541769078
C,15527,2136,1258,19,577,4388[CR],541769515
F,19702,15824,1267,21,576,4356[CR],541769953
C,15396,2136,1275,22,578,4340[CR],541770281
F,19968,15195,1283,19,580,4329[CR],541770718
C,15191,2132,1291,20,582,4328[CR],541771046
F,20852,14583,1299,23,581,4337[CR],541771484
C,15213,2138,1307,19,580,4363[CR],541771812
F,21750,14462,1315,21,580,4379[CR],541772250
A,35636,22142,1323,16,579,4382[CR],541772687
F,22210,14275,1331,20,576,4387[CR],541773015
C,16178,2152,1339,22,574,4394[CR],541773453
F,21194,14099,1347,19,574,4392[CR],541773781
C,16618,2144,1355,20,573,4396[CR],541774218
F,19894,13982,1363,22,572,4394[CR],541774546
C,16824,2136,1371,19,570,4391[CR],541774984
F,19072,13941,1379,21,567,4379[CR],541775421
C,16734,2124,1386,21,566,4365[CR],541775750
F,19214,13941,1395,20,566,4357[CR],541776187
C,16472,2150,1403,22,568,4356[CR],541776515
F,19706,14032,1411,17,571,4359[CR],541776953
C,16153,2166,1419,20,574,4355[CR],541777281
F,20092,14183,1427,22,576,4369[CR],541777718
C,15870,2162,1435,19,579,4374[CR],541778156
F,20454,14410,1443,21,580,4394[CR],541778484
A,35608,20656,1450,22,582,4412[CR],541778921
F,20690,14868,1459,19,582,4427[CR],541779296
C,15721,2160,1466,20,580,4490[CR],541779687
F,20396,15309,1474,17,579,4485[CR],541780031
C,15708,2154,1482,20,577,4488[CR],541780453
F,19574,15739,1490,22,576,4492[CR],541780890
C,15517,2198,1498,19,577,4488[CR],541781218
F,19090,15836,1506,21,577,4486[CR],541781656
C,15126,2158,1513,21,576,4494[CR],541781984
F,19524,15445,1521,19,577,4495[CR],541782421
C,14890,2186,1529,22,579,4500[CR],541782750
F,21008,14799,1537,17,580,4503[CR],541783187
C,14899,2192,1546,20,580,4496[CR],541783625
F,22668,14673,1553,21,577,4512[CR],541783953
C,15459,2190,1561,19,579,4552[CR],541784390
F,22626,14767,1569,20,579,4592[CR],541784718
A,35588,21132,1577,23,574,4596[CR],541785156
F,20542,14436,1585,20,566,4597[CR],541785484
C,16712,2202,1593,21,563,4612[CR],541785921
F,19234,14309,1601,18,559,4607[CR],541786359
C,16710,2198,1609,20,558,4602[CR],541786687
F,18518,14309,1617,22,558,4611[CR],541787125
C,16406,2202,1625,19,557,4625[CR],541787453
F,18380,14184,1633,20,561,4628[CR],541787890
C,15988,2196,1640,22,570,4624[CR],541788218
F,18802,14339,1649,19,574,4597[CR],541788656
C,15703,2226,1657,21,576,4608[CR],541789000
F,19246,14909,1664,22,572,4621[CR],541789421
C,15862,2222,1673,19,572,4654[CR],541789859
F,19636,15385,1680,20,575,4728[CR],541790187
C,16738,2198,1687,17,574,4810[CR],541790625
F,18954,15785,1695,19,569,4878[CR],541790953
A,35560,17838,1702,16,568,4936[CR],541791390
F,17454,15821,1710,19,566,4957[CR],541791828
C,18460,2206,1717,21,564,4982[CR],541792156
F,16107,15840,1725,18,560,4991[CR],541792593
C,18800,2194,1733,20,563,5024[CR],541792921
F,15687,15746,1740,19,563,5027[CR],541793359
C,18830,2216,1749,21,561,4985[CR],541793687
F,15936,15433,1758,21,558,5015[CR],541794125
C,18588,2216,1765,22,560,5044[CR],541794562
F,16462,15311,1769,3,459,5013[CR],541794890
C,18268,2214,1769,1,444,4978[CR],541795328
F,17082,15483,1769,0,442,4972[CR],541795656
C,17154,2222,1769,0,441,4965[CR],541796093
F,17552,15404,1769,0,440,4960[CR],541796421
C,16986,2220,1769,0,440,4957[CR],541796859
F,17826,15309,1769,0,440,4957[CR],541797296
A,35500,17942,1769,0,422,5028[CR],541797625
F,17962,15584,1769,0,419,5073[CR],541798062
C,17088,2224,1769,0,419,5075[CR],541798390
F,18042,15742,1769,0,463,5060[CR],541798828
C,16996,2210,1769,0,457,5042[CR],541799156
F,18054,16015,1769,0,457,5041[CR],541799593
C,17094,2208,1769,0,456,5042[CR],541800031
F,18016,15944,1769,0,461,4773[CR],541800359
C,17016,2222,1769,0,248,3088[CR],541800796
F,17938,14733,1769,0,197,2472[CR],541801234
Z,0,0,1769,0,118,2471[CR],541801781
Z,0,0,1769,0,0,2489[CR],541802218
Z,0,0,1769,0,0,2502[CR],541802765
Z,0,0,1769,0,0,2501[CR],541803312
Z,0,0,1769,0,0,2503[CR],541803750
Z,0,0,1769,0,0,2502[CR],541804296
Z,0,0,1769,0,0,2504[CR],541804734
Z,0,0,1769,0,0,2503[CR],541805281
Z,0,0,1769,0,0,2503[CR],541805828
Z,0,0,1769,0,0,2500[CR],541806265
Z,0,0,1769,0,0,2501[CR],541806812
Z,0,0,1769,0,0,2494[CR],541807250
Z,0,0,1769,0,0,2488[CR],541807796
Z,0,0,1769,0,0,2491[CR],541808343
Z,0,0,1769,0,0,2494[CR],541808781
Z,0,0,1769,0,0,2493[CR],541809328
Z,0,0,1769,0,0,2487[CR],541809765
Z,0,0,1769,0,0,2490[CR],541810312
Z,0,0,1769,0,293,2486[CR],541810859
Z,0,0,1769,0,0,2482[CR],541811296
Z,0,0,1769,0,0,2485[CR],541811843
Z,0,0,1769,0,0,2486[CR],541812281
Z,0,0,1769,0,0,2487[CR],541812828
Z,0,0,1769,0,0,2490[CR],541813375
Z,0,0,1769,0,0,2489[CR],541813812
Z,0,0,1769,0,0,2490[CR],541814359
Z,0,0,1769,0,0,2457[CR],541814796
Z,0,0,1769,0,0,2461[CR],541815343
Z,0,0,1769,0,1,2464[CR],541815781
Z,0,0,1769,0,0,2462[CR],541816328
Z,0,0,1769,0,0,2469[CR],541816875
Z,0,0,1769,0,0,2473[CR],541817312
Z,0,0,1769,0,0,2476[CR],541817859
Z,0,0,1769,0,0,2478[CR],541818296
Z,0,0,1769,0,0,2480[CR],541818843
Z,0,0,1769,0,0,2480[CR],541819281
Z,0,0,1769,0,0,2482[CR],541819828
Z,0,0,1769,0,0,2480[CR],541820375
Z,0,0,1769,0,0,2482[CR],541820812
Z,0,0,1769,0,0,2484[CR],541821359
Z,0,0,1769,0,0,2485[CR],541821796
Z,0,0,1769,0,89,2488[CR],541822343
Z,0,0,1769,0,162,2509[CR],541822781
Z,0,0,1769,0,0,2491[CR],541823328
Z,0,0,1769,60,0,2499[CR],541823875
Z,0,0,1769,54,0,2494[CR],541824312
Z,0,0,1769,49,0,2495[CR],541824859
Z,0,0,1773,7,350,2701[CR],541825296
Z,0,0,1776,2,339,3851[CR],541825406
C,15530,2218,1776,2,346,3926[CR],541825734
F,16610,14568,1776,1,343,3918[CR],541826171
C,16044,2220,1776,0,338,3910[CR],541826500
F,16598,14544,1776,0,318,3903[CR],541826937
C,16044,2212,1776,0,313,3911[CR],541827375
F,16580,14537,1776,0,317,3904[CR],541827703
C,16047,2216,1776,0,312,3899[CR],541828140
F,16568,14530,1776,0,423,3898[CR],541828468
A,35352,16552,1776,0,424,3917[CR],541828906
F,16532,14534,1776,0,424,3914[CR],541829234
C,16054,2222,1776,0,425,3912[CR],541829671
F,16538,14529,1776,0,423,3911[CR],541830109
C,16056,2204,1776,0,423,3909[CR],541830437
F,16522,14526,1776,0,424,3907[CR],541830875
C,16056,2218,1776,0,425,3906[CR],541831203
F,16510,14524,1776,0,425,3905[CR],541831640
C,16056,2224,1776,0,423,3902[CR],541831968
F,16500,14521,1776,0,423,3902[CR],541832406
C,16058,2222,1777,0,441,3949[CR],541832843
F,16478,14521,1782,15,452,4624[CR],541833171
C,16315,2222,1789,20,540,5012[CR],541833609
F,16504,16284,1796,18,540,5063[CR],541833937
C,18504,2216,1805,20,545,5054[CR],541834375
F,16410,15798,1813,22,545,5031[CR],541834703
A,35344,16640,1821,20,546,4992[CR],541835140
F,16740,15718,1829,21,544,4958[CR],541835578
C,17356,2210,1837,22,535,4921[CR],541835906
F,17238,16037,1845,18,534,4896[CR],541836281
C,16934,2214,1853,21,535,4875[CR],541836671
F,17658,16570,1861,22,535,4856[CR],541837109
C,16938,2218,1869,19,536,4848[CR],541837437
F,17430,17370,1877,20,535,4840[CR],541837875
C,16828,2222,1885,17,537,4835[CR],541838312
F,16302,17820,1894,20,538,4803[CR],541838640
C,16339,2220,1902,21,540,4790[CR],541839078
F,15583,17568,1909,19,538,4795[CR],541839515
Z,0,0,1920,19,547,4793[CR],541839843
F,15707,16926,1926,22,540,4792[CR],541840171
C,15752,2224,1934,19,540,4804[CR],541840609
F,16340,15806,1942,20,537,4823[CR],541841046
A,35352,16942,1949,22,534,4848[CR],541841375
F,17092,15643,1957,18,533,4887[CR],541841812
C,17154,2224,1965,20,532,4912[CR],541842140
F,16880,15276,1973,16,533,4944[CR],541842578
C,18002,2220,1981,20,536,4977[CR],541842906
F,16424,14947,1989,22,536,4999[CR],541843343
C,18918,2206,1997,19,534,5019[CR],541843781
F,16402,14533,2005,20,534,5034[CR],541844109
C,19696,2222,2013,21,530,5048[CR],541844546
F,16392,14489,2021,19,530,5071[CR],541844875
C,20072,2214,2029,21,531,5068[CR],541845312
F,15777,14774,2036,17,531,5074[CR],541845656
C,20174,2224,2045,19,531,5097[CR],541846078
F,15039,14868,2053,21,530,5110[CR],541846406
C,20178,2228,2060,18,531,5128[CR],541846843
F,15094,14962,2068,21,533,5134[CR],541847281
A,35312,15267,2076,22,533,5142[CR],541847609
F,15316,15239,2084,19,535,5171[CR],541848046
C,20524,2222,2092,21,535,5179[CR],541848375
F,15540,15683,2100,21,534,5193[CR],541848812
C,20892,2222,2108,19,536,5233[CR],541849250
F,15691,16242,2116,22,534,5229[CR],541849578
C,21156,2222,2124,18,536,5232[CR],541850015
F,15664,16704,2132,19,533,5225[CR],541850343
C,21240,2222,2140,22,534,5230[CR],541850781
F,15220,16776,2148,20,534,5226[CR],541851109
C,21194,2222,2157,20,533,5205[CR],541851562
F,15135,16472,2165,22,531,5198[CR],541851890
C,21024,2222,2173,19,531,5197[CR],541852328
F,15425,16428,2181,21,529,5204[CR],541852765
C,20812,2222,2188,22,531,5219[CR],541853093
F,15723,16534,2197,18,530,5223[CR],541853531
A,35276,15894,2204,21,530,5244[CR],541853859
F,15944,16634,2212,19,529,5253[CR],541854296
C,20488,2222,2220,21,531,5261[CR],541854625
F,16134,16508,2228,22,532,5256[CR],541855062
C,20378,2224,2237,19,531,5257[CR],541855406
F,16280,16454,2245,21,529,5256[CR],541855828
C,20232,2222,2252,23,531,5253[CR],541856265
F,16390,16362,2261,19,529,5233[CR],541856593
C,20046,2224,2269,22,531,5236[CR],541857031
F,16418,16347,2277,21,529,5247[CR],541857359
C,19854,2222,2285,20,530,5271[CR],541857796
F,16298,16404,2293,22,527,5282[CR],541858234
C,19660,2226,2300,18,527,5280[CR],541858562
F,16436,16440,2309,21,528,5297[CR],541859000
C,19580,2226,2317,22,529,5279[CR],541859328
F,16544,16394,2325,19,530,5282[CR],541859765
A,35220,16602,2333,20,528,5295[CR],541860093
F,16580,16379,2341,21,529,5304[CR],541860531
C,19942,2218,2349,19,531,5336[CR],541860968
F,16289,16576,2357,21,532,5367[CR],541861296
C,20204,2214,2364,18,534,5391[CR],541861734
F,15510,16796,2373,19,535,5414[CR],541862062
C,20360,2228,2381,22,534,5413[CR],541862500
F,14553,16802,2388,18,534,5405[CR],541862828
C,20192,2226,2397,20,533,5398[CR],541863265
F,14026,16552,2405,22,533,5394[CR],541863703
C,19894,2224,2413,19,530,5409[CR],541864031
F,14213,16337,2421,20,530,5429[CR],541864468
C,19672,2222,2428,19,527,5440[CR],541864796
F,14559,16246,2437,20,531,5456[CR],541865234
C,19496,2216,2444,22,530,5459[CR],541865562
F,14907,16408,2452,18,531,5461[CR],541866000
A,35244,15123,2461,19,528,5456[CR],541866437
F,15192,16670,2468,21,530,5494[CR],541866765
C,19260,2238,2476,19,528,5484[CR],541867203
F,15458,16654,2485,20,529,5466[CR],541867531
C,19170,2232,2492,22,530,5448[CR],541867968
F,15740,16566,2500,18,524,5448[CR],541868296
C,19030,2222,2509,24,531,5436[CR],541868734
F,15997,16476,2517,22,528,5372[CR],541869171
C,18824,2228,2525,18,530,5372[CR],541869500
F,16212,16514,2534,21,531,5355[CR],541869937
C,18688,2228,2541,19,531,5341[CR],541870265
F,16365,16672,2550,19,531,5340[CR],541870703
C,18558,2242,2558,21,531,5344[CR],541871031
F,16520,16848,2565,18,532,5355[CR],541871468
C,18358,2230,2574,20,530,5362[CR],541871906
F,16670,16856,2581,22,533,5371[CR],541872234
A,35240,16802,2590,19,532,5378[CR],541872671
F,16846,16654,2598,20,530,5374[CR],541873000
C,17612,2268,2605,22,532,5381[CR],541873437
F,17076,16622,2614,19,536,5380[CR],541873812
C,17080,2238,2622,21,537,5360[CR],541874203
F,17312,16780,2630,20,540,5331[CR],541874640
C,16472,2264,2638,20,540,5303[CR],541874968
F,17642,17270,2646,21,534,5297[CR],541875406
C,15829,2286,2654,17,538,5323[CR],541875734
F,18094,17942,2662,20,536,5359[CR],541876171
C,15436,2288,2670,22,537,5375[CR],541876500
F,18894,18736,2678,18,534,5409[CR],541876937
C,15746,2304,2685,19,529,5474[CR],541877375
F,19844,19062,2693,20,530,5548[CR],541877703
C,16946,2296,2700,19,528,5618[CR],541878140
F,19770,18692,2708,20,528,5678[CR],541878468
A,35204,19246,2715,18,530,5719[CR],541878906
F,18750,18076,2723,20,529,5748[CR],541879234
C,19280,2278,2731,19,528,5737[CR],541879671
F,16582,17536,2739,19,527,5726[CR],541880109
C,18934,2276,2747,21,528,5711[CR],541880437
F,15787,16474,2755,18,526,5700[CR],541880875
C,18208,2294,2763,21,526,5669[CR],541881203
F,16092,15564,2771,22,526,5648[CR],541881640
C,17398,2294,2779,19,525,5634[CR],541881968
F,16422,15453,2788,20,525,5632[CR],541882406
C,16774,2290,2795,22,524,5634[CR],541882843
F,16742,15863,2804,19,527,5642[CR],541883171
C,16288,2306,2812,21,527,5649[CR],541883609
F,17120,16392,2819,22,524,5665[CR],541883937
C,15871,2306,2828,19,525,5691[CR],541884375
F,17722,16758,2836,21,526,5714[CR],541884703
A,35116,18466,2843,18,527,5732[CR],541885140
F,18822,16822,2851,19,525,5744[CR],541885578
C,15283,2310,2859,22,527,5739[CR],541885906
F,20144,16788,2867,19,525,5738[CR],541886343
C,15162,2312,2875,21,528,5730[CR],541886671
F,20968,16988,2883,23,527,5741[CR],541887109
C,15220,2320,2891,17,528,5767[CR],541887437
F,20700,17070,2899,21,528,5781[CR],541887875
C,15304,2322,2907,16,525,5792[CR],541888312
F,20258,16516,2915,20,527,5802[CR],541888640
C,15310,2318,2923,22,525,5763[CR],541889078
F,20228,15920,2931,19,526,5745[CR],541889406
C,15196,2322,2939,20,524,5715[CR],541889843
F,20602,15067,2947,22,526,5709[CR],541890171
C,15053,2322,2955,19,523,5710[CR],541890609
F,21396,14449,2964,21,524,5720[CR],541891046
A,35192,21914,2971,22,523,5712[CR],541891375
F,22062,14270,2979,19,525,5713[CR],541891812
C,15081,2324,2988,21,525,5693[CR],541892156
F,22386,14233,2995,20,524,5686[CR],541892578
C,15125,2322,3004,19,524,5693[CR],541892906
F,22410,14153,3012,22,523,5697[CR],541893343
C,14990,2314,3019,18,524,5726[CR],541893781
F,22732,13969,3028,20,523,5750[CR],541894109
C,14756,2314,3035,22,523,5768[CR],541894546
F,23268,13815,3043,18,522,5767[CR],541894875
C,14614,2318,3051,20,522,5788[CR],541895312
F,23844,13811,3059,22,522,5819[CR],541895640
C,14743,2316,3066,18,521,5859[CR],541896078
F,23974,14144,3074,21,520,5906[CR],541896515
C,15052,2318,3082,18,520,5935[CR],541896843
F,22390,14521,3090,19,520,5962[CR],541897281
A,35156,21732,3098,22,520,5967[CR],541897609
F,21628,14425,3106,19,524,5978[CR],541898046
C,15417,2314,3113,21,521,5988[CR],541898375
F,21468,14354,3121,19,525,5970[CR],541898812
C,15576,2328,3131,24,530,5846[CR],541899250
F,21268,14410,3140,23,527,5710[CR],541899578
C,15690,2334,3148,22,525,5678[CR],541900015
F,21010,14440,3156,19,524,5664[CR],541900343
C,15666,2332,3164,21,525,5671[CR],541900781
F,21188,14244,3171,19,524,5654[CR],541901109
C,15653,2316,3180,20,525,5643[CR],541901546
F,21504,14228,3188,22,526,5632[CR],541901984
C,15557,2326,3196,18,526,5641[CR],541902312
F,21492,14230,3204,20,524,5630[CR],541902750
C,15268,2334,3212,22,523,5628[CR],541903078
F,21598,14144,3220,19,525,5601[CR],541903515
A,35120,21830,3228,21,526,5569[CR],541903843
F,21942,14103,3236,22,526,5552[CR],541904281
C,14761,2342,3244,19,525,5545[CR],541904718
F,22370,14080,3253,21,526,5553[CR],541905046
C,14744,2358,3260,16,526,5568[CR],541905484
F,22676,14236,3268,19,527,5579[CR],541905812
C,14859,2360,3276,21,526,5582[CR],541906250
F,22750,14396,3284,19,526,5579[CR],541906578
C,15032,2364,3292,20,527,5573[CR],541907015
F,22778,14477,3300,22,528,5565[CR],541907453
C,15105,2380,3308,19,527,5550[CR],541907781
F,22674,14456,3317,20,518,5545[CR],541908218
C,15073,2388,3324,21,520,5574[CR],541908546
F,22688,14351,3332,20,528,5531[CR],541908984
C,14995,2376,3340,21,527,5533[CR],541909312
F,22916,14244,3348,17,527,5530[CR],541909750
A,35096,23084,3356,20,528,5532[CR],541910187
F,23102,14245,3365,22,528,5528[CR],541910593
C,15153,2378,3372,19,531,5540[CR],541910953
F,22948,14410,3380,20,527,5549[CR],541911281
C,15466,2380,3388,22,530,5561[CR],541911718
F,22336,14584,3396,19,528,5580[CR],541912046
C,15730,2380,3404,21,528,5616[CR],541912484
F,21606,14511,3411,16,524,5646[CR],541912921
C,15764,2378,3420,19,527,5666[CR],541913250
F,21484,14361,3428,22,529,5677[CR],541913687
C,15589,2378,3435,18,527,5655[CR],541914015
F,21646,14144,3444,21,531,5631[CR],541914453
C,15344,2380,3452,22,530,5596[CR],541914781
F,22072,13974,3460,19,531,5571[CR],541915218
C,15169,2376,3468,21,531,5550[CR],541915656
F,22452,14048,3477,22,532,5542[CR],541915984
A,35132,22406,3485,19,531,5547[CR],541916421
F,22118,14385,3493,21,531,5530[CR],541916750
C,15131,2368,3500,16,530,5519[CR],541917187
F,21538,14452,3509,20,530,5503[CR],541917515
C,15086,2384,3517,22,531,5486[CR],541917953
F,21884,14232,3524,18,527,5476[CR],541918390
C,15150,2374,3533,20,535,5479[CR],541918718
F,22298,14189,3541,22,531,5457[CR],541919156
C,15234,2388,3549,19,528,5456[CR],541919484
F,22504,14291,3557,20,530,5475[CR],541919921
C,15363,2378,3565,22,529,5490[CR],541920250
F,22446,14384,3573,19,532,5496[CR],541920687
C,15620,2388,3581,21,535,5503[CR],541921031
F,21884,14538,3589,22,536,5513[CR],541921453
C,15844,2400,3597,19,535,5524[CR],541921890
F,20928,14596,3605,22,534,5536[CR],541922218
A,35100,20526,3613,19,537,5539[CR],541922656
F,20352,14553,3621,21,538,5513[CR],541922984
C,16284,2404,3629,22,535,5505[CR],541923421
F,19964,14406,3637,19,534,5510[CR],541923859
C,16313,2412,3645,21,534,5499[CR],541924187
F,20060,14180,3653,22,535,5481[CR],541924625
C,16228,2442,3661,19,531,5486[CR],541924953
F,20376,13953,3669,21,529,5519[CR],541925390
C,16049,2442,3677,20,530,5516[CR],541925718
F,20828,13781,3685,20,530,5514[CR],541926156
C,15900,2434,3693,22,531,5515[CR],541926593
F,21350,13676,3701,17,530,5532[CR],541926921
C,15756,2434,3709,20,528,5532[CR],541927359
F,21864,13656,3717,22,532,5546[CR],541927687
C,15657,2434,3725,18,531,5550[CR],541928125
F,22372,13732,3732,21,530,5560[CR],541928453
A,35088,22692,3740,18,529,5572[CR],541928890
F,22786,14070,3748,19,534,5597[CR],541929328
C,15765,2456,3756,21,532,5610[CR],541929656
F,22838,14429,3764,16,534,5568[CR],541930093
C,15882,2442,3769,4,388,5537[CR],541930421
F,22330,14446,3769,1,371,5499[CR],541930859
C,15235,2432,3769,1,364,5500[CR],541931187
F,22952,14231,3769,0,362,5497[CR],541931625
C,15017,2444,3769,0,360,5498[CR],541932062
F,23708,14079,3769,0,361,5498[CR],541932390
C,14965,2442,3769,0,361,5499[CR],541932828
F,24244,13960,3769,0,345,5515[CR],541933156
C,14942,2454,3769,0,353,5597[CR],541933593
F,24580,14043,3769,0,350,5600[CR],541933921
C,14992,2430,3769,0,355,5599[CR],541934359
F,24724,13984,3769,0,387,5491[CR],541934796
A,35040,24708,3769,0,382,5492[CR],541935125
F,24676,14448,3769,0,377,5493[CR],541935562
C,15038,2450,3769,0,395,5347[CR],541935890
F,24660,14298,3769,0,392,4629[CR],541936328
C,14981,2442,3769,0,358,3266[CR],541936765
Z,0,0,3769,0,0,2546[CR],541937312
Z,0,0,3769,0,0,2477[CR],541937859
Z,0,0,3769,0,0,2476[CR],541938296
Z,0,0,3769,0,0,2491[CR],541938843
Z,0,0,3769,0,0,2491[CR],541939281
Z,0,0,3769,0,0,2491[CR],541939828
Z,0,0,3769,0,0,2491[CR],541940375
Z,0,0,3769,0,0,2491[CR],541940812
Z,0,0,3769,0,0,2492[CR],541941359
Z,0,0,3769,0,0,2492[CR],541941796
Z,0,0,3769,0,0,2491[CR],541942343
Z,0,0,3769,0,0,2491[CR],541942890
Z,0,0,3769,0,0,2492[CR],541943328
Z,0,0,3769,0,0,2487[CR],541943875
Z,0,0,3769,0,0,2484[CR],541944312
Z,0,0,3769,0,0,2485[CR],541944859
Z,0,0,3769,0,0,2488[CR],541945406
Z,0,0,3769,0,0,2486[CR],541945843
Z,0,0,3769,0,0,2487[CR],541946390
Z,0,0,3769,0,0,2485[CR],541946828
Z,0,0,3769,0,0,2485[CR],541947375
Z,0,0,3769,0,0,2485[CR],541947921
Z,0,0,3769,0,0,2485[CR],541948359
Z,0,0,3769,0,0,2486[CR],541948906
Z,0,0,3769,0,0,2482[CR],541949343
Z,0,0,3769,0,0,2484[CR],541949890
Z,0,0,3769,0,0,2486[CR],541950437
Z,0,0,3769,0,0,2488[CR],541950875
Z,0,0,3769,0,0,2490[CR],541951421
Z,0,0,3769,0,0,2490[CR],541951859
Z,0,0,3769,0,0,2488[CR],541952406
Z,0,0,3769,0,0,2479[CR],541952953
Z,0,0,3769,0,0,2469[CR],541953390
Z,0,0,3769,0,0,2467[CR],541953937
Z,0,0,3769,0,0,2469[CR],541954375
Z,0,0,3769,0,0,2468[CR],541954921
Z,0,0,3769,0,0,2473[CR],541955468
Z,0,0,3769,0,0,2474[CR],541955906
Z,0,0,3769,0,0,2475[CR],541956453
Z,0,0,3769,0,0,2479[CR],541956890
Z,0,0,3769,0,0,2479[CR],541957437
Z,0,0,3769,0,0,2480[CR],541957875
Z,0,0,3769,0,0,2480[CR],541958421
Z,0,0,3769,0,0,2480[CR],541958968
Z,0,0,3769,0,0,2480[CR],541959406
Z,0,0,3769,0,0,2478[CR],541959953
Z,0,0,3769,0,0,2482[CR],541960390
Z,0,0,3769,0,0,2482[CR],541960937
Z,0,0,3769,0,0,2482[CR],541961375
Z,0,0,3769,0,0,2486[CR],541961921
Z,0,0,3769,0,0,2491[CR],541962468
Z,0,0,3769,0,0,2500[CR],541962906
Z,0,0,3769,0,100,2491[CR],541963453
Z,0,0,3769,51,0,2497[CR],541963890
Z,0,0,3769,47,173,2495[CR],541964437
C,14445,2440,3769,6,292,3318[CR],541964875
F,19616,13254,3769,1,295,3931[CR],541965203
C,14692,2442,3769,1,297,3907[CR],541965640
F,19582,13299,3769,0,299,3896[CR],541965968
A,34992,19558,3769,0,210,3906[CR],541966406
F,19532,13270,3769,0,198,3908[CR],541966734
C,14670,2434,3769,0,217,3900[CR],541967171
F,19494,13244,3769,0,195,3895[CR],541967609
C,14665,2446,3769,0,341,3907[CR],541967937
F,19440,13226,3769,0,339,3913[CR],541968375
C,14663,2432,3769,0,339,3911[CR],541968703
F,19396,13213,3769,0,340,3909[CR],541969140
C,14659,2442,3769,0,343,3906[CR],541969468
F,19352,13203,3769,0,341,3904[CR],541969906
C,14657,2446,3769,0,338,3903[CR],541970343
F,19308,13196,3769,0,338,3901[CR],541970671
C,14656,2446,3769,0,341,3900[CR],541971109
F,19264,13190,3769,0,342,3900[CR],541971437
C,14654,2448,3769,0,340,3898[CR],541971875
F,19224,13187,3769,11,372,4172[CR],541972203
A,34944,19194,3773,19,366,4844[CR],541972640
F,19184,13753,3780,16,374,5168[CR],541973078
C,14951,2442,3786,19,535,5507[CR],541973406
F,19192,15186,3794,18,531,5623[CR],541973843
C,16151,2430,3802,21,531,5617[CR],541974171
F,18014,15001,3810,18,530,5623[CR],541974609
C,15958,2442,3818,20,531,5609[CR],541974937
F,18382,14841,3826,21,531,5588[CR],541975375
C,15640,2430,3834,18,528,5566[CR],541975812
F,18808,14662,3842,19,526,5595[CR],541976156
C,15357,2450,3849,20,530,5671[CR],541976578
F,19280,14577,3857,20,531,5683[CR],541976906
C,15342,2446,3865,20,529,5658[CR],541977343
F,19656,14748,3873,17,536,5690[CR],541977671
C,15615,2448,3881,22,536,5669[CR],541978109
F,19782,14991,3889,23,534,5609[CR],541978546
A,34928,19638,3897,17,535,5585[CR],541978875
F,19562,14842,3905,21,532,5567[CR],541979312
C,15871,2456,3913,24,526,5569[CR],541979640
F,19668,14406,3921,18,524,5557[CR],541980078
C,15768,2448,3929,20,527,5601[CR],541980406
F,19906,14122,3937,21,524,5594[CR],541980843
C,15619,2466,3945,18,529,5606[CR],541981281
F,20266,13793,3953,20,527,5607[CR],541981609
C,15425,2484,3960,18,529,5662[CR],541982046
F,20670,13637,3968,21,522,5686[CR],541982375
C,15204,2496,3977,23,527,5629[CR],541982812
F,21100,13541,3985,19,534,5676[CR],541983140
C,14995,2494,3993,22,527,5631[CR],541983578
F,21588,13499,4000,22,532,5605[CR],541984015
C,14979,2492,4008,19,532,5598[CR],541984343
F,21996,13742,4016,21,532,5607[CR],541984781
A,34908,22200,4024,20,533,5605[CR],541985109
F,22246,14035,4032,19,533,5632[CR],541985546
C,15153,2492,4040,22,530,5652[CR],541985875
F,22376,14088,4048,19,534,5656[CR],541986312
C,15174,2518,4056,21,534,5641[CR],541986656
F,22616,14063,4063,22,532,5628[CR],541987078
C,15160,2512,4072,17,529,5633[CR],541987515
F,22864,14072,4079,21,530,5679[CR],541987843
C,15131,2504,4087,17,530,5714[CR],541988281
F,23082,14110,4095,19,536,5714[CR],541988609
C,15222,2500,4103,21,533,5700[CR],541989046
F,23252,14156,4111,19,532,5725[CR],541989484
C,15386,2512,4119,20,532,5744[CR],541989812
F,23252,14170,4126,21,533,5745[CR],541990250
C,15551,2504,4134,18,531,5743[CR],541990578
F,22740,14216,4142,21,531,5762[CR],541991015
A,34888,22144,4150,22,531,5732[CR],541991343
F,22012,14086,4159,19,531,5726[CR],541991781
C,15689,2512,4167,21,527,5702[CR],541992218
F,22344,13704,4174,17,528,5695[CR],541992546
C,15790,2500,4183,20,528,5685[CR],541992984
F,22816,13569,4190,22,526,5697[CR],541993312
C,16075,2506,4198,19,523,5696[CR],541993750
F,23178,13660,4206,19,526,5730[CR],541994078
C,16484,2502,4213,17,529,5785[CR],541994515
F,23200,13818,4221,20,529,5789[CR],541994953
C,16780,2504,4229,22,534,5792[CR],541995281
F,22164,14004,4237,19,533,5767[CR],541995718
C,16834,2498,4245,20,530,5749[CR],541996046
F,21650,13982,4254,23,530,5735[CR],541996484
C,16682,2504,4261,18,525,5723[CR],541996812
F,22042,13929,4269,21,531,5708[CR],541997250
A,34880,22340,4277,21,527,5698[CR],541997687
F,22436,14074,4285,19,529,5720[CR],541998015
C,16520,2504,4293,20,530,5732[CR],541998453
F,22784,14361,4300,17,530,5756[CR],541998781
C,16530,2506,4309,19,531,5765[CR],541999218
F,23006,14685,4317,22,536,5773[CR],541999546
C,16510,2504,4324,18,534,5783[CR],541999984
F,23064,15049,4332,20,535,5784[CR],542000421
C,16414,2506,4340,22,534,5794[CR],542000750
F,22796,15248,4348,18,534,5808[CR],542001187
C,16190,2504,4356,21,534,5817[CR],542001515
F,23048,15147,4364,18,534,5851[CR],542001953
C,16340,2514,4372,20,529,5888[CR],542002281
F,23550,15187,4379,22,533,5929[CR],542002718
C,16942,2500,4387,19,533,5946[CR],542003156
F,23078,15428,4395,19,532,5953[CR],542003484
A,34860,21426,4402,17,540,5962[CR],542003921
F,20624,15613,4410,20,542,5960[CR],542004250
C,17800,2504,4418,22,541,5968[CR],542004687
F,18286,15532,4426,19,543,5976[CR],542005046
C,17786,2500,4434,20,537,5960[CR],542005453
F,17906,14852,4442,22,537,5961[CR],542005890
C,17706,2506,4450,18,528,5965[CR],542006218
F,18388,14175,4458,20,529,5972[CR],542006656
C,17852,2504,4465,18,527,6007[CR],542006984
F,18862,14003,4473,19,532,6034[CR],542007421
C,18428,2500,4481,22,532,6039[CR],542007750
F,19226,14292,4488,19,539,6051[CR],542008187
C,19024,2512,4497,20,538,6063[CR],542008625
F,19010,14796,4504,19,535,6067[CR],542008953
C,19164,2504,4512,19,536,6059[CR],542009390
F,17554,14896,4520,21,535,6059[CR],542009718
A,34868,16952,4528,18,537,6066[CR],542010156
F,16956,14798,4536,20,535,6059[CR],542010484
C,18998,2494,4543,22,531,6055[CR],542010921
F,17352,14442,4551,19,533,6056[CR],542011359
C,18974,2500,4559,20,536,6051[CR],542011687
F,17700,14838,4567,17,535,6075[CR],542012125
C,19126,2506,4575,18,537,6094[CR],542012453
F,17958,15431,4583,21,536,6106[CR],542012890
C,19362,2490,4590,18,539,6129[CR],542013218
F,18172,15781,4598,19,541,6137[CR],542013656
C,19552,2504,4606,22,539,6141[CR],542014093
F,18344,16054,4614,18,540,6165[CR],542014421
C,19682,2506,4621,21,539,6174[CR],542014859
F,18482,16261,4629,16,538,6197[CR],542015187
C,19702,2506,4637,20,541,6209[CR],542015625
F,18610,16502,4645,22,541,6189[CR],542015953
A,34868,18654,4653,19,540,6163[CR],542016390
F,18664,16746,4661,20,540,6139[CR],542016828
C,19384,2504,4669,23,542,6128[CR],542017156
F,18758,16944,4677,19,540,6121[CR],542017593
C,19144,2512,4685,21,540,6107[CR],542017921
F,18864,17010,4693,21,536,6100[CR],542018359
C,18936,2506,4701,19,539,6093[CR],542018687
F,18910,17128,4708,21,540,6097[CR],542019125
C,18782,2512,4716,19,536,6084[CR],542019562
F,18608,17312,4724,20,540,6089[CR],542019890
C,18634,2522,4732,22,539,6087[CR],542020328
F,17878,17302,4740,19,540,6086[CR],542020656
C,18436,2512,4748,20,541,6075[CR],542021093
F,17742,17044,4755,17,536,6078[CR],542021421
C,18290,2514,4763,19,538,6084[CR],542021859
F,17996,16634,4771,20,538,6092[CR],542022296
A,34852,18144,4779,18,539,6124[CR],542022625
F,18184,16640,4787,20,540,6144[CR],542023062
C,18640,2530,4794,21,539,6160[CR],542023406
F,18094,16816,4802,19,540,6181[CR],542023828
C,19074,2516,4810,21,539,6200[CR],542024156
F,17598,16800,4817,17,540,6226[CR],542024593
C,19446,2528,4826,19,535,6243[CR],542025031
F,17026,16309,4833,22,537,6283[CR],542025359
C,19584,2534,4841,19,535,6304[CR],542025796
F,17194,15795,4849,20,533,6316[CR],542026125
C,19772,2544,4856,17,532,6346[CR],542026562
F,17536,15406,4864,19,533,6379[CR],542026890
C,19946,2554,4872,21,535,6405[CR],542027328
F,17824,15543,4879,18,536,6411[CR],542027765
C,20132,2568,4887,19,532,6426[CR],542028093
F,18066,15874,4895,19,536,6450[CR],542028531
A,34828,18198,4903,18,535,6447[CR],542028859
F,18240,16075,4911,21,534,6452[CR],542029296
C,19716,2550,4918,17,532,6469[CR],542029625
F,18462,16196,4926,20,539,6516[CR],542030062
C,19264,2522,4934,22,535,6525[CR],542030500
F,18652,16372,4942,18,536,6511[CR],542030828
C,18862,2556,4950,21,539,6493[CR],542031265
F,18862,16706,4957,17,540,6476[CR],542031593
C,18584,2564,4965,20,538,6445[CR],542032031
F,19078,17062,4974,22,540,6431[CR],542032359
C,18428,2570,4981,18,540,6411[CR],542032796
F,19360,17158,4989,19,535,6424[CR],542033234
C,18550,2564,4997,22,539,6422[CR],542033562
F,19686,17076,5005,18,536,6403[CR],542034000
C,19198,2600,5013,19,531,6440[CR],542034328
F,19916,17150,5020,18,532,6480[CR],542034765
A,34816,19774,5028,19,535,6529[CR],542035093
F,19510,17506,5036,21,534,6575[CR],542035531
C,21032,2614,5043,18,535,6621[CR],542035968
F,17982,17630,5051,20,536,6651[CR],542036296
C,21682,2608,5058,22,536,6665[CR],542036734
F,16508,17390,5067,19,538,6660[CR],542037062
C,22030,2604,5074,21,539,6674[CR],542037500
F,16179,17002,5082,19,539,6665[CR],542037828
C,22064,2620,5090,19,539,6676[CR],542038265
F,16452,16732,5098,22,538,6692[CR],542038703
C,21910,2602,5105,18,536,6700[CR],542039031
F,16672,16786,5113,20,536,6714[CR],542039468
C,21588,2598,5121,18,535,6741[CR],542039796
F,16868,17010,5129,19,540,6770[CR],542040234
C,21142,2594,5136,22,543,6757[CR],542040562
F,17046,17244,5145,20,539,6699[CR],542041000
A,34792,17152,5153,21,542,6671[CR],542041437
F,17180,17398,5161,22,536,6654[CR],542041828
C,20044,2614,5169,18,538,6653[CR],542042203
F,17364,17576,5177,20,537,6661[CR],542042562
C,19798,2624,5184,17,534,6718[CR],542042968
F,17534,17840,5192,19,537,6757[CR],542043296
C,19998,2644,5200,21,534,6772[CR],542043734
F,17674,18350,5208,18,532,6811[CR],542044171
C,20476,2646,5215,19,536,6856[CR],542044500
F,17736,18810,5223,18,536,6885[CR],542044937
C,20992,2644,5231,19,538,6899[CR],542045265
F,17186,18860,5238,21,536,6900[CR],542045703
C,21402,2650,5246,18,537,6913[CR],542046031
F,16452,18518,5254,20,537,6916[CR],542046468
C,21790,2642,5261,21,535,6927[CR],542046906
F,16277,18060,5269,19,537,6951[CR],542047234
A,34800,16442,5277,20,536,6966[CR],542047671
F,16488,17642,5284,18,536,6997[CR],542048000
C,22540,2646,5292,19,536,7039[CR],542048437
F,16690,17574,5300,22,536,7066[CR],542048765
C,22774,2654,5308,18,539,7085[CR],542049203
F,16838,17724,5315,20,537,7094[CR],542049640
C,22724,2644,5322,16,537,7113[CR],542049968
F,16876,17894,5331,20,540,7111[CR],542050406
C,22610,2650,5338,22,540,7111[CR],542050734
F,16796,17756,5346,19,536,7107[CR],542051171
C,22366,2654,5354,20,539,7100[CR],542051500
F,16932,17662,5362,22,540,7096[CR],542051937
C,22144,2650,5370,19,539,7101[CR],542052281
F,17080,17730,5378,21,536,7105[CR],542052703
C,21908,2638,5385,18,534,7122[CR],542053140
F,17234,17946,5393,20,536,7136[CR],542053468
A,34772,17318,5401,21,535,7138[CR],542053906
F,17336,18080,5408,19,536,7149[CR],542054234
C,21570,2670,5417,20,536,7156[CR],542054671
F,17472,18158,5424,19,534,7152[CR],542055109
C,21486,2652,5432,19,535,7160[CR],542055437
F,17612,18106,5440,20,536,7213[CR],542055875
C,21526,2660,5447,19,533,7185[CR],542056203
F,17704,18002,5455,20,537,7176[CR],542056640
C,21610,2658,5462,20,531,7192[CR],542056968
F,17816,17908,5471,19,530,7211[CR],542057406
C,21586,2646,5478,20,532,7224[CR],542057843
F,17902,17978,5486,17,531,7237[CR],542058171
C,21436,2658,5494,19,531,7247[CR],542058609
F,17932,17964,5501,22,532,7265[CR],542058937
C,21226,2666,5509,19,530,7269[CR],542059375
F,17948,17850,5516,21,531,7277[CR],542059703
A,34780,17992,5524,17,530,7288[CR],542060140
F,18000,17684,5532,19,534,7302[CR],542060609
C,20948,2660,5539,21,528,7323[CR],542060906
F,18078,17594,5547,18,530,7342[CR],542061343
C,21174,2648,5555,20,527,7379[CR],542061671
F,18092,17770,5562,17,523,7420[CR],542062109
C,21438,2654,5569,18,520,7501[CR],542062437
F,17966,18002,5577,21,528,7546[CR],542062875
C,21714,2654,5584,18,528,7536[CR],542063312
F,17312,18214,5592,20,530,7528[CR],542063640
C,21850,2658,5599,18,526,7534[CR],542064078
F,16528,18082,5607,20,527,7568[CR],542064406
C,21872,2672,5614,19,531,7603[CR],542064843
F,16468,17710,5623,21,534,7550[CR],542065171
C,21906,2662,5632,22,535,7483[CR],542065609
F,16660,17338,5640,19,522,7449[CR],542066046
A,34772,16780,5647,18,525,7456[CR],542066375
F,16818,17358,5655,20,527,7459[CR],542066812
C,21588,2662,5662,18,529,7477[CR],542067140
F,16958,17462,5670,19,530,7482[CR],542067578
C,21418,2662,5677,21,529,7511[CR],542067906
F,17088,17564,5685,19,527,7528[CR],542068343
C,21200,2662,5693,20,531,7545[CR],542068781
F,17188,17520,5700,18,519,7560[CR],542069109
C,20998,2660,5708,19,527,7623[CR],542069546
F,17298,17394,5715,20,517,7648[CR],542069875
C,20798,2660,5723,18,519,7646[CR],542070312
F,17412,17460,5731,21,527,7637[CR],542070656
C,20560,2660,5738,18,524,7643[CR],542071078
F,17500,17560,5746,19,526,7682[CR],542071515
C,20412,2668,5754,21,523,7678[CR],542071843
F,17608,17502,5762,19,527,7700[CR],542072281
A,34744,17704,5768,19,403,7686[CR],542072609
F,17736,17326,5768,2,292,7617[CR],542073046
C,19446,2668,5768,1,279,7606[CR],542073375
F,17844,17760,5768,0,268,7602[CR],542073812
C,18938,2662,5768,0,263,7600[CR],542074250
F,17912,17910,5768,0,268,7598[CR],542074578
C,18786,2668,5768,0,275,7598[CR],542075015
F,17946,17984,5768,0,265,7598[CR],542075343
C,18688,2676,5768,0,223,7605[CR],542075781
F,17972,18028,5768,0,220,7671[CR],542076109
C,18618,2662,5768,0,229,7668[CR],542076546
F,17998,18118,5768,0,314,7525[CR],542076984
C,18604,2664,5768,0,311,7384[CR],542077312
F,18022,18188,5768,0,308,7389[CR],542077750
C,18802,2660,5768,0,313,6249[CR],542078187
Z,0,0,5768,0,355,3318[CR],542078734
Z,0,0,5768,0,0,2490[CR],542079281
Z,0,0,5768,0,0,2519[CR],542079718
Z,0,0,5768,0,0,2520[CR],542080265
Z,0,0,5768,0,0,2520[CR],542080703
Z,0,0,5768,0,0,2512[CR],542081250
Z,0,0,5768,0,0,2503[CR],542081796
Z,0,0,5768,0,0,2502[CR],542082234
Z,0,0,5768,0,0,2513[CR],542082781
Z,0,0,5768,7,0,2512[CR],542083218
Z,0,0,5768,1,360,2504[CR],542083765
Z,0,0,5768,0,0,2498[CR],542084312
Z,0,0,5768,0,0,2491[CR],542084750
Z,0,0,5768,0,0,2493[CR],542085296
Z,0,0,5768,0,0,2493[CR],542085734
Z,0,0,5768,0,0,2499[CR],542086281
Z,0,0,5768,0,0,2497[CR],542086828
Z,0,0,5768,0,0,2496[CR],542087265
Z,0,0,5768,0,1,2498[CR],542087812
Z,0,0,5768,0,0,2490[CR],542088250
Z,0,0,5768,0,0,2487[CR],542088796
Z,0,0,5768,0,30,2485[CR],542089343
Z,0,0,5768,0,0,2491[CR],542089781
Z,0,0,5768,0,0,2493[CR],542090328
Z,0,0,5768,0,0,2497[CR],542090765
Z,0,0,5768,0,0,2502[CR],542091312
Z,0,0,5768,0,0,2503[CR],542091859
Z,0,0,5768,0,7,2450[CR],542092296
Z,0,0,5768,0,0,2454[CR],542092843
Z,0,0,5768,0,0,2460[CR],542093281
Z,0,0,5768,0,0,2466[CR],542093828
Z,0,0,5768,0,0,2471[CR],542094265
Z,0,0,5768,0,0,2476[CR],542094812
Z,0,0,5768,0,0,2479[CR],542095359
Z,0,0,5768,0,0,2482[CR],542095796
Z,0,0,5768,0,0,2481[CR],542096343
Z,0,0,5768,0,0,2481[CR],542096781
Z,0,0,5768,0,0,2479[CR],542097328
Z,0,0,5768,0,0,2484[CR],542097875
Z,0,0,5768,0,0,2482[CR],542098312
Z,0,0,5768,0,0,2484[CR],542098859
Z,0,0,5768,0,0,2485[CR],542099296
Z,0,0,5768,0,0,2484[CR],542099843
Z,0,0,5768,0,0,2482[CR],542100281
Z,0,0,5768,0,0,2486[CR],542100828
Z,0,0,5768,0,0,2487[CR],542101375
Z,0,0,5768,0,0,2494[CR],542101812
Z,0,0,5768,0,15,2498[CR],542102359
Z,0,0,5768,129,0,2508[CR],542102796
Z,0,0,5768,47,143,2556[CR],542103343
Z,0,0,5768,6,73,4559[CR],542103453
A,34728,17878,5768,3,9,4889[CR],542103890
F,17866,15558,5768,1,56,4893[CR],542104328
C,17226,2662,5768,0,111,4893[CR],542104656
F,17880,15575,5768,0,6,4901[CR],542105093
C,17228,2656,5768,0,0,4901[CR],542105421
F,17882,15578,5768,0,0,4900[CR],542105859
C,17228,2658,5768,0,0,4898[CR],542106187
F,17874,15581,5768,0,9,4897[CR],542106625
C,17226,2658,5768,0,242,4888[CR],542107062
F,17874,15582,5768,0,238,4915[CR],542107390
C,17230,2662,5768,0,236,4906[CR],542107828
F,17868,15601,5768,0,230,4906[CR],542108156
C,17230,2668,5768,0,236,4904[CR],542108593
F,17862,15602,5768,0,240,4903[CR],542108921
C,17228,2660,5768,0,219,4903[CR],542109359
F,17860,15600,5768,0,209,4903[CR],542109796
A,34744,17852,5768,0,214,4901[CR],542110125
F,17840,15602,5768,0,239,4901[CR],542110562
C,17224,2658,5768,0,223,4901[CR],542110890
F,17856,15600,5768,0,231,4916[CR],542111328
C,17224,2674,5769,15,244,5151[CR],542111656
F,17854,15624,5774,13,275,5596[CR],542112093
C,17260,2662,5779,13,296,6206[CR],542112531
F,17858,16289,5784,10,316,6895[CR],542112859
C,17656,2666,5790,18,490,7544[CR],542113296
F,17890,18178,5798,18,497,7747[CR],542113625
C,20600,2658,5806,19,499,7726[CR],542114062
F,17626,17356,5814,21,497,7666[CR],542114390
C,20712,2666,5821,18,499,7661[CR],542114828
F,17724,17386,5829,20,499,7668[CR],542115265
C,21004,2668,5837,21,496,7672[CR],542115593
F,17508,17508,5844,18,502,7696[CR],542116031
A,34776,16886,5852,21,499,7702[CR],542116359
F,16624,17636,5860,16,497,7687[CR],542116796
C,21566,2666,5868,19,502,7691[CR],542117125
F,15830,17512,5875,22,498,7695[CR],542117562
C,21698,2652,5883,18,501,7693[CR],542118000
F,15758,17172,5891,22,508,7683[CR],542118328
C,21736,2666,5899,18,503,7616[CR],542118765
F,15990,16830,5907,19,504,7625[CR],542119093
C,21680,2666,5914,19,501,7633[CR],542119531
F,16208,16890,5922,18,503,7659[CR],542119859
C,21786,2666,5929,20,497,7690[CR],542120296
F,16358,16954,5937,19,487,7736[CR],542120734
C,21858,2658,5944,19,504,7811[CR],542121062
F,16542,16826,5952,21,498,7800[CR],542121500
C,22096,2674,5960,17,501,7819[CR],542121828
F,16758,16806,5967,19,496,7851[CR],542122265
A,34780,16914,5975,22,496,7894[CR],542122593
F,16960,16856,5982,18,493,7946[CR],542123031
C,23166,2678,5990,20,498,8009[CR],542123468
F,17136,17092,5997,18,491,8037[CR],542123796
C,24276,2664,6005,19,492,8068[CR],542124234
F,17158,17642,6012,19,494,8099[CR],542124562
C,25368,2702,6020,18,497,8132[CR],542125000
F,16185,18310,6028,20,497,8164[CR],542125328
C,25976,2680,6035,18,501,8192[CR],542125765
F,14337,18318,6043,19,496,8196[CR],542126203
C,26244,2708,6050,22,502,8227[CR],542126531
F,12980,18000,6058,19,497,8219[CR],542126968
C,26576,2686,6066,21,500,8215[CR],542127296
F,12496,17296,6073,18,492,8196[CR],542127734
C,26576,2702,6081,21,496,8168[CR],542128062
F,12636,16690,6089,21,494,8142[CR],542128500
A,34748,12765,6096,18,492,8133[CR],542128937
F,12806,15970,6104,20,494,8151[CR],542129265
C,26140,2712,6112,18,489,8164[CR],542129703
F,12992,15576,6120,20,494,8155[CR],542130031
C,26220,2728,6127,22,496,8145[CR],542130468
F,13151,15165,6134,18,489,8148[CR],542130796
C,26080,2730,6142,20,491,8146[CR],542131234
F,13323,14742,6150,16,491,8142[CR],542131671
C,26140,2720,6158,19,494,8145[CR],542132000
F,13520,14327,6166,20,491,8158[CR],542132453
C,26264,2728,6173,18,490,8174[CR],542132781
F,13735,14064,6181,19,489,8202[CR],542133218
C,26328,2720,6188,17,492,8214[CR],542133546
F,13960,13971,6196,18,496,8219[CR],542133984
C,26548,2720,6203,22,493,8201[CR],542134421
F,14186,14036,6211,18,487,8206[CR],542134750
A,34736,14379,6219,19,486,8205[CR],542135187
F,14450,14061,6226,19,489,8222[CR],542135593
C,26148,2726,6234,19,485,8240[CR],542135953
F,14734,13723,6241,20,492,8255[CR],542136281
C,26156,2734,6249,17,487,8273[CR],542136718
F,15016,13643,6257,20,492,8278[CR],542137156
C,26376,2736,6264,17,489,8257[CR],542137484
F,15314,13655,6272,18,491,8271[CR],542137921
C,26244,2732,6279,20,487,8271[CR],542138250
F,15625,13775,6287,18,489,8270[CR],542138687
C,26328,2736,6294,19,484,8280[CR],542139015
F,15873,13753,6302,21,485,8305[CR],542139453
C,26328,2726,6309,19,491,8329[CR],542139890
F,16151,13739,6317,21,487,8339[CR],542140218
C,26516,2724,6324,18,488,8351[CR],542140656
F,16400,13841,6332,19,488,8385[CR],542140984
A,34692,16594,6340,16,488,8383[CR],542141421
F,16654,13747,6348,19,488,8382[CR],542141750
C,26908,2734,6355,20,484,8374[CR],542142187
F,16890,13463,6363,17,482,8384[CR],542142625
C,27288,2736,6371,20,492,8397[CR],542142953
F,17152,13470,6378,19,486,8400[CR],542143390
C,27440,2748,6386,19,488,8425[CR],542143718
F,17396,13549,6393,21,485,8438[CR],542144156
C,27996,2752,6400,17,487,8466[CR],542144484
F,17574,13569,6408,19,486,8468[CR],542144921
C,28612,2774,6416,17,486,8478[CR],542145359
F,17752,13624,6423,18,492,8494[CR],542145687
C,29092,2742,6431,19,486,8488[CR],542146031
F,17900,13673,6438,18,485,8507[CR],542146453
C,29448,2772,6446,19,487,8522[CR],542146890
F,17918,13682,6453,20,487,8533[CR],542147218
A,34748,17984,6461,19,487,8541[CR],542147656
F,18010,13689,6469,20,484,8546[CR],542148000
C,30300,2780,6476,16,483,8567[CR],542148421
F,17958,13754,6484,19,496,8578[CR],542148859
C,30560,2770,6491,17,488,8560[CR],542149187
F,17982,13687,6499,18,487,8565[CR],542149625
C,30396,2778,6506,20,487,8576[CR],542149953
F,17952,13588,6514,17,490,8587[CR],542150390
C,30520,2788,6521,19,485,8632[CR],542150828
F,17992,13587,6529,16,483,8641[CR],542151156
C,30936,2766,6536,19,494,8654[CR],542151593
F,17984,14279,6544,19,486,8667[CR],542151921
C,30880,2762,6551,17,480,8689[CR],542152359
F,18034,13856,6559,19,484,8733[CR],542152687
C,31280,2806,6566,16,480,8741[CR],542153125
F,18072,13841,6574,18,477,8755[CR],542153562
A,34764,18056,6581,21,488,8802[CR],542153890
F,18110,14088,6588,18,488,8784[CR],542154328
C,31940,2694,6596,18,496,8803[CR],542154656
F,18056,14389,6603,19,490,8823[CR],542155093
C,31564,2758,6611,19,490,8835[CR],542155437
F,17984,15349,6618,21,489,8852[CR],542155859
C,31760,2818,6626,18,491,8859[CR],542156296
F,18112,15231,6633,19,488,8874[CR],542156625
C,32152,2814,6641,17,489,8900[CR],542157062
F,18022,15021,6648,19,489,8907[CR],542157390
C,32752,2816,6656,20,489,8924[CR],542157828
F,18050,14858,6663,18,486,8968[CR],542158156
C,33188,2822,6671,19,492,8982[CR],542158593
F,17974,14774,6678,17,486,9011[CR],542159031
C,33352,2818,6686,20,489,9051[CR],542159359
F,18042,15350,6693,22,483,9078[CR],542159796
A,34776,17974,6700,18,488,9109[CR],542160125
F,18050,15303,6708,21,486,9140[CR],542160562
C,34204,2812,6715,17,484,9167[CR],542160890
F,18058,15174,6723,20,489,9184[CR],542161328
C,34612,2818,6730,15,484,9210[CR],542161765
F,18140,14941,6737,19,483,9247[CR],542162093
C,34928,2826,6744,20,483,9271[CR],542162531
F,18062,14198,6752,16,472,9308[CR],542162859
C,34820,2826,6759,17,474,9407[CR],542163296
F,18108,14106,6765,13,472,9476[CR],542163625
C,34500,2846,6771,19,490,9471[CR],542164062
F,18162,13962,6779,19,489,9348[CR],542164500
C,34256,2854,6788,20,491,9293[CR],542164828
F,18088,14087,6795,21,482,9284[CR],542165265
C,33756,2852,6802,17,489,9288[CR],542165593
F,18024,13906,6810,22,492,9255[CR],542166031
A,34772,17856,6817,17,489,9226[CR],542166359
F,17998,14257,6825,19,484,9196[CR],542166734
C,32404,2856,6832,21,489,9180[CR],542167234
F,18078,14005,6841,18,493,9155[CR],542167562
C,31456,2854,6848,20,485,9142[CR],542168000
F,18184,14107,6855,18,488,9133[CR],542168328
C,30516,2858,6864,19,487,9125[CR],542168765
F,18102,13741,6871,22,486,9121[CR],542169093
C,29376,2860,6879,19,487,9101[CR],542169531
F,18038,14341,6887,20,485,9048[CR],542169968
C,27948,2856,6894,20,486,8993[CR],542170296
F,18178,14125,6902,18,484,8983[CR],542170734
C,26512,2870,6909,21,480,8990[CR],542171062
F,18190,13957,6917,19,486,8961[CR],542171500
C,25764,2852,6925,20,495,8943[CR],542171828
F,18060,14584,6932,21,496,8958[CR],542172265
A,34772,18304,6940,18,481,8944[CR],542172703
F,18340,14602,6948,22,491,8928[CR],542173031
C,24180,2868,6956,18,491,8896[CR],542173468
F,18294,14548,6963,20,480,8873[CR],542173843
C,23694,2860,6971,22,491,8874[CR],542174234
F,18370,14977,6979,18,488,8858[CR],542174562
C,23722,2864,6986,20,489,8839[CR],542175000
F,18346,15640,6994,17,490,8835[CR],542175359
C,23824,2860,7002,19,497,8848[CR],542175765
F,18090,16424,7009,22,489,8842[CR],542176109
C,23846,2888,7016,18,492,8875[CR],542176531
F,17828,16876,7024,21,486,8890[CR],542176968
C,23812,2878,7031,17,496,8909[CR],542177296
F,17134,17166,7039,19,491,8890[CR],542177734
C,23914,2870,7046,17,491,8913[CR],542178171
F,16600,17490,7054,19,496,8914[CR],542178500
A,34740,16632,7062,20,493,8882[CR],542178937
F,16656,17480,7069,17,489,8897[CR],542179265
C,23848,2856,7076,19,495,8943[CR],542179703
F,17042,17816,7084,15,487,8950[CR],542180031
C,23694,2874,7091,18,494,8963[CR],542180468
F,17342,18266,7099,24,492,8969[CR],542180796
C,23468,2856,7107,19,496,8973[CR],542181234
F,17652,18528,7114,19,483,8987[CR],542181671
C,23314,2852,7121,18,481,8996[CR],542182000
F,17962,18498,7129,18,488,9011[CR],542182437
C,23196,2870,7136,21,482,9035[CR],542182765
F,18182,18448,7143,19,488,9057[CR],542183203
C,23138,2888,7151,19,480,9080[CR],542183640
F,18370,18324,7158,17,481,9091[CR],542183984
C,23146,2870,7166,19,482,9116[CR],542184406
F,18568,18204,7173,20,472,9154[CR],542184734
A,34768,18662,7180,18,475,9200[CR],542185171
F,18660,18102,7187,19,478,9263[CR],542185546
C,24290,2918,7194,16,475,9320[CR],542185937
F,18402,18028,7201,18,465,9390[CR],542186281
C,25716,2916,7208,16,472,9467[CR],542186703
F,17984,18214,7215,18,472,9511[CR],542187140
C,27232,2926,7221,14,468,9559[CR],542187468
F,16978,18390,7227,15,469,9613[CR],542187906
C,28392,2918,7232,11,456,9631[CR],542188234
F,15220,18358,7236,10,446,9637[CR],542188671
C,28996,2920,7241,10,445,9646[CR],542189000
F,13977,18148,7244,8,422,9666[CR],542189437
C,29216,2926,7246,6,416,9686[CR],542189875
F,13464,17828,7249,5,402,9691[CR],542190203
C,29260,2918,7251,4,388,9676[CR],542190640
F,13645,17576,7252,4,396,9679[CR],542190968
A,34800,13954,7254,4,388,9680[CR],542191406
F,14078,17452,7256,4,386,9693[CR],542191734
C,29244,2916,7257,3,377,9709[CR],542192171
F,14589,17416,7258,3,371,9716[CR],542192609
C,29440,2932,7259,2,362,9722[CR],542192937
F,15097,17336,7261,3,358,9725[CR],542193375
C,29420,2928,7261,2,216,9698[CR],542193703
F,15616,17298,7261,1,128,9655[CR],542194140
C,28872,2928,7261,0,142,9200[CR],542194468
F,16288,17354,7261,0,232,6880[CR],542194906
C,27892,2926,7261,0,187,5155[CR],542195343
F,16942,16874,7261,0,298,4172[CR],542195671
C,26700,2926,7261,0,308,2843[CR],542196109
F,17442,15610,7261,0,351,1101[CR],542196437
C,23092,2944,7261,0,477,35544[CR],542196875
F,17978,12668,7261,0,166,35544[CR],542197203
A,34748,16233,7261,0,121,35544[CR],542197640
F,16556,12673,7261,0,88,35544[CR],542198078
C,11117,2912,7261,68,364,2277[CR],542198421
F,17350,12677,7261,94,322,3638[CR],542198765
C,11430,2894,7261,64,471,5774[CR],542199218
F,17928,13734,7264,94,540,7572[CR],542199546
C,21718,2914,7308,114,559,8582[CR],542200015
F,16612,14534,7359,114,540,8814[CR],542200343
C,33000,2968,7380,7,320,8833[CR],542200796
F,16848,13015,7380,1,194,8690[CR],542201125
C,29956,3004,7380,1,136,8672[CR],542201562
F,17664,13120,7380,0,103,8666[CR],542201890
C,29168,2998,7380,0,209,8305[CR],542202328
F,18104,13181,7380,0,298,6215[CR],542202765
C,28620,3004,7380,0,250,4943[CR],542203093
F,18318,13095,7380,0,315,4121[CR],542203531
A,34796,18390,7380,0,319,2987[CR],542203859
F,18398,12886,7380,0,343,1319[CR],542204296
C,25232,3006,7380,0,256,35544[CR],542204625
F,18316,12672,7380,0,167,35544[CR],542205062
C,11913,2966,7380,0,173,35544[CR],542205406
F,16001,12677,7380,0,88,35544[CR],542205859
C,11940,2962,7380,0,117,35544[CR],542206187
F,16824,12677,7380,0,152,35544[CR],542206656
C,11939,2952,7380,0,140,35544[CR],542206984
F,17436,12678,7380,0,120,35544[CR],542207437
C,11938,2972,7380,0,67,35544[CR],542207765
F,17846,12679,7380,0,252,35544[CR],542208218
C,11938,2954,7380,5,282,2187[CR],542208546
F,18106,12678,7380,5,241,2871[CR],542209000
C,12069,2954,7380,6,311,3121[CR],542209328
F,18240,12678,7380,7,281,3647[CR],542209781
A,34796,18292,7380,10,267,4259[CR],542210125
F,18288,12679,7380,16,245,4654[CR],542210484
C,12265,2952,7380,15,249,4913[CR],542210937
F,18330,12679,7380,13,260,5153[CR],542211265
C,12343,2958,7380,13,285,5453[CR],542211703
F,18444,12680,7380,9,379,5941[CR],542212140
C,12488,2954,7380,12,373,6442[CR],542212468
F,20748,12684,7380,13,354,6892[CR],542212906
C,17692,2990,7380,9,383,7306[CR],542213234
F,18664,12705,7380,13,441,7744[CR],542213671
C,25236,2994,7382,15,472,8092[CR],542214000
F,18360,12717,7388,16,484,8324[CR],542214437
C,29856,2990,7395,17,488,8461[CR],542214875
F,18304,12733,7402,19,487,8535[CR],542215203
C,30820,2978,7409,17,488,8615[CR],542215640
F,18394,12696,7416,19,493,8660[CR],542215968
A,34848,18444,7423,16,494,8679[CR],542216406
F,18414,12701,7431,18,494,8724[CR],542216796
C,31288,2994,7438,17,495,8765[CR],542217171
F,18396,12746,7445,19,499,8803[CR],542217515
C,31576,2990,7453,19,500,8853[CR],542217937
F,18302,12889,7460,18,495,8836[CR],542218375
C,31296,3004,7468,19,493,8840[CR],542218703
F,18426,13036,7475,16,494,8864[CR],542219140
C,31172,3010,7483,19,496,8869[CR],542219468
F,18332,12996,7490,21,496,8873[CR],542219906
C,31060,2886,7498,18,496,8867[CR],542220343
F,18376,12821,7505,19,494,8866[CR],542220671
C,30744,3010,7512,16,494,8844[CR],542221109
F,18378,12861,7521,19,496,8828[CR],542221437
C,30632,2982,7529,23,499,8756[CR],542221875
F,18194,12866,7537,19,494,8710[CR],542222203
A,34876,18302,7545,19,495,8686[CR],542222640
F,18346,13198,7552,21,496,8674[CR],542223078
C,28604,3000,7560,19,499,8650[CR],542223406
F,18432,13215,7568,20,485,8617[CR],542223843
C,27860,2990,7575,16,486,8630[CR],542224171
F,18464,13161,7583,19,492,8606[CR],542224609
C,27356,2994,7591,22,491,8552[CR],542224937
F,18486,13222,7599,18,486,8517[CR],542225375
C,27004,3000,7607,20,492,8488[CR],542225812
F,18374,13352,7614,19,490,8457[CR],542226140
C,26564,2972,7623,21,488,8449[CR],542226578
F,18536,13443,7631,21,489,8430[CR],542226906
C,26332,2986,7638,16,491,8392[CR],542227343
F,18552,13456,7647,19,490,8338[CR],542227671
C,26060,2996,7654,21,491,8311[CR],542228109
F,18542,13555,7662,18,487,8314[CR],542228546
A,34860,18594,7669,20,490,8318[CR],542228875
F,18580,13340,7677,19,487,8329[CR],542229312
C,25904,3004,7685,19,485,8334[CR],542229640
F,18604,13228,7692,20,486,8362[CR],542230078
C,25788,3016,7700,18,487,8375[CR],542230406
F,18652,13263,7707,19,483,8402[CR],542230843
C,25864,3004,7714,15,489,8417[CR],542231281
F,18576,13453,7722,19,486,8427[CR],542231609
C,25964,3018,7730,21,487,8431[CR],542232046
F,18628,13591,7737,18,488,8428[CR],542232375
C,26020,3024,7745,20,483,8438[CR],542232812
F,18610,13471,7752,14,483,8462[CR],542233140
C,26188,3020,7760,19,483,8479[CR],542233578
F,18698,13316,7767,20,481,8526[CR],542234015
C,26608,3018,7768,2,96,8485[CR],542234359
F,18662,13345,7768,1,1,8428[CR],542234781
A,34868,18704,7768,0,13,8412[CR],542235109
F,18692,13441,7768,0,1,8400[CR],542235593
C,25240,3016,7768,0,0,8395[CR],542235875
F,18710,13488,7768,0,0,8392[CR],542236312
C,25116,3024,7768,0,1,8388[CR],542236750
F,18712,13508,7768,0,1,8421[CR],542237078
C,25036,3020,7768,0,1,8555[CR],542237515
F,18714,13523,7768,0,0,8560[CR],542237843
C,25064,3024,7768,0,0,8560[CR],542238390
Z,0,0,7768,0,0,8293[CR],542238609
C,24912,3026,7768,0,0,8271[CR],542239046
F,18704,13550,7768,0,0,8271[CR],542239484
C,25008,3020,7768,0,56,7648[CR],542239812
F,18704,13554,7768,0,4,5270[CR],542240250
C,24700,3024,7768,0,13,3942[CR],542240687
Z,0,0,7768,0,0,2653[CR],542241234
Z,0,0,7768,0,0,2468[CR],542241781
Z,0,0,7768,0,0,2467[CR],542242218
Z,0,0,7768,0,0,2504[CR],542242765
Z,0,0,7768,0,0,2507[CR],542243203
Z,0,0,7768,0,0,2507[CR],542243750
Z,0,0,7768,0,0,2509[CR],542244296
Z,0,0,7768,0,0,2506[CR],542244734
Z,0,0,7768,0,0,2506[CR],542245281
Z,0,0,7768,0,0,2509[CR],542245718
Z,0,0,7768,0,0,2508[CR],542246265
Z,0,0,7768,0,0,2507[CR],542246812
Z,0,0,7768,0,0,2509[CR],542247250
Z,0,0,7768,0,0,2508[CR],542247796
Z,0,0,7768,0,0,2506[CR],542248234
Z,0,0,7768,0,91,2501[CR],542248781
Z,0,0,7768,0,344,2501[CR],542249328
Z,0,0,7768,0,0,2490[CR],542249765
Z,0,0,7768,0,0,2479[CR],542250312
Z,0,0,7768,0,0,2497[CR],542250750
Z,0,0,7768,0,0,2503[CR],542251296
Z,0,0,7768,0,0,2499[CR],542251843
Z,0,0,7768,0,0,2497[CR],542252281
Z,0,0,7768,0,0,2496[CR],542252828
Z,0,0,7768,0,439,2499[CR],542253265
Z,0,0,7768,0,0,2488[CR],542253812
Z,0,0,7768,0,0,2500[CR],542254359
Z,0,0,7768,0,99,2492[CR],542254796
Z,0,0,7768,0,0,2493[CR],542255343
Z,0,0,7768,0,0,2491[CR],542255781
Z,0,0,7768,0,152,2491[CR],542256328
Z,0,0,7768,0,0,2498[CR],542256765
Z,0,0,7768,0,0,2496[CR],542257312
Z,0,0,7768,0,78,2497[CR],542257859
Z,0,0,7768,0,147,2496[CR],542258296
Z,0,0,7768,0,0,2494[CR],542258843
Z,0,0,7768,0,0,2497[CR],542259390
Z,0,0,7768,0,0,2496[CR],542259828
Z,0,0,7768,0,0,2492[CR],542260375
Z,0,0,7768,0,230,2491[CR],542260812
Z,0,0,7768,0,0,2486[CR],542261359
Z,0,0,7768,0,0,2490[CR],542261906
Z,0,0,7768,0,0,2492[CR],542262343
Z,0,0,7768,0,0,2493[CR],542262890
Z,0,0,7768,0,0,2471[CR],542263328
Z,0,0,7768,0,0,2455[CR],542263875
Z,0,0,7768,0,0,2472[CR],542264421
Z,0,0,7768,0,0,2474[CR],542264859
Z,0,0,7768,0,0,2477[CR],542265406
Z,0,0,7768,0,0,2479[CR],542265843
Z,0,0,7768,0,0,2481[CR],542266390
Z,0,0,7768,0,0,2482[CR],542266828
Z,0,0,7768,0,0,2483[CR],542267375
Z,0,0,7768,0,0,2482[CR],542267921
Z,0,0,7768,0,0,2482[CR],542268359
Z,0,0,7768,0,0,2483[CR],542268906
Z,0,0,7768,0,0,2481[CR],542269343
Z,0,0,7768,0,0,2485[CR],542269890
Z,0,0,7768,0,0,2485[CR],542270328
Z,0,0,7768,0,0,2486[CR],542270875
Z,0,0,7768,0,0,2504[CR],542271421
Z,0,0,7768,0,0,2496[CR],542271859
Z,0,0,7768,86,0,2499[CR],542272406
Z,0,0,7768,79,0,2493[CR],542272843
Z,0,0,7768,32,0,2850[CR],542273390
Z,0,0,7768,2,0,4382[CR],542273390
F,18710,12759,7768,2,0,4380[CR],542273828
C,22500,3010,7768,1,0,4383[CR],542274265
Z,0,0,7768,0,0,4369[CR],542274812
Z,0,0,7768,0,0,4365[CR],542275359
Z,0,0,7768,0,0,4354[CR],542275796
Z,0,0,7768,0,14,4370[CR],542276125
C,22488,3026,7768,0,18,4384[CR],542276562
F,18704,12778,7768,0,2,4380[CR],542276890
C,22494,3034,7768,0,1,4377[CR],542277328
F,18708,12777,7768,0,0,4372[CR],542277765
C,22488,3032,7768,0,0,4370[CR],542278093
F,18714,12775,7768,0,0,4368[CR],542278531
A,34916,18710,7768,0,0,4365[CR],542278859
F,18700,12773,7768,0,0,4364[CR],542279296
C,22474,3032,7768,0,0,4361[CR],542279625
F,18714,12771,7768,0,0,4391[CR],542280062
C,22468,3016,7768,16,0,4702[CR],542280500
F,18710,12773,7768,17,7,4996[CR],542280828
C,22486,3036,7768,17,26,5304[CR],542281265
F,18708,12811,7768,13,1,5886[CR],542281593
C,22608,3022,7771,13,62,6464[CR],542282031
F,18710,12964,7776,13,83,7093[CR],542282359
C,22986,3028,7782,12,324,7783[CR],542282796
F,18716,13448,7788,20,480,8291[CR],542283234
C,26236,3046,7795,18,478,8379[CR],542283562
F,18668,13373,7803,19,480,8376[CR],542284000
C,27292,3072,7811,18,479,8370[CR],542284328
F,18718,13444,7818,18,476,8394[CR],542284765
A,34928,18700,7826,21,483,8423[CR],542285093
F,18662,14004,7834,19,480,8387[CR],542285531
C,27112,3072,7841,19,473,8389[CR],542285968
F,18678,13634,7848,16,483,8430[CR],542286296
C,27336,3102,7856,19,482,8379[CR],542286734
F,18596,13464,7864,20,476,8302[CR],542287062
C,25540,3110,7872,17,477,8312[CR],542287500
F,18546,15554,7879,19,480,8321[CR],542287828
C,25300,3090,7887,21,481,8324[CR],542288265
F,18704,14950,7895,18,486,8346[CR],542288703
C,25104,3096,7902,19,491,8361[CR],542289031
F,18676,14641,7909,17,494,8380[CR],542289468
C,25372,3102,7917,19,484,8413[CR],542289796
F,18606,15021,7924,22,493,8448[CR],542290234
C,25516,3096,7932,17,475,8457[CR],542290562
F,18514,15536,7939,21,482,8513[CR],542291000
A,34920,18466,7946,18,489,8526[CR],542291437
F,18492,16530,7954,19,486,8523[CR],542291796
C,24326,3102,7961,16,476,8555[CR],542292203
F,18406,18432,7969,19,482,8570[CR],542292531
C,23956,3110,7976,19,458,8570[CR],542292968
F,18544,17506,7984,19,481,8605[CR],542293296
C,23828,3100,7992,19,469,8575[CR],542293734
F,18494,17504,7999,16,476,8591[CR],542294171
C,23676,3106,8007,19,473,8599[CR],542294500
F,18682,17280,8014,20,465,8619[CR],542294937
C,23450,3106,8021,19,467,8657[CR],542295265
F,18660,17530,8030,21,464,8670[CR],542295703
C,23236,3106,8037,22,468,8705[CR],542296031
F,18694,18136,8045,19,472,8751[CR],542296468
C,23100,3110,8053,22,476,8763[CR],542296906
F,18708,18406,8061,19,480,8779[CR],542297234
A,34904,18708,8069,19,465,8815[CR],542297671
F,18710,18322,8077,22,484,8851[CR],542298000
C,23296,3096,8085,19,475,8847[CR],542298437
F,18720,17706,8093,20,477,8869[CR],542298765
C,23410,3106,8102,22,470,8880[CR],542299203
F,18702,17102,8110,20,472,8926[CR],542299640
C,23572,3102,8118,22,478,8959[CR],542299984
F,18652,17130,8125,20,472,8977[CR],542300406
C,23874,3106,8134,19,471,8984[CR],542300734
F,18588,17106,8142,21,465,8993[CR],542301171
C,24162,3092,8150,18,463,9013[CR],542301500
F,18656,17070,8159,19,471,9039[CR],542301937
C,24222,3106,8167,24,467,9033[CR],542302375
F,18676,17134,8175,16,462,9018[CR],542302703
C,24204,3102,8183,20,473,9034[CR],542303140
F,18600,17320,8192,22,472,9036[CR],542303468
A,34912,18486,8199,19,476,9041[CR],542303906
F,18432,17392,8208,21,470,9032[CR],542304234
C,24060,3112,8216,22,471,9014[CR],542304671
F,18598,17308,8224,21,478,9034[CR],542305109
C,23822,3100,8232,20,470,9012[CR],542305437
F,18804,17208,8241,22,472,9022[CR],542305875
C,23532,3102,8249,18,467,9031[CR],542306203
F,18962,17282,8257,22,470,9028[CR],542306640
C,23224,3110,8265,22,476,9054[CR],542306968
F,18990,17590,8273,21,470,9044[CR],542307406
C,22932,3102,8282,21,470,9023[CR],542307843
F,18808,17620,8290,25,473,8996[CR],542308171
C,22890,3102,8298,19,470,8962[CR],542308609
F,18796,17544,8307,21,469,8975[CR],542308937
C,23226,3116,8314,20,467,9007[CR],542309375
F,18506,17560,8323,19,468,9023[CR],542309703
A,34940,17774,8331,21,465,9064[CR],542310140
F,17308,18040,8339,19,472,9118[CR],542310546
C,24772,3116,8347,20,472,9132[CR],542310906
F,15636,18402,8355,22,467,9147[CR],542311265
C,25388,3112,8363,19,470,9160[CR],542311671
F,14781,18564,8372,21,467,9164[CR],542312109
C,25596,3122,8380,22,469,9174[CR],542312437
F,14287,18398,8388,19,469,9186[CR],542312875
C,25652,3116,8396,21,475,9175[CR],542313312
F,14411,17890,8404,22,470,9178[CR],542313640
C,25516,3122,8412,18,473,9178[CR],542314078
F,14952,17696,8420,21,472,9176[CR],542314406
C,25444,3116,8428,23,478,9155[CR],542314843
F,15486,17780,8437,19,470,9149[CR],542315281
C,25180,3134,8445,22,474,9134[CR],542315609
F,16022,18022,8453,18,473,9144[CR],542316046
A,34920,16400,8461,20,475,9142[CR],542316375
F,16538,18130,8469,22,471,9152[CR],542316812
C,24632,3144,8477,19,472,9175[CR],542317140
F,17052,18294,8485,21,477,9186[CR],542317578
C,24428,3134,8493,23,470,9183[CR],542318015
F,17566,18458,8501,19,475,9201[CR],542318359
C,24408,3134,8509,20,467,9224[CR],542318781
F,18008,18582,8517,22,476,9233[CR],542319109
C,24554,3150,8525,19,472,9240[CR],542319546
F,18354,18720,8533,20,467,9263[CR],542319875
C,24744,3128,8540,18,465,9300[CR],542320312
F,18612,18954,8548,19,465,9317[CR],542320750
C,25284,3156,8555,20,471,9331[CR],542321078
F,18270,19002,8562,15,464,9351[CR],542321515
C,25820,3152,8568,17,454,9364[CR],542321843
F,17624,19130,8574,13,463,9378[CR],542322281
A,34968,17132,8580,18,468,9367[CR],542322609
F,16858,19156,8586,14,466,9376[CR],542323046
C,26492,3156,8592,14,468,9376[CR],542323375
F,15750,19098,8598,14,471,9378[CR],542323812
C,26648,3162,8604,15,472,9383[CR],542324250
F,14650,19020,8611,16,466,9375[CR],542324578
C,26612,3180,8618,19,473,9366[CR],542325015
F,13665,19024,8625,17,471,9351[CR],542325343
C,26392,3156,8632,20,476,9326[CR],542325781
F,13123,18560,8640,18,480,9313[CR],542326109
C,26044,3166,8648,21,477,9286[CR],542326546
F,13050,17712,8656,24,482,9249[CR],542326984
C,25392,3180,8664,20,480,9201[CR],542327312
F,13292,16824,8673,21,476,9151[CR],542327750
C,24462,3184,8682,22,477,9115[CR],542328078
F,13685,16108,8690,20,480,9101[CR],542328515
A,34952,13988,8699,22,472,9083[CR],542328843
F,14100,15779,8706,24,471,9070[CR],542329296
C,22958,3176,8715,19,469,9061[CR],542329718
F,14608,15552,8723,22,472,9056[CR],542330046
C,22538,3182,8731,22,476,9036[CR],542330484
F,15163,15441,8740,20,467,9021[CR],542330812
C,22274,3176,8748,22,472,9019[CR],542331250
F,15797,15691,8756,22,468,9038[CR],542331578
C,22550,3188,8764,18,471,9058[CR],542332015
F,16370,16272,8772,22,474,9095[CR],542332453
C,23066,3180,8780,18,472,9134[CR],542332781
F,16640,16814,8788,19,475,9168[CR],542333218
C,23478,3186,8796,22,476,9199[CR],542333546
F,15281,17150,8804,19,476,9187[CR],542333984
C,23584,3188,8813,21,480,9174[CR],542334312
F,13273,16832,8821,22,478,9169[CR],542334750
A,34976,12675,8829,19,475,9167[CR],542335187
F,12489,16714,8837,21,473,9161[CR],542335515
C,23378,3204,8846,24,480,9152[CR],542335953
F,12319,16288,8854,19,475,9158[CR],542336281
C,23130,3200,8862,21,472,9170[CR],542336718
F,12594,15683,8870,20,466,9185[CR],542337046
C,22898,3196,8878,19,469,9218[CR],542337484
F,13045,15811,8886,21,472,9214[CR],542337921
C,22918,3194,8894,18,470,9201[CR],542338250
F,13490,16137,8902,19,470,9205[CR],542338687
C,22962,3190,8910,22,471,9214[CR],542339015
F,13973,16426,8918,18,472,9249[CR],542339453
C,23070,3196,8927,22,468,9259[CR],542339781
F,14539,16690,8935,23,476,9293[CR],542340218
C,23054,3200,8943,19,465,9297[CR],542340656
F,15113,17156,8951,19,470,9300[CR],542340984
A,34968,15491,8959,23,475,9293[CR],542341421
F,15620,17654,8967,19,473,9308[CR],542341750
C,23066,3192,8975,21,475,9320[CR],542342187
F,16140,18008,8983,18,476,9305[CR],542342515
C,23072,3204,8991,20,469,9315[CR],542342953
F,16662,18150,8999,22,472,9314[CR],542343390
C,23090,3202,9007,18,475,9327[CR],542343718
F,17170,17928,9015,21,470,9346[CR],542344156
C,23138,3206,9023,21,467,9388[CR],542344484
F,17646,17700,9030,17,465,9439[CR],542344921
C,23276,3200,9037,18,462,9469[CR],542345250
F,18088,17620,9043,15,453,9498[CR],542345687
C,23582,3186,9049,16,458,9553[CR],542346125
F,18444,17522,9055,13,447,9537[CR],542346453
C,24034,3198,9059,13,434,9539[CR],542346890
F,18750,17416,9064,10,425,9556[CR],542347218
A,34976,18916,9067,8,409,9571[CR],542347656
F,18958,17298,9070,6,411,9588[CR],542347984
C,25184,3192,9073,6,348,9594[CR],542348421
F,19124,17216,9074,3,282,9601[CR],542348859
C,25276,3210,9075,2,280,9607[CR],542349187
F,19218,17196,9076,2,280,9602[CR],542349625
C,25344,3204,9076,1,248,9601[CR],542349953
F,19276,17176,9077,1,201,9607[CR],542350390
C,25384,3214,9077,1,129,9611[CR],542350718
F,19304,17166,9078,1,146,9614[CR],542351156
C,25400,3200,9078,1,173,9616[CR],542351593
F,19314,17140,9078,1,126,9620[CR],542351921
C,25424,3204,9079,1,72,9626[CR],542352359
F,19326,17126,9079,0,4,9612[CR],542352687
C,25420,3214,9079,0,0,9178[CR],542353125
F,19330,17126,9079,0,0,8145[CR],542353453
A,34964,19322,9079,0,0,6313[CR],542353890
F,19310,17070,9079,0,0,5004[CR],542354328
C,24002,3216,9079,0,0,4753[CR],542354656
F,19326,16828,9079,0,0,4771[CR],542355093
C,23758,3204,9079,60,63,5534[CR],542355421
F,19328,16872,9089,44,495,8796[CR],542355859
C,23768,3206,9100,26,478,9598[CR],542356187
F,19294,16916,9105,8,358,9657[CR],542356625
C,28896,3208,9107,4,336,9675[CR],542357062
F,19346,16894,9107,1,143,9668[CR],542357390
C,28828,3232,9107,1,27,9405[CR],542357828
F,19368,16920,9107,1,0,5581[CR],542358156
C,27520,3224,9107,0,1,4494[CR],542358593
F,19352,16598,9107,0,158,3689[CR],542358921
C,26544,3232,9107,0,0,3067[CR],542359359
F,19344,15978,9107,0,0,3070[CR],542359796
A,35020,19352,9107,147,10,3712[CR],542360125
F,19340,15947,9116,47,492,7891[CR],542360562
C,25820,3232,9130,24,473,9666[CR],542360890
F,19108,16420,9137,21,463,9680[CR],542361328
C,31692,3214,9143,11,447,9710[CR],542361656
F,19244,16210,9146,8,424,9731[CR],542362093
C,32244,3234,9149,8,401,9759[CR],542362531
F,19302,16255,9151,5,369,9775[CR],542362859
C,32428,3206,9153,4,362,9773[CR],542363296
F,19330,16313,9154,3,185,9762[CR],542363625
C,32216,3226,9154,1,44,9710[CR],542364062
F,19358,16436,9154,1,62,8704[CR],542364390
C,30972,3228,9154,0,0,7345[CR],542364828
F,19372,16490,9154,0,0,7229[CR],542365265
C,29844,3236,9154,39,426,8620[CR],542365593
F,19380,16564,9158,5,347,9749[CR],542366031
A,34956,19224,9159,3,331,9774[CR],542366359
F,19292,16354,9160,2,88,9732[CR],542366796
C,32060,3222,9160,1,0,9507[CR],542367125
F,19368,16412,9160,1,71,7141[CR],542367562
C,30736,3224,9160,0,1,5099[CR],542368000
F,19370,16279,9160,0,83,4727[CR],542368328
C,29596,3228,9160,0,219,3324[CR],542368765
F,19382,15632,9160,0,0,2324[CR],542369093
C,27692,3242,9160,0,83,2238[CR],542369531
F,19376,14705,9160,0,232,942[CR],542369859
C,25632,3238,9160,0,488,35544[CR],542370296
F,19446,12675,9160,0,492,35544[CR],542370734
C,10695,3234,9160,0,0,35544[CR],542371062
F,17034,12680,9160,0,0,35544[CR],542371515
C,10819,3224,9160,64,316,2834[CR],542371859
F,17706,12682,9160,206,520,5605[CR],542372312
A,34972,19358,9203,147,541,8826[CR],542372656
F,18850,13404,9250,114,536,9160[CR],542373000
C,35836,3282,9290,79,524,9218[CR],542373453
F,18180,14307,9293,2,5,9067[CR],542373796
C,34716,3152,9293,1,0,9022[CR],542374250
F,18888,14369,9293,0,84,8583[CR],542374578
C,31680,3260,9293,0,7,5070[CR],542375015
F,19260,14232,9293,0,87,3137[CR],542375343
C,30196,3250,9293,0,1,2510[CR],542375781
F,19360,13664,9293,0,0,2576[CR],542376218
C,28908,3252,9293,0,0,2596[CR],542376546
F,19430,13718,9293,0,0,2605[CR],542376984
C,28820,3254,9293,0,0,2610[CR],542377312
F,19448,13752,9293,0,0,2616[CR],542377750
C,28760,3250,9293,0,0,2621[CR],542378078
F,19456,13777,9293,0,0,2632[CR],542378515
A,34984,19446,9293,0,0,2639[CR],542378953
F,19440,13796,9293,4,0,2829[CR],542379281
C,28664,3264,9293,7,0,3114[CR],542379718
F,19460,13816,9293,9,0,3723[CR],542380046
C,28648,3254,9293,15,0,4304[CR],542380484
F,19464,13860,9293,17,0,4643[CR],542380812
C,28684,3236,9293,16,0,4913[CR],542381250
F,19462,13897,9293,13,0,5248[CR],542381687
C,28712,3260,9293,13,1,5749[CR],542382015
F,19460,13985,9293,10,0,6302[CR],542382453
C,28884,3264,9293,10,0,6920[CR],542382781
F,19464,14194,9293,9,0,7566[CR],542383218
C,29348,3252,9293,10,3,8189[CR],542383546
F,19468,14568,9293,13,398,8748[CR],542383984
C,30320,3268,9297,16,477,9140[CR],542384312
F,19384,14540,9306,19,489,9245[CR],542384750
A,35020,19252,9314,21,472,9244[CR],542385187
F,19212,14651,9321,16,471,9323[CR],542385515
C,34000,3236,9329,20,481,9412[CR],542385953
F,18960,17838,9337,19,479,9395[CR],542386281
C,34344,3134,9346,19,477,9380[CR],542386718
F,19432,14861,9354,21,480,9383[CR],542387046
C,34196,3220,9361,17,483,9403[CR],542387484
F,19436,15266,9370,19,483,9442[CR],542387921
C,34508,3226,9378,22,485,9447[CR],542388250
F,19346,15538,9385,18,480,9465[CR],542388687
C,34120,3218,9393,20,465,9495[CR],542389015
F,19268,15721,9400,18,445,9553[CR],542389453
C,34604,3220,9408,20,472,9581[CR],542389781
F,19204,15730,9416,24,484,9520[CR],542390218
C,35420,3232,9424,17,473,9487[CR],542390656
F,19162,17088,9432,20,479,9512[CR],542390984
A,35032,19040,9439,21,482,9538[CR],542391421
F,19300,19240,9446,21,492,9550[CR],542391750
C,34300,3234,9454,18,483,9551[CR],542392187
F,19270,17912,9461,18,478,9569[CR],542392515
C,34536,3226,9468,17,468,9603[CR],542392953
F,19310,16712,9474,13,469,9633[CR],542393390
C,35064,3234,9481,19,477,9603[CR],542393718
F,19244,16852,9487,14,476,9592[CR],542394156
C,34460,3246,9495,22,491,9562[CR],542394484
F,19192,18690,9503,19,474,9533[CR],542394921
C,32960,3256,9510,16,480,9586[CR],542395140
L,6302,10572,9513,18,475,9576[CR],542395250
F,19252,18238,9516,17,472,9596[CR],542395687
C,33300,3244,9522,14,467,9604[CR],542396125
F,19180,17716,9529,16,453,9621[CR],542396468
C,33208,3236,9534,14,459,9635[CR],542396890
F,19456,19008,9540,17,464,9626[CR],542397218
A,34988,19392,9547,16,478,9613[CR],542397656
F,19498,19656,9554,20,476,9579[CR],542398031
C,33344,3288,9561,17,471,9576[CR],542398421
F,19536,18866,9568,19,472,9595[CR],542398859
C,33240,3280,9575,15,475,9605[CR],542399187
F,19566,17608,9582,17,469,9587[CR],542399625
C,33360,3276,9589,19,473,9576[CR],542399953
F,19386,17390,9596,17,461,9554[CR],542400390
C,32980,3260,9602,17,472,9577[CR],542400718
F,19318,17790,9609,15,471,9601[CR],542401156
C,33264,3244,9615,17,472,9584[CR],542401593
F,19186,17424,9623,20,482,9556[CR],542401921
C,32276,3242,9631,20,477,9558[CR],542402359
F,19348,16029,9638,14,472,9611[CR],542402687
C,32496,3242,9645,17,471,9621[CR],542403125
F,19148,14971,9652,14,463,9608[CR],542403453
A,34992,19316,9658,15,465,9619[CR],542403890
F,19536,16504,9664,13,465,9614[CR],542404328
C,31600,3256,9671,15,463,9599[CR],542404656
F,19430,16255,9676,12,462,9583[CR],542405093
C,31204,3260,9683,14,453,9585[CR],542405421
F,19500,15912,9688,13,459,9633[CR],542405859
C,31092,3260,9694,15,451,9605[CR],542406187
F,19600,15723,9700,14,453,9604[CR],542406625
C,30316,3278,9706,16,448,9598[CR],542406968
F,19606,15517,9712,14,444,9605[CR],542407390
C,30124,3280,9718,16,450,9610[CR],542407828
F,19502,15086,9724,14,450,9613[CR],542408156
C,30128,3278,9729,15,450,9625[CR],542408593
F,19568,15200,9735,14,450,9636[CR],542408921
C,29872,3318,9740,13,448,9674[CR],542409359
F,19468,17004,9746,14,455,9724[CR],542409796
A,34996,19624,9751,12,450,9741[CR],542410125
F,19604,17770,9756,13,438,9757[CR],542410562
C,29584,3298,9761,11,432,9767[CR],542410890
F,19536,17066,9764,9,428,9767[CR],542411328
C,29604,3294,9768,7,232,9767[CR],542411656
F,19638,16666,9768,1,0,9681[CR],542412093
C,28084,3284,9768,1,0,9650[CR],542412531
F,19696,16908,9768,0,0,9636[CR],542412859
C,27444,3290,9768,0,0,9626[CR],542413406
Z,0,0,9768,0,0,9616[CR],542413625
C,27236,3280,9768,0,0,9607[CR],542414171
Z,0,0,9768,0,0,9602[CR],542414390
C,27124,3288,9768,0,0,9597[CR],542414828
F,19710,17054,9768,0,0,9592[CR],542415265
C,27048,3306,9768,0,0,9589[CR],542415593
F,19704,17068,9768,0,0,9585[CR],542416031
A,35048,19710,9768,0,0,9580[CR],542416359
F,19692,17088,9768,0,0,9578[CR],542416796
C,26984,3280,9768,0,0,9413[CR],542417234
Z,0,0,9768,0,0,6855[CR],542417562
C,26872,3298,9768,0,0,5591[CR],542418000
F,19688,17000,9768,0,2,4263[CR],542418328
C,26320,3280,9768,0,26,1671[CR],542418765
F,19678,12665,9768,0,1,35544[CR],542419093
C,11157,3278,9768,0,0,35544[CR],542419640
Z,0,0,9768,0,0,35544[CR],542419859
C,11233,3284,9768,0,0,35544[CR],542420328
F,18004,12675,9768,0,1,35544[CR],542420656
C,11247,3284,9768,0,0,35544[CR],542421093
F,18628,12675,9768,0,0,35544[CR],542421546
C,11254,3284,9768,0,0,35544[CR],542421984
Z,0,0,9768,0,0,35544[CR],542422203
A,35004,19232,9768,0,0,35544[CR],542422640
F,19282,12677,9768,0,0,35544[CR],542423203
Z,0,0,9768,0,0,35544[CR],542423640
Z,0,0,9768,0,0,35544[CR],542423859
C,11262,3306,9768,0,1,35544[CR],542424328
Z,0,0,9768,0,0,35544[CR],542424796
Z,0,0,9768,0,0,35544[CR],542425359
Z,0,0,9768,0,0,35544[CR],542425828
Z,0,0,9768,13,145,3001[CR],542426281
Z,0,0,9768,2,0,2494[CR],542426828
Z,0,0,9768,1,0,2496[CR],542427281
Z,0,0,9768,0,0,2496[CR],542427843
Z,0,0,9768,0,0,2491[CR],542428390
Z,0,0,9768,0,0,2495[CR],542428843
Z,0,0,9768,0,0,2493[CR],542429390
Z,0,0,9768,0,270,2492[CR],542429828
Z,0,0,9768,0,0,2487[CR],542430375
Z,0,0,9768,0,346,2491[CR],542430812
Z,0,0,9768,0,0,2491[CR],542431359
Z,0,0,9768,0,0,2490[CR],542431906
Z,0,0,9768,0,0,2486[CR],542432343
Z,0,0,9768,0,0,2491[CR],542432890
Z,0,0,9768,0,0,2492[CR],542433437
Z,0,0,9768,0,0,2491[CR],542433875
Z,0,0,9768,0,0,2492[CR],542434421
Z,0,0,9768,0,0,2491[CR],542434859
Z,0,0,9768,0,0,2491[CR],542435406
Z,0,0,9768,0,0,2492[CR],542435953
Z,0,0,9768,0,0,2492[CR],542436390
Z,0,0,9768,0,0,2491[CR],542436937
Z,0,0,9768,0,0,2491[CR],542437375
Z,0,0,9768,0,0,2492[CR],542437921
Z,0,0,9768,0,0,2491[CR],542438468
Z,0,0,9768,0,0,2491[CR],542438906
Z,0,0,9768,0,0,2492[CR],542439453
Z,0,0,9768,0,0,2491[CR],542439890
Z,0,0,9768,0,9,2490[CR],542440437
Z,0,0,9768,0,0,2492[CR],542440984
Z,0,0,9768,0,0,2492[CR],542441421
Z,0,0,9768,0,0,2491[CR],542441968
Z,0,0,9768,0,0,2493[CR],542442406
Z,0,0,9768,0,0,2492[CR],542442953
Z,0,0,9768,0,0,2492[CR],542443500
Z,0,0,9768,0,0,2494[CR],542443937
Z,0,0,9768,0,0,2468[CR],542444484
Z,0,0,9768,0,0,2487[CR],542444921
Z,0,0,9768,0,0,2488[CR],542445468
Z,0,0,9768,0,0,2486[CR],542446015
Z,0,0,9768,0,0,2484[CR],542446453
Z,0,0,9768,0,0,2485[CR],542447000
Z,0,0,9768,0,0,2487[CR],542447437
Z,0,0,9768,0,0,2488[CR],542447984
Z,0,0,9768,0,0,2489[CR],542448421
Z,0,0,9768,0,0,2486[CR],542448968
Z,0,0,9768,0,0,2483[CR],542449515
Z,0,0,9768,0,0,2490[CR],542449953
Z,0,0,9768,0,0,2491[CR],542450500
Z,0,0,9768,0,0,2492[CR],542450937
Z,0,0,9768,0,385,2494[CR],542451484
Z,0,0,9768,0,0,2498[CR],542451921
Z,0,0,9768,0,364,2514[CR],542452468
Z,0,0,9768,60,0,2501[CR],542453015
Z,0,0,9768,60,0,2497[CR],542453453
Z,0,0,9768,64,188,2498[CR],542454000
Z,0,0,9768,18,0,2732[CR],542454437
Z,0,0,9768,2,0,4937[CR],542454984
Z,0,0,9768,1,0,5212[CR],542455093
C,11287,3286,9768,1,0,5201[CR],542455421
F,19670,12685,9768,0,0,5205[CR],542455968
Z,0,0,9768,0,0,5208[CR],542456515
Z,0,0,9768,0,0,5221[CR],542456953
Z,0,0,9768,0,0,5220[CR],542457500
Z,0,0,9768,4,0,4321[CR],542457828
F,19666,12686,9768,1,0,3547[CR],542458156
C,11549,3296,9768,1,0,3510[CR],542458593
F,19680,12685,9768,0,0,3495[CR],542459140
Z,0,0,9768,0,0,3479[CR],542459359
F,19672,12685,9768,0,0,3468[CR],542459796
A,35068,19670,9768,0,0,3461[CR],542460125
F,19656,12686,9768,0,0,3454[CR],542460562
C,11542,3294,9768,0,0,3451[CR],542460890
F,19670,12685,9768,0,0,3445[CR],542461328
C,11541,3292,9768,0,0,3442[CR],542461875
Z,0,0,9768,17,1,3779[CR],542462093
C,11541,3298,9768,17,0,4384[CR],542462531
F,19680,12684,9768,18,0,4668[CR],542462859
C,11645,3296,9768,19,60,4955[CR],542463296
F,19680,12685,9768,14,104,5400[CR],542463625
C,11792,3280,9768,16,97,6080[CR],542464062
F,19652,12687,9768,18,430,6745[CR],542464500
C,12232,3282,9768,18,414,7151[CR],542464828
F,20600,12690,9768,15,398,7619[CR],542465265
C,17466,3274,9774,19,425,8098[CR],542465593
F,19676,12718,9781,18,455,8468[CR],542466031
A,35080,19588,9789,20,470,8695[CR],542466375
F,19590,13093,9796,18,472,8849[CR],542466796
C,27592,3292,9805,20,476,8970[CR],542467125
F,19708,13674,9812,21,474,9050[CR],542467562
C,28224,3308,9820,19,487,9126[CR],542468000
F,19534,13600,9828,21,476,9145[CR],542468328
C,27928,3388,9836,19,476,9183[CR],542468765
F,19588,14238,9843,17,474,9237[CR],542469093
C,27444,3302,9850,18,472,9281[CR],542469531
F,19676,14520,9857,15,467,9302[CR],542469968
C,27328,3322,9862,15,460,9328[CR],542470296
F,19684,14836,9867,12,438,9362[CR],542470734
C,27116,3288,9871,8,424,9384[CR],542471062
F,19710,14934,9874,7,400,9366[CR],542471500
C,26808,3296,9876,5,380,9364[CR],542471828
F,19688,14913,9878,3,331,9355[CR],542472265
A,35080,19676,9879,3,335,9358[CR],542472703
F,19706,15070,9880,3,349,9367[CR],542473031
C,26368,3306,9881,3,322,9362[CR],542473468
F,19730,15034,9883,3,328,9360[CR],542473796
C,26412,3298,9884,2,341,9366[CR],542474234
F,19732,15091,9885,2,298,9362[CR],542474562
C,26408,3296,9886,2,302,9385[CR],542475000
F,19752,15171,9887,3,290,9411[CR],542475437
C,26264,3310,9888,2,268,9421[CR],542475765
F,19716,15152,9889,2,275,9424[CR],542476203
C,26224,3294,9889,1,82,9410[CR],542476531
F,19742,15159,9889,1,0,9238[CR],542477078
Z,0,0,9889,1,0,7025[CR],542477296
F,19730,15201,9889,0,36,4391[CR],542477703
C,24816,3320,9889,0,316,2579[CR],542478171
F,19736,14378,9889,0,527,750[CR],542478500
A,35056,17032,9889,0,0,35544[CR],542478937
F,16788,12683,9889,0,0,35544[CR],542479281
C,11140,3284,9889,79,352,2213[CR],542479734
F,17322,12686,9889,172,541,5441[CR],542480078
C,11861,3324,9912,147,536,8022[CR],542480406
F,20032,12694,9954,94,531,8950[CR],542480843
C,27036,3322,9985,68,523,9122[CR],542481203
F,19558,12751,10011,57,521,9249[CR],542481687
C,27172,3334,10031,43,509,9328[CR],542482015
F,19668,13687,10040,5,216,9365[CR],542482453
C,27728,3346,10040,1,0,9263[CR],542482781
F,19762,14392,10040,1,7,5829[CR],542483218
C,26080,3342,10040,0,291,3013[CR],542483546
F,19814,13664,10040,0,0,968[CR],542483984
C,21454,3334,10040,0,0,35544[CR],542484312
F,19720,12682,10040,68,221,1809[CR],542484765
A,35052,19822,10040,172,478,4481[CR],542485203
F,19926,12686,10070,57,526,9100[CR],542485609
C,27568,3364,10092,51,513,9300[CR],542485968
F,19674,14008,10107,34,502,9392[CR],542486312
C,29008,3336,10119,28,484,9394[CR],542486671
F,19784,14462,10129,22,480,9458[CR],542487093
C,29196,3336,10136,16,454,9477[CR],542487437
F,19792,14704,10141,13,455,9499[CR],542487859
C,29288,3344,10144,4,174,9474[CR],542488296
F,19824,15002,10144,1,0,9324[CR],542488625
C,28332,3332,10144,0,0,5330[CR],542489062
F,19862,15068,10144,0,347,2618[CR],542489390
C,26572,3334,10144,0,469,699[CR],542489828
F,19940,12676,10144,0,496,35544[CR],542490265
C,10657,3330,10144,0,0,35544[CR],542490703
Z,0,0,10144,34,0,2390[CR],542491031
A,35072,18134,10144,206,526,4532[CR],542491359
F,18340,12683,10163,147,541,7889[CR],542491796
C,14876,3374,10198,64,541,9186[CR],542492234
F,19422,17568,10220,49,531,9352[CR],542492578
C,28600,3332,10235,29,512,9412[CR],542492937
F,19734,18036,10247,25,496,9445[CR],542493375
C,28216,3286,10257,21,478,9477[CR],542493703
F,19868,17756,10257,2,183,9373[CR],542494140
C,27572,3280,10259,8,355,9335[CR],542494578
F,19922,17734,10259,1,33,9312[CR],542494906
C,27000,3284,10259,1,0,9258[CR],542495343
F,19930,17696,10259,0,0,9235[CR],542495671
C,26504,3294,10259,0,0,9219[CR],542496218
Z,0,0,10259,0,22,9054[CR],542496656
Z,0,0,10259,0,136,4660[CR],542496875
F,19942,17742,10259,0,0,3202[CR],542497203
A,35064,19926,10259,0,0,2609[CR],542497640
F,19920,16996,10259,0,0,2473[CR],542498078
C,24268,3294,10259,0,0,2520[CR],542498421
F,19932,17018,10259,0,0,2542[CR],542498953
Z,0,0,10259,0,0,2559[CR],542499171
F,19924,17060,10259,0,0,2570[CR],542499609
C,24162,3284,10259,0,0,2578[CR],542499937
F,19934,17092,10259,0,0,2587[CR],542500484
Z,0,0,10259,0,0,2594[CR],542500937
Z,0,0,10259,0,0,2602[CR],542501140
C,24098,3264,10259,0,0,2606[CR],542501578
F,19934,17142,10259,0,0,2611[CR],542501906
C,24072,3298,10259,0,0,2902[CR],542502343
F,19928,17164,10259,9,0,3262[CR],542502671
C,24052,3284,10259,17,0,3973[CR],542503109
F,19932,17202,10259,19,0,4346[CR],542503546
A,35088,19930,10259,17,0,4645[CR],542503875
F,19922,17250,10259,16,0,4974[CR],542504312
C,24076,3298,10259,15,0,5522[CR],542504640
F,19940,17348,10259,12,0,6095[CR],542505078
C,24164,3284,10259,12,0,6830[CR],542505406
F,19934,17576,10259,11,0,7582[CR],542505843
C,24466,3298,10259,14,9,8309[CR],542506281
F,19942,18134,10260,16,453,8944[CR],542506609
C,25880,3306,10267,20,465,9231[CR],542507046
F,19874,17842,10274,15,445,9335[CR],542507375
C,27552,3294,10279,15,462,9449[CR],542507812
F,19896,17676,10285,13,459,9432[CR],542508140
C,27528,3308,10290,16,454,9427[CR],542508578
F,19882,17274,10296,14,447,9424[CR],542508921
C,27524,3288,10301,11,447,9436[CR],542509343
F,19884,17010,10307,14,451,9429[CR],542509781
A,35060,19888,10312,12,444,9445[CR],542510109
F,19882,14956,10317,13,448,9457[CR],542510546
C,27408,3276,10322,11,438,9459[CR],542510875
F,19910,14812,10325,7,412,9474[CR],542511312
C,27220,3298,10328,8,398,9467[CR],542511750
F,19920,14821,10331,6,367,9469[CR],542512078
C,27000,3294,10333,4,351,9476[CR],542512515
F,19950,14863,10335,5,397,9468[CR],542512843
C,26884,3298,10337,5,360,9475[CR],542513281
F,19932,14817,10338,4,368,9473[CR],542513609
C,26848,3294,10340,4,348,9479[CR],542514046
F,19938,14807,10342,3,360,9485[CR],542514484
C,26764,3288,10343,4,331,9480[CR],542514812
F,19956,14823,10345,3,308,9491[CR],542515250
C,26700,3292,10346,2,318,9496[CR],542515578
F,19946,14831,10347,2,318,9499[CR],542516015
A,35076,19956,10348,2,323,9493[CR],542516453
F,19944,14816,10349,2,316,9492[CR],542516781
C,26604,3284,10350,2,296,9499[CR],542517218
F,19968,14833,10351,2,316,9506[CR],542517546
C,26556,3308,10352,2,309,9502[CR],542517984
F,19962,14840,10353,3,298,9511[CR],542518312
C,26556,3298,10354,2,318,9521[CR],542518750
F,19980,14883,10356,3,312,9525[CR],542519187
C,26584,3318,10356,1,85,9504[CR],542519515
F,19974,14894,10356,1,0,9452[CR],542519953
C,26164,3312,10356,1,0,9430[CR],542520281
F,19978,14991,10356,1,0,9415[CR],542520718
C,25832,3322,10356,0,0,9403[CR],542521156
Z,0,0,10356,0,0,9393[CR],542521484
C,25692,3338,10356,0,0,9385[CR],542521921
F,19990,15059,10356,0,0,9379[CR],542522250
A,35088,19992,10356,0,0,9374[CR],542522687
F,19976,15103,10356,0,0,9368[CR],542523015
C,25512,3318,10356,0,0,9364[CR],542523562
Z,0,0,10356,0,0,9359[CR],542524000
Z,0,0,10356,0,0,9354[CR],542524218
F,19984,15133,10356,0,0,9351[CR],542524765
Z,0,0,10356,0,0,9347[CR],542525203
Z,0,0,10356,0,0,9344[CR],542525750
Z,0,0,10356,0,0,9340[CR],542526187
Z,0,0,10356,0,0,9338[CR],542526734
Z,0,0,10356,0,0,9334[CR],542527171
Z,0,0,10356,0,0,9330[CR],542527718
Z,0,0,10356,0,0,9327[CR],542528265
Z,0,0,10356,0,0,9319[CR],542528703
Z,0,0,10356,0,0,9309[CR],542529250
Z,0,0,10356,0,0,9298[CR],542529687
Z,0,0,10356,0,0,9285[CR],542530234
Z,0,0,10356,0,0,9275[CR],542530671
Z,0,0,10356,0,0,9263[CR],542531218
Z,0,0,10356,0,0,9253[CR],542531765
Z,0,0,10356,0,0,9239[CR],542532203
Z,0,0,10356,0,0,9229[CR],542532421
C,25008,3328,10356,0,0,9221[CR],542532968
Z,0,0,10356,0,0,9213[CR],542533406
Z,0,0,10356,0,0,9204[CR],542533953
Z,0,0,10356,0,0,9193[CR],542534390
Z,0,0,10356,0,0,9183[CR],542534937
Z,0,0,10356,0,0,9173[CR],542535375
Z,0,0,10356,0,2,9163[CR],542535921
Z,0,0,10356,0,0,9154[CR],542536468
Z,0,0,10356,0,0,9144[CR],542536906
Z,0,0,10356,0,0,9136[CR],542537453
Z,0,0,10356,0,0,9128[CR],542537890
Z,0,0,10356,0,0,9118[CR],542538437
Z,0,0,10356,0,0,9110[CR],542538984
Z,0,0,10356,0,0,9102[CR],542539421
Z,0,0,10356,0,0,9093[CR],542539968
Z,0,0,10356,0,0,9084[CR],542540406
Z,0,0,10356,0,0,9077[CR],542540953
Z,0,0,10356,0,0,9069[CR],542541390
Z,0,0,10356,0,0,9060
<PAUSE BUTTON 13:52:15>
[CR],542541718
>
Reset interface. Wait time for interface: 125
>
Reset interface. Wait time for interface: 250DOFF
OK
>
Command: DOFF Wait time for interface: 93

>
Reset interface. Wait time for interface: 47CLEAR
OK
>
Command: CLEAR Wait time for interface: 109

<END BUTTON 13:57:44>

------------------- Begin end zero test --------------------
>
Reset interface. Wait time for interface: 109SCAN E
Z,0,0,0,0,328,2509
C,12060,7892,0,0,334,2493[CR],542910937
F,12101,12682,0,0,308,2492[CR],542911265
C,12061,9246,0,0,359,2493[CR],542911703
F,12099,12683,0,0,355,2493[CR],542912140
C,12061,8188,0,0,352,2493[CR],542912484
F,12099,12683,0,0,344,2492[CR],542912937
C,12060,8026,0,0,335,2493[CR],542913281
F,12101,12683,0,0,342,2493[CR],542913625
C,12060,8642,0,0,364,2493[CR],542914078
F,12118,12683,0,0,362,2492[CR],542914406
C,12060,8222,0,0,361,2492[CR],542914859
F,12116,12682,0,0,359,2493[CR],542915187
C,12060,8303,0,0,360,2493[CR],542915625
F,12115,12684,0,0,340,2493[CR],542915968
A,35216,12119,0,0,348,2493[CR],542916406
F,12101,12684,0,0,358,2490[CR],542916734
C,12066,7642,0,0,353,2490[CR],542917187
F,12113,12682,0,0,337,2491[CR],542917515
C,12084,7830,0,0,360,2490[CR],542917968
F,12106,12683,0,0,334,2491[CR],542918296
C,12080,7862,0,0,335,2492[CR],542918734
F,12117,12683,0,0,350,2492[CR],542919171
C,12058,7630,0,0,349,2493[CR],542919500
F,12117,12683,0,0,356,2492[CR],542919937
C,12058,7782,0,0,362,2493[CR],542920265
F,12113,12683,0,0,363,2493[CR],542920703
C,12059,7914,0,0,328,2493[CR],542921031
F,12119,12682,0,0,357,2493[CR],542921468
C,12058,7736,0,0,344,2492[CR],542921906
F,12112,12682,0,0,358,2493[CR],542922234
A,35196,12119,0,0,324,2493[CR],542922671
F,12111,12683,0,0,342,2491[CR],542923000
C,12057,7760,0,0,320,2492[CR],542923437
F,12121,12684,0,0,326,2492[CR],542923875
C,12059,7632,0,0,328,2492[CR],542924203
F,12124,12683,0,0,326,2492[CR],542924640
C,12059,7556,0,0,322,2493[CR],542924968
F,12122,12683,0,0,319,2492[CR],542925406
C,12059,7592,0,0,362,2493[CR],542925734
F,12121,12683,0,0,327,2493[CR],542926171
C,12058,7530,0,0,345,2493[CR],542926609
F,12112,12683,0,0,344,2493[CR],542926937
C,12059,7706,0,0,344,2492[CR],542927375
F,12119,12682,0,0,335,2492[CR],542927703
C,12059,7396,0,0,352,2492[CR],542928140
F,12116,12683,0,0,318,2492[CR],542928468
A,35204,12114,0,0,348,2492[CR],542928906
F,12106,12683,0,0,306,2492[CR],542929234
C,12058,7680,0,0,343,2492[CR],542929671
F,12123,12683,0,0,327,2491[CR],542930109
C,12070,7162,0,0,302,2492[CR],542930437
F,12133,12682,0,0,319,2492[CR],542930875
C,12059,6940,0,0,336,2492[CR],542931203
F,12133,12685,0,0,315,2493[CR],542931640
C,12060,7514,0,0,319,2493[CR],542931968
F,12125,12682,0,0,309,2492[CR],542932406
C,12062,7250,0,0,303,2493[CR],542932843
F,12130,12683,0,0,321,2493[CR],542933171
C,12059,7298,0,0,323,2492[CR],542933609
F,12130,12683,0,0,312,2493[CR],542933937
C,12062,7214,0,0,305,2492[CR],542934375
F,12120,12683,0,0,300,2492[CR],542934703
>
Reset interface. Wait time for interface: 94

======== END OF TEST ========


