CPT-log version: 5.22
======== BEGIN OF TEST ========
DATE 10.10.2022

<Transmited Data>
<NEW BUTTON 11:37:27>
[^C][CR]
[^C][CR]
[^C][CR]
CLEAR[CR]
[^C][CR]
DOFF[CR]
[^C][CR]
SCANG[CR]
[^C][CR]
[^C][CR]
[^C][CR]
CLEAR[CR]

<START BUTTON 11:50:25>
[^C][CR]
[^C][CR]
DRON[CR]
SCANG[CR]
[^G][^G]
<PAUSE BUTTON 11:58:36>
[^C][CR]
[^C][CR]
DOFF[CR]
[^C][CR]
CLEAR[CR]

<END BUTTON 12:08:25>
[^C][CR]
SCANG[CR]
[^C][CR]
[^C][CR]


<Received Data>
 Sensor-Interface Version M240, Ser.No 2364            (c) GEOTECH AB 2009
>
<NEW BUTTON 11:37:27>

>
Reset interface. Wait time for interface: 31
>
Reset interface. Wait time for interface: 110
>
Reset interface. Wait time for interface: 109CLEAR
OK
>
Command: CLEAR Wait time for interface: 109

>
Reset interface. Wait time for interface: 110DOFF
OK
>
Command: DOFF Wait time for interface: 109

>
Reset interface. Wait time for interface: 125SCANG
Z,0,0,0,0
Z,0,0,0,0[CR],361750375
Z,0,0,0,0[CR],361750921
Z,0,0,0,0[CR],361751359
Z,0,0,0,0[CR],361751906
Z,0,0,0,0[CR],361752453
Z,0,0,0,0[CR],361752890
Z,0,0,0,0[CR],361753437
Z,0,0,0,0[CR],361753875
Z,0,0,0,0[CR],361754421
Z,0,0,0,0[CR],361754968
Z,0,0,0,0[CR],361755406
Z,0,0,0,0[CR],361755625
F,12115,12675,0,0[CR],361756062
C,12102,12271,0,0[CR],361756390
F,12133,12676,0,0[CR],361756828
C,12103,11374,0,0[CR],361757156
F,12125,12675,0,0[CR],361757609
C,12103,11680,0,0[CR],361757968
F,12127,12674,0,0[CR],361758328
C,12103,11821,0,0[CR],361758765
F,12129,12675,0,0[CR],361759125
C,12103,11720,0,0[CR],361759546
F,12129,12675,0,0[CR],361759984
C,12103,11979,0,0[CR],361760312
F,12138,12675,0,0[CR],361760750
C,12103,11793,0,0[CR],361761078
F,12135,12676,0,0[CR],361761531
A,37468,12133,0,0[CR],361761859
F,12120,12676,0,0[CR],361762296
C,12103,11762,0,0[CR],361762625
F,12131,12675,0,0[CR],361762953
>
Reset interface. Wait time for interface: 110
>
Reset interface. Wait time for interface: 16CLEAR
OK
>
Command: CLEAR Wait time for interface: 109

<START BUTTON 11:50:25>

>
Reset interface. Wait time for interface: 47
>
Reset interface. Wait time for interface: 109DRON
OK
>
Command: DRON Wait time for interface: 109
SCANG
C,27776,786,0,0
F,18372,14159,0,0[CR],362432546
C,27728,786,0,0[CR],362432984
F,18362,14156,0,0[CR],362433437
C,27688,784,0,0[CR],362433781
F,18358,14154,0,0[CR],362434109
C,27648,790,0,0[CR],362434578
F,18360,14154,0,0[CR],362434906
C,27612,782,0,0[CR],362435343
F,18362,14153,0,0[CR],362435796
C,27576,786,0,0[CR],362436125
F,18360,14152,0,0[CR],362436453
A,35120,18364,0,0[CR],362436890
F,18350,14152,0,0[CR],362437328
C,27508,788,0,0[CR],362437656
F,18362,14152,0,0[CR],362438093
C,27480,794,0,0[CR],362438421
F,18362,14152,0,0[CR],362438859
C,27452,784,0,0[CR],362439187
F,18360,14150,0,0[CR],362439625
C,27424,782,0,0[CR],362440062
F,18358,14150,0,0[CR],362440390
C,27400,778,0,0[CR],362440828
F,18362,14149,0,0[CR],362441156
C,27376,784,0,0[CR],362441593
F,18360,14148,0,0[CR],362441921
C,27352,778,0,0[CR],362442359
F,18356,14148,0,0[CR],362442796
A,35132,18362,0,0[CR],362443125
F,18346,14147,0,0[CR],362443562
C,27304,804,0,0[CR],362443890
F,18354,14146,0,0[CR],362444328
C,27284,800,0,0[CR],362444656
F,18354,14145,0,0[CR],362445093
C,27264,780,4,21[CR],362445531
F,18358,14335,11,13[CR],362445859
C,33224,806,17,18[CR],362446296
F,15082,15669,24,16[CR],362446625
C,35744,802,30,19[CR],362447062
F,16418,15352,37,16[CR],362447390
C,37596,818,46,22[CR],362447828
F,15762,15295,53,19[CR],362448265
C,38300,798,61,18[CR],362448593
F,17190,15299,69,20[CR],362449031
A,35076,17754,76,18[CR],362449359
F,18044,15344,84,19[CR],362449796
C,36716,772,91,21[CR],362450125
F,18144,14952,99,19[CR],362450562
C,36088,804,108,20[CR],362451000
F,17902,16072,115,16[CR],362451328
C,34368,794,122,19[CR],362451765
F,18166,16844,130,22[CR],362452093
C,34404,798,138,18[CR],362452531
F,17834,17320,146,20[CR],362452859
C,33852,802,153,16[CR],362453296
F,18094,16720,161,20[CR],362453734
C,33948,802,169,22[CR],362454062
F,18124,16792,177,18[CR],362454437
C,31796,798,184,19[CR],362454828
F,18122,19490,192,17[CR],362455265
A,35056,18190,200,19[CR],362455593
F,18248,18516,207,19[CR],362456031
C,32264,784,214,18[CR],362456468
F,18314,18222,222,19[CR],362456796
C,32336,798,229,20[CR],362457234
F,18232,18046,237,18[CR],362457562
C,32468,784,245,21[CR],362458000
F,18336,18428,252,18[CR],362458437
C,32576,802,260,19[CR],362458765
F,18260,16866,267,18[CR],362459203
C,32892,798,275,19[CR],362459531
F,18190,16518,283,21[CR],362459968
C,33100,796,290,18[CR],362460296
F,18162,16818,298,20[CR],362460734
C,33408,790,305,21[CR],362461171
F,18080,16766,313,19[CR],362461500
A,35016,18172,321,21[CR],362461937
F,18258,15135,328,17[CR],362462265
C,33752,784,336,19[CR],362462703
F,18380,14907,343,18[CR],362463031
C,34776,798,350,17[CR],362463468
F,18270,14787,357,20[CR],362463843
C,35908,808,365,18[CR],362464234
F,18346,14691,372,20[CR],362464671
C,36264,804,380,16[CR],362465000
F,18186,14708,387,18[CR],362465437
C,36408,798,394,20[CR],362465765
F,18216,14443,402,17[CR],362466203
C,37120,804,409,19[CR],362466640
F,18154,14244,416,17[CR],362466968
C,37316,824,423,19[CR],362467406
F,18142,15066,430,15[CR],362467734
A,35024,17904,438,19[CR],362468171
F,18050,15731,445,21[CR],362468500
C,37276,816,453,17[CR],362468937
F,18118,15410,460,19[CR],362469375
C,37212,832,467,17[CR],362469703
F,18250,15012,475,19[CR],362470140
C,37208,836,482,20[CR],362470468
F,18188,15425,490,17[CR],362470906
C,36612,844,497,20[CR],362471234
F,18112,14883,504,17[CR],362471671
C,36896,860,512,19[CR],362472109
F,18188,14902,519,16[CR],362472484
C,36492,830,527,19[CR],362472875
F,18218,14547,534,21[CR],362473203
C,36748,838,542,19[CR],362473640
F,18240,14979,549,20[CR],362473968
A,35008,18340,556,14[CR],362474343
F,18336,14484,564,18[CR],362474843
C,35868,818,571,20[CR],362475171
F,18186,14268,578,17[CR],362475609
C,36000,904,585,19[CR],362475937
F,18286,14869,592,17[CR],362476375
C,35532,810,600,19[CR],362476703
F,18078,14515,607,16[CR],362477140
C,35168,804,615,19[CR],362477578
F,18112,15535,622,19[CR],362477906
C,34368,830,629,18[CR],362478343
F,18040,15171,637,20[CR],362478671
C,33480,846,644,17[CR],362479109
F,18334,15125,652,18[CR],362479437
C,32868,914,658,19[CR],362479875
F,18388,14830,666,18[CR],362480312
A,34960,18538,673,19[CR],362480640
F,18514,16043,680,18[CR],362481078
C,31348,1016,687,19[CR],362481406
F,18624,15101,694,18[CR],362481843
C,30788,888,702,19[CR],362482187
F,18658,15163,709,19[CR],362482609
C,28800,894,712,4[CR],362482968
F,18284,15870,712,1[CR],362483375
C,27032,860,712,0[CR],362483812
F,18596,15791,712,0[CR],362484140
C,26328,850,712,0[CR],362484578
F,18660,15800,712,0[CR],362484906
C,26040,884,712,0[CR],362485343
F,18668,15815,712,0[CR],362485781
C,25892,872,712,0[CR],362486109
F,18672,15816,712,0[CR],362486546
A,34992,18672,712,0[CR],362486875
F,18658,15825,712,0[CR],362487312
C,25652,862,712,0[CR],362487640
F,18672,15837,712,0[CR],362488078
C,25552,872,712,0[CR],362488625
Z,0,0,712,0[CR],362489062
Z,0,0,712,0[CR],362489609
Z,0,0,712,0[CR],362490046
Z,0,0,712,0[CR],362490593
Z,0,0,712,0[CR],362491140
Z,0,0,712,0[CR],362491578
Z,0,0,712,0[CR],362492125
Z,0,0,712,0[CR],362492562
Z,0,0,712,0[CR],362493109
Z,0,0,712,0[CR],362493656
Z,0,0,712,0[CR],362494093
Z,0,0,712,0[CR],362494640
Z,0,0,712,0[CR],362495187
Z,0,0,712,0[CR],362495625
Z,0,0,712,0[CR],362496171
Z,0,0,712,0[CR],362496609
Z,0,0,712,0[CR],362497156
Z,0,0,712,0[CR],362497593
Z,0,0,712,0[CR],362498140
Z,0,0,712,0[CR],362498687
Z,0,0,712,0[CR],362499125
Z,0,0,712,0[CR],362499671
Z,0,0,712,0[CR],362500109
Z,0,0,712,0[CR],362500656
Z,0,0,712,0[CR],362501203
Z,0,0,712,0[CR],362501640
Z,0,0,712,0[CR],362502187
Z,0,0,712,0[CR],362502625
Z,0,0,712,0[CR],362503171
Z,0,0,712,0[CR],362503718
Z,0,0,712,0[CR],362504156
Z,0,0,712,0[CR],362504703
Z,0,0,712,0[CR],362505140
Z,0,0,712,0[CR],362505687
Z,0,0,712,2[CR],362506234
Z,0,0,712,1[CR],362506671
Z,0,0,712,0[CR],362507218
Z,0,0,712,0[CR],362507656
Z,0,0,712,0[CR],362508203
Z,0,0,712,0[CR],362508750
Z,0,0,712,0[CR],362509187
Z,0,0,712,0[CR],362509734
Z,0,0,712,0[CR],362510171
Z,0,0,712,0[CR],362510718
Z,0,0,712,0[CR],362511156
Z,0,0,712,0[CR],362511703
Z,0,0,712,0[CR],362512250
Z,0,0,712,0[CR],362512687
Z,0,0,712,0[CR],362513234
Z,0,0,712,0[CR],362513671
Z,0,0,712,0[CR],362514218
Z,0,0,712,0[CR],362514656
Z,0,0,712,0[CR],362515203
Z,0,0,712,0[CR],362515750
Z,0,0,712,0[CR],362516187
Z,0,0,712,0[CR],362516734
Z,0,0,712,0[CR],362517171
Z,0,0,712,79[CR],362517718
Z,0,0,712,68[CR],362518156
Z,0,0,712,86[CR],362518703
Z,0,0,712,15[CR],362518921
F,18640,14570,712,3[CR],362519359
C,22610,874,712,1[CR],362519687
F,18634,14626,712,0[CR],362520125
C,22618,872,712,0[CR],362520453
F,18642,14628,712,0[CR],362520890
C,22618,858,712,0[CR],362521328
F,18640,14627,712,0[CR],362521656
C,22614,868,712,0[CR],362522093
F,18632,14628,712,0[CR],362522421
C,22612,878,712,0[CR],362522859
F,18630,14628,712,0[CR],362523187
C,22610,864,712,0[CR],362523625
F,18632,14628,712,0[CR],362524062
A,35020,18628,712,0[CR],362524390
F,18616,14630,712,0[CR],362524828
C,22602,878,712,0[CR],362525156
F,18640,14629,712,0[CR],362525593
C,22596,882,712,0[CR],362525921
F,18636,14628,714,12[CR],362526359
C,22594,858,720,15[CR],362526796
F,18638,14645,725,12[CR],362527125
C,22660,870,730,12[CR],362527562
F,18642,14922,735,11[CR],362527890
C,23342,870,739,11[CR],362528328
F,18692,16074,746,20[CR],362528656
C,27844,920,753,16[CR],362529093
F,18556,15279,761,18[CR],362529500
C,27960,888,768,19[CR],362529859
F,18446,15332,775,18[CR],362530218
A,35040,18554,783,19[CR],362530625
F,18466,17300,790,18[CR],362531062
C,26260,884,798,19[CR],362531390
F,18334,17064,805,21[CR],362531828
C,25844,864,813,18[CR],362532265
F,17384,17742,821,21[CR],362532593
C,25720,868,828,17[CR],362533031
F,16642,17934,836,19[CR],362533359
C,25236,868,843,20[CR],362533796
F,17794,18154,850,18[CR],362534125
C,24972,888,858,22[CR],362534562
F,18062,18288,865,18[CR],362535000
C,24708,912,873,19[CR],362535328
F,18364,18528,880,19[CR],362535765
C,24656,906,888,18[CR],362536093
F,18370,18828,896,21[CR],362536531
A,35016,18394,903,17[CR],362536859
F,18406,19034,911,20[CR],362537296
C,24460,950,918,18[CR],362537734
F,18452,18506,926,18[CR],362538093
C,24398,928,933,20[CR],362538500
F,18476,18462,940,17[CR],362538843
C,24316,948,948,19[CR],362539265
F,18486,18604,955,16[CR],362539593
C,24218,940,962,17[CR],362540031
F,18328,18928,970,21[CR],362540468
C,24164,940,977,18[CR],362540796
F,18260,18678,985,20[CR],362541234
C,23968,942,992,15[CR],362541562
F,18130,18600,1000,19[CR],362542000
C,23894,938,1007,20[CR],362542328
F,18142,18308,1014,17[CR],362542765
A,35004,18294,1021,21[CR],362543203
F,18334,18014,1029,17[CR],362543531
C,23650,936,1036,18[CR],362543968
F,18612,17770,1043,16[CR],362544296
C,23668,948,1051,18[CR],362544734
F,18770,17548,1058,21[CR],362545062
C,23858,952,1066,17[CR],362545500
F,18862,17360,1073,19[CR],362545937
C,24168,946,1080,18[CR],362546265
F,18890,17154,1088,18[CR],362546703
C,24864,942,1094,19[CR],362547031
F,18884,16950,1102,16[CR],362547468
C,25788,954,1109,19[CR],362547812
F,18856,16834,1116,17[CR],362548250
C,27004,946,1123,19[CR],362548671
F,18828,16678,1130,16[CR],362549000
A,35016,18796,1138,18[CR],362549437
F,18782,16632,1144,15[CR],362549765
C,30256,952,1151,18[CR],362550203
F,18682,16736,1158,19[CR],362550531
C,31848,958,1165,17[CR],362550968
F,18326,17152,1172,18[CR],362551406
C,32964,952,1179,16[CR],362551734
F,17600,17508,1187,19[CR],362552171
C,33716,974,1194,16[CR],362552500
F,16936,17618,1202,19[CR],362552937
C,34332,966,1210,22[CR],362553265
F,16906,17670,1217,19[CR],362553703
C,34652,952,1225,21[CR],362554031
F,17444,17574,1233,22[CR],362554468
C,34908,946,1241,19[CR],362554906
F,18048,17722,1249,20[CR],362555234
A,35028,18232,1257,18[CR],362555671
F,18422,18282,1265,19[CR],362556000
C,34516,962,1272,22[CR],362556437
F,18702,17950,1280,19[CR],362556765
C,35068,986,1288,21[CR],362557203
F,18632,18338,1296,20[CR],362557640
C,35760,962,1304,19[CR],362557968
F,18672,17340,1311,21[CR],362558406
C,36812,1028,1319,19[CR],362558734
F,18726,16770,1327,19[CR],362559171
C,38024,1036,1335,22[CR],362559500
F,18648,16536,1342,18[CR],362559937
C,38436,1030,1350,19[CR],362560375
F,18706,16476,1357,17[CR],362560703
C,39788,1026,1365,19[CR],362561140
F,18618,16199,1372,22[CR],362561468
A,35072,18276,1380,19[CR],362561906
F,18320,17380,1388,21[CR],362562234
C,41000,1074,1395,17[CR],362562671
F,18312,18576,1404,19[CR],362563109
C,41672,1076,1412,21[CR],362563437
F,18554,17352,1420,19[CR],362563875
C,41856,1050,1428,20[CR],362564203
F,18674,19514,1435,22[CR],362564640
C,40800,1010,1443,18[CR],362564968
F,18306,15731,1451,21[CR],362565406
C,41328,1034,1459,20[CR],362565843
F,18904,16982,1468,21[CR],362566171
C,38104,946,1476,22[CR],362566609
F,18568,21234,1483,17[CR],362566953
C,37468,1028,1491,18[CR],362567375
F,18596,19064,1498,20[CR],362567703
A,35088,18402,1505,18[CR],362568140
F,18438,19862,1513,21[CR],362568578
C,41344,1128,1521,21[CR],362568906
F,18812,21640,1529,25[CR],362569343
C,41016,988,1538,20[CR],362569671
F,17944,23764,1545,18[CR],362570109
C,37432,904,1552,20[CR],362570437
F,17796,29740,1560,16[CR],362570875
C,39900,1070,1568,18[CR],362571312
F,18704,27136,1575,22[CR],362571640
C,42880,1078,1583,17[CR],362572078
F,18580,25036,1590,20[CR],362572406
C,44888,1046,1598,16[CR],362572843
F,18466,26192,1605,18[CR],362573171
C,45656,828,1615,25[CR],362573609
F,18588,29428,1622,13[CR],362574046
A,35072,18550,1629,19[CR],362574375
F,18282,37116,1636,20[CR],362574812
C,42848,1054,1644,18[CR],362575140
F,18382,34116,1652,22[CR],362575578
C,45896,790,1659,19[CR],362575906
F,18458,25076,1667,22[CR],362576343
C,49088,1280,1675,18[CR],362576781
F,18416,31200,1682,17[CR],362577187
C,47976,1116,1692,24[CR],362577546
F,18994,30452,1700,22[CR],362577906
C,45536,1202,1708,21[CR],362578312
F,18954,31416,1716,21[CR],362578656
C,41864,1182,1724,18[CR],362579078
F,19148,31620,1732,20[CR],362579515
C,40880,1188,1740,22[CR],362579843
F,18922,29688,1748,18[CR],362580281
A,35040,18926,1756,19[CR],362580609
F,19222,29460,1765,23[CR],362581046
C,39980,900,1773,19[CR],362581375
F,19198,20844,1781,21[CR],362581812
C,38972,1206,1788,21[CR],362582250
F,19026,20392,1796,19[CR],362582578
C,38564,608,1804,21[CR],362583015
F,18720,20050,1811,17[CR],362583343
C,38152,1146,1819,19[CR],362583781
F,17970,20042,1826,21[CR],362584109
C,37644,1152,1834,18[CR],362584546
F,18634,19042,1842,19[CR],362584984
C,37776,1154,1849,18[CR],362585312
F,18272,16702,1858,19[CR],362585750
C,36780,1168,1865,21[CR],362586078
F,18682,16136,1872,17[CR],362586515
A,35072,18300,1880,19[CR],362586843
F,18592,16790,1887,16[CR],362587281
C,37260,1192,1894,17[CR],362587625
F,18800,16718,1901,15[CR],362588046
C,37896,1196,1909,19[CR],362588484
F,18702,17248,1917,21[CR],362588812
C,37656,1204,1925,17[CR],362589250
F,18654,17650,1933,19[CR],362589578
C,36916,1206,1940,22[CR],362590015
F,18818,17392,1948,19[CR],362590453
C,36612,1222,1956,20[CR],362590781
F,18938,18284,1964,19[CR],362591218
C,36268,1208,1973,20[CR],362591546
F,18844,17292,1980,21[CR],362591984
C,35056,1200,1988,19[CR],362592312
F,19026,17548,1996,19[CR],362592750
A,35112,18950,2003,22[CR],362593187
F,19032,17376,2011,18[CR],362593515
C,34364,1238,2019,22[CR],362593953
F,18890,17506,2027,16[CR],362594281
C,33156,1268,2035,19[CR],362594718
F,19050,18244,2043,23[CR],362595046
C,32520,1298,2050,18[CR],362595484
F,19116,17240,2058,20[CR],362595921
C,32236,1292,2066,22[CR],362596250
F,19108,17412,2074,19[CR],362596687
C,32156,1280,2082,20[CR],362597031
F,19018,17482,2089,19[CR],362597453
C,31948,1270,2097,19[CR],362597781
F,19058,17036,2105,22[CR],362598218
C,31968,1292,2113,19[CR],362598656
F,19176,16856,2121,21[CR],362598984
A,35040,19240,2128,17[CR],362599421
F,19198,18366,2136,19[CR],362599750
C,30720,1294,2144,21[CR],362600187
F,18988,18386,2152,18[CR],362600515
C,30432,1292,2159,20[CR],362600953
F,19024,18166,2167,22[CR],362601390
C,30700,1288,2175,19[CR],362601718
F,19076,17242,2182,22[CR],362602156
C,30368,1354,2190,17[CR],362602484
F,19102,19666,2198,19[CR],362602921
C,29604,1296,2205,21[CR],362603250
F,19204,19380,2212,17[CR],362603687
C,29408,1290,2219,18[CR],362604125
F,19198,18096,2227,24[CR],362604453
C,29516,1420,2237,22[CR],362604890
F,19098,18128,2245,19[CR],362605218
A,35116,19222,2252,17[CR],362605656
F,19186,18042,2259,16[CR],362606000
C,29756,1298,2266,15[CR],362606421
F,19204,16772,2274,21[CR],362606781
C,29960,1294,2281,21[CR],362607187
F,19272,16860,2289,18[CR],362607625
C,29824,1290,2297,19[CR],362607953
F,19216,16842,2304,16[CR],362608390
C,30036,1296,2311,17[CR],362608718
F,19294,16922,2319,16[CR],362609156
C,30416,976,2326,16[CR],362609593
F,19268,16258,2333,25[CR],362609921
C,30428,1298,2342,22[CR],362610359
F,19130,15767,2349,15[CR],362610687
C,31068,1308,2355,13[CR],362611125
F,19172,15988,2362,17[CR],362611453
A,35164,19276,2369,25[CR],362611890
F,19140,18290,2379,21[CR],362612328
C,30204,1262,2385,13[CR],362612656
F,19210,17370,2391,19[CR],362613093
C,28896,1274,2399,20[CR],362613421
F,19258,17746,2407,19[CR],362613859
C,29076,1274,2414,19[CR],362614296
F,19304,17460,2422,21[CR],362614687
C,29156,1268,2430,18[CR],362615062
F,19272,17420,2438,19[CR],362615406
C,28976,1310,2445,21[CR],362615828
F,19290,17482,2453,18[CR],362616156
C,28776,1316,2460,20[CR],362616562
F,19354,18236,2468,17[CR],362617031
C,28412,1312,2476,19[CR],362617359
F,19346,18238,2483,20[CR],362617796
A,35176,19358,2491,18[CR],362618125
F,19328,18240,2499,20[CR],362618562
C,28320,1302,2507,16[CR],362618890
F,19340,17918,2515,19[CR],362619328
C,28344,1334,2522,21[CR],362619765
F,19340,18132,2530,18[CR],362620093
C,28480,1324,2538,20[CR],362620531
F,19336,16065,2545,18[CR],362620859
C,28704,1328,2553,19[CR],362621296
F,19342,16079,2561,22[CR],362621625
C,28860,1320,2568,16[CR],362622062
F,19386,16166,2576,19[CR],362622500
C,28916,1326,2584,20[CR],362622828
F,19418,16434,2591,18[CR],362623265
C,28724,1330,2598,19[CR],362623593
F,19372,16388,2605,17[CR],362624031
A,35172,19348,2613,19[CR],362624359
F,19368,16038,2620,19[CR],362624796
C,28764,1334,2628,19[CR],362625234
F,19384,15923,2636,20[CR],362625578
C,28992,1318,2643,17[CR],362626000
F,19398,16189,2651,20[CR],362626328
C,29272,1328,2658,15[CR],362626765
F,19436,16019,2666,19[CR],362627093
C,29400,1334,2673,20[CR],362627531
F,19386,16003,2680,18[CR],362627968
C,29960,1326,2687,20[CR],362628296
F,19392,16126,2695,14[CR],362628734
C,30868,1352,2702,19[CR],362629062
F,19420,16326,2710,21[CR],362629500
C,31184,1384,2711,2[CR],362629828
F,19304,17422,2711,1[CR],362630265
A,35268,19510,2711,0[CR],362630703
F,19522,17574,2711,0[CR],362631031
C,28272,1382,2711,0[CR],362631468
F,19556,17654,2711,0[CR],362631796
C,28016,1386,2711,0[CR],362632234
F,19562,17712,2711,0[CR],362632562
C,27852,1366,2711,0[CR],362633000
F,19564,17754,2711,0[CR],362633546
Z,0,0,2711,0[CR],362633765
F,19566,17782,2711,0[CR],362634203
C,27528,1380,2711,0[CR],362634531
F,19538,16732,2711,0[CR],362634968
C,25636,1376,2711,0[CR],362635296
F,19506,14606,2711,0[CR],362635734
C,22504,1386,2711,0[CR],362636171
F,19550,14104,2711,0[CR],362636500
A,35240,19550,2711,0[CR],362636937
F,19540,13382,2711,0[CR],362637265
C,15745,1392,2711,0[CR],362637703
F,19474,12682,2711,0[CR],362638140
Z,0,0,2711,6[CR],362638687
Z,0,0,2711,1[CR],362638906
C,15607,1374,2711,1[CR],362639234
F,19560,12683,2711,0[CR],362639781
Z,0,0,2711,0[CR],362640218
Z,0,0,2711,0[CR],362640765
Z,0,0,2711,0[CR],362641312
Z,0,0,2711,0[CR],362641750
Z,0,0,2711,0[CR],362642296
Z,0,0,2711,0[CR],362642750
Z,0,0,2711,0[CR],362643281
Z,0,0,2711,0[CR],362643828
Z,0,0,2711,0[CR],362644265
Z,0,0,2711,0[CR],362644812
Z,0,0,2711,0[CR],362645250
Z,0,0,2711,0[CR],362645796
Z,0,0,2711,0[CR],362646343
Z,0,0,2711,0[CR],362646781
Z,0,0,2711,0[CR],362647328
Z,0,0,2711,0[CR],362647765
Z,0,0,2711,0[CR],362648312
Z,0,0,2711,0[CR],362648750
Z,0,0,2711,0[CR],362649296
Z,0,0,2711,0[CR],362649843
Z,0,0,2711,0[CR],362650281
Z,0,0,2711,0[CR],362650828
Z,0,0,2711,0[CR],362651265
Z,0,0,2711,0[CR],362651812
Z,0,0,2711,0[CR],362652359
Z,0,0,2711,0[CR],362652796
Z,0,0,2711,0[CR],362653343
Z,0,0,2711,0[CR],362653781
Z,0,0,2711,0[CR],362654328
Z,0,0,2711,0[CR],362654765
Z,0,0,2711,0[CR],362655312
Z,0,0,2711,0[CR],362655859
Z,0,0,2711,0[CR],362656296
Z,0,0,2711,0[CR],362656843
Z,0,0,2711,0[CR],362657281
Z,0,0,2711,0[CR],362657828
Z,0,0,2711,0[CR],362658375
Z,0,0,2711,0[CR],362658812
Z,0,0,2711,0[CR],362659359
Z,0,0,2711,0[CR],362659796
Z,0,0,2711,0[CR],362660343
Z,0,0,2711,0[CR],362660343
F,61736,32776,2711,0[CR],362660890
Z,0,0,2711,0[CR],362661437
Z,0,0,2711,0[CR],362661875
Z,0,0,2711,0[CR],362662421
Z,0,0,2711,0[CR],362662859
Z,0,0,2711,0[CR],362663406
Z,0,0,2711,0[CR],362663843
Z,0,0,2711,114[CR],362664390
Z,0,0,2711,86[CR],362664937
Z,0,0,2711,43[CR],362665046
F,19552,12690,2711,17[CR],362665375
C,15642,1386,2711,2[CR],362665812
F,19568,12689,2711,1[CR],362666250
C,15793,1386,2711,0[CR],362666578
F,19560,12690,2711,0[CR],362667015
C,15795,1376,2711,0[CR],362667343
F,19558,12689,2711,0[CR],362667781
A,35336,19562,2711,0[CR],362668109
F,19544,12689,2711,0[CR],362668546
C,15791,1394,2711,0[CR],362668984
F,19562,12688,2711,0[CR],362669312
C,15789,1386,2711,0[CR],362669750
F,19558,12690,2711,0[CR],362670078
C,15787,1384,2711,0[CR],362670515
F,19558,12690,2711,0[CR],362670843
C,15784,1390,2711,0[CR],362671281
F,19562,12689,2711,0[CR],362671609
C,15780,1388,2711,0[CR],362672046
F,19564,12688,2711,0[CR],362672484
C,15777,1386,2711,0[CR],362672812
F,19566,12690,2711,15[CR],362673250
C,15810,1386,2711,12[CR],362673578
F,19604,12695,2711,12[CR],362674015
A,35344,19620,2711,13[CR],362674453
F,19530,12857,2711,12[CR],362674781
C,19684,1396,2711,14[CR],362675218
F,19640,15221,2711,15[CR],362675546
C,23214,1382,2711,14[CR],362675984
F,19646,17448,2711,17[CR],362676312
C,28980,1394,2717,20[CR],362676750
F,19548,17514,2725,18[CR],362677187
C,30316,1380,2732,20[CR],362677515
F,19476,16640,2739,17[CR],362677953
C,31372,1386,2747,19[CR],362678281
F,19520,16438,2755,21[CR],362678718
C,31944,1386,2762,19[CR],362679046
F,19498,16462,2770,19[CR],362679484
C,32376,1386,2777,18[CR],362679921
F,19436,16253,2785,19[CR],362680250
A,35372,19382,2792,21[CR],362680687
F,19330,16153,2800,18[CR],362681015
C,32804,1388,2807,20[CR],362681453
F,19406,16190,2815,18[CR],362681781
C,33012,1386,2823,20[CR],362682218
F,19280,16102,2830,21[CR],362682656
C,32896,1384,2838,18[CR],362682984
F,19440,17080,2845,20[CR],362683421
C,32800,1386,2853,17[CR],362683750
F,19486,16698,2861,19[CR],362684187
C,32720,1382,2869,22[CR],362684515
F,19332,16349,2876,19[CR],362684953
C,32292,1382,2884,20[CR],362685390
F,19462,16648,2891,17[CR],362685718
C,31848,1374,2899,19[CR],362686156
F,19530,16101,2907,21[CR],362686484
A,35344,19504,2914,17[CR],362686921
F,19476,15930,2922,19[CR],362687250
C,31764,1378,2929,18[CR],362687687
F,19514,16396,2937,19[CR],362688125
C,32120,1382,2944,21[CR],362688453
F,19496,16444,2951,18[CR],362688890
C,32364,1378,2959,21[CR],362689218
F,19562,17262,2966,18[CR],362689656
C,32952,1386,2974,19[CR],362689984
F,19492,17126,2981,21[CR],362690421
C,33076,1382,2989,18[CR],362690859
F,19384,17054,2997,20[CR],362691187
C,33516,1400,3004,17[CR],362691625
F,19448,16866,3011,19[CR],362691953
C,33844,1388,3018,17[CR],362692390
F,19472,16720,3027,19[CR],362692718
A,35344,19546,3034,21[CR],362693156
F,19364,17050,3042,18[CR],362693593
C,32868,1398,3050,19[CR],362693921
F,19382,17812,3057,21[CR],362694359
C,32564,1382,3064,17[CR],362694687
F,19686,17660,3072,19[CR],362695125
C,31992,1388,3079,18[CR],362695453
F,19710,17656,3087,19[CR],362695890
C,31888,1392,3094,21[CR],362696328
F,19610,17452,3102,18[CR],362696656
C,31968,1396,3110,20[CR],362697093
F,19594,17312,3117,17[CR],362697421
C,32004,1394,3125,19[CR],362697859
F,19652,17312,3132,17[CR],362698187
C,31888,1388,3140,17[CR],362698625
F,19550,17022,3147,21[CR],362699062
A,35368,19560,3155,18[CR],362699421
F,19538,17098,3162,20[CR],362699828
C,31600,1388,3169,15[CR],362700156
F,19536,18020,3177,18[CR],362700640
C,31144,1400,3185,21[CR],362700921
F,19540,18358,3192,17[CR],362701359
C,30840,1396,3200,18[CR],362701687
F,19714,18472,3207,17[CR],362702125
C,30364,1406,3215,17[CR],362702562
F,19692,18478,3222,20[CR],362702890
C,30068,1390,3230,17[CR],362703328
F,19768,18024,3237,19[CR],362703656
C,28916,1418,3244,18[CR],362704093
F,19782,18190,3252,19[CR],362704421
C,28092,1412,3260,21[CR],362704859
F,19790,18278,3267,18[CR],362705296
A,35340,19790,3275,20[CR],362705625
F,19778,18328,3283,17[CR],362706062
C,27580,1400,3291,19[CR],362706390
F,19796,18362,3298,20[CR],362706828
C,27444,1406,3305,19[CR],362707156
F,19794,18390,3314,20[CR],362707593
C,27344,1388,3321,21[CR],362708031
F,19794,18410,3329,19[CR],362708359
C,27256,1402,3337,20[CR],362708812
F,19788,18428,3344,18[CR],362709125
C,27184,1410,3352,20[CR],362709562
F,19796,18438,3358,13[CR],362710031
C,27124,1394,3358,2[CR],362710328
F,19796,18446,3358,1[CR],362710765
C,27064,1418,3358,0[CR],362711093
F,19788,18452,3358,0[CR],362711531
A,35372,19790,3358,0[CR],362711859
F,19786,18458,3358,0[CR],362712296
C,26956,1392,3358,0[CR],362712625
F,19790,18464,3358,0[CR],362713062
C,26916,1396,3358,0[CR],362713500
F,19790,18468,3358,0[CR],362713828
C,26876,1414,3358,0[CR],362714265
F,19790,18472,3358,0[CR],362714593
C,26840,1410,3358,0[CR],362715031
F,19790,18474,3358,0[CR],362715359
C,26804,1408,3358,0[CR],362715796
F,19790,18478,3358,0[CR],362716234
C,26772,1392,3358,0[CR],362716562
F,19792,18478,3358,0[CR],362717000
C,26744,1408,3358,0[CR],362717328
F,19790,18480,3358,0[CR],362717765
A,35332,19790,3358,0[CR],362718093
F,19774,18482,3358,0[CR],362718531
C,26688,1396,3358,0[CR],362718859
F,19780,18482,3358,0[CR],362719296
C,26664,1396,3358,0[CR],362719734
F,19784,18482,3358,0[CR],362720062
C,26640,1406,3358,0[CR],362720500
F,19788,18484,3358,0[CR],362720937
C,26616,1402,3358,0[CR],362721265
F,19790,18474,3358,0[CR],362721703
C,26580,1388,3358,0[CR],362722031
F,19788,18432,3358,0[CR],362722468
C,26540,1432,3358,0[CR],362722796
F,19782,18424,3358,0[CR],362723234
C,26512,1428,3358,0[CR],362723671
F,19780,18418,3358,0[CR],362724000
A,35364,19784,3358,0[CR],362724437
F,19768,18416,3358,0[CR],362724765
C,26468,1424,3358,0[CR],362725203
F,19786,18410,3358,0[CR],362725531
C,26448,1428,3358,0[CR],362725968
F,19788,18398,3358,0[CR],362726406
C,26420,1424,3358,0[CR],362726734
F,19788,18314,3358,0[CR],362727171
C,26280,1402,3358,0[CR],362727500
F,19772,17386,3358,0[CR],362727937
C,25484,1420,3358,0[CR],362728265
F,19776,16924,3358,0[CR],362728703
C,25316,1434,3358,0[CR],362729140
F,19790,16910,3358,0[CR],362729468
C,25296,1406,3358,0[CR],362729906
F,19788,16906,3358,0[CR],362730234
A,35384,19792,3358,0[CR],362730671
F,19774,16904,3358,0[CR],362731000
C,25268,1404,3358,0[CR],362731437
F,19788,16904,3358,0[CR],362731875
C,25256,1412,3358,0[CR],362732203
F,19786,16902,3358,0[CR],362732640
C,25244,1420,3358,0[CR],362732968
F,19788,16902,3358,0[CR],362733406
C,25232,1424,3358,0[CR],362733734
F,19788,16898,3358,0[CR],362734171
C,25220,1412,3358,0[CR],362734609
F,19792,16896,3358,0[CR],362734937
C,25212,1432,3358,0[CR],362735375
F,19788,16896,3358,0[CR],362735703
C,25204,1428,3358,0[CR],362736140
F,19798,16892,3358,0[CR],362736468
A,35364,19792,3358,0[CR],362736906
F,19780,16894,3358,0[CR],362737343
C,25184,1436,3358,15[CR],362737671
F,19792,16892,3358,11[CR],362738109
C,25180,1454,3358,10[CR],362738437
F,19782,16922,3358,12[CR],362738875
C,25208,1438,3358,11[CR],362739203
F,19790,17088,3358,17[CR],362739640
C,25356,1442,3358,16[CR],362740078
F,19794,17370,3358,19[CR],362740406
C,25532,1428,3358,16[CR],362740843
F,19794,17604,3358,16[CR],362741171
C,25660,1420,3358,8[CR],362741609
F,19784,17682,3358,21[CR],362741937
C,25716,1428,3358,17[CR],362742375
F,19786,17794,3358,20[CR],362742812
A,35312,19782,3358,17[CR],362743140
F,19772,17826,3358,19[CR],362743578
C,25780,1432,3358,22[CR],362743906
F,19788,17838,3358,3[CR],362744343
C,25780,1428,3358,1[CR],362744671
F,19780,17838,3358,0[CR],362745109
C,25772,1406,3358,0[CR],362745546
F,19790,17834,3358,0[CR],362745875
C,25768,1430,3358,0[CR],362746312
F,19792,17830,3358,0[CR],362746640
C,25756,1428,3358,0[CR],362747078
F,19788,17826,3358,0[CR],362747406
C,25748,1424,3358,0[CR],362747843
F,19784,17824,3358,0[CR],362748281
C,25740,1406,3358,0[CR],362748609
F,19788,17820,3358,0[CR],362749046
A,35368,19788,3358,0[CR],362749375
F,19776,17818,3358,0[CR],362749812
C,25724,1424,3358,0[CR],362750140
F,19790,17814,3358,0[CR],362750578
C,25716,1418,3358,0[CR],362751015
F,19786,17808,3358,0[CR],362751343
C,25708,1424,3358,0[CR],362751781
F,19790,17806,3358,0[CR],362752109
C,25700,1432,3358,0[CR],362752546
F,19786,17802,3358,0[CR],362752875
C,25692,1416,3358,0[CR],362753312
F,19790,17798,3358,0[CR],362753640
C,25684,1432,3358,0[CR],362754078
F,19794,17794,3358,0[CR],362754515
C,25676,1452,3358,0[CR],362754843
F,19790,17790,3358,0[CR],362755281
A,35360,19796,3358,0[CR],362755609
F,19778,17786,3358,0[CR],362756046
C,25664,1446,3358,0[CR],362756375
F,19802,17784,3358,0[CR],362756812
C,25656,1440,3358,0[CR],362757250
F,19796,17780,3358,0[CR],362757578
C,25648,1424,3358,0[CR],362758015
F,19796,17776,3358,0[CR],362758343
C,25640,1440,3358,0[CR],362758781
F,19794,17772,3358,0[CR],362759109
C,25632,1430,3358,0[CR],362759546
F,19796,17768,3358,0[CR],362759984
C,25628,1422,3358,0[CR],362760328
F,19786,17764,3358,0[CR],362760765
C,25620,1412,3358,0[CR],362761093
F,19796,17760,3358,0[CR],362761531
A,35372,19800,3358,0[CR],362761859
F,19778,17758,3358,0[CR],362762296
C,25608,1430,3358,0[CR],362762734
F,19798,17754,3358,0[CR],362763062
C,25600,1432,3358,0[CR],362763500
F,19796,17750,3358,0[CR],362763828
C,25592,1424,3358,0[CR],362764265
F,19802,17746,3358,0[CR],362764593
C,25588,1412,3358,0[CR],362765031
F,19806,17742,3358,0[CR],362765468
C,25580,1450,3358,0[CR],362765796
F,19808,17738,3358,0[CR],362766234
C,25576,1428,3358,0[CR],362766562
F,19808,17734,3358,0[CR],362767000
C,25568,1432,3358,0[CR],362767328
F,19804,17730,3358,0[CR],362767765
A,35368,19802,3358,0[CR],362768203
F,19790,17728,3358,0[CR],362768531
C,25556,1436,3358,0[CR],362768968
F,19806,17726,3358,0[CR],362769296
C,25548,1440,3358,0[CR],362769734
F,19790,17720,3358,0[CR],362770062
C,25544,1424,3358,0[CR],362770500
F,19800,17716,3358,0[CR],362770937
C,25536,1438,3358,0[CR],362771265
F,19802,17714,3358,0[CR],362771703
C,25532,1440,3358,0[CR],362772031
F,19806,17710,3358,0[CR],362772468
C,25528,1442,3358,0[CR],362772796
F,19804,17706,3358,0[CR],362773234
C,25520,1424,3358,0[CR],362773671
F,19804,17702,3358,0[CR],362774000
A,35328,19792,3358,0[CR],362774437
F,19788,17698,3358,0[CR],362774765
C,25508,1420,3358,0[CR],362775203
F,19806,17694,3358,0[CR],362775531
C,25504,1456,3358,0[CR],362775968
F,19802,17692,3358,0[CR],362776406
C,25500,1440,3358,0[CR],362776734
F,19806,17688,3358,0[CR],362777171
C,25492,1440,3358,0[CR],362777500
F,19810,17684,3358,0[CR],362777937
C,25488,1458,3358,0[CR],362778265
F,19804,17682,3358,0[CR],362778703
C,25480,1448,3358,0[CR],362779140
F,19806,17678,3358,0[CR],362779468
C,25476,1454,3358,0[CR],362779906
F,19802,17674,3358,0[CR],362780234
A,35312,19798,3358,0[CR],362780671
F,19790,17670,3358,0[CR],362781000
C,25464,1438,3358,0[CR],362781437
F,19798,17668,3358,0[CR],362781875
C,25460,1428,3358,0[CR],362782203
F,19796,17662,3358,0[CR],362782640
C,25456,1462,3358,0[CR],362782968
F,19806,17662,3358,0[CR],362783406
C,25452,1454,3358,0[CR],362783734
F,19800,17656,3358,0[CR],362784171
C,25444,1462,3358,0[CR],362784500
F,19802,17654,3358,0[CR],362784937
C,25440,1452,3358,0[CR],362785375
F,19804,17650,3358,0[CR],362785703
C,25436,1432,3358,0[CR],362786140
F,19802,17646,3358,0[CR],362786468
A,35304,19800,3358,0[CR],362786906
F,19794,17644,3358,0[CR],362787343
C,25424,1450,3358,0[CR],362787671
F,19804,17640,3358,0[CR],362788109
C,25420,1446,3358,0[CR],362788437
F,19804,17636,3358,0[CR],362788875
C,25416,1442,3358,0[CR],362789203
F,19802,17634,3358,0[CR],362789640
C,25412,1432,3358,0[CR],362790078
F,19806,17630,3358,0[CR],362790406
C,25408,1450,3358,0[CR],362790843
F,19814,17628,3358,0[CR],362791171
C,25404,1442,3358,0[CR],362791609
F,19818,17624,3358,0[CR],362791937
C,25396,1442,3358,0[CR],362792375
F,19810,17620,3358,0[CR],362792812
A,35320,19810,3358,0[CR],362793140
F,19798,17618,3358,0[CR],362793578
C,25388,1460,3358,0[CR],362793906
F,19816,17614,3358,0[CR],362794343
C,25384,1460,3358,0[CR],362794671
F,19806,17612,3358,0[CR],362795109
C,25376,1468,3358,0[CR],362795437
F,19808,17608,3358,0[CR],362795875
C,25372,1470,3358,0[CR],362796312
F,19812,17604,3358,0[CR],362796640
C,25368,1466,3358,0[CR],362797078
F,19806,17602,3358,0[CR],362797406
C,25364,1470,3358,0[CR],362797843
F,19810,17598,3358,0[CR],362798171
C,25360,1460,3358,0[CR],362798609
F,19808,17594,3358,0[CR],362799046
A,35264,19808,3358,0[CR],362799375
F,19792,17592,3358,0[CR],362799812
C,25352,1462,3358,0[CR],362800140
F,19810,17590,3358,0[CR],362800578
C,25348,1460,3358,0[CR],362800906
F,19812,17586,3358,0[CR],362801343
C,25344,1444,3358,0[CR],362801781
F,19806,17582,3358,0[CR],362802109
C,25340,1460,3358,0[CR],362802546
F,19812,17580,3358,0[CR],362802875
C,25336,1456,3358,0[CR],362803312
F,19808,17576,3358,0[CR],362803750
C,25332,1456,3358,0[CR],362804078
F,19810,17574,3358,0[CR],362804515
C,25328,1462,3358,0[CR],362804843
F,19812,17570,3358,0[CR],362805281
A,35300,19814,3358,0[CR],362805609
F,19802,17568,3358,0[CR],362806046
C,25316,1474,3358,0[CR],362806484
F,19814,17566,3358,0[CR],362806812
C,25312,1464,3358,0[CR],362807359
Z,0,0,3358,0[CR],362807578
C,25308,1454,3358,0[CR],362808015
F,19814,17558,3358,0[CR],362808343
C,25304,1462,3358,0[CR],362808781
F,19822,17554,3358,0[CR],362809218
C,25300,1450,3358,0[CR],362809546
F,19818,17552,3358,0[CR],362809984
C,25296,1470,3358,0[CR],362810312
F,19816,17550,3358,0[CR],362810750
C,25292,1448,3358,0[CR],362811078
F,19816,17546,3358,0[CR],362811515
A,35292,19808,3358,0[CR],362811953
F,19802,17544,3358,0[CR],362812281
C,25284,1462,3358,0[CR],362812718
F,19824,17540,3358,0[CR],362813046
C,25280,1474,3358,0[CR],362813484
F,19826,17538,3358,0[CR],362813812
C,25276,1458,3358,0[CR],362814250
F,19824,17534,3358,0[CR],362814687
C,25272,1462,3358,0[CR],362815015
F,19818,17532,3358,0[CR],362815453
C,25272,1462,3358,0[CR],362815781
F,19814,17528,3358,0[CR],362816218
C,25268,1468,3358,0[CR],362816546
F,19826,17526,3358,0[CR],362816984
C,25260,1458,3358,0[CR],362817421
F,19824,17522,3358,0[CR],362817750
A,35244,19822,3358,0[CR],362818187
F,19812,17520,3358,0[CR],362818515
C,25252,1460,3358,0[CR],362818953
F,19820,17518,3358,0[CR],362819281
C,25252,1456,3358,0[CR],362819718
F,19820,17514,3358,0[CR],362820156
C,25248,1464,3358,0[CR],362820484
F,19816,17510,3358,0[CR],362820921
C,25244,1448,3358,0[CR],362821250
F,19824,17508,3358,0[CR],362821687
C,25240,1462,3358,0[CR],362822015
F,19820,17504,3358,0[CR],362822453
C,25236,1466,3358,0[CR],362822890
F,19822,17502,3358,0[CR],362823218
C,25232,1458,3358,0[CR],362823656
F,19820,17500,3358,0[CR],362823984
A,35236,19820,3358,0[CR],362824421
F,19810,17498,3358,0[CR],362824750
C,25224,1444,3358,0[CR],362825187
F,19818,17494,3358,0[CR],362825625
C,25220,1454,3358,0[CR],362825953
F,19820,17492,3358,0[CR],362826390
C,25216,1446,3358,0[CR],362826718
F,19818,17488,3358,0[CR],362827156
C,25216,1450,3358,0[CR],362827484
F,19824,17486,3358,0[CR],362827921
C,25208,1464,3358,0[CR],362828250
F,19814,17482,3358,0[CR],362828687
C,25208,1464,3358,0[CR],362829125
F,19818,17480,3358,0[CR],362829453
C,25204,1460,3358,0[CR],362829890
F,19822,17476,3358,0[CR],362830218
A,35228,19820,3358,0[CR],362830656
F,19802,17474,3358,0[CR],362830984
C,25196,1474,3358,0[CR],362831421
F,19818,17472,3358,0[CR],362831765
C,25192,1462,3358,0[CR],362832187
F,19818,17470,3358,0[CR],362832625
C,25188,1456,3358,0[CR],362832953
F,19826,17466,3358,0[CR],362833390
C,25184,1462,3358,0[CR],362833718
F,19824,17464,3358,0[CR],362834156
C,25184,1418,3358,0[CR],362834593
F,19824,17462,3358,0[CR],362834921
C,25180,1452,3358,0[CR],362835468
Z,0,0,3358,0[CR],362835687
C,25176,1464,3358,0[CR],362836125
F,19826,17456,3358,0[CR],362836562
A,35192,19820,3358,0[CR],362836890
F,19808,17454,3358,0[CR],362837328
C,25168,1452,3358,0[CR],362837656
F,19824,17450,3358,0[CR],362838093
C,25164,1464,3358,0[CR],362838421
F,19820,17448,3358,0[CR],362838859
C,25164,1444,3358,0[CR],362839296
F,19818,17444,3358,0[CR],362839625
C,25160,1460,3358,0[CR],362840062
F,19816,17442,3358,0[CR],362840390
C,25156,1464,3358,0[CR],362840828
F,19820,17440,3358,0[CR],362841156
C,25152,1450,3358,0[CR],362841593
F,19824,17438,3358,0[CR],362842031
C,25148,1446,3358,0[CR],362842359
F,19820,17434,3358,0[CR],362842796
A,35204,19830,3358,0[CR],362843125
F,19812,17434,3358,0[CR],362843562
C,25144,1450,3358,0[CR],362843890
F,19818,17432,3358,0[CR],362844328
C,25140,1432,3358,0[CR],362844765
F,19818,17428,3358,0[CR],362845093
C,25136,1456,3358,0[CR],362845531
F,19822,17424,3358,0[CR],362845859
C,25132,1438,3358,0[CR],362846296
F,19824,17424,3358,0[CR],362846625
C,25132,1430,3358,0[CR],362847062
F,19828,17422,3358,0[CR],362847500
C,25128,1450,3358,0[CR],362847828
F,19822,17418,3358,0[CR],362848265
C,25124,1470,3358,0[CR],362848593
F,19824,17416,3358,0[CR],362849031
A,35160,19820,3358,0[CR],362849359
F,19806,17412,3358,0[CR],362849796
C,25116,1454,3358,0[CR],362850125
F,19824,17410,3358,0[CR],362850562
C,25116,1470,3358,0[CR],362851000
F,19820,17408,3358,0[CR],362851328
C,25112,1458,3358,0[CR],362851765
F,19812,17404,3358,0[CR],362852093
C,25108,1460,3358,0[CR],362852531
F,19818,17404,3358,0[CR],362852859
C,25104,1462,3358,0[CR],362853296
F,19824,17400,3358,0[CR],362853734
C,25104,1458,3358,0[CR],362854062
F,19824,17398,3358,0[CR],362854500
C,25100,1462,3358,0[CR],362854828
F,19820,17394,3358,0[CR],362855265
A,35160,19816,3358,0[CR],362855593
F,19806,17394,3358,0[CR],362856031
C,25092,1464,3358,0[CR],362856468
F,19824,17390,3358,0[CR],362856796
C,25092,1448,3358,0[CR],362857234
F,19818,17390,3358,0[CR],362857562
C,25088,1450,3358,0[CR],362858000
F,19824,17386,3358,0[CR],362858437
C,25084,1456,3358,0[CR],362858781
F,19816,17382,3358,0[CR],362859203
C,25080,1442,3358,0[CR],362859531
F,19816,17382,3358,0[CR],362859968
C,25080,1466,3358,0[CR],362860296
F,19824,17378,3358,0[CR],362860734
C,25076,1476,3358,0[CR],362861171
F,19818,17376,3358,0[CR],362861500
A,35132,19816,3358,0[CR],362861937
F,19802,17374,3358,0[CR],362862265
C,25068,1462,3358,0[CR],362862703
F,19818,17372,3358,0[CR],362863031
C,25068,1450,3358,0[CR],362863468
F,19822,17370,3358,0[CR],362863906
C,25064,1438,3358,0[CR],362864234
F,19822,17368,3358,0[CR],362864671
C,25060,1442,3358,0[CR],362865000
F,19826,17364,3358,0[CR],362865437
C,25060,1442,3358,0[CR],362865765
F,19820,17364,3358,0[CR],362866203
C,25056,1470,3358,0[CR],362866640
F,19814,17360,3358,0[CR],362866968
C,25052,1444,3358,0[CR],362867406
F,19816,17360,3358,0[CR],362867734
A,35112,19820,3358,0[CR],362868171
F,19802,17356,3358,0[CR],362868500
C,25048,1458,3358,0[CR],362868937
F,19820,17354,3358,0[CR],362869265
C,25044,1456,3358,0[CR],362869703
F,19822,17352,3358,0[CR],362870140
C,25040,1448,3358,0[CR],362870468
F,19820,17348,3358,0[CR],362870906
C,25040,1442,3358,0[CR],362871234
F,19826,17348,3358,0[CR],362871671
C,25036,1444,3358,0[CR],362872109
F,19820,17344,3358,0[CR],362872437
C,25032,1446,3358,0[CR],362872875
F,19822,17342,3358,0[CR],362873203
C,25032,1448,3358,0[CR],362873640
F,19824,17338,3358,0[CR],362873968
A,35096,19824,3358,0[CR],362874406
F,19812,17338,3358,0[CR],362874734
C,25024,1446,3358,0[CR],362875171
F,19824,17336,3358,0[CR],362875609
C,25024,1464,3358,0[CR],362875937
F,19820,17334,3358,0[CR],362876375
C,25020,1460,3358,0[CR],362876703
F,19826,17330,3358,0[CR],362877140
C,25016,1446,3358,0[CR],362877578
Z,0,0,3358,0[CR],362877906
C,25016,1448,3358,0[CR],362878343
F,19824,17328,3358,0[CR],362878671
C,25012,1462,3358,0[CR],362879109
F,19822,17324,3358,0[CR],362879437
C,25008,1474,3358,0[CR],362879875
F,19824,17322,3358,0[CR],362880203
A,35116,19830,3358,0[CR],362880640
F,19820,17322,3358,0[CR],362881078
C,25004,1462,3358,0[CR],362881406
F,19826,17320,3358,0[CR],362881843
C,25000,1462,3358,0[CR],362882171
F,19832,17316,3358,0[CR],362882609
C,25000,1470,3358,0[CR],362883046
F,19828,17314,3358,0[CR],362883375
C,24996,1464,3358,0[CR],362883812
F,19828,17314,3358,0[CR],362884140
C,24992,1468,3358,0[CR],362884578
F,19824,17310,3358,0[CR],362884906
C,24992,1474,3358,0[CR],362885343
F,19830,17308,3358,0[CR],362885781
C,24988,1458,3358,0[CR],362886109
F,19832,17306,3358,0[CR],362886546
A,35080,19826,3358,0[CR],362886875
F,19810,17304,3358,0[CR],362887312
C,24980,1460,3358,0[CR],362887640
F,19824,17302,3358,0[CR],362888078
C,24980,1464,3358,0[CR],362888515
F,19828,17300,3358,0[CR],362888843
C,24976,1468,3358,0[CR],362889281
F,19828,17298,3358,0[CR],362889609
C,24976,1472,3358,0[CR],362890046
F,19824,17296,3358,0[CR],362890375
C,24972,1460,3358,0[CR],362890812
F,19826,17294,3358,0[CR],362891250
C,24972,1448,3358,0[CR],362891578
F,19818,17290,3358,0[CR],362892015
C,24968,1462,3358,0[CR],362892343
F,19816,17288,3358,0[CR],362892781
A,35072,19820,3358,0[CR],362893109
F,19808,17286,3358,0[CR],362893546
C,24960,1458,3358,0[CR],362893984
F,19814,17286,3358,0[CR],362894312
C,24960,1462,3358,0[CR],362894750
F,19820,17284,3358,0[CR],362895078
C,24956,1464,3358,0[CR],362895515
F,19822,17282,3358,0[CR],362895843
C,24956,1456,3358,0[CR],362896281
F,19822,17280,3358,0[CR],362896718
C,24952,1458,3358,0[CR],362897046
F,19826,17278,3358,0[CR],362897484
C,24952,1448,3358,0[CR],362897812
F,19830,17276,3358,0[CR],362898250
C,24948,1440,3358,0[CR],362898578
F,19818,17272,3358,0[CR],362899015
A,35040,19824,3358,0[CR],362899453
F,19812,17272,3358,0[CR],362899781
C,24944,1452,3358,0[CR],362900218
F,19826,17270,3358,0[CR],362900546
C,24940,1460,3358,0[CR],362900984
F,19836,17268,3358,0[CR],362901312
C,24936,1472,3358,0[CR],362901750
F,19832,17266,3358,0[CR],362902187
C,24936,1464,3358,0[CR],362902515
F,19826,17262,3358,0[CR],362902953
C,24932,1454,3358,0[CR],362903390
Z,0,0,3358,0[CR],362903718
C,24932,1464,3358,0[CR],362904046
F,19824,17258,3358,0[CR],362904484
C,24928,1458,3358,0[CR],362904921
F,19828,17256,3358,0[CR],362905250
A,35040,19836,3358,0[CR],362905687
F,19814,17256,3358,0[CR],362906015
C,24924,1460,3358,0[CR],362906453
F,19838,17256,3358,0[CR],362906781
C,24924,1442,3358,0[CR],362907218
F,19826,17252,3358,0[CR],362907656
C,24920,1448,3358,0[CR],362907984
F,19830,17252,3358,0[CR],362908421
C,24916,1448,3358,0[CR],362908859
Z,0,0,3358,0[CR],362909187
C,24916,1458,3358,0[CR],362909515
F,19836,17244,3358,0[CR],362909953
C,24912,1454,3358,0[CR],362910390
F,19830,17244,3358,0[CR],362910718
C,24908,1444,3358,0[CR],362911156
F,19832,17244,3358,0[CR],362911484
A,35032,19834,3358,0[CR],362911921
F,19822,17242,3358,0[CR],362912250
C,24904,1460,3358,0[CR],362912687
F,19830,17240,3358,0[CR],362913125
C,24904,1456,3358,0[CR],362913453
F,19826,17238,3358,0[CR],362913890
C,24900,1450,3358,0[CR],362914218
@,4662,3464,3358,0[CR],362914218
F,19830,17234,3358,0[CR],362914656
C,24900,1440,3358,0[CR],362914984
F,19826,17234,3358,0[CR],362915421
C,24896,1436,3358,0[CR],362915859
F,19828,17230,3358,0[CR],362916187
C,24896,1446,3358,0[CR],362916625
F,19830,17230,3358,0[CR],362916953
C,24892,1446,3358,0[CR],362917390
F,19828,17226,3358,0[CR],362917718
A,35024,19828,3358,0[CR],362917937
D,16838,18244,3358,0[CR],362918156
F,19820,17228,3358,0[CR],362918593
C,24888,1432,3358,0[CR],362918921
F,19828,17224,3358,0[CR],362919359
C,24884,1438,3358,0[CR],362919687
F,19834,17220,3358,0[CR],362920125
C,24884,1478,3358,0[CR],362920453
F,19830,17222,3358,0[CR],362920890
C,24880,1424,3358,0[CR],362921328
F,19832,17218,3358,0[CR],362921656
C,24880,1440,3358,0
<PAUSE BUTTON 11:58:36>
[CR],362922093
F,19834,17218,3358,0[CR],362922203
>
Reset interface. Wait time for interface: 266
>
Reset interface. Wait time for interface: 234DOFF
OK
>
Command: DOFF Wait time for interface: 78

>
Reset interface. Wait time for interface: 109CLEAR
OK
>
Command: CLEAR Wait time for interface: 109

<END BUTTON 12:08:25>

------------------- Begin end zero test --------------------
>
Reset interface. Wait time for interface: 78SCANG
Z,0,0,0,0
F,11981,12688,0,0[CR],363514687
C,12043,7956,0,0[CR],363515015
F,11977,12688,0,0[CR],363515453
C,12044,7994,0,0[CR],363515781
F,11968,12689,0,0[CR],363516250
C,12044,7884,0,0[CR],363516578
F,11969,12688,0,0[CR],363516937
C,12043,7836,0,0[CR],363517375
F,11973,12689,0,0[CR],363517812
A,35012,11974,0,0[CR],363518156
F,11963,12689,0,0[CR],363518484
C,12043,7828,0,0[CR],363518937
F,11970,12689,0,0[CR],363519281
C,12044,8054,0,0[CR],363519734
F,11971,12689,0,0[CR],363520062
C,12044,7624,0,0[CR],363520500
F,11975,12689,0,0[CR],363520843
C,12045,7846,0,0[CR],363521281
F,11985,12689,0,0[CR],363521640
C,12060,7848,0,0[CR],363522093
F,12049,12688,0,0[CR],363522421
C,12043,7974,0,0[CR],363522859
F,12014,12690,0,0[CR],363523187
C,12040,7992,0,0[CR],363523625
F,12012,12689,0,0[CR],363524062
A,34984,12002,0,0[CR],363524390
F,11988,12690,0,0[CR],363524828
C,12040,8094,0,0[CR],363525156
F,12004,12691,0,0[CR],363525593
C,12040,7950,0,0[CR],363525921
F,12003,12691,0,0[CR],363526359
C,12040,7932,0,0[CR],363526796
F,11998,12689,0,0[CR],363527125
C,12077,8072,0,0[CR],363527562
F,12167,12707,0,0[CR],363527890
C,12054,7724,0,0[CR],363528328
F,12071,12692,0,0[CR],363528656
C,12036,7992,0,0[CR],363529093
F,12066,12692,0,0[CR],363529531
C,12037,8026,0,0[CR],363529859
F,12069,12692,0,0[CR],363530296
A,35024,12065,0,0[CR],363530625
F,12060,12692,0,0[CR],363531062
C,12036,7956,0,0[CR],363531390
F,12070,12691,0,0[CR],363531828
C,12037,7900,0,0[CR],363532046
>[CR],363532046
>
Reset interface. Wait time for interface: 46

======== END OF TEST ========


