CPT-log version: 5.22
======== BEGIN OF TEST ========
DATE 12.10.2022

<Transmited Data>
<NEW BUTTON 12:44:44>
[^C][CR]
[^C][CR]
[^C][CR]
CLEAR[CR]
[^C][CR]
DOFF[CR]
[^C][CR]
SCAN E[CR]
[^C][CR]
[^C][CR]
CLEAR[CR]

<START BUTTON 12:51:38>
[^C][CR]
[^C][CR]
DRON[CR]
SCAN E[CR]
[^G][^G][^G][^G][^G][^G][^G][^G][^G][^G][^G][^G][^G][^G][^G][^G][^G][^G][^G][^G][^G][^G][^G][^G][^G][^G][^G][^G][^G][^G][^G][^G][^G][^G][^G][^G][^G][^G][^G][^G][^G][^G][^G][^G][^G][^G][^G][^G][^G][^G][^G][^G][^G]
<PAUSE BUTTON 13:04:03>
[^C][CR]
[^C][CR]
DOFF[CR]
[^C][CR]
CLEAR[CR]

<END BUTTON 13:10:08>
[^C][CR]
SCAN E[CR]
[^C][CR]


<Received Data>
<NEW BUTTON 12:44:44>

>
Reset interface. Wait time for interface: 16
>
Reset interface. Wait time for interface: 109
>
Reset interface. Wait time for interface: 110CLEAR
OK
>
Command: CLEAR Wait time for interface: 109

>
Reset interface. Wait time for interface: 109DOFF
OK
>
Command: DOFF Wait time for interface: 110

>
Reset interface. Wait time for interface: 31SCAN E
Z,0,0,0,0,201,2808
F,12192,12679,0,0,184,2526[CR],538602046
A,34724,12179,0,0,179,2526[CR],538602484
F,12167,12679,0,0,223,2526[CR],538602921
C,12171,13096,0,0,220,2526[CR],538603250
F,12177,12680,0,0,210,2526[CR],538603687
C,12171,11999,0,0,206,2526[CR],538604015
F,12182,12677,0,0,284,2525[CR],538604453
C,12171,12238,0,0,265,2526[CR],538604781
F,12189,12677,0,0,245,2526[CR],538605250
C,12170,12484,0,0,140,2526[CR],538605593
F,12185,12678,0,0,144,2526[CR],538606031
C,12171,12387,0,0,194,2525[CR],538606375
F,12178,12679,0,0,209,2526[CR],538606812
C,12172,12450,0,0,177,2526[CR],538607156
F,12181,12679,0,0,124,2525[CR],538607265
>
Reset interface. Wait time for interface: 78
>
Reset interface. Wait time for interface: 31CLEAR
OK
>
Command: CLEAR Wait time for interface: 109

<START BUTTON 12:51:38>

>
Reset interface. Wait time for interface: 110
>
Reset interface. Wait time for interface: 109DRON
OK
>
Command: DRON Wait time for interface: 110
SCAN E
Z,0,0,0,0,494,4257
F,16914,14271,0,0,500,3907[CR],538905984
C,14491,640,0,0,500,3906[CR],538906421
F,17886,14217,0,0,500,3904[CR],538906765
C,14484,652,0,0,500,3904[CR],538907203
F,18780,14175,0,0,500,3904[CR],538907531
C,14477,654,0,0,501,3902[CR],538907968
F,19528,14142,0,0,500,3901[CR],538908406
A,35484,19960,0,0,500,3901[CR],538908750
F,20098,14117,0,0,500,3900[CR],538909093
C,14470,678,0,0,500,3900[CR],538909546
F,20540,14093,0,0,500,3899[CR],538909875
C,14467,652,0,0,501,3898[CR],538910312
F,20824,14078,0,0,501,3897[CR],538910750
C,14466,648,0,0,499,3896[CR],538911078
F,20994,14065,0,0,500,3896[CR],538911515
C,14465,652,0,0,500,3895[CR],538911843
F,21082,14057,0,0,500,3895[CR],538912281
C,14465,654,0,0,500,3894[CR],538912609
F,21116,14050,0,0,500,3894[CR],538913046
C,14465,658,0,0,500,3893[CR],538913484
F,21102,14045,0,0,500,3892[CR],538913812
C,14464,654,0,0,492,3892[CR],538914250
F,21056,14041,0,0,500,3891[CR],538914578
A,35488,21008,0,0,500,3890[CR],538915015
F,20970,14039,0,0,499,3890[CR],538915343
C,14465,654,0,0,500,3889[CR],538915781
F,20894,14038,0,0,500,3889[CR],538916109
C,14466,652,0,0,500,3888[CR],538916546
F,20792,14037,0,0,500,3888[CR],538916984
C,14468,644,0,0,500,3888[CR],538917312
F,20680,14037,0,0,500,3886[CR],538917750
C,14469,654,0,0,504,3886[CR],538918078
F,20572,14037,0,0,500,3887[CR],538918515
C,14468,654,0,0,499,3885[CR],538918843
F,20458,14041,0,0,499,3886[CR],538919281
C,14470,648,0,0,499,3885[CR],538919718
F,20354,14043,0,0,500,3884[CR],538920046
C,14471,652,0,0,499,3883[CR],538920484
F,20238,14042,0,0,499,3883[CR],538920812
A,35484,20160,0,0,499,3883[CR],538921250
F,20112,14045,0,0,499,3882[CR],538921578
C,14472,646,0,0,499,3882[CR],538922015
F,20020,14046,0,0,500,3882[CR],538922453
C,14474,652,0,0,499,3881[CR],538922781
F,19912,14049,0,0,499,3881[CR],538923218
C,14474,650,0,0,494,3880[CR],538923546
F,19814,14053,0,0,499,3880[CR],538923984
C,14474,654,0,0,499,3879[CR],538924312
F,19716,14054,0,0,499,3879[CR],538924750
C,14475,646,0,0,499,3879[CR],538925187
F,19630,14056,0,0,499,3879[CR],538925515
C,14476,650,0,0,499,3877[CR],538925953
F,19536,14061,0,0,500,3877[CR],538926281
C,14477,640,0,0,499,3877[CR],538926718
F,19446,14062,0,0,499,3878[CR],538927046
A,35448,19382,0,0,499,3876[CR],538927484
F,19344,14068,0,0,499,3876[CR],538927921
C,14478,654,0,0,499,3876[CR],538928250
F,19276,14070,0,0,499,3876[CR],538928687
C,14480,652,0,0,499,3876[CR],538929015
F,19194,14072,0,0,499,3875[CR],538929453
C,14479,654,0,0,499,3875[CR],538929781
F,19120,14076,0,0,499,3875[CR],538930218
C,14481,654,0,0,499,3873[CR],538930656
F,19032,14080,0,0,499,3874[CR],538930984
C,14481,666,0,0,499,3873[CR],538931421
F,18968,14082,0,0,499,3873[CR],538931750
C,14480,660,0,0,499,3872[CR],538932187
F,18896,14087,0,0,499,3872[CR],538932625
C,14482,658,0,0,499,3872[CR],538932953
F,18824,14089,0,0,498,3871[CR],538933390
A,35460,18776,0,0,499,3870[CR],538933718
F,18744,14096,0,0,499,3869[CR],538934156
C,14482,654,0,0,499,3870[CR],538934484
F,18692,14097,0,0,499,3869[CR],538934921
C,14483,644,0,0,499,3869[CR],538935250
F,18624,14102,0,0,499,3869[CR],538935687
C,14483,654,0,0,499,3867[CR],538936125
F,18564,14103,0,0,499,3866[CR],538936453
C,14483,666,0,0,503,3863[CR],538936890
F,18502,14107,0,0,499,3862[CR],538937218
C,14482,652,0,0,499,3860[CR],538937656
F,18450,14110,0,0,499,3859[CR],538938000
C,14481,654,0,0,498,3858[CR],538938437
F,18392,14112,0,0,499,3856[CR],538938875
C,14482,644,0,0,499,3856[CR],538939203
F,18338,14116,0,0,499,3854[CR],538939640
A,35456,18298,0,0,499,3853[CR],538939968
F,18268,14118,0,0,499,3853[CR],538940406
C,14480,650,0,0,499,3852[CR],538940734
F,18226,14123,0,0,498,3850[CR],538941171
C,14481,654,0,0,499,3849[CR],538941500
F,18168,14124,0,0,499,3848[CR],538941937
C,14480,650,0,0,500,3847[CR],538942375
F,18126,14125,0,0,499,3847[CR],538942703
C,14480,656,0,0,499,3844[CR],538943140
F,18072,14129,0,0,499,3844[CR],538943468
C,14479,652,0,0,499,3843[CR],538943906
F,18024,14133,0,0,499,3843[CR],538944234
C,14479,654,0,0,499,3842[CR],538944671
F,17978,14136,0,0,498,3841[CR],538945109
C,14478,654,0,0,498,3840[CR],538945437
F,17936,14139,0,0,499,3838[CR],538945875
A,35416,17904,0,0,499,3838[CR],538946203
F,17880,14142,0,0,499,3836[CR],538946640
C,14478,644,0,0,499,3836[CR],538947078
F,17842,14143,0,0,499,3836[CR],538947406
C,14478,648,0,0,499,3834[CR],538947843
F,17802,14146,0,0,499,3832[CR],538948171
C,14478,658,0,0,498,3831[CR],538948609
F,17756,14150,0,0,499,3832[CR],538948937
C,14477,650,0,0,499,3830[CR],538949375
F,17716,14151,0,0,499,3829[CR],538949812
C,14477,658,0,0,499,3829[CR],538950140
F,17682,14155,0,0,499,3828[CR],538950578
C,14476,654,0,0,499,3826[CR],538950906
F,17640,14157,0,0,499,3826[CR],538951343
C,14475,650,0,0,499,3825[CR],538951671
F,17598,14160,0,0,498,3824[CR],538952109
A,35400,17574,0,0,499,3824[CR],538952546
F,17548,14163,0,0,499,3823[CR],538952875
C,14474,652,0,0,499,3822[CR],538953312
F,17526,14165,0,0,499,3822[CR],538953640
C,14473,658,0,0,498,3820[CR],538954078
F,17490,14168,0,0,498,3819[CR],538954406
C,14474,658,0,0,499,3818[CR],538954843
F,17460,14170,0,0,499,3818[CR],538955281
C,14473,664,0,0,498,3817[CR],538955609
F,17426,14171,0,0,499,3816[CR],538956046
C,14472,648,0,0,498,3816[CR],538956375
F,17382,14174,0,0,499,3815[CR],538956812
C,14472,652,0,0,499,3813[CR],538957140
F,17354,14178,0,0,499,3812[CR],538957578
C,14472,648,0,0,498,3811[CR],538958015
F,17324,14179,0,0,498,3811[CR],538958343
A,35416,17304,0,0,499,3810[CR],538958781
F,17292,14183,0,0,499,3809[CR],538959109
C,14470,644,0,0,498,3809[CR],538959546
F,17266,14184,0,0,498,3808[CR],538959875
C,14470,650,0,0,499,3808[CR],538960312
F,17234,14187,0,0,499,3806[CR],538960750
C,14469,654,0,0,499,3807[CR],538961078
F,17204,14189,0,0,499,3805[CR],538961515
C,14469,648,0,0,498,3804[CR],538961843
F,17176,14191,0,0,499,3803[CR],538962281
C,14468,652,0,0,498,3803[CR],538962609
F,17152,14192,0,0,499,3802[CR],538963046
C,14467,656,0,0,499,3802[CR],538963484
F,17128,14194,0,0,498,3802[CR],538963812
C,14467,654,0,0,499,3800[CR],538964250
F,17098,14197,0,0,498,3798[CR],538964578
A,35380,17086,0,0,499,3798[CR],538965015
F,17058,14200,0,0,499,3797[CR],538965343
C,14466,658,0,0,499,3797[CR],538965781
F,17048,14202,0,0,498,3794[CR],538966218
C,14465,664,0,0,499,3795[CR],538966546
F,17016,14202,0,0,499,3793[CR],538966984
C,14464,650,0,0,498,3793[CR],538967312
F,16994,14205,0,0,498,3792[CR],538967750
C,14465,654,0,0,499,3791[CR],538968078
F,16970,14207,0,0,499,3790[CR],538968515
C,14463,658,0,0,499,3789[CR],538968953
F,16952,14208,0,0,499,3789[CR],538969281
C,14463,654,0,0,499,3787[CR],538969718
F,16924,14212,0,0,499,3786[CR],538970046
C,14462,658,0,0,499,3785[CR],538970484
F,16896,14211,0,0,499,3784[CR],538970812
A,35336,16882,0,0,499,3783[CR],538971250
F,16860,14213,0,0,498,3783[CR],538971687
C,14459,654,0,0,499,3782[CR],538972015
F,16848,14215,0,0,499,3781[CR],538972453
C,14459,654,0,0,499,3780[CR],538972781
F,16834,14217,0,0,499,3779[CR],538973218
C,14458,652,0,0,498,3779[CR],538973546
F,16802,14217,0,0,498,3778[CR],538973984
C,14458,656,0,0,499,3777[CR],538974421
F,16794,14219,0,0,499,3776[CR],538974750
C,14457,640,0,0,499,3776[CR],538975187
F,16768,14220,0,0,499,3775[CR],538975515
C,14456,644,0,0,499,3773[CR],538975953
F,16746,14222,0,0,499,3773[CR],538976281
C,14456,642,0,0,499,3772[CR],538976718
F,16732,14224,0,0,499,3771[CR],538977046
A,35352,16716,0,0,499,3770[CR],538977484
F,16698,14226,0,0,498,3769[CR],538977921
C,14453,646,0,0,499,3770[CR],538978250
F,16696,14227,0,0,499,3768[CR],538978687
C,14454,636,0,0,499,3767[CR],538979015
F,16674,14228,0,0,498,3767[CR],538979453
C,14453,646,0,0,499,3766[CR],538979781
F,16652,14229,0,0,498,3764[CR],538980218
C,14452,654,0,0,499,3764[CR],538980656
F,16636,14230,0,0,499,3762[CR],538980984
C,14451,652,0,0,499,3762[CR],538981421
F,16620,14231,0,0,498,3760[CR],538981750
C,14450,658,0,0,499,3761[CR],538982187
F,16604,14234,0,0,499,3758[CR],538982515
C,14450,646,0,0,499,3757[CR],538982953
F,16588,14234,0,0,558,3766[CR],538983390
A,35300,16570,10,27,597,3989[CR],538983718
F,16144,15494,22,27,597,4005[CR],538984156
C,15902,644,34,28,600,4023[CR],538984484
F,14032,15746,46,28,603,4030[CR],538984921
C,16428,644,57,30,603,4040[CR],538985250
F,13450,15920,69,31,602,4035[CR],538985687
C,16814,640,81,31,599,4030[CR],538986125
F,13202,15697,93,32,597,3994[CR],538986453
C,16730,622,105,30,596,3979[CR],538986890
F,13290,15134,117,33,595,4003[CR],538987218
C,16492,626,130,33,596,4030[CR],538987656
F,13531,14945,143,34,597,4068[CR],538987984
C,16754,624,156,35,595,4068[CR],538988421
F,13650,15205,169,33,596,4050[CR],538988859
C,16936,620,182,33,596,4011[CR],538989187
F,13661,14906,195,34,595,4005[CR],538989625
A,35280,13858,208,33,594,3974[CR],538989953
F,13960,14293,222,33,597,3942[CR],538990390
C,15629,596,236,35,599,3876[CR],538990718
F,14399,14065,250,32,599,3844[CR],538991156
C,14916,612,263,32,601,3840[CR],538991593
F,14893,13902,277,35,603,3817[CR],538991921
C,14396,610,291,38,603,3793[CR],538992359
F,15462,14076,305,38,602,3771[CR],538992687
C,14388,616,319,36,602,3780[CR],538993125
F,15945,14598,333,34,603,3781[CR],538993453
C,14775,598,346,35,604,3803[CR],538993890
F,16352,15312,360,34,604,3817[CR],538994328
C,15708,594,374,34,605,3824[CR],538994656
F,16233,16036,388,34,604,3825[CR],538995093
C,16508,602,401,32,604,3828[CR],538995421
F,15056,15913,415,29,604,3846[CR],538995859
A,35300,14673,429,39,602,3860[CR],538996187
F,14636,15502,443,39,600,3851[CR],538996625
C,17432,580,457,38,599,3826[CR],538997062
F,14797,15054,471,35,598,3836[CR],538997390
C,17646,576,485,35,596,3853[CR],538997828
F,15008,14755,499,34,596,3870[CR],538998156
C,17440,576,512,35,596,3887[CR],538998593
F,15294,14643,526,34,596,3866[CR],538998921
C,17404,594,540,33,598,3866[CR],538999359
F,15618,15026,554,31,598,3877[CR],538999796
C,17502,574,568,39,599,3889[CR],539000125
F,15870,15480,582,39,599,3880[CR],539000562
C,17404,574,596,38,599,3845[CR],539000890
F,16089,15468,610,36,598,3821[CR],539001328
C,16920,576,624,34,600,3806[CR],539001656
F,16396,15590,638,33,601,3806[CR],539002093
A,35240,16610,652,34,606,3809[CR],539002531
F,16694,16057,666,34,607,3792[CR],539002859
C,15570,576,680,32,608,3773[CR],539003296
F,17154,16860,694,39,606,3776[CR],539003625
C,15307,576,708,39,605,3790[CR],539004062
F,17490,17202,722,36,604,3801[CR],539004390
C,15536,580,736,36,602,3805[CR],539004828
F,17388,16768,750,38,601,3805[CR],539005265
C,15915,572,764,35,600,3807[CR],539005593
F,17160,15889,777,34,598,3797[CR],539006031
C,15730,580,791,33,597,3783[CR],539006359
F,17482,14669,805,33,597,3783[CR],539006796
C,15152,558,819,34,596,3776[CR],539007125
F,18434,13911,833,38,596,3798[CR],539007562
C,14884,572,847,36,595,3833[CR],539008000
F,19428,14417,861,36,600,3879[CR],539008328
A,35224,19796,875,36,600,3896[CR],539008765
F,19578,15155,889,35,602,3905[CR],539009093
C,16260,568,902,35,599,3922[CR],539009531
F,17454,15401,916,35,597,3898[CR],539009859
C,16377,572,930,35,596,3901[CR],539010296
F,17556,15181,944,33,595,3902[CR],539010734
C,16396,554,958,36,593,3893[CR],539011062
F,17678,14960,972,38,592,3892[CR],539011500
C,16430,554,986,36,591,3902[CR],539011828
F,17652,14813,1000,36,592,3904[CR],539012265
C,16614,576,1014,35,592,3896[CR],539012593
F,17454,14536,1028,34,592,3906[CR],539013031
C,16490,576,1042,34,594,3912[CR],539013468
F,17880,14233,1056,33,597,3925[CR],539013796
C,15688,584,1069,33,598,3936[CR],539014234
F,18456,13867,1083,29,600,3955[CR],539014562
A,35196,19054,1097,31,597,3988[CR],539015000
F,19284,13831,1111,39,597,4026[CR],539015328
C,14693,572,1124,38,596,4062[CR],539015765
F,19776,14059,1138,36,596,4089[CR],539016203
C,14983,562,1152,36,598,4115[CR],539016531
F,19456,14271,1166,35,598,4143[CR],539016968
C,15023,572,1179,35,597,4144[CR],539017296
F,19280,14259,1194,34,596,4155[CR],539017734
C,15023,568,1207,33,596,4175[CR],539018062
F,19758,14219,1221,34,595,4194[CR],539018500
C,15162,568,1235,29,597,4180[CR],539018937
F,19102,14468,1249,41,596,4164[CR],539019281
C,15005,550,1263,41,596,4136[CR],539019703
F,18938,13926,1277,38,595,4116[CR],539020031
C,14659,506,1291,36,595,4106[CR],539020468
F,19896,13807,1305,36,594,4106[CR],539020796
A,35192,20282,1320,35,592,4086[CR],539021234
F,20176,14374,1334,34,588,4071[CR],539021593
C,14897,506,1347,32,587,4092[CR],539022000
F,20224,13865,1361,29,588,4072[CR],539022437
C,15767,502,1375,41,588,4059[CR],539022765
F,18862,14109,1389,36,585,4067[CR],539023203
C,15943,502,1403,36,585,4107[CR],539023531
F,18020,14000,1417,36,586,4126[CR],539023968
C,16312,502,1431,36,589,4160[CR],539024406
F,18530,14016,1444,35,589,4177[CR],539024734
C,16810,502,1458,35,589,4196[CR],539025171
F,17284,14512,1472,34,589,4195[CR],539025500
C,16486,502,1486,35,591,4164[CR],539025937
F,17106,14218,1500,33,594,4113[CR],539026265
C,15477,502,1514,35,593,4093[CR],539026703
F,18084,14502,1528,39,591,4110[CR],539027140
A,35196,18778,1542,36,589,4147[CR],539027468
F,18938,15443,1556,36,590,4137[CR],539027906
C,16179,514,1570,36,589,4104[CR],539028234
F,17748,15075,1584,35,588,4088[CR],539028671
C,15316,508,1598,34,592,4094[CR],539029000
F,18054,14771,1611,33,587,4116[CR],539029437
C,15201,500,1625,32,584,4163[CR],539029781
F,18912,14910,1638,27,581,4210[CR],539030203
C,16524,506,1652,27,579,4266[CR],539030640
F,18136,14667,1665,35,577,4305[CR],539030968
C,17358,500,1679,38,577,4325[CR],539031406
F,17622,14424,1693,36,579,4330[CR],539031734
C,17964,508,1706,38,580,4356[CR],539032171
F,16908,14655,1720,36,582,4367[CR],539032609
C,18326,516,1734,35,581,4384[CR],539032937
F,16504,14814,1748,35,582,4376[CR],539033375
A,35164,16286,1762,35,581,4354[CR],539033703
F,16122,15182,1770,5,470,4246[CR],539034140
C,17234,522,1770,1,492,4132[CR],539034468
F,16444,15113,1770,1,480,3086[CR],539034906
C,15361,512,1770,1,478,3072[CR],539035343
F,16620,14275,1770,0,472,3069[CR],539035671
C,15306,510,1770,0,469,3052[CR],539036109
F,16672,14265,1770,0,467,3073[CR],539036437
C,15179,514,1770,30,444,3069[CR],539036875
F,16674,14351,1770,2,463,3054[CR],539037203
C,15103,518,1770,1,463,3055[CR],539037640
F,16636,14379,1770,0,462,3057[CR],539038078
C,15069,510,1770,0,378,2998[CR],539038406
F,16590,14441,1770,0,238,2461[CR],539038953
Z,0,0,1770,0,0,2438[CR],539039390
Z,0,0,1770,0,0,2462[CR],539039937
Z,0,0,1770,0,0,2536[CR],539040484
Z,0,0,1770,0,0,2532[CR],539040921
Z,0,0,1770,0,0,2519[CR],539041468
Z,0,0,1770,0,0,2500[CR],539041906
Z,0,0,1770,0,0,2498[CR],539042453
Z,0,0,1770,0,0,2508[CR],539042890
Z,0,0,1770,0,0,2511[CR],539043437
Z,0,0,1770,0,0,2512[CR],539043984
Z,0,0,1770,0,0,2506[CR],539044421
Z,0,0,1770,0,27,2495[CR],539044968
Z,0,0,1770,0,0,2492[CR],539045406
Z,0,0,1770,0,0,2487[CR],539045953
Z,0,0,1770,0,0,2481[CR],539046500
Z,0,0,1770,0,0,2477[CR],539046937
Z,0,0,1770,0,0,2475[CR],539047484
Z,0,0,1770,0,0,2482[CR],539047921
Z,0,0,1770,0,0,2482[CR],539048468
Z,0,0,1770,0,0,2485[CR],539048906
Z,0,0,1770,0,0,2487[CR],539049453
Z,0,0,1770,0,394,2478[CR],539050000
Z,0,0,1770,0,0,2456[CR],539050437
Z,0,0,1770,0,0,2464[CR],539050984
Z,0,0,1770,0,0,2505[CR],539051421
Z,0,0,1770,0,0,2500[CR],539051968
Z,0,0,1770,0,0,2493[CR],539052515
Z,0,0,1770,0,0,2488[CR],539052953
Z,0,0,1770,0,0,2487[CR],539053500
Z,0,0,1770,0,0,2475[CR],539053937
Z,0,0,1770,0,0,2432[CR],539054484
Z,0,0,1770,0,0,2419[CR],539054921
Z,0,0,1770,0,0,2417[CR],539055468
Z,0,0,1770,0,0,2426[CR],539056015
Z,0,0,1770,0,3,2445[CR],539056453
Z,0,0,1770,0,0,2449[CR],539057000
Z,0,0,1770,0,0,2462[CR],539057437
Z,0,0,1770,0,0,2470[CR],539057984
Z,0,0,1770,0,0,2473[CR],539058421
Z,0,0,1770,0,0,2478[CR],539058968
Z,0,0,1770,0,0,2503[CR],539059515
Z,0,0,1770,0,0,2490[CR],539059953
Z,0,0,1770,0,0,2486[CR],539060500
Z,0,0,1770,0,0,2481[CR],539060937
Z,0,0,1770,0,0,2488[CR],539061484
Z,0,0,1770,0,0,2408[CR],539061921
Z,0,0,1770,3,0,2094[CR],539062468
Z,0,0,1770,1,2,1423[CR],539063015
Z,0,0,1770,1,0,1228[CR],539063453
F,13815,12674,1770,1,0,1151[CR],539063890
Z,0,0,1770,0,0,1117[CR],539064437
Z,0,0,1770,0,0,1170[CR],539064984
Z,0,0,1770,0,0,1301[CR],539065421
Z,0,0,1770,0,0,1391[CR],539065968
Z,0,0,1770,0,0,1404[CR],539066406
Z,0,0,1770,13,0,1691[CR],539066953
Z,0,0,1770,1,0,2485[CR],539066953
C,11646,516,1770,1,0,2494[CR],539067390
F,14945,12675,1770,1,0,2495[CR],539067828
Z,0,0,1770,0,0,2451[CR],539068375
Z,0,0,1770,0,0,2474[CR],539068812
Z,0,0,1770,0,0,2474[CR],539069359
Z,0,0,1770,0,0,2477[CR],539069796
Z,0,0,1770,0,338,2482[CR],539070343
Z,0,0,1770,0,0,2485[CR],539070890
Z,0,0,1770,0,0,2500[CR],539071328
Z,0,0,1770,0,0,2497[CR],539071875
Z,0,0,1770,51,0,2507[CR],539072312
Z,0,0,1770,38,208,2503[CR],539072859
Z,0,0,1778,13,493,2875[CR],539073187
C,11964,524,1780,3,408,3602[CR],539073625
F,18814,13990,1780,1,404,3597[CR],539073953
C,13359,524,1780,0,403,3591[CR],539074390
F,16772,14085,1780,0,396,3587[CR],539074718
C,13267,534,1780,0,364,3597[CR],539075156
F,16354,14151,1780,0,365,3595[CR],539075593
C,13241,520,1780,0,354,3593[CR],539075921
F,16184,14193,1780,0,451,3584[CR],539076359
C,13233,512,1780,0,446,3592[CR],539076687
F,16109,14371,1780,0,443,3596[CR],539077125
A,35008,16076,1780,0,445,3594[CR],539077453
F,16058,14402,1780,0,446,3593[CR],539077843
C,13252,518,1780,0,446,3592[CR],539078328
F,16052,14423,1780,0,447,3591[CR],539078656
C,13248,518,1780,0,448,3593[CR],539079093
F,16041,14444,1780,0,447,3594[CR],539079421
C,13247,504,1780,0,448,3594[CR],539079859
F,16036,14466,1780,0,448,3594[CR],539080187
C,13247,522,1780,0,451,3593[CR],539080625
F,16025,14488,1790,35,551,3983[CR],539081062
C,14083,516,1804,35,555,4131[CR],539081390
F,15009,14642,1818,36,556,4116[CR],539081828
C,16542,520,1832,34,556,4100[CR],539082156
F,15475,15514,1846,34,558,4086[CR],539082593
C,15813,514,1860,33,558,4098[CR],539082921
F,15820,16918,1873,31,554,4117[CR],539083359
A,35016,15989,1887,39,555,4153[CR],539083796
F,15951,17002,1901,38,552,4161[CR],539084125
C,16656,532,1915,38,550,4193[CR],539084562
F,15174,16746,1929,36,546,4217[CR],539084937
C,17644,516,1943,35,544,4248[CR],539085328
F,14928,15569,1957,35,545,4274[CR],539085656
C,18406,528,1970,33,548,4280[CR],539086093
F,15109,14816,1984,32,547,4278[CR],539086531
C,18642,536,1998,30,548,4269[CR],539086859
F,14883,14577,2012,29,548,4273[CR],539087296
C,18574,522,2026,39,551,4306[CR],539087625
F,15163,14642,2040,39,550,4315[CR],539088062
C,18680,516,2054,36,550,4323[CR],539088390
F,15382,15205,2067,36,550,4369[CR],539088828
C,19128,536,2081,35,548,4413[CR],539089265
F,15557,15665,2094,35,547,4469[CR],539089593
A,35024,15596,2108,33,549,4524[CR],539090031
F,15539,15911,2122,33,550,4552[CR],539090359
C,20190,536,2135,34,551,4569[CR],539090796
F,15325,15985,2149,34,552,4576[CR],539091125
C,20018,544,2163,30,551,4585[CR],539091562
F,15517,15712,2177,39,551,4593[CR],539092000
C,19740,532,2191,39,552,4586[CR],539092328
F,15726,15807,2204,36,551,4570[CR],539092765
C,19598,536,2218,35,550,4650[CR],539093093
F,15901,15810,2231,34,552,4735[CR],539093531
C,19548,540,2245,36,553,4791[CR],539093859
F,16063,15865,2258,35,553,4837[CR],539094296
C,19454,542,2272,35,552,4862[CR],539094734
F,16191,15854,2286,33,551,4846[CR],539095062
C,19304,526,2300,33,549,4785[CR],539095500
F,16313,15831,2314,33,547,4765[CR],539095828
A,34992,16361,2328,34,548,4765[CR],539096265
F,16363,15830,2342,38,549,4824[CR],539096609
C,19110,542,2355,38,548,4875[CR],539097031
F,16458,15938,2369,36,551,4908[CR],539097468
C,18910,538,2383,36,552,4918[CR],539097796
F,16548,15947,2397,35,551,4935[CR],539098234
C,18620,540,2410,35,550,4951[CR],539098562
F,16656,16010,2424,34,550,4974[CR],539099000
C,18344,532,2438,36,551,4919[CR],539099328
F,16770,16198,2453,31,551,4817[CR],539099765
C,18070,548,2466,29,552,4823[CR],539100203
F,16888,16377,2480,36,551,4803[CR],539100531
C,17574,550,2494,38,553,4777[CR],539100968
F,17144,16182,2508,38,553,4764[CR],539101296
C,16624,548,2522,35,555,4742[CR],539101734
F,17562,16456,2536,35,557,4719[CR],539102062
A,35000,18064,2550,34,556,4727[CR],539102500
F,18280,17486,2563,32,551,4766[CR],539102937
C,15102,554,2576,32,547,4835[CR],539103265
F,19248,18712,2590,32,550,4908[CR],539103703
C,17160,572,2603,32,552,4981[CR],539104031
F,18758,17590,2617,32,551,5040[CR],539104468
C,18654,548,2630,34,549,5042[CR],539104812
F,17390,16207,2644,39,551,5039[CR],539105234
C,18112,560,2658,36,550,5010[CR],539105671
F,17602,15137,2673,36,549,4988[CR],539106000
C,16824,562,2687,35,552,4957[CR],539106437
F,18012,15206,2701,34,551,4951[CR],539106765
C,15898,560,2714,33,553,4975[CR],539107203
F,18536,16149,2728,35,556,5005[CR],539107531
C,15239,570,2741,35,557,4987[CR],539107968
F,19422,16370,2755,33,555,4955[CR],539108515
Z,0,0,2773,35,557,4973[CR],539108734
F,20516,16544,2783,38,555,5002[CR],539109171
C,15277,570,2796,36,554,5051[CR],539109500
F,20192,16310,2810,36,555,5065[CR],539109937
C,15473,572,2824,36,552,5070[CR],539110265
F,20120,15384,2838,35,553,5049[CR],539110703
C,15251,584,2852,34,553,5006[CR],539111140
F,20630,14417,2866,33,555,5009[CR],539111468
C,14921,568,2880,33,555,4992[CR],539111906
F,21508,14222,2894,34,552,4980[CR],539112234
C,15137,572,2907,29,550,4990[CR],539112671
F,21774,14637,2921,39,549,5007[CR],539113000
C,15089,586,2935,38,551,5003[CR],539113437
F,21040,14554,2949,36,551,4999[CR],539113875
C,14718,572,2963,36,550,5025[CR],539114203
F,21584,14502,2977,35,551,5057[CR],539114640
A,34948,21858,2990,33,550,5088[CR],539114968
F,21674,15158,3004,34,549,5124[CR],539115343
C,15834,580,3018,33,548,5163[CR],539115734
F,20980,15247,3031,32,548,5181[CR],539116171
C,16358,566,3045,34,550,5149[CR],539116609
F,18980,15388,3059,39,548,5098[CR],539116937
C,15914,582,3073,39,549,5074[CR],539117375
F,18318,15201,3087,38,550,5057[CR],539117703
C,15423,572,3101,38,549,5044[CR],539118140
F,18508,15141,3115,36,551,5035[CR],539118468
C,15000,576,3129,34,550,5034[CR],539118906
F,18936,15005,3143,34,551,5050[CR],539119343
C,14777,562,3157,33,551,5045[CR],539119671
F,19426,15372,3170,33,551,5037[CR],539120109
C,14864,562,3184,31,551,5005[CR],539120437
F,19856,15685,3198,38,551,4987[CR],539120875
A,34940,20012,3213,38,552,4965[CR],539121203
F,20076,15393,3227,38,551,4943[CR],539121640
C,14824,564,3240,36,550,4956[CR],539122078
F,20488,15160,3254,36,551,4967[CR],539122406
C,15096,576,3268,34,548,5000[CR],539122843
F,20852,15771,3281,34,547,5052[CR],539123187
C,15651,582,3295,33,546,5095[CR],539123609
F,20164,15452,3308,33,545,5141[CR],539123937
C,15959,572,3322,33,546,5140[CR],539124375
F,19852,15228,3336,30,547,5089[CR],539124812
C,15694,576,3350,41,547,5031[CR],539125140
F,19656,15060,3365,38,548,4997[CR],539125578
C,15154,572,3379,38,548,4980[CR],539125906
F,19500,15502,3393,36,548,4970[CR],539126343
C,15048,546,3406,35,547,4970[CR],539126671
F,19386,15403,3420,34,546,4975[CR],539127109
A,34936,19698,3434,34,547,4981[CR],539127546
F,19814,15238,3448,32,546,5002[CR],539127875
C,15403,556,3461,34,546,5016[CR],539128312
F,20200,15661,3475,30,545,5024[CR],539128640
C,16123,574,3488,38,545,5040[CR],539129078
F,19328,15796,3502,38,545,5081[CR],539129406
C,16522,562,3515,36,543,5085[CR],539129843
F,18334,15393,3529,38,542,5089[CR],539130281
C,16329,566,3543,36,543,5071[CR],539130609
F,18440,14664,3557,35,542,5056[CR],539131046
C,15922,556,3571,34,542,5034[CR],539131375
F,18966,14104,3585,35,543,5004[CR],539131812
C,15414,556,3599,34,543,4976[CR],539132140
F,19636,13785,3613,33,542,4963[CR],539132578
C,15304,562,3626,31,541,4976[CR],539133015
F,20284,14335,3640,34,542,4981[CR],539133343
A,34912,20208,3654,38,543,4993[CR],539133781
F,20042,14862,3667,38,543,4999[CR],539134109
C,15798,560,3681,36,544,4996[CR],539134546
F,19992,14627,3695,35,544,4990[CR],539134875
C,15191,554,3708,35,545,4999[CR],539135312
F,20398,14468,3722,35,547,5002[CR],539135750
C,14988,556,3736,35,548,5004[CR],539136078
F,20768,14994,3750,33,548,5000[CR],539136515
C,15421,552,3763,31,548,4999[CR],539136843
F,20750,15254,3770,4,406,4918[CR],539137281
C,15911,552,3770,1,397,4844[CR],539137609
F,20796,14398,3770,1,396,4816[CR],539138046
C,15042,552,3770,0,422,4731[CR],539138484
F,21854,14117,3770,0,415,4258[CR],539138812
C,14884,560,3770,0,409,4282[CR],539139250
F,22680,13933,3770,0,402,4309[CR],539139578
A,34888,23120,3770,0,401,4388[CR],539140015
F,23246,13833,3770,0,397,4398[CR],539140343
C,14902,556,3770,0,420,4278[CR],539140781
F,23604,13763,3770,0,419,4279[CR],539141218
C,14899,558,3770,0,419,4286[CR],539141546
F,23776,13714,3770,0,417,4288[CR],539141984
C,14903,548,3770,0,411,3612[CR],539142312
F,23816,13558,3770,0,403,3049[CR],539142859
Z,0,0,3770,0,172,2502[CR],539143078
F,23664,13304,3770,0,0,2459[CR],539143625
Z,0,0,3770,0,0,2456[CR],539144171
Z,0,0,3770,0,0,2455[CR],539144609
Z,0,0,3770,0,0,2473[CR],539145156
Z,0,0,3770,0,0,2502[CR],539145593
Z,0,0,3770,0,0,2512[CR],539146140
Z,0,0,3770,0,0,2513[CR],539146687
Z,0,0,3770,0,1,2507[CR],539147125
Z,0,0,3770,0,0,2496[CR],539147671
Z,0,0,3770,0,0,2487[CR],539148109
Z,0,0,3770,0,0,2487[CR],539148656
Z,0,0,3770,0,0,2487[CR],539149093
Z,0,0,3770,0,0,2493[CR],539149640
Z,0,0,3770,0,0,2491[CR],539150187
Z,0,0,3770,0,0,2494[CR],539150625
Z,0,0,3770,0,0,2488[CR],539151171
Z,0,0,3770,0,0,2480[CR],539151609
Z,0,0,3770,0,0,2477[CR],539152156
Z,0,0,3770,0,0,2475[CR],539152703
Z,0,0,3770,0,0,2477[CR],539153140
Z,0,0,3770,0,0,2479[CR],539153687
Z,0,0,3770,0,0,2480[CR],539154125
Z,0,0,3770,0,0,2480[CR],539154671
Z,0,0,3770,0,0,2483[CR],539155218
Z,0,0,3770,0,0,2485[CR],539155656
Z,0,0,3770,0,0,2487[CR],539156203
Z,0,0,3770,0,0,2487[CR],539156640
Z,0,0,3770,0,0,2486[CR],539157187
Z,0,0,3770,0,0,2487[CR],539157625
Z,0,0,3770,0,0,2442[CR],539158171
Z,0,0,3770,0,0,2435[CR],539158718
Z,0,0,3770,0,0,2423[CR],539159156
Z,0,0,3770,0,0,2427[CR],539159703
Z,0,0,3770,0,0,2439[CR],539160140
Z,0,0,3770,0,0,2449[CR],539160687
Z,0,0,3770,0,0,2460[CR],539161125
Z,0,0,3770,0,0,2466[CR],539161671
Z,0,0,3770,0,0,2467[CR],539162218
Z,0,0,3770,0,0,2470[CR],539162656
Z,0,0,3770,0,0,2473[CR],539163203
Z,0,0,3770,0,0,2473[CR],539163640
Z,0,0,3770,0,0,2476[CR],539164187
Z,0,0,3770,0,0,2475[CR],539164625
Z,0,0,3770,0,0,2475[CR],539165171
Z,0,0,3770,0,0,2478[CR],539165718
Z,0,0,3770,0,0,2479[CR],539166156
Z,0,0,3770,0,22,2480[CR],539166703
Z,0,0,3770,0,319,2499[CR],539167140
Z,0,0,3770,0,0,2491[CR],539167687
Z,0,0,3770,43,0,2499[CR],539168125
Z,0,0,3770,43,0,2496[CR],539168671
Z,0,0,3773,44,0,2501[CR],539169218
Z,0,0,3781,11,321,3073[CR],539169328
C,14522,556,3781,4,318,3873[CR],539169656
F,19590,13929,3781,1,312,3856[CR],539170093
C,14777,552,3781,1,319,3840[CR],539170421
F,19566,13903,3781,0,318,3834[CR],539170859
A,34868,19530,3781,0,254,3831[CR],539171296
F,19508,13879,3781,0,241,3829[CR],539171625
C,14759,552,3781,0,258,3828[CR],539172062
F,19474,13866,3781,0,268,3825[CR],539172390
C,14755,564,3781,0,387,3838[CR],539172828
F,19418,13872,3781,0,385,3851[CR],539173156
C,14758,552,3781,0,386,3849[CR],539173593
F,19370,13873,3781,0,387,3847[CR],539174031
C,14755,556,3781,0,387,3844[CR],539174359
F,19320,13877,3781,0,388,3842[CR],539174796
C,14753,560,3781,0,385,3842[CR],539175125
F,19274,13881,3781,0,386,3840[CR],539175562
C,14753,556,3781,0,388,3840[CR],539175890
F,19230,13888,3781,0,388,3841[CR],539176328
C,14752,566,3784,15,439,4128[CR],539176765
F,19188,14048,3796,31,556,5124[CR],539177093
A,34852,17482,3810,31,556,5081[CR],539177531
F,16912,14825,3824,41,556,5054[CR],539177859
C,16286,558,3838,38,557,5021[CR],539178296
F,17232,14247,3852,36,556,4976[CR],539178625
C,15751,558,3866,35,557,4971[CR],539179062
F,17680,14091,3879,35,557,4982[CR],539179500
C,15472,552,3893,35,556,4980[CR],539179828
F,18052,14703,3907,35,560,4964[CR],539180265
C,15462,552,3921,33,559,4940[CR],539180593
F,18366,14544,3935,33,558,4924[CR],539181031
C,15456,558,3948,30,559,4904[CR],539181359
F,18774,14473,3962,38,557,4904[CR],539181796
C,15294,556,3976,38,556,4928[CR],539182234
F,19138,14504,3990,39,558,4952[CR],539182562
C,15230,558,4003,35,559,5022[CR],539183000
F,19450,14806,4017,35,559,5033[CR],539183328
A,34832,19592,4031,36,558,5005[CR],539183765
F,19620,14922,4045,34,558,4963[CR],539184093
C,15787,572,4058,35,555,4950[CR],539184531
F,19918,14602,4072,32,554,4947[CR],539184968
C,16263,574,4085,33,554,4954[CR],539185296
F,20144,14622,4099,30,555,4949[CR],539185734
C,16616,574,4113,29,557,4938[CR],539186062
F,20200,14318,4127,39,557,4910[CR],539186500
C,16116,572,4140,38,558,4900[CR],539186828
F,20482,13785,4154,38,558,4897[CR],539187265
C,15598,588,4168,36,559,4909[CR],539187703
F,20958,13931,4182,34,559,4941[CR],539188031
C,15613,592,4195,35,558,4951[CR],539188468
F,21458,14433,4209,34,559,4968[CR],539188812
C,16026,602,4222,34,558,4982[CR],539189234
F,21798,14973,4236,32,555,5014[CR],539189562
A,34804,21850,4249,31,557,5065[CR],539190000
F,21838,15149,4262,31,562,5128[CR],539190375
C,17748,602,4275,32,562,5175[CR],539190765
F,20196,15900,4289,31,562,5172[CR],539191203
C,18398,586,4303,39,560,5123[CR],539191531
F,16134,15479,4317,36,558,5106[CR],539191968
C,17878,586,4331,35,553,5104[CR],539192296
F,16384,14250,4345,36,553,5146[CR],539192734
C,17808,598,4358,35,555,5154[CR],539193171
F,16852,14484,4372,35,555,5177[CR],539193500
C,18400,580,4386,35,556,5186[CR],539193937
F,16806,15076,4400,33,556,5190[CR],539194265
C,18236,582,4413,33,553,5187[CR],539194703
F,16706,14561,4427,33,554,5198[CR],539195031
C,18052,570,4440,29,556,5231[CR],539195468
F,17138,14457,4454,35,555,5231[CR],539195906
A,34808,17352,4468,38,556,5265[CR],539196234
F,17414,14814,4481,39,557,5302[CR],539196671
C,18738,580,4495,35,556,5333[CR],539197000
F,17672,15177,4508,35,559,5377[CR],539197437
C,18818,562,4522,35,560,5425[CR],539197765
F,17848,15705,4535,35,558,5440[CR],539198203
C,18672,576,4549,35,560,5442[CR],539198640
F,17976,15934,4563,34,560,5421[CR],539198968
C,18414,570,4577,33,559,5420[CR],539199406
F,18152,15990,4590,34,561,5420[CR],539199734
C,18140,560,4604,30,561,5402[CR],539200171
F,18168,16598,4618,38,562,5381[CR],539200500
C,17626,564,4632,39,558,5378[CR],539200937
F,18342,16190,4645,38,556,5373[CR],539201375
C,17124,576,4659,36,553,5380[CR],539201703
F,18754,16229,4673,35,552,5392[CR],539202140
A,34800,18952,4687,35,551,5418[CR],539202468
F,18994,16363,4700,34,555,5460[CR],539202906
C,17976,598,4713,33,556,5494[CR],539203234
F,18778,15860,4727,34,557,5527[CR],539203671
C,18326,602,4740,32,555,5538[CR],539204109
F,18986,15049,4754,32,553,5532[CR],539204437
C,18672,578,4768,31,553,5540[CR],539204875
F,19358,14736,4781,31,554,5558[CR],539205203
C,19098,598,4795,38,551,5573[CR],539205640
F,19626,14858,4809,38,555,5588[CR],539205968
C,18992,594,4823,38,558,5554[CR],539206406
F,19814,15077,4837,35,558,5530[CR],539206843
C,18288,604,4851,34,559,5528[CR],539207187
F,20038,15633,4864,34,560,5565[CR],539207609
C,18030,596,4878,32,560,5591[CR],539207937
F,20242,16726,4891,32,556,5626[CR],539208375
A,34812,20204,4905,33,550,5658[CR],539208703
F,20186,16910,4918,33,550,5729[CR],539209140
C,19090,594,4932,33,548,5711[CR],539209578
F,20308,16990,4945,30,554,5768[CR],539209906
C,20698,604,4958,35,556,5804[CR],539210343
F,17380,17056,4972,38,558,5831[CR],539210671
C,21440,604,4986,38,556,5867[CR],539211109
F,15507,15930,5000,36,555,5867[CR],539211437
C,21292,592,5013,36,551,5848[CR],539211875
F,15882,15178,5027,35,551,5841[CR],539212312
C,20438,608,5041,34,550,5847[CR],539212640
F,16153,15743,5055,33,550,5856[CR],539213078
C,19516,612,5068,33,552,5855[CR],539213406
F,16379,16208,5082,32,553,5880[CR],539213843
C,18790,616,5095,31,552,5901[CR],539214171
F,16648,17080,5109,28,552,5947[CR],539214609
A,34772,16810,5122,31,553,5985[CR],539215046
F,16852,18282,5136,39,554,6024[CR],539215375
C,19838,618,5149,38,551,6055[CR],539215812
F,16702,18120,5163,36,548,6071[CR],539216140
C,20492,604,5177,35,550,6106[CR],539216578
F,16682,16972,5190,35,549,6148[CR],539216906
C,21484,600,5204,35,553,6191[CR],539217343
F,16992,16458,5217,34,552,6221[CR],539217687
C,22032,612,5231,33,553,6258[CR],539218109
F,16966,16596,5244,34,550,6253[CR],539218546
C,22112,602,5258,34,550,6232[CR],539218875
F,16848,16448,5272,33,548,6219[CR],539219312
C,21878,604,5285,28,547,6220[CR],539219640
F,17070,16738,5299,32,547,6235[CR],539220078
C,21650,614,5313,39,547,6242[CR],539220515
F,17232,17080,5326,36,547,6240[CR],539220843
A,34800,17360,5340,36,547,6223[CR],539221281
F,17398,17088,5354,35,549,6214[CR],539221609
C,21470,616,5368,35,547,6248[CR],539222046
F,17558,17176,5382,35,547,6238[CR],539222375
C,21184,614,5395,33,549,6263[CR],539222812
F,17656,17356,5409,33,547,6272[CR],539223250
C,20566,606,5422,33,548,6281[CR],539223578
F,17756,17254,5436,33,543,6279[CR],539224015
C,20270,618,5449,32,542,6315[CR],539224343
F,17924,17768,5463,27,542,6365[CR],539224781
C,21072,620,5476,38,544,6426[CR],539225109
F,17774,18372,5489,38,545,6459[CR],539225546
C,21952,620,5503,38,549,6475[CR],539225984
F,16272,18210,5516,36,550,6456[CR],539226312
C,22252,616,5530,35,552,6461[CR],539226750
F,16221,17326,5544,36,551,6469[CR],539227078
A,34784,16386,5558,35,551,6482[CR],539227515
F,16432,17040,5571,34,551,6479[CR],539227875
C,22242,626,5585,33,551,6465[CR],539228281
F,16636,17000,5599,33,551,6481[CR],539228718
C,21896,618,5612,33,550,6497[CR],539229046
F,16792,17158,5626,29,549,6533[CR],539229484
C,21392,630,5639,27,544,6596[CR],539229812
F,16946,17592,5652,29,549,6645[CR],539230250
C,20836,640,5665,36,549,6673[CR],539230578
F,17136,17468,5679,39,549,6715[CR],539231015
C,20474,616,5692,36,551,6730[CR],539231453
F,17340,17548,5706,35,549,6750[CR],539231781
C,20404,638,5720,36,549,6761[CR],539232218
F,17492,18248,5733,35,547,6774[CR],539232546
C,20784,644,5746,35,552,6799[CR],539232984
F,17296,18372,5760,34,546,6793[CR],539233312
A,34760,17464,5769,7,398,6781[CR],539233750
F,17544,17694,5769,1,310,6698[CR],539234187
C,20078,664,5769,1,300,6692[CR],539234515
F,17928,17206,5769,0,297,6691[CR],539234953
C,19668,670,5769,0,291,6690[CR],539235281
F,18182,16758,5769,0,291,6691[CR],539235718
C,19584,654,5769,0,295,6688[CR],539236046
F,18336,16566,5769,0,294,6688[CR],539236484
C,19528,664,5769,0,285,6688[CR],539236921
F,18430,16482,5769,0,282,6686[CR],539237250
C,19484,680,5769,0,290,6686[CR],539237687
F,18486,16448,5769,0,290,6686[CR],539238015
C,19444,672,5769,0,287,6685[CR],539238453
F,18518,16438,5769,0,286,6684[CR],539238781
C,19408,662,5769,0,281,6684[CR],539239218
F,18534,16442,5769,0,281,6683[CR],539239656
A,34772,18538,5769,0,289,6683[CR],539239984
F,18526,16454,5769,0,289,6683[CR],539240421
C,19346,678,5769,0,277,6682[CR],539240750
F,18538,16466,5769,0,277,6682[CR],539241187
C,19320,656,5769,0,285,6681[CR],539241515
F,18534,16482,5769,0,284,6680[CR],539241953
C,19296,664,5769,0,281,6681[CR],539242390
F,18516,16498,5769,0,278,6680[CR],539242718
C,19274,662,5769,0,278,6680[CR],539243156
F,18496,16510,5769,0,246,6703[CR],539243484
C,19254,658,5769,0,258,6845[CR],539243921
F,18478,16542,5769,0,255,6844[CR],539244250
C,19244,658,5769,0,260,6839[CR],539244687
F,18462,16572,5769,0,282,6792[CR],539245125
C,19230,668,5769,0,279,6721[CR],539245453
F,18438,16620,5769,0,274,6721[CR],539245890
A,34752,18416,5769,0,281,6723[CR],539246218
F,18406,16642,5769,0,282,6723[CR],539246656
C,19212,656,5769,0,276,6722[CR],539246984
F,18398,16654,5769,0,270,6723[CR],539247421
C,19196,660,5769,0,335,6366[CR],539247859
F,18370,16652,5769,0,342,4382[CR],539248296
Z,0,0,5769,0,0,2789[CR],539248843
Z,0,0,5769,0,0,2430[CR],539249281
Z,0,0,5769,0,0,2438[CR],539249828
Z,0,0,5769,0,0,2526[CR],539250375
Z,0,0,5769,0,0,2544[CR],539250812
Z,0,0,5769,0,0,2541[CR],539251359
Z,0,0,5769,0,0,2512[CR],539251796
Z,0,0,5769,0,0,2521[CR],539252343
Z,0,0,5769,0,0,2517[CR],539252781
Z,0,0,5769,0,0,2538[CR],539253328
Z,0,0,5769,0,0,2541[CR],539253875
Z,0,0,5769,0,0,2537[CR],539254312
Z,0,0,5769,0,0,2529[CR],539254859
Z,0,0,5769,0,0,2536[CR],539255296
Z,0,0,5769,0,0,2537[CR],539255843
Z,0,0,5769,0,0,2539[CR],539256390
Z,0,0,5769,0,0,2491[CR],539256828
Z,0,0,5769,0,0,2480[CR],539257375
Z,0,0,5769,0,0,2488[CR],539257812
Z,0,0,5769,0,0,2498[CR],539258359
Z,0,0,5769,0,0,2504[CR],539258796
Z,0,0,5769,0,0,2492[CR],539259343
Z,0,0,5769,0,0,2485[CR],539259890
Z,0,0,5769,0,0,2485[CR],539260328
Z,0,0,5769,0,291,2486[CR],539260875
Z,0,0,5769,0,0,2482[CR],539261312
Z,0,0,5769,0,0,2485[CR],539261859
Z,0,0,5769,0,0,2483[CR],539262296
Z,0,0,5769,0,0,2443[CR],539262843
Z,0,0,5769,0,0,2424[CR],539263390
Z,0,0,5769,0,52,2423[CR],539263828
Z,0,0,5769,0,0,2420[CR],539264375
Z,0,0,5769,0,0,2404[CR],539264812
Z,0,0,5769,0,0,2415[CR],539265359
Z,0,0,5769,0,0,2422[CR],539265906
Z,0,0,5769,0,0,2424[CR],539266343
Z,0,0,5769,0,0,2427[CR],539266890
Z,0,0,5769,0,0,2447[CR],539267328
Z,0,0,5769,0,0,2441[CR],539267875
Z,0,0,5769,0,0,2447[CR],539268312
Z,0,0,5769,0,0,2460[CR],539268859
Z,0,0,5769,0,0,2467[CR],539269406
Z,0,0,5769,0,0,2469[CR],539269843
Z,0,0,5769,0,0,2476[CR],539270390
Z,0,0,5769,0,0,2476[CR],539270828
Z,0,0,5769,3,0,2498[CR],539271375
Z,0,0,5769,1,0,2488[CR],539271921
Z,0,0,5769,0,0,2487[CR],539272359
Z,0,0,5769,0,0,2490[CR],539272906
Z,0,0,5769,0,0,2408[CR],539273343
Z,0,0,5769,7,0,1056[CR],539273890
Z,0,0,5769,5,0,35544[CR],539274328
Z,0,0,5769,1,0,35544[CR],539274875
Z,0,0,5769,0,0,35544[CR],539275328
Z,0,0,5769,9,0,1417[CR],539275875
Z,0,0,5769,1,0,2648[CR],539276421
Z,0,0,5769,3,0,2424[CR],539276859
Z,0,0,5769,4,0,1449[CR],539277421
Z,0,0,5769,1,0,3573[CR],539277859
Z,0,0,5769,0,0,4195[CR],539278421
Z,0,0,5769,0,0,4822[CR],539278859
Z,0,0,5769,0,0,5575[CR],539279406
Z,0,0,5769,3,0,2170[CR],539279843
Z,0,0,5769,1,0,2494[CR],539280390
Z,0,0,5769,0,0,2477[CR],539280937
Z,0,0,5769,0,1,2477[CR],539281375
Z,0,0,5769,0,0,2484[CR],539281921
Z,0,0,5769,0,313,2486[CR],539282359
Z,0,0,5769,0,314,2491[CR],539282906
Z,0,0,5769,0,0,2512[CR],539283343
Z,0,0,5769,57,0,2507[CR],539283890
Z,0,0,5769,57,4,2505[CR],539284437
Z,0,0,5769,51,0,2508[CR],539284875
Z,0,0,5769,11,224,3113[CR],539284875
C,11562,646,5769,8,216,3894[CR],539285312
F,15701,12679,5769,2,176,3877[CR],539285750
C,11933,640,5769,1,196,3853[CR],539286078
F,15777,12679,5769,0,184,3842[CR],539286515
C,11912,646,5769,0,97,3842[CR],539286843
F,15840,12679,5769,0,76,3838[CR],539287281
C,11907,642,5769,0,83,3835[CR],539287609
F,15900,12680,5769,0,85,3832[CR],539288046
C,11905,652,5769,0,308,3831[CR],539288484
F,15950,12680,5769,0,300,3843[CR],539288812
C,11918,640,5769,0,303,3849[CR],539289250
F,16008,12679,5769,0,305,3847[CR],539289578
A,34764,16042,5769,0,303,3843[CR],539290015
F,16045,12679,5769,0,310,3839[CR],539290343
C,11922,646,5769,0,306,3838[CR],539290781
F,16099,12679,5769,0,305,3838[CR],539291109
C,11923,650,5769,0,307,3838[CR],539291546
F,16157,12680,5769,0,308,3837[CR],539291984
C,11924,654,5769,0,312,3836[CR],539292312
F,16210,12678,5769,20,451,4423[CR],539292750
C,11927,666,5777,28,483,5550[CR],539293078
F,20326,15690,5789,33,523,6170[CR],539293515
C,18408,660,5802,36,532,6469[CR],539293843
F,16584,16290,5815,34,531,6514[CR],539294281
C,23006,654,5828,35,532,6549[CR],539294625
F,16380,15334,5842,32,535,6606[CR],539295046
C,24366,666,5855,34,536,6698[CR],539295484
F,16660,16119,5868,33,537,6786[CR],539295812
A,34728,15755,5881,33,533,6862[CR],539296250
F,14808,16920,5895,32,537,6938[CR],539296687
C,27860,662,5908,34,537,6996[CR],539297015
F,12383,17716,5921,31,537,7008[CR],539297453
C,28524,656,5935,33,534,7003[CR],539297781
F,11881,16724,5948,29,534,6990[CR],539298218
C,28452,660,5962,29,531,6989[CR],539298546
F,12072,15175,5975,39,529,6989[CR],539298984
C,27968,666,5989,38,528,6997[CR],539299421
F,12230,14318,6003,36,527,6994[CR],539299750
C,27836,660,6016,36,527,6991[CR],539300187
F,12390,13975,6030,34,528,6999[CR],539300515
C,27808,668,6043,34,520,7055[CR],539300953
F,12549,13767,6057,34,527,7052[CR],539301281
C,27676,664,6070,34,526,7040[CR],539301718
F,12734,13704,6084,31,525,7044[CR],539302156
A,34760,12864,6097,31,524,7043[CR],539302500
F,12903,13579,6111,33,526,7037[CR],539302937
C,27684,658,6124,33,528,7045[CR],539303250
F,13118,13727,6137,34,525,7066[CR],539303687
C,27764,664,6150,30,527,7082[CR],539304015
F,13323,13661,6164,39,527,7102[CR],539304453
C,27844,658,6177,39,527,7127[CR],539304890
F,13544,13650,6191,38,527,7156[CR],539305218
C,27944,676,6204,35,527,7184[CR],539305656
F,13776,13620,6218,35,526,7222[CR],539305984
C,28148,664,6231,34,524,7281[CR],539306421
F,14039,13676,6244,34,528,7292[CR],539306750
C,28352,664,6257,32,526,7307[CR],539307187
F,14330,13692,6270,33,527,7322[CR],539307625
C,29200,660,6284,33,527,7337[CR],539307953
F,14622,13756,6297,33,524,7362[CR],539308390
A,34728,14827,6310,33,524,7400[CR],539308718
F,14897,13920,6324,32,524,7407[CR],539309156
C,30560,682,6337,34,524,7433[CR],539309484
F,15203,14040,6351,32,525,7445[CR],539309921
C,30884,698,6364,31,526,7438[CR],539310359
F,15493,13921,6377,29,527,7427[CR],539310687
C,30840,714,6391,38,524,7441[CR],539311125
F,15777,13858,6404,38,524,7460[CR],539311453
C,30940,710,6418,35,519,7483[CR],539311890
F,16093,13891,6431,36,524,7529[CR],539312218
C,31072,716,6444,36,524,7552[CR],539312656
F,16422,14018,6457,34,524,7621[CR],539313093
C,31660,718,6470,35,525,7670[CR],539313421
F,16804,14087,6483,36,525,7706[CR],539313859
C,32292,716,6497,35,527,7748[CR],539314187
F,17122,14399,6510,34,525,7765[CR],539314625
A,34728,17308,6523,34,527,7812[CR],539314953
F,17378,14615,6536,32,526,7874[CR],539315328
C,34044,720,6550,32,526,7934[CR],539315828
F,17672,14846,6563,32,527,7969[CR],539316156
C,34844,718,6576,31,527,8020[CR],539316593
F,17720,14703,6589,29,525,8068[CR],539316921
C,35124,722,6602,32,525,8163[CR],539317359
F,17756,14099,6615,32,527,8258[CR],539317687
C,35464,726,6628,33,524,8284[CR],539318125
F,17688,14179,6641,33,527,8274[CR],539318562
C,34728,722,6655,28,526,8238[CR],539318890
F,17738,14135,6668,39,524,8215[CR],539319328
C,33084,720,6682,38,525,8175[CR],539319656
F,17868,13932,6697,36,524,8087[CR],539320093
C,30672,738,6710,36,523,8003[CR],539320421
F,17896,14161,6724,35,522,7933[CR],539320859
A,34756,17946,6738,34,524,7885[CR],539321296
F,17976,14019,6751,34,523,7857[CR],539321625
C,25084,734,6765,33,524,7834[CR],539322062
F,18122,13904,6778,31,522,7830[CR],539322453
C,23874,728,6791,32,519,7848[CR],539322828
F,18214,14718,6805,33,527,7868[CR],539323156
C,24166,738,6818,30,527,7885[CR],539323593
F,17814,17316,6831,35,526,7913[CR],539324140
Z,0,0,6849,35,531,7937[CR],539324359
F,16143,17630,6858,38,522,7961[CR],539324718
C,24100,758,6871,36,525,8009[CR],539325125
F,14250,17412,6885,36,523,8022[CR],539325562
C,24392,758,6898,35,523,8040[CR],539325890
F,14188,17776,6911,36,524,8056[CR],539326328
C,24354,764,6925,38,522,8069[CR],539326765
F,14596,18008,6938,35,520,8075[CR],539327093
A,34780,14920,6952,33,522,8082[CR],539327531
F,15054,18192,6965,34,524,8090[CR],539327859
C,23752,758,6978,33,521,8086[CR],539328296
F,15575,17266,6991,31,523,8115[CR],539328625
C,23570,776,7004,31,519,8184[CR],539329062
F,16120,17564,7017,30,516,8282[CR],539329500
C,24238,778,7030,31,518,8410[CR],539329828
F,16684,18202,7042,31,519,8552[CR],539330265
C,27108,790,7055,30,521,8688[CR],539330593
F,16608,18572,7067,30,521,8783[CR],539331031
C,30596,778,7080,31,522,8850[CR],539331359
F,12351,18710,7093,30,526,8914[CR],539331796
C,32632,778,7106,31,524,8981[CR],539332234
F,10666,19056,7119,31,527,9047[CR],539332562
C,35024,784,7132,31,521,9074[CR],539333000
F,10637,16868,7145,32,524,9112[CR],539333328
A,34788,10838,7158,31,520,9140[CR],539333765
F,10899,16242,7170,27,503,9226[CR],539334125
C,36024,804,7183,32,516,9341[CR],539334531
F,11238,15350,7196,31,520,9348[CR],539334859
C,36992,794,7208,29,519,9404[CR],539335296
F,11572,14945,7221,33,498,9456[CR],539335734
C,37696,836,7235,24,508,9380[CR],539336062
F,11930,18158,7247,30,503,9477[CR],539336500
C,37428,744,7260,29,514,9438[CR],539336828
F,12467,22860,7273,32,518,9430[CR],539337265
C,34344,660,7285,26,519,9583[CR],539337703
F,12856,23214,7297,27,527,9643[CR],539338031
C,35916,630,7309,27,524,9634[CR],539338468
F,13361,20374,7321,33,521,9630[CR],539338796
C,36524,688,7333,28,509,9541[CR],539339234
F,13922,18320,7345,30,506,9542[CR],539339562
A,34776,14265,7358,32,512,9507[CR],539340000
F,14427,19100,7372,35,511,9410[CR],539340437
C,34168,952,7386,33,517,9312[CR],539340765
F,15025,18376,7399,35,514,9181[CR],539341203
C,32108,668,7414,39,521,9068[CR],539341531
F,15585,13776,7427,36,519,9000[CR],539341968
C,30820,682,7441,34,518,8951[CR],539342296
F,16168,13761,7455,38,522,8897[CR],539342734
C,29672,672,7468,35,518,8837[CR],539343171
F,16732,13911,7482,36,519,8782[CR],539343500
C,28684,664,7495,34,517,8732[CR],539343937
F,17276,13824,7509,33,515,8723[CR],539344265
C,28172,676,7522,33,514,8719[CR],539344703
F,17754,13853,7535,33,514,8693[CR],539345031
C,27872,666,7549,32,512,8686[CR],539345468
F,18156,13756,7562,30,511,8704[CR],539345906
A,34748,18210,7575,28,512,8722[CR],539346234
F,18312,13707,7588,27,508,8728[CR],539346671
C,27944,664,7601,32,513,8745[CR],539347000
F,18512,13740,7614,34,508,8733[CR],539347437
C,28320,668,7628,38,510,8714[CR],539347765
F,18498,13703,7642,35,508,8712[CR],539348203
C,28000,672,7655,35,506,8707[CR],539348640
F,18518,13760,7668,38,508,8674[CR],539348968
C,27688,668,7682,36,511,8636[CR],539349406
F,18538,14039,7696,35,511,8591[CR],539349734
C,25944,664,7709,34,514,8603[CR],539350171
F,18502,14604,7722,34,504,8621[CR],539350500
C,25484,654,7735,32,502,8625[CR],539350937
F,18520,14391,7748,33,498,8675[CR],539351375
C,25068,660,7761,33,501,8718[CR],539351703
F,18122,15202,7769,5,190,8731[CR],539352140
A,34804,18044,7769,1,41,8642[CR],539352468
F,18424,16120,7769,1,0,8631[CR],539352906
C,22554,660,7769,0,0,8623[CR],539353234
F,18710,16258,7769,0,152,8407[CR],539353671
C,22350,660,7769,0,43,7425[CR],539354109
F,18732,16275,7769,0,15,7400[CR],539354437
C,22018,660,7769,0,37,7409[CR],539354875
F,18726,16292,7769,0,162,6808[CR],539355203
C,21838,666,7769,0,276,4122[CR],539355640
F,18718,15423,7769,0,190,3055[CR],539355968
C,20680,666,7769,0,153,3077[CR],539356406
F,18714,14934,7769,0,135,3079[CR],539356843
C,20538,664,7769,0,7,3065[CR],539357171
F,18716,14936,7769,0,43,3079[CR],539357609
C,20474,674,7769,0,12,3085[CR],539358046
Z,0,0,7769,0,61,3031[CR],539358375
A,34848,18708,7769,0,1,3033[CR],539358703
F,18694,14920,7769,0,0,3036[CR],539359250
Z,0,0,7769,0,0,2776[CR],539359796
Z,0,0,7769,0,0,2443[CR],539360234
Z,0,0,7769,0,0,2474[CR],539360781
Z,0,0,7769,0,414,2515[CR],539361218
Z,0,0,7769,0,0,2502[CR],539361765
Z,0,0,7769,0,0,2506[CR],539362203
Z,0,0,7769,0,0,2516[CR],539362750
Z,0,0,7769,0,0,2506[CR],539363296
Z,0,0,7769,0,0,2517[CR],539363734
Z,0,0,7769,0,0,2512[CR],539364281
Z,0,0,7769,0,0,2496[CR],539364718
Z,0,0,7769,0,0,2506[CR],539365265
Z,0,0,7769,0,4,2512[CR],539365812
Z,0,0,7769,0,0,2512[CR],539366250
Z,0,0,7769,0,0,2513[CR],539366796
Z,0,0,7769,0,198,2498[CR],539367234
Z,0,0,7769,0,0,2491[CR],539367781
Z,0,0,7769,0,0,2494[CR],539368328
Z,0,0,7769,0,0,2499[CR],539368765
Z,0,0,7769,0,0,2490[CR],539369312
Z,0,0,7769,0,12,2493[CR],539369750
Z,0,0,7769,0,0,2501[CR],539370296
Z,0,0,7769,0,0,2504[CR],539370734
Z,0,0,7769,0,0,2509[CR],539371281
Z,0,0,7769,0,0,2440[CR],539371828
Z,0,0,7769,0,0,2443[CR],539372265
Z,0,0,7769,0,0,2447[CR],539372812
Z,0,0,7769,0,0,2454[CR],539373250
Z,0,0,7769,0,0,2459[CR],539373796
Z,0,0,7769,0,0,2463[CR],539374234
Z,0,0,7769,0,0,2468[CR],539374781
Z,0,0,7769,0,0,2471[CR],539375328
Z,0,0,7769,0,0,2473[CR],539375765
Z,0,0,7769,0,0,2476[CR],539376312
Z,0,0,7769,0,0,2476[CR],539376750
Z,0,0,7769,0,0,2475[CR],539377296
Z,0,0,7769,0,0,2478[CR],539377843
Z,0,0,7769,0,0,2479[CR],539378281
Z,0,0,7769,0,51,2481[CR],539378828
Z,0,0,7769,0,0,2491[CR],539379265
Z,0,0,7769,0,113,2498[CR],539379812
Z,0,0,7769,39,0,2496[CR],539380250
Z,0,0,7769,44,0,2496[CR],539380796
Z,0,0,7769,18,0,2524[CR],539381343
Z,0,0,7769,5,0,3460[CR],539381453
F,18696,14537,7769,3,0,3945[CR],539381781
C,19650,666,7769,1,0,3934[CR],539382218
F,18698,14610,7769,0,0,3921[CR],539382546
C,19656,672,7769,0,0,3912[CR],539382984
F,18700,14604,7769,0,0,3924[CR],539383312
A,34888,18696,7769,0,0,3925[CR],539383750
F,18680,14598,7769,0,0,3920[CR],539384187
C,19642,656,7769,0,0,3917[CR],539384515
F,18698,14592,7769,0,26,3922[CR],539384953
C,19636,658,7769,0,94,3931[CR],539385281
F,18698,14586,7769,0,68,3929[CR],539385718
C,19630,668,7769,0,22,3926[CR],539386046
F,18690,14582,7769,0,0,3925[CR],539386484
C,19622,660,7769,0,31,3924[CR],539386921
F,18694,14577,7769,0,48,3925[CR],539387250
C,19614,668,7769,0,8,3925[CR],539387687
F,18696,14572,7769,0,9,3927[CR],539388015
C,19606,668,7769,0,1,3928[CR],539388453
F,18690,14567,7769,14,194,4069[CR],539388781
C,19600,654,7769,26,213,5290[CR],539389218
F,18692,14824,7769,23,231,6197[CR],539389656
A,34888,18696,7776,28,228,7213[CR],539389984
F,18696,15692,7786,30,499,8147[CR],539390421
C,20682,642,7798,38,510,8594[CR],539390750
F,18002,16646,7811,32,509,8657[CR],539391187
C,24184,660,7824,36,510,8697[CR],539391515
F,18234,16159,7838,35,512,8718[CR],539391953
C,23864,666,7851,34,510,8713[CR],539392390
F,18312,16766,7864,36,511,8708[CR],539392718
C,23624,660,7877,34,509,8757[CR],539393156
F,18344,17458,7890,34,506,8799[CR],539393484
C,23718,668,7903,34,508,8848[CR],539393921
F,18494,17406,7916,34,504,8894[CR],539394250
C,24026,648,7929,35,507,8909[CR],539394687
F,18364,17436,7942,33,504,8975[CR],539395125
C,24306,660,7954,43,525,9107[CR],539395453
F,18220,17274,7968,29,507,9014[CR],539395890
A,34916,18198,7980,33,511,9160[CR],539396218
F,18270,17264,7993,33,504,9227[CR],539396656
C,25224,660,8005,32,506,9283[CR],539396984
F,18168,17540,8018,31,505,9307[CR],539397421
C,25144,664,8030,31,512,9308[CR],539397859
F,17902,17580,8043,33,510,9254[CR],539398187
C,24900,668,8056,32,505,9233[CR],539398625
F,18256,17336,8068,32,505,9251[CR],539398953
C,24340,664,8082,38,507,9181[CR],539399390
F,18612,17556,8095,32,510,9086[CR],539399718
C,23372,668,8108,31,496,9065[CR],539400156
F,18782,18014,8120,31,505,9178[CR],539400500
C,23396,666,8133,33,507,9172[CR],539400921
F,18192,18174,8146,31,508,9203[CR],539401359
C,24382,654,8159,32,499,9276[CR],539401687
F,16233,19054,8171,29,509,9342[CR],539402125
A,34928,14026,8183,31,510,9348[CR],539402453
F,13450,19724,8196,30,510,9354[CR],539402890
C,26712,666,8208,32,510,9330[CR],539403328
F,12627,19166,8220,31,508,9317[CR],539403656
C,27044,660,8233,30,506,9337[CR],539404093
F,12538,18540,8245,32,506,9328[CR],539404421
C,26836,668,8257,29,504,9331[CR],539404859
F,12842,17960,8269,31,506,9346[CR],539405187
C,26284,664,8281,34,507,9316[CR],539405625
F,13252,18084,8294,34,503,9281[CR],539406062
C,25560,664,8306,33,504,9268[CR],539406390
F,13665,18258,8319,32,504,9307[CR],539406828
C,25176,660,8331,34,508,9307[CR],539407156
F,14135,18510,8344,33,507,9298[CR],539407593
C,25364,658,8356,33,508,9334[CR],539407921
F,14623,19108,8369,33,508,9348[CR],539408359
A,34912,14915,8381,33,505,9368[CR],539408796
F,14990,19758,8392,33,505,9425[CR],539409187
C,27752,668,8403,32,502,9422[CR],539409562
F,14388,20060,8415,27,502,9435[CR],539409906
C,28020,676,8426,27,503,9414[CR],539410328
F,12553,19796,8437,28,501,9371[CR],539410656
C,27612,664,8449,30,510,9317[CR],539411093
F,12056,18614,8463,32,510,9286[CR],539411531
C,26492,654,8476,32,504,9219[CR],539411859
F,12387,17392,8489,32,505,9163[CR],539412296
C,24888,664,8503,32,504,9121[CR],539412625
F,12708,16786,8516,30,502,9065[CR],539413062
C,23418,672,8529,34,500,9034[CR],539413390
F,13057,16218,8543,38,499,9034[CR],539413828
C,22344,660,8556,36,497,9048[CR],539414265
F,13485,16381,8569,38,496,9077[CR],539414593
A,34936,13842,8582,36,500,9118[CR],539415031
F,13941,17492,8595,34,499,9157[CR],539415359
C,24428,716,8608,36,504,9189[CR],539415796
F,13308,17766,8621,35,504,9215[CR],539416125
C,24588,696,8634,35,504,9217[CR],539416562
F,12016,17138,8647,34,502,9204[CR],539417000
C,24452,730,8660,34,502,9182[CR],539417328
F,11895,16265,8673,34,499,9182[CR],539417765
C,24156,716,8686,34,500,9182[CR],539418093
F,12262,16121,8699,33,499,9211[CR],539418531
C,24208,710,8712,33,501,9236[CR],539418875
F,12632,16644,8725,34,504,9223[CR],539419296
C,24338,732,8738,33,503,9205[CR],539419625
F,13035,17178,8751,33,505,9195[CR],539420062
C,24340,734,8764,32,502,9207[CR],539420500
F,13440,18146,8777,32,498,9226[CR],539420828
A,34992,13707,8790,32,499,9255[CR],539421265
F,13805,18468,8803,32,502,9256[CR],539421593
C,24212,724,8816,30,504,9237[CR],539422031
F,14227,18110,8829,29,497,9262[CR],539422468
C,24260,746,8842,30,499,9334[CR],539422796
F,14666,17760,8854,29,497,9388[CR],539423234
C,24776,732,8867,29,494,9464[CR],539423562
F,15125,17488,8879,27,493,9550[CR],539424000
C,26248,734,8890,27,491,9629[CR],539424328
F,15629,17126,8899,21,472,9718[CR],539424765
C,28776,742,8905,9,428,9784[CR],539425203
F,16184,16958,8907,5,374,9782[CR],539425531
C,30052,742,8908,4,324,9777[CR],539425968
F,16688,16970,8910,3,294,9773[CR],539426296
C,30092,760,8910,2,230,9772[CR],539426734
F,17140,17026,8911,1,195,9775[CR],539427062
A,35032,17430,8911,1,187,9778[CR],539427500
F,17536,17070,8912,1,193,9781[CR],539427953
C,29984,758,8912,0,103,9786[CR],539428265
F,17896,17106,8912,0,1,9788[CR],539428703
C,29944,762,8913,0,4,9789[CR],539429031
F,18194,17126,8913,0,4,9792[CR],539429468
C,29996,768,8913,0,103,9792[CR],539429796
F,18444,17136,8913,0,96,9793[CR],539430234
C,29988,756,8913,0,0,9373[CR],539430671
F,18646,17142,8913,0,28,7795[CR],539431000
C,29084,784,8913,0,121,6243[CR],539431437
F,18748,17034,8913,0,213,5181[CR],539431765
C,28180,766,8913,0,43,3470[CR],539432203
F,18848,15783,8913,0,255,2539[CR],539432531
C,26604,764,8913,0,342,982[CR],539432968
F,18812,12986,8913,0,524,35544[CR],539433406
A,34948,14711,8913,0,508,35544[CR],539433734
F,14896,12674,8913,0,87,35544[CR],539434187
C,10600,756,8913,0,1,35544[CR],539434531
F,15361,12676,8913,64,384,2698[CR],539434968
C,10705,744,8913,206,531,5825[CR],539435312
F,15801,13984,8947,172,547,8217[CR],539435656
C,28772,740,9004,147,547,8871[CR],539436109
F,14708,14005,9058,103,560,8960[CR],539436453
C,36984,616,9069,3,72,8859[CR],539436906
F,15836,16492,9069,1,1,8775[CR],539437250
C,32716,814,9069,0,12,8765[CR],539437687
F,17016,16728,9069,0,205,8350[CR],539438015
C,31988,820,9069,0,354,4085[CR],539438453
F,17988,15981,9069,0,220,1045[CR],539438781
C,23464,828,9069,0,126,35544[CR],539439218
F,14581,12671,9069,0,112,35544[CR],539439593
A,35016,15325,9069,0,107,35544[CR],539439984
F,15599,12672,9069,0,16,35544[CR],539440343
C,11638,808,9069,0,69,35544[CR],539440781
F,16548,12673,9069,0,67,35544[CR],539441218
C,11642,814,9069,0,18,35544[CR],539441546
F,17346,12672,9069,0,12,35544[CR],539441984
C,11645,814,9069,0,5,35544[CR],539442328
F,17976,12674,9069,0,8,35544[CR],539442765
C,11646,808,9069,0,11,35544[CR],539443109
F,18436,12675,9069,0,46,35544[CR],539443562
C,11647,794,9069,0,1,35544[CR],539443890
F,18762,12674,9069,0,1,35544[CR],539444343
C,11648,814,9069,0,43,35544[CR],539444671
F,18958,12673,9069,0,51,35544[CR],539445140
C,11647,814,9069,0,0,35544[CR],539445468
F,19092,12673,9069,0,0,35544[CR],539445812
A,35000,19162,9069,0,0,35544[CR],539446250
F,19170,12674,9069,0,1,35544[CR],539446593
C,11646,812,9069,0,0,35544[CR],539447046
F,19236,12675,9069,0,0,35544[CR],539447375
C,11647,812,9069,0,171,35544[CR],539447843
F,19264,12674,9069,7,59,2251[CR],539448281
C,11781,816,9069,11,249,3299[CR],539448562
F,19332,12674,9069,19,248,4447[CR],539449015
C,12252,808,9069,24,186,5334[CR],539449343
F,19272,12675,9069,19,262,5858[CR],539449781
C,12751,808,9069,22,397,6584[CR],539450125
F,19822,12759,9069,18,356,7400[CR],539450609
C,19864,796,9069,21,462,8058[CR],539450937
F,19308,14574,9077,29,501,8633[CR],539451375
C,33076,788,9089,32,504,8898[CR],539451703
F,19146,14464,9102,34,507,8996[CR],539452140
A,35040,18770,9114,34,510,9070[CR],539452468
F,18918,15009,9127,33,518,9111[CR],539452906
C,35776,786,9140,34,516,9153[CR],539453234
F,18992,15755,9153,34,510,9167[CR],539453671
C,36380,820,9166,33,508,9185[CR],539454109
F,18886,15921,9179,35,509,9218[CR],539454437
C,36868,814,9192,35,509,9179[CR],539454875
F,18718,16130,9205,34,515,9187[CR],539455203
C,36076,840,9218,34,516,9168[CR],539455640
F,18868,15525,9232,32,517,9154[CR],539455968
C,35200,828,9245,32,511,9124[CR],539456406
F,18876,15800,9258,31,506,9117[CR],539456843
C,33516,850,9270,30,500,9176[CR],539457171
F,18928,14932,9283,31,507,9217[CR],539457609
C,33396,876,9296,31,507,9205[CR],539457953
F,19020,14394,9309,30,499,9229[CR],539458375
A,35084,19120,9321,30,509,9307[CR],539458703
F,19104,15050,9334,32,515,9333[CR],539459140
C,33900,896,9348,32,519,9282[CR],539459578
F,19032,18792,9361,29,521,9260[CR],539459906
C,32580,892,9374,29,516,9252[CR],539460343
F,19204,16910,9387,24,502,9254[CR],539460671
C,31848,884,9400,36,515,9257[CR],539461109
F,18926,17244,9413,38,515,9217[CR],539461437
C,31796,894,9427,36,492,9189[CR],539461875
F,19202,17612,9439,35,506,9241[CR],539462312
C,31512,902,9452,36,508,9274[CR],539462640
F,19098,16632,9465,34,508,9255[CR],539463078
C,31424,920,9478,34,499,9256[CR],539463406
F,19072,17486,9491,35,496,9253[CR],539463843
C,30084,902,9504,34,496,9254[CR],539464171
F,19206,16462,9517,35,496,9279[CR],539464609
A,35048,19290,9530,35,498,9301[CR],539465046
F,19240,16268,9542,34,501,9325[CR],539465375
C,28948,902,9555,33,502,9361[CR],539465812
F,19374,16329,9569,36,492,9348[CR],539466140
C,28184,752,9581,32,489,9398[CR],539466578
F,19318,16774,9593,29,488,9540[CR],539466906
C,27996,952,9603,27,473,9703[CR],539467343
F,19372,17654,9611,19,459,9816[CR],539467781
C,30556,990,9615,7,373,9861[CR],539468109
F,19500,17924,9617,5,382,9841[CR],539468546
C,30264,1002,9620,5,380,9837[CR],539468875
F,19582,19076,9622,5,393,9831[CR],539469312
C,29576,998,9624,5,385,9786[CR],539469640
F,19624,18690,9626,4,399,9749[CR],539470078
C,28488,994,9629,6,392,9705[CR],539470515
F,19504,17532,9631,6,238,9695[CR],539470843
A,35108,19604,9631,1,0,9070[CR],539471390
Z,0,0,9631,1,0,8960[CR],539471609
C,25328,992,9631,0,0,8745[CR],539472046
F,19604,17406,9631,0,0,7317[CR],539472375
C,24944,990,9631,0,63,5706[CR],539472812
F,19612,17248,9631,0,224,3456[CR],539473250
C,24380,1000,9631,0,13,1237[CR],539473578
F,19534,13185,9631,0,25,35544[CR],539474015
C,18322,998,9631,44,291,2233[CR],539474359
F,19584,13285,9631,79,325,5571[CR],539474796
C,19152,1002,9649,73,556,8854[CR],539475140
F,19752,18640,9678,79,537,9451[CR],539475578
C,27008,992,9703,47,521,9526[CR],539475937
F,19230,18058,9723,43,500,9632[CR],539476390
C,27224,996,9737,32,478,9690[CR],539476718
F,19506,18370,9748,27,468,9732[CR],539477156
A,35048,19568,9758,22,451,9764[CR],539477484
F,19570,18426,9764,16,445,9775[CR],539477921
C,26692,1006,9768,4,92,9723[CR],539478250
F,19622,18284,9768,1,0,9611[CR],539478687
C,25444,984,9768,1,5,9583[CR],539479015
F,19676,18588,9768,0,1,9565[CR],539479562
Z,0,0,9768,0,0,8477[CR],539480109
Z,0,0,9768,0,0,6393[CR],539480546
Z,0,0,9768,31,0,6709[CR],539480656
F,19668,18972,9768,51,3,8500[CR],539480984
C,24270,996,9768,3,0,9261[CR],539481421
F,19708,18764,9768,1,0,9159[CR],539481750
C,25008,998,9768,0,0,9165[CR],539482187
F,19676,18796,9768,0,0,5347[CR],539482625
C,24496,994,9768,0,0,1552[CR],539482953
F,19572,12662,9768,0,0,35544[CR],539483390
A,35088,16203,9768,0,0,35544[CR],539483734
F,16544,12670,9768,0,107,35544[CR],539484187
C,10721,996,9768,0,145,35544[CR],539484531
F,17618,12671,9768,0,148,35544[CR],539484984
C,10725,1006,9768,0,142,35544[CR],539485312
F,18408,12673,9768,0,0,35544[CR],539485656
C,10725,996,9768,0,0,35544[CR],539486125
F,18926,12672,9768,0,0,35544[CR],539486562
Z,0,0,9768,0,0,35544[CR],539486890
F,19242,12673,9768,0,0,35544[CR],539487328
Z,0,0,9768,7,141,2500[CR],539487890
Z,0,0,9768,1,1,2501[CR],539488343
Z,0,0,9768,0,0,2454[CR],539488921
Z,0,0,9768,0,0,2484[CR],539489390
Z,0,0,9768,0,0,2518[CR],539489937
Z,0,0,9768,0,304,2520[CR],539490375
Z,0,0,9768,0,0,2505[CR],539490921
Z,0,0,9768,0,310,2506[CR],539491359
Z,0,0,9768,2,1,2504[CR],539491906
Z,0,0,9768,1,0,2512[CR],539492453
Z,0,0,9768,1,0,2500[CR],539492890
Z,0,0,9768,0,1,2520[CR],539493437
Z,0,0,9768,0,0,2514[CR],539493875
Z,0,0,9768,0,0,2507[CR],539494421
Z,0,0,9768,0,0,2513[CR],539494859
Z,0,0,9768,0,0,2514[CR],539495406
Z,0,0,9768,0,134,2524[CR],539495953
Z,0,0,9768,0,0,2520[CR],539496390
Z,0,0,9768,0,0,2510[CR],539496937
Z,0,0,9768,0,0,2515[CR],539497375
Z,0,0,9768,0,0,2515[CR],539497921
Z,0,0,9768,0,0,2513[CR],539498468
Z,0,0,9768,0,0,2515[CR],539498906
Z,0,0,9768,0,0,2516[CR],539499453
Z,0,0,9768,0,0,2471[CR],539499890
Z,0,0,9768,0,0,2461[CR],539500437
Z,0,0,9768,0,0,2466[CR],539500875
Z,0,0,9768,0,0,2471[CR],539501421
Z,0,0,9768,0,0,2471[CR],539501968
Z,0,0,9768,0,0,2473[CR],539502406
Z,0,0,9768,0,0,2450[CR],539502953
Z,0,0,9768,0,0,2446[CR],539503390
Z,0,0,9768,0,0,2446[CR],539503937
Z,0,0,9768,0,0,2453[CR],539504484
Z,0,0,9768,0,0,2461[CR],539504921
Z,0,0,9768,0,0,2465[CR],539505468
Z,0,0,9768,0,0,2441[CR],539505906
Z,0,0,9768,0,0,2445[CR],539506453
Z,0,0,9768,0,4,2458[CR],539507000
Z,0,0,9768,0,0,2462[CR],539507437
Z,0,0,9768,0,0,2459[CR],539507984
Z,0,0,9768,0,0,2476[CR],539508421
Z,0,0,9768,0,0,2479[CR],539508968
Z,0,0,9768,0,0,2481[CR],539509406
Z,0,0,9768,0,0,2482[CR],539509953
Z,0,0,9768,0,0,2482[CR],539510500
Z,0,0,9768,0,0,2481[CR],539510937
Z,0,0,9768,0,0,2484[CR],539511484
Z,0,0,9768,0,0,2486[CR],539511921
Z,0,0,9768,0,0,2485[CR],539512468
Z,0,0,9768,0,1,2488[CR],539512906
Z,0,0,9768,0,0,2487[CR],539513453
Z,0,0,9768,0,0,2494[CR],539514000
Z,0,0,9768,0,147,2504[CR],539514437
Z,0,0,9768,79,0,2506[CR],539514984
Z,0,0,9768,73,0,2499[CR],539515421
Z,0,0,9768,54,3,2504[CR],539515968
Z,0,0,9768,9,0,4063[CR],539516187
C,10720,996,9768,3,0,6280[CR],539516625
Z,0,0,9768,1,0,6267[CR],539517171
Z,0,0,9768,0,0,6257[CR],539517718
Z,0,0,9768,0,0,6268[CR],539518156
Z,0,0,9768,0,0,6293[CR],539518703
Z,0,0,9768,0,0,6289[CR],539519140
Z,0,0,9768,5,0,5403[CR],539519250
C,10740,998,9768,3,0,4255[CR],539519687
F,19652,12682,9768,2,0,4212[CR],539520125
C,11340,996,9768,1,0,4180[CR],539520453
F,19650,12681,9768,0,0,4166[CR],539520890
A,35176,19640,9768,0,0,4154[CR],539521218
F,19626,12683,9768,0,0,4144[CR],539521656
C,11334,996,9768,0,0,4137[CR],539521984
F,19648,12681,9768,0,0,4130[CR],539522421
C,11332,990,9768,0,0,4124[CR],539522859
F,19648,12683,9768,0,0,4120[CR],539523187
C,11331,996,9768,29,54,4314[CR],539523625
F,19646,12681,9768,33,0,5297[CR],539523953
C,11551,1002,9768,22,215,5796[CR],539524390
F,19652,12683,9768,27,486,6625[CR],539524718
C,12058,992,9768,26,450,7277[CR],539525156
F,20950,12820,9778,27,462,7939[CR],539525593
C,18364,992,9789,30,488,8574[CR],539525921
F,19690,13178,9801,33,501,9007[CR],539526359
C,25164,974,9812,33,500,9232[CR],539526687
F,19658,13213,9824,30,494,9328[CR],539527125
A,35152,19596,9834,22,490,9399[CR],539527453
F,19572,13313,9843,21,491,9433[CR],539527890
C,26660,958,9852,20,484,9451[CR],539528328
F,19610,13226,9858,13,455,9467[CR],539528671
C,26892,976,9862,10,438,9465[CR],539529093
F,19654,13318,9865,7,399,9433[CR],539529421
C,26792,982,9867,6,391,9436[CR],539529859
F,19686,13397,9869,5,371,9437[CR],539530187
C,26724,958,9871,4,368,9443[CR],539530625
F,19704,13431,9872,3,377,9439[CR],539531062
C,26660,984,9874,4,368,9432[CR],539531390
F,19714,13466,9876,4,369,9437[CR],539531828
C,26724,1004,9876,2,154,9393[CR],539532156
F,19694,13519,9876,1,63,9345[CR],539532593
C,26172,994,9876,1,0,9319[CR],539532921
F,19724,13621,9876,0,0,9301[CR],539533468
Z,0,0,9876,0,49,7548[CR],539534015
Z,0,0,9876,0,448,2368[CR],539534125
C,25148,1000,9876,0,487,35544[CR],539534562
F,19634,12675,9876,0,0,35544[CR],539535015
Z,0,0,9876,57,7,35544[CR],539535359
F,16241,12679,9876,103,434,2468[CR],539535703
C,11199,996,9876,206,549,6544[CR],539536140
F,17100,12680,9919,86,545,8847[CR],539536484
C,27012,1006,9950,79,534,9141[CR],539536828
F,19490,12693,9977,68,531,9197[CR],539537296
C,28376,1008,10001,64,524,9284[CR],539537625
F,19592,12721,10021,47,523,9332[CR],539538078
C,28588,1020,10039,43,513,9370[CR],539538406
F,19596,13301,10053,34,503,9400[CR],539538843
C,27780,1024,10064,31,496,9403[CR],539539187
F,19670,13518,10075,22,491,9393[CR],539539609
A,35192,19670,10086,26,497,9386[CR],539540046
F,19698,13701,10097,25,497,9396[CR],539540375
C,27028,1034,10107,28,498,9386[CR],539540812
F,19730,13725,10118,26,492,9399[CR],539541140
C,26888,1028,10126,19,479,9426[CR],539541578
F,19746,13810,10131,6,263,9411[CR],539541906
C,26732,1038,10131,1,83,9298[CR],539542343
F,19818,14119,10131,1,85,6756[CR],539542781
C,25420,1038,10131,0,0,3957[CR],539543109
F,19838,13726,10131,0,0,2279[CR],539543546
C,23724,1048,10131,0,226,1060[CR],539543875
F,19828,12688,10131,0,0,35544[CR],539544312
C,18936,1046,10131,0,0,35544[CR],539544656
F,19870,12676,10131,0,0,35544[CR],539545203
Z,0,0,10131,17,109,2405[CR],539545468
F,19860,12677,10131,172,369,4991[CR],539545859
A,35176,19906,10156,73,534,8869[CR],539546203
F,19864,13752,10183,64,525,9296[CR],539546640
C,27036,1036,10210,68,529,9291[CR],539546984
F,19696,13501,10239,68,529,9255[CR],539547421
C,26628,1040,10270,79,533,9231[CR],539547781
F,19778,13546,10303,94,539,9187[CR],539548234
C,26132,1048,10330,51,513,9282[CR],539548562
F,19834,13874,10330,2,0,9196[CR],539549000
C,25048,1060,10330,1,0,9167[CR],539549437
Z,0,0,10330,0,105,7363[CR],539549765
C,24168,1050,10330,0,0,5630[CR],539550171
F,19950,14516,10330,0,0,5572[CR],539550531
C,23482,1038,10330,0,0,5585[CR],539550968
F,19952,14593,10330,0,0,5592[CR],539551406
Z,0,0,10330,0,0,5595[CR],539551734
F,19954,14633,10330,0,0,5598[CR],539552062
A,35216,19950,10330,0,0,5599[CR],539552609
Z,0,0,10330,0,0,5601[CR],539552937
C,23106,1042,10330,0,0,5603[CR],539553375
Z,0,0,10330,0,0,5603[CR],539553703
C,23040,1052,10330,28,0,5710[CR],539554031
F,19948,14695,10330,16,0,6443[CR],539554468
C,22988,1050,10330,20,0,7492[CR],539554796
F,19952,14772,10330,18,334,8534[CR],539555234
C,23026,1050,10338,29,507,9269[CR],539555671
F,19920,14250,10350,30,508,9368[CR],539556000
C,26040,1048,10363,27,507,9397[CR],539556437
F,19894,14224,10374,27,499,9408[CR],539556765
C,26276,1050,10386,28,501,9415[CR],539557203
F,19868,14297,10398,28,500,9429[CR],539557531
C,26436,1054,10409,29,497,9449[CR],539557968
F,19898,14355,10419,26,487,9488[CR],539558406
A,35260,19942,10427,18,475,9508[CR],539558734
F,19926,14443,10435,19,482,9508[CR],539559187
C,26404,1048,10442,21,482,9504[CR],539559500
F,19960,14480,10450,20,489,9480[CR],539559937
C,26216,1042,10459,24,491,9483[CR],539560265
F,19960,14459,10467,24,492,9470[CR],539560703
C,26064,1048,10476,21,499,9474[CR],539561140
F,19974,14484,10486,24,494,9450[CR],539561468
C,25860,1054,10495,25,492,9479[CR],539561906
F,19988,14600,10504,23,488,9518[CR],539562234
C,25576,1050,10513,22,486,9523[CR],539562671
F,19970,14840,10523,24,489,9528[CR],539563000
C,25240,1050,10532,25,488,9526[CR],539563437
F,20026,15136,10541,21,486,9520[CR],539563875
C,24688,1050,10549,20,489,9554[CR],539564203
F,20150,15738,10557,22,480,9544[CR],539564640
A,35172,20232,10564,16,475,9554[CR],539564968
F,20222,16336,10571,16,466,9566[CR],539565406
C,23738,1050,10576,12,462,9582[CR],539565734
F,20320,16852,10581,12,441,9600[CR],539566171
C,23650,1050,10585,8,421,9605[CR],539566609
F,20360,17206,10588,6,391,9608[CR],539566937
C,23596,1062,10589,4,342,9620[CR],539567375
F,20482,17584,10590,3,316,9615[CR],539567703
C,23524,1064,10591,2,315,9605[CR],539568140
F,20502,17786,10593,2,278,9610[CR],539568468
C,23700,1050,10593,2,255,9617[CR],539568906
F,20520,17978,10594,2,249,9623[CR],539569343
C,23798,1066,10595,1,262,9628[CR],539569671
F,20468,18136,10595,1,154,8916[CR],539570218
Z,0,0,10595,0,233,5298[CR],539570437
F,20542,18050,10595,0,201,2494[CR],539570875
A,35220,20480,10595,0,196,795[CR],539571203
F,20510,12794,10595,0,470,35544[CR],539571640
C,14249,1064,10595,0,445,35544[CR],539572078
F,17054,12674,10595,0,0,35544[CR],539572531
Z,0,0,10595,49,111,2789[CR],539572859
F,17258,12675,10595,147,252,4259[CR],539573203
C,10227,1050,10596,172,553,7026[CR],539573546
F,22872,13429,10657,147,562,8781[CR],539574015
C,24404,1076,10707,129,561,9039[CR],539574343
F,15363,18012,10753,114,564,9072[CR],539574796
C,25696,1068,10812,172,562,8793[CR],539575140
F,13496,14260,10883,206,566,8557[CR],539575578
C,15084,1078,10928,8,0,8487[CR],539575906
F,15468,14032,10928,1,0,8282[CR],539576453
Z,0,0,10928,1,0,8285[CR],539576890
Z,0,0,10928,0,0,8288[CR],539577437
Z,0,0,10928,0,0,8284[CR],539577875
C,14818,1054,10928,0,0,8285[CR],539578312
F,21706,13775,10928,0,0,8289[CR],539578750
Z,0,0,10928,0,0,8288[CR],539579296
Z,0,0,10931,14,520,8413[CR],539579406
C,14784,1054,10938,36,502,8672[CR],539579843
F,26220,14976,10951,34,499,8735[CR],539580281
C,16712,1054,10963,33,499,8835[CR],539580609
F,28584,13767,10975,34,496,8948[CR],539581046
C,18732,1068,10988,33,498,9051[CR],539581375
F,27504,13490,11000,33,499,9141[CR],539581812
C,21098,1078,11013,33,502,9191[CR],539582140
F,22458,13639,11026,34,503,9223[CR],539582578
C,21982,1064,11038,33,504,9254[CR],539583015
F,19982,13196,11051,33,504,9257[CR],539583343
A,35216,20378,11064,33,503,9241[CR],539583781
F,20554,13188,11077,33,503,9244[CR],539584109
C,21400,1068,11089,33,502,9265[CR],539584546
F,21254,13725,11102,34,506,9288[CR],539584875
C,21316,1090,11114,33,503,9310[CR],539585312
F,21904,14730,11127,34,507,9328[CR],539585750
C,21384,1084,11140,34,505,9327[CR],539586078
F,21998,15403,11153,34,502,9338[CR],539586515
C,21328,1086,11165,33,506,9335[CR],539586843
F,21940,15606,11178,33,505,9329[CR],539587281
C,21144,1108,11191,34,506,9346[CR],539587609
F,22362,15758,11204,34,506,9334[CR],539588046
C,20888,1106,11217,33,505,9299[CR],539588484
F,22712,15793,11231,33,501,9291[CR],539588812
C,20574,1104,11243,32,500,9271[CR],539589250
F,23016,15753,11256,32,500,9257[CR],539589578
A,35196,23104,11269,31,498,9264[CR],539590015
F,23094,15728,11282,32,499,9275[CR],539590359
C,19926,1104,11295,32,498,9245[CR],539590781
F,23176,15713,11308,31,492,9225[CR],539591218
C,19492,1108,11320,31,497,9231[CR],539591546
F,23708,15685,11333,31,491,9238[CR],539591984
C,19176,1096,11346,31,497,9265[CR],539592312
F,24286,15655,11359,32,497,9247[CR],539592750
C,18838,1112,11372,31,494,9242[CR],539593078
F,24832,15549,11385,28,494,9278[CR],539593515
C,18590,1106,11397,29,495,9358[CR],539593953
F,25196,15899,11409,29,494,9409[CR],539594281
C,18434,1106,11422,29,498,9425[CR],539594718
F,23852,16588,11435,31,504,9384[CR],539595046
C,17910,1104,11449,36,507,9256[CR],539595484
F,24226,16347,11463,35,499,9080[CR],539595812
A,35248,26092,11477,36,492,9016[CR],539596250
F,26836,15382,11489,34,489,9001[CR],539596687
C,16662,1106,11502,35,491,9019[CR],539597015
F,29020,15013,11515,35,488,9041[CR],539597453
C,17056,1104,11528,35,491,9040[CR],539597796
F,29304,14685,11541,35,491,9051[CR],539598218
C,17380,1110,11554,35,486,9054[CR],539598546
F,28004,13608,11567,34,487,9066[CR],539598984
C,17134,1112,11580,35,484,9098[CR],539599421
F,30832,12936,11593,34,485,9116[CR],539599750
C,16982,1106,11605,34,487,9140[CR],539600187
F,32756,12949,11618,35,485,9165[CR],539600515
C,16930,1120,11631,35,487,9196[CR],539600953
F,32384,13243,11644,34,482,9193[CR],539601281
C,16740,1110,11657,34,478,9226[CR],539601718
F,29492,13738,11669,33,476,9268[CR],539602156
A,35188,29292,11681,32,478,9346[CR],539602484
F,29600,13602,11693,31,472,9476[CR],539602921
C,18520,1130,11704,31,471,9644[CR],539603250
F,29548,13842,11713,19,451,9778[CR],539603687
C,21206,1116,11720,11,394,9859[CR],539604015
F,25132,14175,11722,5,308,9893[CR],539604453
C,22492,1126,11723,3,212,9881[CR],539604890
F,23670,13976,11724,2,13,9884[CR],539605218
C,22540,1118,11724,2,0,9883[CR],539605656
F,23704,14034,11725,1,0,9883[CR],539605984
C,22566,1110,11725,1,0,9892[CR],539606421
F,23512,14166,11725,1,0,9896[CR],539606750
C,22550,1100,11725,0,0,9892[CR],539607296
Z,0,0,11725,0,0,9851[CR],539607843
Z,0,0,11725,0,0,9832[CR],539608281
Z,0,0,11725,0,0,9827[CR],539608828
Z,0,0,11725,0,0,9827[CR],539609265
Z,0,0,11725,0,0,9822[CR],539609812
Z,0,0,11725,0,0,9811[CR],539610359
Z,0,0,11725,0,0,9808[CR],539610796
Z,0,0,11725,0,0,9801[CR],539611343
Z,0,0,11725,0,0,9797[CR],539611781
Z,0,0,11725,0,0,9793[CR],539612328
Z,0,0,11725,0,0,9787[CR],539612765
Z,0,0,11725,0,0,9782[CR],539613312
Z,0,0,11725,0,0,9777[CR],539613859
Z,0,0,11725,0,0,9772[CR],539614296
Z,0,0,11725,0,0,9766[CR],539614843
Z,0,0,11725,0,0,9761[CR],539615281
Z,0,0,11725,0,0,9756[CR],539615828
Z,0,0,11725,0,0,9750[CR],539616265
Z,0,0,11725,0,0,9744[CR],539616812
Z,0,0,11725,0,0,9738[CR],539617359
Z,0,0,11725,0,0,9732[CR],539617796
Z,0,0,11725,0,0,9726[CR],539618343
Z,0,0,11725,0,0,9721[CR],539618781
Z,0,0,11725,0,0,9716[CR],539619328
Z,0,0,11725,0,0,9710[CR],539619875
Z,0,0,11725,0,0,9706[CR],539620312
Z,0,0,11725,0,0,9699[CR],539620859
Z,0,0,11725,0,0,9694[CR],539621296
Z,0,0,11725,0,0,9690[CR],539621843
Z,0,0,11725,0,0,9684[CR],539622390
Z,0,0,11725,0,0,9680[CR],539622828
Z,0,0,11725,0,0,9674[CR],539623375
Z,0,0,11725,0,0,9669[CR],539623812
Z,0,0,11725,0,0,9664[CR],539624359
Z,0,0,11725,0,0,9660[CR],539624796
Z,0,0,11725,0,0,9654[CR],539625343
Z,0,0,11725,0,0,9649[CR],539625890
Z,0,0,11725,0,0,9645[CR],539626328
Z,0,0,11725,0,2,9640[CR],539626875
Z,0,0,11725,0,0,9635[CR],539627312
Z,0,0,11725,0,0,9630[CR],539627859
Z,0,0,11725,0,0,9625[CR],539628406
Z,0,0,11725,0,0,9620[CR],539628843
Z,0,0,11725,0,0,9615[CR],539629390
Z,0,0,11725,0,0,9610[CR],539629828
Z,0,0,11725,0,0,9605[CR],539630375
Z,0,0,11725,0,0,9600[CR],539630921
Z,0,0,11725,0,0,9595[CR],539631359
Z,0,0,11725,0,0,9591[CR],539631906
Z,0,0,11725,0,0,9586[CR],539632343
Z,0,0,11725,0,0,9582[CR],539632890
Z,0,0,11725,0,0,9577[CR],539633328
Z,0,0,11725,0,0,9572[CR],539633875
Z,0,0,11725,0,0,9568[CR],539634421
Z,0,0,11725,0,0,9562[CR],539634859
Z,0,0,11725,0,0,9558[CR],539635406
Z,0,0,11725,0,0,9554[CR],539635843
Z,0,0,11725,0,0,9547[CR],539636390
Z,0,0,11725,0,0,9544[CR],539636937
Z,0,0,11725,0,0,9539[CR],539637375
Z,0,0,11725,0,0,9534[CR],539637921
Z,0,0,11725,0,0,9530[CR],539638359
Z,0,0,11725,0,0,9525[CR],539638906
Z,0,0,11725,0,0,9520[CR],539639453
Z,0,0,11725,0,0,9515[CR],539639890
Z,0,0,11725,0,0,9511[CR],539640437
Z,0,0,11725,0,0,9506[CR],539640875
Z,0,0,11725,0,0,9501[CR],539641421
Z,0,0,11725,0,1,9496[CR],539641859
Z,0,0,11725,0,0,9491[CR],539642406
Z,0,0,11725,0,0,9487[CR],539642953
Z,0,0,11725,0,0,9482[CR],539643390
Z,0,0,11725,0,0,9474[CR],539643937
Z,0,0,11725,0,0,9468[CR],539644375
Z,0,0,11725,0,0,9463[CR],539644921
Z,0,0,11725,0,0,9457[CR],539645468
Z,0,0,11725,0,0,9451[CR],539645906
Z,0,0,11725,0,0,9446[CR],539646453
Z,0,0,11725,0,0,9441[CR],539646890
Z,0,0,11725,0,0,9436[CR],539647437
Z,0,0,11725,0,0,9430[CR],539647984
Z,0,0,11725,0,0,9425[CR],539648421
Z,0,0,11725,0,0,9418[CR],539648968
Z,0,0,11725,0,0,9415
<PAUSE BUTTON 13:04:03>
[CR],539649406
>
Reset interface. Wait time for interface: 47
>
Reset interface. Wait time for interface: 219DOFF
OK
>
Command: DOFF Wait time for interface: 31

>
Reset interface. Wait time for interface: 78CLEAR
OK
>
Command: CLEAR Wait time for interface: 110

<END BUTTON 13:10:08>

------------------- Begin end zero test --------------------
>
Reset interface. Wait time for interface: 62SCAN E
Z,0,0,0,0,283,2476
C,12017,6228,0,0,311,2481[CR],540017375
F,12116,12678,0,0,315,2480[CR],540017703
C,12017,6106,0,0,320,2481[CR],540018140
F,12117,12678,0,0,299,2480[CR],540018468
C,12018,5988,0,0,307,2481[CR],540018921
F,12119,12677,0,0,310,2481[CR],540019265
C,12017,6090,0,0,296,2481[CR],540019640
F,12118,12677,0,0,290,2480[CR],540020078
C,12017,6110,0,0,294,2480[CR],540020421
F,12115,12677,0,0,298,2480[CR],540020859
A,35424,12115,0,0,308,2479[CR],540021218
F,12101,12679,0,0,305,2480[CR],540021671
C,12017,6252,0,0,294,2481[CR],540022000
F,12116,12678,0,0,286,2481[CR],540022437
C,12017,6070,0,0,302,2480[CR],540022781
F,12115,12678,0,0,307,2481[CR],540023250
C,12017,6086,0,0,302,2480[CR],540023578
F,12119,12678,0,0,302,2481[CR],540024031
C,12017,6098,0,0,297,2481[CR],540024359
F,12112,12677,0,0,300,2481[CR],540024687
>
Reset interface. Wait time for interface: 109

======== END OF TEST ========


