CPT-log version: 5.22
======== BEGIN OF TEST ========
DATE 17.10.2022

<Transmited Data>
<NEW BUTTON 11:56:29>
[^C][CR]
[^C][CR]
[^C][CR]
CLEAR[CR]
[^C][CR]
DOFF[CR]
[^C][CR]
SCAN E[CR]
[^C][CR]
[^C][CR]
CLEAR[CR]

<START BUTTON 12:01:40>
[^C][CR]
[^C][CR]
DRON[CR]
SCAN E[CR]
[^G][^G][^G][^G][^G]
<PAUSE BUTTON 12:07:37>
[^C][CR]
[^C][CR]
DOFF[CR]
[^C][CR]
CLEAR[CR]

<END BUTTON 12:12:12>
[^C][CR]
SCAN E[CR]
[^C][CR]
[^C][CR]


<Received Data>
<NEW BUTTON 11:56:29>

>
Reset interface. Wait time for interface: 78
>
Reset interface. Wait time for interface: 109
>
Reset interface. Wait time for interface: 110CLEAR
OK
>
Command: CLEAR Wait time for interface: 109

>
Reset interface. Wait time for interface: 110DOFF
OK
>
Command: DOFF Wait time for interface: 109

>
Reset interface. Wait time for interface: 63SCAN E
Z,0,0,0,0,177,2761
Z,0,0,0,0,94,2462
F,12212,12692,0,0,114,2461[CR],967632109
C,12177,11495,0,0,169,2462[CR],967632437
F,12227,12694,0,0,183,2461[CR],967632875
C,12177,12301,0,0,220,2462[CR],967633203
F,12228,12691,0,0,199,2461[CR],967633671
C,12177,11677,0,0,199,2461[CR],967634000
F,12221,12694,0,0,231,2461[CR],967634468
C,12177,11295,0,0,236,2462[CR],967634796
F,12222,12693,0,0,227,2461[CR],967635234
C,12176,11757,0,0,140,2462[CR],967635562
F,12230,12692,0,0,117,2462[CR],967636000
C,12177,11369,0,0,154,2461[CR],967636343
F,12231,12692,0,0,190,2461[CR],967636812
C,12178,11293,0,0,200,2462[CR],967637156
F,12224,12694,0,0,150,2462[CR],967637500
A,36452,12228,0,0,131,2461[CR],967638000
F,12212,12694,0,0,170,2461[CR],967638359
C,12177,11730,0,0,187,2462[CR],967638703
F,12227,12694,0,0,194,2462[CR],967639140
C,12177,11293,0,0,167,2462[CR],967639468
F,12227,12693,0,0,112,2462[CR],967639906
C,12177,10922,0,0,145,2461[CR],967640234
F,12225,12693,0,0,191,2462[CR],967640671
C,12177,10992,0,0,201,2461[CR],967641000
F,12225,12691,0,0,177,2462[CR],967641437
C,12177,11032,0,0,167,2462[CR],967641875
F,12231,12692,0,0,150,2461[CR],967642203
C,12177,10680,0,0,198,2461[CR],967642640
F,12225,12693,0,0,204,2462[CR],967642968
C,12177,10964,0,0,237,2461[CR],967643406
F,12227,12693,0,0,149,2461[CR],967643734
>
Reset interface. Wait time for interface: 94
>
Reset interface. Wait time for interface: 125CLEAR
OK
>
Command: CLEAR Wait time for interface: 110

<START BUTTON 12:01:40>

>
Reset interface. Wait time for interface: 94
>
Reset interface. Wait time for interface: 109DRON
OK
>
Command: DRON Wait time for interface: 110
SCAN E
Z,0,0,0,0,496,4981
C,23342,990,0,0,504,4462[CR],967908281
F,15097,15795,0,0,504,4459[CR],967908609
C,23318,990,0,0,505,4461[CR],967909062
F,15091,15809,0,0,506,4461[CR],967909390
C,23302,990,0,0,506,4458[CR],967909843
F,15095,15817,0,0,505,4458[CR],967910187
C,23280,972,0,0,505,4459[CR],967910640
F,15089,15831,0,0,506,4459[CR],967910968
C,23272,990,0,0,506,4458[CR],967911328
F,15093,15837,0,0,506,4459[CR],967911781
C,23266,990,0,0,505,4458[CR],967912109
F,15091,15844,0,0,505,4456[CR],967912546
A,36412,15090,0,0,506,4455[CR],967912984
F,15074,15847,0,0,507,4457[CR],967913312
C,23232,990,0,0,504,4454[CR],967913750
F,15077,15853,0,0,505,4455[CR],967914078
C,23216,990,0,0,505,4455[CR],967914515
F,15086,15884,0,0,505,4453[CR],967914843
C,23316,998,0,0,505,4452[CR],967915281
F,15079,15871,0,0,506,4452[CR],967915718
C,23344,990,19,64,630,4540[CR],967916046
F,15111,15099,45,68,617,4538[CR],967916484
C,25040,628,71,57,585,4636[CR],967916812
F,14790,17508,98,73,583,4560[CR],967917250
C,24048,414,125,73,611,4456[CR],967917578
F,13684,18870,151,68,612,4494[CR],967918015
C,20950,838,178,68,585,4521[CR],967918453
F,14875,14771,205,57,618,4388[CR],967918781
A,36388,15546,231,68,589,4463[CR],967919218
F,15150,22204,257,68,577,4459[CR],967919562
C,20744,874,284,64,570,4368[CR],967919984
F,12525,20572,311,60,583,4284[CR],967920312
C,17950,900,337,79,604,4262[CR],967920750
F,12750,22030,364,73,606,4275[CR],967921187
C,16712,928,390,73,604,4309[CR],967921515
F,13009,18460,415,73,608,4508[CR],967921953
C,17358,936,441,68,605,4628[CR],967922281
F,12781,18854,468,68,599,4669[CR],967922718
C,18476,916,494,68,604,4667[CR],967923046
F,12846,15320,521,64,611,4685[CR],967923484
C,17616,902,547,64,616,4704[CR],967923921
F,13330,15867,573,64,616,4768[CR],967924250
C,17290,906,599,64,618,4840[CR],967924687
F,13760,16704,625,57,609,4869[CR],967925015
A,36296,14084,652,57,599,4889[CR],967925453
F,14237,16020,678,64,591,4893[CR],967925781
C,17434,900,705,73,596,4861[CR],967926218
F,14797,16033,732,73,597,4797[CR],967926656
C,16828,920,759,73,609,4776[CR],967927000
F,15413,16186,786,64,608,4733[CR],967927421
C,15260,934,813,68,615,4713[CR],967927750
F,16009,18576,841,60,614,4570[CR],967928187
C,15235,924,866,57,611,4707[CR],967928515
F,16250,18456,893,73,603,4775[CR],967928953
C,16562,916,919,73,605,4813[CR],967929390
F,15358,18166,946,73,615,4848[CR],967929718
C,16922,900,973,68,617,4738[CR],967930156
F,15300,16069,1001,64,615,4612[CR],967930484
C,16263,932,1027,64,606,4590[CR],967930921
F,15157,16896,1054,64,598,4592[CR],967931250
A,36304,15211,1081,64,598,4512[CR],967931687
F,15406,15901,1108,73,604,4502[CR],967932125
C,15584,900,1134,73,606,4606[CR],967932453
F,15856,16722,1161,68,601,4606[CR],967932890
C,16106,936,1188,73,606,4592[CR],967933218
F,15265,18096,1214,64,612,4631[CR],967933656
C,16906,924,1241,64,615,4591[CR],967933984
F,14296,18050,1268,64,616,4579[CR],967934421
C,17090,916,1294,64,611,4624[CR],967934859
F,13738,18064,1322,79,605,4569[CR],967935187
C,17132,914,1349,73,603,4479[CR],967935625
F,13673,15635,1377,73,603,4459[CR],967935953
C,15461,916,1404,68,599,4374[CR],967936390
F,14570,15058,1431,64,597,4337[CR],967936718
C,14702,932,1458,64,600,4335[CR],967937156
F,15297,15849,1484,54,604,4344[CR],967937500
A,36248,15719,1510,68,602,4419[CR],967937921
F,15844,17444,1536,73,601,4503[CR],967938296
C,17318,924,1563,79,595,4480[CR],967938687
F,14885,17508,1591,73,597,4462[CR],967939125
C,17424,910,1617,68,599,4464[CR],967939453
F,15002,15103,1644,68,602,4498[CR],967939890
C,16806,950,1670,64,598,4531[CR],967940328
F,15679,15513,1697,64,589,4491[CR],967940656
C,16904,946,1717,8,499,4412[CR],967941093
F,16422,15892,1717,1,473,4334[CR],967941421
C,15477,912,1717,1,472,4324[CR],967941859
F,16950,15441,1717,0,471,4325[CR],967942187
C,15225,920,1717,0,470,4327[CR],967942625
F,17146,15252,1717,0,447,4353[CR],967943062
C,15121,922,1717,0,457,4475[CR],967943390
F,17218,15160,1717,0,449,4472[CR],967943828
A,36256,17230,1717,0,448,4458[CR],967944156
F,17212,15122,1717,0,448,4453[CR],967944593
C,14994,916,1717,0,438,4379[CR],967945031
Z,0,0,1717,0,0,2686[CR],967945578
Z,0,0,1717,0,0,2474[CR],967946125
Z,0,0,1717,0,0,2475[CR],967946562
Z,0,0,1717,0,0,2477[CR],967947109
Z,0,0,1717,0,0,2476[CR],967947546
Z,0,0,1717,0,0,2472[CR],967948093
Z,0,0,1717,0,0,2475[CR],967948640
Z,0,0,1717,0,0,2473[CR],967949078
Z,0,0,1717,0,0,2474[CR],967949625
Z,0,0,1717,0,0,2475[CR],967950062
Z,0,0,1717,0,0,2473[CR],967950609
Z,0,0,1717,0,0,2475[CR],967951046
Z,0,0,1717,0,0,2475[CR],967951593
Z,0,0,1717,0,0,2474[CR],967952140
Z,0,0,1717,0,0,2474[CR],967952578
Z,0,0,1717,0,0,2472[CR],967953125
Z,0,0,1717,0,0,2474[CR],967953562
Z,0,0,1717,0,0,2475[CR],967954109
Z,0,0,1717,0,0,2473[CR],967954546
Z,0,0,1717,0,0,2475[CR],967955093
Z,0,0,1717,0,0,2474[CR],967955640
Z,0,0,1717,0,0,2478[CR],967956078
Z,0,0,1717,0,0,2475[CR],967956625
Z,0,0,1717,0,0,2477[CR],967957062
Z,0,0,1717,0,15,2476[CR],967957609
Z,0,0,1717,0,0,2476[CR],967958156
Z,0,0,1717,0,0,2478[CR],967958593
Z,0,0,1717,0,0,2478[CR],967959140
Z,0,0,1717,0,0,2478[CR],967959578
Z,0,0,1717,0,0,2477[CR],967960125
Z,0,0,1717,0,0,2455[CR],967960671
Z,0,0,1717,0,0,2459[CR],967961109
Z,0,0,1717,0,0,2464[CR],967961656
Z,0,0,1717,0,0,2467[CR],967962093
Z,0,0,1717,0,0,2468[CR],967962640
Z,0,0,1717,0,7,2469[CR],967963078
Z,0,0,1717,0,0,2471[CR],967963625
Z,0,0,1717,0,0,2472[CR],967964171
Z,0,0,1717,0,0,2472[CR],967964609
Z,0,0,1717,0,0,2471[CR],967965156
Z,0,0,1717,0,55,2468[CR],967965593
Z,0,0,1717,0,0,2472[CR],967966140
Z,0,0,1717,0,0,2472[CR],967966578
Z,0,0,1717,0,0,2474[CR],967967125
Z,0,0,1717,0,0,2481[CR],967967671
Z,0,0,1717,0,0,2479[CR],967968109
Z,0,0,1717,0,108,2475[CR],967968656
Z,0,0,1717,0,0,2490[CR],967969093
Z,0,0,1717,0,0,2479[CR],967969640
Z,0,0,1717,79,0,2488[CR],967970078
Z,0,0,1718,33,415,2743[CR],967970406
C,13430,914,1727,13,403,3896[CR],967970734
F,16208,15864,1727,2,402,3933[CR],967971171
C,14426,910,1727,1,401,3944[CR],967971500
F,16244,15992,1727,0,398,3938[CR],967971937
C,14521,914,1727,0,387,3938[CR],967972265
F,16240,15935,1727,0,383,3938[CR],967972703
C,14508,914,1727,0,385,3934[CR],967973140
F,16224,15914,1727,0,364,3931[CR],967973468
C,14502,914,1727,0,468,3967[CR],967973906
F,16215,15896,1727,0,468,3980[CR],967974234
C,14497,910,1727,0,468,3976[CR],967974671
F,16202,15890,1727,0,469,3974[CR],967975000
A,36068,16192,1727,0,470,3970[CR],967975437
F,16181,15878,1727,0,470,3966[CR],967975796
C,14489,912,1727,0,470,3964[CR],967976203
F,16187,15864,1727,0,470,3960[CR],967976640
C,14485,904,1727,0,470,3957[CR],967976968
F,16179,15854,1727,0,471,3954[CR],967977406
C,14483,918,1733,64,499,4062[CR],967977734
F,16164,15986,1760,73,588,4562[CR],967978171
C,16558,924,1786,73,593,4481[CR],967978609
F,16185,17072,1813,68,592,4455[CR],967978937
C,15717,922,1839,68,593,4542[CR],967979375
F,16379,18520,1866,64,592,4505[CR],967979703
C,16095,970,1892,64,594,4480[CR],967980140
F,16164,17144,1919,64,598,4512[CR],967980468
C,15587,914,1945,60,594,4551[CR],967980906
F,17208,14966,1971,73,588,4673[CR],967981343
A,36060,17926,1998,79,589,4788[CR],967981671
F,17564,16750,2025,73,589,4774[CR],967982109
C,17074,914,2051,68,589,4837[CR],967982437
F,16321,16978,2078,73,589,4927[CR],967982875
C,18518,924,2105,68,590,4874[CR],967983203
F,14941,17160,2132,64,598,4794[CR],967983640
C,17194,932,2159,64,603,4692[CR],967984078
F,15515,14394,2187,73,596,4625[CR],967984406
C,14568,948,2212,73,594,4772[CR],967984843
F,17036,14287,2239,73,594,4833[CR],967985171
C,15784,944,2266,68,593,4867[CR],967985609
F,17752,15277,2293,68,593,4922[CR],967985937
C,15457,944,2320,64,592,4870[CR],967986375
F,18114,15696,2347,60,595,4830[CR],967986812
C,15944,948,2374,64,599,4810[CR],967987140
F,18076,14824,2402,79,598,4733[CR],967987578
A,36036,18806,2429,73,600,4703[CR],967987906
F,19140,15063,2456,73,598,4619[CR],967988343
C,14515,938,2483,68,593,4565[CR],967988671
F,19732,15174,2510,64,591,4606[CR],967989109
C,14578,966,2537,68,593,4637[CR],967989546
F,20448,14780,2565,73,595,4497[CR],967989875
C,15539,956,2592,73,593,4463[CR],967990312
F,19492,14375,2619,73,591,4475[CR],967990640
C,15327,962,2645,68,590,4523[CR],967991078
F,19716,15549,2672,64,591,4530[CR],967991515
C,16303,958,2699,64,591,4565[CR],967991843
F,20092,16141,2725,64,592,4628[CR],967992281
C,16281,966,2752,57,593,4609[CR],967992609
F,17804,16628,2779,73,593,4693[CR],967993046
C,15195,976,2805,73,591,4822[CR],967993375
F,17760,16208,2832,68,589,4892[CR],967993812
A,35988,17692,2858,73,589,4987[CR],967994156
F,17430,16812,2884,68,588,5072[CR],967994609
C,20202,972,2912,68,585,4968[CR],967995015
F,15388,15878,2939,60,586,4958[CR],967995343
C,20702,974,2965,64,588,5083[CR],967995781
F,15807,16099,2992,64,589,5110[CR],967996109
C,21100,982,3019,73,589,5048[CR],967996546
F,16113,17286,3046,73,588,5057[CR],967996875
C,20382,980,3074,73,589,5007[CR],967997312
F,16484,17160,3102,68,590,4916[CR],967997750
C,18414,978,3129,64,592,4880[CR],967998078
F,16968,17746,3156,64,592,4903[CR],967998515
C,16462,978,3182,57,593,4919[CR],967998843
F,17384,20086,3208,73,591,4977[CR],967999281
C,16864,976,3235,68,589,5038[CR],967999609
F,16398,17912,3261,73,586,5119[CR],968000046
A,35944,16742,3288,68,588,5149[CR],968000484
F,16682,15816,3316,68,589,5093[CR],968000812
C,18600,1000,3343,64,588,5083[CR],968001250
F,16768,15277,3369,64,589,5139[CR],968001578
C,18866,986,3396,64,590,5180[CR],968002015
F,17088,16488,3422,60,589,5176[CR],968002343
C,19680,998,3449,79,588,5175[CR],968002781
F,16462,16754,3476,73,587,5162[CR],968003218
C,19596,1014,3503,68,584,5112[CR],968003546
F,16890,16492,3529,68,583,5174[CR],968003984
C,19396,1006,3554,64,584,5284[CR],968004312
F,17194,16606,3579,68,585,5453[CR],968004750
C,19262,1022,3605,68,587,5524[CR],968005078
F,17366,16732,3631,68,587,5527[CR],968005515
C,19170,1032,3657,64,589,5557[CR],968005953
F,17378,16944,3684,68,588,5548[CR],968006281
A,35928,17574,3710,64,589,5561[CR],968006718
F,17640,17020,3716,3,427,5483[CR],968007046
C,17508,998,3716,1,422,5409[CR],968007484
F,17974,16836,3716,0,421,5400[CR],968007812
C,16229,988,3716,0,422,5395[CR],968008250
F,17992,16548,3716,0,420,5392[CR],968008687
C,16098,980,3716,0,395,5446[CR],968009015
F,17878,16482,3716,0,399,5595[CR],968009453
C,16021,992,3716,0,396,5596[CR],968009781
F,17740,16450,3716,0,414,5565[CR],968010218
C,15971,984,3716,0,412,5429[CR],968010546
F,17620,16458,3716,0,413,5430[CR],968010984
C,15936,984,3716,0,412,5429[CR],968011421
F,17532,16466,3716,0,391,5238[CR],968011750
C,15907,984,3716,0,391,3987[CR],968012296
Z,0,0,3716,0,0,2788[CR],968012734
Z,0,0,3716,0,0,2478[CR],968013281
Z,0,0,3716,0,0,2474[CR],968013828
Z,0,0,3716,0,0,2475[CR],968014265
Z,0,0,3716,0,0,2475[CR],968014812
Z,0,0,3716,0,0,2468[CR],968015250
Z,0,0,3716,0,0,2478[CR],968015796
Z,0,0,3716,0,0,2475[CR],968016343
Z,0,0,3716,0,0,2476[CR],968016781
Z,0,0,3716,0,157,2475[CR],968017328
Z,0,0,3716,0,355,2472[CR],968017765
Z,0,0,3716,0,0,2471[CR],968018312
Z,0,0,3716,0,0,2473[CR],968018859
Z,0,0,3716,0,0,2473[CR],968019296
Z,0,0,3716,0,1,2474[CR],968019843
Z,0,0,3716,0,0,2473[CR],968020281
Z,0,0,3716,0,0,2474[CR],968020828
Z,0,0,3716,0,0,2474[CR],968021375
Z,0,0,3716,0,0,2474[CR],968021812
Z,0,0,3716,0,0,2474[CR],968022359
Z,0,0,3716,0,0,2474[CR],968022796
Z,0,0,3716,0,0,2474[CR],968023343
Z,0,0,3716,0,0,2473[CR],968023890
Z,0,0,3716,0,266,2474[CR],968024328
Z,0,0,3716,0,0,2473[CR],968024875
Z,0,0,3716,0,0,2474[CR],968025312
Z,0,0,3716,0,0,2474[CR],968025859
Z,0,0,3716,0,0,2473[CR],968026406
Z,0,0,3716,0,0,2474[CR],968026843
Z,0,0,3716,0,0,2473[CR],968027390
Z,0,0,3716,0,0,2474[CR],968027828
Z,0,0,3716,0,0,2454[CR],968028375
Z,0,0,3716,0,0,2465[CR],968028921
Z,0,0,3716,0,0,2468[CR],968029359
Z,0,0,3716,0,0,2469[CR],968029906
Z,0,0,3716,0,0,2468[CR],968030343
Z,0,0,3716,0,0,2471[CR],968030890
Z,0,0,3716,0,1,2472[CR],968031328
Z,0,0,3716,0,0,2472[CR],968031875
Z,0,0,3716,0,0,2473[CR],968032421
Z,0,0,3716,0,0,2471[CR],968032859
Z,0,0,3716,0,337,2472[CR],968033406
Z,0,0,3716,0,0,2472[CR],968033843
Z,0,0,3716,0,0,2469[CR],968034390
Z,0,0,3716,0,0,2472[CR],968034828
Z,0,0,3716,0,0,2473[CR],968035375
Z,0,0,3716,0,0,2475[CR],968035921
Z,0,0,3716,0,260,2477[CR],968036359
Z,0,0,3716,0,0,2494[CR],968036906
Z,0,0,3716,24,0,2481[CR],968037343
Z,0,0,3716,86,178,2486[CR],968037890
Z,0,0,3719,51,300,3130[CR],968037890
F,17006,13255,3720,11,290,3677[CR],968038328
C,14376,972,3720,2,285,3979[CR],968038765
F,17042,14406,3720,1,294,3971[CR],968039093
C,14649,980,3720,0,289,3972[CR],968039531
F,17032,14421,3720,0,247,3984[CR],968039859
C,14661,984,3720,0,261,3983[CR],968040296
F,17032,14444,3720,0,266,3982[CR],968040625
C,14667,986,3720,0,388,3979[CR],968041062
F,17018,14459,3720,0,388,4035[CR],968041406
C,14672,976,3720,0,392,4029[CR],968041828
F,17016,14477,3720,0,391,4028[CR],968042265
C,14676,982,3720,0,391,4028[CR],968042593
F,17010,14485,3720,0,389,4027[CR],968043031
C,14677,986,3720,0,391,4024[CR],968043359
F,17010,14489,3720,0,390,4024[CR],968043796
A,35732,17014,3720,0,392,4024[CR],968044234
F,17004,14489,3720,0,391,4023[CR],968044562
C,14678,976,3720,0,391,4025[CR],968045000
F,17008,14490,3720,0,393,4042[CR],968045328
C,14678,980,3738,57,569,4999[CR],968045765
F,17014,16040,3765,68,580,5947[CR],968046093
C,17810,1006,3792,64,582,5800[CR],968046531
F,16924,17132,3819,60,585,5660[CR],968046968
C,16042,1032,3845,68,584,5604[CR],968047296
F,18132,17820,3872,79,578,5628[CR],968047734
C,14676,1048,3898,73,580,5748[CR],968048062
F,20316,18160,3924,79,575,5837[CR],968048500
C,17746,1036,3951,73,579,5824[CR],968048828
F,19132,16212,3978,64,583,5765[CR],968049265
C,16068,1026,4004,68,585,5820[CR],968049703
F,20138,15939,4031,60,585,5826[CR],968050031
A,35636,21014,4058,64,583,5843[CR],968050468
F,21402,17152,4084,60,580,5925[CR],968050843
C,15326,1026,4111,73,580,5959[CR],968051234
F,21828,16746,4138,79,582,5989[CR],968051343
P,11354,91232,4146,64,582,6022[CR],968051578
C,15293,1040,4164,68,580,6072[CR],968052000
F,22142,15806,4191,68,580,6096[CR],968052437
C,15462,1036,4217,64,581,6076[CR],968052765
F,21288,16307,4244,68,581,6087[CR],968053203
C,14767,1032,4271,64,579,6135[CR],968053531
F,21510,16710,4297,68,577,6148[CR],968053968
C,15707,1014,4324,57,576,6124[CR],968054296
F,20878,17148,4351,79,581,6139[CR],968054734
C,15513,1038,4378,73,581,6071[CR],968055171
F,20174,16732,4405,64,580,6050[CR],968055500
C,14886,1036,4432,68,578,6043[CR],968055937
F,20570,16566,4459,64,578,6046[CR],968056265
A,35692,21118,4486,60,579,6040[CR],968056703
F,21218,16960,4512,68,578,6055[CR],968057031
C,15288,1048,4539,68,574,6071[CR],968057468
F,20718,17190,4566,79,574,6047[CR],968057906
C,15362,1036,4592,73,574,6051[CR],968058234
F,20790,17490,4619,73,577,6071[CR],968058671
C,15896,1026,4647,68,575,5953[CR],968059000
F,20492,16818,4674,64,573,5885[CR],968059437
C,15371,1040,4700,64,575,5904[CR],968059781
F,20104,17186,4727,64,574,5863[CR],968060203
C,15416,1048,4755,79,573,5784[CR],968060640
F,20150,17522,4782,73,572,5793[CR],968060968
C,16278,1040,4808,73,572,5902[CR],968061406
F,19134,17276,4836,64,572,5822[CR],968061734
C,16107,1066,4863,68,574,5755[CR],968062171
F,19232,15280,4890,68,571,5667[CR],968062500
A,35676,20008,4916,60,569,5717[CR],968062937
F,20248,15755,4943,79,571,5701[CR],968063375
C,15734,1044,4970,73,571,5695[CR],968063703
F,20120,16156,4996,68,569,5731[CR],968064140
C,15178,1052,5022,68,569,5749[CR],968064468
F,20328,17110,5049,68,568,5768[CR],968064906
C,16138,1036,5075,64,568,5756[CR],968065234
F,19758,16662,5102,68,570,5722[CR],968065671
C,15682,1048,5129,64,570,5664[CR],968066109
F,20338,15665,5155,60,568,5668[CR],968066437
C,15509,1044,5181,68,569,5674[CR],968066875
F,20572,16168,5206,64,565,5752[CR],968067203
C,15297,1010,5232,54,566,5850[CR],968067640
F,20748,16266,5258,73,569,5929[CR],968067968
C,15698,1048,5284,79,569,5924[CR],968068406
F,20670,16470,5313,73,566,5781[CR],968068843
A,35644,20628,5339,68,567,5714[CR],968069171
F,20268,15995,5366,68,568,5693[CR],968069609
C,15855,1054,5391,64,568,5749[CR],968069937
F,20750,15084,5419,68,566,5716[CR],968070328
C,15801,1034,5445,60,564,5600[CR],968070703
F,21428,15516,5469,64,566,5901[CR],968071140
C,16756,1082,5495,64,568,6016[CR],968071578
F,21630,15768,5521,60,569,6100[CR],968071906
C,18226,1092,5546,64,569,6157[CR],968072343
F,17226,18154,5573,64,568,6145[CR],968072671
C,18862,1070,5600,73,572,6112[CR],968073109
F,17004,16002,5626,73,572,6070[CR],968073437
C,19120,1038,5653,73,572,6043[CR],968073875
F,16196,16424,5680,68,571,5992[CR],968074312
C,17696,1078,5707,68,570,5967[CR],968074640
F,16784,15017,5716,3,356,5949[CR],968075078
A,35608,17214,5716,1,350,5897[CR],968075406
F,17394,14732,5716,0,345,5894[CR],968075843
C,16554,1044,5716,0,338,5889[CR],968076171
F,17878,14562,5716,0,337,5889[CR],968076609
C,16476,1050,5716,0,364,5771[CR],968077046
F,18202,14607,5716,0,356,5122[CR],968077375
C,16368,1040,5716,0,353,5117[CR],968077812
F,18430,14598,5716,0,349,5121[CR],968078140
C,16349,1052,5716,0,327,5130[CR],968078578
F,18608,14703,5716,0,345,5374[CR],968078906
C,16323,1054,5716,0,339,5403[CR],968079343
F,18746,14794,5716,0,347,5327[CR],968079781
C,16298,1042,5716,0,345,5243[CR],968080109
F,18838,14881,5716,0,345,5244[CR],968080546
C,16272,1048,5716,0,320,4911[CR],968080984
Z,0,0,5716,0,402,2993[CR],968081531
Z,0,0,5716,0,0,2484[CR],968081968
Z,0,0,5716,0,0,2478[CR],968082515
Z,0,0,5716,0,0,2477[CR],968083062
Z,0,0,5716,0,384,2473[CR],968083500
Z,0,0,5716,0,0,2475[CR],968084046
Z,0,0,5716,0,0,2473[CR],968084484
Z,0,0,5716,0,0,2474[CR],968085031
Z,0,0,5716,0,0,2474[CR],968085578
Z,0,0,5716,0,0,2475[CR],968086015
Z,0,0,5716,0,0,2475[CR],968086562
Z,0,0,5716,0,0,2475[CR],968087000
Z,0,0,5716,0,0,2474[CR],968087546
Z,0,0,5716,0,0,2475[CR],968088093
Z,0,0,5716,1,0,2474[CR],968088531
Z,0,0,5716,1,0,2475[CR],968089078
Z,0,0,5716,0,116,2474[CR],968089515
Z,0,0,5716,0,0,2474[CR],968090062
Z,0,0,5716,0,0,2474[CR],968090500
Z,0,0,5716,0,0,2474[CR],968091046
Z,0,0,5716,0,0,2474[CR],968091593
Z,0,0,5716,0,0,2476[CR],968092031
Z,0,0,5716,0,0,2478[CR],968092578
Z,0,0,5716,0,0,2479[CR],968093125
Z,0,0,5716,0,0,2455[CR],968093562
Z,0,0,5716,0,0,2466[CR],968094109
Z,0,0,5716,0,0,2468[CR],968094546
Z,0,0,5716,0,1,2470[CR],968095093
Z,0,0,5716,0,0,2471[CR],968095531
Z,0,0,5716,0,0,2473[CR],968096078
Z,0,0,5716,0,0,2473[CR],968096515
Z,0,0,5716,0,0,2473[CR],968097062
Z,0,0,5716,0,0,2472[CR],968097609
Z,0,0,5716,0,0,2472[CR],968098046
Z,0,0,5716,0,0,2471[CR],968098593
Z,0,0,5716,0,0,2473[CR],968099031
Z,0,0,5716,0,0,2469[CR],968099578
Z,0,0,5716,0,0,2474[CR],968100125
Z,0,0,5716,0,0,2474[CR],968100562
Z,0,0,5716,0,85,2477[CR],968101109
Z,0,0,5716,0,1,2499[CR],968101546
Z,0,0,5716,0,0,2478[CR],968102093
Z,0,0,5716,79,0,2487[CR],968102640
Z,0,0,5716,15,151,2608[CR],968102750
F,18514,14257,5716,43,189,3689[CR],968103187
C,14893,1048,5716,2,173,3883[CR],968103515
F,18512,14780,5716,1,139,3904[CR],968103953
C,15063,1044,5716,0,158,3921[CR],968104390
F,18506,14797,5716,0,172,3913[CR],968104718
C,15078,1040,5716,0,140,3914[CR],968105156
F,18482,14797,5716,0,111,3908[CR],968105484
C,15081,1044,5716,0,25,3908[CR],968105921
F,18464,14786,5716,0,304,3936[CR],968106250
A,35464,18454,5716,0,310,3951[CR],968106687
F,18430,14812,5716,0,313,3950[CR],968107015
C,15089,1048,5716,0,307,3945[CR],968107453
F,18434,14801,5716,0,302,3945[CR],968107890
C,15086,1044,5716,0,308,3941[CR],968108218
F,18424,14792,5716,0,311,3941[CR],968108656
C,15082,1048,5716,0,314,3938[CR],968108984
F,18402,14785,5716,0,309,3937[CR],968109421
C,15077,1044,5716,0,303,3937[CR],968109859
F,18392,14777,5723,44,347,4126[CR],968110187
C,15072,1040,5741,57,553,5667[CR],968110625
F,18394,17100,5768,64,559,6447[CR],968110953
C,18742,1048,5794,64,560,6423[CR],968111390
F,17868,16644,5821,73,560,6313[CR],968111718
C,18266,1084,5847,68,560,6289[CR],968112156
F,18254,16608,5874,73,560,6256[CR],968112593
A,35456,18450,5901,73,558,6102[CR],968112921
F,18640,16404,5927,64,558,6119[CR],968113359
C,17302,1104,5954,68,558,6178[CR],968113687
F,19340,16326,5980,64,556,6161[CR],968114125
C,18014,1064,6006,64,557,6139[CR],968114453
F,19792,15055,6033,64,556,6183[CR],968114890
C,18168,1082,6059,60,557,6158[CR],968115328
F,20408,15094,6086,79,559,6127[CR],968115656
C,18066,1078,6113,73,558,6107[CR],968116093
F,20838,15890,6139,68,574,6141[CR],968116421
C,18004,1096,6165,68,569,6249[CR],968116859
F,20718,17294,6191,68,560,6365[CR],968117187
C,20646,1120,6217,64,558,6353[CR],968117625
F,17610,17154,6244,64,555,6360[CR],968118062
C,21082,1094,6270,64,555,6340[CR],968118390
F,17918,15906,6297,68,559,6305[CR],968118828
A,35392,18308,6324,57,560,6290[CR],968119156
F,18504,16884,6349,73,560,6382[CR],968119593
C,18968,1098,6376,68,561,6502[CR],968119921
F,18400,19838,6402,68,560,6548[CR],968120359
C,19948,1090,6428,73,558,6631[CR],968120796
F,17568,17446,6454,73,556,6715[CR],968121125
C,21076,1086,6481,68,556,6724[CR],968121562
F,18016,16834,6508,64,557,6680[CR],968121890
C,21034,1094,6534,68,558,6712[CR],968122328
F,18460,16596,6560,64,559,6748[CR],968122656
C,20778,1086,6586,64,557,6763[CR],968123093
F,18996,17106,6613,64,559,6776[CR],968123531
C,21044,1094,6639,73,558,6749[CR],968123859
F,19326,17702,6665,64,555,6794[CR],968124296
C,20198,1090,6691,73,558,6887[CR],968124625
F,19804,18948,6718,73,558,6890[CR],968125062
A,35408,17886,6744,68,556,6916[CR],968125406
F,17034,19204,6770,73,556,6958[CR],968125843
C,21668,1076,6797,68,555,6954[CR],968126265
F,17576,17350,6824,68,555,6967[CR],968126593
C,21680,1106,6850,64,554,6996[CR],968127031
F,18074,17344,6875,60,552,7103[CR],968127359
C,20612,1076,6900,64,558,7271[CR],968127796
F,18538,18112,6927,60,559,7236[CR],968128125
C,19616,1090,6954,64,558,7200[CR],968128562
F,19230,18406,6980,54,556,7239[CR],968129000
C,19980,1106,7004,54,566,7391[CR],968129328
F,19920,19208,7028,57,562,7724[CR],968129765
C,25076,1106,7053,64,556,7942[CR],968130093
F,17984,19514,7079,60,558,8087[CR],968130531
C,29452,1116,7104,60,554,8196[CR],968130859
F,14799,17202,7130,60,555,8214[CR],968131296
A,35392,15139,7156,64,555,8262[CR],968131734
F,15268,15630,7181,60,553,8338[CR],968132062
C,29676,1112,7206,57,551,8362[CR],968132500
F,15723,14881,7232,51,551,8400[CR],968132828
C,29044,1112,7257,57,544,8502[CR],968133265
F,16258,14572,7281,60,554,8688[CR],968133593
C,29348,1120,7307,60,554,8802[CR],968134031
F,16866,14779,7332,64,551,8926[CR],968134468
C,31236,1124,7357,64,551,8919[CR],968134796
F,17432,14699,7382,60,551,8913[CR],968135234
C,32108,1124,7407,57,551,8952[CR],968135562
F,17880,14866,7431,57,551,9070[CR],968136000
C,33756,1116,7456,60,547,9102[CR],968136328
F,17974,15216,7479,57,550,9174[CR],968136765
C,34684,1112,7500,57,550,9383[CR],968137109
F,18182,15190,7518,34,513,9557[CR],968137531
A,35364,17932,7525,15,489,9688[CR],968137968
F,17810,15483,7528,8,451,9684[CR],968138296
C,35480,1112,7530,3,371,9692[CR],968138734
F,17750,15779,7530,2,337,9704[CR],968139062
C,34348,1112,7531,1,304,9712[CR],968139500
F,18174,15783,7531,1,284,9722[CR],968139937
C,34032,1112,7531,1,268,9730[CR],968140265
F,18438,15819,7532,0,228,9739[CR],968140703
C,33776,1112,7532,0,204,9748[CR],968141031
F,18564,15894,7532,0,190,9755[CR],968141468
C,33544,1112,7532,0,264,9234[CR],968141796
F,18616,15903,7532,0,284,5132[CR],968142234
C,32712,1112,7532,0,247,3893[CR],968142671
F,18618,14675,7532,0,231,3846[CR],968143000
C,30300,1112,7532,114,292,4092[CR],968143437
F,18664,14665,7538,94,552,6983[CR],968143765
A,35316,18712,7551,33,540,9593[CR],968144203
F,17416,15632,7560,16,521,9565[CR],968144531
C,37192,1112,7565,11,466,9569[CR],968144968
F,16922,15901,7567,3,273,9571[CR],968145421
C,36620,1120,7567,1,248,8865[CR],968145734
F,17628,16036,7567,0,193,7142[CR],968146171
C,33856,1102,7567,0,227,6772[CR],968146500
F,18156,16107,7567,0,283,4911[CR],968146937
C,32844,1116,7567,0,407,2526[CR],968147265
F,18378,14465,7567,0,189,563[CR],968147703
C,12177,1124,7567,0,202,35544[CR],968148140
F,14365,12688,7567,47,335,1860[CR],968148453
C,11664,1112,7567,206,543,4267[CR],968148906
F,15113,12709,7620,206,560,7877[CR],968149250
C,30712,1194,7691,20,392,8016[CR],968149687
F,16516,15283,7691,2,242,7502[CR],968150031
A,35312,16494,7691,1,235,7494[CR],968150468
F,16800,15331,7691,0,216,7490[CR],968150812
C,31576,1096,7691,0,184,7489[CR],968151250
F,17664,15412,7691,0,188,7481[CR],968151578
C,31224,1120,7691,0,222,7476[CR],968152015
F,18166,15461,7691,0,217,7473[CR],968152343
C,31016,1112,7691,0,185,7464[CR],968152781
F,18448,15493,7691,0,165,7459[CR],968153218
C,30868,1120,7691,0,190,7456[CR],968153546
F,18582,15519,7695,31,495,7623[CR],968153984
C,30748,1124,7715,12,355,8303[CR],968154312
F,18662,15466,7715,2,199,8148[CR],968154750
C,33036,1116,7715,1,156,8130[CR],968155078
F,18502,15617,7715,0,197,8098[CR],968155515
C,31332,1112,7715,0,207,7944[CR],968155859
F,18668,15695,7715,0,194,7936[CR],968156281
A,35336,18698,7715,0,126,8054[CR],968156718
F,18692,15753,7715,0,152,8214[CR],968157046
C,30712,1120,7715,0,153,8203[CR],968157484
F,18732,15793,7715,0,129,8164[CR],968157812
C,30576,1112,7715,0,179,7936[CR],968158250
F,18738,15812,7715,0,179,7930[CR],968158687
C,30452,1116,7715,0,140,7926[CR],968159015
F,18734,15832,7715,0,123,6244[CR],968159562
Z,0,0,7715,0,316,3044[CR],968160000
Z,0,0,7715,0,0,2477[CR],968160546
Z,0,0,7715,0,0,2477[CR],968161093
Z,0,0,7715,0,0,2477[CR],968161531
Z,0,0,7715,0,0,2477[CR],968162078
Z,0,0,7715,0,0,2475[CR],968162515
Z,0,0,7715,0,0,2475[CR],968163062
Z,0,0,7715,0,0,2473[CR],968163609
Z,0,0,7715,0,0,2473[CR],968164046
Z,0,0,7715,0,0,2475[CR],968164593
Z,0,0,7715,0,0,2474[CR],968165031
Z,0,0,7715,0,0,2474[CR],968165578
Z,0,0,7715,0,0,2474[CR],968166015
Z,0,0,7715,0,0,2475[CR],968166562
Z,0,0,7715,0,0,2474[CR],968167109
Z,0,0,7715,0,0,2474[CR],968167546
Z,0,0,7715,0,0,2474[CR],968168093
Z,0,0,7715,0,0,2475[CR],968168531
Z,0,0,7715,0,0,2475[CR],968169078
Z,0,0,7715,0,0,2475[CR],968169625
Z,0,0,7715,0,0,2475[CR],968170062
Z,0,0,7715,0,59,2475[CR],968170609
Z,0,0,7715,0,0,2475[CR],968171046
Z,0,0,7715,0,0,2475[CR],968171593
Z,0,0,7715,0,0,2475[CR],968172140
Z,0,0,7715,0,0,2474[CR],968172578
Z,0,0,7715,0,0,2475[CR],968173125
Z,0,0,7715,0,0,2475[CR],968173671
Z,0,0,7715,0,0,2474[CR],968174109
Z,0,0,7715,0,0,2477[CR],968174656
Z,0,0,7715,0,0,2471[CR],968175093
Z,0,0,7715,0,0,2455[CR],968175640
Z,0,0,7715,0,0,2468[CR],968176078
Z,0,0,7715,0,0,2471[CR],968176625
Z,0,0,7715,0,0,2471[CR],968177171
Z,0,0,7715,0,0,2471[CR],968177609
Z,0,0,7715,0,0,2472[CR],968178156
Z,0,0,7715,0,0,2472[CR],968178593
Z,0,0,7715,0,0,2472[CR],968179140
Z,0,0,7715,0,0,2470[CR],968179578
Z,0,0,7715,0,0,2471[CR],968180125
Z,0,0,7715,0,0,2468[CR],968180671
Z,0,0,7715,0,0,2471[CR],968181109
Z,0,0,7715,0,0,2471[CR],968181656
Z,0,0,7715,0,0,2472[CR],968182093
Z,0,0,7715,0,0,2471[CR],968182640
Z,0,0,7715,0,18,2479[CR],968183078
Z,0,0,7715,0,0,2497[CR],968183625
Z,0,0,7715,103,0,2491[CR],968184171
Z,0,0,7715,94,0,2582[CR],968184609
Z,0,0,7715,5,0,3998[CR],968184828
F,18702,14405,7715,2,0,4141[CR],968185156
C,26060,1116,7715,1,0,4067[CR],968185593
F,18708,14409,7715,0,0,4068[CR],968186031
C,26084,1116,7715,0,0,4080[CR],968186359
F,18704,14410,7715,0,0,4082[CR],968186906
Z,0,0,7715,0,0,4081[CR],968187125
F,18704,14412,7715,0,0,4078[CR],968187562
A,35284,18702,7715,0,148,4120[CR],968187890
F,18688,14413,7715,0,106,4114[CR],968188328
C,26072,1112,7715,0,175,4114[CR],968188765
F,18700,14416,7715,0,187,4111[CR],968189093
C,26068,1134,7715,0,151,4114[CR],968189531
F,18704,14417,7715,0,109,4113[CR],968189859
C,26060,1112,7715,0,99,4114[CR],968190296
F,18700,14420,7715,0,150,4116[CR],968190625
C,26052,1112,7715,0,189,4116[CR],968191062
F,18706,14422,7715,0,175,4119[CR],968191500
C,26044,1134,7715,0,83,4118[CR],968191828
F,18702,14422,7715,47,263,4860[CR],968192265
C,26052,1126,7729,41,321,6874[CR],968192593
F,18748,15040,7750,64,554,8578[CR],968193031
C,30900,1138,7775,64,543,8871[CR],968193359
F,18354,15090,7799,60,539,8959[CR],968193796
A,35284,17864,7824,60,552,8969[CR],968194234
F,17888,16015,7848,60,537,9010[CR],968194562
C,32324,884,7872,68,541,8996[CR],968195000
F,18244,16602,7895,54,538,9012[CR],968195328
C,31076,1186,7919,57,540,9031[CR],968195765
F,18316,16618,7942,57,536,9055[CR],968196093
C,29568,1186,7965,57,537,9073[CR],968196531
F,18298,16180,7989,64,539,9027[CR],968196968
C,28008,1186,8012,64,533,9044[CR],968197296
F,18488,15322,8033,51,531,9099[CR],968197734
C,27100,1200,8054,49,534,9161[CR],968198062
F,18622,15135,8072,35,527,9218[CR],968198500
C,26864,1166,8087,33,513,9281[CR],968198828
F,18720,14794,8097,21,498,9326[CR],968199265
C,26928,1170,8106,17,488,9340[CR],968199703
F,18784,14572,8113,18,483,9367[CR],968200031
A,35268,18740,8119,15,477,9402[CR],968200468
F,18836,14298,8124,13,454,9426[CR],968200796
C,26656,1138,8126,3,207,9408[CR],968201234
F,18808,14570,8126,1,0,8718[CR],968201562
C,25512,1140,8126,0,219,6849[CR],968202000
F,18878,14543,8126,0,165,4485[CR],968202437
C,24178,1162,8126,0,368,3183[CR],968202765
F,18894,13928,8126,0,521,1140[CR],968203203
C,19958,1136,8126,0,137,35544[CR],968203531
F,14203,12692,8126,0,110,35544[CR],968203953
C,11970,1164,8126,54,385,1578[CR],968204312
F,15697,12693,8126,258,517,4021[CR],968204765
C,12131,1142,8168,172,567,7693[CR],968205109
F,19294,13939,8244,172,565,8324[CR],968205562
C,24082,1252,8284,12,14,8154[CR],968205890
F,20504,19582,8284,2,3,8058[CR],968206359
A,35300,23958,8284,1,22,8059[CR],968206703
F,24120,18766,8284,0,0,8049[CR],968207031
C,16968,1158,8284,0,0,8047[CR],968207468
F,22928,17902,8284,0,0,8041[CR],968207906
C,16864,1174,8284,0,0,8037[CR],968208234
F,21778,17396,8284,0,0,8031[CR],968208671
C,16780,1162,8284,0,0,8031[CR],968209000
F,21012,17098,8285,0,199,8046[CR],968209437
C,16712,1144,8308,60,544,8462[CR],968209765
F,19640,20042,8334,64,547,8574[CR],968210203
C,19250,1188,8360,60,547,8638[CR],968210640
F,18036,20190,8386,64,539,8635[CR],968210968
C,18644,1182,8409,54,544,8827[CR],968211406
F,20772,19736,8429,49,529,9225[CR],968211734
C,23786,1194,8449,49,535,9274[CR],968212171
F,17458,19096,8470,57,538,9247[CR],968212500
A,35292,14767,8492,60,535,9202[CR],968212937
F,14686,17548,8514,49,535,9231[CR],968213328
C,25944,1186,8534,49,534,9254[CR],968213703
F,15596,17978,8554,57,536,9257[CR],968214062
C,25812,1202,8574,54,533,9277[CR],968214468
F,16359,18548,8595,54,531,9234[CR],968214906
C,25580,1204,8618,60,531,9211[CR],968215234
F,17124,19260,8639,43,534,9302[CR],968215671
C,26608,1224,8658,47,523,9392[CR],968216109
F,17662,19626,8675,39,522,9398[CR],968216437
C,28324,1250,8691,36,515,9424[CR],968216875
F,17366,19062,8703,27,507,9464[CR],968217203
C,29228,1214,8713,21,497,9495[CR],968217640
F,18038,18588,8721,18,489,9529[CR],968217968
C,30132,1242,8727,12,470,9562[CR],968218406
F,18610,18280,8731,10,445,9575[CR],968218843
A,35340,18808,8734,6,407,9581[CR],968219171
F,18850,17980,8736,4,371,9594[CR],968219609
C,30212,1208,8736,2,304,9598[CR],968219937
F,19004,18038,8737,2,276,9601[CR],968220375
C,29876,1220,8738,1,246,9608[CR],968220703
F,19088,18056,8738,1,224,9614[CR],968221140
C,29768,1236,8738,1,203,9619[CR],968221578
F,19134,17964,8739,0,193,9622[CR],968221906
C,29768,1228,8739,0,172,9624[CR],968222343
F,19162,17982,8739,0,0,7608[CR],968222671
C,29352,1234,8739,0,68,6186[CR],968223109
F,19134,17908,8739,0,101,4343[CR],968223437
C,27832,1252,8739,0,166,2594[CR],968223875
F,19108,15576,8739,0,112,2167[CR],968224312
C,23702,1226,8739,0,113,2209[CR],968224640
F,19080,14927,8739,0,43,2247[CR],968225078
A,35312,19144,8739,0,2,2270[CR],968225406
F,19138,14931,8739,0,103,2282[CR],968225843
C,23394,1230,8739,0,53,2295[CR],968226171
F,19170,14931,8739,0,1,2300[CR],968226609
C,23324,1226,8739,0,0,2311[CR],968227046
F,19182,14931,8739,0,15,2314[CR],968227375
C,23270,1226,8739,0,2,2324[CR],968227812
F,19184,14928,8739,0,20,2326[CR],968228140
C,23222,1230,8739,0,12,2334[CR],968228578
F,19186,14923,8739,0,0,2337[CR],968228906
C,23180,1222,8739,16,0,2557[CR],968229343
F,19186,14940,8739,68,145,3713[CR],968229781
C,23218,1228,8739,31,237,4355[CR],968230109
F,19200,15144,8739,57,51,5994[CR],968230546
C,23694,1226,8739,41,258,7646[CR],968230875
F,19260,16988,8746,31,512,9274[CR],968231312
A,35292,19282,8758,26,495,9469[CR],968231656
F,19122,16958,8766,16,486,9482[CR],968232078
C,30872,1210,8771,11,464,9492[CR],968232515
F,19100,16345,8775,9,450,9480[CR],968232843
C,30400,1210,8779,9,447,9454[CR],968233281
F,19062,16203,8783,11,455,9443[CR],968233609
C,30212,1196,8787,10,456,9442[CR],968234046
F,19128,15725,8791,10,459,9444[CR],968234375
C,30152,1202,8792,2,0,8896[CR],968234812
F,19102,15728,8792,1,0,8395[CR],968235250
C,27880,1214,8792,0,0,8405[CR],968235578
F,19192,15796,8792,0,0,8408[CR],968236015
C,27396,1214,8792,0,0,8406[CR],968236343
F,19222,15827,8792,0,0,8406[CR],968236781
C,27196,1220,8792,0,0,8406[CR],968237109
F,19220,15845,8792,0,0,8404[CR],968237546
A,35296,19222,8792,0,0,8404[CR],968237984
F,19212,15856,8792,0,0,8404[CR],968238312
C,26972,1224,8792,0,0,8401[CR],968238750
F,19218,15868,8792,0,0,8397[CR],968239078
C,26892,1214,8792,0,0,8392[CR],968239515
F,19224,15870,8792,0,0,8382[CR],968239843
C,26824,1224,8792,0,0,8375[CR],968240281
F,19216,15876,8792,0,0,8366[CR],968240828
Z,0,0,8792,0,0,8356[CR],968241046
F,19218,15878,8792,0,0,8347[CR],968241484
C,26712,1192,8792,0,0,8341[CR],968241812
F,19222,15884,8792,0,0,8332[CR],968242359
Z,0,0,8792,0,0,8323[CR],968242578
F,19214,15888,8792,0,0,8317[CR],968243015
C,26624,1214,8792,0,0,8311[CR],968243453
F,19218,15893,8792,0,0,8305[CR],968243781
A,35320,19224,8792,0,0,8299[CR],968244218
F,19206,15895,8792,0,0,8292[CR],968244546
C,26548,1208,8792,0,0,8286[CR],968244984
F,19220,15896,8792,0,0,8280[CR],968245312
C,26516,1214,8792,0,0,8274[CR],968245750
F,19214,15897,8792,0,0,8268[CR],968246187
C,26480,1222,8792,0,0,8263[CR],968246515
F,19222,15897,8792,0,0,8255[CR],968246953
C,26452,1218,8792,0,0,8248[CR],968247281
F,19216,15900,8792,0,0,8244[CR],968247718
C,26424,1204,8792,0,0,8238[CR],968248046
F,19218,15899,8792,0,0,8232[CR],968248484
C,26396,1204,8792,0,0,8226[CR],968248921
F,19216,15900,8792,0,0,8220[CR],968249250
C,26372,1204,8792,0,0,8214[CR],968249687
F,19218,15900,8792,0,0,8208[CR],968250015
A,35360,19224,8792,0,0,8202[CR],968250453
F,19208,15900,8792,0,0,8197[CR],968250781
C,26320,1214,8792,0,0,8190[CR],968251218
F,19222,15900,8792,0,0,8185[CR],968251656
C,26300,1204,8792,0,0,8178[CR],968251984
F,19212,15898,8792,0,0,8174[CR],968252421
C,26276,1210,8792,0,0,8168[CR],968252750
F,19218,15897,8792,0,0,8163[CR],968253187
C,26256,1208,8792,0,0,8157[CR],968253515
F,19220,15896,8792,0,0,8152[CR],968254062
Z,0,0,8792,0,0,8145[CR],968254390
F,19220,15895,8792,0,0,8141[CR],968254828
Z,0,0,8792,0,0,8135[CR],968255156
F,19214,15890,8792,0,0,8130[CR],968255484
C,26196,1212,8792,0,0,8125[CR],968255921
F,19214,15888,8792,0,0,8120[CR],968256250
A,35264,19210,8792,0,0,8116[CR],968256687
F,19196,15886,8792,0,0,8110[CR],968257125
C,26156,1208,8792,0,0,8105[CR],968257453
F,19214,15884,8792,0,0,8100[CR],968258000
Z,0,0,8792,0,0,8094[CR],968258218
F,19212,15881,8792,0,0,8090[CR],968258656
C,26124,1214,8792,0,0,8085[CR],968259093
Z,0,0,8792,0,0,8080[CR],968259640
Z,0,0,8792,0,0,8074[CR],968260187
Z,0,0,8792,0,0,8068[CR],968260625
Z,0,0,8792,0,0,8062[CR],968261171
Z,0,0,8792,0,0,8056[CR],968261609
Z,0,0,8792,0,0,8050[CR],968262156
Z,0,0,8792,0,0,8045[CR],968262156
F,19212,15869,8792,0,0,8040[CR],968262593
A,35288,19212,8792,0,0,8039[CR],968262921
F,19198,15868,8792,0,0,8035
<PAUSE BUTTON 12:07:37>
[CR],968263359
C,26028,1218,8792,0,0,8032[CR],968263359
>
Reset interface. Wait time for interface: 31
>
Reset interface. Wait time for interface: 219DOFF
OK
>
Command: DOFF Wait time for interface: 125

>
Reset interface. Wait time for interface: 63CLEAR
OK
>
Command: CLEAR Wait time for interface: 109

<END BUTTON 12:12:12>

------------------- Begin end zero test --------------------
>
Reset interface. Wait time for interface: 110SCAN E
F,12108,12732,0,0,367,2705
C,12045,8546,0,0,370,2479[CR],968573859
F,12121,12733,0,0,374,2479[CR],968574296
C,12045,8034,0,0,347,2477[CR],968574625
F,12121,12732,0,0,347,2475[CR],968575062
A,35412,12117,0,0,353,2474[CR],968575390
F,12099,12733,0,0,353,2476[CR],968575843
C,12044,7524,0,0,356,2474[CR],968576187
F,12128,12733,0,0,359,2475[CR],968576640
C,12045,7446,0,0,352,2474[CR],968577078
Z,0,0,0,0,352,2474[CR],968577421
C,12045,7514,0,0,355,2475[CR],968577781
F,12134,12733,0,0,356,2474[CR],968578218
C,12045,7326,0,0,353,2474[CR],968578546
F,12132,12731,0,0,358,2474[CR],968578984
C,12044,7354,0,0,357,2474[CR],968579312
F,12127,12733,0,0,355,2475[CR],968579765
C,12044,7316,0,0,352,2474[CR],968580109
F,12124,12732,0,0,349,2474[CR],968580546
C,12044,7356,0,0,351,2475[CR],968580890
F,12121,12734,0,0,348,2474[CR],968581343
A,35416,12128,0,0,347,2473[CR],968581671
F,12111,12733,0,0,346,2474[CR],968582109
C,12044,7182,0,0,337,2474[CR],968582437
F,12117,12731,0,0,351,2474[CR],968582875
C,12045,7222,0,0,336,2474[CR],968583312
F,12114,12732,0,0,372,2474[CR],968583640
C,12054,6926,0,0,323,2474[CR],968584078
F,12117,12734,0,0,317,2472[CR],968584406
C,12071,6894,0,0,312,2472[CR],968584843
F,12148,12831,0,0,319,2473[CR],968585171
C,12060,7076,0,0,327,2475[CR],968585609
F,12190,12790,0,0,336,2474[CR],968585937
C,12021,6754,0,0,322,2475[CR],968586375
F,12176,12784,0,0,329,2475[CR],968586812
C,12022,6846,0,0,333,2474[CR],968587140
F,12171,12786,0,0,332,2474[CR],968587578
A,35400,12174,0,0,324,2474[CR],968587906
F,12169,12785,0,0,322,2474[CR],968588343
C,12023,6806,0,0,331,2475[CR],968588671
F,12169,12784,0,0,331,2474[CR],968589109
C,12024,6756,0,0,327,2475[CR],968589546
F,12171,12783,0,0,327,2475[CR],968589875
C,12024,6812,0,0,319,2475[CR],968590312
F,12161,12785,0,0,320,2474[CR],968590531
>
Reset interface. Wait time for interface: 63

======== END OF TEST ========


