CPT-log version: 5.22
======== BEGIN OF TEST ========
DATE 18.10.2022

<Transmited Data>
<NEW BUTTON 09:17:55>
[^C][CR]
[^C][CR]
[^C][CR]
CLEAR[CR]
[^C][CR]
DOFF[CR]
[^C][CR]
SCAN E[CR]
[^C][CR]
[^C][CR]
CLEAR[CR]

<START BUTTON 09:33:36>
[^C][CR]
[^C][CR]
DRON[CR]
SCAN E[CR]
[^G][^G][^G][^G][^G][^G][^G]
<PAUSE BUTTON 09:45:48>
[^C][CR]
[^C][CR]
DOFF[CR]
[^C][CR]
CLEAR[CR]

<END BUTTON 09:51:23>
[^C][CR]
SCAN E[CR]
[^C][CR]


<Received Data>
<NEW BUTTON 09:17:55>

>
Reset interface. Wait time for interface: 63
>
Reset interface. Wait time for interface: 109
>
Reset interface. Wait time for interface: 109CLEAR
OK
>
Command: CLEAR Wait time for interface: 110

>
Reset interface. Wait time for interface: 109DOFF
OK
>
Command: DOFF Wait time for interface: 109

>
Reset interface. Wait time for interface: 78SCAN E
Z,0,0,0,0,0,2515
Z,0,0,0,0,0,2462[CR],1044958859
Z,0,0,0,0,0,2463[CR],1044959406
Z,0,0,0,0,231,2459[CR],1044959734
F,12201,12672,0,0,212,2458[CR],1044960171
C,12193,11359,0,0,246,2458[CR],1044960500
F,12212,12671,0,0,215,2458[CR],1044960937
A,34996,12208,0,0,303,2458[CR],1044961265
F,12190,12671,0,0,235,2458[CR],1044961718
C,12191,13296,0,0,286,2457[CR],1044962062
F,12208,12672,0,0,270,2458[CR],1044962500
C,12193,13147,0,0,294,2458[CR],1044962843
F,12210,12672,0,0,227,2458[CR],1044963281
C,12193,13199,0,0,241,2458[CR],1044963640
F,12206,12671,0,0,236,2458[CR],1044964062
C,12192,13224,0,0,214,2457[CR],1044964406
F,12207,12673,0,0,211,2458[CR],1044964843
C,12192,13060,0,0,302,2457[CR],1044965171
F,12207,12670,0,0,229,2458[CR],1044965625
C,12192,13387,0,0,249,2459[CR],1044965968
F,12214,12671,0,0,247,2458[CR],1044966406
C,12192,13109,0,0,224,2458[CR],1044966734
F,12210,12672,0,0,224,2458[CR],1044967171
A,35016,12211,0,0,233,2458[CR],1044967515
F,12192,12673,0,0,222,2458[CR],1044967953
C,12192,12755,0,0,202,2457[CR],1044968281
F,12211,12672,0,0,212,2458[CR],1044968718
C,12193,12610,0,0,248,2458[CR],1044969156
F,12208,12672,0,0,233,2459[CR],1044969484
C,12193,12892,0,0,223,2457[CR],1044969921
F,12208,12672,0,0,285,2457[CR],1044970250
C,12193,12538,0,0,221,2458[CR],1044970687
F,12209,12671,0,0,235,2457[CR],1044971015
C,12193,12615,0,0,232,2458[CR],1044971234
>
Reset interface. Wait time for interface: 31
>
Reset interface. Wait time for interface: 125CLEAR
OK
>
Command: CLEAR Wait time for interface: 110

<START BUTTON 09:33:36>

>
Reset interface. Wait time for interface: 31
>
Reset interface. Wait time for interface: 109DRON
OK
>
Command: DRON Wait time for interface: 110
SCAN E
Z,0,0,0,0,418,5233
F,15139,15828,0,0,440,4891[CR],1045423453
A,35216,15136,0,0,442,4888[CR],1045423781
F,15124,15828,0,0,442,4884[CR],1045424218
C,25300,666,0,0,442,4881[CR],1045424546
F,15134,15828,0,0,443,4878[CR],1045424937
C,25280,696,0,0,443,4874[CR],1045425312
F,15131,15827,0,0,442,4871[CR],1045425750
C,25256,684,0,0,443,4865[CR],1045426187
F,15133,15823,0,0,444,4863[CR],1045426515
C,25236,656,0,0,443,4859[CR],1045426968
F,15128,15822,0,0,443,4856[CR],1045427296
C,25212,666,0,0,443,4852[CR],1045427750
F,15134,15821,0,0,443,4849[CR],1045428078
C,25196,666,0,0,443,4845[CR],1045428515
F,15127,15820,0,0,442,4841[CR],1045428843
C,25176,658,0,0,442,4839[CR],1045429281
F,15130,15817,0,0,442,4835[CR],1045429718
A,35184,15129,0,0,442,4832[CR],1045430046
F,15118,15817,0,0,445,4829[CR],1045430484
C,25140,674,0,0,443,4825[CR],1045430812
F,15130,15812,0,0,443,4822[CR],1045431250
C,25120,674,0,0,442,4819[CR],1045431578
F,15130,15809,0,0,443,4815[CR],1045432015
C,25104,672,0,0,443,4811[CR],1045432343
F,15131,15806,0,0,444,4809[CR],1045432781
C,25088,676,0,0,443,4805[CR],1045433218
F,15125,15804,0,0,443,4802[CR],1045433546
C,25072,672,0,0,443,4800[CR],1045433984
F,15133,15798,0,0,442,4796[CR],1045434312
C,25056,688,0,0,444,4792[CR],1045434750
F,15126,15796,0,0,443,4790[CR],1045435078
C,25040,674,0,0,441,4786[CR],1045435515
F,15126,15794,0,0,442,4782[CR],1045435953
A,35220,15126,0,0,443,4779[CR],1045436281
F,15117,15790,0,0,443,4777[CR],1045436718
C,25012,672,0,0,443,4773[CR],1045437046
F,15130,15787,0,0,443,4770[CR],1045437484
C,25000,672,0,0,442,4768[CR],1045437812
F,15121,15784,0,0,443,4764[CR],1045438250
C,24988,684,0,0,444,4762[CR],1045438687
F,15130,15780,0,0,444,4758[CR],1045439015
C,24976,680,0,0,442,4755[CR],1045439453
F,15124,15773,0,0,442,4752[CR],1045439781
C,24960,684,0,0,444,4750[CR],1045440218
F,15123,15770,0,0,444,4746[CR],1045440656
C,24948,680,0,0,441,4743[CR],1045440984
F,15122,15769,0,0,443,4740[CR],1045441421
C,24936,688,0,0,443,4738[CR],1045441750
F,15125,15763,0,0,442,4734[CR],1045442187
A,35204,15126,0,0,444,4732[CR],1045442515
F,15113,15757,0,0,443,4730[CR],1045442953
C,24912,672,0,0,442,4726[CR],1045443390
F,15123,15754,0,0,443,4723[CR],1045443718
C,24900,666,0,0,444,4720[CR],1045444156
F,15124,15749,0,0,444,4717[CR],1045444484
C,24888,672,0,0,443,4715[CR],1045444921
F,15126,15746,0,0,443,4712[CR],1045445250
C,24876,676,0,0,443,4709[CR],1045445687
F,15123,15741,0,0,443,4707[CR],1045446125
C,24864,680,0,0,443,4703[CR],1045446453
F,15119,15737,0,0,444,4700[CR],1045446890
C,24856,680,0,0,443,4698[CR],1045447218
F,15125,15731,0,0,441,4695[CR],1045447656
C,24844,666,0,0,444,4693[CR],1045447984
F,15119,15726,0,0,443,4690[CR],1045448421
A,35204,15120,0,0,443,4687[CR],1045448750
F,15107,15724,0,0,443,4683[CR],1045449187
C,24824,684,0,0,443,4682[CR],1045449625
F,15119,15720,0,0,443,4680[CR],1045449953
C,24812,666,0,0,444,4676[CR],1045450390
F,15124,15714,0,0,444,4674[CR],1045450718
C,24804,676,0,0,443,4672[CR],1045451156
F,15119,15709,0,0,443,4668[CR],1045451484
C,24792,684,0,0,444,4667[CR],1045451921
F,15118,15706,0,0,444,4663[CR],1045452359
C,24784,702,0,0,444,4661[CR],1045452687
F,15119,15699,0,0,443,4659[CR],1045453125
C,24776,692,0,0,443,4656[CR],1045453453
F,15114,15695,0,0,444,4653[CR],1045453890
C,24764,692,0,0,443,4651[CR],1045454218
F,15115,15691,0,0,444,4649[CR],1045454656
A,35168,15115,0,0,444,4646[CR],1045455093
F,15103,15687,0,0,443,4644[CR],1045455421
C,24748,676,0,0,443,4640[CR],1045455859
F,15113,15681,0,0,444,4638[CR],1045456187
C,24736,692,0,0,444,4636[CR],1045456625
F,15117,15676,0,0,443,4633[CR],1045456953
C,24728,684,0,0,443,4631[CR],1045457390
F,15115,15674,0,0,444,4629[CR],1045457828
C,24720,692,0,0,444,4628[CR],1045458156
F,15121,15666,0,0,442,4624[CR],1045458593
C,24712,688,0,0,443,4622[CR],1045458921
F,15122,15662,0,0,443,4619[CR],1045459359
C,24700,692,0,0,443,4616[CR],1045459796
F,15122,15658,0,0,444,4613[CR],1045460125
C,24692,702,0,0,444,4612[CR],1045460562
F,15127,15653,0,0,443,4610[CR],1045460890
A,35144,15118,0,0,443,4608[CR],1045461328
F,15107,15650,0,0,444,4605[CR],1045461656
C,24676,684,0,0,444,4603[CR],1045462093
F,15120,15646,0,0,444,4600[CR],1045462421
C,24668,692,0,0,444,4599[CR],1045462859
F,15121,15639,0,0,443,4596[CR],1045463296
C,24660,692,0,0,443,4593[CR],1045463625
F,15116,15634,0,0,443,4592[CR],1045464062
C,24652,702,0,0,444,4590[CR],1045464390
F,15114,15630,0,0,444,4587[CR],1045464828
C,24644,688,0,0,441,4585[CR],1045465265
F,15117,15626,0,0,443,4583[CR],1045465593
C,24636,688,0,0,444,4581[CR],1045466031
F,15111,15620,0,0,444,4579[CR],1045466359
C,24628,692,0,0,443,4576[CR],1045466796
F,15115,15615,0,0,443,4574[CR],1045467125
A,35148,15111,0,0,443,4572[CR],1045467562
F,15103,15613,0,0,444,4570[CR],1045468000
C,24612,672,0,0,444,4567[CR],1045468328
F,15106,15609,0,0,444,4565[CR],1045468765
C,24604,688,0,0,443,4563[CR],1045469093
F,15109,15603,0,0,442,4561[CR],1045469531
C,24596,694,0,0,444,4559[CR],1045469859
F,15112,15596,0,0,444,4557[CR],1045470296
C,24588,688,0,0,443,4554[CR],1045470734
F,15115,15594,0,0,443,4553[CR],1045471062
C,24580,692,0,0,444,4551[CR],1045471500
F,15115,15589,0,0,443,4547[CR],1045471828
C,24576,680,0,0,444,4546[CR],1045472265
F,15109,15583,0,0,444,4545[CR],1045472593
C,24568,680,0,0,442,4542[CR],1045473031
F,15117,15580,0,0,443,4540[CR],1045473468
A,35128,15121,0,0,444,4538[CR],1045473796
F,15104,15575,0,0,443,4536[CR],1045474234
C,24554,692,0,0,444,4535[CR],1045474562
F,15119,15570,0,0,444,4532[CR],1045475000
C,24544,688,0,0,441,4531[CR],1045475328
F,15117,15566,0,0,444,4529[CR],1045475765
C,24540,686,0,0,444,4527[CR],1045476203
F,15115,15563,0,0,444,4525[CR],1045476531
C,24532,678,0,0,444,4523[CR],1045476968
F,15115,15557,0,0,444,4522[CR],1045477296
C,24524,688,0,0,444,4520[CR],1045477734
F,15117,15552,0,0,444,4517[CR],1045478062
C,24518,688,0,0,444,4515[CR],1045478500
F,15121,15548,0,0,444,4514[CR],1045478828
C,24512,680,0,0,444,4512[CR],1045479265
F,15118,15543,0,0,441,4509[CR],1045479703
A,35104,15114,0,0,445,4508[CR],1045480031
F,15102,15540,0,0,444,4506[CR],1045480468
C,24498,688,0,0,443,4505[CR],1045480796
F,15113,15534,0,0,444,4502[CR],1045481234
C,24490,694,0,0,445,4501[CR],1045481671
F,15110,15531,0,0,444,4500[CR],1045482000
C,24484,684,0,0,443,4497[CR],1045482437
F,15116,15526,0,0,444,4495[CR],1045482765
C,24478,684,0,0,445,4494[CR],1045483203
F,15113,15522,0,0,444,4492[CR],1045483531
C,24470,688,0,0,444,4489[CR],1045483968
F,15114,15517,0,0,444,4488[CR],1045484296
C,24464,688,0,0,444,4486[CR],1045484734
F,15115,15513,0,0,442,4484[CR],1045485171
C,24458,680,0,0,445,4482[CR],1045485500
F,15117,15509,0,0,444,4482[CR],1045485937
A,35124,15119,0,0,443,4479[CR],1045486265
F,15103,15506,0,0,444,4477[CR],1045486703
C,24446,692,0,0,444,4475[CR],1045487031
F,15117,15500,0,0,444,4474[CR],1045487468
C,24438,688,0,0,444,4471[CR],1045487906
F,15120,15492,0,0,444,4470[CR],1045488234
C,24432,694,0,0,444,4468[CR],1045488671
F,15113,15488,0,0,444,4467[CR],1045489000
C,24422,694,0,0,445,4464[CR],1045489437
F,15114,15484,0,0,444,4463[CR],1045489765
C,24418,696,0,0,444,4461[CR],1045490203
F,15122,15477,0,0,442,4460[CR],1045490640
C,24410,692,0,0,444,4459[CR],1045490968
F,15120,15475,0,0,444,4457[CR],1045491406
C,24404,696,0,0,442,4455[CR],1045491734
F,15122,15471,0,0,443,4455[CR],1045492171
A,35152,15116,0,0,444,4452[CR],1045492500
F,15104,15466,0,0,444,4451[CR],1045492937
C,24392,696,0,0,445,4449[CR],1045493375
F,15117,15461,0,0,444,4447[CR],1045493703
C,24386,688,0,0,443,4446[CR],1045494140
F,15116,15457,0,0,444,4445[CR],1045494468
C,24380,692,0,0,444,4443[CR],1045494906
F,15121,15455,0,0,444,4440[CR],1045495343
C,24374,702,0,0,444,4439[CR],1045495671
F,15118,15451,0,0,443,4438[CR],1045496109
C,24370,696,0,0,444,4436[CR],1045496437
F,15125,15445,0,0,444,4434[CR],1045496875
C,24362,684,0,0,443,4433[CR],1045497203
F,15125,15442,0,0,445,4432[CR],1045497640
C,24356,696,0,0,444,4431[CR],1045498078
F,15116,15439,0,0,443,4429[CR],1045498406
A,35116,15119,0,0,444,4427[CR],1045498843
F,15107,15434,0,0,444,4426[CR],1045499171
C,24344,706,0,0,444,4425[CR],1045499609
F,15119,15429,0,0,444,4422[CR],1045499937
C,24338,702,0,0,444,4421[CR],1045500375
F,15121,15427,0,0,444,4420[CR],1045500812
C,24334,698,0,0,445,4418[CR],1045501140
F,15118,15421,0,0,443,4418[CR],1045501578
C,24328,680,0,0,444,4414[CR],1045501906
F,15122,15417,0,0,444,4414[CR],1045502343
C,24322,706,0,0,443,4411[CR],1045502671
F,15118,15415,0,0,444,4411[CR],1045503109
C,24316,696,0,0,444,4409[CR],1045503546
F,15129,15409,0,0,443,4408[CR],1045503875
C,24312,702,0,0,444,4407[CR],1045504312
F,15121,15405,0,0,443,4406[CR],1045504640
A,35068,15116,0,0,444,4404[CR],1045505078
F,15101,15402,0,0,444,4402[CR],1045505406
C,24300,700,0,0,444,4401[CR],1045505843
F,15118,15399,0,0,443,4399[CR],1045506281
C,24294,684,0,0,444,4398[CR],1045506609
F,15119,15394,0,0,444,4397[CR],1045507046
C,24290,696,0,0,444,4395[CR],1045507375
F,15117,15390,0,0,445,4394[CR],1045507812
C,24282,688,0,0,443,4393[CR],1045508140
F,15125,15386,0,0,444,4391[CR],1045508578
C,24278,702,0,0,443,4390[CR],1045509015
F,15119,15382,0,0,443,4389[CR],1045509343
C,24272,702,0,0,444,4387[CR],1045509781
F,15119,15378,0,0,444,4386[CR],1045510109
C,24268,692,0,0,443,4384[CR],1045510546
F,15113,15377,0,0,444,4384[CR],1045510875
A,35056,15111,0,0,445,4382[CR],1045511312
F,15098,15372,0,0,444,4381[CR],1045511750
C,24256,702,0,0,444,4380[CR],1045512078
F,15111,15367,0,0,444,4378[CR],1045512515
C,24252,702,0,0,444,4376[CR],1045512843
F,15107,15363,0,0,444,4375[CR],1045513281
C,24246,692,0,0,444,4373[CR],1045513609
F,15115,15361,0,0,444,4372[CR],1045514046
C,24240,696,0,0,444,4370[CR],1045514375
F,15115,15355,0,0,442,4371[CR],1045514812
C,24236,696,0,0,445,4368[CR],1045515250
F,15115,15352,0,0,444,4367[CR],1045515578
C,24230,702,0,0,443,4366[CR],1045516015
F,15110,15350,0,0,444,4365[CR],1045516343
C,24226,688,0,0,444,4363[CR],1045516781
F,15117,15346,0,0,444,4362[CR],1045517218
A,35056,15112,0,0,444,4361[CR],1045517546
F,15096,15342,0,0,444,4359[CR],1045517984
C,24218,702,0,0,443,4358[CR],1045518312
F,15113,15339,0,0,444,4357[CR],1045518750
C,24212,688,0,0,445,4356[CR],1045519078
F,15117,15339,0,0,445,4354[CR],1045519515
C,24208,692,0,0,444,4353[CR],1045519953
F,15119,15335,0,0,442,4352[CR],1045520281
C,24202,692,0,0,444,4352[CR],1045520718
F,15120,15330,0,0,444,4350[CR],1045521046
C,24198,706,0,0,443,4349[CR],1045521484
F,15115,15330,0,0,444,4348[CR],1045521812
C,24194,694,0,0,443,4347[CR],1045522250
F,15123,15323,0,0,443,4344[CR],1045522578
C,24190,710,0,0,445,4343[CR],1045523015
F,15123,15319,0,0,444,4342[CR],1045523453
A,35072,15123,0,0,444,4341[CR],1045523781
F,15111,15318,0,0,444,4340[CR],1045524218
C,24178,702,0,0,444,4340[CR],1045524546
F,15122,15313,0,0,444,4338[CR],1045524984
C,24174,692,0,0,444,4337[CR],1045525312
F,15110,15308,0,0,444,4335[CR],1045525750
C,24170,688,0,0,444,4335[CR],1045526187
F,15114,15305,0,0,444,4333[CR],1045526515
C,24164,696,0,0,444,4331[CR],1045526953
F,15121,15304,0,0,444,4330[CR],1045527281
C,24160,702,0,0,444,4330[CR],1045527718
F,15121,15298,0,0,443,4328[CR],1045528046
C,24156,696,0,0,444,4328[CR],1045528484
F,15119,15295,0,0,444,4326[CR],1045528921
C,24150,688,0,0,443,4324[CR],1045529250
F,15115,15292,0,0,444,4324[CR],1045529687
A,35016,15114,0,0,444,4323[CR],1045530015
F,15105,15291,0,0,444,4322[CR],1045530453
C,24140,692,0,0,444,4321[CR],1045530781
F,15117,15286,0,0,444,4320[CR],1045531218
C,24138,696,0,0,443,4318[CR],1045531656
F,15121,15282,0,0,444,4317[CR],1045531984
C,24132,694,0,0,444,4316[CR],1045532421
F,15117,15279,0,0,444,4315[CR],1045532750
C,24126,702,0,0,444,4314[CR],1045533187
F,15121,15275,0,0,442,4312[CR],1045533515
C,24124,696,0,0,443,4311[CR],1045533953
F,15121,15271,0,0,444,4310[CR],1045534390
C,24118,702,0,0,442,4309[CR],1045534718
F,15125,15268,0,0,444,4308[CR],1045535156
C,24112,688,0,0,444,4308[CR],1045535484
F,15123,15266,0,0,443,4308[CR],1045535921
A,35004,15119,0,0,443,4305[CR],1045536359
F,15105,15263,0,0,443,4304[CR],1045536687
C,24104,692,0,0,444,4303[CR],1045537125
F,15120,15259,0,0,444,4302[CR],1045537453
C,24100,684,0,0,443,4301[CR],1045537890
F,15124,15257,0,0,443,4300[CR],1045538218
C,24094,696,0,0,444,4299[CR],1045538656
F,15125,15251,0,0,443,4297[CR],1045539093
C,24092,690,0,0,444,4297[CR],1045539421
F,15118,15249,0,0,443,4296[CR],1045539859
C,24086,698,0,0,442,4295[CR],1045540187
F,15125,15248,0,0,444,4294[CR],1045540625
C,24082,702,0,0,444,4293[CR],1045540953
F,15122,15244,0,0,443,4292[CR],1045541390
C,24078,688,0,0,443,4291[CR],1045541828
F,15124,15240,0,0,443,4290[CR],1045542156
A,35000,15121,0,0,444,4289[CR],1045542593
F,15101,15237,0,0,444,4289[CR],1045542921
C,24068,700,0,0,443,4288[CR],1045543359
F,15124,15235,0,0,444,4285[CR],1045543687
C,24064,702,0,0,443,4285[CR],1045544125
F,15124,15231,0,0,442,4285[CR],1045544453
C,24062,702,0,0,444,4283[CR],1045544890
F,15119,15226,0,0,444,4281[CR],1045545328
C,24056,692,0,0,441,4280[CR],1045545656
F,15124,15224,0,0,443,4280[CR],1045546093
C,24052,696,0,0,444,4279[CR],1045546421
F,15129,15221,0,0,443,4279[CR],1045546859
C,24048,696,0,0,444,4279[CR],1045547187
F,15120,15218,0,0,443,4277[CR],1045547625
C,24044,692,0,0,443,4277[CR],1045548062
F,15122,15213,0,0,443,4275[CR],1045548390
A,34996,15123,0,0,443,4276[CR],1045548828
F,15114,15212,0,0,445,4275[CR],1045549156
C,24034,692,0,0,443,4274[CR],1045549593
F,15120,15210,0,0,443,4312[CR],1045550031
C,24030,676,3,19,580,4888[CR],1045550359
F,15129,16016,10,17,578,5125[CR],1045550796
C,29004,676,18,18,579,5130[CR],1045551125
F,15050,15277,25,20,578,5135[CR],1045551562
C,29324,664,33,18,579,5134[CR],1045551890
F,15037,15311,41,19,577,5137[CR],1045552328
C,29432,688,48,22,577,5149[CR],1045552765
F,15100,15251,56,18,577,5178[CR],1045553093
C,29612,696,63,20,578,5217[CR],1045553531
F,15049,15178,71,19,580,5229[CR],1045553859
C,29888,706,79,20,577,5215[CR],1045554296
F,14990,15345,87,22,579,5229[CR],1045554625
A,35012,15059,95,20,579,5217[CR],1045555062
F,15137,15408,103,22,579,5237[CR],1045555468
C,30396,702,111,23,575,5274[CR],1045555828
F,15072,15473,120,19,575,5318[CR],1045556187
C,30668,688,128,22,575,5359[CR],1045556593
F,15021,15522,136,18,574,5406[CR],1045557031
C,31072,696,144,20,577,5458[CR],1045557359
F,15048,15485,152,22,580,5488[CR],1045557796
C,31620,692,160,18,581,5487[CR],1045558234
F,15027,15860,169,19,579,5475[CR],1045558562
C,31616,696,177,22,579,5491[CR],1045559000
F,15196,16193,184,19,578,5472[CR],1045559328
C,31708,696,193,20,577,5495[CR],1045559765
F,15159,15814,200,22,576,5539[CR],1045560093
C,31832,684,208,19,573,5585[CR],1045560531
F,15125,16050,216,20,572,5626[CR],1045560968
A,35012,15001,224,17,572,5650[CR],1045561296
F,14974,16814,232,20,573,5687[CR],1045561734
C,31044,672,240,21,574,5714[CR],1045562062
F,15075,16474,248,19,575,5715[CR],1045562500
C,31036,688,256,20,578,5719[CR],1045562828
F,15129,16284,264,22,579,5726[CR],1045563265
C,31244,698,272,19,576,5729[CR],1045563703
F,15081,16062,281,20,579,5743[CR],1045564031
C,30852,680,289,22,577,5769[CR],1045564468
F,15147,16352,297,19,576,5781[CR],1045564796
C,30916,712,305,21,580,5826[CR],1045565234
F,15074,15994,313,21,578,5829[CR],1045565562
C,30508,676,321,19,577,5847[CR],1045566000
F,15220,17250,329,20,580,5839[CR],1045566437
C,30160,702,337,22,581,5807[CR],1045566765
F,15206,15767,346,21,581,5749[CR],1045567203
A,34960,15169,354,22,583,5709[CR],1045567531
F,15238,15959,363,22,578,5667[CR],1045567968
C,27816,676,371,20,575,5662[CR],1045568296
F,15203,14980,379,21,578,5701[CR],1045568734
C,26308,702,387,17,577,5732[CR],1045569171
F,15239,14951,395,20,576,5755[CR],1045569500
C,25280,706,403,22,573,5767[CR],1045569937
F,15260,14881,411,19,580,5792[CR],1045570265
C,24414,702,419,21,576,5774[CR],1045570703
F,15268,14573,427,24,576,5798[CR],1045571031
C,23030,710,436,19,575,5767[CR],1045571468
F,15266,15943,444,21,580,5771[CR],1045571906
C,22296,706,452,23,577,5753[CR],1045572234
F,15306,15748,461,19,577,5777[CR],1045572671
C,21388,712,469,21,575,5800[CR],1045573000
F,15384,16496,477,24,576,5793[CR],1045573437
A,34952,15462,485,19,576,5794[CR],1045573765
F,15534,16712,493,21,576,5830[CR],1045574218
C,20818,704,501,18,574,5827[CR],1045574640
F,15643,17078,509,20,576,5819[CR],1045574968
C,20724,708,518,22,579,5802[CR],1045575406
F,15905,17134,526,19,579,5790[CR],1045575734
C,20590,710,534,21,576,5763[CR],1045576171
F,16089,17182,543,22,578,5733[CR],1045576500
C,20440,710,551,19,580,5716[CR],1045576937
F,16189,17904,559,20,575,5692[CR],1045577375
C,20244,710,567,22,576,5693[CR],1045577703
F,16171,17498,576,20,577,5691[CR],1045578140
C,20032,714,584,21,577,5691[CR],1045578468
F,16148,17938,592,22,577,5668[CR],1045578906
C,19710,716,600,20,575,5634[CR],1045579234
F,16109,17956,609,22,574,5594[CR],1045579671
A,34952,16176,617,22,576,5546[CR],1045580109
F,16227,17986,626,18,576,5506[CR],1045580437
C,17992,714,634,21,575,5498[CR],1045580875
F,16554,18068,642,22,577,5507[CR],1045581203
C,16988,714,650,19,575,5507[CR],1045581640
F,16954,18242,659,21,575,5532[CR],1045581968
C,16289,710,666,23,576,5554[CR],1045582406
F,17236,19010,675,20,573,5585[CR],1045582843
C,15830,720,682,20,576,5615[CR],1045583171
F,17216,20100,690,22,574,5608[CR],1045583609
C,15306,706,699,20,575,5613[CR],1045583937
F,17464,20768,707,22,576,5621[CR],1045584375
C,14711,716,715,18,577,5628[CR],1045584703
F,17410,21092,723,20,574,5642[CR],1045585140
C,14484,704,731,22,576,5669[CR],1045585578
F,17804,20408,739,19,577,5694[CR],1045585906
A,34980,18740,747,20,573,5701[CR],1045586343
F,19058,19640,756,23,575,5719[CR],1045586671
C,14934,706,764,19,577,5738[CR],1045587109
F,19444,19148,772,21,579,5714[CR],1045587437
C,15247,714,781,24,583,5671[CR],1045587875
F,19362,18514,790,22,582,5510[CR],1045588312
C,15476,710,799,20,577,5493[CR],1045588640
F,19216,17862,806,22,578,5519[CR],1045589078
C,15664,722,814,17,572,5573[CR],1045589406
F,19270,17166,822,18,572,5705[CR],1045589843
C,16114,710,829,19,572,5785[CR],1045590171
F,19176,16704,837,18,572,5815[CR],1045590609
C,16520,698,845,22,572,5826[CR],1045591046
F,18064,16368,853,18,575,5810[CR],1045591375
C,16552,710,862,21,573,5783[CR],1045591812
F,17636,15619,870,23,573,5755[CR],1045592156
A,34968,17964,878,18,573,5717[CR],1045592578
F,18138,14922,887,21,572,5686[CR],1045592953
C,15974,716,895,22,573,5666[CR],1045593343
F,18960,14596,903,19,572,5654[CR],1045593781
C,15694,714,911,19,566,5685[CR],1045594109
F,19906,14408,919,24,572,5799[CR],1045594546
C,15577,724,927,19,569,5681[CR],1045594875
F,20838,14478,936,21,570,5648[CR],1045595312
C,15797,712,944,22,569,5633[CR],1045595640
F,21392,14913,952,19,569,5643[CR],1045596078
C,16079,712,960,21,569,5665[CR],1045596515
F,20392,15174,968,21,568,5696[CR],1045596843
C,16224,724,977,20,568,5715[CR],1045597281
F,19556,15240,985,21,569,5709[CR],1045597609
C,16129,716,992,17,569,5742[CR],1045598046
F,19572,15134,1001,19,567,5768[CR],1045598375
A,34956,20124,1008,21,568,5793[CR],1045598812
F,20376,14884,1016,20,572,5769[CR],1045599250
C,15543,720,1025,21,567,5688[CR],1045599578
F,21342,14678,1033,24,568,5675[CR],1045600015
C,15368,714,1042,20,568,5643[CR],1045600343
F,22190,14662,1050,22,569,5617[CR],1045600781
C,15404,720,1059,22,568,5575[CR],1045601109
F,22632,14828,1067,20,568,5577[CR],1045601546
C,15469,720,1075,21,568,5563[CR],1045601984
F,21448,14996,1083,22,569,5552[CR],1045602312
C,15467,720,1091,20,568,5543[CR],1045602656
F,20800,14893,1100,22,567,5525[CR],1045603078
C,15370,720,1108,23,568,5507[CR],1045603515
F,21154,14783,1116,19,570,5514[CR],1045603843
C,15390,716,1124,21,567,5504[CR],1045604281
F,21346,14900,1133,23,564,5512[CR],1045604718
A,34956,20866,1141,20,568,5514[CR],1045605046
F,20486,15253,1149,21,566,5519[CR],1045605484
C,15861,718,1157,19,568,5530[CR],1045605812
F,19448,15527,1165,19,567,5540[CR],1045606250
C,16158,728,1173,21,568,5557[CR],1045606578
F,18684,15686,1181,19,568,5550[CR],1045607015
C,16400,728,1189,20,569,5564[CR],1045607453
F,18152,15636,1197,22,564,5576[CR],1045607781
C,16337,734,1205,19,568,5571[CR],1045608218
F,18104,15245,1214,22,565,5536[CR],1045608546
C,16052,722,1222,22,566,5504[CR],1045608984
F,18592,14751,1230,20,568,5480[CR],1045609312
C,15912,728,1239,21,567,5462[CR],1045609750
F,19422,14458,1247,22,564,5454[CR],1045610187
C,16126,720,1255,19,567,5470[CR],1045610531
F,20192,14491,1263,21,564,5501[CR],1045610953
A,34952,20428,1271,22,563,5542[CR],1045611281
F,20350,14651,1279,20,562,5561[CR],1045611718
C,16622,728,1287,21,563,5576[CR],1045612046
F,19856,14813,1295,19,564,5579[CR],1045612484
C,17034,724,1303,20,564,5563[CR],1045612921
F,18866,14964,1311,22,567,5536[CR],1045613250
C,17258,728,1320,20,566,5511[CR],1045613687
F,18136,14974,1328,21,564,5496[CR],1045614015
C,16996,724,1336,22,564,5478[CR],1045614453
F,18236,14666,1344,19,566,5467[CR],1045614781
C,16588,734,1353,21,567,5450[CR],1045615218
F,18906,14342,1361,24,568,5413[CR],1045615656
C,16150,730,1369,19,567,5377[CR],1045615984
F,19706,14193,1378,21,566,5359[CR],1045616421
C,15732,734,1386,22,567,5353[CR],1045616750
F,20550,14202,1394,19,566,5338[CR],1045617187
A,34960,21136,1402,22,567,5328[CR],1045617515
F,21356,14350,1410,23,567,5316[CR],1045617953
C,15088,720,1419,20,568,5293[CR],1045618281
F,22212,14472,1427,21,565,5289[CR],1045618718
C,14800,718,1435,17,567,5278[CR],1045619156
F,23088,14660,1443,19,561,5286[CR],1045619484
C,14722,724,1451,22,570,5298[CR],1045619921
F,23752,15033,1459,19,567,5238[CR],1045620250
C,14805,738,1468,20,568,5251[CR],1045620687
F,23156,15328,1476,22,566,5260[CR],1045621031
C,14806,734,1484,18,564,5281[CR],1045621453
F,22708,15441,1492,20,563,5328[CR],1045621890
C,14918,726,1500,22,566,5348[CR],1045622218
F,22202,15682,1508,19,565,5372[CR],1045622656
C,15142,724,1516,21,563,5371[CR],1045622984
F,21662,15862,1524,22,562,5366[CR],1045623421
A,34932,21018,1532,19,564,5364[CR],1045623750
F,20754,15869,1540,20,562,5386[CR],1045624187
C,15598,724,1548,16,567,5422[CR],1045624625
F,20224,15763,1556,20,563,5414[CR],1045624953
C,15889,726,1565,21,563,5389[CR],1045625390
F,19752,15741,1572,18,563,5400[CR],1045625718
C,16178,738,1581,20,563,5420[CR],1045626156
F,18988,15659,1589,21,562,5411[CR],1045626484
C,16516,728,1597,19,563,5408[CR],1045626921
F,18564,15360,1605,20,563,5416[CR],1045627359
C,16890,730,1613,22,560,5425[CR],1045627687
F,18882,15076,1621,19,560,5460[CR],1045628125
C,17396,718,1629,21,561,5480[CR],1045628453
F,19000,15024,1636,17,559,5513[CR],1045628890
C,17896,730,1645,20,561,5538[CR],1045629218
F,18698,15066,1653,22,559,5533[CR],1045629656
A,34920,18354,1661,19,561,5537[CR],1045630093
F,18202,15194,1669,20,564,5537[CR],1045630468
C,18568,728,1677,22,564,5522[CR],1045630859
F,17692,15444,1685,20,564,5506[CR],1045631187
C,18726,710,1693,21,564,5510[CR],1045631625
F,17128,15741,1701,22,563,5519[CR],1045631953
C,18730,724,1704,3,407,5485[CR],1045632390
F,16678,15891,1704,1,396,5456[CR],1045632828
C,17626,728,1704,0,392,5444[CR],1045633156
F,17146,16070,1704,0,392,5434[CR],1045633593
C,17390,726,1704,0,392,5429[CR],1045633921
F,17210,16126,1704,0,393,5430[CR],1045634359
C,17292,724,1704,0,393,5430[CR],1045634687
F,17140,16200,1704,0,385,5441[CR],1045635125
C,17236,734,1704,0,385,5420[CR],1045635562
F,17034,16355,1704,0,409,5464[CR],1045635890
A,34984,16964,1704,0,391,5649[CR],1045636328
F,16902,16614,1704,0,390,5646[CR],1045636656
C,17524,714,1704,0,399,5536[CR],1045637093
F,16838,16670,1704,0,292,3342[CR],1045637531
Z,0,0,1704,0,0,2482[CR],1045638078
Z,0,0,1704,0,0,2472[CR],1045638625
Z,0,0,1704,0,0,2473[CR],1045639062
Z,0,0,1704,0,0,2473[CR],1045639609
Z,0,0,1704,0,0,2473[CR],1045640046
Z,0,0,1704,0,0,2474[CR],1045640593
Z,0,0,1704,0,0,2474[CR],1045641140
Z,0,0,1704,0,0,2473[CR],1045641578
Z,0,0,1704,0,0,2474[CR],1045642125
Z,0,0,1704,0,0,2473[CR],1045642562
Z,0,0,1704,0,0,2474[CR],1045643109
Z,0,0,1704,0,0,2474[CR],1045643546
Z,0,0,1704,0,0,2473[CR],1045644093
Z,0,0,1704,0,0,2473[CR],1045644640
Z,0,0,1704,0,0,2469[CR],1045645078
Z,0,0,1704,0,0,2471[CR],1045645625
Z,0,0,1704,0,0,2469[CR],1045646062
Z,0,0,1704,0,0,2474[CR],1045646609
Z,0,0,1704,0,0,2475[CR],1045647046
Z,0,0,1704,0,0,2473[CR],1045647593
Z,0,0,1704,0,0,2474[CR],1045648140
Z,0,0,1704,0,0,2475[CR],1045648578
Z,0,0,1704,0,0,2473[CR],1045649125
Z,0,0,1704,0,0,2472[CR],1045649562
Z,0,0,1704,0,0,2473[CR],1045650109
Z,0,0,1704,0,0,2473[CR],1045650546
Z,0,0,1704,0,0,2474[CR],1045651093
Z,0,0,1704,0,0,2474[CR],1045651640
Z,0,0,1704,0,0,2473[CR],1045652078
Z,0,0,1704,0,0,2475[CR],1045652625
Z,0,0,1704,0,0,2474[CR],1045653062
Z,0,0,1704,0,0,2474[CR],1045653609
Z,0,0,1704,0,40,2473[CR],1045654156
Z,0,0,1704,0,0,2474[CR],1045654593
Z,0,0,1704,0,0,2474[CR],1045655140
Z,0,0,1704,0,0,2474[CR],1045655578
Z,0,0,1704,0,0,2474[CR],1045656125
Z,0,0,1704,0,0,2474[CR],1045656562
Z,0,0,1704,0,0,2474[CR],1045657109
Z,0,0,1704,0,0,2473[CR],1045657656
Z,0,0,1704,0,0,2473[CR],1045658093
Z,0,0,1704,0,0,2474[CR],1045658640
Z,0,0,1704,0,0,2475[CR],1045659078
Z,0,0,1704,0,0,2474[CR],1045659625
Z,0,0,1704,0,0,2474[CR],1045660171
Z,0,0,1704,0,0,2453[CR],1045660609
Z,0,0,1704,0,0,2469[CR],1045661156
Z,0,0,1704,0,0,2469[CR],1045661593
Z,0,0,1704,0,0,2470[CR],1045662140
Z,0,0,1704,0,0,2467[CR],1045662578
Z,0,0,1704,0,0,2468[CR],1045663125
Z,0,0,1704,0,0,2468[CR],1045663671
Z,0,0,1704,0,0,2475[CR],1045664109
Z,0,0,1704,0,0,2490[CR],1045664656
Z,0,0,1704,0,0,2476[CR],1045665093
Z,0,0,1704,0,0,2478[CR],1045665640
Z,0,0,1704,0,0,2478[CR],1045666187
Z,0,0,1704,0,0,2477[CR],1045666625
Z,0,0,1704,0,0,2478[CR],1045667171
Z,0,0,1704,0,0,2478[CR],1045667609
Z,0,0,1704,0,0,2477[CR],1045668156
Z,0,0,1704,0,0,2475[CR],1045668593
Z,0,0,1704,0,0,2475[CR],1045669140
Z,0,0,1704,0,0,2474[CR],1045669687
Z,0,0,1704,0,0,2474[CR],1045670125
Z,0,0,1704,0,0,2474[CR],1045670671
Z,0,0,1704,0,0,2476[CR],1045671109
Z,0,0,1704,0,0,2477[CR],1045671656
Z,0,0,1704,0,0,2477[CR],1045672093
Z,0,0,1704,0,0,2476[CR],1045672640
Z,0,0,1704,0,0,2477[CR],1045673187
Z,0,0,1704,0,0,2478[CR],1045673625
Z,0,0,1704,0,0,2478[CR],1045674171
Z,0,0,1704,0,0,2478[CR],1045674609
Z,0,0,1704,0,0,2477[CR],1045675156
Z,0,0,1704,0,0,2478[CR],1045675593
Z,0,0,1704,0,0,2456[CR],1045676140
Z,0,0,1704,0,0,2466[CR],1045676687
Z,0,0,1704,0,0,2469[CR],1045677125
Z,0,0,1704,0,0,2471[CR],1045677671
Z,0,0,1704,0,0,2471[CR],1045678109
Z,0,0,1704,0,0,2471[CR],1045678656
Z,0,0,1704,0,0,2472[CR],1045679093
Z,0,0,1704,0,1,2474[CR],1045679640
Z,0,0,1704,0,301,2482[CR],1045680187
Z,0,0,1704,0,0,2492[CR],1045680625
Z,0,0,1704,60,4,2484[CR],1045681171
Z,0,0,1704,86,0,2481[CR],1045681609
Z,0,0,1704,57,299,2482[CR],1045682156
Z,0,0,1704,7,310,3308[CR],1045682375
F,16165,16508,1704,2,296,3720[CR],1045682812
C,16069,726,1704,1,295,3690[CR],1045683140
F,16165,16826,1704,0,294,3672[CR],1045683578
C,16091,728,1704,0,303,3663[CR],1045684031
F,16159,16818,1704,0,263,3664[CR],1045684343
C,16098,730,1704,0,262,3658[CR],1045684781
F,16159,16816,1704,0,259,3652[CR],1045685109
C,16101,724,1704,0,391,3643[CR],1045685546
F,16159,16820,1704,0,387,3671[CR],1045685875
A,34928,16159,1704,0,390,3658[CR],1045686312
F,16141,16826,1704,0,390,3655[CR],1045686656
C,16104,734,1704,0,389,3649[CR],1045687078
F,16150,16826,1704,0,389,3646[CR],1045687515
C,16107,724,1704,0,391,3644[CR],1045687843
F,16146,16828,1704,0,392,3642[CR],1045688281
C,16107,736,1704,0,391,3641[CR],1045688609
F,16153,16830,1704,0,391,3639[CR],1045689046
C,16107,752,1704,0,391,3639[CR],1045689484
F,16146,16836,1704,15,399,3766[CR],1045689812
C,16109,728,1707,21,401,4087[CR],1045690250
F,16146,17100,1713,11,422,4528[CR],1045690578
C,16279,726,1717,14,544,5332[CR],1045691015
F,16163,17616,1726,20,544,5663[CR],1045691343
C,18710,726,1733,22,548,5672[CR],1045691781
F,15602,17130,1741,19,547,5677[CR],1045692218
A,34892,15663,1750,20,544,5659[CR],1045692546
F,15714,16938,1757,19,544,5650[CR],1045692984
C,18404,726,1766,19,545,5640[CR],1045693312
F,15965,16900,1774,22,545,5637[CR],1045693750
C,18386,728,1781,19,542,5643[CR],1045694078
F,16182,16946,1790,20,547,5658[CR],1045694515
C,18460,730,1797,22,547,5652[CR],1045694953
F,16336,16960,1806,18,548,5662[CR],1045695281
C,18494,728,1814,20,550,5661[CR],1045695718
F,16486,16840,1822,22,546,5660[CR],1045696046
C,18458,728,1830,20,548,5653[CR],1045696484
F,16656,16558,1838,22,548,5623[CR],1045696812
C,18320,736,1846,23,548,5605[CR],1045697250
F,16884,16414,1854,19,547,5588[CR],1045697687
C,17964,722,1863,22,542,5576[CR],1045698015
F,17056,16488,1870,19,544,5592[CR],1045698453
A,34876,17138,1879,18,545,5608[CR],1045698781
F,17156,16604,1887,22,547,5603[CR],1045699218
C,16906,728,1895,19,551,5588[CR],1045699546
F,17296,16828,1903,20,549,5561[CR],1045699984
C,16442,734,1912,22,550,5543[CR],1045700421
F,17402,17324,1919,20,548,5547[CR],1045700750
C,16160,732,1928,20,551,5566[CR],1045701187
F,17478,17922,1936,22,553,5569[CR],1045701515
C,16119,746,1944,18,553,5596[CR],1045701953
F,17576,18148,1952,21,548,5626[CR],1045702281
C,16116,714,1959,21,549,5674[CR],1045702718
F,17756,17988,1968,19,548,5725[CR],1045703156
C,16098,726,1976,21,551,5723[CR],1045703484
F,18292,17534,1983,18,549,5722[CR],1045703921
C,16150,728,1992,19,547,5736[CR],1045704250
F,18952,17022,2000,21,542,5751[CR],1045704687
A,34860,19368,2007,19,540,5778[CR],1045705031
F,19506,16580,2016,21,546,5813[CR],1045705468
C,16488,732,2024,22,544,5808[CR],1045705890
F,19836,16225,2032,20,542,5825[CR],1045706218
C,16596,738,2040,22,547,5830[CR],1045706656
F,20030,15732,2048,24,548,5802[CR],1045706984
C,16444,738,2057,21,548,5661[CR],1045707421
F,20348,15140,2066,21,547,5610[CR],1045707750
C,16014,748,2074,22,545,5609[CR],1045708187
F,20900,14669,2082,20,546,5610[CR],1045708625
C,15578,742,2091,21,542,5614[CR],1045708953
F,21638,14639,2098,22,545,5615[CR],1045709390
C,15346,736,2107,19,548,5610[CR],1045709718
F,22266,15202,2115,20,542,5603[CR],1045710156
C,15373,738,2123,17,542,5588[CR],1045710484
F,22564,15696,2131,19,541,5584[CR],1045710921
A,34812,22556,2139,22,547,5594[CR],1045711359
F,22474,15923,2147,18,544,5594[CR],1045711687
C,15793,746,2156,21,552,5602[CR],1045712125
F,22190,15875,2164,22,551,5605[CR],1045712453
C,16106,752,2172,19,550,5611[CR],1045712890
F,22248,15747,2180,22,549,5627[CR],1045713218
C,16257,742,2188,22,551,5565[CR],1045713656
F,21916,15545,2196,20,547,5558[CR],1045713984
C,16112,748,2205,19,545,5541[CR],1045714421
F,21730,15141,2213,21,545,5551[CR],1045714859
C,15801,742,2221,18,543,5552[CR],1045715187
F,22328,14651,2229,20,540,5557[CR],1045715625
C,15564,756,2237,22,540,5573[CR],1045715953
F,23008,14427,2245,19,543,5587[CR],1045716390
C,15422,754,2253,20,540,5605[CR],1045716718
F,23388,14325,2262,22,544,5619[CR],1045717156
A,34832,23534,2270,19,544,5612[CR],1045717593
F,23600,14188,2278,22,543,5637[CR],1045717921
C,15183,742,2286,17,543,5638[CR],1045718359
F,24100,14126,2294,21,543,5680[CR],1045718687
C,15245,748,2302,22,539,5689[CR],1045719125
F,24608,14181,2310,18,542,5743[CR],1045719453
C,15589,752,2318,21,541,5799[CR],1045719890
F,24242,14482,2326,22,541,5842[CR],1045720328
C,16302,748,2333,19,540,5893[CR],1045720656
F,22974,14691,2342,21,539,5934[CR],1045721093
C,16990,748,2349,19,538,5968[CR],1045721421
F,20918,14881,2357,19,538,6016[CR],1045721859
C,17474,746,2365,22,541,6049[CR],1045722187
F,19462,14765,2373,19,540,6077[CR],1045722625
C,17694,736,2381,19,536,6100[CR],1045723062
F,19388,14446,2389,22,537,6128[CR],1045723406
A,34828,19766,2397,19,540,6141[CR],1045723828
F,19944,14260,2405,22,539,6122[CR],1045724218
C,18052,752,2413,19,540,6113[CR],1045724593
F,20396,14582,2421,20,540,6103[CR],1045724921
C,17878,750,2430,22,542,6072[CR],1045725359
F,20532,14954,2438,18,540,6043[CR],1045725796
C,17234,752,2446,21,543,6037[CR],1045726125
F,20188,15393,2454,22,543,6021[CR],1045726562
C,16436,748,2462,19,545,6013[CR],1045726890
F,20326,15688,2470,20,545,6035[CR],1045727328
C,15806,748,2478,22,547,6074[CR],1045727765
F,20550,16458,2486,19,544,6123[CR],1045728093
C,15478,748,2494,20,543,6158[CR],1045728531
F,20612,17546,2502,22,543,6222[CR],1045728859
C,15505,746,2510,19,549,6245[CR],1045729296
F,20040,18424,2518,21,548,6238[CR],1045729625
A,34796,19514,2525,19,548,6245[CR],1045730062
F,19428,18712,2534,21,551,6216[CR],1045730500
C,15990,758,2542,21,547,6186[CR],1045730828
F,19652,18288,2550,19,549,6174[CR],1045731265
C,16246,758,2559,20,551,6153[CR],1045731593
F,19934,17850,2566,22,542,6148[CR],1045732031
C,16289,758,2574,19,546,6190[CR],1045732359
F,19788,17472,2582,20,543,6198[CR],1045732796
C,16156,760,2590,21,537,6183[CR],1045733234
F,20174,16748,2599,19,539,6158[CR],1045733562
C,15976,764,2607,21,542,6187[CR],1045734000
F,21060,16152,2615,19,540,6217[CR],1045734328
C,16105,762,2623,20,539,6256[CR],1045734765
F,21786,16052,2630,21,539,6294[CR],1045735093
C,16786,770,2638,19,538,6308[CR],1045735531
F,21480,16156,2646,19,537,6324[CR],1045735968
A,34796,20088,2654,21,537,6334[CR],1045736296
F,19504,15964,2662,19,536,6341[CR],1045736734
C,17664,774,2670,21,540,6315[CR],1045737062
F,18502,15727,2679,27,551,6155[CR],1045737500
C,17690,774,2688,20,541,5968[CR],1045737828
F,18086,15262,2697,19,537,5977[CR],1045738265
C,17202,770,2704,21,538,5979[CR],1045738703
F,18640,15134,2712,18,540,5980[CR],1045739031
C,16872,774,2720,21,540,5984[CR],1045739468
F,19208,15269,2728,22,540,5985[CR],1045739796
C,16500,774,2736,20,542,5999[CR],1045740234
F,19722,15492,2744,21,545,6007[CR],1045740562
C,16347,778,2752,19,543,6013[CR],1045741000
F,20120,15947,2760,20,547,6018[CR],1045741437
C,16282,774,2768,24,551,5998[CR],1045741781
F,20180,16530,2776,19,546,5997[CR],1045742203
A,34796,19466,2785,20,551,5988[CR],1045742531
F,19124,17096,2792,22,548,5935[CR],1045742968
C,16139,778,2801,19,545,5945[CR],1045743296
F,18628,17116,2809,20,544,5948[CR],1045743734
C,16080,782,2816,17,542,5981[CR],1045744171
F,19134,16682,2824,20,542,6003[CR],1045744500
C,15863,762,2832,21,542,5997[CR],1045744937
F,20250,16128,2840,19,543,6007[CR],1045745265
C,15594,778,2848,20,541,6012[CR],1045745703
F,21572,15621,2856,22,538,6027[CR],1045746031
C,15339,774,2864,19,538,6036[CR],1045746468
F,22992,15293,2872,21,540,6032[CR],1045746906
C,15572,768,2880,18,538,6043[CR],1045747234
F,24368,15154,2888,18,539,6083[CR],1045747671
C,16277,782,2896,22,536,6113[CR],1045748000
F,23532,15243,2903,18,538,6128[CR],1045748437
A,34780,21822,2912,20,541,6138[CR],1045748765
F,21102,15154,2920,22,538,6125[CR],1045749203
C,17250,770,2927,19,539,6118[CR],1045749640
F,19568,14977,2936,21,541,6120[CR],1045749968
C,16946,770,2944,22,541,6117[CR],1045750406
F,19178,15027,2952,19,541,6113[CR],1045750734
C,16642,778,2960,21,537,6101[CR],1045751171
F,19480,15112,2968,17,543,6104[CR],1045751500
C,16506,762,2976,19,539,6119[CR],1045751937
F,20026,15765,2984,22,538,6166[CR],1045752281
C,16780,770,2991,18,536,6207[CR],1045752703
F,20346,16502,2999,20,538,6258[CR],1045753140
C,17448,738,3007,21,539,6300[CR],1045753468
F,19390,17126,3015,18,538,6330[CR],1045753906
C,18308,744,3022,19,535,6382[CR],1045754234
F,18360,17202,3029,17,540,6455[CR],1045754671
A,34768,18022,3038,19,538,6486[CR],1045755109
F,17884,17120,3045,22,538,6516[CR],1045755437
C,19406,748,3053,18,536,6541[CR],1045755875
F,17360,17074,3061,21,537,6581[CR],1045756203
C,19582,762,3068,16,536,6582[CR],1045756640
F,17338,16858,3077,20,535,6573[CR],1045756968
C,19524,766,3084,22,534,6570[CR],1045757406
F,17782,16468,3092,18,537,6569[CR],1045757843
C,19226,768,3101,21,536,6543[CR],1045758171
F,18406,16130,3109,22,538,6530[CR],1045758609
C,18630,782,3117,20,537,6486[CR],1045758937
F,19064,16073,3125,21,541,6443[CR],1045759375
C,17778,776,3133,23,539,6408[CR],1045759703
F,19688,16406,3141,19,542,6381[CR],1045760140
C,16872,776,3150,21,540,6356[CR],1045760578
F,20440,16706,3158,19,542,6345[CR],1045760906
A,34764,21102,3166,19,540,6337[CR],1045761343
F,21394,17322,3174,21,542,6322[CR],1045761703
C,15671,774,3181,17,539,6319[CR],1045762109
F,22782,17962,3190,20,541,6331[CR],1045762453
C,15323,774,3197,21,538,6358[CR],1045762875
F,24556,18894,3205,18,540,6422[CR],1045763312
C,15891,766,3213,20,536,6435[CR],1045763640
F,25784,19364,3220,20,534,6468[CR],1045764078
C,17980,778,3228,19,536,6540[CR],1045764406
F,25624,19200,3236,20,537,6600[CR],1045764843
C,20410,764,3243,18,536,6633[CR],1045765171
F,21340,18682,3251,20,536,6629[CR],1045765609
C,21508,766,3259,21,535,6650[CR],1045766046
F,17780,17544,3267,19,534,6638[CR],1045766375
C,21344,800,3275,22,535,6621[CR],1045766812
F,17066,16514,3283,20,535,6584[CR],1045767140
A,34716,17108,3291,20,536,6557[CR],1045767578
F,17162,15809,3300,22,539,6519[CR],1045767906
C,19222,800,3307,18,535,6496[CR],1045768453
Z,0,0,3318,19,536,6495[CR],1045768812
C,18314,786,3324,21,537,6506[CR],1045769109
F,17644,16824,3331,18,537,6510[CR],1045769546
C,17828,780,3340,20,535,6530[CR],1045769875
F,17870,17720,3347,22,537,6554[CR],1045770312
C,17732,784,3355,19,537,6565[CR],1045770656
F,18010,18802,3363,20,537,6583[CR],1045771078
C,17712,798,3370,19,536,6602[CR],1045771515
F,18168,19648,3379,19,541,6602[CR],1045771843
C,17584,788,3386,22,542,6588[CR],1045772281
F,18322,20218,3395,19,539,6560[CR],1045772609
C,17436,794,3403,21,539,6544[CR],1045773046
F,18664,20484,3410,22,540,6542[CR],1045773375
A,34772,19090,3419,19,538,6531[CR],1045773812
F,19192,20276,3427,21,537,6511[CR],1045774250
C,17140,800,3434,18,541,6520[CR],1045774578
F,19422,19758,3442,20,540,6513[CR],1045775015
C,17060,794,3450,21,540,6510[CR],1045775343
F,19520,19112,3458,19,540,6496[CR],1045775781
C,17040,796,3466,21,536,6481[CR],1045776109
F,19540,18550,3474,22,536,6472[CR],1045776546
C,16840,786,3482,19,538,6499[CR],1045776984
F,19750,17900,3490,21,537,6485[CR],1045777312
C,16530,802,3498,22,535,6486[CR],1045777750
F,20038,17050,3506,19,536,6487[CR],1045778078
C,16183,808,3514,21,535,6486[CR],1045778515
F,20456,16297,3522,19,533,6483[CR],1045778843
C,15948,802,3530,20,535,6483[CR],1045779281
F,20898,15732,3538,22,534,6493[CR],1045779718
A,34736,21148,3546,19,534,6485[CR],1045780046
F,21252,15325,3554,21,531,6478[CR],1045780484
C,15469,784,3562,22,534,6468[CR],1045780812
F,21722,15048,3570,19,532,6492[CR],1045781203
C,15257,800,3577,21,536,6491[CR],1045781578
F,22344,14924,3585,18,534,6449[CR],1045782015
C,15288,808,3593,19,533,6458[CR],1045782453
F,22876,15001,3601,21,533,6476[CR],1045782781
C,15365,806,3609,18,532,6510[CR],1045783218
F,23070,15306,3617,20,534,6533[CR],1045783546
C,15490,798,3624,23,535,6536[CR],1045783984
F,21726,15634,3633,19,532,6520[CR],1045784312
C,15583,804,3641,21,535,6522[CR],1045784750
F,21078,15344,3648,16,534,6504[CR],1045785187
C,15584,804,3657,20,536,6482[CR],1045785515
F,21432,15193,3665,22,534,6465[CR],1045785953
A,34728,21728,3673,19,537,6461[CR],1045786281
F,21834,15107,3680,20,536,6460[CR],1045786718
C,15533,798,3688,22,535,6462[CR],1045787046
F,22200,14996,3696,19,534,6481[CR],1045787484
C,15416,802,3703,14,419,6467[CR],1045787921
F,22498,14933,3703,2,350,6418[CR],1045788250
C,14858,802,3703,1,341,6405[CR],1045788687
F,23058,14338,3703,0,339,6397[CR],1045789031
C,14581,806,3703,0,339,6391[CR],1045789453
F,23914,14227,3703,0,340,6386[CR],1045789781
C,14515,798,3703,0,337,6386[CR],1045790218
F,24660,14182,3703,0,334,6388[CR],1045790656
C,14483,794,3703,0,334,6387[CR],1045790984
F,25284,14158,3703,0,333,6387[CR],1045791421
C,14466,806,3703,0,358,6398[CR],1045791750
F,25776,14143,3703,0,328,6378[CR],1045792187
A,34724,26040,3703,0,325,6368[CR],1045792515
F,26116,14165,3703,0,335,6283[CR],1045792953
C,14474,804,3703,0,327,6240[CR],1045793390
F,26360,14149,3703,0,328,6243[CR],1045793718
C,14462,800,3703,0,343,6177[CR],1045794156
F,26496,14140,3703,0,365,5146[CR],1045794484
C,14442,806,3703,0,339,3570[CR],1045795031
Z,0,0,3703,0,0,2488[CR],1045795468
Z,0,0,3703,0,0,2471[CR],1045796015
Z,0,0,3703,0,0,2471[CR],1045796562
Z,0,0,3703,0,0,2471[CR],1045797000
Z,0,0,3703,0,0,2472[CR],1045797546
Z,0,0,3703,0,0,2472[CR],1045797984
Z,0,0,3703,0,0,2471[CR],1045798531
Z,0,0,3703,0,0,2472[CR],1045798968
Z,0,0,3703,0,0,2471[CR],1045799515
Z,0,0,3703,0,0,2473[CR],1045800062
Z,0,0,3703,0,0,2471[CR],1045800500
Z,0,0,3703,0,0,2471[CR],1045801046
Z,0,0,3703,0,0,2472[CR],1045801484
Z,0,0,3703,0,0,2471[CR],1045802031
Z,0,0,3703,0,0,2469[CR],1045802578
Z,0,0,3703,0,0,2467[CR],1045803015
Z,0,0,3703,0,196,2471[CR],1045803562
Z,0,0,3703,0,0,2473[CR],1045804000
Z,0,0,3703,0,0,2470[CR],1045804546
Z,0,0,3703,0,0,2471[CR],1045804984
Z,0,0,3703,0,0,2471[CR],1045805531
Z,0,0,3703,0,0,2472[CR],1045806078
Z,0,0,3703,0,0,2472[CR],1045806515
Z,0,0,3703,0,0,2471[CR],1045807062
Z,0,0,3703,0,0,2471[CR],1045807500
Z,0,0,3703,0,27,2471[CR],1045808046
Z,0,0,3703,0,301,2471[CR],1045808484
Z,0,0,3703,0,0,2472[CR],1045809031
Z,0,0,3703,0,0,2471[CR],1045809578
Z,0,0,3703,0,0,2472[CR],1045810015
Z,0,0,3703,0,0,2472[CR],1045810562
Z,0,0,3703,0,0,2471[CR],1045811000
Z,0,0,3703,0,0,2472[CR],1045811546
Z,0,0,3703,0,0,2473[CR],1045811984
Z,0,0,3703,0,0,2473[CR],1045812531
Z,0,0,3703,0,0,2455[CR],1045813078
Z,0,0,3703,0,0,2462[CR],1045813515
Z,0,0,3703,0,0,2465[CR],1045814062
Z,0,0,3703,0,0,2461[CR],1045814500
Z,0,0,3703,0,0,2462[CR],1045815046
Z,0,0,3703,0,0,2463[CR],1045815593
Z,0,0,3703,0,0,2465[CR],1045816031
Z,0,0,3703,0,0,2469[CR],1045816578
Z,0,0,3703,2,0,2490[CR],1045817015
Z,0,0,3703,1,0,2473[CR],1045817562
Z,0,0,3703,0,0,2476[CR],1045818000
Z,0,0,3703,0,0,2477[CR],1045818546
Z,0,0,3703,0,0,2477[CR],1045819093
Z,0,0,3703,0,0,2474[CR],1045819531
Z,0,0,3703,0,0,2474[CR],1045820078
Z,0,0,3703,0,0,2473[CR],1045820515
Z,0,0,3703,0,0,2472[CR],1045821062
Z,0,0,3703,0,0,2474[CR],1045821500
Z,0,0,3703,0,0,2471[CR],1045822046
Z,0,0,3703,0,0,2474[CR],1045822593
Z,0,0,3703,0,0,2477[CR],1045823031
W,22042,13994,3703,0,0,2477[CR],1045823578
Z,0,0,3703,0,0,2477[CR],1045824015
Z,0,0,3703,0,0,2478[CR],1045824562
Z,0,0,3703,0,0,2477[CR],1045825000
Z,0,0,3703,0,0,2477[CR],1045825546
Z,0,0,3703,0,0,2478[CR],1045825984
Z,0,0,3703,0,0,2478[CR],1045826531
Z,0,0,3703,0,0,2478[CR],1045827078
Z,0,0,3703,0,0,2458[CR],1045827515
Z,0,0,3703,0,0,2464[CR],1045828062
Z,0,0,3703,0,0,2468[CR],1045828500
Z,0,0,3703,0,0,2468[CR],1045829046
Z,0,0,3703,0,0,2471[CR],1045829484
Z,0,0,3703,0,0,2471[CR],1045830031
Z,0,0,3703,0,0,2471[CR],1045830578
Z,0,0,3703,0,0,2473[CR],1045831015
Z,0,0,3703,0,0,2478[CR],1045831562
Z,0,0,3703,0,0,2492[CR],1045832000
Z,0,0,3703,0,2,2479[CR],1045832546
Z,0,0,3703,94,0,2487[CR],1045833093
Z,0,0,3703,54,0,2478[CR],1045833531
Z,0,0,3703,22,195,3162[CR],1045833531
C,14233,798,3703,12,236,3799[CR],1045833968
F,21086,14251,3703,2,227,3821[CR],1045834406
C,14308,816,3703,1,201,3809[CR],1045834734
F,21052,14242,3703,0,199,3801[CR],1045835171
C,14302,810,3703,0,217,3791[CR],1045835500
F,20988,14230,3703,0,148,3799[CR],1045835937
A,34676,20946,3703,0,150,3794[CR],1045836265
F,20918,14228,3703,0,129,3786[CR],1045836703
C,14293,802,3703,0,340,3774[CR],1045837140
F,20876,14230,3703,0,346,3796[CR],1045837468
C,14293,800,3703,0,344,3784[CR],1045837906
F,20816,14234,3703,0,344,3778[CR],1045838234
C,14292,812,3703,0,342,3772[CR],1045838671
F,20766,14240,3703,0,343,3767[CR],1045839000
C,14291,798,3703,0,347,3762[CR],1045839437
F,20718,14242,3703,0,347,3758[CR],1045839875
C,14292,806,3703,0,343,3754[CR],1045840203
F,20666,14249,3703,0,344,3749[CR],1045840531
L,23392,13532,3703,0,344,3747[CR],1045840640
C,14291,806,3703,0,345,3747[CR],1045840968
F,20618,14253,3703,19,348,3931[CR],1045841406
C,14293,804,3706,12,360,4206[CR],1045841734
F,20566,14310,3711,12,364,4887[CR],1045842171
A,34620,20546,3716,12,369,5692[CR],1045842500
F,20526,14843,3721,18,529,6428[CR],1045842937
C,14602,800,3729,20,531,6644[CR],1045843375
F,19644,15366,3737,20,539,6650[CR],1045843703
C,15413,800,3745,19,540,6646[CR],1045844140
F,19152,15133,3753,19,540,6650[CR],1045844468
C,15192,802,3761,21,539,6662[CR],1045844906
F,19474,15146,3769,19,534,6678[CR],1045845234
C,15001,788,3777,19,539,6713[CR],1045845671
F,19794,15220,3784,21,534,6711[CR],1045846109
C,14967,802,3792,19,542,6730[CR],1045846437
F,20170,15351,3801,21,536,6693[CR],1045846875
C,15005,804,3808,22,540,6695[CR],1045847203
F,20466,15590,3816,20,542,6702[CR],1045847640
C,15089,808,3825,22,537,6696[CR],1045847968
F,20774,15442,3832,19,540,6670[CR],1045848406
A,34660,21044,3841,20,540,6655[CR],1045848843
F,21130,15360,3849,21,537,6650[CR],1045849171
C,15235,796,3856,19,533,6644[CR],1045849609
F,21408,15347,3865,19,534,6655[CR],1045849937
C,15267,808,3872,22,540,6667[CR],1045850375
F,21618,15447,3881,20,538,6677[CR],1045850703
C,15385,804,3889,21,537,6690[CR],1045851140
F,21718,15542,3896,22,538,6715[CR],1045851578
C,15679,812,3904,19,537,6737[CR],1045851906
F,21786,15666,3912,21,543,6744[CR],1045852343
C,16027,812,3920,19,536,6756[CR],1045852671
F,21666,15608,3928,19,533,6787[CR],1045853109
C,16073,820,3936,20,536,6851[CR],1045853437
F,21682,15290,3944,18,536,6890[CR],1045853875
C,15999,818,3951,20,533,6943[CR],1045854312
F,21876,15006,3959,21,524,6970[CR],1045854656
A,34672,22110,3967,19,532,6996[CR],1045855078
F,22192,14814,3975,20,532,7012[CR],1045855468
C,15740,834,3983,17,531,7005[CR],1045855843
F,22550,14761,3991,20,536,6981[CR],1045856187
C,15741,826,3999,22,533,6966[CR],1045856609
F,22796,14955,4007,18,532,6957[CR],1045857046
C,15784,850,4015,22,532,6954[CR],1045857375
F,22590,15155,4023,25,533,6961[CR],1045857812
C,15770,836,4031,19,536,6929[CR],1045858140
F,22570,15124,4039,20,531,6917[CR],1045858578
C,15801,842,4047,17,527,6932[CR],1045858906
F,22734,15184,4055,20,533,6917[CR],1045859343
C,15880,842,4063,22,536,6904[CR],1045859781
F,22216,15424,4071,18,531,6878[CR],1045860109
C,15906,844,4079,21,531,6889[CR],1045860546
F,21794,15477,4087,22,533,6902[CR],1045860875
A,34600,21662,4095,19,534,6893[CR],1045861312
F,21584,15583,4103,20,534,6902[CR],1045861640
C,16394,834,4110,22,534,6919[CR],1045862078
F,20826,15793,4119,19,529,6927[CR],1045862515
C,16648,840,4127,21,525,6932[CR],1045862843
F,20360,15599,4134,16,527,6949[CR],1045863281
C,16690,842,4142,20,530,6922[CR],1045863609
F,20500,15227,4150,21,531,6937[CR],1045864046
C,16656,846,4158,18,528,6944[CR],1045864375
F,20846,14935,4166,19,532,6961[CR],1045864812
C,16662,856,4174,22,527,6955[CR],1045865156
F,21232,14764,4182,18,528,6929[CR],1045865578
C,16588,844,4190,21,533,6903[CR],1045866015
F,21610,14683,4198,17,536,6872[CR],1045866343
C,16285,840,4206,19,528,6864[CR],1045866781
F,21990,14589,4214,20,528,6888[CR],1045867109
A,34632,22278,4222,18,534,6879[CR],1045867546
F,22380,14675,4230,20,534,6868[CR],1045867984
C,15932,844,4238,22,528,6883[CR],1045868312
F,22730,14996,4245,19,529,6887[CR],1045868750
C,16000,842,4254,21,535,6906[CR],1045869078
F,22342,15608,4261,16,534,6917[CR],1045869515
C,15920,852,4269,20,529,6965[CR],1045869843
F,21212,15649,4276,20,535,7057[CR],1045870281
C,15623,844,4284,19,534,7122[CR],1045870718
F,21528,15184,4292,21,535,7072[CR],1045871046
C,15357,844,4300,24,537,7029[CR],1045871484
F,22140,14942,4309,19,537,6976[CR],1045871812
C,15115,848,4317,21,538,6926[CR],1045872250
F,22682,14968,4325,17,537,6866[CR],1045872578
C,15009,840,4332,20,536,6883[CR],1045873015
F,23154,15010,4340,21,533,6942[CR],1045873453
A,34612,23370,4348,18,535,6958[CR],1045873781
F,23386,15313,4356,20,534,6962[CR],1045874234
C,15450,848,4364,22,536,6961[CR],1045874546
F,23408,15303,4371,18,530,6978[CR],1045874984
C,15722,836,4379,20,536,7000[CR],1045875312
F,23122,15171,4387,17,536,7029[CR],1045875750
C,15861,846,4395,19,536,7025[CR],1045876187
F,22896,14957,4403,21,530,7010[CR],1045876515
C,15901,844,4410,18,534,7019[CR],1045876953
F,22988,14767,4419,20,534,7020[CR],1045877281
C,15819,846,4426,23,538,6990[CR],1045877718
F,23248,14521,4434,20,532,6942[CR],1045878046
C,15636,854,4443,21,533,6901[CR],1045878484
F,23618,14337,4451,17,538,6880[CR],1045878921
C,15470,864,4459,19,533,6880[CR],1045879250
F,23994,14346,4466,21,528,6870[CR],1045879687
A,34600,24200,4474,18,530,6875[CR],1045880015
F,24254,14551,4482,19,531,6898[CR],1045880453
C,15359,858,4489,22,534,6915[CR],1045880781
F,24434,14752,4497,19,534,6909[CR],1045881218
C,15335,874,4505,20,534,6885[CR],1045881656
F,24596,14729,4513,18,532,6851[CR],1045881984
C,15317,874,4522,20,538,6814[CR],1045882421
F,24908,14717,4530,22,532,6776[CR],1045882750
C,15242,864,4537,19,537,6746[CR],1045883187
F,25200,14796,4546,20,533,6718[CR],1045883531
C,15245,852,4554,22,533,6706[CR],1045883953
F,25412,14872,4561,19,535,6715[CR],1045884390
C,15342,882,4569,20,536,6705[CR],1045884718
F,25620,14933,4577,16,541,6729[CR],1045885156
C,15485,882,4585,19,532,6753[CR],1045885484
F,25452,14957,4592,21,535,6773[CR],1045885921
A,34608,25040,4600,18,536,6779[CR],1045886250
F,24800,15015,4608,19,535,6789[CR],1045886687
C,15951,882,4616,21,533,6810[CR],1045887125
F,24446,14886,4624,18,533,6830[CR],1045887453
C,16250,876,4631,19,527,6868[CR],1045887890
F,24260,14813,4639,18,530,6901[CR],1045888218
C,16628,884,4647,20,533,6900[CR],1045888656
F,24224,14785,4654,22,531,6896[CR],1045888984
C,16978,884,4662,18,528,6890[CR],1045889421
F,23742,14822,4670,20,534,6889[CR],1045889859
C,17124,884,4678,21,536,6864[CR],1045890187
F,22986,14811,4686,21,532,6815[CR],1045890625
C,16964,892,4694,21,534,6788[CR],1045890953
F,23030,14664,4702,17,531,6780[CR],1045891390
C,16686,884,4710,19,534,6782[CR],1045891718
F,23526,14548,4718,22,531,6761[CR],1045892156
A,34600,23906,4726,19,534,6763[CR],1045892593
F,24032,14663,4734,19,536,6761[CR],1045892968
C,16556,884,4742,22,531,6772[CR],1045893359
F,24482,14986,4750,19,535,6776[CR],1045893703
C,16656,884,4757,21,534,6771[CR],1045894125
F,24808,15341,4765,20,534,6774[CR],1045894453
C,16700,904,4773,19,536,6786[CR],1045894890
F,25020,15670,4781,22,534,6793[CR],1045895328
C,16772,876,4789,18,534,6795[CR],1045895656
F,25164,15909,4797,19,536,6830[CR],1045896093
C,17346,882,4803,16,527,6943[CR],1045896421
F,25180,16014,4811,20,528,6978[CR],1045896859
C,18330,888,4818,20,532,6999[CR],1045897296
F,24482,16376,4826,18,534,7021[CR],1045897625
C,19350,890,4834,19,531,7034[CR],1045898062
F,20992,16710,4841,16,531,7049[CR],1045898390
A,34588,18708,4849,21,531,7047[CR],1045898828
F,18200,16714,4857,22,536,7020[CR],1045899156
C,19530,906,4865,19,528,7010[CR],1045899593
F,17980,16056,4873,20,528,6997[CR],1045899921
C,19316,892,4881,23,524,7003[CR],1045900359
F,18396,15444,4889,18,527,7022[CR],1045900796
C,19310,904,4896,20,527,7044[CR],1045901125
F,18806,15497,4904,19,529,7054[CR],1045901562
C,19662,904,4912,19,527,7066[CR],1045901906
F,19114,16038,4920,21,530,7081[CR],1045902328
C,19920,916,4928,19,535,7065[CR],1045902656
F,19202,16604,4936,20,531,7043[CR],1045903093
C,19932,904,4943,22,535,7035[CR],1045903531
F,18558,16828,4951,19,532,7023[CR],1045903859
C,19832,930,4960,21,534,7037[CR],1045904296
F,18664,16790,4967,16,535,7037[CR],1045904625
A,34572,18842,4975,19,531,7045[CR],1045905062
F,18886,16886,4983,21,530,7030[CR],1045905390
C,19896,910,4990,18,531,7034[CR],1045905828
F,19078,17356,4998,19,530,7048[CR],1045906265
C,20002,912,5006,19,527,7068[CR],1045906593
F,19206,17752,5014,18,531,7068[CR],1045907031
C,20118,912,5021,21,533,7064[CR],1045907359
F,19322,17936,5029,18,536,7072[CR],1045907796
C,20200,920,5037,19,530,7076[CR],1045908125
F,19370,18052,5045,22,531,7082[CR],1045908562
C,20212,912,5053,18,534,7097[CR],1045909000
F,19360,18156,5061,20,534,7112[CR],1045909328
C,20144,918,5068,16,533,7122[CR],1045909765
F,19142,18140,5076,19,531,7116[CR],1045910093
C,20016,926,5084,22,536,7117[CR],1045910531
F,18976,18160,5092,19,533,7109[CR],1045910859
A,34568,19026,5100,20,534,7117[CR],1045911296
F,19034,18250,5107,22,535,7115[CR],1045911734
C,19682,928,5116,19,531,7122[CR],1045912062
F,19054,18372,5123,21,531,7124[CR],1045912437
C,19592,918,5131,17,529,7127[CR],1045912828
F,18804,18516,5139,19,534,7125[CR],1045913265
C,19482,926,5147,21,531,7132[CR],1045913593
F,18748,18380,5154,19,530,7145[CR],1045914031
C,19350,932,5162,20,532,7162[CR],1045914468
F,19026,18096,5170,16,534,7149[CR],1045914796
C,19262,926,5178,19,533,7154[CR],1045915234
F,19284,17876,5185,21,534,7145[CR],1045915562
C,19342,918,5193,18,532,7152[CR],1045916000
F,19504,18002,5201,19,529,7165[CR],1045916328
C,19700,936,5209,22,532,7172[CR],1045916765
F,19398,18238,5217,19,534,7168[CR],1045917203
A,34560,18918,5225,20,531,7171[CR],1045917531
F,18740,18250,5232,17,531,7176[CR],1045917968
C,20232,922,5240,19,534,7186[CR],1045918296
F,18454,17890,5248,22,532,7178[CR],1045918734
C,20386,926,5256,18,533,7181[CR],1045919062
F,18734,17342,5264,20,532,7184[CR],1045919500
C,20380,926,5271,22,529,7195[CR],1045919937
F,19048,17172,5279,19,532,7207[CR],1045920281
C,20440,930,5287,20,530,7225[CR],1045920703
F,19336,17418,5294,18,527,7235[CR],1045921031
C,20544,934,5303,19,530,7266[CR],1045921468
F,19576,17694,5310,21,529,7276[CR],1045921796
C,20730,930,5318,19,526,7291[CR],1045922234
F,19764,17798,5326,20,529,7295[CR],1045922671
C,20768,930,5333,16,527,7304[CR],1045923000
F,19916,17914,5341,20,529,7323[CR],1045923437
A,34512,19984,5349,22,529,7313[CR],1045923765
F,19988,18122,5357,18,530,7311[CR],1045924203
C,20180,922,5364,20,525,7337[CR],1045924531
F,20064,18386,5372,21,531,7357[CR],1045924968
C,19826,930,5380,20,529,7336[CR],1045925406
F,20114,18742,5388,20,529,7345[CR],1045925734
C,19636,926,5395,19,527,7350[CR],1045926171
F,19944,19256,5403,20,531,7358[CR],1045926500
C,19594,926,5411,22,529,7357[CR],1045926937
F,19406,19494,5419,19,529,7354[CR],1045927265
C,19658,930,5426,21,531,7381[CR],1045927703
F,19554,19182,5434,17,530,7394[CR],1045928140
C,19900,934,5442,19,526,7415[CR],1045928468
F,19856,18904,5449,21,527,7450[CR],1045928906
C,20558,938,5457,18,525,7494[CR],1045929234
F,19924,18712,5464,19,524,7537[CR],1045929671
A,34568,19892,5472,17,522,7574[CR],1045930000
F,19846,18834,5479,19,524,7621[CR],1045930437
C,22392,932,5487,21,526,7655[CR],1045930781
F,18820,18896,5494,18,523,7685[CR],1045931203
C,23012,926,5502,20,526,7721[CR],1045931640
F,17418,18794,5509,16,524,7746[CR],1045931968
C,23308,926,5517,19,524,7780[CR],1045932406
F,16590,18484,5524,21,522,7814[CR],1045932734
C,23348,920,5532,18,526,7829[CR],1045933171
F,16642,18074,5540,21,526,7843[CR],1045933609
C,23182,920,5547,18,524,7854[CR],1045933937
F,16858,18020,5555,20,531,7867[CR],1045934375
C,22934,920,5563,21,521,7858[CR],1045934703
F,17026,18248,5570,18,527,7858[CR],1045935140
C,22426,932,5578,20,524,7859[CR],1045935468
F,17188,18618,5585,17,525,7860[CR],1045935906
A,34540,17292,5593,19,524,7858[CR],1045936343
F,17318,18856,5601,21,521,7866[CR],1045936671
C,21340,930,5609,18,522,7886[CR],1045937109
F,17458,18970,5616,19,522,7913[CR],1045937437
C,20956,926,5623,16,521,7939[CR],1045937875
F,17608,19082,5631,19,522,7988[CR],1045938203
C,20782,932,5639,21,523,8002[CR],1045938640
F,17762,19266,5646,17,524,8007[CR],1045939078
C,20960,934,5654,20,524,8016[CR],1045939406
F,17890,19702,5661,15,524,8023[CR],1045939843
C,21158,926,5669,19,524,8045[CR],1045940171
F,17836,20012,5677,20,524,8042[CR],1045940609
C,21304,930,5684,19,524,8056[CR],1045940937
F,17552,20084,5692,20,527,8055[CR],1045941375
C,21276,930,5699,15,521,8054[CR],1045941812
F,16890,19900,5703,4,265,8015[CR],1045942140
A,34556,16710,5703,7,246,7953[CR],1045942578
F,16954,19902,5703,1,236,7936[CR],1045942906
C,19692,922,5703,1,201,7933[CR],1045943343
F,17506,20116,5703,0,195,7933[CR],1045943671
C,19512,926,5703,0,212,7931[CR],1045944109
F,17840,20166,5703,0,214,7932[CR],1045944546
C,19410,930,5703,0,297,5843[CR],1045944875
F,18054,19808,5703,0,273,2674[CR],1045945312
C,18636,922,5703,0,246,2536[CR],1045945640
F,18198,17024,5703,0,356,2501[CR],1045946078
C,18084,930,5703,0,265,843[CR],1045946406
F,18274,12687,5703,0,260,35544[CR],1045946843
C,12302,930,5703,0,239,35544[CR],1045947296
F,18362,12690,5703,0,102,2012[CR],1045947625
C,12415,932,5703,0,70,1796[CR],1045947968
F,18952,12691,5703,0,6,2416[CR],1045948515
Z,0,0,5703,3,1,1874[CR],1045949093
Z,0,0,5703,1,0,2480[CR],1045949531
Z,0,0,5703,0,0,2472[CR],1045950093
Z,0,0,5703,0,0,2482[CR],1045950531
Z,0,0,5703,0,0,2475[CR],1045951078
Z,0,0,5703,0,0,2475[CR],1045951515
Z,0,0,5703,0,0,2476[CR],1045952062
Z,0,0,5703,0,0,2475[CR],1045952500
Z,0,0,5703,0,0,2475[CR],1045953046
Z,0,0,5703,0,0,2475[CR],1045953484
Z,0,0,5703,0,0,2475[CR],1045954031
Z,0,0,5703,0,0,2477[CR],1045954578
Z,0,0,5703,0,0,2475[CR],1045955015
Z,0,0,5703,0,0,2475[CR],1045955562
Z,0,0,5703,0,0,2475[CR],1045956000
Z,0,0,5703,0,399,2475[CR],1045956546
Z,0,0,5703,0,2,2473[CR],1045956984
Z,0,0,5703,0,0,2473[CR],1045957531
Z,0,0,5703,0,0,2477[CR],1045958078
Z,0,0,5703,0,0,2474[CR],1045958515
Z,0,0,5703,0,0,2469[CR],1045959062
Z,0,0,5703,0,0,2474[CR],1045959500
Z,0,0,5703,0,0,2473[CR],1045960046
Z,0,0,5703,0,0,2475[CR],1045960593
Z,0,0,5703,0,0,2474[CR],1045961031
Z,0,0,5703,0,0,2474[CR],1045961578
Z,0,0,5703,0,0,2473[CR],1045962015
Z,0,0,5703,0,0,2473[CR],1045962562
Z,0,0,5703,0,0,2474[CR],1045963000
Z,0,0,5703,0,0,2475[CR],1045963546
Z,0,0,5703,0,81,2475[CR],1045964093
Z,0,0,5703,0,0,2474[CR],1045964531
Z,0,0,5703,0,0,2475[CR],1045965078
Z,0,0,5703,0,0,2475[CR],1045965515
Z,0,0,5703,0,0,2475[CR],1045966062
Z,0,0,5703,0,0,2475[CR],1045966500
Z,0,0,5703,0,0,2475[CR],1045967046
Z,0,0,5703,0,0,2474[CR],1045967593
Z,0,0,5703,0,0,2456[CR],1045968031
Z,0,0,5703,0,0,2467[CR],1045968578
Z,0,0,5703,0,0,2467[CR],1045969015
Z,0,0,5703,0,0,2466[CR],1045969562
Z,0,0,5703,0,0,2468[CR],1045970109
Z,0,0,5703,0,0,2472[CR],1045970546
Z,0,0,5703,0,0,2469[CR],1045971093
Z,0,0,5703,0,0,2474[CR],1045971531
Z,0,0,5703,0,0,2497[CR],1045972078
Z,0,0,5703,0,0,2477[CR],1045972515
Z,0,0,5703,0,0,2476[CR],1045973062
Z,0,0,5703,0,0,2475[CR],1045973609
Z,0,0,5703,0,0,2477[CR],1045973609
U,176544,19156,5703,0,0,2476[CR],1045974156
Z,0,0,5703,0,0,2477[CR],1045974593
Z,0,0,5703,0,0,2476[CR],1045975140
Z,0,0,5703,0,0,2476[CR],1045975687
Z,0,0,5703,0,0,2476[CR],1045976125
Z,0,0,5703,0,0,2477[CR],1045976671
Z,0,0,5703,0,0,2477[CR],1045977109
Z,0,0,5703,0,0,2479[CR],1045977656
Z,0,0,5703,0,0,2480[CR],1045978203
Z,0,0,5703,0,0,2480[CR],1045978640
Z,0,0,5703,0,0,2479[CR],1045979187
Z,0,0,5703,0,0,2479[CR],1045979625
Z,0,0,5703,0,0,2479[CR],1045980171
Z,0,0,5703,0,0,2477[CR],1045980609
Z,0,0,5703,0,0,2476[CR],1045981156
Z,0,0,5703,0,0,2476[CR],1045981703
Z,0,0,5703,0,2,2474[CR],1045982140
Z,0,0,5703,0,0,2469[CR],1045982687
Z,0,0,5703,0,0,2477[CR],1045983125
Z,0,0,5703,0,0,2478[CR],1045983671
Z,0,0,5703,0,0,2479[CR],1045984218
Z,0,0,5703,0,0,2480[CR],1045984656
Z,0,0,5703,0,0,2480[CR],1045985203
Z,0,0,5703,0,0,2480[CR],1045985640
Z,0,0,5703,0,0,2480[CR],1045986187
Z,0,0,5703,0,0,2480[CR],1045986625
Z,0,0,5703,0,0,2480[CR],1045987171
Z,0,0,5703,0,0,2481[CR],1045987718
Z,0,0,5703,0,0,2481[CR],1045988156
Z,0,0,5703,0,0,2481[CR],1045988703
Z,0,0,5703,0,0,2481[CR],1045989140
Z,0,0,5703,0,0,2481[CR],1045989687
Z,0,0,5703,0,0,2480[CR],1045990125
Z,0,0,5703,0,0,2459[CR],1045990671
Z,0,0,5703,0,0,2461[CR],1045991218
Z,0,0,5703,0,0,2467[CR],1045991656
Z,0,0,5703,0,0,2469[CR],1045992203
Z,0,0,5703,0,0,2469[CR],1045992640
Z,0,0,5703,0,0,2472[CR],1045993187
Z,0,0,5703,0,0,2471[CR],1045993625
Z,0,0,5703,0,155,2475[CR],1045994171
Z,0,0,5703,0,12,2478[CR],1045994718
Z,0,0,5703,0,284,2493[CR],1045995156
Z,0,0,5703,25,0,2482[CR],1045995703
Z,0,0,5703,79,0,2489[CR],1045996140
Z,0,0,5703,19,68,2737[CR],1045996468
F,18012,12700,5703,5,1,4804[CR],1045996906
C,12557,922,5703,1,52,5216[CR],1045997234
F,18024,12700,5703,1,60,5206[CR],1045997671
C,12571,932,5703,0,29,5202[CR],1045998000
F,18020,12700,5703,0,19,5200[CR],1045998437
A,34536,18022,5703,0,0,5198[CR],1045998765
F,18002,12700,5703,0,1,5226[CR],1045999203
C,12573,930,5703,0,0,5228[CR],1045999640
F,18022,12701,5703,0,0,5225[CR],1045999968
C,12574,920,5703,0,0,5224[CR],1046000406
F,18014,12701,5703,3,228,3824[CR],1046000734
C,12736,936,5703,1,135,3584[CR],1046001171
F,18240,12700,5703,0,115,3543[CR],1046001500
C,12754,942,5703,0,131,3521[CR],1046001937
F,18226,12701,5703,0,190,3504[CR],1046002375
C,12758,930,5703,0,176,3495[CR],1046002703
F,18216,12699,5703,0,142,3486[CR],1046003140
C,12760,930,5703,0,193,3481[CR],1046003468
F,18202,12701,5703,0,159,3475[CR],1046003906
C,12762,920,5703,0,135,3472[CR],1046004234
F,18178,12700,5703,17,247,3632[CR],1046004671
A,34560,18168,5703,18,255,4041[CR],1046005109
F,18164,12702,5703,22,272,4194[CR],1046005437
C,12822,926,5703,11,323,4624[CR],1046005875
F,18218,12701,5705,11,340,5399[CR],1046006203
C,13160,926,5711,13,383,6160[CR],1046006640
F,18506,12699,5717,13,429,6845[CR],1046006968
C,15383,928,5723,18,513,7366[CR],1046007406
F,17390,19362,5730,18,521,7567[CR],1046007734
C,21500,926,5738,19,529,7625[CR],1046008171
F,14951,18448,5746,21,528,7627[CR],1046008609
C,21608,916,5753,19,525,7653[CR],1046008937
F,14915,17858,5762,21,522,7677[CR],1046009375
C,21526,932,5769,18,529,7709[CR],1046009703
F,15126,17620,5777,19,528,7706[CR],1046010140
C,21588,926,5784,22,526,7721[CR],1046010468
F,15323,17602,5792,19,524,7732[CR],1046010906
A,34548,15435,5800,21,524,7756[CR],1046011343
F,15462,17666,5808,17,524,7809[CR],1046011671
C,21712,926,5816,18,521,7847[CR],1046012109
F,15591,17792,5823,21,523,7876[CR],1046012437
C,21810,932,5831,19,524,7882[CR],1046012875
F,15684,17692,5839,20,527,7884[CR],1046013203
C,21900,924,5847,22,527,7885[CR],1046013640
F,15820,17574,5855,18,527,7892[CR],1046014078
C,21924,928,5862,20,528,7908[CR],1046014421
F,15954,17556,5870,17,529,7932[CR],1046014843
C,21846,932,5878,18,529,7938[CR],1046015171
F,16104,17702,5886,21,526,7957[CR],1046015609
C,21818,924,5893,18,528,7973[CR],1046016046
F,16247,17912,5901,20,526,7976[CR],1046016375
C,21862,930,5909,20,524,7986[CR],1046016812
F,16372,17998,5917,20,522,8011[CR],1046017140
A,34564,16462,5925,21,526,8017[CR],1046017578
F,16486,18042,5932,18,521,8042[CR],1046017906
C,21786,932,5940,20,518,8074[CR],1046018453
Z,0,0,5950,20,518,8104[CR],1046018781
C,21640,930,5956,18,519,8099[CR],1046019109
F,16732,18058,5963,20,520,8103[CR],1046019546
C,21414,922,5971,16,519,8117[CR],1046019875
F,16854,18136,5979,18,516,8148[CR],1046020312
C,21200,922,5986,19,518,8207[CR],1046020640
F,16964,18290,5994,19,511,8238[CR],1046021078
C,21278,932,6002,20,515,8228[CR],1046021515
F,17084,18504,6009,16,509,8265[CR],1046021843
C,21694,930,6017,18,514,8318[CR],1046022281
F,17178,18876,6024,20,514,8341[CR],1046022609
C,22312,930,6032,19,517,8360[CR],1046023046
F,17240,19328,6040,20,515,8368[CR],1046023375
A,34556,17108,6047,17,518,8384[CR],1046023812
F,16948,19508,6055,18,519,8416[CR],1046024250
C,23228,930,6063,20,510,8430[CR],1046024578
F,16510,19358,6070,18,516,8471[CR],1046025015
C,23364,922,6078,19,515,8472[CR],1046025343
F,16542,19138,6086,22,517,8466[CR],1046025781
C,23492,926,6094,18,517,8478[CR],1046026109
F,16626,19040,6102,21,512,8489[CR],1046026546
C,23464,932,6109,16,513,8498[CR],1046026984
F,16796,19064,6117,19,519,8514[CR],1046027312
C,23376,924,6125,22,516,8519[CR],1046027750
F,16934,19046,6133,19,513,8515[CR],1046028078
C,23186,926,6140,20,509,8528[CR],1046028515
F,17072,19100,6148,17,519,8551[CR],1046028843
C,22880,930,6156,19,516,8549[CR],1046029281
F,17196,19252,6163,22,512,8568[CR],1046029718
A,34568,17284,6171,17,511,8560[CR],1046030046
F,17308,19162,6179,19,513,8597[CR],1046030484
C,22370,930,6186,21,518,8596[CR],1046030812
F,17438,19204,6194,19,512,8597[CR],1046031250
C,22118,944,6202,19,513,8613[CR],1046031578
F,17544,19422,6209,18,509,8663[CR],1046032015
C,21904,930,6216,19,511,8693[CR],1046032453
F,17660,19414,6224,18,507,8742[CR],1046032781
C,21640,932,6231,19,513,8754[CR],1046033218
F,17800,19288,6239,20,510,8766[CR],1046033562
C,21496,912,6247,18,517,8786[CR],1046033984
F,17946,19132,6255,20,516,8773[CR],1046034312
C,21422,932,6262,21,519,8758[CR],1046034750
F,18068,19090,6270,19,516,8765[CR],1046035187
C,21442,920,6278,21,511,8783[CR],1046035515
F,18168,19340,6285,18,512,8821[CR],1046035953
A,34560,18200,6293,19,507,8842[CR],1046036281
F,18176,19620,6300,22,512,8882[CR],1046036718
C,22084,924,6308,19,511,8885[CR],1046037046
F,17480,19824,6315,21,511,8910[CR],1046037484
C,22468,930,6322,18,512,8914[CR],1046037921
F,16992,19914,6330,19,514,8919[CR],1046038250
C,22886,926,6338,21,514,8910[CR],1046038687
F,17224,19434,6345,19,510,8928[CR],1046039015
C,23386,926,6353,20,507,8967[CR],1046039453
F,17638,18908,6360,17,514,9012[CR],1046039781
C,24448,930,6367,19,507,9074[CR],1046040218
F,18020,18854,6374,18,506,9122[CR],1046040656
C,26132,920,6381,18,502,9155[CR],1046040984
F,18304,19268,6388,18,503,9266[CR],1046041421
C,28052,926,6395,17,502,9341[CR],1046041750
F,18346,19770,6401,19,499,9391[CR],1046042187
A,34556,17406,6408,16,499,9423[CR],1046042515
F,16788,20276,6413,14,499,9462[CR],1046042953
C,30508,930,6419,12,489,9498[CR],1046043390
F,14800,20022,6423,11,488,9498[CR],1046043718
C,30832,926,6428,12,477,9502[CR],1046044156
F,13545,19878,6432,10,479,9524[CR],1046044484
C,31188,916,6436,9,474,9537[CR],1046044921
F,12907,19808,6440,11,477,9540[CR],1046045250
C,31116,930,6444,9,476,9540[CR],1046045687
F,12736,19308,6447,9,476,9547[CR],1046046125
C,31100,932,6451,7,468,9554[CR],1046046453
F,12823,18940,6454,8,468,9570[CR],1046046890
C,30856,930,6458,8,463,9564[CR],1046047218
F,12977,18768,6461,7,461,9566[CR],1046047656
C,30700,926,6463,6,453,9562[CR],1046047984
F,13109,18664,6466,7,454,9554[CR],1046048421
A,34572,13201,6469,7,455,9550[CR],1046048859
F,13227,18586,6472,6,452,9549[CR],1046049187
C,30180,930,6474,5,432,9550[CR],1046049625
F,13367,18644,6476,4,409,9561[CR],1046049953
C,29904,930,6477,3,387,9559[CR],1046050390
F,13495,18654,6478,3,364,9556[CR],1046050718
C,29652,934,6479,2,349,9558[CR],1046051156
F,13612,18682,6479,1,337,9556[CR],1046051593
C,29412,934,6480,1,319,9561[CR],1046051921
F,13725,18660,6480,1,307,9560[CR],1046052359
C,29276,926,6481,1,293,9562[CR],1046052687
F,13835,18708,6481,1,290,9565[CR],1046053125
C,29180,936,6481,1,281,9560[CR],1046053453
F,13946,18700,6481,0,283,9559[CR],1046053890
C,29140,948,6482,0,281,9562[CR],1046054328
F,14058,18692,6482,0,270,9562[CR],1046054656
A,34544,14131,6482,0,275,9563[CR],1046055093
F,14151,18644,6482,0,268,9564[CR],1046055421
C,29128,932,6483,0,265,9567[CR],1046055859
F,14273,18674,6483,0,259,9568[CR],1046056187
C,29092,922,6483,0,249,9568[CR],1046056625
F,14374,18656,6483,0,262,9565[CR],1046057062
C,29116,922,6483,0,268,9563[CR],1046057390
F,14494,18662,6483,0,266,9562[CR],1046057828
C,29120,916,6484,0,242,9563[CR],1046058156
F,14598,18644,6484,0,243,9562[CR],1046058593
C,29100,926,6484,0,254,9564[CR],1046058921
F,14704,18630,6484,0,252,9564[CR],1046059359
C,29064,926,6484,0,240,9564[CR],1046059796
F,14817,18612,6484,0,204,9516[CR],1046060125
C,29044,926,6484,0,262,6497[CR],1046060562
F,14922,18358,6484,0,396,3126[CR],1046060890
A,34580,14962,6484,0,244,867[CR],1046061328
F,14907,12687,6484,0,141,35544[CR],1046061656
C,11026,930,6484,0,172,35544[CR],1046062093
F,13421,12693,6484,129,356,2562[CR],1046062437
C,11135,930,6491,206,569,5690[CR],1046062859
F,13523,14472,6573,172,562,8238[CR],1046063312
C,31268,880,6637,51,537,8412[CR],1046063640
F,15804,15191,6638,2,214,8263[CR],1046064000
C,29316,926,6638,1,193,8251[CR],1046064421
F,16003,15887,6638,0,279,5975[CR],1046064859
C,27684,930,6638,0,243,1733[CR],1046065187
F,16205,14298,6638,0,200,810[CR],1046065625
C,19656,920,6638,0,196,940[CR],1046065953
F,16356,12697,6638,0,182,973[CR],1046066390
C,19486,920,6638,0,166,1015[CR],1046066828
F,16550,12697,6638,0,159,1034[CR],1046067156
A,34556,16674,6638,0,152,1049[CR],1046067593
F,16712,12699,6638,0,170,1069[CR],1046067921
C,19382,926,6638,0,165,1076[CR],1046068359
F,16892,12699,6638,0,165,1093[CR],1046068687
C,19350,926,6638,14,259,1496[CR],1046069125
F,17044,12699,6638,6,274,2721[CR],1046069562
C,19466,932,6638,3,229,3063[CR],1046069890
F,17192,12698,6638,11,287,3465[CR],1046070328
C,19634,922,6638,18,275,3883[CR],1046070656
F,17318,12701,6638,17,264,4070[CR],1046071093
C,19886,920,6638,19,244,4187[CR],1046071421
F,17422,12701,6638,8,299,4423[CR],1046071859
C,19992,934,6638,11,335,5051[CR],1046072296
F,17532,12715,6638,9,329,5755[CR],1046072625
C,20994,930,6638,9,322,6407[CR],1046073062
F,17608,13652,6638,10,318,6973[CR],1046073390
A,34612,17696,6638,14,252,7527[CR],1046073828
F,17728,15529,6639,9,499,8074[CR],1046074156
C,25996,926,6647,19,515,8374[CR],1046074593
F,17930,15441,6654,21,518,8425[CR],1046075031
C,30180,926,6662,17,519,8451[CR],1046075359
F,17898,15284,6669,20,520,8487[CR],1046075796
C,29856,926,6676,17,518,8519[CR],1046076125
F,17988,15246,6684,20,521,8532[CR],1046076562
C,29344,928,6692,21,516,8533[CR],1046076890
F,18086,14953,6699,18,515,8549[CR],1046077328
C,28680,924,6707,20,515,8549[CR],1046077765
F,18166,14820,6714,18,513,8567[CR],1046078093
C,27992,930,6722,19,513,8590[CR],1046078531
F,18216,14955,6730,22,512,8614[CR],1046078859
C,27436,922,6737,18,512,8629[CR],1046079296
F,18256,14819,6745,20,510,8670[CR],1046079625
A,34596,18272,6752,16,511,8685[CR],1046080062
F,18256,14818,6760,19,508,8701[CR],1046080500
C,26892,930,6767,21,509,8728[CR],1046080828
F,18276,14758,6775,18,512,8741[CR],1046081265
C,26848,920,6783,19,510,8741[CR],1046081593
F,18244,14715,6790,17,512,8781[CR],1046082031
C,26724,930,6797,19,511,8804[CR],1046082359
F,18266,14762,6805,20,498,8811[CR],1046082796
C,26816,926,6812,17,507,8858[CR],1046083234
F,18288,14612,6820,19,505,8874[CR],1046083562
C,27040,916,6827,18,504,8880[CR],1046083906
F,18300,14488,6834,19,501,8906[CR],1046084328
C,27148,924,6842,15,506,8945[CR],1046084765
F,18330,14549,6849,18,505,8976[CR],1046085093
C,27672,920,6856,21,501,8988[CR],1046085531
F,18344,14315,6864,17,499,9028[CR],1046085968
A,34624,18360,6872,20,506,9054[CR],1046086296
F,18336,14039,6879,17,500,9042[CR],1046086734
C,28952,904,6887,18,501,9074[CR],1046087062
F,18344,14028,6894,21,501,9097[CR],1046087500
C,29828,890,6901,18,503,9117[CR],1046087828
F,18352,13814,6909,21,500,9120[CR],1046088265
C,30440,896,6916,17,504,9146[CR],1046088703
F,18368,13748,6924,19,505,9138[CR],1046089031
C,30384,914,6932,21,505,9130[CR],1046089468
F,18348,13802,6940,18,503,9142[CR],1046089796
C,30284,914,6948,20,502,9155[CR],1046090234
F,18262,13659,6955,17,497,9172[CR],1046090562
C,30232,914,6963,19,502,9185[CR],1046091000
F,18310,13711,6970,21,504,9208[CR],1046091437
C,29960,932,6978,18,499,9205[CR],1046091781
F,18322,13674,6986,19,497,9218[CR],1046092203
A,34620,18328,6992,16,503,9249[CR],1046092578
F,18292,13743,7001,19,501,9218[CR],1046093000
C,29272,906,7008,21,496,9220[CR],1046093312
F,18374,13717,7015,18,502,9233[CR],1046093734
C,29316,914,7023,19,499,9262[CR],1046094171
F,18314,13899,7030,16,499,9304[CR],1046094500
C,28628,916,7038,20,509,9323[CR],1046094937
F,18368,14758,7046,22,502,9335[CR],1046095265
C,28148,908,7054,17,502,9338[CR],1046095703
F,18416,14450,7061,19,498,9352[CR],1046096031
C,28036,888,7068,15,508,9385[CR],1046096468
F,18352,14780,7076,19,493,9425[CR],1046096906
C,27996,898,7083,19,499,9463[CR],1046097234
F,18480,14433,7090,18,496,9493[CR],1046097671
C,28264,920,7097,17,489,9554[CR],1046098000
F,18430,14772,7103,14,471,9632[CR],1046098437
A,34612,18420,7107,8,461,9721[CR],1046098765
F,18234,14780,7110,8,452,9735[CR],1046099203
C,27940,914,7113,8,445,9724[CR],1046099640
F,18370,14954,7116,6,423,9737[CR],1046099968
C,27532,902,7117,3,401,9742[CR],1046100406
F,18428,15791,7119,3,386,9742[CR],1046100734
C,27236,896,7120,3,364,9738[CR],1046101171
F,18498,15836,7121,2,332,9736[CR],1046101500
C,26944,890,7121,2,335,9732[CR],1046101937
F,18540,15848,7122,1,335,9731[CR],1046102375
C,26868,880,7123,1,323,9730[CR],1046102703
F,18504,15953,7123,1,308,9731[CR],1046103140
C,26720,904,7124,1,311,9732[CR],1046103468
F,18484,16011,7124,1,302,9730[CR],1046103906
C,26676,904,7125,1,313,9730[CR],1046104234
F,18510,15985,7125,1,298,9731[CR],1046104671
A,34616,18508,7126,1,300,9736[CR],1046105109
F,18496,16073,7126,1,280,9738[CR],1046105406
C,26648,906,7127,1,273,9735[CR],1046105875
F,18532,16151,7127,1,207,9733[CR],1046106203
C,26580,892,7127,1,225,8815[CR],1046106640
F,18532,16072,7127,0,227,5285[CR],1046106968
C,25540,896,7127,0,414,3015[CR],1046107406
F,18518,15153,7127,0,29,856[CR],1046107843
C,17468,900,7127,0,226,35544[CR],1046108171
F,15634,12702,7127,206,355,2591[CR],1046108609
C,11816,926,7142,147,563,6368[CR],1046108937
F,16377,13948,7194,94,567,9014[CR],1046109390
C,27856,848,7238,103,556,9144[CR],1046109718
F,18222,14807,7276,94,550,9236[CR],1046110187
C,28068,868,7282,3,96,9208[CR],1046110531
F,18378,14537,7282,1,88,9160[CR],1046110968
A,34644,18526,7282,0,13,9141[CR],1046111296
F,18548,14725,7282,0,0,9135[CR],1046111734
C,24904,926,7282,0,0,9121[CR],1046112062
F,18600,14784,7282,0,0,9116[CR],1046112500
C,24728,930,7282,0,0,9108[CR],1046112828
F,18602,14830,7282,0,0,9101[CR],1046113265
C,24584,930,7282,0,0,9092[CR],1046113703
F,18598,14864,7283,7,379,9150[CR],1046114031
C,24478,920,7290,17,505,9422[CR],1046114468
F,18548,14510,7297,21,503,9436[CR],1046114796
C,27136,920,7305,18,500,9451[CR],1046115234
F,18510,14463,7312,18,504,9476[CR],1046115562
C,26816,922,7319,17,501,9503[CR],1046116000
F,18584,14651,7326,18,502,9528[CR],1046116437
C,26924,928,7332,16,493,9551[CR],1046116765
F,18596,14437,7339,16,486,9572[CR],1046117203
A,34660,18570,7345,14,486,9592[CR],1046117531
F,18528,13989,7351,14,476,9604[CR],1046117968
C,26940,936,7356,10,467,9640[CR],1046118296
F,18562,14007,7360,11,461,9668[CR],1046118734
C,26912,922,7363,7,424,9703[CR],1046119171
F,18564,14054,7365,6,420,9743[CR],1046119500
C,26764,926,7367,5,419,9755[CR],1046119937
F,18590,14086,7369,5,422,9765[CR],1046120265
C,26740,932,7371,4,412,9751[CR],1046120703
F,18546,14206,7373,4,403,9747[CR],1046121031
C,26548,922,7374,4,371,9719[CR],1046121468
F,18670,14837,7376,2,335,9713[CR],1046121906
C,26252,922,7376,2,336,9717[CR],1046122234
F,18544,14313,7377,1,322,9723[CR],1046122671
C,26220,926,7378,1,332,9728[CR],1046123015
F,18624,14112,7379,1,306,9737[CR],1046123437
A,34676,18608,7379,1,338,9754[CR],1046123765
F,18612,14177,7380,1,326,9758[CR],1046124203
C,26356,922,7381,1,334,9770[CR],1046124640
F,18614,14203,7382,1,332,9770[CR],1046124968
C,26368,926,7382,1,321,9771[CR],1046125406
F,18638,14162,7383,1,191,9769[CR],1046125734
C,26292,916,7383,1,112,9721[CR],1046126171
F,18630,14225,7383,0,47,9699[CR],1046126500
C,25728,916,7383,0,0,9685[CR],1046126937
F,18644,14237,7383,0,0,9673[CR],1046127375
C,25528,914,7383,0,3,9665[CR],1046127703
F,18650,14265,7383,0,0,9659[CR],1046128140
C,25384,934,7383,0,0,9654[CR],1046128468
F,18660,14280,7383,0,2,9648[CR],1046128906
C,25288,922,7383,0,2,9643[CR],1046129234
F,18650,14297,7383,0,0,9639[CR],1046129671
A,34656,18656,7383,0,0,9636[CR],1046130109
F,18640,14316,7383,0,0,9632[CR],1046130437
C,25188,916,7383,0,0,9629[CR],1046130875
F,18650,14316,7383,0,0,9624[CR],1046131203
C,25124,914,7383,0,0,9621[CR],1046131640
F,18652,14323,7383,0,0,9617[CR],1046131968
C,25084,926,7383,0,0,9611[CR],1046132406
F,18646,14317,7383,0,0,9607[CR],1046132843
C,25052,906,7383,0,0,9602[CR],1046133171
F,18646,14320,7383,0,0,9596[CR],1046133609
C,25012,900,7383,0,0,9590[CR],1046133937
F,18650,14334,7383,0,0,9581[CR],1046134375
C,24972,900,7383,0,0,9574[CR],1046134703
F,18644,14334,7383,0,0,9567[CR],1046135140
C,24936,902,7383,0,0,9558[CR],1046135578
F,18652,14343,7383,0,0,9550[CR],1046135906
A,34668,18650,7383,0,0,9541[CR],1046136343
F,18636,14343,7383,0,0,9534[CR],1046136671
C,24872,920,7383,0,0,9526[CR],1046137109
F,18646,14351,7383,0,0,9517[CR],1046137437
C,24844,916,7383,0,0,9509[CR],1046137875
F,18638,14354,7383,0,0,9501[CR],1046138312
C,24808,914,7383,0,0,9493[CR],1046138640
F,18648,14360,7383,0,0,9486[CR],1046139078
C,24772,922,7383,0,0,9479[CR],1046139406
F,18648,14363,7383,0,0,9472[CR],1046139843
C,24740,916,7383,0,0,9463[CR],1046140171
G,8476,9580,7383,0,0,9456[CR],1046140171
F,18650,14367,7383,0,0,9453[CR],1046140609
C,24704,918,7383,0,0,9448[CR],1046141046
F,18644,14370,7383,0,0,9440[CR],1046141375
C,24672,914,7383,0,0,9432[CR],1046141812
F,18648,14374,7383,0,0,9425[CR],1046142140
A,34660,18640,7383,0,0,9418[CR],1046142578
F,18626,14385,7383,0,0,9411[CR],1046142906
C,24608,922,7383,0,0,9403[CR],1046143343
F,18642,14383,7383,0,0,9394[CR],1046143781
C,24576,920,7383,0,0,9387[CR],1046144109
F,18650,14387,7383,0,0,9380[CR],1046144546
C,24550,926,7383,0,0,9373[CR],1046144875
F,18644,14387,7383,0,0,9364[CR],1046145312
C,24524,910,7383,0,0,9358[CR],1046145640
F,18642,14389,7383,0,0,9351[CR],1046146078
C,24500,938,7383,0,0,9343[CR],1046146515
F,18646,14395,7383,0,0,9335[CR],1046146843
C,24476,916,7383,0,0,9328[CR],1046147281
F,18638,14399,7383,0,0,9320[CR],1046147609
C,24454,916,7383,0,0,9313[CR],1046148046
F,18640,14399,7383,0,0,9307[CR],1046148375
A,34700,18644,7383,0,0,9300[CR],1046148812
F,18630,14402,7383,0,0,9291[CR],1046149250
C,24410,910,7383,0,0,9284[CR],1046149578
F,18644,14401,7383,0,0,9278[CR],1046150015
C,24390,920,7383,0,0,9270[CR],1046150343
F,18646,14403,7383,0,0,9264[CR],1046150781
C,24370,930,7383,0,0,9258[CR],1046151109
F,18648,14406,7383,0,0,9250[CR],1046151546
C,24352,910,7383,0,4,9243[CR],1046151875
F,18644,14406,7383,0,0,9236[CR],1046152312
C,24334,904,7383,0,0,9229[CR],1046152750
F,18642,14406,7383,0,0,9222[CR],1046153078
C,24316,910,7383,0,0,9215[CR],1046153515
F,18646,14409,7383,0,0,9207[CR],1046153843
C,24298,906,7383,0,0,9201[CR],1046154281
F,18646,14411,7383,0,0,9193
<PAUSE BUTTON 09:45:48>
[CR],1046154718
A,34732,18650,7383,0,0,9187[CR],1046154718
>
Reset interface. Wait time for interface: 47
>
Reset interface. Wait time for interface: 218DOFF
OK
>
Command: DOFF Wait time for interface: 125

>
Reset interface. Wait time for interface: 31CLEAR
OK
>
Command: CLEAR Wait time for interface: 109

<END BUTTON 09:51:23>

------------------- Begin end zero test --------------------
>
Reset interface. Wait time for interface: 109SCAN E
Z,0,0,0,0,0,2519
Z,0,0,0,0,302,2482[CR],1046492125
A,35124,12136,0,0,383,2479[CR],1046492562
F,12114,12699,0,0,374,2478[CR],1046493000
C,12117,5932,0,0,369,2478[CR],1046493328
F,12129,12698,0,0,351,2477[CR],1046493765
C,12117,5202,0,0,371,2477[CR],1046494093
F,12132,12699,0,0,366,2477[CR],1046494546
C,12117,5706,0,0,376,2479[CR],1046494875
F,12132,12699,0,0,387,2478[CR],1046495312
C,12117,6292,0,0,376,2478[CR],1046495656
F,12125,12698,0,0,384,2477[CR],1046496093
C,12117,5876,0,0,387,2478[CR],1046496437
F,12133,12699,0,0,384,2478[CR],1046496875
C,12117,5950,0,0,382,2478[CR],1046497203
F,12123,12699,0,0,387,2477[CR],1046497656
C,12118,5756,0,0,397,2478[CR],1046497984
F,12124,12700,0,0,388,2477[CR],1046498421
A,35160,12121,0,0,400,2478[CR],1046498859
F,12112,12698,0,0,372,2477[CR],1046499203
C,12117,5550,0,0,374,2477[CR],1046499656
F,12121,12699,0,0,385,2478[CR],1046500015
C,12117,5734,0,0,371,2478[CR],1046500343
F,12123,12699,0,0,383,2477[CR],1046500781
C,12117,5680,0,0,376,2477[CR],1046501109
F,12125,12698,0,0,383,2477[CR],1046501546
C,12117,5812,0,0,383,2477[CR],1046501984
F,12122,12700,0,0,388,2475[CR],1046502312
C,12126,5466,0,0,368,2473[CR],1046502750
F,12122,12699,0,0,350,2471[CR],1046503078
C,12160,4838,0,0,338,2471[CR],1046503515
F,12179,12698,0,0,346,2474[CR],1046503843
C,12183,5694,0,0,370,2474[CR],1046504281
F,12282,12698,0,0,371,2475[CR],1046504718
A,35124,12216,0,0,375,2475[CR],1046505046
F,12201,12698,0,0,386,2474[CR],1046505484
C,12121,5048,0,0,369,2474[CR],1046505812
F,12212,12698,0,0,397,2474[CR],1046506250
C,12122,5164,0,0,360,2474[CR],1046506578
F,12210,12697,0,0,365,2474[CR],1046507015
C,12124,4964,0,0,358,2475[CR],1046507453
F,12215,12697,0,0,385,2475[CR],1046507671
>
Reset interface. Wait time for interface: 125

======== END OF TEST ========


