CPT-log version: 5.22
======== BEGIN OF TEST ========
DATE 17.10.2022

<Transmited Data>
<NEW BUTTON 11:14:19>
[^C][CR]
[^C][CR]
[^C][CR]
CLEAR[CR]
[^C][CR]
DOFF[CR]
[^C][CR]
SCAN E[CR]
[^C][CR]
[^C][CR]
CLEAR[CR]

<START BUTTON 11:22:31>
[^C][CR]
[^C][CR]
DRON[CR]
SCAN E[CR]
[^G][^G][^G][^G]
<PAUSE BUTTON 11:33:17>
[^C][CR]
[^C][CR]
DOFF[CR]
[^C][CR]
CLEAR[CR]

<END BUTTON 11:38:33>
[^C][CR]
SCAN E[CR]
[^C][CR]


<Received Data>
<NEW BUTTON 11:14:19>

>
Reset interface. Wait time for interface: 32
>
Reset interface. Wait time for interface: 109
>
Reset interface. Wait time for interface: 109CLEAR
OK
>
Command: CLEAR Wait time for interface: 110

>
Reset interface. Wait time for interface: 109DOFF
OK
>
Command: DOFF Wait time for interface: 110

>
Reset interface. Wait time for interface: 63SCAN E
Z,0,0,0,0,243,2634
C,12173,10369,0,0,288,2465[CR],965306343
F,12216,12688,0,0,285,2466[CR],965306671
C,12173,10338,0,0,286,2466[CR],965307109
F,12219,12689,0,0,282,2466[CR],965307546
C,12173,11323,0,0,270,2465[CR],965307875
F,12212,12688,0,0,261,2466[CR],965308328
A,35788,12219,0,0,270,2465[CR],965308656
F,12200,12690,0,0,280,2465[CR],965309093
C,12173,11335,0,0,264,2465[CR],965309437
F,12215,12691,0,0,259,2466[CR],965309890
C,12174,11823,0,0,256,2465[CR],965310234
F,12222,12689,0,0,285,2466[CR],965310671
C,12173,11357,0,0,294,2467[CR],965311015
F,12220,12688,0,0,291,2465[CR],965311375
C,12173,11368,0,0,272,2465[CR],965311812
F,12218,12688,0,0,276,2465[CR],965312140
C,12173,11319,0,0,281,2466[CR],965312609
F,12222,12688,0,0,297,2465[CR],965312953
C,12173,11687,0,0,287,2466[CR],965313390
F,12221,12688,0,0,282,2466[CR],965313718
C,12173,11687,0,0,272,2467[CR],965313828
>
Reset interface. Wait time for interface: 78
>
Reset interface. Wait time for interface: 32CLEAR
OK
>
Command: CLEAR Wait time for interface: 109

<START BUTTON 11:22:31>

>
Reset interface. Wait time for interface: 62
>
Reset interface. Wait time for interface: 109DRON
OK
>
Command: DRON Wait time for interface: 110
SCAN E
Z,0,0,0,0,444,6208
F,15017,15198,0,0,468,5851[CR],965559109
C,26944,874,0,0,467,5852[CR],965559437
F,15031,15211,0,0,467,5850[CR],965559875
C,26916,872,0,0,467,5849[CR],965560218
F,15033,15219,0,0,467,5847[CR],965560671
C,26888,874,0,0,468,5846[CR],965561000
F,15030,15223,0,0,467,5846[CR],965561437
C,26896,872,0,0,467,5843[CR],965561781
F,15029,15219,0,0,468,5842[CR],965562218
C,26908,876,0,0,467,5841[CR],965562562
F,15023,15220,0,0,467,5840[CR],965563000
C,26920,874,0,0,466,5839[CR],965563328
F,15028,15222,0,0,467,5839[CR],965563765
C,26920,882,0,0,465,5837[CR],965564093
F,15030,15226,0,0,467,5836[CR],965564531
A,36068,15023,0,0,467,5835[CR],965564968
F,15012,15233,0,0,467,5834[CR],965565296
C,26896,870,0,0,467,5833[CR],965565734
F,15030,15236,0,0,467,5833[CR],965566062
C,26884,870,0,0,468,5833[CR],965566500
F,15026,15246,0,0,468,5833[CR],965566828
C,26912,874,0,0,466,5832[CR],965567265
F,15035,15250,0,0,467,5831[CR],965567593
C,26912,874,0,0,465,5829[CR],965568031
F,15029,15255,0,0,467,5827[CR],965568468
C,26876,876,0,0,467,5825[CR],965568796
F,15033,15262,0,0,466,5825[CR],965569234
C,26840,874,0,0,466,5824[CR],965569562
F,15034,15269,0,0,466,5824[CR],965570000
C,26824,882,0,0,466,5824[CR],965570437
F,15036,15273,0,0,467,5821[CR],965570765
A,36108,15034,0,0,467,5820[CR],965571203
F,15023,15276,0,0,467,5819[CR],965571531
C,26848,878,0,0,465,5818[CR],965571968
F,15034,15272,0,0,465,5817[CR],965572296
C,26824,872,0,0,465,5818[CR],965572734
F,15032,15273,3,11,565,5882[CR],965573171
C,28792,890,8,11,565,5922[CR],965573500
F,14946,15202,12,9,563,5947[CR],965573937
C,30612,864,16,12,562,5927[CR],965574265
F,14830,15854,21,11,567,5918[CR],965574703
C,29328,1030,25,9,564,5960[CR],965575031
F,15000,17316,30,12,570,5985[CR],965575468
C,29556,982,34,10,565,5969[CR],965575906
F,14998,16812,38,11,551,6011[CR],965576234
C,28408,874,43,11,540,6087[CR],965576671
F,15023,17516,47,10,538,6128[CR],965577000
A,36036,14991,51,13,538,6168[CR],965577437
F,14770,20164,57,14,550,6187[CR],965577765
C,29608,860,61,12,559,6148[CR],965578203
F,14886,17612,67,14,563,6104[CR],965578640
C,28628,732,73,12,574,6116[CR],965578968
F,15052,16748,78,15,546,6154[CR],965579406
C,28304,856,84,14,555,6228[CR],965579734
F,14788,17262,90,16,557,6273[CR],965580171
C,28312,896,97,15,562,6314[CR],965580500
F,15028,18816,104,17,550,6281[CR],965580937
C,29280,892,110,15,547,6340[CR],965581375
F,15000,18444,117,18,545,6324[CR],965581703
C,30168,900,124,17,550,6333[CR],965582140
F,15011,18208,132,22,554,6306[CR],965582468
C,30336,924,140,22,579,6311[CR],965582906
F,15040,20210,148,19,588,6186[CR],965583234
A,36044,15088,156,21,594,6128[CR],965583671
F,14713,21642,163,18,590,6057[CR],965584109
C,26708,968,171,18,588,6034[CR],965584437
F,14882,19622,179,21,576,6043[CR],965584875
C,27332,970,186,18,570,6021[CR],965585203
F,15052,19202,194,20,574,6000[CR],965585640
C,27516,998,202,22,568,5950[CR],965585968
F,15124,18552,211,20,559,5838[CR],965586406
C,27320,982,219,20,551,5777[CR],965586843
F,15105,18716,226,16,549,5812[CR],965587171
C,27968,966,233,19,547,5911[CR],965587609
F,15015,18498,241,21,549,5910[CR],965587953
C,27916,982,248,18,550,5926[CR],965588375
F,15116,17826,256,20,548,5948[CR],965588703
C,27408,976,263,17,549,5978[CR],965589140
F,14969,19684,271,19,551,6007[CR],965589578
A,36036,15116,279,21,552,5994[CR],965589906
F,15154,19048,287,19,586,5955[CR],965590250
C,27324,912,295,21,587,5915[CR],965590671
F,15186,16470,303,17,586,5916[CR],965591109
C,27128,996,311,20,583,5901[CR],965591437
F,15117,15867,318,20,579,5912[CR],965591875
C,27508,1022,326,17,568,5921[CR],965592312
F,15076,16436,334,19,563,5921[CR],965592640
C,28264,934,341,21,580,5942[CR],965593078
F,15084,16380,348,18,586,5992[CR],965593406
C,27496,1030,356,20,588,6021[CR],965593843
F,15094,16534,364,18,588,6012[CR],965594171
C,27712,1048,371,19,586,6035[CR],965594609
F,15124,16279,379,22,582,6045[CR],965595046
C,27636,1034,387,19,582,6046[CR],965595375
F,14978,16690,395,21,578,6026[CR],965595812
A,36004,14960,402,17,586,6056[CR],965596140
F,14882,18072,410,19,579,6071[CR],965596578
C,26748,1044,417,21,577,6110[CR],965596906
F,15197,16642,425,17,571,6160[CR],965597343
C,26584,1052,433,21,568,6172[CR],965597781
F,15196,16658,440,17,558,6083[CR],965598109
C,26448,1044,448,19,563,6099[CR],965598453
F,15259,16708,456,21,561,6109[CR],965598875
C,26652,1058,464,18,554,6057[CR],965599312
F,15184,16598,472,22,548,6079[CR],965599640
C,26052,1064,480,22,547,6046[CR],965600078
F,15117,16756,488,19,557,6032[CR],965600515
C,25544,1056,495,21,561,6029[CR],965600843
F,15137,16412,503,18,561,6001[CR],965601281
C,25004,1032,511,20,560,5938[CR],965601609
F,15211,16105,519,20,558,5915[CR],965602046
A,35992,15255,527,19,561,5913[CR],965602375
F,15237,15734,535,22,567,5843[CR],965602812
C,22982,1044,542,20,566,5801[CR],965603250
F,15132,15293,550,19,562,5812[CR],965603578
C,21848,1050,558,21,555,5738[CR],965604015
F,15243,15109,566,18,564,5707[CR],965604343
C,20764,1072,574,20,558,5712[CR],965604781
F,15381,16836,582,22,555,5647[CR],965605109
C,19352,1068,589,19,559,5647[CR],965605546
F,15455,17810,597,20,549,5673[CR],965605984
C,18458,1056,605,19,555,5681[CR],965606312
F,15128,18308,613,19,556,5675[CR],965606750
C,17962,1054,621,21,564,5656[CR],965607078
F,15770,19496,628,19,563,5644[CR],965607515
C,17336,1058,636,20,568,5629[CR],965607843
F,17032,20462,644,19,561,5645[CR],965608281
A,35972,18982,651,18,572,5688[CR],965608718
F,18936,20476,659,19,569,5701[CR],965609046
C,18542,1066,666,16,554,5776[CR],965609484
F,18194,20620,673,18,556,5906[CR],965609812
C,19344,1096,680,16,553,5978[CR],965610250
F,16135,20378,688,21,557,5976[CR],965610578
C,19796,1094,696,21,549,5996[CR],965611015
F,12391,20368,704,18,552,5958[CR],965611453
C,19952,1060,711,19,571,5994[CR],965611781
F,10917,18592,720,21,558,5851[CR],965612218
C,19912,1084,727,18,560,5917[CR],965612546
F,10689,17810,735,19,557,5918[CR],965612984
C,19616,1090,742,18,564,5912[CR],965613312
F,10914,16982,750,20,567,5885[CR],965613750
C,19426,1070,758,21,563,5881[CR],965614187
F,11619,16205,766,18,568,5937[CR],965614515
A,35960,12285,774,21,570,5904[CR],965614953
F,12582,16019,782,20,568,5866[CR],965615281
C,18884,1066,790,19,567,5830[CR],965615718
F,13885,16484,797,20,565,5802[CR],965616046
C,18664,1098,805,18,567,5801[CR],965616484
F,15313,16984,813,20,568,5800[CR],965616828
C,18544,1064,820,20,568,5806[CR],965617250
F,16347,17510,828,17,566,5810[CR],965617687
C,18528,1078,836,20,568,5836[CR],965618015
F,16450,17978,843,18,569,5884[CR],965618453
C,18482,1082,851,20,568,5894[CR],965618781
F,16548,18340,858,23,570,5867[CR],965619218
C,18558,1072,867,19,566,5828[CR],965619656
F,16574,18446,875,22,572,5826[CR],965619984
C,18520,1082,882,17,569,5771[CR],965620421
F,17036,18398,891,18,569,5760[CR],965620750
A,35972,17444,898,21,568,5757[CR],965621187
F,17560,18374,906,17,567,5772[CR],965621515
C,18650,1102,913,19,565,5814[CR],965621953
F,17650,18300,921,22,565,5841[CR],965622390
C,18836,1112,928,18,569,5864[CR],965622718
F,17494,18230,936,21,565,5866[CR],965623156
C,19004,1122,944,18,567,5882[CR],965623484
F,17130,18036,951,19,570,5934[CR],965623921
C,18982,1108,959,18,562,5932[CR],965624250
F,17150,17966,967,20,565,5933[CR],965624687
C,18644,1104,975,22,561,5883[CR],965625125
F,17172,17942,982,17,558,5861[CR],965625453
C,17976,1126,990,18,560,5892[CR],965625890
F,17518,18018,998,20,563,5898[CR],965626218
C,17254,1124,1005,17,564,5902[CR],965626656
F,17810,18218,1013,20,569,5902[CR],965626984
A,35984,17994,1020,18,572,5873[CR],965627421
F,18052,18626,1028,19,570,5910[CR],965627859
C,16122,1132,1036,22,567,5949[CR],965628187
F,17994,19286,1043,19,572,5928[CR],965628625
C,15784,1136,1051,20,568,5918[CR],965628953
F,17804,19948,1059,17,572,5960[CR],965629390
C,15340,1150,1066,19,571,5970[CR],965629718
F,17930,20334,1074,21,574,5977[CR],965630156
C,14878,1136,1082,18,575,5985[CR],965630593
F,17936,20508,1089,19,574,5981[CR],965630921
C,14536,1114,1097,15,571,5986[CR],965631359
F,18898,19920,1105,18,571,6011[CR],965631687
C,14463,1138,1112,21,576,6026[CR],965632125
F,19698,19556,1120,20,574,5994[CR],965632453
C,14886,1140,1128,21,572,5952[CR],965632890
F,20558,19010,1136,22,574,5967[CR],965633328
A,35916,20314,1144,18,576,5959[CR],965633656
F,20392,18168,1151,21,570,5957[CR],965634093
C,15909,1144,1159,17,570,5969[CR],965634421
F,19560,17674,1167,19,571,5974[CR],965634859
C,16250,1150,1174,22,576,5950[CR],965635296
F,18186,17206,1182,18,570,5906[CR],965635625
C,16472,1148,1190,20,568,5912[CR],965636062
F,17066,16622,1198,16,570,5925[CR],965636390
C,16498,1144,1206,20,573,5901[CR],965636828
F,17508,15838,1214,22,574,5856[CR],965637156
C,16554,1144,1221,18,568,5850[CR],965637593
F,19086,15315,1229,19,567,5884[CR],965638031
C,16546,1144,1236,18,570,5896[CR],965638359
F,20376,15141,1244,20,571,5868[CR],965638796
C,16508,1148,1252,21,569,5833[CR],965639125
F,21342,15015,1260,17,568,5818[CR],965639562
A,35912,21790,1268,19,568,5776[CR],965639890
F,21812,15118,1276,22,571,5761[CR],965640328
C,16384,1128,1284,19,565,5728[CR],965640765
F,20834,15395,1292,21,572,5713[CR],965641093
C,16466,1144,1300,22,569,5710[CR],965641531
F,19082,15754,1307,19,569,5708[CR],965641859
C,16528,1142,1315,21,570,5693[CR],965642296
F,17102,16049,1323,19,574,5684[CR],965642625
C,16442,1140,1331,20,574,5643[CR],965643062
F,16162,15925,1339,21,574,5645[CR],965643500
C,16199,1140,1346,18,571,5641[CR],965643843
F,17948,15482,1354,19,572,5680[CR],965644265
C,15919,1148,1361,17,572,5732[CR],965644593
F,20492,15082,1369,19,573,5746[CR],965645031
C,15660,1148,1377,22,573,5713[CR],965645359
F,22302,14966,1385,19,572,5680[CR],965645796
A,35904,23018,1392,20,572,5661[CR],965646234
F,23144,14937,1400,16,572,5658[CR],965646531
C,15265,1142,1408,19,574,5655[CR],965647000
F,23128,14973,1416,21,572,5637[CR],965647328
C,15150,1142,1423,19,573,5607[CR],965647765
F,22350,15099,1431,19,569,5596[CR],965648093
C,15086,1152,1439,21,571,5618[CR],965648531
F,21982,15033,1446,19,568,5615[CR],965648968
C,15085,1144,1454,20,568,5613[CR],965649296
F,22318,15068,1462,18,572,5635[CR],965649734
C,15186,1134,1470,20,571,5618[CR],965650062
F,21686,15340,1477,22,569,5592[CR],965650500
C,15504,1144,1485,19,575,5590[CR],965650828
F,20268,15707,1493,20,573,5578[CR],965651265
C,16005,1152,1500,15,569,5595[CR],965651703
F,18862,15883,1508,19,568,5630[CR],965652031
A,35888,18322,1515,19,564,5668[CR],965652468
F,18036,15922,1523,17,564,5763[CR],965652796
C,16347,1158,1530,19,567,5786[CR],965653234
F,17686,15775,1537,18,563,5779[CR],965653562
C,16317,1164,1545,20,566,5787[CR],965654000
F,18252,15460,1552,21,567,5807[CR],965654328
C,16186,1154,1560,19,566,5835[CR],965654765
F,19254,15203,1568,20,567,5853[CR],965655203
C,16084,1166,1575,17,568,5842[CR],965655531
F,20130,15106,1583,19,566,5830[CR],965655968
C,16125,1176,1591,21,565,5844[CR],965656296
F,20284,15108,1598,17,563,5895[CR],965656734
C,16323,1178,1605,20,565,5943[CR],965657171
F,19530,15199,1613,18,568,5948[CR],965657500
C,16518,1186,1621,19,568,5934[CR],965657937
F,18284,15245,1628,22,564,5927[CR],965658265
A,35884,18424,1636,18,566,5905[CR],965658703
F,18618,14972,1644,20,563,5898[CR],965659031
C,16660,1190,1652,16,563,5864[CR],965659468
F,19466,14788,1660,19,563,5844[CR],965659906
C,16488,1182,1668,21,566,5847[CR],965660234
F,20176,14624,1675,17,564,5873[CR],965660671
C,16234,1180,1683,19,568,5928[CR],965661000
F,21136,14571,1691,25,572,5812[CR],965661437
C,16001,1180,1700,20,570,5719[CR],965661765
F,21902,14519,1707,9,442,5662[CR],965662203
C,15527,1178,1707,2,430,5640[CR],965662640
F,23124,14349,1707,1,423,5635[CR],965662968
C,14798,1178,1707,0,421,5635[CR],965663406
F,23858,14330,1707,0,420,5636[CR],965663734
C,14736,1182,1707,0,421,5635[CR],965664171
F,23536,14274,1707,0,397,5639[CR],965664500
A,35848,23152,1707,0,404,5971[CR],965664937
F,22982,14230,1707,0,399,6001[CR],965665281
C,14676,1176,1707,0,380,5979[CR],965665703
F,22488,14203,1707,0,384,5882[CR],965666140
C,14671,1184,1707,0,380,5886[CR],965666468
F,22062,14225,1707,0,380,5885[CR],965666906
C,14667,1184,1707,0,386,5224[CR],965667234
F,21684,14193,1707,0,383,4341[CR],965667671
C,14583,1170,1707,0,371,3828[CR],965668109
Z,0,0,1707,0,132,2641[CR],965668656
Z,0,0,1707,0,0,2478[CR],965669203
Z,0,0,1707,0,0,2475[CR],965669640
Z,0,0,1707,0,0,2474[CR],965670187
Z,0,0,1707,0,0,2474[CR],965670625
Z,0,0,1707,0,0,2477[CR],965671171
Z,0,0,1707,0,0,2478[CR],965671718
Z,0,0,1707,0,227,2475[CR],965672156
Z,0,0,1707,0,0,2477[CR],965672703
Z,0,0,1707,0,0,2473[CR],965673140
Z,0,0,1707,0,0,2474[CR],965673687
Z,0,0,1707,0,0,2474[CR],965674234
Z,0,0,1707,0,0,2475[CR],965674671
Z,0,0,1707,0,0,2475[CR],965675218
Z,0,0,1707,0,0,2476[CR],965675656
Z,0,0,1707,0,0,2475[CR],965676203
Z,0,0,1707,0,0,2475[CR],965676750
Z,0,0,1707,0,146,2475[CR],965677187
Z,0,0,1707,0,0,2471[CR],965677734
Z,0,0,1707,0,0,2479[CR],965678171
Z,0,0,1707,0,0,2478[CR],965678718
Z,0,0,1707,0,97,2485[CR],965679156
Z,0,0,1707,0,0,2485[CR],965679703
Z,0,0,1707,0,0,2485[CR],965680250
Z,0,0,1707,0,0,2486[CR],965680687
Z,0,0,1707,0,0,2488[CR],965681234
Z,0,0,1707,0,0,2490[CR],965681671
Z,0,0,1707,0,7,2443[CR],965682218
Z,0,0,1707,0,0,2464[CR],965682765
Z,0,0,1707,0,0,2466[CR],965683203
Z,0,0,1707,0,0,2470[CR],965683750
Z,0,0,1707,0,0,2469[CR],965684187
Z,0,0,1707,0,0,2472[CR],965684734
Z,0,0,1707,0,0,2472[CR],965685171
Z,0,0,1707,0,0,2472[CR],965685718
Z,0,0,1707,0,0,2473[CR],965686265
Z,0,0,1707,0,0,2472[CR],965686703
Z,0,0,1707,0,297,2472[CR],965687250
Z,0,0,1707,0,0,2474[CR],965687687
Z,0,0,1707,0,0,2473[CR],965688234
Z,0,0,1707,0,0,2475[CR],965688671
Z,0,0,1707,0,0,2477[CR],965689218
Z,0,0,1707,0,0,2480[CR],965689765
Z,0,0,1707,4,4,2497[CR],965690203
Z,0,0,1707,1,0,2482[CR],965690750
Z,0,0,1707,73,0,2486[CR],965691187
Z,0,0,1707,18,359,2583[CR],965691734
Z,0,0,1707,2,335,3617[CR],965691843
C,14007,1176,1707,1,341,3713[CR],965692281
F,18088,14238,1707,1,342,3709[CR],965692609
C,14169,1178,1707,0,344,3693[CR],965693046
F,18030,14203,1707,0,343,3675[CR],965693484
C,14159,1174,1707,0,316,3680[CR],965693812
F,17970,14179,1707,0,313,3679[CR],965694250
C,14156,1180,1707,0,314,3670[CR],965694578
F,17914,14165,1707,0,319,3674[CR],965695015
C,14155,1178,1707,0,358,3672[CR],965695453
F,17870,14156,1707,0,444,3695[CR],965695781
A,35692,17844,1707,0,443,3697[CR],965696218
F,17822,14178,1707,0,443,3697[CR],965696546
C,14164,1190,1707,0,444,3695[CR],965696984
F,17792,14172,1707,0,444,3694[CR],965697312
C,14164,1180,1707,0,443,3689[CR],965697750
F,17752,14168,1707,0,442,3692[CR],965698078
C,14164,1186,1707,0,443,3691[CR],965698515
F,17722,14168,1707,0,443,3689[CR],965698953
C,14164,1186,1707,0,444,3689[CR],965699281
F,17692,14165,1707,0,443,3736[CR],965699718
C,14165,1184,1707,19,436,4143[CR],965700046
F,17680,14417,1707,16,434,4357[CR],965700484
C,14285,1172,1712,15,443,4629[CR],965700812
F,17678,14801,1717,11,503,5167[CR],965701250
C,14498,1178,1725,24,563,5519[CR],965701593
F,17406,15729,1733,19,565,5458[CR],965702015
A,35736,17898,1741,20,561,5418[CR],965702453
F,18384,15645,1748,19,561,5415[CR],965702781
C,15333,1204,1756,19,559,5410[CR],965703218
F,19978,15861,1764,22,558,5399[CR],965703656
C,15075,1184,1771,18,560,5402[CR],965703984
F,21132,16114,1779,19,556,5412[CR],965704421
C,14815,1210,1787,20,560,5378[CR],965704750
F,21784,16367,1795,18,561,5346[CR],965705187
C,14599,1204,1803,23,559,5307[CR],965705515
F,21588,16412,1810,18,560,5277[CR],965705953
C,14546,1210,1818,19,559,5287[CR],965706390
F,21900,16356,1825,21,563,5384[CR],965706718
C,14728,1224,1833,19,560,5413[CR],965707156
F,22304,16328,1841,21,555,5412[CR],965707484
C,15028,1212,1849,17,559,5413[CR],965707921
F,21922,16359,1856,18,556,5431[CR],965708250
A,35636,20908,1865,19,557,5413[CR],965708687
F,20496,16246,1872,18,560,5383[CR],965709125
C,15430,1222,1880,21,557,5371[CR],965709468
F,19412,16002,1888,21,560,5373[CR],965710000
Z,0,0,1897,19,555,5385[CR],965710218
F,19272,15730,1903,21,556,5390[CR],965710656
C,16045,1238,1911,17,549,5405[CR],965710984
F,19382,15689,1919,19,556,5441[CR],965711421
C,16628,1246,1927,21,557,5438[CR],965711859
F,18152,15851,1934,18,552,5438[CR],965712187
C,17190,1260,1942,19,553,5427[CR],965712625
F,16816,15809,1950,22,558,5432[CR],965712953
C,17670,1254,1958,19,555,5397[CR],965713390
F,16852,15545,1966,20,554,5391[CR],965713718
C,18206,1270,1973,18,551,5392[CR],965714156
F,16970,15537,1981,18,552,5445[CR],965714593
A,35644,16832,1988,20,556,5464[CR],965714921
F,16764,15747,1996,18,556,5468[CR],965715359
C,18748,1264,2004,20,552,5457[CR],965715687
F,16606,15947,2011,17,556,5455[CR],965716125
C,18632,1274,2020,19,555,5441[CR],965716453
F,16900,16239,2027,22,559,5441[CR],965716890
C,18534,1264,2035,18,560,5434[CR],965717328
F,17206,16632,2043,21,559,5421[CR],965717656
C,18368,1266,2051,17,563,5409[CR],965718093
F,17416,16950,2059,18,561,5396[CR],965718421
C,18312,1266,2066,20,553,5392[CR],965718859
F,17604,17242,2074,19,556,5403[CR],965719187
C,18286,1262,2082,19,557,5398[CR],965719625
F,17742,17548,2090,21,555,5422[CR],965720062
C,18350,1268,2097,19,554,5426[CR],965720390
F,17690,17806,2105,20,557,5426[CR],965720828
A,35604,17620,2113,17,558,5423[CR],965721156
F,17540,17926,2121,19,553,5410[CR],965721531
C,18364,1252,2129,22,559,5410[CR],965721921
F,17408,17686,2136,18,560,5390[CR],965722359
C,18274,1268,2144,21,563,5390[CR],965722687
F,17574,17454,2152,21,559,5405[CR],965723125
C,17942,1268,2160,20,556,5396[CR],965723562
F,17728,17384,2168,20,564,5368[CR],965723890
C,17558,1268,2175,19,563,5341[CR],965724328
F,17854,17432,2183,19,562,5333[CR],965724656
C,17110,1280,2191,21,556,5355[CR],965725093
F,17760,17532,2199,18,562,5342[CR],965725421
C,16764,1264,2207,19,563,5341[CR],965725859
F,17722,17874,2214,21,558,5304[CR],965726296
C,16438,1268,2222,19,557,5337[CR],965726625
F,17832,18170,2230,20,554,5324[CR],965727062
A,35568,18018,2238,19,552,5333[CR],965727390
F,18080,18308,2245,19,555,5346[CR],965727828
C,16218,1258,2253,22,555,5347[CR],965728156
F,18692,18236,2261,18,554,5359[CR],965728593
C,16184,1264,2269,20,555,5363[CR],965729031
F,20192,17732,2276,19,556,5407[CR],965729359
C,16331,1268,2284,20,553,5440[CR],965729796
F,21272,17436,2292,22,553,5457[CR],965730125
C,16570,1272,2299,18,552,5476[CR],965730562
F,21000,17150,2307,19,552,5493[CR],965730890
C,16890,1270,2314,16,553,5547[CR],965731328
F,19956,16826,2322,19,553,5551[CR],965731765
C,17016,1268,2330,22,555,5535[CR],965732093
F,19400,16434,2337,18,557,5527[CR],965732531
C,16852,1272,2346,19,553,5519[CR],965732859
F,19912,15956,2353,17,556,5526[CR],965733296
A,35536,20550,2361,19,563,5536[CR],965733734
Z,0,0,2371,20,567,5482[CR],965734062
C,16092,1280,2377,19,563,5455[CR],965734500
F,21812,15564,2385,20,560,5452[CR],965734828
C,15618,1280,2392,21,563,5443[CR],965735265
F,22592,15838,2400,18,560,5430[CR],965735593
C,15311,1274,2408,21,556,5451[CR],965736031
F,22984,16466,2415,18,556,5460[CR],965736359
C,15126,1280,2423,18,552,5479[CR],965736796
F,23018,17028,2430,19,551,5608[CR],965737234
C,15111,1290,2437,18,556,5765[CR],965737562
F,23488,17312,2445,20,555,5780[CR],965738000
C,15364,1292,2452,18,554,5784[CR],965738328
F,22758,17420,2460,21,559,5761[CR],965738546
H,7112,10995,2464,19,566,5723[CR],965738765
C,15677,1298,2468,24,562,5690[CR],965739093
F,21546,17320,2476,18,563,5655[CR],965739531
A,35508,20532,2484,22,566,5635[CR],965739968
F,20464,16860,2492,21,564,5600[CR],965740296
C,15945,1302,2500,19,559,5606[CR],965740734
F,21456,16279,2507,21,560,5627[CR],965741062
C,15942,1294,2515,18,560,5647[CR],965741500
F,22822,15654,2522,20,560,5658[CR],965741828
C,15855,1306,2530,18,563,5654[CR],965742265
F,23782,15211,2538,20,562,5630[CR],965742703
C,15706,1302,2546,20,559,5626[CR],965743031
F,24242,14931,2553,17,560,5643[CR],965743468
C,15496,1298,2561,19,554,5617[CR],965743796
F,24250,14696,2569,23,555,5610[CR],965744234
C,15243,1300,2577,18,560,5610[CR],965744562
F,24398,14538,2584,21,554,5629[CR],965745000
C,15133,1302,2591,18,556,5688[CR],965745437
F,24584,14478,2599,19,550,5709[CR],965745765
A,35516,24352,2606,20,550,5766[CR],965746203
F,24124,14669,2614,18,551,5813[CR],965746531
C,15881,1308,2622,20,550,5835[CR],965746968
F,22864,14947,2629,15,551,5852[CR],965747296
C,16794,1300,2637,19,549,5876[CR],965747734
F,21378,15062,2644,21,551,5910[CR],965748171
C,17746,1310,2652,18,552,5923[CR],965748500
F,20134,15090,2659,20,552,5941[CR],965748937
C,18428,1324,2667,18,552,5943[CR],965749265
F,19338,15041,2675,22,560,5915[CR],965749703
C,18656,1302,2683,21,561,5880[CR],965750031
F,19344,14937,2691,18,561,5867[CR],965750468
C,18334,1308,2699,19,563,5839[CR],965750906
F,19894,14986,2706,18,559,5829[CR],965751234
C,17868,1310,2714,19,562,5833[CR],965751671
F,20602,15361,2722,21,561,5815[CR],965752000
A,35516,21008,2729,18,560,5837[CR],965752437
F,21110,15794,2737,18,560,5847[CR],965752765
C,16850,1322,2745,22,559,5841[CR],965753203
F,21330,16302,2753,19,563,5814[CR],965753640
C,16388,1298,2761,20,561,5810[CR],965753968
F,21296,16970,2768,17,563,5813[CR],965754406
C,16073,1320,2776,20,563,5822[CR],965754734
F,21138,17814,2784,21,557,5822[CR],965755171
C,15914,1320,2791,18,559,5851[CR],965755500
F,21444,18482,2799,19,560,5843[CR],965755937
C,15941,1310,2807,18,556,5848[CR],965756375
F,22090,18726,2815,19,557,5850[CR],965756703
C,16066,1318,2822,21,556,5848[CR],965757140
F,22346,18528,2830,19,556,5796[CR],965757484
C,16186,1320,2838,20,556,5795[CR],965757906
F,21766,18064,2846,22,556,5775[CR],965758234
A,35456,21504,2854,18,558,5743[CR],965758671
F,21456,17458,2862,21,557,5746[CR],965759046
C,15902,1316,2869,17,553,5762[CR],965759437
F,22760,16690,2877,19,557,5762[CR],965759875
C,15719,1340,2884,22,558,5777[CR],965760203
F,24416,16013,2892,18,555,5774[CR],965760640
C,15698,1334,2900,21,551,5781[CR],965760968
F,25060,15788,2907,17,550,5788[CR],965761406
C,15975,1372,2915,19,553,5803[CR],965761843
F,23550,15848,2923,21,552,5816[CR],965762171
C,16528,1386,2930,18,551,5800[CR],965762609
F,21272,15953,2939,21,555,5749[CR],965762937
C,16984,1374,2947,22,553,5701[CR],965763375
F,18770,15883,2954,19,552,5714[CR],965763703
C,17242,1392,2962,20,551,5732[CR],965764140
F,17608,15781,2970,18,551,5761[CR],965764578
A,35452,17614,2977,19,556,5821[CR],965764906
F,17798,15570,2984,18,557,5886[CR],965765343
C,17122,1380,2992,18,556,5923[CR],965765671
F,18912,15272,2999,20,557,5946[CR],965766109
C,16750,1360,3007,19,565,5929[CR],965766437
F,20404,15323,3015,19,560,5901[CR],965766875
C,16274,1352,3022,21,558,5928[CR],965767312
F,21148,15587,3030,18,561,5940[CR],965767640
C,15769,1368,3038,21,561,5923[CR],965768078
F,21570,15961,3045,19,562,5954[CR],965768406
C,15317,1390,3053,19,558,5946[CR],965768843
F,21868,16608,3060,21,555,5961[CR],965769171
C,14894,1404,3068,19,559,5979[CR],965769609
F,22108,17402,3076,21,561,5964[CR],965770046
C,14499,1400,3083,18,560,5941[CR],965770375
F,22720,18220,3092,20,564,5914[CR],965770812
A,35376,23196,3100,22,563,5901[CR],965771140
F,23380,18740,3107,19,560,5902[CR],965771578
C,14021,1398,3115,19,558,5909[CR],965771906
F,25040,18592,3123,22,557,5897[CR],965772343
C,14071,1400,3131,19,556,5911[CR],965772781
F,26548,18290,3138,21,558,5908[CR],965773109
C,14369,1396,3146,18,558,5916[CR],965773546
F,26472,17824,3154,20,556,5924[CR],965773875
C,14575,1410,3161,21,556,5916[CR],965774312
F,25884,17282,3169,19,558,5930[CR],965774640
C,14598,1410,3177,21,560,5920[CR],965775078
F,24820,16834,3184,17,557,5903[CR],965775515
C,14703,1400,3192,19,558,5911[CR],965775859
F,24580,16154,3200,22,555,5921[CR],965776281
C,14941,1408,3207,18,549,5931[CR],965776609
F,24632,15842,3215,19,548,5961[CR],965777046
A,35384,22726,3222,18,547,5982[CR],965777375
F,22146,15677,3230,19,544,5991[CR],965777812
C,15711,1408,3237,22,542,6004[CR],965778250
F,22086,15127,3245,18,543,6013[CR],965778578
C,16524,1452,3252,20,544,6021[CR],965779015
F,22578,14975,3260,16,547,6033[CR],965779343
C,17398,1428,3268,19,546,6043[CR],965779781
F,18584,15153,3276,22,545,6031[CR],965780109
C,17734,1404,3284,18,544,6024[CR],965780546
F,15973,15224,3291,20,547,6030[CR],965780984
C,17418,1404,3299,16,542,6024[CR],965781312
F,16404,14743,3306,18,542,6088[CR],965781750
C,16842,1396,3314,20,545,6145[CR],965782078
F,18318,14542,3321,18,545,6165[CR],965782515
C,16488,1400,3328,19,547,6202[CR],965782843
F,20408,15126,3335,16,545,6211[CR],965783281
A,35344,21358,3344,19,548,6241[CR],965783718
F,21612,15950,3351,21,544,6278[CR],965784046
C,16550,1440,3358,19,545,6285[CR],965784484
F,21602,16592,3366,20,545,6267[CR],965784812
C,17210,1440,3374,16,543,6314[CR],965785250
F,21348,16906,3381,19,546,6350[CR],965785578
C,17988,1448,3388,20,542,6373[CR],965786015
F,18612,17168,3396,18,544,6424[CR],965786359
C,18790,1440,3403,20,543,6416[CR],965786781
F,15427,17278,3411,18,544,6414[CR],965787218
C,19440,1448,3419,19,543,6394[CR],965787546
F,14729,17054,3426,22,544,6398[CR],965787984
C,19924,1454,3434,19,543,6368[CR],965788312
F,15235,16642,3442,20,544,6358[CR],965788750
C,20276,1452,3449,18,544,6373[CR],965789187
F,15841,16608,3457,19,543,6381[CR],965789515
A,35340,16043,3464,22,545,6387[CR],965789953
F,15996,16720,3472,18,540,6421[CR],965790281
C,20414,1456,3479,21,543,6420[CR],965790718
F,15896,16862,3487,17,544,6424[CR],965791046
C,20410,1456,3495,19,544,6430[CR],965791484
F,16130,17062,3502,21,546,6423[CR],965791921
C,20346,1446,3510,18,549,6437[CR],965792250
F,16814,17638,3518,21,547,6444[CR],965792687
C,20340,1460,3525,18,547,6430[CR],965793015
F,17098,18008,3533,19,543,6415[CR],965793453
C,20466,1462,3540,22,544,6469[CR],965793781
F,17126,18396,3548,19,545,6484[CR],965794218
C,20614,1448,3556,21,546,6475[CR],965794656
F,16922,18582,3563,16,545,6491[CR],965794984
C,20742,1446,3571,19,548,6507[CR],965795421
F,16758,18716,3578,21,543,6509[CR],965795750
A,35328,16752,3586,18,543,6500[CR],965796187
F,16716,18732,3593,19,545,6513[CR],965796546
C,20692,1466,3600,17,541,6550[CR],965796953
F,16802,18616,3608,18,541,6628[CR],965797390
C,20500,1454,3616,24,546,6548[CR],965797718
F,16982,18576,3624,19,548,6543[CR],965798156
C,20362,1466,3632,19,547,6564[CR],965798484
F,17162,18558,3639,16,538,6541[CR],965798921
C,20142,1460,3647,18,545,6564[CR],965799250
F,17336,18412,3654,21,546,6561[CR],965799687
C,19878,1460,3662,18,543,6559[CR],965800125
F,17410,18338,3669,20,544,6573[CR],965800453
C,19632,1456,3677,16,547,6548[CR],965800890
F,17382,18324,3685,20,547,6504[CR],965801218
C,19398,1468,3693,22,543,6493[CR],965801656
F,17318,18282,3701,19,543,6459[CR],965801984
A,35284,17278,3706,7,428,6387[CR],965802421
F,17260,18352,3706,1,389,6328[CR],965802859
C,18196,1472,3706,1,387,6315[CR],965803187
F,17368,18594,3706,0,387,6304[CR],965803625
C,17734,1462,3706,0,384,6298[CR],965803953
F,17282,18658,3706,0,383,6298[CR],965804390
C,17560,1466,3706,0,382,6298[CR],965804718
F,17218,18696,3706,0,384,6298[CR],965805156
C,17456,1460,3706,0,383,6298[CR],965805593
F,17176,18728,3706,0,383,6297[CR],965805921
C,17384,1460,3706,0,381,6297[CR],965806359
F,17154,18758,3706,0,379,6299[CR],965806687
C,17332,1448,3706,0,382,6298[CR],965807125
F,17128,18780,3706,0,379,6300[CR],965807453
C,17292,1466,3706,0,371,6455[CR],965807890
F,17114,18798,3706,0,369,6500[CR],965808328
A,35284,17100,3706,0,363,6443[CR],965808656
F,17084,18816,3706,0,368,6290[CR],965809093
C,17226,1470,3706,0,364,6290[CR],965809421
F,17082,18820,3706,0,367,6291[CR],965809859
C,17200,1468,3706,0,370,5954[CR],965810187
F,17074,18802,3706,0,378,4466[CR],965810625
C,17074,1466,3706,0,354,3440[CR],965811171
Z,0,0,3706,0,0,2485[CR],965811609
Z,0,0,3706,0,0,2478[CR],965812156
Z,0,0,3706,0,0,2469[CR],965812593
Z,0,0,3706,0,0,2478[CR],965813140
Z,0,0,3706,0,0,2478[CR],965813578
Z,0,0,3706,0,0,2478[CR],965814125
Z,0,0,3706,0,0,2477[CR],965814671
Z,0,0,3706,0,66,2474[CR],965815109
Z,0,0,3706,0,0,2473[CR],965815656
Z,0,0,3706,0,0,2472[CR],965816093
Z,0,0,3706,0,0,2475[CR],965816640
Z,0,0,3706,0,0,2477[CR],965817187
Z,0,0,3706,0,99,2474[CR],965817625
Z,0,0,3706,0,0,2475[CR],965818171
Z,0,0,3706,0,0,2475[CR],965818609
Z,0,0,3706,0,0,2472[CR],965819156
Z,0,0,3706,0,0,2473[CR],965819703
Z,0,0,3706,0,0,2473[CR],965820140
Z,0,0,3706,0,0,2472[CR],965820687
Z,0,0,3706,0,0,2472[CR],965821125
Z,0,0,3706,0,0,2465[CR],965821671
Z,0,0,3706,0,2,2467[CR],965822218
Z,0,0,3706,0,0,2474[CR],965822656
Z,0,0,3706,0,0,2475[CR],965823203
Z,0,0,3706,0,0,2475[CR],965823640
Z,0,0,3706,0,0,2459[CR],965824187
Z,0,0,3706,0,0,2449[CR],965824625
Z,0,0,3706,0,0,2458[CR],965825171
Z,0,0,3706,0,0,2461[CR],965825718
Z,0,0,3706,0,0,2463[CR],965826156
Z,0,0,3706,0,0,2466[CR],965826703
Z,0,0,3706,0,0,2468[CR],965827140
Z,0,0,3706,0,0,2468[CR],965827687
Z,0,0,3706,0,0,2469[CR],965828125
Z,0,0,3706,0,1,2466[CR],965828671
Z,0,0,3706,0,0,2467[CR],965829218
Z,0,0,3706,0,0,2470[CR],965829656
Z,0,0,3706,0,0,2469[CR],965830203
Z,0,0,3706,0,0,2472[CR],965830640
Z,0,0,3706,0,0,2474[CR],965831187
Z,0,0,3706,0,212,2474[CR],965831625
Z,0,0,3706,0,0,2480[CR],965832171
Z,0,0,3706,0,0,2487[CR],965832718
Z,0,0,3706,0,0,2478[CR],965833156
Z,0,0,3706,54,0,2486[CR],965833703
Z,0,0,3706,64,1,2484[CR],965834140
Z,0,0,3706,39,293,3086[CR],965834468
F,16956,15361,3706,4,271,3951[CR],965834796
C,15832,1456,3706,1,281,3973[CR],965835234
F,16962,15898,3706,0,281,3956[CR],965835671
C,15865,1460,3706,0,268,3951[CR],965836000
F,16956,15924,3706,0,225,3962[CR],965836437
C,15868,1470,3706,0,210,3960[CR],965836765
F,16958,15938,3706,0,224,3951[CR],965837203
C,15869,1454,3706,0,228,3948[CR],965837531
F,16946,15946,3706,0,395,3945[CR],965837968
C,15869,1460,3706,0,391,3941[CR],965838406
F,16946,15970,3706,0,390,3936[CR],965838734
C,15874,1448,3706,0,392,3925[CR],965839171
F,16944,15978,3706,0,390,3923[CR],965839500
A,35152,16946,3706,0,390,3914[CR],965839937
F,16930,15984,3706,0,390,3909[CR],965840265
C,15873,1470,3706,0,391,3904[CR],965840703
F,16940,15986,3706,0,391,3896[CR],965841140
C,15871,1460,3706,0,391,3891[CR],965841468
F,16944,15987,3706,15,389,3982[CR],965841906
C,15871,1462,3706,16,391,4282[CR],965842234
F,16946,16099,3707,13,400,4616[CR],965842671
C,15950,1464,3712,12,401,5261[CR],965843000
F,16970,17096,3716,12,486,5974[CR],965843437
C,16418,1460,3724,21,544,6400[CR],965843875
F,16876,18598,3731,18,551,6422[CR],965844203
C,19052,1468,3739,19,555,6413[CR],965844640
F,16896,18310,3746,17,548,6427[CR],965844968
C,18852,1460,3754,18,541,6471[CR],965845406
F,17236,18214,3762,22,556,6451[CR],965845734
A,35120,17614,3770,18,556,6398[CR],965846171
F,17664,18278,3778,21,560,6358[CR],965846609
C,17780,1476,3785,18,558,6293[CR],965846937
F,18262,18398,3793,19,558,6242[CR],965847375
C,16968,1478,3801,22,560,6180[CR],965847703
F,19018,18776,3809,18,557,6164[CR],965848140
C,16217,1474,3816,19,555,6150[CR],965848468
F,19630,19508,3824,22,548,6152[CR],965848906
C,15765,1464,3832,17,555,6163[CR],965849343
F,20550,20798,3839,17,562,6213[CR],965849671
C,15918,1462,3846,17,553,6264[CR],965850109
F,20042,21528,3854,19,556,6308[CR],965850437
C,17088,1462,3861,19,551,6327[CR],965850875
F,17430,21130,3869,19,559,6386[CR],965851203
C,18648,1460,3877,21,554,6377[CR],965851640
F,16982,20376,3884,18,552,6377[CR],965851984
A,35136,14974,3892,19,558,6363[CR],965852406
F,14731,19458,3900,22,551,6339[CR],965852781
C,18732,1464,3908,18,557,6347[CR],965853171
F,15744,18076,3915,21,559,6338[CR],965853609
C,18064,1474,3923,18,553,6343[CR],965853937
F,17642,17006,3931,20,555,6329[CR],965854375
C,17450,1468,3938,23,554,6315[CR],965854812
F,19392,16666,3946,19,562,6292[CR],965855140
C,16860,1480,3954,21,552,6272[CR],965855578
F,20584,16788,3961,17,560,6279[CR],965855906
C,16392,1478,3969,18,563,6289[CR],965856343
F,21568,17266,3977,20,555,6324[CR],965856671
C,15992,1456,3984,18,545,6313[CR],965857109
F,22954,17472,3992,20,560,6338[CR],965857656
Z,0,0,4002,22,557,6312[CR],965857875
F,24628,17706,4007,20,554,6316[CR],965858312
A,35072,25240,4015,20,555,6303[CR],965858640
F,25192,17934,4023,18,556,6306[CR],965859078
C,15620,1474,4030,19,551,6311[CR],965859515
F,24050,18234,4038,20,550,6330[CR],965859859
C,15827,1480,4046,19,565,6339[CR],965860281
F,22196,18384,4053,20,555,6349[CR],965860609
C,15954,1472,4061,18,554,6354[CR],965861046
F,21004,17852,4069,19,559,6374[CR],965861375
C,15782,1476,4076,16,554,6365[CR],965861812
F,22394,16846,4084,19,554,6396[CR],965862250
C,15588,1480,4091,21,554,6420[CR],965862578
F,24300,16043,4099,18,548,6432[CR],965863015
C,15425,1474,4107,20,553,6430[CR],965863343
F,25208,15614,4114,22,552,6426[CR],965863781
C,15316,1474,4122,19,551,6425[CR],965864109
F,25332,15358,4130,20,549,6413[CR],965864546
A,35104,25296,4137,17,550,6415[CR],965864875
F,25224,15250,4145,19,551,6406[CR],965865312
C,15097,1490,4152,22,554,6430[CR],965865750
F,25452,15094,4160,18,548,6454[CR],965866078
C,14934,1488,4167,21,552,6480[CR],965866515
F,25916,14962,4175,17,553,6484[CR],965866843
C,14744,1484,4183,19,554,6503[CR],965867281
F,26588,14885,4190,22,551,6508[CR],965867609
C,14611,1506,4198,17,557,6535[CR],965868046
F,27208,14909,4206,20,553,6536[CR],965868484
C,14641,1496,4213,18,542,6535[CR],965868812
F,27116,15030,4221,20,546,6546[CR],965869250
C,14830,1498,4228,21,548,6554[CR],965869578
F,25944,15541,4236,17,553,6578[CR],965870015
C,15247,1498,4243,19,541,6606[CR],965870359
F,23514,15890,4250,18,544,6651[CR],965870781
A,35112,22532,4258,19,547,6680[CR],965871218
F,22450,15764,4265,19,540,6739[CR],965871656
Z,0,0,4275,18,536,6784[CR],965871984
F,22798,15483,4281,20,547,6762[CR],965872312
C,15805,1496,4288,18,547,6773[CR],965872750
F,23204,15329,4296,18,547,6751[CR],965873078
C,15719,1494,4303,22,549,6741[CR],965873515
F,23712,15278,4311,18,542,6741[CR],965873953
C,15576,1496,4319,21,551,6777[CR],965874281
F,24086,15241,4326,18,551,6772[CR],965874718
C,15403,1494,4334,18,548,6789[CR],965875046
F,24244,15196,4341,21,544,6799[CR],965875484
C,15251,1500,4349,18,551,6824[CR],965875812
F,24760,15068,4356,21,550,6830[CR],965876250
C,15123,1494,4364,19,550,6814[CR],965876687
F,25568,15035,4371,19,542,6819[CR],965877015
A,35072,25796,4379,16,548,6822[CR],965877453
F,25808,15108,4386,18,549,6830[CR],965877781
C,15072,1512,4394,21,547,6828[CR],965878218
F,25800,15222,4401,18,543,6821[CR],965878546
C,15097,1518,4409,19,541,6834[CR],965878984
F,25208,15323,4416,18,548,6835[CR],965879421
C,15134,1520,4424,19,543,6823[CR],965879750
F,24056,15563,4431,23,548,6864[CR],965880187
C,15227,1512,4439,17,550,6832[CR],965880515
F,23988,15604,4447,19,547,6850[CR],965880953
C,15265,1496,4454,16,546,6837[CR],965881281
F,24028,15570,4462,18,545,6834[CR],965881718
C,15262,1534,4469,21,550,6832[CR],965882156
F,24566,15449,4476,17,546,6891[CR],965882484
C,15227,1540,4484,19,543,6913[CR],965882921
F,24996,15481,4491,16,547,6866[CR],965883250
A,35044,24312,4499,19,550,6829[CR],965883687
F,24110,15601,4507,21,547,6801[CR],965884015
C,15384,1560,4514,19,553,6818[CR],965884453
F,23828,15653,4522,19,543,6804[CR],965884890
C,15534,1568,4529,16,545,6813[CR],965885218
F,23084,15716,4537,18,549,6829[CR],965885656
C,15810,1538,4544,20,546,6846[CR],965885984
F,22998,15643,4552,18,542,6838[CR],965886421
C,16014,1546,4560,20,544,6826[CR],965886750
F,22776,15549,4567,16,543,6837[CR],965887187
C,16012,1564,4574,19,549,6833[CR],965887625
F,23424,15315,4582,21,544,6823[CR],965887953
C,15948,1568,4589,18,542,6816[CR],965888390
F,24176,15175,4597,20,548,6823[CR],965888734
C,15888,1578,4605,16,551,6793[CR],965889156
F,24504,15308,4613,19,546,6736[CR],965889484
A,35024,23856,4620,20,547,6709[CR],965889921
F,23478,15454,4628,18,550,6695[CR],965890265
C,15738,1580,4636,20,546,6663[CR],965890687
F,22448,15628,4643,16,546,6647[CR],965891125
C,15650,1582,4651,19,545,6634[CR],965891453
F,21994,15737,4659,20,549,6611[CR],965891890
C,15541,1590,4666,18,552,6583[CR],965892218
F,22256,15680,4674,19,549,6577[CR],965892656
C,15386,1588,4681,18,550,6552[CR],965893093
F,23046,15582,4689,19,549,6538[CR],965893421
C,15345,1594,4697,20,549,6512[CR],965893859
F,23588,15477,4704,19,548,6467[CR],965894187
C,15371,1598,4712,19,544,6454[CR],965894625
F,24086,15436,4719,21,548,6474[CR],965894953
C,15611,1590,4727,18,543,6498[CR],965895390
F,23964,15715,4734,19,542,6528[CR],965895828
A,34964,22806,4742,17,540,6549[CR],965896156
F,22304,16036,4749,20,549,6576[CR],965896593
C,16297,1580,4756,20,545,6566[CR],965896921
F,20506,16165,4764,18,547,6580[CR],965897359
C,16428,1602,4772,20,540,6580[CR],965897687
F,19888,15893,4780,18,545,6580[CR],965898125
C,16386,1592,4787,19,548,6567[CR],965898562
F,20502,15439,4795,22,543,6568[CR],965898890
C,16194,1582,4803,18,547,6542[CR],965899328
F,22100,14962,4810,21,547,6521[CR],965899656
C,16020,1590,4817,18,548,6515[CR],965900093
F,23744,14701,4825,19,547,6520[CR],965900421
C,15825,1592,4833,20,548,6513[CR],965900859
F,25232,14575,4841,18,547,6457[CR],965901296
C,15654,1604,4848,20,547,6461[CR],965901625
F,26444,14520,4856,18,544,6453[CR],965902062
A,35020,27180,4864,19,551,6471[CR],965902390
F,27396,14666,4871,21,551,6484[CR],965902828
C,15538,1606,4879,18,550,6500[CR],965903156
F,27272,15036,4886,22,546,6481[CR],965903593
C,15624,1602,4893,18,548,6475[CR],965904031
F,25780,15536,4902,20,549,6450[CR],965904359
C,15726,1602,4909,21,550,6432[CR],965904796
F,23902,15911,4917,18,547,6421[CR],965905125
C,15637,1624,4924,20,551,6409[CR],965905562
F,23448,15864,4932,16,553,6402[CR],965905890
C,15419,1628,4940,18,548,6374[CR],965906328
F,24848,15579,4948,22,547,6368[CR],965906765
C,15231,1634,4955,18,550,6362[CR],965907109
F,26164,15450,4963,20,548,6372[CR],965907531
C,15153,1630,4970,17,549,6398[CR],965907859
F,26856,15508,4978,19,546,6407[CR],965908296
A,34976,26164,4985,21,545,6433[CR],965908625
F,25696,15618,4993,17,547,6449[CR],965909062
C,15554,1618,5000,20,544,6468[CR],965909500
F,24780,15574,5007,17,547,6476[CR],965909828
C,15918,1632,5015,19,547,6478[CR],965910265
F,23522,15565,5022,21,548,6483[CR],965910593
C,16173,1632,5030,17,547,6491[CR],965911031
F,22348,15499,5038,21,547,6472[CR],965911359
C,16184,1634,5045,19,547,6466[CR],965911796
F,22166,15293,5053,19,548,6458[CR],965912234
C,16029,1642,5061,22,545,6445[CR],965912562
F,22906,15002,5069,19,547,6441[CR],965913000
C,15768,1634,5076,21,549,6428[CR],965913328
F,24510,14704,5084,18,551,6424[CR],965913765
C,15546,1630,5092,19,551,6424[CR],965914093
F,25856,14615,5099,22,547,6421[CR],965914531
A,34956,26480,5107,18,549,6416[CR],965914968
F,26580,14746,5115,20,548,6414[CR],965915296
C,15389,1628,5122,16,548,6404[CR],965915734
F,26096,14952,5130,19,544,6401[CR],965916062
C,15351,1638,5137,21,548,6394[CR],965916500
F,25908,15010,5145,18,547,6391[CR],965916828
C,15299,1640,5153,19,548,6383[CR],965917265
F,26016,14964,5160,17,548,6380[CR],965917609
C,15241,1640,5168,18,545,6395[CR],965918031
F,26736,14911,5175,20,550,6414[CR],965918468
C,15268,1640,5183,18,545,6426[CR],965918796
F,27212,14976,5190,20,544,6428[CR],965919234
C,15411,1640,5198,16,549,6436[CR],965919562
F,26740,15125,5205,18,547,6446[CR],965920000
C,15628,1632,5213,20,546,6467[CR],965920437
F,25628,15181,5220,18,543,6478[CR],965920765
A,34904,24972,5228,19,541,6495[CR],965921203
F,24740,15160,5235,16,542,6514[CR],965921531
C,16035,1654,5243,18,544,6532[CR],965921968
F,24172,15081,5250,21,542,6551[CR],965922296
C,16185,1656,5258,19,543,6554[CR],965922734
F,24604,14940,5265,20,542,6556[CR],965923171
C,16323,1648,5273,18,540,6545[CR],965923500
F,25572,14701,5281,19,539,6547[CR],965923937
C,16492,1668,5288,21,546,6538[CR],965924265
F,26264,14733,5296,18,544,6540[CR],965924703
C,16746,1670,5304,20,543,6556[CR],965925031
F,25752,14931,5311,17,540,6581[CR],965925468
C,16878,1682,5318,19,540,6597[CR],965925906
F,24960,15104,5326,21,545,6601[CR],965926234
C,16864,1676,5334,18,544,6563[CR],965926671
F,24828,15193,5341,20,542,6577[CR],965927000
A,34936,25216,5349,17,543,6574[CR],965927437
F,25420,15137,5357,19,544,6563[CR],965927796
C,16424,1674,5364,21,544,6575[CR],965928203
F,26284,15197,5372,18,544,6574[CR],965928640
C,16274,1676,5379,19,543,6578[CR],965928968
F,26952,15418,5386,17,542,6600[CR],965929406
C,16219,1688,5394,20,548,6625[CR],965929734
F,27212,15783,5401,21,543,6595[CR],965930171
C,16248,1708,5409,19,543,6585[CR],965930500
F,26804,16134,5417,20,547,6592[CR],965930937
C,16189,1736,5424,17,548,6595[CR],965931375
F,26416,16440,5432,19,544,6607[CR],965931703
C,16198,1722,5439,22,546,6637[CR],965932140
F,26896,16534,5447,18,545,6635[CR],965932468
C,16418,1728,5454,19,546,6669[CR],965932906
F,27460,16588,5461,18,545,6696[CR],965933234
A,34932,27304,5469,19,544,6743[CR],965933671
F,26808,16756,5476,15,544,6785[CR],965934109
C,17880,1728,5483,18,544,6821[CR],965934437
F,23244,17164,5490,20,546,6836[CR],965934875
C,18610,1728,5498,18,542,6855[CR],965935203
F,18154,17612,5505,20,547,6866[CR],965935640
C,18984,1724,5512,16,547,6862[CR],965935984
F,14769,17630,5521,19,544,6853[CR],965936406
C,18920,1722,5528,21,546,6846[CR],965936843
F,14935,16640,5535,18,545,6843[CR],965937171
C,18870,1746,5543,20,543,6845[CR],965937609
F,16536,15579,5550,18,542,6864[CR],965937937
C,18982,1726,5558,20,544,6878[CR],965938375
F,18400,15400,5566,21,543,6883[CR],965938703
C,19466,1732,5573,18,545,6895[CR],965939140
F,19784,15946,5581,20,540,6903[CR],965939578
A,34860,20148,5588,17,542,6913[CR],965939906
F,19908,16560,5595,19,548,6906[CR],965940343
C,19964,1724,5603,21,545,6885[CR],965940671
F,18276,16794,5611,18,543,6876[CR],965941109
C,19836,1728,5618,20,543,6893[CR],965941437
F,17968,16868,5626,18,544,6890[CR],965941875
C,19728,1742,5633,19,540,6903[CR],965942312
F,19060,17014,5640,21,548,6916[CR],965942640
C,19772,1740,5648,19,540,6908[CR],965943078
F,19956,17496,5656,20,543,6914[CR],965943406
C,19796,1732,5663,17,542,6915[CR],965943843
F,20460,18188,5671,19,542,6928[CR],965944171
C,19928,1752,5678,15,540,6935[CR],965944609
F,20476,18540,5686,19,544,6955[CR],965945046
C,20078,1720,5693,21,543,6969[CR],965945375
F,20116,18754,5700,18,542,6993[CR],965945812
A,34888,20086,5707,11,385,6984[CR],965946140
F,20086,18906,5707,2,328,6906[CR],965946546
C,19256,1726,5707,1,314,6893[CR],965946906
F,20330,19308,5707,0,316,6890[CR],965947343
C,18710,1736,5707,0,317,6887[CR],965947781
F,20224,19410,5707,0,316,6887[CR],965948109
C,18564,1732,5707,0,296,7021[CR],965948546
F,19950,19468,5707,0,291,7138[CR],965948875
C,18482,1738,5707,0,275,7136[CR],965949312
F,19712,19508,5707,0,318,6937[CR],965949640
C,18420,1730,5707,0,324,6897[CR],965950078
F,19504,19536,5707,0,323,6897[CR],965950515
C,18372,1730,5707,0,306,6777[CR],965950843
F,19338,19558,5707,0,313,6050[CR],965951281
C,18328,1732,5707,0,271,4875[CR],965951609
F,19202,19266,5707,0,60,3584[CR],965952156
Z,0,0,5707,0,0,2494[CR],965952593
Z,0,0,5707,0,0,2478[CR],965953140
Z,0,0,5707,0,12,2477[CR],965953687
Z,0,0,5707,0,0,2477[CR],965954125
Z,0,0,5707,0,0,2478[CR],965954671
Z,0,0,5707,0,0,2478[CR],965955109
Z,0,0,5707,0,0,2479[CR],965955656
Z,0,0,5707,0,332,2474[CR],965956203
Z,0,0,5707,0,227,2474[CR],965956640
Z,0,0,5707,0,8,2474[CR],965957187
Z,0,0,5707,0,0,2473[CR],965957625
Z,0,0,5707,0,0,2473[CR],965958171
Z,0,0,5707,0,0,2472[CR],965958718
Z,0,0,5707,0,0,2473[CR],965959156
Z,0,0,5707,0,0,2475[CR],965959703
Z,0,0,5707,0,0,2474[CR],965960140
Z,0,0,5707,0,0,2473[CR],965960687
Z,0,0,5707,0,0,2474[CR],965961125
Z,0,0,5707,0,0,2475[CR],965961671
Z,0,0,5707,0,0,2473[CR],965962218
Z,0,0,5707,0,0,2474[CR],965962656
Z,0,0,5707,0,0,2473[CR],965963203
Z,0,0,5707,0,0,2474[CR],965963640
Z,0,0,5707,0,0,2473[CR],965964187
Z,0,0,5707,0,0,2474[CR],965964734
Z,0,0,5707,0,0,2473[CR],965965171
Z,0,0,5707,0,0,2474[CR],965965718
Z,0,0,5707,0,0,2465[CR],965966156
Z,0,0,5707,0,0,2443[CR],965966703
Z,0,0,5707,0,0,2450[CR],965967250
Z,0,0,5707,0,0,2457[CR],965967687
Z,0,0,5707,0,0,2454[CR],965968234
Z,0,0,5707,0,0,2455[CR],965968671
Z,0,0,5707,0,0,2458[CR],965969218
Z,0,0,5707,0,0,2464[CR],965969656
Z,0,0,5707,0,0,2465[CR],965970203
Z,0,0,5707,0,0,2466[CR],965970750
Z,0,0,5707,0,2,2464[CR],965971187
Z,0,0,5707,0,0,2467[CR],965971734
Z,0,0,5707,0,0,2467[CR],965972171
Z,0,0,5707,0,0,2469[CR],965972718
Z,0,0,5707,0,2,2470[CR],965973156
Z,0,0,5707,0,245,2472[CR],965973703
Z,0,0,5707,0,403,2473[CR],965974250
Z,0,0,5707,0,0,2497[CR],965974687
Z,0,0,5707,73,0,2488[CR],965975234
Z,0,0,5707,64,0,2482[CR],965975671
Z,0,0,5707,51,0,2485[CR],965976218
Z,0,0,5707,29,71,3008[CR],965976218
C,16818,1732,5707,35,62,4095[CR],965976656
F,18276,16684,5707,3,78,4161[CR],965976984
A,34812,18284,5707,1,110,4173[CR],965977421
F,18272,16912,5707,0,84,4165[CR],965977859
C,16928,1732,5707,0,38,4164[CR],965978187
F,18272,16930,5707,0,0,4196[CR],965978625
C,16932,1732,5707,0,12,4195[CR],965978953
F,18256,16934,5707,0,152,4190[CR],965979390
C,16934,1738,5707,0,279,4203[CR],965979718
F,18252,16956,5707,0,275,4196[CR],965980156
C,16938,1744,5707,0,283,4195[CR],965980593
F,18242,16954,5707,0,285,4196[CR],965980921
C,16938,1740,5707,0,286,4194[CR],965981359
F,18238,16952,5707,0,289,4195[CR],965981687
C,16934,1732,5707,0,287,4194[CR],965982125
F,18230,16950,5707,0,281,4193[CR],965982453
C,16934,1728,5707,0,279,4194[CR],965982890
F,18214,16946,5707,0,284,4193[CR],965983218
A,34772,18220,5707,14,298,4259[CR],965983656
F,18200,16952,5708,13,325,4568[CR],965984093
C,16944,1744,5713,12,331,5164[CR],965984421
F,18222,17374,5717,12,343,5886[CR],965984859
C,17148,1730,5722,13,364,6573[CR],965985187
F,18290,19420,5729,17,526,7072[CR],965985625
C,18158,1742,5736,22,525,7181[CR],965986062
F,17514,20100,5744,18,520,7190[CR],965986390
C,20352,1736,5752,19,528,7179[CR],965986828
F,17706,19678,5759,17,532,7183[CR],965987156
C,20164,1728,5767,19,533,7189[CR],965987593
F,17978,19498,5775,22,532,7150[CR],965987921
C,19886,1730,5782,18,522,7125[CR],965988359
F,18314,19438,5790,20,527,7127[CR],965988796
C,19662,1730,5797,17,524,7106[CR],965989125
F,18580,19488,5805,19,523,7101[CR],965989562
A,34784,18618,5812,20,522,7137[CR],965989890
F,18576,19474,5820,17,529,7173[CR],965990328
C,19348,1724,5828,20,530,7133[CR],965990656
F,18630,19424,5835,17,519,7119[CR],965991093
C,19246,1740,5843,19,523,7119[CR],965991531
F,19056,19188,5851,21,525,7121[CR],965991859
C,19250,1716,5858,18,521,7115[CR],965992296
F,19522,18820,5866,19,527,7118[CR],965992625
C,19284,1720,5873,16,527,7117[CR],965993062
F,19810,18744,5881,18,527,7121[CR],965993390
C,19474,1732,5888,20,527,7151[CR],965993828
F,19460,18972,5896,18,526,7154[CR],965994265
C,19734,1728,5904,19,521,7159[CR],965994593
F,18934,18962,5911,16,530,7178[CR],965995031
C,19976,1726,5919,20,524,7188[CR],965995359
F,19402,18704,5927,22,523,7183[CR],965995796
A,34780,19566,5934,16,516,7210[CR],965996125
F,19702,18292,5941,20,526,7262[CR],965996562
C,20254,1724,5949,16,525,7257[CR],965997000
F,20398,18048,5957,18,527,7265[CR],965997328
C,20310,1742,5964,22,528,7260[CR],965997765
F,21000,18012,5972,18,528,7259[CR],965998093
C,20426,1736,5979,19,523,7282[CR],965998531
F,21354,18256,5986,17,523,7325[CR],965998859
C,20464,1736,5994,18,523,7328[CR],965999296
F,21380,18492,6001,20,524,7331[CR],965999734
C,20310,1732,6009,17,528,7350[CR],966000062
F,21166,18770,6017,21,529,7348[CR],966000500
C,20024,1732,6024,17,527,7351[CR],966000828
F,20880,18964,6032,19,530,7352[CR],966001265
C,19672,1734,6039,21,533,7367[CR],966001609
F,20588,19228,6047,19,525,7342[CR],966002031
A,34784,20396,6055,20,529,7280[CR],966002468
F,20296,19746,6062,16,532,7279[CR],966002796
C,19362,1740,6070,18,525,7295[CR],966003234
F,19634,20184,6077,21,527,7325[CR],966003562
C,19636,1732,6085,17,528,7358[CR],966004000
F,19670,20296,6092,19,526,7387[CR],966004328
C,20302,1734,6099,17,521,7407[CR],966004765
F,19708,20070,6107,18,524,7459[CR],966005203
C,21092,1740,6114,21,527,7493[CR],966005531
F,19836,19912,6122,18,528,7533[CR],966005968
C,21856,1738,6129,21,528,7540[CR],966006296
F,18740,19758,6137,17,528,7541[CR],966006734
C,22328,1734,6144,19,531,7576[CR],966007062
F,17876,19702,6151,16,530,7579[CR],966007500
C,22730,1746,6159,18,526,7585[CR],966007937
F,16322,19346,6167,21,529,7592[CR],966008265
A,34712,16600,6174,18,525,7599[CR],966008703
F,16852,18736,6182,20,532,7609[CR],966009031
C,22260,1736,6189,16,528,7610[CR],966009468
F,17808,18476,6197,19,520,7596[CR],966009796
C,21818,1748,6204,20,527,7572[CR],966010234
F,18672,18474,6211,18,527,7606[CR],966010671
C,21170,1736,6219,21,531,7622[CR],966011000
F,19320,18772,6226,17,517,7620[CR],966011437
C,20654,1766,6234,19,524,7634[CR],966011765
F,19716,18974,6241,22,531,7650[CR],966012203
C,20300,1766,6248,19,535,7678[CR],966012531
F,20014,19430,6256,19,526,7703[CR],966012968
C,20174,1766,6263,18,520,7712[CR],966013406
F,20300,19844,6270,19,522,7764[CR],966013734
C,20446,1758,6278,15,522,7827[CR],966014171
F,20180,20426,6285,19,526,7860[CR],966014500
A,34728,19910,6292,21,520,7891[CR],966014937
F,19722,20970,6300,17,524,7929[CR],966015265
C,21372,1760,6307,19,525,7930[CR],966015703
F,18442,21192,6314,16,518,7962[CR],966016140
C,21804,1756,6322,18,521,7994[CR],966016468
F,16974,21014,6329,21,522,8027[CR],966016906
C,22386,1752,6336,18,518,8030[CR],966017234
F,16766,20472,6344,19,518,8041[CR],966017671
C,22850,1752,6351,18,518,8038[CR],966018000
F,17562,20114,6359,18,520,8053[CR],966018437
C,23258,1764,6366,20,523,8075[CR],966018875
F,18178,19898,6373,18,516,8086[CR],966019203
C,23348,1770,6381,20,521,8102[CR],966019640
F,18460,20004,6388,17,521,8104[CR],966019984
C,23390,1764,6395,18,518,8119[CR],966020406
F,18378,20128,6402,17,515,8133[CR],966020734
A,34756,18350,6410,18,520,8157[CR],966021171
F,18420,20122,6417,18,522,8180[CR],966021531
C,23302,1772,6424,18,519,8181[CR],966021937
F,18712,20098,6432,20,515,8176[CR],966022296
C,23218,1774,6439,18,525,8178[CR],966022703
F,18982,19998,6447,19,523,8176[CR],966023140
C,23074,1768,6454,15,523,8189[CR],966023468
F,19400,20250,6462,18,524,8201[CR],966023906
C,22988,1772,6469,21,525,8188[CR],966024343
F,19632,20438,6476,17,523,8199[CR],966024671
C,23056,1772,6483,20,525,8214[CR],966025109
F,19794,20716,6491,18,521,8212[CR],966025437
C,23130,1776,6498,19,524,8205[CR],966025875
F,19812,20814,6505,21,524,8203[CR],966026203
C,23232,1772,6513,18,525,8203[CR],966026640
F,19698,20824,6520,20,523,8210[CR],966027078
A,34740,19612,6527,18,524,8219[CR],966027406
F,19536,20840,6535,18,523,8229[CR],966027843
C,23170,1772,6542,15,521,8251[CR],966028171
F,19408,20856,6549,17,522,8274[CR],966028609
C,23040,1772,6557,21,526,8289[CR],966028937
F,19232,20804,6564,17,523,8287[CR],966029375
C,23046,1778,6571,19,519,8286[CR],966029812
F,18974,20756,6578,17,522,8289[CR],966030140
C,23194,1786,6586,19,524,8303[CR],966030578
F,18798,20806,6593,15,523,8348[CR],966030906
C,23620,1778,6600,18,520,8392[CR],966031343
F,18688,21102,6607,20,522,8443[CR],966031671
C,24230,1782,6614,17,519,8480[CR],966032109
F,17966,21444,6622,19,523,8498[CR],966032546
C,24552,1786,6629,18,523,8494[CR],966032875
F,16070,21574,6637,19,521,8497[CR],966033312
A,34740,15200,6643,19,519,8500[CR],966033640
F,15029,21362,6651,18,521,8487[CR],966034078
C,24150,1794,6658,19,519,8474[CR],966034406
F,15262,20880,6666,16,516,8475[CR],966034843
C,23898,1782,6673,18,520,8483[CR],966035281
F,16060,20332,6680,16,521,8482[CR],966035609
C,23682,1782,6688,19,525,8487[CR],966036046
F,17112,20202,6695,20,521,8501[CR],966036375
C,23408,1786,6702,17,522,8508[CR],966036812
F,17866,20278,6710,19,522,8527[CR],966037140
C,23052,1796,6717,17,524,8541[CR],966037578
F,18466,20676,6724,19,524,8508[CR],966038015
C,22742,1800,6732,20,520,8474[CR],966038359
F,18800,20778,6739,18,519,8488[CR],966038781
C,22466,1792,6746,19,518,8503[CR],966039109
F,19090,20798,6754,17,516,8517[CR],966039546
A,34720,19244,6761,19,521,8521[CR],966039875
F,19300,20706,6768,16,520,8512[CR],966040312
C,21834,1786,6776,19,520,8502[CR],966040750
F,19452,20872,6783,21,518,8503[CR],966041078
C,21474,1796,6791,18,520,8506[CR],966041515
F,19570,20944,6798,19,513,8516[CR],966041843
C,21140,1812,6805,17,522,8521[CR],966042281
F,19824,20968,6813,18,515,8515[CR],966042609
C,20884,1802,6820,15,513,8536[CR],966043046
F,20144,20918,6827,18,514,8555[CR],966043484
C,20786,1808,6834,19,514,8578[CR],966043812
F,20254,20832,6841,16,511,8624[CR],966044250
C,20802,1820,6848,19,512,8674[CR],966044578
F,20196,20882,6855,16,509,8714[CR],966045015
C,21036,1816,6862,19,512,8758[CR],966045343
F,20032,21120,6869,16,508,8789[CR],966045781
A,34720,19270,6877,18,511,8827[CR],966046218
F,19028,21330,6883,21,513,8901[CR],966046546
C,22798,1810,6891,18,511,8941[CR],966046984
F,17854,21510,6898,21,510,9012[CR],966047312
C,24732,1818,6906,18,514,9103[CR],966047750
F,15774,21584,6913,19,513,9179[CR],966048187
C,26780,1814,6921,16,515,9224[CR],966048515
F,14020,21790,6928,18,514,9264[CR],966048859
C,28352,1816,6935,21,518,9289[CR],966049281
F,12309,21822,6943,17,516,9298[CR],966049718
C,28944,1822,6951,19,518,9315[CR],966050046
F,11084,21382,6958,16,515,9336[CR],966050484
C,29332,1834,6965,18,513,9348[CR],966050921
F,10429,21276,6972,20,516,9367[CR],966051250
C,29648,1808,6980,18,515,9354[CR],966051687
F,10610,19486,6987,18,500,9383[CR],966052015
A,34708,10857,6994,17,510,9385[CR],966052453
F,10961,18042,7001,19,515,9389[CR],966052781
C,29580,1830,7008,16,510,9382[CR],966053218
F,11403,17534,7015,18,512,9409[CR],966053656
C,29604,1852,7022,19,510,9420[CR],966053984
F,11855,17128,7029,16,509,9437[CR],966054421
C,29548,1834,7036,20,513,9455[CR],966054750
F,12422,17050,7043,16,509,9457[CR],966055187
C,29332,1830,7049,18,510,9463[CR],966055515
F,13124,16742,7056,16,509,9469[CR],966055953
C,29388,1824,7063,16,505,9490[CR],966056390
F,13899,16266,7069,15,506,9502[CR],966056718
C,29368,1830,7075,17,503,9530[CR],966057156
F,14715,15832,7082,15,504,9550[CR],966057484
C,29608,1816,7088,17,499,9550[CR],966057921
F,15544,15569,7094,15,493,9557[CR],966058250
A,34752,16157,7100,15,499,9568[CR],966058687
F,16300,15733,7106,12,480,9572[CR],966059125
C,29064,1822,7110,10,482,9614[CR],966059453
F,16974,15352,7114,10,471,9635[CR],966059828
C,29308,1830,7117,6,424,9666[CR],966060218
F,17516,15277,7119,3,393,9668[CR],966060656
C,28872,1830,7120,2,359,9671[CR],966060984
F,17846,15353,7120,2,343,9679[CR],966061421
C,28528,1842,7121,1,316,9680[CR],966061859
F,18036,15369,7121,1,308,9686[CR],966062187
C,28380,1828,7121,1,300,9685[CR],966062625
F,18180,15344,7121,1,297,9689[CR],966062953
C,28312,1830,7122,0,274,9690[CR],966063390
F,18246,15460,7122,0,277,9694[CR],966063718
C,28248,1836,7122,0,278,9694[CR],966064156
F,18312,15391,7122,0,280,9690[CR],966064593
A,34716,18356,7122,0,215,9627[CR],966064921
F,18352,15328,7122,0,290,7716[CR],966065359
C,27788,1830,7122,0,334,4581[CR],966065687
F,18254,14729,7122,0,527,1782[CR],966066125
C,24648,1810,7122,0,201,35544[CR],966066453
F,10495,12674,7122,0,167,35544[CR],966066890
C,11788,1830,7122,60,351,2184[CR],966067234
F,10958,12677,7122,147,517,3705[CR],966067687
C,11934,1824,7122,172,573,6232[CR],966068031
F,14428,13738,7181,103,562,7621[CR],966068484
C,28972,1878,7189,3,297,7429[CR],966068812
F,18040,13797,7189,1,256,7394[CR],966069187
C,26644,1830,7189,0,230,7377[CR],966069625
F,18382,13957,7189,0,232,7377[CR],966070062
C,26024,1832,7189,0,243,7371[CR],966070390
F,18460,14000,7189,0,329,6858[CR],966070828
A,34776,18464,7189,0,259,3975[CR],966071156
F,18394,13746,7189,0,217,3050[CR],966071593
C,24406,1836,7189,0,203,3068[CR],966071921
F,18446,13552,7189,0,189,3062[CR],966072359
C,24282,1838,7189,0,221,3064[CR],966072796
F,18476,13570,7189,0,207,3063[CR],966073125
C,24224,1830,7189,0,166,3060[CR],966073562
F,18470,13579,7189,0,152,3058[CR],966073890
C,24182,1832,7189,0,190,3053[CR],966074328
F,18470,13589,7189,0,203,3050[CR],966074656
C,24146,1828,7189,0,179,3049[CR],966075093
F,18478,13594,7189,0,173,3109[CR],966075531
C,24114,1824,7189,7,203,3522[CR],966075859
F,18476,13608,7189,15,199,4029[CR],966076296
C,24114,1832,7189,17,246,4218[CR],966076625
F,18478,13633,7189,9,254,4604[CR],966077062
A,34708,18474,7189,13,267,5037[CR],966077390
F,18468,13696,7189,9,288,5594[CR],966077828
C,24252,1824,7189,8,286,6192[CR],966078265
F,18488,13849,7189,10,309,6679[CR],966078593
C,24568,1830,7189,10,304,7223[CR],966079031
F,18524,14114,7189,13,489,7715[CR],966079359
C,25396,1830,7194,21,521,8003[CR],966079796
F,18460,13964,7202,22,517,8051[CR],966080125
C,28868,1830,7209,18,518,8085[CR],966080562
F,18442,14247,7218,19,519,8140[CR],966081000
C,29152,1830,7225,22,519,8164[CR],966081328
F,18414,14194,7233,19,520,8181[CR],966081765
C,29424,1840,7241,21,519,8209[CR],966082093
F,18382,14380,7249,16,521,8242[CR],966082531
C,29460,1828,7257,19,519,8284[CR],966082859
F,18392,14370,7264,21,519,8316[CR],966083296
A,34768,18412,7272,18,521,8359[CR],966083734
F,18424,14441,7280,20,518,8400[CR],966084062
C,30136,1848,7287,22,520,8433[CR],966084500
F,18406,14530,7296,19,520,8470[CR],966084828
C,30360,1864,7304,21,523,8476[CR],966085265
F,18366,14551,7312,16,519,8500[CR],966085593
C,30404,1880,7320,19,519,8526[CR],966086031
F,18486,14483,7327,22,518,8560[CR],966086468
C,30620,1858,7335,18,520,8577[CR],966086812
F,18278,14435,7343,20,518,8593[CR],966087234
C,31004,1866,7351,21,519,8626[CR],966087562
F,18456,14251,7359,19,521,8629[CR],966088000
C,31348,1870,7367,21,519,8643[CR],966088328
F,18514,14328,7374,16,519,8667[CR],966088765
C,32020,1860,7383,20,523,8682[CR],966089203
F,18424,14329,7391,21,528,8695[CR],966089531
A,34756,18490,7399,19,522,8691[CR],966089968
F,17928,14992,7407,20,523,8727[CR],966090296
C,31060,1824,7414,22,524,8738[CR],966090734
F,18422,15066,7422,19,522,8759[CR],966091062
C,31292,1836,7430,22,526,8743[CR],966091500
F,18452,14578,7438,17,522,8733[CR],966091937
C,31280,1844,7446,19,521,8737[CR],966092265
F,18560,14908,7454,21,520,8762[CR],966092703
C,31088,1834,7462,19,514,8778[CR],966093031
F,18452,15581,7470,20,515,8800[CR],966093468
C,31440,1840,7477,22,516,8809[CR],966093796
F,18592,15365,7486,19,511,8825[CR],966094234
C,31620,1862,7493,21,522,8859[CR],966094671
F,18428,15332,7501,21,516,8830[CR],966095000
C,31952,1890,7510,19,521,8849[CR],966095437
F,18710,15692,7518,21,514,8858[CR],966095765
A,34708,18572,7525,18,512,8883[CR],966096203
F,18576,15861,7533,19,515,8929[CR],966096531
C,32804,1890,7540,22,517,8988[CR],966096968
F,18522,16082,7548,19,516,9015[CR],966097359
C,33288,1886,7556,22,521,9044[CR],966097734
F,18466,16404,7564,19,519,9080[CR],966098171
C,33636,1886,7572,20,516,9121[CR],966098500
F,18546,16359,7580,19,509,9162[CR],966098937
C,33828,1884,7587,18,512,9194[CR],966099265
F,18486,16402,7594,19,512,9235[CR],966099703
C,33996,1880,7601,15,512,9264[CR],966100140
F,18476,16362,7609,19,511,9314[CR],966100468
C,34484,1886,7616,20,506,9358[CR],966100906
F,18522,16238,7623,17,507,9415[CR],966101234
C,34788,1878,7630,18,510,9442[CR],966101671
F,18438,16796,7637,16,508,9478[CR],966102000
A,34796,18650,7644,18,507,9501[CR],966102437
F,18612,16372,7651,16,510,9511[CR],966102875
C,34512,1900,7658,17,506,9520[CR],966103203
F,18470,16206,7664,14,506,9556[CR],966103640
C,34188,1888,7670,15,500,9584[CR],966103968
F,18540,16024,7676,13,499,9601[CR],966104406
C,33892,1884,7681,15,498,9606[CR],966104734
F,18652,16176,7687,14,499,9582[CR],966105171
C,33624,1882,7693,15,500,9584[CR],966105609
F,18510,16201,7699,14,497,9585[CR],966105937
C,33640,1898,7705,16,496,9573[CR],966106375
F,18506,16161,7706,2,249,9495[CR],966106703
C,33224,1886,7706,1,204,9422[CR],966107140
F,18732,16624,7706,0,202,9398[CR],966107468
C,31292,1892,7706,0,175,9384[CR],966107906
F,18740,16746,7706,0,134,9370[CR],966108343
A,34792,18742,7706,0,97,9359[CR],966108671
F,18728,16826,7706,0,123,9351[CR],966109109
C,30848,1886,7706,0,152,9345[CR],966109437
F,18740,16884,7706,0,148,9340[CR],966109875
C,30732,1890,7706,0,63,9335[CR],966110203
F,18740,16934,7706,0,85,9329[CR],966110640
C,30624,1876,7706,0,110,9325[CR],966111078
F,18732,16970,7706,0,138,9325[CR],966111406
C,30540,1892,7706,0,108,9321[CR],966111843
F,18738,17014,7706,0,98,9316[CR],966112171
C,30484,1874,7706,0,87,9311[CR],966112609
F,18736,17036,7706,0,80,9309[CR],966112937
C,30448,1886,7706,0,124,9307[CR],966113375
F,18736,17014,7706,0,85,9308[CR],966113812
C,30360,1892,7706,0,70,9307[CR],966114140
F,18732,17030,7706,0,23,9306[CR],966114578
A,34744,18724,7706,0,89,9304[CR],966114906
F,18718,17048,7706,0,102,9303[CR],966115343
C,30272,1886,7706,0,88,9371[CR],966115671
F,18732,17064,7706,0,5,9504[CR],966116109
C,30604,1880,7706,0,62,9497[CR],966116656
Z,0,0,7706,0,57,9307[CR],966116875
C,30644,1890,7706,0,5,9135[CR],966117312
F,18722,17050,7706,0,9,9134[CR],966117640
C,30392,1886,7706,0,216,8427[CR],966118078
F,18720,17038,7706,0,120,5635[CR],966118406
C,29996,1886,7706,0,1,3841[CR],966118953
Z,0,0,7706,0,0,2514[CR],966119500
Z,0,0,7706,0,0,2467[CR],966119937
Z,0,0,7706,2,0,2492[CR],966120484
Z,0,0,7706,1,0,2491[CR],966120921
Z,0,0,7706,0,0,2493[CR],966121468
Z,0,0,7706,0,0,2494[CR],966122015
Z,0,0,7706,0,0,2495[CR],966122453
Z,0,0,7706,0,1,2486[CR],966123000
Z,0,0,7706,0,0,2480[CR],966123437
Z,0,0,7706,0,1,2479[CR],966123984
Z,0,0,7706,0,0,2477[CR],966124531
Z,0,0,7706,0,0,2488[CR],966124968
Z,0,0,7706,0,0,2480[CR],966125515
Z,0,0,7706,0,0,2484[CR],966125953
Z,0,0,7706,0,0,2485[CR],966126500
Z,0,0,7706,0,0,2482[CR],966126937
Z,0,0,7706,0,0,2478[CR],966127484
Z,0,0,7706,0,0,2479[CR],966128031
Z,0,0,7706,0,0,2479[CR],966128468
Z,0,0,7706,0,0,2477[CR],966129015
Z,0,0,7706,0,0,2475[CR],966129453
Z,0,0,7706,0,0,2474[CR],966130000
Z,0,0,7706,0,0,2472[CR],966130546
Z,0,0,7706,0,0,2476[CR],966130984
Z,0,0,7706,0,0,2474[CR],966131531
Z,0,0,7706,0,0,2480[CR],966131968
Z,0,0,7706,0,0,2481[CR],966132515
Z,0,0,7706,0,120,2449[CR],966133062
Z,0,0,7706,0,0,2436[CR],966133500
Z,0,0,7706,0,0,2444[CR],966134046
Z,0,0,7706,0,0,2452[CR],966134484
Z,0,0,7706,0,0,2451[CR],966135031
Z,0,0,7706,0,0,2454[CR],966135468
Z,0,0,7706,0,0,2461[CR],966136015
Z,0,0,7706,0,0,2467[CR],966136562
Z,0,0,7706,0,0,2467[CR],966137000
Z,0,0,7706,0,0,2467[CR],966137546
Z,0,0,7706,0,0,2468[CR],966137984
Z,0,0,7706,0,0,2470[CR],966138531
Z,0,0,7706,0,0,2471[CR],966138968
Z,0,0,7706,0,0,2471[CR],966139515
Z,0,0,7706,0,0,2472[CR],966140062
Z,0,0,7706,0,0,2473[CR],966140500
Z,0,0,7706,0,0,2495[CR],966141046
Z,0,0,7706,0,0,2481[CR],966141484
Z,0,0,7706,60,0,2493[CR],966142031
Z,0,0,7706,64,0,2488[CR],966142578
Z,0,0,7706,29,0,2512[CR],966143015
Z,0,0,7706,9,0,3616[CR],966143453
C,26340,1884,7706,1,0,4029[CR],966143890
F,18712,14419,7706,1,0,4029[CR],966144218
C,26360,1880,7706,0,0,4017[CR],966144656
F,18708,14419,7706,0,0,4011[CR],966145093
Z,0,0,7706,0,0,4008[CR],966145640
Z,0,0,7706,0,0,3997[CR],966145750
A,34880,18710,7706,0,4,4023[CR],966146296
Z,0,0,7706,0,0,4062[CR],966146625
C,26336,1880,7706,0,0,4060[CR],966146953
F,18706,14425,7706,0,0,4058[CR],966147390
C,26332,1884,7706,0,0,4054[CR],966147718
F,18714,14426,7706,0,0,4048[CR],966148156
C,26328,1884,7706,0,0,4047[CR],966148484
F,18718,14426,7706,0,0,4043[CR],966148921
C,26316,1886,7706,0,0,4039[CR],966149359
F,18712,14422,7706,0,0,4034[CR],966149687
C,26308,1884,7706,0,0,4031[CR],966150125
F,18708,14422,7706,20,0,4152[CR],966150453
C,26300,1886,7706,13,5,4348[CR],966150890
F,18702,14425,7706,12,76,5021[CR],966151218
C,26336,1878,7706,14,131,5822[CR],966151656
F,18722,14654,7706,15,108,6548[CR],966152093
A,34836,18730,7709,11,184,7240[CR],966152421
F,18726,15316,7714,14,233,7991[CR],966152859
C,27460,1878,7719,12,358,8774[CR],966153187
F,18796,17136,7726,12,457,9130[CR],966153625
C,32236,1878,7729,5,399,9358[CR],966153953
F,18560,16808,7731,4,369,9385[CR],966154390
C,32704,1890,7732,3,364,9385[CR],966154828
F,18372,16662,7733,2,313,9382[CR],966155156
C,32512,1894,7734,2,281,9385[CR],966155593
F,18654,16988,7734,1,266,9389[CR],966155921
C,32220,1878,7735,1,261,9390[CR],966156359
F,18872,17228,7735,1,236,9389[CR],966156687
C,32072,1890,7735,1,212,9390[CR],966157125
F,18738,17364,7736,1,252,9392[CR],966157562
C,31952,1874,7736,0,206,9391[CR],966157890
F,18694,17572,7736,0,170,9393[CR],966158328
A,34836,18704,7736,0,184,9393[CR],966158656
F,18694,17548,7737,0,114,9392[CR],966159093
C,31868,1876,7737,0,141,9392[CR],966159421
F,18700,17578,7737,0,115,9393[CR],966159859
C,31808,1892,7737,0,153,9398[CR],966160296
F,18718,17572,7738,0,104,9397[CR],966160625
C,31736,1874,7738,0,1,9390[CR],966161062
F,18734,17540,7738,0,284,7655[CR],966161390
C,31564,1876,7738,0,78,3747[CR],966161828
F,18600,16311,7738,0,45,3146[CR],966162156
C,29312,1878,7738,2,30,3138[CR],966162593
F,18718,15983,7738,86,257,4052[CR],966162921
C,29128,1884,7743,22,526,8128[CR],966163359
F,18778,17846,7747,10,493,9397[CR],966163796
C,33672,1880,7750,6,387,9377[CR],966164125
F,18544,16872,7752,4,392,9371[CR],966164562
A,34816,18690,7754,4,378,9383[CR],966164890
F,18714,16876,7754,1,110,9318[CR],966165328
C,31920,1892,7754,1,263,8421[CR],966165875
Z,0,0,7754,0,93,3883[CR],966166093
C,30008,1884,7754,0,0,3036[CR],966166531
F,18658,15554,7754,2,1,3048[CR],966166859
C,28784,1876,7754,2,3,3048[CR],966167296
F,18734,15609,7754,1,55,3034[CR],966167625
C,28672,1886,7754,0,34,3041[CR],966168062
F,18736,15651,7754,147,132,3446[CR],966168500
C,28592,1876,7756,79,438,6242[CR],966168828
F,18734,16620,7765,22,404,9411[CR],966169265
C,32992,1892,7768,9,308,9384[CR],966169593
F,18412,16670,7769,2,113,9269[CR],966170031
C,31256,1884,7770,1,457,9253[CR],966170359
F,18594,17066,7772,5,392,9382[CR],966170796
A,34864,18444,7773,3,361,9370[CR],966171234
F,18466,16950,7774,2,322,9364[CR],966171625
C,31732,1884,7775,2,331,9371[CR],966172000
F,18704,16922,7776,2,325,9385[CR],966172328
C,31536,1886,7777,2,326,9390[CR],966172765
F,18744,17010,7778,2,316,9393[CR],966173093
C,31508,1886,7779,1,308,9387[CR],966173531
F,18718,17058,7779,1,218,9371[CR],966173968
C,31372,1880,7779,1,30,9327[CR],966174296
F,18718,17144,7779,0,7,9301[CR],966174734
C,30664,1886,7779,0,15,9282[CR],966175062
F,18720,17222,7779,0,0,9270[CR],966175500
C,30412,1884,7779,0,0,9257[CR],966175828
F,18730,17268,7779,0,0,9250[CR],966176265
C,30232,1898,7779,0,0,9240[CR],966176703
F,18732,17284,7779,0,7,9236[CR],966177031
A,34832,18728,7779,0,1,9228[CR],966177468
F,18718,17334,7779,0,4,9223[CR],966177796
C,30032,1884,7779,0,0,9219[CR],966178234
F,18738,17370,7779,0,0,9214[CR],966178562
C,29968,1886,7779,0,0,9210[CR],966179000
F,18738,17400,7779,0,0,9206[CR],966179437
C,29916,1884,7779,0,0,9203[CR],966179765
F,18736,17406,7779,0,0,9199[CR],966180203
C,29860,1892,7779,0,0,9197[CR],966180531
F,18736,17426,7779,0,0,9195[CR],966180968
C,29820,1886,7779,0,0,9192[CR],966181296
F,18736,17432,7779,0,0,9190[CR],966181734
C,29776,1886,7779,0,0,9184[CR],966182171
F,18738,17432,7779,0,0,9184[CR],966182500
C,29732,1884,7779,0,0,9181[CR],966182937
F,18736,17454,7779,0,0,9179[CR],966183265
A,34876,18730,7779,0,0,9176[CR],966183703
F,18720,17474,7779,0,0,9174[CR],966184031
C,29648,1892,7779,0,0,9167[CR],966184468
F,18728,17488,7779,0,0,9160[CR],966184906
C,29612,1890,7779,0,0,9150[CR],966185234
F,18730,17496,7779,0,0,9140[CR],966185671
C,29564,1886,7779,0,0,9130[CR],966186000
F,18736,17504,7779,0,0,9118[CR],966186437
C,29508,1884,7779,0,1,9108[CR],966186765
F,18732,17512,7779,0,0,9095[CR],966187203
C,29444,1878,7779,0,0,9084[CR],966187640
F,18728,17530,7779,0,0,9071[CR],966187968
C,29380,1892,7779,0,0,9060[CR],966188406
F,18734,17540,7779,0,0,9048[CR],966188734
C,29320,1892,7779,0,0,9037[CR],966189171
F,18738,17554,7779,0,1,9025[CR],966189500
A,34868,18732,7779,0,0,9013[CR],966189937
F,18714,17570,7779,0,0,9003[CR],966190375
C,29212,1884,7779,0,2,8993[CR],966190703
F,18736,17578,7779,0,0,8981[CR],966191140
C,29164,1890,7779,0,6,8970[CR],966191468
F,18740,17590,7779,0,0,8961[CR],966191906
C,29124,1890,7779,0,0,8949[CR],966192234
F,18734,17596,7779,0,0,8941[CR],966192671
C,29084,1886,7779,0,1,8929[CR],966193109
F,18742,17604,7779,0,0,8919[CR],966193437
C,29044,1896,7779,0,0,8909[CR],966193875
F,18736,17614,7779,0,0,8899[CR],966194203
C,29008,1878,7779,0,2,8888[CR],966194640
F,18742,17622,7779,0,5,8880[CR],966194968
C,28976,1886,7779,0,0,8868[CR],966195406
F,18740,17632,7779,0,0,8860[CR],966195843
A,34872,18736,7779,0,0,8849[CR],966196171
F,18718,17640,7779,0,0,8840[CR],966196609
C,28912,1880,7779,0,1,8830[CR],966196937
F,18742,17648,7779,0,0,8822[CR],966197375
C,28884,1880,7779,0,0,8810[CR],966197703
F,18740,17654,7779,0,0,8800[CR],966198140
C,28856,1888,7779,0,0,8791[CR],966198578
F,18740,17658,7779,0,0,8781[CR],966198906
C,28828,1884,7779,0,0,8772[CR],966199343
F,18738,17664,7779,0,0,8763[CR],966199671
C,28804,1898,7779,0,0,8754[CR],966200109
F,18730,17668,7779,0,0,8745[CR],966200437
C,28776,1890,7779,0,0,8737[CR],966200875
F,18734,17674,7779,0,1,8727[CR],966201312
C,28756,1892,7779,0,0,8719[CR],966201640
F,18734,17678,7779,0,0,8712[CR],966202078
A,34892,18732,7779,0,1,8702[CR],966202406
F,18718,17684,7779,0,0,8695[CR],966202843
C,28712,1892,7779,0,0,8687[CR],966203171
F,18732,17688,7779,0,0,8678[CR],966203609
C,28688,1886,7779,0,0,8671
<PAUSE BUTTON 11:33:17>
[CR],966203718
>
Reset interface. Wait time for interface: 78
>
Reset interface. Wait time for interface: 109DOFF
OK
>
Command: DOFF Wait time for interface: 62

>
Reset interface. Wait time for interface: 62CLEAR
OK
>
Command: CLEAR Wait time for interface: 110

<END BUTTON 11:38:33>

------------------- Begin end zero test --------------------
>
Reset interface. Wait time for interface: 47SCAN E
Z,0,0,0,0,352,2793
C,12077,5856,0,0,379,2474[CR],966523484
F,12175,12692,0,0,365,2474[CR],966523921
C,12077,5666,0,0,317,2473[CR],966524359
F,12176,12692,0,0,332,2473[CR],966524687
C,12077,5928,0,0,317,2474[CR],966525125
F,12174,12692,0,0,337,2474[CR],966525484
C,12077,5704,0,0,319,2474[CR],966525937
F,12173,12693,0,0,332,2475[CR],966526281
C,12077,5734,0,0,375,2474[CR],966526609
F,12170,12693,0,0,374,2474[CR],966527078
A,35112,12173,0,0,372,2474[CR],966527406
F,12160,12694,0,0,369,2474[CR],966527843
C,12077,5350,0,0,354,2475[CR],966528187
F,12174,12693,0,0,380,2474[CR],966528656
C,12078,5746,0,0,389,2474[CR],966528984
F,12173,12693,0,0,354,2474[CR],966528984
>
Reset interface. Wait time for interface: 31

======== END OF TEST ========


