CPT-log version: 5.22
======== BEGIN OF TEST ========
DATE 10.10.2022

<Transmited Data>
<NEW BUTTON 13:53:00>
[^C][CR]
>[CR]
VER[CR][LF]
[^C][CR]
[^C][CR]
CLEAR[CR]
[^C][CR]
DOFF[CR]
[^C][CR]
SCANG[CR]
[^C][CR]
[^C][CR]
[^C][CR]
CLEAR[CR]

<START BUTTON 14:02:09>
[^C][CR]
[^C][CR]
DRON[CR]
SCANG[CR]
[^G][^G][^G][^G]
<PAUSE BUTTON 14:19:41>
[^C][CR]
[^C][CR]
DOFF[CR]
[^C][CR]
CLEAR[CR]

<END BUTTON 14:33:06>
[^C][CR]
SCANG[CR]
[^C][CR]


<Received Data>
<NEW BUTTON 13:53:00>
ÿ
>
Reset interface. Wait time for interface: 110>
>
Command: > Wait time for interface: 78
VER
M240,2364,0,0
>
>
Reset interface. Wait time for interface: 109
>
Reset interface. Wait time for interface: 110CLEAR
OK
>
Command: CLEAR Wait time for interface: 109

>
Reset interface. Wait time for interface: 109DOFF
OK
>
Command: DOFF Wait time for interface: 110

>
Reset interface. Wait time for interface: 94SCANG
F,12139,12678,0,0
C,12103,11467,0,0[CR],369966718
F,12131,12678,0,0[CR],369967156
C,12103,10800,0,0[CR],369967484
F,12139,12678,0,0[CR],369967921
C,12103,10904,0,0[CR],369968265
F,12137,12678,0,0[CR],369968718
A,37332,12137,0,0[CR],369969046
F,12128,12678,0,0[CR],369969500
C,12103,10291,0,0[CR],369969859
F,12136,12678,0,0[CR],369970187
C,12104,10451,0,0[CR],369970640
F,12142,12678,0,0[CR],369970968
C,12105,10478,0,0[CR],369971421
F,12137,12678,0,0[CR],369971765
C,12104,10109,0,0[CR],369972218
F,12140,12677,0,0[CR],369972546
C,12104,10209,0,0[CR],369972984
F,12146,12677,0,0[CR],369973328
C,12104,10335,0,0[CR],369973765
F,12143,12678,0,0[CR],369974109
C,12105,10487,0,0[CR],369974546
F,12145,12677,0,0[CR],369974875
A,37328,12136,0,0[CR],369975203
>
Reset interface. Wait time for interface: 110
>
Reset interface. Wait time for interface: 125CLEAR
OK
>
Command: CLEAR Wait time for interface: 109

<START BUTTON 14:02:09>

>
Reset interface. Wait time for interface: 47
>
Reset interface. Wait time for interface: 109DRON
OK
>
Command: DRON Wait time for interface: 110
SCANG
Z,0,0,0,0
C,14347,1226,0,0[CR],370337000
F,15891,13501,0,0[CR],370337453
A,36608,15855,0,0[CR],370337796
F,15837,13494,0,0[CR],370338234
C,14336,1230,0,0[CR],370338578
F,15807,13488,0,0[CR],370339015
C,14330,1216,0,0[CR],370339343
F,15777,13480,0,0[CR],370339828
C,14326,1244,0,0[CR],370340156
F,15731,13475,0,0[CR],370340500
C,14321,1228,0,0[CR],370340937
F,15700,13470,0,0[CR],370341375
C,14318,1224,0,0[CR],370341703
F,15680,13461,0,0[CR],370342140
C,14312,1228,0,0[CR],370342468
F,15644,13458,0,0[CR],370342906
C,14308,1230,0,0[CR],370343234
F,15621,13458,0,0[CR],370343671
A,36548,15604,0,0[CR],370344109
F,15587,13453,0,0[CR],370344437
C,14300,1222,0,0[CR],370344875
F,15584,13449,0,0[CR],370345203
C,14297,1226,0,0[CR],370345640
F,15557,13445,0,0[CR],370345968
C,14292,1222,0,0[CR],370346406
F,15538,13440,0,0[CR],370346843
C,14289,1240,0,0[CR],370347171
F,15524,13439,0,0[CR],370347609
C,14285,1228,0,0[CR],370347937
F,15515,13435,0,0[CR],370348375
C,14281,1232,0,0[CR],370348703
F,15495,13433,0,0[CR],370349140
C,14278,1218,0,0[CR],370349578
F,15479,13429,0,0[CR],370349906
A,36508,15473,0,0[CR],370350343
F,15465,13428,0,0[CR],370350671
C,14269,1228,0,0[CR],370351109
F,15451,13423,0,0[CR],370351437
C,14266,1232,0,0[CR],370351875
F,15445,13419,0,0[CR],370352312
C,14261,1222,0,0[CR],370352640
F,15438,13414,0,0[CR],370353078
C,14258,1240,0,0[CR],370353406
F,15431,13410,0,0[CR],370353843
C,14254,1210,0,0[CR],370354171
F,15414,13403,0,0[CR],370354609
C,14249,1226,0,0[CR],370355046
F,15413,13398,0,0[CR],370355375
C,14244,1224,0,0[CR],370355812
F,15401,13394,0,0[CR],370356140
A,36460,15387,0,0[CR],370356578
F,15374,13393,0,0[CR],370356906
C,14237,1238,0,0[CR],370357343
F,15376,13387,0,0[CR],370357671
C,14232,1226,0,0[CR],370358109
F,15372,13384,0,0[CR],370358546
C,14228,1222,0,0[CR],370358875
F,15370,13381,0,0[CR],370359312
C,14226,1218,0,0[CR],370359640
F,15366,13377,0,0[CR],370360078
C,14222,1214,0,0[CR],370360515
F,15356,13372,0,0[CR],370360843
C,14217,1234,0,0[CR],370361281
F,15349,13369,0,0[CR],370361609
C,14214,1228,0,0[CR],370362046
F,15344,13364,0,0[CR],370362375
A,36424,15338,0,0[CR],370362812
F,15330,13360,0,0[CR],370363250
C,14206,1222,0,0[CR],370363578
F,15332,13358,0,0[CR],370364015
C,14203,1222,0,0[CR],370364343
F,15328,13354,0,0[CR],370364781
C,14199,1224,0,0[CR],370365109
F,15320,13350,0,0[CR],370365546
C,14196,1226,0,0[CR],370365984
F,15318,13346,0,0[CR],370366312
C,14192,1232,0,0[CR],370366750
F,15307,13343,0,0[CR],370367078
C,14190,1226,0,0[CR],370367515
F,15309,13339,0,0[CR],370367843
C,14186,1222,0,0[CR],370368281
F,15303,13337,0,0[CR],370368718
A,36364,15293,0,0[CR],370369046
F,15281,13333,0,0[CR],370369484
C,14179,1214,0,0[CR],370369812
F,15286,13331,0,0[CR],370370250
C,14176,1210,0,0[CR],370370578
F,15283,13327,0,0[CR],370371015
C,14174,1226,0,0[CR],370371453
F,15283,13326,2,19[CR],370371781
C,14170,1224,14,34[CR],370372218
F,13038,15419,27,35[CR],370372546
C,15538,1204,39,34[CR],370372984
F,13335,15204,51,33[CR],370373312
C,15660,1218,63,34[CR],370373750
F,14396,14865,76,36[CR],370374187
C,16076,1242,89,34[CR],370374515
F,15216,14676,102,33[CR],370374953
A,36320,15433,115,38[CR],370375281
F,15651,14191,128,35[CR],370375718
C,16012,1218,141,34[CR],370376046
F,16930,13674,154,36[CR],370376484
C,15556,1230,167,36[CR],370376921
F,18580,13816,181,35[CR],370377250
C,15154,1224,194,38[CR],370377593
F,19434,14282,207,33[CR],370378015
C,15100,1228,221,33[CR],370378453
F,17694,14968,234,36[CR],370378781
C,15553,1236,249,35[CR],370379218
F,15167,15464,263,34[CR],370379656
C,15945,1226,277,36[CR],370379984
F,15563,14712,291,39[CR],370380421
C,15865,1236,306,38[CR],370380750
F,16674,14314,320,35[CR],370381187
A,36252,17364,334,34[CR],370381515
F,17656,14003,348,34[CR],370381953
C,15062,1248,362,34[CR],370382390
F,18500,13965,375,33[CR],370382718
C,15108,1240,389,33[CR],370383156
F,17726,14365,404,34[CR],370383484
C,16338,1306,418,41[CR],370383921
F,15979,14456,432,38[CR],370384250
C,17052,1274,446,35[CR],370384687
F,15908,14043,460,36[CR],370385125
C,16576,1280,475,32[CR],370385468
F,17342,13605,489,35[CR],370385890
C,15452,1250,504,41[CR],370386218
F,19334,13623,520,41[CR],370386656
C,14629,1278,535,41[CR],370386984
F,21136,14273,551,41[CR],370387421
A,36272,20372,568,47[CR],370387859
F,19016,14783,584,43[CR],370388156
C,15085,1302,599,39[CR],370388734
Z,0,0,620,44[CR],370388953
C,15011,1312,632,44[CR],370389390
F,19476,14041,648,43[CR],370389718
C,14983,1314,663,41[CR],370390156
F,20102,13883,678,35[CR],370390593
C,15568,1310,694,47[CR],370390921
F,16740,13943,711,41[CR],370391359
C,15713,1316,727,39[CR],370391687
F,16578,13550,743,43[CR],370392125
C,15239,1316,760,44[CR],370392453
F,18168,13392,777,41[CR],370392890
C,14708,1314,794,44[CR],370393328
F,20012,13953,811,43[CR],370393656
A,36176,18806,827,38[CR],370394093
F,18064,14814,844,43[CR],370394421
C,15202,1320,862,49[CR],370394859
F,16518,14936,880,44[CR],370395187
C,14815,1316,898,47[CR],370395625
F,18818,13808,915,43[CR],370395968
C,14271,1316,932,38[CR],370396390
F,21146,13836,950,47[CR],370396828
C,15025,1330,966,43[CR],370397156
F,17904,13967,984,44[CR],370397593
C,15483,1334,1002,44[CR],370397921
F,16974,14119,1020,43[CR],370398359
C,14910,1330,1038,47[CR],370398796
F,19180,13847,1056,41[CR],370399125
C,14855,1338,1073,47[CR],370399562
F,18604,14638,1090,44[CR],370399890
A,36144,16220,1107,43[CR],370400328
F,15383,15304,1125,49[CR],370400656
C,18616,1390,1143,47[CR],370401093
F,13190,15199,1162,51[CR],370401531
C,19116,1394,1180,49[CR],370401859
F,13706,14331,1198,51[CR],370402296
C,19176,1402,1217,47[CR],370402625
F,14300,15072,1234,36[CR],370403062
C,18982,1382,1253,47[CR],370403390
F,14647,15401,1271,44[CR],370403828
C,18642,1402,1289,49[CR],370404265
F,15192,15377,1308,43[CR],370404593
C,18398,1408,1326,49[CR],370405031
F,15681,15219,1344,44[CR],370405359
C,18276,1402,1362,47[CR],370405796
F,16070,15118,1381,47[CR],370406125
A,36084,16199,1399,35[CR],370406562
F,16218,15104,1417,49[CR],370406921
C,17702,1402,1436,44[CR],370407328
F,16408,15051,1455,51[CR],370407765
C,17056,1416,1473,44[CR],370408093
F,16650,15435,1492,49[CR],370408531
C,16552,1402,1510,44[CR],370408859
F,17326,15485,1529,49[CR],370409296
C,15720,1410,1547,44[CR],370409734
F,18822,15569,1566,51[CR],370410062
C,14631,1442,1584,47[CR],370410500
F,21496,17192,1602,51[CR],370410828
C,15370,1468,1620,47[CR],370411265
F,22558,16291,1637,43[CR],370411593
C,18266,1448,1656,51[CR],370412031
F,13825,15632,1675,47[CR],370412468
A,36036,14348,1693,51[CR],370412796
F,14604,14447,1712,44[CR],370413234
C,15973,1452,1719,3[CR],370413562
F,15573,14926,1719,1[CR],370414000
C,14657,1466,1719,0[CR],370414343
F,16876,14394,1719,0[CR],370414765
C,14561,1468,1719,0[CR],370415203
F,17386,14223,1719,0[CR],370415531
C,14517,1466,1719,0[CR],370415968
F,17476,14158,1719,0[CR],370416296
C,14484,1462,1719,0[CR],370416734
F,17340,14128,1719,0[CR],370417062
C,14462,1470,1719,0[CR],370417500
F,17168,14130,1719,0[CR],370417937
C,14442,1472,1719,0[CR],370418265
F,17006,14143,1719,0[CR],370418703
A,36016,16900,1719,0[CR],370419140
Z,0,0,1719,0[CR],370419687
Z,0,0,1719,0[CR],370420234
Z,0,0,1719,0[CR],370420671
Z,0,0,1719,0[CR],370421218
Z,0,0,1719,0[CR],370421656
Z,0,0,1719,0[CR],370422203
Z,0,0,1719,0[CR],370422750
Z,0,0,1719,0[CR],370423187
Z,0,0,1719,0[CR],370423734
Z,0,0,1719,0[CR],370424171
Z,0,0,1719,0[CR],370424718
Z,0,0,1719,0[CR],370425265
Z,0,0,1719,0[CR],370425703
Z,0,0,1719,0[CR],370426250
Z,0,0,1719,0[CR],370426687
Z,0,0,1719,0[CR],370427234
Z,0,0,1719,0[CR],370427781
Z,0,0,1719,0[CR],370428218
Z,0,0,1719,0[CR],370428765
Z,0,0,1719,0[CR],370429203
Z,0,0,1719,0[CR],370429750
Z,0,0,1719,0[CR],370430296
Z,0,0,1719,3[CR],370430734
Z,0,0,1719,1[CR],370431281
Z,0,0,1719,0[CR],370431718
Z,0,0,1719,0[CR],370432265
Z,0,0,1719,0[CR],370432703
Z,0,0,1719,0[CR],370433250
Z,0,0,1719,0[CR],370433796
Z,0,0,1719,0[CR],370434234
Z,0,0,1719,0[CR],370434781
Z,0,0,1719,0[CR],370435328
Z,0,0,1719,0[CR],370435765
Z,0,0,1719,0[CR],370436312
Z,0,0,1719,0[CR],370436750
Z,0,0,1719,0[CR],370437296
Z,0,0,1719,0[CR],370437843
Z,0,0,1719,0[CR],370438281
Z,0,0,1719,0[CR],370438828
Z,0,0,1719,0[CR],370439265
Z,0,0,1719,0[CR],370439812
Z,0,0,1719,0[CR],370440250
Z,0,0,1719,0[CR],370440796
Z,0,0,1719,0[CR],370441343
Z,0,0,1719,0[CR],370441781
Z,0,0,1719,0[CR],370442328
Z,0,0,1719,0[CR],370442765
Z,0,0,1719,0[CR],370443312
Z,0,0,1719,0[CR],370443750
Z,0,0,1719,0[CR],370444296
Z,0,0,1719,0[CR],370444843
Z,0,0,1719,0[CR],370445281
Z,0,0,1719,60[CR],370445828
Z,0,0,1719,86[CR],370446265
Z,0,0,1719,68[CR],370446812
Z,0,0,1727,27[CR],370447140
F,15982,13848,1731,3[CR],370447578
C,14170,1464,1731,1[CR],370448015
F,16045,14956,1731,0[CR],370448343
C,14299,1468,1731,0[CR],370448781
F,16027,14966,1731,0[CR],370449109
C,14285,1468,1731,0[CR],370449546
F,16015,14977,1731,0[CR],370449875
A,35788,16004,1731,0[CR],370450312
F,15982,14981,1731,0[CR],370450750
C,14268,1470,1731,0[CR],370451093
F,15988,14983,1731,0[CR],370451515
C,14260,1468,1731,0[CR],370451843
F,15978,14978,1731,0[CR],370452281
C,14253,1474,1731,0[CR],370452609
F,15967,14976,1731,0[CR],370453046
C,14247,1466,1731,0[CR],370453484
F,15964,14976,1731,0[CR],370453812
C,14242,1464,1731,0[CR],370454250
F,15960,14973,1731,0[CR],370454578
C,14237,1468,1731,0[CR],370455015
F,15955,14968,1739,49[CR],370455343
C,14232,1472,1757,44[CR],370455781
F,13810,15503,1775,49[CR],370456218
A,35740,15073,1793,41[CR],370456546
F,15075,16432,1811,49[CR],370456984
C,15064,1460,1829,47[CR],370457312
F,14436,16704,1847,43[CR],370457750
C,15251,1496,1866,47[CR],370458078
F,15282,15629,1884,44[CR],370458515
C,15072,1482,1902,49[CR],370458953
F,16700,14769,1921,43[CR],370459281
C,14958,1482,1940,51[CR],370459718
F,17690,15077,1958,49[CR],370460046
C,14726,1478,1977,49[CR],370460484
F,18378,14828,1996,44[CR],370460812
C,14471,1480,2014,51[CR],370461250
F,19204,15312,2033,49[CR],370461687
C,14887,1486,2052,54[CR],370462015
F,18408,15457,2071,44[CR],370462453
A,35736,17970,2090,51[CR],370462781
F,17888,15642,2109,47[CR],370463156
C,15385,1490,2129,51[CR],370463546
F,17348,15266,2148,47[CR],370463984
C,15044,1476,2167,51[CR],370464421
F,17930,15180,2187,47[CR],370464750
C,14934,1494,2206,49[CR],370465187
F,17994,15711,2225,47[CR],370465515
C,15158,1502,2244,49[CR],370465953
F,17872,16044,2263,47[CR],370466281
C,15248,1518,2283,49[CR],370466718
F,16962,15817,2302,49[CR],370467156
C,14891,1508,2322,49[CR],370467484
F,17724,16223,2340,54[CR],370467921
C,15549,1520,2360,51[CR],370468250
F,17088,15866,2379,57[CR],370468687
A,35716,17044,2399,44[CR],370469015
F,17012,15602,2418,54[CR],370469453
C,15020,1524,2438,44[CR],370469890
F,16528,15853,2457,51[CR],370470265
C,14866,1520,2476,47[CR],370470656
F,17484,15855,2496,51[CR],370470984
C,15314,1526,2515,44[CR],370471421
F,17944,16155,2533,47[CR],370471750
C,15950,1542,2552,49[CR],370472187
F,15522,16373,2572,51[CR],370472625
C,16015,1538,2591,44[CR],370472953
F,14977,15399,2610,47[CR],370473390
C,15783,1554,2629,49[CR],370473718
F,16494,14137,2649,51[CR],370474156
C,15165,1584,2668,41[CR],370474484
F,18796,14086,2686,49[CR],370474921
A,35672,18908,2706,57[CR],370475359
F,17914,15282,2726,49[CR],370475687
C,15863,1598,2745,54[CR],370476125
F,16932,15089,2765,49[CR],370476453
C,15213,1612,2784,51[CR],370476890
F,16974,15517,2803,47[CR],370477218
C,15310,1618,2822,51[CR],370477656
F,16922,16002,2841,44[CR],370478093
C,15637,1618,2859,51[CR],370478421
F,16696,15258,2878,43[CR],370478859
C,15178,1636,2897,51[CR],370479187
F,18024,14179,2916,54[CR],370479625
C,14695,1640,2938,51[CR],370479953
F,19792,14664,2956,47[CR],370480390
C,15054,1644,2975,51[CR],370480734
F,19738,14567,2995,47[CR],370481156
A,35636,19818,3014,51[CR],370481593
F,19844,14670,3033,43[CR],370481921
C,14773,1648,3053,49[CR],370482359
F,19410,15079,3072,57[CR],370482687
C,15045,1670,3092,49[CR],370483125
F,18594,15559,3111,54[CR],370483562
C,15445,1686,3131,47[CR],370483890
F,19282,14652,3150,54[CR],370484328
C,16056,1684,3169,47[CR],370484656
F,17460,14849,3189,54[CR],370485093
C,15716,1690,3210,43[CR],370485421
F,18742,13689,3230,49[CR],370485859
C,15206,1698,3248,47[CR],370486296
F,21152,14138,3267,49[CR],370486625
C,16144,1702,3286,41[CR],370487062
F,20344,14553,3305,47[CR],370487390
A,35652,19262,3323,41[CR],370487828
F,17360,15741,3343,51[CR],370488156
C,18564,1724,3361,41[CR],370488593
F,12906,15973,3381,49[CR],370489031
C,18054,1716,3401,54[CR],370489359
F,14037,14512,3420,49[CR],370489796
C,17696,1730,3439,54[CR],370490125
F,15133,15325,3458,49[CR],370490562
C,18618,1726,3477,54[CR],370490890
F,12880,15421,3496,47[CR],370491328
C,17972,1736,3515,51[CR],370491765
F,14209,14227,3535,47[CR],370492093
C,18020,1744,3554,54[CR],370492531
F,15390,14601,3573,47[CR],370492859
C,18406,1742,3592,54[CR],370493296
F,16360,15095,3611,44[CR],370493625
A,35580,16862,3630,51[CR],370494062
F,17152,15181,3649,49[CR],370494500
C,17836,1730,3668,54[CR],370494828
F,18012,15836,3687,47[CR],370495265
C,17588,1738,3707,51[CR],370495593
F,16704,15901,3719,5[CR],370496031
C,16436,1740,3719,1[CR],370496359
F,18912,14787,3719,1[CR],370496796
C,15451,1750,3719,0[CR],370497234
F,20032,14359,3719,0[CR],370497562
C,15397,1740,3719,0[CR],370498000
F,20178,14163,3719,0[CR],370498328
C,15362,1740,3719,0[CR],370498765
F,19970,14042,3719,0[CR],370499093
C,15337,1742,3719,0[CR],370499531
F,19596,13974,3719,0[CR],370499968
A,35580,19320,3719,0[CR],370500296
F,19204,13925,3719,0[CR],370500671
C,15296,1738,3719,0[CR],370501062
F,18886,13881,3719,0[CR],370501500
C,15256,1756,3719,0[CR],370501937
Z,0,0,3719,0[CR],370502484
Z,0,0,3719,0[CR],370503031
Z,0,0,3719,0[CR],370503468
Z,0,0,3719,0[CR],370504015
Z,0,0,3719,0[CR],370504453
Z,0,0,3719,0[CR],370505000
Z,0,0,3719,0[CR],370505546
Z,0,0,3719,0[CR],370505984
Z,0,0,3719,0[CR],370506531
Z,0,0,3719,0[CR],370506968
Z,0,0,3719,0[CR],370507515
Z,0,0,3719,0[CR],370508062
Z,0,0,3719,0[CR],370508500
Z,0,0,3719,0[CR],370509046
Z,0,0,3719,0[CR],370509593
Z,0,0,3719,0[CR],370510031
Z,0,0,3719,0[CR],370510578
Z,0,0,3719,0[CR],370511125
Z,0,0,3719,0[CR],370511562
Z,0,0,3719,0[CR],370512109
Z,0,0,3719,0[CR],370512546
Z,0,0,3719,0[CR],370513093
Z,0,0,3719,0[CR],370513640
Z,0,0,3719,0[CR],370514078
Z,0,0,3719,0[CR],370514625
Z,0,0,3719,0[CR],370515062
Z,0,0,3719,0[CR],370515609
Z,0,0,3719,0[CR],370516156
Z,0,0,3719,0[CR],370516593
Z,0,0,3719,0[CR],370517140
Z,0,0,3719,0[CR],370517578
Z,0,0,3719,0[CR],370518125
Z,0,0,3719,0[CR],370518671
Z,0,0,3719,0[CR],370519109
Z,0,0,3719,0[CR],370519656
Z,0,0,3719,0[CR],370520093
Z,0,0,3719,0[CR],370520640
Z,0,0,3719,0[CR],370521078
Z,0,0,3719,0[CR],370521625
Z,0,0,3719,0[CR],370522171
Z,0,0,3719,0[CR],370522609
Z,0,0,3719,0[CR],370523156
Z,0,0,3719,0[CR],370523593
Z,0,0,3719,0[CR],370524140
Z,0,0,3719,0[CR],370524578
Z,0,0,3719,0[CR],370525125
Z,0,0,3719,0[CR],370525671
Z,0,0,3719,12[CR],370526109
Z,0,0,3719,1[CR],370526656
Z,0,0,3719,47[CR],370527093
Z,0,0,3719,39[CR],370527640
Z,0,0,3719,34[CR],370528187
Z,0,0,3719,3[CR],370528625
Z,0,0,3719,1[CR],370529171
Z,0,0,3719,0[CR],370529609
Z,0,0,3719,0[CR],370530156
Z,0,0,3719,0[CR],370530703
Z,0,0,3719,57[CR],370531140
Z,0,0,3719,57[CR],370531687
Z,0,0,3726,7[CR],370531906
C,14533,1746,3731,18[CR],370532343
F,17058,13118,3732,2[CR],370532781
C,14695,1742,3732,1[CR],370533109
F,17082,13351,3732,0[CR],370533546
C,14721,1740,3732,0[CR],370533875
F,17062,13364,3732,0[CR],370534312
C,14726,1728,3732,0[CR],370534640
F,17050,13366,3732,0[CR],370535078
C,14727,1744,3732,0[CR],370535515
F,17042,13363,3732,0[CR],370535843
C,14726,1760,3732,0[CR],370536281
F,17036,13355,3732,0[CR],370536609
C,14723,1752,3732,0[CR],370537046
F,17026,13346,3732,0[CR],370537375
A,35408,17022,3732,0[CR],370537812
F,17008,13342,3732,0[CR],370538250
C,14717,1738,3732,0[CR],370538578
F,17010,13332,3732,0[CR],370539015
C,14714,1748,3732,0[CR],370539343
F,17004,13324,3732,0[CR],370539781
C,14710,1748,3742,43[CR],370540109
F,16994,14111,3761,51[CR],370540546
C,17080,1740,3780,49[CR],370540984
F,16598,15887,3798,54[CR],370541312
C,18266,1748,3817,47[CR],370541750
F,14892,15597,3836,54[CR],370542078
C,18498,1748,3856,51[CR],370542515
F,14878,14761,3875,51[CR],370542843
C,18114,1768,3894,44[CR],370543281
F,15990,14581,3913,54[CR],370543718
A,35416,16980,3933,44[CR],370544046
F,17348,14765,3952,54[CR],370544484
C,17366,1772,3971,44[CR],370544812
F,18446,15070,3990,44[CR],370545250
C,16616,1788,4008,43[CR],370545578
F,19452,15936,4028,51[CR],370546015
C,16564,1800,4047,43[CR],370546359
F,19634,16145,4066,54[CR],370546781
C,17664,1806,4085,44[CR],370547218
F,18018,16357,4104,51[CR],370547546
C,19568,1800,4124,47[CR],370547984
F,14714,15604,4143,49[CR],370548312
C,20092,1820,4162,44[CR],370548750
F,15596,14790,4181,49[CR],370549187
C,19138,1832,4200,44[CR],370549515
F,16608,14898,4219,51[CR],370549953
A,35384,17472,4238,43[CR],370550281
F,17862,15660,4257,49[CR],370550718
C,18236,1828,4276,39[CR],370551046
F,17154,17602,4296,51[CR],370551484
C,19216,1832,4315,43[CR],370551921
F,13141,17192,4334,49[CR],370552250
C,19474,1832,4353,51[CR],370552687
F,14293,15508,4372,49[CR],370553015
C,20494,1840,4391,54[CR],370553453
F,14752,15564,4410,51[CR],370553781
C,20322,1838,4430,57[CR],370554218
F,15529,15307,4450,47[CR],370554656
C,19812,1852,4468,51[CR],370554984
F,16270,15499,4487,47[CR],370555421
C,19274,1834,4506,51[CR],370555750
F,17056,15483,4525,47[CR],370556187
A,35308,17602,4544,51[CR],370556515
F,17748,15787,4563,44[CR],370556921
C,18646,1834,4582,51[CR],370557390
F,18060,15866,4601,47[CR],370557718
C,17410,1836,4620,51[CR],370558156
F,18768,16374,4639,49[CR],370558484
C,17792,1842,4658,51[CR],370558921
F,17340,17678,4676,47[CR],370559250
C,19658,1852,4694,51[CR],370559687
F,13686,17058,4712,41[CR],370560125
C,20360,1846,4731,60[CR],370560453
F,14098,15946,4752,49[CR],370560890
C,20514,1840,4771,51[CR],370561218
F,14975,15455,4790,47[CR],370561656
C,20018,1880,4809,54[CR],370561984
F,15654,15721,4829,47[CR],370562421
A,35296,16085,4848,51[CR],370562859
F,16196,16345,4867,47[CR],370563187
C,18214,1884,4887,51[CR],370563625
F,17134,16143,4905,43[CR],370563953
C,17560,1874,4923,49[CR],370564390
F,18714,16626,4939,44[CR],370564734
C,21408,1886,4958,54[CR],370565156
F,13427,17432,4977,47[CR],370565593
C,25096,1894,4996,44[CR],370565921
F,10310,17058,5014,49[CR],370566359
C,25804,1892,5033,41[CR],370566687
F,10788,15231,5053,49[CR],370567125
C,25840,1898,5071,44[CR],370567453
F,11147,14768,5091,49[CR],370567890
C,25820,1900,5110,54[CR],370568328
F,11563,14380,5129,49[CR],370568656
A,35300,11915,5149,54[CR],370569093
F,12056,14049,5169,49[CR],370569421
C,25724,1908,5188,54[CR],370569859
F,12673,13683,5207,47[CR],370570187
C,25636,1904,5227,51[CR],370570625
F,13302,13542,5246,47[CR],370571062
C,25536,1912,5265,51[CR],370571390
F,13982,13559,5285,47[CR],370571828
C,25552,1902,5304,49[CR],370572156
F,14693,13509,5323,43[CR],370572593
C,25524,1896,5341,49[CR],370572921
F,15381,13549,5360,44[CR],370573359
C,25216,1904,5379,51[CR],370573796
F,16065,13532,5398,47[CR],370574125
C,24964,1898,5417,51[CR],370574562
F,16454,13627,5435,44[CR],370574890
A,35268,16908,5455,51[CR],370575328
F,17046,13734,5474,47[CR],370575671
C,25152,1906,5493,51[CR],370576093
F,17450,13768,5511,44[CR],370576531
C,25760,1914,5530,49[CR],370576859
F,17504,13760,5549,47[CR],370577296
C,26732,1918,5568,51[CR],370577625
F,17494,13536,5587,44[CR],370578062
C,27780,1918,5606,49[CR],370578390
F,17374,13479,5624,44[CR],370578828
C,27400,1940,5643,49[CR],370579265
F,17442,13506,5661,44[CR],370579593
C,27196,1944,5678,51[CR],370580031
F,17610,13636,5697,47[CR],370580359
C,27196,1944,5715,51[CR],370580796
F,17468,13714,5718,2[CR],370581125
A,35272,17570,5718,1[CR],370581562
F,17642,13921,5718,0[CR],370582000
C,24118,1902,5718,0[CR],370582328
F,17710,13963,5718,0[CR],370582765
C,23872,1900,5718,0[CR],370583093
F,17712,13979,5718,0[CR],370583531
C,23730,1908,5718,0[CR],370583859
F,17710,13988,5718,0[CR],370584296
C,23632,1904,5718,0[CR],370584734
F,17714,13996,5718,0[CR],370585062
C,23558,1910,5718,0[CR],370585500
F,17714,14003,5718,0[CR],370585828
C,23496,1902,5718,0[CR],370586265
F,17704,13961,5718,0[CR],370586703
Z,0,0,5718,0[CR],370587250
Z,0,0,5718,0[CR],370587796
Z,0,0,5718,0[CR],370588234
Z,0,0,5718,0[CR],370588781
Z,0,0,5718,0[CR],370589328
Z,0,0,5718,0[CR],370589765
Z,0,0,5718,0[CR],370590312
Z,0,0,5718,0[CR],370590750
Z,0,0,5718,0[CR],370591296
Z,0,0,5718,0[CR],370591843
Z,0,0,5718,0[CR],370592281
Z,0,0,5718,0[CR],370592828
Z,0,0,5718,0[CR],370593265
Z,0,0,5718,0[CR],370593812
Z,0,0,5718,0[CR],370594359
Z,0,0,5718,0[CR],370594796
Z,0,0,5718,0[CR],370595343
Z,0,0,5718,0[CR],370595781
Z,0,0,5718,0[CR],370596328
Z,0,0,5718,0[CR],370596875
Z,0,0,5718,0[CR],370597312
Z,0,0,5718,0[CR],370597859
Z,0,0,5718,0[CR],370598406
Z,0,0,5718,0[CR],370598843
Z,0,0,5718,0[CR],370599390
Z,0,0,5718,0[CR],370599828
Z,0,0,5718,0[CR],370600375
Z,0,0,5718,0[CR],370600812
Z,0,0,5718,0[CR],370601359
Z,0,0,5718,0[CR],370601906
Z,0,0,5718,0[CR],370602343
Z,0,0,5718,0[CR],370602890
Z,0,0,5718,0[CR],370603328
Z,0,0,5718,0[CR],370603875
Z,0,0,5718,0[CR],370604312
Z,0,0,5718,0[CR],370604859
Z,0,0,5718,0[CR],370605406
Z,0,0,5718,0[CR],370605843
Z,0,0,5718,0[CR],370606390
Z,0,0,5718,0[CR],370606828
Z,0,0,5718,0[CR],370607375
Z,0,0,5718,0[CR],370607921
Z,0,0,5718,2[CR],370608359
Z,0,0,5718,86[CR],370608906
Z,0,0,5718,57[CR],370609343
Z,0,0,5718,57[CR],370609890
Z,0,0,5720,24[CR],370610109
C,20406,1898,5720,4[CR],370610437
F,17686,13082,5720,1[CR],370610875
C,20528,1910,5720,0[CR],370611203
F,17674,13087,5720,0[CR],370611640
C,20528,1902,5720,0[CR],370612078
F,17682,13086,5720,0[CR],370612406
A,35184,17682,5720,0[CR],370612843
F,17670,13085,5720,0[CR],370613171
C,20520,1898,5720,0[CR],370613609
F,17680,13082,5720,0[CR],370613937
C,20514,1894,5720,0[CR],370614375
F,17682,13078,5720,0[CR],370614812
C,20508,1906,5720,0[CR],370615140
F,17680,13077,5720,0[CR],370615578
C,20502,1902,5720,0[CR],370615906
F,17676,13075,5720,0[CR],370616343
C,20496,1910,5720,0[CR],370616671
F,17676,13072,5720,0[CR],370617109
C,20490,1898,5720,0[CR],370617546
F,17682,13071,5727,28[CR],370617875
C,20484,1910,5738,51[CR],370618312
F,17744,13778,5757,44[CR],370618640
A,35204,17456,5776,51[CR],370619078
F,17480,13700,5795,44[CR],370619406
C,25656,1940,5814,49[CR],370619843
F,17552,13904,5833,44[CR],370620312
C,23478,1954,5853,51[CR],370620609
F,17638,13602,5872,47[CR],370621046
C,20768,1944,5891,51[CR],370621375
F,17742,14367,5910,44[CR],370621812
C,19134,1942,5929,49[CR],370622140
F,17938,16454,5948,41[CR],370622578
C,18096,1948,5967,47[CR],370623015
F,23524,16990,5986,44[CR],370623343
C,18592,1946,6004,49[CR],370623781
F,16586,18336,6022,44[CR],370624109
C,20346,1980,6041,51[CR],370624546
F,11856,17482,6060,49[CR],370624875
A,35184,11659,6079,51[CR],370625312
F,11760,15575,6098,49[CR],370625750
C,21974,1974,6118,51[CR],370626078
F,13212,15579,6137,44[CR],370626515
C,21642,1980,6155,51[CR],370626843
F,14679,16203,6174,49[CR],370627281
C,20624,1970,6193,49[CR],370627609
F,16254,16618,6212,43[CR],370628046
C,19372,1964,6231,47[CR],370628484
F,18074,17450,6249,39[CR],370628812
C,19420,1980,6267,49[CR],370629250
F,19014,18924,6285,44[CR],370629578
C,24258,2006,6304,51[CR],370630015
F,9967,18330,6323,47[CR],370630359
C,26368,1988,6342,54[CR],370630781
F,9504,16722,6361,49[CR],370631218
A,35192,9913,6380,51[CR],370631546
F,10096,14708,6399,44[CR],370631937
C,25992,2012,6418,51[CR],370632312
F,10774,13973,6437,47[CR],370632750
C,26008,2026,6455,54[CR],370633078
F,11615,13851,6475,41[CR],370633515
C,25924,2022,6493,54[CR],370633953
F,12823,13646,6512,47[CR],370634281
C,25832,2024,6532,54[CR],370634718
F,14379,13503,6551,49[CR],370635046
C,26128,2030,6571,54[CR],370635484
F,16083,13775,6590,47[CR],370635812
C,25928,2014,6609,51[CR],370636250
F,17344,13647,6628,41[CR],370636687
C,25900,2026,6648,49[CR],370637015
F,18004,13721,6666,44[CR],370637453
A,35172,18084,6685,49[CR],370637781
F,18038,13849,6703,44[CR],370638218
C,27008,2026,6722,51[CR],370638546
F,17954,14263,6741,44[CR],370638984
C,27524,2024,6759,49[CR],370639421
F,18096,14164,6778,44[CR],370639750
C,28360,2036,6797,49[CR],370640187
F,17894,14520,6816,44[CR],370640515
C,29808,2050,6834,54[CR],370640953
F,17812,15207,6853,44[CR],370641281
C,30020,2058,6871,54[CR],370641718
F,18046,14341,6890,47[CR],370642156
C,31000,2026,6908,49[CR],370642484
F,17938,15477,6927,49[CR],370642921
C,33096,2034,6944,38[CR],370643250
F,17942,15777,6963,49[CR],370643687
A,35196,17900,6981,43[CR],370644015
F,17622,16934,6999,47[CR],370644453
C,36164,2006,7016,44[CR],370644890
F,17566,16351,7033,39[CR],370645218
C,40344,2014,7054,49[CR],370645656
F,17566,15249,7072,57[CR],370645984
C,37960,1950,7091,47[CR],370646421
F,17676,15438,7109,39[CR],370646750
C,37312,2008,7128,47[CR],370647187
F,17890,14814,7147,43[CR],370647625
C,36520,1988,7167,51[CR],370647953
F,17676,15124,7185,38[CR],370648390
C,34656,2014,7203,49[CR],370648718
F,17252,15318,7222,44[CR],370649156
C,33496,2026,7242,49[CR],370649484
F,17792,15423,7260,39[CR],370649921
A,35172,17926,7279,49[CR],370650359
F,17242,15886,7298,41[CR],370650734
C,32516,1924,7317,49[CR],370651125
F,17830,16506,7335,43[CR],370651468
C,31408,2016,7354,49[CR],370651890
F,17402,15187,7372,44[CR],370652218
C,31852,2010,7390,49[CR],370652656
F,17526,16159,7408,44[CR],370653093
C,33296,2036,7426,51[CR],370653421
F,15995,18604,7444,47[CR],370653859
C,33676,1940,7462,36[CR],370654187
F,11813,17162,7480,47[CR],370654625
C,35768,1852,7498,47[CR],370654953
F,12825,18518,7515,49[CR],370655390
C,36316,1860,7534,54[CR],370655828
F,15044,15679,7553,47[CR],370656156
A,35220,16335,7571,44[CR],370656593
F,17256,18468,7590,51[CR],370656921
C,38744,2570,7609,47[CR],370657359
F,17076,19036,7626,35[CR],370657718
C,34220,1774,7644,47[CR],370658171
F,17536,25496,7662,49[CR],370658500
C,36552,1726,7681,51[CR],370658953
F,18326,25184,7700,47[CR],370659281
C,34288,2000,7718,23[CR],370659718
F,17726,20120,7718,2[CR],370660062
C,28052,1536,7718,1[CR],370660500
F,18496,19678,7718,0[CR],370660828
C,26816,1690,7718,0[CR],370661265
F,18638,19758,7718,0[CR],370661593
C,26492,1680,7718,0[CR],370662031
F,18650,19844,7718,0[CR],370662468
A,35188,18652,7718,0[CR],370662906
Z,0,0,7718,0[CR],370663234
C,26104,1680,7718,0[CR],370663562
F,17916,12675,7718,0[CR],370664000
C,11392,1744,7718,0[CR],370664328
F,17870,12677,7718,0[CR],370664765
C,11414,1776,7718,0[CR],370665203
F,18348,12679,7718,0[CR],370665656
Z,0,0,7718,10[CR],370666187
Z,0,0,7718,1[CR],370666296
C,11444,1786,7718,1[CR],370666843
Z,0,0,7718,0[CR],370667281
Z,0,0,7718,0[CR],370667828
Z,0,0,7718,0[CR],370668375
Z,0,0,7718,0[CR],370668812
Z,0,0,7718,0[CR],370669359
Z,0,0,7718,0[CR],370669906
Z,0,0,7718,0[CR],370670343
Z,0,0,7718,0[CR],370670890
Z,0,0,7718,0[CR],370671328
Z,0,0,7718,0[CR],370671875
Z,0,0,7718,0[CR],370672421
Z,0,0,7718,0[CR],370672859
Z,0,0,7718,0[CR],370673406
Z,0,0,7718,0[CR],370673843
Z,0,0,7718,0[CR],370674390
Z,0,0,7718,0[CR],370674828
Z,0,0,7718,0[CR],370675375
Z,0,0,7718,0[CR],370675921
Z,0,0,7718,0[CR],370676359
Z,0,0,7718,0[CR],370676906
Z,0,0,7718,0[CR],370677343
Z,0,0,7718,0[CR],370677890
Z,0,0,7718,0[CR],370678437
Z,0,0,7718,0[CR],370678875
Z,0,0,7718,0[CR],370679421
Z,0,0,7718,0[CR],370679859
Z,0,0,7718,0[CR],370680406
Z,0,0,7718,0[CR],370680953
Z,0,0,7718,0[CR],370681390
Z,0,0,7718,0[CR],370681937
Z,0,0,7718,0[CR],370682375
Z,0,0,7718,0[CR],370682921
Z,0,0,7718,0[CR],370683359
Z,0,0,7718,0[CR],370683906
Z,0,0,7718,0[CR],370684453
Z,0,0,7718,0[CR],370684890
Z,0,0,7718,0[CR],370685437
Z,0,0,7718,5[CR],370685875
Z,0,0,7718,51[CR],370685984
P,29348,13641,7718,47[CR],370686421
Z,0,0,7718,41[CR],370686968
Z,0,0,7718,18[CR],370687406
Z,0,0,7718,32[CR],370687953
Z,0,0,7718,39[CR],370688390
Z,0,0,7718,41[CR],370688937
Z,0,0,7718,10[CR],370689375
F,18584,12682,7718,7[CR],370689812
C,11426,1782,7718,2[CR],370690140
F,18592,12682,7718,1[CR],370690578
C,11449,1790,7718,0[CR],370690906
F,18590,12683,7718,0[CR],370691343
C,11450,1776,7718,0[CR],370691671
F,18586,12682,7718,0[CR],370692109
C,11451,1778,7718,0[CR],370692656
Z,0,0,7718,4[CR],370692875
C,11451,1770,7718,2[CR],370693312
F,18558,12684,7718,1[CR],370693640
A,35236,18618,7718,0[CR],370694078
F,18596,12683,7718,0[CR],370694406
C,11864,1804,7718,0[CR],370694843
F,18590,12682,7718,0[CR],370695281
C,11865,1790,7718,0[CR],370695609
F,18588,12682,7718,0[CR],370696046
C,11863,1800,7718,0[CR],370696375
F,18584,12682,7718,36[CR],370696812
C,11863,1814,7720,41[CR],370697140
F,18346,13381,7734,31[CR],370697578
C,16994,1778,7750,47[CR],370698015
F,18474,13673,7768,47[CR],370698359
C,27548,1792,7786,51[CR],370698781
F,17562,16914,7805,49[CR],370699109
C,26780,1866,7823,43[CR],370699546
F,17352,17750,7843,49[CR],370699875
A,35232,16155,7861,54[CR],370700312
F,16249,18180,7880,49[CR],370700671
C,25284,1792,7899,49[CR],370701078
F,17722,19042,7918,47[CR],370701515
C,25416,1806,7936,43[CR],370701843
F,18094,19296,7955,49[CR],370702281
C,25572,1794,7973,41[CR],370702609
F,17984,19444,7992,47[CR],370703046
C,25440,1798,8011,47[CR],370703484
F,17696,18952,8030,51[CR],370703812
C,25340,1776,8049,44[CR],370704250
F,18332,18246,8067,47[CR],370704578
C,25824,1784,8086,44[CR],370705015
F,18850,17850,8105,49[CR],370705343
C,28248,1752,8123,47[CR],370705781
F,18722,17558,8141,49[CR],370706218
A,35236,18272,8159,47[CR],370706546
F,17858,17680,8177,54[CR],370706984
C,37296,1784,8196,47[CR],370707312
F,16518,17080,8213,38[CR],370707750
C,37932,1764,8232,51[CR],370708078
F,17916,17302,8250,43[CR],370708515
C,38160,1798,8269,47[CR],370708859
F,18418,17528,8286,41[CR],370709281
C,38324,1790,8303,54[CR],370709718
F,18040,16992,8321,49[CR],370710046
C,39200,1738,8338,38[CR],370710484
F,18436,17080,8354,41[CR],370710921
Z,0,0,8368,27[CR],370711250
F,18234,16340,8374,14[CR],370711687
C,42536,1794,8379,12[CR],370712015
F,18324,16240,8383,9[CR],370712453
A,35268,18158,8386,8[CR],370712781
F,17822,16392,8389,6[CR],370713218
C,42992,1808,8390,3[CR],370713546
F,18394,17768,8392,3[CR],370713984
C,43032,1802,8392,2[CR],370714421
F,18716,17636,8393,2[CR],370714750
C,42984,1802,8394,1[CR],370715187
F,18888,17930,8394,1[CR],370715515
C,43000,1806,8395,1[CR],370715953
F,18910,18016,8395,1[CR],370716281
C,42904,1802,8396,1[CR],370716718
F,18852,18150,8396,1[CR],370717156
C,42696,1732,8396,0[CR],370717484
F,18818,18400,8396,0[CR],370717921
C,42784,1812,8397,0[CR],370718250
F,18774,18470,8397,0[CR],370718687
A,35300,18818,8397,0[CR],370719015
F,18792,18516,8397,0[CR],370719453
C,42944,1802,8398,0[CR],370719890
F,18840,18686,8398,0[CR],370720218
C,42808,1800,8398,0[CR],370720656
F,18810,18932,8398,0[CR],370720984
C,42648,1798,8399,0[CR],370721421
F,18854,18934,8399,0[CR],370721750
C,42408,1806,8399,0[CR],370722187
F,18902,19002,8399,0[CR],370722625
C,42184,1806,8399,0[CR],370722953
F,18870,18236,8399,0[CR],370723390
C,41088,1790,8399,0[CR],370723718
F,18908,17772,8399,0[CR],370724156
C,40160,1810,8400,0[CR],370724484
F,18914,17992,8401,0[CR],370724921
A,35276,18844,8401,1[CR],370725359
F,18860,18102,8402,1[CR],370725687
C,41632,1804,8402,1[CR],370726125
F,18860,17774,8402,0[CR],370726453
C,39932,1798,8402,0[CR],370726890
F,18892,17476,8402,0[CR],370727218
C,38400,1798,8402,0[CR],370727656
F,18892,17040,8402,0[CR],370728093
C,36896,1796,8402,0[CR],370728421
F,18914,16660,8402,0[CR],370728859
C,36508,1804,8402,0[CR],370729187
F,18924,16656,8402,0[CR],370729625
C,36400,1798,8402,0[CR],370729953
F,18924,16656,8402,0[CR],370730390
C,36320,1800,8402,0[CR],370730828
F,18922,16658,8402,0[CR],370731156
A,35296,18932,8402,0[CR],370731593
F,18918,16660,8402,0[CR],370731921
C,36188,1802,8402,0[CR],370732359
F,18932,16658,8402,0[CR],370732687
C,36132,1800,8402,0[CR],370733125
F,18924,16658,8402,0[CR],370733562
C,36084,1800,8402,0[CR],370733890
F,18924,16658,8402,0[CR],370734328
C,36036,1802,8402,15[CR],370734656
F,18934,16658,8402,9[CR],370735093
C,36008,1798,8402,12[CR],370735421
F,18930,16712,8402,12[CR],370735859
C,36272,1810,8405,24[CR],370736296
F,19034,17996,8414,23[CR],370736625
C,40984,1798,8425,22[CR],370737062
F,18480,21184,8434,31[CR],370737390
A,35304,18540,8448,34[CR],370737828
F,18004,20660,8462,41[CR],370738171
C,42120,1784,8477,36[CR],370738593
F,18338,21482,8495,47[CR],370739031
C,39392,1778,8512,44[CR],370739359
F,18026,21218,8531,57[CR],370739796
C,38296,1882,8553,51[CR],370740125
F,18280,21428,8574,49[CR],370740562
C,35480,1738,8594,57[CR],370740890
F,16722,20918,8614,18[CR],370741328
C,36984,1654,8614,2[CR],370741765
F,18158,20454,8614,1[CR],370742093
C,33460,1850,8614,0[CR],370742531
F,18996,20592,8614,0[CR],370742859
C,33020,1842,8614,0[CR],370743296
F,19036,20716,8614,0[CR],370743625
A,35324,19046,8614,0[CR],370744062
F,19036,20826,8614,0[CR],370744500
C,32648,1834,8614,0[CR],370744828
F,19048,20918,8614,0[CR],370745375
Z,0,0,8614,0[CR],370745593
F,19046,20994,8614,0[CR],370746031
C,32404,1844,8614,0[CR],370746359
F,19048,21072,8614,0[CR],370746906
Z,0,0,8614,0[CR],370747234
F,19058,21132,8614,0[CR],370747562
C,32212,1828,8614,0[CR],370748000
F,19056,21186,8614,0[CR],370748328
C,32140,1842,8614,0[CR],370748765
F,19048,21238,8614,0[CR],370749093
C,32064,1834,8619,60[CR],370749531
F,19058,21280,8638,43[CR],370749968
A,35344,18858,8657,51[CR],370750296
F,18492,17566,8675,47[CR],370750734
C,38184,1886,8692,43[CR],370751062
F,18310,18814,8711,44[CR],370751500
C,38296,1898,8729,49[CR],370751828
F,18318,16502,8748,49[CR],370752265
C,36912,1862,8767,44[CR],370752703
F,18736,16552,8786,49[CR],370753031
C,35404,1876,8804,41[CR],370753468
F,18418,17246,8821,49[CR],370753796
C,35500,1898,8839,43[CR],370754234
F,18434,18544,8855,35[CR],370754562
C,34132,1910,8869,34[CR],370755000
F,18698,18156,8884,38[CR],370755437
C,34180,1890,8896,32[CR],370755765
F,18504,16926,8905,15[CR],370756203
A,35356,18692,8909,10[CR],370756531
F,18362,16530,8913,9[CR],370756921
C,35088,1890,8916,9[CR],370757296
F,19144,16722,8920,7[CR],370757734
C,35008,1948,8923,9[CR],370758171
F,19156,17322,8926,7[CR],370758500
C,34512,1958,8929,7[CR],370758937
F,18836,17674,8932,6[CR],370759265
C,33988,1956,8935,7[CR],370759703
F,18912,21748,8938,7[CR],370760031
C,33724,1958,8941,7[CR],370760468
F,19170,21282,8943,7[CR],370760906
C,33948,1960,8947,10[CR],370761234
F,19142,21776,8951,11[CR],370761671
C,34548,1952,8955,9[CR],370762000
F,18948,23780,8958,10[CR],370762437
A,35356,19068,8962,9[CR],370762765
F,18832,24090,8966,8[CR],370763203
C,35352,1952,8969,8[CR],370763640
F,18892,24796,8973,10[CR],370764015
C,34820,1956,8977,9[CR],370764406
F,18760,24672,8980,9[CR],370764734
C,33956,1964,8984,9[CR],370765171
F,16920,26144,8986,4[CR],370765500
C,33960,1960,8986,1[CR],370765937
F,18848,25204,8986,1[CR],370766375
C,32004,1948,8986,0[CR],370766703
F,19142,25120,8986,0[CR],370767140
C,31616,1948,8986,0[CR],370767468
F,19192,25188,8986,0[CR],370767906
C,31364,1968,8986,0[CR],370768234
F,19210,25244,8986,0[CR],370768671
A,35396,19210,8986,0[CR],370769109
F,19200,25288,8986,0[CR],370769437
C,31052,1938,8986,0[CR],370769875
F,19228,25320,8986,0[CR],370770203
C,30960,1940,8986,0[CR],370770750
Z,0,0,8986,0[CR],370770968
C,30864,1966,8988,8[CR],370771406
F,19228,25280,8991,7[CR],370771843
C,33536,1968,8993,6[CR],370772171
F,19148,23648,8996,6[CR],370772609
C,33684,1958,8999,6[CR],370772937
F,19152,23220,9001,6[CR],370773375
C,33664,1954,9003,5[CR],370773703
F,19152,23238,9005,5[CR],370774140
C,33776,1960,9007,4[CR],370774468
F,19156,23434,9008,4[CR],370774906
A,35384,19110,9008,1[CR],370775343
F,19116,23584,9010,7[CR],370775671
C,32364,1962,9012,4[CR],370776109
F,19176,23420,9014,4[CR],370776437
C,33796,1948,9015,4[CR],370776875
F,19150,23230,9017,4[CR],370777312
C,33872,1960,9019,3[CR],370777640
F,18876,23110,9020,3[CR],370778078
C,33936,1954,9021,3[CR],370778406
F,19088,22746,9023,4[CR],370778843
C,34060,1956,9025,4[CR],370779171
F,19212,22906,9026,4[CR],370779609
C,34096,1956,9028,4[CR],370780046
F,19074,22898,9030,4[CR],370780375
C,34040,1940,9031,4[CR],370780812
F,19352,23166,9033,4[CR],370781140
A,35412,19122,9035,5[CR],370781578
F,19026,23798,9036,5[CR],370781906
C,33780,1942,9037,1[CR],370782343
F,19296,24088,9037,1[CR],370782781
C,32232,1964,9040,9[CR],370783109
F,19368,24014,9043,6[CR],370783546
C,33584,1952,9044,3[CR],370783875
F,19148,24728,9047,6[CR],370784312
C,33044,1950,9052,14[CR],370784640
F,19122,23338,9055,7[CR],370785078
C,33500,1956,9057,5[CR],370785515
F,19052,23958,9059,4[CR],370785843
C,33092,1960,9061,4[CR],370786281
F,19132,23750,9063,4[CR],370786609
C,32988,1960,9064,4[CR],370787046
F,19168,23644,9066,4[CR],370787375
A,35424,18830,9067,3[CR],370787812
F,18906,23740,9068,3[CR],370788250
C,32664,1948,9069,2[CR],370788578
F,19234,22110,9071,2[CR],370789015
C,32504,1964,9072,2[CR],370789343
F,19288,21028,9073,2[CR],370789781
C,32464,1952,9074,2[CR],370790109
F,19176,21128,9075,2[CR],370790546
C,32348,1962,9076,2[CR],370790984
F,19328,21008,9076,2[CR],370791312
C,32152,1950,9076,1[CR],370791750
F,19308,21070,9076,0[CR],370792078
C,31296,1960,9076,0[CR],370792515
F,19240,20128,9076,0[CR],370792843
C,27852,1956,9076,0[CR],370793281
F,19100,13500,9076,0[CR],370793718
A,35444,18414,9076,0[CR],370794046
F,18106,12672,9076,0[CR],370794484
C,10339,1952,9076,103[CR],370794812
F,18694,12677,9076,129[CR],370795250
C,11901,1952,9134,129[CR],370795578
F,18654,14863,9176,73[CR],370796015
C,31612,1864,9201,64[CR],370796453
F,18776,14638,9212,4[CR],370796781
C,29864,1968,9212,1[CR],370797218
F,19096,15455,9212,1[CR],370797546
C,27360,1960,9212,0[CR],370797984
F,19314,15634,9212,0[CR],370798312
C,26888,1956,9212,0[CR],370798750
F,19326,15713,9212,0[CR],370799187
C,26652,1960,9212,0[CR],370799515
F,19338,15766,9212,0[CR],370799953
A,35460,19336,9212,0[CR],370800281
F,19320,15805,9212,0[CR],370800718
C,26380,1946,9212,0[CR],370801046
F,19334,15832,9212,0[CR],370801484
C,26284,1956,9212,0[CR],370801921
F,19338,15855,9212,0[CR],370802250
C,26204,1960,9225,57[CR],370802687
F,19330,15256,9243,44[CR],370803015
C,29268,1958,9262,54[CR],370803453
F,19024,15970,9280,47[CR],370803781
C,28920,1938,9298,41[CR],370804218
F,18794,16624,9316,49[CR],370804656
C,29788,1950,9335,44[CR],370804984
F,19388,15999,9353,47[CR],370805421
C,31076,1952,9371,44[CR],370805750
F,19072,15878,9389,54[CR],370806187
A,35496,18786,9408,47[CR],370806515
F,19098,15109,9426,54[CR],370806953
C,29816,1952,9444,47[CR],370807390
F,18864,15328,9462,39[CR],370807718
C,28600,1956,9481,51[CR],370808156
F,19236,15609,9500,41[CR],370808484
C,27856,1956,9519,47[CR],370808921
F,19228,15598,9537,44[CR],370809250
C,27744,1956,9555,51[CR],370809687
F,19356,15561,9573,43[CR],370810125
C,28412,1960,9590,49[CR],370810453
F,19352,15272,9609,47[CR],370810890
C,28348,1952,9626,35[CR],370811234
F,19308,15330,9646,41[CR],370811656
C,28224,1972,9662,43[CR],370811984
F,19324,15504,9680,47[CR],370812421
A,35492,19534,9697,47[CR],370812859
F,19414,15614,9714,38[CR],370813187
C,29220,1966,9718,3[CR],370813625
F,19346,15601,9718,1[CR],370813953
C,27164,1984,9718,0[CR],370814390
F,19582,15832,9718,0[CR],370814718
C,26580,1998,9718,0[CR],370815156
F,19582,15897,9718,0[CR],370815703
Z,0,0,9718,0[CR],370816140
Z,0,0,9718,0[CR],370816687
Z,0,0,9718,0[CR],370816687
F,19572,14761,9718,0[CR],370817125
C,23760,1992,9718,0[CR],370817453
F,19588,13780,9718,0[CR],370817890
C,23328,1978,9718,0[CR],370818328
F,19592,13777,9718,0[CR],370818656
A,35484,19492,9718,0[CR],370819093
F,19562,12679,9718,0[CR],370819531
Z,0,0,9718,0[CR],370820078
Z,0,0,9718,0[CR],370820515
Z,0,0,9718,0[CR],370821062
C,16546,1986,9718,0[CR],370821390
F,19010,12677,9718,0[CR],370821937
Z,0,0,9718,0[CR],370822375
Z,0,0,9718,2[CR],370822921
Z,0,0,9718,1[CR],370823468
Z,0,0,9718,0[CR],370823906
Z,0,0,9718,0[CR],370824453
Z,0,0,9718,0[CR],370824890
Z,0,0,9718,0[CR],370825437
Z,0,0,9718,0[CR],370825984
Z,0,0,9718,0[CR],370826421
Z,0,0,9718,0[CR],370826968
Z,0,0,9718,0[CR],370827406
Z,0,0,9718,0[CR],370827953
Z,0,0,9718,0[CR],370828500
Z,0,0,9718,0[CR],370828937
Z,0,0,9718,0[CR],370829484
Z,0,0,9718,0[CR],370829921
Z,0,0,9718,0[CR],370830468
Z,0,0,9718,4[CR],370831015
Z,0,0,9718,2[CR],370831453
Z,0,0,9718,1[CR],370832000
Z,0,0,9718,0[CR],370832437
Z,0,0,9718,0[CR],370832984
Z,0,0,9718,0[CR],370833546
Z,0,0,9718,0[CR],370833984
Z,0,0,9718,0[CR],370834531
Z,0,0,9718,0[CR],370834968
Z,0,0,9718,0[CR],370835515
Z,0,0,9718,0[CR],370835953
Z,0,0,9718,0[CR],370836500
Z,0,0,9718,0[CR],370837046
Z,0,0,9718,0[CR],370837484
Z,0,0,9718,0[CR],370838031
Z,0,0,9718,0[CR],370838468
Z,0,0,9718,0[CR],370839015
Z,0,0,9718,0[CR],370839453
Z,0,0,9718,0[CR],370840000
Z,0,0,9718,0[CR],370840546
Z,0,0,9718,0[CR],370840984
Z,0,0,9718,0[CR],370841531
Z,0,0,9718,0[CR],370841968
Z,0,0,9718,51[CR],370842515
Z,0,0,9718,43[CR],370842953
Z,0,0,9718,57[CR],370843500
Z,0,0,9718,57[CR],370844046
Z,0,0,9718,17[CR],370844484
Z,0,0,9718,2[CR],370845031
Z,0,0,9718,1[CR],370845468
Z,0,0,9718,0[CR],370846015
Z,0,0,9718,0[CR],370846453
Z,0,0,9718,0[CR],370847000
Z,0,0,9718,0[CR],370847546
Z,0,0,9718,0[CR],370847984
Z,0,0,9718,3[CR],370848421
C,11820,1964,9718,1[CR],370848859
Z,0,0,9718,0[CR],370849406
Z,0,0,9718,0[CR],370849843
Z,0,0,9718,0[CR],370849953
A,35512,19582,9718,0[CR],370850390
Z,0,0,9718,0[CR],370850937
Z,0,0,9718,0[CR],370851484
Z,0,0,9718,0[CR],370851921
F,19580,12683,9718,0[CR],370852359
Z,0,0,9718,34[CR],370852687
F,19578,12685,9725,32[CR],370853015
C,12466,1970,9739,41[CR],370853453
F,19538,14236,9756,44[CR],370853890
C,28704,2002,9774,51[CR],370854218
F,19422,13967,9792,47[CR],370854656
C,30404,1992,9810,41[CR],370854984
F,19392,14113,9829,49[CR],370855421
C,30888,1964,9847,41[CR],370855750
F,19292,14469,9866,47[CR],370856187
A,35540,19346,9884,44[CR],370856625
F,19156,15397,9903,49[CR],370856953
C,32636,1974,9920,43[CR],370857390
F,19242,15704,9939,51[CR],370857765
C,33504,1996,9958,47[CR],370858156
F,19516,16303,9976,51[CR],370858484
C,34352,2004,9994,47[CR],370858921
F,19480,16078,10012,39[CR],370859359
C,33616,1996,10031,51[CR],370859687
F,18470,16014,10049,39[CR],370860125
C,31976,1998,10068,49[CR],370860453
F,19140,14672,10086,47[CR],370860890
C,29104,1962,10105,51[CR],370861218
F,19786,15576,10124,44[CR],370861656
C,26404,1952,10143,49[CR],370862093
F,19700,18126,10162,43[CR],370862421
A,35512,19550,10181,49[CR],370862859
F,20000,20588,10199,43[CR],370863187
C,24194,1972,10217,49[CR],370863625
F,19518,21542,10236,44[CR],370863953
C,24860,1986,10255,51[CR],370864390
F,16031,21118,10274,47[CR],370864828
C,22436,1958,10294,51[CR],370865156
F,16592,17560,10313,47[CR],370865593
C,17686,1958,10332,51[CR],370865921
F,22980,17514,10351,43[CR],370866359
C,15532,1960,10369,49[CR],370866687
F,26652,21628,10387,44[CR],370867125
C,15693,1984,10405,51[CR],370867562
F,32656,20536,10424,47[CR],370867890
C,17108,2008,10441,41[CR],370868234
F,31904,18416,10459,47[CR],370868656
A,35508,25088,10478,43[CR],370869093
F,22420,16672,10496,54[CR],370869421
C,21310,2006,10514,43[CR],370869859
F,20678,15145,10533,49[CR],370870296
C,20784,1972,10551,44[CR],370870625
F,22642,15751,10569,51[CR],370871062
C,20650,2008,10588,44[CR],370871390
F,23418,17046,10605,39[CR],370871828
C,20912,1998,10623,51[CR],370872156
F,22442,17422,10642,54[CR],370872593
C,20820,2006,10661,47[CR],370873031
F,23102,17412,10679,44[CR],370873359
C,20562,2012,10697,51[CR],370873796
F,23580,17280,10717,44[CR],370874125
C,20130,2010,10735,49[CR],370874562
F,23866,17264,10754,47[CR],370874890
A,35488,23956,10774,49[CR],370875218
E,23312,219264,10787,49[CR],370875328
F,24036,17356,10793,41[CR],370875671
C,18832,2006,10813,49[CR],370876093
F,25380,17284,10831,39[CR],370876546
C,18240,2010,10850,49[CR],370876890
F,26836,17104,10868,44[CR],370877250
C,17676,2012,10886,51[CR],370877687
F,27968,17688,10904,44[CR],370878046
C,17592,1996,10923,49[CR],370878468
F,26272,18104,10942,44[CR],370878796
C,17240,2008,10962,51[CR],370879234
F,29844,16772,10982,49[CR],370879671
C,16466,2004,11002,47[CR],370880000
F,32112,15519,11020,41[CR],370880437
C,16430,2016,11038,47[CR],370880765
F,29616,15042,11056,44[CR],370881203
A,35548,30360,11076,51[CR],370881531
F,30924,14389,11095,44[CR],370881968
C,16100,2002,11113,49[CR],370882406
F,33868,14108,11131,43[CR],370882734
C,15713,2014,11149,51[CR],370883171
F,32356,14695,11167,47[CR],370883500
C,16366,2024,11184,39[CR],370883937
F,32432,15033,11202,47[CR],370884265
C,19884,2010,11220,47[CR],370884703
F,23982,16276,11239,49[CR],370885140
C,22656,2026,11257,44[CR],370885468
F,20662,15760,11275,49[CR],370885906
C,22948,2006,11294,47[CR],370886234
F,20900,16370,11312,54[CR],370886671
C,22198,2006,11331,47[CR],370887000
F,21352,16774,11349,47[CR],370887437
A,35588,22226,11368,47[CR],370887875
F,22352,17226,11386,39[CR],370888234
C,21370,2010,11405,49[CR],370888640
F,22648,16910,11424,41[CR],370888968
C,20206,2002,11443,47[CR],370889406
F,23284,17270,11461,44[CR],370889734
C,18112,2008,11480,51[CR],370890171
F,24736,18938,11499,47[CR],370890609
C,16612,2004,11517,49[CR],370890937
F,26980,21328,11536,44[CR],370891375
C,16363,2004,11554,49[CR],370891703
F,28668,20314,11572,47[CR],370892140
C,17690,2002,11591,51[CR],370892468
F,26008,18436,11609,44[CR],370892906
C,17918,2026,11628,54[CR],370893343
F,28788,15485,11648,51[CR],370893671
A,35576,30676,11668,54[CR],370894109
F,31384,14448,11687,47[CR],370894437
C,16367,2024,11705,49[CR],370894875
F,34760,14298,11718,7[CR],370895203
C,16037,2018,11718,1[CR],370895750
Z,0,0,11718,0[CR],370896296
Z,0,0,11718,0[CR],370896734
Z,0,0,11718,0[CR],370897281
Z,0,0,11718,0[CR],370897718
Z,0,0,11718,0[CR],370898265
Z,0,0,11718,0[CR],370898812
Z,0,0,11718,0[CR],370899250
Z,0,0,11718,0[CR],370899796
Z,0,0,11718,0[CR],370900234
Z,0,0,11718,0[CR],370900781
Z,0,0,11718,0[CR],370901328
Z,0,0,11718,0[CR],370901765
Z,0,0,11718,0[CR],370902312
Z,0,0,11718,0[CR],370902750
Z,0,0,11718,0[CR],370903296
Z,0,0,11718,0[CR],370903843
Z,0,0,11718,0[CR],370904281
Z,0,0,11718,0[CR],370904828
Z,0,0,11718,0[CR],370905265
Z,0,0,11718,0[CR],370905812
Z,0,0,11718,0[CR],370906359
Z,0,0,11718,0[CR],370906796
Z,0,0,11718,0[CR],370907343
Z,0,0,11718,0[CR],370907890
Z,0,0,11718,0[CR],370908328
Z,0,0,11718,0[CR],370908875
Z,0,0,11718,0[CR],370909312
Z,0,0,11718,0[CR],370909859
Z,0,0,11718,0[CR],370910406
Z,0,0,11718,0[CR],370910843
Z,0,0,11718,0[CR],370911390
Z,0,0,11718,0[CR],370911828
Z,0,0,11718,0[CR],370912375
Z,0,0,11718,0[CR],370912921
Z,0,0,11718,0[CR],370913359
Z,0,0,11718,0[CR],370913906
Z,0,0,11718,0[CR],370914343
Z,0,0,11718,0[CR],370914890
Z,0,0,11718,0[CR],370915437
Z,0,0,11718,0[CR],370915875
Z,0,0,11718,0[CR],370916421
Z,0,0,11718,0[CR],370916859
Z,0,0,11718,0[CR],370917406
Z,0,0,11718,0[CR],370917843
Z,0,0,11718,0[CR],370918390
Z,0,0,11718,0[CR],370918937
Z,0,0,11718,0[CR],370919375
Z,0,0,11718,0[CR],370919921
Z,0,0,11718,0[CR],370920359
Z,0,0,11718,0[CR],370920906
Z,0,0,11718,0[CR],370921343
Z,0,0,11718,0[CR],370921890
Z,0,0,11718,0[CR],370922437
Z,0,0,11718,0[CR],370922875
Z,0,0,11718,0[CR],370923421
Z,0,0,11718,0[CR],370923859
Z,0,0,11718,0[CR],370924406
Z,0,0,11718,0[CR],370924953
Z,0,0,11718,0[CR],370925390
Z,0,0,11718,54[CR],370925937
Z,0,0,11718,51[CR],370926375
Z,0,0,11718,57[CR],370926921
Z,0,0,11718,21[CR],370927359
Z,0,0,11718,6[CR],370927906
Z,0,0,11718,1[CR],370928453
Z,0,0,11718,0[CR],370928890
Z,0,0,11718,0[CR],370929437
Z,0,0,11718,0[CR],370929656
U,42360,13677,11718,0[CR],370930203
Z,0,0,11718,0[CR],370930640
Z,0,0,11718,0[CR],370931187
Z,0,0,11718,0[CR],370931625
Z,0,0,11718,0[CR],370932171
Z,0,0,11718,0[CR],370932718
Z,0,0,11718,0[CR],370933156
F,21578,13020,11718,0[CR],370933593
Z,0,0,11718,0[CR],370934140
Z,0,0,11718,0[CR],370934359
C,15372,2056,11718,0[CR],370934796
Z,0,0,11718,0[CR],370935343
Z,0,0,11718,32[CR],370935781
Z,0,0,11731,25[CR],370935890
C,15365,2060,11732,25[CR],370936250
F,21460,13103,11747,41[CR],370936656
C,15849,2068,11765,47[CR],370937093
F,19116,17284,11783,44[CR],370937421
A,35500,19162,11802,47[CR],370937859
F,20048,16193,11820,44[CR],370938187
C,17898,2044,11838,51[CR],370938625
F,22886,15658,11857,47[CR],370938953
C,17084,2034,11876,51[CR],370939390
F,25048,14662,11894,43[CR],370939828
C,15981,2032,11911,38[CR],370940156
F,30132,13915,11929,44[CR],370940593
C,15998,2038,11945,41[CR],370940921
F,32260,14789,11962,47[CR],370941359
C,17140,2052,11979,44[CR],370941687
F,29632,14827,11996,43[CR],370942125
C,17066,2060,12014,51[CR],370942562
F,32576,14153,12033,44[CR],370942890
C,16171,2050,12051,49[CR],370943328
F,35720,14620,12069,44[CR],370943656
A,35484,33716,12086,43[CR],370944093
F,33192,15992,12102,43[CR],370944484
C,19346,2096,12116,33[CR],370944859
F,27716,16530,12127,26[CR],370945218
C,23754,2100,12133,12[CR],370945625
F,22068,16346,12135,4[CR],370946062
C,25364,2082,12136,1[CR],370946390
F,21690,16169,12136,1[CR],370946828
C,24884,2082,12136,1[CR],370947265
Z,0,0,12136,0[CR],370947812
Z,0,0,12137,0[CR],370948250
Z,0,0,12137,0[CR],370948796
F,22022,16554,12137,0[CR],370949234
Z,0,0,12137,0[CR],370949562
F,21876,16622,12137,0[CR],370950000
Z,0,0,12137,0[CR],370950546
Z,0,0,12137,0[CR],370951093
Z,0,0,12137,0[CR],370951531
Z,0,0,12137,0[CR],370952078
Z,0,0,12137,0[CR],370952515
Z,0,0,12137,0[CR],370953062
Z,0,0,12137,0[CR],370953500
Z,0,0,12137,0[CR],370954046
Z,0,0,12137,0[CR],370954593
Z,0,0,12137,0[CR],370955031
Z,0,0,12137,0[CR],370955578
Z,0,0,12137,0[CR],370956015
Z,0,0,12137,0[CR],370956562
Z,0,0,12137,0[CR],370957109
Z,0,0,12137,0[CR],370957546
Z,0,0,12137,0[CR],370958093
Z,0,0,12137,0[CR],370958640
Z,0,0,12137,0[CR],370959078
Z,0,0,12137,0[CR],370959625
Z,0,0,12137,0[CR],370960062
Z,0,0,12137,0[CR],370960609
Z,0,0,12137,0[CR],370961156
Z,0,0,12137,0[CR],370961593
Z,0,0,12137,0[CR],370962140
Z,0,0,12137,0[CR],370962687
Z,0,0,12137,0[CR],370963125
Z,0,0,12137,0[CR],370963671
Z,0,0,12137,0[CR],370964218
Z,0,0,12137,0[CR],370964656
Z,0,0,12137,0[CR],370965203
Z,0,0,12137,0[CR],370965640
Z,0,0,12137,0[CR],370966187
Z,0,0,12137,54[CR],370966734
Z,0,0,12137,34[CR],370967171
Z,0,0,12137,1[CR],370967718
Z,0,0,12137,0[CR],370968156
Z,0,0,12137,0[CR],370968703
Z,0,0,12137,0[CR],370969140
Z,0,0,12137,0[CR],370969687
Z,0,0,12137,0[CR],370970234
Z,0,0,12137,0[CR],370970671
Z,0,0,12137,0[CR],370971218
Z,0,0,12137,0[CR],370971656
Z,0,0,12137,0[CR],370972203
Z,0,0,12137,0[CR],370972750
Z,0,0,12137,0[CR],370973187
Z,0,0,12137,0[CR],370973734
Z,0,0,12137,0[CR],370974171
Z,0,0,12137,0[CR],370974718
Z,0,0,12137,0[CR],370975156
Z,0,0,12137,0[CR],370975703
Z,0,0,12137,0[CR],370976250
Z,0,0,12137,0[CR],370976687
Z,0,0,12137,0[CR],370977234
Z,0,0,12137,0[CR],370977671
Z,0,0,12137,0[CR],370978218
Z,0,0,12137,22[CR],370978437
F,20902,17094,12139,22[CR],370978875
C,22730,2072,12143,6[CR],370979203
F,18668,17632,12144,3[CR],370979421
F,28512,21234,12145,3[CR],370979640
C,25624,2086,12145,3[CR],370979968
F,19348,17432,12146,2[CR],370980406
C,25584,2088,12147,2[CR],370980843
F,20020,17482,12149,2[CR],370981171
A,35420,20224,12149,1[CR],370981718
Z,0,0,12149,0[CR],370982156
Z,0,0,12149,0[CR],370982703
Z,0,0,12149,0[CR],370983140
F,20956,17580,12149,0[CR],370983687
Z,0,0,12149,0[CR],370984125
Z,0,0,12149,0[CR],370984671
Z,0,0,12149,0[CR],370985109
Z,0,0,12150,0[CR],370985437
F,20924,17676,12150,1[CR],370985875
C,25608,2082,12150,1[CR],370986312
F,20454,17686,12151,1[CR],370986640
C,25312,2082,12151,0[CR],370987187
Z,0,0,12151,0[CR],370987625
Z,0,0,12151,0[CR],370988171
Z,0,0,12151,0[CR],370988718
Z,0,0,12151,0[CR],370989156
Z,0,0,12151,0[CR],370989703
Z,0,0,12151,0[CR],370990140
Z,0,0,12151,0[CR],370990687
Z,0,0,12151,0[CR],370991234
Z,0,0,12151,0[CR],370991671
Z,0,0,12151,0[CR],370992218
Z,0,0,12151,0[CR],370992546
F,20902,17716,12151,0[CR],370992875
C,23428,2084,12151,0[CR],370993421
Z,0,0,12151,0[CR],370993859
Z,0,0,12151,64[CR],370994406
Z,0,0,12151,36[CR],370994843
F,21906,12676,12151,27[CR],370995281
C,13811,2090,12152,51[CR],370995609
F,22446,16347,12174,54[CR],370996046
C,27168,2086,12198,57[CR],370996375
F,16528,15938,12222,57[CR],370996812
C,26452,2082,12244,60[CR],370997140
F,18486,16890,12262,27[CR],370997578
C,24952,2086,12264,2[CR],370998125
Z,0,0,12264,1[CR],370998562
Z,0,0,12264,0[CR],370999109
Z,0,0,12264,0[CR],370999546
Z,0,0,12264,0[CR],371000093
Z,0,0,12264,0[CR],371000640
Z,0,0,12264,0[CR],371001078
Z,0,0,12264,0[CR],371001625
Z,0,0,12264,0[CR],371002062
Z,0,0,12264,0[CR],371002609
Z,0,0,12264,0[CR],371003156
Z,0,0,12272,51[CR],371003484
F,20940,18290,12288,43[CR],371003812
C,24518,2082,12306,49[CR],371004250
F,21098,17878,12322,36[CR],371004578
C,24494,2094,12338,41[CR],371005015
F,21122,17948,12356,49[CR],371005343
C,24624,2086,12373,43[CR],371005781
F,20710,17774,12391,51[CR],371006218
A,35312,20742,12409,47[CR],371006546
F,21036,17674,12427,43[CR],371006984
C,23958,2096,12445,49[CR],371007312
F,21212,17988,12463,41[CR],371007750
C,23982,2090,12480,49[CR],371008078
F,20266,18324,12498,44[CR],371008515
C,23844,2082,12515,41[CR],371008953
F,20790,17918,12534,47[CR],371009281
C,23322,2084,12552,47[CR],371009718
F,22142,17726,12571,51[CR],371010062
C,22592,2078,12590,47[CR],371010484
F,22618,17528,12609,51[CR],371010812
C,21174,2078,12627,44[CR],371011250
F,23374,18054,12645,49[CR],371011687
C,19942,2084,12664,44[CR],371012015
F,21428,20388,12682,51[CR],371012453
A,35296,21872,12701,51[CR],371012781
F,23852,19586,12720,47[CR],371013218
C,19086,2084,12737,47[CR],371013546
F,28692,18626,12754,39[CR],371013984
C,22046,2140,12769,39[CR],371014421
F,21278,17994,12783,36[CR],371014750
C,23946,2124,12796,32[CR],371015187
F,17990,16758,12806,21[CR],371015515
C,24022,2094,12812,8[CR],371015953
F,18992,16628,12814,4[CR],371016281
C,23404,2114,12815,2[CR],371016718
F,20464,17138,12815,1[CR],371017156
C,23086,2142,12816,1[CR],371017484
F,21086,17434,12816,1[CR],371017921
C,22890,2148,12816,0[CR],371018359
Z,0,0,12816,0[CR],371018906
Z,0,0,12816,0[CR],371019343
Z,0,0,12816,0[CR],371019890
F,21336,17972,12817,0[CR],371020328
Z,0,0,12817,0[CR],371020875
Z,0,0,12817,0[CR],371021312
Z,0,0,12817,0[CR],371021859
Z,0,0,12817,0[CR],371022406
Z,0,0,12817,0[CR],371022843
Z,0,0,12817,0[CR],371023390
Z,0,0,12817,0[CR],371023937
Z,0,0,12817,0[CR],371024375
Z,0,0,12817,0[CR],371024921
Z,0,0,12817,0[CR],371025359
Z,0,0,12817,0[CR],371025906
Z,0,0,12817,0[CR],371026453
Z,0,0,12817,0[CR],371026890
Z,0,0,12817,0[CR],371027437
Z,0,0,12817,0[CR],371027984
Z,0,0,12817,0[CR],371028421
Z,0,0,12817,0[CR],371028968
Z,0,0,12817,0[CR],371029406
Z,0,0,12817,0[CR],371029953
Z,0,0,12817,0[CR],371030500
Z,0,0,12817,68[CR],371030828
F,21278,12680,12817,39[CR],371031156
A,35220,21492,12818,57[CR],371031593
F,21962,17038,12844,51[CR],371031921
C,23952,2136,12863,47[CR],371032359
F,19912,16628,12880,39[CR],371032796
C,23666,2140,12894,28[CR],371033125
F,20974,17418,12904,22[CR],371033562
C,23658,2144,12912,19[CR],371033890
F,21254,17544,12918,11[CR],371034328
C,23570,2136,12922,11[CR],371034656
F,21334,17662,12926,9[CR],371035093
C,23540,2146,12929,8[CR],371035531
F,21276,17668,12933,7[CR],371035859
C,23594,2140,12936,9[CR],371036296
F,21256,17656,12940,8[CR],371036625
C,23580,2144,12943,7[CR],371037062
F,21236,17588,12945,4[CR],371037390
A,35232,21260,12947,5[CR],371037828
F,21248,17554,12949,5[CR],371038265
C,23584,2130,12951,5[CR],371038593
F,21272,17538,12951,1[CR],371039140
Z,0,0,12951,0[CR],371039578
Z,0,0,12951,0[CR],371040125
Z,0,0,12951,0[CR],371040671
Z,0,0,12951,0[CR],371041109
Z,0,0,12951,0[CR],371041656
Z,0,0,12951,0[CR],371042203
Z,0,0,12951,0[CR],371042640
Z,0,0,12951,0[CR],371043187
Z,0,0,12951,0[CR],371043625
Z,0,0,12951,0[CR],371044171
Z,0,0,12951,0[CR],371044718
Z,0,0,12951,0[CR],371045156
Z,0,0,12951,0[CR],371045265
U,9645,2796,12951,0[CR],371045703
Z,0,0,12951,0[CR],371046250
Z,0,0,12951,0[CR],371046687
Z,0,0,12951,0[CR],371047234
Z,0,0,12951,0[CR],371047781
Z,0,0,12951,0[CR],371048218
Z,0,0,12951,0[CR],371048765
Z,0,0,12951,0[CR],371049312
Z,0,0,12951,0[CR],371049750
Z,0,0,12951,0[CR],371050296
Z,0,0,12951,0[CR],371050734
Z,0,0,12951,0[CR],371051281
Z,0,0,12951,0[CR],371051828
Z,0,0,12951,0[CR],371052265
Z,0,0,12951,0[CR],371052812
Z,0,0,12951,0[CR],371053250
Z,0,0,12951,0[CR],371053796
Z,0,0,12951,0[CR],371054343
Z,0,0,12953,7[CR],371054671
C,21374,2130,12955,4[CR],371055000
F,21202,17676,12956,4[CR],371055437
C,23562,2144,12957,3[CR],371055765
F,21244,17660,12959,3[CR],371056203
A,35208,21248,12960,3[CR],371056531
F,21218,17668,12961,3[CR],371056968
C,23448,2138,12963,3[CR],371057312
F,21234,17702,12964,3[CR],371057750
C,23470,2144,12965,3[CR],371058171
F,21232,17726,12966,3[CR],371058500
C,23470,2150,12967,3[CR],371058937
F,21238,17740,12969,2[CR],371059265
C,23472,2146,12970,2[CR],371059703
F,21244,17778,12971,2[CR],371060140
C,23464,2136,12972,3[CR],371060468
F,21244,17802,12973,3[CR],371060906
C,23466,2146,12974,2[CR],371061234
F,21240,17818,12975,2[CR],371061671
C,23452,2150,12977,2[CR],371062000
F,21248,17844,12977,2[CR],371062437
A,35192,21256,12978,2[CR],371062875
F,21236,17856,12979,2[CR],371063203
C,23398,2136,12980,2[CR],371063640
F,21254,17874,12981,2[CR],371063968
C,23368,2152,12982,2[CR],371064406
F,21250,17898,12983,2[CR],371064734
C,23398,2144,12984,2[CR],371065171
F,21254,17914,12985,2[CR],371065609
C,23370,2134,12986,2[CR],371065937
F,21250,17922,12987,2[CR],371066484
Z,0,0,12987,1[CR],371066921
Z,0,0,12987,0[CR],371067468
Z,0,0,12987,0[CR],371067906
Z,0,0,12987,0[CR],371068453
Z,0,0,12987,14[CR],371069000
Z,0,0,12987,8[CR],371069109
F,21248,18126,12990,21[CR],371069437
C,21876,2138,12995,8[CR],371069875
F,21178,17856,12997,6[CR],371070203
C,23550,2146,13000,6[CR],371070640
F,21248,17866,13002,5[CR],371071078
C,23438,2148,13005,5[CR],371071406
F,21240,17822,13007,5[CR],371071843
C,23436,2152,13009,4[CR],371072171
F,21242,17792,13009,2[CR],371072718
Z,0,0,13009,1[CR],371073156
Z,0,0,13009,0[CR],371073703
Z,0,0,13009,0[CR],371074250
Z,0,0,13009,14[CR],371074687
Z,0,0,13013,12[CR],371074906
A,35180,21374,13015,7[CR],371075343
F,21176,17740,13017,5[CR],371075687
C,23396,2150,13018,4[CR],371076109
F,21256,17720,13020,4[CR],371076546
C,23340,2142,13022,5[CR],371076875
F,21262,17680,13024,4[CR],371077312
C,23346,2152,13026,4[CR],371077640
F,21278,17656,13027,3[CR],371078078
C,23310,2150,13029,3[CR],371078406
F,21274,17654,13030,3[CR],371078843
C,23312,2146,13031,2[CR],371079281
F,21278,17636,13032,2[CR],371079609
C,23258,2134,13033,2[CR],371080046
F,21286,17636,13033,2[CR],371080375
C,23298,2142,13035,2[CR],371080812
F,21278,17622,13036,2[CR],371081140
A,35152,21276,13037,2[CR],371081578
F,21260,17614,13038,2[CR],371082015
C,23316,2146,13039,2[CR],371082343
F,21282,17604,13039,2[CR],371082781
C,23306,2152,13040,2[CR],371083109
F,21280,17610,13041,2[CR],371083546
C,23294,2140,13042,2[CR],371083875
F,21286,17620,13042,1[CR],371084312
C,23218,2126,13043,1[CR],371084750
F,21288,17638,13043,1[CR],371085078
C,23146,2146,13043,0[CR],371085515
F,21284,17640,13044,0[CR],371085843
C,23120,2148,13044,0[CR],371086281
F,21280,17654,13044,0[CR],371086609
C,23108,2152,13045,0[CR],371087046
F,21284,17656,13045,0[CR],371087593
Z,0,0,13045,0[CR],371088031
Z,0,0,13045,0[CR],371088578
Z,0,0,13045,0[CR],371089015
Z,0,0,13045,0[CR],371089562
Z,0,0,13045,0[CR],371090109
Z,0,0,13045,0[CR],371090546
Z,0,0,13045,0[CR],371091093
Z,0,0,13045,0[CR],371091640
Z,0,0,13045,0[CR],371092078
Z,0,0,13045,0[CR],371092625
Z,0,0,13045,0[CR],371093062
Z,0,0,13045,0[CR],371093609
Z,0,0,13045,0[CR],371093828
U,53576,95904,13045,0[CR],371094265
Z,0,0,13045,0[CR],371094812
Z,0,0,13045,0[CR],371095250
Z,0,0,13045,0[CR],371095796
Z,0,0,13045,0[CR],371096343
Z,0,0,13045,0[CR],371096781
Z,0,0,13045,0[CR],371096781
C,21666,2150,13045,0[CR],371097218
F,21260,17266,13045,0[CR],371097546
C,21102,2148,13045,0[CR],371097984
F,21040,12677,13045,0[CR],371098531
Z,0,0,13045,0[CR],371098968
Z,0,0,13045,0[CR],371099515
Z,0,0,13045,0[CR],371099953
Z,0,0,13045,0[CR],371100500
Z,0,0,13045,49[CR],371101046
Z,0,0,13045,38[CR],371101484
C,11048,2144,13045,27[CR],371101921
F,21204,12680,13045,44[CR],371102250
C,11817,2142,13045,47[CR],371102687
F,22084,15371,13062,68[CR],371103015
C,23244,2140,13088,68[CR],371103453
F,21368,15347,13114,60[CR],371104000
Z,0,0,13122,2[CR],371104437
Z,0,0,13122,1[CR],371104984
Z,0,0,13122,0[CR],371105421
Z,0,0,13122,0[CR],371105968
Z,0,0,13122,0[CR],371106515
Z,0,0,13122,0[CR],371106953
Z,0,0,13122,0[CR],371107500
Z,0,0,13122,0[CR],371108046
Z,0,0,13122,0[CR],371108484
Z,0,0,13122,0[CR],371109031
Z,0,0,13122,0[CR],371109468
Z,0,0,13122,0[CR],371110015
Z,0,0,13122,0[CR],371110562
Z,0,0,13122,0[CR],371111000
Z,0,0,13122,0[CR],371111546
Z,0,0,13122,0[CR],371112093
Z,0,0,13122,0[CR],371112531
Z,0,0,13122,0[CR],371113078
Z,0,0,13122,0[CR],371113625
Z,0,0,13122,0[CR],371114062
Z,0,0,13122,0[CR],371114609
Z,0,0,13122,0[CR],371115046
Z,0,0,13122,0[CR],371115593
Z,0,0,13122,0[CR],371116140
Z,0,0,13122,0[CR],371116578
Z,0,0,13122,0[CR],371117125
Z,0,0,13122,0[CR],371117671
Z,0,0,13122,0[CR],371118109
Z,0,0,13122,0[CR],371118656
Z,0,0,13122,0[CR],371119093
Z,0,0,13122,0[CR],371119640
Z,0,0,13122,0[CR],371120187
Z,0,0,13122,0[CR],371120625
Z,0,0,13122,0[CR],371121171
Z,0,0,13122,0[CR],371121609
Z,0,0,13122,0[CR],371122156
Z,0,0,13122,0[CR],371122703
Z,0,0,13122,0[CR],371123140
Z,0,0,13122,0[CR],371123687
Z,0,0,13124,38[CR],371124125
C,21244,2154,13159,60[CR],371124562
F,21146,15725,13187,79[CR],371124890
A,35084,21790,13215,73[CR],371125328
F,21764,16696,13243,68[CR],371125765
C,24430,2124,13271,68[CR],371126093
F,21408,17096,13300,86[CR],371126531
C,24904,2142,13330,79[CR],371126859
F,20424,17446,13360,68[CR],371127296
C,22746,2128,13390,79[CR],371127625
F,22096,18338,13417,68[CR],371128062
C,19490,2142,13440,64[CR],371128500
F,22750,21430,13460,43[CR],371128828
C,20060,2160,13474,31[CR],371129265
F,25100,20238,13485,25[CR],371129593
C,22524,2146,13493,16[CR],371130031
F,24524,18912,13498,9[CR],371130359
C,23874,2152,13501,7[CR],371130796
F,23692,18364,13503,6[CR],371131234
A,35056,23440,13505,4[CR],371131562
F,23300,18404,13506,2[CR],371132015
C,24370,2154,13506,1[CR],371132328
F,22822,18554,13507,1[CR],371132765
C,24278,2150,13507,1[CR],371133093
F,22422,18656,13508,1[CR],371133531
C,24212,2152,13508,1[CR],371134078
Z,0,0,13508,1[CR],371134296
C,24100,2148,13508,0[CR],371134843
Z,0,0,13508,0[CR],371135281
Z,0,0,13509,0[CR],371135500
F,21900,18810,13509,0[CR],371135937
Z,0,0,13509,0[CR],371136484
Z,0,0,13509,0[CR],371137031
Z,0,0,13509,0[CR],371137468
A,35020,21742,13509,0[CR],371137906
Z,0,0,13509,0[CR],371138453
Z,0,0,13509,0[CR],371138890
Z,0,0,13509,0[CR],371139437
Z,0,0,13509,0[CR],371139984
Z,0,0,13509,0[CR],371140421
Z,0,0,13509,0[CR],371140968
Z,0,0,13509,0[CR],371141406
Z,0,0,13509,0[CR],371141953
Z,0,0,13509,0[CR],371142500
Z,0,0,13509,0[CR],371142937
Z,0,0,13509,0[CR],371143484
Z,0,0,13509,0[CR],371143921
Z,0,0,13509,0[CR],371144250
U,50664,52048,13509,0[CR],371144796
Z,0,0,13509,0[CR],371145234
C,22616,2150,13509,0[CR],371145781
Z,0,0,13509,0[CR],371146218
Z,0,0,13509,0[CR],371146765
Z,0,0,13509,0[CR],371147203
Z,0,0,13509,39[CR],371147750
Z,0,0,13511,31[CR],371147968
F,21566,18760,13514,10[CR],371148406
C,24346,2150,13518,8[CR],371148734
F,20352,18336,13520,6[CR],371149171
C,25172,2152,13522,4[CR],371149500
F,21262,18372,13523,4[CR],371149937
A,35000,21540,13525,3[CR],371150375
F,21580,18412,13526,3[CR],371150734
C,25108,2142,13528,4[CR],371151140
F,21602,18420,13529,4[CR],371151468
C,25156,2146,13531,4[CR],371151906
F,21690,18462,13532,3[CR],371152234
C,25144,2154,13534,3[CR],371152671
F,21690,18522,13535,3[CR],371153109
C,25176,2150,13537,3[CR],371153437
F,21680,18576,13538,2[CR],371153875
C,25200,2148,13539,2[CR],371154203
F,21686,18640,13540,2[CR],371154750
Z,0,0,13540,1[CR],371154968
F,21722,18728,13540,0[CR],371155515
Z,0,0,13540,0[CR],371156062
Z,0,0,13540,60[CR],371156500
Z,0,0,13540,206[CR],371156609
F,20680,12676,13540,172[CR],371156937
C,11714,2140,13596,129[CR],371157375
F,23462,14937,13629,8[CR],371157812
Z,0,0,13629,1[CR],371158359
Z,0,0,13629,0[CR],371158906
Z,0,0,13629,0[CR],371159343
Z,0,0,13629,0[CR],371159890
Z,0,0,13629,0[CR],371160328
Z,0,0,13629,0[CR],371160875
Z,0,0,13630,0[CR],371161312
Z,0,0,13665,94[CR],371161640
C,23220,2158,13691,86[CR],371162000
F,21170,16596,13718,11[CR],371162515
Z,0,0,13718,1[CR],371163062
Z,0,0,13718,0[CR],371163609
Z,0,0,13718,0[CR],371164046
Z,0,0,13718,0[CR],371164593
Z,0,0,13718,0[CR],371165031
Z,0,0,13718,0[CR],371165578
Z,0,0,13718,0[CR],371166125
Z,0,0,13718,0[CR],371166562
Z,0,0,13718,0[CR],371167109
Z,0,0,13718,0[CR],371167546
Z,0,0,13718,0[CR],371168093
Z,0,0,13718,0[CR],371168640
Z,0,0,13718,0[CR],371169078
Z,0,0,13718,0[CR],371169625
Z,0,0,13718,0[CR],371170171
Z,0,0,13718,0[CR],371170609
Z,0,0,13718,0[CR],371171156
Z,0,0,13718,0[CR],371171593
Z,0,0,13718,0[CR],371172140
Z,0,0,13718,0[CR],371172687
Z,0,0,13718,0[CR],371173125
Z,0,0,13718,0[CR],371173671
Z,0,0,13718,0[CR],371174109
Z,0,0,13718,0[CR],371174656
Z,0,0,13718,0[CR],371175203
Z,0,0,13718,0[CR],371175640
Z,0,0,13718,0[CR],371176187
Z,0,0,13718,0[CR],371176734
Z,0,0,13718,0[CR],371177171
Z,0,0,13718,0[CR],371177718
Z,0,0,13718,0[CR],371178156
Z,0,0,13718,0[CR],371178703
Z,0,0,13718,0[CR],371179250
Z,0,0,13718,0[CR],371179687
Z,0,0,13718,0[CR],371180234
Z,0,0,13718,0[CR],371180671
Z,0,0,13718,0[CR],371181218
Z,0,0,13718,0[CR],371181765
Z,0,0,13718,0[CR],371182203
Z,0,0,13718,0[CR],371182750
Z,0,0,13718,0[CR],371183187
Z,0,0,13718,0[CR],371183734
Z,0,0,13718,0[CR],371184281
Z,0,0,13718,0[CR],371184718
Z,0,0,13718,0[CR],371185265
Z,0,0,13718,0[CR],371185703
Z,0,0,13718,0[CR],371186250
Z,0,0,13718,0[CR],371186796
Z,0,0,13718,0[CR],371187234
Z,0,0,13718,0[CR],371187781
Z,0,0,13718,0[CR],371188218
Z,0,0,13718,0[CR],371188765
Z,0,0,13718,0[CR],371189203
Z,0,0,13718,0[CR],371189750
Z,0,0,13718,0[CR],371190296
Z,0,0,13718,0[CR],371190734
Z,0,0,13718,0[CR],371191281
Z,0,0,13718,0[CR],371191718
Z,0,0,13718,0[CR],371192265
Z,0,0,13718,0[CR],371192812
Z,0,0,13718,0[CR],371193250
Z,0,0,13718,0[CR],371193796
Z,0,0,13718,0[CR],371194234
Z,0,0,13718,0[CR],371194781
Z,0,0,13718,0[CR],371195218
Z,0,0,13718,0[CR],371195765
Z,0,0,13718,0[CR],371196312
Z,0,0,13718,0[CR],371196750
Z,0,0,13718,0[CR],371197296
Z,0,0,13718,0[CR],371197734
Z,0,0,13718,0[CR],371198281
Z,0,0,13718,0[CR],371198828
Z,0,0,13718,0[CR],371199265
Z,0,0,13718,0[CR],371199812
Z,0,0,13718,0[CR],371200359
Z,0,0,13718,0[CR],371200796
Z,0,0,13718,0[CR],371201343
Z,0,0,13718,3[CR],371201781
Z,0,0,13718,4[CR],371202328
Z,0,0,13718,2[CR],371202765
Z,0,0,13718,1[CR],371203312
Z,0,0,13718,14[CR],371203859
Z,0,0,13718,3[CR],371204296
Z,0,0,13718,3[CR],371204843
Z,0,0,13718,2[CR],371205390
Z,0,0,13718,1[CR],371205828
Z,0,0,13718,0[CR],371206375
Z,0,0,13718,0[CR],371206812
Z,0,0,13718,0[CR],371207359
Z,0,0,13718,3[CR],371207906
Z,0,0,13718,1[CR],371208343
Z,0,0,13718,0[CR],371208890
Z,0,0,13718,0[CR],371209328
Z,0,0,13718,0[CR],371209875
Z,0,0,13718,0[CR],371210421
Z,0,0,13718,0[CR],371210859
Z,0,0,13718,68[CR],371211406
Z,0,0,13718,73[CR],371211843
Z,0,0,13718,47[CR],371212390
Z,0,0,13718,5[CR],371212937
Z,0,0,13718,1[CR],371213375
Z,0,0,13718,0[CR],371213921
Z,0,0,13718,0[CR],371214359
Z,0,0,13718,0[CR],371214906
Z,0,0,13718,0[CR],371215453
Z,0,0,13718,0[CR],371215890
Z,0,0,13718,0[CR],371216437
Z,0,0,13718,0[CR],371216984
Z,0,0,13718,0[CR],371217093
C,18538,2160,13718,0[CR],371217640
Z,0,0,13718,0[CR],371218078
Z,0,0,13718,0[CR],371218625
Z,0,0,13718,0[CR],371219171
Z,0,0,13725,44[CR],371219500
C,18530,2156,13741,51[CR],371219828
F,21684,18186,13760,41[CR],371220265
C,23396,2162,13778,47[CR],371220593
F,19460,17128,13795,38[CR],371221031
C,22976,2122,13810,33[CR],371221468
F,22038,16766,13825,41[CR],371221796
C,22662,2150,13840,39[CR],371222234
F,23024,16876,13855,41[CR],371222562
C,22298,2146,13870,36[CR],371223000
F,23066,16814,13886,35[CR],371223328
C,21718,2148,13902,43[CR],371223765
F,23104,16980,13918,39[CR],371224203
C,21212,2146,13933,34[CR],371224531
F,23918,17180,13948,38[CR],371224968
A,34948,24498,13963,43[CR],371225312
F,24732,17242,13979,41[CR],371225734
C,19100,2142,13994,36[CR],371226062
F,25880,17900,14008,36[CR],371226500
C,17630,2148,14024,41[CR],371226937
F,27828,19224,14044,54[CR],371227265
C,16710,2144,14067,64[CR],371227703
F,30216,20022,14091,64[CR],371228031
C,16418,2146,14115,64[CR],371228468
F,32872,18080,14137,49[CR],371228796
C,16570,2154,14155,47[CR],371229234
F,33464,16205,14172,39[CR],371229671
C,16794,2148,14187,31[CR],371230000
F,33380,15320,14199,25[CR],371230437
C,17154,2146,14208,19[CR],371230765
F,34540,14494,14214,15[CR],371231203
A,34924,35488,14219,8[CR],371231531
F,35680,14126,14220,4[CR],371231968
C,17512,2158,14221,1[CR],371232406
F,36496,14055,14221,1[CR],371232734
C,17678,2168,14222,1[CR],371233171
F,35016,14206,14222,1[CR],371233500
C,17956,2158,14223,1[CR],371233937
F,33596,14357,14223,1[CR],371234375
Z,0,0,14223,1[CR],371234703
F,32424,14524,14224,0[CR],371235140
C,18270,2158,14224,0[CR],371235578
Z,0,0,14224,0[CR],371236125
Z,0,0,14224,0[CR],371236234
F,30504,14840,14225,0[CR],371236781
Z,0,0,14225,0[CR],371237218
Z,0,0,14225,0[CR],371237765
Z,0,0,14225,0[CR],371237875
F,29060,15145,14225,0[CR],371238312
Z,0,0,14225,0[CR],371238859
Z,0,0,14225,0[CR],371239296
Z,0,0,14225,0[CR],371239843
Z,0,0,14225,0[CR],371240281
Z,0,0,14225,0[CR],371240828
Z,0,0,14225,0[CR],371241375
Z,0,0,14225,0[CR],371241812
Z,0,0,14225,0[CR],371242359
Z,0,0,14225,0[CR],371242906
Z,0,0,14225,0[CR],371243343
Z,0,0,14225,0[CR],371243890
Z,0,0,14225,0[CR],371244328
Z,0,0,14225,0[CR],371244875
Z,0,0,14225,0[CR],371245421
Z,0,0,14225,0[CR],371245859
Z,0,0,14225,0[CR],371246406
Z,0,0,14225,0[CR],371246843
C,17924,2168,14225,0[CR],371247171
F,21238,64640,14225,0[CR],371247609
Z,0,0,14225,0[CR],371248156
Z,0,0,14225,68[CR],371248703
Z,0,0,14225,73[CR],371249140
C,13592,2158,14231,60[CR],371249578
F,26332,15621,14247,38[CR],371249906
A,34916,20200,14261,32[CR],371250343
F,20096,15981,14274,30[CR],371250671
C,19556,2142,14287,34[CR],371251109
F,21660,15650,14303,51[CR],371251546
C,19130,2146,14323,51[CR],371251875
F,25760,14854,14344,64[CR],371252312
C,17950,2154,14368,64[CR],371252640
F,30328,14801,14389,49[CR],371253078
C,17134,2150,14407,44[CR],371253406
F,28460,17086,14423,38[CR],371253953
Z,0,0,14431,4[CR],371254500
Z,0,0,14431,1[CR],371254937
Z,0,0,14431,0[CR],371255484
Z,0,0,14431,0[CR],371255921
Z,0,0,14431,0[CR],371256468
Z,0,0,14431,0[CR],371257015
Z,0,0,14431,0[CR],371257453
Z,0,0,14431,0[CR],371258000
Z,0,0,14440,22[CR],371258109
F,32988,15489,14445,26[CR],371258546
C,17130,2152,14456,36[CR],371258875
F,32380,14962,14470,41[CR],371259312
C,17168,2140,14485,39[CR],371259750
F,32444,15302,14500,36[CR],371260078
C,17708,2192,14515,33[CR],371260515
F,29676,15593,14526,25[CR],371260843
C,18560,2184,14537,24[CR],371261281
F,30440,15215,14547,27[CR],371261609
C,19074,2168,14559,33[CR],371262046
F,30580,15079,14572,34[CR],371262484
A,34860,31796,14584,34[CR],371262812
F,32892,14600,14597,35[CR],371263250
C,18594,2146,14611,36[CR],371263578
F,35216,14531,14626,38[CR],371264015
C,17822,2150,14643,49[CR],371264343
F,36348,15223,14662,51[CR],371264781
C,17160,2164,14681,51[CR],371265218
F,31708,17266,14700,49[CR],371265546
C,16954,2168,14720,57[CR],371265984
F,32764,16842,14744,68[CR],371266312
C,17092,2174,14771,73[CR],371266750
F,35116,15466,14799,73[CR],371267078
C,16614,2172,14825,68[CR],371267515
F,31804,16804,14852,68[CR],371267953
C,17118,2184,14878,60[CR],371268281
F,32960,15663,14904,60[CR],371268718
A,34852,33432,14928,64[CR],371269046
F,29068,16282,14954,68[CR],371269484
C,19352,2194,14982,64[CR],371269812
F,29740,14666,15014,86[CR],371270250
C,18502,2198,15048,94[CR],371270687
F,35736,15179,15077,68[CR],371271015
C,21282,2220,15100,57[CR],371271453
F,21470,18190,15121,47[CR],371271781
C,25108,2232,15143,54[CR],371272218
F,21388,16364,15165,60[CR],371272546
C,25364,2216,15185,51[CR],371272984
F,23872,17382,15203,41[CR],371273312
C,25316,2218,15218,34[CR],371273750
F,24704,17854,15231,30[CR],371274187
C,24800,2212,15242,25[CR],371274515
F,25024,18704,15249,17[CR],371274953
A,34848,25016,15254,10[CR],371275281
F,24964,19394,15256,4[CR],371275718
C,24314,2212,15256,1[CR],371276156
F,24252,19998,15256,1[CR],371276593
Z,0,0,15257,1[CR],371277140
Z,0,0,15257,0[CR],371277578
Z,0,0,15257,0[CR],371278125
Z,0,0,15257,0[CR],371278562
Z,0,0,15257,0[CR],371279109
Z,0,0,15257,0[CR],371279656
Z,0,0,15257,0[CR],371280093
Z,0,0,15257,0[CR],371280640
Z,0,0,15257,0[CR],371281078
Z,0,0,15257,0[CR],371281625
Z,0,0,15257,0[CR],371282171
Z,0,0,15257,0[CR],371282609
Z,0,0,15257,0[CR],371283156
Z,0,0,15257,0[CR],371283593
Z,0,0,15257,0[CR],371284140
Z,0,0,15257,0[CR],371284687
Z,0,0,15257,0[CR],371285125
Z,0,0,15257,0[CR],371285671
Z,0,0,15257,41[CR],371286109
Z,0,0,15257,43[CR],371286218
F,22702,13900,15257,36[CR],371286656
C,18924,2202,15257,36[CR],371287093
F,22792,18086,15266,22[CR],371287421
A,34840,21798,15274,20[CR],371287859
F,22468,20028,15282,16[CR],371288187
C,25156,2216,15288,16[CR],371288625
F,23090,20320,15294,13[CR],371288953
C,25444,2212,15298,11[CR],371289390
F,22354,20646,15303,11[CR],371289828
C,25792,2230,15307,9[CR],371290265
Z,0,0,15307,1[CR],371290812
Z,0,0,15307,0[CR],371291250
Z,0,0,15307,0[CR],371291796
Z,0,0,15307,0[CR],371292343
Z,0,0,15307,0[CR],371292781
Z,0,0,15307,0[CR],371293328
Z,0,0,15307,0[CR],371293765
Z,0,0,15307,0[CR],371294312
Z,0,0,15307,0[CR],371294859
Z,0,0,15307,0[CR],371295296
Z,0,0,15307,0[CR],371295843
Z,0,0,15307,0[CR],371296390
Z,0,0,15307,0[CR],371296828
Z,0,0,15307,0[CR],371297375
Z,0,0,15307,0[CR],371297921
Z,0,0,15307,0[CR],371298359
Z,0,0,15307,0[CR],371298906
Z,0,0,15307,0[CR],371299343
Z,0,0,15307,0[CR],371299890
Z,0,0,15307,0[CR],371300437
Z,0,0,15307,0[CR],371300875
Z,0,0,15307,0[CR],371301421
Z,0,0,15307,0[CR],371301859
Z,0,0,15307,0[CR],371302406
Z,0,0,15307,0[CR],371302953
Z,0,0,15307,0[CR],371303390
Z,0,0,15307,0[CR],371303828
C,22290,2208,15307,0[CR],371304375
Z,0,0,15307,0[CR],371304812
Z,0,0,15307,0[CR],371305359
Z,0,0,15307,0[CR],371305796
Z,0,0,15307,0[CR],371306343
Z,0,0,15307,0[CR],371306890
Z,0,0,15307,0[CR],371307328
Z,0,0,15307,0[CR],371307875
Z,0,0,15307,68[CR],371308093
F,22666,12694,15307,36[CR],371308531
C,17830,2208,15307,39[CR],371308859
F,22636,15541,15315,27[CR],371309296
C,22058,2222,15324,18[CR],371309734
F,17058,21612,15333,21[CR],371310062
C,26416,2208,15341,22[CR],371310500
F,14723,21408,15349,15[CR],371310828
C,26100,2224,15355,15[CR],371311265
F,14630,21042,15361,13[CR],371311593
C,25724,2220,15366,13[CR],371312031
F,15726,20342,15371,11[CR],371312468
A,34860,17118,15375,9[CR],371312796
F,17742,19934,15380,11[CR],371313234
C,25388,2212,15384,10[CR],371313562
F,19660,19634,15388,10[CR],371314000
C,25268,2218,15391,9[CR],371314328
F,21036,19546,15395,9[CR],371314765
C,25140,2188,15399,8[CR],371315218
F,22014,19596,15402,8[CR],371315546
C,25048,2212,15405,7[CR],371315984
F,22566,19664,15407,6[CR],371316312
C,25024,2216,15410,6[CR],371316750
F,22790,19674,15412,4[CR],371317078
C,24980,2214,15414,4[CR],371317515
F,22904,19604,15415,3[CR],371317953
C,24828,2226,15416,2[CR],371318281
F,22962,19624,15417,2[CR],371318718
A,34872,22926,15418,2[CR],371319046
F,22898,19590,15419,2[CR],371319500
C,24768,2216,15420,2[CR],371319921
Z,0,0,15421,2[CR],371320468
Z,0,0,15421,1[CR],371321015
Z,0,0,15421,0[CR],371321453
Z,0,0,15421,0[CR],371322000
Z,0,0,15421,24[CR],371322437
Z,0,0,15424,68[CR],371322546
C,22094,2210,15428,17[CR],371322984
F,22736,19812,15432,11[CR],371323421
C,25040,2212,15436,11[CR],371323750
F,22626,18940,15440,11[CR],371324187
C,24888,2214,15443,8[CR],371324515
F,23004,18856,15446,7[CR],371324953
A,34856,22996,15449,6[CR],371325281
F,22974,18878,15452,7[CR],371325718
C,24748,2236,15455,7[CR],371326156
F,22978,18908,15457,5[CR],371326484
C,24692,2206,15459,4[CR],371326921
F,23084,19038,15460,3[CR],371327250
C,24532,2216,15462,3[CR],371327687
F,23018,19152,15462,2[CR],371328015
C,24402,2216,15463,2[CR],371328562
Z,0,0,15463,1[CR],371329109
Z,0,0,15463,0[CR],371329546
Z,0,0,15463,0[CR],371330093
Z,0,0,15463,0[CR],371330640
Z,0,0,15463,0[CR],371331078
Z,0,0,15463,0[CR],371331625
Z,0,0,15463,0[CR],371332062
Z,0,0,15463,0[CR],371332609
Z,0,0,15463,0[CR],371333156
Z,0,0,15463,0[CR],371333593
Z,0,0,15463,0[CR],371334140
Z,0,0,15463,0[CR],371334687
Z,0,0,15463,0[CR],371335125
Z,0,0,15463,0[CR],371335671
Z,0,0,15463,0[CR],371336218
Z,0,0,15463,0[CR],371336656
Z,0,0,15463,0[CR],371337203
Z,0,0,15463,0[CR],371337640
Z,0,0,15463,0[CR],371338187
Z,0,0,15463,0[CR],371338734
Z,0,0,15463,0[CR],371339171
Z,0,0,15463,0[CR],371339718
Z,0,0,15463,0[CR],371340265
Z,0,0,15463,0[CR],371340703
Z,0,0,15463,0[CR],371341250
Z,0,0,15463,0[CR],371341687
Z,0,0,15463,0[CR],371342234
Z,0,0,15463,0[CR],371342781
Z,0,0,15463,0[CR],371343218
Z,0,0,15463,0[CR],371343765
Z,0,0,15463,0[CR],371344312
Z,0,0,15463,0[CR],371344750
Z,0,0,15463,0[CR],371345296
Z,0,0,15463,0[CR],371345843
Z,0,0,15463,0[CR],371346281
Z,0,0,15463,0[CR],371346828
Z,0,0,15463,0[CR],371347265
Z,0,0,15463,0[CR],371347812
Z,0,0,15463,0[CR],371348359
Z,0,0,15463,0[CR],371348796
Z,0,0,15463,0[CR],371349343
Z,0,0,15463,0[CR],371349890
Z,0,0,15463,0[CR],371350328
Z,0,0,15463,0[CR],371350875
Z,0,0,15463,0[CR],371351312
Z,0,0,15463,0[CR],371351859
Z,0,0,15463,0[CR],371352406
Z,0,0,15463,0[CR],371352843
Z,0,0,15463,0[CR],371353390
Z,0,0,15463,0[CR],371353828
Z,0,0,15463,0[CR],371354375
Z,0,0,15463,0[CR],371354921
Z,0,0,15463,0[CR],371355359
Z,0,0,15463,0[CR],371355906
Z,0,0,15463,0[CR],371356343
Z,0,0,15463,0[CR],371356890
Z,0,0,15463,0[CR],371357437
Z,0,0,15463,0[CR],371357875
Z,0,0,15463,0[CR],371358421
Z,0,0,15463,0[CR],371358859
Z,0,0,15463,0[CR],371359406
Z,0,0,15463,0[CR],371359843
Z,0,0,15463,0[CR],371360390
Z,0,0,15463,0[CR],371360937
Z,0,0,15463,0[CR],371361375
Z,0,0,15463,0[CR],371361921
Z,0,0,15463,0[CR],371362359
Z,0,0,15463,0[CR],371362906
Z,0,0,15463,0[CR],371363453
Z,0,0,15463,0[CR],371363890
Z,0,0,15463,0[CR],371364437
Z,0,0,15463,0[CR],371364875
Z,0,0,15463,0[CR],371365421
Z,0,0,15463,0[CR],371365968
Z,0,0,15463,0[CR],371366406
Z,0,0,15463,0[CR],371366953
Z,0,0,15463,0[CR],371367390
Z,0,0,15463,0[CR],371367937
Z,0,0,15463,0[CR],371368484
Z,0,0,15463,0[CR],371368921
Z,0,0,15463,0[CR],371369468
Z,0,0,15463,0[CR],371370015
Z,0,0,15463,0[CR],371370453
Z,0,0,15463,0[CR],371371000
Z,0,0,15463,0[CR],371371437
Z,0,0,15463,0[CR],371371984
Z,0,0,15463,0[CR],371372531
Z,0,0,15463,0[CR],371372968
Z,0,0,15463,0[CR],371373515
Z,0,0,15463,0[CR],371374062
Z,0,0,15463,0[CR],371374500
Z,0,0,15463,0[CR],371375046
Z,0,0,15463,0[CR],371375484
Z,0,0,15463,0[CR],371376031
Z,0,0,15463,0[CR],371376578
Z,0,0,15463,0[CR],371377015
Z,0,0,15463,0[CR],371377562
Z,0,0,15463,0[CR],371378109
Z,0,0,15463,0[CR],371378546
Z,0,0,15463,0[CR],371379093
Z,0,0,15463,0[CR],371379640
Z,0,0,15463,0[CR],371380078
Z,0,0,15463,0[CR],371380625
Z,0,0,15463,0[CR],371381062
Z,0,0,15463,0[CR],371381609
Z,0,0,15463,0[CR],371382156
Z,0,0,15463,0[CR],371382593
Z,0,0,15463,0[CR],371383140
Z,0,0,15463,0[CR],371383687
Z,0,0,15463,0[CR],371384125
Z,0,0,15463,0[CR],371384671
Z,0,0,15463,0[CR],371385109
Z,0,0,15463,0[CR],371385656
Z,0,0,15463,0[CR],371386203
Z,0,0,15463,0[CR],371386640
Z,0,0,15463,0[CR],371387187
Z,0,0,15463,0
<PAUSE BUTTON 14:19:41>
[CR],371387515
>
Reset interface. Wait time for interface: 78
>
Reset interface. Wait time for interface: 235DOFF
OK
>
Command: DOFF Wait time for interface: 109

>
Reset interface. Wait time for interface: 31CLEAR
OK
>
Command: CLEAR Wait time for interface: 109

<END BUTTON 14:33:06>

------------------- Begin end zero test --------------------
>
Reset interface. Wait time for interface: 62SCANG
Z,0,0,0,0
C,12039,12604,0,0[CR],372197187
F,11998,12691,0,0[CR],372197625
C,12038,12684,0,0[CR],372197953
F,11996,12690,0,0[CR],372198390
C,12039,12578,0,0[CR],372198750
F,11988,12690,0,0[CR],372199187
C,12038,12739,0,0[CR],372199515
F,11986,12689,0,0[CR],372199953
A,35048,11989,0,0[CR],372200281
F,11979,12690,0,0[CR],372200734
C,12039,12692,0,0[CR],372201062
F,11994,12689,0,0[CR],372201515
C,12039,12667,0,0[CR],372201859
F,11988,12690,0,0[CR],372202296
C,12039,12879,0,0[CR],372202625
F,11989,12690,0,0[CR],372203078
C,12081,12815,0,0[CR],372203421
F,12023,12689,0,0[CR],372203875
C,12037,12773,0,0[CR],372204218
F,12006,12690,0,0[CR],372204656
C,12037,12721,0,0[CR],372204984
F,12002,12689,0,0[CR],372205421
C,12038,12697,0,0[CR],372205750
F,12002,12689,0,0[CR],372206187
A,35048,11997,0,0[CR],372206515
F,11991,12690,0,0[CR],372206953
C,12036,12732,0,0[CR],372207390
F,11995,12691,0,0[CR],372207718
C,12036,12655,0,0[CR],372208156
F,11999,12689,0,0[CR],372208484
C,12037,12740,0,0[CR],372208921
F,11995,12690,0,0[CR],372209359
C,12073,12562,0,0[CR],372209687
F,12014,12691,0,0[CR],372210125
C,12182,12892,0,0[CR],372210453
F,12016,12688,0,0[CR],372210890
C,12041,12282,0,0[CR],372211218
F,12023,12689,0,0[CR],372211656
C,12041,12622,0,0[CR],372212093
F,12016,12690,0,0[CR],372212421
A,35052,12007,0,0[CR],372212859
F,11999,12690,0,0[CR],372213187
C,12042,12517,0,0[CR],372213625
F,12007,12689,0,0[CR],372213953
C,12045,12369,0,0[CR],372214390
F,12011,12690,0,0[CR],372214734
C,12063,12653,0,0[CR],372215171
F,11888,12688,0,0[CR],372215609
C,12103,12409,0,0[CR],372215937
F,12418,12689,0,0[CR],372216375
C,12054,12552,0,0[CR],372216703
F,12158,12688,0,0[CR],372217140
C,12055,12628,0,0[CR],372217468
F,12118,12689,0,0[CR],372217906
C,12055,12496,0,0[CR],372218343
F,12103,12688,0,0[CR],372218671
A,35080,12098,0,0[CR],372219109
F,12084,12689,0,0[CR],372219437
C,12054,12517,0,0[CR],372219875
F,12090,12689,0,0[CR],372220203
C,12055,12532,0,0[CR],372220531
>[CR],372220531
>
Reset interface. Wait time for interface: 78

======== END OF TEST ========


