CPT-log version: 5.22
======== BEGIN OF TEST ========
DATE 11.10.2022

<Transmited Data>
<NEW BUTTON 10:18:46>
[^C][CR]
[^C][CR]
[^C][CR]
CLEAR[CR]
[^C][CR]
DOFF[CR]

<NEW BUTTON 10:23:34>

<NEW BUTTON 10:24:01>
[^C][CR]
[^C][CR]
[^C][CR]
CLEAR[CR]
[^C][CR]
DOFF[CR]
[^C][CR]
SCAN E[CR]
[^C][CR]
[^C][CR]
CLEAR[CR]

<START BUTTON 10:29:35>
[^C][CR]
[^C][CR]
DRON[CR]
SCAN E[CR]
[^G][^G][^G][^G][^G][^G][^G][^G][^G][^G][^G][^G][^G][^G][^G][^G]
<PAUSE BUTTON 10:44:18>
[^C][CR]
[^C][CR]
DOFF[CR]
[^C][CR]
CLEAR[CR]

<END BUTTON 10:51:10>
[^C][CR]
SCAN E[CR]
[^C][CR]


<Received Data>
<NEW BUTTON 10:18:46>

>
Reset interface. Wait time for interface: 109
>
Reset interface. Wait time for interface: 109
>
Reset interface. Wait time for interface: 110CLEAR
OK
>
Command: CLEAR Wait time for interface: 109

>
Reset interface. Wait time for interface: 110DOFF
OK
>
Command: DOFF Wait time for interface: 109

<NEW BUTTON 10:23:34>

<NEW BUTTON 10:24:01>

>
Reset interface. Wait time for interface: 94
>
Reset interface. Wait time for interface: 109
>
Reset interface. Wait time for interface: 110CLEAR
OK
>
Command: CLEAR Wait time for interface: 109

>
Reset interface. Wait time for interface: 109DOFF
OK
>
Command: DOFF Wait time for interface: 110

>
Reset interface. Wait time for interface: 78SCAN E
Z,0,0,0,0,0,2486
C,12134,8124,0,0,1,2467[CR],443688468
F,12187,12711,0,0,37,2464[CR],443688906
C,12134,8028,0,0,27,2464[CR],443689234
F,12192,12712,0,0,61,2464[CR],443689671
C,12134,8180,0,0,0,2465[CR],443690015
F,12189,12711,0,0,1,2464[CR],443690468
C,12134,8379,0,0,67,2465[CR],443690812
F,12203,12712,0,0,48,2465[CR],443691156
C,12135,8142,0,0,15,2465[CR],443691593
F,12205,12707,0,0,0,2465[CR],443691937
C,12135,7882,0,0,3,2464[CR],443692406
F,12207,12711,0,0,46,2465[CR],443692750
C,12135,8098,0,0,70,2464[CR],443693109
F,12204,12711,0,0,4,2464[CR],443693546
A,35976,12196,0,0,1,2464[CR],443693890
F,12176,12711,0,0,1,2464[CR],443694328
C,12134,7922,0,0,8,2465[CR],443694671
F,12195,12711,0,0,38,2465[CR],443695140
C,12134,8070,0,0,0,2464[CR],443695468
F,12199,12710,0,0,1,2464[CR],443695906
C,12135,8120,0,0,6,2465[CR],443696234
>
Reset interface. Wait time for interface: 109
>
Reset interface. Wait time for interface: 125CLEAR
OK
>
Command: CLEAR Wait time for interface: 110

<START BUTTON 10:29:35>

>
Reset interface. Wait time for interface: 47
>
Reset interface. Wait time for interface: 109DRON
OK
>
Command: DRON Wait time for interface: 110
SCAN E
Z,0,0,0,0,375,4903
C,14995,648,0,0,370,4434[CR],443982968
F,16090,14676,0,0,371,4432[CR],443983421
C,14974,596,0,0,374,4429[CR],443983750
F,16009,14680,0,0,374,4424[CR],443984203
C,14952,608,0,0,371,4421[CR],443984531
F,15939,14682,0,0,371,4418[CR],443984984
C,14934,580,0,0,369,4416[CR],443985312
F,15894,14687,0,0,369,4413[CR],443985765
C,14917,658,0,0,371,4408[CR],443986093
F,15841,14695,0,0,370,4407[CR],443986531
C,14903,600,0,0,368,4404[CR],443986859
F,15802,14699,0,0,367,4400[CR],443987296
A,37268,15754,0,0,369,4400[CR],443987734
F,15736,14706,0,0,370,4398[CR],443988062
C,14878,528,0,0,369,4395[CR],443988500
F,15723,14712,0,0,368,4393[CR],443988828
C,14867,594,0,0,367,4391[CR],443989265
F,15695,14720,0,0,368,4391[CR],443989593
C,14856,484,0,0,368,4388[CR],443990031
F,15669,14723,0,0,368,4387[CR],443990468
C,14847,596,0,0,364,4386[CR],443990796
F,15636,14730,0,0,366,4385[CR],443991234
C,14839,628,0,0,368,4384[CR],443991562
F,15620,14736,0,0,368,4382[CR],443992000
C,14831,534,0,0,367,4381[CR],443992328
F,15597,14744,0,0,365,4380[CR],443992765
C,14823,660,0,0,366,4379[CR],443993093
F,15576,14748,0,0,364,4379[CR],443993531
A,37252,15571,0,0,367,4377[CR],443993968
F,15554,14755,0,0,366,4375[CR],443994296
C,14808,558,0,0,365,4374[CR],443994734
F,15545,14758,0,0,365,4373[CR],443995062
C,14802,588,0,0,365,4371[CR],443995500
F,15533,14763,0,0,367,4371[CR],443995937
C,14796,628,0,0,367,4371[CR],443996265
F,15513,14766,0,0,368,4370[CR],443996703
C,14790,604,0,0,366,4368[CR],443997031
F,15514,14772,8,35,497,4608[CR],443997468
C,14816,564,21,33,493,4651[CR],443997796
F,15227,15743,34,35,498,4626[CR],443998234
C,16043,614,47,34,499,4574[CR],443998671
F,15788,16126,60,35,502,4539[CR],443999000
C,15695,560,72,34,503,4525[CR],443999437
F,16157,16894,85,33,504,4543[CR],443999765
A,37252,16006,97,34,505,4567[CR],444000203
F,15756,17136,110,32,501,4578[CR],444000531
C,15619,526,122,33,502,4588[CR],444000968
F,15392,16730,134,34,502,4574[CR],444001406
C,15483,560,146,32,498,4540[CR],444001734
F,15855,16029,157,24,496,4566[CR],444002171
C,15383,598,169,25,495,4596[CR],444002500
F,16420,15430,180,27,491,4642[CR],444002937
C,15442,576,192,28,493,4671[CR],444003265
F,16958,14972,204,30,491,4606[CR],444003703
C,15382,622,216,27,491,4530[CR],444004140
F,17412,14276,228,28,494,4462[CR],444004468
C,15016,624,239,30,492,4403[CR],444004906
F,18592,13800,250,29,492,4404[CR],444005234
C,14689,566,261,30,491,4415[CR],444005671
F,19844,14013,272,31,494,4431[CR],444006000
A,37300,20532,282,24,493,4441[CR],444006437
F,20662,14501,292,25,491,4462[CR],444006875
C,14903,606,303,27,492,4496[CR],444007203
F,20608,14846,313,27,492,4539[CR],444007640
C,15416,562,323,28,498,4599[CR],444007968
F,19228,15031,333,24,492,4600[CR],444008406
C,15884,552,343,24,495,4645[CR],444008734
F,18116,15063,353,26,495,4701[CR],444009171
C,16110,658,363,27,496,4707[CR],444009609
F,17648,14867,373,28,496,4684[CR],444009937
C,16276,604,383,24,496,4644[CR],444010375
F,17950,14458,393,24,495,4610[CR],444010703
C,16270,568,403,25,494,4608[CR],444011140
F,18506,14185,413,26,493,4624[CR],444011484
C,16100,618,421,21,494,4645[CR],444011906
F,19216,13960,431,22,494,4688[CR],444012234
A,37228,19756,440,24,497,4699[CR],444012671
F,19938,13978,449,24,496,4701[CR],444013046
C,15770,674,459,21,496,4728[CR],444013437
F,20514,13996,468,22,495,4753[CR],444013875
C,15561,696,476,24,494,4813[CR],444014203
F,21038,14020,485,19,496,4857[CR],444014640
C,15369,586,494,21,497,4893[CR],444015078
F,21532,13993,502,23,496,4933[CR],444015406
C,15354,664,511,25,498,4973[CR],444015843
F,22198,13916,520,20,495,5003[CR],444016171
C,15652,562,528,22,492,5039[CR],444016609
F,22458,14043,535,17,492,5072[CR],444016937
C,16311,726,544,19,492,5112[CR],444017375
F,20826,14266,552,22,493,5138[CR],444017812
C,16982,676,560,19,492,5137[CR],444018140
F,19240,14355,569,21,494,5134[CR],444018578
A,37244,18222,577,22,492,5138[CR],444018906
F,17946,14343,585,20,491,5150[CR],444019343
C,17856,632,593,21,491,5185[CR],444019671
F,18108,14157,601,22,489,5185[CR],444020109
C,18318,610,609,19,491,5180[CR],444020546
F,18468,14172,618,19,492,5192[CR],444020875
C,18592,686,626,23,491,5206[CR],444021312
F,18610,14471,634,20,491,5189[CR],444021640
C,18432,646,643,21,491,5172[CR],444022078
F,18176,14802,651,24,492,5129[CR],444022406
C,17598,674,659,20,491,5092[CR],444022843
F,17982,15017,668,22,492,5078[CR],444023281
C,16650,594,676,24,490,5071[CR],444023609
F,18550,15295,685,20,495,5082[CR],444024046
C,15837,566,693,22,496,5072[CR],444024375
F,19092,16047,702,21,492,5061[CR],444024812
A,37200,19316,710,20,496,5060[CR],444025140
F,19358,17084,719,22,492,5035[CR],444025578
C,14863,636,727,22,492,4989[CR],444026015
F,19670,18230,736,21,492,4936[CR],444026343
C,14729,666,744,22,496,4916[CR],444026781
F,19204,18166,753,24,495,4860[CR],444027109
C,15123,636,761,20,496,4835[CR],444027546
F,20768,17852,770,21,495,4830[CR],444027875
C,15434,730,778,22,493,4855[CR],444028312
F,20242,17052,786,19,492,4906[CR],444028750
C,15679,724,795,21,493,4922[CR],444029078
F,18894,16860,803,22,495,4925[CR],444029515
C,15836,664,811,19,495,4918[CR],444029859
F,18342,16217,820,20,496,4901[CR],444030281
C,15810,636,828,22,495,4881[CR],444030609
F,18644,15424,836,19,492,4905[CR],444031046
A,37172,18990,845,21,491,4951[CR],444031484
F,19186,14876,853,22,489,4973[CR],444031812
C,15436,678,861,20,490,4996[CR],444032250
F,20050,14445,870,20,490,4993[CR],444032578
C,15307,756,878,23,490,5026[CR],444033015
F,20848,14383,886,19,491,5057[CR],444033343
C,15542,658,894,21,492,5064[CR],444033781
F,20944,14710,902,21,495,5071[CR],444034218
C,16234,716,911,19,495,5083[CR],444034546
F,18970,14811,919,22,495,5096[CR],444034984
C,16930,718,927,23,497,5091[CR],444035312
F,17362,14989,936,20,499,5083[CR],444035750
C,17246,706,945,24,501,5044[CR],444036078
F,16402,14948,953,25,501,4981[CR],444036515
C,17240,734,962,20,498,4918[CR],444036953
F,16266,14623,971,21,497,4921[CR],444037281
A,37180,16714,979,24,497,4928[CR],444037718
F,16878,14426,987,20,497,4877[CR],444038046
C,16526,752,996,22,497,4867[CR],444038484
F,17372,14548,1005,23,499,4858[CR],444038812
C,16081,764,1013,20,498,4848[CR],444039250
F,17834,14769,1021,21,499,4880[CR],444039687
C,15653,612,1030,23,498,4891[CR],444040015
F,18402,15206,1038,19,499,4924[CR],444040359
C,15430,712,1046,22,499,4929[CR],444040781
F,19014,15727,1055,24,498,4928[CR],444041218
C,15630,670,1063,20,497,4892[CR],444041546
F,19048,16323,1072,21,498,4891[CR],444041984
C,15784,638,1080,23,496,4899[CR],444042421
F,17028,16922,1088,19,495,4918[CR],444042750
C,15858,670,1097,22,496,4926[CR],444043187
F,15497,16790,1105,24,495,4915[CR],444043515
A,37128,15345,1113,20,492,4899[CR],444043953
F,15438,15935,1122,22,490,4866[CR],444044281
C,15750,674,1131,23,490,4856[CR],444044718
F,16248,14935,1139,21,490,4837[CR],444045156
C,15382,762,1148,21,490,4823[CR],444045484
F,17404,14538,1156,23,488,4845[CR],444045921
C,15247,728,1164,19,490,4852[CR],444046250
F,18812,14371,1173,22,489,4850[CR],444046687
C,15455,666,1181,22,489,4837[CR],444047015
F,20168,14421,1190,19,487,4874[CR],444047453
C,16107,688,1198,21,488,4938[CR],444047890
F,20038,14462,1206,23,489,4986[CR],444048234
C,16698,766,1214,19,492,5012[CR],444048656
F,18374,14433,1222,21,489,5031[CR],444048984
C,16804,742,1230,20,490,5066[CR],444049421
F,17614,14526,1239,19,492,5098[CR],444049750
A,37160,17546,1247,22,489,5118[CR],444050187
F,17522,14629,1255,21,490,5133[CR],444050531
C,16217,758,1263,21,490,5171[CR],444050953
F,17924,14531,1272,22,491,5186[CR],444051390
C,15896,676,1279,18,492,5209[CR],444051718
F,18462,15008,1288,21,492,5209[CR],444052156
C,15889,766,1297,22,494,5198[CR],444052484
F,18984,15767,1305,17,495,5201[CR],444052921
C,16280,718,1313,21,496,5181[CR],444053250
F,19190,16502,1322,22,496,5174[CR],444053687
C,17168,672,1330,18,497,5200[CR],444054125
F,17762,16718,1338,20,497,5200[CR],444054453
C,18380,724,1347,22,499,5237[CR],444054890
F,16277,16944,1355,17,498,5276[CR],444055218
C,19680,838,1363,21,500,5295[CR],444055656
F,14830,17180,1371,23,502,5300[CR],444056093
A,37096,14035,1380,19,501,5292[CR],444056421
F,13830,16962,1388,21,500,5307[CR],444056859
C,21424,772,1397,22,499,5296[CR],444057187
F,13703,16366,1405,20,499,5300[CR],444057625
C,21784,696,1413,21,495,5317[CR],444057953
F,13988,15832,1422,22,494,5328[CR],444058390
C,21860,820,1430,19,495,5350[CR],444058734
F,14328,15685,1438,21,494,5371[CR],444059156
C,21766,744,1446,22,496,5395[CR],444059593
F,14667,15901,1455,20,493,5369[CR],444059921
C,21694,746,1463,21,494,5385[CR],444060359
F,15003,16197,1472,22,494,5393[CR],444060687
C,21584,784,1480,20,494,5397[CR],444061125
F,15330,16570,1488,22,492,5398[CR],444061562
C,21384,776,1496,23,492,5423[CR],444061890
F,15649,16938,1505,19,494,5437[CR],444062328
A,37104,15841,1513,22,493,5441[CR],444062656
F,15926,17158,1521,23,491,5440[CR],444063093
C,20262,830,1530,20,490,5425[CR],444063421
F,16282,17312,1539,22,490,5387[CR],444063859
C,19490,794,1547,24,490,5347[CR],444064296
F,16664,17490,1556,21,490,5297[CR],444064625
C,18456,612,1565,22,488,5252[CR],444065062
F,17124,17726,1573,23,487,5240[CR],444065390
C,17236,742,1581,20,485,5237[CR],444065828
F,17752,17710,1591,21,486,5226[CR],444066156
C,16292,814,1599,23,484,5219[CR],444066593
F,18744,17644,1607,17,486,5234[CR],444067031
C,15959,750,1616,21,483,5250[CR],444067359
F,20044,17878,1624,22,485,5285[CR],444067796
C,16564,776,1632,19,485,5323[CR],444068125
F,21052,18584,1640,21,489,5369[CR],444068562
A,37068,20108,1648,22,488,5402[CR],444068890
F,19018,18600,1657,20,490,5393[CR],444069296
C,18850,790,1665,22,490,5364[CR],444069765
F,16516,17796,1674,23,491,5319[CR],444070093
C,18410,732,1682,21,489,5263[CR],444070531
F,15908,16904,1691,22,488,5210[CR],444070859
C,17214,774,1700,23,487,5164[CR],444071296
F,16280,15859,1708,18,485,5141[CR],444071625
C,16282,798,1717,21,486,5124[CR],444072062
F,16984,15414,1726,22,488,5121[CR],444072500
C,15906,738,1734,17,490,5108[CR],444072828
F,17844,15775,1743,21,492,5105[CR],444073265
C,15790,708,1751,22,490,5096[CR],444073593
F,18614,16325,1759,20,492,5090[CR],444074031
C,15712,778,1768,21,494,5083[CR],444074359
F,18960,16818,1777,22,496,5071[CR],444074796
A,37064,18884,1785,22,497,5072[CR],444075234
F,18936,16824,1789,3,345,5038[CR],444075562
C,15411,712,1789,1,342,5007[CR],444076000
F,19176,16598,1789,0,342,4996[CR],444076328
C,14661,776,1789,0,340,4987[CR],444076765
F,19846,16492,1789,0,339,4987[CR],444077093
C,14587,868,1789,0,335,4988[CR],444077531
F,20504,16396,1789,0,336,4989[CR],444077968
C,14555,754,1789,0,340,4989[CR],444078296
F,21080,16323,1789,0,351,4987[CR],444078734
C,14536,764,1789,0,372,4400[CR],444079062
F,21584,16195,1789,0,378,3588[CR],444079500
C,14484,774,1789,0,396,2926[CR],444079828
F,21992,15727,1789,0,441,1800[CR],444080265
C,13973,716,1789,0,358,1272[CR],444080703
F,19994,12709,1789,0,354,1423[CR],444081031
A,36944,20042,1789,0,350,1506[CR],444081468
F,20212,12712,1789,0,309,1556[CR],444081796
C,12124,748,1789,0,307,1596[CR],444082234
F,20800,12713,1789,0,143,1631[CR],444082671
Z,0,0,1789,0,8,2482[CR],444083000
F,21224,12716,1789,0,94,2501[CR],444083437
C,12202,752,1789,0,96,2481[CR],444083875
Z,0,0,1789,0,0,2428[CR],444084421
Z,0,0,1789,0,0,2523[CR],444084859
Z,0,0,1789,0,0,2538[CR],444085406
Z,0,0,1789,0,0,2545[CR],444085843
Z,0,0,1789,0,0,2550[CR],444086390
Z,0,0,1789,0,0,2556[CR],444086937
Z,0,0,1789,0,0,2554[CR],444087375
Z,0,0,1789,0,0,2545[CR],444087921
Z,0,0,1789,0,145,2524[CR],444088359
Z,0,0,1789,0,0,2505[CR],444088906
Z,0,0,1789,0,0,2512[CR],444089343
Z,0,0,1789,0,0,2515[CR],444089890
Z,0,0,1789,0,0,2538[CR],444090437
Z,0,0,1789,0,0,2541[CR],444090875
Z,0,0,1789,0,0,2548[CR],444091421
Z,0,0,1789,0,0,2549[CR],444091859
Z,0,0,1789,0,0,2546[CR],444092406
Z,0,0,1789,0,1,2542[CR],444092843
Z,0,0,1789,0,0,2513[CR],444093390
Z,0,0,1789,0,0,2523[CR],444093937
Z,0,0,1789,0,0,2520[CR],444094375
Z,0,0,1789,0,0,2528[CR],444094921
Z,0,0,1789,0,0,2525[CR],444095359
Z,0,0,1789,0,0,2525[CR],444095906
Z,0,0,1789,0,0,2521[CR],444096453
Z,0,0,1789,0,0,2520[CR],444096890
Z,0,0,1789,0,0,2525[CR],444097437
Z,0,0,1789,0,0,2528[CR],444097875
Z,0,0,1789,0,0,2529[CR],444098421
Z,0,0,1789,0,0,2531[CR],444098968
Z,0,0,1789,0,0,2531[CR],444099406
Z,0,0,1789,0,2,2499[CR],444099953
Z,0,0,1789,0,0,2403[CR],444100390
Z,0,0,1789,0,0,2392[CR],444100937
Z,0,0,1789,0,0,2421[CR],444101375
Z,0,0,1789,0,1,2436[CR],444101921
Z,0,0,1789,0,0,2447[CR],444102468
Z,0,0,1789,0,0,2449[CR],444102906
Z,0,0,1789,0,0,2456[CR],444103453
Z,0,0,1789,0,0,2465[CR],444103890
Z,0,0,1789,0,0,2466[CR],444104437
Z,0,0,1789,0,0,2467[CR],444104875
Z,0,0,1789,0,0,2471[CR],444105421
Z,0,0,1789,0,1,2471[CR],444105968
Z,0,0,1789,0,0,2471[CR],444106406
Z,0,0,1789,0,0,2472[CR],444106953
Z,0,0,1789,0,325,2479[CR],444107390
Z,0,0,1789,0,164,2492[CR],444107937
Z,0,0,1789,0,0,2484[CR],444108375
Z,0,0,1789,94,0,2501[CR],444108921
Z,0,0,1789,94,0,2493[CR],444109359
Z,0,0,1789,9,308,2664[CR],444109906
Z,0,0,1789,2,249,4331[CR],444109906
C,12142,760,1789,2,256,4503[CR],444110343
F,20944,12733,1789,1,262,4505[CR],444110781
C,12274,694,1789,0,245,4503[CR],444111109
F,20934,12732,1789,0,263,4504[CR],444111546
C,12254,730,1789,0,247,4505[CR],444111875
F,20866,12730,1789,0,252,4503[CR],444112312
A,36988,20832,1789,0,261,4500[CR],444112640
F,20796,12724,1789,0,373,4495[CR],444113078
C,12235,774,1789,0,374,3894[CR],444113515
F,20726,13141,1789,0,372,3800[CR],444113859
C,12434,766,1789,0,376,3783[CR],444114281
F,20570,13174,1789,0,374,3776[CR],444114609
C,12406,682,1789,0,372,3768[CR],444115046
F,20482,13143,1789,0,370,3763[CR],444115375
C,12390,774,1789,0,368,3760[CR],444115812
F,20444,13109,1789,0,371,3757[CR],444116250
C,12380,818,1789,0,373,3754[CR],444116578
F,20398,13079,1789,0,371,3751[CR],444117015
C,12374,748,1789,12,470,3891[CR],444117343
F,20378,13438,1789,18,473,4219[CR],444117781
C,12625,790,1789,20,486,4391[CR],444118109
F,21084,15622,1790,18,491,4548[CR],444118546
A,36972,20414,1798,20,493,4666[CR],444118984
F,20276,15690,1806,22,499,4741[CR],444119312
C,15261,740,1814,19,497,4792[CR],444119750
F,19166,15736,1822,21,499,4832[CR],444120078
C,15376,788,1830,19,503,4846[CR],444120515
F,18410,16065,1839,20,502,4841[CR],444120843
C,15211,794,1847,22,501,4832[CR],444121281
F,17878,16136,1855,21,503,4827[CR],444121718
C,15085,784,1864,20,501,4829[CR],444122046
F,17536,15998,1872,21,500,4839[CR],444122484
C,15026,724,1880,22,502,4850[CR],444122812
F,17934,15470,1889,21,499,4855[CR],444123250
C,14946,688,1897,22,498,4869[CR],444123578
F,18512,15035,1905,18,498,4865[CR],444124015
C,14845,734,1914,20,499,4855[CR],444124359
F,19022,14944,1922,22,500,4853[CR],444124781
A,36964,19326,1930,18,498,4850[CR],444125218
F,19476,14844,1939,19,499,4864[CR],444125546
C,15088,752,1947,21,499,4872[CR],444125984
F,19820,15007,1955,17,499,4881[CR],444126312
C,15388,804,1963,19,499,4896[CR],444126750
F,19858,15139,1972,22,498,4917[CR],444127187
C,15536,792,1980,19,498,4939[CR],444127515
F,19492,14969,1988,21,499,4955[CR],444127953
C,15571,774,1997,22,497,4980[CR],444128281
F,19764,14636,2005,20,499,5002[CR],444128718
C,15539,816,2013,21,491,5016[CR],444129046
F,20096,14533,2021,21,500,5048[CR],444129484
C,15462,968,2029,19,495,5079[CR],444129921
F,20422,14478,2038,21,497,5117[CR],444130250
C,15407,822,2046,22,496,5138[CR],444130687
F,20678,14478,2054,19,497,5167[CR],444131015
A,37028,20796,2062,22,499,5193[CR],444131453
F,20758,14650,2070,24,497,5199[CR],444131781
C,15255,828,2079,19,498,5187[CR],444132218
F,20210,14891,2087,21,497,5198[CR],444132656
C,15228,748,2095,23,497,5220[CR],444132984
F,19738,14939,2104,19,497,5259[CR],444133421
C,15157,796,2112,22,493,5290[CR],444133750
F,20018,14781,2120,22,496,5319[CR],444134187
C,15178,680,2128,20,497,5355[CR],444134515
F,20332,14689,2137,22,497,5348[CR],444134953
C,15262,774,2145,20,496,5348[CR],444135296
F,20614,14689,2154,20,495,5339[CR],444135718
C,15465,788,2162,22,496,5342[CR],444136156
F,20788,14820,2170,22,493,5359[CR],444136484
C,15744,766,2178,20,495,5406[CR],444136921
F,20394,14940,2187,22,496,5430[CR],444137250
A,36936,19726,2195,17,494,5450[CR],444137687
F,19452,15087,2203,20,494,5456[CR],444138125
C,16498,788,2212,23,494,5442[CR],444138453
F,18654,15107,2220,19,495,5409[CR],444138890
C,16706,768,2229,21,495,5384[CR],444139218
F,18222,14894,2237,22,491,5378[CR],444139656
C,16602,708,2245,19,489,5355[CR],444139984
F,18616,14381,2254,20,490,5340[CR],444140421
C,16418,836,2262,23,489,5361[CR],444140859
F,19108,14113,2270,18,488,5383[CR],444141187
C,16282,860,2279,21,486,5368[CR],444141625
F,19618,14072,2288,22,487,5367[CR],444141953
C,16096,882,2296,17,487,5367[CR],444142390
F,20060,14043,2304,21,486,5367[CR],444142718
C,15802,792,2312,22,487,5370[CR],444143156
F,20536,14136,2321,18,491,5393[CR],444143593
A,36952,20850,2329,20,490,5421[CR],444143921
F,20946,14513,2337,22,490,5447[CR],444144359
C,15662,860,2345,17,490,5491[CR],444144687
F,21096,15029,2354,22,490,5516[CR],444145125
C,15748,772,2362,23,492,5517[CR],444145453
F,20190,15310,2371,19,492,5506[CR],444145890
C,15704,776,2379,21,495,5477[CR],444146328
F,20138,15116,2388,22,494,5442[CR],444146656
C,15466,846,2396,18,493,5412[CR],444147093
F,20592,14793,2405,22,492,5383[CR],444147421
C,15151,790,2413,22,492,5377[CR],444147859
F,21052,14548,2421,18,492,5384[CR],444148187
C,14931,796,2430,20,491,5410[CR],444148625
F,21514,14631,2438,22,494,5424[CR],444149062
C,14995,844,2446,18,492,5404[CR],444149390
F,21610,14918,2455,21,493,5410[CR],444149828
A,36884,21148,2463,22,491,5422[CR],444150156
F,20884,15082,2471,19,492,5481[CR],444150593
C,15561,838,2480,21,490,5509[CR],444150921
F,20356,15030,2488,23,492,5534[CR],444151359
C,15908,802,2496,20,491,5522[CR],444151796
F,19596,15024,2505,21,491,5509[CR],444152125
C,15966,826,2513,24,492,5499[CR],444152562
F,19110,14767,2521,21,493,5474[CR],444152890
C,15807,806,2531,22,492,5386[CR],444153328
F,19270,14404,2540,24,494,5336[CR],444153671
C,15540,828,2548,18,491,5302[CR],444154093
F,19740,14034,2556,20,490,5288[CR],444154437
C,15230,868,2565,22,491,5292[CR],444154875
F,20292,13889,2573,18,490,5296[CR],444155312
C,15084,840,2582,20,490,5307[CR],444155640
F,20826,14016,2590,22,491,5319[CR],444156078
A,36880,21074,2598,18,489,5335[CR],444156406
F,21128,14359,2606,21,492,5350[CR],444156843
C,15174,866,2615,22,489,5361[CR],444157171
F,21182,14589,2623,19,489,5375[CR],444157609
C,15208,816,2631,21,491,5389[CR],444158046
F,21084,14514,2640,23,492,5397[CR],444158375
C,15173,800,2648,20,489,5399[CR],444158812
F,21372,14321,2656,21,489,5422[CR],444159140
C,15063,778,2664,22,490,5436[CR],444159578
F,21618,14261,2673,21,489,5431[CR],444159906
C,14966,846,2681,21,489,5452[CR],444160343
F,21830,14200,2689,23,489,5485[CR],444160781
C,14944,906,2697,20,488,5486[CR],444161109
F,22118,14283,2706,21,487,5520[CR],444161546
C,15084,870,2714,22,483,5545[CR],444161875
F,22204,14393,2722,19,487,5593[CR],444162312
A,36860,21894,2730,21,484,5636[CR],444162640
F,21678,14468,2738,22,483,5673[CR],444163078
C,15400,870,2747,20,484,5675[CR],444163515
F,21216,14456,2755,22,484,5685[CR],444163843
C,15590,836,2763,19,483,5703[CR],444164281
F,21356,14244,2771,19,482,5701[CR],444164609
C,15765,752,2780,22,487,5729[CR],444165046
F,21680,14055,2788,21,485,5720[CR],444165375
C,15994,830,2796,20,486,5731[CR],444165812
F,21930,14032,2805,22,485,5746[CR],444166250
C,16510,878,2813,22,485,5752[CR],444166578
F,21900,14221,2821,21,485,5739[CR],444167015
C,16970,856,2830,22,487,5724[CR],444167343
F,20396,14392,2838,21,486,5716[CR],444167781
C,16972,832,2847,20,484,5724[CR],444168109
F,19678,14291,2855,22,485,5744[CR],444168546
A,36856,19998,2863,20,483,5700[CR],444168984
F,20124,14097,2872,21,483,5685[CR],444169312
C,16600,880,2881,22,481,5687[CR],444169750
F,20606,14189,2888,19,482,5715[CR],444170078
C,16436,822,2897,19,482,5731[CR],444170515
F,20962,14465,2905,22,484,5748[CR],444170843
C,16384,900,2913,19,483,5772[CR],444171281
F,21300,14794,2922,19,484,5754[CR],444171718
C,16538,864,2930,22,483,5790[CR],444172062
F,21538,15163,2938,18,483,5861[CR],444172484
C,16748,830,2946,20,482,5900[CR],444172812
F,21340,15614,2954,23,483,5936[CR],444173250
C,16878,844,2962,19,483,5952[CR],444173578
F,19900,15929,2971,21,484,5935[CR],444174015
C,16874,864,2979,23,484,5922[CR],444174453
F,19428,15822,2987,20,484,5952[CR],444174781
A,36836,19940,2996,21,482,5951[CR],444175218
F,20122,15678,3004,23,482,5974[CR],444175546
C,17322,934,3012,19,480,6028[CR],444175984
F,20190,15946,3020,21,482,6104[CR],444176312
C,17802,868,3028,22,481,6167[CR],444176750
F,17904,16283,3036,20,483,6213[CR],444177187
C,17986,838,3044,22,480,6213[CR],444177515
F,15223,16410,3052,18,482,6237[CR],444177953
C,17862,856,3061,21,483,6245[CR],444178281
F,14720,15685,3069,22,484,6204[CR],444178718
C,17588,878,3080,36,494,5987[CR],444179046
F,15127,14646,3091,23,483,5530[CR],444179484
C,17524,860,3100,19,483,5442[CR],444179921
F,15513,14441,3108,22,483,5419[CR],444180250
C,17286,920,3116,20,482,5402[CR],444180687
F,15899,14614,3125,20,483,5395[CR],444181015
A,36788,16142,3133,22,484,5392[CR],444181453
F,16227,14852,3141,20,482,5393[CR],444181781
C,17818,906,3150,21,481,5405[CR],444182218
F,16474,15112,3158,22,484,5430[CR],444182609
C,18072,934,3166,17,480,5417[CR],444182984
F,16620,15266,3174,21,480,5432[CR],444183421
C,18186,808,3183,22,480,5467[CR],444183750
F,16796,15297,3191,17,483,5510[CR],444184187
C,18288,832,3199,20,480,5525[CR],444184515
F,17030,15307,3207,21,481,5562[CR],444184953
C,18438,846,3215,19,483,5618[CR],444185390
F,17308,15550,3224,21,483,5627[CR],444185718
C,18684,854,3232,22,483,5645[CR],444186156
F,17484,15865,3240,20,485,5643[CR],444186484
C,18940,900,3249,21,484,5605[CR],444186921
F,17584,16010,3257,22,484,5595[CR],444187359
A,36800,17666,3265,19,486,5599[CR],444187687
F,17680,16153,3274,22,484,5581[CR],444188125
C,19366,908,3282,23,485,5571[CR],444188453
F,17828,16371,3291,20,485,5568[CR],444188890
C,19422,864,3299,22,486,5555[CR],444189218
F,17904,16610,3307,22,485,5551[CR],444189656
C,19338,728,3316,20,483,5553[CR],444189984
F,17948,16806,3324,22,485,5553[CR],444190421
C,19120,828,3332,22,485,5555[CR],444190859
F,17974,16842,3341,20,483,5566[CR],444191187
C,18918,872,3349,22,484,5569[CR],444191625
F,18028,16846,3357,23,483,5573[CR],444191953
C,18818,846,3366,20,481,5584[CR],444192390
F,18042,17060,3374,21,482,5565[CR],444192828
C,18750,908,3382,24,481,5554[CR],444193156
F,17862,17222,3391,21,483,5540[CR],444193593
A,36788,17824,3400,22,481,5521[CR],444193921
F,17854,17094,3408,24,480,5511[CR],444194359
C,18424,870,3416,20,478,5507[CR],444194687
F,18126,16732,3425,21,475,5506[CR],444195125
C,18414,890,3433,24,476,5533[CR],444195562
F,18390,16612,3441,19,473,5573[CR],444195890
C,18824,856,3450,21,472,5599[CR],444196328
F,18492,17050,3457,22,471,5637[CR],444196656
C,18934,916,3466,20,471,5661[CR],444197093
F,16860,17726,3474,21,470,5692[CR],444197421
C,19324,938,3481,17,471,5720[CR],444197859
F,15716,17184,3490,20,472,5723[CR],444198296
C,19488,932,3498,22,471,5748[CR],444198625
F,15785,16752,3506,19,470,5770[CR],444199062
C,19560,948,3515,20,469,5778[CR],444199390
F,16119,17054,3523,22,472,5778[CR],444199828
A,36804,16354,3531,20,471,5761[CR],444200156
F,16418,15794,3539,21,472,5756[CR],444200593
C,19588,954,3548,23,472,5748[CR],444200937
F,16732,16053,3556,20,471,5738[CR],444201359
C,19624,936,3565,21,473,5720[CR],444201796
F,16982,16177,3573,23,470,5709[CR],444202125
C,19656,916,3582,20,469,5711[CR],444202562
F,17214,16263,3590,21,466,5723[CR],444202890
C,19700,900,3598,22,466,5751[CR],444203328
F,17438,16317,3606,19,467,5778[CR],444203765
C,19748,896,3615,21,465,5797[CR],444204093
F,17626,16652,3623,22,467,5814[CR],444204531
C,19530,970,3631,20,467,5821[CR],444204859
F,17780,16890,3639,22,467,5813[CR],444205296
C,19072,878,3648,24,468,5806[CR],444205625
F,17936,17040,3656,20,468,5783[CR],444206062
A,36756,17992,3665,22,467,5762[CR],444206500
F,18026,17164,3673,23,467,5748[CR],444206828
C,18236,942,3681,20,467,5737[CR],444207265
F,18196,17490,3690,22,466,5737[CR],444207593
C,18098,948,3698,23,466,5742[CR],444208031
F,18304,17924,3706,19,464,5761[CR],444208359
C,18012,854,3715,21,464,5785[CR],444208796
F,18500,17908,3723,23,463,5820[CR],444209234
C,18066,930,3731,19,463,5854[CR],444209562
F,18884,17430,3739,21,462,5903[CR],444210000
C,18458,970,3747,17,460,5953[CR],444210328
F,19318,17126,3755,20,460,6011[CR],444210765
C,19480,956,3762,22,463,6057[CR],444211093
F,19548,17190,3770,19,461,6105[CR],444211531
C,20676,930,3778,21,463,6153[CR],444211968
F,17742,17344,3786,22,463,6181[CR],444212296
A,36744,15445,3788,3,260,6139[CR],444212734
F,14619,16932,3788,1,236,6098[CR],444213062
C,20266,1014,3788,0,225,6090[CR],444213500
F,15561,16654,3788,0,249,6085[CR],444213828
C,19894,926,3788,0,227,6082[CR],444214265
F,16334,16512,3788,0,200,6097[CR],444214703
C,19764,846,3788,0,184,6110[CR],444215031
F,16892,16440,3788,0,248,6100[CR],444215468
C,19682,880,3788,0,284,6126[CR],444215796
F,17272,16402,3788,0,280,6129[CR],444216234
C,19622,910,3788,0,274,6130[CR],444216562
F,17520,16384,3788,0,269,6130[CR],444217000
C,19574,930,3788,0,270,6130[CR],444217437
F,17684,16375,3788,0,276,5888[CR],444217765
C,19534,938,3788,0,440,3978[CR],444218312
Z,0,0,3788,0,0,2515[CR],444218750
Z,0,0,3788,0,0,2528[CR],444219296
Z,0,0,3788,0,0,2560[CR],444219734
Z,0,0,3788,0,0,2452[CR],444220281
Z,0,0,3788,0,0,2404[CR],444220828
Z,0,0,3788,0,0,2436[CR],444221265
Z,0,0,3788,0,0,2479[CR],444221812
Z,0,0,3788,0,0,2510[CR],444222250
Z,0,0,3788,0,0,2530[CR],444222796
Z,0,0,3788,0,0,2540[CR],444223234
Z,0,0,3788,0,60,2534[CR],444223781
Z,0,0,3788,0,0,2539[CR],444224328
Z,0,0,3788,0,0,2551[CR],444224765
Z,0,0,3788,0,0,2532[CR],444225312
Z,0,0,3788,0,0,2537[CR],444225750
Z,0,0,3788,0,6,2535[CR],444226296
Z,0,0,3788,0,0,2539[CR],444226843
Z,0,0,3788,0,0,2530[CR],444227281
Z,0,0,3788,0,0,2535[CR],444227828
Z,0,0,3788,0,0,2531[CR],444228265
Z,0,0,3788,0,0,2531[CR],444228812
Z,0,0,3788,0,0,2538[CR],444229250
Z,0,0,3788,5,282,2518[CR],444229796
Z,0,0,3788,1,0,2511[CR],444230343
Z,0,0,3788,0,0,2519[CR],444230781
Z,0,0,3788,0,0,2518[CR],444231328
Z,0,0,3788,0,0,2517[CR],444231765
Z,0,0,3788,0,0,2519[CR],444232312
Z,0,0,3788,0,0,2523[CR],444232859
Z,0,0,3788,0,0,2447[CR],444233296
Z,0,0,3788,0,0,2399[CR],444233843
Z,0,0,3788,0,0,2395[CR],444234281
Z,0,0,3788,0,0,2399[CR],444234828
Z,0,0,3788,0,0,2442[CR],444235265
Z,0,0,3788,0,0,2436[CR],444235812
Z,0,0,3788,0,0,2445[CR],444236359
Z,0,0,3788,0,0,2457[CR],444236796
Z,0,0,3788,0,0,2467[CR],444237343
Z,0,0,3788,0,86,2466[CR],444237781
Z,0,0,3788,0,0,2467[CR],444238328
Z,0,0,3788,0,0,2467[CR],444238765
Z,0,0,3788,0,0,2466[CR],444239312
Z,0,0,3788,0,0,2469[CR],444239859
Z,0,0,3788,0,0,2471[CR],444240296
Z,0,0,3788,0,1,2474[CR],444240843
Z,0,0,3788,0,247,2494[CR],444241281
Z,0,0,3788,0,338,2481[CR],444241828
Z,0,0,3788,32,0,2493[CR],444242265
Z,0,0,3788,51,0,2494[CR],444242812
Z,0,0,3788,60,0,2494[CR],444243359
Z,0,0,3788,68,0,2494[CR],444243796
Z,0,0,3788,14,56,3326[CR],444243906
F,17212,15223,3788,4,58,4029[CR],444244343
C,18124,942,3788,1,28,4053[CR],444244671
F,17238,15436,3788,1,0,4025[CR],444245109
C,18186,928,3788,0,3,4007[CR],444245546
F,17222,15436,3788,0,0,4004[CR],444245875
C,18190,906,3788,0,0,4011[CR],444246312
F,17232,15437,3788,0,0,4002[CR],444246640
C,18192,916,3788,0,0,3995[CR],444247078
F,17220,15432,3788,0,0,3987[CR],444247515
C,18194,920,3788,0,250,3973[CR],444247843
F,17222,15431,3788,0,239,3975[CR],444248281
C,18194,920,3788,0,227,3971[CR],444248609
F,17212,15432,3788,0,221,3965[CR],444249046
C,18192,924,3788,0,217,3962[CR],444249375
F,17198,15427,3788,0,219,3959[CR],444249812
A,36676,17184,3788,0,217,3956[CR],444250140
F,17174,15428,3788,0,230,3955[CR],444250578
C,18188,898,3788,0,231,3951[CR],444251015
F,17184,15425,3788,0,225,3952[CR],444251343
C,18188,938,3788,11,183,4032[CR],444251781
F,17184,15432,3792,20,233,4365[CR],444252109
C,18200,928,3800,17,263,4610[CR],444252546
F,17194,15548,3806,17,276,5009[CR],444252875
C,18322,930,3812,12,292,5586[CR],444253312
F,17190,16285,3818,24,466,6224[CR],444253750
C,19180,942,3826,19,470,6378[CR],444254078
F,14622,17600,3835,21,467,6378[CR],444254515
C,22344,898,3842,19,469,6384[CR],444254843
F,13042,16960,3851,20,468,6372[CR],444255281
C,22364,894,3859,22,471,6365[CR],444255609
F,13235,16383,3867,19,469,6353[CR],444256046
A,36660,13352,3876,20,470,6359[CR],444256484
F,13398,16364,3884,22,471,6365[CR],444256859
C,21830,938,3892,18,472,6380[CR],444257250
F,13576,16728,3901,21,472,6379[CR],444257593
C,21354,872,3909,23,473,6366[CR],444258015
F,13708,17080,3917,18,471,6353[CR],444258343
C,20666,918,3926,22,472,6334[CR],444258781
F,13843,17234,3934,22,474,6317[CR],444259218
C,20000,924,3942,18,472,6306[CR],444259546
F,13941,17336,3951,20,474,6316[CR],444259984
C,19590,940,3959,22,472,6324[CR],444260312
F,14089,17574,3967,18,472,6348[CR],444260750
C,19640,984,3975,21,472,6376[CR],444261078
F,14257,18354,3984,22,473,6392[CR],444261515
C,20104,980,3992,19,475,6404[CR],444261953
F,14401,18998,4000,21,476,6412[CR],444262281
A,36652,14437,4008,23,473,6424[CR],444262718
F,14451,19066,4017,20,476,6442[CR],444263046
C,20882,990,4025,21,478,6451[CR],444263484
F,14492,18772,4033,22,473,6465[CR],444263812
C,21112,894,4041,19,474,6491[CR],444264250
F,14454,18304,4050,21,472,6531[CR],444264687
C,21262,876,4057,22,472,6554[CR],444265015
F,14609,17716,4066,20,471,6584[CR],444265453
C,21730,1014,4074,21,471,6610[CR],444265781
F,14817,17434,4082,17,473,6644[CR],444266218
C,22198,998,4090,20,471,6663[CR],444266562
F,14959,17392,4098,22,474,6684[CR],444266984
C,22428,966,4106,18,474,6682[CR],444267421
F,15078,17552,4115,19,473,6684[CR],444267750
C,22428,980,4123,22,474,6693[CR],444268187
F,15128,17602,4131,19,475,6693[CR],444268515
A,36680,15128,4140,20,472,6701[CR],444268953
F,15163,17536,4148,22,472,6718[CR],444269281
C,22238,962,4156,20,468,6723[CR],444269718
F,15346,17610,4164,20,469,6747[CR],444270156
C,22118,952,4173,22,467,6789[CR],444270484
F,15459,17752,4181,20,470,6818[CR],444270921
C,21972,988,4189,20,470,6824[CR],444271250
F,15587,17944,4197,23,466,6846[CR],444271687
C,21872,1000,4205,19,467,6849[CR],444272015
F,15679,17972,4214,21,467,6853[CR],444272453
C,21700,972,4222,23,467,6852[CR],444272890
F,15824,17964,4230,20,466,6843[CR],444273218
C,21584,978,4239,21,462,6835[CR],444273656
F,15930,17862,4247,23,466,6838[CR],444273984
C,21532,946,4255,19,463,6841[CR],444274421
F,16063,17814,4263,22,468,6852[CR],444274750
A,36668,16102,4271,22,468,6850[CR],444275187
F,16133,17854,4280,19,468,6860[CR],444275625
C,21292,976,4288,21,465,6853[CR],444275953
F,16266,17924,4296,22,464,6863[CR],444276390
C,20908,946,4304,20,465,6850[CR],444276718
F,16357,17870,4313,22,466,6849[CR],444277156
C,20384,994,4321,18,465,6834[CR],444277484
F,16412,17742,4329,20,464,6834[CR],444277921
C,19904,942,4338,22,463,6829[CR],444278359
F,16516,17706,4346,18,462,6849[CR],444278687
C,19608,906,4354,21,463,6865[CR],444279125
F,16650,17958,4363,22,460,6884[CR],444279453
C,19792,1010,4370,19,464,6907[CR],444279890
F,16788,18372,4379,20,464,6910[CR],444280218
C,20482,956,4387,22,464,6938[CR],444280656
F,16862,18768,4395,19,464,6964[CR],444281093
A,36608,16576,4403,20,465,7007[CR],444281421
F,16272,18844,4411,24,465,7036[CR],444281859
C,21702,934,4419,19,462,7051[CR],444282187
F,15279,18556,4428,20,463,7103[CR],444282625
C,21996,1012,4435,22,463,7153[CR],444282953
F,15014,18212,4444,20,467,7163[CR],444283390
C,22192,1024,4452,22,461,7165[CR],444283828
F,15069,17826,4460,17,465,7170[CR],444284156
C,22280,1052,4468,20,465,7164[CR],444284593
F,15237,17640,4477,22,465,7169[CR],444284937
C,22324,944,4484,19,464,7185[CR],444285359
F,15398,17526,4493,20,463,7205[CR],444285687
C,22270,994,4501,22,467,7234[CR],444286125
F,15549,17608,4509,20,464,7236[CR],444286562
C,22152,994,4517,20,463,7268[CR],444286890
F,15671,17748,4525,22,467,7298[CR],444287328
A,36672,15730,4533,19,464,7306[CR],444287656
F,15754,17928,4542,21,466,7326[CR],444288093
C,21596,1020,4549,22,464,7348[CR],444288421
F,15914,18172,4558,20,468,7316[CR],444288859
C,21314,1012,4566,22,469,7283[CR],444289296
F,16013,18242,4574,24,468,7265[CR],444289625
C,20950,924,4583,19,468,7241[CR],444290062
F,16137,18336,4591,21,464,7232[CR],444290390
C,20628,984,4599,22,466,7225[CR],444290828
F,16246,18354,4608,20,463,7236[CR],444291156
C,20404,972,4616,21,467,7264[CR],444291593
F,16352,18200,4624,18,464,7269[CR],444292031
C,20214,946,4632,20,463,7271[CR],444292359
F,16476,17928,4640,22,462,7256[CR],444292796
C,20080,982,4648,18,464,7245[CR],444293125
F,16630,17702,4657,20,457,7240[CR],444293562
A,36668,16734,4665,21,455,7290[CR],444293890
F,16766,17724,4673,19,455,7330[CR],444294328
C,20108,1044,4681,20,456,7370[CR],444294765
F,16876,17902,4689,22,457,7402[CR],444295109
C,20360,1030,4697,19,455,7427[CR],444295531
F,16822,18140,4705,20,456,7463[CR],444295859
C,20684,970,4713,21,456,7521[CR],444296296
F,16284,18368,4721,19,455,7564[CR],444296625
C,21164,952,4729,22,459,7574[CR],444297062
F,15981,18222,4736,18,457,7596[CR],444297500
C,21612,1044,4745,20,461,7652[CR],444297828
F,16258,17776,4752,22,460,7683[CR],444298265
C,21998,1050,4760,19,460,7726[CR],444298593
F,16572,17580,4769,21,456,7760[CR],444299031
C,22352,998,4776,22,460,7794[CR],444299359
F,16808,17658,4784,19,462,7825[CR],444299796
A,36608,16934,4793,20,463,7862[CR],444300234
F,17006,17612,4800,18,459,7901[CR],444300562
C,24032,1002,4808,19,456,7951[CR],444301000
F,17322,17520,4816,21,455,7999[CR],444301328
C,25604,1018,4824,18,459,8066[CR],444301765
F,17546,17596,4832,20,459,8112[CR],444302093
C,27444,1022,4840,22,456,8148[CR],444302531
F,17418,18022,4848,19,462,8209[CR],444302968
C,28900,1002,4856,20,463,8242[CR],444303312
F,15558,18440,4863,20,462,8272[CR],444303734
C,29996,976,4871,20,467,8322[CR],444304062
F,13356,18716,4879,22,463,8354[CR],444304500
C,30700,958,4887,19,466,8414[CR],444304828
F,12204,18808,4895,21,467,8410[CR],444305265
C,31364,1026,4903,24,467,8382[CR],444305609
F,11690,18256,4911,19,470,8354[CR],444306031
A,36616,11626,4920,20,466,8372[CR],444306468
F,11622,17058,4928,23,464,8392[CR],444306812
C,31064,1002,4936,19,466,8392[CR],444307234
F,11807,16500,4944,22,468,8380[CR],444307562
C,30476,998,4951,17,462,8380[CR],444308000
F,11956,15979,4960,20,460,8378[CR],444308437
C,30384,1012,4968,21,455,8417[CR],444308765
F,12089,15292,4975,18,459,8462[CR],444309203
C,29940,1004,4984,20,460,8487[CR],444309531
F,12249,14643,4991,23,463,8462[CR],444309968
C,29648,986,5000,20,465,8441[CR],444310296
F,12415,14639,5008,21,463,8419[CR],444310734
C,29492,1012,5016,23,465,8392[CR],444311171
F,12607,14860,5024,20,466,8378[CR],444311500
C,29076,992,5033,22,464,8322[CR],444311937
F,12792,15148,5041,23,465,8296[CR],444312265
A,36604,12925,5049,19,464,8291[CR],444312703
F,12977,15237,5058,21,460,8289[CR],444313031
C,28436,1120,5065,19,460,8302[CR],444313468
F,13236,15202,5074,19,458,8318[CR],444313906
C,28180,1012,5081,20,458,8366[CR],444314250
F,13489,15281,5089,18,457,8436[CR],444314671
C,28472,982,5097,19,460,8496[CR],444315000
F,13742,15415,5104,23,470,8521[CR],444315437
C,28784,1012,5113,21,464,8448[CR],444315765
F,14024,15354,5122,22,463,8347[CR],444316203
C,29088,1036,5130,22,463,8342[CR],444316640
F,14314,15482,5138,18,456,8380[CR],444316968
C,29460,1042,5146,20,457,8404[CR],444317406
F,14626,15648,5153,16,459,8431[CR],444317734
C,29740,1038,5161,20,460,8446[CR],444318171
F,14908,15744,5170,22,461,8443[CR],444318500
A,36624,15106,5178,20,462,8440[CR],444318937
F,15176,15751,5186,20,460,8431[CR],444319375
C,30804,1062,5194,22,460,8436[CR],444319703
F,15487,15750,5202,20,459,8410[CR],444320140
C,30932,1068,5211,22,468,8385[CR],444320468
F,15805,15450,5219,24,461,8304[CR],444320906
C,30664,1088,5228,20,463,8270[CR],444321234
F,16070,15213,5236,21,457,8233[CR],444321671
C,30076,1070,5244,22,460,8257[CR],444322109
F,16333,15270,5252,19,454,8274[CR],444322437
C,30048,1062,5260,21,459,8265[CR],444322875
F,16592,15071,5268,23,454,8228[CR],444323203
C,29268,1086,5277,20,463,8221[CR],444323640
F,16900,15294,5285,21,456,8218[CR],444323968
C,29136,1036,5293,22,462,8195[CR],444324406
F,17134,15134,5302,21,457,8141[CR],444324750
A,36652,17156,5310,21,457,8096[CR],444325171
F,17252,15462,5318,19,457,8072[CR],444325562
C,27580,1056,5327,19,455,8066[CR],444325937
F,17476,15429,5335,22,455,8061[CR],444326375
C,27152,1036,5342,16,453,8116[CR],444326703
F,17528,15455,5351,20,459,8087[CR],444327156
C,26936,1000,5359,23,465,8049[CR],444327593
F,17546,15621,5367,18,461,8015[CR],444327921
C,26576,1088,5376,21,467,7987[CR],444328359
F,17584,15744,5385,22,464,7952[CR],444328687
C,26472,1112,5393,18,463,7929[CR],444329125
F,17566,15872,5401,20,464,7921[CR],444329453
C,26368,1090,5409,22,463,7926[CR],444329890
F,17638,15788,5417,19,464,7945[CR],444330328
C,26452,1086,5425,20,464,7972[CR],444330656
F,17564,15653,5433,22,459,8001[CR],444331093
A,36632,17592,5441,19,460,8027[CR],444331421
F,17556,14901,5449,21,456,8023[CR],444331859
C,26544,1146,5457,22,462,8027[CR],444332187
F,17576,14583,5466,21,461,8020[CR],444332625
C,26416,1102,5474,21,463,8041[CR],444333062
F,17632,14325,5481,16,459,8074[CR],444333390
C,26440,1124,5489,20,457,8097[CR],444333828
F,17688,14118,5497,22,455,8130[CR],444334156
C,26188,1122,5505,19,459,8151[CR],444334593
F,17606,13876,5513,20,458,8162[CR],444334921
C,26060,1086,5521,23,459,8184[CR],444335359
F,17656,13855,5529,19,456,8193[CR],444335687
C,25908,1078,5537,20,454,8234[CR],444336125
F,17698,14034,5545,19,455,8253[CR],444336562
C,25840,1190,5553,21,460,8226[CR],444336890
F,17678,13925,5562,22,454,8212[CR],444337328
A,36664,17698,5569,17,454,8227[CR],444337656
F,17602,13979,5578,20,449,8262[CR],444338093
C,25540,1238,5585,22,449,8305[CR],444338421
F,17680,14016,5593,18,451,8357[CR],444338859
C,25368,1184,5601,20,451,8399[CR],444339296
F,17698,14005,5609,22,449,8409[CR],444339625
C,25188,1100,5617,20,453,8422[CR],444340062
F,17710,14063,5625,21,454,8408[CR],444340390
C,24956,1134,5633,16,454,8414[CR],444340828
F,17718,14059,5642,22,455,8408[CR],444341156
C,24808,1182,5650,22,453,8402[CR],444341593
F,17750,14142,5658,17,453,8419[CR],444342031
C,24672,1134,5666,20,452,8428[CR],444342359
F,17716,14066,5674,21,448,8442[CR],444342796
C,24510,1162,5682,19,447,8450[CR],444343140
F,17746,14092,5690,21,452,8458[CR],444343562
A,36664,17756,5698,22,447,8440[CR],444343890
F,17734,14160,5706,20,450,8433[CR],444344328
C,24284,1230,5715,21,448,8414[CR],444344765
F,17708,14044,5723,22,453,8384[CR],444345093
C,24208,1182,5731,20,447,8357[CR],444345531
F,17764,14038,5740,21,447,8346[CR],444345859
C,23910,1212,5747,18,444,8334[CR],444346296
F,17776,14048,5756,20,446,8334[CR],444346625
C,23572,1116,5764,22,447,8322[CR],444347062
F,17780,13925,5772,20,444,8309[CR],444347500
C,22960,1134,5780,21,443,8292[CR],444347828
F,17816,13890,5788,12,295,8274[CR],444348265
C,22252,1124,5788,2,0,8206[CR],444348593
F,17858,14097,5788,1,0,8197[CR],444349031
C,20542,1170,5788,0,0,8195[CR],444349359
F,17876,14200,5788,0,0,8196[CR],444349796
A,36704,17858,5788,0,6,8145[CR],444350234
F,17842,14238,5788,0,4,8033[CR],444350562
C,20142,1160,5788,0,0,8033[CR],444351000
F,17872,14252,5788,0,0,8035[CR],444351328
C,20024,1124,5788,0,0,8043[CR],444351765
F,17866,14269,5788,0,0,8065[CR],444352093
C,19938,1120,5788,0,0,8055[CR],444352640
Z,0,0,5788,0,0,7924[CR],444352968
C,19870,1162,5788,0,0,7874[CR],444353296
F,17856,14289,5788,0,0,7876[CR],444353734
C,19812,1144,5788,0,0,7876[CR],444354062
F,17860,14294,5788,0,0,7520[CR],444354500
C,19762,1172,5788,0,1,6467[CR],444354828
F,17856,14270,5788,0,0,4970[CR],444355265
C,19640,1100,5788,0,173,4002[CR],444355812
Z,0,0,5788,0,0,2563[CR],444356250
Z,0,0,5788,0,0,2461[CR],444356796
Z,0,0,5788,0,0,2537[CR],444357234
Z,0,0,5788,0,0,2543[CR],444357781
Z,0,0,5788,0,0,2528[CR],444358328
Z,0,0,5788,0,0,2542[CR],444358765
Z,0,0,5788,0,0,2527[CR],444359312
Z,0,0,5788,0,0,2541[CR],444359750
Z,0,0,5788,0,0,2536[CR],444360296
Z,0,0,5788,0,0,2533[CR],444360734
Z,0,0,5788,0,0,2539[CR],444361281
Z,0,0,5788,0,0,2515[CR],444361828
Z,0,0,5788,0,0,2504[CR],444362265
Z,0,0,5788,0,0,2498[CR],444362812
Z,0,0,5788,0,0,2504[CR],444363250
Z,0,0,5788,0,0,2501[CR],444363796
Z,0,0,5788,0,0,2505[CR],444364343
Z,0,0,5788,0,0,2501[CR],444364781
Z,0,0,5788,0,0,2504[CR],444365328
Z,0,0,5788,0,0,2507[CR],444365765
Z,0,0,5788,0,0,2510[CR],444366312
Z,0,0,5788,0,0,2516[CR],444366750
Z,0,0,5788,0,0,2524[CR],444367296
Z,0,0,5788,0,0,2448[CR],444367843
Z,0,0,5788,0,0,2382[CR],444368281
Z,0,0,5788,0,0,2398[CR],444368828
Z,0,0,5788,0,0,2428[CR],444369265
Z,0,0,5788,0,0,2435[CR],444369812
Z,0,0,5788,0,0,2443[CR],444370359
Z,0,0,5788,0,0,2449[CR],444370796
Z,0,0,5788,0,0,2445[CR],444371343
Z,0,0,5788,0,0,2456[CR],444371781
Z,0,0,5788,0,0,2466[CR],444372328
Z,0,0,5788,0,0,2465[CR],444372765
Z,0,0,5788,0,0,2469[CR],444373312
Z,0,0,5788,0,0,2468[CR],444373859
Z,0,0,5788,0,0,2464[CR],444374296
Z,0,0,5788,0,0,2465[CR],444374843
Z,0,0,5788,0,0,2465[CR],444375281
Z,0,0,5788,0,0,2464[CR],444375828
Z,0,0,5788,0,301,2472[CR],444376265
Z,0,0,5788,0,0,2492[CR],444376812
Z,0,0,5788,0,0,2484[CR],444377359
Z,0,0,5788,51,0,2495[CR],444377796
Z,0,0,5788,54,0,2490[CR],444378343
Z,0,0,5788,49,0,2490[CR],444378781
Z,0,0,5788,8,0,2722[CR],444379109
F,17852,13106,5788,26,0,3724[CR],444379437
C,17944,1208,5788,3,0,4225[CR],444379875
F,17858,13157,5788,1,0,4206[CR],444380312
C,17996,1152,5788,0,0,4196[CR],444380640
F,17846,13155,5788,0,0,4189[CR],444381187
Z,0,0,5788,0,0,4185[CR],444381625
Z,0,0,5788,0,0,4180[CR],444382171
Z,0,0,5788,0,0,4174[CR],444382171
F,17852,13150,5788,0,0,4167[CR],444382718
Z,0,0,5788,0,79,4150[CR],444383046
F,17842,13146,5788,0,27,4146[CR],444383375
C,17976,1170,5788,0,0,4140[CR],444383812
F,17854,13146,5788,0,13,4133[CR],444384140
C,17974,1156,5788,0,0,4126[CR],444384578
F,17846,13143,5788,0,0,4120[CR],444384906
C,17968,1176,5788,0,0,4113[CR],444385343
F,17840,13140,5788,0,0,4108[CR],444385781
C,17964,1104,5788,0,0,4103[CR],444386109
F,17836,13138,5788,0,0,4096[CR],444386546
C,17958,1218,5788,10,0,4128[CR],444386875
F,17840,13135,5788,19,0,4386[CR],444387312
A,36708,17834,5788,22,15,4571[CR],444387640
F,17824,13147,5788,15,53,4862[CR],444388078
C,17974,1194,5788,15,53,5356[CR],444388515
F,17842,13247,5788,13,86,6043[CR],444388843
C,18164,1140,5792,12,172,6756[CR],444389281
F,17856,13616,5798,14,195,7469[CR],444389609
C,18754,1084,5804,22,442,8008[CR],444390046
F,17888,14153,5813,19,445,8138[CR],444390390
C,21708,1184,5821,21,448,8161[CR],444390812
F,17834,13865,5829,19,447,8183[CR],444391250
C,21242,1180,5837,21,449,8204[CR],444391578
F,17856,13876,5845,22,448,8216[CR],444392015
C,20496,1126,5853,19,452,8235[CR],444392343
F,17932,14191,5861,20,448,8224[CR],444392781
C,19886,1148,5869,22,453,8205[CR],444393109
F,18064,14431,5878,19,455,8194[CR],444393546
A,36688,18228,5886,21,448,8180[CR],444393984
F,18284,14875,5894,22,452,8186[CR],444394312
C,18498,1220,5902,20,453,8198[CR],444394750
F,18672,15221,5910,21,449,8199[CR],444395078
C,18022,1124,5918,18,453,8200[CR],444395515
F,19156,15678,5926,22,452,8205[CR],444395843
C,17654,1144,5935,21,451,8186[CR],444396281
F,19504,16210,5942,17,457,8183[CR],444396718
C,17628,1130,5951,20,457,8158[CR],444397046
F,19964,16834,5959,22,455,8152[CR],444397484
C,17914,1138,5967,18,455,8156[CR],444397812
F,18824,17570,5976,20,464,8160[CR],444398250
C,18194,1072,5984,22,458,8131[CR],444398578
F,17174,17940,5992,19,454,8139[CR],444399015
C,18132,1186,6000,21,451,8144[CR],444399453
F,16262,17760,6008,23,456,8148[CR],444399781
A,36708,16572,6016,20,458,8123[CR],444400218
F,16878,17084,6025,21,452,8109[CR],444400562
C,17760,1202,6033,21,452,8100[CR],444400984
F,18002,16692,6041,19,448,8090[CR],444401312
C,18072,1220,6049,21,452,8107[CR],444401750
F,18774,16934,6057,17,450,8145[CR],444402187
C,18836,1220,6065,19,449,8199[CR],444402515
F,18814,17358,6072,21,448,8247[CR],444402953
C,20044,1190,6080,19,450,8291[CR],444403281
F,17322,17366,6089,20,448,8313[CR],444403718
C,21232,1216,6096,22,449,8327[CR],444404046
F,16221,17246,6104,18,448,8354[CR],444404484
C,22108,1166,6112,21,451,8372[CR],444404921
F,15727,17206,6120,22,444,8394[CR],444405250
C,22856,1196,6128,19,451,8423[CR],444405687
F,14435,17150,6136,22,450,8424[CR],444406015
A,36740,14025,6144,17,452,8436[CR],444406453
F,14094,16760,6152,19,440,8449[CR],444406781
C,23594,1200,6160,22,447,8482[CR],444407218
F,14531,16375,6168,19,451,8514[CR],444407656
C,23634,1212,6176,20,446,8567[CR],444407984
F,15008,16456,6184,22,448,8615[CR],444408421
C,24144,1256,6192,19,449,8650[CR],444408765
F,15413,16170,6200,21,455,8667[CR],444409187
C,25248,1198,6208,17,443,8679[CR],444409515
F,15862,16026,6216,18,441,8689[CR],444409953
C,25936,1260,6224,22,440,8693[CR],444410390
F,16239,16276,6232,19,459,8724[CR],444410718
C,26036,1270,6240,20,447,8713[CR],444411156
F,16798,16214,6248,23,460,8703[CR],444411484
C,27048,1296,6256,18,448,8676[CR],444411921
F,17152,15176,6264,21,449,8702[CR],444412250
A,36736,17218,6272,22,451,8731[CR],444412687
F,17494,15019,6280,20,449,8753[CR],444413125
C,28004,1272,6288,21,453,8783[CR],444413453
F,17828,15560,6295,17,447,8766[CR],444413890
C,29240,1320,6304,19,445,8773[CR],444414218
F,18032,14932,6312,22,453,8782[CR],444414656
C,29120,1178,6319,19,455,8807[CR],444414984
F,18070,15162,6328,20,449,8849[CR],444415421
C,30172,1254,6335,22,449,8905[CR],444415859
F,18046,14628,6343,18,448,8938[CR],444416187
C,30652,1184,6351,21,457,9006[CR],444416625
F,17984,15889,6359,17,455,9016[CR],444416953
C,31780,1268,6367,20,444,9047[CR],444417390
F,18002,14540,6375,22,454,9057[CR],444417718
C,32456,1274,6383,19,447,9042[CR],444418156
F,18102,14313,6391,20,446,9031[CR],444418593
A,36744,18038,6399,21,448,9022[CR],444418921
F,18046,14309,6407,17,477,9066[CR],444419328
C,33316,1186,6416,23,461,9018[CR],444419687
F,18070,14342,6423,23,439,8977[CR],444420125
C,32016,1268,6431,19,462,9018[CR],444420453
F,18132,15536,6439,21,459,9072[CR],444420890
C,32984,1198,6447,17,450,9084[CR],444421328
F,18164,15744,6455,20,462,9056[CR],444421656
C,33512,1250,6463,21,459,9026[CR],444422093
F,17874,15506,6471,19,455,8982[CR],444422421
C,33028,1284,6479,21,460,8945[CR],444422859
F,17934,16878,6487,22,459,8919[CR],444423187
C,31864,1224,6495,19,451,8878[CR],444423625
F,17922,16714,6503,21,460,8878[CR],444424062
C,30880,1186,6511,23,456,8885[CR],444424390
F,18188,17362,6520,19,456,8803[CR],444424828
A,36940,18168,6528,21,456,8735[CR],444425156
F,18184,16584,6536,24,460,8677[CR],444425593
C,29508,1250,6545,19,459,8625[CR],444425921
F,17824,18228,6553,21,449,8598[CR],444426359
C,28320,1272,6561,20,450,8567[CR],444426796
F,18134,17366,6569,20,458,8515[CR],444427140
C,27772,1264,6577,21,454,8466[CR],444427562
F,18070,17486,6585,19,454,8436[CR],444427890
C,27412,1298,6594,20,453,8408[CR],444428328
F,18194,17266,6602,22,465,8352[CR],444428656
C,26008,1314,6610,18,454,8276[CR],444429093
F,18152,17350,6618,20,457,8264[CR],444429531
C,24066,1282,6627,22,457,8233[CR],444429859
F,18064,17506,6635,20,460,8219[CR],444430296
C,23278,1264,6643,20,458,8224[CR],444430625
F,18362,17800,6651,22,450,8241[CR],444431062
A,36812,18150,6658,19,456,8291[CR],444431390
F,18072,18298,6666,21,455,8322[CR],444431828
C,23646,1326,6673,16,458,8369[CR],444432265
F,17022,18682,6682,19,433,8412[CR],444432593
C,24146,1366,6689,21,440,8478[CR],444433031
F,15535,18750,6697,19,443,8486[CR],444433359
C,24466,1334,6706,21,440,8473[CR],444433796
F,13915,18938,6713,23,444,8471[CR],444434125
C,24620,1354,6721,19,443,8456[CR],444434562
F,13210,19018,6730,20,441,8462[CR],444435000
C,24640,1432,6737,18,447,8476[CR],444435328
F,13159,18656,6745,19,446,8461[CR],444435765
C,24518,1412,6753,21,444,8453[CR],444436093
F,13447,17328,6761,19,449,8468[CR],444436531
C,24320,1348,6769,20,447,8482[CR],444436859
F,14161,17334,6777,22,442,8498[CR],444437296
A,36836,14691,6785,19,440,8522[CR],444437640
F,14891,17530,6793,21,440,8560[CR],444438078
C,23960,1408,6800,18,438,8580[CR],444438500
F,15642,17696,6808,20,440,8584[CR],444438828
C,23808,1370,6816,22,439,8605[CR],444439265
F,16336,17808,6824,19,441,8594[CR],444439593
C,23578,1272,6832,20,431,8588[CR],444440031
F,16960,17818,6840,22,432,8610[CR],444440468
C,23300,1298,6848,18,433,8631[CR],444440796
F,17572,18002,6856,21,431,8662[CR],444441234
C,23186,1402,6864,20,433,8668[CR],444441562
F,18062,18200,6872,19,432,8670[CR],444442000
C,23106,1362,6879,20,435,8698[CR],444442328
F,18416,18382,6887,17,425,8736[CR],444442765
C,23112,1316,6895,21,437,8812[CR],444443203
F,18632,18376,6902,21,421,8817[CR],444443531
A,36804,18702,6910,17,430,8842[CR],444443968
F,18750,18348,6919,22,444,8813[CR],444444296
C,23420,1388,6926,16,422,8818[CR],444444734
F,18628,18370,6934,19,430,8868[CR],444445062
C,23476,1366,6942,21,439,8905[CR],444445500
F,18632,18464,6949,18,432,8979[CR],444445937
C,23854,1390,6957,19,422,9038[CR],444446265
F,18546,18726,6964,16,430,9075[CR],444446703
C,24656,1396,6972,18,428,9119[CR],444447031
F,17672,18976,6979,21,436,9193[CR],444447468
C,25332,1364,6987,18,438,9244[CR],444447796
F,16329,19364,6994,19,435,9310[CR],444448171
C,25912,1454,7001,15,426,9370[CR],444448671
F,14687,19748,7009,19,450,9403[CR],444449000
C,26468,1440,7016,22,433,9354[CR],444449437
F,13003,19846,7024,18,451,9371[CR],444449765
A,36884,12426,7032,20,438,9371[CR],444450203
F,12293,19948,7039,17,448,9368[CR],444450531
C,25960,1500,7047,19,442,9398[CR],444450968
F,12423,18752,7055,22,451,9426[CR],444451406
C,25424,1368,7062,19,453,9414[CR],444451734
F,12839,18332,7070,21,448,9383[CR],444452171
C,25072,1358,7077,17,447,9357[CR],444452500
F,13276,18014,7086,19,438,9354[CR],444452937
C,24628,1386,7093,19,442,9403[CR],444453265
F,13698,17872,7100,18,445,9411[CR],444453703
C,24318,1400,7108,19,438,9408[CR],444454140
F,14175,17622,7115,16,446,9397[CR],444454468
C,23788,1400,7125,22,453,9314[CR],444454906
F,14708,17136,7132,19,433,9308[CR],444455234
C,23154,1418,7139,18,447,9311[CR],444455671
F,15284,16950,7147,19,440,9338[CR],444456000
A,36900,15681,7155,23,449,9327[CR],444456437
F,15835,16864,7163,19,441,9304[CR],444456875
C,21942,1418,7171,22,443,9296[CR],444457203
F,16422,16526,7179,16,434,9274[CR],444457640
C,21436,1418,7187,19,447,9260[CR],444457968
F,16948,16370,7195,22,441,9270[CR],444458406
C,21040,1390,7203,18,449,9236[CR],444458734
F,17456,16099,7211,21,440,9219[CR],444459171
C,20932,1344,7219,21,432,9238[CR],444459609
F,17946,16072,7227,19,441,9249[CR],444459937
C,21226,1478,7235,21,438,9227[CR],444460375
F,18366,16388,7242,17,434,9262[CR],444460703
C,21794,1408,7250,19,432,9325[CR],444461140
F,17952,16608,7258,20,434,9361[CR],444461468
C,22314,1362,7265,18,440,9387[CR],444461906
F,16330,16744,7273,20,448,9359[CR],444462343
A,36888,14820,7281,22,446,9334[CR],444462671
F,14179,16912,7289,20,456,9275[CR],444463109
C,22726,1528,7299,23,451,9180[CR],444463437
F,12741,16992,7307,22,452,9160[CR],444463875
C,22702,1466,7314,19,442,9119[CR],444464203
F,12342,16686,7323,21,451,9091[CR],444464640
C,22562,1386,7330,17,442,9068[CR],444465078
F,12656,16214,7338,19,450,9065[CR],444465406
C,22338,1462,7346,22,444,9041[CR],444465843
F,13272,16298,7354,19,451,9026[CR],444466187
C,22336,1384,7363,20,456,9020[CR],444466609
F,13843,16666,7370,22,440,9028[CR],444466937
C,22506,1418,7378,19,447,9075[CR],444467375
F,14462,16880,7386,20,445,9115[CR],444467812
C,22788,1426,7394,17,444,9138[CR],444468140
F,15120,17034,7402,20,447,9152[CR],444468578
A,36840,15588,7410,22,449,9183[CR],444468906
F,15766,17202,7417,19,447,9172[CR],444469343
C,23290,1500,7425,21,446,9153[CR],444469671
F,16482,17622,7433,22,447,9136[CR],444470109
C,23494,1460,7441,19,451,9121[CR],444470546
F,17070,18048,7449,21,442,9078[CR],444470875
C,23498,1490,7457,22,446,9057[CR],444471312
F,17546,18378,7466,20,450,9038[CR],444471640
C,23374,1442,7473,21,452,9022[CR],444472078
F,17916,18456,7481,16,448,8999[CR],444472406
C,23206,1408,7490,20,449,8980[CR],444472843
F,18174,18318,7497,22,449,8975[CR],444473281
C,22964,1416,7505,19,441,8981[CR],444473609
F,18370,18194,7513,20,446,8992[CR],444474046
C,22700,1460,7521,22,449,8999[CR],444474375
F,18582,18110,7529,18,436,9019[CR],444474812
A,36852,18662,7537,21,445,9032[CR],444475140
F,18686,18012,7544,17,443,9047[CR],444475578
C,22196,1452,7552,20,435,9065[CR],444476015
F,18840,17886,7560,21,439,9069[CR],444476343
C,22030,1444,7568,19,443,9059[CR],444476781
F,18888,17616,7576,21,438,9060[CR],444477109
C,21920,1444,7583,22,440,9049[CR],444477546
F,18914,17294,7592,19,444,9029[CR],444477875
C,21960,1456,7600,21,438,9019[CR],444478312
F,18934,17008,7607,16,436,9010[CR],444478750
C,22108,1488,7615,19,435,9012[CR],444479078
F,18916,16778,7623,21,443,9020[CR],444479515
C,22390,1470,7631,19,437,9042[CR],444479843
F,18888,16682,7639,21,439,9057[CR],444480281
C,22752,1466,7647,19,435,9079[CR],444480609
F,18840,16640,7654,19,434,9132[CR],444481046
A,36884,18822,7661,19,428,9188[CR],444481484
F,18798,16702,7668,17,430,9250[CR],444481812
C,23568,1492,7675,19,433,9298[CR],444482250
F,18752,16742,7682,17,433,9342[CR],444482578
C,24050,1418,7690,19,435,9384[CR],444483015
F,18572,16866,7697,22,441,9404[CR],444483343
C,24464,1460,7705,19,444,9404[CR],444483781
F,18320,17150,7713,20,440,9417[CR],444484218
C,24788,1474,7720,18,443,9436[CR],444484562
F,17952,17618,7728,19,446,9436[CR],444484984
C,25000,1474,7735,22,445,9414[CR],444485312
F,17362,18062,7743,19,443,9390[CR],444485750
C,25072,1478,7751,20,449,9362[CR],444486078
F,17056,18408,7759,16,448,9329[CR],444486515
C,25020,1478,7767,20,450,9329[CR],444486953
F,17108,18706,7775,22,444,9310[CR],444487281
A,36868,17334,7783,17,443,9302[CR],444487718
F,17430,19002,7788,4,0,9286[CR],444488046
C,24570,1486,7788,1,0,9243[CR],444488484
F,17852,19668,7788,1,0,9241[CR],444488812
C,22484,1500,7788,0,0,9240[CR],444489250
F,18238,19808,7788,0,0,9239[CR],444489687
C,22182,1426,7788,0,0,8691[CR],444490015
F,18438,19852,7788,0,0,7680[CR],444490453
C,21990,1570,7788,0,0,7698[CR],444490781
F,18584,19876,7788,0,0,6366[CR],444491218
C,21832,1518,7788,0,0,5142[CR],444491546
F,18674,19514,7788,0,0,5074[CR],444491984
C,21596,1550,7788,0,0,3916[CR],444492421
F,18726,19094,7788,0,0,3198[CR],444492750
C,21120,1548,7788,0,1,3174[CR],444493187
F,18754,18430,7788,0,0,1489[CR],444493625
Z,0,0,7788,0,0,2174[CR],444493953
F,18730,13817,7788,0,0,835[CR],444494281
C,17900,1534,7788,0,0,908[CR],444494718
F,18792,13849,7788,0,0,968[CR],444495265
Z,0,0,7788,0,0,1014[CR],444495703
Z,0,0,7788,0,23,1061[CR],444496250
Z,0,0,7788,3,0,2151[CR],444496687
Z,0,0,7788,1,0,2482[CR],444497234
Z,0,0,7788,0,0,2478[CR],444497671
Z,0,0,7788,0,0,2478[CR],444498218
Z,0,0,7788,0,0,2480[CR],444498765
Z,0,0,7788,0,0,2485[CR],444499203
Z,0,0,7788,0,0,2486[CR],444499750
Z,0,0,7788,0,0,2486[CR],444500187
Z,0,0,7788,0,0,2484[CR],444500734
Z,0,0,7788,0,0,2474[CR],444501281
Z,0,0,7788,0,0,2480[CR],444501718
Z,0,0,7788,0,0,2480[CR],444502265
Z,0,0,7788,0,0,2478[CR],444502703
Z,0,0,7788,0,0,2478[CR],444503250
Z,0,0,7788,0,10,2480[CR],444503796
Z,0,0,7788,0,0,2480[CR],444504234
Z,0,0,7788,0,0,2479[CR],444504781
Z,0,0,7788,0,0,2480[CR],444505218
Z,0,0,7788,0,0,2479[CR],444505765
Z,0,0,7788,0,4,2478[CR],444506203
Z,0,0,7788,0,0,2479[CR],444506750
Z,0,0,7788,0,0,2479[CR],444507296
Z,0,0,7788,0,0,2479[CR],444507734
Z,0,0,7788,0,0,2478[CR],444508281
Z,0,0,7788,0,0,2478[CR],444508718
Z,0,0,7788,0,0,2479[CR],444509265
Z,0,0,7788,0,0,2480[CR],444509812
Z,0,0,7788,0,0,2464[CR],444510250
Z,0,0,7788,0,0,2461[CR],444510796
Z,0,0,7788,0,0,2466[CR],444511234
Z,0,0,7788,0,0,2468[CR],444511781
Z,0,0,7788,0,0,2469[CR],444512218
Z,0,0,7788,0,0,2471[CR],444512765
Z,0,0,7788,0,2,2472[CR],444513312
Z,0,0,7788,0,0,2474[CR],444513750
Z,0,0,7788,0,0,2474[CR],444514296
Z,0,0,7788,0,0,2474[CR],444514734
Z,0,0,7788,0,0,2474[CR],444515281
Z,0,0,7788,0,0,2473[CR],444515718
Z,0,0,7788,0,0,2477[CR],444516265
Z,0,0,7788,0,0,2478[CR],444516812
Z,0,0,7788,0,0,2479[CR],444517250
Z,0,0,7788,0,0,2481[CR],444517796
Z,0,0,7788,0,166,2500[CR],444518234
Z,0,0,7788,73,0,2494[CR],444518781
Z,0,0,7788,64,0,2490[CR],444519218
Z,0,0,7788,49,0,2489[CR],444519765
Z,0,0,7788,6,0,2842[CR],444520312
Z,0,0,7788,3,0,4840[CR],444520750
Z,0,0,7788,1,0,5426[CR],444521296
Z,0,0,7788,0,0,5413[CR],444521734
Z,0,0,7788,0,0,5406[CR],444522281
Z,0,0,7788,0,0,5437[CR],444522828
Z,0,0,7788,0,0,5437[CR],444523265
Z,0,0,7788,2,0,4139[CR],444523593
F,18824,14223,7788,1,0,3834[CR],444524031
C,17702,1502,7788,0,0,3813[CR],444524359
F,18820,14240,7788,0,0,3799[CR],444524796
A,36920,18820,7788,0,0,3787[CR],444525234
F,18804,14242,7788,0,0,3781[CR],444525671
Z,0,0,7788,0,0,3772[CR],444526000
F,18816,14236,7788,0,0,3768[CR],444526328
C,17700,1460,7788,0,0,3764[CR],444526656
K,14284,61416,7788,0,0,3761[CR],444526765
F,18816,14236,7788,21,0,4000[CR],444527093
C,17696,1500,7788,19,0,4243[CR],444527640
Z,0,0,7788,22,0,4469[CR],444527968
C,17720,1496,7788,19,0,4607[CR],444528296
F,18830,14358,7788,16,0,4930[CR],444528734
C,17772,1530,7788,14,0,5525[CR],444529062
F,18830,14968,7788,12,0,6152[CR],444529500
C,18138,1490,7788,13,0,6816[CR],444529828
F,18852,16349,7790,13,0,7477[CR],444530265
C,18800,1508,7796,15,0,8112[CR],444530703
F,18908,19176,7802,17,409,8659[CR],444531031
A,36916,18476,7810,20,411,8814[CR],444531468
F,18146,19208,7818,22,416,8848[CR],444531796
C,24148,1504,7826,19,415,8874[CR],444532234
F,18190,19288,7834,22,417,8906[CR],444532625
C,23922,1482,7841,19,420,8900[CR],444533000
F,18330,19438,7850,20,419,8894[CR],444533437
C,23736,1482,7857,22,422,8880[CR],444533765
F,18068,19454,7866,19,421,8860[CR],444534203
C,23482,1544,7874,20,419,8839[CR],444534531
F,17946,19146,7881,22,422,8816[CR],444534968
C,23188,1482,7890,19,417,8804[CR],444535296
F,18096,18802,7897,21,414,8805[CR],444535734
C,22876,1500,7905,17,414,8795[CR],444536171
F,18356,18556,7914,20,417,8784[CR],444536500
C,22582,1486,7921,20,408,8762[CR],444536937
F,18608,18344,7929,19,412,8741[CR],444537265
A,36944,18678,7937,19,412,8743[CR],444537703
F,18700,17950,7945,21,412,8753[CR],444538031
C,22136,1564,7953,18,400,8771[CR],444538468
F,18824,17634,7961,21,414,8810[CR],444538906
C,21990,1456,7968,18,402,8842[CR],444539234
F,18866,17284,7976,19,418,8870[CR],444539671
C,21878,1448,7984,21,407,8880[CR],444540000
F,18884,16954,7992,20,417,8890[CR],444540437
C,21764,1514,8000,21,412,8891[CR],444540765
F,18940,16802,8008,23,415,8905[CR],444541203
C,21698,1508,8016,19,412,8901[CR],444541640
F,18988,16774,8024,20,416,8903[CR],444541968
C,21636,1536,8031,17,417,8893[CR],444542406
F,19030,16814,8039,19,404,8896[CR],444542734
C,21636,1558,8047,22,413,8884[CR],444543171
F,19012,16818,8055,19,418,8878[CR],444543500
A,36916,18986,8063,19,415,8890[CR],444543937
F,18988,16752,8071,21,413,8906[CR],444544375
C,21530,1540,8079,19,416,8919[CR],444544703
F,19054,16838,8087,21,406,8926[CR],444545140
C,21364,1482,8094,17,419,8954[CR],444545468
F,19082,16908,8102,19,404,8993[CR],444545906
C,21156,1544,8110,21,417,9032[CR],444546234
F,19260,17104,8117,18,414,9050[CR],444546671
C,20924,1550,8125,20,417,9062[CR],444547109
F,19292,17272,8133,22,414,9072[CR],444547437
C,20766,1536,8141,18,406,9091[CR],444547875
F,19370,17372,8148,21,416,9090[CR],444548203
C,20768,1548,8156,19,407,9102[CR],444548640
F,19396,17562,8164,20,413,9096[CR],444548968
C,20980,1544,8172,21,408,9114[CR],444549406
F,19162,17662,8179,18,403,9141[CR],444549843
A,36932,18882,8187,19,415,9159[CR],444550187
F,18734,17772,8194,16,407,9162[CR],444550609
C,21422,1556,8202,18,403,9195[CR],444550937
F,18260,17954,8210,23,416,9212[CR],444551375
C,21540,1610,8218,19,414,9181[CR],444551703
F,17812,18070,8225,20,406,9203[CR],444552140
C,21536,1548,8232,17,397,9210[CR],444552578
F,17780,18082,8241,18,405,9215[CR],444552906
C,21682,1544,8248,21,397,9231[CR],444553343
F,17782,17844,8255,18,404,9244[CR],444553671
C,21892,1588,8263,19,401,9278[CR],444554109
F,18254,17728,8270,15,397,9287[CR],444554437
C,22276,1570,8278,18,392,9313[CR],444554875
F,18594,17730,8285,19,388,9335[CR],444555312
C,22776,1604,8292,17,396,9345[CR],444555640
F,18802,17802,8299,18,401,9341[CR],444556078
A,36952,18800,8305,15,390,9330[CR],444556406
F,18712,17958,8311,16,391,9335[CR],444556843
C,23746,1536,8318,14,388,9360[CR],444557171
F,18076,18144,8324,16,382,9383[CR],444557609
C,24084,1566,8329,14,389,9400[CR],444558046
F,17348,18260,8335,16,393,9407[CR],444558375
C,24462,1540,8341,14,378,9409[CR],444558812
F,16754,18162,8346,11,384,9423[CR],444559140
C,24584,1566,8351,14,389,9442[CR],444559578
F,17126,18012,8356,12,366,9462[CR],444559906
C,24592,1566,8361,14,382,9490[CR],444560343
F,17718,18022,8366,12,359,9506[CR],444560687
C,24644,1594,8370,11,368,9532[CR],444561109
F,18156,18146,8375,12,367,9551[CR],444561546
C,24604,1536,8380,11,366,9552[CR],444561875
F,18468,18286,8384,9,337,9565[CR],444562312
A,36936,18648,8386,7,264,9574[CR],444562640
F,18682,18440,8388,4,227,9568[CR],444563078
C,24384,1578,8389,3,134,9559[CR],444563515
F,18930,18596,8390,2,97,9557[CR],444563843
C,24216,1576,8391,2,3,9547[CR],444564281
F,19058,18662,8392,2,19,9542[CR],444564609
C,24184,1500,8392,1,3,9535[CR],444565046
F,19112,18686,8393,1,23,9533[CR],444565375
C,24186,1530,8394,1,75,9531[CR],444565812
F,19132,18716,8394,1,0,9533[CR],444566250
C,24156,1594,8395,1,0,9533[CR],444566578
F,19132,18740,8395,1,1,9534[CR],444567015
C,24116,1536,8395,1,0,9506[CR],444567453
Z,0,0,8395,0,0,8151[CR],444568000
Z,0,0,8395,0,0,5526[CR],444568437
Z,0,0,8395,0,0,4106[CR],444568984
Z,0,0,8395,0,0,3260[CR],444569531
Z,0,0,8395,0,0,3228[CR],444569968
Z,0,0,8395,0,0,3247[CR],444570515
Z,0,0,8395,23,0,3413[CR],444570953
Z,0,0,8395,49,71,4770[CR],444571281
F,19168,17998,8395,28,3,6955[CR],444571718
C,22064,1568,8396,47,449,8554[CR],444572046
F,19170,18962,8417,47,456,9403[CR],444572484
C,25336,1576,8434,36,448,9477[CR],444572812
F,17192,18824,8448,35,447,9496[CR],444573250
C,24262,1518,8462,41,442,9487[CR],444573578
F,17108,18730,8478,43,447,9477[CR],444574015
C,23938,1552,8493,35,443,9487[CR],444574453
F,17670,19118,8507,34,440,9493[CR],444574781
A,36936,17904,8521,36,444,9480[CR],444575218
F,17928,19210,8540,60,461,9436[CR],444575546
C,23084,1576,8562,64,460,9416[CR],444575984
F,17906,18820,8573,5,0,9384[CR],444576421
Z,0,0,8573,1,0,9343[CR],444576968
Z,0,0,8573,0,0,9340[CR],444577515
Z,0,0,8573,0,0,9339[CR],444577515
F,18640,19212,8573,0,0,9336[CR],444578062
Z,0,0,8573,0,0,9334[CR],444578281
F,18876,19242,8573,0,0,9333[CR],444578828
Z,0,0,8573,0,0,9330[CR],444579265
Z,0,0,8573,0,0,9329[CR],444579812
Z,0,0,8575,11,433,9376[CR],444579921
F,19098,19264,8577,25,424,9391[CR],444580250
C,19754,1576,8584,18,403,9394[CR],444580687
F,18890,18838,8592,17,391,9368[CR],444581015
A,36968,19032,8600,21,396,9357[CR],444581453
F,19068,18730,8607,18,400,9370[CR],444581781
C,22176,1574,8614,19,397,9378[CR],444582218
F,19212,18750,8622,20,405,9394[CR],444582656
C,22138,1574,8629,19,396,9397[CR],444582984
F,19220,18686,8636,16,398,9388[CR],444583421
C,22052,1588,8644,18,394,9391[CR],444583750
F,19178,18466,8651,20,396,9403[CR],444584187
C,21966,1664,8658,17,398,9406[CR],444584515
F,19166,18226,8665,19,397,9403[CR],444584953
C,22014,1592,8672,16,391,9405[CR],444585390
F,19176,18054,8678,17,396,9416[CR],444585718
C,22066,1600,8685,16,401,9422[CR],444586156
F,19224,18032,8692,18,387,9419[CR],444586484
C,22198,1562,8699,15,400,9438[CR],444586921
F,19278,18142,8706,17,396,9458[CR],444587250
A,36948,19240,8712,16,386,9493[CR],444587687
F,19234,18206,8719,16,391,9502[CR],444588125
C,22268,1610,8725,13,396,9504[CR],444588453
F,19152,18176,8731,15,373,9517[CR],444588890
C,22214,1570,8736,13,388,9515[CR],444589218
F,19192,18056,8742,15,396,9497[CR],444589656
C,22182,1504,8749,14,380,9483[CR],444589984
F,19210,17832,8755,16,401,9494[CR],444590421
C,22038,1628,8761,15,387,9491[CR],444590859
F,19308,17594,8767,14,383,9512[CR],444591187
C,21862,1624,8773,17,396,9504[CR],444591625
F,19388,17402,8780,17,393,9489[CR],444591953
C,21846,1536,8786,14,382,9521[CR],444592390
F,19470,17384,8791,12,369,9549[CR],444592718
C,21770,1562,8797,13,369,9541[CR],444593156
F,19484,17446,8802,13,380,9564[CR],444593593
A,36980,19454,8807,12,380,9556[CR],444593921
F,19434,17544,8812,13,385,9513[CR],444594359
C,21878,1618,8819,16,389,9511[CR],444594687
F,19444,17556,8824,12,370,9553[CR],444595125
C,22078,1632,8829,13,345,9563[CR],444595453
F,19412,17610,8833,9,334,9582[CR],444595890
C,22208,1614,8836,6,339,9594[CR],444596328
F,19380,17626,8838,5,346,9586[CR],444596656
C,22356,1618,8840,6,338,9572[CR],444597093
F,19318,17630,8841,2,0,9525[CR],444597531
Z,0,0,8841,1,0,9513[CR],444598078
Z,0,0,8841,0,0,9509[CR],444598515
Z,0,0,8841,0,0,9506[CR],444599062
Z,0,0,8841,0,0,9504[CR],444599609
Z,0,0,8841,0,0,9500[CR],444600046
Z,0,0,8841,0,0,9031[CR],444600593
Z,0,0,8841,0,0,6846[CR],444600921
F,19432,17810,8841,0,0,4471[CR],444601359
C,20462,1646,8841,0,0,3603[CR],444601796
F,19406,17264,8841,0,0,3244[CR],444602234
Z,0,0,8841,0,0,3085[CR],444602562
F,19384,17108,8841,0,3,2822[CR],444602890
C,20094,1622,8841,0,0,2109[CR],444603437
Z,0,0,8841,0,0,2108[CR],444603984
Z,0,0,8841,86,0,3169[CR],444604093
F,19382,16111,8841,64,0,4491[CR],444604640
Z,0,0,8841,51,31,5214[CR],444604859
F,19390,16298,8841,64,125,7517[CR],444605296
C,19610,1610,8865,103,471,9154[CR],444605625
F,18774,17452,8900,86,478,9227[CR],444606062
A,36992,17686,8935,79,471,9163[CR],444606500
F,18104,17574,8960,47,455,9135[CR],444606875
C,19842,1596,8974,30,440,9143[CR],444607265
F,19916,18244,8986,30,434,9229[CR],444607609
C,20004,1628,8999,25,428,9318[CR],444608031
F,20964,19648,9006,16,401,9359[CR],444608359
C,21252,1588,9012,16,404,9364[CR],444608796
F,19152,20040,9022,24,423,9393[CR],444609234
C,21472,1592,9031,27,426,9435[CR],444609562
F,18056,20092,9041,30,430,9458[CR],444610000
C,21964,1588,9052,26,432,9451[CR],444610328
F,18412,19442,9063,26,429,9481[CR],444610765
C,22346,1600,9074,24,420,9525[CR],444611093
F,19146,18962,9083,24,417,9550[CR],444611531
C,22694,1668,9092,24,413,9554[CR],444611968
F,19460,18452,9100,20,416,9551[CR],444612296
A,36960,19730,9109,22,423,9552[CR],444612734
F,19854,17958,9118,34,447,9520[CR],444613062
C,22602,1658,9131,35,439,9362[CR],444613500
F,19750,17852,9143,34,436,9210[CR],444613828
C,20858,1604,9155,35,431,9105[CR],444614265
F,19760,16496,9167,32,430,9027[CR],444614593
C,17934,1524,9178,22,422,8970[CR],444615031
F,21692,16152,9185,15,390,8939[CR],444615468
C,15865,1626,9190,11,360,8944[CR],444615812
F,23830,17286,9195,11,363,8943[CR],444616234
C,15296,1618,9199,11,374,8945[CR],444616562
F,25380,18624,9206,24,412,8946[CR],444617000
C,14985,1604,9216,24,425,8971[CR],444617328
F,26824,20294,9226,21,416,8989[CR],444617765
C,14399,1614,9234,19,413,9007[CR],444618203
F,28420,21062,9241,17,404,8989[CR],444618531
A,36948,30504,9248,20,419,8988[CR],444618968
F,31696,20810,9259,30,430,8977[CR],444619296
C,14140,1648,9269,29,428,8967[CR],444619734
F,35376,20354,9280,24,427,8982[CR],444620062
C,14274,1644,9290,25,425,8999[CR],444620500
F,37176,19294,9301,26,429,9000[CR],444620937
C,14638,1654,9312,26,423,9014[CR],444621265
F,36480,17884,9322,26,418,9043[CR],444621703
C,15273,1684,9332,27,421,9064[CR],444622031
F,34112,16618,9342,24,424,9097[CR],444622468
C,15885,1666,9352,24,417,9135[CR],444622796
F,33800,15234,9362,26,413,9188[CR],444623234
C,17134,1716,9367,4,0,9197[CR],444623781
Z,0,0,9367,1,0,9161[CR],444624218
Z,0,0,9367,0,0,9158[CR],444624765
Z,0,0,9367,0,0,9157[CR],444625203
Z,0,0,9367,0,0,9156[CR],444625750
Z,0,0,9367,0,0,9155[CR],444626187
Z,0,0,9367,0,0,9154[CR],444626734
Z,0,0,9367,0,0,9154[CR],444627281
Z,0,0,9371,27,408,9234[CR],444627500
F,30056,13331,9377,18,401,9332[CR],444627937
C,19128,1724,9385,21,389,9364[CR],444628265
F,26196,14523,9392,18,405,9402[CR],444628703
C,20394,1694,9400,20,403,9426[CR],444629140
F,22034,14799,9407,22,401,9454[CR],444629468
C,21030,1652,9415,18,400,9472[CR],444629906
F,19712,14906,9423,20,403,9488[CR],444630234
C,21284,1720,9430,19,404,9486[CR],444630671
F,19136,15074,9438,19,405,9482[CR],444631109
A,36988,19100,9446,22,400,9475[CR],444631437
F,19174,15328,9454,19,403,9463[CR],444631875
C,21204,1656,9461,19,403,9456[CR],444632203
F,19642,15716,9469,16,400,9450[CR],444632640
C,21074,1690,9477,21,399,9466[CR],444632968
F,20034,16292,9485,19,404,9458[CR],444633406
C,20960,1628,9493,19,395,9464[CR],444633734
F,20338,16944,9500,19,405,9481[CR],444634171
C,20870,1712,9508,22,398,9490[CR],444634609
F,20564,17480,9515,18,397,9509[CR],444634937
C,20920,1676,9523,20,396,9519[CR],444635375
F,20718,17870,9530,17,396,9525[CR],444635703
C,20920,1662,9537,19,395,9532[CR],444636140
F,20816,18078,9544,17,402,9532[CR],444636468
C,20856,1702,9552,19,391,9535[CR],444636906
F,20616,18170,9560,20,398,9548[CR],444637343
A,36984,20500,9567,18,395,9568[CR],444637671
F,20490,18224,9574,18,394,9581[CR],444638031
C,20702,1676,9581,16,392,9595[CR],444638437
F,20704,18282,9588,19,393,9601[CR],444638875
C,20660,1676,9595,15,384,9586[CR],444639203
F,20922,18362,9602,17,391,9585[CR],444639640
C,20618,1614,9609,18,386,9590[CR],444640078
F,21054,18430,9616,16,385,9589[CR],444640406
C,20568,1636,9622,18,391,9575[CR],444640843
F,21108,18458,9629,18,392,9570[CR],444641171
C,20528,1618,9636,19,399,9548[CR],444641609
F,21158,18522,9644,20,407,9534[CR],444641937
C,20498,1704,9652,20,404,9515[CR],444642375
F,21148,18378,9659,19,397,9503[CR],444642812
C,20314,1610,9667,17,398,9495[CR],444643140
F,21310,18394,9674,19,396,9496[CR],444643578
A,36976,21234,9681,17,396,9503[CR],444643906
F,21236,18308,9688,19,398,9509[CR],444644343
C,20154,1654,9695,15,389,9526[CR],444644671
F,21344,18284,9703,17,387,9553[CR],444645109
C,20028,1670,9709,14,387,9565[CR],444645546
F,21316,18308,9716,17,389,9565[CR],444645875
C,19974,1718,9722,15,390,9572[CR],444646312
F,21310,18280,9729,16,392,9578[CR],444646640
C,19860,1680,9736,18,387,9589[CR],444647078
F,21500,18254,9742,16,386,9596[CR],444647406
C,19718,1662,9748,17,376,9601[CR],444647843
F,21608,18240,9755,14,381,9621[CR],444648281
C,19618,1648,9760,13,372,9635[CR],444648609
F,21722,18242,9766,14,375,9649[CR],444649046
C,19512,1734,9771,11,374,9662[CR],444649375
F,21780,18216,9777,14,375,9672[CR],444649812
A,36948,21738,9782,13,378,9687[CR],444650140
F,21720,18164,9787,14,374,9691[CR],444650578
C,19178,1706,9787,2,0,9633[CR],444651125
Z,0,0,9787,1,0,9608[CR],444651562
Z,0,0,9787,0,0,9604[CR],444651781
F,21854,18640,9787,0,0,9603[CR],444652218
Z,0,0,9787,0,0,9602[CR],444652765
Z,0,0,9787,0,0,9601[CR],444653203
Z,0,0,9787,0,0,9598[CR],444653750
Z,0,0,9787,0,0,9578[CR],444654296
Z,0,0,9787,0,0,9566[CR],444654734
Z,0,0,9787,0,0,8103[CR],444655281
Z,0,0,9787,0,0,4925[CR],444655718
Z,0,0,9787,0,0,4274[CR],444656265
Z,0,0,9787,0,426,1745[CR],444656484
F,20592,16504,9787,0,280,35544[CR],444656921
Z,0,0,9787,0,0,35544[CR],444657484
Z,0,0,9787,0,0,35544[CR],444657921
Z,0,0,9787,0,0,35544[CR],444658500
Z,0,0,9787,0,0,35544[CR],444658953
Z,0,0,9787,0,0,35544[CR],444659406
Z,0,0,9787,0,176,35544[CR],444660000
Z,0,0,9787,4,0,2653[CR],444660453
Z,0,0,9787,1,0,2488[CR],444660921
Z,0,0,9787,0,0,2471[CR],444661484
Z,0,0,9787,4,0,2500[CR],444661937
Z,0,0,9787,1,0,2485[CR],444662421
Z,0,0,9787,0,0,2485[CR],444663000
Z,0,0,9787,0,89,2485[CR],444663437
Z,0,0,9787,0,0,2476[CR],444663984
Z,0,0,9787,0,0,2483[CR],444664421
Z,0,0,9787,0,183,2479[CR],444664968
Z,0,0,9787,0,0,2482[CR],444665406
Z,0,0,9787,0,0,2480[CR],444665953
Z,0,0,9787,0,0,2484[CR],444666500
Z,0,0,9787,0,111,2484[CR],444666937
Z,0,0,9787,0,0,2484[CR],444667484
Z,0,0,9787,0,0,2484[CR],444667921
Z,0,0,9787,0,0,2484[CR],444668468
Z,0,0,9787,0,0,2484[CR],444669015
Z,0,0,9787,0,0,2484[CR],444669453
Z,0,0,9787,0,0,2484[CR],444670000
Z,0,0,9787,0,0,2484[CR],444670437
Z,0,0,9787,0,0,2484[CR],444670984
Z,0,0,9787,0,0,2484[CR],444671531
Z,0,0,9787,0,0,2485[CR],444671968
Z,0,0,9787,0,0,2464[CR],444672515
Z,0,0,9787,0,0,2477[CR],444672953
Z,0,0,9787,0,0,2478[CR],444673500
Z,0,0,9787,0,0,2477[CR],444673937
Z,0,0,9787,0,0,2478[CR],444674484
Z,0,0,9787,0,0,2480[CR],444675031
Z,0,0,9787,0,0,2480[CR],444675468
Z,0,0,9787,0,0,2481[CR],444676015
Z,0,0,9787,0,0,2480[CR],444676453
Z,0,0,9787,0,0,2481[CR],444677000
Z,0,0,9787,0,0,2481[CR],444677437
Z,0,0,9787,0,0,2481[CR],444677984
Z,0,0,9787,0,0,2483[CR],444678531
Z,0,0,9787,0,1,2485[CR],444678968
Z,0,0,9787,0,0,2496[CR],444679515
Z,0,0,9787,0,0,2483[CR],444679953
Z,0,0,9787,0,347,2484[CR],444680500
Z,0,0,9787,0,0,2491[CR],444680937
Z,0,0,9787,0,0,2504[CR],444681484
Z,0,0,9787,79,0,2498[CR],444682031
Z,0,0,9787,79,0,2493[CR],444682468
Z,0,0,9787,68,0,2491[CR],444683015
Z,0,0,9787,60,0,2492[CR],444683453
Z,0,0,9787,64,0,2492[CR],444684000
Z,0,0,9787,49,0,2492[CR],444684437
Z,0,0,9787,44,139,2492[CR],444684984
Z,0,0,9787,11,0,2637[CR],444685531
Z,0,0,9787,3,0,4359[CR],444685968
Z,0,0,9787,1,0,5201[CR],444686515
Z,0,0,9787,0,0,5189[CR],444686953
Z,0,0,9787,0,0,5180[CR],444687500
Z,0,0,9787,0,0,5179[CR],444688046
Z,0,0,9787,0,0,5178[CR],444688484
Z,0,0,9787,28,0,4876[CR],444689031
Z,0,0,9787,1,0,3429[CR],444689468
Z,0,0,9787,0,0,3378[CR],444690015
Z,0,0,9787,0,0,3359[CR],444690453
Z,0,0,9787,0,0,3349[CR],444691000
Z,0,0,9787,0,0,3340[CR],444691546
Z,0,0,9787,0,0,3335[CR],444691984
Z,0,0,9787,0,0,3330[CR],444692531
Z,0,0,9787,19,0,3386[CR],444692968
Z,0,0,9787,21,0,4087[CR],444693187
F,19988,12729,9787,19,0,4246[CR],444693625
Z,0,0,9787,20,0,4393[CR],444694171
Z,0,0,9787,17,0,4624[CR],444694609
Z,0,0,9787,14,0,5268[CR],444695156
C,11706,1656,9787,15,0,6036[CR],444695484
F,19972,12727,9787,14,0,6735[CR],444695921
C,12091,1698,9787,22,408,7173[CR],444696250
F,19616,15281,9787,17,397,7277[CR],444696687
C,13041,1684,9787,17,367,7492[CR],444697015
F,21648,15502,9787,16,373,7815[CR],444697453
C,15356,1680,9787,17,390,8118[CR],444697890
F,20420,15735,9792,17,406,8346[CR],444698218
C,18250,1714,9800,19,415,8480[CR],444698656
F,19520,15671,9808,22,423,8528[CR],444698984
C,18922,1716,9816,17,421,8539[CR],444699421
F,19700,15652,9824,21,428,8532[CR],444699750
A,36932,19966,9832,23,431,8497[CR],444700187
F,20022,16114,9840,20,432,8410[CR],444700625
C,18232,1710,9849,21,425,8354[CR],444700953
F,19526,16944,9857,22,428,8315[CR],444701390
C,17734,1722,9865,19,427,8286[CR],444701718
F,18684,17380,9873,21,427,8245[CR],444702156
C,17218,1722,9881,22,428,8227[CR],444702484
F,19550,16910,9889,19,423,8213[CR],444702921
C,16756,1764,9897,21,423,8196[CR],444703359
F,21650,15931,9905,16,420,8187[CR],444703687
C,16398,1714,9913,19,424,8184[CR],444704125
F,23800,15830,9921,21,427,8189[CR],444704453
C,16187,1688,9929,19,420,8202[CR],444704890
F,25728,15819,9937,19,421,8230[CR],444705218
C,16147,1706,9945,22,423,8247[CR],444705656
F,27432,15533,9953,19,429,8272[CR],444706093
A,36948,28256,9961,20,417,8298[CR],444706421
F,28372,15241,9969,19,420,8332[CR],444706859
C,16362,1758,9977,19,421,8356[CR],444707187
F,28080,14983,9985,22,420,8360[CR],444707625
C,16408,1750,9993,17,423,8376[CR],444707953
F,28124,14667,10001,20,420,8394[CR],444708390
C,16351,1722,10009,22,420,8400[CR],444708828
F,28640,14382,10017,19,422,8408[CR],444709156
C,16232,1650,10025,20,411,8400[CR],444709593
F,29556,14207,10033,22,413,8407[CR],444709921
C,16029,1740,10041,18,416,8425[CR],444710359
F,30480,14074,10049,21,419,8452[CR],444710687
C,15856,1718,10056,16,412,8499[CR],444711125
F,31392,13986,10064,18,415,8561[CR],444711562
C,15824,1754,10072,21,409,8646[CR],444711890
F,31956,14114,10079,18,419,8725[CR],444712328
A,36944,31428,10087,20,420,8783[CR],444712656
F,31060,14234,10094,15,419,8841[CR],444713093
C,16382,1826,10102,19,407,8906[CR],444713437
F,31212,14271,10110,21,418,8973[CR],444713859
C,17018,1744,10117,18,421,9010[CR],444714296
F,30128,14508,10125,19,423,9078[CR],444714625
C,18084,1662,10132,16,414,9159[CR],444715062
F,27704,14818,10140,18,417,9210[CR],444715390
C,19382,1758,10147,20,417,9241[CR],444715828
F,24574,15174,10154,17,414,9291[CR],444716156
C,20796,1706,10161,18,403,9351[CR],444716593
F,21588,15299,10168,16,405,9415[CR],444717031
C,21920,1780,10175,17,395,9435[CR],444717359
F,19666,15377,10181,14,399,9451[CR],444717796
C,22530,1766,10187,15,388,9472[CR],444718125
F,19180,15548,10192,12,392,9514[CR],444718562
A,36952,19160,10197,13,381,9507[CR],444718890
F,19216,15745,10202,12,383,9517[CR],444719328
C,22856,1772,10206,11,375,9518[CR],444719765
F,19488,15990,10210,12,355,9528[CR],444720093
C,22770,1758,10214,7,332,9534[CR],444720531
F,19806,16256,10216,5,301,9522[CR],444720859
C,22612,1744,10218,5,290,9507[CR],444721296
F,20118,16576,10220,4,284,9494[CR],444721625
C,22510,1682,10222,6,284,9481[CR],444722062
F,20306,16824,10223,3,0,9458[CR],444722500
C,22480,1766,10223,1,0,9414[CR],444722828
F,20428,16980,10223,0,0,9402[CR],444723375
Z,0,0,10223,0,0,9396[CR],444723812
Z,0,0,10223,0,0,9392[CR],444724359
Z,0,0,10223,0,0,9068[CR],444724796
Z,0,0,10223,0,0,6183[CR],444725343
Z,0,0,10223,0,0,3837[CR],444725562
C,20852,1728,10223,0,0,2953[CR],444726000
F,20534,16930,10223,0,0,1509[CR],444726437
Z,0,0,10223,0,0,1187[CR],444726984
Z,0,0,10223,22,0,1594[CR],444727421
Z,0,0,10223,79,1,4137[CR],444727968
C,19378,1732,10223,64,426,6856[CR],444728296
F,20504,17272,10244,51,473,9286[CR],444728734
C,23132,1680,10265,54,471,9331[CR],444729062
F,19114,17178,10285,51,466,9374[CR],444729500
C,21952,1736,10303,47,462,9377[CR],444729828
F,19700,17356,10319,35,457,9393[CR],444730265
C,21444,1788,10334,35,452,9394[CR],444730703
F,20186,17300,10349,41,451,9386[CR],444731031
A,36960,20416,10363,39,448,9400[CR],444731468
F,20524,16816,10377,36,451,9394[CR],444731875
C,20040,1816,10391,34,445,9383[CR],444732234
F,20958,16992,10404,33,446,9372[CR],444732593
C,18706,1788,10416,29,442,9347[CR],444733000
F,21410,17482,10428,30,440,9344[CR],444733437
C,17354,1728,10438,28,435,9338[CR],444733765
F,21918,18426,10447,21,432,9348[CR],444734203
C,16526,1718,10457,21,427,9345[CR],444734531
F,22492,19578,10465,23,420,9349[CR],444734968
C,16100,1750,10474,19,411,9376[CR],444735296
F,23928,20508,10480,14,398,9370[CR],444735734
C,16079,1740,10485,12,370,9365[CR],444736171
F,25160,20354,10490,11,356,9359[CR],444736500
C,16264,1776,10494,14,412,9360[CR],444736937
F,26784,19802,10502,21,412,9384[CR],444737265
A,36932,27704,10509,19,426,9408[CR],444737703
F,27936,19352,10518,22,422,9409[CR],444738031
C,17188,1772,10528,30,436,9415[CR],444738468
F,26868,18918,10539,28,428,9419[CR],444738906
C,17782,1722,10547,18,417,9474[CR],444739234
F,24312,17900,10555,16,397,9512[CR],444739671
C,17868,1710,10561,16,404,9505[CR],444740000
F,24546,16696,10568,18,410,9491[CR],444740437
C,18040,1740,10576,20,407,9477[CR],444740765
F,25364,15806,10584,21,416,9458[CR],444741203
C,18142,1740,10593,24,422,9454[CR],444741640
F,26416,15214,10604,31,431,9434[CR],444741968
C,18038,1758,10616,28,430,9450[CR],444742406
F,27184,14658,10628,32,430,9458[CR],444742734
C,17502,1758,10640,34,435,9452[CR],444743171
F,28068,14395,10653,33,435,9438[CR],444743500
A,36940,28980,10664,28,425,9436[CR],444743937
F,29476,14378,10673,22,417,9452[CR],444744375
C,16101,1762,10682,22,417,9462[CR],444744703
F,31148,14569,10691,22,413,9481[CR],444745140
C,15998,1784,10699,15,403,9522[CR],444745468
F,32320,14915,10706,17,394,9530[CR],444745906
C,16275,1802,10712,12,368,9558[CR],444746234
F,31516,15348,10717,11,333,9588[CR],444746671
C,16582,1780,10721,8,325,9624[CR],444747109
F,29588,15447,10723,6,275,9636[CR],444747437
C,16654,1788,10725,4,17,9644[CR],444747875
F,29148,15330,10726,2,0,9662[CR],444748312
Z,0,0,10726,1,0,9680[CR],444748859
Z,0,0,10726,1,0,9698[CR],444749296
Z,0,0,10726,1,0,9699[CR],444749843
Z,0,0,10726,0,0,9144[CR],444750390
Z,0,0,10726,0,0,5135[CR],444750828
Z,0,0,10726,0,0,4570[CR],444751375
Z,0,0,10726,0,0,4601[CR],444751812
Z,0,0,10726,41,0,5789[CR],444752140
C,16180,1858,10726,39,280,8377[CR],444752578
F,28812,14691,10741,49,455,9371[CR],444752906
C,17510,1730,10757,38,446,9469[CR],444753343
F,23708,16345,10768,24,428,9473[CR],444753671
C,17146,1758,10777,27,421,9530[CR],444754109
F,23866,15248,10787,20,421,9570[CR],444754437
C,16350,1766,10795,20,406,9583[CR],444754875
F,25660,14489,10801,15,373,9596[CR],444755312
C,15807,1788,10806,9,246,9605[CR],444755640
F,27920,14047,10807,3,142,9633[CR],444756078
A,36900,29516,10808,3,0,9640[CR],444756406
F,30108,14057,10809,2,0,9667[CR],444756843
C,15503,1834,10809,2,0,9680[CR],444757281
Z,0,0,10810,1,0,9678[CR],444757828
Z,0,0,10810,0,0,9095[CR],444758375
Z,0,0,10810,0,0,4356[CR],444758812
Z,0,0,10810,0,0,3454[CR],444759359
Z,0,0,10810,14,0,3918[CR],444759796
Z,0,0,10810,64,0,4577[CR],444760343
Z,0,0,10810,44,1,6607[CR],444760890
Z,0,0,10826,43,449,9232[CR],444761109
F,28408,14905,10839,44,455,9486[CR],444761484
C,16214,1812,10853,29,419,9550[CR],444761875
F,28644,14177,10859,10,265,9628[CR],444762312
A,36928,30232,10861,3,223,9670[CR],444762640
F,30752,14156,10862,3,138,9667[CR],444763078
C,15560,1820,10863,2,89,9680[CR],444763515
F,32084,14436,10864,2,0,9680[CR],444763843
C,15880,1842,10865,2,0,9684[CR],444764390
Z,0,0,10865,1,0,9669[CR],444764828
Z,0,0,10865,0,0,9661[CR],444765375
Z,0,0,10865,0,0,9653[CR],444765812
Z,0,0,10865,0,0,8782[CR],444766359
Z,0,0,10865,0,0,7119[CR],444766906
Z,0,0,10865,0,0,4582[CR],444767343
Z,0,0,10865,0,0,3658[CR],444767890
Z,0,0,10865,0,0,3446[CR],444768328
Z,0,0,10865,73,0,3870[CR],444768875
Z,0,0,10865,36,0,4880[CR],444769312
C,15622,1872,10865,64,85,7429[CR],444769750
F,26644,13862,10875,19,389,9584[CR],444770078
C,16920,1786,10880,9,270,9662[CR],444770515
F,23260,16035,10883,6,261,9649[CR],444770843
C,17080,1806,10884,3,166,9649[CR],444771281
F,22196,15915,10885,3,0,9650[CR],444771828
Z,0,0,10885,1,0,9622[CR],444772265
Z,0,0,10885,0,0,9591[CR],444772812
Z,0,0,10885,0,0,9065[CR],444773250
Z,0,0,10885,0,0,9008[CR],444773796
Z,0,0,10887,4,0,9565[CR],444774015
C,16744,1806,10888,3,1,9693[CR],444774453
F,23776,15869,10888,2,0,9711[CR],444774781
A,36884,23020,10890,2,29,9715[CR],444775218
F,22920,15955,10891,2,1,9721[CR],444775546
C,17834,1784,10891,2,0,9722[CR],444776093
Z,0,0,10891,1,0,9716[CR],444776531
Z,0,0,10891,0,0,9696[CR],444777078
Z,0,0,10891,0,0,9435[CR],444777625
Z,0,0,10891,0,2,6913[CR],444778062
Z,0,0,10891,0,0,4612[CR],444778609
Z,0,0,10891,0,0,3898[CR],444779046
Z,0,0,10891,0,0,3391[CR],444779593
Z,0,0,10891,0,0,3081[CR],444780031
Z,0,0,10891,0,84,1660[CR],444780250
C,17074,1768,10891,0,367,35544[CR],444780687
F,23460,12745,10891,0,420,35544[CR],444781031
A,36868,21292,10891,0,0,35544[CR],444781562
Z,0,0,10891,0,0,35544[CR],444782031
Z,0,0,10891,51,0,2852[CR],444782578
Z,0,0,10891,44,0,4673[CR],444783031
F,22462,12727,10891,79,475,6710[CR],444783375
C,12262,1736,10891,94,463,7795[CR],444783828
F,25536,13535,10915,103,480,8752[CR],444784171
C,17490,1788,10950,79,481,8987[CR],444784625
F,24636,14569,10978,73,477,8996[CR],444784953
C,15451,1820,11007,79,480,9104[CR],444785390
F,27592,15164,11032,60,471,9309[CR],444785718
C,17576,1784,11048,27,418,9566[CR],444786156
F,27388,15866,11053,7,277,9716[CR],444786593
Z,0,0,11055,2,0,9713[CR],444787140
Z,0,0,11055,1,0,9732[CR],444787578
Z,0,0,11055,1,0,9713[CR],444788125
Z,0,0,11055,0,0,9693[CR],444788671
Z,0,0,11056,0,0,9691[CR],444789109
Z,0,0,11056,0,0,9795[CR],444789656
Z,0,0,11056,0,0,9807[CR],444790093
Z,0,0,11056,0,0,7657[CR],444790640
Z,0,0,11056,0,0,4323[CR],444791187
Z,0,0,11056,0,0,2343[CR],444791625
Z,0,0,11056,0,158,711[CR],444791953
C,19256,1890,11056,0,435,35544[CR],444792500
Z,0,0,11056,0,0,35544[CR],444792953
Z,0,0,11056,35,0,35544[CR],444793515
Z,0,0,11056,25,0,2316[CR],444793515
A,36836,20204,11056,22,0,3611[CR],444794062
Z,0,0,11056,57,0,4206[CR],444794515
Z,0,0,11056,35,0,5076[CR],444794734
F,20888,12727,11056,30,76,6406[CR],444795093
C,12156,1828,11056,47,449,7077[CR],444795546
F,21716,13228,11056,35,405,7538[CR],444795875
C,13277,1842,11056,35,417,8137[CR],444796312
F,27664,13244,11056,38,433,8668[CR],444796640
C,22428,1758,11071,41,451,8949[CR],444797078
F,22060,14082,11090,54,464,9143[CR],444797515
C,25316,1894,11117,86,471,9259[CR],444797843
F,18474,14429,11144,68,472,9249[CR],444798281
C,25548,1788,11168,64,471,9308[CR],444798609
F,19216,15591,11192,57,451,9368[CR],444799046
C,24780,1774,11211,44,440,9522[CR],444799375
F,19808,16942,11225,33,445,9626[CR],444799812
A,36868,20176,11237,27,428,9656[CR],444800156
F,20270,17394,11245,22,407,9675[CR],444800625
C,24360,1898,11253,18,403,9654[CR],444801015
F,20628,17742,11261,19,399,9630[CR],444801343
C,24336,1880,11268,17,403,9611[CR],444801781
F,20722,17958,11276,20,410,9609[CR],444802109
C,24374,1862,11284,22,414,9632[CR],444802546
F,20642,17912,11293,27,433,9620[CR],444802984
C,24368,1862,11305,24,431,9627[CR],444803312
F,20514,17954,11316,24,426,9647[CR],444803750
C,24374,1880,11325,20,407,9658[CR],444804078
F,20592,18060,11333,22,415,9651[CR],444804515
C,24328,1846,11341,21,415,9631[CR],444804843
F,20730,18268,11350,19,405,9665[CR],444805281
C,24502,1852,11356,15,388,9692[CR],444805718
F,20734,18382,11362,13,373,9691[CR],444806046
A,36880,20776,11366,11,365,9687[CR],444806484
F,20784,18530,11371,12,364,9687[CR],444806812
C,24624,1854,11375,11,353,9686[CR],444807250
F,20756,18666,11379,10,367,9692[CR],444807578
C,24732,1860,11384,12,369,9693[CR],444808015
F,20652,18758,11389,13,377,9669[CR],444808453
C,24740,1862,11395,16,388,9681[CR],444808781
F,20444,18782,11401,15,396,9691[CR],444809218
C,24832,1816,11407,17,388,9698[CR],444809546
F,19970,18682,11414,16,391,9712[CR],444809984
C,24756,1838,11420,16,380,9737[CR],444810312
F,19998,18592,11426,14,383,9751[CR],444810750
C,24584,1836,11431,11,374,9741[CR],444811187
F,20208,18574,11436,13,366,9737[CR],444811515
C,24444,1838,11442,11,380,9752[CR],444811953
F,20442,18594,11447,14,374,9737[CR],444812281
A,36864,20606,11452,12,359,9754[CR],444812718
F,20662,18616,11457,10,375,9774[CR],444813046
C,24114,1838,11460,7,289,9807[CR],444813484
F,20870,18722,11463,5,304,9782[CR],444813921
C,23622,1884,11464,4,278,9722[CR],444814250
F,20946,18864,11466,4,19,9719[CR],444814687
C,23682,1788,11467,2,0,9676[CR],444815125
Z,0,0,11467,1,0,9656[CR],444815671
Z,0,0,11467,0,0,9648[CR],444816109
Z,0,0,11467,0,6,9644[CR],444816656
Z,0,0,11467,0,0,9641[CR],444817203
Z,0,0,11467,0,0,9640[CR],444817640
Z,0,0,11467,0,0,9639[CR],444818187
Z,0,0,11467,0,0,9637[CR],444818625
Z,0,0,11467,0,0,9589[CR],444819171
Z,0,0,11467,0,0,8356[CR],444819718
Z,0,0,11467,0,0,5786[CR],444819718
F,20818,19330,11467,0,0,4402[CR],444820265
Z,0,0,11467,0,0,3916[CR],444820703
Z,0,0,11467,0,0,3444[CR],444821250
Z,0,0,11467,147,0,3959[CR],444821687
Z,0,0,11467,94,358,6447[CR],444822125
F,20804,19028,11480,35,416,9661[CR],444822453
C,24084,1894,11493,31,438,9683[CR],444822890
F,20730,18566,11505,27,431,9691[CR],444823218
C,22992,1856,11516,27,416,9685[CR],444823656
F,21168,18446,11527,33,442,9658[CR],444823984
C,22110,1846,11543,44,455,9586[CR],444824421
F,21508,18096,11564,64,470,9520[CR],444824859
A,36888,21802,11590,68,473,9476[CR],444825187
F,21956,18564,11614,54,463,9531[CR],444825625
C,18814,1880,11634,49,460,9546[CR],444825953
F,21250,20404,11656,54,467,9538[CR],444826390
C,18108,1914,11678,54,464,9507[CR],444826718
F,23206,18930,11697,43,443,9567[CR],444827156
C,19042,1872,11708,22,401,9723[CR],444827593
F,23470,18310,11715,12,299,9831[CR],444827921
C,21424,1870,11717,4,15,9878[CR],444828359
F,22460,17066,11717,2,0,9888[CR],444828796
Z,0,0,11717,1,0,9879[CR],444829343
Z,0,0,11717,0,0,9864[CR],444829781
Z,0,0,11717,0,0,9856[CR],444830328
Z,0,0,11717,0,0,9851[CR],444830875
Z,0,0,11717,0,0,9845[CR],444831312
Z,0,0,11717,0,0,9842[CR],444831859
Z,0,0,11717,0,0,9839[CR],444832296
Z,0,0,11717,0,0,9835[CR],444832843
Z,0,0,11717,0,0,9832[CR],444833390
Z,0,0,11717,0,0,9831[CR],444833828
Z,0,0,11717,0,0,9827[CR],444834375
Z,0,0,11717,0,0,9823[CR],444834812
Z,0,0,11717,0,0,9814[CR],444835359
Z,0,0,11717,0,0,9809[CR],444835796
Z,0,0,11717,0,0,9800[CR],444836343
Z,0,0,11717,0,0,9793[CR],444836890
U,53608,18516,11717,0,1,9784[CR],444837328
Z,0,0,11717,0,0,9774[CR],444837875
Z,0,0,11717,0,0,9765[CR],444838312
Z,0,0,11717,0,0,9755[CR],444838859
Z,0,0,11717,0,0,9746[CR],444839296
Z,0,0,11717,0,0,9737[CR],444839843
Z,0,0,11717,0,0,9729[CR],444840390
Z,0,0,11717,0,0,9720[CR],444840828
Z,0,0,11717,0,0,9712[CR],444841375
Z,0,0,11717,0,0,9705[CR],444841812
Z,0,0,11717,0,0,9697[CR],444842359
Z,0,0,11717,0,0,9691[CR],444842906
Z,0,0,11717,0,0,9681[CR],444843343
Z,0,0,11717,0,0,9676[CR],444843890
Z,0,0,11717,0,0,9667[CR],444844328
Z,0,0,11717,0,0,9659[CR],444844875
Z,0,0,11717,0,0,9653[CR],444845421
Z,0,0,11717,0,0,9646[CR],444845750
U,9381,95648,11717,0,0,9640[CR],444846296
Z,0,0,11717,0,0,9633[CR],444846734
Z,0,0,11717,0,0,9627[CR],444847281
Z,0,0,11717,0,0,9618[CR],444847718
Z,0,0,11717,0,0,9611[CR],444848265
Z,0,0,11717,0,0,9606[CR],444848812
Z,0,0,11717,0,1,9599[CR],444849250
Z,0,0,11717,0,0,9592[CR],444849796
Z,0,0,11717,0,0,9585[CR],444850234
Z,0,0,11717,0,0,9578[CR],444850781
Z,0,0,11717,0,0,9570[CR],444851328
Z,0,0,11717,0,0,9564[CR],444851765
Z,0,0,11717,0,0,9557[CR],444852312
Z,0,0,11717,0,0,9550[CR],444852750
Z,0,0,11717,0,0,9541[CR],444853296
Z,0,0,11717,0,0,9536[CR],444853734
Z,0,0,11717,0,0,9528[CR],444854281
Z,0,0,11717,0,0,9521[CR],444854828
Z,0,0,11717,0,0,9512[CR],444855265
Z,0,0,11717,0,0,9504[CR],444855812
Z,0,0,11717,0,0,9492[CR],444856250
Z,0,0,11717,0,0,9484[CR],444856796
Z,0,0,11717,0,0,9475[CR],444857343
Z,0,0,11717,0,0,9467[CR],444857781
Z,0,0,11717,0,0,9458[CR],444858328
Z,0,0,11717,0,0,9450[CR],444858765
Z,0,0,11717,0,0,9442[CR],444859312
Z,0,0,11717,0,0,9433[CR],444859859
Z,0,0,11717,0,0,9424[CR],444860296
Z,0,0,11717,0,0,9416[CR],444860843
Z,0,0,11717,0,1,9406[CR],444861281
Z,0,0,11717,0,0,9399[CR],444861828
Z,0,0,11717,0,0,9388[CR],444862265
Z,0,0,11717,0,0,9380[CR],444862812
Z,0,0,11717,0,0,9370[CR],444863359
Z,0,0,11717,0,0,9360[CR],444863796
Z,0,0,11717,0,0,9348
<PAUSE BUTTON 10:44:18>
[CR],444864125
>
Reset interface. Wait time for interface: 94
>
Reset interface. Wait time for interface: 219DOFF
OK
>
Command: DOFF Wait time for interface: 125

>
Reset interface. Wait time for interface: 46CLEAR
OK
>
Command: CLEAR Wait time for interface: 110

<END BUTTON 10:51:10>

------------------- Begin end zero test --------------------
>
Reset interface. Wait time for interface: 62SCAN E
Z,0,0,0,0,0,2506
Z,0,0,0,0,0,2481[CR],445280593
Z,0,0,0,0,0,2474[CR],445281140
Z,0,0,0,0,0,2483[CR],445281578
Z,0,0,0,0,260,2480[CR],445281796
C,12050,8746,0,0,205,2479[CR],445282234
F,12236,12754,0,0,216,2479[CR],445282562
C,12050,9149,0,0,268,2478[CR],445283000
F,12214,12751,0,0,258,2478[CR],445283437
C,12049,9375,0,0,242,2478[CR],445283781
F,12209,12749,0,0,287,2478[CR],445284250
C,12051,8584,0,0,280,2479[CR],445284578
F,12215,12751,0,0,279,2479[CR],445284921
C,12051,8887,0,0,276,2478[CR],445285359
F,12222,12747,0,0,227,2478[CR],445285796
C,12051,8827,0,0,196,2478[CR],445286125
F,12220,12747,0,0,228,2477[CR],445286578
C,12051,8995,0,0,219,2477[CR],445286906
F,12219,12747,0,0,215,2476[CR],445287359
A,37900,12190,0,0,251,2476[CR],445287687
F,12187,12749,0,0,212,2477[CR],445288125
C,12050,9063,0,0,283,2477[CR],445288453
F,12202,12745,0,0,210,2477[CR],445288687
>
Reset interface. Wait time for interface: 62

======== END OF TEST ========


