CPT-log version: 5.22
======== BEGIN OF TEST ========
DATE 11.10.2022

<Transmited Data>
<NEW BUTTON 09:30:23>
[^C][CR]
>[CR]
VER[CR][LF]
[^C][CR]
[^C][CR]
CLEAR[CR]
[^C][CR]
DOFF[CR]
[^C][CR]
SCANG[CR]
[^C][CR]
[^C][CR]
CLEAR[CR]

<START BUTTON 09:38:37>
[^C][CR]
[^C][CR]
DRON[CR]
SCANG[CR]
[^G][^G]
<PAUSE BUTTON 09:49:17>
[^C][CR]
[^C][CR]
DOFF[CR]
[^C][CR]
CLEAR[CR]

<END BUTTON 09:56:56>
[^C][CR]
SCANG[CR]
[^C][CR]


<Received Data>
<NEW BUTTON 09:30:23>

>
Reset interface. Wait time for interface: 125>
>
Command: > Wait time for interface: 140
VER
M240,2364,0,0
>
>
Reset interface. Wait time for interface: 109
>
Reset interface. Wait time for interface: 110CLEAR
OK
>
Command: CLEAR Wait time for interface: 109

>
Reset interface. Wait time for interface: 109DOFF
OK
>
Command: DOFF Wait time for interface: 125

>
Reset interface. Wait time for interface: 110SCANG
Z,0,0,0,0
F,12139,12741,0,0[CR],440642468
C,12138,7712,0,0[CR],440642796
F,12156,12741,0,0[CR],440643265
C,12138,7578,0,0[CR],440643625
F,12160,12738,0,0[CR],440643968
C,12138,7660,0,0[CR],440644421
F,12156,12739,0,0[CR],440644765
A,34528,12136,0,0[CR],440645218
F,12122,12742,0,0[CR],440645546
C,12139,7694,0,0[CR],440646015
F,12145,12741,0,0[CR],440646359
C,12140,7778,0,0[CR],440646703
F,12161,12740,0,0[CR],440647156
C,12139,7712,0,0[CR],440647500
F,12137,12741,0,0[CR],440647953
C,12140,7732,0,0[CR],440648296
F,12166,12740,0,0[CR],440648750
C,12140,7704,0,0[CR],440649078
F,12162,12738,0,0[CR],440649531
C,12139,7654,0,0[CR],440649859
F,12144,12736,0,0[CR],440650328
C,12138,7860,0,0[CR],440650687
F,12156,12740,0,0[CR],440651031
A,34488,12137,0,0[CR],440651484
F,12120,12742,0,0[CR],440651484
>
Reset interface. Wait time for interface: 109
>
Reset interface. Wait time for interface: 78CLEAR
OK
>
Command: CLEAR Wait time for interface: 109

<START BUTTON 09:38:37>

>
Reset interface. Wait time for interface: 62
>
Reset interface. Wait time for interface: 125DRON
OK
>
Command: DRON Wait time for interface: 125
SCANG
Z,0,0,0,0
C,14300,858,0,0[CR],440924828
F,19674,13792,0,0[CR],440925265
C,14303,828,0,0[CR],440925609
F,19888,13789,0,0[CR],440926046
A,35800,19926,0,0[CR],440926390
F,19942,13787,0,0[CR],440926843
C,14310,928,0,0[CR],440927062
P,110992,65416,0,0[CR],440927171
F,19944,13791,0,0[CR],440927625
C,14315,852,0,0[CR],440927953
F,19870,13798,0,0[CR],440928390
C,14318,872,0,0[CR],440928718
F,19738,13805,0,0[CR],440929187
C,14321,876,0,0[CR],440929515
F,19582,13818,0,0[CR],440929968
C,14324,846,0,0[CR],440930328
F,19412,13827,0,0[CR],440930781
C,14326,878,0,0[CR],440931156
F,19230,13837,0,0[CR],440931484
C,14328,860,0,0[CR],440931937
F,19062,13848,0,0[CR],440932312
A,35804,18948,0,0[CR],440932640
F,18898,13861,0,0[CR],440933125
C,14332,948,0,0[CR],440933468
F,18772,13874,0,0[CR],440933812
C,14334,964,0,0[CR],440934296
F,18610,13888,0,0[CR],440934625
C,14337,828,0,0[CR],440935000
F,18482,13901,0,0[CR],440935453
C,14339,876,0,0[CR],440935796
F,18370,13912,0,0[CR],440936250
C,14340,834,0,0[CR],440936578
F,18244,13928,0,0[CR],440936953
C,14342,864,0,0[CR],440937406
F,18130,13942,0,0[CR],440937781
C,14343,890,0,0[CR],440938109
F,18012,13956,0,0[CR],440938562
A,35812,17946,0,0[CR],440938890
F,17904,13969,0,0[CR],440939375
C,14344,888,0,0[CR],440939718
F,17830,13982,0,0[CR],440940062
C,14346,934,0,0[CR],440940531
F,17726,13991,0,0[CR],440940875
C,14346,828,0,0[CR],440941234
F,17640,14002,0,0[CR],440941703
C,14347,900,0,0[CR],440942031
F,17570,14015,0,0[CR],440942406
C,14347,896,0,0[CR],440942875
F,17494,14025,0,0[CR],440943203
C,14349,900,0,0[CR],440943578
F,17420,14035,0,0[CR],440944031
C,14349,848,0,0[CR],440944359
F,17348,14050,0,0[CR],440944828
A,35788,17278,0,0[CR],440945187
F,17254,14060,0,0[CR],440945640
C,14350,864,0,0[CR],440945984
F,17212,14072,0,0[CR],440946343
C,14351,812,0,0[CR],440946796
F,17144,14084,0,0[CR],440947140
C,14351,810,0,0[CR],440947500
F,17082,14090,0,0[CR],440947875
C,14349,892,0,0[CR],440948343
F,17036,14099,0,0[CR],440948703
C,14350,846,0,0[CR],440949156
F,16972,14109,0,0[CR],440949484
C,14350,838,0,0[CR],440949843
F,16924,14119,0,0[CR],440950312
C,14351,840,0,0[CR],440950656
F,16864,14127,0,0[CR],440951015
A,35800,16834,0,0[CR],440951468
F,16804,14139,0,0[CR],440951843
C,14351,932,0,0[CR],440952171
F,16766,14146,0,0[CR],440952656
C,14352,860,9,94[CR],440953000
F,16736,14900,48,103[CR],440953343
C,15531,970,86,94[CR],440953781
F,14701,16410,125,94[CR],440954140
C,16790,980,165,103[CR],440954593
F,14575,15168,204,114[CR],440954937
C,15113,920,243,114[CR],440955390
F,15276,14339,282,103[CR],440955718
C,14572,1042,321,103[CR],440956187
F,15812,15396,359,94[CR],440956546
C,14437,860,395,94[CR],440956859
F,16394,14739,432,103[CR],440957328
A,35968,16598,467,86[CR],440957687
F,16774,14186,501,86[CR],440958031
C,15127,990,534,94[CR],440958500
F,16496,14964,568,86[CR],440958859
C,14687,746,601,86[CR],440959203
F,16886,14607,631,73[CR],440959671
C,15202,964,664,86[CR],440960015
F,16764,14946,694,64[CR],440960375
C,14863,788,724,79[CR],440960828
F,16832,14574,752,68[CR],440961156
C,15977,810,779,68[CR],440961625
F,16528,15039,806,64[CR],440961984
C,16950,844,833,60[CR],440962328
F,16864,15122,862,86[CR],440962765
C,15534,834,890,68[CR],440963109
F,16668,16125,917,68[CR],440963578
A,35932,17036,944,64[CR],440963921
F,17344,15873,971,68[CR],440964359
C,18860,878,998,60[CR],440964703
F,15951,14674,1026,79[CR],440965062
C,20508,934,1054,73[CR],440965515
F,15888,15094,1083,68[CR],440965843
C,19582,934,1111,60[CR],440966312
F,16129,16053,1140,79[CR],440966656
C,18008,910,1169,73[CR],440967015
F,16402,16526,1197,68[CR],440967468
C,16215,790,1226,79[CR],440967796
F,16952,17020,1254,73[CR],440968250
C,14670,876,1280,68[CR],440968593
F,18068,17578,1306,68[CR],440969046
C,18470,876,1333,68[CR],440969421
F,15990,15835,1360,64[CR],440969765
A,35936,15958,1387,68[CR],440970218
F,16072,15463,1414,68[CR],440970625
C,15502,844,1441,73[CR],440970921
F,16430,17578,1468,73[CR],440971375
C,14597,848,1495,73[CR],440971718
F,17158,17708,1522,68[CR],440972187
C,15245,930,1550,64[CR],440972515
F,17308,16014,1577,64[CR],440972968
C,15086,918,1603,57[CR],440973296
F,17446,15858,1630,73[CR],440973656
C,14777,924,1656,73[CR],440974109
F,17756,15886,1683,73[CR],440974453
C,14959,1002,1710,68[CR],440974921
F,17916,16209,1737,68[CR],440975250
C,15446,904,1764,68[CR],440975609
F,17546,16528,1791,64[CR],440976078
A,35896,17004,1798,3[CR],440976421
F,16810,15819,1798,1[CR],440976859
C,14230,872,1798,0[CR],440977218
F,17976,15148,1798,0[CR],440977562
C,14135,786,1798,0[CR],440978031
F,19272,14883,1798,0[CR],440978390
C,14101,892,1798,0[CR],440978734
F,20482,14725,1798,0[CR],440979203
C,14073,868,1798,0[CR],440979546
F,21514,14627,1798,0[CR],440980000
C,14068,888,1798,0[CR],440980343
F,22314,14553,1798,0[CR],440980687
C,14062,1002,1798,0[CR],440981140
F,22914,14497,1798,25[CR],440981484
C,14054,892,1798,2[CR],440981953
F,23298,14313,1798,1[CR],440982437
Z,0,0,1798,0[CR],440982875
Z,0,0,1798,0[CR],440983437
Z,0,0,1798,0[CR],440983906
Z,0,0,1798,0[CR],440984343
Z,0,0,1798,0[CR],440984906
Z,0,0,1798,0[CR],440985375
Z,0,0,1798,0[CR],440985937
Z,0,0,1798,0[CR],440986390
Z,0,0,1798,0[CR],440986859
Z,0,0,1798,0[CR],440987406
Z,0,0,1798,0[CR],440987875
Z,0,0,1798,0[CR],440988437
Z,0,0,1798,0[CR],440988906
Z,0,0,1798,0[CR],440989343
Z,0,0,1798,0[CR],440989937
Z,0,0,1798,0[CR],440990375
Z,0,0,1798,0[CR],440990843
Z,0,0,1798,0[CR],440991328
Z,0,0,1798,0[CR],440991890
Z,0,0,1798,0[CR],440992453
Z,0,0,1798,0[CR],440992921
Z,0,0,1798,0[CR],440993375
Z,0,0,1798,0[CR],440993937
Z,0,0,1798,0[CR],440994390
Z,0,0,1798,0[CR],440994859
Z,0,0,1798,0[CR],440995406
Z,0,0,1798,0[CR],440995875
Z,0,0,1798,0[CR],440996453
Z,0,0,1798,0[CR],440996906
Z,0,0,1798,0[CR],440997453
Z,0,0,1798,0[CR],440997921
Z,0,0,1798,0[CR],440998375
Z,0,0,1798,0[CR],440998937
Z,0,0,1798,0[CR],440999406
Z,0,0,1798,0[CR],440999843
Z,0,0,1798,0[CR],441000421
Z,0,0,1798,0[CR],441000890
Z,0,0,1798,0[CR],441001359
Z,0,0,1798,0[CR],441001906
Z,0,0,1798,0[CR],441002375
Z,0,0,1798,0[CR],441002937
Z,0,0,1798,0[CR],441003171
P,978,9921,1798,0[CR],441003734
Z,0,0,1798,0[CR],441004187
Z,0,0,1798,0[CR],441004734
Z,0,0,1798,0[CR],441005203
Z,0,0,1798,0[CR],441005796
Z,0,0,1798,60[CR],441006250
Z,0,0,1798,54[CR],441006687
Z,0,0,1798,54[CR],441007265
Z,0,0,1806,7[CR],441007734
F,20868,14316,1810,4[CR],441008078
C,14224,880,1810,1[CR],441008531
F,20346,14784,1810,0[CR],441008890
C,14244,892,1810,0[CR],441009218
F,20538,14783,1810,0[CR],441009671
C,14197,694,1810,0[CR],441010031
F,20618,14808,1810,0[CR],441010468
C,14180,946,1810,0[CR],441010812
F,20648,14824,1810,0[CR],441011171
C,14169,930,1811,3[CR],441011609
F,19814,14993,1811,1[CR],441011968
C,14373,936,1811,0[CR],441012328
F,19930,14767,1811,0[CR],441012781
C,14257,910,1811,0[CR],441013109
F,20602,14755,1811,0[CR],441013578
A,35856,20860,1811,0[CR],441013921
F,20918,14768,1811,0[CR],441014281
C,14193,862,1811,0[CR],441014718
F,21042,14780,1811,0[CR],441015062
C,14177,834,1812,0[CR],441015531
F,21014,14791,1836,64[CR],441015859
C,15132,904,1864,73[CR],441016328
F,17898,16093,1891,73[CR],441016671
C,14930,876,1919,68[CR],441017015
F,17984,16534,1947,64[CR],441017484
C,15162,796,1974,64[CR],441017828
F,17814,17064,2001,60[CR],441018265
C,15477,984,2029,73[CR],441018609
F,17388,17378,2057,73[CR],441018968
C,15694,804,2085,68[CR],441019421
F,16970,16678,2112,64[CR],441019765
A,35864,16864,2139,64[CR],441020234
F,16906,16566,2167,73[CR],441020593
C,15258,942,2194,73[CR],441020937
F,17138,17158,2222,73[CR],441021375
C,16149,864,2249,68[CR],441021718
F,16460,16718,2277,64[CR],441022203
C,16786,936,2305,73[CR],441022531
F,16534,15310,2333,73[CR],441022984
C,15868,844,2361,68[CR],441023343
F,16904,15858,2388,68[CR],441023671
C,16134,858,2415,68[CR],441024125
F,16398,16254,2443,60[CR],441024500
C,15533,854,2471,79[CR],441024828
F,16410,16760,2499,73[CR],441025296
C,15765,844,2526,68[CR],441025625
F,16232,16886,2554,68[CR],441026109
A,35880,16341,2582,73[CR],441026453
F,16456,14901,2610,73[CR],441026843
C,15060,892,2637,68[CR],441027250
F,16870,15601,2665,68[CR],441027593
C,15239,800,2693,68[CR],441028046
F,17050,15799,2720,73[CR],441028406
C,15340,836,2747,73[CR],441028750
F,17232,16140,2774,73[CR],441029203
C,15745,888,2801,68[CR],441029546
F,17386,15726,2827,64[CR],441029984
C,16604,910,2853,64[CR],441030328
F,17232,15379,2879,68[CR],441030687
C,15739,866,2906,64[CR],441031125
F,17556,14366,2932,64[CR],441031468
C,15085,892,2958,64[CR],441031937
F,18102,15451,2985,57[CR],441032265
A,35832,18326,3010,51[CR],441032734
F,18408,15679,3035,57[CR],441033078
C,18670,888,3061,60[CR],441033515
F,15125,16135,3087,68[CR],441033875
C,17700,926,3112,68[CR],441034218
F,15297,15884,3138,68[CR],441034656
C,17864,804,3163,68[CR],441035000
F,14560,16536,3189,73[CR],441035453
C,17180,898,3214,73[CR],441035812
F,14694,14857,3240,73[CR],441036156
C,17102,952,3265,73[CR],441036609
F,15036,14979,3290,73[CR],441036953
C,17074,976,3316,68[CR],441037406
F,15325,15152,3341,73[CR],441037750
C,16940,980,3366,68[CR],441038203
F,15630,16228,3392,68[CR],441038546
A,35796,15765,3418,73[CR],441038890
F,15863,15252,3443,68[CR],441039343
C,16686,1002,3468,68[CR],441039687
F,16214,15759,3493,64[CR],441040125
C,18378,978,3518,68[CR],441040484
F,16096,14652,3543,73[CR],441040843
C,18442,930,3569,68[CR],441041312
F,16418,15131,3594,73[CR],441041656
C,18820,966,3620,68[CR],441042093
F,16664,15631,3646,68[CR],441042437
C,17496,900,3671,68[CR],441042906
F,16948,16476,3697,64[CR],441043250
C,17580,926,3722,68[CR],441043578
F,17132,16644,3747,68[CR],441044031
C,19628,890,3772,68[CR],441044375
F,15652,17214,3798,68[CR],441044843
A,35864,15224,3798,2[CR],441045187
F,15308,15371,3798,1[CR],441045640
C,19002,882,3798,0[CR],441045984
F,15592,15574,3798,0[CR],441046343
C,18832,938,3798,0[CR],441046796
F,15776,15809,3798,0[CR],441047140
C,18748,946,3798,0[CR],441047484
F,15930,16005,3798,0[CR],441047937
C,18700,964,3798,0[CR],441048281
F,16061,16164,3798,0[CR],441048750
C,18674,946,3798,0[CR],441049203
Z,0,0,3798,0[CR],441049750
Z,0,0,3798,0[CR],441050218
Z,0,0,3798,0[CR],441050687
Z,0,0,3798,0[CR],441051250
Z,0,0,3798,0[CR],441051703
Z,0,0,3798,0[CR],441052250
Z,0,0,3798,0[CR],441052718
Z,0,0,3798,0[CR],441053171
Z,0,0,3798,0[CR],441053734
Z,0,0,3798,0[CR],441054203
Z,0,0,3798,0[CR],441054656
Z,0,0,3798,0[CR],441055250
Z,0,0,3798,0[CR],441055718
Z,0,0,3798,0[CR],441056156
Z,0,0,3798,0[CR],441056734
Z,0,0,3798,0[CR],441057187
Z,0,0,3798,0[CR],441057750
Z,0,0,3798,0[CR],441058218
Z,0,0,3798,0[CR],441058687
Z,0,0,3798,0[CR],441059265
Z,0,0,3798,0[CR],441059734
Z,0,0,3798,0[CR],441060203
Z,0,0,3798,0[CR],441060671
Z,0,0,3798,0[CR],441061218
Z,0,0,3798,0[CR],441061687
Z,0,0,3798,0[CR],441062265
Z,0,0,3798,0[CR],441062718
Z,0,0,3798,0[CR],441063171
Z,0,0,3798,0[CR],441063750
Z,0,0,3798,0[CR],441064187
Z,0,0,3798,0[CR],441064781
Z,0,0,3798,0[CR],441065250
Z,0,0,3798,0[CR],441065718
Z,0,0,3798,0[CR],441066187
Z,0,0,3798,0[CR],441066671
Z,0,0,3798,0[CR],441067218
Z,0,0,3798,0[CR],441067687
Z,0,0,3798,2[CR],441068265
Z,0,0,3798,94[CR],441068703
Z,0,0,3802,86[CR],441069171
Z,0,0,3812,6[CR],441069406
F,17104,15782,3812,2[CR],441069765
A,35780,17182,3812,1[CR],441070218
F,17166,17118,3812,0[CR],441070546
C,18888,952,3812,0[CR],441071015
F,17190,17170,3812,0[CR],441071343
C,18810,1004,3812,0[CR],441071703
F,17206,17202,3812,0[CR],441072187
C,18768,980,3813,9[CR],441072546
F,17198,17492,3813,2[CR],441072890
C,19742,946,3813,1[CR],441073359
F,17032,17004,3813,0[CR],441073703
C,19262,978,3813,0[CR],441074062
F,17070,17072,3813,0[CR],441074515
C,19130,964,3813,0[CR],441074843
F,17092,17112,3813,0[CR],441075296
C,19056,876,3813,0[CR],441075640
F,17118,17144,3813,0[CR],441076109
A,35800,17104,3824,60[CR],441076453
F,17096,17240,3851,79[CR],441076796
C,21350,896,3877,73[CR],441077265
F,16712,16582,3904,73[CR],441077671
C,18774,842,3930,68[CR],441078000
F,16954,17578,3956,68[CR],441078437
C,18618,844,3982,68[CR],441078765
F,16716,18992,4008,64[CR],441079156
C,19430,1000,4034,68[CR],441079593
F,15210,16948,4060,64[CR],441079921
C,20642,996,4086,68[CR],441080390
F,15314,16208,4111,60[CR],441080734
C,20124,956,4137,60[CR],441081078
F,15524,15781,4163,64[CR],441081546
C,19400,1006,4189,60[CR],441081906
F,15756,15979,4215,64[CR],441082265
A,35872,15918,4241,57[CR],441082718
F,15994,16534,4267,73[CR],441083046
C,18618,924,4293,73[CR],441083515
F,16206,16472,4319,68[CR],441083875
C,17738,892,4344,68[CR],441084218
F,16528,18494,4369,68[CR],441084671
C,20948,776,4395,73[CR],441085015
F,14191,18084,4421,64[CR],441085453
C,20198,1046,4445,73[CR],441085796
F,14124,16506,4471,68[CR],441086156
C,19670,952,4496,73[CR],441086593
F,14364,16094,4522,73[CR],441086937
C,18688,994,4549,68[CR],441087406
F,14563,16472,4575,68[CR],441087734
C,17760,996,4601,64[CR],441088203
F,14787,16392,4627,64[CR],441088546
A,35868,15024,4653,64[CR],441089000
F,15030,17302,4678,60[CR],441089343
C,20040,974,4703,64[CR],441089703
F,15127,16317,4729,64[CR],441090156
C,19928,928,4755,60[CR],441090484
F,15402,15474,4779,57[CR],441090937
C,20776,1032,4803,64[CR],441091296
F,15715,18234,4829,64[CR],441091640
C,27564,930,4853,64[CR],441092109
F,13115,17956,4879,64[CR],441092468
C,29264,1028,4906,64[CR],441092828
F,13183,17718,4932,60[CR],441093296
C,28348,1030,4958,60[CR],441093640
F,13431,15961,4984,64[CR],441094000
C,28016,1034,5010,57[CR],441094437
F,13663,14945,5036,54[CR],441094781
A,35824,13802,5061,64[CR],441095234
F,13883,14396,5086,68[CR],441095609
C,28416,972,5112,68[CR],441095921
F,14166,14428,5138,73[CR],441096375
C,28504,1016,5164,73[CR],441096718
F,14499,14688,5190,73[CR],441097156
C,28740,1000,5216,73[CR],441097500
F,14818,14967,5243,68[CR],441097937
C,28324,988,5268,64[CR],441098281
F,15215,14936,5293,64[CR],441098718
C,28592,1040,5319,64[CR],441099062
F,15630,14869,5345,68[CR],441099500
C,28548,978,5370,68[CR],441099859
F,16023,14399,5397,64[CR],441100312
C,27236,1044,5423,64[CR],441100671
F,16138,15788,5449,60[CR],441101000
A,35872,16626,5476,64[CR],441101468
F,16750,15919,5501,60[CR],441101796
C,20348,1012,5526,60[CR],441102250
F,17308,17466,5551,60[CR],441102609
C,18466,1020,5576,60[CR],441102953
F,19200,17500,5601,64[CR],441103390
C,19142,982,5626,60[CR],441103750
F,16716,18662,5652,64[CR],441104203
C,20366,1032,5678,60[CR],441104531
F,15259,16233,5702,60[CR],441105000
C,20212,1060,5728,64[CR],441105343
F,15925,16053,5754,60[CR],441105796
C,20464,1104,5778,57[CR],441106140
F,16716,17718,5797,10[CR],441106484
C,25824,1104,5797,2[CR],441106937
F,13618,18256,5797,1[CR],441107296
A,35856,13732,5797,0[CR],441107640
F,13904,18142,5797,0[CR],441108093
C,23828,1030,5797,0[CR],441108437
F,15101,18126,5797,0[CR],441108906
C,23640,1038,5797,0[CR],441109234
F,16164,18128,5797,0[CR],441109703
C,23500,932,5797,0[CR],441110031
F,16918,18122,5797,0[CR],441110375
C,23390,966,5797,0[CR],441110812
F,17368,18116,5797,0[CR],441111171
C,23302,1006,5797,0[CR],441111640
F,17624,18102,5797,0[CR],441111984
C,23232,1030,5797,0[CR],441112343
F,17758,18098,5797,0[CR],441112906
Z,0,0,5797,0[CR],441113359
Z,0,0,5797,0[CR],441113921
Z,0,0,5797,0[CR],441114390
Z,0,0,5797,0[CR],441114859
Z,0,0,5797,0[CR],441115421
Z,0,0,5797,0[CR],441115859
Z,0,0,5797,0[CR],441116328
Z,0,0,5797,0[CR],441116921
Z,0,0,5797,0[CR],441117406
Z,0,0,5797,0[CR],441117859
Z,0,0,5797,0[CR],441118343
Z,0,0,5797,0[CR],441118796
Z,0,0,5797,0[CR],441119359
Z,0,0,5797,0[CR],441119828
Z,0,0,5797,0[CR],441120406
Z,0,0,5797,0[CR],441120843
Z,0,0,5797,0[CR],441121406
Z,0,0,5797,0[CR],441121875
Z,0,0,5797,0[CR],441122312
Z,0,0,5797,0[CR],441122906
Z,0,0,5797,0[CR],441123359
Z,0,0,5797,0[CR],441123828
Z,0,0,5797,0[CR],441124421
Z,0,0,5797,0[CR],441124875
Z,0,0,5797,0[CR],441125328
Z,0,0,5797,0[CR],441125796
Z,0,0,5797,0[CR],441126359
Z,0,0,5797,0[CR],441126828
Z,0,0,5797,0[CR],441127390
Z,0,0,5797,0[CR],441127859
Z,0,0,5797,0[CR],441128328
Z,0,0,5797,0[CR],441128796
Z,0,0,5797,0[CR],441129375
Z,0,0,5797,0[CR],441129843
Z,0,0,5797,0[CR],441130406
Z,0,0,5797,0[CR],441130875
Z,0,0,5797,0[CR],441131343
Z,0,0,5797,0[CR],441131890
Z,0,0,5797,0[CR],441132359
Z,0,0,5797,0[CR],441132812
Z,0,0,5797,0[CR],441133359
Z,0,0,5797,10[CR],441133828
Z,0,0,5797,1[CR],441134390
Z,0,0,5797,64[CR],441134859
Z,0,0,5797,64[CR],441135312
Z,0,0,5812,11[CR],441135859
F,17842,15109,5821,12[CR],441136234
C,19008,1076,5821,2[CR],441136562
F,17854,17408,5821,1[CR],441137031
C,21340,1022,5821,0[CR],441137359
F,17856,17396,5821,0[CR],441137718
C,21366,988,5821,0[CR],441138265
Z,0,0,5821,0[CR],441138734
Z,0,0,5821,0[CR],441138890
F,17830,17388,5821,0[CR],441139312
C,21382,1064,5821,0[CR],441139781
F,17852,17386,5821,0[CR],441140125
C,21384,990,5821,0[CR],441140453
F,17844,17384,5821,0[CR],441140906
C,21382,986,5821,0[CR],441141250
F,17844,17380,5821,0[CR],441141718
C,21382,1042,5821,0[CR],441142078
F,17842,17380,5821,0[CR],441142406
C,21378,990,5821,0[CR],441142875
F,17836,17378,5821,0[CR],441143218
C,21374,1026,5822,0[CR],441143656
F,17838,17376,5846,64[CR],441144000
C,26448,1048,5872,60[CR],441144359
F,12848,17200,5898,60[CR],441144796
A,35928,12890,5924,64[CR],441145140
F,13055,15410,5950,60[CR],441145609
C,30968,1008,5975,60[CR],441145953
F,13716,14460,6001,57[CR],441146421
C,32380,1010,6027,64[CR],441146781
F,14428,14411,6054,79[CR],441147109
C,31636,1108,6080,73[CR],441147578
F,15160,14806,6106,73[CR],441147937
C,30160,1114,6133,68[CR],441148296
F,15928,14012,6159,64[CR],441148765
C,28576,1022,6186,64[CR],441149109
F,16590,14287,6212,64[CR],441149468
C,28048,1092,6238,64[CR],441149937
F,17254,14397,6265,60[CR],441150296
C,26508,934,6291,64[CR],441150656
F,17714,14749,6316,60[CR],441151000
A,35952,17896,6342,60[CR],441151437
F,17792,15150,6368,73[CR],441151796
C,24620,1000,6394,68[CR],441152250
F,17300,15911,6420,68[CR],441152593
C,23938,932,6446,68[CR],441153062
F,16676,16850,6472,68[CR],441153406
C,23294,1028,6498,68[CR],441153734
F,17276,17184,6524,64[CR],441154187
C,22298,890,6549,68[CR],441154546
F,17742,16576,6574,68[CR],441155015
C,22368,1000,6600,64[CR],441155375
F,17696,16822,6625,60[CR],441155734
C,22872,1036,6651,68[CR],441156078
F,17818,16878,6677,64[CR],441156546
C,22982,1032,6703,68[CR],441156875
F,16726,16764,6728,64[CR],441157343
A,35948,17236,6755,60[CR],441157687
F,17374,17150,6780,64[CR],441158140
C,19242,1040,6806,60[CR],441158484
F,18160,17846,6831,60[CR],441158828
C,21124,890,6857,60[CR],441159281
F,15266,18148,6883,60[CR],441159625
C,23068,994,6909,60[CR],441160093
F,15140,16386,6935,57[CR],441160421
C,23024,1028,6961,73[CR],441160765
F,15761,16878,6988,73[CR],441161218
C,22126,1060,7014,68[CR],441161562
F,16430,17182,7041,73[CR],441162031
C,21312,1060,7066,68[CR],441162375
F,17148,17854,7091,68[CR],441162718
C,21642,1062,7116,68[CR],441163171
F,17628,19148,7142,68[CR],441163531
A,35944,14178,7168,68[CR],441163968
F,13537,19482,7194,68[CR],441164359
C,25924,1146,7221,64[CR],441164656
F,13364,16046,7247,64[CR],441165109
C,24250,1050,7273,64[CR],441165562
F,13936,15700,7299,64[CR],441165906
C,21588,1158,7325,57[CR],441166265
F,14562,15909,7351,54[CR],441166734
C,19362,1052,7376,57[CR],441167078
F,15698,17328,7401,60[CR],441167515
C,21700,1116,7427,68[CR],441167859
F,12978,17480,7453,68[CR],441168203
C,22534,1098,7479,73[CR],441168640
F,12686,15683,7505,68[CR],441168968
C,22646,1046,7530,73[CR],441169421
F,13427,16478,7555,73[CR],441169859
A,36000,13886,7581,73[CR],441170187
F,14014,18124,7607,73[CR],441170640
C,23788,1064,7633,68[CR],441170984
F,14457,17380,7659,68[CR],441171343
C,23106,1010,7685,64[CR],441171796
F,15060,16906,7711,68[CR],441172125
C,22986,1026,7736,68[CR],441172562
F,15767,16494,7762,64[CR],441172906
C,23566,1026,7786,64[CR],441173343
F,16460,17586,7797,4[CR],441173687
C,26316,1066,7797,1[CR],441174046
F,16247,18432,7797,1[CR],441174500
C,23386,1094,7797,0[CR],441174843
F,18362,18560,7797,0[CR],441175296
C,23052,1000,7797,0[CR],441175625
F,18820,18602,7797,0[CR],441176078
A,35996,18844,7797,0[CR],441176531
Z,0,0,7797,0[CR],441177000
Z,0,0,7797,0[CR],441177234
F,18894,18630,7797,0[CR],441177578
C,22636,972,7797,0[CR],441178156
Z,0,0,7797,0[CR],441178625
Z,0,0,7797,0[CR],441179093
Z,0,0,7797,0[CR],441179562
Z,0,0,7797,0[CR],441180125
Z,0,0,7797,0[CR],441180593
Z,0,0,7797,0[CR],441181156
Z,0,0,7797,0[CR],441181609
Z,0,0,7797,0[CR],441182078
Z,0,0,7797,0[CR],441182546
Z,0,0,7797,0[CR],441183125
Z,0,0,7797,0[CR],441183578
Z,0,0,7797,0[CR],441184140
Z,0,0,7797,0[CR],441184609
Z,0,0,7797,0[CR],441185046
Z,0,0,7797,0[CR],441185640
Z,0,0,7797,0[CR],441186093
Z,0,0,7797,0[CR],441186546
Z,0,0,7797,0[CR],441187140
Z,0,0,7797,0[CR],441187250
S,6094,154112,7797,0[CR],441187703
Z,0,0,7797,0[CR],441188281
Z,0,0,7797,0[CR],441188734
Z,0,0,7797,0[CR],441189296
Z,0,0,7797,0[CR],441189750
Z,0,0,7797,0[CR],441190203
Z,0,0,7797,0[CR],441190781
Z,0,0,7797,0[CR],441191250
Z,0,0,7797,0[CR],441191703
Z,0,0,7797,0[CR],441192296
Z,0,0,7797,0[CR],441192765
Z,0,0,7797,0[CR],441193234
Z,0,0,7797,0[CR],441193687
Z,0,0,7797,0[CR],441194250
Z,0,0,7797,0[CR],441194718
Z,0,0,7797,0[CR],441195296
Z,0,0,7797,0[CR],441195750
Z,0,0,7797,0[CR],441196203
Z,0,0,7797,0[CR],441196765
Z,0,0,7797,0[CR],441197234
Z,0,0,7797,0[CR],441197687
Z,0,0,7797,0[CR],441198265
Z,0,0,7797,0[CR],441198734
Z,0,0,7797,0[CR],441199187
Z,0,0,7797,0[CR],441199781
Z,0,0,7797,0[CR],441200250
Z,0,0,7797,0[CR],441200718
Z,0,0,7797,9[CR],441201281
Z,0,0,7797,2[CR],441201750
Z,0,0,7797,86[CR],441202218
Z,0,0,7797,57[CR],441202796
Z,0,0,7802,11[CR],441203031
F,18792,15195,7805,5[CR],441203500
Z,0,0,7805,1[CR],441203953
Z,0,0,7805,0[CR],441204187
C,20132,1018,7805,0[CR],441204625
F,18804,15488,7805,0[CR],441205078
Z,0,0,7805,0[CR],441205312
F,18796,15481,7805,0[CR],441205781
C,20120,1030,7805,0[CR],441206125
F,18804,15471,7805,0[CR],441206484
C,20114,1042,7805,0[CR],441206937
F,18804,15461,7805,0[CR],441207296
A,36032,18784,7805,0[CR],441207734
F,18768,15452,7805,0[CR],441208078
C,20100,1016,7805,0[CR],441208515
F,18792,15440,7805,0[CR],441208859
C,20092,1034,7805,0[CR],441209203
F,18784,15430,7805,0[CR],441209671
C,20086,962,7805,0[CR],441210015
F,18786,15418,7806,0[CR],441210484
C,20078,1056,7820,68[CR],441210828
F,18814,18606,7845,64[CR],441211156
C,27292,1038,7871,64[CR],441211625
F,11983,19546,7897,64[CR],441211968
C,27424,990,7922,64[CR],441212437
F,11887,17902,7948,64[CR],441212781
C,25740,1018,7974,60[CR],441213125
F,12320,17442,8000,60[CR],441213593
A,36004,12631,8025,60[CR],441213921
F,12784,16874,8051,60[CR],441214312
C,23414,1048,8076,60[CR],441214734
F,13469,16084,8101,60[CR],441215078
C,21862,1074,8126,64[CR],441215546
F,14186,15562,8152,60[CR],441215875
C,19998,1060,8177,64[CR],441216328
F,15018,16271,8202,60[CR],441216671
C,20126,1098,8227,60[CR],441217140
Z,0,0,8259,64[CR],441217484
C,20680,1022,8278,57[CR],441217828
F,15621,16484,8303,60[CR],441218187
C,20896,1052,8328,60[CR],441218656
F,16440,17258,8353,60[CR],441219000
C,22754,970,8379,60[CR],441219468
F,14968,17410,8404,60[CR],441219812
A,36012,15369,8430,60[CR],441220156
F,15542,17080,8455,60[CR],441220593
C,23468,1102,8480,60[CR],441221062
Z,0,0,8512,68[CR],441221390
C,23196,1042,8530,64[CR],441221750
F,16404,18306,8556,64[CR],441222203
C,22356,1010,8581,57[CR],441222546
F,16762,17864,8607,57[CR],441222906
C,21464,1092,8632,57[CR],441223328
F,17222,17458,8658,64[CR],441223656
C,21174,1062,8683,73[CR],441224125
F,17654,17230,8709,68[CR],441224484
C,21466,1016,8735,73[CR],441224843
F,17984,16946,8760,73[CR],441225281
C,21112,1008,8786,73[CR],441225625
F,18426,16858,8812,68[CR],441226093
A,36092,18730,8837,68[CR],441226437
F,18858,17136,8863,73[CR],441226781
C,21174,1128,8888,68[CR],441227250
F,19054,17554,8914,68[CR],441227609
C,19756,1104,8939,68[CR],441227953
F,20410,18256,8964,68[CR],441228406
C,21224,1098,8989,64[CR],441228750
F,15541,20312,9014,68[CR],441229187
C,22612,1090,9039,68[CR],441229531
F,14781,19712,9064,68[CR],441229984
C,23870,1130,9090,68[CR],441230328
F,13596,18744,9117,73[CR],441230781
C,18630,1104,9143,64[CR],441231109
F,14425,15253,9169,68[CR],441231578
C,14484,1128,9195,64[CR],441231937
F,15962,16302,9220,64[CR],441232281
A,36056,17362,9245,68[CR],441232718
F,17950,16307,9271,64[CR],441233062
C,15302,1076,9296,60[CR],441233500
F,20136,15447,9320,60[CR],441233843
C,18388,1106,9345,64[CR],441234328
F,20984,15913,9371,64[CR],441234640
C,20308,1010,9397,64[CR],441234984
F,19438,14819,9422,64[CR],441235437
C,19270,1036,9448,64[CR],441235781
F,20410,16213,9473,64[CR],441236250
C,19154,1192,9498,64[CR],441236578
F,21304,17152,9523,64[CR],441237046
C,19076,1036,9549,64[CR],441237390
F,21908,16916,9575,64[CR],441237734
C,18578,1116,9601,60[CR],441238187
F,22602,16746,9627,60[CR],441238515
A,36164,23046,9652,60[CR],441238953
F,23242,16902,9678,60[CR],441239312
C,17086,1112,9703,60[CR],441239781
F,24466,16764,9728,60[CR],441240109
C,16440,1090,9753,57[CR],441240453
F,26132,16768,9779,64[CR],441240921
C,16938,1040,9797,7[CR],441241265
F,21890,17594,9797,1[CR],441241734
Z,0,0,9797,0[CR],441242312
Z,0,0,9797,0[CR],441242765
Z,0,0,9797,0[CR],441242875
F,26764,15737,9797,0[CR],441243218
C,15406,1148,9797,0[CR],441243781
Z,0,0,9797,0[CR],441244250
Z,0,0,9797,0[CR],441244703
Z,0,0,9797,0[CR],441245281
Z,0,0,9797,0[CR],441245750
Z,0,0,9797,0[CR],441246218
Z,0,0,9797,0[CR],441246328
C,15375,1162,9797,0[CR],441246890
Z,0,0,9797,0[CR],441247343
Z,0,0,9797,0[CR],441247812
Z,0,0,9797,0[CR],441247921
C,15312,1134,9797,0[CR],441248390
Z,0,0,9797,0[CR],441248968
Z,0,0,9797,0[CR],441249078
F,25052,13902,9797,0[CR],441249640
Z,0,0,9797,0[CR],441250093
Z,0,0,9797,0[CR],441250546
Z,0,0,9797,0[CR],441251140
Z,0,0,9797,0[CR],441251593
Z,0,0,9797,0[CR],441252156
Z,0,0,9797,0[CR],441252625
Z,0,0,9797,0[CR],441253062
Z,0,0,9797,0[CR],441253640
Z,0,0,9797,0[CR],441254109
Z,0,0,9797,0[CR],441254578
Z,0,0,9797,0[CR],441255031
Z,0,0,9797,0[CR],441255593
Z,0,0,9797,0[CR],441256046
Z,0,0,9797,0[CR],441256625
Z,0,0,9797,0[CR],441257093
Z,0,0,9797,0[CR],441257578
Z,0,0,9797,7[CR],441258031
Z,0,0,9797,1[CR],441258593
Z,0,0,9797,0[CR],441259062
Z,0,0,9797,0[CR],441259625
Z,0,0,9797,0[CR],441260093
Z,0,0,9797,0[CR],441260546
Z,0,0,9797,0[CR],441261125
Z,0,0,9797,0[CR],441261593
Z,0,0,9797,0[CR],441262062
Z,0,0,9797,0[CR],441262625
Z,0,0,9797,0[CR],441263093
Z,0,0,9797,0[CR],441263562
Z,0,0,9797,0[CR],441264109
Z,0,0,9797,0[CR],441264562
Z,0,0,9797,0[CR],441265125
Z,0,0,9797,0[CR],441265578
Z,0,0,9797,0[CR],441266046
Z,0,0,9797,0[CR],441266609
Z,0,0,9797,0[CR],441267078
Z,0,0,9797,0[CR],441267546
Z,0,0,9797,0[CR],441268109
Z,0,0,9797,0[CR],441268562
Z,0,0,9797,0[CR],441269031
Z,0,0,9797,0[CR],441269609
Z,0,0,9797,0[CR],441270062
Z,0,0,9797,0[CR],441270531
Z,0,0,9797,0[CR],441271109
Z,0,0,9797,0[CR],441271562
Z,0,0,9797,0[CR],441272015
Z,0,0,9797,0[CR],441272578
Z,0,0,9797,0[CR],441273031
Z,0,0,9797,0[CR],441273593
Z,0,0,9797,0[CR],441274046
Z,0,0,9797,0[CR],441274515
Z,0,0,9797,0[CR],441275109
Z,0,0,9797,0[CR],441275578
Z,0,0,9797,0[CR],441276046
Z,0,0,9797,0[CR],441276609
Z,0,0,9797,6[CR],441277078
Z,0,0,9797,47[CR],441277546
Z,0,0,9797,68[CR],441278109
Z,0,0,9797,54[CR],441278562
Z,0,0,9797,51[CR],441279046
Z,0,0,9800,44[CR],441279609
Z,0,0,9808,14[CR],441280062
Z,0,0,9809,2[CR],441280609
Z,0,0,9809,1[CR],441281078
Z,0,0,9809,0[CR],441281546
Z,0,0,9809,0[CR],441282125
Z,0,0,9809,0[CR],441282578
Z,0,0,9809,0[CR],441283046
Z,0,0,9809,0[CR],441283625
Z,0,0,9809,0[CR],441283859
C,14976,1166,9809,0[CR],441284203
F,20180,13189,9809,0[CR],441284781
Z,0,0,9809,0[CR],441285000
F,20172,13181,9809,0[CR],441285562
Z,0,0,9809,0[CR],441285812
F,20162,13176,9809,0[CR],441286265
C,14963,1088,9809,0[CR],441286703
Z,0,0,9812,25[CR],441286937
C,14958,1132,9824,60[CR],441287390
F,20134,15846,9850,57[CR],441287750
C,16744,1124,9876,60[CR],441288218
F,20212,16476,9901,54[CR],441288562
A,36176,20954,9926,57[CR],441288921
F,21042,16119,9951,54[CR],441289375
C,16636,1158,9976,57[CR],441289734
F,22166,15003,10001,54[CR],441290078
C,15829,1186,10026,54[CR],441290531
F,23558,16290,10051,57[CR],441290890
C,16302,1088,10076,60[CR],441291343
F,24252,16834,10100,60[CR],441291687
C,19198,1026,10125,57[CR],441292015
F,20994,16894,10150,60[CR],441292468
C,21788,1064,10175,60[CR],441292921
F,18820,16538,10201,60[CR],441293265
C,21694,1032,10226,60[CR],441293609
F,18370,16600,10252,60[CR],441294078
C,20740,1100,10278,60[CR],441294421
F,19176,16802,10304,57[CR],441294765
A,36192,19708,10329,57[CR],441295218
F,19966,17082,10356,73[CR],441295593
C,16612,1160,10381,73[CR],441295921
F,21262,20412,10407,73[CR],441296375
C,15810,1154,10433,73[CR],441296718
F,22846,20178,10458,73[CR],441297187
C,17056,1126,10483,68[CR],441297515
F,22500,18240,10509,68[CR],441297968
C,17718,1138,10535,73[CR],441298328
F,23616,15470,10561,73[CR],441298656
C,16668,1078,10587,68[CR],441299093
F,25008,14784,10613,64[CR],441299546
C,15864,1212,10638,68[CR],441299890
F,26608,15610,10664,68[CR],441300234
C,16862,1046,10689,68[CR],441300687
F,25700,16127,10715,64[CR],441301046
A,36180,25124,10741,64[CR],441301484
F,25636,15167,10765,64[CR],441301828
C,15119,1208,10790,60[CR],441302281
F,27784,15567,10814,64[CR],441302625
C,16021,1148,10840,64[CR],441302968
F,27552,14917,10865,64[CR],441303437
C,15223,1146,10890,64[CR],441303781
F,29612,14840,10915,60[CR],441304250
C,16169,1200,10940,68[CR],441304609
F,29580,15895,10964,68[CR],441304937
C,21356,1138,10988,64[CR],441305406
F,21830,16043,11013,68[CR],441305734
C,25984,1228,11038,68[CR],441306109
F,18512,17074,11064,68[CR],441306562
C,26640,1164,11088,68[CR],441306906
F,18880,17864,11113,68[CR],441307359
A,36176,19220,11138,68[CR],441307703
F,19412,18120,11163,60[CR],441308062
C,25348,1116,11188,73[CR],441308515
F,19812,18432,11214,73[CR],441308859
C,24812,1162,11239,64[CR],441309203
F,20334,18348,11264,73[CR],441309656
C,24410,1086,11290,68[CR],441310000
F,20180,18720,11315,73[CR],441310468
C,24202,1292,11340,73[CR],441310812
F,20132,18064,11366,73[CR],441311171
C,22866,1252,11391,73[CR],441311625
F,20978,17854,11417,73[CR],441311953
C,20936,1144,11443,68[CR],441312421
F,21748,17830,11468,64[CR],441312765
C,19284,1206,11493,64[CR],441313125
F,21698,20184,11518,68[CR],441313578
A,36184,22868,11543,68[CR],441313921
F,23980,18794,11567,68[CR],441314281
C,18994,1178,11591,49[CR],441314734
F,22304,18568,11614,57[CR],441315078
C,23238,1172,11637,57[CR],441315546
F,15502,17088,11659,54[CR],441315890
C,23462,1192,11678,43[CR],441316265
F,15977,16616,11696,44[CR],441316718
C,23132,1202,11711,35[CR],441317078
F,16690,17286,11723,28[CR],441317421
C,22990,1136,11733,25[CR],441317875
F,17352,17644,11741,18[CR],441318234
C,23022,1172,11748,15[CR],441318703
F,17982,17648,11752,9[CR],441319046
C,22922,1162,11753,3[CR],441319375
F,18586,17794,11753,1[CR],441319843
A,36204,18898,11754,1[CR],441320312
Z,0,0,11754,0[CR],441320765
Z,0,0,11754,0[CR],441321343
Z,0,0,11754,0[CR],441321812
Z,0,0,11754,0[CR],441322281
Z,0,0,11754,0[CR],441322843
Z,0,0,11754,0[CR],441323312
Z,0,0,11754,0[CR],441323781
Z,0,0,11754,0[CR],441324359
Z,0,0,11754,0[CR],441324468
C,20434,1218,11754,0[CR],441325062
Z,0,0,11754,15[CR],441325281
C,17626,1184,11754,29[CR],441325625
F,20412,14280,11764,68[CR],441326078
A,36152,20552,11789,68[CR],441326546
Z,0,0,11796,2[CR],441327000
Z,0,0,11796,1[CR],441327562
Z,0,0,11796,0[CR],441328015
Z,0,0,11796,0[CR],441328593
Z,0,0,11796,0[CR],441329062
Z,0,0,11796,0[CR],441329531
Z,0,0,11796,0[CR],441330109
Z,0,0,11796,0[CR],441330562
Z,0,0,11796,0[CR],441331015
Z,0,0,11796,0[CR],441331578
Z,0,0,11796,0[CR],441332046
Z,0,0,11796,0[CR],441332609
Z,0,0,11796,0[CR],441333078
Z,0,0,11796,0[CR],441333531
Z,0,0,11796,0[CR],441334109
Z,0,0,11796,0[CR],441334562
Z,0,0,11796,0[CR],441335015
Z,0,0,11796,0[CR],441335593
Z,0,0,11796,0[CR],441336062
Z,0,0,11796,0[CR],441336531
Z,0,0,11796,0[CR],441337109
Z,0,0,11796,0[CR],441337578
Z,0,0,11796,0[CR],441338046
Z,0,0,11796,0[CR],441338500
Z,0,0,11796,0[CR],441339062
Z,0,0,11796,0[CR],441339515
Z,0,0,11796,0[CR],441339984
Z,0,0,11796,0[CR],441340562
Z,0,0,11796,0[CR],441341031
Z,0,0,11796,0[CR],441341484
Z,0,0,11796,0[CR],441342062
Z,0,0,11796,0[CR],441342531
Z,0,0,11796,0[CR],441342984
Z,0,0,11796,0[CR],441343562
Z,0,0,11796,0[CR],441344031
Z,0,0,11796,0[CR],441344484
Z,0,0,11796,0[CR],441345062
Z,0,0,11796,0[CR],441345515
Z,0,0,11796,0[CR],441346093
Z,0,0,11796,0[CR],441346531
Z,0,0,11796,0[CR],441347000
Z,0,0,11796,0[CR],441347578
Z,0,0,11796,0[CR],441348031
Z,0,0,11796,0[CR],441348578
Z,0,0,11796,0[CR],441349046
Z,0,0,11796,0[CR],441349500
Z,0,0,11796,79[CR],441350078
Z,0,0,11796,73[CR],441350531
Z,0,0,11796,73[CR],441351109
Z,0,0,11796,57[CR],441351546
Z,0,0,11801,11[CR],441352000
Z,0,0,11801,1[CR],441352484
Z,0,0,11801,0[CR],441353062
Z,0,0,11801,0[CR],441353500
Z,0,0,11801,0[CR],441354078
Z,0,0,11801,0[CR],441354546
Z,0,0,11801,0[CR],441355000
Z,0,0,11801,0[CR],441355593
Z,0,0,11801,0[CR],441356031
Z,0,0,11801,0[CR],441356484
Z,0,0,11801,0[CR],441357046
Z,0,0,11801,0[CR],441357515
Z,0,0,11801,0[CR],441358109
Z,0,0,11801,0[CR],441358453
F,20798,15915,11801,0[CR],441359015
Z,0,0,11801,0[CR],441359468
Z,0,0,11801,0[CR],441359921
Z,0,0,11809,30[CR],441360375
C,19644,1200,11816,3[CR],441360828
F,20862,18052,11817,1[CR],441361296
Z,0,0,11817,1[CR],441361859
Z,0,0,11817,0[CR],441361984
C,22310,1274,11817,0[CR],441362453
F,20820,17926,11818,0[CR],441362796
C,22318,1180,11818,0[CR],441363250
Z,0,0,11818,0[CR],441363718
Z,0,0,11818,0[CR],441364296
Z,0,0,11818,0[CR],441364765
Z,0,0,11818,0[CR],441365234
Z,0,0,11818,0[CR],441365781
Z,0,0,11818,0[CR],441366250
Z,0,0,11818,0[CR],441366703
C,21590,1208,11818,0[CR],441367156
Z,0,0,11818,36[CR],441367750
Z,0,0,11825,86[CR],441367859
F,20584,12738,11839,86[CR],441368203
C,15319,1280,11870,79[CR],441368640
F,19854,15975,11902,94[CR],441368984
C,23520,1214,11934,79[CR],441369453
F,20556,15998,11963,64[CR],441369796
A,36308,20814,11983,9[CR],441370265
Z,0,0,11983,1[CR],441370828
Z,0,0,11983,0[CR],441371296
Z,0,0,11983,0[CR],441371765
F,20998,17284,11983,0[CR],441372234
Z,0,0,11983,0[CR],441372796
Z,0,0,11983,0[CR],441373265
Z,0,0,11983,0[CR],441373734
Z,0,0,11995,33[CR],441374078
F,20916,16780,12007,35[CR],441374531
C,23644,1184,12021,36[CR],441374890
F,20808,16764,12036,36[CR],441375312
C,23302,1172,12051,36[CR],441375671
F,21088,16902,12067,47[CR],441376015
A,36236,21164,12083,39[CR],441376484
F,21114,16948,12098,36[CR],441376828
C,23358,1188,12112,36[CR],441377265
F,21092,17134,12127,34[CR],441377625
C,23808,1208,12144,47[CR],441378062
F,20902,17152,12160,41[CR],441378421
C,24444,1208,12176,41[CR],441378765
F,20854,17424,12193,47[CR],441379234
C,23980,1204,12210,44[CR],441379578
F,19628,17642,12229,44[CR],441379921
C,22538,1266,12249,51[CR],441380359
F,20376,17628,12267,49[CR],441380703
C,19850,1222,12283,36[CR],441381156
F,21238,19360,12293,24[CR],441381500
C,19368,1202,12298,9[CR],441381968
F,22232,20160,12301,5[CR],441382312
A,36240,23188,12303,4[CR],441382656
F,23448,19958,12303,2[CR],441383125
C,20400,1210,12304,1[CR],441383484
F,23614,19964,12304,1[CR],441383953
Z,0,0,12304,0[CR],441384531
Z,0,0,12304,0[CR],441384968
Z,0,0,12304,0[CR],441385546
Z,0,0,12304,0[CR],441385875
E,105680,79072,12305,0[CR],441386343
Z,0,0,12305,0[CR],441386906
Z,0,0,12305,0[CR],441387359
F,21448,17620,12305,0[CR],441387937
Z,0,0,12305,0[CR],441388156
F,23124,12732,12305,0[CR],441388703
Z,0,0,12305,86[CR],441389171
Z,0,0,12320,147[CR],441389406
C,10354,1216,12344,129[CR],441389750
F,21252,18008,12387,103[CR],441390078
C,23062,1172,12424,86[CR],441390531
F,16514,15965,12460,94[CR],441390890
C,24292,1240,12494,73[CR],441391312
F,17848,16215,12527,79[CR],441391671
C,23416,1252,12560,94[CR],441392015
F,19044,17070,12584,8[CR],441392593
Z,0,0,12584,1[CR],441393062
Z,0,0,12584,0[CR],441393515
Z,0,0,12584,0[CR],441394078
Z,0,0,12584,0[CR],441394515
Z,0,0,12584,0[CR],441395109
Z,0,0,12584,0[CR],441395546
Z,0,0,12589,38[CR],441396015
F,21322,18040,12605,34[CR],441396359
C,22828,1214,12619,33[CR],441396703
F,20796,17434,12634,36[CR],441397171
C,23008,1212,12648,39[CR],441397515
F,20326,17176,12663,44[CR],441397968
C,22740,1258,12680,43[CR],441398328
F,21174,16608,12697,51[CR],441398671
C,22096,1168,12717,47[CR],441399140
F,22138,16754,12737,54[CR],441399484
C,21558,1212,12757,47[CR],441399828
F,22644,16624,12777,51[CR],441400296
C,20704,1172,12796,41[CR],441400640
F,23008,16948,12814,49[CR],441401093
A,36204,23760,12832,44[CR],441401453
F,24050,17036,12850,49[CR],441401796
C,19288,1250,12869,44[CR],441402265
F,24840,17352,12889,57[CR],441402609
C,17544,1194,12910,57[CR],441403046
F,26488,18850,12933,57[CR],441403375
C,16165,1208,12957,54[CR],441403734
F,28464,19920,12980,54[CR],441404203
C,16195,1244,13003,60[CR],441404546
F,30480,17712,13023,54[CR],441405000
C,16880,1228,13043,44[CR],441405343
F,30152,16506,13061,38[CR],441405796
C,17464,1252,13076,38[CR],441406140
F,28928,15337,13088,29[CR],441406484
C,17770,1210,13097,17[CR],441406953
F,30092,14763,13103,15[CR],441407296
A,36252,30988,13108,11[CR],441407640
F,31288,14477,13112,8[CR],441408109
C,18388,1266,13116,10[CR],441408453
F,32024,14431,13119,8[CR],441409046
Z,0,0,13120,2[CR],441409500
Z,0,0,13120,1[CR],441409953
Z,0,0,13120,0[CR],441410515
Z,0,0,13120,0[CR],441410984
Z,0,0,13120,0[CR],441411421
Z,0,0,13120,0[CR],441411984
Z,0,0,13120,0[CR],441412468
Z,0,0,13120,60[CR],441412812
C,17468,1298,13130,39[CR],441413140
F,28308,15586,13147,41[CR],441413609
A,36256,24484,13165,49[CR],441413953
F,25056,15335,13184,49[CR],441414312
C,19380,1176,13204,57[CR],441414765
F,26668,15190,13226,68[CR],441415109
C,17844,1276,13251,60[CR],441415546
F,28632,16264,13277,73[CR],441415890
C,17522,1224,13302,79[CR],441416250
F,25304,16802,13329,73[CR],441416703
C,16676,1238,13353,64[CR],441417046
F,28440,15700,13374,49[CR],441417515
C,17428,1272,13392,44[CR],441417859
F,28624,15865,13407,39[CR],441418203
C,18494,1190,13422,38[CR],441418640
F,28924,14914,13437,35[CR],441418984
C,18336,1264,13451,33[CR],441419453
F,30732,14588,13465,30[CR],441419812
A,36312,31948,13480,43[CR],441420140
F,32444,14401,13495,38[CR],441420593
C,17312,1264,13509,36[CR],441420937
F,34476,14903,13524,36[CR],441421406
C,17134,1296,13537,35[CR],441421750
F,30928,16156,13551,34[CR],441422203
C,17294,1242,13565,33[CR],441422562
F,29196,16396,13579,33[CR],441422906
C,17552,1282,13593,38[CR],441423375
F,30372,15769,13607,36[CR],441423718
C,17738,1332,13621,36[CR],441424062
F,31372,15853,13634,35[CR],441424515
C,17724,1292,13646,31[CR],441424843
F,28860,16018,13660,35[CR],441425296
C,17776,1336,13673,33[CR],441425640
F,27452,16287,13685,27[CR],441426109
A,36308,26732,13693,22[CR],441426453
F,26764,15921,13701,15[CR],441426921
Z,0,0,13701,2[CR],441427484
Z,0,0,13701,1[CR],441427953
Z,0,0,13701,0[CR],441428406
Z,0,0,13701,0[CR],441428968
Z,0,0,13701,0[CR],441429437
Z,0,0,13701,0[CR],441429906
Z,0,0,13701,0[CR],441430484
Z,0,0,13701,33[CR],441430953
Z,0,0,13708,19[CR],441431187
F,32896,13937,13713,22[CR],441431531
C,18946,1264,13722,23[CR],441431859
F,27784,15266,13731,20[CR],441432312
A,36292,27240,13739,18[CR],441432671
F,26876,15425,13746,19[CR],441433125
C,20186,1286,13752,13[CR],441433468
F,25960,15296,13755,5[CR],441433937
C,20464,1256,13757,5[CR],441434281
F,27144,15164,13758,3[CR],441434734
Z,0,0,13758,1[CR],441435296
Z,0,0,13758,0[CR],441435765
Z,0,0,13758,0[CR],441436218
Z,0,0,13758,73[CR],441436562
F,27976,12740,13783,103[CR],441437015
C,13737,1326,13797,3[CR],441437468
Z,0,0,13797,1[CR],441437953
Z,0,0,13797,0[CR],441438500
Z,0,0,13797,0[CR],441438953
Z,0,0,13797,0[CR],441439515
Z,0,0,13797,0[CR],441439984
Z,0,0,13797,0[CR],441440437
Z,0,0,13797,0[CR],441441015
Z,0,0,13797,0[CR],441441468
Z,0,0,13797,0[CR],441442031
Z,0,0,13797,0[CR],441442500
Z,0,0,13797,0[CR],441442953
Z,0,0,13797,0[CR],441443453
Z,0,0,13797,0[CR],441444015
Z,0,0,13797,0[CR],441444484
Z,0,0,13797,0[CR],441444953
Z,0,0,13797,0[CR],441445421
Z,0,0,13797,0[CR],441445984
Z,0,0,13797,0[CR],441446453
Z,0,0,13797,0[CR],441446921
Z,0,0,13797,0[CR],441447468
Z,0,0,13797,0[CR],441447937
Z,0,0,13797,0[CR],441448531
Z,0,0,13797,0[CR],441449015
Z,0,0,13797,0[CR],441449484
Z,0,0,13797,0[CR],441449953
Z,0,0,13797,0[CR],441450421
Z,0,0,13797,0[CR],441450984
Z,0,0,13797,0[CR],441451437
Z,0,0,13797,0[CR],441452000
Z,0,0,13797,0[CR],441452468
Z,0,0,13797,0[CR],441452937
Z,0,0,13797,0[CR],441453484
Z,0,0,13797,0[CR],441453953
Z,0,0,13797,0[CR],441454406
Z,0,0,13797,0[CR],441454984
Z,0,0,13797,0[CR],441455453
Z,0,0,13797,0[CR],441455921
Z,0,0,13797,0[CR],441456484
Z,0,0,13797,0[CR],441456953
Z,0,0,13797,0[CR],441457406
Z,0,0,13797,0[CR],441457968
Z,0,0,13797,0[CR],441458437
Z,0,0,13797,0[CR],441458906
Z,0,0,13797,0[CR],441459484
Z,0,0,13797,0[CR],441459937
Z,0,0,13797,0[CR],441460406
Z,0,0,13797,0[CR],441460968
Z,0,0,13797,0[CR],441461437
Z,0,0,13797,0[CR],441461906
Z,0,0,13797,114[CR],441462468
Z,0,0,13797,15[CR],441462937
Z,0,0,13799,4[CR],441463515
Z,0,0,13799,1[CR],441463984
Z,0,0,13799,0[CR],441464453
Z,0,0,13799,0[CR],441464906
Z,0,0,13799,0[CR],441465500
Z,0,0,13799,0[CR],441465953
Z,0,0,13799,0[CR],441466406
Z,0,0,13799,0[CR],441467000
Z,0,0,13799,0[CR],441467453
Z,0,0,13799,0[CR],441467906
Z,0,0,13799,0[CR],441468500
Z,0,0,13799,0[CR],441468953
Z,0,0,13799,0[CR],441469515
Z,0,0,13799,0[CR],441469984
Z,0,0,13799,0[CR],441470421
Z,0,0,13799,0[CR],441471000
Z,0,0,13799,0[CR],441471468
Z,0,0,13799,0[CR],441471921
Z,0,0,13799,0[CR],441472484
Z,0,0,13799,0[CR],441472921
Z,0,0,13799,0[CR],441473484
Z,0,0,13800,0[CR],441473953
Z,0,0,13816,41[CR],441474421
Z,0,0,13825,9[CR],441474531
C,18328,1322,13825,9[CR],441474890
F,19804,16776,13830,11[CR],441475234
C,21316,1304,13833,10[CR],441475687
F,21376,16638,13837,9[CR],441476046
A,36276,22270,13841,10[CR],441476500
F,22548,16736,13844,6[CR],441476843
C,21860,1264,13846,4[CR],441477203
F,23408,16894,13848,4[CR],441477656
C,22018,1256,13849,3[CR],441478000
F,23776,17076,13850,3[CR],441478343
C,22364,1256,13852,3[CR],441478781
F,23764,17208,13853,2[CR],441479250
C,22454,1304,13854,2[CR],441479718
Z,0,0,13854,1[CR],441480187
Z,0,0,13854,0[CR],441480750
Z,0,0,13854,0[CR],441481218
Z,0,0,13854,0[CR],441481671
Z,0,0,13854,0[CR],441482140
Z,0,0,13854,0[CR],441482734
Z,0,0,13854,0[CR],441483187
Z,0,0,13854,0[CR],441483640
Z,0,0,13854,57[CR],441484234
Z,0,0,13854,19[CR],441484703
Z,0,0,13854,2[CR],441485171
Z,0,0,13854,1[CR],441485718
Z,0,0,13854,0[CR],441486187
Z,0,0,13854,0[CR],441486656
Z,0,0,13854,0[CR],441487218
Z,0,0,13854,0[CR],441487671
Z,0,0,13854,0[CR],441488140
Z,0,0,13854,0[CR],441488703
Z,0,0,13854,0[CR],441489156
Z,0,0,13856,30[CR],441489625
Z,0,0,13858,4[CR],441490187
Z,0,0,13861,6[CR],441490640
Z,0,0,13863,4[CR],441491218
Z,0,0,13864,1[CR],441491671
Z,0,0,13864,0[CR],441492140
Z,0,0,13864,0[CR],441492734
Z,0,0,13864,0[CR],441493203
Z,0,0,13864,0[CR],441493656
Z,0,0,13864,0[CR],441494109
Z,0,0,13864,0[CR],441494671
Z,0,0,13864,0[CR],441495125
Z,0,0,13864,0[CR],441495687
Z,0,0,13864,0[CR],441496140
Z,0,0,13864,0[CR],441496609
Z,0,0,13864,0[CR],441497203
Z,0,0,13864,0[CR],441497656
Z,0,0,13864,0[CR],441498109
Z,0,0,13864,0[CR],441498687
Z,0,0,13864,0[CR],441499140
Z,0,0,13864,0[CR],441499609
Z,0,0,13864,0[CR],441500203
Z,0,0,13864,0[CR],441500656
Z,0,0,13864,0[CR],441501109
Z,0,0,13864,0[CR],441501703
Z,0,0,13864,0[CR],441502171
Z,0,0,13864,0[CR],441502609
Z,0,0,13864,0[CR],441503187
Z,0,0,13864,0[CR],441503656
Z,0,0,13864,0[CR],441504125
Z,0,0,13864,0[CR],441504593
Z,0,0,13864,0[CR],441505187
Z,0,0,13864,0[CR],441505625
Z,0,0,13864,0[CR],441506078
Z,0,0,13864,0[CR],441506656
Z,0,0,13864,0[CR],441507109
Z,0,0,13864,0[CR],441507671
Z,0,0,13864,0[CR],441508125
Z,0,0,13864,0[CR],441508578
Z,0,0,13864,0[CR],441509156
Z,0,0,13864,0[CR],441509609
Z,0,0,13864,0[CR],441510078
Z,0,0,13864,0[CR],441510656
Z,0,0,13864,0[CR],441511125
Z,0,0,13864,0[CR],441511234
U,173472,19156,13864,0[CR],441511703
Z,0,0,13864,0[CR],441512265
Z,0,0,13864,0[CR],441512734
Z,0,0,13864,0[CR],441513203
Z,0,0,13864,0[CR],441513750
Z,0,0,13864,0[CR],441514218
Z,0,0,13864,0[CR],441514687
Z,0,0,13864,0[CR],441515234
Z,0,0,13864,0[CR],441515718
Z,0,0,13864,0[CR],441516187
Z,0,0,13866,79[CR],441516625
C,18366,1336,13870,3[CR],441517093
F,19884,17804,13870,1[CR],441517546
Z,0,0,13870,0[CR],441518125
Z,0,0,13874,3[CR],441518562
Z,0,0,13874,1[CR],441519031
Z,0,0,13874,0[CR],441519609
Z,0,0,13874,0[CR],441520046
Z,0,0,13874,22[CR],441520515
Z,0,0,13875,44[CR],441520625
C,16318,1300,13876,38[CR],441520968
F,22792,17270,13878,5[CR],441521546
Z,0,0,13879,1[CR],441522000
Z,0,0,13889,18[CR],441522109
C,23486,1300,13892,15[CR],441522578
F,19072,17956,13897,10[CR],441522921
C,25312,1264,13900,8[CR],441523390
F,18604,18122,13902,5[CR],441523750
C,25448,1238,13905,6[CR],441524078
F,18684,18128,13905,2[CR],441524640
Z,0,0,13905,1[CR],441525093
Z,0,0,13905,0[CR],441525562
Z,0,0,13905,0[CR],441526140
Z,0,0,13905,129[CR],441526500
F,22070,13960,13913,10[CR],441526843
C,23316,1358,13921,17[CR],441527187
F,16824,18852,13926,12[CR],441527656
C,26436,1256,13930,8[CR],441528015
F,14658,18842,13933,7[CR],441528375
C,26192,1286,13937,9[CR],441528859
F,14447,18714,13939,5[CR],441529203
C,26288,1294,13941,6[CR],441529562
F,14830,18576,13942,2[CR],441530031
Z,0,0,13942,1[CR],441530625
Z,0,0,13942,0[CR],441531015
Z,0,0,13942,0[CR],441531625
Z,0,0,13942,0[CR],441532062
Z,0,0,13942,0[CR],441532531
Z,0,0,13942,0[CR],441533093
Z,0,0,13942,0[CR],441533546
Z,0,0,13942,0[CR],441534109
Z,0,0,13942,0[CR],441534562
Z,0,0,13942,0[CR],441535031
Z,0,0,13942,0[CR],441535609
Z,0,0,13942,0[CR],441536062
Z,0,0,13942,0[CR],441536062
S,55640,13030,13942,0[CR],441536625
Z,0,0,13942,0[CR],441537093
Z,0,0,13942,0[CR],441537546
Z,0,0,13942,0[CR],441538109
Z,0,0,13942,0[CR],441538562
Z,0,0,13942,0[CR],441539140
Z,0,0,13942,0[CR],441539593
Z,0,0,13942,0[CR],441540171
Z,0,0,13942,0[CR],441540640
Z,0,0,13942,0[CR],441541078
Z,0,0,13942,0[CR],441541640
Z,0,0,13942,0[CR],441542078
Z,0,0,13942,0[CR],441542546
Z,0,0,13942,0[CR],441543125
Z,0,0,13942,0[CR],441543593
Z,0,0,13942,0[CR],441544062
Z,0,0,13942,0[CR],441544656
Z,0,0,13942,0[CR],441545125
Z,0,0,13942,0[CR],441545562
Z,0,0,13942,0[CR],441546125
Z,0,0,13942,0[CR],441546593
Z,0,0,13942,0[CR],441547031
Z,0,0,13942,0[CR],441547609
Z,0,0,13942,0[CR],441548078
Z,0,0,13942,0[CR],441548546
Z,0,0,13942,0[CR],441549140
Z,0,0,13942,0[CR],441549609
Z,0,0,13942,0[CR],441550078
Z,0,0,13942,0[CR],441550546
Z,0,0,13942,0[CR],441551015
Z,0,0,13942,0[CR],441551609
Z,0,0,13942,0[CR],441552062
Z,0,0,13942,0[CR],441552625
Z,0,0,13942,0[CR],441553093
Z,0,0,13942,0[CR],441553531
Z,0,0,13942,0[CR],441554125
Z,0,0,13942,0[CR],441554562
Z,0,0,13942,0[CR],441555046
Z,0,0,13942,0[CR],441555515
Z,0,0,13942,0[CR],441556078
Z,0,0,13942,0[CR],441556515
Z,0,0,13942,0[CR],441557093
Z,0,0,13942,0[CR],441557546
Z,0,0,13942,0[CR],441558015
Z,0,0,13942,0[CR],441558562
Z,0,0,13942,0[CR],441559031
Z,0,0,13942,0[CR],441559593
Z,0,0,13942,0[CR],441560062
Z,0,0,13942,0[CR],441560515
Z,0,0,13942,0[CR],441561093
Z,0,0,13942,0[CR],441561546
Z,0,0,13942,0[CR],441562000
Z,0,0,13942,0[CR],441562562
Z,0,0,13942,0[CR],441563031
Z,0,0,13942,0
<PAUSE BUTTON 09:49:17>
[CR],441563250
>
Reset interface. Wait time for interface: 203
>
Reset interface. Wait time for interface: 250DOFF
OK
>
Command: DOFF Wait time for interface: 47

>
Reset interface. Wait time for interface: 16CLEAR
OK
>
Command: CLEAR Wait time for interface: 109

<END BUTTON 09:56:56>

------------------- Begin end zero test --------------------
>
Reset interface. Wait time for interface: 47SCANG
Z,0,0,0,0
A,36904,12102,0,0[CR],442026453
F,12113,12788,0,0[CR],442026781
C,12052,5372,0,0[CR],442027218
F,12133,12781,0,0[CR],442027656
C,12051,5384,0,0[CR],442027984
F,12114,12784,0,0[CR],442028437
C,12052,5362,0,0[CR],442028765
F,12127,12782,0,0[CR],442029125
C,12052,5390,0,0[CR],442029578
F,12131,12783,0,0[CR],442029937
C,12051,5458,0,0[CR],442030390
F,12112,12784,0,0[CR],442030734
C,12052,5384,0,0[CR],442031171
F,12133,12783,0,0[CR],442031500
C,12052,5272,0,0[CR],442031734
>[CR],442031734
>
Reset interface. Wait time for interface: 63

======== END OF TEST ========


