CPT-log version: 5.22
======== BEGIN OF TEST ========
DATE 18.10.2022

<Transmited Data>
<NEW BUTTON 08:42:51>
[^C][CR]
>[CR]
VER[CR][LF]
[^C][CR]
[^C][CR]
CLEAR[CR]
[^C][CR]
DOFF[CR]
[^C][CR]
SCAN E[CR]
[^C][CR]
[^C][CR]
CLEAR[CR]

<START BUTTON 08:48:15>
[^C][CR]
[^C][CR]
DRON[CR]
SCAN E[CR]
[^G][^G][^G][^G][^G][^G][^G][^G][^G][^G][^G][^G]
<PAUSE BUTTON 08:55:35>
[^C][CR]
[^C][CR]
DOFF[CR]
[^C][CR]
CLEAR[CR]

<END BUTTON 09:00:39>
[^C][CR]
SCAN E[CR]
[^C][CR]


<Received Data>
<NEW BUTTON 08:42:51>

>
Reset interface. Wait time for interface: 109>
>
Command: > Wait time for interface: 93
VER
M240,2364,0,0
>
>
Reset interface. Wait time for interface: 109
>
Reset interface. Wait time for interface: 125CLEAR
OK
>
Command: CLEAR Wait time for interface: 110

>
Reset interface. Wait time for interface: 109DOFF
OK
>
Command: DOFF Wait time for interface: 125

>
Reset interface. Wait time for interface: 62SCAN E
Z,0,0,0,0,71,2682
C,12189,9706,0,0,38,2454[CR],1042480796
F,12174,12703,0,0,55,2454[CR],1042481156
C,12188,9258,0,0,17,2453[CR],1042481625
F,12169,12704,0,0,202,2454[CR],1042481953
C,12188,9638,0,0,126,2453[CR],1042482390
F,12171,12705,0,0,179,2454[CR],1042482734
A,33424,12172,0,0,167,2455[CR],1042483171
F,12154,12706,0,0,68,2454[CR],1042483515
C,12190,9290,0,0,165,2454[CR],1042483968
F,12168,12706,0,0,147,2454[CR],1042484312
C,12189,9015,0,0,165,2454[CR],1042484750
F,12174,12706,0,0,171,2454[CR],1042485078
C,12189,9282,0,0,163,2454[CR],1042485531
F,12174,12707,0,0,152,2454[CR],1042485859
C,12190,9314,0,0,177,2454[CR],1042486296
F,12171,12708,0,0,156,2454[CR],1042486640
C,12189,9341,0,0,216,2453[CR],1042487000
F,12172,12705,0,0,190,2454[CR],1042487437
C,12189,9248,0,0,194,2454[CR],1042487781
F,12174,12706,0,0,183,2454[CR],1042488218
C,12190,9310,0,0,219,2454[CR],1042488562
F,12170,12706,0,0,180,2453[CR],1042489015
A,33408,12172,0,0,124,2454[CR],1042489375
F,12155,12707,0,0,1,2454[CR],1042489812
C,12189,9229,0,0,7,2454[CR],1042490156
F,12175,12707,0,0,155,2454[CR],1042490515
>
Reset interface. Wait time for interface: 78
>
Reset interface. Wait time for interface: 31CLEAR
OK
>
Command: CLEAR Wait time for interface: 109

<START BUTTON 08:48:15>

>
Reset interface. Wait time for interface: 93
>
Reset interface. Wait time for interface: 125DRON
OK
>
Command: DRON Wait time for interface: 110
SCAN E
Z,0,0,0,0,512,4679
C,31332,236,0,0,515,4445[CR],1042702703
F,15057,16604,0,0,512,4444[CR],1042703031
C,31272,240,0,0,516,4444[CR],1042703406
F,15068,16628,0,0,513,4443[CR],1042703906
C,31280,230,0,0,511,4443[CR],1042704250
F,15086,16618,0,0,515,4443[CR],1042704609
C,31252,232,0,0,510,4442[CR],1042705078
F,15068,16620,0,0,511,4441[CR],1042705421
C,31172,236,0,0,512,4440[CR],1042705781
F,15065,16590,0,0,510,4440[CR],1042706234
C,31180,236,0,0,512,4439[CR],1042706578
F,15061,16596,0,0,512,4440[CR],1042706937
C,31164,232,0,0,509,4440[CR],1042707390
F,15059,16568,0,0,511,4439[CR],1042707750
A,34328,15052,0,0,510,4439[CR],1042708093
F,15041,16552,0,0,508,4439[CR],1042708546
C,31088,234,0,0,509,4438[CR],1042708906
F,15054,16524,0,0,508,4437[CR],1042709265
C,31064,236,0,0,508,4437[CR],1042709750
F,15055,16458,0,0,509,4438[CR],1042710093
C,31048,240,0,0,507,4437[CR],1042710437
F,15053,16496,0,0,509,4437[CR],1042710921
C,31020,238,0,0,508,4436[CR],1042711250
F,15053,16502,0,0,507,4436[CR],1042711703
C,30984,242,0,0,509,4436[CR],1042712062
F,15056,16496,0,0,510,4436[CR],1042712421
C,30972,240,0,0,507,4436[CR],1042712796
F,15054,16494,0,0,509,4435[CR],1042713250
C,31000,236,0,0,508,4435[CR],1042713609
F,15061,16482,0,0,507,4436[CR],1042713953
A,34348,15061,0,0,510,4436[CR],1042714421
F,15046,16490,0,0,508,4435[CR],1042714765
C,30988,244,0,0,506,4436[CR],1042715218
F,15064,16482,0,0,508,4436[CR],1042715578
C,30948,236,0,0,507,4435[CR],1042715906
F,15061,16490,0,0,507,4433[CR],1042716390
C,30892,234,0,0,507,4433[CR],1042716734
F,15075,16494,0,0,505,4433[CR],1042717187
C,30900,240,0,0,507,4432[CR],1042717531
F,15067,16482,0,0,505,4431[CR],1042717890
C,30948,226,0,0,506,4431[CR],1042718343
F,15069,16476,0,0,510,4431[CR],1042718718
C,30948,230,0,0,507,4431[CR],1042719046
F,15070,16474,18,73,598,4530[CR],1042719421
C,31028,232,46,68,586,4609[CR],1042719906
F,14948,16768,75,68,601,4603[CR],1042720265
A,34372,14938,103,79,600,4604[CR],1042720609
F,14956,17262,132,73,598,4632[CR],1042721046
C,33484,226,160,73,601,4585[CR],1042721390
F,15028,17330,189,68,600,4605[CR],1042721859
C,32548,226,217,73,603,4627[CR],1042722203
F,15182,16410,245,79,601,4693[CR],1042722531
C,33808,212,273,68,593,4843[CR],1042723000
F,15135,15950,302,68,594,4838[CR],1042723343
C,35972,242,329,57,594,4828[CR],1042723781
F,15079,16132,355,73,595,4866[CR],1042724125
C,34568,226,381,68,587,4945[CR],1042724578
F,15303,16800,406,73,576,5032[CR],1042724921
C,33692,232,432,73,571,5112[CR],1042725281
F,15288,16856,457,68,594,5181[CR],1042725750
C,33340,250,482,68,592,5287[CR],1042726093
F,15305,16708,505,51,587,5362[CR],1042726562
A,34388,15282,528,54,579,5460[CR],1042726906
F,15244,16694,552,57,590,5477[CR],1042727234
C,33236,272,575,60,591,5488[CR],1042727703
F,15337,18064,599,64,591,5448[CR],1042728046
C,31616,228,622,64,588,5397[CR],1042728515
F,15332,18598,645,57,589,5380[CR],1042728859
C,28408,254,668,54,587,5308[CR],1042729203
F,15399,17938,690,57,584,5224[CR],1042729640
C,23834,234,711,57,581,5118[CR],1042729984
F,15501,16388,732,47,589,5027[CR],1042730453
C,18640,242,754,54,593,5014[CR],1042730796
F,15604,17332,775,57,592,5054[CR],1042731156
C,16400,238,795,47,591,5096[CR],1042731609
F,15703,21436,817,51,589,5136[CR],1042731937
C,15301,236,838,57,588,5176[CR],1042732406
F,16884,21726,859,47,587,5166[CR],1042732750
A,34396,17532,880,51,588,5162[CR],1042733187
F,17574,19872,901,57,588,5224[CR],1042733484
C,15598,228,921,49,587,5338[CR],1042733890
F,17784,18746,943,54,584,5396[CR],1042734359
C,16628,246,963,60,582,5436[CR],1042734718
F,17450,16604,985,51,583,5428[CR],1042735062
C,16285,238,1006,54,582,5411[CR],1042735500
F,17808,14887,1027,54,583,5403[CR],1042735859
C,15360,238,1047,51,582,5434[CR],1042736312
F,18480,15159,1068,54,581,5485[CR],1042736640
C,16011,238,1088,60,582,5490[CR],1042737093
F,18304,15686,1109,51,582,5456[CR],1042737437
C,16003,238,1130,54,583,5420[CR],1042737781
F,18422,15043,1151,60,581,5400[CR],1042738250
C,15301,238,1171,49,579,5402[CR],1042738593
F,18938,14996,1192,54,579,5449[CR],1042738953
A,34452,19146,1212,47,580,5483[CR],1042739406
F,18908,15883,1232,54,580,5524[CR],1042739734
C,15659,248,1252,57,582,5531[CR],1042740203
F,18562,15961,1272,49,582,5528[CR],1042740546
C,15489,288,1293,54,582,5521[CR],1042741015
F,17924,16736,1312,44,581,5521[CR],1042741359
C,16124,284,1332,54,580,5489[CR],1042741687
F,17354,17700,1353,57,579,5398[CR],1042742156
C,16784,288,1374,49,577,5288[CR],1042742500
F,16736,16420,1395,54,575,5138[CR],1042742953
C,16078,284,1415,47,572,5023[CR],1042743281
F,16896,15569,1435,49,572,5018[CR],1042743750
C,16325,296,1454,57,572,5037[CR],1042744093
F,16784,16171,1474,49,574,5037[CR],1042744421
C,17330,280,1495,57,574,4961[CR],1042744890
F,16400,15664,1515,44,572,4903[CR],1042745234
A,34468,16498,1536,49,573,4867[CR],1042745593
F,16594,14580,1555,57,575,4882[CR],1042746031
C,15266,278,1575,49,575,4838[CR],1042746359
F,17076,14485,1596,51,575,4756[CR],1042746828
C,14812,294,1616,43,575,4697[CR],1042747187
F,17466,14967,1636,54,575,4699[CR],1042747531
C,14515,286,1656,54,573,4682[CR],1042748000
F,17808,15819,1676,49,574,4706[CR],1042748328
C,14667,284,1696,51,575,4709[CR],1042748781
F,18000,16267,1709,6,451,4695[CR],1042749109
C,15139,282,1709,1,433,4648[CR],1042749562
F,18114,15693,1709,1,430,4640[CR],1042749921
C,14502,294,1709,0,564,4581[CR],1042750359
F,18558,15249,1709,0,436,4528[CR],1042750718
C,14833,280,1709,0,445,4462[CR],1042751078
F,18948,15111,1709,0,456,3895[CR],1042751531
A,34512,19258,1709,0,564,1745[CR],1042751875
F,19348,12899,1709,0,435,1345[CR],1042752312
C,11928,284,1709,0,431,1458[CR],1042752671
F,16892,12764,1709,0,412,1503[CR],1042753031
C,12162,286,1709,0,403,1575[CR],1042753484
F,17138,12773,1709,0,403,1615[CR],1042753953
Z,0,0,1709,0,4,1975[CR],1042754281
F,17388,12815,1709,0,124,2472[CR],1042754625
C,12280,290,1709,0,179,2473[CR],1042754968
F,17646,12835,1709,0,0,2469[CR],1042755531
Z,0,0,1709,0,0,2469[CR],1042755984
Z,0,0,1709,0,0,2471[CR],1042756546
Z,0,0,1709,0,0,2471[CR],1042757000
Z,0,0,1709,0,0,2471[CR],1042757562
Z,0,0,1709,0,0,2469[CR],1042758000
Z,0,0,1709,0,0,2469[CR],1042758453
Z,0,0,1709,0,0,2470[CR],1042759015
Z,0,0,1709,0,0,2468[CR],1042759500
Z,0,0,1709,0,2,2469[CR],1042759953
Z,0,0,1709,0,0,2469[CR],1042760515
Z,0,0,1709,0,0,2469[CR],1042760953
Z,0,0,1709,0,0,2470[CR],1042761546
Z,0,0,1709,0,0,2469[CR],1042762015
Z,0,0,1709,0,43,2469[CR],1042762453
Z,0,0,1709,0,0,2471[CR],1042763015
Z,0,0,1709,0,1,2469[CR],1042763484
Z,0,0,1709,0,0,2469[CR],1042763953
Z,0,0,1709,0,0,2469[CR],1042764531
Z,0,0,1709,0,59,2470[CR],1042765000
Z,0,0,1709,0,0,2469[CR],1042765453
Z,0,0,1709,0,0,2469[CR],1042766015
Z,0,0,1709,0,0,2469[CR],1042766484
Z,0,0,1709,0,0,2469[CR],1042767031
Z,0,0,1709,0,0,2450[CR],1042767500
Z,0,0,1709,0,0,2455[CR],1042767968
Z,0,0,1709,0,0,2454[CR],1042768531
Z,0,0,1709,0,0,2454[CR],1042768984
Z,0,0,1709,0,0,2454[CR],1042769562
Z,0,0,1709,0,0,2456[CR],1042770031
Z,0,0,1709,0,0,2460[CR],1042770484
Z,0,0,1709,0,7,2464[CR],1042771062
Z,0,0,1709,0,0,2465[CR],1042771515
Z,0,0,1709,0,0,2466[CR],1042771953
Z,0,0,1709,0,0,2467[CR],1042772500
Z,0,0,1709,0,0,2468[CR],1042773062
Z,0,0,1709,0,0,2467[CR],1042773531
Z,0,0,1709,0,0,2469[CR],1042773984
Z,0,0,1709,0,0,2469[CR],1042774546
Z,0,0,1709,0,197,2470[CR],1042774984
Z,0,0,1709,0,0,2495[CR],1042775578
Z,0,0,1709,27,0,2479[CR],1042776015
Z,0,0,1709,64,0,2479[CR],1042776484
Z,0,0,1709,60,0,2476[CR],1042776953
Z,0,0,1709,11,397,2705[CR],1042777296
C,12174,294,1709,5,384,4924[CR],1042777625
F,20664,12920,1709,1,381,5450[CR],1042778078
C,12274,298,1709,1,381,5439[CR],1042778421
F,20652,12938,1709,0,382,5432[CR],1042778890
C,12248,290,1709,0,351,5432[CR],1042779234
F,20660,12888,1709,0,338,5440[CR],1042779593
C,12237,294,1709,0,344,5436[CR],1042780046
F,20658,12855,1709,21,478,5197[CR],1042780375
C,12230,296,1709,2,446,3771[CR],1042780734
F,21128,13370,1709,1,443,3732[CR],1042781171
C,12424,290,1709,0,441,3719[CR],1042781625
F,21048,13345,1709,0,439,3710[CR],1042781968
C,12397,308,1709,0,439,3703[CR],1042782312
F,21128,13312,1709,0,439,3700[CR],1042782765
A,34600,21174,1709,0,437,3695[CR],1042783109
F,21180,13281,1709,0,439,3692[CR],1042783578
C,12366,290,1709,0,438,3689[CR],1042783937
F,21256,13250,1709,0,435,3685[CR],1042784265
C,12355,282,1709,43,552,3823[CR],1042784703
F,21288,13809,1718,49,569,4186[CR],1042785046
C,13533,294,1737,49,568,4315[CR],1042785515
F,24234,14926,1757,49,570,4347[CR],1042785859
C,16003,346,1777,57,570,4334[CR],1042786328
F,19078,16085,1796,47,569,4340[CR],1042786671
C,16140,346,1816,54,567,4368[CR],1042787000
F,17726,16304,1836,49,567,4389[CR],1042787453
C,16878,366,1856,51,568,4382[CR],1042787781
F,17346,15952,1875,43,565,4404[CR],1042788250
C,17256,352,1895,49,561,4444[CR],1042788593
F,17378,15420,1914,54,567,4479[CR],1042788953
A,34592,17564,1934,49,567,4481[CR],1042789406
F,17560,15492,1954,54,568,4449[CR],1042789734
C,18162,356,1974,47,569,4438[CR],1042790187
F,17610,15754,1994,51,570,4464[CR],1042790546
C,17676,356,2013,44,569,4511[CR],1042790890
F,17800,16380,2033,51,569,4545[CR],1042791343
C,17772,360,2053,57,570,4553[CR],1042791703
F,17870,16514,2073,49,570,4549[CR],1042792156
C,17564,360,2093,54,572,4529[CR],1042792484
F,18184,16283,2113,49,575,4495[CR],1042792953
C,16610,358,2134,54,576,4491[CR],1042793265
F,18454,16844,2153,44,576,4509[CR],1042793718
C,15658,358,2173,51,577,4555[CR],1042794046
F,18730,18422,2193,54,576,4576[CR],1042794500
C,15393,350,2213,49,575,4549[CR],1042794843
F,18744,18764,2233,54,575,4535[CR],1042795312
A,34632,18422,2253,49,574,4519[CR],1042795656
F,18366,17138,2274,51,574,4488[CR],1042796015
C,15910,356,2294,57,573,4462[CR],1042796359
F,18478,15796,2314,49,576,4416[CR],1042796812
C,15682,344,2334,51,579,4335[CR],1042797156
F,18768,14574,2354,43,578,4263[CR],1042797609
C,14758,346,2375,51,577,4293[CR],1042797953
F,19392,14942,2394,57,576,4327[CR],1042798421
C,14858,356,2414,49,574,4363[CR],1042798765
F,19806,16062,2434,54,570,4417[CR],1042799203
C,15729,360,2453,49,570,4459[CR],1042799562
F,19560,16452,2473,51,569,4491[CR],1042799906
C,16528,374,2493,44,570,4508[CR],1042800375
F,18600,16061,2513,51,569,4517[CR],1042800718
C,16516,410,2533,54,569,4545[CR],1042801062
F,18584,15088,2553,49,569,4564[CR],1042801515
A,34660,18800,2573,54,568,4625[CR],1042801859
F,18872,15018,2592,47,569,4687[CR],1042802234
C,16056,392,2612,54,570,4676[CR],1042802656
F,19068,14782,2632,51,569,4694[CR],1042803093
C,15551,376,2652,51,567,4741[CR],1042803437
F,19370,15051,2671,57,569,4806[CR],1042803796
C,16299,388,2691,49,568,4803[CR],1042804234
F,18882,14949,2711,54,567,4845[CR],1042804593
C,17384,390,2731,49,564,4878[CR],1042805031
F,18904,14701,2751,54,567,4860[CR],1042805390
C,17712,402,2772,57,569,4780[CR],1042805734
F,18838,14486,2793,49,571,4721[CR],1042806171
C,15270,410,2813,54,571,4697[CR],1042806531
F,19320,16356,2833,47,570,4728[CR],1042806968
C,14210,418,2853,54,571,4728[CR],1042807421
F,19796,17504,2873,51,570,4690[CR],1042807765
A,34680,20156,2893,49,572,4704[CR],1042808125
F,20232,17136,2913,57,568,4736[CR],1042808468
C,14926,406,2933,49,568,4777[CR],1042808906
F,20406,16186,2953,51,567,4797[CR],1042809359
C,15286,408,2973,44,568,4799[CR],1042809703
F,20464,14463,2993,49,568,4829[CR],1042810046
C,15075,410,3012,54,566,4863[CR],1042810515
F,20872,14881,3033,49,563,4888[CR],1042810843
C,15939,392,3053,54,560,4894[CR],1042811281
F,20434,15565,3073,49,560,4886[CR],1042811625
C,17078,412,3093,51,560,4854[CR],1042812078
F,18452,14673,3113,57,565,4822[CR],1042812421
C,16103,416,3134,49,567,4789[CR],1042812781
F,18830,15051,3154,54,567,4824[CR],1042813250
C,15267,406,3173,47,566,4887[CR],1042813609
F,19264,16890,3193,51,566,4925[CR],1042814046
A,34660,19008,3213,49,566,4919[CR],1042814375
F,18840,16818,3233,51,568,4900[CR],1042814734
C,15303,416,3253,54,568,4875[CR],1042815203
F,19064,15583,3274,49,569,4852[CR],1042815546
C,14556,402,3294,54,568,4853[CR],1042816000
F,19590,14437,3313,41,563,4879[CR],1042816328
C,15131,424,3333,51,559,4935[CR],1042816687
F,19982,14585,3353,54,559,4988[CR],1042817140
C,16674,450,3373,49,561,5021[CR],1042817500
F,19052,14961,3393,54,563,5007[CR],1042817859
C,15691,464,3412,47,564,5050[CR],1042818312
F,19066,15017,3432,51,561,5134[CR],1042818640
C,15470,436,3451,47,559,5213[CR],1042819109
F,19400,16936,3471,49,560,5274[CR],1042819453
C,17928,450,3490,44,561,5312[CR],1042819796
F,18362,18234,3510,49,558,5352[CR],1042820250
A,34640,17206,3530,57,557,5396[CR],1042820593
F,16878,17794,3550,51,556,5378[CR],1042821062
C,21010,476,3571,54,556,5352[CR],1042821406
F,16512,15885,3591,43,556,5367[CR],1042821875
C,20432,472,3611,49,558,5402[CR],1042822234
F,16828,16365,3631,57,566,5430[CR],1042822578
C,20822,474,3651,51,566,5385[CR],1042823015
F,16912,17526,3672,57,561,5298[CR],1042823359
C,17942,480,3692,51,562,5271[CR],1042823812
F,17066,16500,3709,15,413,5295[CR],1042824156
C,16150,494,3709,2,384,5238[CR],1042824500
F,17680,17012,3709,1,408,4494[CR],1042824953
C,16302,458,3709,0,401,4177[CR],1042825296
F,18128,16167,3709,0,400,4193[CR],1042825734
C,16119,468,3709,0,398,4202[CR],1042826078
F,18488,15919,3709,0,396,4201[CR],1042826546
A,34656,18698,3709,0,420,3984[CR],1042826890
F,18764,15663,3709,0,504,2526[CR],1042827218
C,15751,480,3709,0,400,1159[CR],1042827687
F,16818,12731,3709,0,396,1325[CR],1042828046
C,11739,468,3709,0,371,1384[CR],1042828406
F,17236,12733,3709,0,356,1489[CR],1042828859
C,11806,458,3709,0,356,1531[CR],1042829187
F,17490,12732,3709,0,352,1553[CR],1042829765
Z,0,0,3709,4,10,2353[CR],1042830015
F,17674,12733,3709,3,179,2470[CR],1042830359
C,11966,472,3709,4,0,2471[CR],1042830953
Z,0,0,3709,1,0,2439[CR],1042831390
Z,0,0,3709,0,0,2484[CR],1042831875
Z,0,0,3709,0,0,2487[CR],1042832421
Z,0,0,3709,0,0,2488[CR],1042832890
Z,0,0,3709,0,0,2478[CR],1042833453
Z,0,0,3709,0,0,2473[CR],1042833921
Z,0,0,3709,0,0,2476[CR],1042834390
Z,0,0,3709,0,0,2478[CR],1042834843
Z,0,0,3709,0,0,2471[CR],1042835421
Z,0,0,3709,0,0,2472[CR],1042835875
Z,0,0,3709,0,0,2473[CR],1042836453
Z,0,0,3709,0,300,2469[CR],1042836906
Z,0,0,3709,0,0,2465[CR],1042837359
Z,0,0,3709,0,0,2465[CR],1042837921
Z,0,0,3709,0,0,2465[CR],1042838375
Z,0,0,3709,0,0,2465[CR],1042838953
Z,0,0,3709,0,0,2467[CR],1042839406
Z,0,0,3709,0,0,2469[CR],1042839859
Z,0,0,3709,0,0,2469[CR],1042840453
Z,0,0,3709,0,0,2469[CR],1042840890
Z,0,0,3709,0,0,2469[CR],1042841359
Z,0,0,3709,0,0,2472[CR],1042841921
Z,0,0,3709,0,0,2481[CR],1042842390
Z,0,0,3709,0,0,2473[CR],1042842843
Z,0,0,3709,0,0,2482[CR],1042843406
Z,0,0,3709,0,0,2466[CR],1042843859
Z,0,0,3709,0,0,2441[CR],1042844437
Z,0,0,3709,0,0,2446[CR],1042844906
Z,0,0,3709,0,0,2441[CR],1042845375
Z,0,0,3709,0,0,2451[CR],1042845859
Z,0,0,3709,0,0,2452[CR],1042846453
Z,0,0,3709,0,0,2456[CR],1042846937
Z,0,0,3709,0,0,2460[CR],1042847390
Z,0,0,3709,0,0,2461[CR],1042847859
Z,0,0,3709,0,0,2462[CR],1042848328
Z,0,0,3709,0,0,2463[CR],1042848906
Z,0,0,3709,0,0,2465[CR],1042849375
Z,0,0,3709,0,0,2466[CR],1042849843
Z,0,0,3709,0,0,2467[CR],1042850406
Z,0,0,3709,0,0,2467[CR],1042850859
Z,0,0,3709,0,92,2466[CR],1042851437
Z,0,0,3709,0,0,2471[CR],1042851890
Z,0,0,3709,7,0,2496[CR],1042852437
Z,0,0,3709,39,0,2475[CR],1042852890
Z,0,0,3709,73,0,2482[CR],1042853359
Z,0,0,3709,38,0,2475[CR],1042853937
Z,0,0,3709,44,0,2479[CR],1042854375
Z,0,0,3709,38,0,2479[CR],1042854937
Z,0,0,3709,25,335,2495[CR],1042855046
F,18744,12733,3709,12,316,2981[CR],1042855390
C,11772,468,3709,9,337,3650[CR],1042855828
F,18724,12733,3709,2,319,5344[CR],1042856156
C,11917,484,3709,1,312,5403[CR],1042856609
F,18696,12732,3709,0,310,5396[CR],1042856968
C,11907,462,3709,0,249,5406[CR],1042857406
F,18670,12733,3709,0,254,5417[CR],1042857750
A,34696,18662,3709,0,265,5415[CR],1042858203
F,18644,12734,3709,0,474,5399[CR],1042858546
C,11894,480,3709,3,372,3966[CR],1042858890
F,19442,12741,3709,1,375,3841[CR],1042859250
C,12391,472,3709,0,375,3818[CR],1042859687
F,18688,12738,3709,0,375,3806[CR],1042860156
C,12378,476,3709,0,371,3798[CR],1042860500
F,18528,12736,3709,0,370,3790[CR],1042860843
C,12370,476,3709,0,371,3784[CR],1042861296
F,18436,12735,3709,0,371,3779[CR],1042861640
C,12365,472,3709,0,372,3774[CR],1042862093
F,18376,12733,3709,0,368,3771[CR],1042862437
C,12358,472,3709,39,380,3905[CR],1042862781
F,18330,12732,3712,44,574,4499[CR],1042863234
C,12424,502,3730,47,577,4912[CR],1042863578
F,20966,16998,3749,43,576,5335[CR],1042864031
A,34684,19892,3770,51,588,5370[CR],1042864359
F,18996,16706,3790,57,580,5223[CR],1042864828
C,18472,480,3810,49,581,5127[CR],1042865171
F,18276,15344,3830,51,579,5177[CR],1042865562
C,16832,484,3849,47,579,5263[CR],1042865968
F,18706,17016,3869,51,580,5306[CR],1042866312
C,18910,480,3889,51,582,5316[CR],1042866671
F,17892,17404,3909,49,582,5319[CR],1042867125
C,18626,476,3929,54,583,5277[CR],1042867484
F,16928,17990,3949,47,584,5283[CR],1042867953
C,17452,490,3969,51,586,5257[CR],1042868296
F,16049,17786,3989,47,585,5238[CR],1042868640
C,16171,480,4009,51,585,5253[CR],1042869093
F,15991,17436,4029,54,582,5297[CR],1042869453
C,15965,494,4049,49,583,5340[CR],1042869796
F,16153,17782,4069,51,580,5323[CR],1042870265
A,34680,16273,4089,49,580,5320[CR],1042870609
F,16300,16570,4110,51,580,5312[CR],1042871046
C,15484,506,4130,57,579,5273[CR],1042871390
F,16488,16402,4150,49,580,5308[CR],1042871750
C,15784,524,4169,51,581,5352[CR],1042872203
F,16676,16750,4189,47,582,5417[CR],1042872656
C,16103,528,4209,51,583,5504[CR],1042873000
F,16730,17196,4229,44,584,5571[CR],1042873343
C,16331,542,4249,51,583,5631[CR],1042873812
F,16754,17540,4269,54,580,5650[CR],1042874156
C,17010,532,4289,47,577,5653[CR],1042874500
F,16816,16138,4310,54,576,5647[CR],1042874953
C,16682,536,4330,44,574,5606[CR],1042875296
F,16998,15098,4350,51,572,5592[CR],1042875765
C,15847,546,4370,57,570,5619[CR],1042876109
F,17232,15349,4390,47,569,5621[CR],1042876546
A,34716,17344,4410,54,569,5635[CR],1042877031
Z,0,0,4436,54,572,5604[CR],1042877328
C,15851,554,4451,51,571,5647[CR],1042877640
F,17502,15467,4470,54,569,5693[CR],1042878062
C,15416,550,4491,49,568,5669[CR],1042878406
F,17664,16420,4511,51,567,5639[CR],1042878859
C,16069,576,4531,49,568,5605[CR],1042879218
F,17730,16357,4552,51,571,5571[CR],1042879562
C,15985,606,4572,54,573,5575[CR],1042880046
F,17858,15005,4592,49,575,5579[CR],1042880390
C,15427,606,4612,54,573,5568[CR],1042880750
F,18062,15089,4632,51,570,5551[CR],1042881203
C,15408,612,4652,49,571,5546[CR],1042881531
F,18194,15645,4672,57,572,5544[CR],1042881984
C,15460,620,4692,49,572,5557[CR],1042882328
F,18360,15389,4712,54,572,5582[CR],1042882687
A,34664,18456,4732,44,571,5597[CR],1042883125
F,18466,15776,4752,54,570,5602[CR],1042883593
C,16089,616,4773,57,570,5582[CR],1042883921
F,18616,15554,4793,49,567,5588[CR],1042884265
C,16534,620,4813,54,570,5587[CR],1042884734
F,18696,15500,4833,47,569,5554[CR],1042885078
C,16436,642,4854,51,572,5523[CR],1042885546
F,18788,14574,4874,57,565,5524[CR],1042885890
C,15697,606,4893,49,563,5564[CR],1042886234
F,19048,14773,4913,54,564,5616[CR],1042886687
C,16858,594,4933,49,565,5655[CR],1042887031
F,19222,15433,4953,51,564,5671[CR],1042887484
C,17276,612,4973,44,565,5732[CR],1042887843
F,19424,15773,4993,47,568,5792[CR],1042888187
C,18816,628,5013,54,569,5816[CR],1042888656
F,17506,17128,5033,49,565,5784[CR],1042889000
A,34700,16938,5053,54,566,5747[CR],1042889437
F,17022,15209,5073,43,567,5741[CR],1042889796
C,18650,646,5094,51,570,5757[CR],1042890140
F,17222,15958,5114,54,569,5743[CR],1042890546
C,18816,676,5134,49,569,5717[CR],1042890953
F,16996,15078,5154,54,568,5696[CR],1042891296
C,18148,672,5174,49,569,5719[CR],1042891765
F,17250,15310,5194,54,570,5749[CR],1042892093
C,18262,680,5214,57,570,5768[CR],1042892546
F,17420,16032,5234,47,569,5793[CR],1042892906
C,18370,676,5254,54,571,5802[CR],1042893343
F,17544,16392,5274,49,572,5768[CR],1042893703
C,17836,690,5294,51,572,5736[CR],1042894046
F,17696,16748,5314,57,572,5722[CR],1042894500
C,17326,680,5335,51,571,5711[CR],1042894828
F,17826,17168,5355,54,572,5716[CR],1042895281
A,34680,17982,5374,47,568,5760[CR],1042895625
F,18016,16866,5394,51,569,5818[CR],1042896078
C,18008,668,5413,47,569,5878[CR],1042896421
F,18072,16772,5433,51,568,5904[CR],1042896765
C,19104,680,5452,49,568,5903[CR],1042897234
F,18084,15433,5473,51,568,5916[CR],1042897578
C,18798,680,5493,54,570,5946[CR],1042898031
F,18280,15767,5513,49,570,5977[CR],1042898375
C,18828,694,5533,54,570,5984[CR],1042898734
F,18430,15998,5552,43,574,5985[CR],1042899203
C,18122,694,5573,51,575,5980[CR],1042899562
F,18588,16840,5592,57,574,6012[CR],1042899906
C,18016,698,5612,51,573,6035[CR],1042900375
F,18626,17456,5632,51,572,6077[CR],1042900718
C,18546,680,5652,49,570,6160[CR],1042901062
F,18726,17118,5671,51,571,6225[CR],1042901515
A,34700,17938,5691,49,568,6267[CR],1042901843
F,17310,17096,5709,22,468,6305[CR],1042902296
C,21662,728,5709,2,316,6191[CR],1042902656
F,17070,15911,5709,1,318,6156[CR],1042903093
C,19674,690,5709,0,352,5626[CR],1042903453
F,17282,15991,5709,0,333,4989[CR],1042903796
C,19338,686,5709,0,328,5012[CR],1042904265
F,17424,16244,5709,0,332,5001[CR],1042904593
C,19260,712,5709,0,343,4540[CR],1042905046
F,17530,16334,5709,0,365,3860[CR],1042905375
C,19100,690,5709,0,448,2352[CR],1042905843
F,17616,14911,5709,0,348,1016[CR],1042906203
C,12985,680,5709,0,346,1166[CR],1042906546
F,17640,12747,5709,0,342,1231[CR],1042906984
C,13228,686,5709,0,306,1296[CR],1042907328
F,17734,12758,5709,0,321,1441[CR],1042907796
A,34696,17784,5709,0,316,1479[CR],1042908156
F,17782,12775,5709,0,279,1502[CR],1042908609
Z,0,0,5709,2,0,2418[CR],1042908937
F,17866,12908,5709,1,0,2471[CR],1042909281
C,13498,676,5709,0,0,2473[CR],1042909843
Z,0,0,5709,0,0,2449[CR],1042910281
Z,0,0,5709,0,0,2480[CR],1042910859
Z,0,0,5709,0,0,2486[CR],1042911312
Z,0,0,5709,0,0,2485[CR],1042911765
Z,0,0,5709,0,26,2470[CR],1042912328
Z,0,0,5709,0,0,2471[CR],1042912781
Z,0,0,5709,0,0,2466[CR],1042913359
Z,0,0,5709,0,0,2474[CR],1042913828
Z,0,0,5709,0,318,2466[CR],1042914281
Z,0,0,5709,0,0,2465[CR],1042914859
Z,0,0,5709,0,0,2466[CR],1042915312
Z,0,0,5709,0,0,2461[CR],1042915796
Z,0,0,5709,0,0,2464[CR],1042916359
Z,0,0,5709,0,0,2464[CR],1042916796
Z,0,0,5709,0,0,2466[CR],1042917265
Z,0,0,5709,0,0,2467[CR],1042917718
A,44288,2772,5709,0,0,2467[CR],1042918296
Z,0,0,5709,0,0,2467[CR],1042918750
Z,0,0,5709,0,0,2469[CR],1042919187
Z,0,0,5709,0,0,2471[CR],1042919796
Z,0,0,5709,0,0,2471[CR],1042920265
Z,0,0,5709,0,0,2472[CR],1042920703
Z,0,0,5709,0,0,2474[CR],1042921281
Z,0,0,5709,0,0,2477[CR],1042921750
Z,0,0,5709,0,0,2478[CR],1042922187
Z,0,0,5709,0,0,2479[CR],1042922765
Z,0,0,5709,0,0,2479[CR],1042923218
Z,0,0,5709,0,0,2479[CR],1042923687
Z,0,0,5709,0,0,2469[CR],1042924250
Z,0,0,5709,0,0,2470[CR],1042924703
Z,0,0,5709,0,1,2470[CR],1042925265
Z,0,0,5709,0,0,2449[CR],1042925718
Z,0,0,5709,0,0,2463[CR],1042926171
Z,0,0,5709,0,0,2460[CR],1042926734
Z,0,0,5709,0,0,2462[CR],1042927187
Z,0,0,5709,0,0,2462[CR],1042927750
Z,0,0,5709,0,0,2462[CR],1042928187
Z,0,0,5709,0,0,2464[CR],1042928765
Z,0,0,5709,0,0,2464[CR],1042929218
Z,0,0,5709,0,0,2466[CR],1042929687
Z,0,0,5709,0,0,2464[CR],1042930234
Z,0,0,5709,0,0,2466[CR],1042930687
Z,0,0,5709,0,0,2466[CR],1042931250
Z,0,0,5709,0,0,2467[CR],1042931703
Z,0,0,5709,0,0,2469[CR],1042932156
Z,0,0,5709,0,1,2469[CR],1042932718
Z,0,0,5709,0,0,2473[CR],1042933281
Z,0,0,5709,0,12,2496[CR],1042933734
Z,0,0,5709,49,0,2478[CR],1042934171
Z,0,0,5709,64,4,2477[CR],1042934750
Z,0,0,5709,54,0,2475[CR],1042935203
Z,0,0,5709,49,0,2476[CR],1042935671
Z,0,0,5709,8,243,2723[CR],1042935921
C,13675,706,5709,14,185,4060[CR],1042936281
F,18202,13735,5709,2,157,4685[CR],1042936625
C,13883,712,5709,1,188,4674[CR],1042937078
F,18202,13949,5709,0,199,4664[CR],1042937406
C,13908,716,5709,0,147,4655[CR],1042937843
F,18212,13961,5709,0,33,4666[CR],1042938203
C,13917,716,5709,0,5,4663[CR],1042938656
F,18208,13966,5709,0,24,4661[CR],1042939000
A,34692,18198,5709,0,80,4650[CR],1042939359
F,18192,13970,5709,0,257,4052[CR],1042939828
C,14075,712,5709,0,254,3930[CR],1042940156
F,18212,14383,5709,0,253,3909[CR],1042940500
C,14119,706,5709,0,268,3911[CR],1042940937
F,18200,14391,5709,0,268,3904[CR],1042941375
C,14130,712,5709,0,252,3897[CR],1042941718
F,18204,14395,5709,0,250,3897[CR],1042942156
C,14138,706,5709,0,260,3894[CR],1042942500
F,18198,14398,5709,0,262,3890[CR],1042942937
C,14143,702,5709,0,264,3886[CR],1042943281
F,18188,14397,5709,57,295,4245[CR],1042943718
C,14149,698,5721,43,353,4530[CR],1042944078
F,18198,14926,5735,34,539,5559[CR],1042944421
C,14733,716,5754,54,565,6414[CR],1042944890
F,17896,16522,5774,44,575,6369[CR],1042945234
A,34664,17650,5794,49,576,6353[CR],1042945671
F,17638,17078,5814,57,569,6336[CR],1042946000
C,19990,768,5834,49,569,6365[CR],1042946468
F,17776,17894,5854,57,570,6414[CR],1042946828
C,19908,724,5873,49,571,6430[CR],1042947171
F,17558,19534,5893,51,570,6439[CR],1042947625
C,20262,738,5912,44,569,6479[CR],1042947968
F,17062,18000,5933,49,566,6555[CR],1042948421
C,21304,746,5952,54,564,6612[CR],1042948750
F,17228,16982,5972,49,570,6640[CR],1042949218
C,21938,734,5992,57,572,6631[CR],1042949562
F,17256,16990,6011,47,568,6651[CR],1042949906
C,21782,750,6031,54,569,6646[CR],1042950359
F,17404,17312,6051,49,572,6619[CR],1042950687
C,21436,756,6071,49,566,6634[CR],1042951140
F,17550,17704,6090,57,568,6690[CR],1042951484
A,34688,17652,6111,51,568,6716[CR],1042951921
F,17670,17904,6130,54,575,6727[CR],1042952250
C,21140,750,6150,49,576,6738[CR],1042952609
F,17758,18072,6170,51,567,6753[CR],1042953062
C,20534,750,6189,43,565,6824[CR],1042953406
F,17902,18400,6209,49,564,6939[CR],1042953875
C,21768,742,6228,44,566,7010[CR],1042954218
F,17684,19700,6248,51,568,7039[CR],1042954578
C,22718,746,6267,51,569,7043[CR],1042955031
F,16239,18714,6288,49,566,7049[CR],1042955390
C,22840,742,6307,57,566,7058[CR],1042955859
F,16348,17812,6327,47,572,7064[CR],1042956203
C,22488,750,6347,54,575,7093[CR],1042956546
F,16492,17952,6366,49,567,7093[CR],1042956984
C,21556,750,6386,51,568,7158[CR],1042957328
F,16616,18496,6405,43,572,7245[CR],1042957781
A,34676,16700,6425,49,574,7293[CR],1042958125
F,16722,18420,6445,57,570,7300[CR],1042958578
C,19328,750,6464,47,568,7339[CR],1042958906
F,16920,18578,6484,54,567,7402[CR],1042959281
C,19528,758,6503,44,564,7460[CR],1042959687
F,17110,20040,6522,49,558,7607[CR],1042960125
C,20940,750,6539,43,556,7907[CR],1042960500
F,17376,19622,6558,54,563,8207[CR],1042960828
C,27492,734,6578,49,560,8332[CR],1042961312
F,16432,19488,6597,51,560,8453[CR],1042961625
C,30568,750,6616,49,560,8513[CR],1042962062
F,14710,17522,6636,54,556,8488[CR],1042962390
C,31188,746,6656,49,553,8530[CR],1042962859
F,14804,16123,6674,51,555,8627[CR],1042963187
C,31356,750,6693,49,553,8719[CR],1042963640
F,14957,15836,6713,47,548,8803[CR],1042963984
A,34680,15061,6732,47,552,8881[CR],1042964343
F,15085,15708,6752,51,556,8896[CR],1042964796
C,32460,750,6771,57,558,8885[CR],1042965140
F,15250,15782,6792,49,556,8836[CR],1042965609
C,32024,758,6812,54,560,8830[CR],1042965953
F,15401,15518,6831,49,558,8829[CR],1042966296
C,31352,750,6851,54,554,8848[CR],1042966750
F,15552,15005,6870,44,551,8875[CR],1042967109
C,31340,738,6889,51,552,8952[CR],1042967531
F,15708,15196,6908,47,551,9012[CR],1042967875
C,31828,738,6928,51,552,9025[CR],1042968312
F,15877,15106,6948,43,550,9032[CR],1042968671
C,31216,750,6967,49,550,9042[CR],1042969140
F,16026,14530,6987,54,550,9025[CR],1042969484
C,29236,750,7007,47,548,8999[CR],1042969828
F,16196,14527,7027,54,548,8978[CR],1042970281
A,34720,16341,7046,47,547,8967[CR],1042970640
F,16392,14559,7066,54,551,8983[CR],1042970984
C,26772,750,7086,49,551,8925[CR],1042971437
F,16620,14458,7106,51,551,8887[CR],1042971796
C,26484,738,7125,57,551,8894[CR],1042972218
F,16838,14326,7145,49,550,8893[CR],1042972546
C,26752,750,7165,54,547,8902[CR],1042972984
F,17082,14173,7184,47,548,8964[CR],1042973328
C,27848,746,7203,51,547,9033[CR],1042973796
F,17348,14103,7222,44,545,9152[CR],1042974140
C,29876,746,7240,49,543,9245[CR],1042974593
F,17594,14323,7258,43,538,9424[CR],1042974937
C,31612,728,7273,36,297,9651[CR],1042975296
F,17778,14045,7281,16,462,9856[CR],1042975750
C,29616,738,7283,4,401,9930[CR],1042976078
F,17860,14241,7284,2,345,9924[CR],1042976437
A,34716,17960,7284,1,304,9924[CR],1042976890
F,17994,14257,7285,1,284,9923[CR],1042977234
C,29988,724,7285,1,243,9915[CR],1042977671
F,18160,14291,7285,0,225,9920[CR],1042978031
C,29724,750,7285,0,241,9927[CR],1042978500
F,18278,14340,7285,0,243,9932[CR],1042978859
C,29652,746,7285,0,203,9935[CR],1042979203
F,18368,14347,7285,0,216,9076[CR],1042979656
C,29508,746,7285,0,287,6572[CR],1042980000
F,18420,14284,7285,0,294,4431[CR],1042980343
C,28012,742,7285,0,353,1976[CR],1042980781
F,18440,13372,7285,0,443,459[CR],1042981140
C,12361,734,7285,0,0,35544[CR],1042981593
F,16464,12714,7285,0,0,35544[CR],1042981921
C,12070,742,7285,35,261,1860[CR],1042982359
F,16750,12716,7285,147,537,4264[CR],1042982812
A,34712,16718,7285,172,563,6796[CR],1042983140
F,18364,13907,7350,147,571,8449[CR],1042983578
C,30752,742,7392,15,355,8519[CR],1042983921
F,17882,13980,7392,2,195,8361[CR],1042984359
C,26688,746,7392,1,176,8352[CR],1042984687
F,18136,14448,7392,0,294,5781[CR],1042985140
C,25804,738,7392,0,180,3501[CR],1042985484
F,18304,13601,7392,0,122,3046[CR],1042985828
C,23558,742,7392,0,160,3049[CR],1042986281
F,18420,13574,7392,0,179,3051[CR],1042986609
C,23438,716,7392,0,127,3049[CR],1042987062
F,18510,13582,7392,0,107,3050[CR],1042987406
C,23372,728,7392,0,68,3054[CR],1042987859
F,18566,13588,7392,0,79,3061[CR],1042988187
C,23320,734,7392,0,156,3063[CR],1042988656
F,18594,13590,7392,0,136,3067[CR],1042988984
A,34688,18606,7392,0,231,3162[CR],1042989343
F,18602,13590,7392,54,237,4239[CR],1042989812
C,23286,724,7392,49,259,4489[CR],1042990156
F,18634,13668,7392,20,321,5258[CR],1042990609
C,23382,738,7392,28,328,6759[CR],1042990968
F,18648,14190,7396,35,519,8111[CR],1042991312
C,24960,738,7414,47,547,8746[CR],1042991796
F,18536,14094,7434,49,545,8812[CR],1042992140
C,28416,756,7452,39,543,8873[CR],1042992484
F,18528,14328,7472,51,546,8897[CR],1042992953
C,28296,728,7492,54,545,8885[CR],1042993296
F,18516,14281,7512,49,546,8865[CR],1042993750
C,28224,706,7532,51,542,8841[CR],1042994093
F,18472,14364,7551,47,543,8885[CR],1042994437
C,28316,724,7570,51,546,8954[CR],1042994796
F,18546,14337,7589,44,542,9021[CR],1042995234
A,34712,18530,7608,54,541,9107[CR],1042995703
F,18520,14396,7627,44,542,9173[CR],1042996093
C,28084,738,7646,54,542,9150[CR],1042996390
F,18566,14183,7666,44,543,9097[CR],1042996859
C,27980,728,7686,51,544,9086[CR],1042997203
F,18514,14207,7706,54,539,9061[CR],1042997546
C,28024,730,7708,2,96,8925[CR],1042997984
F,18592,14628,7708,1,0,8865[CR],1042998343
C,25948,738,7708,0,0,8860[CR],1042998812
F,18714,14751,7708,0,10,8859[CR],1042999140
C,25560,738,7708,0,230,7947[CR],1042999484
F,18768,14815,7708,0,297,5235[CR],1042999921
C,25140,738,7708,0,305,4123[CR],1043000375
F,18778,14215,7708,0,190,2996[CR],1043000703
C,23458,724,7708,0,224,2441[CR],1043001140
F,18776,13518,7708,0,355,1508[CR],1043001500
A,34736,18764,7708,0,471,35544[CR],1043001828
F,18658,12717,7708,0,1,35544[CR],1043002296
C,11843,712,7708,0,0,35544[CR],1043002640
F,17270,12719,7708,0,0,35544[CR],1043003093
C,11842,724,7708,0,0,35544[CR],1043003546
Z,0,0,7708,0,0,35544[CR],1043004109
Z,0,0,7708,0,0,35544[CR],1043004562
Z,0,0,7708,0,0,2475[CR],1043005015
Z,0,0,7708,0,0,2465[CR],1043005562
Z,0,0,7708,0,0,2447[CR],1043006015
Z,0,0,7708,0,0,2420[CR],1043006593
Z,0,0,7708,0,0,2517[CR],1043007046
Z,0,0,7708,0,0,2516[CR],1043007609
Z,0,0,7708,0,0,2514[CR],1043008046
Z,0,0,7708,0,31,2516[CR],1043008515
Z,0,0,7708,0,0,2515[CR],1043009078
Z,0,0,7708,0,0,2511[CR],1043009546
Z,0,0,7708,0,0,2501[CR],1043010000
Z,0,0,7708,0,0,2498[CR],1043010578
Z,0,0,7708,0,0,2498[CR],1043011031
Z,0,0,7708,0,0,2499[CR],1043011593
Z,0,0,7708,0,0,2499[CR],1043012031
Z,0,0,7708,0,0,2500[CR],1043012593
Z,0,0,7708,0,0,2446[CR],1043013031
Z,0,0,7708,0,0,2417[CR],1043013484
Z,0,0,7708,0,0,2437[CR],1043014062
Z,0,0,7708,0,0,2449[CR],1043014515
Z,0,0,7708,0,0,2455[CR],1043014984
Z,0,0,7708,0,0,2462[CR],1043015546
Z,0,0,7708,0,0,2461[CR],1043016015
Z,0,0,7708,0,0,2453[CR],1043016562
Z,0,0,7708,0,0,2473[CR],1043017015
Z,0,0,7708,0,0,2486[CR],1043017515
Z,0,0,7708,0,0,2482[CR],1043017968
Z,0,0,7708,0,2,2482[CR],1043018515
Z,0,0,7708,0,0,2448[CR],1043018968
Z,0,0,7708,0,0,2448[CR],1043019562
Z,0,0,7708,0,0,2466[CR],1043020000
Z,0,0,7708,0,0,2471[CR],1043020453
Z,0,0,7708,0,0,2475[CR],1043021031
Z,0,0,7708,0,0,2468[CR],1043021468
Z,0,0,7708,0,0,2442[CR],1043022031
Z,0,0,7708,0,0,2450[CR],1043022468
Z,0,0,7708,0,0,2452[CR],1043023015
Z,0,0,7708,0,0,2458[CR],1043023500
Z,0,0,7708,0,0,2462[CR],1043024046
Z,0,0,7708,0,0,2465[CR],1043024500
Z,0,0,7708,0,0,2466[CR],1043024968
Z,0,0,7708,0,1,2468[CR],1043025531
Z,0,0,7708,0,0,2469[CR],1043026000
Z,0,0,7708,0,0,2469[CR],1043026546
Z,0,0,7708,0,0,2472[CR],1043027000
Z,0,0,7708,0,0,2474[CR],1043027453
Z,0,0,7708,0,0,2480[CR],1043028031
Z,0,0,7708,0,0,2473[CR],1043028500
Z,0,0,7708,0,0,2473[CR],1043028953
Z,0,0,7708,0,0,2472[CR],1043029531
Z,0,0,7708,0,0,2457[CR],1043030000
Z,0,0,7708,0,0,2471[CR],1043030468
Z,0,0,7708,0,0,2476[CR],1043031046
Z,0,0,7708,0,0,2497[CR],1043031500
Z,0,0,7708,0,0,2477[CR],1043031953
Z,0,0,7708,0,0,2477[CR],1043032546
Z,0,0,7708,0,1,2477[CR],1043033015
Z,0,0,7708,0,0,2478[CR],1043033484
Z,0,0,7708,0,0,2478[CR],1043033953
Z,0,0,7708,0,0,2478[CR],1043034546
Z,0,0,7708,27,0,2483[CR],1043035000
Z,0,0,7708,38,0,2479[CR],1043035562
Z,0,0,7708,32,0,2479[CR],1043036015
Z,0,0,7708,39,0,2480[CR],1043036484
Z,0,0,7708,34,0,2478[CR],1043037046
Z,0,0,7708,32,0,2480[CR],1043037515
Z,0,0,7708,35,0,2479[CR],1043037968
Z,0,0,7708,32,0,2481[CR],1043038546
Z,0,0,7708,5,0,2757[CR],1043038656
F,18782,12729,7708,4,0,3113[CR],1043038984
A,34820,18784,7708,6,0,3921[CR],1043039359
F,18766,12731,7708,2,0,4739[CR],1043039812
C,11955,750,7708,1,0,4732[CR],1043040156
F,18776,12731,7708,0,0,4724[CR],1043040609
C,11958,750,7708,0,0,4720[CR],1043040937
F,18776,12729,7708,0,0,4711[CR],1043041406
Z,0,0,7708,0,0,4708[CR],1043041984
Z,0,0,7708,22,1,4572[CR],1043042437
Z,0,0,7708,1,0,3509[CR],1043042546
F,18782,12730,7708,1,20,3488[CR],1043042906
C,12070,750,7708,1,15,3498[CR],1043043250
F,18736,12731,7708,0,0,3483[CR],1043043703
C,12068,758,7708,0,0,3480[CR],1043044046
F,18754,12729,7708,0,0,3476[CR],1043044515
C,12067,746,7708,0,0,3471[CR],1043044875
F,18754,12730,7708,0,0,3470[CR],1043045218
A,34760,18768,7708,0,0,3466[CR],1043045687
F,18756,12729,7708,0,0,3465[CR],1043046031
C,12065,738,7708,0,0,3462[CR],1043046375
F,18776,12730,7708,36,245,4085[CR],1043046843
C,12077,750,7708,36,470,5334[CR],1043047187
F,18696,12730,7708,44,475,6498[CR],1043047625
C,12590,750,7708,43,519,7427[CR],1043047968
F,18804,13667,7725,54,527,7992[CR],1043048421
C,26928,750,7744,51,534,8117[CR],1043048781
F,18672,13829,7764,54,532,8111[CR],1043049109
C,28124,750,7784,47,538,8132[CR],1043049562
F,18642,13742,7803,54,535,8167[CR],1043049921
C,27348,760,7822,47,531,8240[CR],1043050359
F,18704,14239,7841,49,527,8408[CR],1043050687
C,29684,738,7860,44,536,8576[CR],1043051140
F,18326,15757,7879,51,546,8731[CR],1043051468
A,34796,13680,7898,44,545,8865[CR],1043051921
F,12420,17018,7917,51,518,8971[CR],1043052250
C,36736,750,7934,41,514,9185[CR],1043052734
F,11855,17998,7952,41,527,9283[CR],1043053125
C,41056,756,7971,49,545,9155[CR],1043053453
F,12106,17498,7989,44,545,9136[CR],1043053796
C,37580,756,8009,49,548,9127[CR],1043054265
F,12474,16462,8028,54,545,9077[CR],1043054609
C,36352,756,8047,47,543,9046[CR],1043055046
F,12840,16654,8066,54,548,9027[CR],1043055390
C,35120,750,8086,47,547,9012[CR],1043055750
F,13206,15591,8105,54,535,9020[CR],1043056218
C,34816,756,8124,41,531,9092[CR],1043056546
F,13617,15666,8141,41,535,9290[CR],1043057000
C,35832,752,8158,43,531,9326[CR],1043057328
F,13969,17052,8174,36,528,9403[CR],1043057796
A,34808,14305,8187,29,528,9497[CR],1043058171
F,14403,17344,8198,25,516,9536[CR],1043058515
C,39704,756,8208,23,512,9539[CR],1043058968
F,14741,17278,8216,22,506,9546[CR],1043059312
C,39892,758,8224,17,497,9553[CR],1043059656
F,15045,18858,8229,11,490,9572[CR],1043060109
C,40276,694,8234,10,463,9531[CR],1043060453
F,15514,18346,8237,8,448,9500[CR],1043060921
C,39512,756,8240,7,456,9500[CR],1043061265
F,15956,18306,8243,8,449,9505[CR],1043061609
C,39180,756,8246,6,434,9523[CR],1043062046
F,16290,18894,8248,7,439,9544[CR],1043062406
C,39436,758,8251,6,434,9543[CR],1043062843
F,16776,19708,8253,5,431,9552[CR],1043063187
C,39456,772,8256,7,436,9562[CR],1043063640
F,17158,19520,8259,6,430,9565[CR],1043063984
A,34808,17408,8261,6,432,9565[CR],1043064453
F,17480,19010,8264,6,432,9556[CR],1043064796
C,39372,758,8266,5,436,9543[CR],1043065125
F,17796,18478,8269,7,409,9557[CR],1043065593
C,39220,758,8269,2,6,9311[CR],1043065937
F,17876,18282,8269,1,147,8248[CR],1043066406
C,36936,772,8269,0,304,6164[CR],1043066750
F,18120,18238,8269,0,387,2626[CR],1043067093
C,34192,768,8269,0,521,682[CR],1043067546
F,18126,12704,8269,0,457,35544[CR],1043067890
C,11397,758,8269,0,0,35544[CR],1043068375
F,16602,12711,8269,0,4,35544[CR],1043068687
C,11633,746,8269,36,93,2512[CR],1043069031
F,16980,12711,8269,172,547,4653[CR],1043069468
C,12006,750,8299,147,568,7688[CR],1043069921
F,19114,14443,8367,172,569,8463[CR],1043070250
A,34836,17138,8439,114,565,7999[CR],1043070593
F,16974,14107,8442,2,26,7516[CR],1043070984
C,20352,802,8442,1,0,7490[CR],1043071468
F,17690,16344,8442,0,1,7488[CR],1043071796
C,19200,756,8442,0,2,7485[CR],1043072156
F,18040,16414,8442,0,0,7479[CR],1043072609
C,19004,756,8442,0,0,7476[CR],1043072937
F,18320,16468,8442,0,0,7469[CR],1043073406
C,18902,750,8442,0,0,7466[CR],1043073765
F,18526,16510,8442,0,0,7463[CR],1043074203
C,18834,750,8452,54,555,7693[CR],1043074546
F,18692,16738,8471,51,550,7969[CR],1043074906
C,22350,758,8491,44,549,8091[CR],1043075359
F,19142,17444,8510,54,548,8197[CR],1043075703
C,24480,750,8529,49,553,8259[CR],1043076156
F,17022,19318,8548,49,548,8293[CR],1043076500
A,34836,14718,8567,47,540,8426[CR],1043076859
F,14678,19214,8585,51,537,8559[CR],1043077312
C,26400,738,8603,44,538,8738[CR],1043077656
F,15109,18662,8622,51,536,8904[CR],1043078125
C,26200,758,8641,47,536,8996[CR],1043078468
F,15389,18696,8659,54,540,9089[CR],1043078812
C,25352,756,8678,49,540,9112[CR],1043079265
F,15696,19232,8698,51,538,9111[CR],1043079609
C,24438,750,8717,47,540,9120[CR],1043080062
F,16013,20058,8736,51,541,9146[CR],1043080421
C,23972,758,8754,44,542,9231[CR],1043080765
F,16308,20662,8772,51,543,9331[CR],1043081234
C,26728,750,8791,44,541,9379[CR],1043081562
F,14577,21512,8809,44,544,9393[CR],1043082031
C,27856,750,8827,44,535,9418[CR],1043082375
F,12528,20216,8845,44,539,9401[CR],1043082718
A,34832,12597,8864,51,538,9405[CR],1043083171
F,12629,18184,8882,43,534,9428[CR],1043083546
C,26012,758,8899,47,531,9456[CR],1043083968
F,12800,17688,8916,43,525,9510[CR],1043084296
C,24600,750,8931,38,527,9537[CR],1043084656
F,12980,17380,8947,36,520,9571[CR],1043085109
C,23350,756,8962,44,526,9577[CR],1043085453
F,13174,17496,8978,38,520,9588[CR],1043085812
C,23356,750,8992,33,519,9658[CR],1043086281
F,13396,17714,9004,33,514,9670[CR],1043086625
C,24520,746,9015,26,507,9706[CR],1043087093
F,13574,18336,9024,23,496,9720[CR],1043087421
C,24912,746,9032,17,493,9708[CR],1043087781
F,13504,18366,9039,21,497,9692[CR],1043088250
C,24960,750,9048,21,507,9651[CR],1043088593
F,13536,18014,9060,31,517,9607[CR],1043089031
A,34888,13564,9074,30,524,9579[CR],1043089390
F,13587,17276,9089,43,523,9521[CR],1043089843
C,25048,746,9106,41,525,9517[CR],1043090203
F,13817,17488,9122,44,534,9464[CR],1043090546
C,25364,756,9141,49,532,9387[CR],1043090890
F,14029,18202,9159,43,531,9445[CR],1043091343
C,25676,746,9176,43,531,9505[CR],1043091687
F,14223,19252,9194,47,534,9460[CR],1043092156
C,25284,750,9212,44,535,9397[CR],1043092500
F,14401,19436,9230,43,527,9422[CR],1043092968
C,24492,750,9246,39,526,9499[CR],1043093328
F,14605,18930,9263,44,530,9461[CR],1043093656
C,23912,750,9282,49,531,9380[CR],1043094109
F,14819,18334,9300,39,525,9385[CR],1043094437
C,23812,750,9319,49,527,9447[CR],1043094890
F,15069,17786,9336,43,524,9462[CR],1043095250
A,34884,15255,9355,49,526,9441[CR],1043095609
F,15324,17960,9373,44,524,9457[CR],1043096062
C,25128,750,9389,36,519,9540[CR],1043096421
F,15592,18562,9404,41,517,9582[CR],1043096812
C,26276,746,9419,36,517,9628[CR],1043097234
F,15499,19230,9432,34,511,9669[CR],1043097578
C,26416,750,9444,33,503,9660[CR],1043097937
F,15362,19440,9455,26,497,9707[CR],1043098406
C,26076,756,9463,19,484,9737[CR],1043098765
F,15584,19766,9471,17,484,9786[CR],1043099187
C,25692,746,9477,14,473,9803[CR],1043099546
F,15807,20060,9482,14,471,9800[CR],1043099890
C,25336,750,9488,12,462,9782[CR],1043100328
F,15992,20208,9493,13,460,9783[CR],1043100765
C,24992,750,9497,12,456,9781[CR],1043101109
F,16176,20352,9502,11,455,9788[CR],1043101468
A,34888,16301,9507,12,459,9759[CR],1043101921
F,16339,20400,9512,11,459,9738[CR],1043102281
C,24444,746,9516,10,454,9745[CR],1043102625
F,16504,20352,9520,12,458,9744[CR],1043103093
C,24208,750,9525,11,452,9741[CR],1043103421
F,16650,20244,9529,12,458,9744[CR],1043103890
C,23950,750,9534,11,449,9742[CR],1043104234
F,16800,20154,9538,10,451,9738[CR],1043104578
C,23720,750,9542,12,455,9728[CR],1043105046
F,16958,20022,9546,11,449,9729[CR],1043105390
C,23496,750,9551,10,449,9725[CR],1043105750
F,17118,19820,9555,10,449,9725[CR],1043106187
C,23326,756,9560,12,459,9723[CR],1043106546
F,17292,19672,9565,13,467,9725[CR],1043107000
C,23198,742,9571,15,467,9713[CR],1043107375
F,17462,19502,9576,14,467,9704[CR],1043107718
A,34892,17576,9582,15,473,9706[CR],1043108187
F,17604,19336,9588,14,472,9704[CR],1043108578
C,22882,750,9594,16,461,9693[CR],1043108890
F,17774,19038,9600,13,462,9701[CR],1043109328
C,22750,756,9605,15,464,9713[CR],1043109703
F,17926,18644,9610,13,451,9741[CR],1043110046
C,22662,750,9615,12,452,9770[CR],1043110515
F,18078,18252,9620,13,449,9760[CR],1043110843
C,22618,750,9625,12,449,9773[CR],1043111312
F,18248,17920,9627,3,0,9728[CR],1043111656
C,22526,746,9627,1,0,9670[CR],1043112000
F,18378,17928,9627,0,0,9651[CR],1043112437
C,21436,746,9627,0,0,9638[CR],1043112796
F,18514,17974,9627,0,0,9628[CR],1043113375
Z,0,0,9627,0,0,9618[CR],1043113828
Z,0,0,9627,0,0,9608[CR],1043114296
Z,0,0,9627,0,0,9600[CR],1043114421
F,18738,18004,9627,0,0,9595[CR],1043114890
Z,0,0,9627,0,0,9591[CR],1043115359
Z,0,0,9627,0,0,9585[CR],1043115906
Z,0,0,9627,0,0,9579[CR],1043116375
C,21080,750,9627,0,0,9573[CR],1043116734
F,19040,18018,9627,0,0,9570[CR],1043117187
Z,0,0,9627,0,0,9565[CR],1043117515
F,19116,18024,9627,0,0,9558[CR],1043117859
C,21018,756,9627,0,0,9556[CR],1043118453
Z,0,0,9627,0,0,9551[CR],1043118921
Z,0,0,9627,0,0,9544[CR],1043119375
Z,0,0,9627,0,0,9536[CR],1043119937
Z,0,0,9627,0,0,9528[CR],1043120406
Z,0,0,9627,0,0,9521[CR],1043120953
Z,0,0,9627,0,0,9513[CR],1043121421
Z,0,0,9627,0,0,9506[CR],1043121875
Z,0,0,9627,0,0,9499[CR],1043122453
Z,0,0,9627,0,0,9492[CR],1043122921
Z,0,0,9627,0,0,9483[CR],1043123375
C,20810,746,9627,0,0,9477[CR],1043123843
Z,0,0,9627,0,0,9471[CR],1043124171
C,20782,750,9627,0,1,9466[CR],1043124625
Z,0,0,9627,0,0,9461[CR],1043125203
Z,0,0,9627,0,0,9455[CR],1043125656
Z,0,0,9627,0,0,9448[CR],1043125765
C,20730,750,9627,0,0,9444[CR],1043126234
Z,0,0,9627,0,0,9441[CR],1043126687
Z,0,0,9627,0,0,9436[CR],1043127265
Z,0,0,9627,0,0,9430[CR],1043127703
F,19580,18064,9627,0,0,9423[CR],1043128156
Z,0,0,9627,0,0,9418[CR],1043128718
Z,0,0,9627,0,1,9413[CR],1043129187
Z,0,0,9627,0,0,9410[CR],1043129625
C,20608,742,9627,0,0,9406[CR],1043129984
F,19614,18074,9627,0,0,9402[CR],1043130562
Z,0,0,9627,0,0,9398[CR],1043130796
F,19618,18074,9627,0,0,9396[CR],1043131265
Z,0,0,9627,0,0,9391[CR],1043131843
Z,0,0,9627,0,0,9387[CR],1043132296
Z,0,0,9627,0,0,9383[CR],1043132750
Z,0,0,9627,0,0,9379[CR],1043133312
Z,0,0,9627,0,0,9374[CR],1043133781
Z,0,0,9627,0,0,9370[CR],1043134343
Z,0,0,9627,0,0,9366[CR],1043134812
Z,0,0,9627,0,0,9362[CR],1043135265
Z,0,0,9627,0,0,9358[CR],1043135843
Z,0,0,9627,0,0,9354[CR],1043136312
F,19658,18088,9627,0,0,9351[CR],1043136781
Z,0,0,9627,0,0,9347[CR],1043137234
Z,0,0,9627,0,0,9342[CR],1043137812
Z,0,0,9627,0,0,9340[CR],1043137812
F,19668,18090,9627,0,0,9337[CR],1043138265
Z,0,0,9627,0,0,9335[CR],1043138843
Z,0,0,9627,0,0,9332[CR],1043139296
Z,0,0,9627,0,0,9328[CR],1043139875
Z,0,0,9627,0,0,9325[CR],1043140328
Z,0,0,9627,0,0,9321[CR],1043140781
Z,0,0,9627,0,0,9317[CR],1043141343
Z,0,0,9627,0,0,9314
<PAUSE BUTTON 08:55:35>
[CR],1043141671
>
Reset interface. Wait time for interface: 78
>
Reset interface. Wait time for interface: 79DOFF
OK
>
Command: DOFF Wait time for interface: 46

>
Reset interface. Wait time for interface: 78CLEAR
OK
>
Command: CLEAR Wait time for interface: 110

<END BUTTON 09:00:39>

------------------- Begin end zero test --------------------
>
Reset interface. Wait time for interface: 109SCAN E
Z,0,0,0,0,326,2665
C,12079,7110,0,0,343,2470[CR],1043448000
F,12174,12715,0,0,341,2470[CR],1043448359
C,12078,7370,0,0,364,2469[CR],1043448812
F,12171,12714,0,0,367,2469[CR],1043449156
C,12078,7182,0,0,341,2468[CR],1043449593
F,12170,12714,0,0,355,2470[CR],1043449921
C,12078,7410,0,0,359,2470[CR],1043450359
F,12175,12714,0,0,342,2469[CR],1043450687
C,12079,7576,0,0,353,2469[CR],1043451140
F,12170,12714,0,0,358,2469[CR],1043451484
A,35292,12165,0,0,355,2470[CR],1043451921
F,12154,12716,0,0,344,2469[CR],1043452281
C,12078,7546,0,0,339,2469[CR],1043452718
F,12163,12715,0,0,356,2470[CR],1043453046
C,12078,7526,0,0,351,2468[CR],1043453406
F,12163,12714,0,0,347,2469[CR],1043453859
C,12079,7576,0,0,353,2469[CR],1043453968
>
Reset interface. Wait time for interface: 78

======== END OF TEST ========


