CPT-log version: 5.22
======== BEGIN OF TEST ========
DATE 13.10.2022

<Transmited Data>
<NEW BUTTON 10:13:49>
[^C][CR]
[^C][CR]
[^C][CR]
CLEAR[CR]
[^C][CR]
DOFF[CR]
[^C][CR]
SCAN E[CR]
[^C][CR]
[^C][CR]
CLEAR[CR]

<START BUTTON 10:20:32>
[^C][CR]
[^C][CR]
DRON[CR]
SCAN E[CR]
[^G][^G][^G][^G][^G][^G][^G][^G][^G][^G][^G][^G][^G]
<PAUSE BUTTON 10:29:03>
[^C][CR]
[^C][CR]
DOFF[CR]
[^C][CR]
CLEAR[CR]

<END BUTTON 10:35:06>
[^C][CR]
SCAN E[CR]
[^C][CR]


<Received Data>
<NEW BUTTON 10:13:49>

>
Reset interface. Wait time for interface: 78
>
Reset interface. Wait time for interface: 110
>
Reset interface. Wait time for interface: 109CLEAR
OK
>
Command: CLEAR Wait time for interface: 110

>
Reset interface. Wait time for interface: 109DOFF
OK
>
Command: DOFF Wait time for interface: 109

>
Reset interface. Wait time for interface: 109SCAN E
Z,0,0,0,0,286,2635
F,12177,12668,0,0,304,2464[CR],615964421
C,12148,9081,0,0,269,2465[CR],615964750
F,12172,12667,0,0,310,2464[CR],615965187
C,12147,9177,0,0,321,2465[CR],615965515
F,12176,12667,0,0,312,2465[CR],615965968
A,35740,12174,0,0,275,2465[CR],615966296
F,12160,12669,0,0,300,2464[CR],615966750
C,12148,9178,0,0,295,2465[CR],615967093
F,12170,12668,0,0,308,2465[CR],615967546
C,12149,8879,0,0,320,2465[CR],615967875
F,12172,12669,0,0,314,2465[CR],615968343
C,12148,9074,0,0,257,2464[CR],615968671
F,12169,12669,0,0,225,2465[CR],615969109
C,12149,9147,0,0,272,2465[CR],615969437
F,12173,12667,0,0,310,2464[CR],615969890
C,12149,8957,0,0,319,2464[CR],615970234
F,12172,12668,0,0,310,2464[CR],615970687
C,12148,9011,0,0,315,2465[CR],615971031
F,12175,12667,0,0,319,2465[CR],615971375
C,12149,9062,0,0,314,2465[CR],615971812
F,12167,12668,0,0,287,2464[CR],615972250
A,35704,12172,0,0,297,2465[CR],615972578
F,12156,12668,0,0,283,2465[CR],615973015
C,12149,9000,0,0,281,2464[CR],615973343
F,12171,12668,0,0,272,2464[CR],615973562
>
Reset interface. Wait time for interface: 47
>
Reset interface. Wait time for interface: 31CLEAR
OK
>
Command: CLEAR Wait time for interface: 109

<START BUTTON 10:20:32>

>
Reset interface. Wait time for interface: 62
>
Reset interface. Wait time for interface: 109DRON
OK
>
Command: DRON Wait time for interface: 110
SCAN E
Z,0,0,0,0,500,4401
F,15027,15219,0,0,500,4056[CR],616239390
C,20660,474,0,0,499,4055[CR],616239828
F,15022,15229,0,0,501,4056[CR],616240156
C,20638,470,0,0,499,4055[CR],616240593
F,15025,15232,0,0,499,4055[CR],616240921
A,35648,15025,0,0,501,4054[CR],616241359
F,15010,15228,0,0,501,4054[CR],616241687
C,20608,472,0,0,499,4054[CR],616242125
F,15027,15224,0,0,500,4054[CR],616242562
C,20594,470,0,0,501,4054[CR],616242890
F,15032,15237,0,0,500,4053[CR],616243328
C,20586,486,0,0,499,4054[CR],616243656
F,15037,15242,0,0,500,4052[CR],616244093
C,20570,476,0,0,500,4052[CR],616244421
F,15024,15246,0,0,499,4053[CR],616244859
C,20556,478,0,0,500,4052[CR],616245296
F,15025,15253,0,0,501,4052[CR],616245625
C,20550,478,0,0,499,4052[CR],616246062
F,15026,15253,0,0,500,4051[CR],616246390
C,20542,484,0,0,500,4052[CR],616246828
F,15025,15263,0,0,501,4052[CR],616247156
A,35616,15021,0,0,501,4052[CR],616247593
F,15008,15264,0,0,500,4051[CR],616248031
C,20538,472,0,0,500,4050[CR],616248359
F,15027,15264,6,32,570,4091[CR],616248796
C,20532,472,19,33,571,4092[CR],616249125
F,14926,14586,33,31,566,4024[CR],616249562
C,22136,454,46,28,563,3972[CR],616249906
F,15087,14864,60,38,562,3921[CR],616250328
C,20586,464,73,38,559,3861[CR],616250765
F,15084,15140,86,35,560,3861[CR],616251093
C,19234,492,99,34,560,3872[CR],616251531
F,15195,15861,113,36,561,3881[CR],616251859
C,18120,474,126,34,563,3810[CR],616252296
F,15167,16856,139,34,568,3860[CR],616252625
C,18864,426,152,33,569,3938[CR],616253062
F,15490,17370,166,38,566,3989[CR],616253500
A,35624,12934,180,35,566,3996[CR],616253828
F,11717,17144,195,38,564,3973[CR],616254265
C,20024,422,210,41,564,3879[CR],616254593
F,10090,16292,225,33,556,3901[CR],616255031
C,19570,444,241,43,561,3867[CR],616255359
F,10584,15041,257,39,561,3843[CR],616255796
C,18780,418,273,49,562,3826[CR],616256234
F,13562,14641,290,43,561,3812[CR],616256562
C,18034,420,306,41,563,3820[CR],616257000
F,17920,15203,322,41,566,3882[CR],616257328
C,17848,422,339,49,568,3939[CR],616257765
F,16450,16050,358,47,568,3999[CR],616258093
C,17930,452,377,54,569,4000[CR],616258531
F,16910,16072,395,44,568,4041[CR],616258968
C,17882,436,414,54,568,4131[CR],616259296
F,18286,15708,432,47,568,4195[CR],616259734
A,35628,18126,450,51,563,4264[CR],616260062
F,17970,15558,469,47,563,4291[CR],616260453
C,17646,464,488,43,563,4350[CR],616260828
F,18774,15562,507,51,569,4396[CR],616261265
C,16327,456,525,54,574,4401[CR],616261703
F,20656,16271,545,49,574,4408[CR],616262031
C,15535,454,563,47,574,4419[CR],616262468
F,18768,17932,583,47,571,4457[CR],616262796
C,14657,434,602,57,572,4507[CR],616263234
F,19228,17476,622,47,571,4515[CR],616263562
C,14966,460,642,51,569,4531[CR],616264000
F,19328,16256,661,49,567,4555[CR],616264437
C,15712,442,681,54,565,4566[CR],616264765
F,15647,16448,701,47,563,4491[CR],616265203
C,16654,450,721,51,563,4422[CR],616265531
F,13388,15496,741,57,563,4324[CR],616265968
A,35588,15734,762,49,565,4250[CR],616266296
F,17404,14270,782,54,560,4206[CR],616266734
C,15716,450,802,47,560,4171[CR],616267171
F,20096,14446,822,51,561,4169[CR],616267500
C,16146,458,841,49,564,4228[CR],616267937
F,16640,14583,860,51,566,4269[CR],616268265
C,16101,446,880,57,564,4239[CR],616268703
F,19632,14102,901,47,563,4207[CR],616269031
C,15419,452,920,57,564,4259[CR],616269468
F,20370,14421,940,44,566,4169[CR],616269906
C,15285,470,961,51,567,4149[CR],616270234
F,17668,14593,981,57,567,4141[CR],616270671
C,15135,458,1001,51,565,4175[CR],616271000
F,17170,15235,1020,51,563,4171[CR],616271437
C,15962,466,1040,49,564,4219[CR],616271765
F,15263,15582,1060,54,567,4219[CR],616272203
A,35564,15316,1079,47,570,4222[CR],616272640
F,15328,15430,1099,51,571,4256[CR],616272968
C,15941,458,1119,51,571,4288[CR],616273406
F,13538,15963,1139,49,566,4272[CR],616273734
C,16838,458,1159,51,562,4248[CR],616274171
F,13153,15059,1180,47,565,4168[CR],616274500
C,16052,464,1200,54,569,4117[CR],616274937
F,16460,13761,1221,57,569,4057[CR],616275390
C,15017,454,1241,49,570,4030[CR],616275718
F,21546,13519,1261,54,570,3993[CR],616276156
C,14675,448,1281,49,571,3995[CR],616276484
F,23244,13671,1301,54,572,3989[CR],616276921
C,14489,458,1321,57,572,3995[CR],616277250
F,19906,14200,1341,49,576,3984[CR],616277687
C,14434,456,1361,54,576,4026[CR],616278031
F,21766,14851,1380,49,575,4085[CR],616278453
A,35536,18488,1400,49,574,4150[CR],616278890
F,16470,15689,1419,49,573,4172[CR],616279218
C,16416,448,1439,51,572,4204[CR],616279656
F,14307,14962,1459,43,570,4180[CR],616279984
C,16662,454,1479,51,568,4188[CR],616280421
F,16460,14288,1498,54,567,4259[CR],616280859
C,17306,458,1518,49,568,4283[CR],616281187
F,18052,14267,1539,54,568,4254[CR],616281625
C,17482,460,1558,49,571,4260[CR],616281953
F,17818,14478,1579,51,574,4237[CR],616282390
C,17186,468,1599,54,575,4214[CR],616282718
F,18538,15250,1619,49,574,4201[CR],616283156
C,17336,468,1639,54,572,4197[CR],616283593
F,18388,15216,1659,47,572,4176[CR],616283921
C,16950,462,1680,54,574,4147[CR],616284359
F,19498,15200,1700,57,579,4128[CR],616284687
A,35520,19940,1720,49,582,4097[CR],616285125
F,20170,16129,1728,4,485,4039[CR],616285453
C,15259,470,1728,1,482,4021[CR],616285890
F,21966,15735,1728,0,481,4013[CR],616286328
C,14603,478,1728,0,480,4021[CR],616286656
F,20160,14965,1728,0,480,4026[CR],616287093
C,14572,472,1728,0,479,4030[CR],616287421
F,19230,14547,1728,0,477,4034[CR],616287859
C,14550,470,1728,0,451,4078[CR],616288187
F,18630,14302,1728,0,425,4176[CR],616288625
C,14742,488,1728,0,423,4175[CR],616289062
F,18372,16212,1728,0,428,4170[CR],616289390
C,14644,476,1728,0,460,4073[CR],616289828
F,17876,16458,1728,0,450,4066[CR],616290156
C,14711,494,1728,0,449,4067[CR],616290593
F,17718,16166,1728,0,443,3799[CR],616290921
A,35564,17542,1728,0,1,2601[CR],616291468
Z,0,0,1728,0,0,2468[CR],616292015
Z,0,0,1728,0,0,2488[CR],616292453
Z,0,0,1728,0,0,2492[CR],616293000
Z,0,0,1728,0,0,2490[CR],616293437
Z,0,0,1728,0,0,2489[CR],616293984
Z,0,0,1728,0,0,2490[CR],616294421
Z,0,0,1728,0,0,2490[CR],616294968
Z,0,0,1728,0,0,2482[CR],616295515
Z,0,0,1728,0,0,2487[CR],616295953
Z,0,0,1728,0,0,2485[CR],616296500
Z,0,0,1728,0,0,2483[CR],616296937
Z,0,0,1728,0,0,2485[CR],616297484
Z,0,0,1728,0,0,2482[CR],616298031
Z,0,0,1728,0,0,2482[CR],616298468
Z,0,0,1728,0,0,2481[CR],616299015
Z,0,0,1728,0,0,2480[CR],616299453
Z,0,0,1728,0,342,2479[CR],616300000
Z,0,0,1728,0,0,2480[CR],616300437
Z,0,0,1728,0,0,2480[CR],616300984
Z,0,0,1728,0,15,2480[CR],616301531
Z,0,0,1728,0,317,2479[CR],616301968
Z,0,0,1728,0,0,2480[CR],616302515
Z,0,0,1728,0,0,2479[CR],616302953
Z,0,0,1728,0,0,2479[CR],616303500
Z,0,0,1728,0,0,2480[CR],616304046
Z,0,0,1728,0,0,2479[CR],616304484
Z,0,0,1728,0,0,2480[CR],616305031
Z,0,0,1728,0,0,2481[CR],616305031
C,13658,470,1728,0,0,2480[CR],616305468
F,16390,12682,1728,0,0,2484[CR],616305906
Z,0,0,1728,0,0,2457[CR],616306453
Z,0,0,1728,0,0,2454[CR],616306890
Z,0,0,1728,0,0,2452[CR],616307328
W,8269,830,1728,0,0,2453[CR],616307765
Z,0,0,1728,0,0,2455[CR],616308312
Z,0,0,1728,0,0,2462[CR],616308750
Z,0,0,1728,0,0,2464[CR],616309296
Z,0,0,1728,0,8,2466[CR],616309843
Z,0,0,1728,0,0,2468[CR],616310281
Z,0,0,1728,0,3,2469[CR],616310828
Z,0,0,1728,0,0,2472[CR],616311265
Z,0,0,1728,0,0,2476[CR],616311812
Z,0,0,1728,0,0,2474[CR],616312250
Z,0,0,1728,0,0,2477[CR],616312796
Z,0,0,1728,0,17,2474[CR],616313343
Z,0,0,1728,0,0,2478[CR],616313781
Z,0,0,1728,0,2,2477[CR],616314328
Z,0,0,1728,0,0,2492[CR],616314765
Z,0,0,1728,0,0,2487[CR],616315312
Z,0,0,1728,103,0,2496[CR],616315750
Z,0,0,1728,60,0,2485[CR],616316296
Z,0,0,1734,12,442,2640[CR],616316734
C,13590,486,1741,4,460,3960[CR],616317171
F,16113,16086,1741,1,415,4126[CR],616317500
C,15014,476,1741,0,416,4106[CR],616317937
F,16600,16062,1741,0,416,4101[CR],616318265
C,14767,478,1741,0,381,4103[CR],616318703
F,16510,16006,1741,0,380,4116[CR],616319140
C,14702,494,1741,0,382,4106[CR],616319468
F,16408,15956,1741,0,382,4099[CR],616319687
E,103600,146048,1741,0,376,4092[CR],616319906
C,14661,490,1741,0,462,4069[CR],616320312
F,16352,15911,1741,0,471,4029[CR],616320687
C,14666,504,1741,0,472,4012[CR],616321031
F,16323,16055,1741,0,471,4008[CR],616321375
C,14649,482,1741,0,472,4003[CR],616321828
F,16292,16024,1741,0,472,3998[CR],616322156
A,35436,16274,1741,0,471,3994[CR],616322593
F,16261,15999,1741,0,471,3990[CR],616323046
C,14614,470,1741,0,472,3989[CR],616323375
F,16261,15980,1741,0,471,3987[CR],616323812
C,14604,470,1741,0,471,3984[CR],616324140
F,16243,15961,1747,54,566,4061[CR],616324578
C,14593,484,1767,49,569,4164[CR],616324906
F,13159,16265,1788,51,570,4133[CR],616325343
C,15825,482,1807,57,567,4132[CR],616325781
F,13992,16058,1827,49,565,4145[CR],616326125
C,16078,476,1847,54,564,4130[CR],616326546
F,16540,15011,1867,49,566,4112[CR],616326875
C,15903,494,1887,54,568,4052[CR],616327312
F,20538,13831,1907,49,570,4018[CR],616327640
C,15042,490,1927,49,569,4015[CR],616328078
F,23474,14075,1947,54,568,3995[CR],616328515
A,35408,22650,1967,47,564,4022[CR],616328843
F,21868,14869,1987,54,563,4045[CR],616329187
C,15794,496,2006,47,566,4047[CR],616329609
F,18786,14969,2027,51,564,4022[CR],616330046
C,16154,490,2046,57,566,4015[CR],616330375
F,19460,14403,2066,51,566,4021[CR],616330812
C,15771,484,2086,57,566,4056[CR],616331250
F,21030,14086,2106,49,566,4083[CR],616331578
C,15725,500,2125,51,567,4141[CR],616332015
F,20698,14191,2145,49,567,4196[CR],616332343
C,15961,496,2164,49,564,4249[CR],616332781
F,17398,14589,2184,44,562,4279[CR],616333109
C,16152,506,2203,49,563,4322[CR],616333546
F,18930,14097,2223,51,563,4320[CR],616333984
C,15631,506,2243,49,569,4283[CR],616334312
F,21374,13721,2263,54,569,4231[CR],616334750
A,35388,24550,2282,47,568,4253[CR],616335078
F,25512,13464,2302,51,566,4276[CR],616335515
C,14804,524,2322,49,566,4311[CR],616335843
F,22802,13729,2342,51,566,4337[CR],616336281
C,15253,514,2361,54,567,4333[CR],616336718
F,21102,13551,2381,49,566,4323[CR],616337046
C,14710,514,2400,54,563,4344[CR],616337484
F,25212,13517,2420,49,564,4393[CR],616337812
C,15256,508,2440,54,566,4397[CR],616338250
F,20810,13808,2460,49,565,4372[CR],616338578
C,15884,502,2480,51,562,4354[CR],616339015
F,19236,13529,2499,44,564,4351[CR],616339453
C,15386,546,2519,49,567,4353[CR],616339781
F,24228,13281,2539,57,568,4359[CR],616340218
C,14510,534,2559,49,567,4338[CR],616340546
F,26784,14212,2579,51,564,4348[CR],616340984
A,35360,25848,2599,47,568,4331[CR],616341312
F,24792,15054,2619,54,566,4343[CR],616341750
C,14728,536,2639,57,564,4337[CR],616342187
F,22060,14885,2659,49,561,4321[CR],616342515
C,14640,532,2678,57,561,4359[CR],616342953
F,23216,14167,2699,49,563,4329[CR],616343281
C,14748,532,2718,49,565,4338[CR],616343718
F,21994,14431,2738,47,566,4411[CR],616344046
C,15588,518,2757,49,563,4459[CR],616344484
F,19620,15590,2777,51,560,4532[CR],616344921
C,17154,520,2797,51,559,4565[CR],616345250
F,14931,15964,2817,54,561,4599[CR],616345687
C,18158,500,2836,49,564,4665[CR],616346031
F,14277,15424,2856,51,558,4688[CR],616346453
C,20112,482,2875,47,551,4729[CR],616346781
F,11835,15533,2895,54,546,4777[CR],616347218
A,35368,11448,2915,43,545,4774[CR],616347656
F,11932,14873,2936,51,551,4739[CR],616347984
C,20954,516,2956,54,554,4700[CR],616348421
F,13585,15941,2976,47,555,4720[CR],616348750
C,20382,506,2996,51,554,4739[CR],616349187
F,15330,16546,3015,47,550,4737[CR],616349515
C,19712,506,3035,54,551,4759[CR],616349953
F,16926,16752,3055,47,553,4757[CR],616350390
C,18896,506,3076,51,556,4722[CR],616350718
F,17478,16396,3096,54,558,4673[CR],616351156
C,17910,506,3116,49,559,4658[CR],616351484
F,17642,16730,3136,51,560,4690[CR],616351921
C,17056,500,3156,44,559,4685[CR],616352250
F,20032,16578,3176,51,561,4648[CR],616352687
C,15639,506,3196,54,563,4604[CR],616353125
F,23568,17448,3216,47,561,4627[CR],616353453
A,35336,25556,3236,51,556,4695[CR],616353890
F,27416,17836,3255,47,553,4769[CR],616354218
C,17314,512,3275,51,549,4823[CR],616354656
F,16736,16748,3295,54,547,4795[CR],616354984
C,17754,494,3316,51,551,4670[CR],616355421
F,17300,14710,3337,54,558,4622[CR],616355859
C,16053,488,3356,44,559,4623[CR],616356187
F,21908,15128,3377,51,557,4644[CR],616356734
Z,0,0,3401,51,565,4667[CR],616356953
F,23232,16496,3416,51,556,4663[CR],616357375
C,15334,506,3436,57,555,4681[CR],616357718
F,20546,16610,3456,49,547,4677[CR],616358156
C,15351,490,3475,54,540,4727[CR],616358593
F,21934,15546,3495,47,531,4765[CR],616358921
C,15163,510,3515,51,539,4801[CR],616359359
F,21830,14938,3534,43,560,4869[CR],616359687
A,35260,20850,3554,49,568,4998[CR],616360125
F,20654,14764,3572,49,568,5101[CR],616360453
C,14919,522,3593,51,567,5047[CR],616360890
F,22654,14811,3613,54,563,5058[CR],616361328
C,15161,508,3632,47,560,5124[CR],616361656
F,21652,15334,3652,51,562,5146[CR],616362093
C,15874,514,3672,47,561,5149[CR],616362421
F,19768,15360,3692,51,564,5154[CR],616362859
C,15962,524,3711,57,564,5127[CR],616363187
F,19720,15172,3728,10,435,5095[CR],616363625
C,15525,540,3728,2,425,4969[CR],616364062
F,21734,14330,3728,1,424,4951[CR],616364406
C,14637,540,3728,0,423,4951[CR],616364828
F,26332,13974,3728,0,423,4950[CR],616365156
C,14544,524,3728,0,421,4950[CR],616365593
F,27448,13828,3728,0,361,5020[CR],616365921
A,35296,27628,3728,0,360,5018[CR],616366359
F,27624,13754,3728,0,363,4994[CR],616366578
V,186752,8841,3728,0,360,4986[CR],616366703
C,14490,528,3728,0,350,4974[CR],616367125
F,27548,13707,3728,0,416,4931[CR],616367562
C,14487,534,3728,0,412,4926[CR],616367890
F,27368,13682,3728,0,413,4926[CR],616368328
C,14474,532,3728,0,413,4925[CR],616368656
F,27140,13664,3728,0,395,4893[CR],616369093
C,14467,544,3728,0,384,3619[CR],616369640
Z,0,0,3728,0,0,2485[CR],616370078
Z,0,0,3728,0,0,2480[CR],616370625
Z,0,0,3728,0,0,2514[CR],616371062
Z,0,0,3728,0,0,2513[CR],616371609
Z,0,0,3728,0,0,2513[CR],616372156
Z,0,0,3728,0,0,2513[CR],616372593
Z,0,0,3728,0,0,2512[CR],616373140
Z,0,0,3728,0,0,2511[CR],616373578
Z,0,0,3728,0,0,2507[CR],616374125
Z,0,0,3728,0,379,2503[CR],616374562
Z,0,0,3728,0,0,2479[CR],616375109
Z,0,0,3728,0,0,2491[CR],616375656
Z,0,0,3728,0,0,2496[CR],616376093
Z,0,0,3728,0,0,2496[CR],616376640
Z,0,0,3728,0,0,2492[CR],616377078
Z,0,0,3728,0,0,2489[CR],616377625
Z,0,0,3728,0,292,2479[CR],616378171
Z,0,0,3728,0,0,2482[CR],616378609
Z,0,0,3728,0,0,2485[CR],616379156
Z,0,0,3728,0,0,2488[CR],616379593
Z,0,0,3728,0,0,2495[CR],616380140
Z,0,0,3728,0,0,2494[CR],616380687
Z,0,0,3728,0,0,2496[CR],616381125
Z,0,0,3728,0,0,2498[CR],616381671
Z,0,0,3728,0,0,2464[CR],616382109
Z,0,0,3728,0,0,2436[CR],616382656
Z,0,0,3728,0,0,2430[CR],616383093
Z,0,0,3728,0,0,2444[CR],616383640
Z,0,0,3728,0,0,2445[CR],616384187
Z,0,0,3728,0,0,2454[CR],616384625
Z,0,0,3728,0,0,2460[CR],616385171
Z,0,0,3728,0,0,2466[CR],616385609
Z,0,0,3728,0,0,2467[CR],616386156
Z,0,0,3728,0,0,2468[CR],616386593
Z,0,0,3728,0,0,2469[CR],616387140
Z,0,0,3728,0,0,2469[CR],616387687
Z,0,0,3728,0,1,2473[CR],616388125
Z,0,0,3728,0,0,2474[CR],616388671
Z,0,0,3728,0,149,2478[CR],616389109
Z,0,0,3728,0,193,2480[CR],616389656
Z,0,0,3728,0,1,2495[CR],616390093
Z,0,0,3728,0,0,2484[CR],616390640
Z,0,0,3728,0,302,2465[CR],616391187
Z,0,0,3728,0,0,2497[CR],616391625
Z,0,0,3728,51,0,2492[CR],616392171
Z,0,0,3728,64,0,2490[CR],616392609
Z,0,0,3728,57,191,2491[CR],616393156
Z,0,0,3728,9,337,2748[CR],616393281
C,13974,538,3732,35,331,3936[CR],616393703
F,22028,13626,3739,6,333,4441[CR],616394140
C,14327,512,3739,1,325,4539[CR],616394468
F,22080,13961,3739,1,321,4520[CR],616394906
C,14379,506,3739,0,284,4514[CR],616395234
F,22036,13935,3739,0,281,4518[CR],616395671
C,14370,514,3739,0,276,4512[CR],616396000
F,21922,13918,3739,0,280,4509[CR],616396437
C,14365,496,3739,0,377,4517[CR],616396875
F,21804,13912,3739,0,373,4499[CR],616397203
A,35208,21724,3739,0,365,4487[CR],616397640
F,21688,13912,3739,0,359,4482[CR],616397968
C,14369,530,3739,0,353,4478[CR],616398406
F,21610,13907,3739,0,350,4475[CR],616398734
C,14368,514,3739,0,352,4471[CR],616399171
F,21516,13905,3739,0,361,4469[CR],616399609
C,14368,530,3739,0,353,4464[CR],616399937
F,21424,13904,3739,0,347,4465[CR],616400375
C,14369,514,3739,0,354,4462[CR],616400703
F,21348,13907,3743,27,425,4531[CR],616401140
C,14370,526,3761,54,544,5302[CR],616401468
F,21050,14987,3781,49,544,5285[CR],616401906
C,15463,524,3801,49,544,5242[CR],616402343
F,16646,15171,3820,57,544,5240[CR],616402671
C,15244,528,3840,47,543,5266[CR],616403109
F,19380,15669,3860,51,547,5263[CR],616403437
A,35180,19022,3880,49,545,5182[CR],616403875
F,18732,15516,3900,51,544,5094[CR],616404234
C,14971,558,3920,54,544,5103[CR],616404640
F,21054,15579,3940,47,543,5143[CR],616404968
C,15726,566,3959,54,543,5175[CR],616405406
F,20694,15670,3979,47,543,5218[CR],616405843
C,16071,554,3998,54,545,5221[CR],616406171
F,20778,15129,4018,47,547,5162[CR],616406609
C,15661,562,4038,51,544,5122[CR],616406937
F,19446,15428,4057,43,545,5104[CR],616407375
C,15411,562,4078,51,548,5074[CR],616407812
F,20584,15441,4097,54,545,5077[CR],616408140
C,15316,560,4117,49,547,5110[CR],616408578
F,20870,15670,4136,54,547,5159[CR],616408906
C,16261,554,4156,47,546,5176[CR],616409343
F,18708,16111,4176,54,545,5155[CR],616409671
A,35168,17942,4196,49,540,5138[CR],616410109
F,18274,15173,4216,51,539,5152[CR],616410546
C,16280,540,4235,54,539,5088[CR],616410875
F,21044,14200,4256,51,539,5054[CR],616411312
C,15582,536,4275,54,538,5069[CR],616411640
F,24180,14078,4295,47,539,5110[CR],616412078
C,15824,540,4315,54,540,5096[CR],616412406
F,21098,15084,4334,49,544,5063[CR],616412843
C,16129,552,4354,51,545,5071[CR],616413281
F,18334,14889,4373,43,544,5087[CR],616413609
C,15221,562,4393,49,545,5116[CR],616414046
F,20796,15244,4412,57,543,5151[CR],616414375
C,15878,582,4432,49,543,5172[CR],616414812
F,19088,15574,4452,57,543,5169[CR],616415140
C,15783,594,4472,47,542,5156[CR],616415578
F,20600,14289,4491,51,546,5158[CR],616416015
A,35116,23134,4511,49,547,5161[CR],616416343
F,23602,14361,4531,51,548,5160[CR],616416781
C,15442,592,4550,47,545,5178[CR],616417109
F,23072,14493,4570,51,546,5131[CR],616417546
C,15465,594,4590,60,544,5129[CR],616417875
F,23386,14323,4610,49,541,5110[CR],616418312
C,15230,600,4629,51,540,5148[CR],616418750
F,23116,14695,4649,47,540,5151[CR],616419078
C,15507,594,4669,51,542,5161[CR],616419515
F,21926,14608,4688,43,541,5155[CR],616419843
C,15568,596,4708,51,543,5220[CR],616420281
F,21906,14809,4727,47,542,5238[CR],616420609
C,16247,598,4747,51,541,5264[CR],616421046
F,19708,14465,4767,57,540,5169[CR],616421484
C,15537,572,4787,49,540,5168[CR],616421812
F,24012,13647,4807,54,538,5197[CR],616422156
A,35148,25860,4826,49,538,5239[CR],616422578
F,24644,14235,4846,51,537,5223[CR],616422968
C,16213,592,4865,43,537,5234[CR],616423343
F,22630,14343,4885,49,543,5332[CR],616423781
C,17480,600,4904,57,545,5390[CR],616424218
F,16458,16011,4924,49,542,5378[CR],616424546
C,18774,596,4944,54,537,5325[CR],616424984
F,14115,14575,4964,47,540,5322[CR],616425312
C,18704,598,4984,51,542,5331[CR],616425750
F,15486,15566,5004,47,541,5304[CR],616426078
C,18782,590,5024,49,535,5255[CR],616426515
F,12735,14919,5044,57,536,5271[CR],616426953
C,18030,608,5064,49,537,5257[CR],616427281
F,15488,14246,5084,54,540,5248[CR],616427718
C,18300,602,5103,47,540,5247[CR],616428046
F,18276,14667,5123,51,542,5254[CR],616428484
A,35108,19302,5143,43,541,5271[CR],616428812
F,19622,15169,5163,51,543,5225[CR],616429250
C,17888,628,5183,54,544,5195[CR],616429687
F,21216,15759,5203,51,543,5186[CR],616430062
C,17614,622,5224,51,540,5151[CR],616430453
F,20584,16237,5243,44,538,5148[CR],616430781
C,16984,606,5263,51,539,5169[CR],616431218
F,23126,16094,5283,57,540,5204[CR],616431546
C,17762,622,5302,49,543,5246[CR],616431984
F,18192,15756,5322,54,540,5269[CR],616432421
C,18396,624,5342,49,540,5271[CR],616432750
F,18262,14236,5362,51,539,5328[CR],616433187
C,18076,636,5381,49,536,5324[CR],616433515
F,21486,14291,5401,54,538,5318[CR],616433953
C,18392,642,5421,43,539,5316[CR],616434281
F,22812,14913,5441,49,543,5306[CR],616434718
A,35060,23388,5460,54,542,5323[CR],616435156
F,23786,16034,5480,49,544,5365[CR],616435484
C,17688,642,5499,49,537,5397[CR],616435921
F,19760,17240,5519,47,536,5470[CR],616436250
C,18458,652,5538,51,537,5533[CR],616436687
F,19436,16784,5558,47,540,5591[CR],616437015
C,20664,654,5577,54,538,5608[CR],616437453
F,13212,16202,5597,43,534,5614[CR],616437890
C,21182,660,5617,51,532,5615[CR],616438218
F,15980,14552,5637,54,534,5587[CR],616438656
C,19856,654,5657,49,537,5546[CR],616438984
F,18746,15272,5677,51,535,5571[CR],616439421
C,18334,650,5696,47,536,5704[CR],616439750
F,21050,17258,5714,51,537,5819[CR],616440187
C,19106,658,5727,7,366,5848[CR],616440531
F,17748,18806,5727,1,332,5728[CR],616440953
A,35116,19844,5727,1,338,5627[CR],616441390
F,21296,17428,5727,0,332,5451[CR],616441718
C,18322,654,5727,0,327,5457[CR],616442156
F,22946,16652,5727,0,279,5479[CR],616442484
C,18274,658,5727,0,287,5488[CR],616442921
F,22704,16224,5727,0,287,5482[CR],616443359
C,18246,662,5727,0,326,5465[CR],616443687
F,22070,15973,5727,0,339,5470[CR],616444125
C,18226,660,5727,0,344,5466[CR],616444453
F,21486,15806,5727,0,312,5451[CR],616444890
C,18206,660,5727,0,288,3725[CR],616445328
Z,0,0,5727,0,0,2462[CR],616445875
Z,0,0,5727,0,0,2480[CR],616446421
Z,0,0,5727,0,0,2496[CR],616446859
Z,0,0,5727,0,0,2500[CR],616447406
Z,0,0,5727,0,0,2501[CR],616447843
Z,0,0,5727,0,0,2499[CR],616448390
Z,0,0,5727,0,0,2500[CR],616448937
Z,0,0,5727,0,0,2496[CR],616449375
Z,0,0,5727,0,0,2493[CR],616449921
Z,0,0,5727,0,0,2482[CR],616450359
Z,0,0,5727,0,0,2481[CR],616450906
Z,0,0,5727,0,0,2490[CR],616451343
Z,0,0,5727,0,0,2492[CR],616451890
Z,0,0,5727,0,0,2485[CR],616452437
Z,0,0,5727,0,0,2482[CR],616452875
Z,0,0,5727,0,0,2482[CR],616453421
Z,0,0,5727,0,0,2482[CR],616453859
Z,0,0,5727,0,0,2486[CR],616454406
Z,0,0,5727,0,0,2484[CR],616454953
Z,0,0,5727,0,0,2489[CR],616455390
Z,0,0,5727,0,0,2490[CR],616455937
Z,0,0,5727,0,0,2492[CR],616456375
Z,0,0,5727,0,0,2491[CR],616456921
Z,0,0,5727,0,0,2490[CR],616457468
Z,0,0,5727,0,0,2490[CR],616457906
Z,0,0,5727,0,0,2492[CR],616458453
Z,0,0,5727,0,0,2494[CR],616458890
Z,0,0,5727,0,0,2443[CR],616459437
Z,0,0,5727,0,0,2445[CR],616459875
Z,0,0,5727,0,0,2443[CR],616460421
Z,0,0,5727,0,0,2452[CR],616460968
Z,0,0,5727,0,1,2460[CR],616461406
Z,0,0,5727,0,0,2465[CR],616461953
Z,0,0,5727,0,0,2467[CR],616462390
Z,0,0,5727,0,0,2469[CR],616462937
Z,0,0,5727,0,0,2471[CR],616463375
Z,0,0,5727,0,0,2471[CR],616463921
Z,0,0,5727,0,0,2473[CR],616464468
Z,0,0,5727,0,0,2475[CR],616464906
Z,0,0,5727,0,0,2478[CR],616465453
Z,0,0,5727,0,0,2475[CR],616465890
Z,0,0,5727,0,0,2477[CR],616466437
Z,0,0,5727,0,0,2479[CR],616466984
Z,0,0,5727,0,32,2480[CR],616467421
Z,0,0,5727,0,0,2498[CR],616467968
Z,0,0,5727,0,0,2482[CR],616468406
Z,0,0,5727,68,2,2492[CR],616468953
Z,0,0,5727,64,0,2487[CR],616469390
Z,0,0,5727,27,250,2520[CR],616469828
C,16560,664,5737,38,240,3711[CR],616470265
F,18206,13874,5738,3,229,4496[CR],616470703
C,16896,664,5738,3,226,4486[CR],616471031
F,18220,14177,5738,4,220,4478[CR],616471468
C,16966,668,5738,3,207,4472[CR],616471796
F,18210,14204,5738,1,92,4487[CR],616472234
A,35016,18198,5738,1,142,4483[CR],616472562
F,18188,14219,5738,0,147,4478[CR],616473000
C,16992,652,5738,0,315,4480[CR],616473437
F,18176,14225,5738,0,306,4473[CR],616473765
C,17000,654,5738,0,306,4476[CR],616474203
F,18162,14236,5738,0,296,4474[CR],616474531
C,17006,660,5738,0,288,4473[CR],616474968
F,18140,14240,5738,0,289,4469[CR],616475296
C,17010,650,5738,0,286,4466[CR],616475734
F,18136,14240,5738,0,287,4463[CR],616476171
C,17012,660,5738,0,279,4462[CR],616476500
F,18124,14239,5738,0,271,4460[CR],616476937
C,17012,654,5738,0,276,4457[CR],616477265
F,18122,14238,5743,27,388,4646[CR],616477703
C,17012,664,5758,54,551,6076[CR],616478031
F,18074,19014,5778,49,550,6285[CR],616478468
A,34968,10479,5798,51,548,6276[CR],616478906
F,10453,17278,5817,47,547,6281[CR],616479234
C,21190,658,5837,51,548,6285[CR],616479671
F,11863,15826,5856,47,550,6272[CR],616480000
C,21444,650,5877,49,550,6212[CR],616480437
F,12834,16034,5896,57,545,6135[CR],616480765
C,20436,666,5916,49,547,6133[CR],616481203
F,14430,16205,5936,54,546,6123[CR],616481640
C,19994,658,5955,47,547,6133[CR],616481968
F,16232,16538,5975,54,548,6141[CR],616482406
C,20090,660,5994,47,548,6161[CR],616482734
F,18014,16420,6014,51,548,6193[CR],616483171
C,19986,674,6033,43,547,6192[CR],616483500
F,19282,16518,6053,49,547,6166[CR],616483937
C,19262,680,6072,54,545,6215[CR],616484375
F,20978,17214,6091,49,542,6338[CR],616484703
A,35000,19258,6111,54,547,6446[CR],616485140
F,17078,18602,6130,49,550,6478[CR],616485468
C,22798,674,6150,54,549,6449[CR],616485906
F,12007,17688,6170,49,549,6381[CR],616486234
C,21534,666,6189,51,547,6356[CR],616486671
F,13984,16220,6208,43,547,6365[CR],616487109
C,20754,680,6228,49,550,6402[CR],616487437
F,16182,16460,6247,47,547,6427[CR],616487781
C,20126,674,6267,49,548,6500[CR],616488203
F,17982,16872,6286,54,546,6582[CR],616488640
C,19340,682,6306,51,546,6609[CR],616488968
F,19682,17176,6326,54,547,6569[CR],616489406
C,18738,690,6345,49,545,6565[CR],616489843
F,21228,16836,6364,51,542,6612[CR],616490171
C,19514,700,6383,44,546,6751[CR],616490609
F,21346,18002,6401,54,542,6942[CR],616490937
A,34992,13528,6420,49,540,7072[CR],616491375
F,11358,18254,6439,51,543,7172[CR],616491703
C,28064,714,6458,49,543,7249[CR],616492140
F,9705,16946,6477,54,543,7285[CR],616492578
C,28408,702,6496,44,543,7322[CR],616492906
F,10310,15426,6516,54,543,7390[CR],616493343
C,28472,710,6535,49,540,7393[CR],616493671
F,11119,15058,6554,51,537,7409[CR],616494109
C,28328,714,6574,47,538,7428[CR],616494437
F,12264,14148,6593,51,537,7434[CR],616494875
C,28380,700,6612,49,536,7436[CR],616495312
F,13965,13700,6632,51,537,7441[CR],616495640
C,28276,702,6651,51,535,7441[CR],616496078
F,16074,13473,6671,49,533,7459[CR],616496406
C,28392,702,6690,49,534,7440[CR],616496843
F,17554,13482,6710,51,533,7438[CR],616497171
A,34976,17890,6729,54,535,7456[CR],616497609
F,17944,13619,6748,47,535,7488[CR],616498000
C,28160,712,6768,51,532,7535[CR],616498375
F,18126,13760,6787,44,533,7592[CR],616498812
C,28564,700,6806,51,533,7651[CR],616499140
F,18052,13607,6825,44,529,7739[CR],616499578
C,29396,700,6844,54,533,7809[CR],616499906
F,18154,13797,6863,47,531,7835[CR],616500343
C,30736,706,6883,54,534,7824[CR],616500781
F,18026,13451,6902,44,532,7807[CR],616501109
C,30812,686,6922,51,533,7841[CR],616501546
F,18102,13250,6941,43,535,7826[CR],616501875
C,30308,678,6961,49,535,7778[CR],616502312
F,17992,13677,6981,57,535,7853[CR],616502640
C,29992,678,7001,47,532,7813[CR],616503078
F,18188,14099,7020,51,530,7848[CR],616503515
A,34924,17996,7039,44,531,7911[CR],616503843
F,18128,14504,7057,54,531,8012[CR],616504281
C,31796,678,7076,47,531,8088[CR],616504609
F,18170,14911,7095,51,533,8155[CR],616505046
C,32412,692,7114,47,531,8289[CR],616505375
F,18222,14993,7133,51,527,8400[CR],616505812
C,33488,674,7151,49,528,8507[CR],616506250
F,17960,14489,7171,54,529,8535[CR],616506578
C,34076,690,7191,47,528,8492[CR],616507015
F,18136,14087,7210,51,528,8465[CR],616507343
C,32904,700,7230,49,524,8443[CR],616507781
F,18230,13654,7249,49,527,8477[CR],616508109
C,31200,702,7269,44,529,8376[CR],616508546
F,17800,13801,7289,54,534,8288[CR],616508984
C,27476,706,7309,54,532,8197[CR],616509312
F,18548,14477,7330,47,531,8136[CR],616509750
A,34936,18606,7350,51,536,8069[CR],616510078
F,18640,15237,7369,47,535,8041[CR],616510515
C,20606,714,7389,51,536,7998[CR],616510843
F,19016,17150,7409,41,535,7964[CR],616511281
C,18444,724,7428,49,535,7992[CR],616511718
F,23336,17998,7446,54,536,8082[CR],616512046
C,19216,720,7465,49,535,8176[CR],616512484
F,15050,19910,7484,43,534,8235[CR],616512812
C,20990,710,7503,49,534,8296[CR],616513250
F,10256,18656,7522,51,524,8347[CR],616513578
C,21802,712,7542,49,527,8363[CR],616514015
F,11081,15709,7561,54,526,8404[CR],616514453
C,22094,710,7580,49,527,8407[CR],616514781
F,14413,15738,7600,51,529,8398[CR],616515218
C,21398,712,7620,47,529,8362[CR],616515562
F,18880,16464,7639,54,529,8333[CR],616515984
A,34976,20008,7659,49,530,8299[CR],616516312
F,20222,17832,7678,51,525,8299[CR],616516750
C,19510,712,7696,43,516,8443[CR],616517187
F,23722,19550,7714,47,522,8696[CR],616517515
C,23522,710,7727,8,301,8850[CR],616517953
F,13312,19560,7727,1,149,8720[CR],616518281
C,25656,710,7727,1,135,8703[CR],616518718
F,10646,19128,7727,0,83,8690[CR],616519046
C,24872,700,7727,0,184,8619[CR],616519484
F,15406,18942,7727,0,164,8127[CR],616519921
C,24536,708,7727,0,135,8129[CR],616520250
F,17954,18796,7727,0,91,8166[CR],616520687
C,24296,708,7727,0,108,8166[CR],616521015
F,18536,18718,7727,0,62,8154[CR],616521453
C,24150,712,7727,0,168,7954[CR],616521781
F,18710,18654,7727,0,182,7927[CR],616522218
A,34960,18758,7727,0,153,7931[CR],616522656
F,18748,18606,7727,0,237,6034[CR],616522984
C,23916,708,7727,0,280,3924[CR],616523531
Z,0,0,7727,0,0,2700[CR],616523968
Z,0,0,7727,0,0,2471[CR],616524515
Z,0,0,7727,0,78,2481[CR],616524953
Z,0,0,7727,0,9,2481[CR],616525500
Z,0,0,7727,0,0,2477[CR],616526046
Z,0,0,7727,0,0,2480[CR],616526484
Z,0,0,7727,0,0,2478[CR],616527031
Z,0,0,7727,0,0,2477[CR],616527468
Z,0,0,7727,0,0,2477[CR],616528015
Z,0,0,7727,0,0,2477[CR],616528562
Z,0,0,7727,0,0,2480[CR],616529000
Z,0,0,7727,0,0,2475[CR],616529546
Z,0,0,7727,0,0,2477[CR],616529984
Z,0,0,7727,0,0,2476[CR],616530531
Z,0,0,7727,0,0,2475[CR],616531078
Z,0,0,7727,0,62,2475[CR],616531515
Z,0,0,7727,0,0,2475[CR],616532062
Z,0,0,7727,0,0,2475[CR],616532500
Z,0,0,7727,0,0,2476[CR],616533046
Z,0,0,7727,0,0,2475[CR],616533484
Z,0,0,7727,0,0,2478[CR],616534031
Z,0,0,7727,0,0,2479[CR],616534578
Z,0,0,7727,0,0,2474[CR],616535015
Z,0,0,7727,0,0,2448[CR],616535562
Z,0,0,7727,0,0,2447[CR],616536000
Z,0,0,7727,0,0,2445[CR],616536546
Z,0,0,7727,0,0,2452[CR],616536984
Z,0,0,7727,0,0,2462[CR],616537531
Z,0,0,7727,0,0,2462[CR],616538078
Z,0,0,7727,0,0,2467[CR],616538515
Z,0,0,7727,0,0,2468[CR],616539062
Z,0,0,7727,0,0,2469[CR],616539500
Z,0,0,7727,0,1,2470[CR],616540046
Z,0,0,7727,0,0,2471[CR],616540484
Z,0,0,7727,0,126,2473[CR],616541031
Z,0,0,7727,0,0,2474[CR],616541578
Z,0,0,7727,0,0,2474[CR],616542015
Z,0,0,7727,0,174,2475[CR],616542562
Z,0,0,7727,0,169,2489[CR],616543000
Z,0,0,7727,0,0,2488[CR],616543546
Z,0,0,7727,31,0,2486[CR],616544093
Z,0,0,7727,147,0,2494[CR],616544531
Z,0,0,7727,57,148,3262[CR],616544859
C,19770,710,7727,3,23,4714[CR],616545296
F,18750,15254,7727,1,15,4717[CR],616545625
C,20032,708,7727,0,0,4719[CR],616546062
F,18728,15258,7727,0,0,4716[CR],616546390
C,20038,710,7727,0,1,4712[CR],616546828
F,18718,15255,7727,0,0,4724[CR],616547156
A,34944,18710,7727,0,0,4730[CR],616547593
F,18700,15253,7727,0,0,4726[CR],616548031
C,20032,710,7727,0,0,4724[CR],616548359
F,18720,15249,7727,0,112,4736[CR],616548796
C,20028,716,7727,0,129,4740[CR],616549125
F,18714,15248,7727,0,148,4746[CR],616549562
C,20024,702,7727,0,105,4746[CR],616549890
F,18714,15246,7727,0,102,4748[CR],616550328
C,20018,710,7727,0,90,4749[CR],616550765
F,18710,15243,7727,0,88,4749[CR],616551093
C,20012,718,7727,0,112,4748[CR],616551531
F,18712,15241,7727,0,49,4749[CR],616551859
C,20006,710,7727,0,3,4749[CR],616552296
F,18706,15239,7727,0,1,4747[CR],616552625
C,20000,710,7731,25,277,5208[CR],616553062
F,18702,15291,7742,26,348,7182[CR],616553500
A,34924,18744,7758,54,516,8756[CR],616553828
F,15764,18368,7777,47,510,8888[CR],616554265
C,28656,694,7795,51,504,8954[CR],616554593
F,10637,16335,7814,47,509,8973[CR],616555000
C,30696,708,7833,51,511,8970[CR],616555359
F,13223,14526,7851,47,510,8983[CR],616555796
C,30780,700,7870,51,506,8968[CR],616556234
F,16996,13540,7889,49,504,8961[CR],616556562
C,30240,696,7907,41,508,8961[CR],616557000
F,18466,13278,7926,51,510,8894[CR],616557328
C,29340,708,7945,57,508,8825[CR],616557765
F,18546,13285,7965,49,512,8808[CR],616558093
C,29380,716,7984,54,512,8735[CR],616558531
F,18596,13299,8004,47,508,8673[CR],616558968
C,29352,706,8023,54,512,8616[CR],616559296
F,18526,13452,8043,51,515,8498[CR],616559734
A,34980,18614,8063,51,512,8385[CR],616560062
F,18708,13707,8082,44,510,8331[CR],616560500
C,29036,626,8102,49,511,8242[CR],616560828
F,18714,13394,8122,44,512,8201[CR],616561265
C,28092,710,8141,49,511,8170[CR],616561703
F,18732,13544,8160,54,505,8160[CR],616562031
C,26936,726,8180,49,509,8141[CR],616562468
F,18768,13438,8199,54,509,8157[CR],616562828
C,25656,722,8218,49,507,8173[CR],616563250
F,18794,13565,8238,51,506,8168[CR],616563578
C,24380,730,8257,47,506,8149[CR],616564015
F,18878,13561,8276,51,510,8130[CR],616564453
C,23248,722,8296,47,514,8123[CR],616564781
F,18808,14239,8315,51,509,8095[CR],616565218
C,22868,696,8335,47,509,8071[CR],616565546
F,18872,14735,8354,49,509,8048[CR],616565984
A,35008,18626,8373,44,509,8057[CR],616566312
F,18602,15560,8392,47,509,8084[CR],616566750
C,22754,724,8411,41,510,8123[CR],616567187
F,18570,16143,8430,47,511,8227[CR],616567515
C,23456,750,8448,44,512,8389[CR],616567953
F,17550,16746,8467,49,511,8515[CR],616568281
C,24310,732,8486,44,513,8599[CR],616568718
F,18140,17054,8505,49,513,8664[CR],616569046
C,24088,728,8523,47,510,8712[CR],616569484
F,18114,17292,8543,49,510,8756[CR],616569921
C,23072,750,8562,49,515,8768[CR],616570250
F,19086,17250,8582,51,509,8668[CR],616570687
C,21652,756,8600,41,506,8622[CR],616571015
F,19528,17986,8620,49,508,8618[CR],616571453
C,21064,770,8638,44,506,8684[CR],616571781
F,19000,18528,8658,47,507,8790[CR],616572218
A,35008,15683,8676,41,506,8880[CR],616572656
F,14733,18880,8695,49,509,8919[CR],616573000
C,24244,758,8713,44,509,8951[CR],616573421
F,11952,18110,8733,51,511,8926[CR],616573750
C,24144,750,8752,41,512,8930[CR],616574187
F,13328,17010,8771,47,507,8954[CR],616574515
C,23674,756,8790,49,511,8953[CR],616574953
F,17764,17338,8810,47,510,8926[CR],616575390
C,23136,736,8828,47,508,8939[CR],616575718
F,20106,17716,8847,49,508,8975[CR],616576156
C,23520,752,8865,41,507,9021[CR],616576484
F,18846,18742,8884,49,511,9092[CR],616576921
C,26104,718,8902,39,506,9102[CR],616577250
F,11335,19608,8922,49,511,9104[CR],616577687
C,27548,734,8940,44,508,9046[CR],616578125
F,9695,18354,8961,51,511,8935[CR],616578453
A,35040,10140,8981,57,509,8826[CR],616578890
F,10577,16386,9000,49,507,8759[CR],616579218
C,24534,756,9019,51,505,8734[CR],616579656
F,12861,16013,9039,44,508,8700[CR],616579984
C,22852,782,9058,54,509,8673[CR],616580421
F,16900,16524,9077,44,504,8733[CR],616580859
C,22126,754,9095,51,507,8829[CR],616581203
F,16950,17874,9114,49,511,8858[CR],616581625
C,23678,762,9133,54,505,8867[CR],616581953
F,10815,18342,9153,49,507,8865[CR],616582390
C,23414,772,9173,51,502,8820[CR],616582718
F,10262,16710,9192,47,504,8795[CR],616583156
C,22772,762,9212,51,503,8745[CR],616583593
F,12591,15791,9231,44,504,8710[CR],616583921
C,22730,776,9250,47,503,8722[CR],616584359
F,16630,16464,9269,39,504,8737[CR],616584687
A,35040,18462,9289,49,505,8758[CR],616585125
F,18246,17772,9307,49,507,8795[CR],616585453
C,23272,762,9327,49,504,8798[CR],616585890
F,18262,17710,9345,49,503,8854[CR],616586328
C,23022,766,9364,47,500,8910[CR],616586656
F,19284,17184,9383,47,498,9008[CR],616587093
C,23402,770,9401,47,494,9093[CR],616587421
F,19566,16882,9419,44,490,9252[CR],616587859
C,25752,754,9437,47,498,9345[CR],616588187
F,19444,16502,9454,43,489,9462[CR],616588625
C,29312,758,9470,35,488,9551[CR],616589062
F,18940,16171,9483,29,478,9637[CR],616589390
C,32428,766,9493,15,427,9756[CR],616589828
F,19072,15907,9495,6,354,9811[CR],616590156
C,34316,758,9497,3,292,9816[CR],616590593
F,19474,16117,9497,2,252,9822[CR],616590921
A,35048,19530,9498,1,211,9828[CR],616591359
F,19528,16203,9498,1,116,9830[CR],616591765
C,33668,742,9499,1,117,9828[CR],616592125
F,19558,16243,9499,1,82,9828[CR],616592562
C,33672,732,9499,1,110,9827[CR],616592890
F,19568,16225,9500,0,77,9828[CR],616593328
C,33632,736,9500,0,0,9830[CR],616593656
F,19564,16211,9500,0,0,9833[CR],616594093
C,33616,736,9500,0,46,9837[CR],616594531
F,19570,16204,9501,0,41,9840[CR],616594859
C,33552,732,9501,0,0,9844[CR],616595296
F,19566,16217,9501,0,176,8944[CR],616595625
C,33468,724,9501,0,100,4022[CR],616596062
F,19498,15577,9501,0,347,1650[CR],616596390
C,29560,714,9501,0,508,35544[CR],616596828
F,17918,12652,9501,0,510,35544[CR],616597187
A,35068,14785,9501,0,20,35544[CR],616597640
F,15887,12663,9501,73,349,3457[CR],616598000
C,11119,772,9501,172,481,3307[CR],616598437
F,19030,12665,9520,206,521,6912[CR],616598765
C,12627,740,9575,41,489,8478[CR],616599125
F,16782,15963,9577,2,0,8377[CR],616599593
C,37336,750,9577,1,0,8347[CR],616599906
F,19310,15954,9577,0,0,8340[CR],616600343
C,34144,776,9577,0,6,8330[CR],616600781
F,19564,15908,9577,0,4,8325[CR],616601109
C,33684,782,9577,0,0,8321[CR],616601546
F,19592,15893,9577,0,183,7738[CR],616601875
C,33412,788,9577,0,217,5138[CR],616602312
F,19562,15475,9577,0,253,3999[CR],616602640
C,32236,776,9577,0,96,3134[CR],616603078
F,19500,14722,9577,0,61,3066[CR],616603515
A,35088,19594,9577,0,0,3066[CR],616603843
F,19582,14738,9577,0,0,3065[CR],616604281
C,30828,784,9577,0,56,3067[CR],616604609
F,19602,14740,9577,0,53,3066[CR],616605046
C,30756,786,9577,0,0,3067[CR],616605375
F,19604,14742,9577,0,0,3066[CR],616605812
C,30696,776,9577,0,0,3066[CR],616606250
F,19606,14738,9577,0,0,3066[CR],616606578
C,30640,782,9577,0,0,3067[CR],616607015
F,19606,14736,9577,0,0,3066[CR],616607343
C,30592,776,9577,0,0,3066[CR],616607781
F,19610,14732,9577,0,0,3067[CR],616608109
C,30544,774,9577,0,0,3068[CR],616608546
F,19606,14729,9577,0,1,3067[CR],616608984
C,30504,784,9577,19,42,3339[CR],616609312
F,19610,14727,9577,28,88,4305[CR],616609750
A,35088,19606,9577,17,135,5346[CR],616610093
F,19594,14837,9577,18,196,6842[CR],616610515
C,31020,778,9583,31,470,8353[CR],616610843
F,19654,16986,9600,49,497,9049[CR],616611281
C,38664,784,9618,47,486,9156[CR],616611718
F,19198,17364,9637,47,485,9114[CR],616612046
C,36840,764,9656,47,500,9119[CR],616612484
F,19456,24040,9676,51,507,9104[CR],616612812
C,36148,666,9694,49,511,9106[CR],616613250
F,19162,25188,9713,54,499,9120[CR],616613578
C,36524,756,9727,7,173,9063[CR],616614015
F,19184,21784,9727,1,0,8904[CR],616614453
C,33812,746,9727,1,0,8891[CR],616614781
F,19676,22094,9727,0,0,8879[CR],616615218
C,32964,750,9727,0,0,8872[CR],616615546
F,19688,22242,9727,0,0,8868[CR],616615984
A,35088,19692,9727,0,299,7578[CR],616616312
F,19680,22332,9727,0,359,3062[CR],616616750
C,31180,786,9727,0,26,791[CR],616617078
F,18910,12708,9727,0,4,35544[CR],616617515
C,10910,738,9727,0,0,35544[CR],616617968
F,15158,12714,9727,0,0,35544[CR],616618406
Z,0,0,9727,0,0,35544[CR],616618875
Z,0,0,9727,15,0,2517[CR],616619437
Z,0,0,9727,1,0,2487[CR],616619906
Z,0,0,9727,0,0,2481[CR],616620468
Z,0,0,9727,0,0,2490[CR],616620921
Z,0,0,9727,0,0,2484[CR],616621484
Z,0,0,9727,0,0,2483[CR],616621937
Z,0,0,9727,0,3,2482[CR],616622375
Z,0,0,9727,0,0,2482[CR],616622921
Z,0,0,9727,0,3,2481[CR],616623468
Z,0,0,9727,0,0,2483[CR],616623906
Z,0,0,9727,0,0,2485[CR],616624453
Z,0,0,9727,0,0,2483[CR],616624890
Z,0,0,9727,0,0,2482[CR],616625437
Z,0,0,9727,0,0,2484[CR],616625984
Z,0,0,9727,0,0,2484[CR],616626421
Z,0,0,9727,0,0,2485[CR],616626968
Z,0,0,9727,0,0,2484[CR],616627406
Z,0,0,9727,0,0,2484[CR],616627953
Z,0,0,9727,0,0,2484[CR],616628500
Z,0,0,9727,0,0,2484[CR],616628937
Z,0,0,9727,0,0,2484[CR],616629484
Z,0,0,9727,0,0,2485[CR],616629921
Z,0,0,9727,0,0,2484[CR],616630468
Z,0,0,9727,0,0,2485[CR],616631015
Z,0,0,9727,0,0,2484[CR],616631453
Z,0,0,9727,0,0,2485[CR],616632000
Z,0,0,9727,0,0,2485[CR],616632437
Z,0,0,9727,0,0,2485[CR],616632984
Z,0,0,9727,0,0,2485[CR],616633421
Z,0,0,9727,0,0,2485[CR],616633968
Z,0,0,9727,0,0,2466[CR],616634515
Z,0,0,9727,0,0,2479[CR],616634953
Z,0,0,9727,0,0,2482[CR],616635500
Z,0,0,9727,0,0,2482[CR],616635937
Z,0,0,9727,0,0,2481[CR],616636484
Z,0,0,9727,0,0,2483[CR],616637031
Z,0,0,9727,0,0,2482[CR],616637468
Z,0,0,9727,0,0,2484[CR],616638015
Z,0,0,9727,0,0,2483[CR],616638453
Z,0,0,9727,0,0,2482[CR],616639000
Z,0,0,9727,0,0,2482[CR],616639437
Z,0,0,9727,0,0,2484[CR],616639984
Z,0,0,9727,0,0,2485[CR],616640531
Z,0,0,9727,0,0,2483[CR],616640968
Z,0,0,9727,0,0,2485[CR],616641515
Z,0,0,9727,0,0,2498[CR],616641953
Z,0,0,9727,0,0,2495[CR],616642500
Z,0,0,9727,0,0,2493[CR],616642937
Z,0,0,9727,54,0,2494[CR],616643484
Z,0,0,9727,54,1,2493[CR],616643921
Z,0,0,9727,11,0,3739[CR],616644468
F,19670,12656,9727,3,0,6888[CR],616645015
Z,0,0,9727,1,0,7156[CR],616645453
Z,0,0,9727,0,0,7147[CR],616646000
Z,0,0,9727,0,0,7144[CR],616646437
Z,0,0,9727,0,1,7158[CR],616646984
Z,0,0,9727,0,0,7184[CR],616647203
A,35164,19672,9727,0,0,7181[CR],616647750
Z,0,0,9727,0,0,7179[CR],616647968
C,11119,720,9727,0,0,7179[CR],616648515
Z,0,0,9727,0,0,7177[CR],616648953
Z,0,0,9727,0,0,7175[CR],616649500
Z,0,0,9727,0,513,7166[CR],616649937
F,19660,12655,9727,2,28,4092[CR],616650375
C,11678,740,9727,1,56,3848[CR],616650703
F,19678,12656,9727,0,34,3842[CR],616651140
C,11669,736,9727,0,0,3813[CR],616651468
F,19664,12656,9727,0,16,3811[CR],616651906
C,11666,730,9727,0,4,3799[CR],616652343
F,19672,12656,9727,0,2,3790[CR],616652671
C,11664,740,9727,0,0,3785[CR],616653109
F,19670,12656,9727,0,0,3777[CR],616653437
A,35144,19664,9727,0,1,3774[CR],616653875
F,19654,12656,9727,0,4,3766[CR],616654203
C,11660,726,9727,0,0,3767[CR],616654640
F,19664,12657,9727,0,0,3760[CR],616654968
C,11660,738,9727,0,0,3761[CR],616655406
F,19658,12657,9727,51,0,3889[CR],616655843
C,11657,726,9727,34,303,4768[CR],616656171
F,19668,12656,9733,35,438,6382[CR],616656609
C,12167,704,9747,41,502,8015[CR],616656937
F,20240,13823,9765,44,523,8820[CR],616657375
C,34656,776,9783,51,523,8952[CR],616657703
F,19070,14008,9802,44,530,9014[CR],616658140
C,36524,780,9820,54,522,8992[CR],616658578
F,18714,14069,9839,47,524,8978[CR],616658906
C,35364,800,9857,41,514,9042[CR],616659343
F,19176,13985,9875,49,516,9053[CR],616659687
A,35156,18896,9893,44,521,9015[CR],616660109
F,18976,14188,9912,49,525,8954[CR],616660515
C,35108,766,9930,44,531,8939[CR],616660875
F,19334,15136,9949,49,528,8922[CR],616661265
C,33592,782,9968,47,527,8916[CR],616661640
F,19414,14844,9987,49,529,8911[CR],616662078
C,33356,776,10005,44,523,8944[CR],616662406
F,19632,15631,10023,49,518,8988[CR],616662843
C,33484,780,10041,44,519,9023[CR],616663281
F,19438,14845,10059,51,515,9005[CR],616663609
C,34136,770,10077,44,518,9055[CR],616664046
F,17514,15217,10095,43,524,9078[CR],616664375
C,34364,806,10113,49,523,9115[CR],616664812
F,17444,16274,10130,41,522,9142[CR],616665140
C,33696,900,10146,35,520,9189[CR],616665578
F,19878,16187,10162,38,512,9245[CR],616666015
A,35172,19748,10175,34,504,9323[CR],616666343
F,19690,16510,10187,29,494,9368[CR],616666781
C,31932,802,10196,20,485,9417[CR],616667109
F,19598,16570,10204,17,464,9433[CR],616667546
C,31856,798,10208,6,372,9438[CR],616667875
F,19826,16800,10209,3,338,9413[CR],616668312
C,31284,806,10210,3,348,9418[CR],616668750
F,19906,16704,10212,3,335,9421[CR],616669078
C,31308,800,10213,3,323,9423[CR],616669515
F,19888,16714,10214,3,321,9426[CR],616669843
C,31352,798,10215,2,265,9423[CR],616670281
F,19904,16722,10216,1,249,9418[CR],616670609
C,31224,802,10216,1,222,9418[CR],616671046
F,19914,16762,10217,1,167,9418[CR],616671484
C,31160,798,10217,1,188,9416[CR],616671812
F,19924,16754,10218,1,205,9422[CR],616672250
A,35180,19916,10218,1,158,9421[CR],616672578
F,19904,16794,10218,1,0,9417[CR],616673015
C,31188,794,10218,1,117,7396[CR],616673343
F,19866,16866,10218,0,8,3989[CR],616673781
C,29308,800,10218,0,350,1906[CR],616674218
F,19872,15240,10218,0,506,523[CR],616674546
C,20426,802,10218,0,505,35544[CR],616674984
F,11646,12648,10218,0,0,35544[CR],616675312
C,10489,798,10218,73,352,2592[CR],616675750
F,15729,12653,10218,147,548,3717[CR],616676109
C,11258,802,10230,147,560,7193[CR],616676562
F,21308,12816,10283,103,541,8729[CR],616676890
C,32788,1016,10318,68,535,9094[CR],616677234
F,19206,13826,10346,68,538,9199[CR],616677687
C,30576,802,10371,54,531,9246[CR],616678031
F,19364,16096,10392,51,522,9284[CR],616678468
A,35196,19848,10407,33,499,9353[CR],616678906
F,19802,15523,10417,21,476,9425[CR],616679265
C,29512,796,10424,13,449,9467[CR],616679671
F,19858,15393,10427,8,414,9493[CR],616679890
Q,102880,20700,10429,6,391,9487[CR],616680000
C,29416,804,10430,6,393,9482[CR],616680437
F,19976,15429,10431,4,369,9480[CR],616680765
C,29276,794,10433,3,354,9477[CR],616681203
F,19996,15500,10434,3,347,9477[CR],616681640
C,29192,810,10435,2,339,9479[CR],616681968
F,20012,15417,10436,2,318,9486[CR],616682406
C,29144,796,10436,2,138,9464[CR],616682734
F,20008,15424,10436,1,40,8970[CR],616683171
C,28688,814,10436,0,134,4786[CR],616683500
F,19986,14929,10436,0,1,3395[CR],616683937
C,26736,802,10436,0,236,2862[CR],616684375
F,20028,14318,10436,0,452,1254[CR],616684703
A,35212,19982,10436,0,509,35544[CR],616685140
F,10750,12656,10436,0,0,35544[CR],616685484
C,10741,802,10436,0,0,35544[CR],616685937
F,15593,12659,10436,94,309,2939[CR],616686281
C,10927,800,10436,103,553,5358[CR],616686625
F,19044,12659,10448,114,544,7690[CR],616687078
C,18230,828,10494,114,544,8797[CR],616687437
F,19716,12672,10536,94,543,8983[CR],616687875
C,30748,850,10573,86,540,9051[CR],616688281
F,19776,12695,10607,79,539,9132[CR],616688671
C,29760,838,10639,86,539,9154[CR],616689000
F,19696,13436,10670,79,539,9224[CR],616689437
C,30244,822,10697,64,534,9270[CR],616689765
F,19872,13983,10719,51,525,9360[CR],616690203
C,31220,802,10735,29,501,9437[CR],616690531
F,20016,14064,10744,18,470,9498[CR],616690968
A,35248,20060,10749,12,455,9529[CR],616691406
F,20098,14240,10754,12,446,9557[CR],616691734
C,31376,804,10758,10,429,9563[CR],616692171
F,20134,14345,10761,6,410,9559[CR],616692500
C,31504,794,10763,5,396,9551[CR],616692937
F,20154,14412,10766,6,396,9546[CR],616693265
C,31488,798,10768,5,370,9556[CR],616693703
F,20198,14507,10770,4,344,9559[CR],616694031
C,31416,804,10771,3,323,9557[CR],616694468
F,20176,14518,10772,2,323,9560[CR],616695015
Z,0,0,10773,2,273,9562[CR],616695234
F,20164,14625,10774,2,300,9565[CR],616695671
C,31284,802,10774,1,206,9557[CR],616696000
F,20158,14655,10774,1,1,9512[CR],616696437
C,31044,806,10775,1,0,9477[CR],616696765
F,20202,14826,10775,0,0,9455[CR],616697203
A,35224,20202,10775,0,0,9438[CR],616697640
F,20194,14916,10775,0,0,9425[CR],616697968
C,30236,810,10775,0,0,9414[CR],616698406
F,20200,14979,10775,0,0,9403[CR],616698734
C,30108,812,10775,0,0,9395[CR],616699171
F,20202,15028,10775,0,0,9389[CR],616699609
Z,0,0,10775,0,0,9382[CR],616699937
F,20200,15069,10775,0,0,9377[CR],616700484
Z,0,0,10775,0,0,9372[CR],616700921
Z,0,0,10775,0,0,9366[CR],616701468
Z,0,0,10775,0,0,9361[CR],616701906
Z,0,0,10775,0,0,9357[CR],616702453
Z,0,0,10775,0,0,9353[CR],616702890
Z,0,0,10775,0,0,9349[CR],616703109
F,20198,15189,10775,0,0,9347[CR],616703437
A,35224,20190,10775,0,0,9345[CR],616703984
Z,0,0,10775,0,0,9342[CR],616704421
Z,0,0,10775,0,0,9339[CR],616704968
Z,0,0,10775,0,0,9336[CR],616705406
F,20194,15249,10775,0,0,9333[CR],616705953
Z,0,0,10775,0,0,9329[CR],616706390
Z,0,0,10775,0,0,9324[CR],616706937
Z,0,0,10775,0,0,9317[CR],616707375
Z,0,0,10775,0,0,9309[CR],616707921
Z,0,0,10775,0,0,9301[CR],616708468
Z,0,0,10775,0,0,9292[CR],616708906
Z,0,0,10775,0,0,9283[CR],616709453
Z,0,0,10775,0,0,9274[CR],616709890
Z,0,0,10775,0,0,9264[CR],616710437
Z,0,0,10775,0,0,9254[CR],616710875
F,20188,15337,10775,0,0,9245[CR],616711421
Z,0,0,10775,0,0,9234[CR],616711859
Z,0,0,10775,0,0,9225[CR],616712406
Z,0,0,10775,0,0,9217[CR],616712843
Z,0,0,10775,0,0,9207[CR],616713390
Z,0,0,10775,0,0,9198[CR],616713937
Z,0,0,10775,0,0,9189[CR],616714375
Z,0,0,10775,0,0,9180[CR],616714921
Z,0,0,10775,0,0,9170[CR],616715359
Z,0,0,10775,0,0,9162[CR],616715906
Z,0,0,10775,0,0,9152[CR],616716343
Z,0,0,10775,0,2,9144[CR],616716890
Z,0,0,10775,0,0,9135[CR],616717437
Z,0,0,10775,0,0,9126[CR],616717875
Z,0,0,10775,0,0,9118[CR],616718421
Z,0,0,10775,0,0,9109[CR],616718859
Z,0,0,10775,0,0,9101[CR],616719406
Z,0,0,10775,0,0,9091[CR],616719953
Z,0,0,10775,0,0,9084[CR],616720390
Z,0,0,10775,0,0,9074[CR],616720937
Z,0,0,10775,0,0,9068[CR],616721375
Z,0,0,10775,0,0,9059[CR],616721921
Z,0,0,10775,0,0,9052[CR],616722359
Z,0,0,10775,0,1,9044[CR],616722906
Z,0,0,10775,0,0,9035[CR],616723343
F,20194,15461,10775,0,0,9028[CR],616723890
Z,0,0,10775,0,0,9020[CR],616724437
Z,0,0,10775,0,0,9012[CR],616724875
Z,0,0,10775,0,0,9004[CR],616725421
Z,0,0,10775,0,0,8997[CR],616725859
Z,0,0,10775,0,0,8989[CR],616726406
Z,0,0,10775,0,0,8981[CR],616726843
Z,0,0,10775,0,0,8974[CR],616727281
F,20182,15486,10775,0,0,8966[CR],616727828
Z,0,0,10775,0,0,8961[CR],616728046
F,20184,15490,10775,0,0,8953[CR],616728593
Z,0,0,10775,0,0,8947[CR],616729031
Z,0,0,10775,0,0,8940[CR],616729578
Z,0,0,10775,0,0,8932[CR],616730125
Z,0,0,10775,0,0,8923[CR],616730562
Z,0,0,10775,0,0,8917[CR],616731109
Z,0,0,10775,0,0,8910[CR],616731546
Z,0,0,10775,0,0,8901[CR],616732093
Z,0,0,10775,0,0,8894[CR],616732531
Z,0,0,10775,0,0,8886[CR],616733078
Z,0,0,10775,0,0,8879[CR],616733515
F,20190,15509,10775,0,0,8871[CR],616734062
Z,0,0,10775,0,0,8864[CR],616734500
Z,0,0,10775,0,0,8856[CR],616735046
Z,0,0,10775,0,0,8850[CR],616735156
F,20174,15514,10775,0,0,8845[CR],616735593
Z,0,0,10775,0,0,8841[CR],616735921
F,20190,15515,10775,0,0,8836[CR],616736359
Z,0,0,10775,0,0,8830[CR],616736906
Z,0,0,10775,0,0,8823[CR],616737343
Z,0,0,10775,0,0,8815[CR],616737890
C,28148,816,10775,0,0,8808[CR],616738328
Z,0,0,10775,0,0,8802[CR],616738875
Z,0,0,10775,0,0,8795[CR],616739312
Z,0,0,10775,0,0,8788[CR],616739750
F,20176,15515,10775,0,0,8781[CR],616740296
Z,0,0,10775,0,0,8773[CR],616740843
Z,0,0,10775,0,0,8766[CR],616741281
Z,0,0,10775,0,0,8760[CR],616741828
Z,0,0,10775,0,0,8750[CR],616742265
Z,0,0,10775,0,0,8744[CR],616742812
Z,0,0,10775,0,0,8735[CR],616743250
Z,0,0,10775,0,0,8726[CR],616743359
C,28040,822,10775,0,0,8719[CR],616743687
F,20192,15510,10775,0,0,8716[CR],616744234
Z,0,0,10775,0,0,8708[CR],616744671
Z,0,0,10775,0,0,8699[CR],616745218
Z,0,0,10775,0,1,8687[CR],616745656
Z,0,0,10775,0,0,8673[CR],616746203
Z,0,0,10775,0,0,8660[CR],616746750
Z,0,0,10775,0,0,8645[CR],616747187
Z,0,0,10775,0,0,8632[CR],616747734
Z,0,0,10775,0,0,8618[CR],616748171
Z,0,0,10775,0,0,8605[CR],616748390
F,20192,15497,10775,0,0,8596[CR],616748937
Z,0,0,10775,0,0,8586[CR],616749156
F,20190,15493,10775,0,0,8573
<PAUSE BUTTON 10:29:03>
[CR],616749593
>
Reset interface. Wait time for interface: 62
>
Reset interface. Wait time for interface: 219DOFF
OK
>
Command: DOFF Wait time for interface: 31

>
Reset interface. Wait time for interface: 110CLEAR
OK
>
Command: CLEAR Wait time for interface: 109

<END BUTTON 10:35:06>

------------------- Begin end zero test --------------------
>
Reset interface. Wait time for interface: 79SCAN E
F,12144,12660,0,0,295,2593
C,12010,6888,0,0,266,2480[CR],617148359
F,12153,12660,0,0,256,2480[CR],617148796
C,12010,7170,0,0,286,2479[CR],617149125
F,12153,12659,0,0,281,2479[CR],617149562
C,12009,7080,0,0,267,2479[CR],617150000
F,12153,12659,0,0,288,2479[CR],617150343
C,12009,7080,0,0,291,2480[CR],617150796
F,12163,12660,0,0,291,2479[CR],617151140
C,12010,7076,0,0,289,2480[CR],617151484
F,12157,12659,0,0,271,2479[CR],617151937
C,12011,7200,0,0,252,2479[CR],617152265
F,12159,12661,0,0,271,2480[CR],617152734
C,12011,7284,0,0,287,2479[CR],617153062
F,12154,12659,0,0,281,2479[CR],617153515
A,35244,12158,0,0,280,2480[CR],617153859
F,12142,12659,0,0,275,2479[CR],617154203
C,12010,7084,0,0,259,2479[CR],617154640
F,12149,12659,0,0,264,2479[CR],617154984
C,12010,6838,0,0,272,2480[CR],617155437
F,12153,12659,0,0,266,2479[CR],617155765
C,12010,7098,0,0,255,2479[CR],617156203
F,12155,12660,0,0,251,2479[CR],617156640
C,12010,6992,0,0,261,2480[CR],617156640
>
Reset interface. Wait time for interface: 62

======== END OF TEST ========


