CPT-log version: 5.22
======== BEGIN OF TEST ========
DATE 13.10.2022

<Transmited Data>
<NEW BUTTON 11:38:28>
[^C][CR]
[^C][CR]
[^C][CR]
CLEAR[CR]
[^C][CR]
DOFF[CR]
[^C][CR]
SCAN E[CR]
[^C][CR]
[^C][CR]
CLEAR[CR]

<START BUTTON 11:45:46>
[^C][CR]
[^C][CR]
DRON[CR]
SCAN E[CR]
[^G][^G][^G][^G][^G][^G][^G][^G][^G][^G][^G][^G][^G][^G][^G][^G][^G][^G][^G][^G][^G][^G][^G][^G][^G][^G][^G][^G][^G]
<PAUSE BUTTON 11:56:32>
[^C][CR]
[^C][CR]
DOFF[CR]
[^C][CR]
CLEAR[CR]

<END BUTTON 12:01:30>
[^C][CR]
SCAN E[CR]
[^C][CR]
[^C][CR]


<Received Data>
<NEW BUTTON 11:38:28>

>
Reset interface. Wait time for interface: 94
>
Reset interface. Wait time for interface: 109
>
Reset interface. Wait time for interface: 110CLEAR
OK
>
Command: CLEAR Wait time for interface: 109

>
Reset interface. Wait time for interface: 109DOFF
OK
>
Command: DOFF Wait time for interface: 110

>
Reset interface. Wait time for interface: 32SCAN E
Z,0,0,0,0,71,2558
F,12168,12674,0,0,126,2463[CR],621067531
C,12104,10739,0,0,166,2464[CR],621067968
F,12170,12675,0,0,131,2465[CR],621068406
C,12103,11183,0,0,118,2464[CR],621068734
F,12169,12673,0,0,92,2464[CR],621069171
C,12104,11315,0,0,148,2465[CR],621069500
F,12167,12674,0,0,155,2465[CR],621069953
C,12103,11433,0,0,153,2465[CR],621070281
F,12167,12675,0,0,272,2465[CR],621070718
C,12104,11554,0,0,257,2464[CR],621071156
F,12170,12674,0,0,199,2465[CR],621071484
A,35712,12171,0,0,193,2465[CR],621071937
F,12156,12674,0,0,212,2464[CR],621072296
C,12104,11584,0,0,76,2464[CR],621072625
F,12172,12675,0,0,97,2464[CR],621073093
C,12104,11601,0,0,131,2465[CR],621073421
F,12165,12675,0,0,219,2464[CR],621073875
C,12104,11657,0,0,190,2465[CR],621074203
F,12170,12674,0,0,226,2465[CR],621074656
C,12104,11616,0,0,189,2464[CR],621074984
F,12170,12675,0,0,204,2465[CR],621075421
C,12105,11806,0,0,231,2465[CR],621075640
>
Reset interface. Wait time for interface: 94
>
Reset interface. Wait time for interface: 31CLEAR
OK
>
Command: CLEAR Wait time for interface: 109

<START BUTTON 11:45:46>

>
Reset interface. Wait time for interface: 47
>
Reset interface. Wait time for interface: 109DRON
OK
>
Command: DRON Wait time for interface: 109
SCAN E
Z,0,0,0,0,452,4317
F,15465,16850,0,0,465,4263[CR],621353562
C,16323,334,0,0,465,4261[CR],621353890
F,15456,16856,0,0,464,4260[CR],621354328
C,16317,322,0,0,464,4260[CR],621354656
F,15444,16862,0,0,464,4258[CR],621355093
C,16311,328,0,0,464,4258[CR],621355531
F,15420,16870,0,0,465,4258[CR],621355859
C,16304,330,0,0,464,4258[CR],621356296
F,15423,16876,0,0,464,4256[CR],621356625
C,16298,316,0,0,464,4256[CR],621357062
F,15410,16884,0,0,464,4256[CR],621357390
C,16294,310,0,0,465,4254[CR],621357828
F,15399,16888,0,0,465,4254[CR],621358265
C,16288,326,0,0,464,4255[CR],621358593
F,15390,16894,0,0,463,4254[CR],621359031
A,35912,15382,0,0,464,4253[CR],621359359
F,15367,16902,0,0,465,4252[CR],621359796
C,16279,318,0,0,465,4250[CR],621360125
F,15369,16906,0,0,465,4249[CR],621360562
C,16277,312,0,0,464,4248[CR],621361000
F,15363,16918,0,0,480,4265[CR],621361328
C,16273,326,7,19,582,4419[CR],621361765
F,15329,17202,15,22,575,4385[CR],621362093
C,17978,324,22,18,574,4374[CR],621362531
F,14970,16634,30,19,572,4357[CR],621362859
C,17956,320,37,17,574,4367[CR],621363296
F,15131,16494,45,18,575,4383[CR],621363734
C,18010,316,51,17,575,4399[CR],621364062
F,15269,16432,59,19,571,4437[CR],621364500
C,18142,324,66,21,568,4476[CR],621364828
F,15396,16450,73,18,570,4488[CR],621365265
A,35876,15456,81,21,575,4472[CR],621365593
F,15461,16430,89,17,576,4462[CR],621366031
C,18036,318,97,18,579,4461[CR],621366468
F,15568,16460,105,22,580,4418[CR],621366796
C,17596,332,114,21,581,4365[CR],621367234
F,15639,16430,122,21,580,4344[CR],621367562
C,16818,316,131,24,580,4356[CR],621368000
F,15789,16498,140,21,579,4397[CR],621368328
C,16065,324,149,22,581,4431[CR],621368765
F,15984,16808,158,22,581,4441[CR],621369203
C,15667,316,167,24,584,4424[CR],621369531
F,16169,17652,176,23,585,4414[CR],621369968
C,15464,336,186,23,587,4383[CR],621370296
F,16355,18456,196,24,588,4374[CR],621370734
C,15104,332,205,27,586,4379[CR],621371062
F,16370,18862,214,22,587,4390[CR],621371500
A,35836,16311,224,23,583,4406[CR],621371937
F,16315,18462,234,25,588,4442[CR],621372265
C,14794,350,244,26,588,4433[CR],621372703
F,16568,18338,253,22,589,4430[CR],621373031
C,15348,364,263,24,588,4427[CR],621373468
F,16760,17938,273,25,590,4434[CR],621373796
C,16052,388,282,27,592,4438[CR],621374234
F,16670,17708,292,28,591,4435[CR],621374671
C,16708,378,302,24,593,4457[CR],621375000
F,16100,17308,312,24,591,4458[CR],621375437
C,17012,356,321,24,590,4473[CR],621375765
F,15223,16674,331,25,587,4489[CR],621376203
C,16954,360,341,25,585,4460[CR],621376531
F,14939,15776,351,24,582,4429[CR],621376968
C,16712,366,361,25,582,4414[CR],621377406
F,15233,15092,370,24,583,4420[CR],621377734
A,35816,15521,380,26,582,4444[CR],621378171
F,15626,14720,390,22,582,4478[CR],621378500
C,16308,372,399,25,582,4505[CR],621378937
F,16044,14804,409,25,581,4493[CR],621379265
C,16275,376,419,27,582,4494[CR],621379703
F,16332,14974,428,25,582,4476[CR],621380140
C,16208,374,440,27,583,4342[CR],621380468
F,16422,15085,450,25,580,4280[CR],621380812
C,15992,374,460,25,577,4252[CR],621381234
F,16568,14524,470,28,579,4239[CR],621381671
C,15611,386,479,24,580,4219[CR],621382000
F,17062,14292,489,24,580,4226[CR],621382437
C,15424,382,499,24,581,4255[CR],621382875
F,17612,14290,508,26,579,4283[CR],621383203
C,15425,382,518,21,580,4291[CR],621383640
F,18084,14520,528,22,582,4279[CR],621383968
A,35816,18262,537,25,583,4260[CR],621384406
F,18294,14656,547,26,581,4232[CR],621384734
C,15557,390,557,28,582,4241[CR],621385171
F,18404,14836,567,24,582,4241[CR],621385609
C,16045,382,577,23,583,4267[CR],621385937
F,17968,15272,586,26,584,4295[CR],621386375
C,16530,378,596,27,584,4283[CR],621386703
F,17012,15536,605,22,583,4281[CR],621387140
C,16664,380,615,23,584,4295[CR],621387468
F,16092,15521,625,25,583,4303[CR],621387906
C,16562,384,634,26,583,4308[CR],621388343
F,15880,15366,644,20,582,4313[CR],621388687
C,16456,382,654,25,582,4315[CR],621389109
F,15855,15298,664,25,580,4326[CR],621389437
C,16402,376,674,27,580,4334[CR],621389875
F,15731,15290,683,26,577,4343[CR],621390203
A,35800,15728,693,24,577,4347[CR],621390640
F,15743,15218,703,24,576,4361[CR],621390984
C,16838,384,712,25,578,4374[CR],621391406
F,15897,15090,722,26,577,4356[CR],621391843
C,16712,378,732,24,579,4351[CR],621392171
F,16092,14755,741,24,579,4349[CR],621392609
C,16185,384,751,26,578,4315[CR],621392937
F,16418,14275,761,26,580,4278[CR],621393375
C,15588,378,771,26,580,4253[CR],621393812
F,16954,13921,781,24,579,4239[CR],621394140
C,15132,386,791,24,580,4229[CR],621394578
F,17606,13918,801,25,579,4194[CR],621394906
C,14838,376,811,26,579,4162[CR],621395343
F,18260,14054,821,25,577,4172[CR],621395671
C,14642,394,830,22,576,4163[CR],621396109
F,18888,14160,841,24,575,4176[CR],621396546
A,35704,19284,850,26,574,4192[CR],621396875
F,19396,14617,860,27,575,4200[CR],621397312
C,14856,378,870,22,575,4197[CR],621397640
F,19574,15100,880,24,577,4181[CR],621398078
C,15040,408,890,25,576,4127[CR],621398406
F,19384,15323,899,26,575,4135[CR],621398843
C,15414,418,908,21,577,4163[CR],621399171
F,18852,15579,919,22,576,4187[CR],621399609
C,16240,420,928,25,576,4202[CR],621400046
F,18024,15764,938,25,576,4215[CR],621400375
C,17038,424,947,21,576,4241[CR],621400812
F,16938,15611,957,23,576,4266[CR],621401140
C,17716,428,967,24,575,4294[CR],621401578
F,16390,15374,977,25,575,4334[CR],621402015
C,18198,440,986,27,577,4379[CR],621402343
F,16331,15105,996,22,577,4389[CR],621402781
A,35736,16396,1005,23,579,4406[CR],621403109
F,16414,15133,1015,26,581,4402[CR],621403546
C,18368,446,1025,28,580,4363[CR],621403875
F,16504,15251,1035,22,580,4346[CR],621404312
C,18130,438,1045,23,580,4338[CR],621404750
F,16586,15504,1055,24,578,4338[CR],621405078
C,18010,432,1064,25,579,4344[CR],621405515
F,16654,15800,1074,27,578,4330[CR],621405843
C,18012,438,1084,23,578,4330[CR],621406281
F,16774,16145,1094,24,578,4341[CR],621406609
C,18052,444,1104,26,578,4352[CR],621407046
F,16880,16376,1113,27,577,4344[CR],621407484
C,17994,432,1123,22,579,4339[CR],621407828
F,16966,16211,1133,24,579,4323[CR],621408250
C,17766,438,1143,25,579,4308[CR],621408578
F,17064,16026,1153,27,581,4291[CR],621409015
A,35720,17154,1163,27,580,4265[CR],621409343
F,17176,16077,1173,22,582,4237[CR],621409796
C,16636,438,1183,24,579,4207[CR],621410218
F,17268,16291,1193,25,578,4196[CR],621410546
C,16119,432,1203,27,578,4197[CR],621410984
F,17436,16886,1212,22,578,4197[CR],621411312
C,15905,440,1222,24,579,4207[CR],621411750
F,17742,17306,1232,24,580,4224[CR],621412078
C,15934,444,1241,25,581,4253[CR],621412515
F,18042,17368,1251,26,579,4277[CR],621412953
C,16146,446,1260,24,580,4310[CR],621413281
F,18160,17092,1270,24,579,4308[CR],621413718
C,16426,440,1280,25,578,4341[CR],621414046
F,18216,16652,1289,27,577,4356[CR],621414484
C,16472,430,1299,22,577,4367[CR],621414812
F,18234,15999,1309,24,577,4373[CR],621415250
A,35648,18448,1319,25,577,4361[CR],621415687
F,18560,15266,1329,25,575,4367[CR],621416015
C,15911,436,1338,22,576,4354[CR],621416453
F,19146,14599,1348,24,575,4347[CR],621416781
C,15590,458,1358,25,574,4367[CR],621417218
F,19870,14436,1368,25,572,4404[CR],621417546
C,15550,442,1377,26,571,4474[CR],621417984
F,20468,14875,1386,22,574,4528[CR],621418328
C,15842,446,1395,24,576,4568[CR],621418750
F,20714,15470,1405,25,576,4593[CR],621419187
C,16203,444,1414,24,577,4616[CR],621419515
F,19852,15769,1424,22,577,4632[CR],621419953
C,16468,446,1434,25,577,4626[CR],621420281
F,19528,15697,1444,25,577,4633[CR],621420718
C,16602,448,1453,27,579,4624[CR],621421156
F,19592,15505,1463,24,577,4597[CR],621421484
A,35636,19792,1473,24,575,4591[CR],621421921
F,19848,15305,1483,25,575,4593[CR],621422250
C,16666,446,1492,26,574,4597[CR],621422687
F,19704,15102,1502,20,574,4611[CR],621423015
C,16910,446,1512,23,574,4608[CR],621423453
F,19092,14974,1522,25,573,4615[CR],621423890
C,17014,448,1531,26,572,4623[CR],621424218
F,18790,14660,1541,27,570,4622[CR],621424656
C,16814,458,1551,23,570,4604[CR],621424984
F,19100,14262,1561,25,569,4599[CR],621425421
C,16206,456,1571,25,570,4588[CR],621425750
F,19730,13933,1581,27,570,4568[CR],621426187
C,15498,458,1590,20,568,4561[CR],621426625
F,20618,13711,1600,24,570,4599[CR],621426953
C,14876,454,1610,24,572,4580[CR],621427390
F,21698,14021,1620,25,572,4603[CR],621427718
A,35596,22356,1629,27,572,4647[CR],621428156
F,22576,14850,1639,23,572,4711[CR],621428515
C,14740,448,1648,24,571,4765[CR],621428921
F,23186,15035,1657,24,571,4824[CR],621429359
C,15210,462,1666,25,573,4874[CR],621429687
F,22994,15092,1676,23,572,4881[CR],621430125
C,15334,466,1686,25,572,4901[CR],621430453
F,22710,15388,1696,25,571,4923[CR],621430890
C,15394,462,1705,27,570,4957[CR],621431218
F,22092,15396,1714,23,568,4971[CR],621431656
C,15434,482,1724,24,568,4990[CR],621432093
F,21464,15123,1734,25,567,5033[CR],621432421
C,15497,490,1743,21,568,5064[CR],621432859
F,20614,14979,1753,24,565,5067[CR],621433187
C,15488,490,1762,24,566,5065[CR],621433625
F,20252,14453,1771,16,511,5057[CR],621433953
A,35588,20730,1771,2,433,5001[CR],621434390
F,20940,13734,1771,1,431,4990[CR],621434828
C,14545,482,1771,0,429,4987[CR],621435156
F,21906,13602,1771,0,428,4986[CR],621435593
C,14484,486,1771,0,425,4983[CR],621435921
F,22440,13524,1771,0,396,4957[CR],621436359
C,14468,480,1771,0,397,4948[CR],621436687
F,22656,13474,1771,0,419,4945[CR],621437125
C,14459,480,1771,0,418,4976[CR],621437562
F,22662,13451,1771,0,413,4997[CR],621437890
C,14455,492,1771,0,415,5000[CR],621438328
F,22514,13445,1771,0,415,4996[CR],621438656
C,14455,480,1771,0,371,3994[CR],621439093
F,22250,13412,1771,0,96,2997[CR],621439421
C,14310,456,1771,0,365,2391[CR],621439968
Z,0,0,1771,0,0,2397[CR],621440515
Z,0,0,1771,0,0,2461[CR],621440953
Z,0,0,1771,0,0,2486[CR],621441500
Z,0,0,1771,0,149,2503[CR],621441937
Z,0,0,1771,0,1,2506[CR],621442484
Z,0,0,1771,3,0,2489[CR],621443031
Z,0,0,1771,1,0,2527[CR],621443468
Z,0,0,1771,0,0,2532[CR],621444015
Z,0,0,1771,0,0,2530[CR],621444453
Z,0,0,1771,0,0,2525[CR],621445000
Z,0,0,1771,0,184,2527[CR],621445437
Z,0,0,1771,0,0,2516[CR],621445984
Z,0,0,1771,0,0,2516[CR],621446531
Z,0,0,1771,0,0,2517[CR],621446968
Z,0,0,1771,0,0,2513[CR],621447515
Z,0,0,1771,0,0,2514[CR],621447953
Z,0,0,1771,0,0,2511[CR],621448500
Z,0,0,1771,0,0,2514[CR],621449046
Z,0,0,1771,0,0,2514[CR],621449484
Z,0,0,1771,0,6,2517[CR],621450031
Z,0,0,1771,0,0,2521[CR],621450468
Z,0,0,1771,0,0,2524[CR],621451015
Z,0,0,1771,0,0,2528[CR],621451234
C,14132,490,1771,0,0,2531[CR],621451671
Z,0,0,1771,0,0,2455[CR],621452218
Z,0,0,1771,0,2,2393[CR],621452656
Z,0,0,1771,0,0,2400[CR],621453203
Z,0,0,1771,0,0,2409[CR],621453640
Z,0,0,1771,0,0,2438[CR],621454187
Z,0,0,1771,0,0,2452[CR],621454734
Z,0,0,1771,0,0,2460[CR],621455171
Z,0,0,1771,0,0,2456[CR],621455718
Z,0,0,1771,0,0,2460[CR],621456156
Z,0,0,1771,0,0,2461[CR],621456703
Z,0,0,1771,0,0,2462[CR],621457140
Z,0,0,1771,0,0,2460[CR],621457687
Z,0,0,1771,0,0,2460[CR],621458234
Z,0,0,1771,0,0,2462[CR],621458671
Z,0,0,1771,0,0,2465[CR],621459218
Z,0,0,1771,0,76,2469[CR],621459656
Z,0,0,1771,0,0,2498[CR],621460203
Z,0,0,1771,0,0,2477[CR],621460640
Z,0,0,1771,103,0,2492[CR],621461187
Z,0,0,1771,79,0,2486[CR],621461734
Z,0,0,1772,51,332,3009[CR],621461734
F,17788,13580,1773,31,354,4257[CR],621462187
C,14188,472,1773,2,340,4160[CR],621462500
F,17760,14224,1773,1,340,4155[CR],621462937
C,14457,492,1773,0,340,4151[CR],621463265
F,17708,14174,1773,0,338,4145[CR],621463703
C,14440,482,1773,0,284,4155[CR],621464031
F,17668,14160,1773,0,292,4156[CR],621464468
C,14432,484,1773,0,303,4149[CR],621464906
F,17618,14158,1773,0,311,4143[CR],621465234
A,35448,17584,1773,0,395,4142[CR],621465671
F,17560,14159,1773,0,387,4139[CR],621466000
C,14422,484,1773,0,391,4136[CR],621466437
F,17514,14162,1773,0,390,4130[CR],621466765
C,14419,490,1773,0,391,4124[CR],621467203
F,17468,14165,1773,0,391,4118[CR],621467640
C,14416,482,1773,0,389,4111[CR],621467968
F,17420,14171,1773,0,390,4107[CR],621468406
C,14414,478,1773,0,392,4104[CR],621468734
F,17390,14177,1773,0,392,4101[CR],621469171
C,14412,486,1773,0,393,4101[CR],621469500
F,17346,14182,1782,20,412,4401[CR],621469937
C,14435,480,1789,25,532,4884[CR],621470375
F,17306,15092,1799,20,529,5067[CR],621470703
C,15760,482,1809,22,530,5082[CR],621471140
F,16992,14310,1818,24,531,5099[CR],621471468
A,35388,17322,1828,25,530,5123[CR],621471906
F,17430,14418,1837,22,532,5160[CR],621472234
C,15835,490,1847,23,532,5183[CR],621472671
F,17754,14868,1857,25,534,5167[CR],621473109
C,15911,508,1867,27,534,5108[CR],621473453
F,17252,15229,1876,27,534,5089[CR],621473875
C,15555,502,1886,24,536,5089[CR],621474203
F,17256,14724,1896,24,537,5098[CR],621474640
C,15097,506,1905,26,536,5116[CR],621474968
F,18034,14089,1915,26,533,5131[CR],621475406
C,15272,506,1925,22,533,5118[CR],621475843
F,18946,14484,1935,23,534,5117[CR],621476171
C,16410,508,1945,25,536,5118[CR],621476609
F,19000,14596,1954,26,534,5078[CR],621476937
C,17034,506,1964,27,535,5054[CR],621477375
F,18164,14435,1974,24,532,5024[CR],621477703
A,35360,17968,1984,24,534,5033[CR],621478140
F,17954,14249,1994,26,532,5053[CR],621478578
C,16570,506,2003,26,532,5093[CR],621478906
F,18224,14402,2012,22,533,5136[CR],621479343
C,16962,504,2022,23,533,5155[CR],621479671
F,18496,15315,2031,24,536,5175[CR],621480109
C,17782,490,2041,25,535,5182[CR],621480437
F,17768,15849,2051,22,539,5188[CR],621480875
C,18164,504,2060,24,539,5188[CR],621481312
F,16109,15941,2070,25,540,5168[CR],621481640
C,17898,506,2080,27,537,5174[CR],621482078
F,16190,15633,2089,21,536,5181[CR],621482406
C,17214,516,2099,24,536,5170[CR],621482843
F,16704,15436,2109,25,538,5167[CR],621483171
C,16442,506,2118,25,535,5157[CR],621483609
F,17276,15625,2128,22,535,5175[CR],621484046
A,35360,17704,2138,23,536,5180[CR],621484375
F,17854,16013,2147,24,536,5193[CR],621484812
C,16294,506,2157,26,537,5210[CR],621485140
F,18172,16688,2167,27,533,5220[CR],621485515
C,16372,520,2176,22,535,5226[CR],621485906
F,17422,16768,2186,24,535,5225[CR],621486343
C,16090,518,2196,24,533,5267[CR],621486781
F,17796,16214,2205,26,535,5329[CR],621487109
C,16944,516,2214,22,535,5371[CR],621487546
F,18500,15648,2224,22,534,5423[CR],621487875
C,18586,560,2233,24,533,5476[CR],621488312
F,18050,15843,2243,26,534,5513[CR],621488640
C,19818,538,2252,22,536,5547[CR],621489078
F,16159,15152,2262,24,535,5561[CR],621489515
C,20218,532,2271,25,535,5570[CR],621489843
F,15385,14732,2281,25,534,5573[CR],621490281
A,35340,15373,2290,22,534,5577[CR],621490609
F,15392,14485,2300,22,533,5570[CR],621491046
C,20550,528,2310,24,534,5592[CR],621491375
F,15556,14946,2320,27,535,5606[CR],621491812
C,20588,544,2329,26,532,5611[CR],621492250
F,15682,15599,2339,24,534,5612[CR],621492578
C,20580,556,2349,25,534,5615[CR],621493015
F,15848,16024,2358,26,536,5602[CR],621493359
C,20474,550,2368,27,535,5570[CR],621493781
F,16000,16229,2378,23,536,5572[CR],621494109
C,20058,556,2387,24,535,5567[CR],621494546
F,16165,16406,2397,26,536,5530[CR],621494984
C,19484,560,2407,26,537,5511[CR],621495312
F,16328,16660,2416,24,534,5485[CR],621495750
C,18622,562,2426,23,536,5463[CR],621496078
F,16460,16870,2436,24,532,5464[CR],621496515
A,35316,16556,2445,25,534,5538[CR],621496843
F,16590,17156,2455,21,535,5583[CR],621497281
C,16954,574,2464,23,536,5532[CR],621497718
F,16778,17772,2474,24,535,5513[CR],621498046
C,16672,570,2484,26,536,5515[CR],621498484
F,16958,18534,2493,26,534,5485[CR],621498812
C,16734,574,2503,23,534,5482[CR],621499250
F,16890,18908,2513,24,536,5496[CR],621499578
C,17064,572,2522,25,534,5511[CR],621500015
F,16770,18488,2532,27,535,5521[CR],621500453
C,17524,574,2541,22,534,5534[CR],621500781
F,16194,17934,2551,23,531,5536[CR],621501218
C,18090,572,2561,32,532,5581[CR],621501546
F,15961,17064,2570,26,529,5581[CR],621501984
C,18592,572,2580,23,528,5572[CR],621502312
F,16028,16018,2590,25,532,5557[CR],621502750
A,35284,16124,2600,25,531,5484[CR],621503187
F,16136,15583,2609,25,531,5494[CR],621503546
C,19030,564,2619,20,531,5527[CR],621503953
F,15989,15601,2629,24,532,5548[CR],621504281
C,19040,574,2638,24,529,5576[CR],621504718
F,15917,15571,2648,27,529,5613[CR],621505046
C,18990,576,2657,25,529,5620[CR],621505484
F,16085,15830,2667,22,531,5618[CR],621505921
C,19068,578,2677,24,529,5618[CR],621506250
F,16186,16193,2686,26,531,5589[CR],621506687
C,19226,574,2696,27,531,5545[CR],621507015
F,16286,16456,2706,24,529,5531[CR],621507453
C,19412,572,2715,24,529,5558[CR],621507781
F,16320,16572,2725,25,527,5578[CR],621508218
C,19602,574,2734,27,528,5614[CR],621508656
F,16258,16642,2744,21,527,5650[CR],621508984
A,35264,16162,2754,24,527,5656[CR],621509421
F,16115,16724,2763,25,529,5670[CR],621509750
C,19868,576,2773,25,530,5660[CR],621510187
F,16141,16766,2782,21,529,5636[CR],621510515
C,19846,578,2792,24,529,5626[CR],621510953
F,16241,16634,2802,25,527,5636[CR],621511390
C,19702,574,2811,26,529,5635[CR],621511718
F,16356,16558,2821,25,527,5626[CR],621512156
C,19604,568,2831,23,526,5627[CR],621512484
F,16470,16482,2841,24,527,5632[CR],621512921
C,19564,574,2850,25,526,5646[CR],621513250
F,16558,16422,2860,25,524,5683[CR],621513687
C,19570,574,2869,22,526,5725[CR],621514125
F,16640,16440,2879,24,525,5738[CR],621514453
C,19628,578,2888,25,525,5759[CR],621514890
F,16714,16474,2898,28,526,5755[CR],621515218
A,35220,16764,2907,23,528,5741[CR],621515656
F,16768,16504,2917,24,525,5750[CR],621515984
C,19548,572,2927,25,525,5782[CR],621516421
F,16800,16530,2936,26,526,5839[CR],621516859
C,19586,580,2945,22,526,5884[CR],621517187
F,16778,16618,2955,22,526,5924[CR],621517625
C,19530,584,2964,25,527,5933[CR],621517953
F,16742,16706,2974,26,526,5924[CR],621518390
C,19368,580,2983,22,527,5921[CR],621518718
F,16768,16822,2993,24,529,5923[CR],621519156
C,19144,578,3003,25,527,5923[CR],621519593
F,16836,16942,3012,26,529,5940[CR],621519921
C,18910,574,3022,21,528,5956[CR],621520359
F,16896,16916,3032,23,527,5957[CR],621520687
C,18702,578,3042,24,525,5961[CR],621521125
F,16988,16948,3051,25,525,5986[CR],621521453
A,35232,17044,3060,21,527,5980[CR],621521890
F,17046,17076,3070,24,527,5973[CR],621522296
C,18466,584,3080,24,524,5955[CR],621522656
F,17148,17180,3089,25,527,5925[CR],621523000
C,18174,582,3099,22,527,5909[CR],621523421
F,17270,17108,3109,24,527,5883[CR],621523859
C,17656,580,3119,25,527,5844[CR],621524187
F,17450,16998,3129,25,526,5828[CR],621524625
C,16952,578,3138,27,528,5825[CR],621525062
F,17708,17234,3148,22,527,5770[CR],621525390
C,16153,596,3158,23,527,5756[CR],621525828
F,18064,17878,3168,26,531,5757[CR],621526156
C,15497,614,3178,25,528,5755[CR],621526593
F,18638,18914,3187,26,527,5771[CR],621526921
C,15169,640,3196,22,526,5828[CR],621527359
F,19582,19842,3206,24,525,5904[CR],621527796
A,35212,20166,3215,25,525,5980[CR],621528125
F,20500,19340,3224,20,524,6037[CR],621528562
C,18672,640,3234,22,524,6064[CR],621528890
F,19630,18574,3243,25,527,6069[CR],621529328
C,18722,626,3252,25,526,6049[CR],621529656
F,17618,17356,3262,21,526,6031[CR],621530093
C,17954,626,3272,24,526,6021[CR],621530531
F,17812,16177,3282,24,521,6013[CR],621530859
C,17124,638,3291,25,521,6008[CR],621531296
F,18094,15799,3301,22,519,6015[CR],621531625
C,16442,646,3311,24,520,6011[CR],621532062
F,18382,16245,3320,24,520,5992[CR],621532390
C,15943,638,3330,25,521,6007[CR],621532828
F,18764,16792,3340,26,519,6015[CR],621533265
C,15544,640,3349,23,521,6035[CR],621533593
F,19482,17082,3359,23,519,6075[CR],621534031
A,35172,20206,3368,25,521,6104[CR],621534359
F,20464,17264,3377,27,520,6134[CR],621534796
C,15179,632,3387,23,523,6167[CR],621535125
F,21020,17446,3397,24,522,6179[CR],621535562
C,15362,656,3406,25,522,6196[CR],621536000
F,21160,17236,3415,25,522,6200[CR],621536328
C,15560,638,3425,23,521,6217[CR],621536765
F,21140,16664,3435,24,521,6220[CR],621537093
C,15524,646,3444,25,520,6222[CR],621537531
F,21318,15732,3454,27,519,6217[CR],621537859
C,15267,646,3463,24,516,6174[CR],621538296
F,21928,14925,3473,24,519,6164[CR],621538734
C,15085,652,3483,25,516,6156[CR],621539062
F,22590,14753,3492,26,518,6176[CR],621539500
C,15232,636,3502,20,517,6181[CR],621539828
F,22886,14867,3512,23,520,6224[CR],621540265
A,35160,22608,3522,25,519,6198[CR],621540609
F,22332,14971,3532,27,517,6193[CR],621541031
C,15290,646,3541,27,515,6194[CR],621541359
F,22138,14785,3551,23,517,6185[CR],621541796
C,15084,652,3561,25,515,6186[CR],621542234
F,22570,14643,3571,25,514,6222[CR],621542562
C,15079,650,3581,26,516,6241[CR],621543000
F,23042,14778,3590,20,515,6273[CR],621543328
C,15286,654,3600,23,515,6283[CR],621543765
F,22814,15075,3610,24,514,6304[CR],621544203
C,15637,636,3619,27,515,6321[CR],621544531
F,22042,15297,3629,27,512,6327[CR],621544968
C,15859,650,3639,24,512,6326[CR],621545296
F,21408,15321,3649,24,511,6320[CR],621545734
C,15897,632,3658,25,511,6309[CR],621546062
F,21036,15270,3668,27,511,6337[CR],621546500
A,35152,20734,3678,21,510,6345[CR],621546937
F,20670,15216,3688,24,509,6305[CR],621547265
C,15430,646,3698,25,509,6287[CR],621547703
F,20804,15190,3708,26,507,6304[CR],621548031
C,15241,666,3718,27,507,6283[CR],621548468
F,20990,15123,3728,23,508,6272[CR],621548796
C,15095,654,3737,25,508,6294[CR],621549234
F,21272,15118,3747,25,507,6341[CR],621549671
C,15052,662,3756,25,503,6390[CR],621550000
F,21554,15096,3766,22,507,6436[CR],621550437
C,15110,672,3771,4,330,6383[CR],621550765
F,21818,14967,3771,1,311,6313[CR],621551203
C,14624,658,3771,1,311,6293[CR],621551531
F,22442,14434,3771,0,310,6281[CR],621551968
C,14470,672,3771,0,254,6266[CR],621552406
F,23260,14270,3771,0,233,6262[CR],621552734
A,35168,23784,3771,0,342,6197[CR],621553171
F,23968,14186,3771,0,334,6206[CR],621553500
C,14470,684,3771,0,337,6207[CR],621553937
F,24562,14142,3771,0,335,6207[CR],621554265
C,14417,668,3771,0,332,4895[CR],621554812
Z,0,0,3771,0,0,2606[CR],621555359
Z,0,0,3771,0,0,2434[CR],621555796
Z,0,0,3771,0,1,2486[CR],621556343
Z,0,0,3771,0,0,2510[CR],621556781
Z,0,0,3771,0,182,2512[CR],621557328
Z,0,0,3771,0,0,2506[CR],621557765
Z,0,0,3771,0,0,2507[CR],621558312
Z,0,0,3771,0,0,2510[CR],621558859
Z,0,0,3771,0,0,2512[CR],621559296
Z,0,0,3771,0,0,2513[CR],621559843
Z,0,0,3771,0,0,2513[CR],621560281
Z,0,0,3771,0,0,2513[CR],621560828
Z,0,0,3771,0,0,2506[CR],621561375
Z,0,0,3771,0,0,2505[CR],621561812
Z,0,0,3771,0,0,2503[CR],621562359
Z,0,0,3771,0,0,2507[CR],621562796
Z,0,0,3771,0,0,2512[CR],621563343
Z,0,0,3771,0,0,2512[CR],621563890
Z,0,0,3771,0,0,2515[CR],621564328
Z,0,0,3771,0,0,2514[CR],621564875
Z,0,0,3771,0,0,2519[CR],621565312
Z,0,0,3771,0,0,2404[CR],621565859
Z,0,0,3771,0,0,2409[CR],621566296
Z,0,0,3771,0,0,2411[CR],621566843
Z,0,0,3771,0,0,2427[CR],621567390
Z,0,0,3771,0,0,2443[CR],621567828
Z,0,0,3771,0,0,2452[CR],621568375
Z,0,0,3771,0,0,2456[CR],621568812
Z,0,0,3771,0,0,2460[CR],621569359
Z,0,0,3771,0,0,2464[CR],621569796
Z,0,0,3771,0,0,2463[CR],621570343
Z,0,0,3771,0,0,2466[CR],621570890
Z,0,0,3771,0,0,2467[CR],621571328
Z,0,0,3771,0,0,2468[CR],621571875
Z,0,0,3771,0,0,2472[CR],621572312
Z,0,0,3771,0,179,2471[CR],621572859
Z,0,0,3771,0,1,2475[CR],621573406
Z,0,0,3771,0,0,2494[CR],621573843
Z,0,0,3771,0,0,2480[CR],621574390
Z,0,0,3771,94,0,2493[CR],621574828
Z,0,0,3771,73,0,2485[CR],621575375
Z,0,0,3771,54,8,2485[CR],621575812
F,23436,13684,3771,21,224,2641[CR],621576140
C,14107,696,3771,8,280,3661[CR],621576578
F,23328,13876,3771,2,275,3890[CR],621577015
C,14208,704,3771,1,256,3870[CR],621577343
F,23242,13819,3771,0,270,3858[CR],621577781
A,35076,23182,3771,0,252,3854[CR],621578109
F,23138,13808,3771,0,177,3857[CR],621578546
C,14195,706,3771,0,160,3854[CR],621578875
F,23052,13806,3771,0,144,3849[CR],621579312
C,14196,684,3771,0,336,3843[CR],621579750
F,22960,13806,3771,0,315,3881[CR],621580078
C,14202,684,3771,0,321,3871[CR],621580515
F,22858,13815,3771,0,322,3867[CR],621580843
C,14203,696,3771,0,323,3863[CR],621581281
F,22768,13818,3771,0,324,3861[CR],621581609
C,14205,682,3771,0,319,3858[CR],621582046
F,22678,13820,3771,0,320,3855[CR],621582484
C,14207,690,3771,0,323,3854[CR],621582812
F,22582,13824,3771,0,328,3852[CR],621583250
C,14209,696,3771,0,321,3851[CR],621583578
F,22498,13830,3771,23,334,4151[CR],621584015
A,35064,22440,3775,18,359,4505[CR],621584343
F,22404,13936,3782,15,367,5058[CR],621584781
C,14333,688,3788,25,512,5893[CR],621585218
F,22350,14685,3798,22,517,6199[CR],621585546
C,15347,684,3808,25,517,6209[CR],621585984
F,19804,15041,3818,25,515,6206[CR],621586312
C,15345,696,3828,27,516,6191[CR],621586750
F,19564,15130,3837,22,517,6191[CR],621587078
C,15217,692,3847,24,519,6169[CR],621587515
F,19804,15080,3857,25,519,6159[CR],621587859
C,14880,688,3867,27,519,6142[CR],621588281
F,20152,14861,3877,27,516,6110[CR],621588718
C,14638,688,3886,24,518,6136[CR],621589046
F,20614,14969,3896,25,517,6146[CR],621589484
C,14939,692,3906,27,519,6149[CR],621589812
F,20878,15358,3916,26,515,6140[CR],621590250
A,34988,21008,3925,25,516,6169[CR],621590687
F,21016,15446,3935,24,515,6202[CR],621591015
C,15542,696,3945,25,518,6196[CR],621591453
F,21048,15127,3955,27,518,6154[CR],621591781
C,15441,696,3965,27,516,6113[CR],621592218
F,21274,14814,3975,21,518,6087[CR],621592546
C,15422,702,3985,24,513,6064[CR],621592984
F,21590,14778,3996,25,517,6040[CR],621593421
C,15394,714,4005,27,518,6024[CR],621593750
F,21834,14971,4015,28,519,6008[CR],621594187
C,15415,688,4025,24,520,5995[CR],621594515
F,21484,15185,4035,25,521,5993[CR],621594953
C,15355,702,4045,25,519,5960[CR],621595281
F,21436,15244,4055,26,518,5961[CR],621595718
C,15372,710,4064,21,515,5957[CR],621596156
F,21498,15294,4075,23,516,5966[CR],621596484
A,35008,21436,4084,25,517,5953[CR],621596921
F,21364,15402,4094,26,517,5944[CR],621597296
C,15378,708,4104,27,514,5939[CR],621597687
F,21230,15400,4114,24,516,5952[CR],621598015
C,15529,708,4124,24,516,5962[CR],621598453
F,21010,15410,4134,25,513,5979[CR],621598890
C,15988,704,4144,27,516,6004[CR],621599218
F,21064,15390,4153,24,515,6031[CR],621599656
C,16270,720,4163,24,516,6065[CR],621599984
F,20816,15205,4173,24,515,6062[CR],621600421
C,16251,710,4183,26,517,6036[CR],621600750
F,20612,14746,4193,27,517,5960[CR],621601187
C,15911,692,4203,24,516,5931[CR],621601625
F,21098,14199,4213,23,514,5928[CR],621601953
C,15451,710,4223,24,517,5937[CR],621602390
F,21720,14019,4233,25,518,5951[CR],621602718
A,34968,22208,4243,27,515,5963[CR],621603156
F,22386,14090,4252,22,517,5969[CR],621603484
C,15241,710,4262,24,516,5983[CR],621603921
F,22944,14483,4272,25,516,5998[CR],621604359
C,15483,710,4282,27,518,6017[CR],621604687
F,22954,14869,4292,27,514,6012[CR],621605125
C,15484,710,4301,22,515,6036[CR],621605453
F,22670,14816,4312,25,518,6055[CR],621605890
C,15200,710,4321,27,518,6056[CR],621606234
F,22922,14807,4331,27,519,6048[CR],621606656
C,14935,700,4341,22,517,6048[CR],621607093
F,23168,14753,4351,23,516,6068[CR],621607421
C,14897,704,4361,25,517,6089[CR],621607859
F,23428,15041,4371,26,518,6065[CR],621608187
C,15257,700,4381,27,515,6072[CR],621608625
F,23164,15223,4391,24,515,6089[CR],621608953
A,34976,22854,4400,24,518,6103[CR],621609390
F,22644,15220,4410,25,517,6117[CR],621609828
C,15773,714,4420,27,516,6095[CR],621610156
F,21694,15030,4430,22,516,6104[CR],621610593
C,15652,716,4440,24,513,6084[CR],621610921
F,21636,14579,4450,25,515,6054[CR],621611359
C,15400,718,4460,26,516,6048[CR],621611687
F,22182,14155,4470,27,515,6036[CR],621612125
C,15294,710,4479,23,516,6029[CR],621612562
F,22754,14232,4489,24,512,6060[CR],621612890
C,15384,714,4499,25,514,6096[CR],621613328
F,23084,14469,4509,27,517,6115[CR],621613656
C,15424,714,4518,22,517,6085[CR],621614093
F,23054,14416,4529,24,517,6072[CR],621614421
C,15276,710,4539,25,517,6060[CR],621614859
F,23486,14216,4549,25,517,6031[CR],621615296
A,35000,23806,4559,27,516,6006[CR],621615625
F,23888,14407,4568,22,517,5990[CR],621616062
C,15351,710,4578,24,517,5980[CR],621616390
F,24084,14581,4588,25,516,5986[CR],621616781
C,15440,710,4598,26,512,5988[CR],621617156
F,23940,14723,4608,27,514,5989[CR],621617593
C,15672,710,4618,24,515,6012[CR],621618031
F,23298,14871,4627,24,513,6019[CR],621618359
C,15820,718,4637,25,512,6026[CR],621618796
F,22206,14957,4647,27,514,6024[CR],621619125
C,15861,700,4657,22,514,6031[CR],621619562
F,21990,14706,4667,23,515,6032[CR],621619890
C,15957,708,4677,25,512,6028[CR],621620328
F,22288,14582,4687,30,514,6055[CR],621620765
C,16149,734,4696,27,511,6011[CR],621621093
F,22288,14711,4706,24,511,5988[CR],621621531
A,34968,21934,4716,25,511,5963[CR],621621859
F,21790,14646,4726,25,513,5942[CR],621622296
C,15916,706,4736,27,512,5915[CR],621622625
F,21952,14303,4746,27,512,5904[CR],621623062
C,15641,724,4756,22,513,5892[CR],621623500
F,22448,14065,4766,23,512,5898[CR],621623828
C,15486,734,4776,26,514,5895[CR],621624265
F,22978,14099,4786,27,517,5905[CR],621624609
C,15496,748,4795,26,519,5918[CR],621625031
F,23492,14462,4805,24,518,5919[CR],621625359
C,15661,776,4815,25,517,5948[CR],621625796
F,23882,15011,4825,25,519,5988[CR],621626234
C,15999,758,4834,28,519,6018[CR],621626562
F,23788,15456,4844,24,519,6040[CR],621627000
C,16622,780,4854,24,516,6078[CR],621627328
F,22950,15518,4864,25,515,6107[CR],621627765
A,34940,22620,4873,27,518,6133[CR],621628093
F,21886,15912,4883,22,523,6151[CR],621628531
C,18108,782,4893,23,523,6146[CR],621628968
F,18616,16240,4903,25,524,6135[CR],621629296
C,18166,760,4913,27,522,6109[CR],621629734
F,17950,15563,4922,23,522,6099[CR],621630062
C,18092,778,4932,22,518,6118[CR],621630500
F,18282,15087,4942,25,515,6154[CR],621630828
C,18238,776,4952,25,512,6149[CR],621631265
F,18612,14955,4961,27,517,6184[CR],621631703
C,18962,776,4971,22,518,6209[CR],621632031
F,18900,15476,4981,24,519,6225[CR],621632484
C,19554,772,4991,25,522,6216[CR],621632812
F,17936,16002,5001,27,524,6213[CR],621633250
C,19454,768,5010,27,523,6202[CR],621633578
F,16321,15805,5021,24,522,6182[CR],621634015
A,34896,16422,5031,24,519,6162[CR],621634343
F,16518,15173,5041,25,519,6168[CR],621634781
C,19128,776,5050,27,518,6187[CR],621635218
F,16840,15156,5059,23,521,6205[CR],621635546
C,19348,776,5070,22,519,6216[CR],621635984
F,17084,15589,5079,25,521,6256[CR],621636312
C,19670,774,5089,27,522,6254[CR],621636750
F,17310,16081,5098,22,522,6273[CR],621637078
C,19998,776,5108,23,520,6287[CR],621637515
F,17482,16558,5118,25,521,6302[CR],621637953
C,20058,784,5128,25,522,6306[CR],621638281
F,17628,16960,5138,27,524,6292[CR],621638718
C,19898,776,5148,24,525,6274[CR],621639046
F,17722,17234,5157,25,525,6264[CR],621639484
C,19600,774,5168,25,524,6257[CR],621639812
F,17858,17350,5177,27,520,6259[CR],621640250
A,34908,17968,5187,22,523,6263[CR],621640687
F,17984,17500,5197,23,522,6276[CR],621641015
C,19058,760,5207,25,523,6280[CR],621641453
F,18066,17774,5216,25,521,6267[CR],621641781
C,18876,786,5226,28,518,6254[CR],621642218
F,18164,17540,5236,24,521,6266[CR],621642546
C,18578,784,5246,23,515,6258[CR],621642984
F,18380,17144,5255,25,518,6295[CR],621643421
C,18494,782,5265,26,515,6298[CR],621643765
F,18620,17176,5275,23,516,6312[CR],621644187
C,18714,780,5285,24,516,6332[CR],621644515
F,18762,17348,5294,24,515,6347[CR],621644953
C,18998,770,5304,25,516,6369[CR],621645281
F,18886,17026,5313,27,515,6381[CR],621645718
C,19348,780,5323,23,514,6392[CR],621646156
F,19054,16564,5333,24,515,6408[CR],621646484
A,34856,19198,5343,25,515,6418[CR],621646921
F,19244,16398,5352,27,515,6434[CR],621647250
C,19708,798,5362,24,517,6456[CR],621647687
F,19470,16456,5372,24,515,6455[CR],621648015
C,19874,794,5382,25,515,6475[CR],621648453
F,19672,16540,5391,26,519,6516[CR],621648890
C,20098,804,5401,21,517,6523[CR],621649218
F,19854,16682,5411,23,518,6528[CR],621649656
C,20058,808,5420,24,518,6534[CR],621649984
F,19992,16898,5430,26,518,6538[CR],621650421
C,19556,812,5440,26,519,6539[CR],621650750
F,20104,17214,5450,24,522,6552[CR],621651187
C,18916,834,5459,24,516,6511[CR],621651625
F,20222,17378,5469,26,515,6511[CR],621651953
C,18540,830,5479,27,516,6505[CR],621652390
F,20434,17828,5488,23,516,6517[CR],621652718
A,34876,20564,5499,24,513,6555[CR],621653156
F,20606,18356,5508,24,512,6610[CR],621653484
C,19160,842,5517,25,512,6684[CR],621653921
F,20740,18488,5526,22,512,6749[CR],621654328
C,20284,834,5536,24,514,6804[CR],621654687
F,20474,18474,5545,25,514,6853[CR],621655125
C,21490,844,5555,25,514,6903[CR],621655453
F,18566,18316,5564,23,515,6936[CR],621655890
C,22312,844,5574,23,514,6978[CR],621656218
F,16706,17884,5583,25,518,7013[CR],621656656
C,22594,836,5592,27,516,7017[CR],621657093
F,16273,17118,5602,21,513,7037[CR],621657421
C,22380,844,5612,24,518,7072[CR],621657859
F,16500,16748,5622,26,515,7060[CR],621658187
C,21732,848,5632,26,519,7037[CR],621658625
F,16696,16948,5641,21,517,7032[CR],621658953
A,34892,16822,5651,24,517,7049[CR],621659390
F,16856,17388,5661,24,515,7052[CR],621659828
C,20082,844,5670,25,515,7082[CR],621660156
F,17032,17780,5680,27,510,7124[CR],621660593
C,19664,846,5689,22,512,7175[CR],621660921
F,17210,18244,5699,24,510,7226[CR],621661359
C,19836,844,5708,25,510,7271[CR],621661687
F,17392,19032,5717,25,511,7310[CR],621662125
C,20386,846,5727,22,510,7331[CR],621662562
F,17508,19636,5736,24,511,7370[CR],621662890
C,20878,838,5745,25,510,7411[CR],621663328
F,17050,19458,5754,23,507,7478[CR],621663656
C,21312,854,5764,22,507,7530[CR],621664093
F,16520,18912,5771,8,331,7584[CR],621664421
C,21722,850,5771,2,218,7520[CR],621664859
F,16636,18464,5771,1,199,7501[CR],621665296
A,34904,16934,5771,0,212,7491[CR],621665625
F,17012,18408,5771,0,227,7484[CR],621666062
C,20114,838,5771,0,205,7479[CR],621666390
F,17292,18250,5771,0,193,7475[CR],621666828
C,20020,850,5771,0,191,7473[CR],621667156
F,17474,18180,5771,0,64,7466[CR],621667593
C,19956,844,5771,0,169,7431[CR],621668031
F,17628,18148,5771,0,182,7428[CR],621668359
C,19904,848,5771,0,292,7309[CR],621668796
F,17738,18166,5771,0,294,7276[CR],621669125
C,19882,846,5771,0,282,7275[CR],621669562
F,17830,18214,5771,0,281,7270[CR],621669890
C,19852,848,5771,0,295,7270[CR],621670328
F,17902,18232,5771,0,302,7269[CR],621670765
C,19820,846,5771,0,191,5338[CR],621671093
F,17958,18008,5771,0,62,3575[CR],621671640
Z,0,0,5771,0,0,2412[CR],621672078
Z,0,0,5771,0,0,2420[CR],621672625
Z,0,0,5771,0,0,2485[CR],621673062
Z,0,0,5771,0,181,2509[CR],621673609
Z,0,0,5771,0,0,2506[CR],621674156
Z,0,0,5771,0,0,2519[CR],621674593
Z,0,0,5771,0,0,2528[CR],621675140
Z,0,0,5771,0,0,2531[CR],621675578
Z,0,0,5771,0,0,2538[CR],621676125
Z,0,0,5771,0,0,2538[CR],621676671
Z,0,0,5771,0,0,2540[CR],621677109
Z,0,0,5771,0,0,2542[CR],621677656
Z,0,0,5771,0,15,2541[CR],621678093
Z,0,0,5771,0,0,2530[CR],621678640
Z,0,0,5771,0,0,2533[CR],621679187
Z,0,0,5771,0,0,2531[CR],621679625
Z,0,0,5771,0,0,2542[CR],621680171
Z,0,0,5771,0,0,2544[CR],621680609
Z,0,0,5771,0,0,2545[CR],621681156
Z,0,0,5771,0,0,2546[CR],621681593
Z,0,0,5771,0,0,2545[CR],621682140
Z,0,0,5771,0,0,2546[CR],621682687
Z,0,0,5771,0,0,2547[CR],621683125
Z,0,0,5771,0,0,2546[CR],621683671
Z,0,0,5771,0,0,2549[CR],621684109
Z,0,0,5771,0,0,2496[CR],621684656
Z,0,0,5771,0,0,2381[CR],621685203
Z,0,0,5771,0,0,2392[CR],621685640
Z,0,0,5771,0,0,2418[CR],621686187
Z,0,0,5771,0,0,2426[CR],621686625
Z,0,0,5771,0,0,2442[CR],621687171
Z,0,0,5771,0,0,2447[CR],621687609
Z,0,0,5771,0,0,2453[CR],621688156
Z,0,0,5771,0,0,2459[CR],621688703
Z,0,0,5771,0,0,2459[CR],621689140
Z,0,0,5771,0,0,2463[CR],621689687
Z,0,0,5771,0,0,2466[CR],621690125
Z,0,0,5771,0,0,2462[CR],621690671
Z,0,0,5771,0,0,2465[CR],621691109
Z,0,0,5771,0,0,2465[CR],621691656
Z,0,0,5771,0,0,2469[CR],621692203
Z,0,0,5771,0,0,2470[CR],621692640
Z,0,0,5771,0,130,2473[CR],621693187
Z,0,0,5771,0,0,2493[CR],621693625
Z,0,0,5771,25,0,2484[CR],621694171
Z,0,0,5771,51,0,2486[CR],621694609
Z,0,0,5771,51,0,2485[CR],621695156
Z,0,0,5771,51,0,2486[CR],621695703
Z,0,0,5771,27,193,2980[CR],621695703
C,17928,854,5771,35,180,4106[CR],621696140
F,18072,15673,5771,2,144,4087[CR],621696468
A,34816,18066,5771,1,68,4082[CR],621696906
F,18046,15831,5771,0,52,4069[CR],621697234
C,18052,848,5771,0,1,4062[CR],621697671
F,18062,15837,5771,0,4,4056[CR],621698109
C,18054,842,5771,0,0,4048[CR],621698437
F,18062,15839,5771,0,0,4039[CR],621698875
C,18056,846,5771,0,173,4039[CR],621699203
F,18054,15837,5771,0,200,4042[CR],621699640
C,18054,836,5771,0,223,4032[CR],621699968
F,18038,15839,5771,0,221,4023[CR],621700406
C,18052,842,5771,0,177,4016[CR],621700843
F,18036,15835,5771,0,190,4009[CR],621701171
C,18050,836,5771,0,230,4002[CR],621701609
F,18028,15833,5771,0,235,3994[CR],621701937
C,18048,836,5771,0,214,3988[CR],621702375
F,18028,15830,5771,0,196,3982[CR],621702703
A,34836,18026,5771,0,195,3978[CR],621703140
F,18010,15826,5771,0,220,3973[CR],621703578
C,18040,846,5771,22,252,4245[CR],621703906
F,18018,15850,5771,18,275,4574[CR],621704343
C,18066,844,5773,15,289,5148[CR],621704671
F,18018,16154,5778,14,316,6094[CR],621705109
C,18346,844,5784,16,482,7127[CR],621705437
F,18036,18852,5794,26,519,7639[CR],621705875
C,22270,836,5803,25,517,7646[CR],621706312
F,16834,18426,5812,23,520,7688[CR],621706640
C,22910,836,5822,23,522,7710[CR],621707078
F,16880,18066,5832,25,520,7726[CR],621707406
C,23120,842,5842,25,527,7720[CR],621707843
F,16808,18244,5851,27,526,7684[CR],621708171
C,23166,846,5861,22,523,7662[CR],621708609
F,16464,18142,5871,25,523,7656[CR],621709046
A,34856,16548,5881,25,524,7627[CR],621709390
F,16580,18066,5890,27,523,7607[CR],621709828
C,22860,850,5900,22,520,7610[CR],621710140
F,16734,18234,5910,24,520,7612[CR],621710578
C,22558,848,5920,24,523,7586[CR],621710906
F,16876,18478,5929,26,520,7575[CR],621711343
C,22400,846,5939,26,520,7582[CR],621711781
F,17016,18658,5949,23,521,7597[CR],621712109
C,22344,846,5958,24,519,7615[CR],621712546
F,17156,18638,5968,26,515,7621[CR],621712875
C,22330,850,5977,27,518,7638[CR],621713312
F,17284,18576,5987,23,519,7656[CR],621713640
C,22200,846,5997,24,522,7664[CR],621714078
F,17402,18686,6007,26,521,7657[CR],621714515
C,21904,836,6016,27,517,7661[CR],621714843
F,17486,18766,6025,20,518,7689[CR],621715281
A,34788,17546,6035,22,518,7710[CR],621715609
F,17562,18676,6045,24,516,7736[CR],621716046
C,21448,846,6054,25,518,7727[CR],621716375
F,17682,18602,6064,20,519,7740[CR],621716812
C,21790,852,6073,22,516,7765[CR],621717250
F,17796,18824,6083,24,521,7784[CR],621717578
C,22324,846,6093,25,521,7793[CR],621718015
F,17742,19268,6102,24,520,7828[CR],621718343
C,22750,844,6112,22,519,7850[CR],621718781
F,16686,19386,6121,25,520,7867[CR],621719109
C,22976,844,6131,26,517,7848[CR],621719546
F,16187,18958,6141,27,519,7835[CR],621719890
C,23116,846,6150,22,519,7826[CR],621720312
F,16301,18552,6160,24,516,7826[CR],621720750
C,23178,858,6170,25,521,7847[CR],621721078
F,16494,18376,6179,27,518,7847[CR],621721515
A,34804,16602,6189,24,519,7862[CR],621721843
F,16644,18492,6199,24,520,7864[CR],621722281
C,22880,850,6208,26,519,7868[CR],621722718
F,16788,18602,6218,27,520,7874[CR],621723046
C,22574,844,6227,22,518,7900[CR],621723484
F,16920,18640,6237,23,516,7934[CR],621723812
C,22188,846,6246,25,519,7949[CR],621724250
F,17056,18822,6256,27,521,7979[CR],621724578
C,21704,846,6265,22,518,8004[CR],621725015
F,17176,18984,6275,24,519,8013[CR],621725453
C,21182,846,6284,24,517,8022[CR],621725781
F,17322,18894,6294,25,518,8032[CR],621726218
C,20776,848,6303,21,516,8035[CR],621726546
F,17498,18802,6313,24,517,8042[CR],621726984
C,20436,850,6323,24,515,8040[CR],621727312
F,17664,18968,6333,25,518,8032[CR],621727750
A,34796,17758,6342,22,514,8028[CR],621728187
F,17782,19244,6352,23,512,8018[CR],621728562
C,20568,854,6362,25,515,8017[CR],621728953
F,17814,19340,6371,25,512,8016[CR],621729296
C,20966,868,6381,27,511,8033[CR],621729718
F,17982,18834,6390,22,511,8082[CR],621730046
C,21884,896,6399,24,512,8151[CR],621730484
F,18304,18478,6409,23,509,8210[CR],621730921
C,23790,914,6418,21,509,8288[CR],621731250
F,18508,18702,6427,22,514,8356[CR],621731687
C,25496,906,6436,23,513,8424[CR],621732015
F,16990,19052,6446,24,517,8489[CR],621732453
C,26752,892,6454,20,518,8543[CR],621732781
F,14422,18764,6464,23,517,8586[CR],621733218
C,27640,920,6473,24,511,8637[CR],621733656
F,12979,18160,6482,26,520,8657[CR],621733984
A,34808,12875,6492,22,519,8651[CR],621734421
F,12917,16718,6501,24,518,8673[CR],621734750
C,28836,910,6511,25,519,8694[CR],621735187
F,13105,16127,6520,26,514,8740[CR],621735515
C,29064,910,6529,22,516,8786[CR],621735953
F,13281,16039,6539,24,512,8823[CR],621736390
C,29664,914,6548,25,510,8850[CR],621736718
F,13445,15448,6558,27,514,8836[CR],621737156
C,29972,906,6567,23,515,8822[CR],621737484
F,13608,14960,6577,23,513,8823[CR],621737921
C,30020,914,6586,24,514,8838[CR],621738250
F,13774,14809,6596,26,513,8854[CR],621738687
C,30280,914,6605,23,509,8856[CR],621739125
F,13947,14766,6615,23,512,8862[CR],621739453
C,30332,914,6624,25,512,8855[CR],621739890
F,14131,14616,6634,27,517,8835[CR],621740218
A,34808,14270,6643,24,512,8823[CR],621740656
F,14313,14634,6653,23,512,8818[CR],621741015
C,29980,906,6663,24,513,8804[CR],621741421
F,14534,14346,6672,26,511,8810[CR],621741859
C,29792,914,6682,24,510,8826[CR],621742187
F,14721,14265,6691,23,511,8837[CR],621742625
C,29772,914,6701,24,506,8862[CR],621742953
F,14929,14288,6710,25,505,8884[CR],621743390
C,29900,926,6719,21,507,8912[CR],621743718
F,15160,14338,6729,22,508,8915[CR],621744156
C,29916,948,6739,24,509,8917[CR],621744593
F,15396,14394,6748,25,506,8948[CR],621744921
C,30272,966,6757,22,507,8979[CR],621745359
F,15643,14373,6767,23,509,9015[CR],621745687
C,30844,948,6776,24,509,9031[CR],621746125
F,15870,14440,6785,25,509,9078[CR],621746453
A,34828,16027,6794,22,506,9117[CR],621746890
F,16091,14612,6804,22,502,9152[CR],621747328
C,32424,970,6813,24,507,9201[CR],621747656
F,16320,14774,6822,25,509,9217[CR],621748093
C,33020,982,6831,22,515,9218[CR],621748437
F,16534,14818,6841,23,511,9216[CR],621748859
C,32876,976,6850,25,511,9205[CR],621749187
F,16720,14648,6859,25,513,9220[CR],621749625
C,32556,980,6869,22,512,9223[CR],621750062
F,16924,14717,6878,23,508,9237[CR],621750390
C,32712,974,6887,24,510,9263[CR],621750828
F,17110,14415,6896,21,510,9274[CR],621751156
C,33052,978,6905,23,507,9253[CR],621751593
F,17162,15102,6914,25,508,9236[CR],621751921
C,32496,980,6923,25,512,9246[CR],621752359
F,17480,15061,6933,22,508,9253[CR],621752796
A,34804,17666,6942,24,513,9276[CR],621753125
F,17716,15032,6951,25,510,9306[CR],621753562
C,33640,984,6959,19,512,9331[CR],621753890
F,17858,14985,6968,22,513,9364[CR],621754328
C,34296,988,6977,22,507,9402[CR],621754656
F,17312,15576,6985,23,504,9412[CR],621755093
C,35224,974,6994,19,505,9467[CR],621755531
F,16006,15479,7002,22,501,9490[CR],621755859
C,36108,984,7010,17,504,9513[CR],621756296
F,15778,15598,7018,19,502,9547[CR],621756625
C,36804,984,7026,21,499,9558[CR],621757062
F,15871,15597,7033,16,492,9586[CR],621757390
C,37148,984,7039,16,490,9621[CR],621757828
F,16178,15785,7044,12,463,9645[CR],621758265
C,37400,986,7047,7,420,9693[CR],621758609
F,16504,15329,7049,4,389,9697[CR],621759031
A,34820,16736,7050,3,367,9698[CR],621759359
F,16814,15627,7051,2,348,9698[CR],621759796
C,36292,988,7052,1,335,9692[CR],621760125
F,17104,15736,7052,1,307,9697[CR],621760562
C,36064,988,7053,1,302,9699[CR],621761000
F,17356,15848,7053,1,273,9700[CR],621761328
C,35892,984,7053,1,274,9705[CR],621761765
F,17560,15902,7054,1,272,9710[CR],621762093
C,35756,980,7054,0,252,9713[CR],621762531
F,17724,15932,7054,0,244,9716[CR],621762859
C,35680,984,7054,0,216,9720[CR],621763296
F,17858,15940,7054,0,233,9720[CR],621763734
C,35604,996,7054,0,177,9718[CR],621764062
F,17966,15976,7054,0,151,9545[CR],621764500
C,35412,974,7054,0,240,7771[CR],621764828
F,18044,15918,7054,0,152,4909[CR],621765265
A,34796,18058,7054,0,343,3078[CR],621765593
F,18046,14227,7054,0,499,1038[CR],621766031
C,23654,984,7054,0,493,35544[CR],621766468
F,14406,12675,7054,0,166,35544[CR],621766796
C,11469,984,7054,0,111,35544[CR],621767234
F,14188,12678,7054,0,197,35544[CR],621767562
C,11603,978,7054,68,439,2684[CR],621768000
F,14553,12697,7054,114,559,4999[CR],621768343
C,12201,984,7054,86,557,6166[CR],621768812
F,17854,14188,7072,103,568,7696[CR],621769140
C,33732,990,7125,172,572,8201[CR],621769593
F,16193,14360,7194,129,568,8363[CR],621769921
C,37488,1058,7207,4,298,8365[CR],621770359
F,15736,14805,7207,1,230,8229[CR],621770687
C,30508,984,7207,1,208,8218[CR],621771125
F,16306,15175,7207,0,183,8215[CR],621771453
A,34836,16682,7207,0,189,8211[CR],621771890
F,16800,15250,7207,0,192,8208[CR],621772328
C,29352,984,7207,0,148,8206[CR],621772656
F,17230,15284,7207,0,140,8205[CR],621773093
C,29140,992,7207,0,164,8202[CR],621773421
F,17558,15307,7207,0,165,8201[CR],621773859
C,28992,988,7209,14,518,8363[CR],621774187
F,17802,15401,7219,24,531,8662[CR],621774625
C,32528,992,7228,26,529,8654[CR],621775062
F,18000,15365,7237,20,524,8636[CR],621775390
C,31588,994,7247,22,526,8656[CR],621775828
F,18010,14928,7256,25,530,8678[CR],621776156
C,31176,984,7266,27,530,8663[CR],621776593
F,18138,15261,7275,25,532,8660[CR],621776921
C,30356,992,7285,22,527,8681[CR],621777359
F,18110,15694,7294,24,525,8681[CR],621777796
A,34784,18150,7304,25,529,8708[CR],621778125
F,18196,16686,7313,21,528,8704[CR],621778562
C,28544,988,7323,23,526,8689[CR],621778890
F,18190,16231,7333,25,529,8698[CR],621779265
C,27820,1002,7342,26,532,8683[CR],621779656
F,18300,15950,7352,27,532,8663[CR],621780093
C,26532,984,7362,23,524,8640[CR],621780531
F,18292,15989,7371,24,527,8628[CR],621780859
C,25172,992,7381,25,526,8606[CR],621781296
F,18404,15932,7391,26,521,8606[CR],621781625
C,23988,992,7400,22,525,8635[CR],621782062
F,18462,15934,7410,23,521,8651[CR],621782390
C,23624,990,7419,24,523,8676[CR],621782828
F,18560,15799,7428,25,521,8709[CR],621783265
C,23842,1014,7437,22,521,8734[CR],621783593
F,18466,16335,7447,23,519,8767[CR],621784031
A,34824,18286,7456,24,520,8805[CR],621784359
F,17786,17002,7465,24,518,8847[CR],621784796
C,23752,1022,7474,22,520,8869[CR],621785125
F,17234,17466,7484,24,522,8894[CR],621785562
C,23844,1044,7494,25,519,8903[CR],621786000
F,16296,17366,7503,20,521,8932[CR],621786328
C,23852,1048,7512,22,521,8969[CR],621786765
F,16303,17598,7521,23,521,9013[CR],621787109
C,23942,1056,7530,25,518,9059[CR],621787531
F,16580,17816,7540,19,520,9085[CR],621787859
C,23840,1052,7549,23,519,9094[CR],621788296
F,16980,18380,7559,24,520,9117[CR],621788734
C,23662,1054,7568,25,521,9101[CR],621789062
F,17304,18876,7578,21,521,9120[CR],621789500
C,23444,1058,7587,23,515,9146[CR],621789828
F,17622,18746,7597,24,519,9186[CR],621790265
A,34848,17842,7606,26,524,9173[CR],621790593
F,17908,18942,7615,19,518,9184[CR],621791031
C,23336,1052,7625,25,518,9206[CR],621791468
F,18210,18876,7635,25,524,9221[CR],621791796
C,23648,1044,7644,24,515,9254[CR],621792234
F,18502,19028,7652,19,509,9337[CR],621792562
C,24852,1052,7661,20,507,9437[CR],621793000
F,18706,19462,7669,20,505,9543[CR],621793328
C,26996,1052,7676,15,490,9637[CR],621793765
F,18078,19882,7681,12,475,9703[CR],621794203
C,28920,1092,7683,6,433,9714[CR],621794531
F,16968,19860,7685,4,402,9712[CR],621794968
C,29340,1086,7686,3,382,9708[CR],621795296
F,16846,19758,7687,2,363,9711[CR],621795734
C,29232,1092,7688,2,360,9705[CR],621796062
F,17058,19692,7689,2,344,9703[CR],621796500
A,34892,17222,7690,1,331,9701[CR],621796937
F,17300,19666,7690,1,312,9699[CR],621797328
C,29200,1100,7690,1,231,9671[CR],621797703
F,17564,19620,7690,0,174,9629[CR],621798031
C,28788,1090,7690,0,114,9603[CR],621798468
F,17946,19646,7690,0,223,9616[CR],621798796
C,28448,1078,7691,0,253,9659[CR],621799234
F,18220,19668,7691,0,222,9671[CR],621799671
C,28900,1084,7691,0,207,9522[CR],621800000
F,18256,19640,7691,0,148,5697[CR],621800437
C,28192,1084,7691,0,220,3881[CR],621800765
F,18480,18188,7691,0,334,2487[CR],621801203
C,25700,1080,7691,0,476,805[CR],621801531
F,18698,12679,7691,0,464,35544[CR],621801968
C,9965,1064,7691,0,450,35544[CR],621802421
F,15858,12682,7691,0,1,35544[CR],621802765
A,34912,15636,7691,79,388,2283[CR],621803093
F,15893,12684,7691,86,332,3408[CR],621803546
C,10742,1056,7691,54,543,5167[CR],621803906
F,16964,12686,7691,94,567,6264[CR],621804375
C,12796,1052,7696,73,559,7666[CR],621804718
F,20834,15247,7726,79,565,8667[CR],621805046
C,31352,1084,7758,86,567,9118[CR],621805500
F,13364,15313,7770,4,276,9135[CR],621805937
C,35120,1030,7770,1,241,8976[CR],621806281
F,13724,14246,7770,0,208,8948[CR],621806703
C,31612,1090,7770,0,203,8928[CR],621807031
F,14442,14273,7770,0,124,8918[CR],621807468
C,31268,1096,7770,0,155,8905[CR],621807796
F,15176,14303,7770,0,152,8886[CR],621808234
C,31112,1094,7770,0,99,8881[CR],621808671
F,15875,14320,7770,0,83,8877[CR],621809000
A,34928,16347,7770,0,39,8875[CR],621809437
F,16510,14340,7770,0,189,8894[CR],621809734
C,30672,1086,7770,0,97,8913[CR],621810203
F,17100,14366,7770,0,0,8887[CR],621810531
C,31128,1064,7770,0,0,8887[CR],621811078
Z,0,0,7770,0,0,8740[CR],621811406
C,30836,1074,7770,0,0,8637[CR],621811734
F,17888,14370,7770,0,0,8638[CR],621812187
C,30608,1088,7770,0,1,8640[CR],621812500
F,18136,14381,7770,0,0,8641[CR],621812937
C,30432,1100,7770,0,0,8638[CR],621813265
F,18328,14382,7770,0,1,7779[CR],621813703
C,30304,1088,7770,0,190,5820[CR],621814140
F,18440,14300,7770,0,207,4146[CR],621814578
Z,0,0,7770,0,249,2620[CR],621815125
Z,0,0,7770,0,0,2465[CR],621815562
Z,0,0,7770,0,0,2513[CR],621816109
Z,0,0,7770,0,0,2520[CR],621816546
Z,0,0,7770,0,0,2498[CR],621817093
Z,0,0,7770,0,0,2503[CR],621817640
Z,0,0,7770,0,0,2507[CR],621818078
Z,0,0,7770,0,0,2506[CR],621818625
Z,0,0,7770,0,0,2511[CR],621819062
Z,0,0,7770,0,0,2511[CR],621819609
Z,0,0,7770,0,179,2503[CR],621820156
Z,0,0,7770,0,0,2500[CR],621820593
Z,0,0,7770,0,0,2497[CR],621821140
Z,0,0,7770,0,1,2495[CR],621821578
Z,0,0,7770,0,0,2500[CR],621822125
Z,0,0,7770,0,0,2499[CR],621822671
Z,0,0,7770,0,0,2501[CR],621823109
Z,0,0,7770,0,0,2508[CR],621823656
Z,0,0,7770,0,1,2510[CR],621824093
Z,0,0,7770,0,0,2505[CR],621824640
Z,0,0,7770,0,0,2418[CR],621825187
Z,0,0,7770,0,0,2435[CR],621825625
Z,0,0,7770,0,0,2446[CR],621826171
Z,0,0,7770,0,0,2452[CR],621826609
Z,0,0,7770,0,0,2458[CR],621827156
Z,0,0,7770,0,0,2462[CR],621827593
Z,0,0,7770,0,0,2464[CR],621828140
Z,0,0,7770,0,0,2466[CR],621828687
Z,0,0,7770,0,0,2466[CR],621829125
Z,0,0,7770,0,0,2466[CR],621829671
Z,0,0,7770,0,0,2469[CR],621830109
Z,0,0,7770,0,0,2471[CR],621830656
Z,0,0,7770,0,0,2472[CR],621831093
Z,0,0,7770,0,0,2473[CR],621831640
Z,0,0,7770,0,0,2473[CR],621832187
Z,0,0,7770,0,0,2476[CR],621832625
Z,0,0,7770,0,0,2492[CR],621833171
Z,0,0,7770,0,0,2483[CR],621833609
Z,0,0,7770,49,0,2487[CR],621834156
Z,0,0,7770,27,15,2515[CR],621834593
Z,0,0,7770,16,0,3711[CR],621835140
Z,0,0,7770,1,0,4259[CR],621835140
F,18690,13637,7770,1,0,4272[CR],621835578
C,26252,1082,7770,1,0,4260[CR],621835906
F,18688,13642,7770,0,0,4251[CR],621836343
C,26248,1092,7770,0,0,4246[CR],621836890
Z,0,0,7770,0,0,4261[CR],621837328
Z,0,0,7770,0,0,4253[CR],621837875
Z,0,0,7770,0,0,4246[CR],621838312
Z,0,0,7770,0,14,4249[CR],621838640
C,26224,1108,7770,0,33,4265[CR],621839078
F,18688,13642,7770,0,25,4263[CR],621839515
C,26220,1088,7770,0,0,4260[CR],621839843
F,18686,13643,7770,0,0,4257[CR],621840281
A,34968,18688,7770,0,0,4254[CR],621840609
F,18678,13644,7770,0,0,4252[CR],621841046
C,26200,1082,7770,0,0,4249[CR],621841375
F,18690,13643,7770,0,0,4245[CR],621841812
C,26192,1082,7770,0,0,4241[CR],621842250
F,18682,13641,7770,0,0,4239[CR],621842578
C,26180,1090,7770,0,1,4237[CR],621843015
F,18686,13642,7770,15,1,4266[CR],621843343
C,26172,1106,7770,21,41,4540[CR],621843781
F,18686,13646,7773,15,136,5070[CR],621844109
C,26220,1088,7778,14,137,5960[CR],621844546
F,18700,13792,7784,13,196,6981[CR],621844984
C,26892,1094,7790,16,281,8015[CR],621845312
F,18748,14318,7796,18,463,8906[CR],621845750
C,31144,1096,7804,19,469,9204[CR],621846078
F,18466,14089,7811,15,456,9268[CR],621846515
A,34980,18484,7816,12,449,9347[CR],621846843
F,18458,14050,7819,8,429,9373[CR],621847250
C,34312,1070,7822,7,411,9376[CR],621847718
F,18590,14058,7824,5,394,9353[CR],621848046
C,34272,1084,7826,4,394,9361[CR],621848484
F,18656,14042,7828,4,386,9367[CR],621848812
C,34348,1094,7829,4,377,9384[CR],621849250
F,18626,14017,7831,3,368,9396[CR],621849578
C,34416,1090,7831,1,191,9332[CR],621850015
F,18634,14076,7831,1,263,6811[CR],621850453
C,33180,1084,7831,0,335,2973[CR],621850781
F,18672,13547,7831,0,512,867[CR],621851218
C,23850,1088,7831,0,517,35544[CR],621851546
F,14696,12675,7831,0,461,35544[CR],621851984
C,11752,1094,7831,0,1,35544[CR],621852312
F,15389,12678,7831,43,267,1774[CR],621852781
A,34964,15804,7831,172,497,4413[CR],621853109
F,15921,12678,7831,147,521,6302[CR],621853546
C,12618,1078,7852,129,531,8114[CR],621853906
F,18596,13358,7892,94,526,8925[CR],621854375
C,37772,1114,7925,64,525,9010[CR],621854718
F,16326,13227,7953,73,526,9064[CR],621855046
C,38792,1130,7972,7,319,9001[CR],621855484
F,16369,13493,7972,3,167,8772[CR],621855921
C,33760,1122,7972,1,332,5927[CR],621856250
F,17012,13518,7972,0,526,2020[CR],621856687
C,30036,1106,7972,0,123,35544[CR],621857015
F,13791,12678,7972,60,352,1075[CR],621857453
C,12148,1118,7972,172,482,3624[CR],621857796
F,14668,12679,7972,147,523,5966[CR],621858234
C,12318,1118,8018,206,535,7879[CR],621858687
F,17960,13389,8077,86,529,8129[CR],621859015
A,35028,16017,8084,5,193,7862[CR],621859343
F,16296,14293,8084,1,96,7794[CR],621859796
C,28732,1122,8084,1,3,7785[CR],621860125
F,17064,14580,8084,0,4,7780[CR],621860562
C,28360,1122,8084,0,0,7774[CR],621861000
F,17662,14644,8084,0,0,7770[CR],621861328
C,28188,1112,8084,0,0,7768[CR],621861765
F,18074,14670,8084,0,0,7764[CR],621862109
C,28064,1114,8084,0,0,7763[CR],621862531
F,18356,14685,8086,0,455,7816[CR],621862859
C,27936,1124,8095,24,495,8049[CR],621863296
F,18576,14329,8104,25,497,8065[CR],621863734
C,30632,1124,8114,23,493,8059[CR],621864062
F,18614,14511,8123,23,498,8072[CR],621864500
C,30684,1108,8133,26,503,8071[CR],621864828
F,18608,14695,8143,26,502,8060[CR],621865265
A,34996,18572,8152,21,501,8072[CR],621865593
F,18576,15036,8162,23,503,8088[CR],621866031
C,30120,1120,8172,24,496,8092[CR],621866468
F,18626,15475,8181,26,495,8097[CR],621866828
C,29636,1124,8190,21,494,8111[CR],621867234
F,18606,15127,8200,22,494,8118[CR],621867562
C,29432,1130,8210,25,491,8117[CR],621868000
F,18584,14543,8219,25,491,8112[CR],621868328
C,29264,1122,8229,24,494,8108[CR],621868765
F,18630,14525,8238,22,496,8126[CR],621869203
C,29176,1122,8248,24,499,8141[CR],621869531
F,18740,14451,8258,25,500,8160[CR],621869968
C,29520,1150,8267,27,497,8136[CR],621870296
F,18742,14463,8276,22,500,8168[CR],621870734
C,28536,1124,8286,24,498,8164[CR],621871062
F,18266,15231,8296,26,492,8167[CR],621871500
A,34996,18600,8305,26,498,8159[CR],621871937
F,18652,15005,8315,23,499,8164[CR],621872265
C,28076,1122,8325,24,495,8153[CR],621872703
F,18762,14949,8334,25,499,8155[CR],621873031
C,27588,1120,8344,26,496,8170[CR],621873468
F,18870,14913,8353,23,496,8187[CR],621873796
C,26844,1108,8363,23,494,8203[CR],621874234
F,18796,15105,8373,24,497,8212[CR],621874671
C,26400,1122,8382,26,496,8204[CR],621875000
F,18768,14795,8391,22,493,8225[CR],621875437
C,25988,1122,8401,22,496,8242[CR],621875781
F,18792,14983,8410,24,486,8258[CR],621876203
C,25108,1122,8419,27,484,8290[CR],621876531
F,18828,14793,8429,23,485,8311[CR],621876968
C,24588,1126,8439,23,487,8333[CR],621877406
F,18898,15283,8448,25,481,8335[CR],621877734
A,35004,18944,8457,25,480,8350[CR],621878171
F,18942,15497,8467,22,487,8380[CR],621878500
C,24366,1130,8476,23,481,8404[CR],621878937
F,18890,15926,8486,24,483,8442[CR],621879265
C,24488,1126,8495,26,488,8493[CR],621879703
F,18924,16214,8504,22,489,8525[CR],621880140
C,24652,1144,8513,24,488,8588[CR],621880468
F,18800,16796,8523,25,493,8641[CR],621880906
C,24924,1148,8532,24,490,8685[CR],621881234
F,18690,17088,8541,22,486,8717[CR],621881671
C,25088,1162,8551,24,489,8737[CR],621882000
F,18674,17316,8560,25,488,8754[CR],621882437
C,24872,1144,8569,22,493,8789[CR],621882875
F,18546,17862,8579,24,492,8795[CR],621883203
C,24500,1148,8588,24,485,8815[CR],621883640
F,18268,18066,8598,24,483,8834[CR],621883968
A,35028,18388,8607,25,486,8845[CR],621884406
F,18422,17940,8617,23,486,8854[CR],621884734
C,23422,1144,8626,24,484,8877[CR],621885171
F,18672,17924,8636,25,487,8859[CR],621885609
C,22906,1140,8645,19,486,8853[CR],621885937
F,18908,17966,8654,24,482,8872[CR],621886375
C,22596,1156,8664,22,479,8886[CR],621886703
F,19028,18060,8673,25,484,8917[CR],621887140
C,22834,1200,8683,26,481,8954[CR],621887468
F,19046,18092,8692,22,480,8971[CR],621887906
C,23560,1190,8702,25,487,9012[CR],621888343
F,18596,18210,8711,24,482,9033[CR],621888671
C,24692,1190,8720,22,480,9051[CR],621889109
F,16780,18530,8729,22,481,9065[CR],621889437
C,25708,1188,8739,25,483,9099[CR],621889875
F,15336,18676,8748,25,486,9108[CR],621890203
A,35028,14997,8757,22,486,9132[CR],621890640
F,14942,18434,8767,22,483,9124[CR],621891078
C,26312,1200,8776,24,485,9134[CR],621891406
F,15117,18108,8785,25,483,9130[CR],621891843
C,26216,1186,8794,21,485,9126[CR],621892171
F,15561,17998,8804,23,482,9137[CR],621892609
C,25812,1198,8814,24,481,9145[CR],621892937
F,16023,18238,8823,25,476,9160[CR],621893375
C,25400,1190,8831,19,480,9294[CR],621893812
F,16438,18406,8840,22,490,9327[CR],621894140
C,25128,1200,8848,22,461,9324[CR],621894578
F,16884,18446,8857,22,484,9336[CR],621894906
C,24892,1178,8866,22,476,9249[CR],621895343
F,17326,18732,8876,25,485,9250[CR],621895671
C,25064,1192,8885,25,482,9246[CR],621896109
F,17714,19034,8894,21,476,9263[CR],621896546
A,35028,17970,8902,22,478,9292[CR],621896875
F,18026,19362,8911,24,475,9297[CR],621897234
C,26312,1200,8920,21,472,9347[CR],621897640
F,18022,19654,8928,22,476,9374[CR],621898078
C,27400,1200,8936,23,476,9402[CR],621898406
F,16914,19920,8944,19,470,9413[CR],621898843
C,28216,1236,8952,19,465,9451[CR],621899281
F,15311,20084,8959,16,477,9457[CR],621899609
C,28280,1260,8967,18,473,9443[CR],621900046
F,13670,20026,8974,20,473,9480[CR],621900375
C,28020,1222,8982,17,473,9470[CR],621900812
F,12907,19566,8989,19,473,9460[CR],621901140
C,27452,1230,8996,17,471,9451[CR],621901578
F,12958,18664,9004,19,478,9428[CR],621902015
C,26708,1224,9011,22,475,9385[CR],621902343
F,13260,18004,9019,19,475,9360[CR],621902781
A,35088,13508,9027,21,471,9347[CR],621903109
F,13583,17616,9035,18,476,9344[CR],621903546
C,24812,1204,9043,21,476,9328[CR],621903875
F,13913,17320,9052,23,479,9308[CR],621904312
C,24088,1208,9061,19,478,9300[CR],621904656
F,14252,16960,9070,21,478,9306[CR],621905078
C,23748,1222,9079,22,478,9301[CR],621905515
F,14645,16736,9087,24,475,9307[CR],621905843
C,24036,1260,9096,19,475,9341[CR],621906281
F,15091,17000,9105,22,472,9351[CR],621906609
C,24732,1256,9114,24,472,9364[CR],621907046
F,15495,17574,9122,21,475,9383[CR],621907484
C,25176,1256,9131,22,478,9384[CR],621907812
F,15466,18176,9140,22,475,9380[CR],621908250
C,25396,1260,9148,19,474,9363[CR],621908578
F,13821,18072,9158,22,475,9378[CR],621909015
A,35060,13168,9167,23,473,9373[CR],621909343
F,13029,17748,9175,25,476,9383[CR],621909781
C,25288,1260,9184,22,475,9380[CR],621910218
F,12897,17314,9193,23,475,9374[CR],621910546
C,25096,1248,9202,23,472,9387[CR],621910984
F,13242,16992,9211,22,476,9393[CR],621911312
C,24972,1260,9220,22,472,9391[CR],621911750
F,13641,17418,9228,24,475,9403[CR],621912187
C,24884,1260,9237,18,460,9402[CR],621912531
F,14003,17798,9244,15,444,9539[CR],621912953
C,24928,1260,9250,13,456,9591[CR],621913281
F,14386,18118,9254,9,407,9651[CR],621913718
C,24872,1260,9257,5,337,9681[CR],621914046
F,14767,18298,9258,3,321,9677[CR],621914484
C,24512,1256,9259,3,309,9668[CR],621914921
F,15161,18406,9260,2,274,9677[CR],621915250
A,35080,15433,9261,2,267,9682[CR],621915687
F,15528,18480,9262,2,202,9679[CR],621916015
C,24318,1260,9262,1,127,9675[CR],621916453
F,15932,18512,9262,1,45,9675[CR],621916781
C,24180,1258,9263,1,146,9681[CR],621917218
F,16301,18534,9263,1,175,9675[CR],621917656
C,24222,1260,9264,1,168,9666[CR],621917984
F,16664,18546,9264,1,38,9658[CR],621918421
C,24238,1260,9265,1,92,9666[CR],621918750
F,17004,18548,9265,1,156,9666[CR],621919187
C,24220,1260,9265,1,167,9661[CR],621919515
F,17336,18544,9266,1,48,9649[CR],621919953
C,24244,1260,9266,0,87,8999[CR],621920390
F,17624,18552,9266,0,391,3408[CR],621920718
C,23204,1268,9266,0,556,822[CR],621921156
F,15908,12678,9266,0,123,35544[CR],621921484
A,35040,12385,9266,0,33,35544[CR],621921921
F,12412,12682,9266,0,205,35544[CR],621922250
C,10820,1260,9266,147,384,3144[CR],621922687
F,12890,12684,9266,258,524,6016[CR],621923046
C,12159,1284,9344,258,528,7616[CR],621923500
F,15787,14997,9391,6,40,7783[CR],621923828
C,26048,1284,9391,1,0,7661[CR],621924187
F,15384,16199,9391,1,0,7656[CR],621924718
Z,0,0,9391,0,0,7653[CR],621925046
F,15855,16341,9391,0,0,7649[CR],621925375
C,25248,1268,9391,0,261,7006[CR],621925812
F,16311,16398,9391,0,145,2461[CR],621926140
C,24418,1266,9391,0,0,35544[CR],621926578
F,13812,12680,9391,0,0,35544[CR],621927031
C,11297,1264,9391,0,3,35544[CR],621927359
F,14232,12680,9391,0,41,35544[CR],621927796
A,35084,14524,9391,0,21,35544[CR],621928125
F,14632,12681,9391,0,0,35544[CR],621928562
C,11335,1260,9391,0,0,35544[CR],621928921
F,15056,12680,9391,0,0,35544[CR],621929359
C,11341,1270,9391,0,0,35544[CR],621929718
F,15478,12682,9391,0,0,35544[CR],621930062
C,11343,1268,9391,0,0,35544[CR],621930515
F,15879,12681,9391,0,0,35544[CR],621930859
C,11344,1260,9391,0,0,35544[CR],621931296
F,16271,12681,9391,7,232,2188[CR],621931640
C,11371,1272,9391,4,12,2970[CR],621932093
F,16644,12682,9391,9,95,3356[CR],621932437
C,11556,1260,9391,17,78,3969[CR],621932875
F,16982,12681,9391,23,79,4312[CR],621933234
C,11721,1264,9391,14,111,4554[CR],621933562
F,17288,12681,9391,13,154,4939[CR],621934015
A,35100,17454,9391,11,260,5528[CR],621934343
F,17438,12683,9391,18,447,6152[CR],621934781
C,12486,1256,9391,12,417,6680[CR],621935218
F,20360,14471,9391,16,448,7222[CR],621935546
C,21812,1268,9398,18,463,7667[CR],621935984
F,19524,14621,9406,20,470,7959[CR],621936312
C,28516,1268,9414,18,472,8170[CR],621936750
F,19460,14977,9423,21,473,8353[CR],621937078
C,31576,1290,9431,23,475,8492[CR],621937515
F,19368,15169,9440,24,479,8625[CR],621937953
C,34016,1286,9449,24,484,8717[CR],621938281
F,19126,15300,9458,22,480,8797[CR],621938718
C,35956,1300,9466,24,483,8869[CR],621939046
F,18756,15462,9476,22,486,8945[CR],621939484
C,37152,1294,9485,22,484,9009[CR],621939812
F,18772,15452,9494,24,486,9072[CR],621940250
A,35156,18846,9503,19,487,9107[CR],621940687
F,18858,15683,9512,22,485,9134[CR],621941015
C,37452,1296,9521,22,483,9201[CR],621941453
F,18864,15348,9530,24,485,9258[CR],621941781
C,38512,1296,9540,21,488,9253[CR],621942218
F,19006,15633,9549,22,482,9273[CR],621942546
C,37968,1320,9558,22,484,9339[CR],621942984
F,18968,16836,9566,22,478,9388[CR],621943421
C,38636,1332,9574,20,480,9483[CR],621943750
F,19264,16442,9583,22,482,9507[CR],621944187
C,38084,398,9591,16,477,9505[CR],621944531
F,19244,15409,9599,19,476,9553[CR],621944953
C,37692,1326,9606,20,468,9595[CR],621945281
F,19052,16790,9613,16,467,9645[CR],621945718
C,37920,1330,9619,15,456,9653[CR],621946062
F,19358,17212,9625,13,454,9654[CR],621946531
A,35144,19364,9630,15,451,9660[CR],621946875
F,19398,17080,9635,13,450,9690[CR],621947234
C,37940,1330,9640,10,425,9732[CR],621947671
F,19450,18122,9643,8,414,9736[CR],621948109
C,37740,1328,9646,7,403,9739[CR],621948437
F,19412,17920,9648,5,373,9739[CR],621948906
C,37876,1330,9650,3,365,9733[CR],621949234
F,19460,17914,9651,3,333,9724[CR],621949671
C,37860,1338,9652,2,323,9718[CR],621950000
F,19486,18076,9653,2,305,9716[CR],621950437
C,37828,1328,9654,1,299,9709[CR],621950765
F,19474,18088,9655,2,276,9704[CR],621951203
C,37616,1342,9655,2,280,9711[CR],621951640
F,19494,17736,9656,2,276,9702[CR],621951968
C,37608,1338,9657,1,281,9696[CR],621952406
F,19528,17488,9657,1,275,9690[CR],621952734
A,35140,19560,9658,1,265,9699[CR],621953171
F,19510,17454,9658,1,47,9682[CR],621953500
C,37580,1338,9658,0,0,9622[CR],621953937
F,19426,17672,9659,0,0,9590[CR],621954265
C,36812,1342,9659,0,0,9565[CR],621954703
F,19528,17764,9659,0,0,9546[CR],621955140
C,36488,1330,9659,0,0,9531[CR],621955468
F,19594,17786,9659,0,0,9519[CR],621955906
C,36280,1334,9659,0,0,9508[CR],621956234
F,19626,17804,9659,0,0,9501[CR],621956671
C,36120,1334,9659,0,0,9493[CR],621957109
F,19632,17846,9659,0,0,9487[CR],621957546
Z,0,0,9659,0,0,9480[CR],621957875
F,19636,17878,9659,0,0,9475[CR],621958203
C,35896,1360,9659,0,0,9470[CR],621958640
F,19644,17894,9659,0,0,9464[CR],621958968
A,35176,19644,9659,0,0,9461[CR],621959515
Z,0,0,9659,0,0,9455[CR],621959953
Z,0,0,9659,0,0,9450[CR],621960171
F,19640,17928,9659,0,0,9450[CR],621960609
C,35692,1330,9659,0,0,9442[CR],621960937
F,19646,17942,9659,0,0,9438[CR],621961375
C,35636,1352,9659,0,0,9435[CR],621961703
F,19642,17954,9659,0,0,9431[CR],621962250
Z,0,0,9659,0,0,9425[CR],621962468
F,19652,17972,9659,0,0,9420[CR],621963015
Z,0,0,9659,0,0,9416[CR],621963562
Z,0,0,9659,0,0,9409[CR],621964000
Z,0,0,9659,0,0,9402[CR],621964546
Z,0,0,9659,0,0,9395[CR],621964984
Z,0,0,9659,0,0,9389[CR],621965531
Z,0,0,9659,0,0,9379[CR],621966078
Z,0,0,9659,0,0,9373[CR],621966406
F,19652,18038,9659,0,0,9365[CR],621966953
Z,0,0,9659,0,0,9358[CR],621967390
Z,0,0,9659,0,0,9351[CR],621967609
C,35168,1330,9659,0,0,9348[CR],621968046
F,19654,18050,9659,0,0,9342[CR],621968484
Z,0,0,9659,0,0,9335[CR],621968812
F,19652,18052,9659,0,0,9330[CR],621969140
C,35052,1338,9659,0,0,9325[CR],621969687
Z,0,0,9659,0,0,9319[CR],621970125
Z,0,0,9659,0,0,9312[CR],621970671
Z,0,0,9659,0,0,9304[CR],621971109
F,19656,18080,9659,0,0,9297[CR],621971656
Z,0,0,9659,0,0,9290[CR],621972093
Z,0,0,9659,0,0,9284[CR],621972640
Z,0,0,9659,0,0,9277[CR],621973078
Z,0,0,9659,0,0,9269[CR],621973625
Z,0,0,9659,0,0,9263[CR],621974062
Z,0,0,9659,0,0,9256[CR],621974609
Z,0,0,9659,0,0,9249[CR],621975156
Z,0,0,9659,0,0,9242[CR],621975375
C,34656,1322,9659,0,0,9236[CR],621975812
F,19650,18102,9659,0,0,9234[CR],621976250
Z,0,0,9659,0,0,9227[CR],621976578
F,19652,18112,9659,0,0,9225[CR],621977125
Z,0,0,9659,0,0,9218[CR],621977562
Z,0,0,9659,0,0,9213[CR],621978109
Z,0,0,9659,0,0,9207[CR],621978546
C,34500,1348,9659,0,0,9201[CR],621978984
Z,0,0,9659,0,0,9196[CR],621979312
C,34468,1352,9659,0,0,9191[CR],621979750
F,19648,18132,9659,0,0,9188[CR],621980187
Z,0,0,9659,0,0,9182[CR],621980515
F,19650,18142,9659,0,0,9179[CR],621980953
Z,0,0,9659,0,0,9173[CR],621981500
Z,0,0,9659,0,0,9168[CR],621981937
Z,0,0,9659,0,0,9162[CR],621982484
Z,0,0,9659,0,0,9156[CR],621983031
Z,0,0,9659,0,0,9150[CR],621983468
Z,0,0,9659,0,0,9146[CR],621984015
Z,0,0,9659,0,0,9140[CR],621984453
Z,0,0,9659,0,0,9134[CR],621985000
Z,0,0,9659,0,0,9128[CR],621985437
Z,0,0,9659,0,0,9122[CR],621985984
Z,0,0,9659,0,0,9117[CR],621986531
Z,0,0,9659,0,0,9113[CR],621986750
F,19656,18164,9659,0,0,9108[CR],621987187
Z,0,0,9659,0,0,9104[CR],621987734
Z,0,0,9659,0,0,9098[CR],621988281
Z,0,0,9659,0,0,9093[CR],621988718
Z,0,0,9659,0,0,9086[CR],621989265
Z,0,0,9659,0,0,9082[CR],621989703
Z,0,0,9659,0,0,9076[CR],621990250
Z,0,0,9659,0,0,9070[CR],621990687
Z,0,0,9659,0,0,9065[CR],621991234
Z,0,0,9659,0,0,9058[CR],621991781
Z,0,0,9659,0,0,9053[CR],621992218
Z,0,0,9659,0,0,9047[CR],621992546
C,33992,1342,9659,0,0,9042[CR],621993093
Z,0,0,9659,0,0,9037[CR],621993640
Z,0,0,9659,0,0,9030[CR],621994078
Z,0,0,9659,0,0,9023[CR],621994187
C,33948,1342,9659,0,0,9019[CR],621994625
Z,0,0,9659,0,0,9016[CR],621994953
C,33928,1346,9659,0,0,9011[CR],621995390
Z,0,0,9659,0,0,9006[CR],621995937
Z,0,0,9659,0,0,9000[CR],621996484
Z,0,0,9659,0,0,8993[CR],621996921
Z,0,0,9659,0,0,8985[CR],621997468
Z,0,0,9659,0,0,8977[CR],621997906
Z,0,0,9659,0,0,8969
<PAUSE BUTTON 11:56:32>
[CR],621998125
>
Reset interface. Wait time for interface: 94
>
Reset interface. Wait time for interface: 31DOFF
OK
>
Command: DOFF Wait time for interface: 109

>
Reset interface. Wait time for interface: 78CLEAR
OK
>
Command: CLEAR Wait time for interface: 110

<END BUTTON 12:01:30>

------------------- Begin end zero test --------------------
>
Reset interface. Wait time for interface: 78SCAN E
F,12046,12677,0,0,355,2685
C,12048,7402,0,0,332,2479[CR],622330500
F,12047,12677,0,0,344,2480[CR],622330937
C,12048,6806,0,0,343,2480[CR],622331265
F,12055,12677,0,0,339,2481[CR],622331703
C,12048,7080,0,0,332,2480[CR],622332046
F,12052,12677,0,0,360,2480[CR],622332484
C,12048,7348,0,0,339,2480[CR],622332828
F,12057,12678,0,0,354,2480[CR],622333171
C,12048,7306,0,0,369,2481[CR],622333625
F,12052,12677,0,0,369,2479[CR],622333953
A,35324,12060,0,0,353,2480[CR],622334390
F,12041,12679,0,0,358,2479[CR],622334750
C,12047,7390,0,0,352,2480[CR],622335187
F,12052,12679,0,0,369,2479[CR],622335515
C,12048,6824,0,0,359,2477[CR],622335984
F,12057,12677,0,0,369,2477[CR],622336328
C,12047,7868,0,0,333,2475[CR],622336765
F,12056,12679,0,0,352,2476[CR],622337093
C,12046,7378,0,0,337,2474[CR],622337531
F,12061,12677,0,0,331,2473[CR],622337875
C,12087,7256,0,0,371,2475[CR],622338312
F,12077,12679,0,0,366,2477[CR],622338750
C,12039,7420,0,0,360,2477[CR],622339078
F,12073,12678,0,0,356,2477[CR],622339515
C,12040,7374,0,0,352,2477[CR],622339843
F,12071,12679,0,0,347,2477[CR],622340281
A,35328,12071,0,0,355,2476[CR],622340609
F,12058,12679,0,0,359,2477[CR],622341046
C,12040,7430,0,0,346,2476[CR],622341484
F,12071,12679,0,0,371,2476[CR],622341812
C,12040,7500,0,0,339,2475[CR],622342250
F,12073,12678,0,0,350,2474[CR],622342578
C,12078,7300,0,0,332,2475[CR],622343015
F,12051,12678,0,0,338,2474[CR],622343343
C,12071,6724,0,0,333,2475[CR],622343781
F,12071,12678,0,0,339,2476[CR],622344218
C,12042,7190,0,0,339,2476[CR],622344546
F,12066,12679,0,0,336,2476[CR],622344984
C,12042,7148,0,0,343,2475[CR],622345312
F,12078,12678,0,0,344,2476[CR],622345750
C,12042,7230,0,0,338,2475[CR],622346078
F,12075,12678,0,0,336,2475[CR],622346515
A,35300,12068,0,0,344,2476[CR],622346843
F,12056,12680,0,0,344,2475[CR],622347281
C,12042,7224,0,0,341,2476[CR],622347718
F,12067,12678,0,0,339,2477[CR],622348046
C,12042,8078,0,0,335,2477[CR],622348484
F,12074,12679,0,0,340,2477[CR],622348812
C,12042,7150,0,0,336,2477[CR],622349250
F,12076,12680,0,0,342,2475[CR],622349578
C,12054,6944,0,0,333,2474[CR],622350015
F,12072,12679,0,0,356,2475[CR],622350453
C,12076,7374,0,0,338,2475[CR],622350781
F,12063,12678,0,0,340,2473[CR],622351218
C,12079,6744,0,0,329,2474[CR],622351546
F,12019,12677,0,0,355,2476[CR],622351984
C,12158,7438,0,0,341,2475[CR],622352421
F,12227,12679,0,0,355,2475[CR],622352750
A,35328,12178,0,0,358,2477[CR],622353187
F,12153,12680,0,0,356,2477[CR],622353515
C,12078,7372,0,0,346,2477[CR],622353953
F,12173,12678,0,0,356,2476[CR],622354281
C,12079,7022,0,0,357,2477[CR],622354718
F,12166,12678,0,0,352,2477[CR],622355046
C,12081,7122,0,0,360,2476[CR],622355484
F,12166,12680,0,0,352,2477[CR],622355921
C,12080,7118,0,0,355,2477[CR],622356250
F,12167,12678,0,0,358,2477[CR],622356468
>
Reset interface. Wait time for interface: 15

======== END OF TEST ========


