CPT-log version: 5.22
======== BEGIN OF TEST ========
DATE 17.10.2022

<Transmited Data>
<NEW BUTTON 08:44:25>
[^C][CR]
>[CR]
VER[CR][LF]
[^C][CR]
[^C][CR]
CLEAR[CR]
[^C][CR]
DOFF[CR]
[^C][CR]
SCAN E[CR]
[^C][CR]
[^C][CR]
CLEAR[CR]

<START BUTTON 08:50:31>
[^C][CR]
[^C][CR]
DRON[CR]
SCAN E[CR]
[^G][^G][^G][^G][^G][^G][^G][^G][^G][^G][^G][^G][^G][^G][^G][^G][^G][^G][^G][^G]
<PAUSE BUTTON 09:01:19>
[^C][CR]
[^C][CR]
DOFF[CR]
[^C][CR]
CLEAR[CR]

<END BUTTON 09:06:49>
[^C][CR]
SCAN E[CR]
[^C][CR]


<Received Data>
<NEW BUTTON 08:44:25>
ÿ
>
Reset interface. Wait time for interface: 110>
>
Command: > Wait time for interface: 16
VER
M240,2364,0,0
>
>
Reset interface. Wait time for interface: 109
>
Reset interface. Wait time for interface: 125CLEAR
OK
>
Command: CLEAR Wait time for interface: 110

>
Reset interface. Wait time for interface: 109DOFF
OK
>
Command: DOFF Wait time for interface: 125

>
Reset interface. Wait time for interface: 62SCAN E
Z,0,0,0,0,0,2477
Z,0,0,0,0,0,2455[CR],956150062
Z,0,0,0,0,134,2453[CR],956150187
F,12182,12658,0,0,204,2451[CR],956150531
C,12111,11744,0,0,188,2450[CR],956151000
F,12182,12657,0,0,208,2451[CR],956151343
C,12111,10603,0,0,135,2452[CR],956151687
F,12176,12657,0,0,172,2451[CR],956152171
C,12111,10643,0,0,220,2451[CR],956152515
F,12186,12658,0,0,213,2452[CR],956152859
C,12111,10898,0,0,217,2452[CR],956153328
F,12182,12657,0,0,182,2452[CR],956153687
C,12112,10931,0,0,224,2452[CR],956154046
F,12183,12657,0,0,227,2452[CR],956154500
C,12112,11272,0,0,248,2452[CR],956154843
F,12187,12658,0,0,235,2452[CR],956155281
A,34836,12184,0,0,129,2452[CR],956155609
F,12164,12658,0,0,145,2452[CR],956156062
C,12111,10469,0,0,217,2452[CR],956156390
F,12178,12656,0,0,201,2452[CR],956156843
C,12112,11066,0,0,243,2452[CR],956157203
F,12183,12657,0,0,194,2451[CR],956157640
C,12112,10751,0,0,223,2452[CR],956157968
F,12182,12657,0,0,221,2451[CR],956158421
C,12112,11165,0,0,236,2452[CR],956158765
F,12183,12658,0,0,159,2451[CR],956159125
C,12112,10526,0,0,203,2452[CR],956159578
F,12183,12658,0,0,159,2452[CR],956159921
C,12113,10465,0,0,208,2450[CR],956160375
F,12182,12658,0,0,198,2452[CR],956160734
C,12113,10156,0,0,191,2451[CR],956161062
F,12181,12657,0,0,189,2451[CR],956161531
A,34804,12178,0,0,173,2452[CR],956161531
>
Reset interface. Wait time for interface: 47
>
Reset interface. Wait time for interface: 94CLEAR
OK
>
Command: CLEAR Wait time for interface: 110

<START BUTTON 08:50:31>

>
Reset interface. Wait time for interface: 110
>
Reset interface. Wait time for interface: 109DRON
OK
>
Command: DRON Wait time for interface: 110
SCAN E
Z,0,0,0,0,499,4969
F,14970,19996,0,0,501,4778[CR],956438906
C,29132,186,0,0,500,4776[CR],956439234
F,14979,19956,0,0,500,4773[CR],956439671
C,29060,208,0,0,499,4772[CR],956440031
F,14996,19974,0,0,499,4770[CR],956440484
C,28988,204,0,0,499,4769[CR],956440828
F,15024,19978,0,0,499,4766[CR],956441187
C,28920,208,0,0,499,4765[CR],956441640
F,15047,19994,0,0,499,4765[CR],956441984
C,28856,202,0,0,499,4764[CR],956442343
F,15061,20014,0,0,499,4762[CR],956442796
A,35160,15068,0,0,499,4761[CR],956443125
F,15047,20030,0,0,499,4759[CR],956443484
C,28756,202,0,0,499,4758[CR],956443953
F,15056,20036,0,0,499,4758[CR],956444281
C,28732,204,0,0,499,4756[CR],956444750
F,15049,20044,0,0,499,4756[CR],956445109
C,28692,202,0,0,499,4754[CR],956445562
F,15053,20050,0,0,499,4753[CR],956445906
C,28652,202,0,0,498,4752[CR],956446265
F,15042,20066,0,0,499,4752[CR],956446718
C,28620,198,0,0,499,4751[CR],956447062
F,15043,20080,0,0,499,4751[CR],956447500
C,28588,204,0,0,499,4750[CR],956447875
F,15045,20086,0,0,498,4749[CR],956448218
C,28560,208,0,0,498,4749[CR],956448578
F,15052,20094,0,0,498,4749[CR],956449031
A,35152,15041,0,0,498,4747[CR],956449406
F,15028,20102,0,0,498,4747[CR],956449859
C,28508,202,0,0,498,4746[CR],956450218
F,15048,20108,0,0,497,4746[CR],956450546
C,28484,202,0,0,498,4745[CR],956451015
F,15042,20114,0,0,498,4744[CR],956451343
C,28464,194,0,0,497,4743[CR],956451687
F,15037,20124,0,0,497,4743[CR],956452171
C,28444,208,0,0,497,4743[CR],956452500
F,15043,20132,0,0,497,4743[CR],956452953
C,28428,202,0,0,498,4742[CR],956453328
F,15038,20136,0,0,498,4741[CR],956453656
C,28420,204,0,0,497,4741[CR],956454109
F,15043,20136,0,0,497,4740[CR],956454468
C,28408,196,0,0,497,4739[CR],956454921
F,15044,20140,0,0,497,4740[CR],956455265
A,35124,15034,0,0,496,4737[CR],956455609
F,15020,20142,0,0,497,4738[CR],956456078
C,28364,202,0,0,496,4738[CR],956456421
F,15038,20146,0,0,496,4737[CR],956456875
C,28364,210,0,0,497,4737[CR],956457234
F,15037,20140,1,0,574,4752[CR],956457578
C,28352,208,11,30,587,4872[CR],956458031
F,15070,20272,21,24,599,4881[CR],956458375
C,31040,210,32,22,595,4872[CR],956458812
F,14933,18558,43,27,592,4809[CR],956459171
C,29924,208,53,26,593,4709[CR],956459515
F,14855,18340,64,27,578,4698[CR],956459984
C,28348,206,74,29,577,4644[CR],956460312
F,14956,17278,85,31,577,4551[CR],956460781
C,25888,226,95,24,591,4454[CR],956461125
F,14908,16758,106,25,589,4350[CR],956461562
A,35164,14984,117,26,588,4261[CR],956461921
F,14968,16087,128,27,594,4218[CR],956462281
C,20346,236,139,30,590,4152[CR],956462750
F,15183,15872,149,29,596,4119[CR],956463078
C,18098,222,160,22,602,4107[CR],956463421
F,15224,16301,170,25,604,4106[CR],956463859
C,16758,214,181,27,603,4117[CR],956464203
F,15244,17682,192,27,602,4105[CR],956464671
C,16027,210,202,27,605,4101[CR],956465015
F,15488,19740,213,28,608,4033[CR],956465375
C,15249,208,224,30,606,3961[CR],956465828
F,16516,20988,234,26,604,3998[CR],956466156
C,15101,204,245,24,604,4020[CR],956466609
F,18598,20902,255,26,603,4132[CR],956466937
C,15579,226,265,27,604,4197[CR],956467406
F,19566,20110,276,28,603,4195[CR],956467750
A,35164,19312,286,30,603,4221[CR],956468187
F,19158,19336,297,24,603,4273[CR],956468531
C,16375,202,307,26,601,4303[CR],956468875
F,18344,18862,318,26,600,4359[CR],956469312
C,16640,210,328,28,596,4398[CR],956469765
F,17476,17944,338,27,595,4405[CR],956470109
C,16702,200,349,26,595,4452[CR],956470453
F,17416,16572,360,26,592,4464[CR],956470921
C,16369,216,371,27,585,4375[CR],956471281
F,17978,15343,381,25,585,4406[CR],956471609
C,15911,208,391,27,585,4452[CR],956472062
F,18776,14830,402,27,588,4480[CR],956472406
C,15659,210,412,22,589,4541[CR],956472859
F,19696,14654,422,25,591,4574[CR],956473203
C,15758,202,433,25,591,4615[CR],956473562
F,20342,14935,443,27,590,4681[CR],956474015
A,35148,20352,454,28,590,4718[CR],956474359
F,20262,14926,464,29,590,4740[CR],956474750
C,15485,208,475,24,588,4754[CR],956475156
F,20504,14693,486,27,587,4773[CR],956475593
C,15281,210,497,26,586,4759[CR],956475953
F,21268,14541,508,27,586,4752[CR],956476312
C,15193,214,519,26,584,4769[CR],956476781
F,21928,14466,529,27,583,4920[CR],956477109
C,15218,208,539,32,585,4980[CR],956477562
F,22446,14464,551,30,587,4926[CR],956477906
C,15366,208,560,21,582,5026[CR],956478265
F,21376,14687,572,29,589,5098[CR],956478750
C,15406,182,583,27,587,5037[CR],956479093
F,20334,14838,594,28,592,5078[CR],956479421
C,15477,210,605,30,590,5057[CR],956479875
F,19354,15082,615,29,591,5121[CR],956480234
A,35140,18550,626,22,590,5170[CR],956480671
F,18268,15417,637,29,593,5231[CR],956481031
C,15967,202,649,29,594,5182[CR],956481390
F,17682,15785,660,28,591,5112[CR],956481843
C,16374,198,672,27,587,5093[CR],956482171
F,17128,15783,681,25,579,5274[CR],956482640
C,16414,222,692,31,583,5450[CR],956482984
F,17232,15493,704,38,586,5505[CR],956483343
C,16420,206,716,31,589,5170[CR],956483796
F,17314,15655,729,33,592,5050[CR],956484156
C,16666,194,740,27,589,4984[CR],956484609
F,16806,15665,751,27,591,4958[CR],956484953
C,16902,216,763,27,589,4895[CR],956485296
F,16324,15637,775,29,585,4825[CR],956485750
C,17034,210,787,28,580,4770[CR],956486093
F,16289,15368,799,29,577,4733[CR],956486546
A,35176,16480,811,29,575,4650[CR],956486906
F,16600,14875,823,30,575,4572[CR],956487359
C,15780,214,835,31,575,4469[CR],956487703
F,17286,14446,847,30,573,4406[CR],956488062
C,15243,210,858,30,575,4373[CR],956488515
F,18122,14246,870,30,575,4355[CR],956488843
C,14971,210,880,31,579,4381[CR],956489312
F,18988,14222,892,27,580,4403[CR],956489656
C,14909,198,903,25,582,4408[CR],956489984
F,19880,14399,915,27,584,4373[CR],956490437
C,14916,200,926,27,582,4368[CR],956490796
F,20596,14564,938,27,584,4403[CR],956491250
C,14795,216,949,28,586,4412[CR],956491578
F,20522,14866,960,29,587,4429[CR],956491921
C,14996,194,972,30,590,4428[CR],956492390
F,20018,15346,984,31,591,4392[CR],956492734
A,35152,19440,995,32,593,4393[CR],956493187
F,19130,15754,1006,32,593,4402[CR],956493546
C,16210,200,1017,25,592,4444[CR],956493890
F,17920,16005,1028,26,589,4505[CR],956494328
C,16596,210,1039,27,590,4541[CR],956494671
F,17118,15824,1051,27,591,4545[CR],956495140
C,17012,194,1063,28,591,4509[CR],956495484
F,17092,15669,1074,29,590,4497[CR],956495953
C,17670,212,1085,29,588,4540[CR],956496296
F,17188,15749,1096,29,591,4579[CR],956496656
C,18490,186,1108,32,590,4597[CR],956497015
F,17018,15952,1119,32,591,4576[CR],956497484
C,18810,210,1131,25,592,4558[CR],956497812
F,16760,16167,1142,25,593,4528[CR],956498265
C,18570,226,1154,27,592,4535[CR],956498625
F,16692,16291,1166,27,592,4546[CR],956499000
A,35156,16754,1177,28,591,4579[CR],956499421
F,16796,16584,1188,28,590,4624[CR],956499843
C,18086,202,1199,30,591,4629[CR],956500156
F,17014,16920,1211,30,593,4586[CR],956500609
C,18076,216,1222,31,591,4582[CR],956500953
F,17180,17208,1233,32,591,4581[CR],956501312
C,18006,198,1245,27,590,4596[CR],956501750
F,17292,17054,1256,24,590,4580[CR],956502109
C,17832,216,1268,27,588,4595[CR],956502562
F,17472,16886,1279,27,588,4606[CR],956502921
C,17334,224,1290,28,587,4588[CR],956503265
F,17636,17004,1302,30,588,4575[CR],956503703
C,16622,230,1313,29,587,4605[CR],956504046
F,17776,17036,1325,29,590,4640[CR],956504515
C,16003,226,1336,31,591,4668[CR],956504859
F,17946,17464,1347,31,590,4702[CR],956505296
A,35132,18110,1358,28,590,4699[CR],956505640
F,18176,17754,1370,25,592,4709[CR],956506093
C,15527,220,1381,27,591,4717[CR],956506421
F,18424,17654,1393,27,591,4697[CR],956506781
C,15622,210,1404,28,589,4715[CR],956507250
F,18892,17130,1416,28,589,4727[CR],956507562
C,15888,220,1427,28,587,4718[CR],956508015
F,19362,16636,1438,29,588,4741[CR],956508343
C,16178,224,1449,30,584,4765[CR],956508812
F,19254,16030,1461,32,583,4811[CR],956509156
C,16056,226,1471,22,578,4831[CR],956509609
F,19368,15221,1483,27,572,4848[CR],956509968
C,15616,224,1494,28,572,4832[CR],956510296
F,20018,14633,1506,29,574,4768[CR],956510750
C,15064,238,1518,29,576,4703[CR],956511078
F,20892,14379,1530,29,581,4680[CR],956511531
A,35148,21480,1542,29,583,4686[CR],956511859
F,21680,14829,1553,29,583,4706[CR],956512312
C,14872,204,1564,30,584,4722[CR],956512671
F,22186,15355,1575,30,586,4737[CR],956513078
C,15434,212,1586,33,585,4730[CR],956513484
F,21602,15682,1598,26,586,4717[CR],956513828
C,15926,218,1609,24,585,4742[CR],956514265
F,20474,15703,1621,27,583,4747[CR],956514625
C,16200,230,1632,29,580,4747[CR],956515078
F,20090,15437,1644,28,576,4724[CR],956515406
C,16153,212,1656,29,572,4694[CR],956515765
F,20290,15069,1667,30,573,4666[CR],956516218
C,15895,252,1679,29,571,4640[CR],956516546
F,20806,14727,1690,30,572,4647[CR],956517015
C,15631,256,1702,30,571,4662[CR],956517359
F,21174,14643,1713,31,571,4699[CR],956517796
A,35152,21234,1724,27,573,4695[CR],956518156
F,21240,14581,1735,26,576,4698[CR],956518515
C,15390,240,1741,4,451,4695[CR],956518968
F,21218,14364,1741,1,444,4645[CR],956519296
C,15130,230,1741,1,444,4617[CR],956519765
F,22396,14067,1741,0,444,4596[CR],956520109
C,14992,246,1741,0,441,4594[CR],956520453
F,23472,13997,1741,0,441,4595[CR],956520906
C,14961,240,1741,0,441,4596[CR],956521234
F,23946,13958,1741,0,441,4598[CR],956521703
C,14950,236,1741,0,418,4640[CR],956522046
F,24016,13935,1741,0,421,4684[CR],956522500
C,14969,224,1741,0,414,4688[CR],956522843
F,23838,13917,1741,0,423,4660[CR],956523187
C,14964,222,1741,0,424,4628[CR],956523640
F,23544,13920,1741,0,423,4628[CR],956523968
A,35120,23296,1741,0,371,4132[CR],956524421
F,23174,13899,1741,0,220,2619[CR],956524875
Z,0,0,1741,0,0,2471[CR],956525437
Z,0,0,1741,0,0,2472[CR],956525921
Z,0,0,1741,0,1,2469[CR],956526359
Z,0,0,1741,0,0,2466[CR],956526921
Z,0,0,1741,0,0,2468[CR],956527375
Z,0,0,1741,0,96,2466[CR],956527953
Z,0,0,1741,0,0,2466[CR],956528421
Z,0,0,1741,0,0,2470[CR],956528875
Z,0,0,1741,0,0,2468[CR],956529343
Z,0,0,1741,0,0,2468[CR],956529921
Z,0,0,1741,0,0,2467[CR],956530390
Z,0,0,1741,0,0,2468[CR],956530843
Z,0,0,1741,0,0,2468[CR],956531406
Z,0,0,1741,0,0,2467[CR],956531843
Z,0,0,1741,0,0,2467[CR],956532437
Z,0,0,1741,0,0,2469[CR],956532906
Z,0,0,1741,0,0,2469[CR],956533343
Z,0,0,1741,0,0,2468[CR],956533906
Z,0,0,1741,0,0,2468[CR],956534375
Z,0,0,1741,0,0,2469[CR],956534828
Z,0,0,1741,0,0,2468[CR],956535390
Z,0,0,1741,0,0,2469[CR],956535859
Z,0,0,1741,0,0,2468[CR],956536437
Z,0,0,1741,0,0,2469[CR],956536890
Z,0,0,1741,0,7,2468[CR],956537343
Z,0,0,1741,0,0,2468[CR],956537906
Z,0,0,1741,0,0,2469[CR],956538375
Z,0,0,1741,0,0,2468[CR],956538937
Z,0,0,1741,0,0,2469[CR],956539406
Z,0,0,1741,0,0,2469[CR],956539843
Z,0,0,1741,0,0,2469[CR],956540437
Z,0,0,1741,0,0,2471[CR],956540875
Z,0,0,1741,0,0,2470[CR],956541343
Z,0,0,1741,0,0,2446[CR],956541906
Z,0,0,1741,0,0,2462[CR],956542359
Z,0,0,1741,0,0,2464[CR],956542937
Z,0,0,1741,0,0,2464[CR],956543390
Z,0,0,1741,0,0,2460[CR],956543859
Z,0,0,1741,0,0,2462[CR],956544437
Z,0,0,1741,0,0,2461[CR],956544890
Z,0,0,1741,0,0,2462[CR],956545453
Z,0,0,1741,0,129,2464[CR],956545890
Z,0,0,1741,0,0,2464[CR],956546375
Z,0,0,1741,0,0,2460[CR],956546843
Z,0,0,1741,0,0,2456[CR],956547437
Z,0,0,1741,0,0,2465[CR],956547906
Z,0,0,1741,0,0,2464[CR],956548375
Z,0,0,1741,0,0,2466[CR],956548968
Z,0,0,1741,0,0,2467[CR],956549453
Z,0,0,1741,0,0,2467[CR],956549921
Z,0,0,1741,0,28,2469[CR],956550359
Z,0,0,1741,0,2,2471[CR],956550937
Z,0,0,1741,0,0,2472[CR],956551406
Z,0,0,1741,0,0,2488[CR],956551859
Z,0,0,1741,114,0,2485[CR],956552437
Z,0,0,1741,68,0,2470[CR],956552906
Z,0,0,1741,64,0,2474[CR],956553359
Z,0,0,1745,36,373,2674[CR],956553703
C,14293,198,1749,5,352,3860[CR],956554046
F,17668,14170,1749,1,350,3941[CR],956554500
C,14842,208,1749,1,353,3918[CR],956554859
F,17680,14119,1749,0,352,3904[CR],956555328
A,35068,17656,1749,0,303,3915[CR],956555671
F,17636,14079,1749,0,300,3913[CR],956556015
C,14814,206,1749,0,310,3907[CR],956556390
F,17602,14052,1749,0,434,3911[CR],956556828
C,14810,200,1749,0,432,3922[CR],956557171
F,17550,14030,1749,0,433,3920[CR],956557640
C,14808,220,1749,0,434,3918[CR],956557968
F,17514,14011,1749,0,435,3914[CR],956558437
C,14806,212,1749,0,435,3914[CR],956558781
F,17458,13999,1749,0,435,3912[CR],956559109
C,14804,206,1749,0,434,3912[CR],956559578
F,17406,13988,1749,0,434,3912[CR],956559937
C,14803,208,1749,0,435,3913[CR],956560375
F,17366,13980,1749,0,435,3911[CR],956560718
C,14804,188,1754,21,463,4221[CR],956561078
F,17320,14363,1764,27,544,4912[CR],956561546
A,35072,16824,1775,27,544,5001[CR],956561890
F,16347,15494,1786,29,546,5044[CR],956562328
C,16982,172,1797,30,545,5071[CR],956562687
F,15612,15593,1809,33,544,5058[CR],956563031
C,17192,174,1820,25,543,5022[CR],956563484
F,15360,15253,1831,23,542,4992[CR],956563828
C,17148,212,1843,28,542,4961[CR],956564187
F,15737,14828,1854,28,541,4926[CR],956564640
C,17116,192,1866,28,535,4911[CR],956565093
F,16108,14759,1877,28,533,4893[CR],956565453
C,16740,222,1889,28,532,4856[CR],956565781
F,16478,14808,1900,32,534,4789[CR],956566375
Z,0,0,1915,27,558,4756[CR],956566593
F,16874,14680,1923,31,545,4751[CR],956567031
C,15503,220,1934,31,548,4769[CR],956567375
F,17300,15433,1946,28,550,4788[CR],956567812
A,35072,17636,1957,28,552,4783[CR],956568171
F,17734,16490,1969,27,552,4764[CR],956568531
C,15782,212,1980,27,553,4738[CR],956568875
F,18056,16830,1992,28,552,4694[CR],956569343
C,15743,198,2003,29,551,4666[CR],956569687
F,18242,16430,2015,28,550,4657[CR],956570140
C,15472,224,2026,29,551,4621[CR],956570484
F,18716,15687,2038,32,548,4621[CR],956570953
C,15253,202,2049,31,549,4630[CR],956571281
F,19360,15350,2060,32,548,4650[CR],956571625
C,15907,172,2071,24,547,4677[CR],956572062
F,19790,15349,2083,26,547,4706[CR],956572421
C,16792,168,2094,26,545,4747[CR],956572875
F,19144,15035,2105,27,541,4772[CR],956573203
C,17064,180,2117,29,537,4751[CR],956573656
F,19112,14681,2129,29,533,4743[CR],956574015
A,35080,19330,2140,28,533,4749[CR],956574375
F,19406,14995,2151,30,536,4778[CR],956574812
C,16131,242,2163,31,541,4772[CR],956575156
F,19742,15108,2174,32,548,4769[CR],956575625
C,15421,222,2185,25,551,4765[CR],956575953
F,20138,15571,2197,27,554,4759[CR],956576296
C,15074,214,2208,27,555,4760[CR],956576734
F,20656,16402,2219,28,553,4832[CR],956577093
C,15078,224,2230,27,553,4873[CR],956577562
F,20666,17194,2242,28,552,4879[CR],956577921
C,15308,228,2253,30,553,4854[CR],956578265
F,19646,16994,2265,30,550,4796[CR],956578734
C,15244,196,2277,31,550,4772[CR],956579078
F,19510,16210,2288,31,549,4759[CR],956579546
C,14736,230,2300,31,548,4785[CR],956579906
F,20226,15069,2311,25,543,4822[CR],956580234
A,35104,20994,2322,27,543,4827[CR],956580687
F,21308,14846,2334,26,543,4842[CR],956581015
C,15063,170,2345,27,544,4875[CR],956581484
F,22118,14813,2356,27,541,4967[CR],956581859
C,16264,166,2366,28,537,5083[CR],956582187
F,21008,14638,2378,31,535,5130[CR],956582625
C,16462,184,2389,32,531,5146[CR],956582968
F,19968,14775,2401,34,534,5140[CR],956583328
C,15967,222,2412,25,542,5077[CR],956583765
F,19596,14502,2424,24,549,5046[CR],956584218
C,15499,182,2435,26,550,5079[CR],956584578
F,20046,15225,2446,27,548,5121[CR],956584921
C,15675,184,2457,28,551,5195[CR],956585390
F,20430,16138,2468,28,551,5236[CR],956585718
C,16824,176,2479,30,551,5312[CR],956586171
F,19336,16696,2491,32,549,5335[CR],956586500
A,35016,18010,2502,32,548,5345[CR],956586859
F,17774,16616,2513,26,545,5339[CR],956587296
C,17988,202,2524,26,543,5342[CR],956587640
F,18104,16210,2536,30,540,5315[CR],956588078
C,17658,200,2548,28,538,5190[CR],956588421
F,18742,16008,2560,27,539,5176[CR],956588859
C,16816,202,2571,27,541,5164[CR],956589203
F,19370,15629,2583,30,544,5150[CR],956589640
C,15899,220,2594,30,546,5111[CR],956589984
F,20202,15495,2605,30,547,5120[CR],956590453
C,15573,192,2617,30,547,5163[CR],956590781
F,21194,16291,2628,31,547,5198[CR],956591250
C,16108,196,2639,28,543,5218[CR],956591593
F,20768,17312,2650,26,544,5259[CR],956591937
C,16355,222,2662,28,542,5161[CR],956592406
F,19536,16315,2674,25,542,5156[CR],956592750
A,35004,19790,2684,28,544,5179[CR],956593218
F,20054,15309,2696,29,544,5216[CR],956593562
C,15558,188,2707,29,543,5288[CR],956593921
F,21152,15367,2718,31,543,5338[CR],956594281
C,16492,174,2729,31,541,5328[CR],956594734
F,20990,15182,2740,27,540,5345[CR],956595078
C,17728,158,2751,26,547,5368[CR],956595531
F,20374,15134,2763,27,547,5435[CR],956595875
C,19442,156,2774,27,543,5525[CR],956596343
F,20078,15307,2784,27,544,5605[CR],956596687
C,20720,164,2795,28,545,5675[CR],956597015
F,17958,15687,2807,32,544,5685[CR],956597484
C,21174,192,2819,32,545,5640[CR],956597828
F,16628,16116,2830,31,547,5632[CR],956598187
C,21074,196,2841,27,545,5646[CR],956598640
F,16552,16696,2852,27,545,5675[CR],956598984
A,35004,16402,2864,27,547,5696[CR],956599421
F,16381,17308,2875,28,545,5658[CR],956599781
C,20702,196,2887,28,544,5610[CR],956600234
F,16318,17804,2899,31,544,5571[CR],956600593
C,20008,184,2910,30,544,5525[CR],956600921
F,16446,17802,2922,29,544,5496[CR],956601406
C,19382,182,2933,31,547,5489[CR],956601765
F,16714,17974,2944,30,546,5512[CR],956602093
C,18756,210,2955,32,546,5530[CR],956602531
F,16972,18240,2966,25,547,5552[CR],956602875
C,18006,188,2978,27,547,5517[CR],956603343
F,17218,18294,2990,28,548,5468[CR],956603687
C,17062,202,3002,27,547,5390[CR],956604046
F,17510,18568,3014,27,547,5366[CR],956604531
C,15970,184,3025,28,547,5368[CR],956604890
F,17990,19378,3036,27,545,5362[CR],956605218
A,34984,18460,3047,28,544,5410[CR],956605671
F,18690,20608,3058,29,545,5513[CR],956606000
C,15745,196,3068,25,543,5595[CR],956606468
F,19458,20786,3079,25,540,5701[CR],956606812
C,17580,166,3091,31,548,5722[CR],956607250
F,18968,19686,3103,29,550,5641[CR],956607625
C,17980,192,3115,28,549,5621[CR],956607953
F,17068,17994,3126,27,548,5586[CR],956608406
C,17058,226,3137,29,546,5553[CR],956608765
F,17274,16474,3149,30,540,5530[CR],956609218
C,16101,206,3161,31,540,5496[CR],956609562
F,17728,15971,3172,32,541,5502[CR],956609906
C,15385,188,3183,31,540,5506[CR],956610359
F,18262,16037,3194,27,543,5506[CR],956610718
C,14945,196,3206,27,542,5519[CR],956611156
F,18954,16254,3217,26,543,5562[CR],956611500
A,35000,19414,3228,27,543,5554[CR],956611859
F,19536,16738,3239,28,544,5571[CR],956612250
C,15427,188,3251,30,542,5557[CR],956612640
F,19676,16634,3263,30,540,5519[CR],956613109
C,15359,198,3274,30,536,5493[CR],956613468
F,19956,15834,3285,31,538,5492[CR],956613812
C,15063,208,3297,32,536,5482[CR],956614265
F,20366,15325,3308,31,535,5468[CR],956614593
C,14904,196,3319,25,535,5448[CR],956615062
F,20758,15186,3331,27,536,5468[CR],956615406
C,15137,188,3343,27,538,5477[CR],956615843
F,21108,15320,3354,28,537,5498[CR],956616187
C,15316,186,3365,27,533,5524[CR],956616531
F,21314,15221,3376,29,532,5547[CR],956616968
C,15113,212,3387,30,533,5546[CR],956617437
F,21546,15046,3398,32,534,5553[CR],956617781
A,34936,21696,3409,31,530,5584[CR],956618109
F,21646,15259,3421,26,536,5613[CR],956618578
C,15066,214,3432,27,538,5648[CR],956618921
F,21588,15463,3443,26,538,5696[CR],956619375
C,15313,188,3454,27,536,5761[CR],956619718
F,21632,15688,3466,28,536,5819[CR],956620062
C,15619,200,3477,29,534,5851[CR],956620515
F,21346,15684,3488,31,531,5861[CR],956620859
C,15514,202,3500,31,531,5858[CR],956621328
F,21458,15380,3512,33,532,5816[CR],956621671
C,15293,220,3523,32,533,5823[CR],956622109
F,21670,15313,3535,30,533,5814[CR],956622453
C,15078,230,3546,26,535,5850[CR],956622812
F,21762,15278,3558,27,536,5853[CR],956623171
C,14881,204,3569,28,535,5858[CR],956623625
F,21978,15281,3581,29,536,5830[CR],956623968
A,34968,22112,3593,31,537,5794[CR],956624421
F,22174,15405,3605,30,536,5781[CR],956624781
C,14932,210,3617,29,535,5793[CR],956625250
F,22264,15886,3628,29,536,5819[CR],956625593
C,15081,212,3639,31,534,5839[CR],956625937
F,22118,15731,3651,32,536,5790[CR],956626406
C,15012,214,3663,33,535,5763[CR],956626750
F,22236,15580,3674,33,535,5737[CR],956627109
C,14958,210,3686,24,536,5746[CR],956627578
F,22426,15548,3698,27,538,5736[CR],956627953
C,15067,220,3709,27,538,5744[CR],956628296
F,22564,15849,3721,27,538,5777[CR],956628765
C,15523,216,3732,29,539,5801[CR],956629109
F,21910,16151,3741,7,391,5783[CR],956629453
C,15851,212,3741,1,353,5689[CR],956629812
F,21442,15244,3741,1,351,5662[CR],956630281
A,34936,22158,3741,0,352,5645[CR],956630625
F,22442,14920,3741,0,349,5645[CR],956631078
C,14891,228,3741,0,355,5646[CR],956631421
F,23394,14783,3741,0,337,5707[CR],956631781
C,14842,232,3741,0,336,5765[CR],956632218
F,24128,14706,3741,0,324,5773[CR],956632562
C,14824,216,3741,0,320,5581[CR],956633015
F,24664,14636,3741,0,315,5514[CR],956633359
C,14802,198,3741,0,321,5515[CR],956633828
F,25020,14576,3741,0,348,3688[CR],956634296
Z,0,0,3741,0,0,2557[CR],956634750
Z,0,0,3741,0,0,2471[CR],956635312
Z,0,0,3741,0,0,2467[CR],956635781
Z,0,0,3741,0,0,2469[CR],956636218
Z,0,0,3741,0,0,2463[CR],956636781
Z,0,0,3741,0,0,2472[CR],956637234
Z,0,0,3741,0,0,2469[CR],956637796
Z,0,0,3741,0,398,2467[CR],956638265
Z,0,0,3741,0,0,2468[CR],956638750
Z,0,0,3741,0,0,2466[CR],956639218
Z,0,0,3741,0,0,2466[CR],956639765
Z,0,0,3741,0,0,2467[CR],956640218
Z,0,0,3741,0,0,2468[CR],956640796
Z,0,0,3741,0,0,2468[CR],956641234
Z,0,0,3741,0,0,2468[CR],956641828
Z,0,0,3741,0,0,2467[CR],956642296
Z,0,0,3741,0,0,2466[CR],956642750
Z,0,0,3741,0,0,2467[CR],956643296
Z,0,0,3741,0,0,2467[CR],956643750
Z,0,0,3741,0,0,2468[CR],956644218
Z,0,0,3741,0,0,2466[CR],956644781
Z,0,0,3741,0,0,2467[CR],956645250
Z,0,0,3741,0,0,2468[CR],956645796
Z,0,0,3741,0,0,2468[CR],956646265
Z,0,0,3741,0,0,2467[CR],956646718
Z,0,0,3741,0,0,2466[CR],956647281
Z,0,0,3741,0,0,2466[CR],956647750
Z,0,0,3741,0,0,2466[CR],956648203
Z,0,0,3741,0,0,2468[CR],956648781
Z,0,0,3741,0,0,2467[CR],956649234
Z,0,0,3741,0,0,2468[CR],956649687
Z,0,0,3741,0,0,2468[CR],956650265
Z,0,0,3741,0,0,2469[CR],956650718
Z,0,0,3741,0,0,2449[CR],956651296
Z,0,0,3741,0,0,2463[CR],956651750
Z,0,0,3741,0,1,2460[CR],956652203
Z,0,0,3741,0,0,2459[CR],956652796
Z,0,0,3741,0,0,2457[CR],956653265
Z,0,0,3741,0,0,2460[CR],956653718
Z,0,0,3741,0,0,2464[CR],956654296
Z,0,0,3741,0,0,2465[CR],956654750
Z,0,0,3741,0,0,2465[CR],956655203
Z,0,0,3741,0,0,2466[CR],956655796
Z,0,0,3741,0,0,2466[CR],956656250
Z,0,0,3741,0,0,2462[CR],956656718
Z,0,0,3741,0,0,2459[CR],956657296
Z,0,0,3741,0,0,2461[CR],956657765
Z,0,0,3741,0,0,2461[CR],956658218
Z,0,0,3741,0,0,2465[CR],956658796
Z,0,0,3741,0,1,2466[CR],956659234
Z,0,0,3741,0,0,2467[CR],956659703
Z,0,0,3741,0,6,2471[CR],956660281
Z,0,0,3741,0,166,2487[CR],956660734
Z,0,0,3741,0,0,2471[CR],956661203
Z,0,0,3741,57,0,2479[CR],956661781
Z,0,0,3741,14,265,2555[CR],956662234
Z,0,0,3744,3,268,3646[CR],956662343
C,14225,222,3744,3,254,4007[CR],956662687
F,21324,14232,3744,1,262,3937[CR],956663015
C,14483,218,3744,0,266,3918[CR],956663468
F,21272,14207,3744,0,244,3908[CR],956663812
C,14473,196,3744,0,105,3914[CR],956664281
F,21194,14190,3744,0,106,3909[CR],956664640
C,14473,220,3744,0,178,3904[CR],956664984
F,21130,14184,3744,0,187,3900[CR],956665437
C,14474,218,3744,0,359,3899[CR],956665781
F,21068,14185,3744,0,360,3915[CR],956666140
C,14477,210,3744,0,360,3914[CR],956666578
F,20998,14188,3744,0,360,3914[CR],956667046
C,14477,210,3744,0,363,3911[CR],956667390
F,20936,14193,3744,0,362,3909[CR],956667750
A,34884,20896,3744,0,360,3908[CR],956668093
F,20868,14200,3744,0,359,3909[CR],956668531
C,14485,218,3744,0,363,3907[CR],956668984
F,20822,14207,3744,0,363,3907[CR],956669328
C,14489,224,3744,0,361,3907[CR],956669671
F,20758,14213,3745,0,378,3920[CR],956670125
C,14493,226,3752,18,391,4562[CR],956670468
F,20718,14417,3760,30,551,5620[CR],956670937
C,14884,222,3772,31,548,5895[CR],956671281
F,19112,15439,3783,33,547,5907[CR],956671625
C,16113,188,3794,25,547,5917[CR],956672078
F,18522,15260,3806,25,544,5910[CR],956672421
C,15800,194,3817,27,548,5901[CR],956672875
F,18832,15150,3829,27,546,5870[CR],956673234
C,15505,208,3841,28,550,5865[CR],956673578
F,19068,15451,3852,28,551,5846[CR],956674046
A,34852,19218,3864,29,552,5827[CR],956674406
F,19274,15811,3876,30,553,5797[CR],956674765
C,15606,218,3887,30,556,5773[CR],956675218
F,19362,16010,3899,30,553,5764[CR],956675546
C,15567,216,3910,32,555,5735[CR],956676000
F,19084,16065,3922,32,556,5713[CR],956676359
C,15703,232,3933,34,553,5692[CR],956676687
F,19190,16149,3945,25,554,5688[CR],956677171
C,15866,232,3957,27,553,5690[CR],956677515
F,19300,16199,3968,27,556,5704[CR],956677953
C,16314,210,3980,27,554,5709[CR],956678296
F,19378,16148,3991,27,552,5711[CR],956678734
C,16420,222,4003,28,550,5705[CR],956679078
F,19500,15556,4014,30,552,5705[CR],956679531
C,16247,214,4026,31,548,5662[CR],956679875
F,19768,15103,4038,31,543,5628[CR],956680218
A,34832,19992,4049,32,540,5620[CR],956680687
F,20068,14834,4060,32,536,5601[CR],956681015
C,15458,222,4072,33,540,5611[CR],956681468
F,20412,14662,4083,26,548,5623[CR],956681828
C,15339,220,4095,28,551,5655[CR],956682171
F,20748,15226,4106,28,555,5658[CR],956682625
C,15860,224,4118,28,554,5654[CR],956682968
F,20738,15740,4130,28,553,5674[CR],956683406
C,15832,226,4141,29,550,5672[CR],956683750
F,20492,15436,4153,31,546,5682[CR],956684203
C,15293,226,4164,30,545,5707[CR],956684546
F,20722,15055,4176,30,548,5718[CR],956684906
C,15003,236,4187,33,549,5738[CR],956685359
F,20986,15315,4199,29,553,5743[CR],956685687
C,15241,226,4210,26,553,5736[CR],956686156
F,21190,15685,4221,26,557,5768[CR],956686500
A,34844,21216,4233,27,554,5778[CR],956686843
F,21070,15864,4244,28,551,5776[CR],956687312
C,15920,242,4256,31,552,5765[CR],956687656
F,20830,15431,4268,28,545,5740[CR],956688109
C,15603,240,4280,30,540,5711[CR],956688453
F,21036,14831,4291,31,539,5667[CR],956688906
C,15164,242,4303,29,538,5621[CR],956689234
F,21358,14504,4315,32,538,5615[CR],956689687
C,14930,252,4326,31,541,5628[CR],956690031
F,21746,14652,4338,33,545,5639[CR],956690359
C,15122,240,4349,29,543,5611[CR],956690812
F,21968,14931,4361,27,546,5592[CR],956691265
C,15182,234,4372,27,543,5602[CR],956691609
F,22180,14834,4384,28,547,5617[CR],956691937
C,15076,240,4395,27,547,5620[CR],956692375
F,22416,14868,4407,29,547,5623[CR],956692750
A,34852,22530,4418,30,547,5645[CR],956693203
F,22568,14948,4430,30,550,5674[CR],956693546
C,15165,242,4441,30,548,5695[CR],956693890
F,22756,15172,4452,33,551,5725[CR],956694343
C,15487,234,4463,33,551,5743[CR],956694703
F,22460,15275,4475,26,548,5733[CR],956695062
C,15574,246,4487,28,547,5735[CR],956695531
F,22484,14893,4498,26,547,5759[CR],956695890
C,15543,240,4509,27,544,5801[CR],956696234
F,22764,14823,4521,28,546,5845[CR],956696687
C,15797,242,4532,32,554,5881[CR],956697031
F,22954,15076,4543,29,550,5877[CR],956697500
C,16342,250,4554,31,551,5962[CR],956697828
F,21686,15306,4566,31,551,5944[CR],956698281
C,16416,258,4578,34,545,5873[CR],956698640
F,20974,15023,4590,32,538,5837[CR],956698984
A,34796,21262,4601,25,536,5846[CR],956699453
F,21374,14605,4612,28,539,5846[CR],956699796
C,15769,236,4624,28,545,5845[CR],956700125
F,21786,14823,4635,28,547,5841[CR],956700578
C,16053,274,4647,27,548,5841[CR],956700921
F,22116,15261,4659,30,549,5851[CR],956701359
C,16310,268,4670,29,551,5875[CR],956701703
F,22362,15361,4681,30,551,5881[CR],956702140
C,16362,276,4692,29,551,5913[CR],956702484
F,22742,15488,4704,32,552,5953[CR],956702937
C,16870,276,4715,27,552,5978[CR],956703265
F,22940,16271,4726,25,556,5988[CR],956703734
C,18004,286,4738,29,556,5980[CR],956704078
F,19342,16990,4750,27,553,5950[CR],956704421
C,18428,282,4761,28,551,5921[CR],956704890
F,17004,16346,4773,29,548,5902[CR],956705234
A,34772,17120,4784,30,548,5902[CR],956705687
F,17206,15448,4796,28,546,5905[CR],956706031
C,18458,278,4808,30,550,5933[CR],956706468
F,17496,15835,4819,31,550,5918[CR],956706812
C,19290,268,4830,31,549,5928[CR],956707281
F,17164,16414,4842,33,549,5929[CR],956707625
C,19246,264,4853,25,550,5930[CR],956707953
F,16438,15862,4864,28,549,5921[CR],956708406
C,18806,270,4876,27,551,5934[CR],956708750
F,16772,15504,4888,28,553,5930[CR],956709218
C,18726,280,4899,27,553,5945[CR],956709546
F,17030,16262,4911,30,556,5963[CR],956710000
C,18980,290,4922,29,556,5985[CR],956710328
F,17216,16872,4933,31,558,6020[CR],956710765
C,19194,280,4944,31,556,6040[CR],956711109
F,17420,17322,4956,33,560,6063[CR],956711453
A,34812,17542,4967,28,558,6078[CR],956711906
F,17568,17680,4978,27,558,6082[CR],956712296
C,19120,304,4990,28,557,6066[CR],956712687
F,17712,17888,5002,27,556,6058[CR],956713031
C,18810,288,5014,28,556,6056[CR],956713484
F,17860,17834,5025,27,552,6040[CR],956713828
C,18562,280,5037,29,555,6039[CR],956714281
F,17996,18048,5048,31,554,6044[CR],956714640
C,18350,292,5059,31,555,6034[CR],956714984
F,18082,18060,5071,32,553,6033[CR],956715437
C,17928,292,5082,32,556,6021[CR],956715796
F,18292,17532,5094,32,551,6004[CR],956716250
C,17612,308,5105,24,551,6063[CR],956716593
F,18604,17488,5117,27,551,6094[CR],956716937
C,17886,296,5128,27,554,6107[CR],956717406
F,18790,17696,5139,28,554,6102[CR],956717750
A,34784,18898,5151,29,554,6104[CR],956718093
F,18930,17378,5163,30,553,6124[CR],956718484
C,18738,292,5174,31,553,6119[CR],956718890
F,18990,16868,5185,31,554,6146[CR],956719359
C,18964,288,5197,31,553,6143[CR],956719703
F,19156,16570,5208,28,552,6168[CR],956720171
C,18976,286,5219,27,551,6172[CR],956720515
F,19326,16622,5231,27,551,6196[CR],956720843
C,18964,284,5242,28,551,6206[CR],956721296
F,19538,16746,5254,27,552,6210[CR],956721640
C,18784,302,5265,29,552,6230[CR],956722093
F,19706,16918,5277,28,554,6236[CR],956722453
C,18110,304,5288,30,555,6222[CR],956722906
F,19854,17144,5300,30,556,6189[CR],956723250
C,17652,300,5311,31,555,6171[CR],956723593
F,20048,17820,5323,30,559,6194[CR],956724062
A,34764,20212,5334,32,553,6194[CR],956724406
F,20272,18698,5345,24,553,6239[CR],956724890
C,18172,296,5357,27,549,6294[CR],956725218
F,20478,19058,5368,26,547,6368[CR],956725687
C,19332,298,5378,27,548,6441[CR],956726015
F,20640,19078,5390,28,550,6465[CR],956726359
C,20980,294,5401,29,551,6494[CR],956726718
F,18746,18970,5412,29,553,6530[CR],956727171
C,22016,282,5423,30,548,6568[CR],956727515
F,16486,18010,5434,27,547,6639[CR],956727875
C,22188,296,5445,26,548,6703[CR],956728328
F,16542,17216,5456,27,552,6716[CR],956728687
C,22012,296,5468,28,548,6705[CR],956729140
F,16748,17360,5479,29,545,6712[CR],956729500
C,21472,300,5491,29,540,6684[CR],956729843
F,16912,17750,5502,30,545,6727[CR],956730312
A,34764,17010,5514,30,547,6728[CR],956730656
F,17030,18154,5525,30,546,6743[CR],956730984
C,19910,302,5536,32,549,6775[CR],956731437
F,17188,18514,5548,25,547,6778[CR],956731781
C,19214,300,5559,27,548,6769[CR],956732218
F,17358,19196,5571,27,547,6786[CR],956732562
C,19090,312,5582,27,540,6848[CR],956733015
F,17584,19436,5593,29,546,6919[CR],956733359
C,19444,300,5604,29,546,6968[CR],956733828
F,17842,19080,5615,29,545,6991[CR],956734171
C,20030,320,5626,29,546,7019[CR],956734515
F,18010,18984,5637,32,548,7018[CR],956734984
C,20350,308,5649,28,552,7025[CR],956735328
F,17556,18698,5660,25,548,7004[CR],956735687
C,20520,314,5672,27,545,7022[CR],956736125
F,17358,18196,5684,27,547,7048[CR],956736468
A,34748,17528,5695,27,545,7079[CR],956736921
F,17570,18050,5706,28,545,7104[CR],956737312
C,21110,316,5717,31,547,7108[CR],956737625
F,17704,18492,5729,30,547,7092[CR],956738078
C,21122,310,5740,29,531,7081[CR],956738437
F,17684,18704,5740,2,263,6980[CR],956738906
C,19978,314,5740,1,268,6949[CR],956739250
F,17874,18592,5740,0,263,6942[CR],956739609
C,19368,314,5740,0,239,6942[CR],956740062
F,18032,18666,5740,0,236,6941[CR],956740406
C,19234,316,5740,0,252,6940[CR],956740875
F,18122,18756,5740,0,246,6940[CR],956741218
C,19160,324,5740,0,252,6939[CR],956741546
F,18194,18832,5740,0,244,6940[CR],956742015
C,19112,312,5740,0,236,6947[CR],956742375
F,18250,18906,5740,0,216,6985[CR],956742828
A,34712,18276,5740,0,227,6994[CR],956743171
F,18274,19096,5740,0,241,6836[CR],956743515
C,19098,316,5740,0,261,6722[CR],956743984
F,18322,19130,5740,0,257,6723[CR],956744328
C,19062,314,5740,0,285,6694[CR],956744765
F,18340,19168,5740,0,351,3653[CR],956745234
Z,0,0,5740,0,0,2478[CR],956745703
Z,0,0,5740,0,0,2467[CR],956746171
Z,0,0,5740,0,0,2469[CR],956746750
Z,0,0,5740,0,0,2468[CR],956747187
Z,0,0,5740,0,0,2469[CR],956747656
Z,0,0,5740,0,0,2468[CR],956748234
Z,0,0,5740,0,339,2466[CR],956748687
Z,0,0,5740,0,0,2467[CR],956749234
Z,0,0,5740,0,0,2467[CR],956749703
Z,0,0,5740,0,0,2468[CR],956750171
Z,0,0,5740,0,0,2467[CR],956750750
Z,0,0,5740,0,0,2467[CR],956751187
Z,0,0,5740,0,0,2468[CR],956751750
Z,0,0,5740,0,0,2469[CR],956752218
Z,0,0,5740,0,0,2468[CR],956752671
Z,0,0,5740,0,0,2468[CR],956753234
Z,0,0,5740,0,0,2467[CR],956753703
Z,0,0,5740,0,0,2467[CR],956754171
Z,0,0,5740,0,0,2469[CR],956754734
Z,0,0,5740,0,0,2468[CR],956755171
Z,0,0,5740,0,0,2468[CR],956755734
Z,0,0,5740,0,0,2468[CR],956756203
Z,0,0,5740,0,0,2468[CR],956756656
Z,0,0,5740,0,0,2467[CR],956757234
Z,0,0,5740,0,0,2467[CR],956757687
Z,0,0,5740,0,0,2467[CR],956758156
Z,0,0,5740,0,0,2468[CR],956758734
Z,0,0,5740,0,0,2468[CR],956759171
Z,0,0,5740,0,0,2468[CR],956759656
Z,0,0,5740,0,0,2468[CR],956760218
Z,0,0,5740,0,0,2467[CR],956760687
Z,0,0,5740,0,0,2468[CR],956761140
Z,0,0,5740,0,0,2468[CR],956761718
Z,0,0,5740,0,0,2468[CR],956762187
Z,0,0,5740,0,0,2468[CR],956762671
Z,0,0,5740,0,0,2468[CR],956763234
Z,0,0,5740,0,0,2450[CR],956763703
Z,0,0,5740,0,0,2462[CR],956764171
Z,0,0,5740,0,0,2461[CR],956764734
Z,0,0,5740,0,0,2461[CR],956765171
Z,0,0,5740,0,0,2458[CR],956765640
Z,0,0,5740,0,0,2459[CR],956766218
Z,0,0,5740,0,0,2461[CR],956766671
Z,0,0,5740,0,0,2462[CR],956767140
Z,0,0,5740,0,0,2462[CR],956767687
Z,0,0,5740,0,0,2463[CR],956768156
Z,0,0,5740,0,0,2464[CR],956768718
Z,0,0,5740,0,0,2453[CR],956769171
Z,0,0,5740,0,0,2464[CR],956769656
Z,0,0,5740,0,0,2465[CR],956770218
Z,0,0,5740,0,0,2465[CR],956770687
Z,0,0,5740,0,0,2466[CR],956771140
Z,0,0,5740,0,0,2467[CR],956771703
Z,0,0,5740,0,0,2467[CR],956772156
Z,0,0,5740,0,0,2469[CR],956772718
Z,0,0,5740,0,205,2486[CR],956773171
Z,0,0,5740,0,0,2475[CR],956773750
Z,0,0,5740,68,0,2479[CR],956774203
Z,0,0,5740,49,0,2473[CR],956774656
Z,0,0,5740,39,216,2475[CR],956775234
Z,0,0,5740,22,148,3177[CR],956775562
C,16988,312,5740,3,1,4037[CR],956776015
F,18060,16280,5740,1,3,4062[CR],956776359
C,17136,312,5740,0,84,4054[CR],956776718
F,18048,16310,5740,0,91,4050[CR],956777156
C,17144,320,5740,0,0,4041[CR],956777500
F,18040,16321,5740,0,0,4039[CR],956777953
C,17150,314,5740,0,0,4035[CR],956778296
F,18038,16327,5740,0,2,4032[CR],956778750
C,17152,322,5740,0,0,4029[CR],956779093
F,18034,16330,5740,0,295,4041[CR],956779453
C,17152,312,5740,0,288,4051[CR],956779890
F,18036,16335,5740,0,288,4050[CR],956780234
A,34716,18032,5740,0,295,4048[CR],956780671
F,18010,16335,5740,0,299,4047[CR],956781015
C,17154,312,5740,0,288,4047[CR],956781453
F,18016,16335,5740,0,284,4046[CR],956781796
C,17152,312,5740,0,295,4045[CR],956782250
F,18016,16334,5740,0,294,4045[CR],956782578
C,17152,316,5740,0,295,4042[CR],956782937
F,18010,16331,5740,0,291,4039[CR],956783390
C,17150,314,5740,0,286,4036[CR],956783718
F,18006,16328,5740,0,284,4034[CR],956784156
C,17150,318,5740,0,298,4031[CR],956784593
F,18002,16325,5740,0,296,4028[CR],956784937
C,17146,316,5740,0,287,4026[CR],956785312
F,18002,16323,5740,0,283,4023[CR],956785781
C,17146,314,5740,0,291,4022[CR],956786125
F,17992,16320,5740,0,291,4020[CR],956786468
A,34676,17982,5740,0,297,4018[CR],956786937
F,17974,16315,5740,0,292,4018[CR],956787296
C,17140,316,5740,0,281,4017[CR],956787656
F,17982,16312,5740,0,283,4016[CR],956788125
C,17138,314,5740,0,295,4016[CR],956788468
F,17976,16310,5740,0,296,4015[CR],956788812
C,17136,310,5740,0,287,4016[CR],956789265
F,17974,16305,5740,0,284,4017[CR],956789609
C,17134,310,5740,0,287,4017[CR],956789968
F,17976,16302,5740,0,287,4016[CR],956790406
C,17132,314,5740,11,323,4092[CR],956790765
F,17976,16297,5748,17,338,4848[CR],956791203
C,17182,318,5755,16,352,5986[CR],956791562
F,17972,17672,5764,24,516,7026[CR],956792015
C,18324,314,5775,29,531,7357[CR],956792359
F,17408,19636,5786,29,527,7371[CR],956792828
A,34684,17236,5797,32,532,7395[CR],956793171
F,17280,19302,5808,31,532,7402[CR],956793500
C,20868,308,5820,25,530,7390[CR],956793937
F,17464,19218,5831,25,530,7349[CR],956794296
C,20716,302,5843,27,530,7338[CR],956794750
F,17598,19172,5854,27,528,7353[CR],956795093
C,20654,312,5865,27,525,7357[CR],956795453
F,17742,19114,5877,31,527,7381[CR],956795906
C,20752,300,5888,29,529,7392[CR],956796250
F,17864,18924,5900,30,528,7375[CR],956796718
C,20690,312,5911,30,530,7349[CR],956797062
F,17944,18792,5923,32,531,7315[CR],956797406
C,20188,326,5934,33,531,7298[CR],956797875
F,17956,18540,5945,29,529,7285[CR],956798218
C,19464,322,5957,28,530,7275[CR],956798687
F,18050,18404,5968,27,529,7274[CR],956799031
A,34736,18158,5980,27,529,7284[CR],956799375
F,18192,18914,5991,27,528,7282[CR],956799921
C,19138,318,6003,28,524,7294[CR],956800187
F,18356,19664,6014,30,530,7313[CR],956800703
C,20038,312,6025,29,527,7345[CR],956801000
F,18410,19970,6037,31,526,7369[CR],956801328
C,20604,304,6048,32,531,7380[CR],956801796
F,17500,19484,6059,25,526,7384[CR],956802140
C,20532,314,6070,25,528,7387[CR],956802578
F,16868,18866,6082,27,524,7412[CR],956802937
C,20484,320,6093,27,523,7447[CR],956803265
F,16936,18380,6105,27,524,7510[CR],956803734
C,20372,312,6116,28,524,7550[CR],956804078
F,17098,17980,6127,29,524,7592[CR],956804531
C,20132,318,6139,30,523,7633[CR],956804875
F,17280,18080,6150,32,525,7652[CR],956805234
A,34672,17396,6161,33,528,7643[CR],956805687
F,17422,18272,6173,27,527,7625[CR],956806000
C,19610,308,6184,27,524,7597[CR],956806390
F,17592,18356,6196,30,526,7595[CR],956806828
C,19250,328,6207,27,525,7578[CR],956807171
F,17718,18210,6219,27,524,7579[CR],956807640
C,18988,316,6230,30,530,7576[CR],956807984
F,17854,18154,6242,31,534,7546[CR],956808453
C,18648,312,6253,29,530,7478[CR],956808812
F,17984,18018,6265,28,528,7470[CR],956809140
C,18340,318,6276,31,526,7515[CR],956809609
F,18186,18090,6287,32,527,7555[CR],956809968
C,18514,324,6298,24,526,7612[CR],956810343
F,18358,18820,6310,27,523,7647[CR],956810750
C,19094,314,6321,27,519,7698[CR],956811093
F,18466,19530,6332,27,519,7767[CR],956811546
A,34680,18614,6343,27,515,7877[CR],956811875
F,18704,19332,6354,27,510,8016[CR],956812437
C,23162,318,6364,29,503,8155[CR],956812656
F,19022,18906,6375,32,508,8273[CR],956813093
C,26124,288,6386,27,515,8349[CR],956813421
F,17036,19740,6397,27,511,8427[CR],956813875
C,27088,272,6408,27,513,8504[CR],956814234
F,13787,17984,6420,28,514,8519[CR],956814687
C,29356,460,6430,28,521,8550[CR],956815015
F,13387,16189,6442,29,515,8619[CR],956815359
C,29464,268,6453,32,513,8644[CR],956815812
F,13585,16041,6464,32,517,8658[CR],956816156
C,29488,206,6475,25,522,8681[CR],956816625
F,13831,20036,6487,27,521,8661[CR],956816968
C,28464,250,6498,27,520,8675[CR],956817328
F,14070,18810,6509,27,519,8678[CR],956817781
A,34696,14240,6521,27,520,8673[CR],956818140
F,14295,17444,6532,28,512,8675[CR],956818500
C,29368,236,6543,28,505,8722[CR],956818921
F,14536,17734,6554,30,502,8700[CR],956819375
C,29648,250,6565,30,494,8758[CR],956819734
F,14755,17902,6576,30,502,8797[CR],956820078
C,29920,234,6587,25,502,8802[CR],956820546
F,14997,18060,6599,27,507,8847[CR],956820906
C,30160,228,6610,27,519,8871[CR],956821234
F,15223,17190,6621,28,515,8907[CR],956821687
C,30816,224,6632,29,515,8937[CR],956822015
F,15440,16324,6643,29,510,8975[CR],956822484
C,32052,226,6654,30,511,9009[CR],956822828
F,15668,16065,6665,32,511,9040[CR],956823281
C,33332,220,6676,23,508,9076[CR],956823609
F,15980,16590,6687,26,508,9129[CR],956824062
A,34712,15756,6698,27,518,9170[CR],956824421
F,15281,16762,6709,27,514,9179[CR],956824796
C,35020,216,6720,27,513,9252[CR],956825203
F,14884,16488,6730,28,515,9306[CR],956825562
C,35552,224,6741,30,516,9341[CR],956826000
F,15216,17100,6751,24,512,9373[CR],956826359
C,35276,258,6761,24,508,9404[CR],956826703
F,15758,16850,6771,24,504,9461[CR],956827156
C,36344,264,6781,25,492,9480[CR],956827500
F,16211,16852,6790,25,508,9454[CR],956827968
C,36608,302,6800,24,510,9412[CR],956828312
F,16654,20180,6810,25,502,9405[CR],956828750
C,34684,304,6821,27,506,9391[CR],956829109
F,16996,18980,6831,28,507,9400[CR],956829453
C,34644,294,6841,25,510,9408[CR],956829906
F,17372,18634,6851,24,510,9402[CR],956830265
A,34696,17550,6862,25,515,9384[CR],956830609
F,17598,18902,6873,27,507,9357[CR],956831078
C,34172,288,6883,27,492,9336[CR],956831406
F,17762,18594,6894,31,494,9313[CR],956831843
C,33400,308,6905,33,498,9284[CR],956832203
F,17854,18546,6916,26,509,9253[CR],956832671
C,32232,290,6928,27,505,9204[CR],956833015
F,17992,18976,6939,27,515,9158[CR],956833359
C,30756,294,6950,26,515,9162[CR],956833828
F,18078,16766,6962,27,511,9135[CR],956834171
C,29848,262,6973,30,516,9120[CR],956834531
F,18054,16456,6985,31,512,9078[CR],956834968
C,29372,294,6996,30,511,9081[CR],956835328
F,18030,16536,7007,31,511,9070[CR],956835687
C,27824,262,7018,31,509,9042[CR],956836140
F,18152,16126,7030,24,509,9028[CR],956836468
A,34676,18192,7041,27,506,9012[CR],956836921
F,18162,15775,7052,26,508,9007[CR],956837875
C,26688,268,7063,27,504,9046[CR],956837875
F,18234,15585,7074,26,504,9111[CR],956838031
C,26440,266,7085,29,507,9186[CR],956838515
F,18266,15533,7096,29,503,9226[CR],956838625
Q,13663,20710,7101,27,502,9263[CR],956838843
C,26636,266,7106,25,506,9322[CR],956839187
F,18310,15653,7117,25,500,9398[CR],956839656
C,26468,286,7126,24,501,9463[CR],956840000
F,18324,15511,7136,24,494,9520[CR],956840484
C,26688,262,7146,26,488,9538[CR],956840796
F,18322,14963,7155,21,497,9572[CR],956841140
C,26752,262,7164,22,492,9599[CR],956841578
F,18326,14650,7173,22,487,9660[CR],956842046
C,26940,256,7180,15,467,9723[CR],956842390
F,18322,14564,7184,10,429,9786[CR],956842734
A,34732,18360,7186,3,366,9783[CR],956843187
F,18392,14439,7187,2,287,9762[CR],956843546
C,26188,258,7187,1,266,9762[CR],956843890
F,18466,14383,7187,1,229,9750[CR],956844343
C,25900,250,7187,1,233,9752[CR],956844671
F,18492,14391,7188,1,216,9752[CR],956845140
C,25812,260,7188,0,153,9752[CR],956845484
F,18486,14373,7188,0,93,9754[CR],956845843
C,25716,260,7188,0,104,9756[CR],956846281
F,18486,14356,7188,0,72,9758[CR],956846625
C,25620,254,7188,0,94,9756[CR],956847093
F,18486,14338,7188,0,63,9759[CR],956847437
C,25528,266,7188,0,1,9758[CR],956847796
F,18488,14338,7188,0,13,9273[CR],956848250
C,25452,250,7188,0,270,6686[CR],956848578
F,18486,14169,7188,0,301,4711[CR],956849031
A,34716,18474,7188,0,222,3439[CR],956849390
F,18464,13290,7188,0,329,2468[CR],956849843
C,22838,252,7188,0,326,932[CR],956850187
F,18476,12659,7188,0,359,35544[CR],956850531
C,15758,258,7188,0,502,35544[CR],956851000
F,17498,12642,7188,0,504,35544[CR],956851343
C,11700,262,7188,0,147,35544[CR],956851796
F,17386,12646,7188,0,120,35544[CR],956852140
C,11808,260,7188,94,390,2526[CR],956852484
F,17954,12648,7188,172,539,5457[CR],956852953
C,12289,290,7252,172,525,7999[CR],956853296
F,18304,14090,7313,51,523,8118[CR],956853765
C,25580,308,7314,2,119,7812[CR],956854109
F,18180,14140,7314,1,120,7804[CR],956854468
C,20970,290,7314,0,135,7797[CR],956854812
F,18438,14293,7314,0,120,7800[CR],956855265
A,34756,18498,7314,0,78,7794[CR],956855625
F,18504,14348,7314,0,2,7795[CR],956856078
C,20372,296,7314,0,93,7795[CR],956856421
F,18538,14381,7314,0,246,7737[CR],956856875
C,20256,302,7314,0,374,4495[CR],956857218
F,18544,13932,7314,0,255,2287[CR],956857562
C,19100,300,7314,0,214,2149[CR],956858031
F,18506,12856,7314,0,193,2229[CR],956858359
C,17424,296,7314,0,224,2251[CR],956858812
F,18532,12856,7314,0,216,2264[CR],956859171
C,17414,300,7314,0,179,2278[CR],956859515
F,18540,12853,7314,0,165,2283[CR],956859968
C,17400,286,7314,0,169,2293[CR],956860312
F,18542,12850,7314,0,175,2300[CR],956860765
C,17388,296,7314,0,248,2317[CR],956861093
F,18538,12844,7314,10,231,2788[CR],956861531
A,34728,18538,7314,13,282,3247[CR],956861875
F,18528,12884,7314,24,253,3911[CR],956862343
C,17556,304,7314,16,303,4216[CR],956862671
F,18550,12962,7314,15,304,4809[CR],956863109
C,17780,310,7314,12,318,5630[CR],956863437
F,18562,13342,7314,15,286,6501[CR],956863906
C,18778,306,7314,15,415,7307[CR],956864250
F,18574,14285,7320,24,524,7979[CR],956864687
C,21578,294,7332,26,528,8150[CR],956865046
F,18476,14361,7343,27,524,8179[CR],956865390
C,22410,302,7354,27,524,8254[CR],956865828
F,18586,14393,7365,28,525,8296[CR],956866187
C,21738,300,7376,28,523,8328[CR],956866640
F,18850,15003,7387,30,523,8374[CR],956866968
C,20776,280,7398,32,523,8381[CR],956867421
F,19270,15631,7409,31,524,8411[CR],956867750
A,34756,19616,7420,28,527,8431[CR],956868203
F,19816,16388,7431,25,520,8456[CR],956868531
C,18864,296,7442,27,519,8517[CR],956868890
F,20516,17576,7452,25,524,8650[CR],956869234
W,61216,73464,7459,23,521,8734[CR],956869359
C,18440,282,7462,30,519,8777[CR],956869687
F,21474,18474,7473,32,515,8815[CR],956870140
C,18634,322,7484,24,519,8832[CR],956870500
F,21060,19468,7495,28,521,8830[CR],956870953
C,18664,284,7507,28,523,8826[CR],956871281
F,19324,19422,7519,28,521,8816[CR],956871609
C,18274,288,7530,28,520,8813[CR],956872078
F,19984,18582,7541,28,519,8826[CR],956872437
C,18128,286,7552,28,519,8859[CR],956872781
F,21278,18484,7562,30,521,8886[CR],956873234
C,18672,280,7573,25,514,8935[CR],956873687
F,21008,19156,7584,26,516,9013[CR],956874015
A,34836,18644,7596,29,520,9030[CR],956874359
F,18114,18884,7606,26,511,9060[CR],956874765
C,21998,262,7617,30,517,9102[CR],956875140
F,16592,18268,7628,27,518,9118[CR],956875609
C,22426,266,7640,31,519,9095[CR],956875968
F,15018,17476,7651,30,520,9080[CR],956876312
C,22338,266,7662,31,516,9059[CR],956876750
F,15133,17108,7673,26,520,9096[CR],956877093
C,22334,258,7685,27,519,9092[CR],956877562
F,15523,17452,7696,27,519,9073[CR],956877906
C,22790,264,7707,28,515,9063[CR],956878265
F,15900,17928,7718,28,513,9111[CR],956878718
C,23678,256,7729,28,509,9159[CR],956879046
F,16289,18368,7740,29,488,9202[CR],956879500
C,25132,262,7740,2,0,9071[CR],956879828
F,16664,18238,7740,1,0,9038[CR],956880281
A,34764,16896,7740,0,13,9031[CR],956880625
F,16976,18200,7740,0,206,5492[CR],956881093
C,23722,252,7740,0,542,2051[CR],956881453
F,17256,12942,7740,0,185,35544[CR],956881796
C,10561,280,7740,0,145,35544[CR],956882250
F,15848,12651,7740,0,14,35544[CR],956882593
C,11064,260,7740,0,0,35544[CR],956883046
F,16194,12652,7740,0,0,35544[CR],956883515
Z,0,0,7740,0,291,2391[CR],956883968
Z,0,0,7740,0,0,2473[CR],956884531
Z,0,0,7740,0,0,2440[CR],956884968
Z,0,0,7740,0,0,2458[CR],956885531
Z,0,0,7740,0,0,2522[CR],956885968
Z,0,0,7740,0,0,2521[CR],956886562
Z,0,0,7740,0,0,2522[CR],956887015
Z,0,0,7740,0,0,2525[CR],956887468
Z,0,0,7740,0,260,2524[CR],956887937
Z,0,0,7740,0,0,2510[CR],956888515
Z,0,0,7740,0,0,2506[CR],956888984
Z,0,0,7740,0,0,2516[CR],956889453
Z,0,0,7740,0,0,2519[CR],956890031
Z,0,0,7740,0,0,2507[CR],956890484
Z,0,0,7740,0,0,2504[CR],956890953
Z,0,0,7740,0,0,2494[CR],956891062
T,42336,12711,7740,0,0,2491[CR],956891546
Z,0,0,7740,0,294,2474[CR],956892046
Z,0,0,7740,0,0,2426[CR],956892625
Z,0,0,7740,0,0,2409[CR],956893093
Z,0,0,7740,0,0,2404[CR],956893562
Z,0,0,7740,0,0,2398[CR],956894140
Z,0,0,7740,0,0,2408[CR],956894593
Z,0,0,7740,0,0,2414[CR],956895078
Z,0,0,7740,0,0,2428[CR],956895656
Z,0,0,7740,0,0,2403[CR],956896109
Z,0,0,7740,0,0,2413[CR],956896562
Z,0,0,7740,0,0,2417[CR],956897140
Z,0,0,7740,0,0,2428[CR],956897593
Z,0,0,7740,0,0,2434[CR],956898046
Z,0,0,7740,0,0,2440[CR],956898625
Z,0,0,7740,0,0,2450[CR],956899078
Z,0,0,7740,0,0,2456[CR],956899546
Z,0,0,7740,0,0,2458[CR],956900109
Z,0,0,7740,0,0,2460[CR],956900593
Z,0,0,7740,0,0,2461[CR],956901062
Z,0,0,7740,0,0,2462[CR],956901640
Z,0,0,7740,0,0,2465[CR],956902093
Z,0,0,7740,2,0,2494[CR],956902546
Z,0,0,7740,1,0,2479[CR],956903125
Z,0,0,7740,0,0,2496[CR],956903609
Z,0,0,7740,0,0,2534[CR],956904062
Z,0,0,7740,0,0,2537[CR],956904640
Z,0,0,7740,0,0,2422[CR],956905109
Z,0,0,7740,7,0,1933[CR],956905562
Z,0,0,7740,8,0,823[CR],956906125
Z,0,0,7740,5,0,21166[CR],956906593
Z,0,0,7740,2,0,1063[CR],956907046
Z,0,0,7740,1,0,35245[CR],956907625
Z,0,0,7740,0,0,4620[CR],956908078
Z,0,0,7740,0,0,35544[CR],956908546
Z,0,0,7740,0,0,35544[CR],956909031
Z,0,0,7740,3,0,35544[CR],956909593
Z,0,0,7740,1,0,35544[CR],956910062
Z,0,0,7740,0,0,35544[CR],956910625
Z,0,0,7740,8,331,2760[CR],956911078
Z,0,0,7740,2,0,2475[CR],956911531
Z,0,0,7740,1,0,2464[CR],956912078
Z,0,0,7740,0,0,2450[CR],956912531
Z,0,0,7740,0,0,2461[CR],956913078
Z,0,0,7740,0,0,2461[CR],956913531
Z,0,0,7740,0,0,2464[CR],956914109
Z,0,0,7740,0,284,2463[CR],956914578
Z,0,0,7740,0,0,2468[CR],956915046
Z,0,0,7740,0,0,2491[CR],956915609
Z,0,0,7740,39,0,2484[CR],956916062
Z,0,0,7740,79,0,2488[CR],956916640
Z,0,0,7740,68,0,2484[CR],956917093
Z,0,0,7740,34,97,2901[CR],956917343
F,18710,12658,7740,4,0,3862[CR],956917796
A,34844,18700,7740,1,0,3875[CR],956918125
F,18686,12658,7740,1,0,3856[CR],956918500
C,11614,260,7740,0,0,3836[CR],956918953
F,18700,12658,7740,0,0,3819[CR],956919328
C,11612,264,7740,0,0,3810[CR],956919703
F,18712,12659,7740,0,0,3802[CR],956920281
Z,0,0,7740,0,75,3810[CR],956920484
F,18712,12657,7740,0,27,3828[CR],956920937
C,11614,276,7740,0,33,3821[CR],956921296
F,18722,12658,7740,0,59,3814[CR],956921640
C,11616,260,7740,0,0,3810[CR],956922093
F,18708,12658,7740,0,0,3804[CR],956922453
C,11616,266,7740,0,36,3800[CR],956922796
F,18710,12658,7740,0,56,3796[CR],956923250
C,11614,276,7740,0,0,3794[CR],956923578
F,18714,12657,7740,0,0,3789[CR],956924031
A,34844,18714,7740,0,0,3786[CR],956924406
F,18698,12658,7740,28,199,4022[CR],956924859
C,11614,268,7740,19,286,4514[CR],956925203
F,18710,12659,7740,19,423,5516[CR],956925562
C,11982,272,7740,28,510,6193[CR],956926015
F,18488,14133,7740,27,505,6347[CR],956926359
C,12793,274,7740,27,485,6619[CR],956926718
F,19330,14758,7740,21,487,7000[CR],956927171
C,16992,270,7740,24,487,7430[CR],956927515
F,18960,15192,7751,26,504,7793[CR],956927875
C,23544,270,7761,27,503,8002[CR],956928312
F,18528,15330,7772,27,508,8133[CR],956928640
C,26604,264,7783,30,504,8246[CR],956929109
F,18260,15406,7794,26,504,8316[CR],956929468
C,27924,252,7805,26,507,8367[CR],956929906
F,18276,14923,7816,26,506,8416[CR],956930250
A,34880,18434,7827,27,506,8446[CR],956930687
F,18440,14509,7838,28,515,8490[CR],956931046
C,28956,256,7849,27,515,8510[CR],956931390
F,18556,14254,7861,30,512,8554[CR],956931859
C,29180,300,7872,31,514,8584[CR],956932203
F,18596,14944,7883,31,508,8570[CR],956932546
C,28228,322,7894,26,508,8592[CR],956932984
F,17870,16093,7905,26,504,8594[CR],956933343
C,28156,304,7916,27,505,8606[CR],956933796
F,18398,15243,7927,27,508,8623[CR],956934125
C,28596,302,7938,28,507,8641[CR],956934593
F,18626,15338,7950,30,521,8653[CR],956934937
C,28920,328,7961,30,506,8620[CR],956935390
F,18680,15659,7972,31,512,8662[CR],956935734
C,28144,302,7983,24,513,8681[CR],956936078
F,18650,17264,7995,27,506,8694[CR],956936546
A,34900,18772,8006,27,516,8694[CR],956936890
F,18730,16112,8017,27,509,8708[CR],956937343
C,29592,306,8028,27,515,8735[CR],956937671
F,18700,15187,8039,30,518,8743[CR],956938125
C,30236,302,8050,30,512,8731[CR],956938484
F,18698,15125,8062,31,510,8726[CR],956938843
C,30612,324,8073,31,504,8725[CR],956939265
F,18656,15616,8084,25,503,8739[CR],956939625
C,30660,294,8095,27,510,8773[CR],956939984
F,18644,15798,8106,27,503,8765[CR],956940406
C,31212,306,8117,27,506,8765[CR],956940765
F,18648,14779,8129,28,507,8766[CR],956941234
C,31604,282,8140,29,512,8764[CR],956941578
F,18524,14949,8151,30,504,8744[CR],956942015
C,31396,322,8163,32,503,8791[CR],956942375
F,18548,15245,8173,26,496,8816[CR],956942718
A,34860,18720,8184,26,496,8846[CR],956943203
F,18636,14774,8196,30,503,8880[CR],956943531
C,32156,294,8207,26,508,8886[CR],956943984
F,18854,14721,8218,27,507,8890[CR],956944328
C,32152,280,8229,27,499,8890[CR],956944765
F,18670,14443,8241,27,499,8900[CR],956945109
C,32684,272,8251,29,504,8935[CR],956945453
F,18708,14547,8262,31,502,8926[CR],956945921
C,32696,204,8273,24,502,8919[CR],956946265
F,18584,14201,8284,25,502,8972[CR],956946703
C,31952,300,8296,28,502,8926[CR],956947046
F,18696,15065,8308,27,502,8869[CR],956947484
C,29648,296,8319,28,503,8877[CR],956947843
F,18396,14965,8330,30,500,8861[CR],956948187
C,27884,306,8342,29,503,8833[CR],956948625
F,18580,15081,8353,30,498,8780[CR],956948968
A,34888,18860,8365,31,496,8754[CR],956949437
F,18766,16606,8376,31,495,8741[CR],956949765
C,24092,302,8387,25,495,8758[CR],956950234
F,18990,17754,8398,27,497,8763[CR],956950578
C,23478,302,8409,27,505,8792[CR],956950921
F,18628,19562,8420,27,501,8836[CR],956951375
C,23064,302,8431,27,503,8889[CR],956951718
F,18850,20202,8442,27,504,8967[CR],956952187
C,23638,290,8452,29,496,9064[CR],956952531
F,18616,20864,8462,22,492,9168[CR],956952984
C,25068,296,8472,23,487,9277[CR],956953328
F,16736,21944,8482,24,482,9376[CR],956953671
C,26380,308,8491,25,477,9429[CR],956954140
F,14830,22238,8499,19,484,9468[CR],956954484
C,27024,306,8507,19,487,9512[CR],956954828
F,14131,22010,8515,20,482,9516[CR],956955296
A,34888,13982,8522,16,474,9529[CR],956955656
F,13990,21182,8529,17,473,9540[CR],956956000
C,27144,300,8535,14,470,9528[CR],956956453
F,14382,21032,8540,14,462,9546[CR],956956796
C,26972,302,8544,8,368,9551[CR],956957250
F,14878,20960,8544,3,259,9514[CR],956957609
C,26240,318,8545,1,152,9493[CR],956957937
F,15389,21106,8545,0,139,9486[CR],956958390
C,25880,318,8545,0,169,9489[CR],956958750
F,15861,21150,8545,0,142,9487[CR],956959203
C,25772,306,8546,0,3,9486[CR],956959562
F,16301,21174,8546,0,72,9483[CR],956959921
C,25736,302,8546,0,18,9482[CR],956960375
F,16692,21178,8546,0,1,9481[CR],956960703
C,25704,312,8546,0,0,9481[CR],956961156
F,17068,21172,8546,0,0,9453[CR],956961484
A,34912,17294,8546,0,0,8896[CR],956962062
Z,0,0,8546,0,0,7643[CR],956962281
C,25012,306,8546,0,133,6213[CR],956962750
F,17672,20976,8546,0,23,4754[CR],956963093
C,24450,308,8546,0,112,3665[CR],956963437
F,17902,19700,8546,0,220,2887[CR],956963890
C,23482,318,8546,0,298,1590[CR],956964234
F,18104,16316,8546,0,442,611[CR],956964703
C,19316,310,8546,0,493,35544[CR],956965031
F,16672,12645,8546,0,0,35544[CR],956965375
C,9780,316,8546,0,0,35544[CR],956965828
F,16364,12647,8546,34,288,2470[CR],956966171
C,10269,312,8546,114,551,4530[CR],956966625
F,16778,12650,8555,129,561,7273[CR],956966984
C,14093,324,8615,172,568,8536[CR],956967328
F,17860,16153,8675,147,558,8531[CR],956967781
A,34912,18070,8724,86,553,8771[CR],956968109
F,18574,21166,8732,4,12,8933[CR],956968531
C,26692,290,8732,1,2,8858[CR],956968906
F,16348,20330,8732,0,0,8843[CR],956969375
C,24256,316,8732,0,0,8830[CR],956969718
F,17430,20288,8732,0,0,8818[CR],956970078
C,23872,310,8732,0,0,8813[CR],956970546
F,18246,20252,8732,0,0,8805[CR],956970890
C,23636,302,8732,0,0,8801[CR],956971234
F,18754,20238,8732,0,0,8796[CR],956971703
C,23470,306,8732,0,2,8799[CR],956972031
F,19050,20240,8741,28,497,9088[CR],956972500
C,24732,316,8752,24,507,9186[CR],956972843
F,16047,20128,8763,25,506,9219[CR],956973187
C,26580,322,8774,27,508,9237[CR],956973656
F,15512,19066,8785,27,508,9232[CR],956974000
A,34964,15781,8796,28,501,9242[CR],956974359
F,15887,18364,8807,29,507,9268[CR],956974828
C,25744,318,8817,30,503,9268[CR],956975171
F,16316,18060,8828,24,500,9274[CR],956975609
C,24944,312,8839,25,502,9289[CR],956975953
F,16748,17968,8850,27,505,9293[CR],956976406
C,24062,332,8861,27,505,9275[CR],956976750
F,17174,17626,8872,27,507,9268[CR],956977093
C,23204,326,8883,29,504,9259[CR],956977546
F,17618,17134,8893,27,502,9275[CR],956977890
C,22788,356,8903,20,495,9323[CR],956978359
F,18088,17332,8914,25,493,9370[CR],956978703
C,23144,346,8924,24,497,9429[CR],956979046
F,18538,17894,8933,24,489,9483[CR],956979515
C,24282,356,8942,23,491,9526[CR],956979843
F,17658,18426,8951,20,486,9530[CR],956980296
A,34904,15738,8959,19,480,9573[CR],956980656
F,14884,18718,8965,12,465,9611[CR],956981015
C,25284,354,8971,14,461,9596[CR],956981437
F,13665,18632,8976,12,457,9610[CR],956981796
C,25344,356,8979,7,425,9643[CR],956982250
F,13577,18550,8982,7,406,9630[CR],956982609
C,25204,346,8985,6,390,9627[CR],956983046
F,14006,18504,8987,5,391,9637[CR],956983390
C,25140,352,8989,5,393,9633[CR],956983828
F,14508,18532,8991,5,399,9616[CR],956984171
C,25160,354,8993,5,396,9605[CR],956984531
F,15011,18538,8996,5,391,9602[CR],956984968
C,25168,352,8998,5,388,9604[CR],956985312
F,15489,18562,9000,5,398,9598[CR],956985781
C,25200,348,9002,5,387,9594[CR],956986125
F,15953,18596,9004,5,385,9597[CR],956986578
A,34936,16266,9006,6,387,9592[CR],956986921
F,16381,18672,9008,6,387,9596[CR],956987281
C,25172,358,9011,5,389,9597[CR],956987734
F,16836,18790,9013,5,394,9586[CR],956988078
C,25192,352,9015,5,397,9576[CR],956988531
F,17258,18908,9017,5,403,9581[CR],956988875
C,25188,346,9020,7,416,9573[CR],956989218
F,17648,19094,9023,8,418,9573[CR],956989687
C,25320,366,9026,7,286,9575[CR],956990015
F,17952,19260,9026,1,1,9454[CR],956990484
C,24688,360,9026,1,1,9419[CR],956990828
F,18248,19480,9026,0,0,9404[CR],956991171
C,24108,356,9026,0,0,9391[CR],956991640
F,18480,19578,9026,0,0,9380[CR],956991968
C,23942,334,9026,0,0,9374[CR],956992312
F,18664,19634,9026,0,0,9367[CR],956992781
A,34968,18766,9026,0,0,9361[CR],956993109
F,18796,19676,9026,0,0,9355[CR],956993687
Z,0,0,9026,0,0,9349[CR],956993921
F,18912,19706,9026,0,0,9347[CR],956994390
Z,0,0,9026,0,0,9342[CR],956994734
F,19006,19736,9026,0,0,9339[CR],956995203
Z,0,0,9026,0,0,9334[CR],956995671
Z,0,0,9026,0,0,9330[CR],956996234
Z,0,0,9026,0,0,9327[CR],956996703
Z,0,0,9026,0,0,9323[CR],956997062
F,19174,19796,9026,0,0,9320[CR],956997625
Z,0,0,9026,0,0,9317[CR],956998093
Z,0,0,9026,0,0,9315[CR],956998546
Z,0,0,9026,0,0,9312[CR],956999000
A,34952,19250,9026,0,0,9309[CR],956999562
Z,0,0,9026,0,0,9307[CR],957000015
Z,0,0,9026,0,0,9304[CR],957000484
Z,0,0,9026,0,0,9301[CR],957001031
Z,0,0,9026,0,0,9299[CR],957001484
Z,0,0,9026,0,0,9297[CR],957001953
Z,0,0,9026,0,0,9292[CR],957002500
Z,0,0,9026,0,0,9290[CR],957002937
C,23298,356,9026,0,0,9288[CR],957003296
F,19310,19884,9026,0,0,9286[CR],957003875
Z,0,0,9026,0,0,9283[CR],957004328
Z,0,0,9026,0,0,9281[CR],957004781
Z,0,0,9026,0,0,9276[CR],957005343
Z,0,0,9026,0,0,9274[CR],957005781
Z,0,0,9026,0,0,9269[CR],957006343
Z,0,0,9026,0,0,9263[CR],957006781
Z,0,0,9026,0,0,9255[CR],957006781
C,23188,354,9026,0,0,9249[CR],957007218
F,19324,19916,9026,0,0,9249[CR],957007671
C,23168,364,9026,0,0,9242[CR],957008125
Z,0,0,9026,0,0,9234[CR],957008343
C,23148,356,9026,0,0,9229[CR],957008812
F,19324,19928,9026,0,0,9226[CR],957009140
C,23124,356,9026,0,0,9217[CR],957009593
F,19328,19928,9026,0,0,9213[CR],957009921
C,23102,366,9026,0,0,9206[CR],957010500
Z,0,0,9026,0,0,9198[CR],957010734
C,23078,362,9026,0,0,9193[CR],957011203
Z,0,0,9026,0,0,9186[CR],957011781
Z,0,0,9026,0,0,9179[CR],957012234
Z,0,0,9026,0,0,9172[CR],957012343
C,23032,354,9026,0,0,9165[CR],957012796
Z,0,0,9026,0,0,9162[CR],957013031
C,23010,354,9026,0,0,9157[CR],957013593
Z,0,0,9026,0,0,9150[CR],957014062
Z,0,0,9026,0,0,9142[CR],957014609
Z,0,0,9026,0,1,9136[CR],957015062
Z,0,0,9026,0,0,9128[CR],957015640
Z,0,0,9026,0,0,9121[CR],957016109
Z,0,0,9026,0,0,9114[CR],957016562
Z,0,0,9026,0,0,9108[CR],957017015
C,22904,354,9026,0,0,9102[CR],957017375
F,19318,19964,9026,0,0,9096[CR],957017718
A,34956,19324,9026,0,0,9090[CR],957018187
F,19310,19970,9026,0,0,9085[CR],957018656
Z,0,0,9026,0,0,9078[CR],957019125
Z,0,0,9026,0,1,9071[CR],957019703
Z,0,0,9026,0,0,9065[CR],957020171
Z,0,0,9026,0,0,9058[CR],957020625
Z,0,0,9026,0,0,9052[CR],957021218
Z,0,0,9026,0,0,9045[CR],957021687
Z,0,0,9026,0,0,9038[CR],957022156
Z,0,0,9026,0,0,9031[CR],957022625
Z,0,0,9026,0,0,9025[CR],957023218
Z,0,0,9026,0,0,9018[CR],957023218
C,22760,360,9026,0,0,9014[CR],957023687
Z,0,0,9026,0,0,9010[CR],957024015
A,35012,19320,9026,0,0,9006[CR],957024359
F,19312,19990,9026,0,0,9002[CR],957024906
Z,0,0,9026,0,0,8995[CR],957025156
F,19328,19990,9026,0,0,8991[CR],957025609
C,22712,342,9026,0,0,8987[CR],957026046
Z,0,0,9026,0,0,8981[CR],957026406
C,22696,364,9026,0,0,8976[CR],957026750
F,19326,19994,9026,0,0,8973[CR],957027312
Z,0,0,9026,0,0,8967[CR],957027781
Z,0,0,9026,0,0,8960[CR],957028250
Z,0,0,9026,0,0,8954[CR],957028718
Z,0,0,9026,0,0,8948[CR],957029281
Z,0,0,9026,0,0,8942[CR],957029734
Z,0,0,9026,0,0,8936[CR],957030203
Z,0,0,9026,0,0,8930[CR],957030328
A,34960,19328,9026,0,0,8926[CR],957030671
F,19316,20006,9026,0,0,8925[CR],957031015
C,22612,354,9026,0,0,8920[CR],957031609
Z,0,0,9026,0,0,8916[CR],957031828
C,22600,360,9026,0,0,8911[CR],957032281
F,19328,20006,9026,0,0,8907[CR],957032625
C,22586,346,9026,0,0,8902[CR],957033078
Z,0,0,9026,0,0,8897[CR],957033421
C,22574,360,9026,0,0,8892[CR],957033765
F,19332,20008,9026,0,0,8887[CR],957034218
C,22562,354,9026,0,0,8885[CR],957034562
F,19330,20008,9026,0,0,8880[CR],957034906
C,22550,352,9026,0,0,8875[CR],957035359
F,19334,20010,9026,0,0,8871[CR],957035718
C,22538,352,9026,0,0,8866[CR],957036281
Z,0,0,9026,0,0,8862[CR],957036718
Z,0,0,9026,0,0,8855[CR],957037187
Z,0,0,9026,0,0,8849[CR],957037750
Z,0,0,9026,0,0,8845[CR],957038203
Z,0,0,9026,0,0,8839[CR],957038781
Z,0,0,9026,0,0,8833[CR],957039234
Z,0,0,9026,0,0,8828[CR],957039671
C,22484,340,9026,0,0,8823[CR],957040140
Z,0,0,9026,0,0,8817[CR],957040468
C,22472,356,9026,0,0,8814[CR],957040828
F,19338,20012,9026,0,0,8810[CR],957041281
Z,0,0,9026,0,0,8805[CR],957041843
Z,0,0,9026,0,0,8800[CR],957042312
Z,0,0,9026,0,0,8796[CR],957042875
Z,0,0,9026,0,0,8789[CR],957043343
Z,0,0,9026,0,0,8784[CR],957043781
Z,0,0,9026,0,0,8779[CR],957043890
F,19332,20010,9026,0,0,8778[CR],957044484
Z,0,0,9026,0,0,8773[CR],957044703
F,19338,20008,9026,0,0,8768[CR],957045062
C,22414,352,9026,0,0,8765[CR],957045531
F,19340,20008,9026,0,0,8761[CR],957046000
Z,0,0,9026,0,0,8756[CR],957046234
F,19336,20006,9026,0,0,8753[CR],957046703
C,22396,356,9026,0,0,8749[CR],957047171
Z,0,0,9026,0,0,8744[CR],957047640
Z,0,0,9026,0,0,8739[CR],957048234
Z,0,0,9026,0,0,8734[CR],957048234
C,22378,346,9026,0,0,8732[CR],957048703
Z,0,0,9026,0,0,8729[CR],957049250
Z,0,0,9026,0,0,8723[CR],957049718
Z,0,0,9026,0,0,8719[CR],957050187
Z,0,0,9026,0,0,8714[CR],957050531
C,22352,356,9026,0,0,8712[CR],957051000
F,19338,19998,9026,0,0,8705[CR],957051328
C,22344,356,9026,0,0,8702[CR],957051781
F,19346,19996,9026,0,0,8698[CR],957052109
C,22336,366,9026,0,0,8693[CR],957052687
Z,0,0,9026,0,0,8689[CR],957053140
Z,0,0,9026,0,1,8685[CR],957053609
Z,0,0,9026,0,0,8679[CR],957054187
Z,0,0,9026,0,0,8675[CR],957054640
Z,0,0,9026,0,0,8670[CR],957055093
Z,0,0,9026,0,0,8665[CR],957055671
Z,0,0,9026,0,0,8660[CR],957056031
C,22298,350,9026,0,0,8655[CR],957056593
Z,0,0,9026,0,0,8651[CR],957057062
Z,0,0,9026,0,0,8647[CR],957057171
F,19346,19978,9026,0,0,8643[CR],957057734
Z,0,0,9026,0,0,8640[CR],957057953
F,19338,19974,9026,0,0,8637[CR],957058546
Z,0,0,9026,0,0,8632[CR],957059015
Z,0,0,9026,0,0,8628[CR],957059468
Z,0,0,9026,0,0,8623[CR],957060031
Z,0,0,9026,0,0,8618[CR],957060500
Z,0,0,9026,0,0,8612[CR],957060968
Z,0,0,9026,0,0,8608[CR],957061093
F,19342,19960,9026,0,0,8604[CR],957061562
A,34980,19344,9026,0,0,8603[CR],957062000
Z,0,0,9026,0,0,8598[CR],957062468
Z,0,0,9026,0,0,8594[CR],957063031
Z,0,0,9026,0,0,8590[CR],957063500
F,19336,19952,9026,0,0,8585[CR],957063953
Z,0,0,9026,0,0,8580[CR],957064281
F,19344,19950,9026,0,0,8577[CR],957064750
Z,0,0,9026,0,0,8574[CR],957065078
F,19342,19946,9026,0,0,8570[CR],957065421
C,22216,364,9026,0,0,8566[CR],957065890
Z,0,0,9026,0,0,8562[CR],957066453
Z,0,0,9026,0,0,8557[CR],957066921
Z,0,0,9026,0,0,8551[CR],957067375
Z,0,0,9026,0,0,8546[CR],957067937
Z,0,0,9026,0,0,8541[CR],957068421
Z,0,0,9026,0,0,8537[CR],957068531
C,22192,342,9026,0,0,8541[CR],957069093
Z,0,0,9026,0,0,8535[CR],957069312
C,22186,354,9026,0,0,8528[CR],957069781
Z,0,0,9026,0,0,8525[CR],957070359
Z,0,0,9026,0,0,8517[CR],957070828
Z,0,0,9026,0,0,8510[CR],957071281
F,19356,19916,9026,0,0,8501[CR],957071734
Z,0,0,9026,0,0,8493[CR],957072078
F,19358,19912,9026,0,0,8487[CR],957072546
Z,0,0,9026,0,0,8477[CR],957073093
Z,0,0,9026,0,1,8468[CR],957073562
Z,0,0,9026,0,0,8459[CR],957074031
Z,0,0,9026,0,0,8450[CR],957074609
Z,0,0,9026,0,0,8440[CR],957075046
Z,0,0,9026,0,0,8431[CR],957075640
Z,0,0,9026,0,0,8424[CR],957075640
C,22140,364,9026,0,0,8403[CR],957076093
Z,0,0,9026,0,0,8414[CR],957076562
Z,0,0,9026,0,0,8409[CR],957077031
Z,0,0,9026,0,0,8399[CR],957077500
F,19352,19886,9026,0,0,8392[CR],957077968
C,22126,364,9026,0,0,8384[CR],957078328
F,19356,19880,9026,0,0,8378[CR],957078671
C,22120,356,9026,0,0,8372[CR],957079218
Z,0,0,9026,0,0,8366[CR],957079687
Z,0,0,9026,0,0,8357[CR],957080156
Z,0,0,9026,0,0,8350[CR],957080625
F,19338,19870,9026,0,0,8343[CR],957081171
Z,0,0,9026,0,0,8336[CR],957081421
F,19348,19864,9026,0,0,8330[CR],957081968
Z,0,0,9026,0,0,8322[CR],957082203
F,19356,19862,9026,0,0,8317[CR],957082578
C,22094,356,9026,0,0,8311[CR],957083031
F,19356,19858,9026,0,0,8304[CR],957083468
Z,0,0,9026,0,0,8298[CR],957084031
Z,0,0,9026,0,0,8292[CR],957084140
C,22084,356,9026,0,0,8285[CR],957084609
F,19354,19850,9026,0,0,8282[CR],957085109
Z,0,0,9026,0,0,8272
<PAUSE BUTTON 09:01:19>
[CR],957085421
>
Reset interface. Wait time for interface: 266
>
Reset interface. Wait time for interface: 219DOFF
OK
>
Command: DOFF Wait time for interface: 78

>
Reset interface. Wait time for interface: 63CLEAR
OK
>
Command: CLEAR Wait time for interface: 109

<END BUTTON 09:06:49>

------------------- Begin end zero test --------------------
>
Reset interface. Wait time for interface: 31SCAN E
Z,0,0,0,0,377,2518
C,12076,7072,0,0,350,2471[CR],957417390
F,12073,12649,0,0,353,2470[CR],957417718
A,35108,12072,0,0,356,2470[CR],957418156
F,12060,12651,0,0,351,2470[CR],957418593
C,12076,7252,0,0,352,2472[CR],957418921
F,12070,12652,0,0,353,2470[CR],957419359
C,12076,7186,0,0,341,2470[CR],957419703
F,12077,12651,0,0,347,2470[CR],957420156
C,12076,7182,0,0,354,2471[CR],957420500
F,12076,12651,0,0,360,2471[CR],957420828
C,12076,7256,0,0,349,2471[CR],957421296
F,12099,12651,0,0,358,2470[CR],957421640
C,12077,7344,0,0,331,2471[CR],957422078
F,12101,12651,0,0,363,2471[CR],957422406
C,12076,7368,0,0,368,2471[CR],957422859
F,12100,12650,0,0,342,2471[CR],957423187
C,12077,7188,0,0,346,2471[CR],957423625
F,12091,12649,0,0,350,2470[CR],957423968
A,35124,12090,0,0,368,2469[CR],957424421
F,12076,12652,0,0,371,2467[CR],957424750
C,12077,8086,0,0,375,2467[CR],957425187
F,12085,12652,0,0,369,2466[CR],957425625
C,12077,7494,0,0,368,2466[CR],957425953
F,12096,12651,0,0,371,2466[CR],957426390
C,12077,7742,0,0,368,2467[CR],957426718
F,12091,12652,0,0,371,2466[CR],957427156
C,12077,7578,0,0,370,2467[CR],957427484
F,12092,12651,0,0,368,2466[CR],957427921
C,12077,7682,0,0,373,2467[CR],957428359
F,12108,12651,0,0,372,2466[CR],957428687
C,12077,7764,0,0,365,2467[CR],957429125
F,12105,12651,0,0,359,2467[CR],957429453
C,12077,7854,0,0,357,2468[CR],957429890
F,12107,12651,0,0,355,2466[CR],957430218
A,35112,12099,0,0,367,2467[CR],957430656
F,12085,12651,0,0,323,2467[CR],957431093
C,12077,8108,0,0,316,2467[CR],957431421
F,12103,12652,0,0,314,2467[CR],957431859
C,12077,8330,0,0,322,2467[CR],957432187
F,12102,12650,0,0,305,2467[CR],957432625
C,12078,8292,0,0,316,2468[CR],957432953
F,12104,12651,0,0,314,2467[CR],957433390
C,12077,8201,0,0,322,2467[CR],957433828
F,12109,12651,0,0,323,2467[CR],957434156
C,12078,8418,0,0,336,2467[CR],957434593
F,12107,12650,0,0,329,2466[CR],957434921
C,12077,8300,0,0,343,2467[CR],957435359
F,12107,12651,0,0,328,2467[CR],957435687
C,12077,8424,0,0,355,2467[CR],957436125
F,12106,12651,0,0,343,2467[CR],957436562
A,35116,12107,0,0,358,2467[CR],957436890
F,12094,12651,0,0,346,2467[CR],957437328
C,12077,8301,0,0,331,2467[CR],957437656
F,12106,12651,0,0,341,2466[CR],957438093
C,12077,7708,0,0,341,2467[CR],957438421
F,12109,12651,0,0,353,2467[CR],957438859
C,12080,7768,0,0,361,2466[CR],957439296
F,12108,12651,0,0,382,2466[CR],957439625
C,12100,7808,0,0,348,2465[CR],957440062
F,12106,12651,0,0,307,2465[CR],957440390
C,12083,7544,0,0,339,2464[CR],957440828
F,12106,12651,0,0,354,2465[CR],957441156
C,12117,7466,0,0,354,2465[CR],957441593
F,12131,12651,0,0,401,2467[CR],957442031
C,12100,7684,0,0,397,2467[CR],957442359
F,12134,12650,0,0,404,2467[CR],957442796
A,35092,12134,0,0,407,2467[CR],957443015
>
Reset interface. Wait time for interface: 47

======== END OF TEST ========


