CPT-log version: 5.22
======== BEGIN OF TEST ========
DATE 13.10.2022

<Transmited Data>
<NEW BUTTON 09:33:07>
[^C][CR]
>[CR]
VER[CR][LF]
[^C][CR]
[^C][CR]
CLEAR[CR]
[^C][CR]
DOFF[CR]
[^C][CR]
SCAN E[CR]
[^C][CR]
[^C][CR]
CLEAR[CR]

<START BUTTON 09:40:05>
[^C][CR]
[^C][CR]
DRON[CR]
SCAN E[CR]
[^G][^G][^G][^G][^G][^G][^G][^G][^G][^G][^G][^G][^G][^G][^G][^G][^G][^G][^G]
<PAUSE BUTTON 09:50:21>
[^C][CR]
[^C][CR]
DOFF[CR]
[^C][CR]
CLEAR[CR]

<END BUTTON 09:56:08>
[^C][CR]
SCAN E[CR]
[^C][CR]


<Received Data>
<NEW BUTTON 09:33:07>

>
Reset interface. Wait time for interface: 125>
>
Command: > Wait time for interface: 94
VER
M240,2364,0,0
>
>
Reset interface. Wait time for interface: 94
>
Reset interface. Wait time for interface: 109CLEAR
OK
>
Command: CLEAR Wait time for interface: 110

>
Reset interface. Wait time for interface: 109DOFF
OK
>
Command: DOFF Wait time for interface: 125

>
Reset interface. Wait time for interface: 47SCAN E
F,12169,12668,0,0,281,2480
A,35064,12166,0,0,301,2458[CR],613528828
F,12151,12670,0,0,312,2458[CR],613529296
C,12124,9405,0,0,310,2458[CR],613529640
F,12163,12668,0,0,291,2457[CR],613529984
C,12125,9448,0,0,276,2458[CR],613530453
F,12165,12667,0,0,262,2458[CR],613530781
C,12124,9752,0,0,254,2459[CR],613531140
F,12166,12666,0,0,244,2458[CR],613531609
C,12125,9618,0,0,289,2458[CR],613531953
F,12168,12666,0,0,243,2457[CR],613532406
C,12124,9509,0,0,251,2458[CR],613532734
F,12171,12666,0,0,259,2458[CR],613533203
C,12125,9299,0,0,271,2459[CR],613533546
F,12175,12666,0,0,259,2459[CR],613533890
C,12124,9328,0,0,286,2458[CR],613534343
F,12166,12666,0,0,279,2459[CR],613534671
A,35080,12168,0,0,289,2458[CR],613535156
F,12147,12667,0,0,315,2457[CR],613535484
C,12124,9352,0,0,267,2458[CR],613535921
F,12163,12667,0,0,264,2458[CR],613536265
C,12124,9366,0,0,318,2458[CR],613536625
F,12163,12666,0,0,317,2459[CR],613537125
C,12124,9419,0,0,274,2458[CR],613537453
F,12164,12667,0,0,267,2459[CR],613537812
C,12125,9406,0,0,323,2458[CR],613538031
>
Reset interface. Wait time for interface: 31
>
Reset interface. Wait time for interface: 31CLEAR
OK
>
Command: CLEAR Wait time for interface: 94

<START BUTTON 09:40:05>

>
Reset interface. Wait time for interface: 93
>
Reset interface. Wait time for interface: 125DRON
OK
>
Command: DRON Wait time for interface: 110
SCAN E
Z,0,0,0,0,462,4460
F,22414,15442,0,0,481,4146[CR],613812906
C,14998,608,0,0,480,4147[CR],613813234
F,22314,15355,0,0,480,4146[CR],613813593
C,14995,602,0,0,481,4144[CR],613814046
F,22084,15286,0,0,481,4143[CR],613814390
C,14995,620,0,0,480,4142[CR],613814843
F,21822,15227,0,0,481,4142[CR],613815171
C,14995,610,0,0,480,4140[CR],613815625
F,21562,15178,0,0,480,4139[CR],613815953
A,35480,21374,0,0,480,4138[CR],613816406
F,21294,15140,0,0,480,4138[CR],613816765
C,14998,606,0,0,480,4138[CR],613817093
F,21070,15104,0,0,480,4137[CR],613817562
C,15002,602,0,0,480,4136[CR],613817890
F,20852,15072,0,0,480,4135[CR],613818265
C,15004,620,0,0,480,4133[CR],613818718
F,20632,15047,0,0,480,4133[CR],613819062
C,15006,608,0,0,479,4132[CR],613819546
F,20438,15025,0,0,480,4131[CR],613819875
C,15008,612,0,0,480,4130[CR],613820234
F,20250,15006,0,0,480,4130[CR],613820703
C,15011,614,0,0,480,4129[CR],613821031
F,20078,14990,0,0,479,4128[CR],613821390
C,15013,608,0,0,480,4129[CR],613821859
F,19924,14975,0,0,480,4128[CR],613822203
A,35504,19812,0,0,480,4128[CR],613822562
F,19752,14964,0,0,480,4127[CR],613823015
C,15017,622,0,0,479,4126[CR],613823390
F,19618,14954,0,0,479,4125[CR],613823843
C,15021,606,0,0,480,4125[CR],613824187
F,19482,14946,0,0,480,4123[CR],613824546
C,15022,598,0,0,480,4123[CR],613825000
F,19364,14939,0,0,480,4123[CR],613825343
C,15026,612,0,0,480,4123[CR],613825703
F,19242,14935,0,0,480,4122[CR],613826156
C,15029,612,0,0,480,4122[CR],613826515
F,19134,14934,8,27,589,4207[CR],613826859
C,16075,616,18,25,588,4224[CR],613827328
F,15620,15724,29,27,587,4241[CR],613827671
C,16602,598,38,22,585,4292[CR],613828140
F,14172,15206,48,24,582,4350[CR],613828468
A,35480,14371,59,26,583,4402[CR],613828828
F,14642,14707,69,27,585,4388[CR],613829281
C,16324,608,79,29,586,4355[CR],613829609
F,16290,14336,89,27,588,4290[CR],613830031
C,15914,624,100,24,587,4259[CR],613830421
F,18610,13958,110,26,587,4323[CR],613830750
C,15655,586,120,27,587,4368[CR],613831218
F,20882,13969,130,28,587,4432[CR],613831546
C,15685,590,141,31,591,4470[CR],613832000
F,20758,14423,152,25,591,4480[CR],613832328
C,15881,608,164,25,591,4472[CR],613832781
F,18566,14881,175,27,592,4451[CR],613833156
C,15979,612,186,27,591,4441[CR],613833500
F,17814,14892,198,30,591,4444[CR],613833937
C,15638,610,209,30,590,4474[CR],613834296
F,19090,14530,220,32,591,4471[CR],613834750
A,35464,20656,232,32,592,4434[CR],613835078
F,21146,14311,244,33,592,4426[CR],613835546
C,15183,608,256,32,591,4430[CR],613835890
F,22068,14231,268,32,590,4439[CR],613836218
C,15160,608,281,33,590,4456[CR],613836687
F,21492,14345,293,33,590,4486[CR],613837046
C,15458,598,305,34,591,4504[CR],613837484
F,19032,14756,317,35,592,4512[CR],613837828
C,15570,656,329,35,591,4490[CR],613838296
F,18290,14746,342,30,592,4466[CR],613838640
C,15470,624,354,34,592,4438[CR],613839000
F,17942,15042,367,31,591,4491[CR],613839468
C,15563,616,380,36,592,4575[CR],613839812
F,16323,15557,392,33,592,4571[CR],613840156
C,15482,634,405,35,591,4570[CR],613840609
F,15777,15733,418,36,595,4555[CR],613840984
A,35488,15596,432,34,596,4530[CR],613841312
F,15357,16327,444,36,594,4510[CR],613841781
C,16512,644,458,36,594,4483[CR],613842125
F,14694,15950,471,36,593,4430[CR],613842578
C,16538,648,485,36,593,4327[CR],613842937
F,15149,15269,498,35,592,4238[CR],613843281
C,16402,652,512,34,592,4170[CR],613843640
F,15721,15193,525,33,591,4181[CR],613844078
C,16209,638,538,34,590,4225[CR],613844531
F,15559,15159,551,33,591,4237[CR],613844859
C,16522,638,564,34,591,4229[CR],613845218
F,15447,15327,577,33,589,4184[CR],613845656
C,16796,642,591,34,588,4129[CR],613846015
F,15114,14815,604,32,586,4083[CR],613846484
C,16292,638,617,32,586,4067[CR],613846859
F,16422,14120,631,28,585,3972[CR],613847187
A,35444,18232,645,36,588,3940[CR],613847640
F,19050,13675,659,38,589,3898[CR],613847968
C,15265,650,672,36,588,3867[CR],613848421
F,21508,13851,686,36,590,3860[CR],613848765
C,14982,662,699,35,589,3860[CR],613849125
F,22854,14088,712,35,590,3870[CR],613849578
C,14713,642,725,35,589,3876[CR],613849906
F,22304,14535,739,34,590,3868[CR],613850375
C,14710,648,753,34,591,3854[CR],613850718
F,20180,15045,766,33,591,3849[CR],613851078
C,14746,650,779,34,592,3839[CR],613851531
F,19400,15180,793,31,592,3832[CR],613851875
C,14737,654,806,32,592,3847[CR],613852234
F,19470,15398,820,30,592,3870[CR],613852687
C,15011,646,833,33,592,3888[CR],613853140
F,18696,15629,846,34,591,3911[CR],613853468
A,35428,18494,860,38,594,3928[CR],613853812
F,18116,15819,873,38,595,3944[CR],613854281
C,15798,638,886,36,594,3964[CR],613854625
F,16778,15826,900,36,594,3975[CR],613855093
C,15880,638,913,36,594,3976[CR],613855421
F,15739,15906,927,35,593,3979[CR],613855781
C,16242,642,940,35,590,3973[CR],613856203
F,15046,15864,954,34,588,3979[CR],613856562
C,16894,650,967,33,587,3989[CR],613857015
F,14977,15403,980,32,586,4005[CR],613857343
C,17096,638,994,32,584,4009[CR],613857812
F,14922,14814,1007,32,584,4000[CR],613858156
C,17244,656,1020,33,584,4035[CR],613858515
F,15780,14503,1034,32,585,4058[CR],613858968
C,17754,644,1047,28,588,4102[CR],613859296
F,16300,14611,1060,32,587,4137[CR],613859765
A,35440,16422,1073,33,588,4162[CR],613860109
F,16510,14867,1087,38,589,4141[CR],613860437
C,18058,618,1100,38,588,4138[CR],613860890
F,16888,15111,1114,35,587,4141[CR],613861328
C,17880,646,1127,35,588,4190[CR],613861671
F,17440,15320,1140,36,588,4210[CR],613862031
C,17812,658,1154,34,588,4200[CR],613862500
F,17872,15572,1167,35,587,4204[CR],613862843
C,17682,658,1181,34,585,4188[CR],613863187
F,18002,15601,1194,33,584,4192[CR],613863625
C,17272,658,1208,34,585,4196[CR],613864078
F,18076,15758,1221,33,584,4178[CR],613864421
C,16472,650,1234,33,588,4184[CR],613864750
F,18352,16183,1248,32,590,4173[CR],613865218
C,15795,674,1261,33,588,4167[CR],613865562
F,18228,17414,1275,29,591,4189[CR],613866015
A,35392,17446,1288,38,592,4209[CR],613866359
F,16760,17984,1302,38,591,4196[CR],613866812
C,15590,690,1315,36,591,4185[CR],613867171
F,16089,17466,1329,36,591,4179[CR],613867500
C,15653,690,1342,36,590,4176[CR],613867953
F,16892,16592,1356,35,588,4171[CR],613868296
C,15728,684,1369,35,587,4152[CR],613868656
F,17974,15772,1383,35,584,4136[CR],613869109
C,15880,698,1397,34,583,4075[CR],613869453
F,18806,14908,1410,34,583,4065[CR],613869906
C,15795,692,1424,32,579,4052[CR],613870250
F,19722,14242,1437,32,579,4089[CR],613870703
C,15364,714,1450,30,582,4063[CR],613871062
F,21542,13830,1464,31,581,4048[CR],613871406
C,14914,724,1477,33,582,4075[CR],613871859
F,23754,13989,1490,36,583,4112[CR],613872218
A,35432,23464,1504,38,583,4094[CR],613872562
F,22886,14857,1517,36,584,4096[CR],613873015
C,14635,702,1531,36,583,4085[CR],613873359
F,22028,15283,1544,33,581,4103[CR],613873796
C,15074,708,1557,33,582,4238[CR],613874140
F,20476,15815,1570,34,582,4293[CR],613874500
C,15666,704,1583,34,582,4306[CR],613874953
F,18690,15573,1597,35,580,4298[CR],613875406
C,16021,716,1610,35,579,4317[CR],613875750
F,17814,15116,1623,33,577,4350[CR],613876093
C,16315,720,1636,32,576,4390[CR],613876546
F,18018,14606,1650,34,575,4355[CR],613876890
C,16130,718,1663,33,576,4322[CR],613877359
F,19642,14120,1677,33,577,4322[CR],613877703
C,15707,728,1690,31,580,4330[CR],613878046
F,21276,13977,1704,27,580,4333[CR],613878515
A,35384,22094,1717,35,581,4360[CR],613878875
F,22114,14077,1730,28,581,4404[CR],613879203
C,15257,718,1743,39,583,4397[CR],613879656
F,20848,14127,1757,39,587,4332[CR],613879984
C,14992,724,1759,2,455,4170[CR],613880437
F,22268,13534,1759,1,452,4137[CR],613880796
C,14301,728,1759,0,452,4139[CR],613881140
F,25052,13327,1759,0,451,4143[CR],613881609
C,14241,732,1759,0,455,4158[CR],613881937
F,24988,13222,1759,0,438,4469[CR],613882406
C,14260,732,1759,0,438,4532[CR],613882750
F,24312,13196,1759,0,435,4529[CR],613883187
C,14258,714,1759,0,427,4496[CR],613883531
F,23638,13150,1759,0,427,4431[CR],613883875
C,14259,724,1759,0,425,4429[CR],613884343
F,23070,13120,1759,0,428,4142[CR],613884812
Z,0,0,1759,0,0,2506[CR],613885265
Z,0,0,1759,0,0,2478[CR],613885843
Z,0,0,1759,0,0,2479[CR],613886296
Z,0,0,1759,0,0,2477[CR],613886859
Z,0,0,1759,0,0,2472[CR],613887328
Z,0,0,1759,0,2,2477[CR],613887765
Z,0,0,1759,0,0,2474[CR],613888343
Z,0,0,1759,0,0,2472[CR],613888796
Z,0,0,1759,0,0,2474[CR],613889359
Z,0,0,1759,0,0,2473[CR],613889812
Z,0,0,1759,0,0,2473[CR],613890281
Z,0,0,1759,0,0,2474[CR],613890859
Z,0,0,1759,0,0,2474[CR],613891296
Z,0,0,1759,0,2,2473[CR],613891765
Z,0,0,1759,0,0,2474[CR],613892343
Z,0,0,1759,0,0,2474[CR],613892781
Z,0,0,1759,0,0,2475[CR],613893375
Z,0,0,1759,0,0,2474[CR],613893812
Z,0,0,1759,0,0,2473[CR],613894265
Z,0,0,1759,0,0,2473[CR],613894859
Z,0,0,1759,0,0,2473[CR],613895296
Z,0,0,1759,0,0,2473[CR],613895875
Z,0,0,1759,0,0,2473[CR],613896328
Z,0,0,1759,0,0,2473[CR],613896781
Z,0,0,1759,0,0,2474[CR],613897250
A,35316,19048,1759,0,0,2468[CR],613897718
Z,0,0,1759,0,0,2456[CR],613898187
Z,0,0,1759,0,0,2471[CR],613898750
Z,0,0,1759,0,0,2471[CR],613899187
Z,0,0,1759,0,0,2470[CR],613899781
Z,0,0,1759,0,0,2469[CR],613900234
Z,0,0,1759,0,0,2471[CR],613900687
Z,0,0,1759,0,0,2472[CR],613901250
Z,0,0,1759,0,0,2471[CR],613901718
Z,0,0,1759,0,0,2472[CR],613902156
Z,0,0,1759,0,0,2470[CR],613902734
Z,0,0,1759,0,0,2471[CR],613903203
Z,0,0,1759,0,0,2471[CR],613903750
Z,0,0,1759,0,0,2468[CR],613904218
Z,0,0,1759,0,0,2473[CR],613904671
Z,0,0,1759,0,0,2477[CR],613905250
Z,0,0,1759,0,0,2476[CR],613905703
Z,0,0,1759,0,0,2480[CR],613906281
Z,0,0,1759,0,0,2493[CR],613906750
Z,0,0,1759,24,0,2481[CR],613907203
Z,0,0,1759,36,0,2479[CR],613907765
Z,0,0,1759,44,0,2480[CR],613908203
Z,0,0,1759,43,0,2479[CR],613908671
Z,0,0,1759,44,0,2481[CR],613909234
Z,0,0,1770,18,381,2877[CR],613909359
F,17900,12751,1772,14,467,4071[CR],613909703
A,35292,17902,1774,3,364,5066[CR],613910140
F,17564,14338,1774,1,364,5301[CR],613910500
C,14774,702,1774,0,363,5290[CR],613910843
F,18054,14361,1774,0,363,5282[CR],613911281
C,14642,734,1774,0,347,5276[CR],613911640
F,18152,14310,1774,0,307,5262[CR],613912093
C,14601,704,1774,0,312,5262[CR],613912421
F,18060,14271,1774,0,389,5250[CR],613912875
C,14579,722,1776,3,440,4516[CR],613913218
F,17460,14439,1776,1,433,4411[CR],613913656
C,14955,712,1776,0,433,4402[CR],613913984
F,18056,14538,1776,0,432,4401[CR],613914343
C,14838,724,1776,0,431,4399[CR],613914796
F,18114,14517,1776,0,432,4396[CR],613915156
C,14790,724,1776,0,433,4393[CR],613915609
F,17990,14490,1776,0,433,4392[CR],613915937
A,35260,17884,1776,0,433,4390[CR],613916406
F,17840,14478,1776,0,432,4388[CR],613916750
C,14749,730,1776,0,432,4386[CR],613917203
F,17744,14467,1785,34,554,4504[CR],613917546
C,14738,724,1798,32,553,4567[CR],613917906
F,17014,14567,1811,30,552,4647[CR],613918250
C,16644,720,1824,30,549,4688[CR],613918687
F,15975,15111,1837,30,552,4717[CR],613919140
C,18132,718,1851,41,550,4712[CR],613919484
F,13965,14989,1864,36,547,4711[CR],613919828
C,18024,730,1878,36,547,4667[CR],613920296
F,14482,14212,1891,36,550,4629[CR],613920640
C,17118,720,1905,35,551,4580[CR],613921093
F,15607,14603,1919,35,553,4535[CR],613921453
C,15645,730,1932,35,556,4502[CR],613921875
F,17320,15194,1946,33,556,4486[CR],613922234
A,35232,19144,1959,32,556,4509[CR],613922593
F,19950,16788,1972,32,556,4568[CR],613923031
C,14582,718,1985,33,557,4565[CR],613923390
F,22474,16990,1999,32,556,4537[CR],613923765
C,14831,734,2012,32,554,4559[CR],613924203
F,23004,16564,2025,32,553,4599[CR],613924531
C,14942,730,2038,29,553,4625[CR],613925000
F,21268,16506,2052,38,552,4626[CR],613925343
C,15004,728,2065,36,551,4623[CR],613925781
F,20216,15628,2079,36,550,4591[CR],613926140
C,15256,724,2092,38,548,4594[CR],613926500
F,20036,14630,2106,35,549,4578[CR],613926937
C,15283,728,2119,34,547,4597[CR],613927296
F,20894,13998,2132,33,550,4619[CR],613927640
C,15040,732,2146,35,552,4597[CR],613928109
F,22682,13609,2160,33,551,4575[CR],613928453
A,35236,23682,2173,32,550,4608[CR],613928812
F,23684,14253,2186,32,550,4669[CR],613929281
C,15631,744,2199,32,547,4734[CR],613929625
F,20570,14652,2212,33,545,4772[CR],613929984
C,16740,728,2225,33,548,4851[CR],613930437
F,17966,14712,2239,32,549,4739[CR],613930765
C,17240,734,2252,31,544,4732[CR],613931218
F,15865,14400,2266,36,544,4729[CR],613931546
C,16754,730,2279,39,547,4676[CR],613932015
F,17138,13860,2293,36,550,4658[CR],613932359
C,15891,736,2306,36,552,4664[CR],613932812
F,18484,14211,2320,35,555,4711[CR],613933156
C,15051,726,2333,36,556,4720[CR],613933500
F,20020,15358,2346,34,557,4721[CR],613933937
C,14674,736,2360,36,558,4676[CR],613934375
F,22026,16349,2373,34,556,4694[CR],613934718
A,35196,22142,2387,33,556,4711[CR],613935062
F,21356,16678,2400,34,555,4747[CR],613935531
C,15671,742,2413,32,554,4755[CR],613935859
F,18446,16192,2427,33,552,4736[CR],613936296
C,15664,736,2440,34,550,4704[CR],613936671
F,17642,15293,2454,33,550,4700[CR],613937031
C,15186,730,2467,32,553,4685[CR],613937484
F,19076,14126,2480,27,556,4690[CR],613937828
C,14358,726,2494,36,554,4701[CR],613938296
F,21932,13718,2507,36,552,4744[CR],613938625
C,14669,742,2520,36,550,4836[CR],613938968
F,23868,14143,2533,36,547,4925[CR],613939406
C,15857,738,2546,35,545,4969[CR],613939765
F,20936,14275,2559,36,544,4996[CR],613940218
C,16620,748,2573,36,544,4977[CR],613940562
F,18642,14385,2587,34,547,4945[CR],613941015
A,35192,17354,2600,35,548,4896[CR],613941343
F,17528,14257,2614,33,550,4861[CR],613941703
C,15293,770,2627,33,550,4881[CR],613942156
F,19088,14778,2640,33,549,4905[CR],613942484
C,15660,764,2654,32,546,4947[CR],613942937
F,20322,15778,2667,30,547,5006[CR],613943281
C,17822,784,2680,32,550,5071[CR],613943750
F,17800,16482,2693,32,550,5131[CR],613944093
C,19738,768,2706,30,552,5190[CR],613944453
F,14100,17168,2719,28,553,5208[CR],613944921
C,20866,768,2732,32,552,5199[CR],613945296
F,13026,16886,2746,36,551,5198[CR],613945609
C,20748,762,2759,36,546,5187[CR],613946062
F,13348,15684,2773,36,546,5175[CR],613946390
C,19834,760,2786,35,548,5167[CR],613946843
F,14192,15461,2800,34,548,5173[CR],613947187
A,35168,14824,2813,34,550,5208[CR],613947656
F,15059,16073,2827,33,551,5246[CR],613948000
C,19912,766,2840,34,551,5279[CR],613948343
F,15742,17134,2854,35,550,5267[CR],613948796
C,20342,756,2867,33,546,5203[CR],613949140
F,13936,17060,2881,35,547,5107[CR],613949609
C,18080,756,2895,34,550,5029[CR],613949953
F,15416,15924,2909,31,552,5006[CR],613950312
C,15959,760,2922,34,551,5019[CR],613950750
F,18112,16037,2935,38,551,5054[CR],613951093
C,15370,764,2948,36,551,5078[CR],613951546
F,20832,17724,2962,36,548,5105[CR],613951906
C,16682,776,2975,36,549,5128[CR],613952250
F,22822,17250,2989,36,550,5106[CR],613952687
C,17290,762,3003,35,549,5086[CR],613953031
F,17202,16918,3016,34,549,5079[CR],613953500
A,35132,16824,3030,34,549,5056[CR],613953828
F,16734,17406,3043,33,550,5076[CR],613954265
C,16498,766,3056,32,553,5099[CR],613954609
F,15542,17858,3070,33,550,5019[CR],613955046
C,16140,768,3084,33,548,4991[CR],613955390
F,15016,16586,3097,33,545,5010[CR],613955828
C,15227,770,3110,31,549,5048[CR],613956187
F,15974,15877,3124,31,548,5003[CR],613956531
C,15018,790,3137,38,550,5013[CR],613956968
F,17580,15618,3151,39,550,4975[CR],613957437
C,14868,800,3165,38,550,4910[CR],613957781
F,18866,15840,3179,35,549,4920[CR],613958140
C,15820,800,3192,34,550,4956[CR],613958484
F,20750,16054,3205,35,551,4960[CR],613958921
C,16936,766,3218,33,550,4982[CR],613959281
F,17744,15945,3232,33,546,5031[CR],613959718
A,35160,17072,3244,34,546,5096[CR],613960062
F,17160,15919,3257,32,545,5208[CR],613960500
C,19638,766,3270,32,545,5288[CR],613960859
F,15703,16130,3283,33,543,5316[CR],613961312
C,21800,758,3296,35,543,5343[CR],613961671
F,13804,16165,3309,33,540,5321[CR],613962015
C,22764,770,3323,32,541,5334[CR],613962484
F,14200,15943,3336,32,543,5367[CR],613962859
C,22886,782,3349,32,543,5397[CR],613963187
F,14717,16490,3362,29,540,5438[CR],613963656
C,22736,808,3376,27,542,5502[CR],613964000
F,15329,16660,3389,36,542,5538[CR],613964390
C,22486,822,3402,36,542,5554[CR],613964828
F,15956,16614,3415,36,543,5583[CR],613965156
C,22086,816,3429,38,543,5600[CR],613965609
F,16628,16974,3442,36,543,5598[CR],613965953
A,35120,17096,3456,35,541,5585[CR],613966390
F,17286,16746,3469,35,539,5549[CR],613966718
C,20712,828,3483,35,537,5532[CR],613967187
F,17980,16478,3496,33,540,5553[CR],613967546
C,19844,804,3509,33,543,5595[CR],613967890
F,18456,16568,3522,32,540,5662[CR],613968328
C,20546,816,3535,32,537,5774[CR],613968687
F,18360,16922,3547,32,539,5877[CR],613969140
C,22766,812,3560,32,534,5944[CR],613969468
F,17094,16882,3573,34,545,6013[CR],613969828
C,23284,822,3587,34,544,5973[CR],613970281
F,13621,16754,3601,33,543,5923[CR],613970609
C,22504,830,3615,33,538,5815[CR],613971078
F,12225,16256,3630,41,540,5659[CR],613971406
C,19540,792,3644,34,540,5593[CR],613971765
F,12966,15768,3658,35,543,5607[CR],613972218
A,35064,13673,3671,35,541,5540[CR],613972562
F,14040,17048,3684,34,543,5526[CR],613973031
C,17064,818,3698,34,544,5540[CR],613973390
F,15679,18116,3711,34,545,5515[CR],613973750
C,16638,818,3725,32,544,5530[CR],613974171
F,18310,18546,3737,32,545,5594[CR],613974515
C,16210,822,3750,35,548,5590[CR],613974968
F,21688,17806,3758,4,386,5519[CR],613975296
C,16106,822,3758,1,377,5461[CR],613975765
F,23944,16896,3758,1,376,5445[CR],613976109
C,15201,822,3758,0,374,5446[CR],613976578
F,26492,16221,3758,0,371,5451[CR],613976921
C,15142,806,3758,0,370,5455[CR],613977281
F,27068,15782,3758,0,368,5450[CR],613977640
C,15126,830,3758,0,371,5451[CR],613978109
F,26728,15468,3758,0,359,5625[CR],613978437
A,35088,26216,3758,0,359,5933[CR],613978890
F,25980,15221,3758,0,356,5929[CR],613979250
C,15118,824,3758,0,359,5857[CR],613979687
F,25232,15025,3758,0,359,5738[CR],613980031
C,15119,822,3758,0,357,5736[CR],613980359
F,24540,14867,3758,0,348,5245[CR],613980937
Z,0,0,3758,0,0,2528[CR],613981406
Z,0,0,3758,0,0,2485[CR],613981859
Z,0,0,3758,0,0,2474[CR],613982437
Z,0,0,3758,0,146,2475[CR],613982906
Z,0,0,3758,0,0,2470[CR],613983468
Z,0,0,3758,0,0,2469[CR],613983921
Z,0,0,3758,0,0,2471[CR],613984390
Z,0,0,3758,0,0,2473[CR],613984984
Z,0,0,3758,0,0,2471[CR],613985453
Z,0,0,3758,0,0,2472[CR],613985921
Z,0,0,3758,0,0,2471[CR],613986390
Z,0,0,3758,0,0,2472[CR],613986968
Z,0,0,3758,0,0,2472[CR],613987406
Z,0,0,3758,0,0,2473[CR],613987875
Z,0,0,3758,0,0,2472[CR],613988453
Z,0,0,3758,0,0,2472[CR],613988890
Z,0,0,3758,0,0,2472[CR],613989359
Z,0,0,3758,0,0,2472[CR],613989921
Z,0,0,3758,0,0,2467[CR],613990390
Z,0,0,3758,0,0,2455[CR],613990953
Z,0,0,3758,0,0,2468[CR],613991421
Z,0,0,3758,0,0,2470[CR],613991859
Z,0,0,3758,0,0,2471[CR],613992453
Z,0,0,3758,0,0,2471[CR],613992906
Z,0,0,3758,0,0,2471[CR],613993375
Z,0,0,3758,0,0,2471[CR],613993937
Z,0,0,3758,0,0,2471[CR],613994406
Z,0,0,3758,0,0,2471[CR],613994875
Z,0,0,3758,0,0,2472[CR],613995437
Z,0,0,3758,0,0,2472[CR],613995875
Z,0,0,3758,0,1,2469[CR],613996437
Z,0,0,3758,0,0,2473[CR],613996890
Z,0,0,3758,0,0,2474[CR],613997359
Z,0,0,3758,0,0,2477[CR],613997937
Z,0,0,3758,0,0,2481[CR],613998375
Z,0,0,3758,0,0,2490[CR],613998937
Z,0,0,3758,0,0,2477[CR],613999390
Z,0,0,3758,49,0,2480[CR],613999937
Z,0,0,3758,41,1,2476[CR],614000406
Z,0,0,3758,43,0,2477[CR],614000875
Z,0,0,3758,43,223,2479[CR],614001125
C,14551,830,3761,18,275,2754[CR],614001468
F,18496,12786,3766,14,321,3567[CR],614001937
C,14604,832,3766,2,288,4589[CR],614002265
F,18480,13613,3766,1,288,4553[CR],614002734
C,14888,812,3766,0,277,4537[CR],614003078
F,18484,13565,3766,0,278,4527[CR],614003515
A,35036,18458,3766,0,240,4519[CR],614003875
F,18426,13525,3766,0,241,4516[CR],614004265
C,14861,826,3766,0,235,4510[CR],614004687
F,18382,13495,3766,0,377,4508[CR],614005015
C,14854,826,3766,0,376,4527[CR],614005484
F,18320,13465,3766,0,377,4522[CR],614005828
C,14848,816,3766,0,377,4520[CR],614006156
F,18260,13444,3766,0,377,4517[CR],614006593
C,14844,826,3766,0,376,4514[CR],614006937
F,18206,13427,3766,0,377,4511[CR],614007406
C,14841,826,3766,0,378,4511[CR],614007765
F,18160,13414,3766,0,378,4509[CR],614008109
C,14838,816,3766,0,377,4509[CR],614008546
F,18116,13401,3766,0,378,4506[CR],614008906
C,14836,840,3767,0,424,4557[CR],614009359
F,18078,13390,3777,35,548,5545[CR],614009687
A,34984,18040,3791,36,558,5780[CR],614010140
F,16041,15935,3804,35,557,5732[CR],614010484
C,16357,830,3817,34,560,5709[CR],614010843
F,16482,15703,3831,34,558,5718[CR],614011312
C,16093,806,3843,33,558,5725[CR],614011671
F,17792,15135,3857,33,560,5706[CR],614012015
C,16193,826,3870,34,559,5712[CR],614012484
F,19092,15006,3883,32,556,5713[CR],614012828
C,16614,822,3896,32,555,5762[CR],614013296
F,19564,14917,3910,31,551,5806[CR],614013640
C,17018,830,3922,31,551,5855[CR],614013984
F,20024,14609,3936,31,557,5886[CR],614014437
C,16738,832,3949,32,552,5864[CR],614014765
F,20676,14300,3962,29,552,5864[CR],614015234
C,16132,828,3975,27,555,5881[CR],614015593
F,22060,14026,3989,34,532,5924[CR],614016015
A,35036,23098,4001,35,559,6022[CR],614016375
F,23480,14385,4015,35,551,6048[CR],614016781
C,15976,826,4028,38,555,6091[CR],614017187
F,24584,14947,4041,35,551,6136[CR],614017531
C,16265,828,4054,36,557,6179[CR],614017875
F,23986,15373,4067,35,555,6212[CR],614018312
C,16620,826,4080,35,556,6235[CR],614018671
F,23512,15261,4094,34,557,6265[CR],614019109
C,17208,826,4107,36,557,6305[CR],614019453
F,22060,15564,4120,34,559,6334[CR],614019921
C,18068,828,4133,32,556,6370[CR],614020250
F,16980,16113,4147,34,561,6411[CR],614020703
C,18176,830,4160,33,555,6388[CR],614021031
F,15142,15293,4173,33,555,6370[CR],614021484
C,17818,832,4186,32,552,6350[CR],614021828
F,16039,14460,4200,32,554,6371[CR],614022187
A,35016,16748,4213,32,556,6403[CR],614022640
F,16922,14869,4226,32,556,6415[CR],614023109
Z,0,0,4243,36,548,6445[CR],614023343
F,15769,15122,4252,29,550,6595[CR],614023781
C,18468,820,4265,29,550,6637[CR],614024125
F,16311,14489,4278,29,551,6613[CR],614024593
C,18474,826,4292,34,554,6659[CR],614024953
F,17162,14587,4305,39,561,6656[CR],614025296
C,18666,830,4319,35,556,6512[CR],614025734
F,17870,15046,4333,36,557,6467[CR],614026078
C,18928,836,4347,35,560,6391[CR],614026546
F,18374,15629,4361,35,560,6328[CR],614026875
C,19006,840,4374,36,561,6276[CR],614027343
F,18638,16137,4388,34,558,6217[CR],614027703
C,18720,838,4401,31,557,6184[CR],614028046
F,18970,16179,4414,33,559,6183[CR],614028515
A,34976,19272,4428,34,559,6197[CR],614028843
F,19268,16752,4441,31,559,6176[CR],614029281
C,18186,848,4454,31,557,6158[CR],614029640
F,18522,16992,4467,32,559,6157[CR],614030046
C,17854,844,4481,38,558,6105[CR],614030468
F,19268,16340,4494,39,551,6100[CR],614030812
C,17774,846,4508,41,553,6130[CR],614031156
F,20384,16297,4521,35,553,6133[CR],614031593
C,18322,846,4534,35,555,6140[CR],614032046
F,20218,16233,4548,35,553,6145[CR],614032390
C,18640,848,4561,33,554,6168[CR],614032734
F,19950,15566,4574,34,553,6187[CR],614033203
C,19100,850,4587,34,554,6211[CR],614033546
F,20488,15400,4600,33,555,6233[CR],614033906
C,19206,858,4614,33,555,6256[CR],614034375
F,20790,15614,4627,34,554,6278[CR],614034718
A,34952,21168,4640,33,559,6275[CR],614035156
F,21280,15727,4653,33,559,6274[CR],614035484
C,19430,864,4667,33,556,6243[CR],614035828
F,21526,15960,4680,32,559,6225[CR],614036281
C,19010,860,4694,29,559,6208[CR],614036625
F,21620,16231,4707,30,558,6185[CR],614037093
C,18336,868,4720,31,558,6203[CR],614037437
F,21900,16780,4733,38,557,6233[CR],614037796
C,18532,864,4747,36,557,6250[CR],614038234
F,19076,17834,4760,35,560,6268[CR],614038578
C,18838,870,4773,36,557,6285[CR],614039046
F,16800,17530,4787,36,553,6300[CR],614039406
C,19200,874,4800,34,552,6336[CR],614039750
F,17634,16398,4813,35,551,6370[CR],614040203
C,20034,874,4827,34,552,6417[CR],614040531
F,17630,16414,4840,33,556,6446[CR],614040984
A,34960,16361,4853,34,556,6450[CR],614041343
F,16041,15986,4866,32,553,6443[CR],614041781
C,20244,892,4880,32,555,6441[CR],614042171
F,16329,15382,4893,32,553,6446[CR],614042500
C,19788,874,4906,32,556,6461[CR],614042968
F,17094,15646,4919,31,555,6505[CR],614043312
C,19384,882,4932,32,556,6558[CR],614043671
F,17740,16198,4945,32,558,6564[CR],614044109
C,19228,886,4959,29,556,6570[CR],614044453
F,18292,16482,4972,28,554,6629[CR],614044890
C,19554,896,4985,33,555,6660[CR],614045250
F,18680,17406,4998,36,553,6724[CR],614045703
C,20474,904,5011,38,556,6742[CR],614046062
F,16876,18012,5025,36,556,6743[CR],614046406
C,20990,892,5038,35,554,6777[CR],614046843
F,15404,17424,5051,38,553,6820[CR],614047171
A,34944,15959,5064,33,554,6836[CR],614047640
F,16155,16826,5077,34,555,6862[CR],614048000
C,22408,904,5091,35,553,6881[CR],614048343
F,16616,16900,5104,35,556,6914[CR],614048812
C,22664,884,5117,34,558,6948[CR],614049156
F,16151,17054,5130,35,553,6965[CR],614049593
C,22388,888,5143,33,556,6996[CR],614049937
F,16512,16996,5156,38,563,7054[CR],614050375
C,21918,892,5171,35,560,6934[CR],614050718
F,16974,17280,5184,32,553,6865[CR],614051187
C,21410,896,5198,32,553,6866[CR],614051531
F,17396,17512,5211,30,551,6872[CR],614051875
C,21180,888,5224,27,553,6893[CR],614052343
F,17816,17550,5237,31,555,6923[CR],614052687
C,21238,902,5250,36,553,6936[CR],614053140
F,18112,17526,5264,39,551,6948[CR],614053484
A,34940,18220,5277,35,552,6960[CR],614053828
F,18186,17538,5290,35,551,6974[CR],614054281
C,20200,900,5303,35,554,6989[CR],614054625
F,18184,17416,5317,35,552,6965[CR],614055093
C,19418,908,5330,35,546,6978[CR],614055437
F,18498,17706,5343,34,548,7060[CR],614055765
C,19672,922,5356,33,551,7090[CR],614056218
F,18754,18524,5369,33,550,7127[CR],614056578
C,20872,896,5382,33,551,7164[CR],614057031
F,16890,18572,5395,33,549,7204[CR],614057390
C,21580,918,5408,33,550,7231[CR],614057750
F,15761,17844,5422,34,551,7219[CR],614058109
C,21628,908,5435,35,548,7215[CR],614058562
F,15840,17184,5448,33,546,7207[CR],614058906
C,21320,898,5461,31,546,7229[CR],614059375
F,16363,16786,5475,32,548,7245[CR],614059703
A,34952,16696,5488,32,547,7247[CR],614060156
F,16804,17018,5501,32,548,7265[CR],614060500
C,20646,920,5514,30,548,7293[CR],614060843
F,17204,17236,5527,27,544,7341[CR],614061296
C,20300,914,5540,28,549,7390[CR],614061640
F,17538,17330,5553,39,550,7387[CR],614062109
C,20030,922,5566,38,543,7406[CR],614062453
F,17856,17308,5579,34,548,7499[CR],614062796
C,19652,914,5592,38,549,7445[CR],614063250
F,18200,17004,5606,36,545,7422[CR],614063578
C,19502,924,5619,33,546,7448[CR],614064046
F,18638,16874,5632,34,540,7505[CR],614064390
C,19566,926,5645,34,545,7520[CR],614064750
F,18930,17644,5658,34,547,7525[CR],614065187
C,20404,930,5671,34,548,7585[CR],614065625
F,18282,18058,5684,35,542,7633[CR],614065968
A,34912,17510,5697,33,546,7666[CR],614066312
F,17272,17784,5710,32,547,7739[CR],614066781
C,21212,924,5723,33,541,7761[CR],614067125
F,18064,16882,5735,33,542,7832[CR],614067703
Z,0,0,5751,31,534,7924[CR],614067937
F,19230,16394,5758,11,368,7994[CR],614068265
C,24184,930,5758,2,315,7904[CR],614068734
F,19866,16950,5758,1,287,7886[CR],614069078
C,23308,924,5758,0,280,7880[CR],614069546
F,20162,17302,5758,0,278,7879[CR],614069875
C,23014,922,5758,0,259,7903[CR],614070218
F,20240,17316,5758,0,229,8213[CR],614070671
C,22868,932,5758,0,247,8199[CR],614071031
F,20186,17278,5758,1,288,8075[CR],614071375
C,22756,916,5758,1,280,7847[CR],614071843
F,20012,17256,5758,1,274,7849[CR],614072187
A,34920,19838,5758,0,288,7850[CR],614072640
F,19754,17248,5758,0,331,6236[CR],614073109
Z,0,0,5758,0,0,2701[CR],614073578
Z,0,0,5758,0,0,2486[CR],614074140
Z,0,0,5758,0,0,2474[CR],614074609
Z,0,0,5758,0,0,2473[CR],614075062
Z,0,0,5758,0,0,2474[CR],614075640
Z,0,0,5758,0,0,2473[CR],614076093
Z,0,0,5758,0,0,2473[CR],614076546
Z,0,0,5758,0,0,2473[CR],614077125
Z,0,0,5758,0,0,2473[CR],614077562
Z,0,0,5758,0,1,2472[CR],614078140
Z,0,0,5758,0,0,2472[CR],614078609
Z,0,0,5758,0,0,2469[CR],614079062
Z,0,0,5758,0,0,2469[CR],614079640
Z,0,0,5758,0,0,2470[CR],614080093
Z,0,0,5758,0,0,2472[CR],614080578
Z,0,0,5758,0,0,2472[CR],614081156
Z,0,0,5758,0,240,2472[CR],614081609
Z,0,0,5758,0,0,2472[CR],614082062
Z,0,0,5758,0,0,2471[CR],614082625
Z,0,0,5758,0,0,2471[CR],614083078
Z,0,0,5758,0,0,2472[CR],614083640
Z,0,0,5758,0,0,2473[CR],614084109
Z,0,0,5758,0,0,2471[CR],614084578
Z,0,0,5758,0,0,2472[CR],614085140
Z,0,0,5758,0,0,2472[CR],614085609
Z,0,0,5758,0,0,2472[CR],614086062
Z,0,0,5758,0,0,2472[CR],614086640
Z,0,0,5758,0,0,2473[CR],614087078
Z,0,0,5758,0,0,2472[CR],614087546
Z,0,0,5758,0,0,2472[CR],614088109
Z,0,0,5758,0,0,2472[CR],614088578
Z,0,0,5758,0,0,2472[CR],614089125
Z,0,0,5758,0,0,2468[CR],614089578
Z,0,0,5758,0,1,2466[CR],614090140
Z,0,0,5758,0,0,2452[CR],614090593
Z,0,0,5758,0,0,2469[CR],614091046
Z,0,0,5758,0,0,2469[CR],614091625
Z,0,0,5758,0,0,2470[CR],614092078
Z,0,0,5758,0,0,2471[CR],614092640
Z,0,0,5758,0,0,2469[CR],614093093
Z,0,0,5758,0,0,2470[CR],614093546
Z,0,0,5758,0,0,2471[CR],614094093
Z,0,0,5758,0,0,2469[CR],614094546
Z,0,0,5758,0,0,2471[CR],614095109
Z,0,0,5758,0,0,2471[CR],614095546
Z,0,0,5758,0,0,2471[CR],614096140
Z,0,0,5758,0,0,2473[CR],614096593
Z,0,0,5758,0,0,2474[CR],614097046
Z,0,0,5758,0,0,2476[CR],614097609
Z,0,0,5758,0,0,2480[CR],614098062
Z,0,0,5758,0,0,2487[CR],614098625
Z,0,0,5758,0,0,2478[CR],614099078
Z,0,0,5758,39,0,2482[CR],614099531
Z,0,0,5758,36,0,2480[CR],614100109
Z,0,0,5758,39,0,2478[CR],614100562
Z,0,0,5758,35,0,2480[CR],614101031
Z,0,0,5758,5,181,2804[CR],614101484
F,17870,14557,5758,2,14,3886[CR],614101937
C,19380,952,5758,1,80,3958[CR],614102265
F,17882,14710,5758,0,68,3947[CR],614102703
C,19416,944,5758,0,0,3941[CR],614103031
F,17864,14708,5758,0,0,3935[CR],614103484
A,34904,17862,5758,0,0,3940[CR],614103828
F,17848,14707,5758,0,0,3950[CR],614104281
C,19416,926,5758,0,2,3945[CR],614104609
F,17858,14705,5758,0,0,3941[CR],614105078
C,19416,940,5758,0,265,3960[CR],614105421
F,17852,14708,5758,0,264,3972[CR],614105765
C,19422,942,5758,0,277,3969[CR],614106234
F,17846,14707,5758,0,272,3968[CR],614106578
C,19420,934,5758,0,251,3967[CR],614107031
F,17846,14706,5758,0,253,3964[CR],614107375
C,19418,920,5758,0,272,3963[CR],614107718
F,17842,14704,5758,0,274,3962[CR],614108171
C,19416,940,5758,0,264,3960[CR],614108531
F,17840,14703,5758,0,262,3960[CR],614109000
C,19412,930,5758,11,305,4092[CR],614109343
F,17838,14700,5758,29,294,5359[CR],614109687
A,34876,17866,5758,31,290,5922[CR],614110140
F,17852,15441,5767,25,331,6235[CR],614110484
C,20026,916,5776,25,400,7136[CR],614110953
F,17904,16938,5787,31,520,8079[CR],614111296
C,24502,924,5800,31,521,8237[CR],614111640
F,15851,17926,5813,35,526,8289[CR],614112093
C,27488,910,5826,38,524,8322[CR],614112453
F,12737,18072,5839,36,524,8360[CR],614112906
C,28768,934,5852,35,529,8421[CR],614113250
F,11431,18220,5865,36,526,8430[CR],614113593
C,29512,944,5879,35,518,8395[CR],614114046
F,11494,16353,5892,34,522,8425[CR],614114390
C,29264,942,5905,34,520,8432[CR],614114843
F,11809,15470,5918,35,519,8439[CR],614115187
C,29760,948,5931,33,520,8420[CR],614115531
F,12126,14854,5944,35,520,8419[CR],614116000
A,34904,12346,5957,33,520,8434[CR],614116343
F,12432,14639,5970,32,521,8480[CR],614116812
C,31680,992,5984,32,519,8502[CR],614117156
F,12791,14755,5997,32,519,8513[CR],614117500
C,31840,994,6010,31,523,8506[CR],614117953
F,13162,14593,6023,32,522,8481[CR],614118296
C,31912,1012,6036,32,521,8451[CR],614118640
F,13534,14900,6049,30,521,8427[CR],614119093
C,31072,1016,6063,32,521,8414[CR],614119437
F,14039,14428,6075,32,519,8410[CR],614119890
C,30176,1010,6088,27,518,8427[CR],614120218
F,14542,14320,6102,30,516,8445[CR],614120671
C,29924,1012,6115,33,516,8414[CR],614121015
F,15104,14000,6128,36,519,8420[CR],614121484
C,29400,1012,6142,38,515,8432[CR],614121828
F,15650,14017,6155,33,517,8445[CR],614122171
A,34884,15998,6168,35,518,8445[CR],614122640
F,16145,14018,6181,36,519,8425[CR],614122984
C,28444,1014,6195,36,516,8368[CR],614123437
F,16552,14234,6208,33,519,8340[CR],614123781
C,27648,1012,6221,35,515,8347[CR],614124125
F,17132,14202,6234,33,515,8347[CR],614124578
C,27280,1022,6248,34,515,8362[CR],614124921
F,17558,14379,6261,34,516,8353[CR],614125375
C,27200,1022,6274,31,516,8353[CR],614125718
F,17774,14410,6287,33,520,8355[CR],614126156
C,27240,1040,6300,33,517,8341[CR],614126500
F,17886,14390,6313,30,517,8370[CR],614126953
C,27516,1040,6326,32,518,8410[CR],614127296
F,17858,14307,6339,33,514,8453[CR],614127640
C,28328,1052,6352,31,516,8478[CR],614128093
F,17782,13983,6365,30,518,8522[CR],614128437
A,34880,17744,6378,31,513,8538[CR],614128906
F,17892,13692,6391,28,520,8589[CR],614129250
C,29564,1064,6404,29,517,8611[CR],614129593
F,17876,13552,6417,35,514,8637[CR],614130046
C,29692,1074,6430,35,517,8663[CR],614130390
F,17746,13596,6443,36,511,8662[CR],614130843
C,29548,1072,6456,36,515,8667[CR],614131187
F,17816,13600,6469,36,515,8693[CR],614131656
C,29336,1070,6482,35,517,8736[CR],614132000
F,17368,13762,6495,36,512,8760[CR],614132343
C,29000,1086,6508,34,514,8817[CR],614132812
F,17912,13931,6521,34,513,8864[CR],614133156
C,29028,1070,6534,35,509,8932[CR],614133609
F,17962,13958,6547,34,514,8980[CR],614133953
C,29064,1068,6559,34,513,9017[CR],614134296
F,17992,14083,6572,35,512,9041[CR],614134765
A,34900,17932,6585,32,512,9069[CR],614135109
F,17902,14104,6598,35,512,9084[CR],614135609
C,28624,1074,6611,34,512,9095[CR],614135921
F,17960,13978,6624,33,510,9101[CR],614136265
C,28244,1068,6636,32,510,9112[CR],614136718
F,17988,13739,6649,35,510,9140[CR],614137062
C,27996,1074,6662,33,515,9146[CR],614137515
F,17928,13821,6675,33,508,9168[CR],614137859
C,27664,1092,6687,34,509,9186[CR],614138203
F,18006,13747,6700,32,511,9217[CR],614138671
C,27612,1106,6713,32,513,9206[CR],614139000
F,18102,13740,6725,34,511,9220[CR],614139343
C,27612,1106,6738,34,513,9223[CR],614139796
F,18020,13684,6751,32,514,9222[CR],614140140
C,27416,1098,6764,34,508,9205[CR],614140609
F,18080,13750,6777,32,511,9204[CR],614140953
A,34888,18054,6790,34,512,9187[CR],614141406
F,18046,13798,6802,33,510,9204[CR],614141734
C,27164,1106,6816,33,512,9186[CR],614142203
F,18126,13689,6829,33,513,9154[CR],614142578
C,27100,1132,6842,36,515,9147[CR],614142890
F,18104,13596,6854,32,514,9140[CR],614143328
C,27104,1106,6868,32,511,9143[CR],614143671
F,17922,13675,6880,30,508,9127[CR],614144140
C,27040,1112,6893,32,511,9102[CR],614144484
F,18144,13646,6906,31,511,9074[CR],614144828
C,26992,1130,6920,31,511,9065[CR],614145281
F,18164,13682,6932,30,510,9072[CR],614145609
C,27144,1140,6945,31,513,9086[CR],614146078
F,18214,13727,6958,32,510,9092[CR],614146421
C,27740,1150,6970,28,512,9123[CR],614146890
F,18198,13734,6983,30,510,9161[CR],614147234
A,34892,18158,6996,31,514,9195[CR],614147578
F,18198,13784,7009,27,507,9234[CR],614147968
C,29572,1168,7021,30,507,9307[CR],614148375
F,18198,13767,7034,30,503,9371[CR],614148781
C,31000,1164,7046,28,503,9436[CR],614149171
F,18214,13641,7058,27,504,9495[CR],614149515
C,32676,1178,7069,27,506,9558[CR],614149984
F,18164,13698,7081,27,504,9591[CR],614150328
C,33496,1188,7092,27,500,9625[CR],614150781
F,18106,13787,7102,28,501,9634[CR],614151125
C,33848,1180,7114,30,499,9638[CR],614151468
F,18040,14139,7124,26,500,9609[CR],614151921
C,32968,1190,7136,26,503,9577[CR],614152265
F,17876,13836,7147,27,503,9539[CR],614152734
C,31724,1168,7159,28,502,9516[CR],614153078
F,17808,14091,7171,30,505,9469[CR],614153421
A,34916,18336,7183,30,504,9449[CR],614153890
F,18302,14506,7196,33,507,9430[CR],614154234
C,29340,1226,7208,31,510,9393[CR],614154703
F,18290,15100,7221,30,513,9381[CR],614155093
C,28788,1218,7234,30,515,9410[CR],614155406
F,18244,15231,7246,31,511,9437[CR],614155859
C,29296,1232,7258,30,510,9448[CR],614156203
F,18224,15386,7271,30,509,9478[CR],614156546
C,29316,1238,7283,30,507,9498[CR],614157000
F,18180,15551,7295,29,512,9533[CR],614157343
C,29948,1266,7306,29,505,9562[CR],614157812
F,17952,15214,7318,30,505,9585[CR],614158156
C,30612,1264,7329,30,505,9591[CR],614158500
F,17840,14756,7341,33,506,9573[CR],614158953
C,31172,1268,7353,32,502,9583[CR],614159312
F,18248,15590,7364,32,500,9593[CR],614159765
A,34924,18224,7375,24,499,9580[CR],614160109
F,18298,14215,7387,28,503,9565[CR],614160453
C,30872,1254,7398,27,500,9575[CR],614160906
F,18412,13901,7410,27,503,9586[CR],614161250
C,30560,1274,7421,28,499,9544[CR],614161703
F,18348,13537,7432,30,505,9537[CR],614162046
C,29824,1290,7446,33,507,9477[CR],614162500
F,18252,13525,7459,33,511,9423[CR],614162843
C,28760,1280,7472,33,511,9347[CR],614163187
F,18352,13612,7485,33,512,9284[CR],614163640
C,26700,1280,7498,33,505,9224[CR],614164000
F,18406,13630,7512,33,513,9166[CR],614164468
C,24632,1264,7525,32,508,9111[CR],614164812
F,18452,13855,7539,29,508,9077[CR],614165156
C,23152,1266,7552,27,511,9070[CR],614165625
F,18288,14377,7565,30,508,9077[CR],614165968
A,34916,18586,7578,35,504,9063[CR],614166296
F,18506,15427,7591,29,507,9091[CR],614166734
C,23064,1310,7603,26,502,9207[CR],614167171
F,16550,16468,7616,30,505,9255[CR],614167546
C,23774,1310,7629,34,512,9268[CR],614167859
F,14029,16930,7641,27,504,9295[CR],614168312
C,24128,1322,7654,34,511,9329[CR],614168687
F,13636,17024,7667,36,512,9313[CR],614169140
C,24020,1318,7680,35,511,9331[CR],614169484
F,14360,16884,7692,28,512,9394[CR],614169828
C,23634,1326,7704,25,504,9407[CR],614170281
F,15382,17008,7716,29,502,9442[CR],614170625
C,23126,1322,7729,25,508,9400[CR],614171078
F,16516,17040,7741,25,510,9445[CR],614171453
C,22516,1310,7754,26,502,9468[CR],614171812
F,17580,17222,7757,3,1,9435[CR],614172265
A,34932,18252,7757,1,0,9359[CR],614172593
F,18448,17902,7757,0,0,9345[CR],614172953
C,20512,1324,7757,0,0,9336[CR],614173406
F,18842,18076,7757,0,0,9328[CR],614173750
C,20362,1322,7757,0,0,9321[CR],614174187
F,18934,18138,7757,0,0,9319[CR],614174546
C,20268,1328,7757,0,0,9314[CR],614174890
F,18936,18186,7757,0,5,9312[CR],614175343
C,20202,1336,7757,0,0,9359[CR],614175703
F,18910,18210,7757,0,0,9666[CR],614176156
C,20146,1326,7757,0,0,9669[CR],614176609
Z,0,0,7757,0,0,9533[CR],614176953
C,20076,1320,7757,0,0,9160[CR],614177296
F,18852,18252,7757,0,0,9166[CR],614177640
C,20100,1330,7757,0,0,9170[CR],614178109
F,18824,18246,7757,0,0,9080[CR],614178453
A,34944,18798,7757,0,0,8360[CR],614178921
F,18788,18238,7757,0,0,7412[CR],614179250
C,19890,1330,7757,0,4,6234[CR],614179609
F,18772,17962,7757,0,48,5681[CR],614180062
C,19664,1324,7757,0,0,4362[CR],614180531
Z,0,0,7757,0,0,2623[CR],614180984
Z,0,0,7757,0,0,2472[CR],614181593
Z,0,0,7757,0,0,2475[CR],614182046
Z,0,0,7757,0,0,2473[CR],614182500
Z,0,0,7757,0,0,2472[CR],614183062
Z,0,0,7757,0,0,2472[CR],614183515
Z,0,0,7757,0,0,2473[CR],614184062
Z,0,0,7757,0,0,2475[CR],614184531
Z,0,0,7757,0,0,2470[CR],614184984
Z,0,0,7757,0,0,2472[CR],614185562
Z,0,0,7757,0,0,2472[CR],614186031
Z,0,0,7757,0,0,2469[CR],614186500
Z,0,0,7757,0,0,2471[CR],614187078
Z,0,0,7757,0,0,2472[CR],614187531
Z,0,0,7757,0,0,2472[CR],614187984
Z,0,0,7757,0,0,2471[CR],614188546
Z,0,0,7757,0,0,2472[CR],614189000
Z,0,0,7757,0,0,2472[CR],614189562
Z,0,0,7757,0,0,2473[CR],614190015
Z,0,0,7757,0,2,2474[CR],614190468
Z,0,0,7757,0,339,2474[CR],614191046
Z,0,0,7757,0,0,2472[CR],614191484
Z,0,0,7757,0,0,2473[CR],614192062
Z,0,0,7757,0,0,2472[CR],614192515
Z,0,0,7757,0,0,2472[CR],614192968
Z,0,0,7757,0,0,2472[CR],614193546
Z,0,0,7757,0,0,2472[CR],614194000
Z,0,0,7757,0,0,2473[CR],614194562
Z,0,0,7757,0,0,2473[CR],614195000
Z,0,0,7757,0,0,2454[CR],614195562
Z,0,0,7757,0,0,2467[CR],614196031
Z,0,0,7757,0,0,2471[CR],614196484
Z,0,0,7757,0,0,2471[CR],614197062
Z,0,0,7757,0,0,2472[CR],614197531
Z,0,0,7757,0,0,2472[CR],614197984
Z,0,0,7757,0,0,2472[CR],614198562
Z,0,0,7757,0,0,2472[CR],614199000
Z,0,0,7757,0,0,2472[CR],614199546
Z,0,0,7757,0,0,2471[CR],614200015
Z,0,0,7757,0,0,2472[CR],614200562
Z,0,0,7757,0,0,2471[CR],614201015
Z,0,0,7757,0,0,2468[CR],614201593
Z,0,0,7757,0,0,2474[CR],614202046
Z,0,0,7757,0,0,2477[CR],614202500
Z,0,0,7757,0,0,2477[CR],614203062
Z,0,0,7757,0,0,2493[CR],614203515
Z,0,0,7757,2,0,2478[CR],614204093
Z,0,0,7757,43,0,2482[CR],614204546
Z,0,0,7757,44,0,2478[CR],614205000
Z,0,0,7757,36,0,2478[CR],614205562
Z,0,0,7757,39,0,2477[CR],614206031
Z,0,0,7757,17,0,2530[CR],614206484
Z,0,0,7757,16,0,3644[CR],614206593
C,17974,1322,7757,7,0,4703[CR],614206937
F,18696,15535,7757,1,0,4675[CR],614207390
C,18066,1328,7757,1,0,4640[CR],614207734
F,18698,15565,7757,0,0,4628[CR],614208312
Z,0,0,7757,0,0,4616[CR],614208531
F,18694,15558,7757,0,0,4613[CR],614209000
C,18056,1318,7757,0,0,4609[CR],614209453
Z,0,0,7757,0,0,4603[CR],614209906
Z,0,0,7757,0,0,4598[CR],614210125
F,18680,15541,7757,0,72,4622[CR],614210468
C,18044,1326,7757,0,0,4632[CR],614210921
F,18686,15539,7757,0,1,4631[CR],614211281
C,18042,1322,7757,0,58,4626[CR],614211625
F,18684,15531,7757,0,92,4623[CR],614212078
C,18036,1322,7757,0,4,4619[CR],614212421
F,18688,15523,7757,0,0,4616[CR],614212890
C,18032,1330,7757,0,76,4615[CR],614213234
F,18684,15515,7757,0,5,4612[CR],614213578
C,18026,1332,7757,0,87,4610[CR],614214031
F,18688,15508,7757,0,50,4608[CR],614214375
C,18020,1328,7757,24,68,4783[CR],614214828
F,18692,15506,7757,26,4,5662[CR],614215203
C,18062,1310,7757,29,21,5990[CR],614215546
F,18704,15779,7758,23,175,6475[CR],614216015
A,34996,18704,7766,22,214,7532[CR],614216359
F,18704,16646,7775,27,480,8743[CR],614216703
C,18794,1328,7785,24,492,9283[CR],614217171
F,18204,17558,7795,25,493,9341[CR],614217515
C,21894,1326,7805,24,492,9380[CR],614217968
F,18672,17562,7814,28,494,9383[CR],614218312
C,21752,1334,7824,20,491,9363[CR],614218671
F,18964,17722,7834,23,490,9375[CR],614219140
C,21996,1326,7844,25,485,9361[CR],614219500
F,19202,17732,7853,25,488,9374[CR],614219843
C,22672,1350,7863,21,486,9372[CR],614220296
F,18758,17610,7872,24,483,9397[CR],614220625
C,24020,1348,7881,22,484,9434[CR],614221078
F,16942,17912,7889,21,472,9448[CR],614221437
C,24976,1352,7892,3,179,9430[CR],614221781
F,14338,18016,7892,1,77,9063[CR],614222218
A,35008,15294,7892,0,156,7034[CR],614222562
F,16029,17976,7892,0,194,4942[CR],614223015
C,22618,1350,7892,0,520,1680[CR],614223359
F,17908,12720,7892,0,490,35544[CR],614223796
C,10362,1332,7892,0,2,35544[CR],614224140
F,14043,12674,7892,0,0,35544[CR],614224609
C,10302,1318,7892,38,270,35544[CR],614224953
F,16133,12677,7892,147,524,3085[CR],614225296
C,10746,1330,7892,206,536,6170[CR],614225750
F,16257,13867,7941,206,526,7810[CR],614226125
C,21438,1352,8019,206,531,8079[CR],614226500
F,13881,13011,8076,41,510,7989[CR],614226953
C,20530,1348,8078,3,40,7844[CR],614227312
F,16036,15531,8078,1,5,7834[CR],614227640
C,18366,1380,8078,0,231,7064[CR],614228109
F,17432,15563,8078,0,266,3415[CR],614228453
A,34996,17962,8078,0,14,2197[CR],614228906
F,18102,13229,8078,0,70,2271[CR],614229265
C,16720,1386,8078,0,70,2312[CR],614229578
F,18558,13146,8078,0,0,2334[CR],614230046
C,16730,1396,8078,0,0,2337[CR],614230390
F,18738,13098,8078,0,0,2337[CR],614230859
C,16722,1374,8078,0,0,2338[CR],614231203
F,18822,13071,8078,0,0,2338[CR],614231546
C,16708,1396,8078,0,0,2337[CR],614231984
F,18854,13058,8078,12,127,2368[CR],614232343
C,16694,1382,8078,13,177,3033[CR],614232812
F,18870,13073,8078,16,220,4231[CR],614233140
C,16762,1378,8078,30,125,5412[CR],614233578
F,18884,13355,8078,28,156,5837[CR],614233921
C,17040,1394,8078,21,210,6270[CR],614234359
F,18874,13587,8078,24,442,7320[CR],614234703
A,35052,18898,8090,38,499,8053[CR],614235062
F,18472,15051,8103,34,502,8161[CR],614235531
C,21076,1378,8116,35,503,8220[CR],614235875
F,17894,15319,8129,38,500,8276[CR],614236234
C,22198,1384,8142,35,501,8277[CR],614236687
F,14685,15341,8156,36,504,8282[CR],614237015
C,22374,1394,8169,36,501,8252[CR],614237468
F,13812,14893,8182,34,501,8234[CR],614237796
C,22302,1396,8195,35,500,8213[CR],614238265
F,14619,14499,8208,35,502,8194[CR],614238609
C,22324,1412,8222,32,499,8158[CR],614239062
F,15732,15024,8235,33,504,8180[CR],614239406
C,22730,1426,8248,34,500,8189[CR],614239750
F,16868,15474,8261,30,498,8202[CR],614240203
C,23214,1434,8274,32,503,8233[CR],614240546
F,17844,16049,8287,33,501,8233[CR],614241015
A,35036,18278,8300,32,502,8249[CR],614241359
F,18406,16558,8313,29,504,8284[CR],614241703
C,23432,1444,8326,33,500,8294[CR],614242156
F,18688,16552,8339,33,505,8317[CR],614242515
C,23136,1456,8353,32,505,8288[CR],614242937
F,18948,16315,8366,28,499,8272[CR],614243296
C,22676,1462,8379,29,502,8264[CR],614243734
F,19164,16213,8392,36,503,8280[CR],614244093
C,22250,1446,8405,36,499,8256[CR],614244437
F,19286,16013,8419,36,499,8245[CR],614244906
C,21896,1458,8432,34,500,8222[CR],614245234
F,19354,15643,8445,36,496,8216[CR],614245687
C,21706,1458,8458,34,502,8237[CR],614246015
F,19332,15409,8471,35,497,8263[CR],614246468
C,21684,1460,8484,34,498,8280[CR],614246828
F,19252,15467,8497,35,500,8297[CR],614247265
A,35012,19232,8511,34,497,8322[CR],614247609
F,19192,15594,8523,33,496,8372[CR],614247968
C,22800,1464,8536,32,496,8431[CR],614248421
F,18568,15931,8549,35,496,8490[CR],614248796
C,23528,1456,8562,33,497,8534[CR],614249140
F,18172,16312,8575,34,498,8584[CR],614249609
C,23990,1466,8588,32,498,8624[CR],614249953
F,16936,16732,8601,34,499,8678[CR],614250312
C,24286,1468,8614,32,497,8719[CR],614250765
F,17266,16812,8627,32,502,8760[CR],614251093
C,24560,1462,8639,33,499,8745[CR],614251562
F,17926,17256,8653,33,499,8756[CR],614251906
C,24876,1466,8666,32,500,8757[CR],614252359
F,18018,17584,8679,30,501,8778[CR],614252703
C,24796,1456,8692,31,499,8789[CR],614253046
F,17176,17530,8705,32,500,8762[CR],614253515
A,35092,17352,8718,32,500,8730[CR],614253890
F,17546,17050,8732,31,496,8708[CR],614254203
C,23734,1460,8745,32,497,8736[CR],614254656
F,18292,16830,8758,34,496,8762[CR],614255000
C,23468,1454,8771,36,494,8790[CR],614255468
F,18756,16303,8784,35,495,8837[CR],614255812
C,23498,1470,8797,34,496,8886[CR],614256250
F,19000,15766,8810,36,493,8914[CR],614256609
C,23708,1466,8823,35,494,8925[CR],614256968
F,19102,15219,8836,36,491,8949[CR],614257437
C,23726,1468,8849,35,492,8976[CR],614257765
F,19094,15025,8862,35,494,9002[CR],614258125
C,23476,1460,8876,35,495,8969[CR],614258578
F,19138,14868,8889,33,493,8923[CR],614258906
C,23106,1472,8902,34,494,8910[CR],614259375
F,19138,14870,8915,35,493,8916[CR],614259703
A,35056,19196,8928,35,491,8949[CR],614260156
F,19198,15026,8941,34,493,8982[CR],614260515
C,22372,1496,8954,33,495,9009[CR],614260875
F,19286,15308,8967,32,495,9016[CR],614261328
C,22230,1512,8980,33,495,9026[CR],614261687
F,19456,15501,8993,32,489,9039[CR],614262031
C,22216,1508,9006,33,493,9081[CR],614262468
F,19394,15678,9020,33,491,9071[CR],614262812
C,22108,1512,9033,34,494,9039[CR],614263265
F,19434,15799,9046,32,492,9011[CR],614263609
C,21608,1520,9059,30,489,8986[CR],614264078
F,19806,16044,9073,27,488,8963[CR],614264421
C,21034,1516,9085,32,490,8966[CR],614264765
F,20158,16313,9098,29,489,9019[CR],614265218
C,20950,1510,9111,32,480,9045[CR],614265562
F,20276,16716,9124,31,489,9089[CR],614266031
A,35060,19696,9137,38,487,9127[CR],614266375
F,19250,17008,9150,36,488,9157[CR],614266703
C,21956,1524,9163,35,487,9179[CR],614267171
F,17654,17216,9176,35,489,9202[CR],614267531
C,22114,1520,9189,36,487,9236[CR],614267890
F,17600,16902,9201,34,484,9324[CR],614268343
C,22434,1522,9214,34,486,9371[CR],614268687
F,18568,16772,9226,34,486,9435[CR],614269046
C,23328,1512,9238,33,483,9479[CR],614269484
F,19062,16830,9250,32,479,9530[CR],614269859
C,24296,1514,9262,27,485,9560[CR],614270312
F,17678,17132,9273,27,480,9613[CR],614270671
C,25112,1522,9284,25,477,9662[CR],614271000
F,17032,16790,9294,25,478,9692[CR],614271453
C,25480,1522,9303,22,467,9714[CR],614271781
F,18032,16704,9311,19,470,9733[CR],614272234
A,35068,18466,9319,22,467,9731[CR],614272593
F,18610,16874,9327,23,469,9723[CR],614273031
C,26016,1526,9335,19,468,9748[CR],614273375
F,19032,17196,9344,22,467,9757[CR],614273734
C,26060,1520,9352,22,465,9763[CR],614274187
F,18790,17526,9360,19,468,9770[CR],614274546
C,26004,1526,9368,21,468,9777[CR],614275000
F,18310,17800,9375,15,464,9784[CR],614275343
C,25940,1530,9383,19,465,9780[CR],614275687
F,18210,17870,9391,20,460,9777[CR],614276125
C,25736,1522,9398,16,448,9777[CR],614276484
F,18548,18046,9404,16,451,9774[CR],614276921
C,25496,1514,9410,14,450,9761[CR],614277265
F,18882,18422,9416,16,454,9756[CR],614277734
C,25268,1538,9422,15,446,9760[CR],614278078
F,19026,18734,9428,15,450,9788[CR],614278531
A,35084,19158,9431,8,379,9786[CR],614278875
F,19146,18996,9434,6,383,9784[CR],614279234
C,24604,1526,9436,6,386,9784[CR],614279687
F,19384,19172,9438,5,387,9790[CR],614280062
C,24528,1568,9440,5,366,9782[CR],614280406
F,19422,19284,9442,3,336,9776[CR],614280875
C,24392,1536,9443,2,278,9772[CR],614281218
F,19486,19388,9444,2,248,9773[CR],614281546
C,24110,1550,9444,2,211,9768[CR],614282015
F,19548,19480,9445,1,0,9752[CR],614282359
C,24002,1552,9445,0,0,9717[CR],614282796
F,19588,19576,9445,0,0,9700[CR],614283265
Z,0,0,9445,0,0,9686[CR],614283500
F,19602,19650,9445,0,0,9679[CR],614284046
Z,0,0,9445,0,0,9672[CR],614284296
F,19594,19692,9445,0,0,9628[CR],614284859
Z,0,0,9445,0,0,8750[CR],614285109
F,19566,19702,9445,0,0,7138[CR],614285453
C,22834,1554,9445,0,30,5700[CR],614285906
F,19570,19440,9445,0,366,2230[CR],614286250
C,22278,1542,9445,0,505,35544[CR],614286687
F,19770,12670,9445,0,495,35544[CR],614287015
C,9005,1580,9445,0,0,35544[CR],614287484
F,13952,12677,9445,0,95,35544[CR],614287828
C,9782,1570,9445,129,450,3215[CR],614288187
F,14854,12678,9445,206,529,6484[CR],614288625
C,12594,1584,9480,129,523,8065[CR],614288984
F,22318,14731,9496,7,83,8213[CR],614289437
C,23454,1542,9496,1,0,8105[CR],614289765
F,18312,14560,9496,1,0,8101[CR],614290218
C,21582,1544,9496,0,260,6588[CR],614290546
F,19152,14656,9496,0,527,2254[CR],614291015
A,35088,19274,9496,0,7,35544[CR],614291343
F,13891,12679,9496,0,0,35544[CR],614291796
C,11220,1578,9496,0,0,35544[CR],614292140
F,15002,12682,9496,0,0,35544[CR],614292593
C,11255,1580,9496,0,0,35544[CR],614292937
F,16034,12682,9496,0,0,35544[CR],614293296
C,11265,1584,9496,0,0,35544[CR],614293734
F,16952,12683,9496,0,0,35544[CR],614294078
C,11270,1582,9496,0,0,35544[CR],614294515
F,17724,12682,9496,11,181,2083[CR],614294859
C,11273,1578,9496,5,204,2855[CR],614295296
F,18304,12683,9496,10,253,3525[CR],614295640
C,11449,1580,9496,18,246,4598[CR],614296078
F,18678,12683,9496,30,159,5339[CR],614296406
C,11832,1586,9496,28,188,5732[CR],614296875
F,18560,12684,9496,19,456,6133[CR],614297203
A,35108,18014,9496,26,475,6542[CR],614297562
F,22752,13088,9496,24,464,6944[CR],614298031
C,15150,1582,9496,27,472,7411[CR],614298375
F,19696,13204,9504,32,480,7766[CR],614298734
C,21562,1564,9516,34,490,7982[CR],614299171
F,19538,13191,9529,34,492,8091[CR],614299546
C,22734,1558,9542,34,494,8170[CR],614300000
F,19554,13650,9554,35,492,8261[CR],614300343
C,22712,1606,9567,35,493,8343[CR],614300703
F,19592,14385,9579,35,492,8440[CR],614301140
C,22734,1610,9591,36,496,8517[CR],614301484
F,19628,14756,9605,36,499,8534[CR],614301921
C,22900,1606,9618,35,494,8572[CR],614302265
F,19588,15273,9631,35,496,8604[CR],614302703
C,23052,1596,9644,34,496,8612[CR],614303031
F,19556,16175,9656,35,496,8646[CR],614303484
A,35100,19494,9670,35,499,8669[CR],614303812
F,19448,16217,9683,36,501,8666[CR],614304281
C,22910,1602,9696,35,499,8649[CR],614304625
F,19708,15879,9709,34,496,8666[CR],614305078
C,22648,1620,9722,33,498,8689[CR],614305421
F,19932,16007,9735,35,497,8722[CR],614305765
C,22624,1614,9748,34,497,8734[CR],614306218
F,19882,16157,9757,7,264,8734[CR],614306562
C,23110,1620,9757,1,0,8615[CR],614307031
F,20056,16576,9757,1,0,8588[CR],614307359
C,21786,1624,9757,0,0,8572[CR],614307828
F,19970,16752,9757,0,0,8562[CR],614308171
C,21624,1618,9757,0,0,8552[CR],614308531
F,19872,16812,9757,0,0,8544[CR],614308968
C,21578,1612,9757,0,0,8536[CR],614309296
F,19828,16846,9757,0,0,8685[CR],614309875
Z,0,0,9757,0,0,8901[CR],614310109
F,19792,16864,9757,0,0,8905[CR],614310578
Z,0,0,9758,0,0,8621[CR],614311140
Z,0,0,9758,0,0,8496[CR],614311609
Z,0,0,9758,0,0,8027[CR],614311718
F,19776,16918,9758,0,153,6311[CR],614312078
C,21212,1622,9758,0,0,5303[CR],614312531
Z,0,0,9758,0,0,2910[CR],614313093
Z,0,0,9758,0,0,2476[CR],614313546
Z,0,0,9758,0,0,2477[CR],614314015
Z,0,0,9758,0,0,2479[CR],614314578
Z,0,0,9758,0,0,2479[CR],614315046
Z,0,0,9758,0,0,2478[CR],614315625
Z,0,0,9758,0,0,2478[CR],614316078
Z,0,0,9758,0,0,2478[CR],614316531
Z,0,0,9758,0,0,2477[CR],614317109
Z,0,0,9758,0,0,2474[CR],614317562
Z,0,0,9758,0,0,2472[CR],614318015
Z,0,0,9758,0,0,2474[CR],614318593
Z,0,0,9758,0,0,2475[CR],614319031
Z,0,0,9758,0,22,2478[CR],614319625
Z,0,0,9758,0,106,2476[CR],614320093
Z,0,0,9758,0,0,2475[CR],614320546
Z,0,0,9758,0,0,2473[CR],614321109
Z,0,0,9758,0,0,2476[CR],614321578
Z,0,0,9758,0,0,2474[CR],614322015
Z,0,0,9758,0,0,2475[CR],614322578
Z,0,0,9758,0,0,2475[CR],614323046
Z,0,0,9758,0,0,2474[CR],614323609
Z,0,0,9758,0,0,2475[CR],614324078
Z,0,0,9758,0,0,2476[CR],614324546
Z,0,0,9758,0,0,2477[CR],614325109
Z,0,0,9758,0,0,2477[CR],614325578
Z,0,0,9758,0,0,2476[CR],614326046
Z,0,0,9758,0,0,2475[CR],614326625
Z,0,0,9758,0,0,2478[CR],614327078
Z,0,0,9758,0,0,2480[CR],614327531
Z,0,0,9758,0,0,2454[CR],614328109
Z,0,0,9758,0,0,2471[CR],614328578
Z,0,0,9758,0,0,2472[CR],614329046
Z,0,0,9758,0,0,2472[CR],614329515
Z,0,0,9758,0,0,2472[CR],614330062
Z,0,0,9758,0,0,2473[CR],614330531
Z,0,0,9758,0,0,2474[CR],614331093
Z,0,0,9758,0,0,2473[CR],614331562
Z,0,0,9758,0,0,2473[CR],614332015
Z,0,0,9758,0,0,2472[CR],614332609
Z,0,0,9758,0,0,2473[CR],614333046
Z,0,0,9758,0,0,2473[CR],614333625
Z,0,0,9758,0,0,2469[CR],614334093
Z,0,0,9758,0,0,2476[CR],614334531
Z,0,0,9758,0,0,2479[CR],614335093
Z,0,0,9758,0,0,2478[CR],614335562
Z,0,0,9758,0,165,2480[CR],614336000
Z,0,0,9758,0,0,2497[CR],614336578
Z,0,0,9758,73,0,2486[CR],614337046
Z,0,0,9758,103,0,2481[CR],614337609
Z,0,0,9758,68,62,2477[CR],614338062
Z,0,0,9758,26,0,2799[CR],614338531
Z,0,0,9758,2,0,4467[CR],614339109
Z,0,0,9758,1,0,4474[CR],614339546
Z,0,0,9758,0,0,4453[CR],614340015
Z,0,0,9758,0,0,4439[CR],614340609
Z,0,0,9758,0,2,4432[CR],614341062
Z,0,0,9758,0,0,4426[CR],614341515
Z,0,0,9758,0,0,4421[CR],614342093
Z,0,0,9758,0,0,4439[CR],614342546
Z,0,0,9758,0,0,4447[CR],614343125
Z,0,0,9758,0,0,4443[CR],614343562
Z,0,0,9758,0,0,4437[CR],614343671
F,19708,15386,9758,0,0,4434[CR],614344140
C,19704,1604,9758,0,0,4433[CR],614344468
F,19708,15379,9758,0,0,4431[CR],614344828
C,19698,1610,9758,0,0,4429[CR],614345281
F,19708,15375,9758,0,0,4427[CR],614345609
C,19688,1610,9758,0,0,4425[CR],614346078
F,19706,15369,9758,32,0,4905[CR],614346421
C,19682,1614,9758,31,0,5540[CR],614346890
F,19710,15478,9761,20,0,5963[CR],614347234
A,35128,19708,9769,21,111,6940[CR],614347578
F,19698,15902,9779,29,487,8173[CR],614348062
C,20126,1614,9792,34,503,8694[CR],614348421
F,18886,16280,9804,33,508,8771[CR],614348750
C,23664,1618,9817,33,509,8776[CR],614349218
F,19484,15902,9831,34,507,8809[CR],614349562
C,23940,1614,9843,32,508,8838[CR],614349906
F,19648,16130,9856,32,506,8860[CR],614350375
C,23590,1620,9869,33,507,8859[CR],614350734
F,20090,16376,9882,33,508,8862[CR],614351093
C,22782,1616,9895,33,508,8882[CR],614351546
F,20816,16544,9908,32,512,8900[CR],614351875
C,22104,1612,9921,31,510,8895[CR],614352343
F,21450,17150,9934,30,509,8954[CR],614352687
C,22252,1618,9946,30,508,9056[CR],614353046
F,20134,18434,9959,31,505,9149[CR],614353500
A,35132,17594,9971,32,504,9218[CR],614353828
F,16654,19336,9983,30,504,9260[CR],614354296
C,22900,1626,9995,30,505,9294[CR],614354640
F,14954,18914,10007,31,507,9270[CR],614355015
C,22674,1604,10019,28,508,9264[CR],614355468
F,16070,18040,10031,30,503,9271[CR],614355796
C,22896,1626,10043,32,499,9290[CR],614356265
F,17288,17312,10054,32,502,9305[CR],614356625
C,22934,1626,10065,35,504,9274[CR],614356968
F,18034,16426,10078,36,504,9204[CR],614357437
C,21672,1624,10091,35,504,9130[CR],614357781
F,19176,14974,10105,36,505,9018[CR],614358140
C,19046,1616,10118,35,504,8944[CR],614358593
F,22324,14181,10132,35,500,8905[CR],614358921
C,16436,1624,10145,36,508,8869[CR],614359390
F,26240,15211,10159,33,505,8849[CR],614359734
A,35116,29564,10172,32,512,8850[CR],614360093
F,30456,17768,10185,33,506,8850[CR],614360562
C,14369,1622,10197,32,507,8874[CR],614360921
F,36500,17612,10211,31,505,8910[CR],614361265
C,14290,1614,10223,32,505,8931[CR],614361734
F,40364,17368,10236,31,505,8956[CR],614362078
C,14624,1618,10249,33,505,8984[CR],614362406
F,39364,16160,10262,31,504,8996[CR],614362875
C,15075,1632,10275,30,502,9036[CR],614363203
F,37076,15111,10288,31,502,9068[CR],614363671
C,15403,1640,10300,28,494,9130[CR],614364031
F,37836,13458,10313,29,494,9251[CR],614364390
C,16716,1660,10324,29,488,9298[CR],614364843
F,33932,13337,10336,28,485,9385[CR],614365187
C,18994,1682,10346,27,484,9476[CR],614365531
F,27808,13657,10355,26,479,9533[CR],614365984
A,35120,23568,10365,21,479,9551[CR],614366312
F,22632,13821,10374,22,479,9550[CR],614366718
C,21572,1648,10383,22,473,9565[CR],614367125
F,20912,13955,10391,18,476,9568[CR],614367562
C,21694,1652,10399,20,476,9557[CR],614367921
F,21166,14162,10407,21,471,9550[CR],614368265
C,21612,1652,10413,11,404,9575[CR],614368703
F,21632,14604,10414,4,345,9571[CR],614369046
C,21378,1650,10415,2,223,9558[CR],614369484
F,21972,15255,10416,2,195,9556[CR],614369843
C,21324,1644,10416,1,116,9553[CR],614370312
F,21772,15558,10417,1,200,9557[CR],614370656
C,21394,1632,10418,1,190,9563[CR],614371093
F,21460,15739,10418,1,214,9566[CR],614371453
C,21460,1660,10419,1,177,9565[CR],614371796
F,21260,15863,10419,1,178,9560[CR],614372250
A,35076,21152,10420,1,65,9553[CR],614372609
F,21106,15990,10420,1,0,9547[CR],614372968
C,21428,1650,10420,0,0,9545[CR],614373421
F,21030,16112,10421,0,0,9544[CR],614373781
C,21386,1652,10421,0,0,9542[CR],614374218
F,20932,16202,10421,0,0,9541[CR],614374578
C,21382,1660,10421,0,0,9529[CR],614374937
F,20862,16279,10421,0,0,9511[CR],614375406
C,21252,1672,10421,0,0,9498[CR],614375750
F,20812,16352,10421,0,0,9487[CR],614376093
C,21122,1648,10421,0,0,9480[CR],614376687
Z,0,0,10421,0,2,9473[CR],614377125
Z,0,0,10421,0,0,9467[CR],614377250
F,20698,16472,10421,0,0,9463[CR],614377812
Z,0,0,10421,0,0,9459[CR],614378265
Z,0,0,10421,0,0,9455[CR],614378828
Z,0,0,10421,0,0,9451[CR],614379296
Z,0,0,10421,0,0,9447[CR],614379859
Z,0,0,10421,0,0,9444[CR],614380312
Z,0,0,10421,0,0,9440[CR],614380421
F,20540,16658,10421,0,0,9439[CR],614380875
Z,0,0,10421,0,0,9437[CR],614381203
F,20524,16696,10421,0,0,9437[CR],614381671
Z,0,0,10421,0,0,9434[CR],614382015
F,20506,16730,10421,0,0,9432[CR],614382453
Z,0,0,10421,0,0,9429[CR],614383015
Z,0,0,10421,0,0,9428[CR],614383468
Z,0,0,10421,0,0,9426[CR],614383578
F,20452,16802,10421,0,0,9426[CR],614384031
Z,0,0,10421,0,0,9425[CR],614384500
Z,0,0,10421,0,0,9422[CR],614385062
Z,0,0,10421,0,0,9421[CR],614385531
Z,0,0,10421,0,0,9419[CR],614386093
Z,0,0,10421,0,0,9417[CR],614386546
Z,0,0,10421,0,0,9416[CR],614387000
Z,0,0,10421,0,0,9415[CR],614387562
Z,0,0,10421,0,0,9413[CR],614388015
Z,0,0,10421,0,0,9412[CR],614388593
Z,0,0,10421,0,0,9410[CR],614389046
F,20338,17006,10421,0,0,9408[CR],614389500
Z,0,0,10421,0,0,9406[CR],614389968
Z,0,0,10421,0,0,9402[CR],614390546
Z,0,0,10421,0,0,9393[CR],614390984
A,35064,20314,10421,0,0,9386[CR],614391437
Z,0,0,10421,0,0,9376[CR],614392000
Z,0,0,10421,0,0,9368[CR],614392468
Z,0,0,10421,0,0,9359[CR],614392921
Z,0,0,10421,0,0,9351[CR],614393500
Z,0,0,10421,0,0,9341[CR],614393968
Z,0,0,10421,0,0,9333[CR],614394421
Z,0,0,10421,0,0,9326[CR],614394968
Z,0,0,10421,0,0,9316[CR],614395546
Z,0,0,10421,0,0,9309[CR],614396000
Z,0,0,10421,0,0,9300[CR],614396468
C,20448,1652,10421,0,0,9293[CR],614396921
Z,0,0,10421,0,0,9286[CR],614397484
Z,0,0,10421,0,0,9278[CR],614397609
F,20248,17220,10421,0,0,9272[CR],614398062
Z,0,0,10421,0,0,9267[CR],614398625
Z,0,0,10421,0,0,9259[CR],614399093
Z,0,0,10421,0,0,9251[CR],614399203
F,20240,17250,10421,0,0,9248[CR],614399640
Z,0,0,10421,0,0,9242[CR],614400234
Z,0,0,10421,0,0,9234[CR],614400703
Z,0,0,10421,0,0,9226[CR],614401140
Z,0,0,10421,0,0,9219[CR],614401703
Z,0,0,10421,0,0,9212[CR],614402171
Z,0,0,10421,0,0,9205[CR],614402718
Z,0,0,10421,0,0,9198[CR],614403187
Z,0,0,10421,0,0,9192[CR],614403640
Z,0,0,10421,0,0,9185[CR],614404218
Z,0,0,10421,0,0,9178[CR],614404687
Z,0,0,10421,0,0,9172[CR],614405156
Z,0,0,10421,0,0,9165[CR],614405625
Z,0,0,10421,0,0,9158[CR],614406171
Z,0,0,10421,0,0,9152[CR],614406640
Z,0,0,10421,0,0,9145[CR],614407203
Z,0,0,10421,0,4,9139[CR],614407671
Z,0,0,10421,0,0,9133[CR],614408125
Z,0,0,10421,0,0,9126[CR],614408687
Z,0,0,10421,0,0,9120[CR],614409156
Z,0,0,10421,0,0,9114[CR],614409640
Z,0,0,10421,0,0,9109[CR],614410203
Z,0,0,10421,0,0,9099[CR],614410640
Z,0,0,10421,0,0,9095[CR],614411234
Z,0,0,10421,0,0,9089[CR],614411671
Z,0,0,10421,0,0,9082[CR],614412250
Z,0,0,10421,0,0,9076[CR],614412671
Z,0,0,10421,0,0,9071[CR],614413234
Z,0,0,10421,0,0,9064[CR],614413703
Z,0,0,10421,0,0,9059[CR],614414171
Z,0,0,10421,0,0,9053[CR],614414640
Z,0,0,10421,0,0,9048[CR],614415218
Z,0,0,10421,0,0,9041[CR],614415703
Z,0,0,10421,0,0,9035[CR],614416156
Z,0,0,10421,0,0,9030[CR],614416734
Z,0,0,10421,0,0,9024[CR],614417187
Z,0,0,10421,0,0,9019[CR],614417640
Z,0,0,10421,0,0,9013[CR],614418218
Z,0,0,10421,0,0,9008[CR],614418656
Z,0,0,10421,0,0,9001[CR],614418656
F,20162,17520,10421,0,0,8996[CR],614419250
Z,0,0,10421,0,0,8995[CR],614419468
F,20162,17530,10421,0,0,8992[CR],614420046
Z,0,0,10421,0,0,8987[CR],614420515
Z,0,0,10421,0,0,8982[CR],614420953
Z,0,0,10421,0,0,8977[CR],614421515
Z,0,0,10421,0,0,8970[CR],614421968
Z,0,0,10421,0,0,8965[CR],614422437
Z,0,0,10421,0,0,8960[CR],614423015
Z,0,0,10421,0,0,8953[CR],614423484
Z,0,0,10421,0,0,8946[CR],614423953
Z,0,0,10421,0,0,8941[CR],614424500
Z,0,0,10421,0,0,8935[CR],614424968
Z,0,0,10421,0,0,8928[CR],614425437
Z,0,0,10421,0,0,8921[CR],614426000
Z,0,0,10421,0,0,8913[CR],614426468
Z,0,0,10421,0,0,8906[CR],614426921
C,20088,1660,10421,0,0,8899
<PAUSE BUTTON 09:50:21>
[CR],614427265
>
Reset interface. Wait time for interface: 47
>
Reset interface. Wait time for interface: 78DOFF
OK
>
Command: DOFF Wait time for interface: 63

>
Reset interface. Wait time for interface: 125CLEAR
OK
>
Command: CLEAR Wait time for interface: 110

<END BUTTON 09:56:08>

------------------- Begin end zero test --------------------
>
Reset interface. Wait time for interface: 31SCAN E
Z,0,0,0,0,360,2455
F,12132,12679,0,0,353,2477[CR],614776921
C,12048,7524,0,0,370,2478[CR],614777250
F,12137,12680,0,0,354,2477[CR],614777687
C,12047,7626,0,0,308,2478[CR],614778125
F,12134,12680,0,0,351,2478[CR],614778453
A,35220,12135,0,0,361,2478[CR],614778812
F,12118,12680,0,0,353,2478[CR],614779265
C,12047,7740,0,0,311,2478[CR],614779593
F,12135,12680,0,0,310,2478[CR],614780031
C,12048,7786,0,0,301,2477[CR],614780390
F,12139,12681,0,0,291,2477[CR],614780828
C,12049,7942,0,0,305,2478[CR],614781203
F,12140,12680,0,0,305,2478[CR],614781562
C,12048,7942,0,0,316,2477[CR],614782015
F,12135,12679,0,0,350,2477[CR],614782359
C,12048,7870,0,0,297,2477[CR],614782796
F,12136,12679,0,0,295,2477[CR],614783140
C,12048,7910,0,0,300,2477[CR],614783265
>
Reset interface. Wait time for interface: 78

======== END OF TEST ========


