CPT-log version: 5.22
======== BEGIN OF TEST ========
DATE 17.10.2022

<Transmited Data>
<NEW BUTTON 10:40:54>
[^C][CR]
[^C][CR]
[^C][CR]
CLEAR[CR]
[^C][CR]
DOFF[CR]
[^C][CR]
SCAN E[CR]
[^C][CR]
[^C][CR]
CLEAR[CR]

<START BUTTON 10:47:15>
[^C][CR]
[^C][CR]
DRON[CR]
SCAN E[CR]
[^G][^G][^G][^G][^G][^G][^G][^G][^G][^G][^G][^G][^G][^G][^G][^G][^G][^G][^G][^G]
<PAUSE BUTTON 10:53:22>
[^C][CR]
[^C][CR]
DOFF[CR]
[^C][CR]
CLEAR[CR]

<END BUTTON 10:58:29>
[^C][CR]
SCAN E[CR]
[^C][CR]


<Received Data>
 Sensor-Interface Version M240, Ser.No 2364            (c) GEOTECH AB 2009
>
<NEW BUTTON 10:40:54>

>
Reset interface. Wait time for interface: 31
>
Reset interface. Wait time for interface: 110
>
Reset interface. Wait time for interface: 109CLEAR
OK
>
Command: CLEAR Wait time for interface: 110

>
Reset interface. Wait time for interface: 109DOFF
OK
>
Command: DOFF Wait time for interface: 109

>
Reset interface. Wait time for interface: 62SCAN E
Z,0,0,0,0,246,2486
F,12197,12669,0,0,249,2461[CR],963139687
C,12156,10944,0,0,289,2462[CR],963140015
F,12201,12670,0,0,240,2463[CR],963140453
C,12156,10061,0,0,226,2463[CR],963140781
F,12197,12670,0,0,244,2463[CR],963141234
C,12157,10667,0,0,247,2463[CR],963141562
F,12199,12670,0,0,265,2463[CR],963142015
A,35268,12195,0,0,304,2462[CR],963142359
F,12184,12668,0,0,306,2461[CR],963142812
C,12156,10234,0,0,260,2462[CR],963143140
F,12196,12670,0,0,274,2463[CR],963143593
C,12156,10395,0,0,304,2462[CR],963143953
F,12199,12670,0,0,233,2463[CR],963144296
C,12156,10478,0,0,222,2462[CR],963144734
F,12199,12669,0,0,241,2464[CR],963145078
C,12156,10502,0,0,260,2463[CR],963145515
F,12199,12669,0,0,269,2462[CR],963145859
C,12157,10419,0,0,243,2462[CR],963146312
F,12196,12670,0,0,222,2463[CR],963146656
C,12156,10185,0,0,231,2462[CR],963147093
F,12191,12671,0,0,246,2462[CR],963147421
C,12157,10435,0,0,261,2462[CR],963147859
F,12195,12670,0,0,259,2464[CR],963148187
A,35268,12194,0,0,239,2462[CR],963148625
F,12179,12670,0,0,247,2462[CR],963149062
C,12156,10207,0,0,274,2462[CR],963149390
F,12201,12670,0,0,296,2463[CR],963149828
C,12157,10260,0,0,288,2463[CR],963149828
>
Reset interface. Wait time for interface: 47
>
Reset interface. Wait time for interface: 125CLEAR
OK
>
Command: CLEAR Wait time for interface: 109

<START BUTTON 10:47:15>

>
Reset interface. Wait time for interface: 78
>
Reset interface. Wait time for interface: 109DRON
OK
>
Command: DRON Wait time for interface: 110
SCAN E
A,35944,15321,0,0,479,5184
F,15287,15930,0,0,478,4717[CR],963442812
C,17054,642,0,0,478,4717[CR],963443140
F,15259,15914,0,0,477,4717[CR],963443578
C,17026,646,0,0,478,4719[CR],963443921
F,15219,15904,0,0,478,4716[CR],963444375
C,17000,642,0,0,478,4718[CR],963444703
F,15190,15897,0,0,478,4718[CR],963445156
C,16978,648,0,0,478,4718[CR],963445484
F,15172,15892,0,0,476,4718[CR],963445937
C,16958,642,0,0,478,4718[CR],963446265
F,15162,15891,0,0,477,4718[CR],963446718
C,16940,646,0,0,478,4717[CR],963447046
F,15150,15891,0,0,477,4718[CR],963447484
C,16926,642,0,0,477,4718[CR],963447812
F,15137,15887,0,0,476,4718[CR],963448250
A,35936,15134,0,0,478,4719[CR],963448687
F,15121,15884,0,0,477,4718[CR],963449015
C,16894,646,0,0,477,4717[CR],963449453
F,15129,15880,0,0,476,4718[CR],963449781
C,16882,648,0,0,472,4718[CR],963450218
F,15123,15878,0,0,477,4718[CR],963450546
C,16868,646,0,0,477,4718[CR],963450984
F,15123,15879,0,0,476,4718[CR],963451421
C,16858,650,0,0,476,4718[CR],963451750
F,15123,15878,0,0,476,4718[CR],963452187
C,16848,646,0,0,476,4717[CR],963452515
F,15114,15877,0,0,477,4718[CR],963452953
C,16836,656,0,0,476,4718[CR],963453281
F,15113,15879,0,0,476,4717[CR],963453718
C,16828,644,0,0,477,4717[CR],963454046
F,15112,15878,0,0,476,4717[CR],963454484
A,35976,15109,0,0,476,4716[CR],963454921
F,15098,15878,0,0,476,4717[CR],963455250
C,16810,646,0,0,476,4718[CR],963455687
F,15102,15879,0,0,476,4718[CR],963456015
C,16802,664,0,0,476,4717[CR],963456453
F,15107,15881,0,0,477,4717[CR],963456781
C,16796,656,0,0,476,4717[CR],963457218
F,15107,15894,0,0,476,4717[CR],963457656
C,16794,646,0,0,477,4715[CR],963457984
F,15105,15910,3,57,599,4733[CR],963458421
C,16792,644,32,73,615,4836[CR],963458750
F,14810,16838,62,79,616,4891[CR],963459187
C,18546,658,91,68,615,4924[CR],963459515
F,16069,16306,120,94,623,4868[CR],963459953
C,18214,648,150,73,627,4839[CR],963460390
F,16404,16878,179,68,625,4924[CR],963460734
A,35920,17118,207,60,627,5032[CR],963461156
F,17600,17422,236,79,625,5150[CR],963461546
C,14923,650,266,68,624,5103[CR],963461921
F,18246,18952,295,73,625,5133[CR],963462250
C,14660,656,324,79,623,5204[CR],963462687
F,19128,17276,353,68,620,5278[CR],963463125
C,14911,654,381,68,618,5477[CR],963463453
F,18870,17012,410,64,620,5601[CR],963463890
C,16371,694,440,73,615,5581[CR],963464218
F,17002,16490,470,68,610,5550[CR],963464656
C,15553,696,499,86,608,5516[CR],963464984
F,17874,14894,528,73,619,5521[CR],963465421
C,15784,700,557,73,623,5588[CR],963465859
F,17174,15915,588,86,622,5415[CR],963466187
C,15720,716,616,73,616,5300[CR],963466625
F,17274,15549,645,73,622,5176[CR],963466953
A,35904,17668,674,68,619,5005[CR],963467390
F,17292,15968,702,73,621,4912[CR],963467718
C,14610,700,730,68,620,4875[CR],963468156
F,17832,16850,758,73,621,4918[CR],963468593
C,16730,710,785,64,622,4955[CR],963468921
F,15798,18446,813,64,622,4946[CR],963469359
C,16914,730,841,79,622,4904[CR],963469687
F,14352,17430,870,73,618,4779[CR],963470125
C,16123,718,897,64,622,4703[CR],963470453
F,14165,17226,924,64,620,4627[CR],963470890
C,16418,770,951,57,613,4535[CR],963471234
F,13990,15815,977,60,607,4530[CR],963471656
C,15296,760,1003,68,606,4536[CR],963472093
F,14757,14743,1030,73,608,4456[CR],963472421
C,14874,770,1056,73,612,4516[CR],963472859
F,15418,15147,1081,68,616,4592[CR],963473187
A,35888,15816,1107,68,616,4669[CR],963473625
F,15833,16420,1132,73,618,4793[CR],963474062
C,15633,770,1158,73,616,4798[CR],963474390
F,15815,17160,1185,68,615,4712[CR],963474828
C,15915,770,1210,64,611,4768[CR],963475156
F,15282,16996,1235,64,615,4941[CR],963475593
C,16005,766,1260,68,615,5027[CR],963476031
F,14850,17636,1286,68,615,5130[CR],963476359
C,17100,774,1312,68,604,5113[CR],963476796
F,14265,17036,1339,68,600,5052[CR],963477125
C,17100,770,1365,60,598,5069[CR],963477562
F,14421,15396,1390,60,598,5148[CR],963477890
C,17632,768,1415,64,599,5194[CR],963478328
F,14875,15392,1442,64,599,5193[CR],963478765
C,17294,784,1468,60,604,5099[CR],963479109
F,15377,16025,1495,73,611,5074[CR],963479531
A,35908,15843,1521,79,611,5036[CR],963479875
F,16074,16288,1548,73,614,4969[CR],963480328
C,16082,802,1573,64,619,5037[CR],963480640
F,16916,17802,1599,73,620,5066[CR],963481062
C,15443,814,1627,68,618,4976[CR],963481500
F,17004,18660,1655,73,615,4958[CR],963481828
C,15823,840,1683,57,608,4913[CR],963482265
F,16544,16992,1701,6,452,4885[CR],963482593
C,15698,828,1701,1,444,4782[CR],963483031
F,16994,15232,1701,1,442,4770[CR],963483359
C,14701,824,1701,0,440,4771[CR],963483796
F,18668,15001,1701,0,440,4774[CR],963484234
C,14659,832,1701,0,440,4775[CR],963484562
F,19818,14920,1701,0,440,4775[CR],963485000
C,14647,828,1701,0,439,4777[CR],963485328
F,20432,14887,1701,0,426,4806[CR],963485765
A,35852,20606,1701,0,428,4802[CR],963486093
F,20620,14886,1701,0,428,4795[CR],963486640
Z,0,0,1701,0,461,4900[CR],963486968
F,20610,15070,1701,0,459,4946[CR],963487296
C,14824,836,1701,0,463,4946[CR],963487734
F,20436,15067,1701,0,432,4722[CR],963488062
C,14769,840,1701,0,401,4002[CR],963488500
F,20194,15008,1701,0,351,3281[CR],963488937
Z,0,0,1701,0,0,2482[CR],963489484
Z,0,0,1701,0,0,2474[CR],963490031
Z,0,0,1701,0,0,2473[CR],963490468
Z,0,0,1701,0,0,2474[CR],963490796
F,19454,14618,1701,0,0,2476[CR],963491343
Z,0,0,1701,0,0,2472[CR],963491781
Z,0,0,1701,0,0,2474[CR],963492328
Z,0,0,1701,0,0,2472[CR],963492875
Z,0,0,1701,0,0,2475[CR],963493312
Z,0,0,1701,0,0,2474[CR],963493859
Z,0,0,1701,0,0,2474[CR],963494296
Z,0,0,1701,0,0,2473[CR],963494843
Z,0,0,1701,0,0,2473[CR],963495390
Z,0,0,1701,0,1,2473[CR],963495828
Z,0,0,1701,0,0,2473[CR],963496375
Z,0,0,1701,0,0,2473[CR],963496812
Z,0,0,1701,0,32,2473[CR],963497359
Z,0,0,1701,0,0,2473[CR],963497796
Z,0,0,1701,0,21,2474[CR],963498343
Z,0,0,1701,0,0,2473[CR],963498781
Z,0,0,1701,0,0,2474[CR],963499328
Z,0,0,1701,0,0,2474[CR],963499875
Z,0,0,1701,0,0,2473[CR],963500312
Z,0,0,1701,0,0,2474[CR],963500859
Z,0,0,1701,0,0,2460[CR],963501296
Z,0,0,1701,0,0,2464[CR],963501843
Z,0,0,1701,0,0,2471[CR],963502390
Z,0,0,1701,0,0,2472[CR],963502828
Z,0,0,1701,0,0,2472[CR],963503375
Z,0,0,1701,0,0,2472[CR],963503812
Z,0,0,1701,0,0,2473[CR],963504359
Z,0,0,1701,0,0,2472[CR],963504796
Z,0,0,1701,0,0,2472[CR],963505343
Z,0,0,1701,0,0,2473[CR],963505890
Z,0,0,1701,0,0,2472[CR],963506328
Z,0,0,1701,0,0,2472[CR],963506875
Z,0,0,1701,0,0,2469[CR],963507312
Z,0,0,1701,0,0,2473[CR],963507859
Z,0,0,1701,0,0,2474[CR],963508296
Z,0,0,1701,0,0,2475[CR],963508843
Z,0,0,1701,0,0,2482[CR],963509390
Z,0,0,1701,0,59,2492[CR],963509828
Z,0,0,1701,64,0,2484[CR],963510375
Z,0,0,1701,86,0,2479[CR],963510812
Z,0,0,1701,73,356,2956[CR],963511140
F,16982,14986,1701,4,356,3867[CR],963511578
C,14562,830,1701,1,356,3983[CR],963511906
F,16968,15257,1701,0,355,3963[CR],963512343
C,14546,818,1701,0,350,3952[CR],963512671
F,16946,15237,1701,0,312,3967[CR],963513109
C,14533,826,1701,0,311,3961[CR],963513437
F,16914,15223,1701,0,319,3952[CR],963513875
C,14523,840,1701,0,325,3945[CR],963514312
F,16882,15214,1701,0,424,3967[CR],963514640
C,14515,822,1701,0,425,3975[CR],963515078
F,16848,15208,1701,0,427,3969[CR],963515406
C,14510,828,1701,0,428,3965[CR],963515843
F,16826,15204,1701,0,428,3961[CR],963516171
C,14503,824,1701,0,427,3957[CR],963516609
F,16796,15201,1701,0,427,3956[CR],963517046
A,35728,16774,1701,0,428,3952[CR],963517375
F,16750,15198,1701,0,428,3951[CR],963517812
C,14490,832,1701,0,428,3947[CR],963518140
F,16748,15195,1701,0,428,3946[CR],963518578
C,14486,822,1716,39,462,4271[CR],963518906
F,16720,15261,1742,64,564,5092[CR],963519343
C,15419,828,1770,79,563,5060[CR],963519781
F,16103,14668,1799,73,564,4953[CR],963520109
C,14832,830,1826,68,568,4989[CR],963520546
F,17212,15338,1854,60,572,5025[CR],963520875
C,15040,828,1882,79,569,4996[CR],963521312
F,17850,16948,1910,79,569,5026[CR],963521640
C,16846,838,1938,68,566,4996[CR],963522078
F,16172,16558,1966,68,566,4907[CR],963522515
C,16317,836,1993,68,566,4937[CR],963522843
F,16608,15178,2020,79,572,5048[CR],963523281
A,35732,16902,2048,73,568,5122[CR],963523609
F,16714,15553,2076,68,567,5116[CR],963524046
C,15021,844,2103,68,558,5202[CR],963524375
F,17348,15664,2130,68,570,5290[CR],963524812
C,16462,854,2157,60,561,5309[CR],963525250
F,17290,15236,2186,79,564,5305[CR],963525578
C,16638,882,2214,73,565,5251[CR],963526015
F,17864,14815,2242,68,566,5152[CR],963526343
C,14555,886,2268,64,566,5362[CR],963526781
F,19050,15701,2297,86,572,5391[CR],963527109
C,15469,898,2325,73,571,5301[CR],963527546
F,19232,16290,2353,73,569,5227[CR],963527984
C,15098,902,2381,64,568,5135[CR],963528312
F,18978,14713,2408,64,561,5174[CR],963528750
C,15288,904,2435,60,558,5333[CR],963529078
F,19800,15125,2462,79,555,5440[CR],963529515
A,35708,18928,2491,68,560,5421[CR],963529843
F,18318,14791,2518,73,560,5396[CR],963530234
C,15930,906,2546,68,558,5361[CR],963530718
F,19118,14513,2573,64,563,5420[CR],963531046
C,14923,914,2600,79,566,5510[CR],963531484
F,20058,16474,2627,68,569,5531[CR],963531812
C,15551,954,2655,73,566,5443[CR],963532250
F,19032,15663,2683,73,561,5192[CR],963532578
C,14492,944,2710,64,551,5099[CR],963533015
F,20392,14522,2736,64,550,5140[CR],963533453
C,15724,950,2763,79,559,5141[CR],963533781
F,19572,14982,2791,73,551,5089[CR],963534218
C,15475,964,2818,68,547,5101[CR],963534546
F,19434,14886,2843,68,550,5236[CR],963534984
C,16308,978,2870,73,560,5372[CR],963535312
F,19050,17092,2896,68,568,5476[CR],963535750
A,35676,16149,2924,68,570,5454[CR],963536187
F,15418,18182,2952,64,566,5362[CR],963536578
C,20596,996,2979,79,566,5332[CR],963536953
F,15315,16151,3006,73,572,5335[CR],963537312
C,20090,1010,3034,68,572,5254[CR],963537718
F,15746,17298,3062,68,568,5152[CR],963538046
C,16856,984,3088,60,573,5131[CR],963538484
F,16510,17306,3114,64,573,5295[CR],963538921
C,18308,1034,3140,64,553,5348[CR],963539250
F,16612,16568,3167,68,555,5406[CR],963539687
C,19002,1034,3193,79,557,5454[CR],963540015
F,16392,17296,3220,73,569,5458[CR],963540453
C,18890,1022,3247,68,575,5498[CR],963540781
F,14146,19114,3274,73,573,5445[CR],963541218
C,19544,1046,3302,64,558,5316[CR],963541656
F,13280,16570,3329,64,559,5290[CR],963541984
A,35676,13712,3356,64,560,5306[CR],963542421
F,13876,17486,3383,73,566,5318[CR],963542750
C,16107,1032,3409,73,576,5342[CR],963543187
F,14382,19030,3436,68,574,5392[CR],963543515
C,16782,1038,3462,73,567,5487[CR],963543953
F,14528,17994,3489,68,571,5519[CR],963544390
C,16422,1038,3517,68,575,5458[CR],963544718
F,14492,18224,3544,64,572,5462[CR],963545156
C,15941,1060,3570,54,567,5542[CR],963545484
F,14529,18692,3595,57,568,5707[CR],963545921
C,16508,1056,3622,86,565,5814[CR],963546250
F,14696,17724,3650,73,558,5733[CR],963546687
C,16053,1072,3678,73,560,5679[CR],963547031
F,15038,15460,3701,13,392,5626[CR],963547453
C,15659,1072,3701,2,374,5498[CR],963547890
F,15434,14958,3701,1,369,5476[CR],963548218
A,35688,15793,3701,0,365,5477[CR],963548656
F,15935,14625,3701,0,362,5479[CR],963548984
C,14995,1046,3701,0,369,5354[CR],963549421
F,16478,14472,3701,0,368,5346[CR],963549859
C,14955,1052,3701,0,393,4520[CR],963550187
F,17000,14334,3701,0,416,3484[CR],963550625
C,14850,1040,3701,0,521,786[CR],963550953
F,16588,12668,3701,0,392,867[CR],963551390
C,12011,1044,3701,0,388,962[CR],963551718
F,14882,12670,3701,0,333,1021[CR],963552156
C,12130,1042,3701,0,320,1122[CR],963552593
F,15264,12670,3701,0,327,1156[CR],963553031
Z,0,0,3701,11,0,1549[CR],963553578
Z,0,0,3701,2,1,2479[CR],963554015
Z,0,0,3701,1,0,2472[CR],963554562
Z,0,0,3701,9,0,2484[CR],963555000
Z,0,0,3701,1,0,2474[CR],963555546
Z,0,0,3701,0,244,2473[CR],963556093
Z,0,0,3701,0,0,2472[CR],963556531
Z,0,0,3701,0,0,2474[CR],963557078
Z,0,0,3701,0,0,2473[CR],963557515
Z,0,0,3701,0,0,2474[CR],963558062
Z,0,0,3701,0,0,2474[CR],963558500
Z,0,0,3701,0,0,2475[CR],963559046
Z,0,0,3701,0,0,2474[CR],963559593
Z,0,0,3701,0,0,2475[CR],963560031
Z,0,0,3701,0,0,2475[CR],963560578
Z,0,0,3701,0,0,2474[CR],963561015
Z,0,0,3701,0,0,2475[CR],963561562
Z,0,0,3701,0,0,2476[CR],963562000
Z,0,0,3701,0,0,2465[CR],963562546
Z,0,0,3701,0,0,2459[CR],963563093
Z,0,0,3701,0,0,2468[CR],963563531
Z,0,0,3701,0,0,2469[CR],963564078
Z,0,0,3701,0,0,2468[CR],963564515
Z,0,0,3701,0,0,2471[CR],963565062
Z,0,0,3701,0,0,2473[CR],963565500
Z,0,0,3701,0,0,2474[CR],963566046
Z,0,0,3701,0,310,2473[CR],963566593
Z,0,0,3701,0,0,2471[CR],963567031
Z,0,0,3701,0,0,2469[CR],963567468
F,210848,13723,3701,0,0,2472[CR],963568015
Z,0,0,3701,0,0,2473[CR],963568562
Z,0,0,3701,0,0,2474[CR],963569000
Z,0,0,3701,0,0,2474[CR],963569546
Z,0,0,3701,0,0,2476[CR],963569984
Z,0,0,3701,0,2,2485[CR],963570531
Z,0,0,3701,0,0,2495[CR],963570968
Z,0,0,3701,103,0,2491[CR],963571515
Z,0,0,3701,114,148,2481[CR],963572062
Z,0,0,3701,19,332,3410[CR],963572062
F,19412,12672,3701,17,314,6988[CR],963572500
C,12166,1090,3701,2,302,7444[CR],963572828
F,19422,12672,3701,1,294,7442[CR],963573265
A,35552,19442,3701,0,293,7437[CR],963573593
F,19440,12673,3701,0,284,7438[CR],963574031
C,12177,1094,3701,0,249,7499[CR],963574468
F,19462,12673,3701,0,238,7499[CR],963574796
C,12173,1096,3701,0,224,7496[CR],963575234
F,19474,12673,3701,29,399,6210[CR],963575562
C,12172,1096,3701,2,397,3892[CR],963576000
F,20980,12909,3701,1,396,3864[CR],963576328
C,12425,1110,3701,0,392,3861[CR],963576765
F,20738,12894,3701,0,392,3851[CR],963577203
C,12404,1082,3701,0,390,3841[CR],963577531
F,20572,12870,3701,0,388,3837[CR],963577968
C,12389,1090,3701,0,391,3832[CR],963578296
F,20432,12850,3701,0,391,3828[CR],963578734
C,12379,1100,3701,0,388,3827[CR],963579062
F,20300,12838,3701,0,388,3825[CR],963579500
A,35556,20220,3701,0,388,3823[CR],963579937
F,20178,12832,3701,73,392,4041[CR],963580265
C,12365,1104,3701,73,567,4583[CR],963580703
F,20138,13488,3722,68,579,5022[CR],963581031
C,12894,1092,3748,64,576,5353[CR],963581468
F,26856,14561,3775,64,579,5468[CR],963581796
C,16530,1106,3802,64,582,5487[CR],963582234
F,19292,15779,3829,60,583,5538[CR],963582671
C,15528,1104,3856,79,583,5605[CR],963583000
F,18638,16830,3883,68,581,5567[CR],963583437
C,16084,1104,3910,73,579,5559[CR],963583781
F,18236,16331,3938,68,581,5570[CR],963584203
C,15268,1122,3964,64,580,5645[CR],963584531
F,19026,14887,3991,64,580,5706[CR],963584968
C,14877,1126,4018,64,579,5683[CR],963585406
F,19766,15516,4045,79,577,5731[CR],963585734
A,35524,20092,4073,79,579,5744[CR],963586171
F,20176,16028,4100,68,577,5717[CR],963586468
C,15768,1166,4127,68,577,5713[CR],963586937
F,19890,16186,4154,64,577,5706[CR],963587265
C,16424,1178,4181,60,577,5725[CR],963587703
F,19878,16002,4208,73,579,5671[CR],963588140
C,16212,1184,4236,73,578,5624[CR],963588468
F,20038,14705,4264,68,576,5493[CR],963588906
C,15203,1178,4291,68,576,5505[CR],963589234
F,20956,15410,4317,64,570,5586[CR],963589671
C,15836,1186,4343,68,575,5719[CR],963590000
F,21656,16229,4371,68,575,5757[CR],963590437
C,18484,1256,4398,73,572,5649[CR],963590875
F,17762,14990,4425,73,569,5697[CR],963591203
C,17534,1298,4452,73,575,5733[CR],963591640
F,18238,16193,4479,68,573,5773[CR],963591968
A,35524,16932,4505,64,572,5844[CR],963592406
F,17132,15262,4532,68,573,5925[CR],963592734
C,17912,1298,4559,64,578,5942[CR],963593171
F,17672,15550,4587,79,582,5837[CR],963593609
C,18280,1308,4615,79,584,5658[CR],963593937
F,18006,16036,4643,68,586,5538[CR],963594281
C,18104,1316,4670,73,599,5492[CR],963594703
F,18384,17082,4698,68,599,5379[CR],963595140
C,17574,1306,4724,57,598,5399[CR],963595468
F,18918,16381,4750,73,595,5530[CR],963595906
C,18268,1306,4778,79,589,5585[CR],963596343
F,18754,16858,4805,73,586,5602[CR],963596671
C,19384,1314,4831,68,584,5663[CR],963597109
F,18668,16153,4859,68,590,5707[CR],963597437
C,19720,1320,4886,64,591,5726[CR],963597875
F,19068,16364,4912,60,591,5765[CR],963598203
A,35504,19312,4940,79,587,5776[CR],963598640
F,19318,17580,4967,73,582,5755[CR],963599078
C,18618,1312,4993,73,586,5893[CR],963599406
F,19366,17942,5020,68,588,5973[CR],963599843
C,21604,1302,5047,73,592,6020[CR],963600171
F,16297,16512,5073,64,594,6082[CR],963600609
C,21106,1312,5100,68,597,6130[CR],963600937
F,16782,16698,5128,64,593,6020[CR],963601375
C,18912,1312,5154,60,589,6056[CR],963601812
F,17192,18916,5180,79,594,6181[CR],963602156
C,19344,1312,5208,73,586,6205[CR],963602578
F,17048,19738,5234,68,577,6290[CR],963602906
C,20100,1294,5260,68,585,6393[CR],963603343
F,17236,17306,5288,73,591,6390[CR],963603671
C,21062,1316,5315,68,586,6348[CR],963604109
F,17318,17130,5341,60,589,6372[CR],963604546
A,35436,17540,5368,57,590,6412[CR],963604875
F,17614,17788,5394,64,590,6474[CR],963605312
C,20690,1310,5420,73,591,6557[CR],963605640
F,17928,18402,5447,73,589,6600[CR],963606078
C,20614,1312,5474,73,593,6588[CR],963606406
F,18070,18482,5501,68,581,6631[CR],963606843
C,19504,1310,5526,64,579,6760[CR],963607281
F,18416,20300,5552,68,579,6858[CR],963607609
C,21316,1310,5579,68,579,6957[CR],963608046
F,16476,19216,5606,64,587,6897[CR],963608375
C,21478,1310,5633,60,588,6861[CR],963608812
F,16688,17530,5660,73,588,6883[CR],963609140
C,21038,1310,5687,73,587,6951[CR],963609578
F,16936,18152,5700,5,324,6989[CR],963610015
C,19940,1316,5700,1,308,6912[CR],963610343
F,17150,18860,5700,1,300,6909[CR],963610781
A,35400,17306,5700,0,295,6907[CR],963611109
F,17336,18806,5700,0,299,6908[CR],963611546
C,17800,1316,5700,0,346,5941[CR],963611875
F,17494,18882,5700,0,327,4206[CR],963612312
C,17508,1320,5700,0,326,4046[CR],963612640
F,17590,18248,5700,0,323,4065[CR],963613078
C,17430,1292,5700,0,322,4065[CR],963613515
F,17672,18260,5700,0,308,4117[CR],963613843
C,17390,1312,5700,0,306,4132[CR],963614281
F,17744,18262,5700,0,287,4126[CR],963614609
C,17356,1312,5700,0,208,4174[CR],963615046
F,17800,18268,5700,0,226,4167[CR],963615484
C,17326,1312,5700,0,206,4165[CR],963615812
F,17846,18272,5700,0,149,3915[CR],963616250
C,17298,1312,5700,0,155,3693[CR],963616578
F,17886,18238,5700,0,63,3182[CR],963617125
Z,0,0,5700,0,0,2576[CR],963617562
Z,0,0,5700,0,0,2475[CR],963618109
Z,0,0,5700,0,0,2476[CR],963618546
Z,0,0,5700,0,292,2474[CR],963619093
Z,0,0,5700,0,1,2474[CR],963619640
Z,0,0,5700,0,0,2471[CR],963620078
Z,0,0,5700,0,0,2470[CR],963620625
Z,0,0,5700,0,0,2471[CR],963621062
Z,0,0,5700,0,38,2472[CR],963621609
Z,0,0,5700,0,0,2473[CR],963622046
Z,0,0,5700,0,0,2472[CR],963622593
Z,0,0,5700,0,2,2472[CR],963623140
Z,0,0,5700,0,0,2472[CR],963623578
Z,0,0,5700,0,0,2472[CR],963624125
Z,0,0,5700,0,0,2473[CR],963624562
Z,0,0,5700,0,0,2472[CR],963625109
Z,0,0,5700,0,0,2473[CR],963625546
Z,0,0,5700,0,0,2448[CR],963626093
Z,0,0,5700,0,0,2466[CR],963626640
Z,0,0,5700,0,0,2467[CR],963627078
Z,0,0,5700,0,0,2467[CR],963627625
Z,0,0,5700,0,0,2468[CR],963628062
Z,0,0,5700,0,0,2469[CR],963628609
Z,0,0,5700,0,0,2469[CR],963629156
Z,0,0,5700,0,0,2470[CR],963629593
Z,0,0,5700,0,0,2470[CR],963630140
Z,0,0,5700,0,0,2469[CR],963630578
Z,0,0,5700,0,0,2466[CR],963631125
Z,0,0,5700,0,0,2470[CR],963631671
Z,0,0,5700,0,0,2470[CR],963632109
Z,0,0,5700,0,0,2471[CR],963632656
Z,0,0,5700,0,0,2473[CR],963633093
Z,0,0,5700,0,0,2477[CR],963633640
Z,0,0,5700,0,0,2494[CR],963634078
Z,0,0,5700,0,0,2475[CR],963634625
Z,0,0,5700,94,0,2487[CR],963635062
Z,0,0,5700,86,0,2478[CR],963635609
Z,0,0,5700,57,154,3207[CR],963635718
A,35372,18000,5700,7,178,3821[CR],963636156
F,17988,16654,5700,2,166,4024[CR],963636484
C,16412,1320,5700,1,80,4007[CR],963636921
F,18004,16684,5700,0,108,4001[CR],963637250
C,16420,1298,5700,0,135,3989[CR],963637687
F,18000,16686,5700,0,7,4009[CR],963638125
C,16418,1294,5700,0,8,4008[CR],963638453
F,17996,16686,5700,0,0,3998[CR],963638890
C,16416,1310,5700,0,287,4000[CR],963639218
F,17994,16688,5700,0,290,4040[CR],963639656
C,16412,1324,5700,0,294,4036[CR],963640093
F,17988,16686,5700,0,291,4033[CR],963640421
C,16410,1302,5700,0,287,4029[CR],963640859
F,17984,16684,5700,0,291,4026[CR],963641187
C,16404,1310,5700,0,297,4021[CR],963641625
F,17984,16682,5700,0,297,4020[CR],963641953
A,35320,17978,5700,0,295,4016[CR],963642390
F,17962,16678,5700,0,287,4015[CR],963642828
C,16394,1294,5700,0,288,4014[CR],963643156
F,17976,16676,5702,44,337,4393[CR],963643593
C,16398,1310,5719,60,352,6153[CR],963643921
F,17978,17872,5745,79,569,7636[CR],963644359
C,18850,1324,5772,73,569,7681[CR],963644687
F,17648,19090,5799,68,558,7644[CR],963645125
C,18846,1320,5826,64,556,7619[CR],963645562
F,18022,19944,5852,64,556,7610[CR],963645890
C,20102,1312,5879,64,571,7656[CR],963646328
F,17202,19484,5906,79,565,7588[CR],963646656
C,20584,1310,5933,73,552,7649[CR],963647093
F,17318,16436,5958,68,556,7829[CR],963647421
C,22274,1314,5984,68,556,8129[CR],963647859
F,18024,18298,6010,79,557,8324[CR],963648296
A,35340,14859,6036,68,556,8394[CR],963648625
F,14237,18474,6063,73,552,8409[CR],963649062
C,30996,1308,6090,60,548,8373[CR],963649406
F,14094,16052,6117,64,550,8420[CR],963649828
C,31372,1308,6143,60,555,8446[CR],963650156
F,14399,15815,6170,64,559,8445[CR],963650593
C,32312,1308,6197,79,561,8419[CR],963650937
F,14683,15836,6224,68,557,8366[CR],963651359
C,31364,1310,6251,73,548,8399[CR],963651796
F,15011,14890,6278,68,548,8455[CR],963652125
C,30528,1308,6304,64,543,8454[CR],963652562
F,15393,14647,6331,64,545,8507[CR],963652890
C,29408,1308,6358,68,547,8441[CR],963653328
F,15757,14720,6385,73,547,8394[CR],963653765
C,28200,1308,6412,73,547,8393[CR],963654093
F,16212,14752,6439,79,544,8394[CR],963654531
A,35336,16536,6466,68,541,8363[CR],963654859
F,16662,14840,6492,68,543,8425[CR],963655296
C,28440,1308,6518,68,540,8509[CR],963655625
F,17158,14774,6544,68,540,8579[CR],963656062
C,30352,1308,6570,64,547,8661[CR],963656500
F,17502,14451,6596,64,544,8677[CR],963656828
C,30324,1314,6623,64,543,8691[CR],963657265
F,17606,14259,6649,60,543,8715[CR],963657593
C,29352,1318,6675,64,542,8709[CR],963658031
F,17724,14580,6700,64,542,8816[CR],963658359
C,28404,1308,6724,49,536,9069[CR],963658796
F,17968,15011,6747,54,541,9218[CR],963659234
C,28408,1318,6768,57,540,9257[CR],963659562
F,17932,14849,6787,44,537,9346[CR],963660000
C,28220,1314,6804,41,526,9425[CR],963660328
F,18118,15171,6818,34,521,9488[CR],963660765
A,35300,18136,6829,26,502,9511[CR],963661093
F,18144,14820,6836,15,483,9522[CR],963661515
C,27796,1308,6841,11,458,9515[CR],963661968
F,18212,14916,6843,5,376,9528[CR],963662296
C,27292,1318,6844,3,323,9539[CR],963662734
F,18338,14984,6844,1,275,9550[CR],963663062
C,26672,1308,6844,1,240,9559[CR],963663500
F,18366,15002,6845,1,240,9565[CR],963663828
C,26428,1308,6845,1,198,9572[CR],963664265
F,18380,15025,6845,0,129,9577[CR],963664593
C,26308,1314,6845,0,57,9583[CR],963665031
F,18390,15033,6845,0,125,9573[CR],963665468
C,26152,1308,6845,0,166,8637[CR],963665796
F,18386,15031,6845,0,299,6496[CR],963666234
C,25652,1308,6845,0,306,4104[CR],963666562
F,18370,14273,6845,0,128,3152[CR],963667000
A,35292,18364,6845,0,120,3133[CR],963667437
F,18360,13904,6845,0,456,1738[CR],963667765
C,23064,1300,6845,0,536,35544[CR],963668203
F,15270,12660,6845,0,215,35544[CR],963668531
C,11822,1300,6845,64,388,2151[CR],963668968
F,16390,12662,6845,258,347,3398[CR],963669312
C,12026,1308,6859,172,547,6356[CR],963669750
F,17272,13868,6933,114,547,8090[CR],963670078
C,28048,1358,6936,2,197,7807[CR],963670531
F,17718,13994,6936,2,186,7757[CR],963670875
C,24800,1308,6936,1,185,7760[CR],963671328
F,18194,14091,6936,0,152,7752[CR],963671656
C,24380,1308,6936,0,271,5489[CR],963672093
F,18356,13964,6936,0,235,3354[CR],963672421
C,23526,1308,6936,0,209,3083[CR],963672859
F,18388,13557,6936,0,427,2737[CR],963673296
A,35304,18418,6936,0,192,813[CR],963673625
F,17778,12662,6936,0,204,35544[CR],963674062
C,12006,1296,6936,0,216,35544[CR],963674390
F,15985,12665,6936,0,193,35544[CR],963674843
C,11991,1308,6936,0,150,35544[CR],963675187
F,16802,12666,6936,0,149,35544[CR],963675640
C,11984,1308,6936,0,199,35544[CR],963675968
F,17400,12666,6936,0,202,35544[CR],963676406
C,11977,1308,6936,0,170,35544[CR],963676734
F,17806,12666,6936,49,379,1835[CR],963677187
C,11973,1308,6936,33,348,3178[CR],963677531
F,17952,12668,6936,57,358,4168[CR],963677968
C,12239,1308,6936,43,523,4885[CR],963678296
F,17752,12668,6936,43,515,6165[CR],963678750
C,12568,1308,6946,57,536,7271[CR],963679078
F,18466,13688,6971,68,541,7849[CR],963679531
A,35308,18320,6996,64,542,8009[CR],963679859
F,18226,13973,7022,68,541,8084[CR],963680296
C,27212,1362,7048,68,543,8161[CR],963680625
F,18248,14163,7074,64,538,8254[CR],963681062
C,28348,1366,7100,64,538,8322[CR],963681500
F,18268,14280,7126,60,543,8433[CR],963681828
C,31260,1332,7151,64,540,8578[CR],963682265
F,18166,14232,7176,57,536,8736[CR],963682593
C,34816,1336,7199,60,537,9021[CR],963683031
F,18050,14493,7224,60,538,9162[CR],963683359
C,38864,1314,7248,64,548,9240[CR],963683796
F,17858,14715,7272,68,552,9231[CR],963684234
C,39392,1308,7298,68,555,9195[CR],963684562
F,17068,16588,7323,68,552,9161[CR],963685000
C,37708,1336,7349,64,552,9151[CR],963685328
F,17174,16240,7374,64,550,9147[CR],963685765
A,35284,17276,7399,68,556,9150[CR],963686093
F,17254,15472,7425,68,547,9128[CR],963686531
C,35952,1308,7451,64,536,9066[CR],963686968
F,17284,14597,7477,64,536,9123[CR],963687296
C,34088,1314,7503,64,539,9125[CR],963687734
F,17518,14261,7529,64,541,9046[CR],963688062
C,32332,1314,7555,64,537,9037[CR],963688500
F,17764,14082,7581,64,537,9039[CR],963688828
C,31256,1308,7607,57,543,8958[CR],963689265
F,18030,13811,7634,79,544,8895[CR],963689703
C,28056,1308,7661,73,547,8836[CR],963690031
F,18168,14218,7688,68,548,8760[CR],963690468
C,24848,1326,7700,4,25,8722[CR],963690796
F,18238,17182,7700,1,7,8584[CR],963691234
C,22518,1308,7700,1,12,8581[CR],963691562
F,18868,17182,7700,0,93,7563[CR],963692000
A,35300,18992,7700,0,215,5428[CR],963692437
F,18984,16946,7700,0,135,4125[CR],963692859
C,21496,1308,7700,0,255,3352[CR],963693203
F,18970,16022,7700,0,152,1472[CR],963693531
C,20426,1322,7700,0,71,35544[CR],963693968
F,19516,12667,7700,0,7,35544[CR],963694359
C,14765,1308,7700,0,0,35544[CR],963694859
Z,0,0,7700,0,0,35544[CR],963695078
C,14809,1308,7700,0,0,35544[CR],963695656
Z,0,0,7700,8,216,2318[CR],963696093
Z,0,0,7700,2,0,2478[CR],963696578
Z,0,0,7700,1,0,2479[CR],963697140
Z,0,0,7700,0,0,2463[CR],963697578
Z,0,0,7700,0,0,2468[CR],963698140
Z,0,0,7700,0,0,2485[CR],963698578
Z,0,0,7700,0,398,2482[CR],963699125
Z,0,0,7700,0,0,2481[CR],963699562
Z,0,0,7700,0,3,2481[CR],963700109
Z,0,0,7700,0,0,2482[CR],963700671
Z,0,0,7700,0,0,2484[CR],963701109
Z,0,0,7700,0,0,2483[CR],963701656
Z,0,0,7700,0,0,2483[CR],963702093
Z,0,0,7700,0,244,2478[CR],963702640
Z,0,0,7700,0,0,2481[CR],963703078
Z,0,0,7700,0,95,2483[CR],963703625
Z,0,0,7700,0,0,2480[CR],963704171
Z,0,0,7700,0,136,2481[CR],963704609
Z,0,0,7700,0,0,2482[CR],963705156
Z,0,0,7700,0,0,2482[CR],963705593
Z,0,0,7700,0,80,2484[CR],963706140
Z,0,0,7700,0,0,2483[CR],963706687
Z,0,0,7700,0,148,2477[CR],963707125
Z,0,0,7700,0,1,2479[CR],963707671
Z,0,0,7700,0,0,2477[CR],963708109
Z,0,0,7700,0,0,2477[CR],963708656
Z,0,0,7700,0,0,2458[CR],963709093
Z,0,0,7700,0,0,2453[CR],963709640
Z,0,0,7700,0,0,2454[CR],963710078
Z,0,0,7700,0,0,2462[CR],963710625
Z,0,0,7700,0,0,2465[CR],963711171
Z,0,0,7700,0,0,2466[CR],963711609
Z,0,0,7700,0,0,2468[CR],963712156
Z,0,0,7700,0,0,2471[CR],963712593
Z,0,0,7700,0,5,2470[CR],963713140
Z,0,0,7700,0,0,2468[CR],963713578
Z,0,0,7700,0,0,2468[CR],963714125
Z,0,0,7700,0,0,2470[CR],963714671
Z,0,0,7700,0,0,2472[CR],963715109
Z,0,0,7700,0,0,2473[CR],963715656
Z,0,0,7700,0,0,2472[CR],963716093
Z,0,0,7700,0,1,2481[CR],963716640
Z,0,0,7700,0,0,2495[CR],963717187
Z,0,0,7700,0,0,2481[CR],963717625
Z,0,0,7700,86,0,2492[CR],963718171
Z,0,0,7700,13,0,2563[CR],963718609
C,14711,1314,7700,5,0,5389[CR],963718937
F,18774,12684,7700,1,0,7249[CR],963719375
C,14727,1308,7700,1,0,7231[CR],963719703
F,18774,12684,7700,0,0,7224[CR],963720140
C,14725,1314,7700,0,0,7218[CR],963720468
F,18778,12685,7700,0,0,7223[CR],963720906
C,14719,1332,7700,0,0,7220[CR],963721453
Z,0,0,7700,3,165,4738[CR],963721671
C,14712,1322,7700,1,169,3957[CR],963722109
F,18798,12697,7700,1,120,3916[CR],963722437
C,15698,1308,7700,0,84,3913[CR],963722875
F,18784,12696,7700,0,111,3900[CR],963723203
A,35292,18784,7700,0,147,3894[CR],963723640
F,18764,12694,7700,0,143,3892[CR],963724078
C,15688,1308,7700,0,67,3888[CR],963724406
F,18770,12696,7700,0,43,3885[CR],963724843
C,15681,1308,7700,0,110,3881[CR],963725171
F,18766,12695,7700,73,128,4100[CR],963725609
C,15675,1308,7700,38,331,4667[CR],963725937
F,18778,12698,7708,64,280,6640[CR],963726375
C,16762,1308,7730,79,556,8279[CR],963726812
F,18582,16099,7757,73,548,8667[CR],963727140
C,24952,1336,7783,73,552,8708[CR],963727578
F,15349,17428,7809,68,558,8786[CR],963727906
C,24904,1326,7834,68,554,8832[CR],963728343
F,15725,18016,7860,68,555,8901[CR],963728671
C,23586,1332,7884,64,551,8993[CR],963729109
F,16306,18704,7909,68,551,9031[CR],963729546
A,35324,16754,7930,41,536,9159[CR],963729875
F,16972,19860,7945,30,519,9365[CR],963730312
C,23362,1366,7953,14,471,9425[CR],963730640
F,17686,20896,7958,13,456,9457[CR],963731078
C,24526,1366,7961,7,430,9487[CR],963731406
F,17992,21064,7964,5,418,9474[CR],963731843
C,24628,1370,7965,3,374,9475[CR],963732281
F,18164,21156,7966,2,327,9479[CR],963732609
C,24446,1354,7967,2,311,9480[CR],963733046
F,18326,21216,7968,1,285,9481[CR],963733375
C,24266,1370,7968,1,265,9481[CR],963733812
F,18484,21232,7968,1,244,9482[CR],963734140
C,24150,1366,7969,1,228,9481[CR],963734578
F,18598,21256,7969,1,127,9479[CR],963735015
C,24080,1348,7969,0,16,9417[CR],963735343
F,18696,21272,7969,0,1,9383[CR],963735781
A,35280,18764,7969,0,0,8954[CR],963736109
F,18776,21316,7969,0,0,8091[CR],963736546
C,23270,1362,7969,0,0,7151[CR],963736875
F,18850,21320,7969,0,3,6784[CR],963737312
C,22952,1354,7969,0,3,6778[CR],963737750
F,18878,21352,7969,0,0,6772[CR],963738078
C,22796,1362,7969,0,0,6799[CR],963738515
F,18904,21376,7969,0,0,6805[CR],963738843
C,22696,1354,7969,0,2,6810[CR],963739281
F,18916,21390,7969,0,0,6795[CR],963739609
C,22620,1378,7969,0,75,6644[CR],963740046
F,18924,21400,7969,0,12,4637[CR],963740484
C,22456,1344,7969,0,244,3182[CR],963740812
F,18922,19700,7969,0,404,1212[CR],963741250
C,20432,1336,7969,0,492,35544[CR],963741578
F,16086,12666,7969,0,499,35544[CR],963742046
A,35300,15292,7969,0,0,35544[CR],963742359
F,14554,12674,7969,41,278,1941[CR],963742828
C,10126,1314,7969,147,529,4353[CR],963743187
F,15940,12675,7969,147,551,6492[CR],963743531
C,12962,1354,8030,172,565,8218[CR],963743984
F,19798,16252,8094,147,562,8340[CR],963744343
C,24848,1394,8111,4,13,8017[CR],963744781
F,15321,14636,8111,1,7,7934[CR],963745140
C,20212,1378,8111,0,161,5224[CR],963745468
F,15916,15105,8111,0,181,2638[CR],963745906
C,19338,1378,8111,0,110,1882[CR],963746343
F,16428,13050,8111,0,54,1964[CR],963746671
C,17400,1370,8111,0,5,1984[CR],963747109
F,16926,13175,8111,0,80,2001[CR],963747437
C,17374,1370,8111,0,131,2025[CR],963747875
F,17348,13245,8111,0,90,2026[CR],963748203
A,35340,17606,8111,0,0,2040[CR],963748640
F,17686,13294,8111,0,0,2045[CR],963749078
C,17328,1358,8111,0,132,2063[CR],963749406
F,17992,13331,8111,38,246,3033[CR],963749843
C,17332,1362,8111,57,280,4176[CR],963750171
F,18228,13581,8111,39,308,4835[CR],963750609
C,17604,1370,8111,49,355,6710[CR],963750937
F,18428,15350,8131,64,564,8085[CR],963751375
C,20794,1344,8157,60,565,8210[CR],963751812
F,18716,15174,8183,68,557,8217[CR],963752140
C,21246,1378,8209,73,563,8297[CR],963752578
F,18902,17076,8236,73,568,8306[CR],963752906
C,22920,1374,8262,68,563,8278[CR],963753343
F,14588,16754,8288,68,561,8303[CR],963753671
C,23094,1378,8314,64,562,8373[CR],963754109
F,14905,16172,8340,64,564,8417[CR],963754546
A,35304,15386,8366,68,566,8421[CR],963754875
F,15569,17550,8393,68,559,8387[CR],963755312
C,24262,1376,8419,68,563,8341[CR],963755640
F,16212,18802,8445,64,565,8275[CR],963756078
C,23284,1380,8471,64,563,8292[CR],963756406
F,16830,18458,8497,57,559,8323[CR],963756843
C,21990,1384,8523,64,559,8346[CR],963757281
F,17484,17740,8550,79,559,8337[CR],963757609
C,21034,1394,8576,73,555,8327[CR],963758046
F,18226,17560,8602,73,551,8379[CR],963758375
C,21210,1382,8627,68,557,8491[CR],963758812
F,18792,18492,8653,68,560,8605[CR],963759140
C,22966,1390,8678,68,561,8700[CR],963759578
F,16217,18408,8704,68,561,8743[CR],963760015
C,24100,1390,8730,68,566,8786[CR],963760343
F,16700,18598,8756,68,563,8747[CR],963760781
A,35284,16560,8783,64,557,8727[CR],963761125
F,16502,18314,8809,64,555,8750[CR],963761578
C,23500,1400,8835,60,551,8750[CR],963761875
F,17066,17912,8860,57,547,8794[CR],963762312
C,23530,1394,8886,64,552,8858[CR],963762750
F,17554,16610,8912,64,556,8896[CR],963763078
C,24054,1406,8938,60,554,8907[CR],963763515
F,17984,16490,8964,64,558,8933[CR],963763843
C,24002,1410,8990,57,553,8911[CR],963764281
F,18376,16388,9015,51,558,8944[CR],963764609
C,23308,1398,9041,73,557,9006[CR],963765046
F,18706,16660,9066,51,555,9065[CR],963765484
C,22802,1438,9090,54,556,9124[CR],963765812
F,19062,17176,9116,60,558,9110[CR],963766250
C,22278,1416,9141,49,561,9099[CR],963766578
F,19422,17448,9166,54,566,9114[CR],963767015
A,35304,19766,9191,54,563,9063[CR],963767343
F,19912,18146,9216,51,552,9084[CR],963767781
C,20098,1424,9240,57,555,9200[CR],963768218
F,20666,19276,9264,57,549,9259[CR],963768546
C,21310,1428,9287,60,546,9307[CR],963768984
F,17434,18714,9309,54,536,9390[CR],963769312
C,22078,1416,9328,43,530,9522[CR],963769750
F,18262,18178,9344,33,528,9615[CR],963770078
C,23204,1452,9356,33,516,9681[CR],963770515
F,17928,18632,9367,23,504,9706[CR],963770953
C,24208,1452,9373,10,407,9738[CR],963771281
F,18178,18484,9374,3,323,9742[CR],963771625
C,24242,1464,9375,2,240,9765[CR],963772046
F,18868,18810,9375,1,180,9781[CR],963772484
C,24064,1446,9376,1,147,9794[CR],963772812
F,19240,18900,9376,1,169,9805[CR],963773250
A,35344,19382,9376,0,151,9811[CR],963773687
F,19408,18938,9377,0,91,9820[CR],963774015
C,24046,1450,9377,0,3,9826[CR],963774453
F,19526,18952,9377,0,0,9750[CR],963774890
Z,0,0,9377,0,0,9429[CR],963775218
F,19590,18952,9377,0,10,6568[CR],963775546
C,23398,1456,9377,0,0,5706[CR],963775984
F,19628,18794,9377,0,0,5567[CR],963776421
C,22894,1456,9377,0,0,5590[CR],963776750
F,19644,18814,9377,0,0,5598[CR],963777187
C,22722,1450,9377,0,0,5594[CR],963777515
F,19642,18814,9377,0,0,5603[CR],963777953
C,22610,1464,9377,0,0,5601[CR],963778281
F,19628,18806,9377,0,0,5605[CR],963778718
C,22522,1430,9377,0,0,5604[CR],963779156
F,19632,18792,9377,0,0,5605[CR],963779484
A,35348,19620,9377,0,0,5608[CR],963779921
F,19610,18780,9377,0,0,5605[CR],963780250
C,22390,1442,9377,0,0,5607[CR],963780687
F,19618,18764,9377,0,0,5608[CR],963781015
C,22338,1460,9377,0,0,5607[CR],963781453
F,19608,18746,9377,0,0,5608[CR],963781890
C,22292,1442,9377,0,0,5606[CR],963782218
F,19610,18730,9377,0,0,5608[CR],963782656
C,22248,1456,9377,0,0,5607[CR],963782984
F,19602,18712,9377,0,0,5605[CR],963783531
Z,0,0,9377,0,0,5604[CR],963783750
F,19594,18694,9377,0,0,5604[CR],963784187
C,22176,1450,9377,0,0,5603[CR],963784625
F,19596,18676,9377,0,0,5603[CR],963784953
C,22142,1450,9377,0,0,5602[CR],963785390
F,19598,18660,9377,0,0,5601[CR],963785718
A,35344,19594,9377,0,0,5600[CR],963786265
Z,0,0,9377,0,0,5599[CR],963786484
C,22082,1420,9377,0,0,5597[CR],963786921
F,19586,18626,9377,0,0,5597[CR],963787359
Z,0,0,9377,0,0,5597[CR],963787906
Z,0,0,9377,0,0,5595[CR],963788125
C,22030,1416,9377,0,0,5596[CR],963788562
Z,0,0,9377,0,0,5594[CR],963788890
C,22006,1434,9377,0,0,5594[CR],963789218
F,19578,18574,9377,0,0,5592[CR],963789656
C,21984,1446,9377,0,0,5592[CR],963790203
Z,0,0,9377,0,0,5591[CR],963790640
Z,0,0,9377,0,0,5589[CR],963791187
Z,0,0,9377,0,0,5588[CR],963791625
Z,0,0,9377,0,0,5588[CR],963792171
Z,0,0,9377,0,0,5586[CR],963792390
F,19568,18512,9377,0,0,5585[CR],963792828
C,21900,1424,9377,0,0,5585[CR],963793156
F,19586,18496,9377,0,0,5584[CR],963793593
C,21882,1430,9377,0,0,5582[CR],963793921
F,19570,18480,9377,0,0,5582[CR],963794359
C,21864,1416,9377,0,0,5583[CR],963794687
F,19574,18466,9377,0,0,5582[CR],963795234
Z,0,0,9377,0,0,5580[CR],963795781
Z,0,0,9377,0,0,5579[CR],963796218
Z,0,0,9377,0,0,5578[CR],963796765
Z,0,0,9377,0,0,5576[CR],963797203
Z,0,0,9377,0,0,5575[CR],963797750
Z,0,0,9377,0,0,5575[CR],963797859
F,19566,18408,9377,0,0,5572[CR],963798296
A,35372,19566,9377,0,1,5574[CR],963798625
F,19560,18396,9377,0,0,5573[CR],963799062
C,21766,1432,9377,0,0,5572[CR],963799390
F,19570,18382,9377,0,0,5571[CR],963799828
C,21752,1424,9377,0,0,5571[CR],963800156
F,19570,18368,9377,0,0,5569[CR],963800593
C,21738,1438,9377,0,0,5570[CR],963801031
F,19576,18354,9377,0,0,5568[CR],963801468
Z,0,0,9377,0,0,5568[CR],963801796
F,19572,18342,9377,0,0,5568[CR],963802125
C,21712,1420,9377,0,0,5565[CR],963802562
F,19564,18328,9377,0,0,5566[CR],963802890
C,21698,1442,9377,0,0,5565[CR],963803328
F,19568,18316,9377,0,0,5563[CR],963803765
C,21684,1434,9377,0,0,5563[CR],963804093
F,19572,18302,9377,0,0,5562[CR],963804640
Z,0,0,9377,0,0,5562[CR],963804859
F,19556,18290,9377,0,0,5561[CR],963805296
C,21660,1438,9377,0,0,5559[CR],963805625
F,19570,18278,9377,0,0,5559[CR],963806171
Z,0,0,9377,0,0,5557[CR],963806609
Z,0,0,9377,0,0,5557[CR],963807156
Z,0,0,9377,0,0,5556[CR],963807593
C,21626,1428,9377,0,0,5555[CR],963808031
F,19574,18242,9377,0,0,5554[CR],963808359
C,21614,1424,9377,0,0,5554
<PAUSE BUTTON 10:53:22>
[CR],963808796
>
Reset interface. Wait time for interface: 266
>
Reset interface. Wait time for interface: 219DOFF
OK
>
Command: DOFF Wait time for interface: 94

>
Reset interface. Wait time for interface: 47CLEAR
OK
>
Command: CLEAR Wait time for interface: 109

<END BUTTON 10:58:29>

------------------- Begin end zero test --------------------
>
Reset interface. Wait time for interface: 63SCAN E
Z,0,0,0,0,270,2468
F,12009,12674,0,0,283,2477[CR],964124078
C,12057,9282,0,0,333,2474[CR],964124406
F,12013,12675,0,0,361,2473[CR],964124843
C,12059,6960,0,0,328,2474[CR],964125171
F,12016,12673,0,0,335,2474[CR],964125625
C,12059,7308,0,0,337,2474[CR],964125953
F,12015,12676,0,0,339,2473[CR],964126437
C,12059,7308,0,0,335,2474[CR],964126796
F,12020,12674,0,0,337,2474[CR],964127125
C,12059,7384,0,0,337,2474[CR],964127562
F,12016,12674,0,0,336,2473[CR],964127890
C,12059,7144,0,0,306,2474[CR],964128343
F,12016,12673,0,0,308,2474[CR],964128671
C,12059,7376,0,0,327,2475[CR],964129109
F,12012,12673,0,0,332,2474[CR],964129453
A,35464,12010,0,0,337,2475[CR],964129890
F,11999,12674,0,0,329,2474[CR],964130328
C,12058,7246,0,0,331,2474[CR],964130671
F,12010,12675,0,0,331,2475[CR],964131109
C,12059,7236,0,0,332,2474[CR],964131437
F,12012,12675,0,0,317,2474[CR],964131875
C,12059,7156,0,0,315,2474[CR],964132203
F,12014,12674,0,0,308,2474[CR],964132640
C,12059,7036,0,0,312,2474[CR],964132968
F,12012,12674,0,0,320,2474[CR],964133406
C,12060,6998,0,0,316,2474[CR],964133734
F,12012,12674,0,0,335,2475[CR],964134171
C,12059,6980,0,0,301,2474[CR],964134609
F,12007,12674,0,0,310,2474[CR],964134937
C,12060,6896,0,0,326,2474[CR],964135375
F,12011,12675,0,0,345,2474[CR],964135703
A,35456,12015,0,0,328,2474[CR],964136140
F,12000,12676,0,0,334,2473[CR],964136468
C,12058,7046,0,0,332,2469[CR],964136906
F,12009,12675,0,0,308,2469[CR],964137343
C,12060,6398,0,0,317,2469[CR],964137671
F,12018,12674,0,0,295,2469[CR],964138109
C,12060,7338,0,0,291,2469[CR],964138437
F,12010,12674,0,0,296,2469[CR],964138875
C,12059,6972,0,0,303,2469[CR],964139203
F,12009,12675,0,0,305,2469[CR],964139640
C,12060,6996,0,0,299,2471[CR],964140078
F,12011,12674,0,0,297,2470[CR],964140406
C,12059,7116,0,0,305,2469[CR],964140843
F,12007,12675,0,0,307,2469[CR],964141171
C,12060,7044,0,0,310,2469[CR],964141609
F,12005,12675,0,0,311,2468[CR],964141937
A,35500,12006,0,0,320,2466[CR],964142375
F,11991,12676,0,0,342,2465[CR],964142812
C,12140,7332,0,0,346,2466[CR],964143140
F,11968,12675,0,0,323,2467[CR],964143578
C,12133,7882,0,0,359,2465[CR],964143906
F,12201,12674,0,0,304,2467[CR],964144343
C,12128,6798,0,0,296,2469[CR],964144671
F,12204,12675,0,0,311,2470[CR],964145109
C,12039,6860,0,0,311,2469[CR],964145546
F,12192,12675,0,0,322,2469[CR],964145875
C,12040,6902,0,0,305,2469[CR],964146312
F,12195,12674,0,0,313,2470[CR],964146640
C,12041,7014,0,0,330,2469[CR],964147078
F,12194,12675,0,0,314,2469[CR],964147406
>
Reset interface. Wait time for interface: 47

======== END OF TEST ========


