CPT-log version: 5.22
======== BEGIN OF TEST ========
DATE 12.10.2022

<Transmited Data>
<NEW BUTTON 09:51:03>
[^C][CR]
[^C][CR]
[^C][CR]
CLEAR[CR]
[^C][CR]
DOFF[CR]
[^C][CR]
SCAN E[CR]
[^C][CR]
[^C][CR]
CLEAR[CR]

<START BUTTON 09:58:57>
[^C][CR]
[^C][CR]
DRON[CR]
SCAN E[CR]
[^G][^G][^G][^G][^G][^G][^G][^G][^G][^G][^G][^G][^G][^G][^G][^G][^G][^G][^G][^G][^G][^G][^G]
<PAUSE BUTTON 10:09:00>
[^C][CR]
[^C][CR]
DOFF[CR]
[^C][CR]
CLEAR[CR]

<END BUTTON 10:14:50>
[^C][CR]
SCAN E[CR]
[^C][CR]
[^C][CR]


<Received Data>
<NEW BUTTON 09:51:03>

>
Reset interface. Wait time for interface: 46
>
Reset interface. Wait time for interface: 110
>
Reset interface. Wait time for interface: 109CLEAR
OK
>
Command: CLEAR Wait time for interface: 110

>
Reset interface. Wait time for interface: 109DOFF
OK
>
Command: DOFF Wait time for interface: 109

>
Reset interface. Wait time for interface: 63SCAN E
F,12212,12671,0,0,299,2770
C,12142,5112,0,0,276,2465[CR],528262312
F,12213,12671,0,0,283,2465[CR],528262750
C,12143,4912,0,0,273,2465[CR],528263078
F,12214,12669,0,0,276,2465[CR],528263515
C,12142,5122,0,0,297,2465[CR],528263859
F,12214,12672,0,0,273,2465[CR],528264296
C,12143,3612,0,0,329,2466[CR],528264625
F,12212,12672,0,0,278,2465[CR],528265093
C,12143,2682,0,0,309,2465[CR],528265437
F,12218,12671,0,0,275,2466[CR],528265875
C,12142,2192,0,0,283,2465[CR],528266203
F,12216,12672,0,0,307,2465[CR],528266562
A,35620,12214,0,0,283,2464[CR],528267031
F,12202,12672,0,0,296,2465[CR],528267390
C,12142,3298,0,0,293,2465[CR],528267828
F,12211,12672,0,0,302,2465[CR],528268171
C,12142,3282,0,0,255,2465[CR],528268609
F,12208,12670,0,0,287,2465[CR],528268937
C,12144,3406,0,0,279,2465[CR],528269390
F,12201,12672,0,0,280,2465[CR],528269734
C,12144,3130,0,0,279,2465[CR],528270171
F,12211,12672,0,0,305,2464[CR],528270500
C,12144,3108,0,0,278,2465[CR],528270937
F,12206,12672,0,0,257,2464[CR],528271265
C,12143,3072,0,0,279,2465[CR],528271703
F,12212,12671,0,0,313,2464[CR],528272031
C,12143,3350,0,0,243,2464[CR],528272468
F,12207,12670,0,0,273,2464[CR],528272906
A,35584,12209,0,0,287,2464[CR],528273234
F,12193,12671,0,0,264,2465[CR],528273671
C,12143,3802,0,0,293,2464[CR],528274000
F,12207,12671,0,0,287,2465[CR],528274437
C,12143,3926,0,0,303,2464[CR],528274437
>
Reset interface. Wait time for interface: 31
>
Reset interface. Wait time for interface: 31CLEAR
OK
>
Command: CLEAR Wait time for interface: 109

<START BUTTON 09:58:57>

>
Reset interface. Wait time for interface: 94
>
Reset interface. Wait time for interface: 109DRON
OK
>
Command: DRON Wait time for interface: 110
SCAN E
F,20352,13400,0,0,476,4605
C,14536,822,0,0,476,3997[CR],528545078
F,20208,13387,0,0,476,3996[CR],528545531
C,14529,832,0,0,477,3997[CR],528545875
F,20026,13380,0,0,477,3997[CR],528546312
C,14525,836,0,0,476,3997[CR],528546671
F,19834,13378,0,0,476,3996[CR],528547125
C,14520,830,0,0,476,3996[CR],528547453
F,19646,13379,0,0,477,3996[CR],528547906
A,35748,19514,0,0,477,3995[CR],528548250
F,19452,13384,0,0,476,3995[CR],528548703
C,14510,832,0,0,477,3995[CR],528549031
F,19308,13388,0,0,476,3994[CR],528549468
C,14508,818,0,0,477,3994[CR],528549796
F,19160,13393,0,0,477,3992[CR],528550234
C,14505,822,0,0,476,3992[CR],528550562
F,19016,13405,0,0,476,3992[CR],528551000
C,14502,822,0,0,476,3992[CR],528551437
F,18890,13412,0,0,477,3991[CR],528551765
C,14499,802,0,0,476,3991[CR],528552203
F,18780,13424,0,0,477,3991[CR],528552531
C,14498,818,0,0,476,3991[CR],528552968
F,18672,13436,0,0,476,3991[CR],528553296
C,14496,832,0,0,477,3990[CR],528553734
F,18568,13445,0,0,477,3991[CR],528554171
A,35736,18504,0,0,476,3989[CR],528554500
F,18460,13458,0,0,477,3989[CR],528554937
C,14491,826,0,0,477,3989[CR],528555265
F,18384,13471,0,0,477,3989[CR],528555703
C,14490,818,0,0,477,3988[CR],528556031
F,18306,13481,0,0,477,3988[CR],528556468
C,14487,820,0,0,476,3987[CR],528556796
F,18232,13495,0,0,477,3986[CR],528557234
C,14485,828,0,0,477,3987[CR],528557671
F,18158,13507,0,0,478,3986[CR],528558000
C,14483,816,0,0,477,3986[CR],528558437
F,18086,13520,0,0,478,3985[CR],528558765
C,14482,832,0,0,476,3986[CR],528559203
F,18016,13531,0,0,477,3985[CR],528559531
C,14480,826,0,0,476,3985[CR],528559968
F,17960,13545,0,0,477,3985[CR],528560406
A,35708,17912,0,0,476,3984[CR],528560734
F,17888,13559,0,0,476,3984[CR],528561171
C,14476,816,0,0,477,3984[CR],528561500
F,17840,13572,0,0,477,3984[CR],528561937
C,14475,806,0,0,477,3985[CR],528562265
F,17784,13584,0,0,477,3984[CR],528562703
C,14473,832,0,0,477,3983[CR],528563140
F,17734,13596,0,0,477,3983[CR],528563468
C,14473,814,0,0,477,3983[CR],528563906
F,17688,13608,2,35,593,4001[CR],528564234
C,14470,804,29,64,595,4067[CR],528564671
F,16896,14595,56,79,596,4055[CR],528565000
C,15553,822,83,73,596,4001[CR],528565437
F,17826,14566,110,73,596,3991[CR],528565875
C,14649,802,136,73,596,3992[CR],528566203
F,18246,15536,163,64,596,3969[CR],528566640
A,35672,17380,189,64,597,3944[CR],528566968
F,17208,16410,216,68,600,3955[CR],528567406
C,15499,836,242,60,600,3959[CR],528567734
F,16083,16998,268,57,602,3989[CR],528568171
C,16224,834,295,73,605,4027[CR],528568609
F,14008,17718,322,73,600,4048[CR],528568937
C,17406,830,348,73,596,4045[CR],528569375
F,12931,16107,375,73,592,4053[CR],528569703
C,17366,826,401,68,591,4028[CR],528570140
F,13718,14890,427,64,591,4003[CR],528570468
C,17652,834,452,64,591,3983[CR],528570906
F,14647,14726,475,64,592,3946[CR],528571343
C,17350,834,497,54,593,3924[CR],528571671
F,15655,15270,520,51,592,3888[CR],528572109
C,17254,836,543,54,591,3844[CR],528572437
F,16854,15074,564,54,592,3772[CR],528572875
A,35684,17750,583,44,596,3772[CR],528573203
F,18106,15667,601,47,599,3798[CR],528573640
C,15635,834,618,43,599,3825[CR],528574078
F,18794,17112,635,38,600,3860[CR],528574406
C,15514,826,653,44,598,3890[CR],528574843
F,16436,17528,670,43,595,3905[CR],528575171
C,15810,836,688,47,593,3865[CR],528575609
F,16562,16241,706,47,595,3860[CR],528575937
C,15690,840,723,41,594,3894[CR],528576375
F,17448,15619,744,51,595,3866[CR],528576812
C,15872,836,763,54,595,3802[CR],528577140
F,17136,14648,783,47,596,3770[CR],528577578
C,15135,852,802,51,600,3761[CR],528577906
F,19564,13759,821,44,599,3770[CR],528578343
C,14678,840,840,51,595,3793[CR],528578671
F,21460,14361,859,47,593,3845[CR],528579125
A,35636,20994,877,51,595,3911[CR],528579562
F,20334,15412,896,47,595,3945[CR],528579890
C,15946,834,915,54,594,3978[CR],528580328
F,17334,15621,934,47,593,3994[CR],528580656
C,16546,834,953,54,592,4004[CR],528581093
F,16390,15185,973,47,591,3990[CR],528581421
C,16357,834,992,54,593,3999[CR],528581859
F,17422,14241,1011,47,595,3973[CR],528582296
C,15690,836,1030,51,595,4013[CR],528582625
F,19248,14318,1049,44,593,4055[CR],528583062
C,15596,834,1068,51,593,4070[CR],528583390
F,18970,14369,1088,44,590,4062[CR],528583828
C,15269,840,1107,51,586,4100[CR],528584156
F,19866,14500,1126,47,585,4103[CR],528584593
C,15661,836,1145,51,588,4109[CR],528585031
F,18238,14937,1164,43,588,4168[CR],528585359
A,35616,17646,1183,51,586,4186[CR],528585796
F,17322,14696,1203,49,586,4106[CR],528586125
C,17074,850,1224,51,588,4017[CR],528586562
F,17482,13801,1244,54,593,3952[CR],528586890
C,14812,896,1263,47,596,3945[CR],528587328
F,20030,15111,1282,54,597,3972[CR],528587765
C,14640,866,1301,47,600,3978[CR],528588093
F,21982,15690,1321,51,600,3982[CR],528588531
C,14876,872,1340,47,599,3994[CR],528588859
F,21226,16438,1360,51,596,4005[CR],528589296
C,15298,862,1379,43,590,4005[CR],528589625
F,18692,15586,1399,51,588,3957[CR],528590062
C,15143,876,1419,57,589,3940[CR],528590500
F,18676,14154,1439,49,595,3928[CR],528590828
C,14713,872,1458,54,599,3936[CR],528591265
F,21082,13720,1477,49,599,3956[CR],528591593
A,35628,22012,1496,54,588,3997[CR],528592031
F,20780,14463,1516,47,580,4039[CR],528592437
C,16588,880,1535,54,577,4042[CR],528592796
F,17494,14201,1554,47,577,4033[CR],528593156
C,16472,880,1574,51,580,4004[CR],528593562
F,18284,13689,1594,44,581,4001[CR],528594000
C,15492,892,1614,51,582,4005[CR],528594328
F,19694,14304,1633,49,580,4018[CR],528594765
C,14841,888,1652,47,582,4060[CR],528595093
F,21286,15748,1672,54,581,4090[CR],528595531
C,15379,912,1691,49,580,4107[CR],528595968
F,18234,15932,1711,57,581,4057[CR],528596296
C,15252,898,1731,47,586,4016[CR],528596734
F,19438,14285,1751,51,587,4020[CR],528597062
C,14324,898,1763,6,475,4008[CR],528597500
F,22360,13815,1763,1,470,3921[CR],528597828
A,35568,23500,1763,7,483,3345[CR],528598265
F,23834,13513,1763,1,480,3254[CR],528598703
C,13987,890,1763,1,484,3269[CR],528599031
F,24378,13459,1763,0,588,1866[CR],528599468
C,13927,886,1763,0,486,1869[CR],528599796
F,17626,12663,1763,0,484,1968[CR],528600234
C,12076,902,1763,0,440,2004[CR],528600562
F,18298,12663,1763,0,452,2128[CR],528601000
C,12111,902,1763,0,451,2152[CR],528601546
Z,0,0,1763,0,223,2398[CR],528601765
C,12115,896,1763,0,232,2455[CR],528602203
F,18926,12666,1763,0,222,2452[CR],528602640
Z,0,0,1763,0,0,2444[CR],528603187
Z,0,0,1763,0,0,2481[CR],528603625
Z,0,0,1763,0,0,2491[CR],528604171
Z,0,0,1763,0,0,2495[CR],528604718
Z,0,0,1763,0,0,2499[CR],528605156
Z,0,0,1763,0,0,2504[CR],528605703
Z,0,0,1763,0,0,2506[CR],528606140
Z,0,0,1763,0,376,2506[CR],528606687
Z,0,0,1763,0,0,2506[CR],528607125
Z,0,0,1763,0,0,2496[CR],528607671
Z,0,0,1763,0,0,2502[CR],528608218
Z,0,0,1763,0,0,2499[CR],528608656
Z,0,0,1763,0,0,2514[CR],528609203
Z,0,0,1763,0,0,2510[CR],528609640
Z,0,0,1763,0,0,2513[CR],528610187
Z,0,0,1763,0,0,2514[CR],528610625
Z,0,0,1763,0,0,2498[CR],528611171
Z,0,0,1763,0,0,2501[CR],528611718
Z,0,0,1763,0,0,2500[CR],528612156
Z,0,0,1763,0,0,2505[CR],528612703
Z,0,0,1763,0,0,2505[CR],528613140
Z,0,0,1763,0,0,2509[CR],528613687
Z,0,0,1763,0,0,2510[CR],528614125
Z,0,0,1763,0,0,2509[CR],528614671
Z,0,0,1763,0,0,2510[CR],528615218
Z,0,0,1763,0,0,2471[CR],528615656
Z,0,0,1763,0,0,2429[CR],528616203
Z,0,0,1763,0,0,2442[CR],528616640
Z,0,0,1763,0,0,2453[CR],528617187
Z,0,0,1763,0,0,2452[CR],528617625
Z,0,0,1763,0,0,2462[CR],528618171
Z,0,0,1763,0,1,2466[CR],528618718
Z,0,0,1763,0,0,2474[CR],528619156
Z,0,0,1763,0,0,2475[CR],528619703
Z,0,0,1763,0,0,2475[CR],528620140
Z,0,0,1763,0,0,2474[CR],528620687
Z,0,0,1763,0,0,2475[CR],528621125
Z,0,0,1763,0,0,2474[CR],528621671
Z,0,0,1763,0,0,2475[CR],528622218
Z,0,0,1763,0,0,2476[CR],528622656
Z,0,0,1763,0,0,2478[CR],528623203
Z,0,0,1763,0,0,2480[CR],528623640
Z,0,0,1763,0,0,2482[CR],528624187
Z,0,0,1763,0,0,2501[CR],528624625
Z,0,0,1763,43,0,2491[CR],528625171
Z,0,0,1763,79,0,2492[CR],528625718
Z,0,0,1763,27,422,2497[CR],528626156
Z,0,0,1763,6,408,3713[CR],528626375
F,17208,12665,1763,2,405,4926[CR],528626812
C,12133,894,1763,1,403,4907[CR],528627140
F,17150,12664,1763,0,402,4903[CR],528627578
C,12122,898,1763,0,396,4899[CR],528627906
F,17138,12665,1763,0,400,4925[CR],528628343
C,12117,894,1763,0,399,4924[CR],528628781
F,17120,12664,1763,0,398,4922[CR],528629109
A,35448,17096,1763,4,465,3923[CR],528629546
F,17078,12778,1763,1,466,3397[CR],528629875
C,12395,902,1763,1,469,3381[CR],528630312
F,17086,12783,1763,0,469,3372[CR],528630640
C,12352,898,1763,0,468,3367[CR],528631078
F,17246,12753,1763,0,470,3363[CR],528631515
C,12333,902,1763,0,469,3358[CR],528631843
F,17338,12732,1763,0,469,3357[CR],528632281
C,12322,894,1763,0,470,3354[CR],528632609
F,17354,12718,1763,0,470,3352[CR],528633046
C,12312,916,1763,0,469,3350[CR],528633375
F,17250,12707,1763,49,568,3531[CR],528633812
C,12306,912,1764,43,588,3678[CR],528634250
F,22258,13189,1783,49,577,3855[CR],528634578
C,13470,898,1801,43,578,4068[CR],528635015
F,26040,13142,1821,49,572,4207[CR],528635343
A,35424,19714,1839,44,573,4294[CR],528635781
F,18166,13876,1858,51,577,4343[CR],528636109
C,16031,902,1877,47,579,4353[CR],528636546
F,17108,13702,1897,51,577,4350[CR],528636984
C,15250,902,1915,39,577,4370[CR],528637312
F,19626,14784,1934,49,578,4400[CR],528637750
C,16522,896,1953,44,581,4464[CR],528638078
F,17946,16404,1972,47,580,4546[CR],528638515
C,19482,912,1991,44,580,4613[CR],528638843
F,14437,16962,2010,49,578,4652[CR],528639281
C,20916,902,2029,47,577,4638[CR],528639718
F,13375,15867,2049,51,573,4590[CR],528640046
C,20460,902,2067,44,575,4538[CR],528640484
F,14262,14959,2087,49,574,4529[CR],528640812
C,19704,890,2106,51,575,4533[CR],528641250
F,15335,15980,2126,49,578,4476[CR],528641578
A,35460,15782,2146,54,581,4355[CR],528642015
F,15739,16662,2166,47,580,4246[CR],528642453
C,17022,902,2186,51,575,4202[CR],528642781
F,16818,16345,2204,43,573,4245[CR],528643218
C,15790,908,2222,49,582,4427[CR],528643546
F,20218,16298,2241,47,582,4618[CR],528643984
C,20888,906,2260,51,579,4685[CR],528644312
F,17424,15887,2280,44,574,4658[CR],528644750
C,23290,906,2299,54,574,4616[CR],528645187
F,15972,14857,2319,47,577,4587[CR],528645515
C,21680,912,2338,49,578,4566[CR],528645953
F,16656,15256,2357,47,576,4592[CR],528646281
C,19816,920,2376,49,575,4641[CR],528646718
F,17600,16260,2395,41,576,4715[CR],528647046
C,18690,916,2415,51,577,4733[CR],528647484
F,17396,17350,2434,54,578,4672[CR],528647921
A,35400,15945,2454,47,582,4575[CR],528648250
F,15346,17760,2473,54,581,4540[CR],528648687
C,17168,938,2493,47,580,4536[CR],528649031
F,14213,16332,2512,51,579,4503[CR],528649453
C,16153,916,2531,44,579,4517[CR],528649781
F,15309,15626,2550,51,579,4532[CR],528650218
C,15538,920,2570,49,578,4536[CR],528650656
F,16119,16160,2590,51,578,4528[CR],528650984
C,15914,924,2609,47,580,4557[CR],528651421
F,16542,16826,2629,51,580,4618[CR],528651750
C,16772,948,2648,54,580,4692[CR],528652187
F,15753,16217,2669,51,582,4707[CR],528652515
C,16050,972,2688,54,582,4721[CR],528652953
F,16396,14501,2708,47,580,4777[CR],528653390
C,15163,968,2727,54,579,4822[CR],528653718
F,18026,14181,2747,47,575,4828[CR],528654156
A,35392,19010,2767,49,575,4850[CR],528654484
F,19000,15250,2786,51,577,4841[CR],528654921
C,15942,974,2807,51,581,4781[CR],528655250
F,17880,15139,2828,54,581,4709[CR],528655687
C,14950,980,2847,47,576,4683[CR],528656125
F,18834,15135,2868,51,572,4691[CR],528656453
C,15407,960,2887,49,573,4695[CR],528656890
F,19344,15901,2908,51,573,4644[CR],528657218
C,16054,974,2927,57,574,4690[CR],528657656
F,17976,15195,2947,44,577,4732[CR],528657984
C,15396,978,2967,57,579,4770[CR],528658421
F,19072,14130,2986,47,577,4795[CR],528658859
C,14784,980,3007,54,575,4808[CR],528659187
F,20522,14637,3027,51,572,4779[CR],528659625
C,15015,980,3047,49,571,4753[CR],528659953
F,21006,14708,3067,54,571,4741[CR],528660390
A,35368,21156,3088,49,570,4656[CR],528660718
F,20778,15142,3109,54,567,4576[CR],528661156
C,15335,992,3129,57,565,4596[CR],528661593
F,20216,15767,3148,49,564,4608[CR],528661921
C,16120,984,3168,54,562,4607[CR],528662359
F,18192,15497,3189,47,562,4595[CR],528662687
C,16454,990,3209,51,560,4580[CR],528663125
F,18346,15003,3229,51,560,4552[CR],528663453
C,16281,982,3250,49,562,4528[CR],528663890
F,18086,14720,3270,54,564,4528[CR],528664328
C,15324,1006,3290,49,566,4538[CR],528664656
F,19382,13885,3310,51,559,4581[CR],528665093
C,15293,1012,3329,41,559,4664[CR],528665421
F,21008,14389,3349,51,558,4709[CR],528665859
C,16404,1008,3369,57,556,4745[CR],528666187
F,20104,14994,3388,49,557,4808[CR],528666625
A,35320,19230,3408,54,561,4870[CR],528667062
F,18310,16408,3428,49,561,4908[CR],528667468
C,18176,1042,3448,54,557,4891[CR],528667828
F,14770,15616,3468,44,559,4871[CR],528668187
C,17648,1016,3488,49,557,4906[CR],528668593
F,15668,14863,3508,54,559,4928[CR],528668921
C,18484,1028,3528,49,558,4932[CR],528669359
F,14774,15581,3548,54,555,4924[CR],528669796
C,18052,1038,3568,44,557,4952[CR],528670125
F,15299,14483,3588,51,559,4980[CR],528670562
C,18116,1048,3608,47,559,4982[CR],528670890
F,15896,14683,3628,49,560,5012[CR],528671328
C,18480,1044,3648,57,560,5019[CR],528671656
F,16392,15057,3668,49,562,5005[CR],528672093
C,18532,1050,3688,54,564,4968[CR],528672531
F,16764,15335,3708,51,568,4960[CR],528672859
A,35340,17172,3728,49,571,4975[CR],528673296
F,17292,16150,3748,54,570,4970[CR],528673625
C,17480,1054,3763,8,438,4945[CR],528674062
F,17578,16165,3763,3,415,4827[CR],528674390
C,16122,1058,3763,1,413,4800[CR],528674828
F,18402,15214,3763,0,409,4796[CR],528675156
C,15943,1058,3763,0,407,4796[CR],528675593
F,18934,14844,3763,0,404,4797[CR],528676031
C,15889,1042,3763,0,403,4796[CR],528676359
F,19172,14666,3763,0,371,4803[CR],528676796
C,15851,1054,3763,0,385,4861[CR],528677125
F,19232,14564,3763,0,383,4867[CR],528677562
C,15818,1056,3763,0,396,4878[CR],528677890
F,19198,14505,3763,0,409,4902[CR],528678328
C,15791,1052,3763,0,417,4901[CR],528678765
F,19066,14470,3763,0,419,4904[CR],528679093
A,35284,18936,3763,0,374,3796[CR],528679640
Z,0,0,3763,0,0,2567[CR],528680078
Z,0,0,3763,0,0,2472[CR],528680625
Z,0,0,3763,0,0,2494[CR],528681171
Z,0,0,3763,0,0,2496[CR],528681609
Z,0,0,3763,0,0,2493[CR],528682156
Z,0,0,3763,0,0,2493[CR],528682593
Z,0,0,3763,0,0,2494[CR],528683140
Z,0,0,3763,0,0,2494[CR],528683578
Z,0,0,3763,0,0,2494[CR],528684125
Z,0,0,3763,0,0,2496[CR],528684671
Z,0,0,3763,0,0,2491[CR],528685109
Z,0,0,3763,0,0,2489[CR],528685656
Z,0,0,3763,0,0,2488[CR],528686093
Z,0,0,3763,0,0,2488[CR],528686640
Z,0,0,3763,0,0,2493[CR],528687078
Z,0,0,3763,0,0,2489[CR],528687625
Z,0,0,3763,0,0,2484[CR],528688171
Z,0,0,3763,0,1,2480[CR],528688609
Z,0,0,3763,0,0,2481[CR],528689156
Z,0,0,3763,0,0,2479[CR],528689593
Z,0,0,3763,0,0,2481[CR],528690140
Z,0,0,3763,0,0,2480[CR],528690578
Z,0,0,3763,0,0,2481[CR],528691125
Z,0,0,3763,0,0,2480[CR],528691671
Z,0,0,3763,0,0,2477[CR],528692109
Z,0,0,3763,0,0,2475[CR],528692656
Z,0,0,3763,0,0,2444[CR],528693093
Z,0,0,3763,0,0,2447[CR],528693640
Z,0,0,3763,0,0,2454[CR],528694078
Z,0,0,3763,0,0,2462[CR],528694625
Z,0,0,3763,0,0,2461[CR],528695171
Z,0,0,3763,0,0,2462[CR],528695609
Z,0,0,3763,0,0,2472[CR],528696156
Z,0,0,3763,0,0,2472[CR],528696593
Z,0,0,3763,0,0,2474[CR],528697140
Z,0,0,3763,0,0,2474[CR],528697578
Z,0,0,3763,0,0,2473[CR],528698125
Z,0,0,3763,0,0,2474[CR],528698671
Z,0,0,3763,0,0,2472[CR],528699109
Z,0,0,3763,0,0,2473[CR],528699656
Z,0,0,3763,0,0,2474[CR],528700093
Z,0,0,3763,0,0,2476[CR],528700640
Z,0,0,3763,0,246,2479[CR],528701078
Z,0,0,3763,0,0,2484[CR],528701625
Z,0,0,3763,0,381,2488[CR],528702171
Z,0,0,3763,0,0,2484[CR],528702609
Z,0,0,3763,43,0,2496[CR],528703156
Z,0,0,3763,43,0,2492[CR],528703593
Z,0,0,3767,24,290,2615[CR],528704140
A,35204,17316,3771,4,265,3439[CR],528704468
F,17308,13615,3771,1,252,3645[CR],528704906
C,14947,1046,3771,1,268,3618[CR],528705234
F,17320,13650,3771,0,266,3608[CR],528705671
C,14956,1048,3771,0,195,3602[CR],528706109
F,17304,13651,3771,0,195,3605[CR],528706437
C,14959,1064,3771,0,172,3603[CR],528706875
F,17294,13650,3771,0,198,3597[CR],528707203
C,14961,1056,3771,0,361,3585[CR],528707640
F,17288,13649,3771,0,357,3587[CR],528708078
C,14961,1058,3771,0,359,3589[CR],528708406
F,17278,13644,3771,0,359,3586[CR],528708843
C,14960,1042,3771,0,361,3585[CR],528709171
F,17278,13639,3771,0,358,3581[CR],528709609
C,14958,1068,3771,0,355,3581[CR],528709937
F,17262,13634,3771,0,356,3580[CR],528710375
A,35200,17256,3771,0,359,3579[CR],528710812
F,17242,13631,3771,0,361,3579[CR],528711140
C,14954,1058,3771,0,356,3578[CR],528711578
F,17252,13623,3776,35,402,3797[CR],528711906
C,14952,1060,3791,60,549,5088[CR],528712343
F,17276,17058,3811,49,552,5396[CR],528712671
C,17560,1040,3831,54,557,5415[CR],528713109
F,16784,16010,3851,49,566,5445[CR],528713437
C,17766,1042,3870,49,555,5477[CR],528713875
F,17074,15972,3890,49,550,5511[CR],528714312
C,18968,1024,3910,51,547,5534[CR],528714656
F,17022,15541,3929,43,547,5532[CR],528715078
C,19672,1042,3949,49,547,5498[CR],528715406
F,16542,14735,3969,54,547,5489[CR],528715843
C,19478,1058,3989,47,548,5461[CR],528716171
F,17232,15033,4009,51,547,5424[CR],528716609
A,35168,17618,4029,47,548,5382[CR],528717046
F,17754,15390,4049,51,550,5351[CR],528717343
C,18432,1054,4068,47,554,5345[CR],528717812
F,18368,16808,4088,49,555,5333[CR],528718140
C,18312,1050,4108,54,560,5343[CR],528718578
F,18834,16564,4127,49,563,5440[CR],528718906
C,19558,1042,4147,51,556,5545[CR],528719343
F,18690,16978,4166,49,555,5588[CR],528719781
C,21510,1042,4187,54,551,5573[CR],528720109
F,14809,15717,4206,47,547,5586[CR],528720546
C,21564,1054,4226,51,546,5608[CR],528720875
F,15533,15243,4245,60,545,5647[CR],528721312
C,20468,1050,4265,51,547,5608[CR],528721640
F,16068,16013,4285,51,554,5622[CR],528722078
C,19428,1054,4304,47,558,5690[CR],528722515
F,16574,17666,4324,51,558,5775[CR],528722843
A,35156,16634,4343,49,554,5873[CR],528723281
F,16010,18778,4363,51,552,5875[CR],528723609
C,20500,1060,4382,43,554,5905[CR],528724046
F,14833,17246,4402,49,552,6009[CR],528724375
C,21338,1060,4422,54,555,6029[CR],528724812
F,15401,16406,4442,49,553,5960[CR],528725140
C,21394,1068,4462,54,555,5893[CR],528725578
F,15542,16029,4482,49,554,5810[CR],528726015
C,20836,1064,4502,51,552,5799[CR],528726343
F,15959,16313,4522,43,551,5840[CR],528726781
C,20172,1056,4541,51,552,5893[CR],528727125
F,16356,16450,4561,60,551,5961[CR],528727546
C,19926,1060,4581,49,551,5957[CR],528727984
F,16796,16578,4600,54,548,5926[CR],528728312
C,19826,1054,4621,49,547,5891[CR],528728750
F,17092,16606,4641,51,545,5876[CR],528729078
A,35164,17370,4660,41,552,5944[CR],528729515
F,17518,16740,4679,49,556,6074[CR],528729843
C,19786,1062,4698,41,555,6164[CR],528730281
F,17794,18312,4718,49,555,6206[CR],528730718
C,21802,1058,4737,54,553,6217[CR],528731046
F,14217,17666,4757,49,552,6234[CR],528731484
C,21928,1062,4777,54,552,6223[CR],528731812
F,14434,16496,4797,47,551,6224[CR],528732250
C,21600,1052,4817,51,548,6225[CR],528732578
F,14872,16488,4837,44,549,6282[CR],528733015
C,20674,1058,4856,51,549,6354[CR],528733453
F,15187,16788,4876,51,550,6379[CR],528733781
C,19620,1064,4896,49,547,6333[CR],528734218
F,15512,17124,4917,54,547,6258[CR],528734546
C,18200,1076,4937,47,546,6215[CR],528734984
F,15952,16664,4957,51,548,6204[CR],528735312
A,35116,16384,4976,54,550,6263[CR],528735750
F,16588,17636,4996,49,552,6364[CR],528736093
C,18564,1058,5015,57,551,6477[CR],528736515
F,16300,18178,5035,49,549,6519[CR],528736953
C,19784,1050,5054,54,546,6533[CR],528737281
F,16236,16550,5073,44,552,6651[CR],528737718
C,21164,1064,5091,51,556,6848[CR],528738046
F,17282,16130,5110,47,552,7032[CR],528738484
C,26804,1064,5129,54,557,7118[CR],528738921
F,13765,16906,5148,49,558,7180[CR],528739250
C,29636,1060,5168,57,551,7164[CR],528739687
F,11794,16184,5189,49,549,7107[CR],528740015
C,29492,1064,5209,51,549,7058[CR],528740453
F,12114,14922,5229,51,547,7024[CR],528740781
C,28348,1062,5249,51,547,7022[CR],528741218
F,12410,14785,5268,57,546,7011[CR],528741671
A,35136,12658,5288,49,547,7024[CR],528742000
F,12748,14979,5308,54,548,7052[CR],528742437
C,27980,1064,5327,49,547,7055[CR],528742765
F,13155,14809,5347,54,546,7080[CR],528743203
C,28528,1060,5366,43,547,7116[CR],528743531
F,13519,14878,5386,49,547,7172[CR],528743968
C,29000,1072,5405,41,548,7259[CR],528744312
F,14009,14823,5425,49,547,7334[CR],528744734
C,29692,1076,5443,41,544,7385[CR],528745171
F,14469,14145,5463,51,541,7376[CR],528745500
C,29884,1076,5483,57,540,7337[CR],528745937
F,14913,13887,5503,49,539,7315[CR],528746265
C,28512,1074,5523,54,539,7291[CR],528746703
F,15511,14360,5543,43,540,7247[CR],528747140
C,27820,1070,5563,51,538,7228[CR],528747468
F,16246,14361,5583,54,540,7246[CR],528747906
A,35132,16612,5603,51,534,7235[CR],528748234
F,16788,14614,5623,54,535,7227[CR],528748671
C,28468,1070,5642,47,535,7215[CR],528749000
F,17116,14349,5662,51,533,7215[CR],528749437
C,28836,1068,5682,47,535,7238[CR],528749875
F,17268,13917,5701,51,532,7264[CR],528750203
C,28548,1062,5720,44,529,7339[CR],528750640
F,17322,13667,5740,49,531,7396[CR],528750968
C,28336,1042,5759,54,529,7409[CR],528751406
F,17566,13704,5762,2,273,7303[CR],528751734
C,27404,1074,5762,1,319,7256[CR],528752171
F,17766,13942,5762,0,282,6492[CR],528752609
C,25056,1066,5762,0,280,6475[CR],528752937
F,17848,13977,5762,0,268,6479[CR],528753375
C,24792,1060,5762,0,204,6522[CR],528753703
F,17862,13992,5762,0,199,6616[CR],528754140
A,35108,17860,5762,0,211,6620[CR],528754468
F,17846,14012,5762,0,291,6522[CR],528754859
C,24554,1066,5762,0,292,6358[CR],528755343
F,17852,14021,5762,0,286,6362[CR],528755671
C,24468,1066,5762,0,280,6364[CR],528756109
F,17854,14033,5762,0,340,5436[CR],528756546
Z,0,0,5762,0,0,2865[CR],528757093
Z,0,0,5762,0,0,2471[CR],528757531
Z,0,0,5762,0,0,2478[CR],528758078
Z,0,0,5762,0,0,2488[CR],528758625
Z,0,0,5762,0,0,2489[CR],528759062
Z,0,0,5762,0,0,2487[CR],528759609
Z,0,0,5762,0,0,2486[CR],528760046
Z,0,0,5762,0,0,2486[CR],528760593
Z,0,0,5762,0,0,2486[CR],528761031
Z,0,0,5762,0,0,2486[CR],528761578
Z,0,0,5762,0,0,2486[CR],528762125
Z,0,0,5762,0,0,2486[CR],528762562
Z,0,0,5762,0,0,2484[CR],528763109
Z,0,0,5762,0,0,2479[CR],528763546
Z,0,0,5762,0,0,2484[CR],528764093
Z,0,0,5762,0,0,2485[CR],528764640
Z,0,0,5762,0,0,2481[CR],528765078
Z,0,0,5762,0,0,2482[CR],528765625
Z,0,0,5762,0,7,2481[CR],528766062
Z,0,0,5762,0,137,2481[CR],528766609
Z,0,0,5762,0,0,2480[CR],528767046
Z,0,0,5762,0,0,2482[CR],528767484
U,9901,95872,5762,0,3,2477[CR],528767921
Z,0,0,5762,0,0,2479[CR],528768468
Z,0,0,5762,0,0,2480[CR],528769015
Z,0,0,5762,0,0,2477[CR],528769453
Z,0,0,5762,0,0,2479[CR],528770000
Z,0,0,5762,0,0,2481[CR],528770437
Z,0,0,5762,0,3,2450[CR],528770984
Z,0,0,5762,0,0,2466[CR],528771531
Z,0,0,5762,0,0,2464[CR],528771968
Z,0,0,5762,0,0,2466[CR],528772515
Z,0,0,5762,0,5,2467[CR],528772953
Z,0,0,5762,0,0,2471[CR],528773500
Z,0,0,5762,0,0,2474[CR],528773937
Z,0,0,5762,0,0,2475[CR],528774484
Z,0,0,5762,0,1,2477[CR],528775031
Z,0,0,5762,0,0,2478[CR],528775468
Z,0,0,5762,0,0,2474[CR],528776015
Z,0,0,5762,0,0,2475[CR],528776453
Z,0,0,5762,0,0,2478[CR],528777000
Z,0,0,5762,0,319,2478[CR],528777437
Z,0,0,5762,0,0,2479[CR],528777984
Z,0,0,5762,0,1,2480[CR],528778531
Z,0,0,5762,0,0,2482[CR],528778968
Z,0,0,5762,0,251,2488[CR],528779515
Z,0,0,5762,0,0,2496[CR],528779953
Z,0,0,5762,79,0,2493[CR],528780500
Z,0,0,5762,73,0,2488[CR],528781046
Z,0,0,5763,33,179,3187[CR],528781046
F,17820,13033,5763,8,155,4225[CR],528781484
C,20566,1062,5763,2,99,4298[CR],528781812
F,17836,13196,5763,1,112,4283[CR],528782250
C,20830,1050,5763,0,140,4270[CR],528782687
F,17818,13196,5763,0,43,4269[CR],528783015
C,20830,1048,5763,0,42,4292[CR],528783453
F,17820,13194,5763,0,0,4284[CR],528783781
C,20828,1056,5763,0,6,4279[CR],528784218
F,17820,13193,5763,0,267,4273[CR],528784546
C,20826,1064,5763,0,280,4277[CR],528784984
F,17810,13191,5763,0,269,4279[CR],528785421
A,35084,17814,5763,0,270,4273[CR],528785750
F,17800,13187,5763,0,274,4268[CR],528786187
C,20814,1064,5763,0,272,4264[CR],528786515
F,17814,13185,5763,0,279,4260[CR],528786953
C,20808,1056,5763,0,279,4256[CR],528787281
F,17812,13182,5763,0,277,4253[CR],528787718
C,20804,1064,5763,0,268,4250[CR],528788156
F,17818,13178,5763,0,268,4246[CR],528788484
C,20798,1052,5768,39,338,4366[CR],528788921
F,17808,13176,5779,31,375,5922[CR],528789250
C,21140,1058,5796,51,534,7550[CR],528789687
F,17918,13854,5815,44,532,7700[CR],528790015
C,27764,1048,5834,47,532,7795[CR],528790453
F,17558,13926,5852,44,537,7909[CR],528790890
C,27952,1058,5872,49,533,7975[CR],528791218
F,17490,14239,5890,41,534,8034[CR],528791656
A,35108,17558,5910,49,535,8043[CR],528791984
F,17584,14106,5929,41,536,8012[CR],528792375
C,27544,1050,5949,49,534,7978[CR],528792750
F,17598,13825,5968,54,534,7932[CR],528793187
C,27332,1056,5988,47,536,7946[CR],528793625
F,17592,13930,6007,54,536,7939[CR],528793953
C,27360,1042,6026,49,537,7950[CR],528794390
F,17598,13956,6045,54,535,7976[CR],528794718
C,27100,1032,6064,47,533,8017[CR],528795156
F,17742,13869,6084,51,534,8024[CR],528795484
C,26848,1022,6103,47,531,8043[CR],528795921
F,17648,14055,6122,49,531,8047[CR],528796359
C,26696,1012,6142,47,528,8067[CR],528796687
F,17728,13958,6161,49,531,8100[CR],528797125
C,26432,1032,6180,44,529,8112[CR],528797453
F,17694,13827,6200,49,531,8080[CR],528797890
A,35056,17838,6219,43,532,8039[CR],528798218
F,17778,13820,6239,49,533,8047[CR],528798656
C,26716,1004,6258,57,532,8064[CR],528799093
F,17820,13785,6277,49,531,8068[CR],528799437
C,26860,978,6296,57,533,8052[CR],528799859
F,17794,13676,6316,49,533,8054[CR],528800187
C,27204,1004,6335,51,532,8095[CR],528800625
F,17716,13963,6355,47,533,8131[CR],528800953
C,27972,1020,6374,51,534,8157[CR],528801390
F,17802,13692,6393,47,535,8185[CR],528801828
C,29052,1000,6412,51,535,8204[CR],528802156
F,17836,13646,6431,47,532,8219[CR],528802593
C,29436,1004,6451,51,533,8210[CR],528802921
F,17826,13847,6470,47,533,8168[CR],528803359
C,29564,1012,6490,51,532,8163[CR],528803687
F,17718,13976,6508,47,532,8209[CR],528804125
A,35064,17506,6528,51,536,8267[CR],528804562
F,16718,14778,6547,43,533,8316[CR],528804890
C,30552,1010,6566,47,531,8343[CR],528805328
F,16120,14562,6584,49,531,8406[CR],528805656
C,31296,1006,6604,49,533,8427[CR],528806093
F,17122,14513,6623,51,532,8425[CR],528806421
C,31852,1010,6643,49,540,8388[CR],528806859
F,17616,14904,6662,54,542,8367[CR],528807296
C,31664,1026,6682,47,549,8384[CR],528807625
F,17628,14225,6701,54,539,8337[CR],528808062
C,30756,1000,6721,47,535,8270[CR],528808390
F,17304,14461,6741,54,534,8126[CR],528808828
C,27576,1020,6761,43,536,8039[CR],528809156
F,18044,14757,6780,51,549,8027[CR],528809593
C,25524,1008,6799,47,548,8016[CR],528809937
F,17634,16317,6819,49,542,8012[CR],528810359
A,35084,16732,6839,57,548,7997[CR],528810796
F,16994,17126,6858,49,548,7998[CR],528811140
C,25024,990,6877,54,531,7999[CR],528811562
F,17580,17050,6897,47,534,7976[CR],528811890
C,24170,990,6916,54,535,7930[CR],528812328
F,18112,18398,6936,47,534,7920[CR],528812765
C,22676,1000,6956,51,532,7907[CR],528813093
F,18718,18814,6975,44,535,7921[CR],528813531
C,21868,984,6994,51,536,7961[CR],528813859
F,19654,18832,7012,44,543,8062[CR],528814296
C,22870,976,7031,51,541,8181[CR],528814625
F,17750,19622,7050,44,536,8267[CR],528815062
C,25280,972,7069,51,535,8303[CR],528815500
F,12075,19468,7088,47,530,8306[CR],528815828
C,25436,964,7108,51,526,8302[CR],528816265
F,11604,16996,7127,41,526,8287[CR],528816593
A,35084,12028,7147,49,528,8255[CR],528817031
F,12213,15904,7166,57,529,8205[CR],528817359
C,23854,966,7186,47,529,8141[CR],528817796
F,13045,15641,7206,54,530,8091[CR],528818234
C,22388,992,7225,47,532,8078[CR],528818562
F,13927,15969,7245,51,536,8091[CR],528819000
C,21436,968,7263,47,536,8124[CR],528819328
F,15108,16361,7282,49,534,8214[CR],528819765
C,22730,956,7301,44,535,8291[CR],528820093
F,14123,17140,7320,51,532,8334[CR],528820531
C,23272,960,7339,47,532,8350[CR],528820875
F,11703,16530,7359,51,530,8344[CR],528821296
C,23238,964,7378,44,529,8387[CR],528821734
F,12224,15649,7398,51,531,8399[CR],528822062
C,23522,966,7417,44,533,8401[CR],528822500
F,13089,16339,7436,51,531,8385[CR],528822828
A,35104,13804,7456,57,535,8353[CR],528823265
F,14082,17576,7475,51,535,8308[CR],528823703
C,23896,946,7495,57,534,8266[CR],528824031
F,15119,18198,7515,51,531,8239[CR],528824468
C,23226,946,7534,54,527,8224[CR],528824796
F,16168,17870,7554,47,526,8193[CR],528825234
C,22440,952,7574,51,524,8147[CR],528825562
F,17208,17310,7593,44,523,8128[CR],528826000
C,21758,954,7613,54,527,8105[CR],528826437
F,18144,16776,7632,41,524,8105[CR],528826765
C,21408,930,7651,51,528,8123[CR],528827203
F,18936,16882,7670,49,531,8150[CR],528827531
C,21942,932,7690,49,531,8174[CR],528827968
F,18874,17280,7709,49,529,8201[CR],528828296
C,23302,932,7728,49,529,8288[CR],528828734
F,17514,17910,7746,49,529,8380[CR],528829171
A,35080,17022,7762,11,233,8441[CR],528829500
F,17188,18036,7762,2,30,8304[CR],528829953
C,22602,924,7762,1,12,8298[CR],528830265
F,18120,19016,7762,0,0,8290[CR],528830703
C,21914,926,7762,0,1,8288[CR],528831031
F,18564,19150,7762,0,0,8284[CR],528831468
C,21712,924,7762,0,14,8284[CR],528831906
F,18722,19192,7762,0,0,8295[CR],528832234
C,21570,934,7762,0,1,8428[CR],528832671
F,18774,19220,7762,0,0,8425[CR],528833000
C,21458,924,7762,0,0,8418[CR],528833437
F,18796,19230,7762,0,3,8086[CR],528833765
C,21366,930,7762,0,3,8064[CR],528834203
F,18802,19236,7762,0,5,8066[CR],528834640
C,21288,924,7762,0,285,6106[CR],528835078
Z,0,0,7762,0,0,2893[CR],528835625
Z,0,0,7762,0,0,2478[CR],528836062
Z,0,0,7762,0,0,2528[CR],528836609
Z,0,0,7762,0,0,2530[CR],528837046
Z,0,0,7762,0,0,2530[CR],528837593
Z,0,0,7762,0,107,2526[CR],528838140
Z,0,0,7762,0,0,2526[CR],528838578
Z,0,0,7762,0,0,2500[CR],528839125
Z,0,0,7762,0,0,2428[CR],528839562
Z,0,0,7762,0,0,2458[CR],528840109
Z,0,0,7762,0,0,2472[CR],528840546
Z,0,0,7762,0,0,2484[CR],528841093
Z,0,0,7762,0,0,2491[CR],528841640
Z,0,0,7762,0,445,2499[CR],528842078
Z,0,0,7762,0,0,2501[CR],528842625
Z,0,0,7762,0,0,2511[CR],528843062
Z,0,0,7762,0,0,2502[CR],528843609
Z,0,0,7762,0,0,2507[CR],528844156
Z,0,0,7762,0,16,2513[CR],528844593
Z,0,0,7762,0,0,2514[CR],528845140
Z,0,0,7762,0,0,2518[CR],528845578
Z,0,0,7762,0,0,2520[CR],528846125
Z,0,0,7762,0,0,2521[CR],528846562
Z,0,0,7762,0,78,2523[CR],528847109
Z,0,0,7762,0,0,2524[CR],528847656
Z,0,0,7762,0,0,2518[CR],528848093
Z,0,0,7762,0,0,2508[CR],528848640
Z,0,0,7762,0,1,2500[CR],528849078
Z,0,0,7762,0,0,2500[CR],528849625
Z,0,0,7762,0,0,2503[CR],528850062
Z,0,0,7762,0,0,2506[CR],528850609
Z,0,0,7762,0,0,2509[CR],528851156
Z,0,0,7762,0,0,2438[CR],528851593
Z,0,0,7762,0,0,2434[CR],528852140
Z,0,0,7762,0,0,2436[CR],528852578
Z,0,0,7762,0,0,2437[CR],528853125
Z,0,0,7762,0,0,2447[CR],528853562
Z,0,0,7762,0,0,2460[CR],528854109
Z,0,0,7762,0,0,2460[CR],528854656
Z,0,0,7762,0,0,2463[CR],528855093
Z,0,0,7762,0,3,2468[CR],528855640
Z,0,0,7762,0,0,2471[CR],528856078
Z,0,0,7762,0,0,2468[CR],528856625
Z,0,0,7762,0,0,2470[CR],528857062
Z,0,0,7762,0,0,2473[CR],528857609
Z,0,0,7762,0,0,2474[CR],528858156
Z,0,0,7762,0,0,2475[CR],528858593
Z,0,0,7762,0,0,2477[CR],528859140
Z,0,0,7762,0,360,2479[CR],528859578
Z,0,0,7762,0,0,2479[CR],528860125
Z,0,0,7762,0,0,2499[CR],528860562
Z,0,0,7762,0,0,2484[CR],528861109
Z,0,0,7762,79,0,2497[CR],528861656
Z,0,0,7762,86,0,2490[CR],528862093
Z,0,0,7762,68,0,2490[CR],528862640
Z,0,0,7762,38,0,2900[CR],528862750
C,19344,928,7762,18,0,3877[CR],528863078
F,18754,16201,7762,2,1,3896[CR],528863515
C,19380,922,7762,1,0,3884[CR],528863843
F,18754,16218,7762,0,0,3870[CR],528864281
C,19376,930,7762,0,0,3856[CR],528864718
F,18756,16210,7762,0,0,3861[CR],528865046
C,19368,922,7762,0,0,3851[CR],528865593
Z,0,0,7762,0,0,3842[CR],528865812
C,19362,928,7762,0,90,3816[CR],528866250
F,18756,16193,7762,0,119,3808[CR],528866578
A,35140,18748,7762,0,128,3817[CR],528867015
F,18740,16185,7762,0,93,3809[CR],528867343
C,19346,922,7762,0,19,3805[CR],528867781
F,18748,16175,7762,0,35,3799[CR],528868218
C,19338,922,7762,0,98,3796[CR],528868546
F,18748,16167,7762,0,92,3794[CR],528868984
C,19330,922,7762,0,18,3789[CR],528869312
F,18748,16158,7762,0,15,3787[CR],528869750
C,19322,922,7762,0,48,3799[CR],528870078
F,18746,16150,7764,25,254,4752[CR],528870515
C,19328,922,7775,27,319,6737[CR],528870953
F,18764,17334,7791,57,531,8314[CR],528871281
C,22968,928,7811,49,531,8456[CR],528871718
F,17188,18250,7830,54,531,8448[CR],528872046
C,24340,934,7849,49,528,8448[CR],528872484
F,16400,18534,7869,54,527,8390[CR],528872812
A,35164,16341,7888,49,527,8331[CR],528873250
F,16588,17666,7907,49,527,8277[CR],528873687
C,23656,930,7927,47,526,8245[CR],528874015
F,17456,17262,7946,51,527,8212[CR],528874453
C,23356,926,7965,44,527,8237[CR],528874781
F,18060,16299,7985,51,526,8276[CR],528875218
C,23298,914,8004,47,525,8308[CR],528875546
F,18514,16159,8023,49,525,8327[CR],528875984
C,23278,902,8042,47,524,8365[CR],528876421
F,18722,15872,8062,51,526,8372[CR],528876750
C,23120,924,8080,43,528,8344[CR],528877187
F,18848,15841,8100,49,525,8353[CR],528877515
C,22856,930,8119,47,524,8356[CR],528877953
F,18580,16163,8139,47,519,8353[CR],528878281
C,22434,924,8158,54,528,8330[CR],528878718
F,18794,16382,8178,47,528,8302[CR],528879156
A,35188,18906,8197,54,525,8279[CR],528879484
F,18968,16784,8216,47,526,8241[CR],528879921
C,21906,922,8236,51,525,8200[CR],528880250
F,19326,16958,8255,47,526,8199[CR],528880687
C,20664,932,8275,51,530,8165[CR],528881015
F,20028,17486,8294,47,528,8158[CR],528881453
C,20076,922,8313,51,529,8202[CR],528881890
F,20684,18016,8332,47,529,8258[CR],528882218
C,21050,922,8351,49,529,8340[CR],528882656
F,18044,18376,8370,41,529,8394[CR],528882984
C,21472,922,8389,49,528,8449[CR],528883421
F,17284,17572,8407,44,527,8560[CR],528883750
C,22496,914,8426,49,527,8641[CR],528884187
F,18348,17546,8445,44,530,8681[CR],528884625
C,23852,922,8465,49,530,8682[CR],528884953
F,15791,18156,8484,44,527,8618[CR],528885390
A,35132,16187,8503,49,526,8620[CR],528885718
F,16578,17480,8522,41,527,8662[CR],528886156
C,24924,916,8541,49,529,8698[CR],528886500
F,17494,18296,8560,47,530,8707[CR],528886921
C,24864,918,8579,49,530,8698[CR],528887359
F,16808,18494,8598,49,531,8704[CR],528887687
C,24440,928,8617,49,531,8721[CR],528888125
F,17544,19216,8636,39,528,8724[CR],528888453
C,23818,922,8655,49,528,8749[CR],528888890
F,17912,19162,8674,54,526,8744[CR],528889218
C,23180,926,8693,49,528,8774[CR],528889656
F,18382,18772,8712,47,529,8828[CR],528890093
C,22576,926,8731,49,529,8829[CR],528890421
F,18906,18728,8750,54,531,8811[CR],528890859
C,22266,916,8769,49,528,8817[CR],528891187
F,19070,18108,8788,51,526,8834[CR],528891625
A,35204,19092,8807,47,526,8849[CR],528891953
F,19082,18136,8826,54,521,8846[CR],528892390
C,22724,920,8845,47,522,8848[CR],528892828
F,18944,17752,8864,54,522,8840[CR],528893156
C,22448,916,8883,47,523,8833[CR],528893593
F,19510,17212,8902,54,525,8851[CR],528893921
C,22132,912,8921,47,523,8843[CR],528894359
F,19630,17550,8941,54,524,8832[CR],528894687
C,22546,924,8959,47,524,8859[CR],528895125
F,19514,17374,8978,54,521,8865[CR],528895562
C,22802,926,8998,47,520,8843[CR],528895890
F,19990,17888,9017,54,518,8830[CR],528896328
C,22054,910,9036,47,518,8826[CR],528896656
F,20772,18030,9055,51,517,8850[CR],528897093
C,21154,916,9074,44,519,8895[CR],528897421
F,21840,18820,9092,57,522,8975[CR],528897859
A,35188,19084,9111,44,524,9048[CR],528898296
F,17396,20710,9129,51,523,9090[CR],528898625
C,23230,922,9147,49,524,9126[CR],528899062
F,14439,20286,9165,44,523,9154[CR],528899390
C,23062,924,9184,49,522,9170[CR],528899828
F,14613,19376,9202,39,520,9153[CR],528900156
C,22786,918,9222,51,520,9093[CR],528900593
F,14662,17958,9242,49,518,8969[CR],528901031
C,19396,944,9262,51,519,8834[CR],528901359
F,16390,15080,9282,54,522,8734[CR],528901796
C,15758,924,9301,47,522,8699[CR],528902125
F,20348,16021,9321,51,523,8701[CR],528902562
C,14265,930,9340,49,524,8712[CR],528902890
F,25180,16560,9359,51,525,8731[CR],528903328
C,14319,922,9378,47,524,8772[CR],528903765
F,30272,16786,9397,51,521,8786[CR],528904093
A,35164,32436,9416,44,519,8798[CR],528904531
F,32996,15500,9435,49,523,8862[CR],528904937
C,15891,930,9453,43,518,8985[CR],528905296
F,32120,14730,9471,49,518,9098[CR],528905640
C,18998,914,9489,44,515,9208[CR],528906062
F,23226,15376,9506,36,508,9246[CR],528906500
C,20726,922,9524,47,507,9248[CR],528906828
F,20880,14504,9542,44,507,9251[CR],528907265
C,20202,922,9561,49,508,9244[CR],528907593
F,21796,15366,9579,43,510,9282[CR],528908031
C,20004,926,9596,49,510,9316[CR],528908359
F,22526,16906,9614,44,512,9325[CR],528908796
C,20012,920,9631,41,510,9358[CR],528909234
F,22082,17500,9648,44,512,9388[CR],528909562
C,19898,932,9666,44,512,9345[CR],528910000
F,22494,17606,9682,35,510,9339[CR],528910328
A,35196,22740,9700,47,514,9319[CR],528910765
F,22776,17634,9719,47,515,9264[CR],528911093
C,19352,946,9738,51,513,9211[CR],528911531
F,22984,17478,9757,43,514,9195[CR],528911968
C,18762,926,9761,3,0,9103[CR],528912296
F,23346,17786,9761,1,0,8888[CR],528912734
C,17332,924,9761,0,0,8527[CR],528913062
F,22950,17334,9761,0,0,8536[CR],528913500
C,17092,916,9761,0,0,8611[CR],528913937
F,21994,17192,9761,0,0,8766[CR],528914375
Z,0,0,9761,0,0,8758[CR],528914921
Z,0,0,9761,0,0,8414[CR],528915359
Z,0,0,9761,0,0,8379[CR],528915906
Z,0,0,9761,0,131,7264[CR],528916343
Z,0,0,9761,0,1,2783[CR],528916890
Z,0,0,9761,0,0,2500[CR],528917328
Z,0,0,9761,0,0,2525[CR],528917875
Z,0,0,9761,0,0,2528[CR],528918421
Z,0,0,9761,0,0,2524[CR],528918859
Z,0,0,9761,0,0,2523[CR],528919406
Z,0,0,9761,0,0,2524[CR],528919843
Z,0,0,9761,0,0,2524[CR],528920390
Z,0,0,9761,0,0,2524[CR],528920937
Z,0,0,9761,0,0,2524[CR],528921375
Z,0,0,9761,0,0,2524[CR],528921921
Z,0,0,9761,0,0,2525[CR],528922359
Z,0,0,9761,0,0,2525[CR],528922906
Z,0,0,9761,0,0,2525[CR],528923343
Z,0,0,9761,0,0,2525[CR],528923890
Z,0,0,9761,0,0,2511[CR],528924437
Z,0,0,9761,0,0,2506[CR],528924875
Z,0,0,9761,0,0,2506[CR],528925421
Z,0,0,9761,0,0,2499[CR],528925859
Z,0,0,9761,0,45,2503[CR],528926406
Z,0,0,9761,0,60,2507[CR],528926843
Z,0,0,9761,0,207,2507[CR],528927390
Z,0,0,9761,0,1,2501[CR],528927937
Z,0,0,9761,0,0,2499[CR],528928375
Z,0,0,9761,0,0,2503[CR],528928921
Z,0,0,9761,0,0,2504[CR],528929359
Z,0,0,9761,0,0,2507[CR],528929906
Z,0,0,9761,0,0,2494[CR],528930343
Z,0,0,9761,0,0,2434[CR],528930890
Z,0,0,9761,0,0,2448[CR],528931437
Z,0,0,9761,0,0,2448[CR],528931875
Z,0,0,9761,0,0,2456[CR],528932421
Z,0,0,9761,0,0,2463[CR],528932859
Z,0,0,9761,0,0,2463[CR],528933406
Z,0,0,9761,0,0,2466[CR],528933843
Z,0,0,9761,0,0,2469[CR],528934390
Z,0,0,9761,0,0,2474[CR],528934937
Z,0,0,9761,0,0,2474[CR],528935375
Z,0,0,9761,0,0,2476[CR],528935921
Z,0,0,9761,0,0,2477[CR],528936359
Z,0,0,9761,0,0,2478[CR],528936906
Z,0,0,9761,0,0,2477[CR],528937343
Z,0,0,9761,0,0,2478[CR],528937890
Z,0,0,9761,0,0,2479[CR],528938437
Z,0,0,9761,0,19,2481[CR],528938875
Z,0,0,9761,0,76,2486[CR],528939421
Z,0,0,9761,0,0,2499[CR],528939859
Z,0,0,9761,114,0,2499[CR],528940406
Z,0,0,9761,94,0,2488[CR],528940843
Z,0,0,9761,41,0,2822[CR],528941390
Z,0,0,9761,2,0,4228[CR],528941937
Z,0,0,9761,1,0,4270[CR],528942375
Z,0,0,9761,0,0,4260[CR],528942921
Z,0,0,9761,0,0,4274[CR],528943359
Z,0,0,9761,0,0,4278[CR],528943578
F,19950,15186,9761,0,0,4273[CR],528944125
Z,0,0,9761,0,0,4269[CR],528944562
Z,0,0,9761,0,0,4226[CR],528944781
C,15925,924,9761,0,0,4215[CR],528945109
F,19952,15175,9761,0,0,4208[CR],528945656
Z,0,0,9761,0,0,4206[CR],528945875
F,19938,15169,9761,0,0,4204[CR],528946312
C,15917,914,9761,0,0,4200[CR],528946750
F,19932,15164,9761,0,0,4196[CR],528947078
C,15913,910,9761,0,0,4193[CR],528947515
F,19932,15158,9761,0,0,4189[CR],528947843
A,35224,19928,9761,0,0,4186[CR],528948281
F,19904,15154,9761,39,3,4305[CR],528948609
C,15904,922,9767,31,89,5737[CR],528949046
F,19928,15433,9779,33,377,7841[CR],528949484
C,16142,926,9793,41,509,9134[CR],528949812
F,19710,18262,9809,36,508,9221[CR],528950250
C,18992,914,9824,36,508,9246[CR],528950578
F,20780,17852,9839,34,500,9271[CR],528951015
C,18506,924,9853,34,503,9272[CR],528951343
F,21850,17630,9867,43,509,9272[CR],528951781
C,17758,920,9882,41,510,9249[CR],528952218
F,22898,17626,9897,41,512,9244[CR],528952546
C,17030,918,9913,38,513,9219[CR],528952984
F,23378,19090,9929,38,522,9147[CR],528953312
C,16646,928,9948,49,521,9026[CR],528953750
F,22696,18804,9968,47,519,8869[CR],528954078
A,35204,24836,9987,47,515,8822[CR],528954515
F,25564,17318,10006,51,516,8811[CR],528954953
C,16057,932,10025,49,517,8802[CR],528955281
F,26788,16359,10044,54,516,8792[CR],528955718
C,16460,930,10063,47,518,8788[CR],528956046
F,27064,15195,10082,57,519,8801[CR],528956484
C,16412,936,10101,47,519,8834[CR],528956812
F,28276,14951,10119,54,520,8886[CR],528957250
C,16068,928,10138,49,520,8917[CR],528957687
F,27488,15624,10157,51,516,8958[CR],528958015
C,16686,914,10175,44,515,9086[CR],528958453
F,27064,15873,10191,35,504,9234[CR],528958781
C,19222,916,10205,30,499,9401[CR],528959218
F,23806,16156,10216,16,454,9509[CR],528959546
C,21884,926,10218,5,208,9556[CR],528959984
F,21982,15793,10218,1,0,9572[CR],528960421
A,35208,22614,10218,1,0,9581[CR],528960750
F,22606,15841,10219,0,0,9588[CR],528961187
C,21530,934,10219,0,0,9594[CR],528961515
F,22228,15927,10219,0,4,9146[CR],528962062
Z,0,0,10219,0,51,6732[CR],528962281
F,21858,15933,10219,0,0,4512[CR],528962718
C,20964,930,10219,0,162,3205[CR],528963156
F,21598,15639,10219,0,198,1233[CR],528963484
C,20136,920,10219,0,262,35544[CR],528963921
F,21480,13352,10219,0,510,35544[CR],528964234
C,14873,918,10219,0,159,35544[CR],528964625
F,16744,12663,10219,0,0,35544[CR],528965062
C,11833,920,10219,36,63,2223[CR],528965406
F,17964,12667,10219,172,540,4974[CR],528965859
C,12189,916,10270,172,545,8470[CR],528966203
F,27420,15461,10338,172,547,8439[CR],528966671
A,35228,17858,10367,4,0,8138[CR],528967015
F,18518,16068,10367,1,0,7995[CR],528967359
C,17594,916,10367,1,0,7990[CR],528967906
Z,0,0,10367,0,0,7987[CR],528968125
C,17222,920,10367,0,0,7984[CR],528968562
F,20518,15976,10367,0,0,7983[CR],528969109
Z,0,0,10367,0,0,7983[CR],528969328
F,20680,16075,10367,0,0,7980[CR],528969765
C,17032,934,10367,0,0,7978[CR],528970203
Z,0,0,10371,47,506,8110[CR],528970531
C,16984,952,10385,54,516,8560[CR],528970859
F,20730,16650,10405,47,513,8585[CR],528971296
C,19330,932,10424,49,516,8545[CR],528971734
F,21490,16994,10444,47,519,8469[CR],528972062
C,17606,932,10463,49,521,8451[CR],528972500
F,23032,18572,10482,44,523,8487[CR],528972828
A,35144,23988,10501,51,526,8499[CR],528973265
F,22814,21086,10519,44,526,8533[CR],528973609
C,16672,942,10538,49,520,8571[CR],528974031
F,23722,19954,10557,44,519,8604[CR],528974468
C,17684,942,10576,51,519,8605[CR],528974796
F,22308,18144,10595,49,520,8614[CR],528975234
C,17716,960,10615,51,516,8512[CR],528975562
F,24972,15331,10634,47,518,8464[CR],528976000
C,16758,958,10653,51,518,8443[CR],528976328
F,28172,14500,10672,39,520,8429[CR],528976765
C,16098,960,10691,49,518,8452[CR],528977203
F,31000,14619,10710,47,515,8514[CR],528977531
C,16243,954,10729,51,518,8549[CR],528977968
F,28860,15741,10748,44,520,8540[CR],528978296
C,17020,972,10767,51,518,8484[CR],528978734
F,24066,16128,10787,54,517,8378[CR],528979062
A,35168,25360,10806,49,518,8324[CR],528979500
F,26456,14646,10825,54,517,8350[CR],528979937
C,15307,976,10844,47,513,8455[CR],528980265
F,30304,14430,10861,41,511,8608[CR],528980703
C,15695,982,10880,49,513,8746[CR],528981031
F,29812,15408,10898,43,513,8838[CR],528981468
C,16554,994,10917,54,517,8857[CR],528981812
F,28624,14710,10937,47,520,8837[CR],528982234
C,15941,990,10956,51,520,8801[CR],528982671
F,31392,14331,10974,39,518,8855[CR],528983000
C,15838,990,10993,49,521,8978[CR],528983437
F,30864,15457,11011,43,521,9118[CR],528983765
C,18758,958,11028,47,517,9273[CR],528984203
F,26636,16341,11044,39,508,9394[CR],528984531
C,23574,928,11059,38,505,9463[CR],528984968
F,19720,16604,11073,34,501,9470[CR],528985406
A,35212,18030,11087,33,502,9432[CR],528985734
F,18064,16211,11102,34,510,9392[CR],528986171
C,24948,950,11119,44,511,9342[CR],528986500
F,19018,16662,11137,43,511,9301[CR],528986937
C,24146,942,11155,49,511,9276[CR],528987265
F,19808,17338,11173,47,512,9251[CR],528987703
C,23454,962,11191,43,511,9240[CR],528988140
F,20322,17208,11210,47,512,9250[CR],528988468
C,23278,950,11227,43,509,9303[CR],528988906
F,20778,17232,11244,44,508,9352[CR],528989234
C,23658,970,11260,39,504,9412[CR],528989671
F,20630,17072,11276,39,502,9461[CR],528990000
C,23898,982,11291,32,496,9479[CR],528990437
F,20652,17124,11306,43,501,9467[CR],528990875
C,23878,982,11321,41,501,9441[CR],528991203
F,20738,17476,11336,38,502,9454[CR],528991640
A,35144,20674,11351,35,500,9479[CR],528991968
F,20380,17808,11366,35,503,9467[CR],528992375
C,23522,986,11381,41,503,9473[CR],528992734
F,20012,17700,11396,41,505,9469[CR],528993171
C,23100,972,11412,38,502,9450[CR],528993609
F,20596,17494,11427,38,503,9476[CR],528993937
C,22510,976,11442,35,498,9508[CR],528994375
F,21322,17416,11457,43,499,9498[CR],528994703
C,21842,986,11472,43,500,9467[CR],528995140
F,21666,17228,11488,41,501,9415[CR],528995468
C,20828,982,11505,39,503,9375[CR],528995906
F,21960,17194,11521,44,500,9376[CR],528996343
C,19488,986,11538,43,508,9366[CR],528996671
F,22606,17874,11556,41,512,9389[CR],528997109
C,19308,986,11572,44,510,9424[CR],528997437
F,19952,19726,11589,39,502,9453[CR],528997875
A,35168,20562,11605,39,510,9504[CR],528998203
F,21472,18656,11620,43,502,9523[CR],528998640
C,19322,972,11635,36,488,9603[CR],528999078
F,25764,18096,11645,17,451,9696[CR],528999406
C,21608,968,11649,6,303,9760[CR],528999843
F,23126,17850,11650,2,0,9790[CR],529000187
C,22174,970,11650,2,0,9806[CR],529000609
F,23734,17702,11650,1,0,9819[CR],529000937
C,21750,976,11650,0,0,9831[CR],529001484
Z,0,0,11651,0,0,9713[CR],529002031
Z,0,0,11651,0,0,5659[CR],529002468
Z,0,0,11651,0,0,3166[CR],529002578
C,21080,976,11651,0,0,2983[CR],529002906
F,22644,16934,11651,0,50,2569[CR],529003343
C,20738,978,11651,0,232,1114[CR],529003671
F,22172,15710,11651,0,520,35544[CR],529004109
A,35156,22360,11651,0,0,35544[CR],529004546
F,17704,12664,11651,0,0,35544[CR],529004906
C,11247,990,11651,60,193,2032[CR],529005234
F,19478,12665,11651,94,163,3427[CR],529005687
C,11570,984,11651,79,535,5612[CR],529006125
F,20600,12666,11654,129,546,7501[CR],529006484
C,13448,972,11711,147,544,8712[CR],529006843
F,24140,16285,11756,103,533,9114[CR],529007296
C,24156,990,11761,2,0,8949[CR],529007750
Z,0,0,11761,1,0,8876[CR],529008187
Z,0,0,11761,0,0,8866[CR],529008734
Z,0,0,11761,0,0,6208[CR],529009171
F,20330,15776,11761,0,1,4388[CR],529009609
C,21184,990,11761,0,0,4425[CR],529010046
Z,0,0,11761,0,0,4462[CR],529010593
Z,0,0,11761,0,0,4465[CR],529011031
Z,0,0,11761,0,0,4460[CR],529011578
Z,0,0,11761,0,0,4465[CR],529012125
Z,0,0,11761,0,0,4093[CR],529012562
Z,0,0,11761,0,0,2573[CR],529013109
Z,0,0,11761,0,0,2491[CR],529013546
Z,0,0,11761,0,0,2489[CR],529014093
Z,0,0,11761,0,0,2488[CR],529014531
Z,0,0,11761,0,0,2487[CR],529015078
Z,0,0,11761,0,0,2484[CR],529015625
Z,0,0,11761,0,0,2486[CR],529016062
Z,0,0,11761,0,0,2482[CR],529016500
M,62760,13930,11761,0,278,2480[CR],529017046
Z,0,0,11761,0,0,2480[CR],529017593
Z,0,0,11761,0,1,2480[CR],529018031
Z,0,0,11761,0,0,2482[CR],529018578
Z,0,0,11761,0,0,2481[CR],529019015
Z,0,0,11761,0,254,2481[CR],529019562
Z,0,0,11761,0,50,2480[CR],529020000
Z,0,0,11761,0,0,2481[CR],529020546
Z,0,0,11761,0,0,2480[CR],529021093
Z,0,0,11761,0,0,2481[CR],529021531
Z,0,0,11761,0,0,2480[CR],529022078
Z,0,0,11761,0,0,2481[CR],529022515
Z,0,0,11761,0,0,2482[CR],529023062
Z,0,0,11761,0,0,2459[CR],529023500
Z,0,0,11761,0,0,2473[CR],529024046
Z,0,0,11761,0,0,2473[CR],529024593
Z,0,0,11761,0,0,2476[CR],529025031
Z,0,0,11761,0,0,2477[CR],529025578
Z,0,0,11761,0,0,2477[CR],529026015
Z,0,0,11761,0,0,2479[CR],529026562
Z,0,0,11761,0,0,2479[CR],529027000
Z,0,0,11761,0,0,2480[CR],529027546
Z,0,0,11761,0,0,2479[CR],529028093
Z,0,0,11761,0,0,2474[CR],529028531
Z,0,0,11761,0,0,2479[CR],529029078
Z,0,0,11761,0,0,2479[CR],529029515
Z,0,0,11761,0,0,2480[CR],529030062
Z,0,0,11761,0,0,2482[CR],529030500
Z,0,0,11761,0,0,2482[CR],529031046
Z,0,0,11761,0,27,2485[CR],529031593
Z,0,0,11761,0,0,2486[CR],529032031
Z,0,0,11761,0,248,2503[CR],529032578
Z,0,0,11761,0,0,2488[CR],529033015
Z,0,0,11761,147,0,2498[CR],529033562
Z,0,0,11761,60,59,2487[CR],529034109
Z,0,0,11761,8,0,3607[CR],529034546
Z,0,0,11761,1,0,4032[CR],529035093
Z,0,0,11761,0,0,4021[CR],529035531
Z,0,0,11761,0,0,4010[CR],529036078
Z,0,0,11761,0,0,4003[CR],529036515
Z,0,0,11761,0,0,3996[CR],529037062
Z,0,0,11761,0,0,3991[CR],529037609
Z,0,0,11761,0,0,3989[CR],529038046
Z,0,0,11761,0,0,3992[CR],529038593
Z,0,0,11761,0,0,3988[CR],529039031
Z,0,0,11761,0,0,3982[CR],529039578
Z,0,0,11761,0,0,4009[CR],529040015
C,19970,990,11761,0,0,4004[CR],529040562
Z,0,0,11761,0,0,4000[CR],529041109
Z,0,0,11761,0,0,3995[CR],529041546
Z,0,0,11761,0,0,3990[CR],529041984
F,20760,15923,11761,0,0,3987[CR],529042421
C,19944,984,11761,0,0,3982[CR],529042859
Z,0,0,11761,0,0,3977[CR],529043406
Z,0,0,11761,27,0,4380[CR],529043625
F,20776,15916,11764,25,0,5845[CR],529043953
C,19938,990,11775,28,25,7316[CR],529044390
F,20794,16269,11785,18,451,9093[CR],529044718
C,20846,990,11789,8,396,9400[CR],529045156
F,20358,15987,11792,7,373,9368[CR],529045484
C,23398,990,11794,6,364,9361[CR],529045921
F,20704,16193,11796,5,368,9373[CR],529046359
C,23374,976,11798,5,358,9384[CR],529046687
F,20764,16324,11800,4,346,9397[CR],529047125
C,23370,986,11802,4,344,9421[CR],529047453
F,20780,16438,11804,4,333,9427[CR],529047890
A,35144,20766,11805,2,0,9386[CR],529048328
Z,0,0,11805,1,0,5519[CR],529048671
C,22528,1002,11805,0,0,3703[CR],529049093
F,20820,16313,11805,0,0,3307[CR],529049531
Z,0,0,11805,0,0,3169[CR],529050078
Z,0,0,11805,0,0,3164[CR],529050515
Z,0,0,11805,0,0,3162[CR],529051062
Z,0,0,11805,94,292,4565[CR],529051390
F,20794,16472,11813,10,396,9467[CR],529051828
C,23586,990,11816,7,404,9456[CR],529052156
F,20692,16558,11819,8,395,9438[CR],529052593
C,23450,974,11822,5,247,9438[CR],529052921
F,20760,16590,11822,1,0,9355[CR],529053468
Z,0,0,11822,0,0,4810[CR],529053687
F,20824,16544,11822,0,47,2015[CR],529054234
Z,0,0,11822,0,0,3826[CR],529054781
Z,0,0,11822,0,0,1372[CR],529055218
Z,0,0,11822,0,489,585[CR],529055328
F,20804,14464,11822,0,491,35544[CR],529055656
C,18096,980,11822,0,0,35544[CR],529056218
Z,0,0,11822,79,274,2080[CR],529056687
Z,0,0,11822,206,516,3795[CR],529056906
F,18208,12668,11834,114,519,8695[CR],529057265
C,12202,968,11864,60,512,9155[CR],529057593
F,20402,15001,11886,49,499,9244[CR],529058046
C,23768,982,11902,34,492,9282[CR],529058375
F,20594,15423,11914,28,483,9307[CR],529058828
C,24266,994,11926,26,480,9346[CR],529059156
F,20788,15727,11936,26,482,9355[CR],529059593
C,24312,980,11946,27,475,9347[CR],529060031
F,20472,16076,11955,27,473,9376[CR],529060359
A,35100,20462,11965,21,475,9397[CR],529060796
F,20434,16452,11974,22,472,9401[CR],529061125
C,24316,990,11982,21,456,9442[CR],529061562
F,20776,16548,11988,12,441,9466[CR],529061890
C,24316,988,11990,4,0,9417[CR],529062328
F,20946,16712,11990,1,0,9292[CR],529062875
Z,0,0,11990,0,3,4682[CR],529063312
Z,0,0,11990,0,311,1647[CR],529063531
C,22232,994,11990,0,489,35544[CR],529063859
F,20866,12663,11990,0,452,35544[CR],529064312
C,10808,988,11990,0,0,35544[CR],529064781
Z,0,0,11990,114,262,2780[CR],529065109
C,11147,990,11990,206,528,5336[CR],529065453
F,19258,12665,12028,114,530,8662[CR],529065828
C,22510,992,12068,79,525,9009[CR],529066265
F,20074,15113,12101,79,520,9060[CR],529066609
A,35104,21022,12134,86,519,9058[CR],529067062
F,21250,16018,12167,79,522,9064[CR],529067390
C,23694,994,12197,24,407,9070[CR],529067828
F,21176,16712,12197,2,0,8859[CR],529068265
Z,0,0,12197,1,0,8848[CR],529068812
Z,0,0,12197,0,0,8846[CR],529069250
Z,0,0,12197,0,0,8842[CR],529069796
Z,0,0,12197,0,0,8841[CR],529070343
Z,0,0,12197,0,0,8840[CR],529070781
Z,0,0,12197,0,0,8836[CR],529071328
Z,0,0,12197,0,0,8835[CR],529071765
Z,0,0,12197,0,0,8833[CR],529072312
Z,0,0,12197,0,0,8833[CR],529072750
Z,0,0,12197,0,0,8830[CR],529073296
Z,0,0,12200,22,481,8891[CR],529073625
C,21574,998,12213,34,493,9254[CR],529074062
F,20300,16986,12227,30,488,9285[CR],529074390
C,25136,990,12237,25,478,9335[CR],529074828
F,20958,17216,12247,27,481,9327[CR],529075265
C,24772,988,12259,34,492,9362[CR],529075593
F,20838,17516,12270,32,490,9378[CR],529076031
C,24110,990,12281,24,480,9372[CR],529076359
F,20476,17662,12291,23,474,9376[CR],529076796
C,23018,990,12301,25,473,9358[CR],529077125
F,20746,17714,12311,27,473,9347[CR],529077562
C,21892,990,12321,29,474,9343[CR],529078000
F,21208,18032,12332,27,472,9371[CR],529078328
C,20784,990,12342,22,466,9414[CR],529078765
F,21646,18648,12349,16,436,9457[CR],529079093
A,35088,21888,12355,12,396,9493[CR],529079531
F,21974,19242,12357,6,362,9531[CR],529079875
C,20840,994,12359,4,287,9536[CR],529080296
F,22226,19546,12360,3,206,9537[CR],529080734
C,21364,992,12361,2,113,9546[CR],529081062
F,22058,19754,12362,2,0,9551[CR],529081500
C,21722,980,12362,1,0,9554[CR],529081828
F,21716,19836,12363,1,0,9555[CR],529082265
C,21886,990,12363,1,0,9559[CR],529082593
F,21522,19876,12363,0,0,9563[CR],529083031
C,21926,990,12363,0,0,9567[CR],529083468
F,21410,19906,12364,0,0,9564[CR],529083906
Z,0,0,12364,0,0,7579[CR],529084453
Z,0,0,12364,0,213,3645[CR],529084562
C,21344,1002,12364,0,367,1213[CR],529085000
F,21300,17898,12364,0,507,35544[CR],529085328
A,35104,18760,12364,0,0,35544[CR],529085875
Z,0,0,12364,0,0,35544[CR],529086437
Z,0,0,12364,0,0,35544[CR],529086875
Z,0,0,12364,0,0,35544[CR],529087328
F,20434,12664,12364,0,0,35544[CR],529087765
Z,0,0,12364,0,0,35544[CR],529088312
Z,0,0,12364,0,0,35544[CR],529088875
Z,0,0,12364,0,0,35544[CR],529089359
C,10757,1000,12364,25,0,1921[CR],529089671
F,21026,12667,12364,44,0,3301[CR],529090015
C,11144,998,12364,27,150,3994[CR],529090453
F,21040,12668,12364,27,316,5354[CR],529090796
C,11543,994,12364,43,504,6714[CR],529091234
F,19584,14684,12364,49,501,7125[CR],529091671
A,35076,23510,12364,41,487,7502[CR],529092000
F,24226,15252,12364,39,499,8098[CR],529092437
C,18680,992,12373,49,513,8644[CR],529092765
F,21826,16139,12391,44,516,8924[CR],529093203
C,24250,990,12409,38,516,9105[CR],529093531
F,14494,17678,12427,49,510,9212[CR],529093968
C,24768,986,12444,43,506,9256[CR],529094406
F,12610,17008,12462,49,501,9266[CR],529094734
C,24936,990,12480,44,492,9255[CR],529095171
F,13431,15881,12497,41,499,9296[CR],529095500
C,24208,976,12514,47,499,9314[CR],529095937
F,15034,16299,12531,41,496,9360[CR],529096265
C,23716,994,12547,34,495,9383[CR],529096703
F,16950,16924,12562,39,492,9404[CR],529097140
C,23276,994,12576,35,486,9426[CR],529097468
F,18888,17342,12588,33,487,9467[CR],529097906
A,35084,20044,12600,33,484,9466[CR],529098234
F,20426,17618,12612,32,480,9498[CR],529098671
C,22420,990,12622,23,471,9505[CR],529099000
F,21198,17596,12632,21,462,9528[CR],529099437
C,22286,994,12640,22,460,9542[CR],529099875
F,21530,17454,12647,19,454,9566[CR],529100218
C,22342,990,12654,16,440,9597[CR],529100640
F,21578,17392,12659,11,415,9609[CR],529100968
C,22450,994,12663,10,393,9605[CR],529101406
F,21504,17440,12666,8,382,9607[CR],529101734
C,22424,994,12669,6,368,9614[CR],529102171
F,21464,17488,12671,5,358,9620[CR],529102609
C,22414,988,12673,5,359,9616[CR],529102937
F,21410,17496,12676,6,350,9615[CR],529103375
C,22452,988,12678,5,347,9613[CR],529103703
F,21378,17474,12681,5,336,9621[CR],529104140
A,35068,21368,12681,1,0,9584[CR],529104578
Z,0,0,12681,1,0,9532[CR],529105125
Z,0,0,12681,1,0,9513[CR],529105671
Z,0,0,12681,0,0,9498[CR],529106109
Z,0,0,12681,0,0,9488[CR],529106656
Z,0,0,12681,0,0,9479[CR],529107093
Z,0,0,12681,0,0,9473[CR],529107640
Z,0,0,12681,0,0,9468[CR],529108078
Z,0,0,12681,0,0,9462[CR],529108625
Z,0,0,12681,0,0,9458[CR],529109171
Z,0,0,12681,0,0,9455[CR],529109609
Z,0,0,12681,0,0,9451[CR],529110156
Z,0,0,12681,0,0,9448[CR],529110593
Z,0,0,12681,0,0,9444[CR],529111140
Z,0,0,12681,0,0,9440[CR],529111687
Z,0,0,12681,0,0,9439[CR],529112125
Z,0,0,12681,0,0,9436[CR],529112671
Z,0,0,12681,0,0,9432[CR],529113109
Z,0,0,12681,0,0,9429[CR],529113656
Z,0,0,12681,0,0,9424[CR],529114093
Z,0,0,12681,0,0,9415[CR],529114640
Z,0,0,12681,0,0,9405[CR],529115187
Z,0,0,12681,0,0,9394[CR],529115406
U,178080,52112,12681,0,0,9386[CR],529115843
Z,0,0,12681,0,0,9377[CR],529116390
Z,0,0,12681,0,0,9365[CR],529116937
Z,0,0,12681,0,0,9352[CR],529117375
Z,0,0,12681,0,0,9341[CR],529117921
Z,0,0,12681,0,0,9328[CR],529118359
Z,0,0,12681,0,0,9316[CR],529118906
Z,0,0,12681,0,0,9304[CR],529119343
Z,0,0,12681,0,0,9293[CR],529119890
Z,0,0,12681,0,0,9281[CR],529120437
Z,0,0,12681,0,0,9269[CR],529120875
Z,0,0,12681,0,0,9257[CR],529121421
Z,0,0,12681,0,0,9248[CR],529121859
Z,0,0,12681,0,0,9236[CR],529122406
Z,0,0,12681,0,0,9225[CR],529122953
Z,0,0,12681,0,0,9212[CR],529123390
Z,0,0,12681,0,0,9202[CR],529123937
Z,0,0,12681,0,0,9191[CR],529124375
Z,0,0,12681,0,0,9180[CR],529124921
Z,0,0,12681,0,0,9168[CR],529125359
Z,0,0,12681,0,0,9158[CR],529125906
Z,0,0,12681,0,0,9147[CR],529126453
Z,0,0,12681,0,0,9136[CR],529126890
Z,0,0,12681,0,0,9125[CR],529127437
Z,0,0,12681,0,0,9114[CR],529127875
Z,0,0,12681,0,0,9104[CR],529128421
Z,0,0,12681,0,0,9095[CR],529128968
Z,0,0,12681,0,0,9083[CR],529129406
Z,0,0,12681,0,0,9073[CR],529129953
Z,0,0,12681,0,0,9063[CR],529130390
Z,0,0,12681,0,0,9052[CR],529130937
Z,0,0,12681,0,0,9042[CR],529131375
Z,0,0,12681,0,0,9033[CR],529131921
Z,0,0,12681,0,0,9022[CR],529132468
Z,0,0,12681,0,0,9012[CR],529132906
Z,0,0,12681,0,0,9003[CR],529133453
Z,0,0,12681,0,0,8992[CR],529133890
Z,0,0,12681,0,0,8983[CR],529134437
Z,0,0,12681,0,0,8973[CR],529134984
Z,0,0,12681,0,0,8964[CR],529135421
Z,0,0,12681,0,0,8954[CR],529135968
Z,0,0,12681,0,0,8945[CR],529136406
Z,0,0,12681,0,0,8936[CR],529136953
Z,0,0,12681,0,0,8926[CR],529137390
Z,0,0,12681,0,1,8918[CR],529137937
Z,0,0,12681,0,0,8907[CR],529138484
Z,0,0,12681,0,0,8900[CR],529138921
Z,0,0,12681,0,0,8894[CR],529139468
Z,0,0,12681,0,0,8883[CR],529139906
Z,0,0,12681,0,0,8877[CR],529140453
Z,0,0,12681,0,0,8866[CR],529140890
Z,0,0,12681,0,0,8858[CR],529141437
Z,0,0,12681,0,0,8850[CR],529141984
Z,0,0,12681,0,0,8841[CR],529142421
Z,0,0,12681,0,0,8832[CR],529142968
Z,0,0,12681,0,0,8824[CR],529143406
Z,0,0,12681,0,0,8816[CR],529143953
Z,0,0,12681,0,0,8808[CR],529144500
Z,0,0,12681,0,0,8800[CR],529144937
Z,0,0,12681,0,0,8792[CR],529145484
Z,0,0,12681,0,0,8783[CR],529145921
Z,0,0,12681,0,0,8776
<PAUSE BUTTON 10:09:00>
[CR],529146359
>
Reset interface. Wait time for interface: 266
>
Reset interface. Wait time for interface: 219DOFF
OK
>
Command: DOFF Wait time for interface: 62

>
Reset interface. Wait time for interface: 125CLEAR
OK
>
Command: CLEAR Wait time for interface: 109

<END BUTTON 10:14:50>

------------------- Begin end zero test --------------------
>
Reset interface. Wait time for interface: 93SCAN E
Z,0,0,0,0,337,2742
F,12063,12672,0,0,348,2484[CR],529540828
C,12083,8636,0,0,318,2485[CR],529541265
F,12056,12670,0,0,327,2483[CR],529541593
A,35400,12060,0,0,316,2483[CR],529542031
F,12051,12671,0,0,324,2484[CR],529542375
C,12082,9086,0,0,316,2484[CR],529542812
F,12060,12670,0,0,350,2484[CR],529543140
C,12083,8692,0,0,353,2484[CR],529543609
F,12064,12670,0,0,352,2483[CR],529543937
C,12082,8513,0,0,350,2484[CR],529544375
F,12063,12670,0,0,352,2484[CR],529544718
C,12083,8591,0,0,363,2484[CR],529545156
F,12065,12671,0,0,358,2484[CR],529545484
C,12082,8470,0,0,368,2483[CR],529545937
F,12066,12671,0,0,365,2483[CR],529546265
C,12083,8408,0,0,344,2483[CR],529546703
F,12068,12668,0,0,352,2481[CR],529547031
C,12086,7638,0,0,352,2479[CR],529547468
F,12064,12670,0,0,343,2478[CR],529547906
A,35408,12078,0,0,374,2479[CR],529548234
F,12083,12672,0,0,348,2481[CR],529548671
C,12082,7838,0,0,336,2481[CR],529549000
F,12087,12671,0,0,350,2481[CR],529549437
C,12083,8231,0,0,360,2481[CR],529549875
F,12084,12671,0,0,359,2480[CR],529550203
C,12082,8244,0,0,359,2481[CR],529550640
F,12082,12671,0,0,337,2482[CR],529550968
C,12083,8247,0,0,350,2481[CR],529551406
F,12077,12671,0,0,353,2481[CR],529551734
C,12087,8054,0,0,343,2480[CR],529552171
F,12082,12671,0,0,348,2480[CR],529552609
C,12109,8078,0,0,291,2479[CR],529552937
F,11997,12671,0,0,332,2480[CR],529553375
C,12173,8358,0,0,327,2480[CR],529553703
F,12351,12669,0,0,360,2481[CR],529554140
A,35420,12241,0,0,365,2481[CR],529554468
F,12212,12671,0,0,370,2481[CR],529554906
C,12121,8192,0,0,370,2481[CR],529555343
F,12204,12670,0,0,376,2481[CR],529555671
C,12121,8214,0,0,371,2482[CR],529556109
F,12204,12670,0,0,371,2480[CR],529556437
C,12120,8110,0,0,369,2481[CR],529556875
F,12201,12669,0,0,360,2481[CR],529557203
C,12120,8156,0,0,329,2483[CR],529557640
F,12207,12670,0,0,369,2482[CR],529558078
C,12120,8084,0,0,357,2481[CR],529558406
F,12216,12670,0,0,369,2481[CR],529558843
C,12119,8377,0,0,371,2481[CR],529559171
F,12211,12670,0,0,364,2481[CR],529559609
C,12120,8038,0,0,372,2481[CR],529559937
F,12209,12669,0,0,375,2480[CR],529560375
A,35384,12205,0,0,371,2480[CR],529560703
F,12195,12671,0,0,372,2480[CR],529561140
C,12119,7920,0,0,380,2481[CR],529561578
F,12202,12669,0,0,376,2480[CR],529561796
>
Reset interface. Wait time for interface: 78

======== END OF TEST ========


