CPT-log version: 5.22
======== BEGIN OF TEST ========
DATE 17.10.2022

<Transmited Data>
<NEW BUTTON 09:21:01>
[^C][CR]
[^C][CR]
[^C][CR]
CLEAR[CR]
[^C][CR]
DOFF[CR]
[^C][CR]
SCAN E[CR]
[^C][CR]
[^C][CR]
CLEAR[CR]

<START BUTTON 09:27:56>
[^C][CR]
[^C][CR]
DRON[CR]
SCAN E[CR]
[^G][^G][^G][^G][^G][^G][^G][^G][^G][^G][^G][^G][^G][^G][^G][^G][^G][^G][^G][^G][^G][^G][^G][^G][^G][^G][^G]
<PAUSE BUTTON 09:42:32>
[^C][CR]
[^C][CR]
DOFF[CR]
[^C][CR]
CLEAR[CR]

<END BUTTON 09:48:36>
[^C][CR]
SCAN E[CR]
[^C][CR]


<Received Data>
<NEW BUTTON 09:21:01>

>
Reset interface. Wait time for interface: 109
>
Reset interface. Wait time for interface: 109
>
Reset interface. Wait time for interface: 110CLEAR
OK
>
Command: CLEAR Wait time for interface: 109

>
Reset interface. Wait time for interface: 109DOFF
OK
>
Command: DOFF Wait time for interface: 110

>
Reset interface. Wait time for interface: 62SCAN E
C,12145,8241,0,0,128,2458
F,12165,12665,0,0,139,2457[CR],958414546
C,12145,9158,0,0,22,2458[CR],958414984
F,12165,12666,0,0,75,2458[CR],958415312
A,35004,12165,0,0,167,2458[CR],958415750
F,12152,12668,0,0,189,2457[CR],958416093
C,12144,8530,0,0,217,2458[CR],958416531
F,12164,12669,0,0,216,2458[CR],958416875
C,12145,9265,0,0,199,2458[CR],958417328
F,12164,12669,0,0,233,2458[CR],958417687
C,12145,9118,0,0,226,2458[CR],958418125
F,12175,12668,0,0,237,2458[CR],958418453
C,12145,9010,0,0,148,2459[CR],958418890
F,12161,12666,0,0,151,2459[CR],958419234
C,12145,9308,0,0,207,2458[CR],958419671
F,12165,12667,0,0,215,2459[CR],958420000
C,12146,8979,0,0,197,2459[CR],958420437
F,12171,12667,0,0,175,2458[CR],958420765
C,12145,9211,0,0,164,2458[CR],958421234
F,12168,12667,0,0,145,2458[CR],958421578
A,35004,12166,0,0,156,2459[CR],958422015
F,12150,12669,0,0,267,2459[CR],958422343
C,12145,9185,0,0,199,2458[CR],958422781
F,12175,12666,0,0,248,2458[CR],958423109
C,12145,8995,0,0,245,2458[CR],958423546
F,12175,12667,0,0,144,2459[CR],958423765
>
Reset interface. Wait time for interface: 78
>
Reset interface. Wait time for interface: 125CLEAR
OK
>
Command: CLEAR Wait time for interface: 110

<START BUTTON 09:27:56>

>
Reset interface. Wait time for interface: 46
>
Reset interface. Wait time for interface: 110DRON
OK
>
Command: DRON Wait time for interface: 109
SCAN E
F,15024,16566,0,0,489,4746
C,28640,472,0,0,488,4689[CR],958683703
F,15024,16572,0,0,488,4689[CR],958684031
A,35600,15025,0,0,488,4687[CR],958684468
F,15016,16580,0,0,488,4686[CR],958684906
C,28516,474,0,0,488,4687[CR],958685234
F,15039,16590,0,0,488,4686[CR],958685671
C,28460,464,0,0,487,4686[CR],958686000
F,15038,16596,0,0,487,4684[CR],958686437
C,28412,460,0,0,486,4684[CR],958686765
F,15038,16598,0,0,487,4683[CR],958687203
C,28372,464,0,0,487,4682[CR],958687640
F,15041,16604,0,0,487,4681[CR],958687968
C,28340,450,0,0,487,4682[CR],958688406
F,15049,16604,0,0,487,4681[CR],958688734
C,28304,476,0,0,487,4681[CR],958689171
F,15039,16610,0,0,487,4682[CR],958689500
C,28276,464,0,0,487,4679[CR],958689937
F,15041,16616,0,0,486,4680[CR],958690375
A,35588,15038,0,0,487,4679[CR],958690703
F,15030,16628,0,0,487,4679[CR],958691140
C,28252,472,0,0,487,4679[CR],958691468
F,15054,16632,1,0,589,4737[CR],958691906
C,28248,472,5,9,587,4812[CR],958692343
F,15062,16043,9,10,588,4831[CR],958692671
C,31652,468,13,10,588,4852[CR],958693109
F,14990,15543,16,8,589,4859[CR],958693437
C,31756,464,21,10,589,4879[CR],958693875
F,14943,15523,25,10,587,4907[CR],958694203
C,31976,464,29,9,587,4944[CR],958694640
F,14909,15245,33,11,590,4962[CR],958695078
C,32352,434,37,10,590,4975[CR],958695406
F,14893,15332,41,10,590,4983[CR],958695843
C,32208,442,45,11,591,4966[CR],958696171
F,14874,15168,49,11,593,4955[CR],958696609
A,35636,14852,54,10,596,4961[CR],958696937
F,14781,15765,59,12,598,4946[CR],958697375
C,31160,416,63,11,597,4918[CR],958697703
F,14816,16968,68,10,597,4921[CR],958698140
C,30308,426,73,12,594,4901[CR],958698578
F,14877,17162,77,11,596,4892[CR],958698906
C,30184,422,83,13,595,4894[CR],958699343
F,14865,17230,88,12,598,4896[CR],958699671
C,30100,438,92,11,597,4880[CR],958700109
F,14890,17010,98,13,597,4882[CR],958700437
C,29800,434,104,14,601,4873[CR],958700875
F,14894,16864,110,16,600,4864[CR],958701218
C,29664,450,116,14,597,4873[CR],958701640
F,14928,17056,122,15,597,4885[CR],958702078
C,29452,438,127,14,603,4869[CR],958702406
F,14997,17134,133,16,600,4856[CR],958702843
A,35604,15006,140,16,600,4849[CR],958703281
F,14986,17030,147,17,596,4851[CR],958703609
C,28704,434,153,15,595,4865[CR],958704046
F,15005,17250,160,17,598,4869[CR],958704375
C,28156,468,166,15,594,4867[CR],958704812
F,15023,17692,173,19,598,4861[CR],958705140
C,27280,462,179,16,594,4840[CR],958705578
F,15025,17674,186,16,596,4854[CR],958705906
C,26492,446,193,16,599,4865[CR],958706343
F,15011,16946,200,17,596,4837[CR],958706781
C,25436,440,206,15,595,4810[CR],958707109
F,14996,16123,213,17,597,4782[CR],958707546
C,24240,460,219,14,595,4733[CR],958707875
F,15023,15831,226,16,593,4674[CR],958708312
C,22686,470,232,17,592,4625[CR],958708640
F,15046,15918,238,15,588,4597[CR],958709078
A,35556,15060,245,13,593,4569[CR],958709515
F,15044,16022,251,15,593,4584[CR],958709890
C,19576,442,257,16,598,4603[CR],958710281
F,15105,16231,263,16,601,4568[CR],958710625
C,18384,464,269,15,599,4549[CR],958711046
F,15115,17030,276,16,599,4540[CR],958711375
C,17424,442,282,13,600,4519[CR],958711812
F,15149,17376,288,15,600,4542[CR],958712250
C,16804,476,294,12,603,4572[CR],958712578
F,15188,18192,301,16,600,4579[CR],958713015
C,16454,464,306,13,600,4575[CR],958713343
F,15235,18996,313,15,598,4565[CR],958713781
C,16171,480,319,15,597,4583[CR],958714218
F,15347,20214,325,16,598,4564[CR],958714546
C,15760,476,331,14,599,4581[CR],958714984
F,15516,21330,337,15,596,4588[CR],958715312
A,35576,15720,343,15,597,4599[CR],958715750
F,15774,21952,350,15,596,4610[CR],958716078
C,15144,478,356,14,595,4637[CR],958716515
F,16254,22434,362,16,595,4681[CR],958716843
C,15128,482,367,14,596,4722[CR],958717281
F,16962,22534,373,16,593,4762[CR],958717718
C,15207,486,379,14,596,4792[CR],958718046
F,17472,22416,385,15,596,4823[CR],958718484
C,15331,488,391,15,594,4853[CR],958718812
F,17476,21774,397,16,594,4866[CR],958719250
C,15419,482,403,15,594,4904[CR],958719578
F,17450,20764,409,15,592,4933[CR],958720015
C,15535,482,415,15,591,4970[CR],958720453
F,17480,20196,421,13,592,5009[CR],958720781
C,15722,480,427,15,592,5047[CR],958721218
F,17538,19522,433,14,590,5084[CR],958721546
A,35596,17568,439,15,591,5125[CR],958721984
F,17564,19090,445,14,587,5154[CR],958722421
C,16173,486,451,15,587,5197[CR],958722750
F,17562,18538,457,14,591,5233[CR],958723187
C,16379,480,463,16,590,5261[CR],958723515
F,17568,17752,469,14,588,5291[CR],958723953
C,16462,486,475,16,586,5309[CR],958724281
F,17696,16848,481,14,588,5304[CR],958724718
C,16486,484,487,16,588,5302[CR],958725046
F,17904,16033,493,15,589,5276[CR],958725484
C,16339,486,499,17,585,5259[CR],958725921
F,18208,15330,505,14,585,5264[CR],958726250
C,16129,486,512,16,586,5274[CR],958726687
F,18640,14985,518,15,583,5298[CR],958727015
C,15911,478,524,17,584,5304[CR],958727453
F,19120,14835,530,14,587,5234[CR],958727781
A,35600,19462,536,17,588,5231[CR],958728218
F,19598,14735,543,15,584,5221[CR],958728656
C,15684,484,549,16,588,5244[CR],958728984
F,20080,14897,555,15,587,5232[CR],958729421
C,15775,486,561,17,588,5238[CR],958729750
F,20424,15264,568,15,589,5257[CR],958730187
C,15949,486,573,17,589,5261[CR],958730515
F,20372,15687,580,14,590,5253[CR],958730953
C,16113,486,586,15,589,5259[CR],958731390
F,19430,15996,592,15,588,5249[CR],958731718
C,16196,494,598,16,588,5235[CR],958732156
F,18650,16058,604,15,585,5230[CR],958732484
C,16124,486,610,17,587,5218[CR],958732921
F,18702,15936,617,15,585,5178[CR],958733359
C,15920,486,623,18,585,5148[CR],958733687
F,19116,15659,630,16,585,5124[CR],958734125
A,35584,19514,636,18,587,5107[CR],958734453
F,19662,15434,642,16,586,5088[CR],958734890
C,15432,486,649,18,587,5075[CR],958735218
F,20242,15236,655,15,588,5076[CR],958735656
C,15235,482,661,15,587,5066[CR],958735984
F,20850,15050,667,15,581,5054[CR],958736421
C,15086,490,673,13,589,5071[CR],958736859
F,21448,14952,680,16,584,5063[CR],958737187
C,15062,490,685,13,583,5065[CR],958737625
F,21944,14972,692,16,584,5071[CR],958737968
C,15142,494,697,13,584,5084[CR],958738390
F,22196,15099,704,15,586,5095[CR],958738718
C,15244,484,710,13,582,5112[CR],958739156
F,21672,15195,716,16,583,5135[CR],958739593
C,15305,482,722,13,584,5143[CR],958739921
F,20894,15228,729,15,583,5159[CR],958740359
A,35588,20634,734,14,584,5169[CR],958740687
F,20620,15136,741,16,583,5150[CR],958741125
C,15261,494,747,14,584,5132[CR],958741453
F,20810,15005,753,17,581,5134[CR],958741890
C,15192,490,759,14,586,5138[CR],958742328
F,21068,14937,766,16,583,5130[CR],958742656
C,15149,490,772,15,583,5104[CR],958743093
F,21228,14962,778,16,584,5076[CR],958743421
C,15254,490,784,14,583,5081[CR],958743859
F,20966,15071,791,16,580,5071[CR],958744296
C,15478,490,797,14,583,5070[CR],958744625
F,20340,15230,803,16,585,5070[CR],958745062
C,15765,484,809,14,584,5066[CR],958745390
F,19636,15390,816,16,581,5077[CR],958745828
C,15998,490,822,15,580,5076[CR],958746156
F,19028,15474,828,16,583,5076[CR],958746593
A,35596,18634,834,14,582,5074[CR],958747031
F,18482,15470,840,16,579,5076[CR],958747406
C,16184,486,846,14,581,5072[CR],958747796
F,18222,15366,853,17,578,5064[CR],958748125
C,16169,482,859,14,580,5066[CR],958748562
F,18306,15221,865,17,580,5054[CR],958748890
C,16076,486,871,15,579,5021[CR],958749328
F,18568,14994,878,17,580,5012[CR],958749765
C,15908,490,884,14,578,5006[CR],958750093
F,18932,14759,890,17,579,5002[CR],958750531
C,15813,490,896,15,577,4988[CR],958750859
F,19344,14593,903,17,580,4956[CR],958751296
C,15829,486,909,15,580,4924[CR],958751625
F,19744,14547,915,17,580,4901[CR],958752062
C,16001,482,922,15,579,4885[CR],958752500
F,20056,14651,928,17,582,4852[CR],958752828
A,35560,20102,934,15,581,4817[CR],958753265
F,20042,14770,941,17,582,4789[CR],958753593
C,16550,490,947,14,584,4777[CR],958754031
F,19664,14862,953,16,577,4769[CR],958754359
C,16834,502,960,15,581,4771[CR],958754796
F,19110,14885,966,17,582,4745[CR],958755234
C,17042,502,972,14,578,4729[CR],958755562
F,18740,14921,979,16,581,4732[CR],958756000
C,17088,500,985,15,579,4730[CR],958756328
F,18684,14881,991,17,581,4719[CR],958756765
C,16934,492,998,15,579,4715[CR],958757093
F,18802,14823,1004,16,576,4704[CR],958757531
C,16738,500,1010,14,577,4709[CR],958757968
F,19056,14758,1016,17,575,4702[CR],958758296
C,16484,520,1022,14,577,4695[CR],958758734
F,19398,14710,1029,16,578,4698[CR],958759062
A,35556,19682,1035,15,576,4692[CR],958759500
F,19796,14679,1041,17,575,4706[CR],958759828
C,16008,516,1047,15,578,4710[CR],958760265
F,20248,14723,1053,17,581,4705[CR],958760703
C,15771,508,1059,15,575,4704[CR],958761031
F,20706,14795,1066,17,579,4688[CR],958761468
C,15592,518,1072,15,574,4674[CR],958761796
F,21136,14913,1078,17,578,4662[CR],958762234
C,15383,522,1085,16,579,4647[CR],958762562
F,21578,15054,1091,18,582,4635[CR],958763000
C,15188,528,1097,15,579,4621[CR],958763437
F,22020,15234,1103,17,582,4632[CR],958763765
C,15037,516,1109,16,582,4648[CR],958764203
F,22458,15406,1115,16,581,4659[CR],958764531
C,14971,542,1122,15,583,4648[CR],958764968
F,22754,15605,1128,14,581,4653[CR],958765296
A,35552,22650,1134,15,587,4660[CR],958765734
F,22474,15839,1140,17,582,4658[CR],958766187
C,14889,546,1147,15,584,4662[CR],958766500
F,21688,15941,1152,13,581,4664[CR],958766937
C,14843,538,1159,15,582,4669[CR],958767265
F,21078,15954,1165,13,580,4679[CR],958767703
C,14829,542,1171,15,579,4680[CR],958768031
F,20884,15918,1177,13,582,4685[CR],958768468
C,14870,556,1183,16,580,4687[CR],958768906
F,20794,15840,1189,13,582,4674[CR],958769234
C,14940,546,1196,16,575,4672[CR],958769671
F,20688,15805,1202,14,583,4679[CR],958770000
C,15062,548,1208,16,581,4677[CR],958770437
F,20454,15743,1214,15,580,4682[CR],958770765
C,15219,554,1220,16,579,4666[CR],958771203
F,20340,15647,1227,14,580,4653[CR],958771640
A,35584,20282,1233,16,577,4635[CR],958771968
F,20250,15558,1239,15,581,4626[CR],958772406
C,15646,562,1245,16,577,4619[CR],958772734
F,20162,15475,1252,15,580,4623[CR],958773171
C,15884,562,1258,16,575,4623[CR],958773500
F,19862,15359,1264,14,579,4630[CR],958773937
C,16088,564,1270,16,576,4637[CR],958774375
F,19566,15218,1276,14,578,4640[CR],958774703
C,16398,564,1282,16,576,4654[CR],958775140
F,19306,15145,1288,14,578,4656[CR],958775484
C,16782,562,1295,16,576,4647[CR],958775906
F,18992,15113,1301,14,577,4645[CR],958776234
C,17088,566,1307,16,575,4661[CR],958776671
F,18840,15021,1313,14,575,4698[CR],958777109
C,17430,566,1319,16,572,4746[CR],958777437
F,18704,15000,1325,15,576,4753[CR],958777875
A,35532,18580,1331,16,575,4753[CR],958778203
F,18490,15049,1337,15,575,4770[CR],958778640
C,18208,570,1343,17,574,4778[CR],958778968
F,18252,15197,1349,15,576,4797[CR],958779406
C,18570,574,1355,17,577,4800[CR],958779843
F,17928,15431,1361,15,576,4812[CR],958780171
C,18790,562,1367,17,576,4814[CR],958780609
F,17610,15714,1374,15,579,4801[CR],958780937
C,18950,566,1380,13,580,4791[CR],958781375
F,17310,15997,1386,16,580,4785[CR],958781703
C,19040,566,1392,13,581,4782[CR],958782140
F,17028,16323,1398,16,582,4768[CR],958782578
C,19044,564,1404,14,583,4762[CR],958782906
F,16830,16616,1411,16,582,4756[CR],958783343
C,18980,566,1417,12,581,4764[CR],958783671
F,16730,16844,1423,16,579,4769[CR],958784109
A,35532,16732,1429,13,579,4783[CR],958784437
F,16722,17004,1435,16,581,4779[CR],958784875
C,18662,566,1441,14,580,4769[CR],958785312
F,16778,17120,1447,16,576,4782[CR],958785640
C,18514,562,1454,14,582,4776[CR],958785984
F,16806,17238,1460,16,578,4784[CR],958786406
C,18458,566,1466,14,576,4799[CR],958786843
F,16820,17306,1472,16,575,4820[CR],958787171
C,18428,566,1478,15,579,4835[CR],958787609
F,16810,17330,1484,16,575,4846[CR],958788046
C,18472,552,1490,14,575,4864[CR],958788375
F,16820,17362,1496,16,575,4887[CR],958788812
C,18496,566,1502,15,576,4900[CR],958789140
F,16814,17382,1508,17,576,4903[CR],958789578
C,18480,574,1514,16,579,4901[CR],958789906
F,16802,17284,1520,17,574,4899[CR],958790343
A,35508,16794,1526,15,575,4905[CR],958790781
F,16778,17130,1533,17,578,4874[CR],958791109
C,18340,568,1539,15,577,4853[CR],958791546
F,16830,17068,1545,17,577,4830[CR],958791875
C,18114,568,1551,16,578,4816[CR],958792312
F,16894,17066,1557,17,575,4813[CR],958792640
C,17850,568,1564,15,575,4811[CR],958793078
F,16964,17104,1570,17,573,4816[CR],958793515
C,17458,566,1576,15,572,4817[CR],958793859
F,16998,17126,1582,17,574,4806[CR],958794281
C,16992,574,1589,15,574,4791[CR],958794609
F,17030,17156,1595,16,575,4778[CR],958795046
C,16578,570,1601,15,576,4766[CR],958795375
F,17078,17294,1607,13,579,4763[CR],958795812
C,16229,568,1613,15,578,4771[CR],958796250
F,17148,17538,1619,17,580,4771[CR],958796578
A,35500,17228,1626,15,580,4782[CR],958797015
F,17250,17942,1632,15,580,4796[CR],958797343
C,15908,566,1638,15,579,4811[CR],958797781
F,17404,18174,1644,12,578,4805[CR],958798109
C,15853,566,1650,15,580,4816[CR],958798546
F,17486,18328,1656,13,578,4821[CR],958798984
C,15874,566,1662,15,577,4848[CR],958799312
F,17434,18192,1668,14,576,4866[CR],958799750
C,15895,566,1674,16,577,4862[CR],958800078
F,17626,17808,1680,14,578,4857[CR],958800515
C,15934,568,1687,16,577,4851[CR],958800843
F,18002,17350,1693,14,576,4850[CR],958801281
C,16012,566,1699,16,578,4850[CR],958801718
F,18356,16954,1705,14,576,4872[CR],958802046
C,16129,568,1711,16,573,4882[CR],958802484
F,18664,16608,1717,15,576,4886[CR],958802812
A,35480,18830,1723,16,574,4891[CR],958803250
F,18872,16319,1725,3,443,4862[CR],958803578
C,16458,562,1725,1,439,4840[CR],958804015
F,19168,15878,1725,0,437,4834[CR],958804390
C,15634,568,1725,0,435,4830[CR],958804781
F,19628,15625,1725,0,435,4831[CR],958805218
C,15569,574,1725,0,435,4829[CR],958805546
F,19880,15430,1725,0,435,4830[CR],958805984
C,15546,564,1725,0,420,4829[CR],958806312
F,19986,15306,1725,0,419,4840[CR],958806750
C,15537,562,1725,0,404,4868[CR],958807187
F,19988,15200,1725,0,405,4909[CR],958807515
C,15531,568,1725,0,404,4909[CR],958807953
F,19898,15135,1725,0,404,4910[CR],958808281
C,15525,564,1725,0,339,4064[CR],958808828
Z,0,0,1725,0,0,2526[CR],958809265
Z,0,0,1725,0,0,2479[CR],958809812
Z,0,0,1725,0,0,2473[CR],958810250
Z,0,0,1725,0,0,2472[CR],958810796
Z,0,0,1725,0,0,2473[CR],958811250
Z,0,0,1725,0,0,2472[CR],958811828
Z,0,0,1725,0,102,2473[CR],958812265
Z,0,0,1725,0,0,2467[CR],958812812
Z,0,0,1725,0,0,2472[CR],958813250
Z,0,0,1725,0,0,2467[CR],958813812
Z,0,0,1725,0,0,2470[CR],958814281
Z,0,0,1725,0,7,2469[CR],958814828
Z,0,0,1725,0,0,2469[CR],958815265
Z,0,0,1725,0,0,2471[CR],958815828
Z,0,0,1725,0,0,2468[CR],958816265
Z,0,0,1725,0,0,2468[CR],958816812
Z,0,0,1725,0,0,2468[CR],958817265
Z,0,0,1725,0,0,2471[CR],958817812
Z,0,0,1725,0,0,2468[CR],958818359
Z,0,0,1725,0,0,2469[CR],958818796
Z,0,0,1725,0,0,2471[CR],958819343
Z,0,0,1725,0,355,2469[CR],958819781
Z,0,0,1725,0,0,2469[CR],958820328
Z,0,0,1725,0,0,2471[CR],958820765
Z,0,0,1725,0,0,2471[CR],958821312
Z,0,0,1725,0,0,2470[CR],958821859
Z,0,0,1725,0,0,2471[CR],958822296
Z,0,0,1725,0,0,2471[CR],958822843
Z,0,0,1725,0,0,2471[CR],958823281
Z,0,0,1725,0,0,2471[CR],958823828
Z,0,0,1725,0,0,2471[CR],958824265
Z,0,0,1725,0,0,2471[CR],958824812
Z,0,0,1725,0,0,2472[CR],958825359
Z,0,0,1725,0,0,2470[CR],958825796
Z,0,0,1725,0,0,2471[CR],958826343
Z,0,0,1725,0,0,2458[CR],958826781
Z,0,0,1725,0,0,2459[CR],958827328
Z,0,0,1725,0,0,2464[CR],958827765
Z,0,0,1725,0,0,2453[CR],958828312
Z,0,0,1725,0,0,2455[CR],958828859
Z,0,0,1725,0,0,2458[CR],958829296
Z,0,0,1725,0,0,2461[CR],958829843
Z,0,0,1725,0,0,2460[CR],958830281
Z,0,0,1725,0,0,2464[CR],958830828
Z,0,0,1725,0,0,2464[CR],958831265
Z,0,0,1725,0,0,2466[CR],958831812
Z,0,0,1725,0,0,2467[CR],958832359
Z,0,0,1725,0,0,2466[CR],958832796
Z,0,0,1725,0,0,2466[CR],958833343
Z,0,0,1725,0,0,2467[CR],958833781
Z,0,0,1725,0,0,2466[CR],958834328
Z,0,0,1725,0,0,2463[CR],958834875
Z,0,0,1725,0,0,2467[CR],958835312
Z,0,0,1725,0,0,2469[CR],958835859
Z,0,0,1725,0,0,2469[CR],958836296
Z,0,0,1725,0,0,2472[CR],958836843
Z,0,0,1725,0,268,2484[CR],958837281
Z,0,0,1725,2,2,2478[CR],958837828
Z,0,0,1725,114,0,2486[CR],958838375
Z,0,0,1725,22,345,2556[CR],958838812
C,14387,566,1735,4,306,3989[CR],958839140
F,16656,15116,1735,1,303,4338[CR],958839578
C,15165,568,1735,1,309,4337[CR],958839906
F,16660,15040,1735,0,301,4335[CR],958840343
A,35320,16654,1735,0,287,4357[CR],958840781
F,16632,14974,1735,0,285,4363[CR],958841109
C,15138,556,1735,0,274,4360[CR],958841546
F,16636,14924,1735,0,416,4341[CR],958841875
C,15132,570,1735,0,428,4294[CR],958842312
F,16614,14912,1735,0,424,4270[CR],958842640
C,15135,570,1735,0,428,4269[CR],958843078
F,16604,14873,1735,0,428,4269[CR],958843515
C,15129,568,1735,0,428,4267[CR],958843843
F,16584,14848,1735,0,428,4266[CR],958844281
C,15125,570,1735,0,428,4265[CR],958844609
F,16568,14827,1735,0,428,4264[CR],958845046
C,15121,568,1735,0,429,4262[CR],958845375
F,16554,14810,1735,0,442,4296[CR],958845812
C,15118,566,1739,8,535,4762[CR],958846250
F,16538,15644,1745,17,549,5084[CR],958846578
A,35320,16253,1751,14,548,5078[CR],958847015
F,16063,16106,1757,15,547,5065[CR],958847343
C,17052,570,1763,15,545,5063[CR],958847781
F,15930,15980,1769,15,548,5053[CR],958848109
C,17082,568,1775,15,545,5045[CR],958848546
F,16014,15877,1781,16,540,5045[CR],958848984
C,16908,568,1788,15,544,5037[CR],958849312
F,16230,15815,1794,16,545,5010[CR],958849750
C,16712,570,1800,15,541,4992[CR],958850078
F,16528,15743,1806,16,541,4981[CR],958850515
C,16496,560,1812,14,545,4969[CR],958850843
F,16852,15791,1818,17,546,4960[CR],958851281
C,16256,580,1825,15,545,4965[CR],958851718
F,17168,15894,1831,17,544,4950[CR],958852062
C,16029,572,1837,14,549,4942[CR],958852484
F,17484,15968,1843,16,550,4933[CR],958852812
A,35316,17712,1849,15,549,4929[CR],958853250
F,17786,16205,1855,16,549,4943[CR],958853609
C,15811,568,1862,15,551,4939[CR],958854015
F,18106,16566,1868,16,554,4929[CR],958854453
C,15908,570,1874,15,555,4935[CR],958854781
F,18336,16868,1880,17,549,4935[CR],958855218
C,16011,574,1886,14,551,4954[CR],958855546
F,18512,16998,1892,16,550,4970[CR],958855984
C,16191,568,1898,15,551,4988[CR],958856312
F,18634,17044,1904,15,548,5006[CR],958856750
C,16271,568,1910,15,548,5023[CR],958857187
F,18688,16872,1916,12,552,5052[CR],958857515
C,16319,568,1922,16,550,5045[CR],958857953
F,18820,16650,1928,13,544,5054[CR],958858281
C,16285,566,1935,16,546,5054[CR],958858718
F,19000,16343,1941,15,547,5058[CR],958859046
A,35288,19162,1947,16,545,5062[CR],958859484
F,19222,16021,1953,13,545,5071[CR],958859921
C,16202,566,1959,16,542,5089[CR],958860250
F,19528,15720,1965,14,541,5106[CR],958860687
C,16079,580,1971,15,546,5111[CR],958861015
F,19846,15469,1977,14,539,5109[CR],958861453
C,15934,582,1984,16,542,5121[CR],958861781
F,20186,15175,1990,14,545,5140[CR],958862218
C,15796,586,1996,16,542,5150[CR],958862656
F,20558,14976,2002,15,540,5175[CR],958862984
C,15689,582,2008,16,544,5172[CR],958863421
F,20918,14857,2014,14,544,5172[CR],958863750
C,15610,576,2020,16,544,5175[CR],958864187
F,21254,14801,2026,14,545,5187[CR],958864515
C,15506,582,2032,17,545,5179[CR],958864953
F,21582,14698,2038,14,547,5235[CR],958865390
A,35252,21828,2044,17,547,5274[CR],958865718
F,21922,14634,2050,15,544,5285[CR],958866156
C,15401,566,2056,18,549,5300[CR],958866484
F,22324,14581,2063,15,549,5280[CR],958866921
C,15472,570,2068,17,546,5315[CR],958867250
F,22714,14589,2075,15,546,5348[CR],958867687
C,15755,568,2081,14,545,5353[CR],958868125
F,23014,14784,2087,15,550,5372[CR],958868453
C,16406,562,2093,13,554,5386[CR],958868890
F,22844,15044,2099,15,547,5397[CR],958869218
C,17112,566,2105,13,546,5436[CR],958869656
F,21860,15186,2111,16,545,5454[CR],958869984
C,17818,566,2117,14,546,5456[CR],958870421
F,20362,15370,2123,16,541,5462[CR],958870859
C,18280,562,2129,13,541,5495[CR],958871203
F,18788,15380,2136,16,539,5500[CR],958871625
A,35268,18204,2141,14,541,5497[CR],958871953
F,18128,15229,2148,16,539,5512[CR],958872390
C,18582,560,2154,14,539,5534[CR],958872718
F,18224,15045,2160,17,541,5536[CR],958873156
C,18618,550,2166,15,538,5532[CR],958873593
F,18348,15123,2172,16,538,5533[CR],958873921
C,18628,566,2178,14,536,5542[CR],958874359
F,18442,15507,2184,16,537,5563[CR],958874687
C,18546,570,2190,14,537,5571[CR],958875125
F,18496,15987,2196,16,532,5578[CR],958875453
C,18182,576,2202,14,535,5604[CR],958875890
F,18482,16313,2209,16,542,5601[CR],958876328
C,17616,572,2215,15,546,5592[CR],958876656
F,18500,16612,2221,17,545,5576[CR],958877093
C,17036,578,2227,14,542,5585[CR],958877421
F,18586,16824,2233,17,547,5584[CR],958877859
A,35216,18686,2239,15,550,5553[CR],958878187
F,18714,17170,2246,19,544,5520[CR],958878625
C,15924,578,2252,16,545,5442[CR],958879062
F,18868,17598,2258,18,550,5410[CR],958879390
C,15462,566,2265,15,553,5407[CR],958879828
F,19060,18482,2271,17,546,5398[CR],958880156
C,15130,570,2278,15,547,5396[CR],958880593
F,19236,19324,2284,16,553,5400[CR],958880921
C,15037,566,2290,15,551,5398[CR],958881359
F,19298,19886,2296,17,547,5410[CR],958881703
C,15190,568,2302,15,546,5413[CR],958882125
F,19256,19812,2308,16,547,5425[CR],958882562
C,15517,568,2315,15,548,5428[CR],958882890
F,19510,19616,2320,17,545,5425[CR],958883328
C,15774,566,2327,15,543,5441[CR],958883656
F,19524,19036,2332,16,544,5449[CR],958884093
A,35188,19420,2339,15,547,5470[CR],958884531
F,19362,18600,2345,13,539,5475[CR],958884859
C,16054,568,2351,15,540,5482[CR],958885296
F,19166,18098,2357,13,543,5489[CR],958885625
C,16120,568,2363,15,543,5507[CR],958886062
F,19114,17548,2369,15,540,5509[CR],958886390
C,16093,568,2375,17,540,5498[CR],958886828
F,19232,16900,2382,15,537,5417[CR],958887265
C,16023,576,2388,16,539,5416[CR],958887593
F,19478,16301,2394,14,542,5441[CR],958888031
C,15920,582,2400,16,536,5450[CR],958888359
F,19812,15840,2406,14,536,5466[CR],958888796
C,15895,572,2412,15,543,5465[CR],958889125
F,20188,15572,2418,14,538,5481[CR],958889562
C,16019,576,2424,14,536,5526[CR],958890000
F,20510,15469,2429,12,535,5659[CR],958890328
A,35128,20670,2434,12,540,5736[CR],958890765
F,20708,15549,2441,17,545,5718[CR],958891140
C,16954,574,2448,19,543,5589[CR],958891531
F,20308,15838,2455,15,540,5564[CR],958891859
C,17486,570,2460,16,539,5576[CR],958892296
F,18812,15905,2467,15,538,5577[CR],958892734
C,17838,572,2472,17,535,5576[CR],958893062
F,17944,15890,2479,15,539,5573[CR],958893500
C,18054,572,2484,15,540,5569[CR],958893828
F,17354,16002,2491,16,537,5592[CR],958894265
C,18036,572,2496,14,537,5596[CR],958894593
F,17062,15998,2503,15,539,5598[CR],958895031
C,17876,574,2509,13,536,5585[CR],958895468
F,17140,15826,2515,16,538,5570[CR],958895796
C,17586,582,2521,14,540,5570[CR],958896234
F,17390,15852,2527,15,542,5578[CR],958896562
A,35136,17526,2533,14,542,5573[CR],958897000
F,17562,15939,2540,16,542,5564[CR],958897328
C,16866,582,2546,14,539,5560[CR],958897765
F,17738,15977,2552,15,538,5538[CR],958898203
C,16504,580,2558,14,539,5512[CR],958898531
F,17924,16132,2564,16,541,5494[CR],958898968
C,16247,584,2570,14,540,5492[CR],958899296
F,18114,16442,2577,16,544,5508[CR],958899734
C,16110,582,2582,15,543,5511[CR],958900078
F,18316,16858,2589,16,544,5528[CR],958900500
C,16081,570,2595,14,544,5548[CR],958900828
F,18492,17354,2601,16,544,5566[CR],958901265
C,16140,572,2606,14,546,5596[CR],958901703
F,18316,17760,2613,16,543,5607[CR],958902031
C,16281,574,2619,14,541,5617[CR],958902468
F,17802,18168,2625,16,541,5635[CR],958902796
A,35156,17324,2631,15,542,5648[CR],958903234
F,17112,18196,2637,17,540,5671[CR],958903671
C,16396,568,2643,14,540,5684[CR],958904000
F,16616,18056,2649,16,539,5693[CR],958904437
C,16372,570,2655,15,540,5719[CR],958904765
F,16496,17540,2661,15,541,5724[CR],958905203
C,16207,572,2667,15,537,5703[CR],958905531
F,16656,16632,2673,14,540,5679[CR],958905968
C,15835,586,2679,16,537,5656[CR],958906406
F,17102,15990,2685,12,540,5659[CR],958906734
C,15607,572,2692,16,539,5646[CR],958907171
F,17638,15604,2697,13,542,5652[CR],958907500
C,15538,560,2704,16,543,5640[CR],958907937
F,18250,15519,2710,13,541,5633[CR],958908265
C,15783,566,2716,15,539,5657[CR],958908703
F,18788,15725,2722,14,534,5690[CR],958909140
A,35100,19072,2728,15,534,5749[CR],958909468
F,19108,15955,2733,14,532,5788[CR],958909906
C,17160,566,2740,16,533,5783[CR],958910234
F,18788,15923,2746,14,535,5757[CR],958910609
C,17524,570,2752,16,534,5746[CR],958911000
F,18266,15848,2758,14,535,5758[CR],958911437
C,17514,578,2764,16,532,5783[CR],958911875
F,18010,16009,2770,15,533,5800[CR],958912203
C,17304,574,2776,17,536,5779[CR],958912640
F,17908,16139,2782,15,536,5768[CR],958912968
C,17022,594,2788,17,536,5774[CR],958913406
F,17888,16107,2795,15,536,5792[CR],958913734
C,16690,578,2801,17,539,5792[CR],958914171
F,18068,16161,2807,14,536,5791[CR],958914609
C,16540,580,2813,15,534,5805[CR],958914937
F,18274,16464,2819,15,533,5831[CR],958915375
A,35124,18440,2824,14,544,5868[CR],958915703
F,18486,16912,2831,15,538,5842[CR],958916140
C,16736,570,2837,13,537,5841[CR],958916468
F,18668,17324,2843,15,536,5863[CR],958916906
C,17102,570,2849,13,538,5877[CR],958917343
F,18736,17770,2855,15,535,5890[CR],958917671
C,17644,566,2861,14,535,5916[CR],958918109
F,18312,17990,2867,16,535,5933[CR],958918453
C,18226,560,2873,14,536,5945[CR],958918875
F,17904,17956,2879,16,534,5966[CR],958919203
C,18848,578,2885,14,533,5999[CR],958919640
F,17708,17952,2891,16,534,6018[CR],958920078
C,19488,570,2897,14,533,6039[CR],958920406
F,17498,18000,2902,17,531,6058[CR],958920843
C,20082,586,2909,14,534,6058[CR],958921171
F,17110,18032,2915,16,534,6058[CR],958921609
A,35132,16778,2921,15,532,6055[CR],958921937
F,16640,17832,2927,18,534,6035[CR],958922328
C,20724,578,2933,14,533,6026[CR],958922812
F,16381,17482,2939,17,531,6010[CR],958923140
C,20654,584,2945,15,531,6004[CR],958923578
F,16444,17064,2951,17,536,6005[CR],958923906
C,20470,580,2958,15,534,6005[CR],958924343
F,16642,16836,2964,17,533,6023[CR],958924671
C,20080,582,2970,14,536,6027[CR],958925109
F,16864,16856,2976,14,532,6025[CR],958925546
C,19568,588,2982,15,535,6036[CR],958925875
F,17090,17038,2988,13,531,6017[CR],958926312
C,18986,588,2994,15,536,6000[CR],958926640
F,17306,17322,3000,13,534,5996[CR],958927078
C,18278,602,3006,15,534,5980[CR],958927406
F,17528,17594,3012,14,536,5977[CR],958927843
A,35032,17678,3019,16,539,5946[CR],958928281
F,17732,17872,3025,14,539,5886[CR],958928640
C,16810,600,3031,16,539,5855[CR],958929046
F,18004,18226,3037,14,536,5846[CR],958929375
C,16165,590,3044,16,536,5846[CR],958929812
F,18310,18628,3050,14,539,5844[CR],958930140
C,15728,614,3056,16,534,5853[CR],958930578
F,18668,19258,3062,14,537,5872[CR],958931015
C,15506,592,3068,16,535,5902[CR],958931343
F,19004,19918,3074,14,539,5916[CR],958931781
C,15446,574,3080,15,537,5922[CR],958932109
F,19320,20392,3086,15,531,5916[CR],958932546
C,15488,582,3092,16,536,5928[CR],958932875
F,19566,20580,3098,15,536,5952[CR],958933312
C,15683,610,3104,17,538,5938[CR],958933750
F,19686,20482,3110,15,533,5914[CR],958934078
A,35064,19718,3116,17,536,5924[CR],958934515
F,19726,20110,3122,15,536,5935[CR],958934843
C,16055,592,3128,17,536,5927[CR],958935281
F,19846,19350,3134,15,534,5931[CR],958935609
C,16226,596,3140,17,535,5951[CR],958936046
F,19922,18742,3146,16,532,5960[CR],958936484
C,16398,590,3152,13,535,5968[CR],958936828
F,19778,18324,3159,15,537,5982[CR],958937250
C,16506,606,3164,12,537,5963[CR],958937578
F,19422,17746,3171,16,534,5978[CR],958938015
C,16528,602,3176,13,534,5978[CR],958938343
F,19492,17172,3183,15,537,5975[CR],958938781
C,16546,626,3189,14,531,5962[CR],958939218
F,19724,16504,3195,16,531,5955[CR],958939546
C,16522,608,3201,14,531,5948[CR],958939984
F,19952,16078,3207,16,531,5947[CR],958940312
A,35044,20108,3213,14,532,5950[CR],958940750
F,20148,15791,3219,16,531,5947[CR],958941078
C,16464,618,3225,14,531,5961[CR],958941515
F,20318,15596,3231,17,527,5964[CR],958941953
C,16384,640,3237,14,533,5955[CR],958942281
F,20406,15527,3243,16,534,5949[CR],958942718
C,16241,634,3249,15,533,5946[CR],958943046
F,20480,15431,3255,16,534,5933[CR],958943484
C,16103,618,3262,14,533,5934[CR],958943812
F,20654,15371,3268,17,535,5930[CR],958944250
C,16074,644,3274,15,534,5924[CR],958944687
F,20814,15446,3280,16,533,5917[CR],958945015
C,16121,642,3286,15,534,5917[CR],958945453
F,20864,15664,3292,16,536,5903[CR],958945781
C,16245,642,3298,15,534,5904[CR],958946218
F,20338,15890,3304,14,536,5914[CR],958946546
A,35016,19902,3311,15,532,5915[CR],958946984
F,19788,15954,3317,12,533,5917[CR],958947406
C,16312,634,3323,15,532,5935[CR],958947750
F,19656,15874,3328,13,532,5949[CR],958948109
C,16231,648,3335,15,534,5955[CR],958948515
F,19698,15705,3341,14,535,5962[CR],958948953
C,16132,640,3347,15,534,5952[CR],958949281
F,19840,15553,3353,14,534,5953[CR],958949718
C,16065,652,3359,16,534,5946[CR],958950156
F,20006,15485,3365,14,533,5958[CR],958950484
C,15987,666,3371,16,536,5948[CR],958950921
F,20178,15423,3377,14,532,5935[CR],958951250
C,15883,634,3383,16,534,5930[CR],958951687
F,20320,15394,3390,15,536,5924[CR],958952015
C,15758,642,3396,16,534,5924[CR],958952453
F,20470,15296,3402,14,533,5921[CR],958952890
A,35036,20582,3408,16,534,5934[CR],958953218
F,20618,15220,3414,15,536,5936[CR],958953656
C,15400,656,3420,16,532,5925[CR],958953984
F,20810,15174,3426,15,535,5932[CR],958954421
C,15310,656,3432,16,530,5938[CR],958954750
F,20992,15136,3438,15,534,5960[CR],958955187
C,15278,652,3444,16,532,5972[CR],958955625
F,21184,15143,3450,14,531,5979[CR],958955953
C,15297,646,3456,12,534,5991[CR],958956390
F,21352,15230,3462,15,539,5999[CR],958956718
C,15383,650,3467,12,531,5988[CR],958957156
F,21472,15362,3474,15,535,5999[CR],958957484
C,15463,654,3480,13,534,5999[CR],958957921
F,21528,15531,3486,15,536,6004[CR],958958359
C,15478,642,3492,14,535,6007[CR],958958687
F,21284,15622,3498,16,533,6012[CR],958959125
A,35016,21138,3504,14,535,6010[CR],958959453
F,21116,15482,3510,16,533,6002[CR],958959890
C,15211,650,3516,14,535,6000[CR],958960218
F,21258,15298,3522,16,533,5989[CR],958960656
C,15068,658,3528,14,530,5989[CR],958961093
F,21444,15181,3534,16,535,5986[CR],958961421
C,14941,646,3540,14,532,5994[CR],958961859
F,21650,15076,3546,16,533,6007[CR],958962187
C,14842,656,3553,14,534,6022[CR],958962625
F,21844,15054,3558,16,534,6035[CR],958962953
C,14863,644,3564,14,531,6058[CR],958963390
F,22036,15109,3570,16,532,6075[CR],958963828
C,15026,668,3576,15,530,6099[CR],958964156
F,22194,15327,3582,14,531,6121[CR],958964593
C,15293,646,3588,15,530,6154[CR],958964921
F,22130,15594,3593,12,529,6179[CR],958965359
A,34976,21882,3600,15,529,6195[CR],958965703
F,21788,15669,3605,13,529,6214[CR],958966140
C,15719,652,3611,15,527,6219[CR],958966453
F,21706,15557,3617,14,527,6234[CR],958966890
C,15847,646,3623,16,527,6240[CR],958967328
F,21782,15352,3629,14,532,6236[CR],958967656
C,15874,652,3635,16,524,6237[CR],958968093
F,21872,15194,3641,14,531,6230[CR],958968421
C,15776,644,3647,16,528,6225[CR],958968859
F,21952,15054,3653,15,532,6236[CR],958969296
C,15656,654,3659,16,529,6236[CR],958969625
F,22098,14943,3665,15,529,6238[CR],958970062
C,15545,652,3671,16,530,6231[CR],958970390
F,22304,14889,3677,15,530,6216[CR],958970828
C,15496,658,3683,17,530,6209[CR],958971156
F,22464,15034,3690,15,530,6197[CR],958971593
A,34928,22496,3695,14,531,6184[CR],958972031
F,22432,15250,3702,15,532,6176[CR],958972359
C,15518,654,3707,14,530,6168[CR],958972796
F,22076,15353,3714,15,530,6159[CR],958973125
C,15521,652,3720,12,535,6162[CR],958973562
F,21918,15292,3724,6,398,6130[CR],958973890
C,15491,660,3724,1,363,6081[CR],958974328
F,22054,14783,3724,1,358,6070[CR],958974765
C,14869,660,3724,0,355,6059[CR],958975093
F,22668,14590,3724,0,352,6053[CR],958975531
C,14759,656,3724,0,351,6053[CR],958975859
F,23268,14494,3724,0,351,6052[CR],958976296
C,14708,652,3724,0,351,6052[CR],958976625
F,23810,14426,3724,0,336,6066[CR],958977062
C,14681,646,3724,0,334,6093[CR],958977500
F,24264,14415,3724,0,331,6108[CR],958977828
A,34944,24534,3724,0,324,5979[CR],958978265
F,24620,14376,3724,0,320,5917[CR],958978593
C,14686,658,3724,0,321,5920[CR],958979031
F,24924,14335,3724,0,319,5921[CR],958979359
C,14671,656,3724,0,316,5922[CR],958979796
F,25144,14300,3724,0,329,5768[CR],958980234
C,14661,648,3724,0,316,4407[CR],958980562
F,25288,14137,3724,0,184,3170[CR],958981109
Z,0,0,3724,0,0,2549[CR],958981546
Z,0,0,3724,0,0,2468[CR],958982093
Z,0,0,3724,0,0,2466[CR],958982531
Z,0,0,3724,0,0,2470[CR],958983078
Z,0,0,3724,0,0,2469[CR],958983625
Z,0,0,3724,0,0,2469[CR],958984062
Z,0,0,3724,0,0,2464[CR],958984609
Z,0,0,3724,0,0,2468[CR],958985046
Z,0,0,3724,0,0,2469[CR],958985593
Z,0,0,3724,0,0,2468[CR],958986031
Z,0,0,3724,0,0,2467[CR],958986578
Z,0,0,3724,0,0,2466[CR],958987125
Z,0,0,3724,0,0,2468[CR],958987562
Z,0,0,3724,0,0,2464[CR],958988109
Z,0,0,3724,0,0,2470[CR],958988546
Z,0,0,3724,0,0,2466[CR],958989093
Z,0,0,3724,0,0,2470[CR],958989531
Z,0,0,3724,0,0,2468[CR],958990078
Z,0,0,3724,0,71,2468[CR],958990625
Z,0,0,3724,0,0,2468[CR],958991062
Z,0,0,3724,0,0,2468[CR],958991609
Z,0,0,3724,0,0,2467[CR],958992046
Z,0,0,3724,0,0,2468[CR],958992593
Z,0,0,3724,0,0,2468[CR],958993031
Z,0,0,3724,0,0,2468[CR],958993578
Z,0,0,3724,0,0,2468[CR],958994125
Z,0,0,3724,3,0,2468[CR],958994562
Z,0,0,3724,1,0,2468[CR],958995109
Z,0,0,3724,0,0,2467[CR],958995546
Z,0,0,3724,0,0,2468[CR],958996093
Z,0,0,3724,0,0,2469[CR],958996531
Z,0,0,3724,0,0,2469[CR],958997078
Z,0,0,3724,0,0,2455[CR],958997625
Z,0,0,3724,0,0,2455[CR],958998062
Z,0,0,3724,0,0,2460[CR],958998609
Z,0,0,3724,0,0,2461[CR],958999046
Z,0,0,3724,0,0,2456[CR],958999593
Z,0,0,3724,0,0,2457[CR],959000031
Z,0,0,3724,0,0,2461[CR],959000578
Z,0,0,3724,0,0,2463[CR],959001125
Z,0,0,3724,0,0,2464[CR],959001562
Z,0,0,3724,0,0,2465[CR],959002109
Z,0,0,3724,0,240,2464[CR],959002546
Z,0,0,3724,0,0,2465[CR],959003093
Z,0,0,3724,0,0,2465[CR],959003531
Z,0,0,3724,0,0,2466[CR],959004078
Z,0,0,3724,0,0,2467[CR],959004625
Z,0,0,3724,0,0,2467[CR],959005062
Z,0,0,3724,0,63,2468[CR],959005609
Z,0,0,3724,0,0,2470[CR],959006046
Z,0,0,3724,0,0,2490[CR],959006593
Z,0,0,3724,0,0,2475[CR],959007031
Z,0,0,3724,35,0,2475[CR],959007578
Z,0,0,3724,34,0,2475[CR],959008125
Z,0,0,3724,44,0,2478[CR],959008562
Z,0,0,3724,47,0,2476[CR],959009109
Z,0,0,3724,47,0,2478[CR],959009437
F,21572,13642,3724,34,219,2738[CR],959009875
C,14247,656,3726,9,216,3770[CR],959010312
F,21514,13983,3726,2,210,4156[CR],959010640
C,14467,652,3726,1,217,4143[CR],959011078
F,21466,13964,3726,0,205,4138[CR],959011406
C,14453,660,3726,0,195,4135[CR],959011843
F,21406,13924,3726,0,44,4149[CR],959012171
C,14448,652,3726,0,100,4155[CR],959012609
F,21336,13905,3726,0,117,4151[CR],959012937
C,14447,658,3726,0,105,4148[CR],959013375
F,21268,13893,3726,0,344,4141[CR],959013812
C,14448,654,3726,0,343,4130[CR],959014140
F,21204,13891,3726,0,339,4123[CR],959014578
C,14450,676,3726,0,347,4119[CR],959014906
F,21142,13888,3726,0,338,4118[CR],959015343
A,34840,21094,3726,0,340,4117[CR],959015781
F,21064,13890,3726,0,335,4115[CR],959016109
C,14451,658,3726,0,341,4112[CR],959016546
F,21002,13890,3726,0,344,4110[CR],959016875
C,14454,646,3726,0,342,4110[CR],959017312
F,20942,13892,3727,0,345,4146[CR],959017640
C,14455,658,3732,10,373,4448[CR],959018078
F,20882,13985,3736,8,371,5071[CR],959018515
C,14592,658,3739,8,391,5668[CR],959018843
F,20842,14598,3744,16,536,6176[CR],959019281
C,15030,654,3750,14,532,6224[CR],959019609
F,19610,15347,3756,16,529,6231[CR],959020046
C,15846,662,3762,14,537,6238[CR],959020375
F,18962,15437,3768,16,540,6244[CR],959020812
C,15912,652,3774,15,536,6240[CR],959021250
F,18826,15513,3780,16,533,6243[CR],959021578
A,34848,18810,3786,15,542,6253[CR],959022015
F,18798,15574,3792,17,534,6248[CR],959022375
C,16050,658,3798,15,536,6247[CR],959022781
F,18764,15657,3804,16,534,6228[CR],959023125
C,16117,652,3810,15,537,6231[CR],959023546
F,18700,15622,3816,16,536,6223[CR],959023984
C,16261,656,3823,15,535,6235[CR],959024312
F,18782,15476,3828,13,529,6250[CR],959024750
C,16404,650,3834,15,535,6264[CR],959025078
F,18910,15375,3840,12,533,6278[CR],959025515
C,16548,652,3846,16,528,6293[CR],959025843
F,18978,15342,3852,13,531,6299[CR],959026281
C,16594,658,3858,16,533,6312[CR],959026718
F,19114,15133,3864,14,532,6309[CR],959027046
C,16578,650,3871,15,529,6308[CR],959027484
F,19336,14908,3877,14,529,6312[CR],959027812
A,34860,19506,3883,15,532,6298[CR],959028250
F,19560,14822,3889,14,536,6288[CR],959028578
C,16518,658,3895,17,528,6274[CR],959029015
F,19798,14848,3901,15,532,6254[CR],959029453
C,16408,652,3907,15,540,6255[CR],959029781
F,20016,14929,3913,15,532,6244[CR],959030218
C,16185,648,3919,16,538,6244[CR],959030546
F,20232,14998,3925,14,533,6237[CR],959030984
C,15962,652,3932,17,536,6238[CR],959031312
F,20436,15072,3938,14,537,6227[CR],959031750
C,15868,664,3944,16,535,6242[CR],959032187
F,20652,15297,3950,15,524,6244[CR],959032515
C,15849,666,3956,16,537,6259[CR],959032953
F,20876,15734,3962,15,536,6266[CR],959033281
C,15868,652,3968,16,536,6257[CR],959033718
F,21020,16154,3974,15,532,6248[CR],959034046
A,34796,21084,3980,15,540,6241[CR],959034484
F,21106,16228,3986,14,540,6228[CR],959034921
C,15665,660,3992,13,533,6228[CR],959035250
F,21312,16101,3998,15,532,6248[CR],959035687
C,15469,678,4004,13,542,6253[CR],959036015
F,21556,15853,4011,15,545,6249[CR],959036453
C,15251,662,4016,14,534,6243[CR],959036781
F,21836,15634,4023,15,535,6257[CR],959037218
C,15075,696,4028,13,538,6253[CR],959037656
F,22116,15506,4035,17,534,6250[CR],959037984
C,14961,676,4041,14,537,6223[CR],959038421
F,22396,15415,4047,16,537,6219[CR],959038750
C,14970,676,4053,14,541,6219[CR],959039187
F,22656,15383,4059,15,539,6223[CR],959039515
C,15131,682,4065,14,533,6226[CR],959039953
F,22840,15459,4071,16,535,6233[CR],959040390
A,34808,22906,4077,14,534,6235[CR],959040718
F,22926,15463,4083,16,540,6249[CR],959041156
C,15593,696,4089,15,532,6264[CR],959041484
F,22890,15436,4095,16,529,6270[CR],959041921
C,15795,718,4101,15,534,6267[CR],959042250
F,22692,15336,4107,17,535,6276[CR],959042687
C,15941,698,4113,14,531,6276[CR],959043125
F,22488,15214,4120,17,529,6268[CR],959043453
C,15953,714,4126,14,533,6265[CR],959043890
F,22358,15035,4132,17,538,6249[CR],959044218
C,15849,708,4138,16,531,6238[CR],959044656
F,22514,14775,4144,18,528,6219[CR],959044984
C,15696,714,4150,14,536,6215[CR],959045421
F,22762,14577,4156,13,537,6215[CR],959045859
C,15591,722,4162,14,527,6228[CR],959046187
F,23028,14485,4168,14,526,6252[CR],959046625
A,34772,23200,4174,15,537,6266[CR],959046953
F,23264,14506,4180,14,538,6274[CR],959047390
C,15378,704,4186,15,534,6286[CR],959047718
F,23502,14562,4192,14,522,6289[CR],959048156
C,15390,718,4198,16,535,6314[CR],959048593
F,23688,14792,4204,13,535,6346[CR],959048921
C,15485,716,4210,16,536,6378[CR],959049359
F,23764,15100,4216,14,534,6386[CR],959049687
C,15552,722,4222,16,532,6353[CR],959050125
F,23500,15308,4228,14,537,6327[CR],959050453
C,15626,712,4234,16,532,6321[CR],959050890
F,23084,15304,4240,15,533,6314[CR],959051328
C,15563,728,4246,16,533,6325[CR],959051656
F,23226,15175,4252,14,529,6416[CR],959052093
C,15466,716,4258,17,537,6485[CR],959052421
F,23466,15085,4264,15,537,6474[CR],959052859
A,34760,23636,4270,17,536,6437[CR],959053187
F,23696,15038,4276,15,537,6403[CR],959053625
C,15395,740,4282,17,529,6372[CR],959054062
F,23948,15026,4289,15,540,6361[CR],959054390
C,15366,732,4294,12,533,6362[CR],959054828
F,24166,14988,4301,16,535,6371[CR],959055156
C,15383,724,4307,13,534,6366[CR],959055593
F,24368,15029,4313,15,532,6368[CR],959055921
C,15423,736,4319,14,533,6358[CR],959056359
F,24500,15053,4325,15,538,6364[CR],959056796
C,15478,740,4331,14,536,6370[CR],959057125
F,24566,15122,4337,15,531,6371[CR],959057562
C,15517,728,4343,14,531,6375[CR],959057890
F,24212,15162,4349,15,534,6359[CR],959058328
C,15580,740,4355,14,534,6339[CR],959058656
F,24074,15120,4361,15,528,6325[CR],959059093
A,34768,24178,4367,14,531,6313[CR],959059531
F,24218,14989,4373,16,530,6318[CR],959059859
C,15800,738,4379,15,535,6307[CR],959060296
F,24404,14940,4385,16,527,6294[CR],959060625
C,16098,736,4392,15,529,6319[CR],959061062
F,24452,14970,4397,16,531,6334[CR],959061390
C,16508,732,4403,14,530,6350[CR],959061828
F,24240,15012,4409,15,524,6352[CR],959062265
C,16874,728,4415,15,529,6371[CR],959062593
F,23260,15108,4421,12,531,6389[CR],959063031
C,17150,742,4427,15,530,6380[CR],959063359
F,22090,15200,4433,13,527,6368[CR],959063796
C,17226,738,4439,15,528,6352[CR],959064125
F,21538,15194,4445,15,531,6331[CR],959064562
C,17168,732,4451,15,527,6329[CR],959065000
F,21644,15127,4457,14,533,6342[CR],959065328
A,34740,21788,4463,16,531,6330[CR],959065765
F,21822,15173,4470,14,529,6330[CR],959066093
C,16964,742,4476,16,533,6344[CR],959066531
F,22010,15280,4481,14,529,6338[CR],959066859
C,16904,736,4487,16,529,6339[CR],959067296
F,22158,15496,4493,14,529,6354[CR],959067734
C,16896,736,4499,15,532,6373[CR],959068062
F,22308,15812,4505,14,527,6371[CR],959068500
C,16922,740,4511,16,531,6384[CR],959068828
F,22424,16112,4517,14,528,6401[CR],959069265
C,16972,742,4523,17,528,6416[CR],959069593
F,22510,16406,4529,15,530,6438[CR],959070031
C,16990,738,4535,16,529,6443[CR],959070468
F,22608,16706,4541,15,533,6447[CR],959070796
C,16990,740,4546,14,524,6452[CR],959071234
F,22706,16852,4553,15,534,6453[CR],959071562
A,34740,22816,4558,13,525,6455[CR],959072000
F,22868,16930,4565,15,530,6453[CR],959072328
C,17156,746,4570,14,528,6467[CR],959072765
F,23116,17044,4577,15,526,6490[CR],959073203
C,17554,738,4582,14,526,6522[CR],959073531
F,23258,17252,4588,16,527,6541[CR],959073968
C,18166,746,4594,14,527,6561[CR],959074296
F,22776,17520,4600,16,529,6587[CR],959074734
C,18696,734,4606,14,527,6602[CR],959075062
F,21176,17726,4611,16,527,6628[CR],959075500
C,19022,734,4617,13,516,6648[CR],959075937
F,18936,17766,4623,14,536,6659[CR],959076265
C,19228,746,4629,15,533,6646[CR],959076703
F,17344,17694,4635,15,534,6633[CR],959077031
C,19134,740,4641,15,529,6613[CR],959077468
F,16824,17340,4647,12,528,6616[CR],959077796
A,34708,16826,4653,15,525,6626[CR],959078234
F,16858,16662,4659,14,529,6631[CR],959078671
C,18948,746,4665,15,526,6616[CR],959079000
F,17100,16053,4671,14,526,6631[CR],959079437
C,19002,740,4677,15,526,6635[CR],959079765
F,17316,15899,4683,14,525,6641[CR],959080203
C,19276,742,4689,16,521,6663[CR],959080531
F,17496,16176,4695,14,525,6679[CR],959080968
C,19656,740,4700,16,529,6670[CR],959081406
F,17636,16676,4706,15,526,6682[CR],959081734
C,19952,746,4712,16,529,6677[CR],959082171
F,17654,17106,4718,15,529,6685[CR],959082500
C,19988,752,4724,14,528,6680[CR],959082937
F,17186,17192,4730,14,529,6683[CR],959083265
C,19934,744,4736,13,528,6677[CR],959083703
F,16756,17222,4742,15,527,6680[CR],959084140
A,34688,16718,4748,12,523,6689[CR],959084468
F,16722,17168,4754,14,526,6710[CR],959084906
C,19616,738,4760,14,527,6714[CR],959085234
F,16874,17240,4766,15,527,6716[CR],959085671
C,19558,740,4772,14,524,6744[CR],959086000
F,17008,17510,4778,15,525,6754[CR],959086437
C,19576,740,4783,14,527,6770[CR],959086875
F,17128,17920,4789,16,525,6775[CR],959087218
C,19612,752,4796,14,522,6786[CR],959087640
F,17220,18166,4801,16,522,6803[CR],959087968
C,19648,740,4807,14,525,6811[CR],959088406
F,17308,18260,4813,16,523,6817[CR],959088734
C,19666,744,4819,14,524,6826[CR],959089171
F,17408,18368,4825,14,527,6851[CR],959089609
C,19702,738,4831,15,525,6873[CR],959089937
F,17488,18438,4836,13,529,6880[CR],959090375
A,34712,17532,4842,15,524,6875[CR],959090703
F,17538,18426,4848,14,530,6863[CR],959091140
C,19648,740,4854,15,529,6859[CR],959091468
F,17620,18468,4860,14,528,6846[CR],959091906
C,19626,744,4866,17,524,6825[CR],959092343
F,17674,18606,4872,14,524,6822[CR],959092671
C,19592,742,4878,17,530,6851[CR],959093109
F,17716,18650,4884,14,520,6824[CR],959093437
C,19480,744,4890,16,524,6796[CR],959093875
F,17764,18616,4896,15,521,6785[CR],959094203
C,19372,740,4902,17,525,6779[CR],959094640
F,17822,18566,4908,14,522,6775[CR],959095078
C,19266,746,4914,15,520,6786[CR],959095406
F,17878,18530,4920,14,525,6795[CR],959095843
C,19128,738,4926,14,526,6789[CR],959096171
F,17940,18524,4932,15,528,6787[CR],959096609
A,34704,17964,4938,13,520,6782[CR],959096937
F,17966,18564,4944,15,527,6781[CR],959097375
C,18926,742,4949,13,529,6775[CR],959097703
F,18034,18464,4956,16,524,6780[CR],959098140
C,18758,738,4962,13,520,6772[CR],959098578
F,18130,18252,4968,16,526,6775[CR],959098906
C,18612,736,4974,14,525,6770[CR],959099343
F,18254,18092,4980,15,525,6773[CR],959099671
C,18496,752,4985,13,511,6790[CR],959100109
F,18374,17974,4991,16,529,6797[CR],959100546
C,18628,752,4997,14,524,6807[CR],959100875
F,18488,18126,5003,16,523,6838[CR],959101312
C,18812,738,5009,14,522,6856[CR],959101640
F,18558,18288,5014,16,519,6880[CR],959102078
C,19068,754,5020,14,524,6894[CR],959102406
F,18522,18426,5026,13,523,6904[CR],959102843
A,34656,18296,5032,15,524,6905[CR],959103281
F,18164,18494,5038,13,525,6911[CR],959103609
C,19546,760,5044,15,524,6920[CR],959104046
F,17696,18440,5049,14,529,6942[CR],959104375
C,19794,776,5055,16,523,6956[CR],959104812
F,17302,18302,5061,13,527,6972[CR],959105140
C,20026,768,5067,16,525,6992[CR],959105578
F,17066,18198,5073,13,524,7008[CR],959106015
C,20282,756,5079,16,523,7017[CR],959106343
F,16982,18014,5085,14,526,7019[CR],959106781
C,20372,750,5090,14,525,7033[CR],959107109
F,17048,17850,5096,15,521,7050[CR],959107546
C,20450,768,5102,12,524,7073[CR],959107875
F,17148,17790,5108,14,517,7094[CR],959108312
C,20518,730,5113,13,519,7126[CR],959108750
F,17258,17804,5120,15,524,7125[CR],959109078
A,34676,17328,5125,13,521,7156[CR],959109515
F,17354,17776,5131,15,521,7149[CR],959109843
C,20632,772,5137,14,523,7134[CR],959110281
F,17484,17812,5143,16,523,7123[CR],959110609
C,20752,774,5149,14,519,7124[CR],959111046
F,17596,17878,5155,16,526,7131[CR],959111484
C,20724,774,5161,15,520,7125[CR],959111812
F,17700,18030,5166,16,527,7129[CR],959112250
C,20530,778,5173,14,523,7143[CR],959112578
F,17794,18160,5178,14,523,7179[CR],959113015
C,20192,770,5184,15,524,7188[CR],959113343
F,17890,18386,5190,12,524,7211[CR],959113781
C,19884,766,5196,15,527,7188[CR],959114218
F,17964,18566,5202,13,525,7164[CR],959114546
C,19582,770,5208,15,527,7154[CR],959114984
F,18046,18714,5214,14,526,7145[CR],959115312
A,34672,18104,5220,15,521,7138[CR],959115750
F,18116,18908,5226,14,525,7146[CR],959116125
C,19244,774,5232,16,523,7157[CR],959116515
F,18220,19148,5237,14,523,7156[CR],959116875
C,19292,792,5243,16,519,7169[CR],959117281
F,18302,19392,5249,14,523,7170[CR],959117718
C,19324,792,5255,17,523,7175[CR],959118046
F,18368,19538,5261,14,521,7179[CR],959118484
C,19412,796,5266,16,517,7175[CR],959118812
F,18442,19534,5273,14,517,7201[CR],959119250
C,19594,808,5278,13,525,7213[CR],959119687
F,18550,19420,5284,15,524,7214[CR],959120015
C,20086,786,5290,14,513,7238[CR],959120453
F,18656,19192,5296,15,519,7282[CR],959120781
C,20734,808,5301,14,519,7317[CR],959121218
F,18758,19120,5307,15,518,7355[CR],959121546
A,34680,18776,5313,13,515,7410[CR],959121984
F,18714,19280,5319,16,515,7459[CR],959122421
C,22220,804,5324,14,516,7513[CR],959122750
F,18240,19464,5330,12,517,7537[CR],959123187
C,22706,808,5336,14,513,7563[CR],959123515
F,17334,19440,5341,12,518,7573[CR],959123953
C,22902,794,5347,15,518,7574[CR],959124281
F,16410,19298,5353,13,519,7580[CR],959124718
C,22912,804,5359,15,517,7590[CR],959125156
F,15837,18900,5365,14,518,7586[CR],959125484
C,22732,800,5370,16,517,7577[CR],959125921
F,15763,18542,5376,14,513,7605[CR],959126250
C,22430,786,5382,16,516,7596[CR],959126687
F,15867,18400,5388,14,517,7607[CR],959127015
C,22070,806,5394,16,515,7616[CR],959127453
F,15958,18484,5400,15,518,7620[CR],959127890
A,34664,16026,5405,13,515,7610[CR],959128218
F,16043,18718,5412,15,520,7600[CR],959128656
C,21198,810,5417,12,515,7599[CR],959128984
F,16137,18984,5423,15,519,7610[CR],959129421
C,20674,810,5429,13,524,7637[CR],959129750
F,16217,19224,5435,15,519,7581[CR],959130187
C,20220,818,5441,14,520,7562[CR],959130625
F,16287,19308,5447,16,519,7548[CR],959130953
C,19804,792,5453,14,516,7544[CR],959131390
F,16348,19332,5458,15,519,7550[CR],959131718
C,19564,812,5464,14,516,7562[CR],959132156
F,16426,19340,5470,16,515,7568[CR],959132484
C,19628,802,5476,14,513,7587[CR],959132921
F,16520,19456,5481,16,512,7611[CR],959133359
C,19892,816,5487,14,511,7629[CR],959133687
F,16608,19704,5493,12,513,7650[CR],959134125
A,34632,16664,5499,15,509,7675[CR],959134468
F,16674,20066,5504,12,516,7700[CR],959134921
C,20666,796,5510,15,515,7713[CR],959135218
F,16760,20354,5516,13,512,7722[CR],959135656
C,21036,810,5522,15,510,7729[CR],959136093
F,16790,20390,5528,13,520,7743[CR],959136421
C,21312,808,5533,16,504,7767[CR],959136859
F,16604,20174,5539,14,515,7773[CR],959137187
C,21538,804,5545,16,514,7766[CR],959137625
F,16406,19960,5551,14,521,7777[CR],959137953
C,21672,806,5556,13,513,7779[CR],959138390
F,16434,19722,5562,14,515,7794[CR],959138828
C,21832,810,5568,13,508,7808[CR],959139156
F,16498,19350,5574,15,519,7817[CR],959139593
C,22024,820,5580,13,515,7826[CR],959139921
F,16596,19252,5585,15,513,7838[CR],959140359
A,34656,16658,5591,14,510,7854[CR],959140687
F,16668,19274,5597,15,516,7868[CR],959141125
C,22346,818,5603,14,510,7866[CR],959141562
F,16756,19406,5608,16,512,7886[CR],959141890
C,22356,818,5614,14,514,7891[CR],959142328
F,16818,19600,5619,12,512,7884[CR],959142656
C,22292,826,5625,15,512,7896[CR],959143093
F,16860,19674,5631,12,513,7899[CR],959143421
C,22188,820,5637,15,509,7904[CR],959143859
F,16878,19622,5643,13,515,7906[CR],959144296
C,22022,824,5648,15,509,7921[CR],959144625
F,16940,19592,5654,14,512,7928[CR],959145062
C,21936,822,5660,15,509,7918[CR],959145390
F,16998,19588,5666,14,512,7921[CR],959145828
C,21808,830,5672,16,515,7928[CR],959146265
F,17060,19628,5677,14,513,7936[CR],959146593
A,34624,17098,5683,12,512,7945[CR],959147031
F,17112,19764,5689,14,513,7948[CR],959147359
C,21616,826,5694,12,516,7955[CR],959147796
F,17200,19840,5700,15,511,7960[CR],959148125
C,21550,820,5706,14,512,7960[CR],959148562
F,17256,19896,5712,15,509,7973[CR],959148890
C,21500,822,5718,14,512,7977[CR],959149328
F,17324,19908,5723,14,505,7971[CR],959149765
C,21478,822,5724,2,286,7888[CR],959150093
F,17362,19860,5724,1,268,7863[CR],959150531
C,20296,822,5724,0,244,7853[CR],959150859
F,17402,20026,5724,0,235,7849[CR],959151296
C,20026,820,5724,0,253,7848[CR],959151625
F,17438,20102,5724,0,251,7846[CR],959152062
C,19892,808,5724,0,182,7874[CR],959152500
F,17474,20150,5724,0,192,7981[CR],959152828
A,34648,17502,5724,0,195,7973[CR],959153265
F,17496,20184,5724,0,213,7772[CR],959153640
C,19738,822,5724,0,211,7598[CR],959154031
F,17540,20192,5724,0,212,7600[CR],959154359
C,19662,818,5724,0,186,7601[CR],959154796
F,17568,20208,5724,0,246,6135[CR],959155234
C,19588,826,5724,0,150,4029[CR],959155562
F,17586,18928,5724,0,21,3074[CR],959156109
Z,0,0,5724,0,0,2544[CR],959156546
Z,0,0,5724,0,0,2464[CR],959157093
Z,0,0,5724,0,0,2472[CR],959157531
Z,0,0,5724,0,0,2471[CR],959158078
Z,0,0,5724,0,0,2469[CR],959158625
Z,0,0,5724,0,0,2466[CR],959159062
Z,0,0,5724,0,0,2466[CR],959159609
Z,0,0,5724,0,0,2468[CR],959160046
Z,0,0,5724,0,0,2467[CR],959160593
Z,0,0,5724,0,0,2467[CR],959161031
Z,0,0,5724,0,0,2466[CR],959161578
Z,0,0,5724,0,0,2467[CR],959162125
Z,0,0,5724,0,0,2467[CR],959162562
Z,0,0,5724,0,0,2467[CR],959163109
Z,0,0,5724,0,0,2468[CR],959163546
Z,0,0,5724,0,0,2467[CR],959164093
Z,0,0,5724,0,0,2467[CR],959164531
Z,0,0,5724,0,0,2469[CR],959165078
Z,0,0,5724,0,0,2469[CR],959165625
Z,0,0,5724,0,0,2464[CR],959166062
Z,0,0,5724,0,0,2466[CR],959166609
Z,0,0,5724,0,0,2467[CR],959167046
Z,0,0,5724,0,0,2468[CR],959167593
Z,0,0,5724,0,0,2468[CR],959168031
Z,0,0,5724,0,0,2446[CR],959168578
Z,0,0,5724,0,0,2455[CR],959169125
Z,0,0,5724,0,0,2456[CR],959169562
Z,0,0,5724,0,0,2455[CR],959170109
Z,0,0,5724,0,0,2458[CR],959170546
Z,0,0,5724,0,0,2459[CR],959171093
Z,0,0,5724,0,0,2463[CR],959171531
Z,0,0,5724,0,0,2464[CR],959172078
Z,0,0,5724,0,107,2465[CR],959172625
Z,0,0,5724,0,0,2464[CR],959173062
Z,0,0,5724,0,0,2465[CR],959173609
Z,0,0,5724,0,0,2466[CR],959174046
Z,0,0,5724,0,0,2468[CR],959174593
Z,0,0,5724,0,0,2490[CR],959175140
Z,0,0,5724,0,0,2472[CR],959175578
Z,0,0,5724,0,0,2470[CR],959176125
Z,0,0,5724,0,0,2486[CR],959176562
Z,0,0,5724,0,0,2494[CR],959177109
Z,0,0,5724,0,0,2404[CR],959177546
Z,0,0,5724,3,0,1845[CR],959178093
Z,0,0,5724,5,0,1077[CR],959178640
Z,0,0,5724,3,0,585[CR],959179078
Z,0,0,5724,3,0,35544[CR],959179625
Z,0,0,5724,1,0,35544[CR],959180078
Z,0,0,5724,0,0,35544[CR],959180546
Z,0,0,5724,0,0,35544[CR],959181109
Z,0,0,5724,0,0,35544[CR],959181546
Z,0,0,5724,7,0,2362[CR],959182109
Z,0,0,5724,1,0,2474[CR],959182546
Z,0,0,5724,0,0,2474[CR],959183125
Z,0,0,5724,0,0,2451[CR],959183562
Z,0,0,5724,0,0,2468[CR],959184125
Z,0,0,5724,0,0,2469[CR],959184562
Z,0,0,5724,0,0,2472[CR],959185109
Z,0,0,5724,0,173,2471[CR],959185546
Z,0,0,5724,0,0,2494[CR],959186093
Z,0,0,5724,86,0,2485[CR],959186640
Z,0,0,5724,51,0,2477[CR],959187078
Z,0,0,5724,44,0,2479[CR],959187625
Z,0,0,5724,41,0,2481[CR],959187953
C,12762,816,5724,8,0,2767[CR],959188390
F,18066,12673,5724,26,199,3410[CR],959188828
C,12846,804,5724,2,0,3905[CR],959189156
F,18116,12673,5724,1,27,3869[CR],959189593
C,13192,794,5724,0,0,3880[CR],959189921
F,18112,12673,5724,0,0,3871[CR],959190359
A,34592,18098,5724,0,0,3869[CR],959190687
F,18082,12675,5724,0,0,3895[CR],959191125
C,13232,812,5724,0,0,3908[CR],959191562
F,18086,12672,5724,0,0,3904[CR],959191890
C,13245,814,5724,0,196,3900[CR],959192328
F,18090,12673,5724,0,233,3892[CR],959192656
C,13268,812,5724,0,222,3876[CR],959193093
F,18072,12673,5724,0,244,3863[CR],959193421
C,13282,808,5724,0,222,3860[CR],959193859
F,18066,12674,5724,0,228,3856[CR],959194296
C,13290,808,5724,0,230,3856[CR],959194625
F,18062,12672,5724,0,244,3854[CR],959195062
C,13297,812,5724,0,248,3852[CR],959195390
F,18060,12671,5724,0,245,3851[CR],959195828
C,13303,810,5724,0,238,3850[CR],959196156
F,18052,12673,5724,0,240,3849[CR],959196593
A,34640,18052,5724,0,240,3848[CR],959197031
F,18030,12673,5724,12,286,3978[CR],959197359
C,13311,812,5725,9,313,4401[CR],959197796
F,18044,12673,5728,10,327,4973[CR],959198125
C,13738,812,5732,9,338,5557[CR],959198562
F,17968,12682,5735,8,385,6167[CR],959198890
C,15328,818,5739,9,468,6762[CR],959199328
F,17798,18904,5745,15,501,7041[CR],959199765
C,20924,828,5750,14,498,7088[CR],959200093
F,17534,18388,5756,15,499,7127[CR],959200531
C,21582,830,5762,14,497,7158[CR],959200859
F,17604,18254,5768,16,501,7177[CR],959201296
C,21644,832,5774,14,501,7188[CR],959201625
F,17650,18188,5779,16,499,7196[CR],959202062
C,21498,832,5785,15,513,7248[CR],959202500
F,17692,18212,5791,16,499,7221[CR],959202828
A,34636,17712,5797,14,503,7217[CR],959203265
F,17708,18286,5803,12,504,7217[CR],959203593
C,21040,832,5809,15,508,7214[CR],959204031
F,17740,18364,5815,12,500,7202[CR],959204359
C,20666,834,5821,15,498,7212[CR],959204796
F,17764,18348,5827,13,501,7222[CR],959205234
C,20340,826,5833,15,503,7237[CR],959205562
F,17800,18326,5839,14,497,7274[CR],959206000
C,20196,820,5845,15,499,7294[CR],959206328
F,17850,18288,5850,14,500,7313[CR],959206765
C,20222,834,5856,16,497,7338[CR],959207093
F,17902,18392,5862,15,502,7352[CR],959207531
C,20626,830,5868,16,497,7358[CR],959207968
F,17950,18580,5874,14,501,7365[CR],959208296
C,21186,828,5880,16,503,7364[CR],959208734
F,17964,18976,5886,15,501,7381[CR],959209062
A,34652,17826,5891,12,501,7394[CR],959209500
F,17724,19408,5898,15,500,7407[CR],959209828
C,22200,826,5903,13,503,7423[CR],959210265
F,17150,19646,5909,15,502,7441[CR],959210703
C,22518,832,5915,13,497,7450[CR],959211031
F,16562,19638,5921,15,502,7468[CR],959211468
C,22714,832,5927,14,501,7480[CR],959211796
F,16137,19472,5933,16,498,7489[CR],959212234
C,22884,834,5938,14,499,7490[CR],959212562
F,15948,19318,5944,16,502,7514[CR],959213000
C,22892,828,5950,14,505,7524[CR],959213437
F,15964,19144,5956,16,500,7527[CR],959213765
C,22906,842,5962,14,499,7544[CR],959214203
F,16063,19046,5967,15,498,7568[CR],959214531
C,22832,836,5973,14,500,7584[CR],959214968
F,16156,19056,5979,13,495,7592[CR],959215296
A,34648,16226,5985,14,496,7592[CR],959215734
F,16245,19122,5991,13,499,7611[CR],959216171
C,22648,832,5997,15,497,7633[CR],959216500
F,16348,19200,6003,13,499,7650[CR],959216937
C,22526,826,6008,15,488,7662[CR],959217265
F,16436,19314,6014,13,495,7683[CR],959217703
C,22346,836,6020,16,500,7683[CR],959218031
F,16528,19404,6026,14,499,7704[CR],959218468
C,22154,828,6031,16,498,7715[CR],959218906
F,16608,19382,6037,14,495,7737[CR],959219234
C,22014,832,6043,13,498,7746[CR],959219671
F,16692,19424,6049,15,498,7767[CR],959220000
C,21784,826,6054,13,497,7786[CR],959220437
F,16762,19430,6060,15,501,7769[CR],959220765
C,21594,832,6066,14,500,7767[CR],959221203
F,16832,19536,6072,15,496,7775[CR],959221531
A,34640,16880,6078,13,496,7777[CR],959221968
F,16890,19624,6084,16,493,7772[CR],959222343
C,21088,828,6090,14,502,7768[CR],959222734
F,16968,19568,6095,15,501,7757[CR],959223171
C,20780,818,6101,14,493,7742[CR],959223500
F,17032,19396,6107,16,495,7720[CR],959223937
C,20462,830,6113,15,500,7703[CR],959224375
F,17118,19198,6119,17,497,7698[CR],959224703
C,20134,830,6125,14,497,7683[CR],959225140
F,17200,19048,6131,16,498,7689[CR],959225468
C,19824,826,6137,15,493,7689[CR],959225906
F,17286,18936,6143,14,495,7688[CR],959226234
C,19594,838,6149,15,494,7696[CR],959226671
F,17368,19012,6154,14,494,7703[CR],959227109
C,19486,832,6160,15,493,7735[CR],959227437
F,17444,19226,6166,14,497,7743[CR],959227875
A,34664,17492,6172,16,492,7745[CR],959228203
F,17498,19546,6177,13,490,7766[CR],959228640
C,19800,830,6183,16,499,7790[CR],959228968
F,17572,19894,6189,14,493,7821[CR],959229406
C,20278,824,6194,13,493,7865[CR],959229843
F,17634,20202,6200,14,490,7918[CR],959230171
C,20924,832,6205,12,499,7982[CR],959230609
F,17726,20338,6211,14,493,8041[CR],959230937
C,22022,830,6216,13,491,8102[CR],959231375
F,17818,20124,6222,15,490,8195[CR],959231703
C,23596,826,6227,13,493,8253[CR],959232140
F,17918,19764,6233,15,492,8288[CR],959232578
C,25348,840,6238,13,486,8334[CR],959232906
F,17974,19554,6243,13,492,8391[CR],959233343
C,26644,836,6250,14,487,8427[CR],959233671
F,17664,19752,6255,12,494,8469[CR],959234109
A,34648,16778,6261,15,499,8485[CR],959234437
F,16309,19588,6266,14,494,8480[CR],959234875
C,27968,840,6272,15,494,8495[CR],959235312
F,14708,19224,6278,14,493,8515[CR],959235640
C,28404,826,6283,15,492,8545[CR],959236078
F,13821,18950,6289,14,492,8557[CR],959236406
C,28644,830,6295,12,496,8558[CR],959236843
F,13615,17978,6301,14,496,8559[CR],959237171
C,28632,834,6306,13,493,8567[CR],959237609
F,13638,17044,6312,15,488,8591[CR],959238046
C,28560,830,6318,13,494,8604[CR],959238375
F,13736,16476,6323,15,491,8611[CR],959238812
C,28560,834,6329,13,492,8629[CR],959239156
F,13833,16276,6335,16,489,8642[CR],959239578
C,28608,854,6340,14,492,8653[CR],959239906
F,13939,16216,6346,16,494,8677[CR],959240343
A,34640,14000,6352,14,492,8686[CR],959240781
F,14010,16227,6357,12,495,8702[CR],959241109
C,29352,836,6363,14,489,8727[CR],959241546
F,14120,16201,6368,13,497,8736[CR],959241875
C,29692,854,6374,15,485,8737[CR],959242312
F,14222,15987,6380,13,489,8765[CR],959242640
C,29920,838,6386,15,483,8781[CR],959243078
F,14327,15784,6391,14,495,8801[CR],959243515
C,30260,862,6397,15,489,8805[CR],959243843
F,14432,15495,6403,14,489,8798[CR],959244281
C,30580,868,6408,12,489,8813[CR],959244609
F,14549,15588,6414,14,488,8837[CR],959245046
C,31000,864,6419,13,487,8857[CR],959245375
F,14667,15618,6425,15,489,8879[CR],959245812
C,31300,870,6430,13,494,8904[CR],959246250
F,14775,15751,6436,16,485,8899[CR],959246578
A,34616,14858,6442,14,496,8921[CR],959247015
F,14878,15828,6447,16,489,8946[CR],959247343
C,31900,884,6453,13,487,8976[CR],959247781
F,15018,15738,6458,11,492,8993[CR],959248109
C,32396,880,6464,14,490,9000[CR],959248546
F,15142,15513,6470,14,490,9009[CR],959248984
C,32340,876,6476,15,489,9025[CR],959249312
F,15260,15378,6481,13,491,9042[CR],959249750
C,32676,868,6487,15,484,9042[CR],959250078
F,15382,15449,6493,13,487,9064[CR],959250515
C,32956,874,6498,15,488,9066[CR],959250953
F,15506,15348,6504,14,493,9065[CR],959251281
C,32980,874,6509,15,488,9065[CR],959251718
F,15615,16134,6516,14,487,9074[CR],959252046
C,32804,880,6521,13,488,9084[CR],959252484
F,15736,15686,6527,14,484,9096[CR],959252812
A,34640,15829,6532,14,487,9142[CR],959253250
F,15862,15858,6538,15,496,9146[CR],959253578
C,33032,878,6544,13,496,9146[CR],959254015
F,16007,15506,6549,15,486,9153[CR],959254453
C,33144,878,6555,14,492,9174[CR],959254781
F,16144,15361,6560,15,489,9185[CR],959255218
C,33264,858,6566,14,493,9167[CR],959255546
F,16305,15431,6572,12,492,9174[CR],959255984
C,32380,860,6578,15,490,9201[CR],959256312
F,16448,16454,6583,13,486,9208[CR],959256750
C,32764,864,6589,15,490,9235[CR],959257187
F,16634,15916,6595,14,494,9256[CR],959257531
C,33072,874,6600,16,487,9274[CR],959257953
F,16806,15819,6606,14,499,9269[CR],959258281
C,32936,878,6612,16,491,9293[CR],959258718
F,16884,16442,6618,14,487,9340[CR],959259046
A,34668,16950,6624,16,492,9365[CR],959259484
F,16998,15873,6630,15,488,9351[CR],959259859
C,33672,868,6635,15,492,9333[CR],959260250
F,17148,15566,6642,15,496,9336[CR],959260687
C,33032,872,6647,12,495,9320[CR],959261015
F,17210,16070,6654,15,489,9332[CR],959261453
C,32352,864,6660,14,492,9325[CR],959261890
F,17340,17236,6666,15,491,9321[CR],959262218
C,31956,874,6672,14,494,9284[CR],959262656
F,17452,17036,6678,16,492,9238[CR],959262984
C,30584,876,6684,16,491,9223[CR],959263421
F,17550,17574,6691,16,490,9202[CR],959263750
C,29880,872,6697,15,491,9199[CR],959264187
F,17690,17996,6703,16,486,9211[CR],959264625
C,29616,878,6709,14,494,9209[CR],959264953
F,17810,17724,6716,16,499,9194[CR],959265390
A,34652,17864,6722,15,491,9178[CR],959265718
F,17870,17734,6728,16,496,9168[CR],959266156
C,29116,876,6735,14,491,9169[CR],959266484
F,17986,17986,6741,16,495,9182[CR],959266921
C,28940,880,6747,15,489,9178[CR],959267250
F,18014,18188,6753,16,478,9190[CR],959267687
C,28616,888,6760,15,492,9176[CR],959268031
F,18096,18460,6766,16,491,9162[CR],959268453
C,28448,880,6772,14,488,9154[CR],959268890
F,18118,18702,6778,16,483,9158[CR],959269218
C,28388,866,6785,15,487,9146[CR],959269656
F,18138,18590,6791,16,484,9132[CR],959269984
C,28236,904,6797,14,484,9120[CR],959270421
F,18162,17400,6804,16,478,9130[CR],959270859
C,28108,896,6810,14,488,9122[CR],959271187
F,18144,17442,6817,17,493,9101[CR],959271625
A,34672,18172,6823,15,491,9106[CR],959271953
F,18162,16282,6829,16,489,9118[CR],959272390
C,28124,896,6835,14,490,9114[CR],959272718
F,18174,16043,6841,15,484,9112[CR],959273156
C,28468,906,6847,14,488,9108[CR],959273593
F,18172,15648,6854,17,488,9099[CR],959273921
C,28556,902,6860,14,486,9087[CR],959274359
F,18204,15559,6866,16,488,9106[CR],959274687
C,28688,914,6872,14,478,9108[CR],959275125
F,18124,15162,6878,17,483,9143[CR],959275453
C,29128,916,6884,14,480,9186[CR],959275890
F,18146,14828,6891,17,485,9194[CR],959276328
C,29756,922,6897,14,483,9216[CR],959276656
F,18186,14947,6903,16,481,9262[CR],959277093
C,30324,910,6909,14,482,9298[CR],959277421
F,18216,14734,6914,17,484,9335[CR],959277859
A,34680,18228,6921,15,485,9359[CR],959278187
F,18174,14631,6927,16,482,9380[CR],959278593
C,31568,924,6933,15,480,9383[CR],959279062
F,18216,14375,6939,17,479,9415[CR],959279390
C,31772,932,6945,15,477,9442[CR],959279828
F,18204,14515,6950,12,476,9479[CR],959280156
C,31848,934,6956,14,478,9525[CR],959280593
F,18194,14494,6961,13,475,9576[CR],959280921
C,31692,930,6967,14,472,9613[CR],959281359
F,18192,14491,6972,12,472,9633[CR],959281796
C,31820,936,6977,15,473,9651[CR],959282125
F,18232,14427,6983,13,472,9671[CR],959282562
C,31580,938,6987,12,467,9679[CR],959282890
F,18234,14556,6992,12,460,9690[CR],959283328
C,31432,934,6997,11,464,9695[CR],959283656
F,18170,14677,7001,9,459,9697[CR],959284093
A,34676,18230,7005,10,455,9709[CR],959284531
F,18240,14592,7009,9,451,9694[CR],959284859
C,31044,934,7012,8,451,9703[CR],959285296
F,18300,14762,7016,9,441,9705[CR],959285625
C,30808,926,7019,7,428,9701[CR],959286062
F,18198,14902,7021,6,427,9693[CR],959286390
C,30608,924,7023,5,416,9698[CR],959286828
F,18294,14580,7025,4,394,9703[CR],959287265
C,30512,926,7027,3,374,9705[CR],959287593
F,18322,14715,7028,3,340,9706[CR],959288031
C,30228,934,7028,2,326,9704[CR],959288359
F,18354,14835,7029,2,318,9702[CR],959288796
C,30096,924,7030,1,307,9701[CR],959289125
F,18362,14797,7030,1,301,9697[CR],959289562
C,30000,926,7031,1,280,9694[CR],959290000
F,18370,14811,7031,1,280,9693[CR],959290328
A,34684,18380,7031,1,272,9690[CR],959290765
F,18384,14812,7032,1,279,9691[CR],959291093
C,29896,928,7032,1,248,9691[CR],959291531
F,18388,14787,7032,0,268,9691[CR],959291859
C,29916,938,7033,0,256,9684[CR],959292296
F,18392,14826,7033,0,256,9690[CR],959292734
C,29860,936,7033,0,252,9692[CR],959293062
F,18394,14789,7033,0,254,9688[CR],959293500
C,29848,914,7034,0,236,9686[CR],959293828
F,18394,14781,7034,0,239,9685[CR],959294265
C,29812,920,7034,0,228,9684[CR],959294593
F,18410,14857,7034,0,234,9682[CR],959295031
C,29784,920,7035,0,228,9682[CR],959295468
F,18406,14849,7035,0,217,9681[CR],959295796
C,29732,922,7035,0,161,9681[CR],959296234
F,18410,14852,7035,0,210,9682[CR],959296562
A,34716,18408,7035,0,175,9685[CR],959297000
F,18392,14883,7035,0,165,9683[CR],959297328
C,29672,930,7035,0,177,8865[CR],959297765
F,18402,14882,7035,0,240,4164[CR],959298203
C,28476,922,7035,0,490,1738[CR],959298531
F,18356,12833,7035,0,399,35544[CR],959298968
C,11261,924,7035,0,79,35544[CR],959299281
F,16116,12666,7035,0,50,35544[CR],959299734
C,11684,924,7035,60,252,2352[CR],959300062
F,16496,12669,7035,129,558,4486[CR],959300500
C,12118,926,7066,172,549,7757[CR],959300937
F,18678,13748,7126,68,526,8598[CR],959301265
C,31700,1000,7128,2,140,8435[CR],959301703
F,17318,14049,7128,1,28,8410[CR],959302031
C,27800,940,7128,0,315,7952[CR],959302484
F,17668,14197,7128,0,367,2988[CR],959302812
A,34692,17820,7128,0,113,835[CR],959303250
F,17558,12667,7128,0,79,35544[CR],959303687
C,11842,922,7128,0,0,35544[CR],959304015
F,15649,12670,7128,0,0,35544[CR],959304359
C,11839,928,7128,0,1,35544[CR],959304812
F,16040,12671,7128,0,0,35544[CR],959305140
C,11835,922,7128,0,0,35544[CR],959305578
F,16398,12671,7128,0,0,35544[CR],959306015
C,11830,922,7128,0,3,35544[CR],959306375
F,16718,12672,7128,0,0,35544[CR],959306718
C,11826,948,7128,7,249,1761[CR],959307171
F,16992,12673,7128,8,243,2506[CR],959307484
C,11997,936,7128,11,203,2893[CR],959307921
F,17200,12672,7128,3,190,3044[CR],959308281
C,12057,936,7128,13,179,3195[CR],959308656
F,17382,12673,7128,13,171,3350[CR],959309078
A,34720,17492,7128,10,250,3514[CR],959309515
F,17522,12674,7128,9,264,3884[CR],959309843
C,12124,914,7128,9,272,4293[CR],959310281
F,17532,12673,7128,9,252,4722[CR],959310609
C,12225,936,7128,8,276,5135[CR],959311046
F,17424,12675,7128,7,297,5642[CR],959311484
C,12327,934,7128,10,479,6105[CR],959311812
F,17578,13031,7128,13,467,6312[CR],959312250
C,12494,932,7128,9,455,6557[CR],959312578
F,18788,13710,7128,11,441,6868[CR],959313015
C,16228,932,7128,10,444,7237[CR],959313343
F,18482,13872,7128,9,448,7582[CR],959313781
C,22504,948,7128,11,473,7866[CR],959314218
F,18470,13877,7133,13,483,8076[CR],959314546
C,27052,942,7138,13,492,8215[CR],959314984
F,18456,13859,7144,15,487,8293[CR],959315312
A,34740,18348,7150,14,493,8363[CR],959315750
F,18328,13891,7156,16,494,8410[CR],959316078
C,28656,946,7162,14,492,8461[CR],959316515
F,18334,14312,7168,16,492,8497[CR],959316968
C,28912,956,7174,15,495,8521[CR],959317281
F,18292,13951,7180,17,494,8533[CR],959317718
C,28556,950,7187,14,495,8550[CR],959318046
F,18278,14241,7193,17,493,8564[CR],959318484
C,28180,970,7199,14,492,8583[CR],959318812
F,18322,14354,7204,17,488,8600[CR],959319250
C,28176,960,7211,14,489,8612[CR],959319687
F,18314,14140,7217,16,488,8649[CR],959320015
C,28048,946,7223,15,491,8647[CR],959320453
F,18318,14293,7229,19,492,8645[CR],959320781
C,27836,962,7236,16,490,8640[CR],959321218
F,18376,14329,7243,18,489,8649[CR],959321546
A,34748,18376,7248,13,482,8661[CR],959321984
F,18322,14382,7254,14,486,8695[CR],959322421
C,27208,996,7260,14,490,8713[CR],959322750
F,18346,14362,7265,13,483,8727[CR],959323187
C,26860,988,7272,16,486,8726[CR],959323515
F,18380,14419,7278,13,487,8717[CR],959323953
C,26548,994,7285,16,492,8725[CR],959324281
F,18374,14585,7291,13,492,8717[CR],959324718
C,26136,1004,7297,16,486,8715[CR],959325156
F,18424,14560,7303,13,493,8742[CR],959325484
C,25644,1004,7310,16,495,8752[CR],959325921
F,18406,14503,7316,13,491,8749[CR],959326250
C,25180,994,7322,16,488,8766[CR],959326687
F,18366,14434,7328,14,492,8760[CR],959327031
C,24636,996,7335,16,487,8759[CR],959327453
F,18430,14360,7341,14,492,8759[CR],959327890
A,34764,18448,7347,16,487,8755[CR],959328218
F,18436,14584,7353,14,489,8737[CR],959328578
C,23542,996,7360,16,487,8742[CR],959328984
F,18470,14344,7365,14,486,8747[CR],959329421
C,23054,998,7372,17,489,8728[CR],959329750
F,18488,14535,7378,14,486,8718[CR],959330187
C,22966,994,7384,16,487,8727[CR],959330625
F,18528,14701,7391,14,486,8713[CR],959330953
C,22898,990,7397,16,481,8725[CR],959331390
F,18584,14971,7403,15,480,8740[CR],959331718
C,23248,986,7409,16,484,8770[CR],959332156
F,18626,15379,7415,14,484,8790[CR],959332484
C,23942,990,7421,16,487,8817[CR],959332921
F,18616,16006,7427,14,484,8858[CR],959333359
C,25148,990,7433,15,481,8906[CR],959333687
F,18144,16700,7438,14,480,8955[CR],959334125
A,34772,17382,7444,16,476,9015[CR],959334468
F,17090,17326,7450,14,480,9054[CR],959334906
C,27724,1000,7455,12,480,9092[CR],959335234
F,15543,17654,7461,15,482,9125[CR],959335671
C,28720,998,7467,14,486,9147[CR],959336109
F,14273,17790,7473,15,487,9134[CR],959336437
C,29408,990,7479,14,487,9148[CR],959336875
F,13256,17880,7486,16,486,9162[CR],959337203
C,29656,996,7491,15,486,9173[CR],959337640
F,12814,17726,7498,16,492,9190[CR],959337968
C,29676,990,7504,15,492,9188[CR],959338406
F,12843,17274,7510,17,492,9181[CR],959338843
C,29680,990,7517,15,484,9156[CR],959339171
F,13094,17602,7523,16,488,9177[CR],959339609
C,28980,986,7529,14,486,9193[CR],959339937
F,13356,17428,7535,16,491,9191[CR],959340375
A,34756,13566,7542,14,484,9171[CR],959340703
F,13674,17598,7548,16,484,9189[CR],959341140
C,28700,990,7554,14,485,9211[CR],959341578
F,14007,16872,7560,16,488,9230[CR],959341906
C,28424,992,7566,14,487,9240[CR],959342343
F,14290,16872,7572,15,478,9277[CR],959342671
C,28696,994,7577,14,480,9327[CR],959343109
F,14652,17386,7583,16,481,9349[CR],959343437
C,29584,990,7588,14,476,9406[CR],959343875
F,14983,17312,7594,11,475,9460[CR],959344312
C,30388,994,7600,15,483,9477[CR],959344656
F,15287,16756,7606,13,477,9487[CR],959345078
C,30548,990,7611,14,474,9513[CR],959345406
F,15599,17198,7617,13,478,9564[CR],959345843
C,31000,992,7623,14,483,9617[CR],959346171
F,16014,18628,7628,13,476,9618[CR],959346609
A,34800,16233,7634,15,480,9649[CR],959347046
F,16291,18030,7639,13,481,9674[CR],959347343
C,32384,996,7645,11,473,9679[CR],959347812
F,16542,18276,7650,14,478,9706[CR],959348140
C,32844,990,7656,13,474,9731[CR],959348578
F,16728,18266,7661,14,478,9742[CR],959348906
C,33068,1008,7666,13,480,9745[CR],959349343
F,16914,18034,7672,14,479,9737[CR],959349781
C,32980,1008,7677,13,473,9716[CR],959350109
F,17132,18148,7682,12,477,9692[CR],959350328
M,90560,11392,7686,14,474,9682[CR],959350546
C,32784,1002,7688,14,477,9696[CR],959350875
F,17378,18352,7693,13,478,9691[CR],959351312
C,32380,1046,7699,15,476,9683[CR],959351640
F,17606,18310,7705,13,484,9676[CR],959352078
C,32216,1004,7710,15,481,9674[CR],959352515
F,17810,17672,7716,14,484,9661[CR],959352843
A,34824,17936,7721,15,476,9656[CR],959353281
F,17962,17490,7723,3,196,9572[CR],959353609
C,31452,1016,7723,1,32,9470[CR],959354046
F,18116,17552,7723,0,0,9444[CR],959354375
C,29376,1036,7723,0,0,9428[CR],959354812
F,18268,17578,7723,0,0,9414[CR],959355156
C,29148,1040,7723,0,0,9403[CR],959355578
F,18386,17590,7723,0,0,9392[CR],959356015
C,28984,1024,7723,0,0,9384[CR],959356343
F,18470,17634,7723,0,0,9379[CR],959356781
C,28864,1042,7723,0,0,9344[CR],959357109
F,18534,17648,7723,0,35,8238[CR],959357546
C,28752,1038,7723,0,302,5927[CR],959357984
F,18572,17390,7723,0,358,2919[CR],959358312
C,26768,1032,7723,0,236,938[CR],959358750
F,18394,12665,7723,0,0,35544[CR],959359078
A,34820,16436,7723,0,0,35544[CR],959359531
F,16524,12670,7723,0,1,35544[CR],959359859
C,11490,1004,7723,0,2,35544[CR],959360296
F,16866,12671,7723,0,0,35544[CR],959360750
Z,0,0,7723,0,0,35544[CR],959361296
Z,0,0,7723,0,0,35544[CR],959361734
Z,0,0,7723,2,0,2780[CR],959362312
Z,0,0,7723,1,0,2482[CR],959362640
F,17616,12672,7723,0,0,2483[CR],959363125
Z,0,0,7723,0,0,2473[CR],959363671
Z,0,0,7723,0,0,2473[CR],959364125
Z,0,0,7723,0,0,2489[CR],959364562
Z,0,0,7723,0,0,2480[CR],959365109
Z,0,0,7723,0,0,2478[CR],959365656
Z,0,0,7723,0,59,2478[CR],959366093
Z,0,0,7723,0,9,2473[CR],959366640
Z,0,0,7723,0,0,2475[CR],959367078
Z,0,0,7723,0,1,2475[CR],959367625
Z,0,0,7723,0,0,2475[CR],959368062
Z,0,0,7723,0,169,2479[CR],959368609
Z,0,0,7723,0,0,2479[CR],959369156
Z,0,0,7723,0,0,2480[CR],959369593
Z,0,0,7723,4,0,2478[CR],959370140
Z,0,0,7723,1,0,2478[CR],959370578
Z,0,0,7723,0,0,2478[CR],959371125
Z,0,0,7723,0,0,2478[CR],959371671
Z,0,0,7723,0,0,2479[CR],959372109
Z,0,0,7723,0,0,2478[CR],959372656
Z,0,0,7723,0,0,2479[CR],959373093
Z,0,0,7723,0,0,2478[CR],959373640
Z,0,0,7723,0,0,2479[CR],959374078
Z,0,0,7723,0,0,2478[CR],959374625
Z,0,0,7723,0,0,2479[CR],959375062
Z,0,0,7723,0,0,2477[CR],959375609
Z,0,0,7723,0,0,2478[CR],959376156
Z,0,0,7723,0,0,2477[CR],959376593
Z,0,0,7723,0,0,2478[CR],959377140
Z,0,0,7723,0,0,2479[CR],959377578
Z,0,0,7723,0,0,2479[CR],959378125
Z,0,0,7723,0,0,2480[CR],959378671
Z,0,0,7723,0,0,2479[CR],959379109
Z,0,0,7723,0,0,2478[CR],959379656
Z,0,0,7723,0,0,2482[CR],959380093
Z,0,0,7723,0,0,2469[CR],959380640
Z,0,0,7723,0,0,2470[CR],959381078
Z,0,0,7723,0,0,2470[CR],959381625
Z,0,0,7723,0,0,2456[CR],959382171
Z,0,0,7723,0,0,2467[CR],959382609
Z,0,0,7723,0,0,2468[CR],959383156
Z,0,0,7723,0,0,2467[CR],959383593
Z,0,0,7723,0,0,2468[CR],959384140
Z,0,0,7723,0,0,2471[CR],959384578
Z,0,0,7723,0,0,2472[CR],959385125
Z,0,0,7723,0,0,2474[CR],959385671
Z,0,0,7723,0,0,2474[CR],959386109
Z,0,0,7723,0,0,2473[CR],959386656
Z,0,0,7723,0,0,2473[CR],959387093
Z,0,0,7723,0,0,2472[CR],959387640
Z,0,0,7723,0,0,2473[CR],959388078
Z,0,0,7723,0,0,2474[CR],959388625
Z,0,0,7723,0,0,2477[CR],959389171
Z,0,0,7723,0,0,2478[CR],959389609
Z,0,0,7723,0,0,2478[CR],959390156
Z,0,0,7723,0,0,2490[CR],959390593
Z,0,0,7723,0,0,2489[CR],959391140
Z,0,0,7723,86,0,2497[CR],959391578
Z,0,0,7723,60,0,2488[CR],959392125
Z,0,0,7723,16,0,2775[CR],959392343
F,18706,12679,7723,11,0,4596[CR],959392671
C,11587,994,7723,2,0,5202[CR],959393109
F,18700,12679,7723,1,0,5197[CR],959393546
Z,0,0,7723,0,0,5187[CR],959393875
F,18700,12680,7723,0,0,5184[CR],959394312
Z,0,0,7723,0,0,5208[CR],959394859
Z,0,0,7723,0,0,5219[CR],959395406
Z,0,0,7723,0,0,5217[CR],959395843
Z,0,0,7723,20,35,4806[CR],959396171
F,18706,12680,7723,4,0,3041[CR],959396609
A,34852,18674,7723,1,6,3039[CR],959396937
F,18664,12682,7723,1,20,3035[CR],959397375
C,11786,990,7723,0,0,3026[CR],959397812
F,18680,12680,7723,0,0,3023[CR],959398140
C,11784,990,7723,0,0,3023[CR],959398578
F,18682,12680,7723,0,0,3023[CR],959398906
C,11782,990,7723,0,0,3023[CR],959399343
F,18690,12681,7723,0,0,3023[CR],959399671
C,11780,1006,7723,0,0,3023[CR],959400109
F,18692,12680,7723,15,0,3220[CR],959400546
C,11781,998,7723,15,1,3393[CR],959400875
F,18694,12680,7723,12,102,3529[CR],959401312
C,11794,990,7723,19,1,3764[CR],959401640
F,18676,12680,7723,10,179,4005[CR],959402078
C,11824,990,7723,9,213,4577[CR],959402406
F,18628,12680,7723,10,214,5226[CR],959402843
A,34860,18378,7723,9,292,5856[CR],959403281
F,18194,12679,7723,15,460,6450[CR],959403609
C,12368,982,7723,13,455,6743[CR],959404046
F,19644,14807,7726,11,439,7092[CR],959404375
C,15068,1016,7730,12,430,7525[CR],959404812
F,18654,15279,7735,12,447,7964[CR],959405140
C,23266,996,7740,11,464,8298[CR],959405578
F,18668,15230,7746,14,476,8525[CR],959405906
C,28640,1020,7752,13,479,8663[CR],959406343
F,18602,15230,7758,15,478,8736[CR],959406781
C,29940,1014,7764,14,480,8786[CR],959407109
F,18542,14544,7771,16,482,8790[CR],959407546
C,29804,1006,7777,15,478,8811[CR],959407875
F,18548,13876,7783,16,482,8839[CR],959408312
C,29496,1028,7789,14,487,8852[CR],959408750
F,18580,13688,7796,16,485,8860[CR],959409078
A,34896,18608,7802,15,487,8877[CR],959409515
F,18540,13654,7808,16,481,8877[CR],959409843
C,28928,1030,7814,15,483,8888[CR],959410281
F,18594,13447,7821,16,479,8909[CR],959410718
C,28568,1034,7827,14,480,8937[CR],959411046
F,18592,13418,7833,16,478,8933[CR],959411484
C,28180,1008,7839,15,482,8930[CR],959411812
F,18580,13641,7846,16,485,8922[CR],959412250
C,27776,1024,7852,16,476,8916[CR],959412578
F,18670,13639,7858,17,476,8899[CR],959413015
C,27260,1024,7865,14,483,8893[CR],959413453
F,18678,13640,7871,17,477,8884[CR],959413781
C,26808,1020,7877,14,477,8893[CR],959414218
F,18674,13756,7884,16,481,8891[CR],959414546
C,26324,1034,7890,14,483,8889[CR],959414984
F,18710,13885,7897,16,487,8873[CR],959415312
A,34876,18720,7903,14,479,8847[CR],959415750
F,18682,14050,7909,16,483,8837[CR],959416093
C,25284,1028,7915,14,478,8823[CR],959416515
F,18692,13988,7922,16,488,8827[CR],959416953
C,24876,1028,7928,13,486,8805[CR],959417281
F,18692,14158,7935,16,487,8778[CR],959417718
C,24372,1008,7941,15,487,8771[CR],959418046
F,18718,14524,7948,16,487,8766[CR],959418484
C,24300,998,7954,14,485,8772[CR],959418921
F,18710,14903,7960,15,494,8761[CR],959419250
C,23876,994,7966,14,483,8770[CR],959419687
F,18706,16315,7973,16,489,8777[CR],959420015
C,23558,996,7979,14,490,8783[CR],959420453
F,18628,16436,7985,16,485,8775[CR],959420781
C,23540,998,7991,15,482,8751[CR],959421218
F,18614,16087,7998,15,480,8757[CR],959421656
A,34876,18742,8004,14,485,8764[CR],959421984
F,18762,16325,8010,16,484,8770[CR],959422421
C,23628,1024,8016,14,483,8765[CR],959422750
F,18656,16518,8023,16,484,8779[CR],959423187
C,23726,1012,8029,14,483,8789[CR],959423531
F,18714,17248,8035,16,478,8793[CR],959423953
C,23718,1024,8041,15,482,8806[CR],959424390
F,18704,17274,8047,16,481,8801[CR],959424718
C,23920,1028,8054,14,481,8790[CR],959425156
F,18656,17646,8060,16,471,8797[CR],959425484
C,24100,1042,8066,15,476,8815[CR],959425921
F,18672,18056,8072,16,475,8807[CR],959426250
C,24276,1028,8079,16,483,8829[CR],959426687
F,18666,18454,8085,16,483,8822[CR],959427125
C,24308,1050,8091,15,480,8790[CR],959427453
F,18650,18990,8098,16,476,8773[CR],959427890
A,34900,18570,8104,15,480,8770[CR],959428218
F,18520,19044,8110,17,478,8760[CR],959428656
C,24044,1032,8117,15,483,8759[CR],959428984
F,18410,18974,8123,16,486,8757[CR],959429421
C,23712,1048,8129,15,481,8753[CR],959429859
F,18328,19006,8136,16,478,8758[CR],959430187
C,23312,1038,8142,14,485,8767[CR],959430625
F,18388,18844,8148,16,479,8773[CR],959430953
C,22968,1050,8154,14,477,8784[CR],959431390
F,18500,18728,8160,16,476,8805[CR],959431718
C,22558,1050,8166,15,480,8826[CR],959432156
F,18630,18594,8172,16,474,8845[CR],959432484
C,22240,1056,8178,15,475,8871[CR],959432921
F,18734,18516,8185,16,474,8889[CR],959433359
C,21978,1058,8191,14,473,8909[CR],959433687
F,18832,18562,8197,16,476,8946[CR],959434125
A,34896,18882,8203,14,472,8971[CR],959434453
F,18890,18680,8209,16,467,8997[CR],959434843
C,21724,1054,8215,15,468,9019[CR],959435328
F,18906,18674,8221,18,470,9012[CR],959435656
C,21720,1054,8227,14,468,9020[CR],959436093
F,18948,18568,8233,17,465,9031[CR],959436421
C,21984,1064,8240,15,473,9056[CR],959436859
F,18892,18534,8246,18,465,9077[CR],959437187
C,22400,1062,8252,15,473,9095[CR],959437625
F,18662,18656,8258,16,471,9131[CR],959438062
C,22976,1052,8264,15,467,9162[CR],959438390
F,18202,18882,8270,15,467,9179[CR],959438828
C,23652,1054,8276,15,472,9230[CR],959439156
F,17334,19232,8282,13,467,9274[CR],959439593
C,24262,1058,8288,15,471,9282[CR],959439921
F,16342,19428,8294,14,470,9313[CR],959440359
A,34920,15768,8300,16,470,9355[CR],959440796
F,15576,19318,8306,14,470,9360[CR],959441125
C,24960,1058,8312,15,459,9372[CR],959441562
F,15342,19182,8318,14,468,9394[CR],959441890
C,24936,1062,8323,15,466,9422[CR],959442328
F,15426,18986,8329,13,465,9441[CR],959442656
C,24804,1056,8334,14,459,9452[CR],959443093
F,15658,18834,8340,12,458,9497[CR],959443421
C,24680,1044,8345,11,453,9520[CR],959443859
F,15911,18888,8349,11,438,9553[CR],959444296
C,24464,1072,8352,7,407,9585[CR],959444625
F,16152,19054,8354,5,361,9589[CR],959445062
C,24194,1060,8355,3,278,9572[CR],959445390
F,16373,19280,8356,1,274,9575[CR],959445828
C,23752,1060,8357,1,299,9572[CR],959446265
F,16582,19374,8357,1,294,9568[CR],959446593
A,34928,16710,8358,1,285,9572[CR],959447031
F,16752,19416,8359,1,260,9575[CR],959447359
C,23712,1052,8359,1,260,9573[CR],959447796
F,16944,19446,8360,1,246,9573[CR],959448125
C,23628,1056,8360,1,246,9570[CR],959448562
F,17112,19476,8361,1,231,9569[CR],959449000
C,23584,1056,8361,1,155,9569[CR],959449328
F,17266,19490,8362,1,178,9570[CR],959449765
C,23518,1072,8362,0,28,9554[CR],959450093
F,17414,19510,8362,0,6,8640[CR],959450531
C,23242,1058,8362,0,243,4855[CR],959450859
F,17522,18944,8362,0,0,3183[CR],959451296
C,21844,1064,8362,0,300,2315[CR],959451734
F,17630,17158,8362,0,490,852[CR],959452062
C,19530,1054,8362,0,502,35544[CR],959452500
F,15630,12661,8362,0,0,35544[CR],959452890
A,34936,15609,8362,0,0,35544[CR],959453265
F,15671,12666,8362,79,350,1355[CR],959453640
C,10662,1058,8362,129,348,3270[CR],959454062
F,15932,12668,8362,147,556,6359[CR],959454390
C,12387,1056,8415,147,568,8485[CR],959454828
F,18290,15909,8468,79,556,8634[CR],959455187
C,20784,1094,8477,3,24,8552[CR],959455640
F,17790,17346,8477,1,0,8504[CR],959455984
C,18334,1062,8477,0,0,8487[CR],959456328
F,18152,17792,8477,0,0,8474[CR],959456765
C,18194,1058,8477,0,112,6287[CR],959457203
F,18308,17874,8477,0,260,2857[CR],959457531
C,17578,1058,8477,0,5,1592[CR],959457968
F,18404,14631,8477,0,0,1629[CR],959458296
C,16636,1058,8477,0,0,1667[CR],959458734
F,18484,14717,8477,0,0,1696[CR],959459062
A,34900,18536,8477,0,0,1714[CR],959459500
F,18538,14758,8477,0,0,1730[CR],959459937
C,16662,1062,8477,0,0,1738[CR],959460265
F,18608,14786,8477,0,0,1753[CR],959460703
C,16658,1062,8477,0,0,1761[CR],959461031
F,18654,14802,8477,8,4,2133[CR],959461468
C,16652,1062,8477,9,0,2750[CR],959461796
F,18688,14875,8477,3,0,2993[CR],959462250
C,16684,1052,8477,7,63,3135[CR],959462671
F,18726,14916,8477,15,0,3265[CR],959463000
C,16692,1064,8477,15,0,3391[CR],959463437
F,18758,14950,8477,12,2,3540[CR],959463765
C,16696,1056,8477,15,0,3684[CR],959464203
F,18790,14993,8477,10,18,3963[CR],959464531
C,16708,1064,8477,8,1,4450[CR],959464968
F,18812,15159,8477,9,2,5030[CR],959465406
A,34916,18832,8477,9,71,5563[CR],959465734
F,18824,15671,8477,7,172,6181[CR],959466171
C,17030,1050,8477,6,121,6814[CR],959466500
F,18866,16560,8477,8,36,7441[CR],959466937
C,17404,1058,8477,10,400,8021[CR],959467265
F,18896,17958,8481,13,479,8419[CR],959467703
C,19442,1076,8487,16,477,8530[CR],959468140
F,18846,17552,8493,14,472,8604[CR],959468468
C,20946,1072,8498,16,467,8680[CR],959468906
F,19050,17826,8504,14,473,8760[CR],959469234
C,22232,1054,8510,15,473,8801[CR],959469671
F,18968,18290,8516,15,472,8847[CR],959470000
C,23544,1066,8522,13,478,8901[CR],959470437
F,18248,18636,8528,14,470,8927[CR],959470875
C,24684,1070,8534,15,483,8980[CR],959471203
F,16944,19046,8541,16,470,8979[CR],959471640
A,34928,15763,8546,14,477,8999[CR],959471968
F,15370,19038,8553,15,478,9007[CR],959472406
C,26052,1076,8558,14,473,9012[CR],959472750
F,14665,18744,8565,16,477,9032[CR],959473171
C,26272,1098,8571,14,479,9044[CR],959473500
F,14532,18334,8577,16,478,9032[CR],959473937
C,26200,1120,8583,14,480,9012[CR],959474375
F,14671,17954,8590,16,476,9001[CR],959474703
C,25944,1112,8596,14,480,9005[CR],959475140
F,14854,17892,8602,16,479,9001[CR],959475468
C,25692,1128,8608,15,479,8994[CR],959475906
F,15042,17904,8615,16,475,8994[CR],959476343
C,25396,1120,8621,14,474,9003[CR],959476671
F,15212,17922,8627,17,476,8985[CR],959477109
C,25116,1140,8633,15,476,8976[CR],959477437
F,15401,17802,8640,16,479,8981[CR],959477875
A,34920,15536,8646,14,473,8985[CR],959478203
F,15581,17708,8652,16,474,9005[CR],959478640
C,24124,1126,8658,14,480,8987[CR],959479078
F,15798,17626,8664,17,472,8970[CR],959479406
C,23654,1124,8671,14,480,8951[CR],959479843
F,15995,17478,8677,16,478,8921[CR],959480171
C,23176,1128,8683,14,473,8896[CR],959480609
F,16198,17364,8689,16,476,8895[CR],959480937
C,22852,1124,8696,14,476,8906[CR],959481375
F,16406,17326,8702,16,467,8930[CR],959481812
C,22584,1114,8708,14,475,8941[CR],959482140
F,16624,17310,8714,17,478,8936[CR],959482578
C,22598,1124,8720,14,475,8931[CR],959482906
F,16848,17210,8726,16,474,8946[CR],959483343
C,22612,1128,8732,14,470,8956[CR],959483671
F,17080,17116,8738,16,472,8977[CR],959484109
A,34912,17250,8744,14,475,8986[CR],959484546
F,17304,17152,8750,16,475,9007[CR],959484875
C,23262,1128,8757,15,472,9003[CR],959485312
F,17516,17230,8763,17,471,9020[CR],959485640
C,23616,1126,8769,15,473,9053[CR],959486078
F,17604,17426,8775,15,467,9064[CR],959486406
C,23840,1124,8781,15,470,9088[CR],959486843
F,17066,17666,8787,14,469,9119[CR],959487281
C,23984,1126,8793,16,478,9117[CR],959487609
F,16055,17794,8799,17,473,9101[CR],959488046
C,24064,1124,8806,15,471,9111[CR],959488375
F,15277,17756,8812,13,472,9124[CR],959488812
C,24060,1126,8818,15,470,9122[CR],959489140
F,15156,17802,8824,14,476,9115[CR],959489578
C,24024,1124,8831,16,476,9107[CR],959490015
F,15276,17896,8837,13,471,9097[CR],959490343
A,34884,15418,8843,15,470,9094[CR],959490781
F,15480,17972,8849,14,471,9092[CR],959491187
C,23968,1124,8855,16,470,9084[CR],959491546
F,15782,18396,8861,14,474,9079[CR],959491906
C,23972,1122,8868,16,474,9079[CR],959492312
F,16029,18778,8873,14,465,9091[CR],959492750
C,24036,1124,8880,17,473,9095[CR],959493078
F,16238,18966,8886,14,469,9103[CR],959493515
C,24124,1124,8893,17,474,9112[CR],959493843
F,16462,19160,8898,13,458,9126[CR],959494281
C,24202,1126,8904,15,468,9165[CR],959494609
F,16682,19260,8910,14,478,9148[CR],959495046
C,24342,1116,8917,16,472,9125[CR],959495484
F,16902,19330,8923,15,466,9131[CR],959495812
C,24374,1126,8929,17,471,9147[CR],959496250
F,17132,19550,8935,14,469,9135[CR],959496578
A,34948,17278,8941,16,467,9155[CR],959497015
F,17324,19810,8947,14,467,9149[CR],959497343
C,24352,1130,8953,16,470,9160[CR],959497781
F,17532,20038,8960,14,472,9155[CR],959498218
C,24180,1124,8966,16,475,9159[CR],959498546
F,17720,20200,8972,15,467,9166[CR],959498984
C,24022,1120,8978,17,472,9156[CR],959499312
F,17890,20304,8984,15,470,9160[CR],959499750
C,23850,1124,8991,17,469,9181[CR],959500078
F,18052,20144,8997,15,467,9198[CR],959500515
C,23628,1122,9003,16,467,9224[CR],959500953
F,18200,19942,9009,15,469,9229[CR],959501281
C,23386,1124,9014,16,474,9207[CR],959501625
F,18352,19764,9021,15,477,9186[CR],959502046
C,23182,1122,9027,15,469,9176[CR],959502484
F,18496,19588,9033,15,471,9176[CR],959502812
A,34928,18604,9039,13,472,9184[CR],959503250
F,18632,19412,9046,15,472,9184[CR],959503578
C,22976,1124,9051,14,463,9190[CR],959504015
F,18766,19260,9058,16,471,9199[CR],959504453
C,23026,1126,9064,13,470,9211[CR],959504781
F,18896,19016,9071,15,470,9226[CR],959505218
C,23110,1126,9076,13,460,9238[CR],959505546
F,19004,18778,9082,15,465,9263[CR],959505984
C,23300,1128,9088,14,466,9275[CR],959506312
F,19122,18496,9094,16,468,9279[CR],959506750
C,23636,1120,9100,14,463,9290[CR],959507187
F,19230,18248,9106,16,463,9307[CR],959507515
C,24074,1128,9112,14,464,9339[CR],959507953
F,19318,18006,9118,16,464,9359[CR],959508281
C,24608,1122,9124,14,466,9399[CR],959508718
F,19402,17940,9130,16,465,9423[CR],959509046
A,34928,19416,9136,14,467,9475[CR],959509484
F,19408,18040,9142,16,462,9492[CR],959509921
C,25968,1122,9148,14,454,9519[CR],959510250
F,19206,18250,9153,12,452,9584[CR],959510687
C,26560,1124,9158,13,453,9639[CR],959511015
F,18870,18488,9163,12,453,9646[CR],959511453
C,26988,1120,9168,13,447,9682[CR],959511781
F,18546,18834,9173,12,447,9711[CR],959512218
C,27344,1128,9177,10,451,9724[CR],959512656
F,18292,19118,9182,11,439,9741[CR],959512984
C,27588,1124,9186,9,427,9757[CR],959513421
F,18096,19372,9189,6,399,9773[CR],959513765
C,27532,1124,9191,5,368,9781[CR],959514203
F,18158,19620,9192,4,318,9778[CR],959514531
C,27288,1124,9193,2,254,9777[CR],959514968
F,18444,19802,9194,1,140,9771[CR],959515406
A,34936,18648,9194,1,10,9769[CR],959515734
F,18710,19896,9195,1,174,9774[CR],959516171
C,26816,1110,9195,1,185,9768[CR],959516500
F,18920,19922,9195,1,182,9767[CR],959516937
C,26788,1124,9196,1,23,9765[CR],959517265
F,19072,19966,9196,1,28,9765[CR],959517703
C,26772,1128,9197,1,108,9763[CR],959518140
F,19172,19990,9197,0,130,9764[CR],959518468
C,26732,1122,9197,0,15,9763[CR],959518906
F,19250,20026,9197,0,0,9762[CR],959519234
C,26660,1128,9198,0,0,9758[CR],959519671
F,19300,20060,9198,0,0,9755[CR],959520000
C,26628,1124,9198,0,0,9727[CR],959520437
F,19344,20076,9198,0,0,9703[CR],959520875
C,26336,1124,9198,0,0,9685[CR],959521203
F,19406,20114,9198,0,0,9670[CR],959521750
Z,0,0,9198,0,0,9659[CR],959521968
F,19428,20136,9198,0,0,9649[CR],959522406
C,25924,1134,9198,0,0,9643[CR],959522734
F,19466,20160,9198,0,0,9636[CR],959523281
Z,0,0,9198,0,0,9628[CR],959523609
F,19478,20190,9198,0,0,9622[CR],959523937
C,25740,1124,9198,0,0,9617[CR],959524484
Z,0,0,9198,0,0,9611[CR],959524921
Z,0,0,9198,0,0,9605[CR],959525468
Z,0,0,9198,0,0,9599[CR],959525906
Z,0,0,9198,0,0,9594[CR],959526453
Z,0,0,9198,0,0,9589[CR],959526890
Z,0,0,9198,0,0,9585[CR],959527437
Z,0,0,9198,0,0,9580[CR],959527984
Z,0,0,9198,0,0,9575[CR],959528203
F,19468,20262,9198,0,0,9572[CR],959528750
Z,0,0,9198,0,0,9568[CR],959529187
Z,0,0,9198,0,0,9563[CR],959529734
Z,0,0,9198,0,0,9558[CR],959529843
F,19474,20284,9198,0,0,9556[CR],959530281
Z,0,0,9198,0,0,9554[CR],959530828
Z,0,0,9198,0,0,9549[CR],959531265
Z,0,0,9198,0,0,9540[CR],959531812
Z,0,0,9198,0,0,9532[CR],959532250
Z,0,0,9198,0,0,9523[CR],959532796
Z,0,0,9198,0,2,9509[CR],959533343
Z,0,0,9198,0,0,9499[CR],959533781
Z,0,0,9198,0,0,9487[CR],959534109
A,34984,19474,9198,0,0,9479[CR],959534546
Z,0,0,9198,0,0,9469[CR],959535093
Z,0,0,9198,0,0,9457[CR],959535640
Z,0,0,9198,0,0,9446[CR],959536078
F,19470,20308,9198,0,0,9435[CR],959536406
C,25084,1124,9198,0,0,9424[CR],959536843
F,19468,20310,9198,0,0,9416[CR],959537281
Z,0,0,9198,0,0,9405[CR],959537828
Z,0,0,9198,0,0,9394[CR],959538375
Z,0,0,9198,0,0,9384[CR],959538375
F,19472,20314,9198,0,0,9377[CR],959538921
Z,0,0,9198,0,0,9371[CR],959539359
Z,0,0,9198,0,0,9360[CR],959539906
Z,0,0,9198,0,0,9349[CR],959540343
Z,0,0,9198,0,0,9339[CR],959540890
Z,0,0,9198,0,0,9329[CR],959541437
Z,0,0,9198,0,0,9318[CR],959541875
Z,0,0,9198,0,0,9307[CR],959542421
Z,0,0,9198,0,0,9298[CR],959542640
C,24832,1122,9198,0,0,9290[CR],959543078
F,19470,20330,9198,0,0,9283[CR],959543625
Z,0,0,9198,0,0,9274[CR],959544062
Z,0,0,9198,0,0,9263[CR],959544609
Z,0,0,9198,0,0,9254[CR],959545046
C,24756,1122,9198,0,0,9245[CR],959545484
Z,0,0,9198,0,0,9236[CR],959546031
Z,0,0,9198,0,0,9226[CR],959546578
Z,0,0,9198,0,0,9217[CR],959547015
Z,0,0,9198,0,0,9207[CR],959547562
Z,0,0,9198,0,0,9196[CR],959548000
Z,0,0,9198,0,0,9188[CR],959548546
Z,0,0,9198,0,0,9179[CR],959549093
Z,0,0,9198,0,0,9169[CR],959549531
Z,0,0,9198,0,0,9160[CR],959549750
C,24632,1120,9198,0,0,9153[CR],959550078
F,19472,20346,9198,0,0,9148[CR],959550515
C,24612,1124,9198,0,0,9142[CR],959550843
F,19468,20348,9198,0,0,9135[CR],959551390
Z,0,0,9198,0,0,9127[CR],959551937
Z,0,0,9198,0,0,9118[CR],959552375
Z,0,0,9198,0,0,9109[CR],959552812
A,34948,19472,9198,0,0,9101[CR],959553359
Z,0,0,9198,0,0,9092[CR],959553796
Z,0,0,9198,0,0,9083[CR],959554343
Z,0,0,9198,0,0,9074[CR],959554890
Z,0,0,9198,0,0,9066[CR],959555328
Z,0,0,9198,0,0,9058[CR],959555875
Z,0,0,9198,0,0,9048[CR],959556312
Z,0,0,9198,0,0,9040[CR],959556859
Z,0,0,9198,0,0,9032[CR],959557296
Z,0,0,9198,0,0,9023[CR],959557515
C,24462,1120,9198,0,0,9018[CR],959557953
F,19464,20352,9198,0,0,9014
<PAUSE BUTTON 09:42:32>
[CR],959558281
>
Reset interface. Wait time for interface: 203
>
Reset interface. Wait time for interface: 234DOFF
OK
>
Command: DOFF Wait time for interface: 78

>
Reset interface. Wait time for interface: 47CLEAR
OK
>
Command: CLEAR Wait time for interface: 110

<END BUTTON 09:48:36>

------------------- Begin end zero test --------------------
>
Reset interface. Wait time for interface: 31SCAN E
C,12058,6214,0,0,340,2691
F,12133,12671,0,0,344,2466[CR],959924781
C,12059,6492,0,0,351,2466[CR],959925109
F,12132,12670,0,0,334,2467[CR],959925546
C,12059,6272,0,0,333,2466[CR],959925875
F,12140,12671,0,0,343,2467[CR],959926328
C,12059,6202,0,0,377,2466[CR],959926671
F,12132,12669,0,0,346,2466[CR],959927125
C,12059,6086,0,0,377,2466[CR],959927468
F,12131,12671,0,0,363,2466[CR],959927812
A,35180,12132,0,0,355,2466[CR],959928250
F,12119,12670,0,0,335,2467[CR],959928593
C,12059,6442,0,0,385,2466[CR],959929046
F,12131,12671,0,0,380,2466[CR],959929375
C,12059,6222,0,0,375,2466[CR],959929828
F,12137,12671,0,0,373,2465[CR],959929937
>
Reset interface. Wait time for interface: 62

======== END OF TEST ========


