CPT-log version: 5.22
======== BEGIN OF TEST ========
DATE 11.10.2022

<Transmited Data>
<NEW BUTTON 12:00:25>
[^C][CR]
[^C][CR]
[^C][CR]
CLEAR[CR]
[^C][CR]
DOFF[CR]
[^C][CR]
SCAN E[CR]
[^C][CR]

<NEW BUTTON 12:02:23>

<NEW BUTTON 12:02:47>
[^C][CR]
[^C][CR]
[^C][CR]
CLEAR[CR]
[^C][CR]
DOFF[CR]
[^C][CR]
SCAN E[CR]
[^C][CR]
[^C][CR]
CLEAR[CR]

<START BUTTON 12:07:52>
[^C][CR]
[^C][CR]
DRON[CR]
SCAN E[CR]
[^G][^G][^G][^G][^G][^G][^G][^G][^G][^G][^G][^G][^G][^G][^G][^G][^G][^G][^G][^G][^G][^G][^G][^G][^G][^G][^G][^G][^G][^G][^G][^G][^G][^G][^G][^G][^G][^G][^G][^G][^G][^G][^G][^G][^G][^G][^G]
<PAUSE BUTTON 12:17:46>
[^C][CR]
[^C][CR]
DOFF[CR]
[^C][CR]
CLEAR[CR]

<END BUTTON 12:24:31>
[^C][CR]
SCAN E[CR]
[^C][CR]


<Received Data>
<NEW BUTTON 12:00:25>

>
Reset interface. Wait time for interface: 46
>
Reset interface. Wait time for interface: 110
>
Reset interface. Wait time for interface: 109CLEAR
OK
>
Command: CLEAR Wait time for interface: 110

>
Reset interface. Wait time for interface: 109DOFF
OK
>
Command: DOFF Wait time for interface: 109

>
Reset interface. Wait time for interface: 16SCAN E
Z,0,0,0,0,195,2706
F,12143,12689,0,0,105,2486[CR],449532125
A,34716,12149,0,0,283,2486[CR],449532453
F,12131,12689,0,0,207,2486[CR],449532890
C,12149,13592,0,0,222,2486[CR],449533218
F,12147,12691,0,0,238,2484[CR],449533656
C,12149,13469,0,0,220,2485[CR],449533984
F,12146,12691,0,0,241,2485[CR],449534437
C,12148,12375,0,0,224,2485[CR],449534781
F,12146,12690,0,0,249,2486[CR],449535234
C,12149,12870,0,0,240,2486[CR],449535578
F,12145,12689,0,0,245,2486[CR],449536015
C,12148,12863,0,0,287,2485[CR],449536359
F,12147,12689,0,0,216,2486[CR],449536812
C,12148,12157,0,0,292,2486[CR],449537156
F,12145,12689,0,0,237,2486[CR],449537593
C,12149,12545,0,0,236,2485[CR],449537937
F,12150,12690,0,0,249,2484[CR],449538375
A,34708,12150,0,0,261,2484[CR],449538718
F,12139,12690,0,0,247,2484[CR],449539156
C,12148,11703,0,0,243,2485[CR],449539500
F,12151,12691,0,0,257,2485[CR],449539937
C,12150,11860,0,0,263,2485[CR],449540265
F,12151,12691,0,0,244,2485[CR],449540703
C,12149,11751,0,0,208,2485[CR],449541031
F,12158,12692,0,0,205,2485[CR],449541468
C,12150,12291,0,0,227,2486[CR],449541687
>
Reset interface. Wait time for interface: 47
<NEW BUTTON 12:02:23>

<NEW BUTTON 12:02:47>

>
Reset interface. Wait time for interface: 109
>
Reset interface. Wait time for interface: 109
>
Reset interface. Wait time for interface: 110CLEAR
OK
>
Command: CLEAR Wait time for interface: 109

>
Reset interface. Wait time for interface: 109DOFF
OK
>
Command: DOFF Wait time for interface: 110

>
Reset interface. Wait time for interface: 93SCAN E
F,12138,12695,0,0,300,2762
C,12152,11128,0,0,292,2484[CR],449595718
F,12151,12693,0,0,252,2485[CR],449596156
C,12152,11066,0,0,289,2483[CR],449596593
F,12155,12695,0,0,299,2483[CR],449596921
C,12153,11152,0,0,295,2483[CR],449597359
F,12160,12695,0,0,291,2483[CR],449597687
C,12153,11224,0,0,281,2483[CR],449598156
F,12157,12694,0,0,290,2483[CR],449598484
C,12152,11405,0,0,295,2483[CR],449598859
F,12156,12695,0,0,284,2482[CR],449599328
C,12153,11326,0,0,297,2483[CR],449599671
F,12153,12694,0,0,289,2482[CR],449600109
C,12152,11125,0,0,295,2484[CR],449600437
F,12160,12695,0,0,310,2484[CR],449600890
A,34764,12160,0,0,312,2484[CR],449601250
F,12139,12694,0,0,307,2484[CR],449601578
C,12153,11097,0,0,291,2484[CR],449602031
F,12152,12693,0,0,298,2483[CR],449602359
C,12152,10964,0,0,308,2484[CR],449602796
F,12158,12695,0,0,307,2483[CR],449603125
C,12153,10997,0,0,307,2482[CR],449603562
F,12155,12694,0,0,299,2484[CR],449603890
C,12153,10956,0,0,307,2483[CR],449604218
>
Reset interface. Wait time for interface: 78
>
Reset interface. Wait time for interface: 47CLEAR
OK
>
Command: CLEAR Wait time for interface: 110

<START BUTTON 12:07:52>

>
Reset interface. Wait time for interface: 125
>
Reset interface. Wait time for interface: 109DRON
OK
>
Command: DRON Wait time for interface: 110
SCAN E
Z,0,0,0,0,475,4183
C,14934,698,0,0,489,4010[CR],449879343
F,19188,13904,0,0,490,4009[CR],449879796
C,14931,698,0,0,490,4009[CR],449880125
F,18978,13911,0,0,491,4010[CR],449880562
C,14930,698,0,0,490,4010[CR],449880890
F,18798,13921,0,0,491,4012[CR],449881343
C,14930,696,0,0,489,4013[CR],449881671
F,18636,13935,0,0,490,4014[CR],449882140
A,35372,18516,0,0,490,4014[CR],449882468
F,18468,13954,0,0,491,4013[CR],449882906
C,14930,702,0,0,489,4014[CR],449883234
F,18346,13970,0,0,490,4014[CR],449883671
C,14931,698,0,0,489,4015[CR],449884000
F,18222,13987,0,0,491,4015[CR],449884437
C,14932,698,0,0,490,4015[CR],449884875
F,18100,14007,0,0,490,4015[CR],449885203
C,14932,696,0,0,489,4015[CR],449885640
F,17982,14025,0,0,490,4015[CR],449885968
C,14933,710,0,0,489,4016[CR],449886406
F,17886,14046,0,0,490,4014[CR],449886734
C,14932,706,0,0,490,4016[CR],449887171
F,17792,14066,0,0,490,4016[CR],449887609
C,14931,686,0,0,490,4016[CR],449887937
F,17696,14085,0,0,490,4016[CR],449888375
A,35372,17638,0,0,490,4016[CR],449888703
F,17598,14103,0,0,490,4015[CR],449889140
C,14930,698,0,0,491,4016[CR],449889468
F,17538,14124,0,0,491,4015[CR],449889906
C,14930,702,0,0,490,4016[CR],449890343
F,17460,14144,0,0,491,4018[CR],449890687
C,14931,696,10,68,582,4030[CR],449891125
F,17400,15020,36,64,590,4020[CR],449891453
C,16225,714,61,68,588,4058[CR],449891890
F,12892,16233,86,73,588,4157[CR],449892218
C,16135,728,112,73,584,4107[CR],449892656
F,12529,15139,138,68,585,4092[CR],449892984
C,15429,706,163,73,588,4144[CR],449893421
F,13465,14617,190,68,589,4074[CR],449893859
C,14889,770,215,68,590,4044[CR],449894187
F,14413,15219,240,68,593,4041[CR],449894625
A,35412,14836,266,68,593,4072[CR],449894953
F,14884,16358,291,64,593,4130[CR],449895390
C,16182,774,316,68,592,4238[CR],449895718
F,14388,16295,342,68,583,4269[CR],449896156
C,16329,770,368,68,581,4227[CR],449896593
F,14560,15289,394,68,588,4263[CR],449896921
C,16840,782,420,64,587,4100[CR],449897359
F,14302,15665,446,68,583,4088[CR],449897687
C,16478,774,472,57,583,4056[CR],449898125
F,14620,14274,498,64,583,4031[CR],449898453
C,14822,772,523,64,581,4001[CR],449898890
F,16103,13894,549,60,582,3970[CR],449899234
C,14329,822,574,60,587,4009[CR],449899656
F,17416,14498,601,60,590,3861[CR],449900093
C,14625,836,625,60,586,4025[CR],449900421
F,17674,15770,650,64,591,4162[CR],449900859
A,35360,16524,676,60,594,4168[CR],449901187
F,16398,16232,701,54,593,4148[CR],449901625
C,15227,836,725,44,584,4207[CR],449902062
F,15867,16342,751,60,588,4389[CR],449902390
C,16209,840,776,60,584,4379[CR],449902828
F,14964,15285,801,60,583,4415[CR],449903156
C,16356,836,827,60,579,4348[CR],449903593
F,15870,14205,853,64,579,4279[CR],449903921
C,16636,840,878,60,582,4313[CR],449904359
F,16480,14370,904,54,587,4298[CR],449904796
C,16446,840,929,54,588,4320[CR],449905125
F,17134,15294,955,68,587,4270[CR],449905562
C,16600,840,981,64,587,4237[CR],449905890
F,18064,15162,1006,73,592,4325[CR],449906328
C,15890,878,1033,73,594,4245[CR],449906656
F,18790,16139,1058,73,596,4258[CR],449907093
A,35364,17420,1083,68,598,4305[CR],449907531
F,17332,16408,1110,73,598,4251[CR],449907906
C,15258,906,1135,64,592,4225[CR],449908296
F,18812,15560,1160,68,590,4311[CR],449908640
C,15884,892,1186,73,587,4274[CR],449909062
F,17676,14517,1212,68,586,4226[CR],449909390
C,15514,908,1237,68,587,4255[CR],449909828
F,19704,13921,1263,68,589,4193[CR],449910265
C,14863,904,1288,64,588,4223[CR],449910593
F,20108,15080,1313,64,587,4346[CR],449911031
C,15678,918,1338,68,587,4424[CR],449911359
F,17724,15400,1363,68,585,4442[CR],449911796
C,15987,920,1389,68,583,4461[CR],449912125
F,17868,14701,1415,68,587,4429[CR],449912562
C,15380,912,1440,64,585,4457[CR],449913000
F,18404,14805,1464,68,585,4587[CR],449913328
A,35312,19040,1490,68,586,4621[CR],449913765
F,19560,14283,1515,64,588,4676[CR],449914093
C,15856,938,1539,68,590,4763[CR],449914531
F,17088,15284,1565,73,589,4767[CR],449914859
C,17284,968,1591,64,586,4782[CR],449915296
F,16169,14826,1617,73,580,4783[CR],449915734
C,16732,960,1643,68,585,4667[CR],449916062
F,16866,13789,1669,60,591,4680[CR],449916500
C,15078,964,1695,68,595,4657[CR],449916828
F,18644,15355,1722,64,592,4524[CR],449917265
C,15147,968,1747,60,584,4488[CR],449917593
F,19394,14957,1773,64,583,4472[CR],449918031
C,14860,998,1792,8,472,4317[CR],449918468
F,20106,14768,1792,1,465,4150[CR],449918796
C,14967,998,1792,1,463,4144[CR],449919234
F,21132,13644,1792,0,462,4153[CR],449919562
A,35348,21600,1792,0,460,4161[CR],449920000
F,21568,13495,1792,0,430,4187[CR],449920328
C,14866,998,1792,0,441,4459[CR],449920765
F,21096,13436,1792,0,440,4494[CR],449921203
C,14862,1002,1792,0,417,4496[CR],449921531
F,20442,13428,1792,0,412,4418[CR],449921968
C,14874,990,1792,0,414,4416[CR],449922296
F,19850,13443,1792,0,413,4418[CR],449922734
C,14878,988,1792,0,409,4417[CR],449923062
F,19370,13469,1792,0,389,3597[CR],449923500
C,14870,1020,1792,0,363,2999[CR],449924046
Z,0,0,1792,0,0,2500[CR],449924484
Z,0,0,1792,0,0,2482[CR],449925031
Z,0,0,1792,0,0,2482[CR],449925468
Z,0,0,1792,0,0,2484[CR],449926015
Z,0,0,1792,0,0,2484[CR],449926562
Z,0,0,1792,0,0,2484[CR],449927000
Z,0,0,1792,0,0,2478[CR],449927546
Z,0,0,1792,0,0,2482[CR],449927984
Z,0,0,1792,0,0,2482[CR],449928531
Z,0,0,1792,0,0,2481[CR],449928968
Z,0,0,1792,0,0,2480[CR],449929515
Z,0,0,1792,0,213,2479[CR],449930062
Z,0,0,1792,0,0,2479[CR],449930500
Z,0,0,1792,0,0,2480[CR],449931046
Z,0,0,1792,0,0,2479[CR],449931484
Z,0,0,1792,0,41,2479[CR],449932031
Z,0,0,1792,0,0,2480[CR],449932468
Z,0,0,1792,0,7,2480[CR],449933015
Z,0,0,1792,0,0,2480[CR],449933562
Z,0,0,1792,0,0,2480[CR],449934000
Z,0,0,1792,0,0,2481[CR],449934546
Z,0,0,1792,0,0,2480[CR],449934984
Z,0,0,1792,0,0,2458[CR],449935531
Z,0,0,1792,0,0,2475[CR],449935968
Z,0,0,1792,0,15,2477[CR],449936515
Z,0,0,1792,0,0,2478[CR],449937062
Z,0,0,1792,0,0,2478[CR],449937500
Z,0,0,1792,0,0,2479[CR],449938046
Z,0,0,1792,0,0,2477[CR],449938484
Z,0,0,1792,0,0,2478[CR],449939031
Z,0,0,1792,0,0,2477[CR],449939578
Z,0,0,1792,0,0,2475[CR],449940015
Z,0,0,1792,0,0,2477[CR],449940562
Z,0,0,1792,0,0,2476[CR],449941000
Z,0,0,1792,0,0,2478[CR],449941546
Z,0,0,1792,0,0,2477[CR],449941984
Z,0,0,1792,0,0,2480[CR],449942531
Z,0,0,1792,0,210,2488[CR],449943078
Z,0,0,1792,0,0,2501[CR],449943515
Z,0,0,1792,57,0,2491[CR],449944062
Z,0,0,1792,79,0,2488[CR],449944500
Z,0,0,1792,47,0,2481[CR],449945046
Z,0,0,1809,22,384,2532[CR],449945375
C,14248,1028,1814,16,427,3400[CR],449945812
F,16672,14048,1816,2,375,4980[CR],449946140
C,15798,1024,1816,1,377,5102[CR],449946578
F,16309,14704,1816,0,376,5093[CR],449946906
C,15195,1024,1816,0,373,5087[CR],449947343
F,16596,14702,1816,0,373,5083[CR],449947671
C,15138,1018,1816,0,349,5077[CR],449948109
F,16670,14701,1816,0,351,5091[CR],449948546
C,15108,1024,1816,0,350,5089[CR],449948875
F,16680,14705,1816,0,344,5088[CR],449949312
C,15089,1024,1817,7,460,4807[CR],449949640
F,16662,15255,1817,1,450,4400[CR],449950078
C,15468,1014,1817,1,451,4393[CR],449950406
F,16367,14831,1817,0,450,4384[CR],449950843
A,35212,16560,1817,0,450,4382[CR],449951281
F,16584,14847,1817,0,450,4381[CR],449951609
C,15230,1002,1817,0,451,4378[CR],449952046
F,16642,14856,1817,0,451,4377[CR],449952375
C,15201,1014,1817,0,451,4377[CR],449952812
F,16636,14860,1817,0,451,4373[CR],449953140
C,15179,1010,1817,0,451,4373[CR],449953578
F,16610,14866,1832,57,563,4534[CR],449954015
C,15179,1032,1858,57,564,4667[CR],449954343
F,14881,14503,1884,73,563,4598[CR],449954781
C,15798,1032,1910,73,567,4533[CR],449955109
F,16237,13982,1936,73,567,4515[CR],449955546
C,14518,1014,1962,68,568,4474[CR],449955875
F,17874,15277,1987,73,568,4508[CR],449956312
C,14101,1046,2013,68,569,4491[CR],449956750
F,19834,15307,2039,68,565,4517[CR],449957078
A,35232,20790,2064,64,564,4606[CR],449957515
F,20042,15037,2090,68,565,4676[CR],449957843
C,15573,1046,2116,68,563,4544[CR],449958281
F,18284,14544,2141,64,567,4623[CR],449958609
C,15635,1050,2167,68,569,4690[CR],449959046
F,17796,15456,2193,60,562,4631[CR],449959484
C,16954,1080,2218,64,558,4754[CR],449959812
F,18016,14897,2244,68,559,4770[CR],449960250
C,17088,1102,2270,64,563,4722[CR],449960578
F,19094,14896,2295,60,563,4824[CR],449961015
C,15995,1080,2320,68,564,4936[CR],449961343
F,19612,16752,2347,64,561,4879[CR],449961781
C,17600,1076,2372,60,558,4892[CR],449962218
F,15575,14877,2398,64,562,4856[CR],449962546
C,15786,1112,2424,64,565,4866[CR],449962984
F,16890,16059,2449,64,567,4899[CR],449963312
A,35224,17570,2475,57,568,4836[CR],449963750
F,17704,17270,2501,60,568,4837[CR],449964078
C,15821,1116,2526,64,566,4859[CR],449964515
F,17384,15836,2553,79,565,4747[CR],449964890
C,15236,1102,2579,68,565,4620[CR],449965281
F,17932,15707,2606,73,569,4567[CR],449965718
C,14715,1106,2632,64,569,4411[CR],449966046
F,18806,15660,2657,68,569,4437[CR],449966484
C,14623,1116,2683,68,568,4488[CR],449966812
F,19814,16079,2708,68,566,4556[CR],449967250
C,15470,1112,2735,86,566,4602[CR],449967687
F,19414,16228,2761,64,567,4250[CR],449968015
C,15692,1094,2787,64,566,4312[CR],449968453
F,17248,15982,2812,64,567,4374[CR],449968781
C,14753,1120,2837,64,567,4499[CR],449969218
F,18524,15789,2862,64,566,4589[CR],449969546
A,35244,19096,2887,64,567,4647[CR],449969984
F,18726,16816,2912,64,568,4754[CR],449970421
C,15082,1120,2938,64,568,4783[CR],449970750
F,18516,16408,2963,64,567,4797[CR],449971187
C,15087,1128,2989,64,564,4840[CR],449971515
F,19264,16774,3014,60,562,4858[CR],449971953
C,15788,1146,3039,64,564,4908[CR],449972281
F,18742,15877,3066,68,566,4813[CR],449972718
C,14878,1176,3093,57,563,4641[CR],449973156
F,18730,15927,3119,60,563,4565[CR],449973484
C,14831,1176,3144,60,562,4602[CR],449973921
F,19928,16208,3169,60,564,4693[CR],449974250
C,15858,1176,3194,60,564,4695[CR],449974687
F,17126,17040,3221,57,565,4668[CR],449975015
C,16320,1178,3246,79,563,4640[CR],449975453
F,16416,16035,3272,73,561,4632[CR],449975890
A,35184,17048,3298,73,563,4613[CR],449976218
F,17352,14774,3323,68,564,4641[CR],449976656
C,15506,1208,3349,73,563,4649[CR],449976984
F,17648,15857,3375,68,560,4625[CR],449977421
C,15797,1238,3400,68,560,4639[CR],449977750
F,17690,15321,3426,68,563,4675[CR],449978187
C,14938,1246,3451,68,562,4734[CR],449978625
F,18464,16105,3477,68,563,4768[CR],449978953
C,15757,1252,3503,68,564,4700[CR],449979390
F,18404,15857,3529,68,561,4656[CR],449979718
C,15620,1252,3554,64,560,4674[CR],449980156
F,18904,14811,3580,64,563,4686[CR],449980484
C,14994,1256,3605,68,561,4718[CR],449980921
F,19114,15543,3631,68,561,4644[CR],449981359
C,15075,1252,3657,64,562,4626[CR],449981687
F,19890,15003,3682,64,561,4654[CR],449982125
A,35144,20260,3708,64,559,4700[CR],449982453
F,19838,15765,3733,64,556,4721[CR],449982890
C,15868,1256,3759,68,558,4704[CR],449983218
F,18658,15823,3785,64,557,4693[CR],449983656
C,16264,1308,3792,3,419,4522[CR],449984093
F,19034,14149,3792,1,417,4432[CR],449984421
C,15407,1322,3792,0,414,4426[CR],449984859
F,20392,13726,3792,0,412,4432[CR],449985187
C,15347,1322,3792,0,411,4437[CR],449985625
F,21196,13525,3792,0,411,4439[CR],449985953
C,15343,1326,3792,0,409,4444[CR],449986390
F,21660,13421,3792,0,408,4443[CR],449986828
C,15344,1322,3792,0,405,4445[CR],449987156
F,21874,13365,3792,0,404,4447[CR],449987593
C,15347,1322,3792,0,406,4448[CR],449987921
F,21940,13335,3792,0,404,4449[CR],449988359
A,35100,21912,3792,0,403,4450[CR],449988687
F,21880,13324,3792,0,400,4452[CR],449989125
C,15352,1326,3792,0,380,4650[CR],449989562
F,21760,13321,3792,0,380,4798[CR],449989890
C,15350,1312,3792,0,381,4802[CR],449990328
F,21526,13325,3792,0,380,4804[CR],449990656
C,15351,1322,3792,0,376,4805[CR],449991093
F,21266,13334,3792,0,376,4804[CR],449991421
C,15351,1326,3792,0,372,4776[CR],449991859
F,21024,13348,3792,0,376,4700[CR],449992296
C,15354,1322,3792,0,378,4701[CR],449992625
F,20802,13365,3792,0,374,4642[CR],449993171
Z,0,0,3792,0,0,2564[CR],449993609
Z,0,0,3792,0,0,2480[CR],449994156
Z,0,0,3792,1,0,2482[CR],449994703
Z,0,0,3792,1,0,2482[CR],449995140
Z,0,0,3792,0,0,2484[CR],449995687
Z,0,0,3792,0,0,2484[CR],449996125
Z,0,0,3792,0,1,2482[CR],449996671
Z,0,0,3792,0,0,2482[CR],449997109
Z,0,0,3792,0,1,2479[CR],449997656
Z,0,0,3792,0,0,2480[CR],449998203
Z,0,0,3792,0,89,2481[CR],449998640
Z,0,0,3792,0,0,2480[CR],449999187
Z,0,0,3792,0,0,2480[CR],449999625
Z,0,0,3792,0,0,2480[CR],450000171
Z,0,0,3792,0,0,2480[CR],450000718
Z,0,0,3792,0,0,2481[CR],450001156
Z,0,0,3792,0,1,2482[CR],450001703
Z,0,0,3792,0,0,2481[CR],450002140
Z,0,0,3792,0,0,2481[CR],450002687
Z,0,0,3792,0,0,2481[CR],450003125
Z,0,0,3792,0,0,2456[CR],450003671
Z,0,0,3792,0,0,2478[CR],450004218
Z,0,0,3792,0,0,2479[CR],450004656
Z,0,0,3792,0,0,2479[CR],450005203
Z,0,0,3792,0,0,2478[CR],450005640
Z,0,0,3792,0,0,2478[CR],450006187
Z,0,0,3792,0,0,2478[CR],450006625
Z,0,0,3792,0,0,2478[CR],450007171
Z,0,0,3792,0,0,2477[CR],450007718
Z,0,0,3792,0,0,2477[CR],450008156
Z,0,0,3792,0,1,2470[CR],450008703
Z,0,0,3792,0,0,2479[CR],450009140
Z,0,0,3792,0,0,2480[CR],450009687
Z,0,0,3792,0,0,2482[CR],450010125
Z,0,0,3792,0,1,2484[CR],450010671
Z,0,0,3792,0,0,2488[CR],450011218
Z,0,0,3792,0,0,2499[CR],450011656
Z,0,0,3792,103,0,2495[CR],450012203
Z,0,0,3792,103,0,2484[CR],450012640
Z,0,0,3811,16,342,3884[CR],450012968
F,18532,13912,3811,2,299,7243[CR],450013406
A,35056,18724,3811,1,291,7228[CR],450013734
F,18734,14869,3811,0,296,7218[CR],450014171
C,16289,1318,3811,0,281,7213[CR],450014500
F,18714,14851,3811,0,236,7196[CR],450014937
C,16215,1322,3811,0,242,7193[CR],450015265
F,18616,14836,3812,0,548,7171[CR],450015703
C,16176,1322,3815,2,388,5135[CR],450016140
F,17846,15785,3815,1,386,5056[CR],450016468
C,17982,1360,3815,0,384,5046[CR],450016906
F,18398,15531,3815,0,386,5042[CR],450017234
C,17732,1338,3815,0,387,5040[CR],450017671
F,18590,15458,3815,0,386,5034[CR],450018000
C,17644,1338,3815,0,387,5032[CR],450018437
F,18630,15413,3815,0,385,5029[CR],450018875
C,17592,1312,3815,0,385,5027[CR],450019203
F,18600,15384,3815,0,387,5023[CR],450019640
A,35004,18562,3821,68,539,5102[CR],450019968
F,18532,15367,3845,57,523,5490[CR],450020406
C,21188,1400,3870,57,512,5754[CR],450020734
F,13391,18788,3898,79,557,5686[CR],450021171
C,26356,1360,3924,68,568,5310[CR],450021609
F,10479,22794,3950,68,532,5336[CR],450021937
C,17688,1636,3975,73,529,5423[CR],450022375
F,10718,21914,4001,68,531,5461[CR],450022703
C,17312,1670,4027,68,540,5509[CR],450023140
F,10883,20402,4053,68,545,5500[CR],450023468
C,17436,1614,4078,64,537,5464[CR],450023906
F,11065,15112,4104,68,542,5461[CR],450024343
C,17614,1670,4130,60,540,5397[CR],450024671
F,11287,14578,4156,68,543,5399[CR],450025109
C,17130,1654,4182,64,547,5454[CR],450025437
F,11533,14966,4208,64,549,5479[CR],450025875
A,35032,11713,4234,60,543,5484[CR],450026203
F,11783,15547,4259,64,543,5564[CR],450026640
C,17444,1676,4285,64,541,5559[CR],450026968
F,12035,15716,4311,64,547,5599[CR],450027406
C,17478,1686,4336,64,549,5623[CR],450027843
F,12255,16526,4362,54,543,5636[CR],450028171
C,16760,1672,4387,54,541,5783[CR],450028609
F,12602,16084,4412,60,545,5971[CR],450028937
C,17558,1676,4439,73,539,5918[CR],450029375
F,12867,15331,4466,73,536,5785[CR],450029812
C,18172,1682,4492,73,539,5672[CR],450030140
F,13154,15101,4519,68,541,5498[CR],450030578
C,18466,1678,4545,68,542,5399[CR],450030906
F,13423,15460,4569,68,562,5602[CR],450031343
C,16966,1680,4596,68,561,5588[CR],450031671
F,13694,17334,4622,64,556,5562[CR],450032109
A,35064,13841,4647,60,555,5608[CR],450032546
F,13967,16373,4672,60,554,5724[CR],450032859
C,19498,1698,4698,64,547,5795[CR],450033312
F,14120,15946,4724,64,545,5825[CR],450033625
C,20484,1662,4749,64,550,5879[CR],450034078
F,14472,15433,4776,60,526,5739[CR],450034406
C,19808,1490,4801,60,547,5845[CR],450034843
F,14792,15946,4827,64,555,5854[CR],450035281
C,19048,1714,4853,57,558,5763[CR],450035609
F,14904,18564,4880,73,551,5659[CR],450036046
C,19612,1750,4906,68,551,5546[CR],450036375
F,14525,16826,4932,73,558,5555[CR],450036812
C,20314,1750,4958,73,556,5511[CR],450037140
F,14921,16187,4984,68,555,5461[CR],450037578
C,19674,1750,5010,68,556,5495[CR],450038015
F,15443,16305,5036,68,552,5494[CR],450038343
A,35000,15786,5061,68,551,5556[CR],450038781
F,15916,16766,5087,73,556,5592[CR],450039109
C,19888,1768,5114,64,552,5462[CR],450039546
F,16336,16984,5139,64,553,5473[CR],450039875
C,19220,1786,5164,64,558,5572[CR],450040312
F,16852,17676,5190,64,558,5626[CR],450040640
C,19724,1808,5216,64,554,5633[CR],450041078
F,16986,17430,5241,64,552,5642[CR],450041515
C,19474,1820,5267,64,556,5636[CR],450041843
F,17690,16306,5293,60,550,5659[CR],450042281
C,18682,1816,5318,60,549,5755[CR],450042609
F,18262,15926,5343,64,547,5791[CR],450043046
C,18134,1824,5369,64,547,5885[CR],450043484
F,18916,17442,5393,60,545,6021[CR],450043812
C,18590,1820,5418,60,542,6146[CR],450044250
F,19670,16908,5442,64,547,6339[CR],450044578
A,35008,19972,5467,64,562,6494[CR],450045015
F,15897,17590,5493,64,566,6474[CR],450045343
C,27096,1842,5518,64,562,6507[CR],450045781
F,11313,15417,5544,68,557,6506[CR],450046218
C,27172,1842,5570,64,552,6496[CR],450046546
F,11681,14776,5595,64,549,6532[CR],450046984
C,26776,1846,5620,60,552,6578[CR],450047312
F,12013,14403,5645,64,553,6652[CR],450047750
C,26848,1878,5673,57,549,6449[CR],450048078
F,12402,14159,5698,60,544,6461[CR],450048515
C,27000,1890,5724,57,545,6484[CR],450048953
F,12858,14127,5749,57,544,6500[CR],450049281
C,27176,1912,5773,57,543,6617[CR],450049718
F,13378,13855,5792,8,411,6603[CR],450050046
C,26988,1912,5792,1,332,6440[CR],450050484
F,13930,13984,5792,1,322,6433[CR],450050812
A,34992,14309,5792,0,318,6433[CR],450051250
F,14463,14065,5792,0,317,6435[CR],450051593
C,23874,1890,5792,0,320,6434[CR],450052015
F,15010,14105,5792,0,352,6427[CR],450052453
C,23740,1908,5792,0,507,2097[CR],450052781
F,15522,13466,5792,0,369,5918[CR],450053218
C,11839,1920,5792,0,354,1124[CR],450053546
F,15007,12682,5792,0,352,1193[CR],450053984
C,11939,1888,5792,94,515,2466[CR],450054421
F,15703,12682,5792,11,402,4196[CR],450054750
C,12383,1912,5792,2,388,4157[CR],450055187
F,17262,12956,5792,1,384,4139[CR],450055515
C,14841,1890,5792,0,383,4131[CR],450055953
F,17544,13012,5792,0,376,4126[CR],450056281
C,14775,1890,5792,0,350,4263[CR],450056718
F,17670,13033,5792,0,347,4327[CR],450057156
A,34976,17706,5792,0,327,4335[CR],450057484
F,17710,13047,5792,0,305,4369[CR],450057921
C,14721,1886,5792,0,305,4336[CR],450058250
F,17744,13063,5792,0,309,4331[CR],450058796
Z,0,0,5792,0,0,3134[CR],450059234
Z,0,0,5792,0,0,2488[CR],450059781
Z,0,0,5792,0,0,2485[CR],450060328
Z,0,0,5792,0,0,2484[CR],450060765
Z,0,0,5792,0,0,2481[CR],450061312
Z,0,0,5792,0,0,2479[CR],450061750
Z,0,0,5792,0,0,2482[CR],450062296
Z,0,0,5792,0,0,2480[CR],450062734
Z,0,0,5792,0,0,2480[CR],450063281
Z,0,0,5792,0,0,2479[CR],450063828
Z,0,0,5792,0,0,2479[CR],450064265
Z,0,0,5792,0,0,2479[CR],450064812
Z,0,0,5792,0,233,2479[CR],450065250
Z,0,0,5792,0,0,2478[CR],450065796
Z,0,0,5792,0,0,2480[CR],450066234
Z,0,0,5792,0,0,2480[CR],450066781
Z,0,0,5792,0,0,2479[CR],450067328
Z,0,0,5792,0,0,2455[CR],450067765
Z,0,0,5792,0,0,2472[CR],450068312
Z,0,0,5792,0,0,2474[CR],450068750
Z,0,0,5792,0,0,2476[CR],450069296
Z,0,0,5792,0,0,2478[CR],450069734
Z,0,0,5792,0,0,2478[CR],450070281
Z,0,0,5792,0,1,2477[CR],450070828
Z,0,0,5792,0,0,2479[CR],450071265
Z,0,0,5792,0,0,2477[CR],450071812
Z,0,0,5792,0,0,2476[CR],450072250
Z,0,0,5792,0,0,2478[CR],450072796
Z,0,0,5792,0,0,2477[CR],450073234
Z,0,0,5792,0,0,2477[CR],450073781
Z,0,0,5792,0,0,2482[CR],450074328
Z,0,0,5792,0,116,2482[CR],450074765
Z,0,0,5792,0,2,2486[CR],450075312
Z,0,0,5792,10,0,2502[CR],450075750
Z,0,0,5792,1,0,2482[CR],450076296
Z,0,0,5792,94,2,2492[CR],450076734
Z,0,0,5792,73,0,2483[CR],450077281
Z,0,0,5792,27,323,3089[CR],450077390
C,13890,1894,5792,10,263,6190[CR],450077828
F,17764,13142,5792,2,254,6827[CR],450078156
C,14751,1890,5792,1,261,6814[CR],450078593
F,17762,13184,5792,0,250,6806[CR],450079031
C,14696,1872,5792,0,232,6800[CR],450079359
F,17756,13185,5792,0,151,6802[CR],450079796
C,14678,1878,5792,0,197,6810[CR],450080125
F,17754,13187,5792,0,176,6807[CR],450080562
C,14666,1888,5792,0,127,6804[CR],450080890
F,17758,13189,5792,3,339,5232[CR],450081328
C,15325,1894,5792,1,337,4887[CR],450081765
F,17724,13127,5792,0,337,4876[CR],450082093
A,34948,17756,5792,0,335,4868[CR],450082531
F,17744,13132,5792,0,333,4864[CR],450082859
C,15377,1890,5792,0,331,4857[CR],450083296
F,17768,13133,5792,0,332,4854[CR],450083625
C,15343,1898,5792,0,337,4850[CR],450084062
F,17758,13136,5792,0,334,4846[CR],450084500
C,15320,1890,5792,0,329,4841[CR],450084828
F,17766,13137,5792,54,531,5049[CR],450085265
C,15302,1890,5793,57,524,5498[CR],450085593
F,17764,13177,5817,60,539,5876[CR],450086031
C,24482,1890,5842,60,539,6042[CR],450086359
F,17410,13273,5868,60,540,6060[CR],450086796
C,26384,1904,5893,60,537,6050[CR],450087234
F,17634,13436,5918,64,539,6094[CR],450087562
C,25516,1908,5943,60,541,6132[CR],450088000
F,17676,13683,5969,57,538,6069[CR],450088328
A,34936,17712,5994,57,538,6116[CR],450088765
F,17742,13858,6019,60,540,6180[CR],450089093
C,27624,1956,6044,60,539,6192[CR],450089531
F,17770,13934,6069,60,538,6315[CR],450089968
C,29576,1968,6094,57,540,6441[CR],450090296
F,17686,13894,6119,57,538,6531[CR],450090734
C,30872,1960,6144,64,536,6577[CR],450091062
F,17638,13637,6168,57,535,6766[CR],450091500
C,30656,1968,6193,60,536,6998[CR],450091828
F,17586,13800,6218,64,538,7075[CR],450092265
C,30036,1974,6242,64,539,7147[CR],450092703
F,17642,13868,6268,64,537,7165[CR],450093031
C,29448,1994,6293,64,539,7151[CR],450093468
F,17670,14270,6318,68,539,7209[CR],450093796
C,30320,2004,6343,68,539,7279[CR],450094234
F,17744,13940,6368,68,537,7324[CR],450094562
A,34940,17634,6393,68,536,7345[CR],450095000
F,17610,13999,6418,60,537,7389[CR],450095437
C,32832,2034,6443,68,535,7478[CR],450095765
F,17456,14361,6469,68,537,7378[CR],450096203
C,33784,2034,6494,68,537,7299[CR],450096531
F,17238,15035,6520,68,540,7258[CR],450096968
C,30276,1942,6547,68,551,7087[CR],450097312
F,17446,15783,6573,64,552,6886[CR],450097734
C,24022,2026,6598,68,539,6846[CR],450098062
F,18054,17528,6624,64,542,6747[CR],450098500
C,20002,2038,6649,60,540,6676[CR],450098937
F,22390,20104,6674,60,538,6748[CR],450099265
C,19366,2056,6698,64,539,6925[CR],450099703
F,19506,21626,6723,60,539,7081[CR],450100031
C,22842,2058,6748,64,541,7207[CR],450100468
F,13160,19610,6774,68,540,7157[CR],450100906
A,34944,12762,6799,64,542,7050[CR],450101234
F,13133,16478,6825,64,538,7042[CR],450101671
C,24246,2086,6850,60,537,7063[CR],450102000
F,14461,18656,6874,60,541,7216[CR],450102437
C,26088,2096,6899,60,543,7374[CR],450102765
F,12851,21086,6924,64,543,7410[CR],450103203
C,29544,2100,6949,68,542,7464[CR],450103640
F,10385,20472,6974,64,536,7424[CR],450103968
C,30528,2104,7000,64,535,7329[CR],450104406
F,10766,16183,7025,60,531,7322[CR],450104734
C,28880,2096,7051,64,533,7352[CR],450105171
F,11483,14138,7076,64,532,7362[CR],450105500
C,28780,2104,7100,64,532,7467[CR],450105937
F,12575,14067,7124,68,532,7577[CR],450106375
C,28504,2106,7149,64,534,7665[CR],450106718
F,13918,13965,7174,68,533,7652[CR],450107140
A,34968,15052,7201,68,532,7578[CR],450107468
F,15499,14006,7226,68,535,7538[CR],450107906
C,28280,2140,7252,73,534,7426[CR],450108234
F,17016,14156,7278,68,533,7298[CR],450108671
C,28184,2184,7304,64,531,7174[CR],450109109
F,18008,14317,7330,64,534,7086[CR],450109437
C,27592,2160,7355,60,534,7052[CR],450109875
F,18300,14971,7380,64,532,7131[CR],450110203
C,27524,2164,7405,64,531,7196[CR],450110640
F,18370,14812,7429,60,530,7290[CR],450110968
C,27892,2172,7453,64,529,7425[CR],450111406
F,18404,14653,7478,68,532,7497[CR],450111843
C,29116,2212,7503,64,530,7501[CR],450112171
F,18396,14182,7528,64,532,7521[CR],450112609
C,30808,2220,7555,68,531,7377[CR],450112937
F,18390,14715,7579,57,537,7415[CR],450113375
A,35012,18050,7602,64,529,7681[CR],450113703
F,18152,14320,7625,64,528,7933[CR],450114140
C,32836,2110,7649,54,536,8133[CR],450114578
F,18376,15329,7675,86,539,8094[CR],450114906
C,33316,2232,7700,68,527,7953[CR],450115343
F,18354,19142,7726,79,538,8007[CR],450115671
C,31360,2232,7751,68,542,7980[CR],450116109
F,18350,16299,7776,73,536,7911[CR],450116437
C,27844,2234,7792,5,260,7741[CR],450116875
F,18254,16135,7792,1,152,7574[CR],450117203
C,23200,2232,7792,1,170,7581[CR],450117640
F,18704,16582,7792,0,145,7581[CR],450118078
C,22452,2232,7792,0,52,7581[CR],450118406
F,18734,16692,7792,0,72,7582[CR],450118843
C,22224,2232,7792,0,126,7584[CR],450119171
F,18732,16776,7792,0,235,7388[CR],450119609
A,34968,18726,7792,0,273,5458[CR],450120046
F,18710,16666,7792,0,528,2214[CR],450120375
C,21496,2232,7792,0,225,823[CR],450120812
F,17802,12673,7792,0,211,1518[CR],450121140
C,11839,2232,7792,0,227,2559[CR],450121578
F,18638,12675,7792,0,199,4163[CR],450121906
C,11841,2232,7792,0,118,841[CR],450122343
F,18716,12675,7792,0,17,897[CR],450122781
C,11836,2232,7792,0,350,939[CR],450123218
Z,0,0,7792,2,0,2479[CR],450123765
Z,0,0,7792,1,0,2481[CR],450124203
Z,0,0,7792,0,0,2482[CR],450124750
Z,0,0,7792,0,0,2486[CR],450125187
Z,0,0,7792,0,0,2479[CR],450125734
Z,0,0,7792,0,0,2461[CR],450126281
Z,0,0,7792,0,0,2453[CR],450126718
Z,0,0,7792,0,0,2468[CR],450127265
Z,0,0,7792,0,0,2498[CR],450127703
Z,0,0,7792,0,0,2500[CR],450128250
Z,0,0,7792,0,0,2503[CR],450128687
Z,0,0,7792,2,0,2486[CR],450129234
Z,0,0,7792,1,0,2486[CR],450129781
Z,0,0,7792,0,0,2491[CR],450130218
Z,0,0,7792,0,0,2478[CR],450130765
Z,0,0,7792,0,0,2498[CR],450131203
Z,0,0,7792,0,0,2481[CR],450131750
Z,0,0,7792,0,0,2483[CR],450132187
Z,0,0,7792,0,0,2481[CR],450132734
Z,0,0,7792,0,0,2477[CR],450133281
Z,0,0,7792,0,0,2479[CR],450133718
Z,0,0,7792,0,1,2482[CR],450134265
Z,0,0,7792,0,0,2476[CR],450134703
Z,0,0,7792,0,0,2485[CR],450135250
Z,0,0,7792,0,0,2487[CR],450135796
Z,0,0,7792,0,0,2486[CR],450136234
Z,0,0,7792,0,279,2484[CR],450136781
Z,0,0,7792,0,0,2485[CR],450137218
Z,0,0,7792,0,0,2483[CR],450137765
Z,0,0,7792,0,0,2485[CR],450138203
Z,0,0,7792,0,0,2488[CR],450138750
Z,0,0,7792,0,4,2488[CR],450139296
Z,0,0,7792,0,0,2479[CR],450139734
Z,0,0,7792,0,3,2484[CR],450140281
Z,0,0,7792,0,0,2485[CR],450140718
Z,0,0,7792,0,0,2485[CR],450141265
Z,0,0,7792,0,0,2482[CR],450141812
Z,0,0,7792,0,0,2435[CR],450142250
Z,0,0,7792,0,0,2451[CR],450142796
Z,0,0,7792,0,0,2455[CR],450143234
Z,0,0,7792,0,0,2460[CR],450143781
Z,0,0,7792,0,0,2465[CR],450144218
Z,0,0,7792,0,0,2471[CR],450144765
Z,0,0,7792,0,0,2477[CR],450145312
Z,0,0,7792,0,0,2478[CR],450145750
Z,0,0,7792,0,0,2478[CR],450146296
Z,0,0,7792,0,0,2479[CR],450146734
Z,0,0,7792,0,0,2479[CR],450147281
Z,0,0,7792,0,0,2478[CR],450147718
Z,0,0,7792,0,0,2480[CR],450148265
Z,0,0,7792,0,0,2482[CR],450148812
Z,0,0,7792,0,0,2482[CR],450149250
Z,0,0,7792,0,247,2482[CR],450149796
Z,0,0,7792,0,0,2504[CR],450150234
Z,0,0,7792,0,0,2485[CR],450150781
Z,0,0,7792,25,0,2491[CR],450151218
Z,0,0,7792,79,0,2491[CR],450151765
Z,0,0,7792,25,8,2520[CR],450152312
Z,0,0,7792,6,2,4858[CR],450152421
C,11835,2240,7792,3,0,6715[CR],450152750
F,18692,12698,7792,1,0,6706[CR],450153187
C,11860,2228,7792,0,14,6696[CR],450153625
F,18686,12698,7792,0,43,6691[CR],450153953
C,11860,2236,7792,0,0,6676[CR],450154390
F,18686,12698,7792,0,0,6671[CR],450154718
C,11860,2236,7792,0,0,6670[CR],450155156
F,18684,12697,7792,0,0,6667[CR],450155484
C,11860,2240,7792,4,243,5327[CR],450155921
F,18692,12904,7792,1,205,4565[CR],450156359
C,12399,2232,7792,1,184,4542[CR],450156687
F,18544,13183,7792,0,209,4528[CR],450157125
A,35044,18660,7792,0,204,4519[CR],450157453
F,18660,13248,7792,0,209,4509[CR],450157890
C,12369,2232,7792,0,184,4501[CR],450158218
F,18690,13285,7792,0,176,4497[CR],450158656
C,12364,2232,7792,0,188,4493[CR],450159093
F,18688,13306,7792,0,209,4489[CR],450159421
C,12361,2236,7792,36,296,4578[CR],450159859
F,18698,13321,7792,68,511,5372[CR],450160187
C,12371,2232,7793,49,524,5929[CR],450160625
F,18664,13831,7816,60,541,6811[CR],450161062
C,21846,2234,7841,68,540,7157[CR],450161390
F,18464,14111,7866,60,538,7228[CR],450161828
C,24454,2234,7890,60,538,7307[CR],450162156
F,17794,15930,7915,68,545,7402[CR],450162593
C,25192,2236,7940,60,547,7445[CR],450162921
F,16834,16664,7965,60,543,7446[CR],450163359
A,35056,16658,7990,64,544,7468[CR],450163687
F,16990,17566,8015,64,537,7456[CR],450164125
C,24194,2240,8040,64,537,7463[CR],450164562
F,18078,18158,8065,64,537,7597[CR],450164890
C,24562,2242,8090,64,538,7604[CR],450165328
F,17614,19730,8114,68,535,7708[CR],450165656
C,26036,2240,8139,68,534,7872[CR],450166093
F,12989,20376,8163,68,540,8041[CR],450166421
C,28016,2264,8189,68,534,8080[CR],450166859
F,10945,19264,8215,73,540,8001[CR],450167296
C,27292,2278,8241,68,534,7794[CR],450167625
F,11498,15905,8267,64,535,7668[CR],450168062
C,23012,2258,8292,64,532,7655[CR],450168390
F,12441,16165,8315,64,532,7790[CR],450168828
C,21372,2304,8340,68,537,8011[CR],450169156
F,13875,18550,8365,73,537,8130[CR],450169593
A,35064,11223,8390,68,534,8154[CR],450170031
F,10668,17970,8415,73,538,8158[CR],450170359
C,23186,2334,8441,68,536,8137[CR],450170796
F,11050,15740,8466,73,535,8109[CR],450171125
C,23164,2336,8491,73,538,8085[CR],450171562
F,11906,16960,8517,68,539,8041[CR],450171890
C,24262,2366,8543,73,540,7953[CR],450172328
F,12773,18776,8568,68,535,7906[CR],450172765
C,24876,2360,8593,73,537,7954[CR],450173093
F,13763,18094,8619,64,529,7781[CR],450173531
C,25096,2374,8644,68,527,7829[CR],450173859
F,14942,17784,8669,68,524,7890[CR],450174296
C,27828,2374,8693,68,529,8027[CR],450174625
F,16450,17716,8718,68,535,8126[CR],450175062
C,33856,2386,8742,68,543,8285[CR],450175500
F,15110,19000,8766,64,546,8376[CR],450175828
A,35092,13981,8793,68,523,8237[CR],450176265
F,14705,19624,8818,68,537,8195[CR],450176593
C,38252,1882,8841,51,533,8405[CR],450177031
F,16720,20472,8865,51,509,8695[CR],450177468
C,40296,2262,8887,68,512,9081[CR],450177796
F,17622,28056,8915,60,512,8856[CR],450178234
C,43960,2242,8939,57,519,8693[CR],450178562
F,18072,30412,8965,60,551,8723[CR],450179000
C,39836,2374,8989,64,526,8642[CR],450179328
F,18164,27724,9015,57,516,8589[CR],450179765
C,37780,2338,9039,60,516,8700[CR],450180093
F,18510,26996,9065,64,519,8686[CR],450180531
C,38356,2378,9089,57,522,8755[CR],450180968
F,18114,20288,9114,60,537,8816[CR],450181296
C,40684,2396,9139,64,536,8832[CR],450181734
F,17730,17354,9164,64,544,8794[CR],450182062
A,35100,17942,9189,64,539,8798[CR],450182500
F,17506,21190,9214,64,530,8800[CR],450182906
C,39852,2166,9238,64,530,8869[CR],450183265
F,18322,17442,9263,64,531,8829[CR],450183609
C,39192,1214,9288,64,531,8789[CR],450184031
F,18248,20808,9313,64,534,8833[CR],450184468
C,37916,2420,9337,68,536,8903[CR],450184796
F,18754,20868,9359,60,508,9117[CR],450185234
C,38840,2430,9383,57,514,9283[CR],450185562
F,18128,25292,9408,51,534,9088[CR],450186000
C,35276,2438,9430,57,516,9253[CR],450186437
F,18272,21444,9453,57,505,9340[CR],450186765
C,36748,2354,9473,57,493,9401[CR],450187234
F,18870,23652,9494,54,497,9421[CR],450187578
C,37504,2418,9515,57,526,9362[CR],450187921
F,18874,21904,9535,39,525,9436[CR],450188375
A,35132,19092,9553,44,503,9534[CR],450188703
F,19098,18562,9570,43,509,9567[CR],450189140
C,38224,2588,9583,24,513,9699[CR],450189578
F,19250,20252,9592,21,492,9759[CR],450189906
C,35376,2568,9599,16,492,9755[CR],450190343
F,19092,21612,9607,22,476,9645[CR],450190671
C,34488,2594,9615,20,489,9633[CR],450191109
F,19508,21034,9622,16,478,9680[CR],450191437
C,34560,2594,9628,13,459,9739[CR],450191875
F,19420,21854,9633,12,463,9723[CR],450192312
C,34232,2594,9637,8,422,9735[CR],450192640
F,19316,21054,9640,6,412,9723[CR],450193078
C,32956,2596,9642,6,399,9689[CR],450193421
F,19700,20794,9644,5,419,9710[CR],450193843
C,32528,2594,9645,4,0,9684[CR],450194171
F,19516,21350,9645,1,48,9015[CR],450194609
A,35144,19572,9645,1,196,6823[CR],450194937
F,19580,21420,9645,0,354,3287[CR],450195375
C,29104,2588,9645,0,43,1501[CR],450195812
F,19490,15833,9645,0,2,1519[CR],450196140
C,21882,2594,9645,0,67,1592[CR],450196578
F,19592,15872,9645,35,359,2538[CR],450196906
C,21732,2590,9645,103,381,5397[CR],450197343
F,19632,16976,9659,64,527,8603[CR],450197671
C,25928,2594,9684,64,519,9442[CR],450198109
F,19214,20474,9713,86,527,9350[CR],450198546
C,32004,2592,9746,86,522,9271[CR],450198875
F,19196,21130,9777,86,534,9326[CR],450199312
C,31912,2612,9791,4,86,9286[CR],450199640
F,19064,18880,9791,1,0,9135[CR],450200078
C,29184,2606,9791,1,0,9135[CR],450200406
F,19616,19212,9791,0,0,9135[CR],450200843
A,35140,19660,9791,0,1,8842[CR],450201281
F,19646,19302,9791,0,280,6798[CR],450201609
C,28076,2608,9791,0,231,5173[CR],450202046
F,19652,18864,9791,9,143,3495[CR],450202375
C,27120,2618,9791,2,1,3190[CR],450202812
F,19638,17482,9791,1,0,3192[CR],450203140
C,25936,2612,9791,0,0,3187[CR],450203578
F,19666,17510,9791,0,0,3214[CR],450204015
C,25852,2604,9791,0,4,3221[CR],450204453
Z,0,0,9791,0,0,3259[CR],450204781
C,25784,2612,9791,0,0,3253[CR],450205109
F,19660,17502,9791,0,0,3260[CR],450205546
C,25736,2612,9791,0,0,3249[CR],450205875
F,19656,17508,9791,0,0,3053[CR],450206421
Z,0,0,9791,0,0,2493[CR],450206968
Z,0,0,9791,0,0,2486[CR],450207406
Z,0,0,9791,0,0,2479[CR],450207953
Z,0,0,9791,0,0,2477[CR],450208390
Z,0,0,9791,0,0,2473[CR],450208937
Z,0,0,9791,0,343,2480[CR],450209484
Z,0,0,9791,0,0,2477[CR],450209921
Z,0,0,9791,0,0,2478[CR],450210468
Z,0,0,9791,0,0,2478[CR],450210906
Z,0,0,9791,0,0,2477[CR],450211453
Z,0,0,9791,0,392,2478[CR],450211890
Z,0,0,9791,0,0,2478[CR],450212437
Z,0,0,9791,0,0,2478[CR],450212984
Z,0,0,9791,0,0,2478[CR],450213421
Z,0,0,9791,0,0,2473[CR],450213968
Z,0,0,9791,0,0,2462[CR],450214406
Z,0,0,9791,0,1,2474[CR],450214843
O,37052,17138,9791,0,0,2476[CR],450215390
Z,0,0,9791,0,0,2477[CR],450215828
Z,0,0,9791,0,0,2476[CR],450216375
Z,0,0,9791,0,0,2477[CR],450216812
Z,0,0,9791,0,0,2477[CR],450217359
Z,0,0,9791,0,0,2475[CR],450217796
Z,0,0,9791,0,0,2475[CR],450218343
Z,0,0,9791,0,0,2475[CR],450218890
Z,0,0,9791,0,207,2475[CR],450219328
Z,0,0,9791,0,1,2477[CR],450219875
Z,0,0,9791,0,0,2473[CR],450220312
Z,0,0,9791,0,6,2480[CR],450220859
Z,0,0,9791,0,0,2479[CR],450221296
Z,0,0,9791,0,0,2481[CR],450221843
Z,0,0,9791,0,0,2500[CR],450222390
Z,0,0,9791,0,0,2482[CR],450222828
Z,0,0,9791,103,0,2491[CR],450223375
Z,0,0,9791,79,0,2482[CR],450223812
Z,0,0,9791,23,0,3017[CR],450224359
Z,0,0,9791,2,0,6192[CR],450224906
Z,0,0,9791,1,0,6266[CR],450225343
Z,0,0,9791,0,0,6256[CR],450225890
Z,0,0,9791,0,0,6239[CR],450226328
Z,0,0,9791,0,0,6230[CR],450226875
Z,0,0,9791,0,0,6228[CR],450227312
Z,0,0,9791,0,210,6195[CR],450227750
F,19630,17058,9791,2,94,4901[CR],450228187
C,24700,2604,9791,1,0,4835[CR],450228625
F,19630,17128,9791,0,56,4830[CR],450228953
C,24696,2620,9791,0,0,4824[CR],450229390
F,19626,17130,9791,0,43,4822[CR],450229718
C,24684,2614,9791,0,6,4820[CR],450230156
F,19632,17134,9791,0,11,4816[CR],450230484
C,24676,2616,9791,0,0,4811[CR],450230921
F,19626,17138,9791,0,0,4806[CR],450231359
C,24660,2614,9791,0,7,4805[CR],450231687
F,19628,17132,9791,0,18,4804[CR],450232125
A,35284,19628,9791,54,147,5048[CR],450232453
F,19608,17130,9791,44,249,5869[CR],450232890
C,24692,2612,9807,38,267,7640[CR],450233218
F,19650,18040,9817,11,446,9373[CR],450233656
C,29268,2612,9820,6,399,9435[CR],450234093
F,19532,18494,9822,5,373,9421[CR],450234421
C,30720,2612,9824,4,375,9422[CR],450234859
F,19594,18338,9826,4,366,9437[CR],450235187
C,30888,2594,9827,3,364,9435[CR],450235625
F,19586,18192,9829,3,357,9434[CR],450235953
C,30920,2614,9830,3,358,9435[CR],450236390
F,19600,18094,9831,2,323,9437[CR],450236828
C,30940,2608,9831,2,302,9435[CR],450237156
F,19594,18080,9832,1,258,9441[CR],450237593
C,30780,2610,9832,1,104,9424[CR],450237921
F,19642,18076,9832,0,0,9389[CR],450238359
A,35304,19650,9832,0,0,9372[CR],450238687
F,19638,18174,9832,0,0,9361[CR],450239125
C,29928,2612,9832,0,0,9351[CR],450239671
Z,0,0,9832,0,347,6282[CR],450239890
C,29696,2612,9832,0,448,2037[CR],450240328
F,19628,16802,9832,0,69,35544[CR],450240656
C,10689,2606,9832,0,0,35544[CR],450241140
F,17632,12701,9832,0,0,35544[CR],450241437
C,11141,2612,9832,73,450,2216[CR],450241875
F,19036,12699,9832,172,549,6148[CR],450242203
C,12608,2614,9881,103,553,8725[CR],450242656
F,18724,15766,9923,114,545,8939[CR],450243093
C,31032,2596,9959,94,537,9020[CR],450243421
F,19310,16936,9992,73,543,9080[CR],450243875
C,30020,2590,10021,68,539,9122[CR],450244203
F,19432,16504,10051,86,535,9141[CR],450244640
A,35320,19474,10077,54,520,9217[CR],450244968
F,19554,16097,10100,79,527,9217[CR],450245406
C,30300,2646,10123,54,519,9249[CR],450245734
F,19550,16036,10131,4,100,9251[CR],450246171
C,30316,2608,10131,1,0,9166[CR],450246500
F,19762,16852,10131,1,0,9157[CR],450246937
C,27860,2614,10131,0,0,9152[CR],450247375
F,19826,17018,10134,24,486,9212[CR],450247703
C,27584,2612,10142,16,466,9354[CR],450248140
F,19796,16724,10146,8,417,9360[CR],450248468
C,30148,2610,10146,3,190,9309[CR],450248906
F,19770,16315,10146,1,0,9020[CR],450249234
C,29068,2616,10146,0,192,6674[CR],450249671
F,19822,16482,10146,0,271,4315[CR],450250109
C,27612,2614,10146,0,520,1559[CR],450250437
F,19746,12680,10146,0,0,35544[CR],450250875
A,35372,18498,10146,34,216,2069[CR],450251265
F,18998,12685,10146,206,530,4764[CR],450251671
C,11389,2620,10192,114,531,8558[CR],450252015
F,19814,15260,10235,94,540,8986[CR],450252468
C,32976,2660,10272,79,536,9086[CR],450252796
F,19534,16097,10304,73,534,9160[CR],450253250
C,33748,2558,10330,60,523,9234[CR],450253593
F,18944,16536,10349,34,520,9344[CR],450254031
C,36032,2620,10363,24,503,9437[CR],450254359
F,19336,16872,10372,20,495,9481[CR],450254796
C,37912,2612,10380,19,487,9489[CR],450255234
Z,0,0,10388,13,472,9498[CR],450255562
C,37724,2616,10392,14,473,9489[CR],450255890
F,19684,17134,10397,11,463,9492[CR],450256328
C,37800,2620,10402,13,462,9462[CR],450256765
F,19488,16930,10407,12,456,9465[CR],450257093
A,35352,19698,10411,11,463,9477[CR],450257531
F,19542,17096,10416,12,458,9491[CR],450257859
C,37372,2614,10421,11,460,9510[CR],450258296
F,19924,17816,10425,10,462,9515[CR],450258625
C,37368,2612,10429,11,406,9503[CR],450259062
F,19830,17310,10430,2,196,9394[CR],450259500
C,36376,2614,10430,1,0,9303[CR],450259828
F,19928,17450,10430,0,164,7751[CR],450260265
C,34732,2612,10430,0,4,5748[CR],450260593
F,19970,17302,10430,0,278,4763[CR],450261031
C,33220,2612,10430,0,4,3794[CR],450261359
F,19954,16542,10430,0,60,3773[CR],450261796
C,32152,2610,10430,206,344,5113[CR],450262234
F,19972,16614,10445,29,523,9089[CR],450262562
C,34276,2618,10459,41,524,9443[CR],450263000
F,19592,17410,10479,60,516,9376[CR],450263328
A,35392,19358,10499,51,521,9376[CR],450263765
F,19374,17386,10519,54,523,9363[CR],450264093
C,34956,2490,10543,79,527,9339[CR],450264531
F,19306,17560,10570,68,537,9311[CR],450264968
C,33436,2650,10596,60,521,9321[CR],450265296
F,19518,18280,10618,54,517,9354[CR],450265734
C,32692,2664,10637,44,514,9413[CR],450266062
F,19654,17780,10655,47,512,9429[CR],450266500
C,32744,2632,10673,44,515,9402[CR],450266828
F,19786,16396,10691,41,505,9428[CR],450267265
C,32340,2652,10705,39,505,9497[CR],450267703
F,19854,15810,10721,43,511,9465[CR],450268031
C,31768,2680,10735,35,510,9513[CR],450268468
F,19788,16325,10747,24,493,9534[CR],450268796
C,31368,2688,10754,14,473,9551[CR],450269234
F,19842,17012,10759,12,447,9560[CR],450269562
A,35432,20078,10763,7,431,9570[CR],450270000
F,19988,16790,10765,5,423,9555[CR],450270437
C,30828,2706,10767,4,314,9541[CR],450270765
F,20078,16524,10767,2,0,9484[CR],450271125
C,29964,2700,10767,1,57,7285[CR],450271531
F,20132,16772,10767,1,354,3464[CR],450271968
C,28284,2704,10767,0,1,1072[CR],450272296
F,20056,12694,10767,0,0,35544[CR],450272734
C,16672,2704,10767,22,52,1984[CR],450273078
F,20140,12680,10767,172,463,4800[CR],450273500
C,17322,2702,10796,86,539,9182[CR],450273937
F,19884,17144,10830,103,542,9248[CR],450274281
C,32784,2728,10869,114,539,9145[CR],450274718
F,19910,16351,10912,129,545,9099[CR],450275062
C,29596,2710,10963,129,555,8936[CR],450275500
F,19816,18282,11014,129,540,8957[CR],450275828
A,35412,16286,11059,114,529,9058[CR],450276265
F,15849,23442,11096,94,544,9220[CR],450276593
C,24410,2744,11134,129,541,9156[CR],450277031
F,13502,19582,11187,147,538,8854[CR],450277359
C,18070,2752,11246,147,540,8673[CR],450277796
F,15734,18396,11303,147,537,8798[CR],450278234
C,16768,2764,11355,129,529,8891[CR],450278562
F,19088,15181,11405,114,528,8878[CR],450279000
C,18040,2754,11447,94,527,8982[CR],450279328
F,22026,16220,11487,103,528,9013[CR],450279765
C,18924,2772,11527,114,531,9044[CR],450280109
F,24688,16706,11572,114,537,8854[CR],450280531
C,18448,2784,11586,4,0,8519[CR],450281078
Z,0,0,11586,1,0,8440[CR],450281515
Z,0,0,11586,0,0,8443[CR],450282062
Z,0,0,11586,0,0,8440[CR],450282062
A,35464,24492,11586,0,0,8438[CR],450282609
Z,0,0,11586,0,0,8444[CR],450282828
C,16224,2770,11586,0,0,8442[CR],450283265
F,23160,16164,11586,0,0,8442[CR],450283812
Z,0,0,11586,0,0,8441[CR],450284250
Z,0,0,11605,73,507,8699[CR],450284468
C,16154,2768,11616,68,525,8718[CR],450284796
F,21694,18238,11643,73,524,8617[CR],450285234
C,17890,2780,11669,64,523,8501[CR],450285562
F,25352,17424,11694,68,525,8514[CR],450286000
C,16970,2792,11719,68,525,8544[CR],450286437
F,28860,17798,11744,64,523,8563[CR],450286765
C,17140,2792,11769,64,520,8577[CR],450287203
F,26288,18072,11792,18,351,8554[CR],450287531
C,16402,2832,11792,2,0,8361[CR],450288078
Z,0,0,11792,1,0,8352[CR],450288296
A,35432,32764,11792,0,0,8353[CR],450288843
Z,0,0,11792,0,0,8355[CR],450289390
Z,0,0,11792,0,0,8354[CR],450289828
Z,0,0,11792,0,0,7239[CR],450290265
F,33868,15127,11792,0,0,4263[CR],450290703
C,15154,2826,11792,0,0,2412[CR],450291031
F,32604,14335,11792,0,0,2343[CR],450291468
C,14908,2828,11792,0,0,2344[CR],450292015
Z,0,0,11792,0,0,2344[CR],450292234
C,14986,2822,11792,0,0,2354[CR],450292781
Z,0,0,11792,0,0,2373[CR],450293218
Z,0,0,11792,0,0,2530[CR],450293765
Z,0,0,11792,0,0,2821[CR],450294203
Z,0,0,11792,0,0,2820[CR],450294750
Z,0,0,11792,0,0,2803[CR],450295296
Z,0,0,11792,0,0,2496[CR],450295734
Z,0,0,11792,0,0,2473[CR],450296281
Z,0,0,11792,0,0,2480[CR],450296718
Z,0,0,11792,0,0,2476[CR],450297265
Z,0,0,11792,0,0,2475[CR],450297703
Z,0,0,11792,0,0,2471[CR],450298250
Z,0,0,11792,0,5,2473[CR],450298796
Z,0,0,11792,0,0,2477[CR],450299234
Z,0,0,11792,0,0,2474[CR],450299781
Z,0,0,11792,0,0,2476[CR],450300218
Z,0,0,11792,0,232,2475[CR],450300765
Z,0,0,11792,0,77,2476[CR],450301312
Z,0,0,11792,0,0,2474[CR],450301750
Z,0,0,11792,0,0,2474[CR],450302296
Z,0,0,11792,0,377,2475[CR],450302734
Z,0,0,11792,0,0,2476[CR],450303281
Z,0,0,11792,0,0,2475[CR],450303828
Z,0,0,11792,0,0,2474[CR],450304265
Z,0,0,11792,0,1,2475[CR],450304812
Z,0,0,11792,0,44,2475[CR],450305250
Z,0,0,11792,0,0,2476[CR],450305796
Z,0,0,11792,0,0,2476[CR],450306234
Z,0,0,11792,0,0,2478[CR],450306781
Z,0,0,11792,0,0,2447[CR],450307328
Z,0,0,11792,0,0,2468[CR],450307765
Z,0,0,11792,0,0,2467[CR],450308312
Z,0,0,11792,0,0,2461[CR],450308750
Z,0,0,11792,0,0,2465[CR],450309296
Z,0,0,11792,0,0,2469[CR],450309734
Z,0,0,11792,0,0,2471[CR],450310281
Z,0,0,11792,0,0,2472[CR],450310828
Z,0,0,11792,0,0,2471[CR],450311265
Z,0,0,11792,0,0,2472[CR],450311812
Z,0,0,11792,0,0,2473[CR],450312250
Z,0,0,11792,0,2,2470[CR],450312796
Z,0,0,11792,0,0,2463[CR],450313234
Z,0,0,11792,0,13,2474[CR],450313781
Z,0,0,11792,0,419,2478[CR],450314328
Z,0,0,11792,0,0,2496[CR],450314765
Z,0,0,11792,0,0,2487[CR],450315312
Z,0,0,11792,114,0,2492[CR],450315750
Z,0,0,11792,64,93,2483[CR],450316296
Z,0,0,11792,13,0,4456[CR],450316843
Z,0,0,11792,1,0,7736[CR],450317281
Z,0,0,11792,0,0,7720[CR],450317828
Z,0,0,11792,0,0,7705[CR],450318265
Z,0,0,11792,0,0,7694[CR],450318812
Z,0,0,11792,0,0,7689[CR],450319250
Z,0,0,11792,2,0,5117[CR],450319796
Z,0,0,11792,1,0,4848[CR],450320234
Z,0,0,11792,0,0,4837[CR],450320781
Z,0,0,11792,0,0,4832[CR],450321218
C,14911,2804,11792,0,0,4828[CR],450321546
F,21428,13208,11792,0,0,4825[CR],450322093
Z,0,0,11792,0,0,4827[CR],450322312
F,21386,13196,11792,0,0,4827[CR],450322750
C,14900,2800,11792,0,0,4826[CR],450323187
Z,0,0,11792,68,0,4884[CR],450323515
C,14894,2796,11792,49,0,5487[CR],450323953
F,21320,13185,11799,47,111,6781[CR],450324281
C,14931,2796,11821,64,515,8542[CR],450324718
F,21346,16696,11847,73,519,8557[CR],450325046
C,16486,2822,11872,73,512,8421[CR],450325484
F,22272,16558,11898,73,511,8368[CR],450325812
A,35524,23874,11923,73,512,8371[CR],450326250
F,24636,15731,11948,73,518,8399[CR],450326687
C,16556,2822,11972,64,512,8412[CR],450327015
F,26656,15934,11997,60,509,8537[CR],450327453
C,16182,2856,12021,54,510,8757[CR],450327796
F,28572,16310,12045,57,516,8967[CR],450328218
C,19136,2844,12068,57,512,9080[CR],450328546
F,24170,17590,12091,57,510,9149[CR],450328984
C,22922,2840,12113,60,512,9184[CR],450329421
F,20642,17148,12134,51,515,9188[CR],450329750
C,23292,2834,12155,57,513,9174[CR],450330187
F,21294,17682,12176,57,507,9199[CR],450330515
C,22442,2840,12197,49,507,9233[CR],450330953
F,22164,18390,12217,51,504,9293[CR],450331281
C,21760,2852,12236,49,506,9290[CR],450331718
F,22642,18314,12255,47,502,9285[CR],450332156
A,35528,23060,12273,41,499,9278[CR],450332484
F,23254,18398,12295,57,508,9180[CR],450332921
C,18820,2850,12318,60,511,9071[CR],450333250
F,24190,19678,12343,64,513,9003[CR],450333687
C,16576,2874,12367,64,516,8974[CR],450334015
F,26380,22870,12392,64,516,8916[CR],450334453
C,16055,2888,12417,64,517,8904[CR],450334890
F,30160,20744,12441,68,515,8900[CR],450335218
C,17634,2908,12466,68,509,8809[CR],450335656
F,27392,17760,12491,68,503,8738[CR],450335984
C,17672,2894,12516,73,504,8744[CR],450336421
F,30416,15112,12541,68,502,8701[CR],450336750
C,16798,2916,12566,73,504,8638[CR],450337187
F,33212,14669,12590,68,504,8616[CR],450337531
C,16566,2922,12614,60,505,8674[CR],450337953
F,32348,15740,12639,57,506,8685[CR],450338390
A,35540,29084,12664,60,502,8631[CR],450338718
F,29228,15706,12689,54,504,8560[CR],450339156
C,17108,2910,12714,60,508,8557[CR],450339484
F,30500,14863,12738,54,504,8661[CR],450339921
C,15604,2912,12762,60,509,8809[CR],450340359
F,34764,14696,12786,68,510,8922[CR],450340687
C,16662,2920,12811,64,505,8874[CR],450341125
F,31052,15419,12836,64,501,8832[CR],450341453
C,16724,2930,12861,64,509,8754[CR],450341890
F,32676,14371,12886,64,507,8733[CR],450342218
C,15580,2926,12910,60,509,8763[CR],450342656
F,35132,15244,12934,64,503,8805[CR],450343093
C,17314,2924,12958,64,509,8866[CR],450343421
F,30424,16226,12982,64,505,8993[CR],450343859
C,22666,2932,13005,54,508,9113[CR],450344187
F,22444,16992,13029,57,512,9160[CR],450344625
A,35532,19460,13052,57,517,9186[CR],450344953
F,19550,17744,13076,60,519,9195[CR],450345390
C,26948,2916,13100,64,520,9148[CR],450345828
F,18298,19068,13123,68,513,9156[CR],450346203
C,25936,2926,13146,68,514,9230[CR],450346593
F,19864,18816,13168,54,507,9290[CR],450346921
C,25404,2926,13190,54,508,9348[CR],450347359
F,20956,18924,13210,51,505,9408[CR],450347687
C,25592,2946,13229,47,504,9454[CR],450348125
F,21448,19008,13247,51,505,9479[CR],450348562
C,25624,2964,13265,44,503,9481[CR],450348890
F,21762,19188,13282,41,499,9462[CR],450349328
C,25724,2990,13298,43,494,9536[CR],450349656
F,21806,19398,13313,36,486,9605[CR],450350093
C,25884,2986,13324,23,458,9673[CR],450350421
F,21328,19918,13330,10,382,9716[CR],450350859
A,35524,21758,13331,3,0,9756[CR],450351296
F,21972,20330,13332,1,0,9788[CR],450351625
C,24084,2990,13332,1,0,9803[CR],450352171
Z,0,0,13332,0,0,9813[CR],450352609
Z,0,0,13332,0,0,9824[CR],450353156
Z,0,0,13332,0,0,9831[CR],450353593
F,21766,20872,13332,0,0,9835[CR],450354140
Z,0,0,13332,0,0,9839[CR],450354578
Z,0,0,13332,0,0,9845[CR],450354796
C,22864,2984,13332,0,0,9850[CR],450355234
Z,0,0,13332,0,0,9551[CR],450355781
Z,0,0,13332,0,0,6957[CR],450356218
Z,0,0,13332,0,0,4436[CR],450356765
F,21648,20316,13332,0,391,1742[CR],450357093
A,35532,21640,13332,0,477,35544[CR],450357531
F,21154,12678,13332,0,488,35544[CR],450357859
C,9291,2970,13332,0,0,35544[CR],450358421
Z,0,0,13332,0,0,35544[CR],450358875
Z,0,0,13332,51,228,2043[CR],450359421
Z,0,0,13332,147,488,4417[CR],450359421
C,9887,2970,13332,147,499,6865[CR],450359875
F,21368,12684,13353,172,515,7805[CR],450360218
C,13856,3000,13427,172,510,8368[CR],450360765
Z,0,0,13442,2,0,7786[CR],450361203
Z,0,0,13442,1,0,7693[CR],450361750
Z,0,0,13442,0,0,7693[CR],450362187
Z,0,0,13442,0,0,7689[CR],450362734
Z,0,0,13442,0,0,7687[CR],450363171
Z,0,0,13442,0,0,7685[CR],450363718
Z,0,0,13442,0,0,7682[CR],450364265
Z,0,0,13460,54,506,8142[CR],450364484
F,21924,18932,13479,68,505,8475[CR],450364921
C,18654,2998,13505,64,509,8489[CR],450365250
F,23024,20602,13531,64,509,8415[CR],450365687
C,18174,3016,13556,68,508,8373[CR],450366125
F,23174,19628,13580,60,504,8431[CR],450366453
C,18418,3052,13603,60,500,8680[CR],450366890
F,26828,17632,13625,60,499,8962[CR],450367218
C,22844,3054,13648,51,506,9207[CR],450367656
F,18618,17500,13670,51,504,9373[CR],450368093
Z,0,0,13693,43,499,9502[CR],450368421
F,17924,16584,13705,35,495,9602[CR],450368859
C,24356,3048,13717,31,479,9617[CR],450369187
F,19272,17708,13729,32,480,9631[CR],450369625
A,35508,20014,13740,32,476,9607[CR],450369953
F,20292,18388,13751,25,469,9636[CR],450370390
C,24330,3050,13760,21,461,9660[CR],450370718
F,21048,18634,13769,21,457,9691[CR],450371156
C,24278,3060,13775,13,437,9724[CR],450371593
F,21512,18874,13781,12,416,9746[CR],450371921
C,24316,3060,13785,9,387,9767[CR],450372359
F,21672,19090,13788,7,370,9808[CR],450372687
C,24280,3066,13791,6,291,9827[CR],450373234
Z,0,0,13791,1,0,9760[CR],450373671
Z,0,0,13791,0,0,7255[CR],450374218
Z,0,0,13791,0,0,5570[CR],450374765
Z,0,0,13791,0,130,4414[CR],450375093
C,22434,3058,13791,0,236,2609[CR],450375421
F,21714,18412,13791,0,0,1228[CR],450375968
Z,0,0,13791,0,0,1356[CR],450376406
Z,0,0,13791,0,0,1432[CR],450376953
Z,0,0,13791,0,0,1559[CR],450377500
Z,0,0,13791,0,0,1680[CR],450377937
Z,0,0,13791,0,0,1860[CR],450378484
Z,0,0,13791,0,0,2483[CR],450378921
Z,0,0,13791,0,0,2480[CR],450379468
Z,0,0,13791,0,19,2472[CR],450380015
Z,0,0,13791,0,0,2462[CR],450380453
Z,0,0,13791,0,0,2472[CR],450381000
Z,0,0,13791,0,0,2487[CR],450381437
Z,0,0,13791,0,0,2490[CR],450381984
Z,0,0,13791,0,0,2492[CR],450382421
Z,0,0,13791,0,0,2493[CR],450382968
Z,0,0,13791,0,0,2495[CR],450383515
Z,0,0,13791,0,0,2495[CR],450383953
Z,0,0,13791,0,50,2495[CR],450384500
Z,0,0,13791,0,0,2493[CR],450384937
Z,0,0,13791,0,0,2491[CR],450385484
Z,0,0,13791,0,0,2489[CR],450385921
Z,0,0,13791,0,386,2482[CR],450386468
Z,0,0,13791,0,0,2486[CR],450387015
Z,0,0,13791,0,0,2485[CR],450387453
Z,0,0,13791,0,57,2482[CR],450388000
Z,0,0,13791,0,0,2487[CR],450388437
Z,0,0,13791,0,0,2485[CR],450388984
Z,0,0,13791,0,0,2484[CR],450389531
Z,0,0,13791,0,0,2480[CR],450389968
Z,0,0,13791,0,0,2482[CR],450390515
Z,0,0,13791,0,1,2482[CR],450390953
Z,0,0,13791,0,0,2482[CR],450391500
Z,0,0,13791,0,0,2485[CR],450391937
Z,0,0,13791,0,0,2486[CR],450392484
Z,0,0,13791,0,0,2485[CR],450393031
Z,0,0,13791,0,0,2485[CR],450393468
Z,0,0,13791,0,0,2487[CR],450394015
Z,0,0,13791,0,0,2484[CR],450394453
Z,0,0,13791,0,141,2486[CR],450395000
Z,0,0,13791,0,0,2486[CR],450395546
Z,0,0,13791,0,0,2481[CR],450395984
Z,0,0,13791,0,0,2458[CR],450396531
Z,0,0,13791,0,0,2461[CR],450396968
Z,0,0,13791,0,0,2470[CR],450397515
Z,0,0,13791,0,0,2447[CR],450398062
Z,0,0,13791,0,0,2446[CR],450398500
Z,0,0,13791,0,1,2461[CR],450399046
Z,0,0,13791,0,0,2463[CR],450399484
Z,0,0,13791,0,0,2460[CR],450400031
Z,0,0,13791,0,0,2470[CR],450400468
Z,0,0,13791,0,0,2478[CR],450401015
Z,0,0,13791,0,0,2478[CR],450401562
Z,0,0,13791,0,0,2479[CR],450402000
Z,0,0,13791,0,0,2478[CR],450402546
Z,0,0,13791,0,0,2479[CR],450402984
Z,0,0,13791,0,0,2480[CR],450403531
Z,0,0,13791,0,0,2479[CR],450403968
Z,0,0,13791,0,0,2480[CR],450404515
Z,0,0,13791,0,0,2482[CR],450405062
Z,0,0,13791,0,88,2483[CR],450405500
Z,0,0,13791,0,0,2504[CR],450406046
Z,0,0,13791,27,0,2491[CR],450406484
Z,0,0,13791,68,0,2498[CR],450407031
Z,0,0,13791,34,0,2492[CR],450407578
Z,0,0,13791,38,0,2493[CR],450408015
Z,0,0,13791,34,0,2493[CR],450408562
Z,0,0,13791,25,0,2492[CR],450409000
Z,0,0,13791,24,0,2495[CR],450409546
Z,0,0,13791,49,0,2498[CR],450409984
Z,0,0,13791,11,0,3187[CR],450410531
Z,0,0,13791,1,0,5170[CR],450411078
Z,0,0,13791,0,0,5196[CR],450411515
Z,0,0,13791,0,0,5192[CR],450412062
Z,0,0,13791,0,0,5184[CR],450412500
Z,0,0,13791,0,0,5191[CR],450413046
Z,0,0,13791,0,0,5188[CR],450413484
Z,0,0,13791,2,0,4232[CR],450414031
Z,0,0,13791,1,0,4048[CR],450414578
Z,0,0,13791,0,0,4034[CR],450415015
Z,0,0,13791,0,0,4025[CR],450415562
Z,0,0,13791,0,0,4018[CR],450415671
C,19426,3064,13791,0,0,4017[CR],450416218
Z,0,0,13791,0,0,4015[CR],450416656
Z,0,0,13791,0,0,4010[CR],450417203
Z,0,0,13791,0,0,4015[CR],450417640
Z,0,0,13791,60,0,4997[CR],450418187
Z,0,0,13797,47,99,6593[CR],450418406
F,21686,15897,13807,34,163,8766[CR],450418843
C,20030,3064,13810,5,80,9575[CR],450419171
F,21756,19616,13810,1,59,9552[CR],450419609
A,35424,21664,13811,1,0,9526[CR],450419937
F,21662,19548,13811,1,0,9523[CR],450420484
Z,0,0,13811,0,0,6876[CR],450420812
F,21690,19506,13811,0,0,4097[CR],450421250
Z,0,0,13811,0,251,1761[CR],450421578
F,21676,18176,13811,0,467,35544[CR],450421906
C,19934,3054,13811,0,488,35544[CR],450422468
Z,0,0,13811,0,0,35544[CR],450422921
Z,0,0,13811,0,0,35544[CR],450423468
Z,0,0,13811,68,213,2427[CR],450423906
Z,0,0,13811,129,519,5538[CR],450424234
C,11537,3062,13811,172,530,7471[CR],450424671
F,21572,14599,13852,114,533,8805[CR],450425109
C,23994,3056,13895,94,531,8956[CR],450425453
F,20718,14952,13933,86,526,9028[CR],450425890
A,35400,22140,13966,79,528,9084[CR],450426218
F,22064,17280,13996,60,524,9140[CR],450426656
C,24844,3070,14021,54,521,9232[CR],450426984
F,22040,17548,14045,57,522,9277[CR],450427421
C,24152,3064,14069,60,521,9268[CR],450427859
F,22426,17894,14093,57,516,9264[CR],450428187
C,24302,3068,14112,49,509,9327[CR],450428625
F,22300,18178,14128,39,500,9359[CR],450428953
C,25024,3070,14141,29,481,9415[CR],450429390
F,22156,18480,14150,22,461,9436[CR],450429718
C,25492,3064,14157,15,450,9436[CR],450430156
F,22176,18922,14163,15,437,9431[CR],450430593
C,25516,3060,14168,13,438,9442[CR],450430921
F,22030,19114,14173,9,421,9448[CR],450431359
C,25392,3054,14178,12,426,9465[CR],450431687
F,21934,19304,14182,10,416,9477[CR],450432125
A,35408,22014,14186,9,416,9505[CR],450432453
F,21960,19524,14190,9,391,9529[CR],450432906
C,25112,3064,14192,6,78,9523[CR],450433437
Z,0,0,14192,1,0,9458[CR],450433875
Z,0,0,14192,0,2,6915[CR],450434421
Z,0,0,14192,0,0,2669[CR],450434421
C,23312,3064,14192,0,0,1640[CR],450434968
Z,0,0,14192,0,0,1762[CR],450435406
Z,0,0,14192,0,0,1834[CR],450435953
Z,0,0,14192,172,1,2739[CR],450436390
F,21950,17708,14205,33,524,7652[CR],450436828
C,21992,3068,14217,31,514,9479[CR],450437156
F,21246,19450,14231,36,512,9449[CR],450437593
C,24176,3060,14246,38,512,9431[CR],450437921
F,22216,19352,14261,39,510,9412[CR],450438359
A,35400,22608,14278,41,503,9439[CR],450438796
F,22700,20146,14290,26,468,9497[CR],450439125
C,20968,3070,14295,7,358,9565[CR],450439562
F,23286,21118,14297,3,0,9579[CR],450440000
Z,0,0,14297,1,0,9526[CR],450440546
Z,0,0,14297,0,0,6367[CR],450440984
Z,0,0,14297,0,299,2459[CR],450441093
F,22784,21402,14297,0,356,35544[CR],450441531
C,20270,3064,14297,0,0,35544[CR],450441968
Z,0,0,14297,73,283,1604[CR],450442515
Z,0,0,14297,172,532,5096[CR],450442625
F,21770,12676,14317,94,543,9099[CR],450443078
C,13169,3106,14346,60,535,9283[CR],450443406
F,18708,20156,14368,49,512,9408[CR],450443875
C,23718,3118,14385,36,504,9487[CR],450444218
F,17038,18400,14399,29,487,9515[CR],450444562
A,35392,18834,14410,25,480,9536[CR],450445015
F,19538,17522,14419,22,472,9552[CR],450445343
C,25788,3090,14427,22,467,9544[CR],450445781
F,21044,18000,14435,17,443,9552[CR],450446218
C,25872,3110,14440,14,434,9568[CR],450446546
F,21914,18796,14445,11,425,9594[CR],450446984
C,25576,3108,14448,6,371,9596[CR],450447312
F,22312,19464,14450,5,369,9607[CR],450447750
C,25304,3112,14453,6,348,9624[CR],450448078
F,22444,19852,14455,4,248,9632[CR],450448515
C,25184,3114,14456,2,41,9628[CR],450448953
F,22490,20196,14456,2,0,9603[CR],450449390
Z,0,0,14456,1,201,8169[CR],450449937
Z,0,0,14456,0,485,2680[CR],450450046
C,23932,3116,14456,0,0,35544[CR],450450593
Z,0,0,14456,0,0,35544[CR],450451031
Z,0,0,14456,0,0,35544[CR],450451609
Z,0,0,14456,0,0,35544[CR],450452078
Z,0,0,14456,0,0,35544[CR],450452656
Z,0,0,14456,0,0,35544[CR],450453125
Z,0,0,14456,0,0,35544[CR],450453562
Z,0,0,14456,0,0,35544[CR],450454125
Z,0,0,14456,0,0,35544[CR],450454593
Z,0,0,14456,0,0,35544[CR],450455046
Z,0,0,14456,0,0,35544[CR],450455593
Z,0,0,14456,0,0,35544[CR],450456140
Z,0,0,14456,0,0,35544[CR],450456578
Z,0,0,14456,0,0,35544[CR],450457046
Z,0,0,14456,0,0,35544[CR],450457593
Z,0,0,14456,0,0,35544[CR],450458140
Z,0,0,14456,0,0,35544[CR],450458593
Z,0,0,14456,0,0,35544[CR],450459156
Z,0,0,14456,0,0,35544[CR],450459609
Z,0,0,14456,0,0,35544[CR],450460156
Z,0,0,14456,0,0,35544[CR],450460609
Z,0,0,14456,0,0,35544[CR],450461062
Z,0,0,14456,0,0,35544[CR],450461609
Z,0,0,14456,0,0,35544[CR],450462062
Z,0,0,14456,0,0,35544[CR],450462625
Z,0,0,14456,0,0,35544[CR],450463078
Z,0,0,14456,0,0,35544[CR],450463625
Z,0,0,14456,0,0,35544[CR],450464093
Z,0,0,14456,44,200,2777[CR],450464531
F,22020,12685,14456,64,184,4993[CR],450465000
Z,0,0,14456,2,0,6314[CR],450465562
Z,0,0,14456,94,499,6490[CR],450466000
Z,0,0,14472,54,510,8433[CR],450466109
F,21920,15870,14473,17,388,9104[CR],450466453
C,22900,3106,14473,2,0,8906[CR],450466890
F,21502,16301,14473,1,0,8869[CR],450467328
Z,0,0,14473,0,0,8833[CR],450467875
Z,0,0,14473,0,0,8816[CR],450468421
Z,0,0,14473,0,0,8811[CR],450468859
Z,0,0,14473,0,0,8804[CR],450469406
Z,0,0,14473,0,0,8800[CR],450469843
Z,0,0,14473,0,0,8796[CR],450470390
Z,0,0,14473,0,0,8793[CR],450470828
Z,0,0,14473,0,0,8791[CR],450471375
Z,0,0,14473,0,0,8790[CR],450471921
Z,0,0,14473,0,0,8787
<PAUSE BUTTON 12:17:46>
[CR],450472250
>
Reset interface. Wait time for interface: 110
>
Reset interface. Wait time for interface: 31DOFF
OK
>
Command: DOFF Wait time for interface: 47

>
Reset interface. Wait time for interface: 31CLEAR
OK
>
Command: CLEAR Wait time for interface: 109

<END BUTTON 12:24:31>

------------------- Begin end zero test --------------------
>
Reset interface. Wait time for interface: 31SCAN E
Z,0,0,0,0,381,2769
F,12087,12684,0,0,335,2485[CR],450921203
C,12055,6838,0,0,344,2484[CR],450921531
F,12087,12681,0,0,320,2484[CR],450921968
C,12056,6884,0,0,336,2485[CR],450922296
F,12089,12683,0,0,327,2484[CR],450922750
C,12056,6684,0,0,333,2484[CR],450923125
F,12091,12682,0,0,323,2484[CR],450923468
C,12055,6628,0,0,334,2484[CR],450923937
F,12096,12682,0,0,325,2485[CR],450924281
C,12056,6554,0,0,314,2484[CR],450924718
F,12092,12681,0,0,312,2484[CR],450925046
C,12056,6708,0,0,317,2484[CR],450925484
F,12088,12683,0,0,335,2485[CR],450925812
A,35276,12088,0,0,326,2484[CR],450926281
F,12073,12682,0,0,313,2485[CR],450926625
C,12056,6558,0,0,319,2484[CR],450927062
F,12091,12681,0,0,328,2485[CR],450927062
>
Reset interface. Wait time for interface: 31

======== END OF TEST ========


