CPT-log version: 5.22
======== BEGIN OF TEST ========
DATE 28.09.2022

<Transmited Data>
<NEW BUTTON 10:39:03>
[^C][CR]
[^C][CR]
[^C][CR]
CLEAR[CR]
[^C][CR]
DOFF[CR]
[^C][CR]
SCANG[CR]
[^C][CR]
[^C][CR]
CLEAR[CR]

<START BUTTON 10:42:03>
[^C][CR]
[^C][CR]
DRON[CR]
SCANG[CR]

<PAUSE BUTTON 10:59:27>
[^C][CR]
[^C][CR]
DOFF[CR]
[^C][CR]
CLEAR[CR]

<END BUTTON 11:05:59>
[^C][CR]
SCANG[CR]
[^C][CR]


<Received Data>
<NEW BUTTON 10:39:03>

>
Reset interface. Wait time for interface: 94
>
Reset interface. Wait time for interface: 109
>
Reset interface. Wait time for interface: 110CLEAR
OK
>
Command: CLEAR Wait time for interface: 109

>
Reset interface. Wait time for interface: 109DOFF
OK
>
Command: DOFF Wait time for interface: 110

>
Reset interface. Wait time for interface: 47SCANG
Z,0,0,0,0
Z,0,0,0,0[CR],3101434015
Z,0,0,0,0[CR],3101434562
Z,0,0,0,0[CR],3101435000
Z,0,0,0,0[CR],3101435546
Z,0,0,0,0[CR],3101436093
Z,0,0,0,0[CR],3101436312
F,12059,12761,0,0[CR],3101436640
C,12078,10446,0,0[CR],3101437078
F,12072,12762,0,0[CR],3101437406
C,12078,11145,0,0[CR],3101437843
F,12072,12762,0,0[CR],3101438203
C,12078,11535,0,0[CR],3101438656
F,12078,12762,0,0[CR],3101438984
C,12077,10907,0,0[CR],3101439453
F,12089,12763,0,0[CR],3101439781
C,12078,10836,0,0[CR],3101440140
F,12082,12764,0,0[CR],3101440593
C,12078,10592,0,0[CR],3101440921
F,12081,12762,0,0[CR],3101441140
O,53416,16610,0,0[CR],3101441390
C,12078,10914,0,0[CR],3101441718
F,12084,12762,0,0[CR],3101442156
A,36312,12084,0,0[CR],3101442500
F,12068,12764,0,0[CR],3101442828
>[CR],3101442828
>
Reset interface. Wait time for interface: 32
>
Reset interface. Wait time for interface: 47CLEAR
OK
>
Command: CLEAR Wait time for interface: 109

<START BUTTON 10:42:03>

>
Reset interface. Wait time for interface: 31
>
Reset interface. Wait time for interface: 110DRON
OK
>
Command: DRON Wait time for interface: 109
SCANG
Z,0,0,0,0
F,26792,13164,0,0[CR],3101581187
C,12741,362,0,0[CR],3101581625
F,26848,13182,0,0[CR],3101581953
C,12740,354,0,0[CR],3101582390
F,26880,13170,0,0[CR],3101582718
C,12736,356,0,0[CR],3101583156
F,26920,13172,0,0[CR],3101583593
C,12733,352,0,0[CR],3101583921
F,26932,13175,0,0[CR],3101584359
C,12730,354,0,0[CR],3101584687
F,26972,13190,0,0[CR],3101585125
C,12733,348,0,0[CR],3101585453
F,26992,13191,0,0[CR],3101585890
A,36128,26988,0,0[CR],3101586328
F,26988,13189,0,0[CR],3101586656
C,12734,360,0,0[CR],3101587093
F,27020,13189,0,0[CR],3101587421
C,12737,350,0,0[CR],3101587859
F,27048,13185,0,0[CR],3101588187
C,12739,354,0,0[CR],3101588625
F,27076,13185,0,0[CR],3101589062
C,12744,354,0,0[CR],3101589390
F,27076,13189,0,0[CR],3101589828
C,12749,354,0,0[CR],3101590156
F,27084,13192,0,0[CR],3101590593
C,12753,350,0,0[CR],3101590921
F,27100,13183,0,0[CR],3101591359
C,12759,374,0,0[CR],3101591796
F,27092,13185,0,0[CR],3101592125
A,36084,27080,0,0[CR],3101592562
F,27060,13181,0,0[CR],3101592890
C,12758,350,0,0[CR],3101593328
F,27068,13184,0,0[CR],3101593656
C,12756,356,0,0[CR],3101594093
F,27064,13182,0,0[CR],3101594531
C,12758,356,0,0[CR],3101594859
F,27016,13187,0,0[CR],3101595296
C,12757,350,0,0[CR],3101595625
F,27044,13168,0,0[CR],3101596062
C,12760,356,0,0[CR],3101596390
F,27032,13179,3,20[CR],3101596828
C,12758,356,11,22[CR],3101597265
F,27676,13376,19,19[CR],3101597593
C,13009,354,27,20[CR],3101598031
F,28428,13356,35,22[CR],3101598359
A,36044,28624,43,19[CR],3101598796
F,28644,13361,51,21[CR],3101599125
C,12957,360,59,17[CR],3101599562
F,28608,13378,67,20[CR],3101599937
C,12947,354,75,22[CR],3101600328
F,28584,13390,83,17[CR],3101600765
C,12943,356,91,20[CR],3101601093
F,28744,13398,99,22[CR],3101601531
C,12944,350,108,19[CR],3101601859
F,28848,13386,116,21[CR],3101602296
C,12949,350,124,22[CR],3101602734
F,28976,13377,132,19[CR],3101603062
C,12949,356,140,21[CR],3101603500
F,28812,13384,148,22[CR],3101603828
C,12956,364,156,19[CR],3101604265
F,29036,13383,164,21[CR],3101604593
A,36004,29208,172,16[CR],3101605031
F,29316,13370,180,19[CR],3101605468
C,13027,360,188,22[CR],3101605796
F,29592,13351,196,19[CR],3101606234
C,13036,354,204,21[CR],3101606562
F,29748,13336,212,22[CR],3101607000
C,13014,356,221,19[CR],3101607328
F,29848,13316,229,21[CR],3101607765
C,13003,356,237,22[CR],3101608203
F,28728,13321,245,19[CR],3101608531
C,13018,350,253,21[CR],3101608968
F,29476,13323,261,21[CR],3101609296
C,13026,356,269,20[CR],3101609734
F,29748,13317,277,21[CR],3101610062
C,13014,356,285,18[CR],3101610500
F,29960,13318,293,20[CR],3101610937
A,36024,30052,302,21[CR],3101611265
F,30056,13328,309,19[CR],3101611703
C,12993,362,318,20[CR],3101612031
F,30168,13347,326,22[CR],3101612468
C,12977,354,334,19[CR],3101612796
F,30172,13348,342,21[CR],3101613234
C,12986,366,350,22[CR],3101613671
F,30344,13353,358,20[CR],3101614000
C,13001,362,366,21[CR],3101614437
F,30368,13351,374,22[CR],3101614765
C,13011,372,383,20[CR],3101615203
F,30760,13334,391,21[CR],3101615531
C,13043,364,398,18[CR],3101615968
F,30672,13322,407,20[CR],3101616406
C,13056,356,415,22[CR],3101616734
F,30880,13314,423,19[CR],3101617171
A,35952,30824,431,21[CR],3101617500
F,30972,13313,439,22[CR],3101617937
C,13035,364,447,19[CR],3101618265
F,31068,13304,455,21[CR],3101618703
C,13039,356,463,23[CR],3101619140
F,30964,13323,471,19[CR],3101619468
C,13061,356,479,22[CR],3101619906
F,30852,13313,487,18[CR],3101620234
C,13112,362,496,19[CR],3101620671
F,29888,13302,504,22[CR],3101621000
C,13078,360,512,19[CR],3101621437
F,26152,13333,520,20[CR],3101621875
C,13077,360,528,22[CR],3101622203
F,25028,13397,536,19[CR],3101622640
C,13082,356,544,21[CR],3101622968
F,26132,13455,552,22[CR],3101623406
A,35944,26732,560,19[CR],3101623734
F,26888,13490,569,21[CR],3101624171
C,13069,364,576,22[CR],3101624609
F,27476,13506,584,20[CR],3101624937
C,13071,380,593,22[CR],3101625375
F,28108,13525,600,17[CR],3101625703
C,13075,374,609,20[CR],3101626140
F,28580,13531,617,22[CR],3101626468
C,13077,374,625,20[CR],3101626906
F,28908,13531,633,20[CR],3101627343
C,13068,386,641,22[CR],3101627671
F,29308,13464,649,19[CR],3101628109
C,13055,374,657,21[CR],3101628437
F,29788,13322,665,22[CR],3101628875
C,13046,370,673,19[CR],3101629203
F,30108,13338,681,21[CR],3101629640
A,35936,30248,689,17[CR],3101630078
F,30212,13356,697,20[CR],3101630406
C,13039,404,705,22[CR],3101630843
F,30316,13340,713,19[CR],3101631171
C,13034,386,721,20[CR],3101631609
F,30272,13338,729,22[CR],3101631937
C,13018,380,737,20[CR],3101632375
F,30416,13334,746,21[CR],3101632812
C,13029,392,754,22[CR],3101633140
F,30720,13324,762,19[CR],3101633578
C,13050,376,770,21[CR],3101633906
F,31232,13326,778,20[CR],3101634343
C,13066,386,786,20[CR],3101634671
F,31616,13324,794,21[CR],3101635109
C,13051,392,802,18[CR],3101635546
F,31680,13324,810,21[CR],3101635875
A,35896,31652,818,22[CR],3101636312
F,31800,13319,826,19[CR],3101636687
C,13036,410,835,21[CR],3101637078
F,31920,13330,842,23[CR],3101637406
C,13023,388,850,19[CR],3101637843
F,31684,13347,858,21[CR],3101638281
C,13004,392,866,20[CR],3101638609
F,31132,13346,875,19[CR],3101639046
C,12985,398,883,22[CR],3101639375
F,31140,13343,891,17[CR],3101639812
C,13000,402,899,20[CR],3101640140
F,31248,13324,907,22[CR],3101640578
C,13011,410,915,19[CR],3101641015
F,31664,13332,923,21[CR],3101641343
C,13020,404,931,22[CR],3101641781
F,31992,13331,939,19[CR],3101642109
A,35824,32152,947,21[CR],3101642546
F,32112,13331,955,22[CR],3101642875
C,13045,414,963,18[CR],3101643312
F,31988,13332,972,22[CR],3101643750
C,13042,402,979,19[CR],3101644078
F,31428,13306,988,19[CR],3101644515
C,13021,398,996,21[CR],3101644843
F,31416,13298,1003,19[CR],3101645281
C,13004,408,1012,20[CR],3101645609
F,31264,13291,1020,22[CR],3101646046
C,12994,402,1028,19[CR],3101646484
F,31552,13298,1036,21[CR],3101646812
C,12988,404,1044,22[CR],3101647250
F,31612,13296,1052,19[CR],3101647578
C,12999,430,1060,21[CR],3101648015
F,31916,13305,1068,16[CR],3101648343
A,35832,32076,1076,20[CR],3101648781
F,32188,13309,1084,21[CR],3101649218
C,13036,412,1092,19[CR],3101649546
F,32436,13298,1100,20[CR],3101649984
C,13063,422,1108,22[CR],3101650312
F,32352,13316,1116,19[CR],3101650750
C,13081,430,1124,21[CR],3101651078
F,32212,13297,1132,22[CR],3101651515
C,13082,436,1140,20[CR],3101651953
F,32096,13285,1148,21[CR],3101652281
C,13071,444,1156,18[CR],3101652718
F,32124,13279,1165,21[CR],3101653046
C,13049,432,1173,22[CR],3101653484
F,31648,13271,1180,19[CR],3101653812
C,13041,426,1189,20[CR],3101654250
F,31500,13283,1197,22[CR],3101654687
A,35784,31712,1205,19[CR],3101655015
F,31796,13288,1213,21[CR],3101655468
C,13021,444,1221,22[CR],3101655781
F,32176,13306,1229,19[CR],3101656218
C,13018,442,1237,21[CR],3101656546
F,32476,13306,1245,20[CR],3101656984
C,13021,446,1253,20[CR],3101657421
F,32772,13315,1261,21[CR],3101657750
C,13020,430,1269,17[CR],3101658187
F,32960,13324,1278,20[CR],3101658515
C,13050,438,1285,22[CR],3101658953
F,33356,13322,1293,19[CR],3101659281
C,13078,442,1302,20[CR],3101659718
F,33484,13313,1310,22[CR],3101660156
C,13088,432,1318,19[CR],3101660484
F,33184,13284,1326,22[CR],3101660921
A,35748,32640,1334,23[CR],3101661250
F,32536,13285,1342,19[CR],3101661687
C,13065,442,1350,21[CR],3101662015
F,31764,13265,1358,16[CR],3101662453
C,13043,436,1366,21[CR],3101662890
F,31964,13293,1375,22[CR],3101663218
C,13032,442,1382,18[CR],3101663656
F,32292,13296,1391,20[CR],3101663984
C,13031,450,1399,22[CR],3101664421
F,32568,13303,1407,19[CR],3101664750
C,13027,438,1415,21[CR],3101665187
F,32820,13302,1423,22[CR],3101665625
C,13030,442,1431,19[CR],3101665953
F,33072,13300,1440,21[CR],3101666390
C,13034,434,1447,22[CR],3101666718
F,33452,13313,1456,19[CR],3101667156
A,35676,33624,1464,22[CR],3101667484
F,33708,13305,1472,21[CR],3101667921
C,13052,448,1480,20[CR],3101668359
F,33964,13305,1488,22[CR],3101668687
C,13073,440,1496,17[CR],3101669125
F,34184,13291,1504,21[CR],3101669453
C,13092,440,1512,22[CR],3101669890
F,33868,13277,1520,19[CR],3101670218
C,13112,446,1528,20[CR],3101670656
F,33204,13258,1537,22[CR],3101671093
C,13115,434,1545,19[CR],3101671421
F,33024,13263,1553,21[CR],3101671859
C,13102,418,1560,23[CR],3101672187
F,32276,13274,1569,20[CR],3101672625
C,13077,444,1577,21[CR],3101672953
F,32692,13285,1585,17[CR],3101673390
A,35628,32776,1593,20[CR],3101673828
F,32952,13307,1601,22[CR],3101674187
C,13091,428,1609,19[CR],3101674593
F,33356,13318,1618,20[CR],3101674921
C,13102,450,1625,22[CR],3101675359
F,33468,13326,1633,19[CR],3101675687
C,13108,434,1642,21[CR],3101676125
F,33928,13327,1650,22[CR],3101676562
C,13122,446,1658,19[CR],3101676890
F,33444,13334,1666,22[CR],3101677328
C,13099,438,1674,22[CR],3101677656
F,33264,13321,1682,20[CR],3101678093
C,13090,438,1690,21[CR],3101678421
F,32532,13322,1698,17[CR],3101678859
C,13074,468,1706,21[CR],3101679296
F,32728,13305,1714,22[CR],3101679625
A,35632,33140,1722,19[CR],3101680062
F,33276,13283,1730,20[CR],3101680390
C,13073,436,1738,22[CR],3101680828
F,33620,13280,1746,19[CR],3101681156
C,13082,464,1755,21[CR],3101681593
F,33920,13291,1759,6[CR],3101682031
C,13092,434,1759,1[CR],3101682359
F,32788,13130,1759,1[CR],3101682796
C,12899,440,1759,0[CR],3101683125
F,32336,13079,1759,0[CR],3101683562
C,12867,450,1759,0[CR],3101683890
F,32120,13040,1759,0[CR],3101684328
C,12845,436,1759,0[CR],3101684765
F,31312,13000,1759,0[CR],3101685093
C,12780,432,1759,3[CR],3101685531
F,31364,13078,1759,2[CR],3101685859
A,35564,31888,1759,4[CR],3101686406
Z,0,0,1759,1[CR],3101686843
Z,0,0,1759,0[CR],3101687390
Z,0,0,1759,0[CR],3101687937
Z,0,0,1759,0[CR],3101688375
Z,0,0,1759,0[CR],3101688921
Z,0,0,1759,0[CR],3101689359
Z,0,0,1759,0[CR],3101689906
Z,0,0,1759,0[CR],3101690453
Z,0,0,1759,0[CR],3101690890
Z,0,0,1759,0[CR],3101691437
Z,0,0,1759,0[CR],3101691875
Z,0,0,1759,0[CR],3101692421
Z,0,0,1759,0[CR],3101692859
Z,0,0,1759,0[CR],3101693406
Z,0,0,1759,0[CR],3101693953
Z,0,0,1759,0[CR],3101694390
Z,0,0,1759,0[CR],3101694937
Z,0,0,1759,0[CR],3101695265
C,12688,440,1759,0[CR],3101695812
Z,0,0,1759,0[CR],3101696250
Z,0,0,1759,0[CR],3101696796
Z,0,0,1759,0[CR],3101697234
Z,0,0,1759,0[CR],3101697781
Z,0,0,1759,0[CR],3101698218
Z,0,0,1759,0[CR],3101698765
Z,0,0,1759,0[CR],3101699312
Z,0,0,1759,0[CR],3101699750
Z,0,0,1759,0[CR],3101700296
Z,0,0,1759,0[CR],3101700734
Z,0,0,1759,0[CR],3101701281
Z,0,0,1759,0[CR],3101701718
Z,0,0,1759,0[CR],3101702265
Z,0,0,1759,0[CR],3101702703
Z,0,0,1759,0[CR],3101703250
Z,0,0,1759,0[CR],3101703796
Z,0,0,1759,0[CR],3101704234
Z,0,0,1759,0[CR],3101704781
Z,0,0,1759,0[CR],3101705218
Z,0,0,1759,54[CR],3101705765
Z,0,0,1774,54[CR],3101706203
C,12649,450,1779,5[CR],3101706640
F,31764,13113,1779,1[CR],3101706968
C,12856,424,1779,1[CR],3101707406
F,31264,13012,1779,0[CR],3101707843
Z,0,0,1779,0[CR],3101708171
F,31120,13010,1779,0[CR],3101708609
C,12820,440,1779,0[CR],3101708937
F,31068,13006,1779,0[CR],3101709375
C,12815,454,1787,23[CR],3101709703
F,31016,13058,1787,2[CR],3101710140
C,12920,454,1787,1[CR],3101710468
F,32412,13091,1787,0[CR],3101710906
A,35412,32068,1787,0[CR],3101711343
F,31972,13098,1787,0[CR],3101711703
C,12848,438,1787,0[CR],3101712109
F,31804,13081,1787,0[CR],3101712437
C,12833,454,1787,0[CR],3101712875
F,31708,13069,1787,0[CR],3101713203
C,12823,432,1787,0[CR],3101713640
F,31600,13070,1791,25[CR],3101714078
C,12820,434,1799,20[CR],3101714406
F,32932,13294,1807,22[CR],3101714843
C,13142,430,1815,20[CR],3101715171
F,32520,13247,1823,21[CR],3101715609
C,13129,436,1831,18[CR],3101715937
F,32444,13251,1840,20[CR],3101716375
C,13115,450,1848,22[CR],3101716812
F,32448,13263,1855,17[CR],3101717140
A,35388,32796,1864,20[CR],3101717578
F,32872,13244,1872,22[CR],3101717906
C,13098,430,1880,20[CR],3101718343
F,33276,13244,1888,21[CR],3101718671
C,13085,448,1896,22[CR],3101719109
F,33648,13244,1904,19[CR],3101719546
C,13088,436,1912,21[CR],3101719875
F,33984,13254,1920,21[CR],3101720312
C,13116,444,1928,19[CR],3101720640
F,34348,13255,1936,22[CR],3101721078
C,13146,454,1944,17[CR],3101721406
F,34764,13265,1953,20[CR],3101721843
C,13184,454,1961,22[CR],3101722281
F,34120,13256,1969,19[CR],3101722609
C,13189,454,1977,21[CR],3101723046
F,33464,13243,1985,22[CR],3101723375
A,35344,33436,1993,19[CR],3101723812
F,33208,13244,2001,21[CR],3101724140
C,13163,468,2009,23[CR],3101724578
F,33024,13244,2017,20[CR],3101725015
C,13154,452,2026,21[CR],3101725343
F,33292,13262,2033,17[CR],3101725781
C,13140,492,2042,20[CR],3101726109
F,33892,13268,2050,22[CR],3101726546
C,13135,478,2058,19[CR],3101726875
F,34076,13283,2066,21[CR],3101727312
C,13133,486,2074,22[CR],3101727750
F,34520,13297,2082,19[CR],3101728078
C,13149,468,2090,21[CR],3101728515
F,35024,13304,2098,22[CR],3101728843
C,13180,460,2106,19[CR],3101729281
F,35268,13293,2114,21[CR],3101729609
A,35272,35520,2122,22[CR],3101730046
F,35660,13316,2131,19[CR],3101730375
C,13183,496,2139,22[CR],3101730812
F,35556,13305,2146,17[CR],3101731171
C,13188,492,2155,20[CR],3101731578
F,35292,13298,2163,22[CR],3101732015
C,13185,480,2171,19[CR],3101732343
F,34828,13285,2179,21[CR],3101732781
C,13167,490,2187,22[CR],3101733109
F,34028,13280,2195,19[CR],3101733546
C,13151,474,2203,21[CR],3101733984
F,34396,13277,2211,23[CR],3101734312
C,13140,484,2219,19[CR],3101734750
F,34768,13274,2228,22[CR],3101735078
C,13131,486,2236,20[CR],3101735515
F,35056,13276,2244,19[CR],3101735843
A,35208,35568,2252,22[CR],3101736281
F,35692,13283,2260,17[CR],3101736718
C,13194,482,2268,20[CR],3101737046
F,36196,13297,2276,22[CR],3101737484
C,13224,498,2284,19[CR],3101737812
F,36344,13314,2292,20[CR],3101738250
C,13220,484,2300,22[CR],3101738578
F,36048,13293,2308,19[CR],3101739015
C,13223,494,2317,21[CR],3101739453
F,35460,13312,2325,21[CR],3101739781
C,13222,496,2333,20[CR],3101740218
F,35696,13317,2341,22[CR],3101740546
C,13206,480,2349,17[CR],3101740984
F,34920,13325,2357,20[CR],3101741312
C,13195,488,2365,22[CR],3101741750
F,33744,13328,2373,19[CR],3101742187
A,35256,34380,2382,20[CR],3101742515
F,34460,13331,2389,22[CR],3101742953
C,13177,504,2398,18[CR],3101743281
F,34612,13337,2406,21[CR],3101743718
C,13140,484,2414,23[CR],3101744046
F,35080,13336,2422,19[CR],3101744484
C,13137,504,2430,21[CR],3101744921
F,35292,13362,2438,23[CR],3101745250
C,13159,492,2446,19[CR],3101745687
F,36028,13360,2454,21[CR],3101746015
C,13208,492,2462,19[CR],3101746453
F,36540,13340,2470,19[CR],3101746781
C,13254,488,2478,22[CR],3101747218
F,36872,13358,2486,19[CR],3101747656
C,13234,478,2495,21[CR],3101747984
F,36764,13359,2502,22[CR],3101748421
A,35172,36096,2511,19[CR],3101748750
F,35520,13319,2519,21[CR],3101749187
C,13223,488,2526,22[CR],3101749515
F,35572,13312,2535,19[CR],3101749953
C,13227,500,2543,21[CR],3101750390
F,35852,13302,2551,17[CR],3101750718
C,13277,480,2559,19[CR],3101751156
F,36188,13335,2567,21[CR],3101751484
C,13306,500,2575,19[CR],3101751921
F,35932,13306,2583,20[CR],3101752250
C,13260,488,2591,22[CR],3101752687
F,35332,13313,2599,19[CR],3101753125
C,13220,482,2607,20[CR],3101753453
F,35524,13327,2615,22[CR],3101753890
C,13218,494,2623,19[CR],3101754218
F,35816,13361,2631,21[CR],3101754656
A,35184,36240,2639,20[CR],3101754984
F,36404,13378,2648,19[CR],3101755421
C,13239,490,2656,21[CR],3101755859
F,36576,13380,2663,18[CR],3101756187
C,13278,496,2672,20[CR],3101756625
F,37564,13406,2680,22[CR],3101756953
C,13334,494,2688,19[CR],3101757390
F,37504,13383,2696,21[CR],3101757718
C,13314,490,2704,22[CR],3101758156
F,37692,13425,2712,19[CR],3101758593
C,13299,482,2720,21[CR],3101758921
F,33312,13339,2728,23[CR],3101759359
C,13330,504,2736,19[CR],3101759687
F,33932,13373,2744,21[CR],3101760125
C,13386,498,2752,19[CR],3101760562
F,34444,13368,2760,20[CR],3101760890
A,35140,33184,2768,22[CR],3101761328
F,33556,13314,2776,18[CR],3101761656
C,13324,500,2784,20[CR],3101762093
F,34244,13303,2792,22[CR],3101762421
C,13283,500,2801,19[CR],3101762859
F,34612,13333,2809,21[CR],3101763296
C,13236,508,2817,22[CR],3101763625
F,35120,13341,2825,19[CR],3101764062
C,13263,496,2833,21[CR],3101764390
F,35876,13364,2841,21[CR],3101764828
C,13303,492,2849,20[CR],3101765156
F,36232,13382,2857,22[CR],3101765593
C,13277,490,2865,17[CR],3101766031
F,36444,13360,2873,20[CR],3101766359
C,13268,508,2881,22[CR],3101766796
F,36064,13333,2889,19[CR],3101767125
A,35100,36060,2897,21[CR],3101767562
F,36032,13318,2905,22[CR],3101767937
C,13280,514,2914,19[CR],3101768328
F,36280,13321,2922,21[CR],3101768765
C,13302,506,2929,17[CR],3101769093
F,36020,13330,2938,19[CR],3101769531
C,13281,516,2946,22[CR],3101769859
F,33792,13310,2953,20[CR],3101770296
C,13266,520,2962,20[CR],3101770625
F,34736,13284,2970,22[CR],3101771062
C,13241,498,2978,19[CR],3101771390
F,34964,13269,2986,21[CR],3101771828
C,13230,514,2994,22[CR],3101772265
F,35208,13273,3002,19[CR],3101772593
C,13227,520,3010,21[CR],3101773031
F,35756,13291,3018,22[CR],3101773359
A,35056,35956,3027,19[CR],3101773796
F,35904,13281,3035,21[CR],3101774125
C,13209,514,3043,17[CR],3101774562
F,36636,13311,3051,20[CR],3101775000
C,13218,520,3059,22[CR],3101775328
F,36868,13286,3066,19[CR],3101775765
C,13222,520,3075,20[CR],3101776093
F,37020,13290,3083,22[CR],3101776531
C,13229,534,3091,19[CR],3101776859
F,36644,13264,3099,21[CR],3101777296
C,13233,532,3107,22[CR],3101777734
F,36272,13263,3115,19[CR],3101778062
C,13221,548,3123,21[CR],3101778500
F,35852,13272,3131,16[CR],3101778828
C,13228,530,3139,20[CR],3101779265
F,35716,13241,3147,22[CR],3101779593
A,35008,35252,3155,18[CR],3101780031
F,35204,13243,3164,20[CR],3101780468
C,13169,536,3172,22[CR],3101780796
F,35704,13221,3180,19[CR],3101781234
C,13173,532,3188,20[CR],3101781562
F,35832,13234,3196,22[CR],3101782000
C,13167,554,3204,19[CR],3101782328
F,35704,13244,3212,21[CR],3101782765
C,13150,540,3220,19[CR],3101783203
F,35504,13252,3228,20[CR],3101783531
C,13134,550,3236,21[CR],3101783968
F,35084,13249,3244,17[CR],3101784296
C,13124,546,3252,20[CR],3101784734
F,34464,13242,3260,22[CR],3101785062
C,13113,552,3268,19[CR],3101785500
F,33948,13225,3276,20[CR],3101785937
A,34988,33704,3285,22[CR],3101786265
F,33584,13232,3293,19[CR],3101786703
C,13107,558,3301,21[CR],3101787031
F,33640,13240,3308,22[CR],3101787468
C,13161,556,3317,19[CR],3101787796
F,34316,13236,3325,21[CR],3101788234
C,13232,542,3332,17[CR],3101788671
F,34576,13241,3341,20[CR],3101789000
C,13274,540,3349,22[CR],3101789437
F,35392,13211,3357,19[CR],3101789765
C,13213,554,3365,21[CR],3101790203
F,36020,13203,3373,22[CR],3101790531
C,13223,550,3381,19[CR],3101790968
F,36252,13196,3389,21[CR],3101791406
C,13205,546,3397,22[CR],3101791734
F,36624,13225,3405,19[CR],3101792171
A,34936,37172,3414,21[CR],3101792500
F,37384,13242,3421,18[CR],3101792937
C,13247,554,3430,20[CR],3101793265
F,37400,13240,3438,22[CR],3101793703
C,13212,554,3446,17[CR],3101794140
F,37464,13269,3454,20[CR],3101794468
C,13168,558,3462,22[CR],3101794906
F,37528,13312,3470,19[CR],3101795234
C,13195,556,3478,21[CR],3101795671
F,38048,13304,3486,22[CR],3101796000
C,13242,554,3494,19[CR],3101796437
F,38304,13330,3502,21[CR],3101796875
C,13241,540,3510,16[CR],3101797203
F,38212,13363,3518,20[CR],3101797640
C,13212,560,3526,21[CR],3101797968
F,38120,13355,3534,18[CR],3101798406
A,34908,38160,3542,20[CR],3101798734
F,38064,13349,3550,22[CR],3101799171
C,13201,552,3558,19[CR],3101799609
F,38304,13359,3567,21[CR],3101799937
C,13248,562,3574,22[CR],3101800375
F,38700,13338,3583,19[CR],3101800703
C,13258,548,3591,21[CR],3101801140
F,38372,13345,3599,23[CR],3101801468
C,13216,558,3607,19[CR],3101801906
F,37716,13324,3615,21[CR],3101802343
C,13225,544,3623,18[CR],3101802671
F,38308,13322,3631,20[CR],3101803109
C,13235,542,3639,22[CR],3101803437
F,38132,13320,3647,19[CR],3101803875
C,13214,554,3655,20[CR],3101804203
F,37956,13313,3663,22[CR],3101804640
A,34876,38092,3671,19[CR],3101805078
F,37988,13284,3679,21[CR],3101805437
C,13194,552,3687,23[CR],3101805843
F,37856,13264,3696,20[CR],3101806187
C,13195,564,3704,22[CR],3101806609
F,37748,13276,3711,17[CR],3101806937
C,13203,548,3720,20[CR],3101807375
F,38252,13269,3728,22[CR],3101807812
C,13237,546,3735,16[CR],3101808140
F,38564,13281,3744,21[CR],3101808578
C,13237,556,3752,22[CR],3101808906
F,38436,13291,3759,18[CR],3101809343
C,13233,558,3759,2[CR],3101809671
F,37656,13118,3759,1[CR],3101810109
C,13060,572,3759,0[CR],3101810546
F,36844,13094,3759,0[CR],3101810875
A,34860,36568,3759,0[CR],3101811312
F,36480,13061,3759,0[CR],3101811640
C,12991,564,3759,0[CR],3101812078
F,36320,13045,3759,0[CR],3101812406
C,12983,586,3759,0[CR],3101812843
F,36136,13037,3759,0[CR],3101813281
C,12953,556,3759,0[CR],3101813609
F,36196,13053,3759,0[CR],3101814156
Z,0,0,3759,0[CR],3101814593
Z,0,0,3759,0[CR],3101815140
Z,0,0,3759,0[CR],3101815687
Z,0,0,3759,0[CR],3101816125
Z,0,0,3759,0[CR],3101816671
Z,0,0,3759,0[CR],3101817109
Z,0,0,3759,0[CR],3101817656
Z,0,0,3759,0[CR],3101818203
Z,0,0,3759,0[CR],3101818640
Z,0,0,3759,0[CR],3101819187
Z,0,0,3759,0[CR],3101819625
Z,0,0,3759,0[CR],3101820171
Z,0,0,3759,0[CR],3101820718
Z,0,0,3759,0[CR],3101821156
Z,0,0,3759,0[CR],3101821703
Z,0,0,3759,0[CR],3101822140
Z,0,0,3759,0[CR],3101822687
Z,0,0,3759,0[CR],3101823125
Z,0,0,3759,2[CR],3101823671
Z,0,0,3759,1[CR],3101824218
Z,0,0,3759,0[CR],3101824656
Z,0,0,3759,0[CR],3101825203
Z,0,0,3759,0[CR],3101825640
Z,0,0,3759,0[CR],3101826187
Z,0,0,3759,0[CR],3101826625
Z,0,0,3759,0[CR],3101827171
Z,0,0,3759,0[CR],3101827718
Z,0,0,3759,0[CR],3101828156
Z,0,0,3759,0[CR],3101828703
Z,0,0,3759,0[CR],3101829140
Z,0,0,3759,0[CR],3101829687
Z,0,0,3759,0[CR],3101830125
Z,0,0,3759,0[CR],3101830671
Z,0,0,3759,0[CR],3101831218
Z,0,0,3759,0[CR],3101831656
Z,0,0,3759,0[CR],3101832203
Z,0,0,3759,0[CR],3101832640
Z,0,0,3759,0[CR],3101833187
Z,0,0,3759,0[CR],3101833625
Z,0,0,3759,0[CR],3101834171
Z,0,0,3759,47[CR],3101834718
Z,0,0,3766,49[CR],3101835156
C,12776,560,3777,12[CR],3101835484
F,36308,13065,3777,2[CR],3101835921
A,34732,35228,3777,1[CR],3101836250
F,35016,13035,3777,0[CR],3101836687
C,12977,572,3777,0[CR],3101837015
F,34792,13028,3777,0[CR],3101837453
C,12960,548,3777,0[CR],3101837890
F,34680,13019,3777,0[CR],3101838218
C,12950,556,3785,15[CR],3101838656
F,34612,13557,3785,2[CR],3101838984
C,13142,548,3785,1[CR],3101839421
F,36364,13125,3785,0[CR],3101839750
C,13048,562,3785,0[CR],3101840187
F,36076,13108,3785,0[CR],3101840625
C,13026,570,3785,0[CR],3101840953
F,35916,13103,3785,0[CR],3101841390
C,13016,586,3785,0[CR],3101841718
F,35808,13103,3785,0[CR],3101842156
A,34700,35776,3790,22[CR],3101842484
F,35724,13166,3798,22[CR],3101842921
C,13224,562,3806,19[CR],3101843359
F,37712,13293,3814,20[CR],3101843687
C,13200,566,3822,22[CR],3101844125
F,38408,13304,3830,19[CR],3101844453
C,13183,558,3838,21[CR],3101844890
F,38580,13302,3846,22[CR],3101845218
C,13187,560,3855,19[CR],3101845656
F,38868,13302,3863,21[CR],3101846093
C,13187,570,3871,22[CR],3101846421
F,39080,13299,3879,20[CR],3101846859
C,13169,562,3887,21[CR],3101847187
F,39100,13304,3895,23[CR],3101847625
C,13166,560,3904,19[CR],3101847953
F,39208,13314,3912,22[CR],3101848390
A,34664,39492,3920,17[CR],3101848828
F,39600,13312,3928,20[CR],3101849156
C,13191,576,3936,22[CR],3101849593
F,39652,13296,3944,19[CR],3101849921
C,13186,574,3953,20[CR],3101850359
F,39704,13299,3961,22[CR],3101850687
C,13198,576,3969,19[CR],3101851125
F,39988,13298,3977,21[CR],3101851562
C,13195,576,3985,22[CR],3101851890
F,40160,13292,3993,19[CR],3101852328
C,13188,588,4002,21[CR],3101852656
F,39820,13291,4009,22[CR],3101853093
C,13175,600,4018,19[CR],3101853421
F,39820,13292,4026,21[CR],3101853859
C,13196,598,4034,17[CR],3101854296
F,39800,13274,4042,19[CR],3101854625
A,34656,39408,4050,22[CR],3101855062
F,39308,13275,4058,19[CR],3101855390
C,13204,606,4067,20[CR],3101855828
F,39960,13290,4075,22[CR],3101856156
C,13219,600,4082,19[CR],3101856593
F,39212,13258,4091,20[CR],3101857031
C,13203,602,4099,22[CR],3101857359
F,39160,13272,4107,19[CR],3101857796
C,13218,592,4115,21[CR],3101858125
F,39292,13268,4123,23[CR],3101858562
C,13224,602,4132,19[CR],3101858890
F,38724,13252,4140,21[CR],3101859328
C,13179,600,4148,23[CR],3101859765
F,38328,13261,4156,19[CR],3101860093
C,13147,602,4164,22[CR],3101860531
F,38656,13270,4172,17[CR],3101860859
A,34632,38540,4181,19[CR],3101861296
F,38580,13245,4189,22[CR],3101861625
C,13161,596,4196,19[CR],3101862062
F,39492,13246,4205,20[CR],3101862421
C,13188,602,4213,22[CR],3101862828
F,38940,13226,4221,20[CR],3101863265
C,13123,594,4230,21[CR],3101863593
F,38964,13229,4237,22[CR],3101864031
C,13126,596,4245,19[CR],3101864359
F,38924,13232,4254,21[CR],3101864796
C,13124,606,4262,22[CR],3101865234
F,38920,13204,4270,19[CR],3101865562
C,13117,592,4278,21[CR],3101866000
F,38940,13205,4286,21[CR],3101866328
C,13116,608,4294,20[CR],3101866765
F,38848,13205,4303,22[CR],3101867093
A,34596,38936,4311,17[CR],3101867531
F,38912,13206,4319,19[CR],3101867968
C,13103,602,4327,22[CR],3101868296
F,39268,13206,4335,19[CR],3101868734
C,13112,604,4343,21[CR],3101869062
F,39452,13203,4351,22[CR],3101869500
C,13083,598,4359,19[CR],3101869843
F,39196,13200,4368,21[CR],3101870281
C,13169,606,4376,22[CR],3101870718
F,40160,13207,4384,20[CR],3101871046
C,13174,608,4392,21[CR],3101871484
F,39888,13197,4400,22[CR],3101871812
C,13196,596,4408,20[CR],3101872250
F,39664,13194,4417,22[CR],3101872578
C,13176,602,4424,18[CR],3101873015
F,39716,13195,4433,20[CR],3101873453
A,34576,39840,4440,22[CR],3101873781
F,39700,13187,4449,19[CR],3101874218
C,13114,600,4457,21[CR],3101874546
F,39088,13185,4465,22[CR],3101874984
C,13125,610,4473,19[CR],3101875312
F,39160,13195,4481,21[CR],3101875750
C,13154,604,4489,22[CR],3101876187
F,39784,13208,4497,19[CR],3101876515
C,13161,594,4505,21[CR],3101876953
F,40136,13217,4513,19[CR],3101877281
C,13152,602,4521,20[CR],3101877718
F,40344,13206,4530,22[CR],3101878046
C,13146,600,4537,18[CR],3101878484
F,39968,13224,4546,20[CR],3101878921
C,13185,600,4554,22[CR],3101879250
F,40896,13223,4562,20[CR],3101879687
A,34576,40780,4570,21[CR],3101880015
F,40100,13168,4578,22[CR],3101880453
C,13176,600,4586,21[CR],3101880781
F,40104,13179,4594,21[CR],3101881218
C,13184,608,4602,22[CR],3101881656
F,40080,13169,4610,19[CR],3101881984
C,13143,598,4618,22[CR],3101882421
F,39560,13164,4626,17[CR],3101882750
C,13116,602,4635,20[CR],3101883187
F,39720,13177,4643,22[CR],3101883515
C,13139,596,4650,18[CR],3101883953
F,39896,13196,4659,20[CR],3101884390
C,13137,596,4667,22[CR],3101884718
F,40328,13189,4675,19[CR],3101885156
C,13139,602,4683,20[CR],3101885484
F,40152,13189,4691,23[CR],3101885921
A,34504,40280,4699,19[CR],3101886250
F,40316,13201,4707,21[CR],3101886687
C,13122,604,4715,18[CR],3101887125
F,40452,13191,4723,20[CR],3101887453
C,13112,596,4731,22[CR],3101887890
F,40260,13172,4739,17[CR],3101888218
C,13089,598,4748,20[CR],3101888656
F,39496,13159,4756,21[CR],3101888984
C,13114,598,4763,19[CR],3101889421
F,40072,13165,4772,21[CR],3101889859
C,13141,596,4780,22[CR],3101890187
F,40512,13159,4788,19[CR],3101890625
C,13151,608,4796,21[CR],3101890953
F,40580,13158,4804,22[CR],3101891390
C,13165,600,4812,20[CR],3101891718
F,40448,13173,4821,21[CR],3101892156
A,34488,40804,4828,20[CR],3101892484
F,40884,13171,4837,19[CR],3101892921
C,13182,598,4845,22[CR],3101893359
F,40712,13142,4853,19[CR],3101893578
V,71784,7336,4858,21[CR],3101893687
C,13205,602,4861,20[CR],3101894125
F,40280,13150,4869,22[CR],3101894453
C,13216,604,4877,19[CR],3101894890
F,40260,13153,4885,20[CR],3101895218
C,13213,610,4893,23[CR],3101895656
F,40444,13136,4901,19[CR],3101896093
C,13165,612,4909,21[CR],3101896421
F,40148,13114,4917,21[CR],3101896859
C,13130,614,4926,20[CR],3101897187
F,40144,13121,4934,21[CR],3101897625
C,13166,612,4941,17[CR],3101897953
F,40776,13133,4950,20[CR],3101898390
A,34416,41480,4958,22[CR],3101898828
F,41440,13145,4966,19[CR],3101899218
C,13203,602,4974,21[CR],3101899593
F,41128,13178,4982,22[CR],3101899921
C,13226,602,4990,19[CR],3101900359
F,41104,13204,4998,20[CR],3101900687
C,13201,598,5006,22[CR],3101901125
F,41048,13201,5014,19[CR],3101901562
C,13200,608,5022,21[CR],3101901890
F,40892,13186,5030,18[CR],3101902328
C,13200,602,5039,20[CR],3101902656
F,40396,13188,5047,21[CR],3101903093
C,13229,608,5054,19[CR],3101903421
F,40500,13151,5063,20[CR],3101903859
C,13193,606,5071,22[CR],3101904296
F,40620,13140,5079,19[CR],3101904625
A,34484,40540,5087,20[CR],3101905062
F,40520,13160,5095,22[CR],3101905390
C,13165,604,5103,19[CR],3101905828
F,40584,13171,5111,21[CR],3101906156
C,13181,606,5119,18[CR],3101906593
F,40144,13169,5127,20[CR],3101907031
C,13193,626,5135,22[CR],3101907359
F,40864,13180,5143,16[CR],3101907796
C,13232,628,5152,20[CR],3101908125
F,41712,13178,5160,22[CR],3101908562
C,13233,616,5168,19[CR],3101908890
F,41072,13157,5176,20[CR],3101909328
C,13210,618,5184,22[CR],3101909765
F,40748,13151,5192,19[CR],3101910093
C,13187,624,5200,20[CR],3101910531
F,40760,13154,5208,23[CR],3101910859
A,34424,41168,5216,19[CR],3101911296
F,41512,13165,5224,21[CR],3101911625
C,13229,636,5232,17[CR],3101912062
F,41896,13172,5240,19[CR],3101912500
C,13240,652,5249,22[CR],3101912828
F,41656,13154,5256,19[CR],3101913265
C,13233,640,5265,20[CR],3101913593
F,41256,13116,5273,22[CR],3101914031
C,13191,642,5281,19[CR],3101914359
F,40836,13097,5289,21[CR],3101914796
C,13191,658,5297,22[CR],3101915234
F,40292,13102,5305,19[CR],3101915562
C,13232,634,5313,21[CR],3101916000
F,41344,13131,5321,20[CR],3101916328
C,13209,638,5329,20[CR],3101916765
F,42000,13158,5337,21[CR],3101917093
A,34436,41704,5345,16[CR],3101917531
F,41560,13166,5353,20[CR],3101917968
C,13204,654,5361,22[CR],3101918296
F,42600,13160,5369,19[CR],3101918734
C,13181,674,5377,20[CR],3101919062
F,41552,13113,5386,22[CR],3101919500
C,13212,636,5394,19[CR],3101919828
F,41592,13127,5402,21[CR],3101920265
C,13248,648,5410,22[CR],3101920703
F,42304,13142,5418,20[CR],3101921031
C,13220,646,5426,21[CR],3101921468
F,41312,13139,5434,17[CR],3101921796
C,13200,668,5442,20[CR],3101922234
F,41392,13130,5450,22[CR],3101922562
C,13185,666,5458,19[CR],3101923000
F,41480,13131,5467,20[CR],3101923437
A,34428,41624,5474,22[CR],3101923765
F,41720,13128,5482,19[CR],3101924203
C,13213,666,5491,21[CR],3101924531
F,41496,13127,5499,22[CR],3101924968
C,13201,678,5507,19[CR],3101925296
F,40936,13127,5515,21[CR],3101925734
C,13197,688,5523,19[CR],3101926171
F,40296,13122,5531,20[CR],3101926500
C,13188,684,5539,21[CR],3101926937
F,39704,13103,5547,17[CR],3101927265
C,13220,688,5555,20[CR],3101927703
F,39896,13095,5563,22[CR],3101928031
C,13220,688,5571,19[CR],3101928468
F,41184,13109,5580,21[CR],3101928906
C,13200,678,5587,22[CR],3101929234
F,41560,13102,5595,19[CR],3101929671
A,34408,41648,5604,21[CR],3101930000
F,41880,13117,5612,22[CR],3101930437
C,13217,664,5620,19[CR],3101930765
F,41920,13126,5628,21[CR],3101931203
C,13186,684,5636,16[CR],3101931640
F,41712,13143,5644,20[CR],3101931968
C,13193,684,5652,22[CR],3101932406
F,42296,13145,5660,18[CR],3101932734
C,13203,676,5668,20[CR],3101933171
F,42312,13130,5676,22[CR],3101933500
C,13214,666,5684,19[CR],3101933937
F,41544,13145,5692,20[CR],3101934375
C,13242,660,5700,22[CR],3101934703
F,41536,13123,5708,20[CR],3101935140
C,13249,674,5716,21[CR],3101935468
F,40944,13092,5724,16[CR],3101935906
A,34348,41352,5732,20[CR],3101936234
F,41368,13111,5741,22[CR],3101936671
C,13235,662,5748,16[CR],3101937109
F,42328,13161,5757,21[CR],3101937437
C,13255,676,5759,5[CR],3101937875
F,42776,13080,5759,1[CR],3101938203
C,13097,664,5759,1[CR],3101938656
F,40484,13045,5759,0[CR],3101938984
C,13062,660,5759,0[CR],3101939421
F,40160,13036,5759,0[CR],3101939859
C,13048,672,5759,0[CR],3101940187
F,39328,13016,5759,0[CR],3101940625
C,13008,676,5759,4[CR],3101940953
F,39984,13030,5759,1[CR],3101941390
C,13055,666,5759,1[CR],3101941828
Z,0,0,5759,0[CR],3101942375
Z,0,0,5759,0[CR],3101942921
Z,0,0,5759,0[CR],3101943359
Z,0,0,5759,0[CR],3101943906
Z,0,0,5759,0[CR],3101944343
Z,0,0,5759,0[CR],3101944890
Z,0,0,5759,0[CR],3101945328
Z,0,0,5759,0[CR],3101945875
Z,0,0,5759,0[CR],3101946421
Z,0,0,5759,0[CR],3101946859
Z,0,0,5759,0[CR],3101947406
Z,0,0,5759,0[CR],3101947843
Z,0,0,5759,0[CR],3101948390
Z,0,0,5759,0[CR],3101948937
Z,0,0,5759,0[CR],3101949375
Z,0,0,5759,0[CR],3101949921
Z,0,0,5759,0[CR],3101950359
Z,0,0,5759,0[CR],3101950906
Z,0,0,5759,0[CR],3101951343
Z,0,0,5759,0[CR],3101951890
Z,0,0,5759,0[CR],3101952343
Z,0,0,5759,0[CR],3101952890
Z,0,0,5759,0[CR],3101953437
Z,0,0,5759,0[CR],3101953875
Z,0,0,5759,0[CR],3101954421
Z,0,0,5759,0[CR],3101954859
Z,0,0,5759,0[CR],3101955406
Z,0,0,5759,0[CR],3101955953
Z,0,0,5759,0[CR],3101956390
Z,0,0,5759,0[CR],3101956937
Z,0,0,5759,0[CR],3101957375
Z,0,0,5759,0[CR],3101957921
Z,0,0,5759,0[CR],3101958359
Z,0,0,5759,0[CR],3101958906
Z,0,0,5759,68[CR],3101959453
Z,0,0,5759,64[CR],3101959890
Z,0,0,5773,64[CR],3101960109
C,12859,660,5778,10[CR],3101960546
F,36816,13063,5781,4[CR],3101960875
A,34280,39660,5781,1[CR],3101961312
F,39560,13047,5781,1[CR],3101961640
C,13093,666,5781,0[CR],3101962078
F,39296,13038,5781,0[CR],3101962406
C,13072,670,5781,0[CR],3101962843
F,39132,13035,5781,0[CR],3101963281
C,13061,666,5790,39[CR],3101963609
F,39004,13054,5792,2[CR],3101964046
C,13251,788,5792,1[CR],3101964375
F,41768,13049,5792,1[CR],3101964812
C,13101,672,5792,1[CR],3101965140
F,40812,13036,5792,0[CR],3101965578
C,13080,654,5792,0[CR],3101966015
F,40352,13029,5792,0[CR],3101966343
C,13067,672,5792,0[CR],3101966781
F,40084,13024,5792,0[CR],3101967109
A,34264,39964,5798,38[CR],3101967546
F,39892,13022,5807,19[CR],3101967875
C,13271,684,5815,20[CR],3101968312
F,41616,13170,5823,22[CR],3101968750
C,13238,686,5831,19[CR],3101969078
F,41376,13161,5840,20[CR],3101969515
C,13226,686,5848,22[CR],3101969843
F,41648,13165,5856,18[CR],3101970281
C,13235,682,5864,20[CR],3101970609
F,42120,13153,5872,22[CR],3101971046
C,13229,700,5880,20[CR],3101971484
F,42360,13175,5889,21[CR],3101971812
C,13252,710,5897,22[CR],3101972250
F,42848,13169,5905,19[CR],3101972578
C,13284,674,5913,21[CR],3101973015
F,42880,13123,5921,21[CR],3101973343
A,34244,42248,5929,19[CR],3101973781
F,42168,13104,5938,21[CR],3101974218
C,13206,712,5945,17[CR],3101974546
F,41552,13111,5954,20[CR],3101974984
C,13234,708,5962,22[CR],3101975312
F,41912,13100,5970,18[CR],3101975750
C,13245,712,5978,20[CR],3101976078
F,41720,13079,5986,22[CR],3101976515
C,13237,732,5994,19[CR],3101976953
F,41808,13064,6003,20[CR],3101977281
C,13204,696,6011,22[CR],3101977718
F,41840,13086,6019,19[CR],3101978046
C,13223,690,6027,21[CR],3101978484
F,42304,13126,6035,22[CR],3101978812
C,13225,728,6043,19[CR],3101979250
F,42496,13131,6051,21[CR],3101979687
A,34232,42584,6059,17[CR],3101980015
F,42848,13131,6068,19[CR],3101980453
C,13234,732,6076,22[CR],3101980781
F,42192,13142,6084,17[CR],3101981218
C,13252,734,6092,20[CR],3101981656
F,41512,13165,6100,22[CR],3101981984
C,13237,730,6108,19[CR],3101982421
F,42160,13156,6117,20[CR],3101982750
C,13232,724,6125,22[CR],3101983187
F,41064,13142,6133,20[CR],3101983515
C,13187,740,6141,21[CR],3101983953
F,40888,13124,6149,22[CR],3101984390
C,13188,720,6157,19[CR],3101984718
F,41560,13107,6165,21[CR],3101985156
C,13211,718,6173,22[CR],3101985484
F,41304,13082,6181,19[CR],3101985921
A,34256,41504,6189,22[CR],3101986250
F,41376,13069,6197,16[CR],3101986687
C,13221,720,6206,20[CR],3101987125
F,41896,13095,6214,22[CR],3101987453
C,13220,724,6222,20[CR],3101987890
F,42464,13100,6230,20[CR],3101988218
C,13206,732,6238,22[CR],3101988656
F,42064,13100,6246,19[CR],3101988984
C,13213,728,6255,20[CR],3101989421
F,41920,13107,6262,22[CR],3101989750
C,13187,728,6270,19[CR],3101990187
F,41760,13105,6279,21[CR],3101990625
C,13210,724,6287,23[CR],3101990953
F,42264,13135,6295,19[CR],3101991390
C,13200,728,6303,22[CR],3101991718
F,42384,13096,6311,19[CR],3101992156
A,34168,42376,6319,20[CR],3101992484
F,42352,13108,6328,22[CR],3101992921
C,13204,734,6335,17[CR],3101993359
F,42232,13123,6344,21[CR],3101993687
C,13202,728,6352,22[CR],3101994125
F,41928,13086,6360,19[CR],3101994453
C,13180,718,6368,21[CR],3101994890
F,40852,13081,6376,22[CR],3101995218
C,13189,726,6384,20[CR],3101995656
F,41448,13107,6392,21[CR],3101996093
C,13220,734,6400,22[CR],3101996421
F,41136,13074,6409,20[CR],3101996859
C,13229,730,6417,22[CR],3101997187
F,40508,13077,6424,17[CR],3101997625
C,13225,718,6433,20[CR],3101997953
F,41688,13118,6441,22[CR],3101998390
A,34192,41704,6449,19[CR],3101998828
F,41616,13113,6457,20[CR],3101999156
C,13219,732,6465,22[CR],3101999593
F,42024,13131,6473,19[CR],3101999921
C,13269,730,6481,21[CR],3102000359
F,42288,13133,6489,22[CR],3102000687
C,13260,728,6497,19[CR],3102001125
F,42616,13121,6505,21[CR],3102001562
C,13255,742,6513,19[CR],3102001890
F,41440,13110,6521,20[CR],3102002328
C,13273,732,6529,22[CR],3102002656
F,40948,13094,6537,18[CR],3102003093
C,13274,732,6546,20[CR],3102003421
F,41952,13116,6554,22[CR],3102003859
C,13264,724,6562,19[CR],3102004296
F,42456,13133,6570,20[CR],3102004625
A,34180,42424,6578,22[CR],3102005062
F,42552,13141,6586,20[CR],3102005390
C,13273,742,6594,21[CR],3102005828
F,42920,13138,6602,22[CR],3102006156
C,13282,728,6610,19[CR],3102006593
F,43480,13136,6618,21[CR],3102007031
C,13292,730,6626,19[CR],3102007359
F,43112,13122,6634,20[CR],3102007796
C,13312,744,6642,22[CR],3102008125
F,42952,13113,6650,18[CR],3102008562
C,13323,746,6658,20[CR],3102008890
F,42248,13137,6666,22[CR],3102009328
C,13301,748,6674,19[CR],3102009765
F,41928,13158,6683,21[CR],3102010093
C,13267,770,6690,19[CR],3102010531
F,41856,13164,6698,19[CR],3102010859
A,34164,42624,6707,22[CR],3102011312
F,43064,13160,6714,18[CR],3102011640
C,13290,744,6722,20[CR],3102012078
F,43688,13168,6731,22[CR],3102012515
C,13303,758,6738,19[CR],3102012843
F,43592,13136,6747,20[CR],3102013281
C,13312,754,6755,22[CR],3102013609
F,43304,13137,6763,19[CR],3102014046
C,13324,756,6771,21[CR],3102014375
F,43040,13158,6779,23[CR],3102014812
C,13252,780,6787,20[CR],3102015140
F,42304,13174,6795,21[CR],3102015578
C,13210,774,6803,20[CR],3102016015
F,41824,13148,6812,19[CR],3102016343
C,13188,784,6820,21[CR],3102016781
F,41792,13143,6827,18[CR],3102017109
A,34140,42560,6836,20[CR],3102017546
F,42800,13148,6844,22[CR],3102017875
C,13252,780,6852,19[CR],3102018312
F,43432,13138,6860,20[CR],3102018750
C,13252,790,6868,22[CR],3102019078
F,43440,13124,6876,18[CR],3102019515
C,13244,764,6884,21[CR],3102019843
F,43328,13132,6892,22[CR],3102020281
C,13259,770,6900,20[CR],3102020609
F,43536,13133,6908,21[CR],3102021046
C,13260,782,6916,17[CR],3102021484
F,43584,13103,6925,20[CR],3102021812
C,13279,782,6932,22[CR],3102022250
F,43296,13104,6940,19[CR],3102022578
C,13316,790,6949,20[CR],3102023015
F,42984,13087,6957,22[CR],3102023343
A,34128,42216,6965,19[CR],3102023781
F,42392,13080,6973,21[CR],3102024109
C,13250,790,6981,23[CR],3102024546
F,42328,13095,6989,19[CR],3102024984
C,13252,794,6997,21[CR],3102025312
F,42648,13107,7005,17[CR],3102025750
C,13247,794,7013,20[CR],3102026078
F,42552,13126,7021,22[CR],3102026515
C,13246,794,7029,19[CR],3102026953
F,42560,13136,7038,20[CR],3102027281
C,13281,810,7045,22[CR],3102027718
F,42528,13137,7054,19[CR],3102028046
C,13334,804,7062,21[CR],3102028484
F,43064,13164,7070,22[CR],3102028812
C,13329,794,7078,19[CR],3102029250
F,42880,13160,7086,21[CR],3102029687
A,34116,43008,7094,21[CR],3102030015
F,43080,13137,7102,20[CR],3102030453
C,13278,778,7110,22[CR],3102030781
F,43688,13116,7118,17[CR],3102031218
C,13286,786,7126,20[CR],3102031546
F,43104,13123,7134,22[CR],3102031984
C,13266,804,7142,19[CR],3102032421
F,43552,13143,7150,21[CR],3102032750
C,13289,776,7158,22[CR],3102033187
F,43880,13140,7166,19[CR],3102033515
C,13284,796,7174,21[CR],3102033953
F,44600,13171,7182,22[CR],3102034281
C,13288,804,7191,19[CR],3102034718
F,44032,13147,7199,21[CR],3102035156
C,13275,790,7206,17[CR],3102035484
F,43400,13147,7215,20[CR],3102035921
A,34104,43048,7223,21[CR],3102036250
F,42792,13135,7231,19[CR],3102036687
C,13251,796,7239,20[CR],3102037015
F,43016,13119,7247,22[CR],3102037453
C,13250,794,7255,19[CR],3102037890
F,43920,13128,7263,21[CR],3102038218
C,13290,792,7271,22[CR],3102038656
F,44544,13148,7279,19[CR],3102038984
C,13306,798,7287,21[CR],3102039421
F,44624,13122,7295,16[CR],3102039859
C,13262,794,7303,19[CR],3102040187
F,43112,13092,7311,22[CR],3102040625
C,13268,794,7319,19[CR],3102040953
F,43504,13111,7327,20[CR],3102041390
C,13264,790,7335,22[CR],3102041718
F,43352,13135,7343,19[CR],3102042156
A,34068,43824,7352,21[CR],3102042593
F,43848,13131,7359,23[CR],3102042921
C,13245,804,7367,19[CR],3102043359
F,43968,13142,7376,21[CR],3102043687
C,13254,794,7383,18[CR],3102044125
F,44096,13117,7392,20[CR],3102044453
C,13245,806,7400,22[CR],3102044890
F,44240,13105,7408,19[CR],3102045328
C,13266,806,7416,20[CR],3102045656
F,44056,13076,7424,22[CR],3102046093
C,13260,782,7432,19[CR],3102046421
F,43400,13075,7440,21[CR],3102046859
C,13305,798,7448,22[CR],3102047187
F,43264,13081,7456,19[CR],3102047625
C,13279,820,7464,21[CR],3102048062
F,42408,13090,7472,21[CR],3102048390
A,34076,42912,7480,20[CR],3102048828
F,43048,13102,7488,22[CR],3102049156
C,13255,802,7496,17[CR],3102049593
F,43472,13103,7504,20[CR],3102049921
C,13267,798,7512,22[CR],3102050359
F,44200,13109,7520,19[CR],3102050796
C,13291,804,7529,21[CR],3102051125
F,44664,13138,7537,22[CR],3102051562
C,13299,798,7545,19[CR],3102051890
F,44232,13191,7553,21[CR],3102052328
C,13300,818,7561,23[CR],3102052656
F,44832,13180,7569,20[CR],3102053093
C,13308,800,7577,21[CR],3102053531
F,45104,13160,7585,16[CR],3102053859
C,13337,804,7593,20[CR],3102054296
F,44128,13128,7601,22[CR],3102054625
A,34064,43760,7609,19[CR],3102055062
F,44040,13139,7618,21[CR],3102055390
C,13340,800,7625,22[CR],3102055828
F,44400,13152,7633,19[CR],3102056265
C,13342,806,7641,21[CR],3102056593
F,44680,13145,7649,22[CR],3102057031
C,13353,806,7658,19[CR],3102057359
F,45448,13164,7666,22[CR],3102057796
C,13336,816,7673,16[CR],3102058125
F,44952,13167,7682,20[CR],3102058562
C,13336,808,7690,22[CR],3102058890
F,44584,13190,7697,19[CR],3102059328
C,13346,830,7706,20[CR],3102059765
F,44528,13197,7714,22[CR],3102060093
C,13341,832,7722,19[CR],3102060531
F,44464,13175,7730,21[CR],3102060859
A,34060,43960,7738,22[CR],3102061296
F,44120,13183,7746,20[CR],3102061625
C,13317,844,7754,22[CR],3102062062
F,44224,13169,7760,8[CR],3102062500
C,13346,850,7760,1[CR],3102062828
F,42912,13061,7760,1[CR],3102063265
C,13166,836,7760,0[CR],3102063593
F,42288,13048,7760,0[CR],3102064031
C,13139,856,7760,0[CR],3102064359
F,42064,13038,7760,0[CR],3102064796
C,13115,844,7760,0[CR],3102065234
F,41808,13032,7760,0[CR],3102065562
C,13096,864,7760,0[CR],3102066000
F,41696,13030,7760,0[CR],3102066328
C,13087,866,7760,0[CR],3102066765
F,41336,13020,7760,0[CR],3102067203
A,34052,41056,7760,0[CR],3102067531
F,41032,13020,7760,0[CR],3102067968
C,13142,854,7760,0[CR],3102068296
F,41952,13038,7760,0[CR],3102068843
Z,0,0,7760,0[CR],3102069281
Z,0,0,7760,0[CR],3102069828
Z,0,0,7760,0[CR],3102070375
Z,0,0,7760,0[CR],3102070812
Z,0,0,7760,0[CR],3102071359
Z,0,0,7760,0[CR],3102071906
Z,0,0,7760,0[CR],3102072343
Z,0,0,7760,0[CR],3102072890
Z,0,0,7760,0[CR],3102073328
Z,0,0,7760,0[CR],3102073875
Z,0,0,7760,0[CR],3102074312
Z,0,0,7760,0[CR],3102074859
Z,0,0,7760,0[CR],3102075406
Z,0,0,7760,0[CR],3102075843
Z,0,0,7760,0[CR],3102076390
Z,0,0,7760,0[CR],3102076828
Z,0,0,7760,0[CR],3102077375
Z,0,0,7760,0[CR],3102077921
Z,0,0,7760,0[CR],3102078359
Z,0,0,7760,2[CR],3102078906
Z,0,0,7760,2[CR],3102079343
Z,0,0,7760,2[CR],3102079890
Z,0,0,7760,2[CR],3102080328
Z,0,0,7760,1[CR],3102080875
Z,0,0,7760,0[CR],3102081421
Z,0,0,7760,0[CR],3102081859
Z,0,0,7760,0[CR],3102082406
Z,0,0,7760,0[CR],3102082843
Z,0,0,7760,0[CR],3102083390
Z,0,0,7760,0[CR],3102083828
Z,0,0,7760,0[CR],3102084375
Z,0,0,7760,0[CR],3102084921
Z,0,0,7760,0[CR],3102085359
Z,0,0,7760,0[CR],3102085906
Z,0,0,7760,0[CR],3102086343
Z,0,0,7760,0[CR],3102086890
Z,0,0,7760,0[CR],3102087328
Z,0,0,7760,0[CR],3102087875
Z,0,0,7760,0[CR],3102088421
Z,0,0,7760,0[CR],3102088859
Z,0,0,7760,1[CR],3102089406
Z,0,0,7760,86[CR],3102089843
Z,0,0,7773,15[CR],3102090171
F,39192,12984,7777,10[CR],3102090609
C,13150,850,7777,2[CR],3102090937
F,42032,13051,7777,1[CR],3102091375
C,13173,852,7777,0[CR],3102091812
F,41632,13042,7777,0[CR],3102092140
A,33996,41464,7777,0[CR],3102092578
F,41440,13036,7777,0[CR],3102092906
C,13132,864,7785,38[CR],3102093343
F,41280,13045,7789,3[CR],3102093671
C,13374,770,7789,1[CR],3102094109
F,44608,13051,7789,0[CR],3102094546
C,13189,844,7789,0[CR],3102094875
F,43688,13039,7789,0[CR],3102095312
C,13166,846,7789,0[CR],3102095640
F,43488,13037,7789,0[CR],3102096078
C,13153,848,7789,0[CR],3102096406
F,43352,13033,7789,0[CR],3102096843
C,13145,842,7790,0[CR],3102097281
F,43256,13030,7801,20[CR],3102097609
C,13393,854,7809,22[CR],3102098046
F,46288,13151,7817,19[CR],3102098375
A,34028,46096,7825,21[CR],3102098812
F,45800,13130,7833,22[CR],3102099140
C,13353,848,7841,19[CR],3102099578
F,45632,13146,7850,22[CR],3102100015
C,13354,860,7857,18[CR],3102100343
F,44936,13155,7866,20[CR],3102100781
C,13305,864,7874,21[CR],3102101109
F,44912,13150,7882,19[CR],3102101546
C,13339,858,7890,20[CR],3102101875
F,45240,13154,7898,22[CR],3102102312
C,13344,854,7906,19[CR],3102102750
F,45024,13160,7915,20[CR],3102103078
C,13250,866,7923,22[CR],3102103515
F,43232,13136,7931,19[CR],3102103843
C,13231,860,7939,21[CR],3102104281
F,43296,13133,7947,22[CR],3102104609
A,33996,44032,7955,19[CR],3102105046
F,44344,13150,7963,21[CR],3102105484
C,13301,860,7971,22[CR],3102105812
F,44824,13137,7979,19[CR],3102106250
C,13337,858,7987,21[CR],3102106578
F,45328,13171,7995,18[CR],3102107015
C,13383,860,8004,19[CR],3102107343
F,45536,13163,8012,22[CR],3102107781
C,13379,852,8020,19[CR],3102108218
F,45904,13150,8028,20[CR],3102108546
C,13365,858,8036,22[CR],3102108984
F,45488,13119,8044,19[CR],3102109312
C,13317,860,8052,21[CR],3102109750
F,45632,13128,8060,22[CR],3102110078
C,13323,860,8068,19[CR],3102110515
F,45960,13130,8077,21[CR],3102110953
A,33976,45936,8084,20[CR],3102111281
F,45752,13112,8093,20[CR],3102111718
C,13358,866,8101,22[CR],3102112046
F,44512,13109,8109,19[CR],3102112484
C,13326,846,8117,20[CR],3102112812
F,43632,13132,8125,22[CR],3102113250
C,13309,866,8133,19[CR],3102113687
F,43752,13176,8142,21[CR],3102114015
C,13331,860,8150,22[CR],3102114453
F,44752,13185,8158,19[CR],3102114781
C,13320,866,8166,21[CR],3102115218
F,44792,13204,8174,22[CR],3102115546
C,13308,866,8182,18[CR],3102115984
F,45344,13197,8190,22[CR],3102116421
C,13299,860,8198,22[CR],3102116750
F,45432,13220,8206,20[CR],3102117187
A,33968,45784,8215,22[CR],3102117515
F,46056,13226,8222,17[CR],3102117890
C,13403,854,8231,20[CR],3102118281
F,45792,13196,8239,22[CR],3102118718
C,13354,864,8247,19[CR],3102119156
F,45792,13214,8255,20[CR],3102119484
C,13323,868,8263,22[CR],3102119921
F,45976,13216,8271,19[CR],3102120250
C,13368,846,8280,20[CR],3102120687
F,46600,13203,8288,22[CR],3102121015
C,13377,866,8296,19[CR],3102121453
F,46656,13181,8304,21[CR],3102121890
C,13369,858,8312,22[CR],3102122218
F,46224,13189,8320,20[CR],3102122656
C,13366,862,8329,21[CR],3102122984
F,45168,13189,8336,19[CR],3102123421
A,33972,45656,8345,20[CR],3102123750
F,45712,13176,8353,22[CR],3102124187
C,13381,860,8361,18[CR],3102124625
F,46432,13170,8369,21[CR],3102124953
C,13403,862,8377,22[CR],3102125390
F,46200,13173,8385,18[CR],3102125718
C,13350,874,8393,21[CR],3102126156
F,46136,13189,8401,23[CR],3102126484
C,13357,860,8409,19[CR],3102126921
F,46336,13163,8418,21[CR],3102127359
C,13376,860,8426,21[CR],3102127687
F,45496,13172,8434,19[CR],3102128125
C,13337,860,8442,22[CR],3102128453
F,44816,13170,8449,17[CR],3102128890
C,13311,858,8458,20[CR],3102129218
F,45048,13206,8466,22[CR],3102129656
A,33956,44736,8474,19[CR],3102130093
F,45040,13193,8482,21[CR],3102130421
C,13358,864,8490,22[CR],3102130859
F,45768,13173,8498,19[CR],3102131187
C,13307,860,8506,21[CR],3102131625
F,45080,13149,8514,22[CR],3102131953
C,13297,866,8522,19[CR],3102132390
F,45232,13199,8530,21[CR],3102132828
C,13286,870,8538,20[CR],3102133156
F,45376,13225,8547,20[CR],3102133593
C,13344,890,8555,22[CR],3102133921
F,46192,13211,8563,18[CR],3102134359
C,13354,890,8571,20[CR],3102134687
F,46512,13159,8579,22[CR],3102135125
C,13348,878,8587,19[CR],3102135562
F,46752,13138,8595,21[CR],3102135890
A,33908,46464,8603,22[CR],3102136328
F,46528,13139,8611,19[CR],3102136656
C,13367,878,8619,21[CR],3102137093
F,46328,13108,8627,21[CR],3102137421
C,13384,904,8635,19[CR],3102137859
F,44896,13113,8644,21[CR],3102138296
C,13376,904,8652,19[CR],3102138625
F,45144,13107,8660,20[CR],3102139062
C,13403,912,8668,21[CR],3102139390
F,46200,13130,8676,18[CR],3102139828
C,13418,902,8684,20[CR],3102140156
F,46944,13139,8692,22[CR],3102140593
C,13391,914,8700,19[CR],3102141031
F,46864,13153,8708,21[CR],3102141359
C,13364,922,8716,23[CR],3102141796
F,46792,13171,8724,19[CR],3102142125
A,33888,46728,8733,21[CR],3102142562
F,46440,13202,8740,23[CR],3102142890
C,13380,926,8749,19[CR],3102143328
F,45840,13186,8757,21[CR],3102143765
C,13363,930,8765,18[CR],3102144093
F,45912,13161,8773,20[CR],3102144531
C,13359,922,8781,21[CR],3102144859
F,46312,13162,8789,18[CR],3102145296
C,13395,910,8797,20[CR],3102145625
F,46704,13177,8805,22[CR],3102146062
C,13399,924,8813,19[CR],3102146500
F,46680,13186,8822,20[CR],3102146828
C,13457,932,8830,22[CR],3102147265
F,46552,13195,8838,19[CR],3102147593
C,13412,928,8846,21[CR],3102148031
F,45992,13176,8854,18[CR],3102148359
A,33888,45728,8862,19[CR],3102148796
F,46112,13199,8870,22[CR],3102149234
C,13378,926,8878,19[CR],3102149562
F,46248,13229,8887,19[CR],3102150000
C,13421,922,8894,22[CR],3102150328
F,47160,13236,8902,19[CR],3102150765
C,13418,926,8911,20[CR],3102151093
F,48304,13217,8919,22[CR],3102151531
C,13419,928,8927,18[CR],3102151968
F,47480,13204,8935,21[CR],3102152296
C,13393,930,8943,20[CR],3102152734
F,46848,13175,8951,19[CR],3102153062
C,13363,940,8959,21[CR],3102153500
F,45952,13150,8967,24[CR],3102153828
C,13355,930,8975,20[CR],3102154265
F,45784,13144,8984,22[CR],3102154593
A,33904,45992,8991,17[CR],3102155031
F,45888,13165,9000,20[CR],3102155390
C,13324,928,9008,22[CR],3102155796
F,46344,13143,9016,19[CR],3102156234
C,13329,930,9024,20[CR],3102156562
F,46504,13155,9032,22[CR],3102157000
C,13343,930,9040,19[CR],3102157437
F,46640,13204,9049,21[CR],3102157765
C,13373,926,9056,23[CR],3102158203
F,47456,13190,9065,19[CR],3102158531
C,13341,928,9073,22[CR],3102158968
F,46648,13198,9081,17[CR],3102159296
C,13389,928,9089,20[CR],3102159734
F,47416,13176,9097,22[CR],3102160171
C,13408,932,9105,19[CR],3102160500
F,46648,13155,9113,21[CR],3102160937
A,33916,45840,9121,22[CR],3102161265
F,45816,13121,9129,19[CR],3102161703
C,13362,930,9137,21[CR],3102162031
F,46144,13151,9145,22[CR],3102162468
C,13416,938,9153,19[CR],3102162906
F,47096,13165,9162,21[CR],3102163234
C,13414,938,9169,22[CR],3102163671
F,47792,13166,9178,20[CR],3102164000
C,13396,952,9186,21[CR],3102164437
F,47680,13185,9194,18[CR],3102164765
C,13387,954,9202,21[CR],3102165203
F,47584,13199,9210,22[CR],3102165640
C,13357,962,9218,19[CR],3102165968
F,46768,13203,9226,21[CR],3102166406
C,13376,988,9234,22[CR],3102166734
F,47696,13192,9242,19[CR],3102167171
A,33916,47448,9250,21[CR],3102167500
F,47032,13152,9258,22[CR],3102167937
C,13384,970,9267,19[CR],3102168265
F,46744,13147,9275,21[CR],3102168703
C,13420,964,9282,17[CR],3102169140
F,45824,13103,9291,20[CR],3102169468
C,13366,938,9299,22[CR],3102169906
F,46360,13135,9307,19[CR],3102170234
C,13365,954,9315,20[CR],3102170671
F,46624,13150,9323,22[CR],3102171000
C,13365,972,9331,19[CR],3102171437
F,47040,13171,9339,21[CR],3102171875
C,13373,968,9347,23[CR],3102172203
F,47408,13161,9355,20[CR],3102172640
C,13388,970,9363,21[CR],3102172968
F,47536,13160,9371,20[CR],3102173406
A,33876,47176,9380,20[CR],3102173734
F,47024,13174,9388,22[CR],3102174171
C,13361,986,9396,17[CR],3102174609
F,46160,13163,9404,20[CR],3102174937
C,13353,994,9412,22[CR],3102175375
F,45528,13160,9420,19[CR],3102175703
C,13326,996,9428,21[CR],3102176140
F,45664,13158,9436,22[CR],3102176468
C,13340,1004,9444,19[CR],3102176906
F,45912,13154,9452,21[CR],3102177343
C,13349,990,9460,22[CR],3102177671
F,46576,13152,9468,20[CR],3102178109
C,13365,1000,9477,22[CR],3102178437
F,47224,13167,9484,16[CR],3102178875
C,13377,998,9493,20[CR],3102179203
F,47744,13173,9501,22[CR],3102179640
A,33904,47760,9509,19[CR],3102180078
F,47648,13164,9517,20[CR],3102180406
C,13396,996,9525,22[CR],3102180843
F,47928,13160,9533,19[CR],3102181171
C,13398,994,9541,21[CR],3102181609
F,47352,13172,9549,22[CR],3102181937
C,13397,998,9557,19[CR],3102182375
F,47112,13160,9566,21[CR],3102182812
C,13397,992,9573,21[CR],3102183140
F,46488,13131,9582,20[CR],3102183578
C,13391,990,9590,22[CR],3102183906
F,45528,13159,9597,17[CR],3102184343
C,13395,996,9606,21[CR],3102184671
F,46112,13122,9614,22[CR],3102185109
C,13404,992,9622,19[CR],3102185546
F,47008,13140,9630,21[CR],3102185875
A,33888,47544,9638,22[CR],3102186312
F,47568,13158,9646,19[CR],3102186640
C,13416,1004,9654,21[CR],3102187078
F,47840,13180,9662,23[CR],3102187406
C,13406,996,9670,20[CR],3102187843
F,47088,13163,9678,21[CR],3102188281
C,13384,1002,9686,17[CR],3102188609
F,47032,13147,9694,20[CR],3102189046
C,13385,1008,9702,22[CR],3102189375
F,46152,13138,9710,19[CR],3102189812
C,13376,998,9719,21[CR],3102190140
F,45864,13132,9726,22[CR],3102190578
C,13387,1000,9734,19[CR],3102191015
F,46424,13178,9743,21[CR],3102191343
C,13412,980,9751,22[CR],3102191781
F,46976,13207,9759,19[CR],3102192109
A,33856,46728,9760,2[CR],3102192546
F,46536,13125,9760,1[CR],3102192890
C,13224,992,9760,0[CR],3102193312
F,44744,13093,9760,0[CR],3102193750
C,13189,990,9760,0[CR],3102194078
F,44576,13086,9760,0[CR],3102194515
C,13174,998,9760,0[CR],3102194843
F,44456,13080,9760,0[CR],3102195281
C,13164,996,9760,0[CR],3102195609
F,44232,13073,9760,0[CR],3102196046
C,13148,992,9760,0[CR],3102196484
F,44744,13079,9760,0[CR],3102196921
Z,0,0,9760,0[CR],3102197468
Z,0,0,9760,0[CR],3102197906
Z,0,0,9760,0[CR],3102198453
Z,0,0,9760,0[CR],3102199000
Z,0,0,9760,0[CR],3102199437
Z,0,0,9760,0[CR],3102199984
Z,0,0,9760,0[CR],3102200421
Z,0,0,9760,0[CR],3102200968
Z,0,0,9760,0[CR],3102201515
Z,0,0,9760,0[CR],3102201953
Z,0,0,9760,0[CR],3102202500
Z,0,0,9760,0[CR],3102202937
Z,0,0,9760,0[CR],3102203484
Z,0,0,9760,0[CR],3102203921
Z,0,0,9760,0[CR],3102204468
Z,0,0,9760,0[CR],3102205015
Z,0,0,9760,0[CR],3102205453
Z,0,0,9760,0[CR],3102205781
F,42536,13036,9760,0[CR],3102206328
Z,0,0,9760,0[CR],3102206765
Z,0,0,9760,0[CR],3102207312
Z,0,0,9760,0[CR],3102207859
Z,0,0,9760,0[CR],3102208296
Z,0,0,9760,0[CR],3102208843
Z,0,0,9760,0[CR],3102209281
Z,0,0,9760,0[CR],3102209828
Z,0,0,9760,0[CR],3102210375
Z,0,0,9760,0[CR],3102210812
Z,0,0,9760,0[CR],3102211359
Z,0,0,9760,0[CR],3102211796
Z,0,0,9760,0[CR],3102212343
Z,0,0,9760,0[CR],3102212781
Z,0,0,9760,0[CR],3102213328
Z,0,0,9760,0[CR],3102213765
Z,0,0,9760,0[CR],3102214312
Z,0,0,9760,0[CR],3102214859
Z,0,0,9760,0[CR],3102215296
Z,0,0,9760,79[CR],3102215843
Z,0,0,9760,73[CR],3102216281
Z,0,0,9762,64[CR],3102216828
Z,0,0,9780,13[CR],3102217156
A,33816,44264,9780,2[CR],3102217484
F,44424,13084,9780,1[CR],3102217921
C,13188,1000,9780,0[CR],3102218359
F,43928,13069,9780,0[CR],3102218687
C,13153,994,9780,0[CR],3102219125
F,43712,13065,9780,0[CR],3102219453
C,13139,998,9780,0[CR],3102219890
F,43528,13061,9788,4[CR],3102220218
C,13510,1002,9788,2[CR],3102220656
F,46544,13113,9788,1[CR],3102221093
C,13249,996,9788,0[CR],3102221421
F,45728,13085,9788,0[CR],3102221859
C,13229,996,9788,0[CR],3102222187
F,45304,13074,9788,0[CR],3102222625
C,13200,1000,9789,0[CR],3102222953
F,44736,13062,9789,0[CR],3102223390
A,33812,44456,9789,0[CR],3102223828
F,44344,13057,9797,21[CR],3102224156
C,13398,1000,9805,19[CR],3102224593
F,48280,13204,9813,21[CR],3102224921
C,13401,996,9821,22[CR],3102225359
F,48288,13168,9829,19[CR],3102225687
C,13379,996,9837,21[CR],3102226125
F,48104,13143,9845,21[CR],3102226562
C,13389,1000,9854,20[CR],3102226890
F,47424,13128,9862,22[CR],3102227328
C,13408,998,9869,17[CR],3102227656
F,46888,13116,9878,20[CR],3102228093
C,13434,990,9886,22[CR],3102228421
F,46824,13111,9894,19[CR],3102228859
C,13431,994,9902,20[CR],3102229296
F,46872,13134,9910,22[CR],3102229625
A,33840,46824,9918,19[CR],3102230062
F,47000,13164,9927,20[CR],3102230421
C,13453,998,9935,22[CR],3102230828
F,47752,13183,9943,19[CR],3102231156
C,13474,994,9951,21[CR],3102231593
F,48112,13164,9959,23[CR],3102232031
C,13475,1000,9967,20[CR],3102232359
F,47664,13148,9975,21[CR],3102232796
C,13490,990,9983,19[CR],3102233125
F,47632,13189,9992,20[CR],3102233562
C,13439,1002,10000,22[CR],3102233890
F,47328,13195,10007,18[CR],3102234328
C,13449,998,10016,21[CR],3102234765
F,48200,13207,10024,22[CR],3102235093
C,13440,998,10032,19[CR],3102235531
F,47704,13172,10040,21[CR],3102235859
A,33840,47520,10048,22[CR],3102236296
F,47568,13179,10056,19[CR],3102236625
C,13416,1006,10064,21[CR],3102237062
F,47880,13190,10072,22[CR],3102237500
C,13411,998,10081,19[CR],3102237828
F,48160,13185,10089,22[CR],3102238265
C,13375,1000,10097,17[CR],3102238593
F,48224,13189,10105,20[CR],3102239031
C,13396,998,10113,22[CR],3102239359
F,48432,13203,10121,19[CR],3102239796
C,13403,1002,10129,20[CR],3102240234
F,48952,13198,10137,22[CR],3102240562
C,13410,1014,10145,19[CR],3102241000
F,48896,13143,10154,20[CR],3102241328
C,13374,994,10162,22[CR],3102241765
F,48424,13168,10170,19[CR],3102242093
A,33800,48608,10178,21[CR],3102242531
F,48592,13160,10186,23[CR],3102242968
C,13449,996,10194,19[CR],3102243296
F,47960,13162,10203,22[CR],3102243734
C,13404,1002,10210,18[CR],3102244062
F,47056,13149,10219,20[CR],3102244500
C,13384,1002,10227,22[CR],3102244828
F,47392,13188,10235,17[CR],3102245265
C,13437,1034,10243,20[CR],3102245703
F,47632,13184,10251,22[CR],3102246031
C,13405,1050,10259,19[CR],3102246468
F,48136,13165,10267,21[CR],3102246796
C,13395,1026,10275,22[CR],3102247234
F,48000,13169,10284,19[CR],3102247562
C,13385,1026,10292,21[CR],3102248000
F,48200,13182,10300,23[CR],3102248437
A,33812,47864,10308,20[CR],3102248765
F,47888,13217,10316,21[CR],3102249140
C,13388,1052,10324,17[CR],3102249531
F,47784,13253,10332,20[CR],3102249968
C,13421,1062,10340,22[CR],3102250296
F,48928,13248,10348,19[CR],3102250734
C,13432,1064,10357,20[CR],3102251171
F,49056,13210,10365,22[CR],3102251500
C,13434,1054,10373,19[CR],3102251937
F,48592,13180,10381,19[CR],3102252265
C,13474,1058,10389,22[CR],3102252703
F,48256,13159,10397,19[CR],3102253140
C,13477,1062,10405,21[CR],3102253468
F,47360,13155,10413,19[CR],3102253906
C,13437,1062,10421,19[CR],3102254234
F,47792,13175,10429,21[CR],3102254671
A,33824,48216,10437,18[CR],3102255000
F,48408,13194,10445,20[CR],3102255437
C,13446,1084,10453,22[CR],3102255875
F,49488,13212,10461,18[CR],3102256203
C,13481,1062,10469,20[CR],3102256640
F,49872,13235,10477,22[CR],3102256968
C,13503,1064,10485,19[CR],3102257406
F,49840,13237,10494,21[CR],3102257734
C,13460,1056,10501,21[CR],3102258171
F,48864,13248,10510,19[CR],3102258609
C,13467,1062,10518,22[CR],3102258937
F,48344,13225,10526,17[CR],3102259375
C,13460,1066,10534,20[CR],3102259703
F,48696,13241,10542,22[CR],3102260140
C,13460,1064,10550,19[CR],3102260468
F,48256,13241,10558,21[CR],3102260906
A,33836,48136,10566,22[CR],3102261343
F,48488,13231,10574,19[CR],3102261671
C,13514,1076,10583,20[CR],3102262109
F,49248,13235,10590,22[CR],3102262437
C,13495,1086,10598,19[CR],3102262875
F,49904,13214,10607,22[CR],3102263203
C,13509,1074,10614,18[CR],3102263640
F,48944,13161,10623,20[CR],3102264078
C,13505,1064,10631,22[CR],3102264406
F,48608,13160,10639,17[CR],3102264843
C,13493,1074,10647,20[CR],3102265171
F,48240,13175,10655,22[CR],3102265609
C,13473,1066,10663,17[CR],3102265937
F,48992,13192,10671,20[CR],3102266375
C,13468,1078,10679,22[CR],3102266812
F,48640,13166,10687,19[CR],3102267140
A,33784,48528,10695,21[CR],3102267578
F,48864,13161,10703,22[CR],3102267906
C,13450,1078,10711,19[CR],3102268343
F,48816,13177,10719,21[CR],3102268671
C,13428,1070,10727,18[CR],3102269109
F,48864,13212,10735,20[CR],3102269546
C,13412,1088,10744,21[CR],3102269875
F,48712,13222,10751,19[CR],3102270312
C,13407,1116,10760,20[CR],3102270640
F,48376,13190,10768,22[CR],3102271078
C,13419,1100,10776,19[CR],3102271406
F,48592,13146,10784,19[CR],3102271843
C,13431,1096,10792,22[CR],3102272281
F,48968,13134,10800,19[CR],3102272609
C,13432,1104,10808,21[CR],3102273046
F,48576,13120,10816,22[CR],3102273375
A,33816,48784,10825,20[CR],3102273812
F,48584,13108,10833,21[CR],3102274140
C,13448,1086,10840,17[CR],3102274578
F,47768,13099,10849,20[CR],3102275015
C,13457,1096,10857,22[CR],3102275343
F,47488,13109,10864,19[CR],3102275781
C,13449,1102,10873,21[CR],3102276109
F,47944,13184,10881,22[CR],3102276546
C,13421,1064,10889,19[CR],3102276875
F,48288,13182,10897,21[CR],3102277312
C,13454,1124,10905,22[CR],3102277750
F,48640,13207,10913,19[CR],3102278078
C,13462,1120,10921,22[CR],3102278515
F,48944,13205,10929,17[CR],3102278843
C,13484,1118,10937,19[CR],3102279281
F,49480,13231,10945,22[CR],3102279609
A,33784,48856,10953,19[CR],3102280046
F,48560,13166,10961,20[CR],3102280484
C,13462,1130,10969,22[CR],3102280812
F,47816,13154,10977,19[CR],3102281250
C,13489,1130,10986,21[CR],3102281578
F,47544,13167,10993,22[CR],3102282015
C,13491,1134,11001,19[CR],3102282343
F,47600,13199,11010,21[CR],3102282781
C,13470,1140,11017,18[CR],3102283109
F,48080,13184,11026,20[CR],3102283546
C,13463,1144,11034,21[CR],3102283984
F,47848,13193,11042,18[CR],3102284312
C,13422,1144,11050,20[CR],3102284750
F,47432,13157,11058,21[CR],3102285078
C,13427,1130,11066,19[CR],3102285515
F,47680,13148,11074,21[CR],3102285843
A,33784,47216,11082,23[CR],3102286281
F,47264,13103,11090,19[CR],3102286718
C,13413,1138,11098,21[CR],3102287046
F,46928,13111,11106,17[CR],3102287484
C,13414,1136,11114,20[CR],3102287812
F,46696,13137,11122,22[CR],3102288250
C,13392,1138,11130,19[CR],3102288578
F,46944,13187,11138,21[CR],3102289015
C,13442,1142,11147,22[CR],3102289453
F,47632,13171,11154,19[CR],3102289781
C,13422,1142,11163,21[CR],3102290218
F,48544,13213,11171,22[CR],3102290546
C,13444,1134,11179,19[CR],3102290984
F,49200,13214,11187,21[CR],3102291312
C,13459,1124,11195,19[CR],3102291750
F,48272,13199,11203,20[CR],3102292187
A,33760,47400,11211,22[CR],3102292515
F,47464,13217,11219,17[CR],3102292953
C,13409,1140,11227,20[CR],3102293281
F,48408,13172,11235,22[CR],3102293718
C,13445,1138,11243,19[CR],3102294046
F,49040,13146,11251,20[CR],3102294484
C,13481,1138,11259,22[CR],3102294921
F,48824,13144,11267,19[CR],3102295250
C,13482,1134,11275,21[CR],3102295687
F,48056,13129,11283,22[CR],3102296015
C,13486,1134,11291,19[CR],3102296453
F,47688,13114,11299,21[CR],3102296781
C,13503,1136,11307,18[CR],3102297218
F,48632,13157,11316,20[CR],3102297656
C,13527,1136,11324,22[CR],3102297984
F,49856,13169,11332,19[CR],3102298421
A,33792,49848,11340,20[CR],3102298750
F,49768,13180,11348,22[CR],3102299187
C,13515,1144,11356,19[CR],3102299515
F,50368,13209,11364,20[CR],3102299953
C,13580,1138,11372,22[CR],3102300390
F,50672,13206,11380,19[CR],3102300718
C,13540,1148,11388,21[CR],3102301156
F,49440,13174,11396,20[CR],3102301484
C,13503,1142,11405,20[CR],3102301921
F,48280,13190,11413,21[CR],3102302250
C,13436,1144,11421,17[CR],3102302687
F,49288,13218,11429,20[CR],3102303125
C,13466,1144,11437,22[CR],3102303453
F,49352,13228,11445,19[CR],3102303890
C,13469,1154,11453,20[CR],3102304218
F,49872,13248,11461,22[CR],3102304656
A,33760,50416,11469,19[CR],3102304984
F,50600,13246,11477,21[CR],3102305421
C,13520,1144,11485,16[CR],3102305859
F,51088,13219,11493,20[CR],3102306187
C,13505,1166,11501,22[CR],3102306625
F,50392,13246,11509,19[CR],3102306953
C,13524,1180,11517,20[CR],3102307390
F,50504,13236,11525,22[CR],3102307718
C,13520,1166,11533,19[CR],3102308156
F,50832,13198,11541,21[CR],3102308593
C,13568,1168,11549,23[CR],3102308921
F,50344,13165,11558,19[CR],3102309359
C,13539,1162,11566,21[CR],3102309687
F,49856,13211,11573,21[CR],3102310125
C,13534,1168,11582,19[CR],3102310453
F,50392,13202,11590,21[CR],3102310890
A,33736,50248,11598,17[CR],3102311328
F,50056,13194,11606,20[CR],3102311656
C,13452,1196,11614,22[CR],3102312093
F,50104,13208,11622,19[CR],3102312421
C,13461,1190,11630,20[CR],3102312859
F,49632,13182,11638,22[CR],3102313187
C,13481,1196,11646,19[CR],3102313625
F,50392,13194,11654,21[CR],3102314062
C,13519,1202,11662,22[CR],3102314390
F,50720,13173,11670,19[CR],3102314828
C,13485,1208,11678,22[CR],3102315156
F,49056,13121,11686,16[CR],3102315593
C,13506,1204,11695,20[CR],3102315921
F,48064,13135,11703,22[CR],3102316359
C,13491,1204,11711,19[CR],3102316796
F,48712,13192,11719,20[CR],3102317125
A,33752,48208,11726,22[CR],3102317562
F,48400,13213,11735,19[CR],3102317890
C,13481,1214,11743,21[CR],3102318328
F,49672,13245,11751,23[CR],3102318656
C,13490,1206,11759,19[CR],3102319093
F,50232,13240,11760,4[CR],3102319531
C,13465,1206,11760,1[CR],3102319859
F,46720,13090,11760,0[CR],3102320296
C,13234,1212,11760,0[CR],3102320625
F,45424,13077,11760,0[CR],3102321062
C,13194,1214,11760,0[CR],3102321390
F,44824,13057,11760,0[CR],3102321828
C,13158,1212,11760,0[CR],3102322265
F,44288,13055,11760,0[CR],3102322593
C,13230,1214,11760,0[CR],3102323031
F,44928,13071,11760,0[CR],3102323359
A,33744,44568,11760,0[CR],3102323906
Z,0,0,11760,0[CR],3102324453
Z,0,0,11760,0[CR],3102324890
Z,0,0,11760,0[CR],3102325437
Z,0,0,11760,0[CR],3102325875
Z,0,0,11760,0[CR],3102326421
Z,0,0,11760,0[CR],3102326968
Z,0,0,11760,0[CR],3102327406
Z,0,0,11760,0[CR],3102327953
Z,0,0,11760,0[CR],3102328390
Z,0,0,11760,0[CR],3102328937
Z,0,0,11760,0[CR],3102329375
Z,0,0,11760,0[CR],3102329921
Z,0,0,11760,0[CR],3102330468
Z,0,0,11760,0[CR],3102330906
Z,0,0,11760,0[CR],3102331453
Z,0,0,11760,0[CR],3102331890
Z,0,0,11760,0[CR],3102332437
Z,0,0,11760,0[CR],3102332984
Z,0,0,11760,0[CR],3102333203
F,42256,12999,11760,0[CR],3102333640
Z,0,0,11760,0[CR],3102334187
Z,0,0,11760,0[CR],3102334625
Z,0,0,11760,0[CR],3102335171
Z,0,0,11760,0[CR],3102335609
Z,0,0,11760,0[CR],3102336156
Z,0,0,11760,0[CR],3102336703
Z,0,0,11760,0[CR],3102337140
Z,0,0,11760,0[CR],3102337687
Z,0,0,11760,0[CR],3102338125
Z,0,0,11760,0[CR],3102338671
Z,0,0,11760,0[CR],3102339109
Z,0,0,11760,0[CR],3102339656
Z,0,0,11760,0[CR],3102340203
Z,0,0,11760,0[CR],3102340640
Z,0,0,11760,0[CR],3102341187
Z,0,0,11760,0[CR],3102341625
Z,0,0,11760,0[CR],3102342171
Z,0,0,11760,0[CR],3102342718
Z,0,0,11760,94[CR],3102343156
Z,0,0,11775,33[CR],3102343703
Z,0,0,11779,3[CR],3102343703
C,12997,1208,11779,3[CR],3102344140
F,44704,13086,11779,1[CR],3102344468
C,13218,1214,11779,0[CR],3102344906
F,44328,13069,11779,0[CR],3102345234
C,13169,1204,11779,0[CR],3102345671
F,44096,13059,11779,0[CR],3102346000
C,13150,1212,11779,0[CR],3102346437
F,43880,13054,11788,16[CR],3102346875
C,13138,912,11789,2[CR],3102347203
F,48752,13128,11789,1[CR],3102347640
C,13244,1204,11789,0[CR],3102347968
F,45632,13073,11789,0[CR],3102348406
A,33728,45136,11789,0[CR],3102348734
F,44952,13059,11789,0[CR],3102349171
C,13148,1204,11789,0[CR],3102349609
F,44568,13049,11789,0[CR],3102349937
C,13130,1198,11789,0[CR],3102350375
F,44304,13044,11791,39[CR],3102350703
C,13120,1208,11800,21[CR],3102351140
F,49736,13259,11808,22[CR],3102351468
C,13544,1200,11816,19[CR],3102351906
F,49512,13203,11824,21[CR],3102352343
C,13528,1206,11832,17[CR],3102352671
F,48032,13173,11840,20[CR],3102353109
C,13483,1206,11848,22[CR],3102353437
F,48872,13208,11856,18[CR],3102353875
C,13487,1202,11865,20[CR],3102354203
F,49736,13206,11873,22[CR],3102354640
A,33768,50400,11881,20[CR],3102355078
F,50672,13247,11889,21[CR],3102355406
C,13532,1208,11897,23[CR],3102355843
F,50744,13264,11905,19[CR],3102356171
C,13521,1216,11914,21[CR],3102356609
F,50752,13267,11921,22[CR],3102356937
C,13533,1240,11930,19[CR],3102357375
F,48616,13274,11938,21[CR],3102357812
C,13509,1268,11946,22[CR],3102358140
F,48800,13236,11954,20[CR],3102358578
C,13548,1264,11962,21[CR],3102358906
F,49064,13204,11970,18[CR],3102359343
C,13507,1264,11979,20[CR],3102359671
F,49064,13193,11987,22[CR],3102360109
C,13512,1246,11995,19[CR],3102360546
F,50384,13214,12003,20[CR],3102360875
A,33720,49832,12011,22[CR],3102361312
F,49560,13262,12019,19[CR],3102361703
C,13454,1262,12027,21[CR],3102362078
F,49264,13255,12035,22[CR],3102362421
C,13494,1270,12043,19[CR],3102362843
F,49544,13220,12052,21[CR],3102363281
C,13514,1262,12060,17[CR],3102363609
F,49840,13195,12068,19[CR],3102364046
C,13513,1240,12076,22[CR],3102364375
F,49160,13161,12084,17[CR],3102364812
C,13499,1232,12092,19[CR],3102365140
F,47648,13129,12100,22[CR],3102365578
C,13530,1216,12108,19[CR],3102366015
F,46488,13127,12117,21[CR],3102366343
C,13488,1214,12125,22[CR],3102366781
F,48312,13188,12133,19[CR],3102367109
A,33772,48712,12141,21[CR],3102367546
F,48696,13199,12149,22[CR],3102367875
C,13459,1230,12157,19[CR],3102368312
F,49152,13210,12165,21[CR],3102368750
C,13474,1236,12173,23[CR],3102369078
F,49408,13216,12181,19[CR],3102369515
C,13495,1258,12189,22[CR],3102369843
F,50248,13242,12197,17[CR],3102370281
C,13539,1236,12206,20[CR],3102370609
F,49328,13171,12214,22[CR],3102371046
C,13517,1220,12222,20[CR],3102371484
F,48632,13161,12230,20[CR],3102371812
C,13474,1222,12238,22[CR],3102372250
F,49328,13177,12246,19[CR],3102372578
C,13456,1244,12254,21[CR],3102373015
F,49624,13172,12262,23[CR],3102373343
A,33720,50240,12270,19[CR],3102373781
F,50320,13177,12279,21[CR],3102374218
C,13489,1228,12287,21[CR],3102374546
F,50856,13222,12295,19[CR],3102374984
C,13492,1240,12303,21[CR],3102375312
F,51032,13216,12311,17[CR],3102375750
C,13482,1240,12319,20[CR],3102376078
F,50584,13221,12328,22[CR],3102376515
C,13494,1264,12335,17[CR],3102376953
F,49928,13190,12344,21[CR],3102377281
C,13541,1268,12352,22[CR],3102377718
F,48616,13140,12360,19[CR],3102378046
C,13515,1280,12368,21[CR],3102378484
F,49224,13157,12376,22[CR],3102378812
C,13531,1254,12384,19[CR],3102379250
F,49096,13158,12392,21[CR],3102379687
A,33712,49528,12400,22[CR],3102380015
F,49608,13170,12409,20[CR],3102380468
C,13489,1252,12417,21[CR],3102380781
F,49080,13182,12424,17[CR],3102381218
C,13468,1270,12433,21[CR],3102381546
F,49896,13240,12441,22[CR],3102381984
C,13501,1252,12449,19[CR],3102382421
F,49648,13203,12457,21[CR],3102382750
C,13491,1256,12465,22[CR],3102383187
F,50096,13192,12473,19[CR],3102383515
C,13502,1270,12481,21[CR],3102383953
F,49704,13242,12489,23[CR],3102384281
C,13511,1272,12498,19[CR],3102384718
F,49432,13254,12506,21[CR],3102385156
C,13549,1262,12513,20[CR],3102385484
F,49568,13247,12522,19[CR],3102385921
A,33724,49896,12530,22[CR],3102386250
F,49616,13228,12537,18[CR],3102386687
C,13491,1270,12546,20[CR],3102387015
F,49976,13246,12554,22[CR],3102387453
C,13494,1270,12562,20[CR],3102387890
F,49856,13239,12571,20[CR],3102388218
C,13579,1270,12578,22[CR],3102388656
F,49528,13223,12586,20[CR],3102388984
C,13582,1270,12594,21[CR],3102389421
F,48624,13220,12602,22[CR],3102389750
C,13552,1270,12611,19[CR],3102390187
F,50144,13285,12619,21[CR],3102390625
C,13607,1270,12626,17[CR],3102390953
F,51376,13289,12635,20[CR],3102391390
C,13702,1266,12643,21[CR],3102391718
F,52064,13255,12651,18[CR],3102392156
A,33712,52152,12659,20[CR],3102392484
F,52376,13275,12667,22[CR],3102392937
C,13710,1270,12675,19[CR],3102393359
F,52536,13284,12683,21[CR],3102393687
C,13661,1268,12691,23[CR],3102394125
F,51656,13270,12699,19[CR],3102394453
C,13544,1254,12708,21[CR],3102394890
F,50544,13242,12715,18[CR],3102395218
C,13465,1270,12723,19[CR],3102395656
F,50040,13247,12732,22[CR],3102396093
C,13424,1270,12740,17[CR],3102396421
F,49888,13244,12748,20[CR],3102396859
C,13438,1266,12756,20[CR],3102397187
F,50144,13253,12764,19[CR],3102397625
C,13459,1270,12772,19[CR],3102397953
F,50296,13252,12780,22[CR],3102398390
A,33700,50352,12788,19[CR],3102398828
F,50240,13246,12797,21[CR],3102399203
C,13546,1270,12805,22[CR],3102399593
F,49800,13214,12813,19[CR],3102399921
C,13540,1278,12821,20[CR],3102400359
F,50880,13232,12829,22[CR],3102400687
C,13571,1274,12837,19[CR],3102401125
F,51432,13237,12846,21[CR],3102401562
C,13584,1262,12853,18[CR],3102401890
F,50504,13224,12862,20[CR],3102402328
C,13527,1280,12870,22[CR],3102402656
F,50624,13246,12878,19[CR],3102403093
C,13495,1284,12886,20[CR],3102403421
F,50848,13244,12894,22[CR],3102403859
C,13531,1284,12902,19[CR],3102404296
F,51624,13251,12911,20[CR],3102404625
A,33684,51640,12919,22[CR],3102405062
F,50944,13219,12927,19[CR],3102405390
C,13582,1274,12935,21[CR],3102405828
F,50384,13251,12943,20[CR],3102406156
C,13608,1300,12951,19[CR],3102406593
F,51544,13279,12959,21[CR],3102407031
C,13701,1300,12967,17[CR],3102407359
F,52352,13258,12976,20[CR],3102407796
C,13707,1326,12984,22[CR],3102408125
F,51992,13264,12991,17[CR],3102408562
C,13676,1314,13000,20[CR],3102408890
F,52592,13279,13008,22[CR],3102409328
C,13698,1322,13016,19[CR],3102409765
F,51984,13295,13024,21[CR],3102410093
C,13670,1340,13032,22[CR],3102410531
F,52160,13297,13040,19[CR],3102410859
A,33720,52752,13049,21[CR],3102411296
F,52736,13292,13057,22[CR],3102411625
C,13663,1330,13065,19[CR],3102412062
F,50816,13260,13073,22[CR],3102412500
C,13526,1330,13081,17[CR],3102412828
F,51032,13264,13089,20[CR],3102413265
C,13589,1336,13097,22[CR],3102413593
F,52080,13252,13105,19[CR],3102414031
C,13623,1334,13113,20[CR],3102414359
F,51160,13240,13121,22[CR],3102414796
C,13555,1340,13129,19[CR],3102415234
F,50832,13238,13138,21[CR],3102415562
C,13551,1338,13145,22[CR],3102416000
F,51264,13270,13154,19[CR],3102416328
C,13552,1338,13162,21[CR],3102416765
F,51576,13265,13170,23[CR],3102417093
A,33724,51584,13178,20[CR],3102417531
F,51632,13237,13186,22[CR],3102417968
C,13521,1336,13194,18[CR],3102418296
F,51808,13239,13202,20[CR],3102418734
C,13496,1334,13210,22[CR],3102419062
F,51056,13247,13218,19[CR],3102419500
C,13502,1340,13226,21[CR],3102419828
F,51160,13248,13234,22[CR],3102420265
C,13515,1340,13243,19[CR],3102420703
F,51776,13247,13251,21[CR],3102421031
C,13512,1344,13258,22[CR],3102421468
F,51920,13241,13267,19[CR],3102421796
C,13579,1344,13275,21[CR],3102422234
F,51408,13194,13283,17[CR],3102422562
C,13547,1334,13291,20[CR],3102423000
F,51752,13183,13299,22[CR],3102423437
A,33724,51968,13307,19[CR],3102423765
F,51536,13128,13315,20[CR],3102424203
C,13614,1334,13323,22[CR],3102424531
F,49960,13100,13331,19[CR],3102424968
C,13610,1344,13339,21[CR],3102425296
F,51032,13166,13347,22[CR],3102425734
C,13584,1344,13355,19[CR],3102426171
F,51784,13166,13364,21[CR],3102426500
C,13583,1336,13371,20[CR],3102426937
F,52808,13199,13380,20[CR],3102427265
C,13628,1352,13388,22[CR],3102427703
F,53312,13266,13396,17[CR],3102428031
C,13602,1330,13404,20[CR],3102428468
F,52920,13301,13412,22[CR],3102428906
C,13575,1344,13420,19[CR],3102429234
F,52792,13284,13428,21[CR],3102429671
A,33720,51936,13436,22[CR],3102430000
F,51472,13249,13444,19[CR],3102430437
C,13699,1348,13453,21[CR],3102430765
F,51336,13281,13461,22[CR],3102431203
C,13660,1352,13469,20[CR],3102431640
F,51440,13318,13477,21[CR],3102431968
C,13631,1356,13485,15[CR],3102432406
F,52448,13336,13493,20[CR],3102432734
C,13652,1366,13501,22[CR],3102433171
F,51840,13338,13509,19[CR],3102433500
C,13589,1370,13518,20[CR],3102433937
F,51584,13354,13525,22[CR],3102434375
C,13563,1362,13533,19[CR],3102434703
F,51888,13338,13542,20[CR],3102435140
C,13580,1366,13550,22[CR],3102435468
F,51896,13262,13558,19[CR],3102435906
A,33660,50112,13566,21[CR],3102436234
F,50952,13264,13574,22[CR],3102436671
C,13679,1352,13582,19[CR],3102437109
F,52496,13290,13590,21[CR],3102437437
C,13632,1352,13598,19[CR],3102437875
F,51952,13267,13607,20[CR],3102438203
C,13606,1378,13615,22[CR],3102438640
F,51960,13307,13623,18[CR],3102438968
C,13603,1386,13631,21[CR],3102439406
F,51384,13338,13639,22[CR],3102439843
C,13573,1382,13647,19[CR],3102440171
F,51136,13296,13655,21[CR],3102440609
C,13578,1364,13663,22[CR],3102440937
F,48344,13196,13671,19[CR],3102441375
C,13608,1378,13679,21[CR],3102441703
F,50112,13279,13687,23[CR],3102442140
A,33672,50520,13695,20[CR],3102442578
F,50752,13277,13704,21[CR],3102442906
C,13574,1356,13711,17[CR],3102443343
F,50984,13256,13720,20[CR],3102443671
C,13528,1362,13727,22[CR],3102444109
F,50648,13227,13735,18[CR],3102444437
C,13503,1348,13744,20[CR],3102444875
F,50904,13210,13751,22[CR],3102445312
C,13537,1340,13760,19[CR],3102445640
F,49928,13199,13760,2[CR],3102446078
C,13376,1352,13760,1[CR],3102446406
F,45128,12988,13760,0[CR],3102446843
C,13139,1344,13760,0[CR],3102447171
F,43728,12963,13760,0[CR],3102447609
C,13112,1342,13760,0[CR],3102448046
F,43136,12951,13760,0[CR],3102448375
A,33664,42928,13760,0[CR],3102448812
F,42824,12948,13760,7[CR],3102449140
C,13170,1336,13760,2[CR],3102449578
F,43072,12956,13760,1[CR],3102450015
Z,0,0,13760,0[CR],3102450562
Z,0,0,13760,0[CR],3102451109
Z,0,0,13760,0[CR],3102451546
Z,0,0,13760,0[CR],3102452093
Z,0,0,13760,0[CR],3102452640
Z,0,0,13760,0[CR],3102453078
Z,0,0,13760,0[CR],3102453625
Z,0,0,13760,0[CR],3102454062
Z,0,0,13760,0[CR],3102454609
Z,0,0,13760,0[CR],3102455046
Z,0,0,13760,0[CR],3102455593
Z,0,0,13760,0[CR],3102456031
Z,0,0,13760,0[CR],3102456578
Z,0,0,13760,0[CR],3102457125
Z,0,0,13760,0[CR],3102457562
Z,0,0,13760,0[CR],3102458109
Z,0,0,13760,0[CR],3102458546
Z,0,0,13760,0[CR],3102459093
Z,0,0,13760,0[CR],3102459531
Z,0,0,13760,0[CR],3102460078
Z,0,0,13760,0[CR],3102460625
Z,0,0,13760,0[CR],3102461062
Z,0,0,13760,0[CR],3102461609
Z,0,0,13760,0[CR],3102462046
Z,0,0,13760,0[CR],3102462593
Z,0,0,13760,0[CR],3102463031
Z,0,0,13760,0[CR],3102463578
Z,0,0,13760,0[CR],3102464125
Z,0,0,13760,0[CR],3102464562
Z,0,0,13760,0[CR],3102465109
Z,0,0,13760,0[CR],3102465546
Z,0,0,13760,0[CR],3102466093
Z,0,0,13760,0[CR],3102466531
Z,0,0,13760,0[CR],3102467078
Z,0,0,13760,0[CR],3102467625
Z,0,0,13760,0[CR],3102468062
Z,0,0,13760,79[CR],3102468609
Z,0,0,13778,15[CR],3102468718
C,12980,1344,13779,7[CR],3102469046
F,43584,13052,13779,1[CR],3102469484
C,13240,1342,13779,1[CR],3102469921
F,43504,12985,13779,0[CR],3102470250
C,13144,1332,13779,0[CR],3102470687
F,42920,12973,13779,0[CR],3102471015
C,13123,1330,13779,0[CR],3102471453
F,42736,12967,13782,206[CR],3102471781
C,13112,1344,13791,5[CR],3102472218
F,50584,13227,13791,2[CR],3102472656
C,13372,1352,13791,1[CR],3102472984
F,45272,13017,13791,0[CR],3102473421
A,33664,44400,13791,0[CR],3102473750
F,44200,12996,13791,0[CR],3102474187
C,13209,1342,13791,0[CR],3102474515
F,43792,12991,13791,0[CR],3102474953
C,13197,1338,13791,0[CR],3102475390
F,43600,12986,13791,0[CR],3102475718
C,13192,1344,13799,30[CR],3102476156
F,43448,13240,13807,18[CR],3102476484
C,13581,1346,13815,20[CR],3102476921
F,49952,13255,13823,21[CR],3102477250
C,13562,1368,13831,18[CR],3102477687
F,50912,13258,13840,20[CR],3102478125
C,13554,1394,13848,22[CR],3102478453
F,51216,13266,13856,19[CR],3102478890
C,13544,1364,13864,21[CR],3102479218
F,51128,13205,13872,23[CR],3102479656
A,33672,50896,13880,19[CR],3102479984
F,50776,13179,13888,21[CR],3102480421
C,13543,1330,13896,22[CR],3102480859
F,50600,13140,13904,19[CR],3102481187
C,13588,1332,13912,22[CR],3102481625
F,48480,13121,13920,17[CR],3102481953
C,13562,1334,13929,19[CR],3102482390
F,50576,13214,13937,22[CR],3102482718
C,13599,1356,13945,19[CR],3102483156
F,52216,13245,13953,20[CR],3102483593
C,13647,1350,13961,22[CR],3102483921
F,52776,13238,13969,19[CR],3102484359
C,13712,1328,13977,20[CR],3102484687
F,51496,13233,13985,22[CR],3102485125
C,13643,1352,13993,19[CR],3102485453
F,50808,13276,14002,21[CR],3102485890
A,33664,51728,14009,22[CR],3102486328
F,52032,13337,14018,19[CR],3102486656
C,13569,1358,14026,21[CR],3102487093
F,52712,13299,14034,18[CR],3102487421
C,13558,1368,14042,20[CR],3102487859
F,52232,13239,14050,22[CR],3102488187
C,13578,1390,14058,19[CR],3102488625
F,50816,13176,14066,20[CR],3102489062
C,13634,1350,14074,22[CR],3102489390
F,48280,13140,14082,19[CR],3102489828
C,13571,1350,14090,21[CR],3102490156
F,49880,13214,14098,22[CR],3102490593
C,13557,1358,14107,19[CR],3102490921
F,51312,13247,14115,21[CR],3102491359
C,13575,1380,14122,22[CR],3102491796
F,51576,13234,14131,19[CR],3102492125
A,33672,51688,14139,21[CR],3102492562
F,51888,13238,14147,17[CR],3102492937
C,13552,1364,14155,19[CR],3102493328
F,52040,13203,14163,22[CR],3102493656
C,13537,1386,14171,19[CR],3102494093
F,52072,13208,14180,21[CR],3102494531
C,13551,1364,14188,22[CR],3102494859
F,52344,13197,14196,19[CR],3102495296
C,13566,1398,14204,21[CR],3102495625
F,51608,13187,14212,23[CR],3102496062
C,13568,1368,14220,19[CR],3102496390
F,51024,13179,14228,22[CR],3102496828
C,13596,1384,14236,22[CR],3102497265
F,49856,13162,14245,20[CR],3102497593
C,13604,1368,14252,21[CR],3102498046
F,50480,13205,14260,17[CR],3102498375
A,33660,51600,14269,20[CR],3102498812
F,51736,13223,14277,22[CR],3102499140
C,13620,1396,14285,19[CR],3102499578
F,52312,13188,14293,20[CR],3102500015
C,13592,1380,14301,22[CR],3102500343
F,51880,13162,14309,19[CR],3102500781
C,13647,1394,14317,21[CR],3102501109
F,52168,13174,14325,22[CR],3102501546
C,13603,1392,14334,19[CR],3102501875
F,52432,13180,14342,21[CR],3102502312
C,13597,1380,14350,22[CR],3102502750
F,52016,13162,14358,20[CR],3102503078
C,13603,1372,14366,21[CR],3102503515
F,50992,13147,14374,17[CR],3102503843
C,13596,1388,14382,20[CR],3102504281
F,49984,13138,14390,22[CR],3102504609
A,33688,50400,14398,18[CR],3102505046
F,50736,13183,14406,21[CR],3102505484
C,13559,1384,14414,22[CR],3102505812
F,51432,13199,14422,19[CR],3102506250
C,13551,1394,14431,21[CR],3102506578
F,51840,13203,14438,23[CR],3102507015
C,13600,1384,14447,19[CR],3102507343
F,51672,13203,14455,21[CR],3102507781
C,13590,1366,14462,19[CR],3102508218
F,51360,13172,14471,20[CR],3102508546
C,13590,1384,14479,21[CR],3102508984
F,50784,13164,14487,19[CR],3102509312
C,13602,1380,14495,20[CR],3102509750
F,51936,13276,14503,22[CR],3102510078
C,13588,1384,14511,18[CR],3102510515
F,51864,13237,14519,21[CR],3102510953
A,33688,51840,14527,22[CR],3102511281
F,52040,13266,14535,19[CR],3102511718
C,13633,1392,14543,21[CR],3102512046
F,51784,13216,14551,16[CR],3102512484
C,13676,1390,14559,20[CR],3102512812
F,50400,13205,14568,21[CR],3102513250
C,13605,1392,14575,20[CR],3102513687
F,51592,13210,14584,20[CR],3102514015
C,13638,1384,14592,22[CR],3102514453
F,52600,13233,14600,19[CR],3102514781
C,13631,1386,14608,21[CR],3102515218
F,52576,13232,14616,22[CR],3102515546
C,13632,1392,14624,19[CR],3102515984
F,52984,13233,14632,21[CR],3102516421
C,13589,1388,14640,21[CR],3102516750
F,53088,13200,14648,19[CR],3102517187
A,33728,52712,14656,22[CR],3102517515
F,52920,13179,14664,18[CR],3102517953
C,13570,1384,14672,20[CR],3102518281
F,52848,13180,14680,22[CR],3102518718
C,13596,1384,14688,19[CR],3102519156
F,52648,13177,14696,20[CR],3102519484
C,13608,1378,14704,22[CR],3102519921
F,50984,13124,14712,19[CR],3102520250
C,13609,1372,14720,20[CR],3102520687
F,51512,13211,14728,17[CR],3102521015
C,13617,1392,14736,19[CR],3102521453
F,53064,13243,14744,21[CR],3102521890
C,13648,1388,14752,18[CR],3102522218
F,53496,13225,14760,20[CR],3102522656
C,13654,1392,14768,22[CR],3102522984
F,53904,13222,14776,19[CR],3102523421
A,33704,52792,14784,20[CR],3102523750
F,52360,13240,14792,22[CR],3102524187
C,13651,1388,14800,19[CR],3102524625
F,53560,13283,14809,21[CR],3102524953
C,13666,1392,14817,22[CR],3102525390
F,54344,13255,14825,19[CR],3102525718
C,13658,1388,14833,21[CR],3102526156
F,54320,13258,14841,16[CR],3102526484
C,13661,1392,14849,20[CR],3102526921
F,54808,13245,14857,22[CR],3102527359
C,13668,1382,14865,19[CR],3102527687
F,55024,13227,14873,20[CR],3102528125
C,13646,1372,14881,22[CR],3102528453
F,54744,13220,14889,19[CR],3102528890
C,13671,1380,14897,21[CR],3102529218
F,53400,13159,14905,22[CR],3102529656
A,33700,51704,14913,19[CR],3102530093
F,51896,13190,14921,21[CR],3102530453
C,13642,1388,14929,16[CR],3102530859
F,53592,13231,14937,19[CR],3102531187
C,13640,1392,14945,22[CR],3102531625
F,54024,13240,14953,19[CR],3102531953
C,13601,1388,14962,21[CR],3102532390
F,53608,13231,14970,22[CR],3102532828
C,13567,1388,14978,19[CR],3102533156
F,53648,13229,14986,21[CR],3102533593
C,13573,1392,14994,22[CR],3102533921
F,53992,13235,15002,19[CR],3102534359
C,13580,1388,15010,21[CR],3102534687
F,54360,13246,15017,18[CR],3102535125
C,13574,1388,15026,20[CR],3102535562
F,53648,13244,15034,21[CR],3102535890
A,33696,53552,15042,18[CR],3102536328
F,53648,13251,15050,20[CR],3102536656
C,13607,1392,15058,22[CR],3102537093
F,54016,13225,15066,19[CR],3102537421
C,13656,1384,15074,21[CR],3102537859
F,54000,13224,15082,22[CR],3102538296
C,13649,1392,15090,19[CR],3102538625
F,53336,13205,15098,21[CR],3102539062
C,13628,1388,15106,17[CR],3102539390
F,53848,13210,15114,20[CR],3102539828
C,13594,1392,15122,22[CR],3102540156
F,54272,13226,15130,19[CR],3102540593
C,13600,1384,15139,20[CR],3102541031
F,54424,13261,15146,22[CR],3102541359
C,13617,1392,15155,19[CR],3102541796
F,54480,13261,15163,21[CR],3102542125
A,33648,54656,15171,22[CR],3102542562
F,54872,13283,15179,19[CR],3102542890
C,13636,1388,15187,21[CR],3102543328
F,55552,13317,15195,19[CR],3102543765
C,13660,1394,15203,20[CR],3102544093
F,56064,13278,15211,21[CR],3102544531
C,13703,1398,15219,17[CR],3102544859
F,55016,13206,15227,20[CR],3102545296
C,13741,1392,15235,22[CR],3102545625
F,54688,13215,15243,19[CR],3102546062
C,13731,1396,15251,20[CR],3102546500
F,55576,13193,15259,22[CR],3102546828
C,13721,1402,15267,19[CR],3102547265
F,55424,13198,15275,21[CR],3102547593
C,13708,1398,15283,22[CR],3102548031
F,56104,13216,15292,19[CR],3102548359
A,33668,56432,15300,21[CR],3102548796
F,56552,13245,15307,20[CR],3102549234
C,13740,1388,15316,20[CR],3102549562
F,56536,13240,15324,21[CR],3102549921
C,13705,1392,15332,19[CR],3102550328
F,56536,13255,15340,20[CR],3102550765
C,13729,1392,15348,22[CR],3102551093
F,55784,13276,15356,19[CR],3102551531
C,13727,1392,15364,20[CR],3102551968
F,56872,13327,15372,20[CR],3102552296
C,13745,1404,15380,19[CR],3102552734
F,57312,13340,15388,21[CR],3102553062
C,13757,1414,15396,17[CR],3102553500
F,56872,13286,15404,20[CR],3102553828
C,13766,1390,15412,22[CR],3102554265
F,56896,13289,15420,19[CR],3102554703
A,33696,56136,15429,20[CR],3102555031
F,55800,13238,15436,22[CR],3102555468
C,13732,1408,15444,19[CR],3102555796
F,55544,13267,15453,21[CR],3102556234
C,13686,1396,15460,22[CR],3102556562
F,56032,13276,15469,19[CR],3102557000
C,13694,1406,15477,21[CR],3102557437
F,56344,13290,15484,16[CR],3102557765
C,13707,1422,15493,20[CR],3102558203
F,57424,13309,15501,22[CR],3102558531
C,13766,1418,15509,19[CR],3102558968
F,57872,13278,15517,20[CR],3102559296
C,13728,1440,15525,22[CR],3102559734
F,58072,13283,15533,19[CR],3102560171
C,13773,1458,15541,21[CR],3102560500
F,57672,13307,15549,22[CR],3102560937
A,33644,57472,15557,19[CR],3102561265
F,57184,13287,15565,21[CR],3102561703
C,13753,1462,15573,21[CR],3102562031
F,56832,13258,15581,20[CR],3102562468
C,13811,1466,15590,22[CR],3102562906
F,56192,13196,15597,17[CR],3102563234
C,13852,1456,15605,20[CR],3102563671
F,57352,13194,15614,22[CR],3102564000
C,13821,1466,15622,19[CR],3102564437
F,58024,13209,15630,21[CR],3102564765
C,13793,1456,15637,22[CR],3102565203
F,58296,13235,15646,19[CR],3102565640
C,13763,1436,15654,21[CR],3102565968
F,58296,13255,15661,18[CR],3102566406
C,13756,1448,15670,19[CR],3102566734
F,58040,13267,15678,21[CR],3102567171
A,33684,58088,15686,18[CR],3102567500
F,58272,13274,15694,20[CR],3102567937
C,13804,1458,15702,22[CR],3102568265
F,58856,13278,15710,18[CR],3102568703
C,13897,1460,15718,21[CR],3102569140
F,58400,13279,15726,22[CR],3102569468
C,13879,1460,15734,19[CR],3102569906
F,59296,13285,15742,21[CR],3102570234
C,13843,1466,15750,22[CR],3102570671
F,58984,13306,15758,20[CR],3102571109
C,13836,1456,15760,3[CR],3102571437
F,59896,13209,15760,1[CR],3102571875
C,13644,1466,15760,0[CR],3102572203
F,57072,13170,15760,0[CR],3102572640
C,13591,1466,15760,0[CR],3102572968
F,56584,13161,15760,0[CR],3102573406
A,33636,55936,15760,0[CR],3102573843
F,55736,13148,15760,0[CR],3102574171
C,13505,1460,15760,0[CR],3102574609
F,55760,13153,15760,0[CR],3102574937
C,13594,1460,15760,0[CR],3102575484
Z,0,0,15760,0[CR],3102575921
Z,0,0,15760,0[CR],3102576468
Z,0,0,15760,0[CR],3102577015
Z,0,0,15760,0[CR],3102577453
U,54648,95904,15760,0[CR],3102577890
Z,0,0,15760,0[CR],3102578437
Z,0,0,15760,0[CR],3102578875
Z,0,0,15760,0[CR],3102579421
Z,0,0,15760,0[CR],3102579859
Z,0,0,15760,0[CR],3102580406
Z,0,0,15760,0[CR],3102580953
Z,0,0,15760,0[CR],3102581390
Z,0,0,15760,0[CR],3102581937
Z,0,0,15760,0[CR],3102582375
Z,0,0,15760,0[CR],3102582921
Z,0,0,15760,0[CR],3102583468
Z,0,0,15760,0[CR],3102583906
Z,0,0,15760,0[CR],3102584453
Z,0,0,15760,0[CR],3102584890
Z,0,0,15760,0[CR],3102585437
Z,0,0,15760,0[CR],3102585875
Z,0,0,15760,0[CR],3102586421
Z,0,0,15760,0[CR],3102586968
Z,0,0,15760,0[CR],3102587406
Z,0,0,15760,0[CR],3102587953
Z,0,0,15760,0[CR],3102588390
Z,0,0,15760,0[CR],3102588937
Z,0,0,15760,0[CR],3102589484
Z,0,0,15760,0[CR],3102589921
Z,0,0,15760,0[CR],3102590468
Z,0,0,15760,0[CR],3102590906
Z,0,0,15760,0[CR],3102591453
Z,0,0,15760,0[CR],3102591890
Z,0,0,15760,0[CR],3102592437
Z,0,0,15760,0[CR],3102592984
Z,0,0,15760,0[CR],3102593421
Z,0,0,15760,64[CR],3102593968
Z,0,0,15766,64[CR],3102594406
Z,0,0,15777,7[CR],3102594515
C,13303,1464,15777,5[CR],3102594843
F,54480,13199,15777,1[CR],3102595281
C,13672,1470,15777,1[CR],3102595718
F,54792,13160,15777,0[CR],3102596046
C,13595,1460,15777,0[CR],3102596484
F,54552,13156,15777,0[CR],3102596812
C,13581,1456,15777,0[CR],3102597250
F,54368,13150,15782,29[CR],3102597578
C,13566,1430,15787,5[CR],3102598015
F,58920,13272,15787,1[CR],3102598453
A,33652,57992,15787,1[CR],3102598781
F,57752,13198,15787,0[CR],3102599218
C,13702,1460,15787,0[CR],3102599546
F,57264,13190,15787,0[CR],3102599984
C,13677,1460,15787,0[CR],3102600312
F,57032,13185,15787,0[CR],3102600750
C,13665,1456,15787,0[CR],3102601078
F,56768,13182,15787,0[CR],3102601515
C,13654,1464,15795,19[CR],3102601953
F,56568,13395,15803,19[CR],3102602281
C,13948,1464,15811,22[CR],3102602718
F,60048,13319,15819,18[CR],3102603046
C,13931,1464,15828,20[CR],3102603484
F,60912,13347,15836,22[CR],3102603921
C,13976,1460,15843,19[CR],3102604250
F,61328,13344,15852,21[CR],3102604687
A,33676,60888,15860,22[CR],3102605015
F,60104,13306,15868,19[CR],3102605453
C,13874,1452,15876,21[CR],3102605781
F,58048,13285,15884,22[CR],3102606218
C,13826,1464,15892,19[CR],3102606656
F,58600,13285,15900,21[CR],3102606984
C,13823,1470,15908,19[CR],3102607421
F,59048,13294,15916,20[CR],3102607750
C,13832,1460,15924,22[CR],3102608187
F,59080,13309,15932,18[CR],3102608515
C,13784,1460,15941,21[CR],3102608953
F,59600,13329,15948,22[CR],3102609390
C,13818,1464,15956,19[CR],3102609718
F,60760,13308,15965,21[CR],3102610156
C,13915,1470,15973,22[CR],3102610484
F,62008,13295,15981,19[CR],3102610921
A,33672,60792,15989,21[CR],3102611250
F,60352,13263,15997,20[CR],3102611687
C,13938,1470,16005,20[CR],3102612125
F,60520,13302,16013,21[CR],3102612453
C,13911,1474,16021,17[CR],3102612890
F,59488,13293,16029,20[CR],3102613218
C,13949,1474,16037,22[CR],3102613656
F,59112,13270,16045,19[CR],3102613984
C,13927,1474,16053,20[CR],3102614421
F,60120,13295,16061,22[CR],3102614859
C,13941,1478,16069,19[CR],3102615187
F,60232,13308,16077,21[CR],3102615625
C,13952,1478,16085,20[CR],3102615953
F,59968,13312,16093,19[CR],3102616390
C,13907,1490,16101,22[CR],3102616718
F,60328,13308,16109,17[CR],3102617156
A,33700,60328,16117,20[CR],3102617593
F,60144,13331,16125,21[CR],3102617921
C,13877,1504,16126,2[CR],3102618359
F,59304,13231,16126,1[CR],3102618687
C,13727,1514,16126,1[CR],3102619125
F,57872,13202,16126,0[CR],3102619453
C,13682,1518,16126,0[CR],3102619890
F,57552,13193,16126,0[CR],3102620328
C,13663,1518,16126,0[CR],3102620656
F,57352,13187,16126,0[CR],3102621093
C,13644,1526,16126,0[CR],3102621421
F,57192,13182,16126,0[CR],3102621859
C,13636,1518,16126,0[CR],3102622187
F,57032,13179,16126,0[CR],3102622625
C,13626,1522,16126,0[CR],3102623062
F,56944,13178,16126,0[CR],3102623390
A,33652,56864,16126,0
<PAUSE BUTTON 10:59:27>
[CR],3102623500
>
Reset interface. Wait time for interface: 47
>
Reset interface. Wait time for interface: 31DOFF
OK
>
Command: DOFF Wait time for interface: 110

>
Reset interface. Wait time for interface: 16CLEAR
OK
>
Command: CLEAR Wait time for interface: 109

<END BUTTON 11:05:59>

------------------- Begin end zero test --------------------
>
Reset interface. Wait time for interface: 110SCANG
Z,0,0,0,0
Z,0,0,0,0[CR],3103021406
Z,0,0,0,0[CR],3103021953
Z,0,0,0,0[CR],3103022171
F,11783,12694,0,0[CR],3103022609
C,12097,8164,0,0[CR],3103023046
F,11775,12693,0,0[CR],3103023375
A,33872,11777,0,0[CR],3103023812
F,11762,12695,0,0[CR],3103024140
C,12096,8394,0,0[CR],3103024578
F,11780,12695,0,0[CR],3103025015
C,12096,7812,0,0[CR],3103025359
F,11772,12695,0,0[CR],3103025812
C,12096,8108,0,0[CR],3103026156
F,11777,12696,0,0[CR],3103026500
C,12096,8373,0,0[CR],3103026937
F,11772,12696,0,0[CR],3103027296
C,12096,7820,0,0[CR],3103027734
F,11780,12695,0,0[CR],3103028062
C,12096,8397,0,0[CR],3103028515
F,11777,12695,0,0[CR],3103028843
C,12099,9191,0,0[CR],3103029281
F,11738,12668,0,0[CR],3103029625
A,33888,12043,0,0[CR],3103030078
F,12910,12705,0,0[CR],3103030406
C,12096,7650,0,0[CR],3103030843
F,12737,12706,0,0[CR],3103031171
C,12094,7810,0,0[CR],3103031609
F,12513,12705,0,0[CR],3103031937
C,12094,8006,0,0[CR],3103032375
F,12366,12703,0,0[CR],3103032812
C,12095,8002,0,0[CR],3103033140
F,12277,12706,0,0[CR],3103033578
C,12095,7950,0,0[CR],3103033906
F,12225,12704,0,0[CR],3103034343
C,12095,8213,0,0[CR],3103034671
F,12179,12705,0,0[CR],3103035109
C,12095,7416,0,0[CR],3103035546
F,12149,12704,0,0[CR],3103035875
A,33924,12135,0,0[CR],3103036328
F,12114,12706,0,0[CR],3103036656
C,12094,9063,0,0[CR],3103037093
F,12113,12704,0,0[CR],3103037421
C,12095,8503,0,0[CR],3103037859
F,12104,12705,0,0[CR],3103038296
C,12095,8287,0,0[CR],3103038406
>
Reset interface. Wait time for interface: 47

======== END OF TEST ========


