CPT-log version: 5.22
======== BEGIN OF TEST ========
DATE 05.10.2022

<Transmited Data>
<NEW BUTTON 09:30:18>
[^C][CR]
>[CR]
VER[CR][LF]
[^C][CR]
[^C][CR]
CLEAR[CR]
[^C][CR]
DOFF[CR]
[^C][CR]
SCANG[CR]
[^C][CR]
[^C][CR]
CLEAR[CR]

<START BUTTON 09:34:38>
[^C][CR]
[^C][CR]
DRON[CR]
SCANG[CR]

<PAUSE BUTTON 09:51:53>
[^C][CR]
[^C][CR]
DOFF[CR]
[^C][CR]
CLEAR[CR]

<END BUTTON 09:58:17>
[^C][CR]
SCANG[CR]
[^C][CR]


<Received Data>
<NEW BUTTON 09:30:18>
ÿ
>
Reset interface. Wait time for interface: 110>
>
Command: > Wait time for interface: 94
VER
M240,2364,0,0
>
Reset interface. Wait time for interface: 125
>
Reset interface. Wait time for interface: 110CLEAR
OK
>
Command: CLEAR Wait time for interface: 109

>
Reset interface. Wait time for interface: 109DOFF
OK
>
Command: DOFF Wait time for interface: 110

>
Reset interface. Wait time for interface: 110SCANG
C,12120,9817,0,0
F,13262,12622,0,0[CR],3702138250
C,12119,9262,0,0[CR],3702138687
F,13266,12623,0,0[CR],3702139015
C,12120,9529,0,0[CR],3702139453
F,13266,12622,0,0[CR],3702139890
C,12120,9471,0,0[CR],3702140234
F,13265,12623,0,0[CR],3702140671
C,12120,9425,0,0[CR],3702141000
F,13259,12623,0,0[CR],3702141437
C,12120,9352,0,0[CR],3702141781
F,13264,12623,0,0[CR],3702142234
A,35240,13256,0,0[CR],3702142562
F,13243,12624,0,0[CR],3702143015
C,12120,9288,0,0[CR],3702143359
F,13259,12623,0,0[CR],3702143796
C,12121,9272,0,0[CR],3702144125
F,13257,12624,0,0[CR],3702144468
>[CR],3702144468
>
Reset interface. Wait time for interface: 47
>
Reset interface. Wait time for interface: 78CLEAR
OK
>
Command: CLEAR Wait time for interface: 110

<START BUTTON 09:34:38>

>
Reset interface. Wait time for interface: 110
>
Reset interface. Wait time for interface: 109DRON
OK
>
Command: DRON Wait time for interface: 109
SCANG
F,26764,12660,0,0
A,35144,26652,0,0[CR],3702336359
F,26576,12662,0,0[CR],3702336687
C,12701,314,0,0[CR],3702337125
F,26440,12666,0,0[CR],3702337453
C,12684,320,0,0[CR],3702337890
F,26288,12661,0,0[CR],3702338328
C,12691,316,0,0[CR],3702338656
F,26196,12660,0,0[CR],3702339093
C,12695,308,0,0[CR],3702339421
F,26092,12661,0,0[CR],3702339859
C,12673,300,0,0[CR],3702340187
F,25900,12657,0,0[CR],3702340625
C,12661,312,0,0[CR],3702341062
F,25700,12653,0,0[CR],3702341390
C,12654,302,0,0[CR],3702341828
F,25632,12654,0,0[CR],3702342156
A,35116,25588,0,0[CR],3702342593
F,25556,12653,0,0[CR],3702342921
C,12656,322,0,0[CR],3702343359
F,25508,12655,0,0[CR],3702343796
C,12669,340,0,0[CR],3702344125
F,25456,12654,0,0[CR],3702344562
C,12662,310,0,0[CR],3702344890
F,25392,12653,0,0[CR],3702345328
C,12660,316,4,18[CR],3702345656
F,25332,12898,12,21[CR],3702346093
C,13002,320,21,22[CR],3702346531
F,28768,12943,30,24[CR],3702346859
C,12991,324,38,21[CR],3702347296
F,28796,12978,47,22[CR],3702347625
C,12969,322,55,24[CR],3702348062
F,28624,13013,64,21[CR],3702348390
A,35096,28504,73,22[CR],3702348828
F,28528,13051,81,23[CR],3702349265
C,12934,338,90,21[CR],3702349593
F,28244,13081,98,22[CR],3702350031
C,12932,344,107,23[CR],3702350359
F,28224,13088,115,20[CR],3702350796
C,12952,342,124,21[CR],3702351125
F,28436,13067,133,24[CR],3702351562
C,12935,326,141,20[CR],3702352000
F,28452,13036,150,22[CR],3702352328
C,12946,334,158,23[CR],3702352765
F,28616,13035,167,18[CR],3702353093
C,12972,342,176,21[CR],3702353531
F,28972,13025,184,22[CR],3702353859
C,12998,326,193,19[CR],3702354296
F,29392,12992,202,21[CR],3702354734
A,35060,29764,210,22[CR],3702355062
F,29720,12973,219,24[CR],3702355500
C,13019,338,227,20[CR],3702355828
F,29780,12966,236,22[CR],3702356265
C,13008,346,244,24[CR],3702356593
F,29780,12983,253,21[CR],3702357031
C,13011,352,262,22[CR],3702357468
F,29752,12999,270,24[CR],3702357796
C,13033,344,279,20[CR],3702358234
F,29936,13002,288,22[CR],3702358562
C,13043,352,296,23[CR],3702359000
F,29968,13015,305,21[CR],3702359328
C,13042,350,313,22[CR],3702359765
F,30160,13035,322,23[CR],3702360203
C,13038,342,330,19[CR],3702360531
F,30080,13034,339,21[CR],3702360968
A,35084,30060,348,22[CR],3702361296
F,30064,13035,356,18[CR],3702361734
C,13068,346,365,22[CR],3702362062
F,30220,13015,374,22[CR],3702362500
C,13088,348,382,21[CR],3702362937
F,30432,13007,391,21[CR],3702363265
C,13111,346,399,22[CR],3702363703
F,31572,13002,408,20[CR],3702364031
C,13111,346,416,21[CR],3702364468
F,31884,13034,425,22[CR],3702364796
C,13109,342,434,24[CR],3702365234
F,31744,13035,442,21[CR],3702365671
C,13098,352,451,22[CR],3702366000
F,31744,13041,459,23[CR],3702366437
C,13084,350,468,21[CR],3702366765
F,31704,13057,476,22[CR],3702367203
A,35020,31772,485,23[CR],3702367531
F,31804,13059,493,21[CR],3702367968
C,13171,352,502,22[CR],3702368406
F,31588,13082,510,24[CR],3702368734
C,13143,346,519,20[CR],3702369171
F,32872,13149,528,22[CR],3702369500
C,13112,356,536,23[CR],3702369937
F,32928,13182,545,21[CR],3702370265
C,13130,352,553,21[CR],3702370703
F,32992,13184,562,22[CR],3702371140
C,13126,352,570,20[CR],3702371468
F,33016,13185,579,21[CR],3702371906
C,13126,352,587,23[CR],3702372234
F,33040,13162,596,18[CR],3702372671
C,13122,350,604,21[CR],3702373000
F,33096,13183,613,22[CR],3702373437
A,35036,32884,621,19[CR],3702373875
F,32716,13182,630,21[CR],3702374203
C,13066,352,639,22[CR],3702374640
F,32404,13149,647,20[CR],3702374968
C,13068,358,656,21[CR],3702375406
F,32276,12996,664,22[CR],3702375734
C,13085,348,673,24[CR],3702376171
F,32612,12961,681,21[CR],3702376609
C,13098,338,690,22[CR],3702376937
F,32684,12973,698,24[CR],3702377375
C,13089,352,707,21[CR],3702377703
F,32552,12980,715,22[CR],3702378140
C,13074,346,724,22[CR],3702378468
F,32324,12957,732,20[CR],3702378906
C,13079,346,741,22[CR],3702379343
F,32284,12951,750,23[CR],3702379671
A,34992,32356,758,20[CR],3702380109
F,32300,12977,767,22[CR],3702380437
C,13086,346,775,23[CR],3702380875
F,32476,13014,784,20[CR],3702381203
C,13100,352,793,22[CR],3702381640
F,32564,13021,801,22[CR],3702382078
C,13105,348,810,20[CR],3702382406
F,32588,13019,818,21[CR],3702382843
C,13097,348,827,22[CR],3702383171
F,32540,12998,835,19[CR],3702383609
C,13105,352,844,21[CR],3702383937
F,32600,13014,852,24[CR],3702384375
C,13106,362,861,18[CR],3702384812
F,32580,13026,870,21[CR],3702385140
C,13085,346,878,23[CR],3702385578
F,32356,13023,886,22[CR],3702385906
A,35024,32088,895,21[CR],3702386343
F,32068,13032,904,22[CR],3702386671
C,13079,360,912,21[CR],3702387109
F,32204,13030,921,21[CR],3702387546
C,13091,352,929,22[CR],3702387875
F,32420,13060,938,22[CR],3702388312
C,13092,356,947,20[CR],3702388640
F,32528,13049,955,22[CR],3702389078
C,13116,372,963,24[CR],3702389406
F,32584,13053,972,21[CR],3702389843
C,13133,360,981,22[CR],3702390281
F,32724,13041,989,22[CR],3702390609
C,13114,352,998,21[CR],3702391046
F,32496,13034,1007,22[CR],3702391375
C,13086,352,1015,23[CR],3702391812
F,32324,13005,1023,20[CR],3702392140
A,34928,32240,1032,22[CR],3702392578
F,32152,13012,1040,24[CR],3702392906
C,13061,358,1049,20[CR],3702393343
F,32004,13013,1058,22[CR],3702393781
C,13060,374,1066,23[CR],3702394109
F,32028,13023,1074,20[CR],3702394546
C,13064,370,1083,22[CR],3702394875
F,32168,13017,1092,23[CR],3702395312
C,13104,408,1100,21[CR],3702395750
F,32660,13009,1109,21[CR],3702396078
C,13141,374,1117,22[CR],3702396515
F,32920,12984,1126,18[CR],3702396843
C,13154,384,1135,21[CR],3702397281
F,33040,12973,1143,22[CR],3702397609
C,13171,384,1151,18[CR],3702398046
F,33240,12975,1160,21[CR],3702398484
A,34924,33248,1169,22[CR],3702398812
F,33732,12972,1177,24[CR],3702399250
C,13146,398,1186,21[CR],3702399578
F,33516,12972,1195,22[CR],3702400015
C,13137,398,1203,24[CR],3702400343
F,33384,12993,1212,20[CR],3702400781
C,13105,394,1220,22[CR],3702401109
F,33300,13023,1229,22[CR],3702401546
C,13087,398,1237,20[CR],3702401984
F,32980,13027,1246,22[CR],3702402312
C,13080,414,1254,23[CR],3702402750
F,32916,13040,1263,21[CR],3702403078
C,13100,410,1271,22[CR],3702403515
F,33000,13043,1280,23[CR],3702403953
C,13120,428,1288,21[CR],3702404281
F,33248,13043,1297,22[CR],3702404718
A,34888,33352,1305,23[CR],3702405046
F,33412,13028,1314,21[CR],3702405484
C,13165,424,1323,22[CR],3702405812
F,33536,13004,1331,22[CR],3702406250
C,13170,418,1339,20[CR],3702406687
F,33536,12974,1348,22[CR],3702407015
C,13154,406,1357,22[CR],3702407453
F,33364,12991,1365,19[CR],3702407781
C,13130,430,1374,21[CR],3702408218
F,33436,13008,1382,22[CR],3702408656
C,13110,422,1391,19[CR],3702408984
F,33292,13031,1400,21[CR],3702409421
C,13104,426,1408,22[CR],3702409750
F,33252,13038,1416,19[CR],3702410187
C,13104,430,1425,21[CR],3702410515
F,33172,13037,1434,22[CR],3702410953
A,34860,33160,1442,22[CR],3702411390
F,33160,13030,1451,21[CR],3702411718
C,13113,430,1459,22[CR],3702412156
F,33216,13024,1468,24[CR],3702412484
C,13117,430,1476,21[CR],3702412921
F,33300,13009,1485,22[CR],3702413250
C,13133,436,1493,23[CR],3702413687
F,33444,12993,1502,20[CR],3702414125
C,13148,440,1511,22[CR],3702414453
F,33576,12972,1519,23[CR],3702414890
C,13175,422,1528,21[CR],3702415218
F,33644,12947,1537,22[CR],3702415656
C,13172,426,1545,22[CR],3702415984
F,33812,12953,1553,21[CR],3702416421
C,13214,426,1562,22[CR],3702416859
F,34024,12961,1571,23[CR],3702417187
A,34828,34104,1579,21[CR],3702417625
F,34304,12983,1588,22[CR],3702417953
C,13163,434,1596,22[CR],3702418390
F,34360,13006,1604,21[CR],3702418718
C,13162,436,1613,21[CR],3702419156
F,34492,13044,1622,23[CR],3702419593
C,13152,438,1630,19[CR],3702419921
F,34400,13077,1639,21[CR],3702420359
C,13176,430,1648,22[CR],3702420687
F,34468,13081,1656,18[CR],3702421125
C,13183,430,1665,21[CR],3702421453
F,34536,13077,1673,22[CR],3702421890
C,13197,430,1681,18[CR],3702422328
F,34336,13047,1690,21[CR],3702422656
C,13175,432,1699,22[CR],3702423093
F,34144,13034,1707,24[CR],3702423421
A,34844,34340,1716,21[CR],3702423859
F,34324,13048,1724,22[CR],3702424187
C,13150,446,1730,6[CR],3702424625
F,34272,13025,1730,1[CR],3702425171
Z,0,0,1730,0[CR],3702425390
F,32492,12715,1730,0[CR],3702425828
C,12941,446,1730,0[CR],3702426156
F,29864,12627,1730,0[CR],3702426593
C,12719,446,1730,0[CR],3702426921
F,29788,12636,1730,0[CR],3702427359
C,12850,448,1730,0[CR],3702427796
F,30900,12644,1730,0[CR],3702428125
C,12835,448,1730,0[CR],3702428671
Z,0,0,1730,0[CR],3702429109
Z,0,0,1730,0[CR],3702429656
Z,0,0,1730,0[CR],3702430093
Z,0,0,1730,0[CR],3702430640
Z,0,0,1730,0[CR],3702431078
Z,0,0,1730,0[CR],3702431625
Z,0,0,1730,0[CR],3702432171
Z,0,0,1730,0[CR],3702432609
Z,0,0,1730,0[CR],3702433156
Z,0,0,1730,0[CR],3702433593
Z,0,0,1730,0[CR],3702434140
Z,0,0,1730,0[CR],3702434578
Z,0,0,1730,0[CR],3702435125
Z,0,0,1730,0[CR],3702435671
Z,0,0,1730,0[CR],3702436109
Z,0,0,1730,0[CR],3702436656
Z,0,0,1730,0[CR],3702436765
C,12699,458,1730,0[CR],3702437093
F,29012,12628,1730,0[CR],3702437640
Z,0,0,1730,0[CR],3702438078
Z,0,0,1730,0[CR],3702438625
Z,0,0,1730,0[CR],3702439171
Z,0,0,1730,0[CR],3702439500
F,29172,12635,1730,0[CR],3702439937
Z,0,0,1730,0[CR],3702440484
Z,0,0,1730,0[CR],3702440921
Z,0,0,1730,0[CR],3702441468
Z,0,0,1730,0[CR],3702442015
Z,0,0,1730,0[CR],3702442453
Z,0,0,1730,0[CR],3702443000
Z,0,0,1730,0[CR],3702443437
Z,0,0,1730,0[CR],3702443984
Z,0,0,1730,0[CR],3702444421
Z,0,0,1730,0[CR],3702444968
Z,0,0,1730,0[CR],3702445515
Z,0,0,1730,0[CR],3702445953
Z,0,0,1730,0[CR],3702446500
Z,0,0,1730,0[CR],3702446937
Z,0,0,1730,0[CR],3702447484
Z,0,0,1730,44[CR],3702447921
Z,0,0,1730,49[CR],3702448468
Z,0,0,1730,51[CR],3702449015
Z,0,0,1730,47[CR],3702449453
Z,0,0,1741,8[CR],3702450000
Z,0,0,1745,3[CR],3702450000
C,12901,456,1745,2[CR],3702450437
F,32244,12653,1745,1[CR],3702450765
C,12863,442,1745,0[CR],3702451203
F,31636,12642,1745,0[CR],3702451531
C,12859,460,1745,0[CR],3702451968
F,31408,12642,1745,0[CR],3702452406
C,12858,454,1745,0[CR],3702452734
F,31300,12641,1745,0[CR],3702453171
C,12847,446,1755,68[CR],3702453500
F,31176,12650,1755,2[CR],3702453937
C,13071,278,1755,1[CR],3702454265
F,32596,12650,1755,0[CR],3702454703
A,34692,32220,1755,0[CR],3702455140
F,32120,12652,1755,0[CR],3702455468
C,12903,460,1755,0[CR],3702455906
F,31840,12652,1755,0[CR],3702456234
C,12882,452,1755,0[CR],3702456671
F,31628,12648,1755,0[CR],3702457000
C,12866,452,1756,0[CR],3702457437
F,31420,12646,1767,23[CR],3702457875
C,13174,452,1775,19[CR],3702458203
F,34748,12970,1785,21[CR],3702458640
C,13184,458,1793,22[CR],3702458968
F,34836,12981,1801,19[CR],3702459406
C,13205,438,1810,21[CR],3702459734
F,35048,12986,1819,22[CR],3702460171
C,13229,450,1827,19[CR],3702460609
F,35060,12981,1836,21[CR],3702460937
A,34672,34836,1844,22[CR],3702461375
F,34768,12972,1853,23[CR],3702461703
C,13207,444,1862,21[CR],3702462140
F,34836,12979,1870,22[CR],3702462468
C,13195,448,1878,23[CR],3702462906
F,34828,12978,1887,21[CR],3702463343
C,13180,452,1896,22[CR],3702463671
F,34740,12995,1904,23[CR],3702464109
C,13158,454,1913,21[CR],3702464437
F,34644,12977,1922,22[CR],3702464875
C,13162,454,1930,23[CR],3702465203
F,34656,12950,1939,21[CR],3702465640
C,13177,448,1947,22[CR],3702466078
F,34840,12947,1956,23[CR],3702466406
C,13208,450,1965,21[CR],3702466843
F,35108,12945,1973,21[CR],3702467171
A,34644,35708,1982,23[CR],3702467609
F,35728,12919,1990,19[CR],3702467937
C,13239,468,1999,21[CR],3702468375
F,35448,12918,2007,22[CR],3702468812
C,13228,454,2015,18[CR],3702469140
F,35284,12927,2025,21[CR],3702469578
C,13230,458,2033,22[CR],3702469906
F,35352,12940,2041,18[CR],3702470343
C,13223,460,2050,20[CR],3702470671
F,35392,12984,2059,22[CR],3702471109
C,13204,444,2067,24[CR],3702471546
F,35432,12971,2076,21[CR],3702471875
C,13208,458,2084,22[CR],3702472312
F,35316,12967,2093,24[CR],3702472640
C,13195,456,2102,21[CR],3702473078
F,35140,12975,2110,22[CR],3702473406
A,34616,35232,2119,24[CR],3702473843
F,35368,12965,2127,21[CR],3702474281
C,13254,460,2136,22[CR],3702474609
F,35752,12972,2144,23[CR],3702475046
C,13262,466,2153,20[CR],3702475375
F,35928,12971,2162,21[CR],3702475812
C,13267,454,2170,23[CR],3702476140
F,35984,12952,2178,21[CR],3702476578
C,13270,444,2187,22[CR],3702477015
F,35796,12973,2196,23[CR],3702477343
C,13252,452,2204,18[CR],3702477781
F,35760,12994,2213,22[CR],3702478109
C,13218,460,2222,22[CR],3702478546
F,35680,13015,2230,18[CR],3702478875
C,13208,456,2239,21[CR],3702479312
F,35632,13023,2247,23[CR],3702479750
A,34544,35580,2255,21[CR],3702480078
F,35548,13019,2264,21[CR],3702480515
C,13193,460,2273,22[CR],3702480843
F,35600,13004,2281,20[CR],3702481281
C,13203,456,2290,21[CR],3702481609
F,35764,13009,2299,22[CR],3702482046
C,13265,448,2307,23[CR],3702482484
F,36312,12995,2316,21[CR],3702482812
C,13302,454,2325,22[CR],3702483250
F,36360,13007,2333,24[CR],3702483578
C,13278,452,2342,20[CR],3702484015
F,36372,12980,2350,21[CR],3702484343
C,13280,452,2359,23[CR],3702484781
F,36184,13017,2367,20[CR],3702485218
C,13254,462,2376,22[CR],3702485546
F,36072,13058,2384,22[CR],3702485984
A,34548,36228,2393,21[CR],3702486312
F,36248,13088,2402,22[CR],3702486671
C,13272,470,2410,22[CR],3702487078
F,36072,13082,2418,21[CR],3702487515
C,13220,462,2427,22[CR],3702487953
F,36008,13097,2436,22[CR],3702488281
C,13207,456,2444,21[CR],3702488718
F,35972,13077,2453,21[CR],3702489046
C,13227,456,2461,23[CR],3702489484
F,36312,13126,2469,18[CR],3702489812
C,13275,460,2478,22[CR],3702490250
F,36624,13104,2487,22[CR],3702490687
C,13305,458,2495,18[CR],3702491015
F,36540,13063,2504,21[CR],3702491453
C,13287,464,2512,22[CR],3702491781
F,36436,13058,2521,18[CR],3702492218
A,34556,36436,2529,21[CR],3702492546
F,36272,13059,2538,22[CR],3702492984
C,13248,460,2546,24[CR],3702493421
F,36464,13085,2555,21[CR],3702493781
C,13284,458,2564,22[CR],3702494187
F,36852,13111,2572,23[CR],3702494515
C,13348,478,2580,20[CR],3702494953
F,37268,13062,2589,22[CR],3702495281
C,13372,460,2597,22[CR],3702495718
F,37212,13082,2606,21[CR],3702496156
C,13305,472,2615,22[CR],3702496484
F,36488,13059,2623,24[CR],3702496921
C,13281,480,2632,21[CR],3702497250
F,36656,13094,2640,22[CR],3702497687
C,13342,470,2649,23[CR],3702498015
F,37268,13131,2657,21[CR],3702498453
A,34512,37212,2666,22[CR],3702498890
F,37120,13172,2674,23[CR],3702499218
C,13332,466,2683,21[CR],3702499656
F,36868,13144,2691,22[CR],3702499984
C,13347,470,2700,23[CR],3702500421
F,36996,13170,2708,21[CR],3702500750
C,13322,498,2717,21[CR],3702501187
F,36652,13201,2726,22[CR],3702501625
C,13255,472,2734,21[CR],3702501953
F,36220,13241,2742,21[CR],3702502390
C,13226,480,2751,23[CR],3702502718
F,36128,13192,2759,19[CR],3702503156
C,13271,520,2768,21[CR],3702503484
F,36536,13220,2777,22[CR],3702503921
C,13291,490,2785,20[CR],3702504250
F,36892,13146,2794,21[CR],3702504687
A,34468,37120,2803,22[CR],3702505125
F,37076,13154,2811,21[CR],3702505453
C,13211,492,2819,21[CR],3702505890
F,36496,13103,2828,22[CR],3702506218
C,13180,492,2836,21[CR],3702506656
F,36240,13083,2845,20[CR],3702507093
C,13196,516,2854,22[CR],3702507421
F,36456,13066,2862,22[CR],3702507859
C,13239,510,2870,21[CR],3702508187
F,36752,13096,2879,22[CR],3702508625
C,13290,514,2887,23[CR],3702508953
F,37252,13037,2896,22[CR],3702509390
C,13378,502,2905,22[CR],3702509828
F,37088,13018,2913,24[CR],3702510156
C,13433,500,2922,21[CR],3702510593
F,36712,13079,2930,22[CR],3702510921
A,34436,37132,2939,23[CR],3702511359
F,37280,13097,2947,21[CR],3702511687
C,13326,512,2956,22[CR],3702512125
F,37220,13118,2964,23[CR],3702512453
C,13297,504,2973,21[CR],3702512890
F,37708,13134,2982,22[CR],3702513328
C,13306,492,2990,22[CR],3702513656
F,37800,13091,2999,20[CR],3702514093
C,13312,528,3007,22[CR],3702514421
F,37716,13077,3016,22[CR],3702514859
C,13289,510,3024,19[CR],3702515187
F,37620,13040,3033,21[CR],3702515625
C,13284,518,3041,22[CR],3702516062
F,37584,13019,3050,19[CR],3702516390
C,13254,528,3058,21[CR],3702516828
F,37444,13029,3067,22[CR],3702517156
A,34424,37568,3075,19[CR],3702517593
F,37584,13009,3084,21[CR],3702517921
C,13284,528,3092,22[CR],3702518359
F,37600,12972,3101,17[CR],3702518796
C,13290,524,3109,22[CR],3702519125
F,37484,12981,3118,22[CR],3702519562
C,13311,530,3126,18[CR],3702519890
F,37344,13007,3135,21[CR],3702520328
C,13299,550,3143,22[CR],3702520656
F,37148,12998,3152,23[CR],3702521093
C,13324,542,3161,21[CR],3702521531
F,37296,13002,3169,22[CR],3702521859
C,13296,530,3177,24[CR],3702522296
F,37552,13007,3186,21[CR],3702522625
C,13236,548,3195,22[CR],3702523062
F,37316,12956,3203,23[CR],3702523390
A,34408,37396,3212,20[CR],3702523828
F,37352,12938,3220,22[CR],3702524187
C,13245,538,3228,23[CR],3702524593
F,37144,12950,3237,20[CR],3702525031
C,13228,558,3245,22[CR],3702525359
F,36956,12948,3254,23[CR],3702525796
C,13218,550,3262,20[CR],3702526125
F,36804,12946,3271,22[CR],3702526562
C,13219,556,3279,23[CR],3702527000
F,36660,12966,3288,20[CR],3702527328
C,13205,554,3296,22[CR],3702527765
F,36384,12970,3305,24[CR],3702528093
C,13190,548,3313,21[CR],3702528531
F,36120,12968,3322,22[CR],3702528859
C,13213,550,3330,23[CR],3702529296
F,36308,12976,3339,21[CR],3702529734
A,34412,36488,3347,22[CR],3702530062
F,36480,12962,3356,22[CR],3702530500
C,13363,546,3364,21[CR],3702530828
F,36912,13022,3373,22[CR],3702531265
C,13377,546,3381,23[CR],3702531593
F,37392,12976,3390,21[CR],3702532031
C,13318,540,3399,22[CR],3702532468
F,37768,12879,3407,23[CR],3702532796
C,13319,566,3415,19[CR],3702533234
F,37932,12899,3424,21[CR],3702533562
C,13306,550,3432,22[CR],3702534000
F,38304,12943,3441,18[CR],3702534328
C,13381,558,3449,21[CR],3702534765
F,38972,12946,3458,22[CR],3702535203
C,13417,564,3466,18[CR],3702535531
F,38536,12981,3475,21[CR],3702535968
A,34380,38620,3483,22[CR],3702536296
F,38612,13002,3492,19[CR],3702536734
C,13382,560,3500,21[CR],3702537062
F,39060,13060,3509,23[CR],3702537500
C,13402,552,3517,17[CR],3702537937
F,39240,13112,3526,21[CR],3702538265
C,13384,562,3535,22[CR],3702538703
F,39020,13154,3543,21[CR],3702539031
C,13387,544,3551,21[CR],3702539468
F,39124,13185,3560,22[CR],3702539796
C,13392,566,3568,20[CR],3702540234
F,38980,13177,3577,21[CR],3702540671
C,13379,578,3586,22[CR],3702541000
F,39052,13226,3594,19[CR],3702541437
C,13381,568,3602,20[CR],3702541765
F,39152,13212,3611,22[CR],3702542203
A,34356,39120,3619,24[CR],3702542531
F,38984,13217,3628,21[CR],3702542968
C,13341,598,3636,22[CR],3702543406
F,38804,13170,3645,24[CR],3702543734
C,13346,584,3653,20[CR],3702544171
F,38940,13146,3662,22[CR],3702544500
C,13346,578,3670,24[CR],3702544937
F,38888,13130,3679,21[CR],3702545265
C,13327,582,3687,22[CR],3702545703
F,38732,13120,3696,23[CR],3702546140
C,13316,582,3704,21[CR],3702546468
F,38692,13046,3713,22[CR],3702546906
C,13315,584,3721,24[CR],3702547234
F,38740,13038,3730,21[CR],3702547671
C,13301,586,3730,2[CR],3702548000
F,38028,12775,3730,1[CR],3702548437
A,34348,37044,3730,0[CR],3702548875
F,36852,12749,3730,0[CR],3702549203
C,13066,600,3730,0[CR],3702549640
F,34684,12636,3730,0[CR],3702550078
Z,0,0,3730,0[CR],3702550406
F,35288,12693,3730,0[CR],3702550843
C,13048,588,3730,0[CR],3702551171
F,35904,12661,3730,0[CR],3702551718
Z,0,0,3730,0[CR],3702552156
Z,0,0,3730,0[CR],3702552703
Z,0,0,3730,0[CR],3702553140
Z,0,0,3730,0[CR],3702553687
Z,0,0,3730,0[CR],3702554234
Z,0,0,3730,0[CR],3702554671
Z,0,0,3730,0[CR],3702555218
Z,0,0,3730,0[CR],3702555656
Z,0,0,3730,0[CR],3702556203
Z,0,0,3730,0[CR],3702556640
Z,0,0,3730,0[CR],3702557187
Z,0,0,3730,0[CR],3702557734
Z,0,0,3730,0[CR],3702558171
Z,0,0,3730,0[CR],3702558718
Z,0,0,3730,0[CR],3702559156
Z,0,0,3730,0[CR],3702559703
Z,0,0,3730,0[CR],3702560140
Z,0,0,3730,0[CR],3702560687
Z,0,0,3730,0[CR],3702561234
Z,0,0,3730,0[CR],3702561671
Z,0,0,3730,0[CR],3702562109
F,33220,12633,3730,0[CR],3702562656
Z,0,0,3730,0[CR],3702563093
Z,0,0,3730,0[CR],3702563640
Z,0,0,3730,0[CR],3702564078
Z,0,0,3730,0[CR],3702564625
Z,0,0,3730,0[CR],3702565171
Z,0,0,3730,0[CR],3702565609
Z,0,0,3730,0[CR],3702566156
Z,0,0,3730,0[CR],3702566593
Z,0,0,3730,0[CR],3702567140
Z,0,0,3730,0[CR],3702567578
Z,0,0,3730,0[CR],3702568125
Z,0,0,3730,0[CR],3702568671
Z,0,0,3730,0[CR],3702569109
Z,0,0,3730,0[CR],3702569656
Z,0,0,3730,0[CR],3702570093
Z,0,0,3730,0[CR],3702570640
Z,0,0,3730,0[CR],3702571078
Z,0,0,3730,3[CR],3702571625
Z,0,0,3730,60[CR],3702572171
Z,0,0,3730,86[CR],3702572609
Z,0,0,3754,25[CR],3702573046
F,33616,12673,3754,2[CR],3702573484
A,34268,35412,3754,1[CR],3702573812
F,35220,12652,3754,0[CR],3702574250
C,12974,594,3754,0[CR],3702574578
F,35048,12649,3754,0[CR],3702575015
C,12963,588,3754,0[CR],3702575453
F,34940,12649,3754,0[CR],3702575781
C,12954,598,3754,0[CR],3702576218
F,34876,12648,3754,0[CR],3702576546
C,12950,586,3755,0[CR],3702576984
F,34808,12650,3758,2[CR],3702577312
C,13272,590,3758,1[CR],3702577750
F,36924,12707,3758,0[CR],3702578187
C,13099,584,3758,0[CR],3702578515
F,36552,12687,3758,0[CR],3702578953
C,13080,582,3758,0[CR],3702579281
F,36320,12673,3758,0[CR],3702579718
A,34272,36180,3758,0[CR],3702580046
F,36116,12670,3758,0[CR],3702580484
C,13058,570,3758,0[CR],3702580921
F,35996,12668,3763,20[CR],3702581250
C,13051,588,3771,21[CR],3702581687
F,38840,12973,3780,22[CR],3702582015
C,13336,586,3788,20[CR],3702582453
F,39268,12990,3797,21[CR],3702582781
C,13339,590,3805,23[CR],3702583218
F,39720,13032,3814,18[CR],3702583656
C,13322,574,3823,21[CR],3702583984
F,39656,13020,3831,22[CR],3702584421
C,13334,576,3839,18[CR],3702584750
F,39600,13045,3848,21[CR],3702585187
C,13313,584,3857,22[CR],3702585515
F,39480,13045,3865,24[CR],3702585953
A,34244,39444,3874,21[CR],3702586390
F,39448,13040,3883,22[CR],3702586718
C,13306,586,3891,23[CR],3702587156
F,39344,13065,3899,20[CR],3702587484
C,13298,586,3908,22[CR],3702587921
F,39356,13065,3917,23[CR],3702588250
C,13291,582,3925,21[CR],3702588687
F,39360,13058,3934,22[CR],3702589125
C,13294,586,3942,23[CR],3702589453
F,39444,13053,3951,20[CR],3702589890
C,13326,588,3960,22[CR],3702590218
F,39612,13032,3968,23[CR],3702590656
C,13318,578,3977,20[CR],3702590984
F,39552,13034,3985,22[CR],3702591421
C,13309,584,3994,23[CR],3702591859
F,39656,13028,4002,19[CR],3702592187
A,34208,39700,4011,22[CR],3702592625
F,39716,13029,4020,22[CR],3702592953
C,13321,590,4028,20[CR],3702593390
F,39764,13025,4037,21[CR],3702593718
C,13317,594,4045,22[CR],3702594156
F,39712,13024,4053,19[CR],3702594593
C,13332,588,4062,21[CR],3702594921
F,39924,13014,4071,22[CR],3702595359
C,13359,592,4079,19[CR],3702595687
F,40296,13008,4088,21[CR],3702596125
C,13412,594,4097,22[CR],3702596453
F,40224,13000,4105,22[CR],3702596890
C,13390,618,4114,21[CR],3702597328
F,40192,13014,4123,22[CR],3702597656
C,13401,598,4131,23[CR],3702598093
F,40528,13034,4139,21[CR],3702598421
A,34188,40344,4148,22[CR],3702598859
F,40228,13042,4156,23[CR],3702599187
C,13354,604,4165,21[CR],3702599625
F,39716,13051,4174,22[CR],3702600062
C,13307,624,4182,23[CR],3702600390
F,39332,13071,4191,21[CR],3702600828
C,13326,620,4200,22[CR],3702601156
F,40024,13100,4208,23[CR],3702601593
C,13402,616,4216,21[CR],3702601921
F,40644,13092,4225,22[CR],3702602359
C,13395,618,4234,22[CR],3702602796
F,40324,13091,4242,20[CR],3702603125
C,13409,640,4251,21[CR],3702603562
F,40372,13066,4259,22[CR],3702603890
C,13384,632,4267,21[CR],3702604328
F,40092,13087,4276,21[CR],3702604656
A,34152,39892,4285,22[CR],3702605093
F,39816,13056,4293,18[CR],3702605531
C,13292,664,4302,21[CR],3702605859
F,39248,13071,4311,22[CR],3702606296
C,13283,670,4319,19[CR],3702606625
F,39300,13060,4328,21[CR],3702607062
C,13286,666,4337,22[CR],3702607390
F,39328,13052,4345,24[CR],3702607828
C,13281,662,4353,21[CR],3702608265
F,39168,13070,4362,22[CR],3702608593
C,13250,664,4370,23[CR],3702609031
F,39056,13033,4379,21[CR],3702609359
C,13241,672,4388,22[CR],3702609796
F,38888,13000,4396,23[CR],3702610125
C,13282,664,4405,21[CR],3702610562
F,39664,12990,4413,22[CR],3702611000
A,34148,39648,4422,23[CR],3702611328
F,39628,12956,4430,21[CR],3702611765
C,13314,682,4439,22[CR],3702612093
F,39764,12930,4447,24[CR],3702612531
C,13316,670,4456,21[CR],3702612859
F,39680,12898,4464,22[CR],3702613296
C,13281,672,4473,23[CR],3702613734
F,39360,12904,4481,21[CR],3702614062
C,13265,678,4490,22[CR],3702614500
F,39328,12905,4499,23[CR],3702614828
C,13250,678,4507,19[CR],3702615265
F,39256,12918,4516,22[CR],3702615593
C,13245,678,4524,23[CR],3702616031
F,39308,12923,4533,19[CR],3702616468
C,13251,684,4541,21[CR],3702616796
F,39468,12928,4550,22[CR],3702617234
A,34144,39540,4558,18[CR],3702617562
F,39548,12928,4567,21[CR],3702617921
C,13269,688,4575,22[CR],3702618328
F,39732,12933,4583,19[CR],3702618765
C,13287,678,4592,21[CR],3702619203
F,39924,12934,4601,22[CR],3702619531
C,13286,680,4609,22[CR],3702619968
F,40064,12899,4618,21[CR],3702620296
C,13294,682,4626,22[CR],3702620734
F,40048,12878,4635,24[CR],3702621062
C,13304,696,4643,21[CR],3702621500
F,40052,12869,4652,22[CR],3702621937
C,13284,670,4660,20[CR],3702622265
F,39744,12878,4669,20[CR],3702622703
C,13251,684,4677,22[CR],3702623031
F,39540,12889,4686,23[CR],3702623468
A,34144,39628,4694,21[CR],3702623796
F,39596,12896,4703,22[CR],3702624234
C,13234,672,4711,23[CR],3702624671
F,39516,12892,4720,20[CR],3702625031
C,13232,686,4728,22[CR],3702625437
F,39564,12891,4737,23[CR],3702625765
C,13229,684,4745,21[CR],3702626203
F,39516,12893,4754,21[CR],3702626531
C,13223,684,4762,23[CR],3702626968
F,39416,12893,4771,21[CR],3702627406
C,13220,684,4780,22[CR],3702627734
F,39440,12879,4788,22[CR],3702628171
C,13229,676,4797,20[CR],3702628500
F,39716,12861,4805,21[CR],3702628937
C,13244,682,4813,23[CR],3702629265
F,39848,12847,4822,19[CR],3702629703
A,34120,39824,4831,22[CR],3702630140
F,39828,12839,4839,23[CR],3702630468
C,13249,682,4847,20[CR],3702630906
F,40052,12838,4856,21[CR],3702631234
C,13260,682,4864,22[CR],3702631671
F,40300,12834,4873,21[CR],3702632000
C,13277,688,4882,21[CR],3702632437
F,40412,12824,4890,22[CR],3702632875
C,13276,696,4898,21[CR],3702633203
F,40228,12813,4907,21[CR],3702633640
C,13300,690,4915,22[CR],3702633968
F,40504,12795,4924,19[CR],3702634406
C,13306,692,4933,21[CR],3702634734
F,40520,12797,4941,22[CR],3702635171
C,13288,696,4949,20[CR],3702635500
F,40596,12797,4958,21[CR],3702635937
A,34100,40504,4967,22[CR],3702636484
Z,0,0,4977,23[CR],3702636703
C,13263,700,4984,21[CR],3702637140
F,40224,12805,4992,22[CR],3702637468
C,13247,696,5001,24[CR],3702637906
F,40316,12828,5010,20[CR],3702638343
C,13267,712,5018,22[CR],3702638671
F,40504,12835,5026,22[CR],3702639109
C,13295,720,5035,20[CR],3702639437
F,41064,12810,5043,22[CR],3702639875
C,13315,718,5052,23[CR],3702640203
F,41352,12814,5060,21[CR],3702640640
C,13339,734,5069,22[CR],3702641078
F,41624,12823,5077,24[CR],3702641406
C,13330,724,5086,20[CR],3702641843
F,41440,12814,5094,22[CR],3702642171
A,34120,41064,5103,23[CR],3702642609
F,41088,12818,5111,21[CR],3702642937
C,13279,718,5120,22[CR],3702643375
F,41296,12813,5128,22[CR],3702643812
C,13268,734,5137,20[CR],3702644140
F,41184,12805,5146,22[CR],3702644578
C,13282,734,5154,22[CR],3702644906
F,41288,12825,5162,21[CR],3702645343
C,13309,716,5171,22[CR],3702645671
F,41624,12809,5179,23[CR],3702646109
C,13278,728,5188,21[CR],3702646546
F,41440,12778,5197,22[CR],3702646875
C,13304,724,5205,23[CR],3702647312
F,41368,12785,5213,21[CR],3702647640
C,13255,724,5222,21[CR],3702648078
F,40784,12786,5230,23[CR],3702648406
A,34080,41000,5239,19[CR],3702648843
F,41192,12798,5247,21[CR],3702649281
C,13319,724,5256,22[CR],3702649609
F,42104,12809,5264,17[CR],3702650046
C,13320,730,5273,22[CR],3702650375
F,42160,12789,5281,22[CR],3702650812
C,13314,716,5290,18[CR],3702651140
F,41840,12777,5298,21[CR],3702651578
C,13297,730,5307,22[CR],3702652015
F,41424,12768,5315,18[CR],3702652343
C,13281,728,5324,21[CR],3702652781
F,41248,12767,5332,22[CR],3702653109
C,13274,730,5340,18[CR],3702653546
F,41504,12781,5349,21[CR],3702653875
C,13298,724,5358,22[CR],3702654312
F,41400,12772,5366,21[CR],3702654750
A,34048,41448,5375,21[CR],3702655078
F,41536,12778,5383,22[CR],3702655421
C,13300,728,5392,21[CR],3702655843
F,42152,12775,5400,20[CR],3702656281
C,13287,730,5409,22[CR],3702656609
F,41848,12739,5417,19[CR],3702657046
C,13288,724,5426,21[CR],3702657484
F,41864,12736,5434,22[CR],3702657812
C,13316,736,5442,21[CR],3702658250
F,42192,12751,5451,21[CR],3702658578
C,13316,724,5459,22[CR],3702659015
F,42080,12743,5468,24[CR],3702659343
C,13285,734,5476,21[CR],3702659781
F,41704,12745,5485,22[CR],3702660218
C,13275,728,5493,22[CR],3702660546
F,41896,12746,5502,21[CR],3702660984
A,34068,41872,5511,22[CR],3702661312
F,41736,12727,5519,23[CR],3702661750
C,13277,720,5527,21[CR],3702662078
F,41936,12711,5536,22[CR],3702662515
C,13313,724,5544,22[CR],3702662953
F,41944,12735,5553,21[CR],3702663281
C,13335,742,5561,22[CR],3702663828
Z,0,0,5572,22[CR],3702664046
C,13301,724,5578,21[CR],3702664421
F,41976,12725,5587,22[CR],3702664812
C,13266,728,5595,23[CR],3702665250
F,41456,12715,5604,20[CR],3702665687
C,13268,736,5612,22[CR],3702666015
F,41904,12727,5621,22[CR],3702666453
C,13272,724,5629,21[CR],3702666781
F,41816,12717,5638,21[CR],3702667218
A,34008,41744,5646,23[CR],3702667546
F,41808,12719,5655,21[CR],3702667984
C,13291,728,5663,22[CR],3702668421
F,42128,12723,5672,23[CR],3702668750
C,13284,734,5680,21[CR],3702669187
F,42272,12723,5689,22[CR],3702669515
C,13288,730,5697,22[CR],3702669953
F,42496,12720,5705,18[CR],3702670281
C,13266,718,5714,22[CR],3702670718
F,41856,12700,5723,22[CR],3702671156
C,13270,742,5730,11[CR],3702671484
F,41944,12711,5730,2[CR],3702671921
C,13186,734,5730,1[CR],3702672250
F,39828,12653,5730,0[CR],3702672687
C,13125,740,5730,0[CR],3702673015
F,39424,12653,5730,0[CR],3702673453
A,34020,39236,5730,0[CR],3702673890
F,37796,12651,5730,0[CR],3702674218
C,12984,738,5730,0[CR],3702674656
F,37584,12652,5730,0[CR],3702674984
C,13038,726,5730,0[CR],3702675421
F,38224,12651,5730,0[CR],3702675750
C,13050,746,5730,0[CR],3702676296
Z,0,0,5730,0[CR],3702676734
Z,0,0,5730,0[CR],3702677281
Z,0,0,5730,0[CR],3702677828
Z,0,0,5730,0[CR],3702678265
Z,0,0,5730,0[CR],3702678812
Z,0,0,5730,0[CR],3702679250
Z,0,0,5730,0[CR],3702679796
Z,0,0,5730,0[CR],3702680234
Z,0,0,5730,0[CR],3702680781
Z,0,0,5730,0[CR],3702681218
Z,0,0,5730,0[CR],3702681765
Z,0,0,5730,0[CR],3702682203
Z,0,0,5730,0[CR],3702682750
Z,0,0,5730,0[CR],3702683296
Z,0,0,5730,0[CR],3702683734
Z,0,0,5730,0[CR],3702684296
Z,0,0,5730,0[CR],3702684734
Z,0,0,5730,0[CR],3702685171
C,12942,730,5730,0[CR],3702685718
Z,0,0,5730,0[CR],3702686156
Z,0,0,5730,0[CR],3702686703
Z,0,0,5730,0[CR],3702687140
Z,0,0,5730,0[CR],3702687687
Z,0,0,5730,0[CR],3702688125
Z,0,0,5730,0[CR],3702688671
Z,0,0,5730,0[CR],3702689218
Z,0,0,5730,0[CR],3702689656
Z,0,0,5730,0[CR],3702690203
Z,0,0,5730,0[CR],3702690203
F,36068,12649,5730,0[CR],3702690640
C,12922,734,5730,0[CR],3702691187
Z,0,0,5730,0[CR],3702691625
Z,0,0,5730,0[CR],3702692171
Z,0,0,5730,0[CR],3702692609
Z,0,0,5730,0[CR],3702693156
Z,0,0,5730,0[CR],3702693593
Z,0,0,5730,0[CR],3702694140
Z,0,0,5730,0[CR],3702694687
Z,0,0,5730,0[CR],3702695125
Z,0,0,5730,0[CR],3702695343
C,12912,718,5730,0[CR],3702695781
Z,0,0,5730,0[CR],3702696328
Z,0,0,5730,0[CR],3702696875
Z,0,0,5730,0[CR],3702697312
Z,0,0,5730,0[CR],3702697859
Z,0,0,5730,0[CR],3702698296
Z,0,0,5730,0[CR],3702698843
Z,0,0,5730,0[CR],3702699281
Z,0,0,5730,0[CR],3702699828
Z,0,0,5730,0[CR],3702700375
Z,0,0,5730,12[CR],3702700812
Z,0,0,5730,1[CR],3702701359
Z,0,0,5730,79[CR],3702701796
Z,0,0,5730,60[CR],3702702343
Z,0,0,5741,57[CR],3702702781
Z,0,0,5750,11[CR],3702703109
C,13194,734,5750,2[CR],3702703546
F,39496,12658,5750,1[CR],3702703875
C,13148,736,5750,0[CR],3702704312
F,38596,12654,5750,0[CR],3702704750
A,33964,38372,5750,0[CR],3702705078
F,38296,12656,5750,0[CR],3702705515
C,13115,738,5750,0[CR],3702705843
F,38192,12654,5750,0[CR],3702706281
C,13107,730,5761,5[CR],3702706609
F,41664,12674,5761,1[CR],3702707046
C,13205,736,5761,1[CR],3702707484
F,40220,12655,5761,0[CR],3702707812
C,13166,716,5761,0[CR],3702708250
F,39784,12655,5761,0[CR],3702708578
C,13148,730,5761,0[CR],3702709015
F,39512,12653,5761,0[CR],3702709343
C,13135,738,5761,0[CR],3702709781
F,39284,12653,5761,0[CR],3702710218
C,13123,730,5769,27[CR],3702710546
F,39072,12679,5777,24[CR],3702710984
A,33964,42264,5786,21[CR],3702711312
F,42112,12671,5795,22[CR],3702711687
C,13285,728,5803,25[CR],3702712078
F,42304,12675,5811,21[CR],3702712515
C,13317,728,5820,22[CR],3702712953
F,42824,12685,5828,24[CR],3702713281
C,13330,724,5837,21[CR],3702713718
F,42416,12693,5846,22[CR],3702714046
C,13329,734,5854,22[CR],3702714484
F,42488,12711,5863,21[CR],3702714812
C,13373,734,5871,22[CR],3702715250
F,42792,12669,5880,24[CR],3702715687
C,13320,736,5888,21[CR],3702716015
F,43256,12688,5897,22[CR],3702716453
C,13335,722,5905,23[CR],3702716781
F,42624,12674,5914,21[CR],3702717218
A,33936,42736,5923,22[CR],3702717546
F,42720,12667,5931,23[CR],3702717984
C,13311,738,5940,20[CR],3702718421
F,42784,12682,5949,21[CR],3702718765
C,13302,736,5957,22[CR],3702719187
F,42712,12675,5965,19[CR],3702719515
C,13344,756,5974,21[CR],3702719953
F,42752,12678,5983,22[CR],3702720281
C,13346,766,5991,19[CR],3702720718
F,42848,12703,6000,20[CR],3702721156
C,13360,776,6008,22[CR],3702721484
F,43096,12682,6016,24[CR],3702721921
C,13313,768,6025,21[CR],3702722250
F,43152,12669,6034,22[CR],3702722687
C,13318,794,6042,23[CR],3702723015
F,43176,12679,6051,20[CR],3702723453
A,33956,42792,6059,22[CR],3702723890
F,42608,12666,6068,24[CR],3702724218
C,13278,760,6076,21[CR],3702724656
F,42584,12662,6085,22[CR],3702724984
C,13294,754,6093,23[CR],3702725421
F,42800,12665,6102,21[CR],3702725750
C,13295,756,6111,22[CR],3702726187
F,43056,12672,6119,23[CR],3702726625
C,13297,768,6128,20[CR],3702726953
F,42680,12666,6136,22[CR],3702727390
C,13320,786,6145,22[CR],3702727718
F,42104,12667,6153,20[CR],3702728156
C,13312,786,6162,22[CR],3702728484
F,42448,12663,6170,22[CR],3702728921
C,13311,796,6179,21[CR],3702729250
F,42008,12656,6187,22[CR],3702729687
A,33924,42624,6196,23[CR],3702730125
F,42336,12663,6204,18[CR],3702730453
C,13264,812,6213,22[CR],3702730890
F,42432,12664,6222,22[CR],3702731218
C,13262,786,6230,18[CR],3702731656
F,42208,12662,6239,21[CR],3702732093
C,13284,792,6247,22[CR],3702732421
F,42352,12666,6255,18[CR],3702732859
C,13278,790,6264,21[CR],3702733187
F,42616,12674,6273,22[CR],3702733625
C,13261,808,6281,21[CR],3702733953
F,42424,12677,6290,21[CR],3702734390
C,13276,822,6299,22[CR],3702734828
F,42840,12679,6307,19[CR],3702735156
C,13284,810,6316,21[CR],3702735593
F,42976,12672,6324,22[CR],3702735921
A,33928,42864,6333,24[CR],3702736359
F,42808,12664,6341,20[CR],3702736687
C,13274,818,6350,22[CR],3702737125
F,42272,12664,6358,23[CR],3702737562
C,13301,812,6367,21[CR],3702737890
F,42968,12666,6375,22[CR],3702738328
C,13302,806,6384,23[CR],3702738656
F,43096,12665,6392,21[CR],3702739093
C,13301,818,6401,22[CR],3702739421
F,42952,12665,6409,23[CR],3702739859
C,13287,830,6418,21[CR],3702740296
F,42784,12662,6426,22[CR],3702740625
C,13293,826,6435,22[CR],3702741062
F,42648,12661,6444,21[CR],3702741390
C,13323,828,6452,22[CR],3702741828
F,43128,12664,6460,22[CR],3702742156
A,33924,43544,6469,21[CR],3702742593
F,43592,12666,6477,21[CR],3702743031
C,13309,824,6486,23[CR],3702743359
F,43336,12672,6494,21[CR],3702743796
C,13328,816,6503,22[CR],3702744125
F,43824,12692,6511,23[CR],3702744562
C,13334,830,6520,20[CR],3702744890
F,43848,12685,6529,21[CR],3702745328
C,13322,828,6537,22[CR],3702745656
F,43584,12671,6546,18[CR],3702746093
C,13327,828,6554,21[CR],3702746531
F,43408,12685,6562,22[CR],3702746859
C,13341,830,6571,18[CR],3702747296
F,43424,12692,6580,21[CR],3702747625
C,13327,828,6588,22[CR],3702748062
F,43568,12686,6596,18[CR],3702748390
A,33896,43776,6605,21[CR],3702748828
F,44008,12705,6614,22[CR],3702749171
C,13315,828,6622,19[CR],3702749593
F,44000,12704,6631,20[CR],3702750031
C,13356,824,6639,22[CR],3702750359
F,44408,12681,6647,23[CR],3702750796
C,13370,822,6656,21[CR],3702751125
F,44632,12678,6665,22[CR],3702751562
C,13377,816,6673,23[CR],3702752000
F,44992,12693,6682,21[CR],3702752328
C,13418,830,6690,22[CR],3702752765
F,44136,12697,6698,24[CR],3702753093
C,13389,828,6707,21[CR],3702753531
F,44200,12699,6716,22[CR],3702753859
C,13362,834,6724,23[CR],3702754296
F,43712,12684,6733,20[CR],3702754734
A,33872,44136,6741,22[CR],3702755171
Z,0,0,6752,22[CR],3702755546
C,13347,828,6758,20[CR],3702755828
F,44648,12674,6767,21[CR],3702756265
C,13342,838,6775,24[CR],3702756593
F,44000,12687,6784,20[CR],3702757031
C,13335,842,6792,22[CR],3702757468
F,43920,12683,6801,22[CR],3702757796
C,13370,836,6809,20[CR],3702758234
F,44176,12687,6818,22[CR],3702758562
C,13391,850,6826,23[CR],3702759000
F,44336,12694,6835,20[CR],3702759328
C,13360,846,6843,21[CR],3702759765
F,43416,12675,6852,23[CR],3702760203
C,13329,852,6860,20[CR],3702760531
F,43496,12668,6869,22[CR],3702760968
A,33876,43768,6878,22[CR],3702761296
F,43560,12667,6886,18[CR],3702761734
C,13309,872,6895,21[CR],3702762062
F,44008,12666,6903,22[CR],3702762500
C,13315,864,6911,18[CR],3702762937
F,44448,12668,6920,22[CR],3702763265
C,13332,858,6929,22[CR],3702763703
F,44848,12682,6937,24[CR],3702764031
C,13343,860,6946,21[CR],3702764468
F,44232,12676,6954,22[CR],3702764906
C,13368,872,6962,22[CR],3702765234
F,44552,12678,6971,21[CR],3702765671
C,13350,870,6980,22[CR],3702766000
F,44568,12683,6988,21[CR],3702766437
C,13387,868,6997,20[CR],3702766765
F,44400,12671,7005,22[CR],3702767203
A,33856,44376,7013,22[CR],3702767531
F,44488,12668,7022,20[CR],3702767968
C,13313,866,7031,22[CR],3702768406
F,44296,12669,7039,23[CR],3702768734
C,13338,878,7047,21[CR],3702769171
F,44448,12669,7056,22[CR],3702769500
C,13350,876,7064,24[CR],3702769937
F,44840,12686,7073,20[CR],3702770265
C,13327,886,7082,22[CR],3702770703
F,44680,12684,7090,22[CR],3702771140
C,13387,866,7098,21[CR],3702771468
F,45016,12675,7107,22[CR],3702771906
C,13392,876,7115,23[CR],3702772234
F,44952,12687,7124,21[CR],3702772671
C,13398,886,7133,22[CR],3702773000
F,44880,12696,7141,23[CR],3702773437
A,33824,45192,7150,21[CR],3702773875
F,44960,12710,7158,22[CR],3702774203
C,13375,898,7167,22[CR],3702774640
F,44560,12691,7175,21[CR],3702774968
C,13378,900,7184,22[CR],3702775406
F,44440,12698,7192,22[CR],3702775734
C,13363,900,7201,21[CR],3702776171
F,45400,12721,7209,22[CR],3702776609
C,13383,904,7218,22[CR],3702776937
F,45880,12747,7226,20[CR],3702777375
C,13397,914,7234,22[CR],3702777703
F,45464,12722,7243,23[CR],3702778140
C,13395,904,7251,20[CR],3702778468
F,45016,12691,7260,21[CR],3702778906
C,13379,908,7269,22[CR],3702779343
F,45048,12677,7277,21[CR],3702779671
A,33852,44672,7286,21[CR],3702780109
F,44848,12681,7294,22[CR],3702780437
C,13344,898,7302,19[CR],3702780875
F,44992,12700,7311,21[CR],3702781203
C,13362,914,7319,22[CR],3702781640
F,45424,12716,7328,17[CR],3702782078
C,13385,908,7336,21[CR],3702782406
F,45528,12717,7345,22[CR],3702782843
C,13427,924,7353,20[CR],3702783171
F,45888,12715,7362,21[CR],3702783609
C,13385,920,7370,22[CR],3702783937
F,45024,12702,7379,18[CR],3702784375
C,13375,914,7387,21[CR],3702784812
F,45256,12713,7396,22[CR],3702785140
C,13360,920,7404,18[CR],3702785578
F,45408,12697,7413,21[CR],3702785906
A,33864,45464,7421,22[CR],3702786343
F,45608,12722,7430,22[CR],3702786703
C,13343,928,7438,21[CR],3702787109
F,45600,12700,7447,22[CR],3702787546
C,13390,928,7455,22[CR],3702787875
F,45968,12684,7464,21[CR],3702788312
C,13373,916,7472,22[CR],3702788640
F,45728,12687,7481,24[CR],3702789078
C,13373,930,7489,20[CR],3702789406
F,45256,12673,7498,22[CR],3702789843
C,13364,934,7506,23[CR],3702790281
F,45392,12676,7515,21[CR],3702790609
C,13373,924,7523,22[CR],3702791046
F,45464,12704,7532,22[CR],3702791375
C,13374,920,7540,20[CR],3702791812
F,45640,12714,7549,22[CR],3702792140
A,33832,45072,7557,23[CR],3702792578
F,45408,12696,7566,21[CR],3702793015
C,13393,920,7574,22[CR],3702793343
F,45880,12720,7583,22[CR],3702793781
C,13385,924,7591,21[CR],3702794109
F,46296,12723,7600,21[CR],3702794546
C,13403,928,7608,23[CR],3702794875
F,46600,12739,7616,20[CR],3702795312
C,13387,930,7625,22[CR],3702795750
F,45904,12707,7634,23[CR],3702796078
C,13418,930,7642,21[CR],3702796515
F,45816,12713,7651,21[CR],3702796843
C,13407,956,7659,22[CR],3702797281
F,45688,12702,7667,20[CR],3702797609
C,13410,938,7676,21[CR],3702798046
F,46000,12709,7685,23[CR],3702798484
A,33824,45904,7693,21[CR],3702798812
F,46216,12686,7701,22[CR],3702799250
C,13425,942,7710,23[CR],3702799578
F,46744,12713,7718,20[CR],3702800015
C,13434,966,7727,21[CR],3702800343
F,46400,12723,7730,3[CR],3702800781
C,13425,962,7730,1[CR],3702801218
F,43968,12663,7730,0[CR],3702801546
C,13253,958,7730,0[CR],3702801984
F,43248,12660,7730,0[CR],3702802312
C,13234,958,7730,0[CR],3702802750
F,42920,12657,7730,0[CR],3702803187
Z,0,0,7730,0[CR],3702803515
F,41768,12657,7730,0[CR],3702803953
C,13186,962,7730,0[CR],3702804281
F,42600,12659,7730,0[CR],3702804718
A,33816,42472,7730,0[CR],3702805156
Z,0,0,7730,0[CR],3702805703
Z,0,0,7730,0[CR],3702806140
Z,0,0,7730,0[CR],3702806687
Z,0,0,7730,0[CR],3702807234
Z,0,0,7730,0[CR],3702807671
Z,0,0,7730,0[CR],3702808218
Z,0,0,7730,0[CR],3702808656
Z,0,0,7730,0[CR],3702809203
Z,0,0,7730,0[CR],3702809640
Z,0,0,7730,0[CR],3702810187
Z,0,0,7730,0[CR],3702810734
Z,0,0,7730,0[CR],3702811171
Z,0,0,7730,0[CR],3702811718
Z,0,0,7730,0[CR],3702812156
Z,0,0,7730,0[CR],3702812703
Z,0,0,7730,0[CR],3702813140
Z,0,0,7730,0[CR],3702813687
Z,0,0,7730,0[CR],3702814234
Z,0,0,7730,0[CR],3702814671
Z,0,0,7730,0[CR],3702815218
Z,0,0,7730,0[CR],3702815656
Z,0,0,7730,0[CR],3702816203
Z,0,0,7730,0[CR],3702816750
Z,0,0,7730,0[CR],3702817187
Z,0,0,7730,0[CR],3702817734
Z,0,0,7730,0[CR],3702818171
Z,0,0,7730,0[CR],3702818718
Z,0,0,7730,0[CR],3702819156
Z,0,0,7730,0[CR],3702819703
Z,0,0,7730,0[CR],3702820250
Z,0,0,7730,0[CR],3702820687
Z,0,0,7730,0[CR],3702821234
Z,0,0,7730,0[CR],3702821671
Z,0,0,7730,0[CR],3702822218
Z,0,0,7730,0[CR],3702822656
Z,0,0,7730,0[CR],3702823203
Z,0,0,7730,0[CR],3702823750
Z,0,0,7730,0[CR],3702824187
Z,0,0,7730,0[CR],3702824734
Z,0,0,7730,51[CR],3702825171
Z,0,0,7730,47[CR],3702825718
Z,0,0,7738,41[CR],3702826156
F,40140,12655,7748,11[CR],3702826593
C,13268,962,7749,2[CR],3702826921
F,43624,12664,7749,1[CR],3702827359
C,13259,968,7749,0[CR],3702827796
F,42632,12664,7749,0[CR],3702828125
C,13232,970,7749,0[CR],3702828562
F,42296,12663,7749,0[CR],3702828890
C,13218,974,7749,0[CR],3702829328
F,42112,12664,7749,0[CR],3702829656
A,33748,41992,7755,60[CR],3702830093
F,41936,12663,7760,3[CR],3702830531
C,13520,1522,7760,1[CR],3702830859
F,44768,12668,7760,0[CR],3702831296
C,13277,978,7760,0[CR],3702831625
F,43968,12666,7760,0[CR],3702832062
C,13249,962,7760,0[CR],3702832390
F,43536,12666,7760,0[CR],3702832828
C,13231,962,7760,0[CR],3702833156
F,43232,12665,7760,0[CR],3702833593
C,13222,958,7760,0[CR],3702834031
F,43000,12665,7761,36[CR],3702834359
C,13212,972,7772,22[CR],3702834796
F,47384,12715,7781,22[CR],3702835125
C,13416,968,7789,18[CR],3702835562
F,46560,12685,7798,20[CR],3702835890
A,33796,46440,7806,22[CR],3702836328
F,46528,12701,7814,18[CR],3702836765
C,13408,968,7823,21[CR],3702837093
F,47088,12748,7832,22[CR],3702837531
C,13444,964,7840,23[CR],3702837859
F,47344,12738,7849,21[CR],3702838296
C,13450,980,7857,22[CR],3702838625
F,47408,12732,7866,24[CR],3702839062
C,13452,962,7874,21[CR],3702839500
F,47304,12708,7883,22[CR],3702839828
C,13403,966,7891,23[CR],3702840265
F,45880,12699,7900,20[CR],3702840593
C,13361,974,7908,22[CR],3702841031
F,45544,12714,7917,23[CR],3702841359
C,13402,986,7926,21[CR],3702841796
F,45824,12682,7934,22[CR],3702842234
A,33776,46264,7943,23[CR],3702842562
F,46592,12701,7951,21[CR],3702843000
C,13415,980,7960,22[CR],3702843328
F,46144,12708,7968,22[CR],3702843765
C,13382,972,7977,20[CR],3702844093
F,45416,12684,7985,21[CR],3702844531
C,13375,978,7994,23[CR],3702844968
F,45496,12673,8002,20[CR],3702845296
C,13359,974,8011,22[CR],3702845734
F,45608,12696,8019,23[CR],3702846062
C,13366,972,8028,21[CR],3702846500
F,45760,12701,8036,21[CR],3702846828
C,13410,972,8045,22[CR],3702847265
F,46504,12710,8053,19[CR],3702847703
C,13458,974,8062,22[CR],3702848031
F,46296,12698,8070,22[CR],3702848468
A,33748,46384,8079,19[CR],3702848796
F,46552,12674,8088,21[CR],3702849234
C,13412,962,8096,22[CR],3702849562
F,46464,12669,8104,22[CR],3702850000
C,13399,974,8113,21[CR],3702850437
F,46504,12681,8122,22[CR],3702850765
C,13401,972,8130,22[CR],3702851203
F,46232,12665,8139,20[CR],3702851531
C,13431,974,8147,22[CR],3702851968
F,46048,12666,8156,18[CR],3702852296
C,13428,978,8164,21[CR],3702852734
F,45688,12665,8173,22[CR],3702853171
C,13384,990,8181,24[CR],3702853500
F,45520,12666,8190,20[CR],3702853937
C,13355,990,8198,22[CR],3702854265
F,45504,12680,8207,22[CR],3702854703
A,33808,45312,8215,20[CR],3702855031
F,45432,12703,8224,22[CR],3702855468
C,13414,986,8232,23[CR],3702855906
F,46512,12727,8241,21[CR],3702856234
C,13437,984,8249,22[CR],3702856671
F,47400,12725,8258,23[CR],3702857000
C,13463,986,8266,21[CR],3702857437
F,47640,12721,8275,22[CR],3702857765
C,13506,990,8283,23[CR],3702858203
F,47672,12729,8292,20[CR],3702858640
C,13444,1012,8301,22[CR],3702858968
F,48008,12756,8309,24[CR],3702859406
C,13452,996,8318,21[CR],3702859734
F,48160,12737,8326,22[CR],3702860171
C,13455,1008,8335,23[CR],3702860609
F,48024,12721,8343,21[CR],3702860937
A,33776,47440,8352,21[CR],3702861375
F,47624,12730,8360,22[CR],3702861703
C,13439,998,8368,21[CR],3702862140
F,46848,12721,8377,21[CR],3702862468
C,13442,996,8386,22[CR],3702862906
F,47056,12749,8394,19[CR],3702863343
C,13476,1012,8403,21[CR],3702863671
F,47424,12744,8411,22[CR],3702864109
C,13481,1008,8419,18[CR],3702864437
F,48360,12734,8428,22[CR],3702864875
C,13490,1020,8437,22[CR],3702865203
F,48408,12751,8445,17[CR],3702865640
C,13462,1008,8454,21[CR],3702866078
F,47432,12738,8462,22[CR],3702866406
C,13438,1020,8470,18[CR],3702866843
F,46688,12743,8479,21[CR],3702867171
A,33784,47240,8487,22[CR],3702867609
F,47232,12732,8496,18[CR],3702867937
C,13447,1038,8504,21[CR],3702868375
F,47336,12743,8513,22[CR],3702868812
C,13455,1046,8521,24[CR],3702869140
F,48024,12742,8530,21[CR],3702869578
C,13454,1032,8539,22[CR],3702869906
F,47656,12727,8547,24[CR],3702870343
C,13387,1026,8555,20[CR],3702870671
F,46536,12706,8564,22[CR],3702871109
C,13406,1014,8572,24[CR],3702871546
F,46792,12704,8581,20[CR],3702871875
C,13404,1036,8589,22[CR],3702872312
F,47336,12720,8598,22[CR],3702872640
C,13410,1024,8606,21[CR],3702873078
F,47608,12745,8615,22[CR],3702873406
A,33736,47712,8623,24[CR],3702873843
F,47608,12724,8632,20[CR],3702874281
C,13418,1050,8640,22[CR],3702874609
F,47464,12691,8649,22[CR],3702875046
C,13432,1064,8657,20[CR],3702875375
F,47192,12673,8665,22[CR],3702875812
C,13447,1042,8674,23[CR],3702876140
F,46520,12674,8682,20[CR],3702876578
C,13430,1032,8691,22[CR],3702877015
F,46600,12674,8699,22[CR],3702877343
C,13441,1058,8708,21[CR],3702877781
F,47176,12687,8716,21[CR],3702878109
C,13464,1056,8725,22[CR],3702878546
F,48000,12704,8733,20[CR],3702878875
C,13502,1054,8742,21[CR],3702879312
F,48624,12730,8750,22[CR],3702879750
A,33776,48808,8758,20[CR],3702880078
F,48504,12729,8767,21[CR],3702880468
C,13485,1070,8776,23[CR],3702880843
F,48368,12714,8784,20[CR],3702881281
C,13470,1074,8793,22[CR],3702881609
F,48128,12720,8801,22[CR],3702882046
C,13485,1050,8809,20[CR],3702882484
F,48968,12749,8818,21[CR],3702882812
C,13469,1064,8826,22[CR],3702883250
F,48392,12767,8835,20[CR],3702883578
C,13486,1080,8843,21[CR],3702884015
F,48728,12781,8851,22[CR],3702884343
C,13509,1068,8860,21[CR],3702884781
F,49088,12728,8869,21[CR],3702885218
C,13527,1050,8877,23[CR],3702885546
F,49064,12721,8885,20[CR],3702885984
A,33756,48352,8894,21[CR],3702886312
F,48360,12705,8902,23[CR],3702886750
C,13488,1070,8911,19[CR],3702887078
F,48232,12705,8919,21[CR],3702887515
C,13500,1064,8928,22[CR],3702887953
F,48760,12724,8936,18[CR],3702888281
C,13502,1074,8945,21[CR],3702888718
F,49264,12756,8953,22[CR],3702889046
C,13517,1074,8961,18[CR],3702889484
F,49288,12739,8970,21[CR],3702889812
C,13526,1074,8979,22[CR],3702890250
F,48952,12761,8987,18[CR],3702890687
C,13506,1064,8996,21[CR],3702891015
F,48544,12750,9004,22[CR],3702891453
C,13457,1070,9012,18[CR],3702891781
F,48184,12740,9021,21[CR],3702892218
A,33716,47944,9030,22[CR],3702892546
F,48072,12758,9038,18[CR],3702892984
C,13459,1068,9046,21[CR],3702893421
F,48632,12741,9055,22[CR],3702893750
C,13473,1060,9063,18[CR],3702894187
F,48888,12721,9072,21[CR],3702894515
C,13453,1068,9080,22[CR],3702894953
F,49064,12741,9088,19[CR],3702895281
C,13443,1060,9097,21[CR],3702895718
F,48624,12702,9105,22[CR],3702896156
C,13483,1072,9114,18[CR],3702896484
F,48376,12713,9122,21[CR],3702896921
C,13463,1064,9131,22[CR],3702897250
F,48544,12706,9139,22[CR],3702897687
C,13505,1070,9148,21[CR],3702898015
F,48144,12689,9156,22[CR],3702898453
A,33692,48168,9164,19[CR],3702898781
F,47920,12680,9173,21[CR],3702899218
C,13454,1082,9182,22[CR],3702899656
F,47808,12695,9190,20[CR],3702899984
C,13433,1064,9198,21[CR],3702900421
F,48120,12714,9207,22[CR],3702900750
C,13455,1070,9215,21[CR],3702901187
F,48368,12711,9224,20[CR],3702901625
C,13468,1068,9232,22[CR],3702901953
F,48424,12715,9240,20[CR],3702902390
C,13517,1080,9249,20[CR],3702902718
F,49288,12728,9257,22[CR],3702903156
C,13502,1080,9266,22[CR],3702903484
F,49240,12727,9274,20[CR],3702903921
C,13482,1076,9283,22[CR],3702904359
F,48920,12714,9291,21[CR],3702904687
A,33720,48488,9300,20[CR],3702905125
F,48256,12720,9308,22[CR],3702905453
C,13508,1074,9316,22[CR],3702905890
F,49240,12748,9325,21[CR],3702906218
C,13494,1070,9333,22[CR],3702906656
F,48592,12718,9342,24[CR],3702907093
C,13497,1074,9350,21[CR],3702907421
F,48640,12718,9359,22[CR],3702907859
C,13495,1074,9367,23[CR],3702908187
F,50184,12749,9376,20[CR],3702908625
C,13510,1074,9384,22[CR],3702908953
F,50088,12767,9392,22[CR],3702909390
C,13518,1070,9401,20[CR],3702909828
F,50064,12725,9410,22[CR],3702910156
C,13492,1070,9418,22[CR],3702910593
F,49752,12710,9426,21[CR],3702910921
A,33732,49616,9435,22[CR],3702911359
F,49352,12723,9443,23[CR],3702911687
C,13491,1074,9452,21[CR],3702912125
F,48824,12725,9460,22[CR],3702912562
C,13470,1064,9468,22[CR],3702912890
F,48848,12718,9477,21[CR],3702913328
C,13457,1070,9485,22[CR],3702913656
F,49096,12705,9494,22[CR],3702914093
C,13453,1086,9502,20[CR],3702914421
F,48888,12716,9511,22[CR],3702914859
C,13462,1070,9519,22[CR],3702915296
F,48904,12739,9528,21[CR],3702915625
C,13474,1074,9536,22[CR],3702916062
F,49024,12745,9544,23[CR],3702916390
C,13481,1076,9553,20[CR],3702916828
F,49552,12742,9562,22[CR],3702917156
A,33712,49384,9570,23[CR],3702917593
F,49624,12748,9578,20[CR],3702917953
C,13503,1098,9587,22[CR],3702918359
F,49344,12742,9595,23[CR],3702918796
C,13503,1088,9603,20[CR],3702919125
F,49608,12720,9612,22[CR],3702919562
C,13491,1086,9620,22[CR],3702919890
F,48992,12695,9629,21[CR],3702920328
C,13493,1080,9637,22[CR],3702920765
F,48840,12685,9646,22[CR],3702921093
C,13509,1082,9654,20[CR],3702921531
F,48968,12696,9663,22[CR],3702921859
C,13504,1104,9671,23[CR],3702922296
F,49104,12701,9679,20[CR],3702922625
C,13522,1108,9688,22[CR],3702923062
F,49136,12711,9696,22[CR],3702923500
A,33656,49648,9705,21[CR],3702923828
F,49568,12733,9713,21[CR],3702924265
C,13512,1096,9722,23[CR],3702924593
F,49744,12729,9730,21[CR],3702925031
C,13522,1096,9730,2[CR],3702925359
F,48208,12665,9730,1[CR],3702925796
C,13321,1080,9730,0[CR],3702926234
F,45520,12659,9730,0[CR],3702926562
C,13286,1114,9730,0[CR],3702927000
F,45024,12659,9730,0[CR],3702927328
C,13158,1116,9730,0[CR],3702927765
F,43776,12658,9730,0[CR],3702928093
C,13165,1098,9730,0[CR],3702928531
F,45640,12659,9730,0[CR],3702928968
C,13289,1104,9730,0[CR],3702929406
Z,0,0,9730,0[CR],3702929953
Z,0,0,9730,0[CR],3702930390
Z,0,0,9730,0[CR],3702930937
Z,0,0,9730,0[CR],3702931375
Z,0,0,9730,0[CR],3702931921
Z,0,0,9730,0[CR],3702932359
Z,0,0,9730,0[CR],3702932906
Z,0,0,9730,0[CR],3702933453
Z,0,0,9730,0[CR],3702933890
Z,0,0,9730,0[CR],3702934437
Z,0,0,9730,0[CR],3702934875
Z,0,0,9730,0[CR],3702935421
Z,0,0,9730,0[CR],3702935859
Z,0,0,9730,0[CR],3702936406
Z,0,0,9730,0[CR],3702936953
Z,0,0,9730,0[CR],3702937390
Z,0,0,9730,0[CR],3702937937
Z,0,0,9730,0[CR],3702938265
C,13081,1120,9730,0[CR],3702938703
F,42456,12657,9730,0[CR],3702939031
C,13078,1104,9730,0[CR],3702939578
Z,0,0,9730,0[CR],3702940125
Z,0,0,9730,0[CR],3702940562
Z,0,0,9730,0[CR],3702941109
Z,0,0,9730,0[CR],3702941546
Z,0,0,9730,0[CR],3702942093
Z,0,0,9730,0[CR],3702942531
Z,0,0,9730,0[CR],3702943078
Z,0,0,9730,0[CR],3702943625
Z,0,0,9730,0[CR],3702944062
Z,0,0,9730,0[CR],3702944609
Z,0,0,9730,0[CR],3702945046
Z,0,0,9730,0[CR],3702945593
Z,0,0,9730,0[CR],3702946031
Z,0,0,9730,0[CR],3702946578
Z,0,0,9730,0[CR],3702947125
Z,0,0,9730,0[CR],3702947562
Z,0,0,9730,0[CR],3702948109
Z,0,0,9730,0[CR],3702948546
Z,0,0,9730,0[CR],3702949093
Z,0,0,9730,0[CR],3702949531
Z,0,0,9730,34[CR],3702950078
Z,0,0,9730,51[CR],3702950625
Z,0,0,9730,57[CR],3702951062
Z,0,0,9744,33[CR],3702951609
C,13147,1138,9750,5[CR],3702951937
F,45752,12667,9750,1[CR],3702952375
C,13370,1110,9750,1[CR],3702952703
F,45536,12663,9750,0[CR],3702953140
C,13299,1116,9750,0[CR],3702953578
F,44936,12663,9750,0[CR],3702953906
C,13285,1120,9750,0[CR],3702954343
F,44760,12662,9750,0[CR],3702954671
A,33684,44616,9754,39[CR],3702955109
F,44560,12662,9760,3[CR],3702955437
C,13670,1134,9760,1[CR],3702955875
F,48008,12669,9760,0[CR],3702956312
C,13368,1116,9760,0[CR],3702956640
F,46296,12666,9760,0[CR],3702957078
C,13335,1110,9760,0[CR],3702957406
F,45608,12667,9760,0[CR],3702957843
C,13316,1116,9760,0[CR],3702958171
F,45184,12667,9760,0[CR],3702958609
C,13302,1126,9760,0[CR],3702959046
F,44928,12666,9760,0[CR],3702959375
C,13294,1120,9760,0[CR],3702959812
F,44760,12667,9767,31[CR],3702960140
C,13286,1124,9776,19[CR],3702960578
F,50088,12721,9784,21[CR],3702960906
A,33716,49920,9793,22[CR],3702961343
F,50224,12752,9801,20[CR],3702961781
C,13512,1114,9810,21[CR],3702962109
F,49480,12754,9818,22[CR],3702962546
C,13514,1128,9826,19[CR],3702962875
F,49472,12740,9835,21[CR],3702963312
C,13522,1148,9844,22[CR],3702963640
F,49944,12706,9852,19[CR],3702964078
C,13535,1126,9861,22[CR],3702964406
F,50568,12704,9869,22[CR],3702964843
C,13513,1136,9877,20[CR],3702965281
F,50592,12718,9886,21[CR],3702965609
C,13533,1126,9895,22[CR],3702966046
F,50584,12718,9903,20[CR],3702966375
C,13563,1132,9912,20[CR],3702966812
F,50952,12726,9920,22[CR],3702967250
A,33688,50912,9928,19[CR],3702967578
F,51080,12742,9937,21[CR],3702968015
C,13567,1132,9946,22[CR],3702968343
F,51096,12738,9954,23[CR],3702968781
C,13551,1120,9963,21[CR],3702969109
F,51168,12744,9971,22[CR],3702969546
C,13541,1130,9979,22[CR],3702969984
F,51608,12737,9988,21[CR],3702970312
C,13521,1132,9997,22[CR],3702970750
F,51152,12717,10005,23[CR],3702971078
C,13594,1134,10014,20[CR],3702971515
F,51344,12736,10022,22[CR],3702971843
C,13626,1134,10030,24[CR],3702972281
F,51400,12747,10039,20[CR],3702972718
C,13561,1160,10048,22[CR],3702973046
F,50944,12761,10056,24[CR],3702973484
A,33688,51240,10064,20[CR],3702973812
F,51152,12762,10073,22[CR],3702974250
C,13594,1140,10081,22[CR],3702974578
F,51192,12740,10090,20[CR],3702975015
C,13544,1176,10099,22[CR],3702975453
F,50600,12716,10107,23[CR],3702975781
C,13531,1144,10115,20[CR],3702976218
F,51008,12735,10124,22[CR],3702976546
C,13549,1166,10132,23[CR],3702976984
F,50328,12749,10141,20[CR],3702977312
C,13517,1150,10149,22[CR],3702977750
F,50832,12742,10158,22[CR],3702978187
C,13506,1138,10166,20[CR],3702978515
F,50360,12714,10175,22[CR],3702978953
C,13491,1144,10183,22[CR],3702979281
F,50320,12697,10192,20[CR],3702979718
A,33716,50328,10200,21[CR],3702980046
F,50376,12735,10209,22[CR],3702980484
C,13525,1140,10217,20[CR],3702980921
F,50896,12752,10226,21[CR],3702981250
C,13579,1138,10234,23[CR],3702981687
F,50928,12738,10242,20[CR],3702982015
C,13612,1150,10251,21[CR],3702982453
F,50832,12726,10260,22[CR],3702982796
C,13557,1162,10268,21[CR],3702983218
F,50816,12729,10276,21[CR],3702983656
C,13559,1168,10285,22[CR],3702983984
F,51312,12751,10293,18[CR],3702984421
C,13561,1162,10302,21[CR],3702984750
F,51472,12755,10310,22[CR],3702985187
C,13593,1166,10319,18[CR],3702985515
F,51400,12752,10327,21[CR],3702985953
A,33720,51176,10336,22[CR],3702986390
F,51080,12733,10344,18[CR],3702986718
C,13561,1176,10353,20[CR],3702987156
F,51200,12756,10361,22[CR],3702987484
C,13544,1168,10369,18[CR],3702987921
F,51576,12763,10378,21[CR],3702988250
C,13532,1160,10386,22[CR],3702988687
F,51680,12770,10395,18[CR],3702989125
C,13542,1188,10403,21[CR],3702989453
F,51672,12767,10412,22[CR],3702989890
C,13564,1168,10420,18[CR],3702990218
F,51408,12733,10429,21[CR],3702990656
C,13574,1178,10437,22[CR],3702990984
F,50536,12702,10445,17[CR],3702991421
C,13573,1174,10454,21[CR],3702991859
F,50608,12711,10462,22[CR],3702992187
A,33708,51136,10471,18[CR],3702992625
F,51784,12733,10479,21[CR],3702992953
C,13601,1200,10487,22[CR],3702993390
F,52216,12745,10496,18[CR],3702993718
C,13571,1182,10504,21[CR],3702994156
F,51464,12752,10513,22[CR],3702994593
C,13561,1210,10521,17[CR],3702994921
F,51664,12761,10530,20[CR],3702995359
C,13585,1216,10538,22[CR],3702995687
F,52208,12747,10546,23[CR],3702996125
C,13593,1206,10555,20[CR],3702996453
F,51968,12732,10563,22[CR],3702996890
C,13612,1204,10571,17[CR],3702997328
F,51160,12698,10580,20[CR],3702997656
C,13604,1222,10589,22[CR],3702998093
F,51136,12715,10597,18[CR],3702998421
A,33652,52864,10606,20[CR],3702998859
F,52624,12734,10614,22[CR],3702999187
C,13674,1214,10622,19[CR],3702999625
F,51856,12757,10631,21[CR],3703000062
C,13654,1216,10639,22[CR],3703000390
F,53200,12802,10647,24[CR],3703000828
C,13676,1204,10656,21[CR],3703001156
F,53336,12775,10665,22[CR],3703001593
C,13614,1204,10673,22[CR],3703001921
F,51536,12726,10681,21[CR],3703002359
C,13645,1212,10690,22[CR],3703002796
F,52264,12762,10698,24[CR],3703003125
C,13662,1222,10707,21[CR],3703003562
F,53032,12800,10715,22[CR],3703003890
C,13608,1218,10723,23[CR],3703004328
F,52312,12779,10732,20[CR],3703004656
A,33704,52536,10741,22[CR],3703005093
F,53008,12765,10749,22[CR],3703005531
C,13589,1218,10757,20[CR],3703005859
F,52448,12745,10766,22[CR],3703006296
C,13556,1228,10774,24[CR],3703006625
F,52048,12754,10783,21[CR],3703007062
C,13557,1228,10791,22[CR],3703007390
F,52320,12744,10800,22[CR],3703007828
C,13542,1228,10808,20[CR],3703008265
F,51736,12729,10817,22[CR],3703008593
C,13552,1216,10825,22[CR],3703009031
F,51600,12744,10834,20[CR],3703009359
C,13593,1224,10842,22[CR],3703009796
F,52176,12747,10850,22[CR],3703010125
C,13593,1228,10859,21[CR],3703010562
F,52208,12722,10867,22[CR],3703011000
A,33640,51368,10876,22[CR],3703011328
F,51272,12720,10884,20[CR],3703011703
C,13573,1224,10893,22[CR],3703012093
F,50816,12714,10901,22[CR],3703012531
C,13617,1222,10909,20[CR],3703012859
F,51352,12708,10918,22[CR],3703013296
C,13583,1230,10926,22[CR],3703013734
F,51512,12722,10935,20[CR],3703014062
C,13586,1218,10943,21[CR],3703014500
F,52088,12760,10951,23[CR],3703014828
C,13617,1212,10960,20[CR],3703015265
F,51872,12749,10969,22[CR],3703015593
C,13608,1222,10977,22[CR],3703016031
F,52880,12755,10986,20[CR],3703016468
C,13623,1222,10994,22[CR],3703016796
F,52232,12736,11002,22[CR],3703017234
A,33676,51112,11011,20[CR],3703017562
F,51648,12732,11019,22[CR],3703018000
C,13629,1248,11028,23[CR],3703018328
F,51856,12744,11036,20[CR],3703018765
C,13649,1254,11045,21[CR],3703019093
F,51408,12735,11053,22[CR],3703019531
C,13629,1264,11061,21[CR],3703019968
F,52192,12754,11070,22[CR],3703020296
C,13576,1278,11078,23[CR],3703020734
F,51072,12736,11087,21[CR],3703021062
C,13566,1256,11095,22[CR],3703021500
F,51384,12745,11104,22[CR],3703021828
C,13572,1260,11112,20[CR],3703022265
F,51768,12734,11121,22[CR],3703022703
C,13582,1260,11129,22[CR],3703023031
F,51624,12718,11137,21[CR],3703023468
A,33672,51808,11146,21[CR],3703023796
F,51816,12739,11154,22[CR],3703024234
C,13616,1264,11163,21[CR],3703024562
F,52544,12772,11171,21[CR],3703025000
C,13572,1248,11180,22[CR],3703025437
F,52096,12793,11188,20[CR],3703025765
C,13566,1242,11197,21[CR],3703026203
F,52288,12763,11205,22[CR],3703026531
C,13592,1254,11213,20[CR],3703026968
F,52552,12757,11222,21[CR],3703027406
C,13590,1254,11230,22[CR],3703027734
F,52608,12754,11239,21[CR],3703028171
C,13578,1262,11247,21[CR],3703028500
F,52544,12756,11256,22[CR],3703028937
C,13627,1264,11264,20[CR],3703029265
F,53096,12791,11272,21[CR],3703029703
A,33672,53520,11281,22[CR],3703030031
F,53544,12779,11289,21[CR],3703030468
C,13625,1270,11298,21[CR],3703030906
F,52744,12759,11306,23[CR],3703031234
C,13655,1266,11314,20[CR],3703031671
F,53256,12767,11323,21[CR],3703032000
C,13683,1266,11332,22[CR],3703032437
F,53024,12759,11340,18[CR],3703032875
C,13673,1266,11348,21[CR],3703033203
F,52512,12756,11357,22[CR],3703033640
C,13665,1270,11365,18[CR],3703033968
F,54200,12804,11374,21[CR],3703034406
C,13680,1274,11382,22[CR],3703034734
F,54528,12788,11391,19[CR],3703035171
C,13675,1264,11399,21[CR],3703035500
F,54280,12774,11407,22[CR],3703035937
A,33688,53872,11416,19[CR],3703036375
F,53816,12768,11424,21[CR],3703036703
C,13663,1266,11432,22[CR],3703037140
F,53504,12775,11441,18[CR],3703037468
C,13651,1280,11450,21[CR],3703037906
F,53048,12783,11458,23[CR],3703038343
Z,0,0,11468,23[CR],3703038671
F,53712,12831,11475,21[CR],3703039109
C,13616,1258,11483,22[CR],3703039437
F,53864,12844,11491,19[CR],3703039875
C,13604,1274,11500,21[CR],3703040203
F,53592,12801,11508,22[CR],3703040640
C,13609,1272,11517,18[CR],3703041078
F,53888,12812,11525,21[CR],3703041406
C,13632,1282,11534,22[CR],3703041843
F,53800,12784,11542,18[CR],3703042171
A,33664,54176,11551,21[CR],3703042609
F,54104,12766,11559,22[CR],3703042937
C,13676,1288,11567,18[CR],3703043375
F,53968,12782,11576,21[CR],3703043812
C,13666,1280,11584,22[CR],3703044140
F,53384,12754,11592,18[CR],3703044578
C,13658,1280,11601,21[CR],3703044906
F,52528,12739,11609,22[CR],3703045343
C,13645,1274,11618,18[CR],3703045671
F,53304,12741,11626,21[CR],3703046109
C,13632,1268,11635,22[CR],3703046546
F,53144,12750,11643,18[CR],3703046875
C,13643,1274,11651,21[CR],3703047312
F,53936,12755,11660,22[CR],3703047640
C,13639,1278,11668,18[CR],3703048078
F,53648,12782,11677,21[CR],3703048406
A,33688,53792,11685,22[CR],3703048843
F,54552,12841,11693,18[CR],3703049203
C,13653,1296,11702,21[CR],3703049609
F,54096,12830,11710,22[CR],3703050046
C,13625,1308,11718,18[CR],3703050375
F,53608,12807,11727,21[CR],3703050812
C,13637,1306,11730,3[CR],3703051140
F,53232,12709,11730,1[CR],3703051578
C,13477,1298,11730,0[CR],3703051906
F,49896,12675,11730,0[CR],3703052343
C,13434,1308,11730,0[CR],3703052781
F,49160,12670,11730,0[CR],3703053109
C,13409,1306,11730,0[CR],3703053546
F,48752,12671,11730,0[CR],3703053875
C,13370,1306,11730,0[CR],3703054312
F,47496,12667,11730,0[CR],3703054640
A,33636,47440,11730,0[CR],3703055078
F,48232,12669,11730,0[CR],3703055515
C,13376,1300,11730,0[CR],3703055843
F,48384,12670,11730,0[CR],3703056281
C,13379,1308,11730,0[CR],3703056718
Z,0,0,11730,0[CR],3703057265
Z,0,0,11730,0[CR],3703057703
Z,0,0,11730,0[CR],3703058250
Z,0,0,11730,0[CR],3703058796
Z,0,0,11730,0[CR],3703059234
Z,0,0,11730,0[CR],3703059781
Z,0,0,11730,0[CR],3703060218
Z,0,0,11730,0[CR],3703060765
Z,0,0,11730,0[CR],3703061203
Z,0,0,11730,0[CR],3703061750
Z,0,0,11730,0[CR],3703062296
Z,0,0,11730,0[CR],3703062734
Z,0,0,11730,0[CR],3703063281
Z,0,0,11730,0[CR],3703063718
Z,0,0,11730,0[CR],3703064265
Z,0,0,11730,0[CR],3703064703
Z,0,0,11730,0[CR],3703065250
Z,0,0,11730,0[CR],3703065796
Z,0,0,11730,0[CR],3703066234
Z,0,0,11730,0[CR],3703066781
Z,0,0,11730,0[CR],3703067218
Z,0,0,11730,0[CR],3703067765
Z,0,0,11730,0[CR],3703067984
C,13189,1310,11730,0[CR],3703068312
F,45688,12665,11730,0[CR],3703068859
Z,0,0,11730,0[CR],3703069406
Z,0,0,11730,0[CR],3703069843
Z,0,0,11730,0[CR],3703070390
Z,0,0,11730,0[CR],3703070828
Z,0,0,11730,0[CR],3703071375
Z,0,0,11730,0[CR],3703071921
Z,0,0,11730,0[CR],3703072359
Z,0,0,11730,0[CR],3703072906
Z,0,0,11730,0[CR],3703073343
Z,0,0,11730,0[CR],3703073890
Z,0,0,11730,0[CR],3703074328
Z,0,0,11730,0[CR],3703074875
Z,0,0,11730,0[CR],3703075421
Z,0,0,11730,0[CR],3703075859
Z,0,0,11730,0[CR],3703076406
Z,0,0,11730,0[CR],3703076843
Z,0,0,11730,0[CR],3703077390
Z,0,0,11730,0[CR],3703077828
Z,0,0,11730,0[CR],3703078375
Z,0,0,11730,0[CR],3703078921
Z,0,0,11730,0[CR],3703079359
Z,0,0,11730,0[CR],3703079906
Z,0,0,11730,0[CR],3703080343
Z,0,0,11730,0[CR],3703080890
Z,0,0,11730,34[CR],3703081328
Z,0,0,11730,39[CR],3703081875
Z,0,0,11730,44[CR],3703082312
Z,0,0,11730,44[CR],3703082859
Z,0,0,11730,41[CR],3703083406
Z,0,0,11742,39[CR],3703083406
A,26572,11514,11743,36[CR],3703083843
Z,0,0,11749,12[CR],3703083953
F,45752,12675,11749,8[CR],3703084390
C,13436,1290,11750,2[CR],3703084718
F,48992,12673,11750,1[CR],3703085156
C,13448,1280,11750,0[CR],3703085593
F,48112,12671,11750,0[CR],3703085921
A,33688,47856,11750,0[CR],3703086359
F,47800,12672,11750,0[CR],3703086687
C,13399,1288,11750,0[CR],3703087125
F,47632,12671,11750,0[CR],3703087453
C,13389,1286,11750,0[CR],3703087890
F,47472,12670,11750,0[CR],3703088328
C,13378,1286,11750,0[CR],3703088656
F,47336,12670,11759,4[CR],3703089093
C,13836,1336,11759,1[CR],3703089421
F,51440,12676,11759,1[CR],3703089859
C,13494,1280,11759,1[CR],3703090187
F,50264,12674,11759,0[CR],3703090625
C,13461,1280,11759,0[CR],3703091062
F,49744,12674,11759,0[CR],3703091390
C,13444,1280,11759,0[CR],3703091828
F,49400,12671,11759,0[CR],3703092156
A,33660,49216,11759,0[CR],3703092593
F,49152,12672,11766,27[CR],3703093031
C,13421,1278,11775,20[CR],3703093359
F,53968,12787,11783,21[CR],3703093796
C,13648,1286,11792,24[CR],3703094125
F,54096,12791,11800,20[CR],3703094562
C,13638,1290,11808,22[CR],3703094890
F,54352,12799,11817,23[CR],3703095328
C,13611,1284,11825,20[CR],3703095765
F,53976,12795,11834,22[CR],3703096093
C,13608,1280,11842,23[CR],3703096531
F,53288,12810,11851,21[CR],3703096859
C,13652,1306,11859,22[CR],3703097296
F,53680,12816,11868,22[CR],3703097625
C,13687,1282,11876,20[CR],3703098062
F,53656,12803,11885,21[CR],3703098500
A,33676,54280,11893,22[CR],3703098828
F,53824,12795,11901,20[CR],3703099265
C,13660,1320,11910,22[CR],3703099593
F,54136,12802,11918,22[CR],3703100031
C,13641,1304,11927,18[CR],3703100359
F,54472,12810,11936,21[CR],3703100796
C,13667,1340,11944,22[CR],3703101234
F,54152,12810,11952,18[CR],3703101562
C,13672,1332,11961,21[CR],3703102000
F,55072,12833,11969,22[CR],3703102328
C,13688,1344,11978,18[CR],3703102765
F,54504,12806,11986,22[CR],3703103093
C,13664,1318,11995,22[CR],3703103531
F,53288,12764,12003,19[CR],3703103968
C,13691,1312,12012,21[CR],3703104296
F,53808,12753,12020,22[CR],3703104734
A,33652,53456,12028,20[CR],3703105062
F,54136,12786,12037,21[CR],3703105500
C,13649,1350,12045,22[CR],3703105828
F,54104,12804,12053,18[CR],3703106265
C,13663,1362,12062,21[CR],3703106703
F,54624,12809,12071,23[CR],3703107031
C,13657,1348,12079,18[CR],3703107468
F,55016,12802,12088,21[CR],3703107796
C,13665,1364,12096,22[CR],3703108234
F,55152,12778,12104,18[CR],3703108562
C,13650,1360,12113,21[CR],3703109000
F,54824,12783,12121,23[CR],3703109437
C,13621,1344,12129,18[CR],3703109765
F,53552,12782,12138,21[CR],3703110203
C,13650,1350,12147,22[CR],3703110531
F,52800,12764,12155,19[CR],3703110968
A,33652,53160,12163,21[CR],3703111296
F,53112,12760,12172,23[CR],3703111734
C,13609,1356,12180,19[CR],3703112171
F,53880,12775,12189,21[CR],3703112500
C,13618,1362,12197,22[CR],3703112937
F,53744,12801,12206,21[CR],3703113265
C,13629,1362,12214,21[CR],3703113703
F,54136,12825,12223,22[CR],3703114031
C,13661,1372,12231,21[CR],3703114468
F,54680,12808,12239,21[CR],3703114796
C,13651,1360,12248,22[CR],3703115234
F,54408,12782,12256,22[CR],3703115671
C,13654,1370,12265,21[CR],3703116000
F,53456,12758,12274,22[CR],3703116437
C,13638,1362,12282,20[CR],3703116765
F,53488,12783,12290,20[CR],3703117203
A,33664,53672,12299,22[CR],3703117640
F,53584,12836,12307,19[CR],3703117968
C,13634,1350,12316,20[CR],3703118406
F,53760,12797,12324,22[CR],3703118734
C,13666,1350,12332,20[CR],3703119171
F,55200,12790,12341,20[CR],3703119500
C,13659,1364,12349,22[CR],3703119937
F,55296,12802,12358,21[CR],3703120375
C,13663,1370,12366,21[CR],3703120703
F,55528,12792,12375,22[CR],3703121140
C,13639,1372,12383,20[CR],3703121468
F,54272,12767,12392,21[CR],3703121906
C,13678,1370,12400,22[CR],3703122234
F,54176,12748,12408,20[CR],3703122671
C,13706,1372,12417,20[CR],3703123109
F,53520,12733,12425,22[CR],3703123437
A,33600,53456,12433,19[CR],3703123875
F,53992,12752,12442,20[CR],3703124218
C,13704,1386,12450,22[CR],3703124640
F,54984,12783,12458,19[CR],3703124968
C,13688,1368,12467,21[CR],3703125406
F,54664,12784,12476,22[CR],3703125843
C,13626,1372,12484,19[CR],3703126171
F,54096,12775,12492,21[CR],3703126609
C,13631,1372,12501,22[CR],3703126937
F,54064,12766,12509,21[CR],3703127375
C,13626,1372,12518,20[CR],3703127703
F,54248,12754,12526,22[CR],3703128140
C,13661,1370,12534,20[CR],3703128578
F,54112,12758,12543,20[CR],3703128906
C,13734,1376,12551,22[CR],3703129343
F,55248,12797,12559,21[CR],3703129671
A,33668,54880,12568,20[CR],3703130109
F,54872,12820,12577,22[CR],3703130437
C,13645,1370,12585,20[CR],3703130875
F,54336,12817,12593,21[CR],3703131312
C,13635,1366,12602,22[CR],3703131640
F,54248,12808,12610,22[CR],3703132078
C,13690,1370,12618,20[CR],3703132406
F,54976,12811,12627,22[CR],3703132843
C,13769,1364,12635,24[CR],3703133171
F,54832,12791,12644,20[CR],3703133609
C,13775,1370,12652,22[CR],3703134046
F,54824,12774,12660,20[CR],3703134375
C,13710,1378,12669,20[CR],3703134812
F,55288,12785,12677,22[CR],3703135140
C,13706,1366,12685,19[CR],3703135578
F,55792,12837,12694,20[CR],3703135906
A,33636,57064,12702,22[CR],3703136343
F,57312,12855,12711,23[CR],3703136781
C,13824,1366,12719,20[CR],3703137109
F,56904,12843,12727,22[CR],3703137546
C,13888,1372,12736,22[CR],3703137875
F,58016,12872,12744,20[CR],3703138312
C,13872,1382,12753,22[CR],3703138640
F,58000,12894,12761,23[CR],3703139078
C,13835,1382,12770,20[CR],3703139515
F,57832,12894,12778,22[CR],3703139843
C,13807,1384,12787,23[CR],3703140281
F,57112,12866,12795,20[CR],3703140609
C,13711,1372,12804,22[CR],3703141046
F,55576,12835,12812,21[CR],3703141375
C,13642,1400,12820,20[CR],3703141812
F,55192,12827,12829,22[CR],3703142250
A,33664,55240,12837,21[CR],3703142578
F,54976,12808,12846,20[CR],3703143015
C,13691,1378,12854,22[CR],3703143343
F,54984,12806,12862,22[CR],3703143781
C,13708,1384,12871,20[CR],3703144109
F,55008,12815,12879,22[CR],3703144546
C,13699,1398,12887,22[CR],3703144984
F,55296,12821,12896,20[CR],3703145312
C,13709,1382,12904,22[CR],3703145750
F,55976,12831,12912,21[CR],3703146078
C,13753,1392,12921,21[CR],3703146515
F,55880,12820,12930,22[CR],3703146843
C,13715,1392,12938,23[CR],3703147281
F,55040,12808,12947,20[CR],3703147718
C,13663,1396,12955,22[CR],3703148046
F,55448,12846,12963,23[CR],3703148484
A,33628,55288,12972,20[CR],3703148812
F,54920,12819,12980,22[CR],3703149250
C,13740,1398,12988,21[CR],3703149578
F,54960,12815,12997,20[CR],3703150015
C,13737,1418,13005,22[CR],3703150453
F,56400,12846,13014,22[CR],3703150781
C,13826,1392,13022,20[CR],3703151218
F,56672,12848,13031,22[CR],3703151546
C,13843,1402,13039,20[CR],3703151984
F,56760,12844,13047,20[CR],3703152312
C,13847,1396,13056,22[CR],3703152750
F,57120,12869,13064,22[CR],3703153187
C,13885,1410,13072,21[CR],3703153515
F,57592,12888,13081,22[CR],3703153953
C,13912,1418,13089,18[CR],3703154281
F,57392,12882,13097,21[CR],3703154718
A,33608,57072,13106,22[CR],3703155046
F,56760,12879,13114,22[CR],3703155484
C,13809,1414,13123,21[CR],3703155921
F,55784,12860,13131,22[CR],3703156250
C,13701,1414,13140,22[CR],3703156687
F,55592,12880,13148,21[CR],3703157015
C,13718,1420,13157,22[CR],3703157562
Z,0,0,13167,23[CR],3703157781
C,13714,1410,13173,20[CR],3703158218
F,55168,12824,13182,22[CR],3703158656
C,13727,1426,13190,20[CR],3703158984
F,55968,12832,13199,21[CR],3703159421
C,13751,1426,13207,22[CR],3703159750
F,56512,12845,13215,20[CR],3703160187
C,13697,1430,13224,21[CR],3703160515
F,56008,12856,13232,22[CR],3703160953
A,33620,56272,13240,20[CR],3703161390
F,56312,12840,13249,20[CR],3703161718
C,13669,1448,13257,22[CR],3703162156
F,55512,12808,13265,22[CR],3703162484
C,13650,1436,13274,21[CR],3703162921
F,55464,12802,13282,22[CR],3703163250
C,13659,1448,13290,20[CR],3703163687
F,55696,12804,13299,21[CR],3703164125
C,13644,1458,13308,22[CR],3703164453
F,56024,12833,13316,17[CR],3703164890
C,13713,1442,13324,21[CR],3703165218
F,55416,12775,13333,22[CR],3703165656
C,13740,1462,13341,18[CR],3703165984
F,56752,12803,13349,21[CR],3703166421
C,13705,1432,13358,22[CR],3703166859
F,55664,12773,13366,18[CR],3703167187
A,33632,54600,13375,21[CR],3703167625
F,54592,12740,13383,22[CR],3703167953
C,13715,1452,13391,18[CR],3703168390
F,56488,12806,13400,21[CR],3703168718
C,13725,1436,13408,22[CR],3703169156
F,56552,12840,13416,19[CR],3703169593
C,13782,1452,13425,20[CR],3703169921
F,57840,12856,13433,22[CR],3703170359
C,13793,1436,13441,18[CR],3703170687
F,57816,12844,13450,21[CR],3703171125
C,13786,1432,13459,22[CR],3703171453
F,58024,12829,13467,18[CR],3703171890
C,13788,1436,13475,20[CR],3703172328
F,57928,12815,13484,22[CR],3703172656
C,13784,1426,13492,19[CR],3703173093
F,56128,12769,13500,21[CR],3703173421
A,33612,56256,13509,22[CR],3703173859
F,56760,12767,13517,17[CR],3703174187
C,13790,1452,13526,21[CR],3703174625
F,56984,12807,13534,22[CR],3703175062
C,13831,1460,13542,18[CR],3703175390
F,57976,12818,13551,21[CR],3703175828
C,13815,1470,13559,22[CR],3703176156
F,58152,12831,13567,18[CR],3703176593
C,13772,1466,13576,21[CR],3703176921
F,57776,12853,13584,22[CR],3703177359
C,13749,1460,13593,18[CR],3703177796
F,57232,12849,13601,21[CR],3703178125
C,13757,1472,13609,22[CR],3703178562
F,56816,12813,13617,18[CR],3703178890
C,13800,1468,13626,21[CR],3703179328
F,57496,12813,13634,22[CR],3703179656
A,33604,58072,13643,19[CR],3703180093
F,57864,12850,13651,21[CR],3703180468
C,13862,1468,13660,22[CR],3703180859
F,59272,12867,13668,20[CR],3703181296
C,13824,1470,13676,21[CR],3703181625
F,58952,12838,13685,22[CR],3703182062
C,13810,1480,13693,20[CR],3703182390
F,58632,12810,13701,21[CR],3703182828
C,13811,1480,13709,21[CR],3703183265
F,57832,12784,13718,20[CR],3703183593
C,13777,1468,13726,22[CR],3703184031
F,57080,12786,13730,4[CR],3703184359
C,13726,1474,13730,1[CR],3703184796
F,55104,12684,13730,0[CR],3703185125
C,13540,1462,13730,0[CR],3703185562
F,54144,12676,13730,0[CR],3703186000
A,33636,53768,13730,0[CR],3703186328
F,53640,12674,13730,0[CR],3703186765
C,13379,1480,13730,0[CR],3703187093
F,52040,12670,13730,0[CR],3703187531
C,13393,1468,13730,0[CR],3703187859
F,54024,12676,13730,0[CR],3703188296
C,13532,1476,13730,0[CR],3703188843
Z,0,0,13730,0[CR],3703189281
Z,0,0,13730,0[CR],3703189828
Z,0,0,13730,0[CR],3703190265
Z,0,0,13730,0[CR],3703190812
Z,0,0,13730,0[CR],3703191250
Z,0,0,13730,0[CR],3703191796
Z,0,0,13730,0[CR],3703192343
Z,0,0,13730,0[CR],3703192781
Z,0,0,13730,0[CR],3703193328
Z,0,0,13730,0[CR],3703193765
Z,0,0,13730,0[CR],3703194312
Z,0,0,13730,0[CR],3703194750
Z,0,0,13730,0[CR],3703195296
Z,0,0,13730,0[CR],3703195843
Z,0,0,13730,0[CR],3703196281
Z,0,0,13730,0[CR],3703196828
Z,0,0,13730,0[CR],3703197265
Z,0,0,13730,0[CR],3703197812
Z,0,0,13730,0[CR],3703198250
Z,0,0,13730,0[CR],3703198796
Z,0,0,13730,0[CR],3703199343
Z,0,0,13730,0[CR],3703199781
Z,0,0,13730,0[CR],3703200328
Z,0,0,13730,0[CR],3703200765
Z,0,0,13730,0[CR],3703201312
Z,0,0,13730,0[CR],3703201750
Z,0,0,13730,0[CR],3703201968
F,50288,12670,13730,0[CR],3703202515
Z,0,0,13730,0[CR],3703202953
Z,0,0,13730,0[CR],3703203500
Z,0,0,13730,0[CR],3703203937
Z,0,0,13730,0[CR],3703204484
Z,0,0,13730,0[CR],3703204921
Z,0,0,13730,0[CR],3703205468
Z,0,0,13730,0[CR],3703206015
Z,0,0,13730,0[CR],3703206453
Z,0,0,13730,0[CR],3703207000
Z,0,0,13730,0[CR],3703207437
Z,0,0,13730,60[CR],3703207984
Z,0,0,13730,94[CR],3703208421
Z,0,0,13741,68[CR],3703208968
Z,0,0,13750,10[CR],3703208968
F,50800,12669,13750,7[CR],3703209343
C,13589,1484,13750,1[CR],3703209734
F,53728,12680,13750,1[CR],3703210171
C,13564,1488,13750,0[CR],3703210609
F,52880,12676,13750,0[CR],3703210937
A,33620,52616,13750,0[CR],3703211375
F,52536,12676,13750,0[CR],3703211703
C,13513,1502,13750,0[CR],3703212140
F,52312,12674,13761,6[CR],3703212468
C,13902,1836,13761,2[CR],3703212906
F,56040,12729,13761,1[CR],3703213343
C,13580,1490,13761,0[CR],3703213671
F,54640,12709,13761,0[CR],3703214109
C,13551,1484,13761,0[CR],3703214437
F,54048,12701,13761,0[CR],3703214875
C,13533,1468,13761,0[CR],3703215203
F,53640,12696,13761,0[CR],3703215640
C,13520,1476,13761,0[CR],3703216078
F,53352,12693,13771,22[CR],3703216406
C,13714,1476,13780,22[CR],3703216843
F,58600,12845,13788,20[CR],3703217171
A,33596,58576,13797,21[CR],3703217609
F,58264,12838,13805,23[CR],3703217968
C,13728,1478,13813,20[CR],3703218375
F,57704,12806,13822,21[CR],3703218812
C,13741,1488,13830,22[CR],3703219140
F,57232,12805,13839,21[CR],3703219578
C,13807,1474,13847,21[CR],3703219906
F,57168,12821,13856,22[CR],3703220343
C,13780,1484,13864,20[CR],3703220671
F,58064,12844,13873,21[CR],3703221109
C,13759,1494,13881,23[CR],3703221546
F,57416,12810,13889,20[CR],3703221875
C,13803,1502,13898,21[CR],3703222312
F,58072,12809,13906,23[CR],3703222640
C,13766,1500,13914,20[CR],3703223078
F,57656,12783,13923,21[CR],3703223406
A,33636,58016,13932,22[CR],3703223843
F,57792,12797,13940,18[CR],3703224281
C,13769,1514,13949,21[CR],3703224609
F,57080,12785,13957,23[CR],3703225046
C,13777,1522,13965,18[CR],3703225375
F,56224,12771,13974,20[CR],3703225812
C,13790,1508,13982,23[CR],3703226140
F,57904,12802,13990,18[CR],3703226578
C,13807,1514,13999,21[CR],3703227015
F,58888,12851,14007,22[CR],3703227343
C,13863,1524,14016,19[CR],3703227781
F,59152,12806,14024,21[CR],3703228109
C,13943,1486,14033,22[CR],3703228546
F,59360,12767,14041,19[CR],3703228875
C,13888,1514,14049,21[CR],3703229312
F,59536,12803,14058,22[CR],3703229750
A,33600,58784,14066,18[CR],3703230078
F,58656,12837,14075,21[CR],3703230515
C,13761,1504,14083,22[CR],3703230843
F,58568,12849,14091,17[CR],3703231281
C,13722,1514,14100,21[CR],3703231609
F,57536,12842,14109,22[CR],3703232046
C,13762,1514,14117,18[CR],3703232484
F,57440,12836,14125,20[CR],3703232812
C,13790,1522,14134,22[CR],3703233250
F,56440,12814,14142,18[CR],3703233578
C,13772,1516,14151,21[CR],3703234015
F,57800,12840,14159,22[CR],3703234343
C,13778,1512,14167,18[CR],3703234781
F,57872,12845,14176,21[CR],3703235218
C,13771,1530,14184,22[CR],3703235546
F,58120,12837,14193,18[CR],3703235984
A,33628,57896,14201,21[CR],3703236312
F,57832,12837,14210,22[CR],3703236750
C,13734,1526,14218,19[CR],3703237078
F,58408,12843,14226,21[CR],3703237515
C,13790,1522,14235,22[CR],3703237953
F,59192,12847,14243,18[CR],3703238281
C,13799,1524,14252,21[CR],3703238718
F,58776,12829,14260,22[CR],3703239046
C,13802,1518,14268,19[CR],3703239484
F,58208,12824,14277,21[CR],3703239812
C,13857,1530,14285,22[CR],3703240250
F,58448,12791,14294,18[CR],3703240687
C,13812,1526,14302,21[CR],3703241015
F,58352,12769,14311,22[CR],3703241453
C,13760,1520,14319,18[CR],3703241781
F,57288,12788,14327,21[CR],3703242218
A,33576,57712,14336,22[CR],3703242546
F,57968,12847,14344,18[CR],3703242984
C,13796,1526,14353,20[CR],3703243421
F,58320,12856,14361,22[CR],3703243750
C,13798,1542,14369,18[CR],3703244187
F,58216,12827,14378,21[CR],3703244515
C,13806,1536,14386,22[CR],3703244953
F,58240,12814,14394,18[CR],3703245281
C,13775,1536,14403,21[CR],3703245718
F,57656,12809,14411,22[CR],3703246156
C,13802,1550,14419,20[CR],3703246484
F,58016,12782,14428,21[CR],3703246921
C,13875,1564,14436,22[CR],3703247250
F,57832,12779,14444,20[CR],3703247687
C,13852,1550,14453,21[CR],3703248015
F,58712,12821,14461,22[CR],3703248453
A,33584,58256,14469,21[CR],3703248890
F,58352,12817,14478,21[CR],3703249218
C,13779,1536,14486,22[CR],3703249656
F,58320,12791,14495,20[CR],3703249984
C,13792,1554,14503,21[CR],3703250421
F,58448,12787,14512,22[CR],3703250750
C,13819,1564,14520,20[CR],3703251187
F,58424,12829,14528,21[CR],3703251625
C,13825,1564,14537,22[CR],3703251953
F,58776,12844,14545,20[CR],3703252390
C,13802,1544,14553,21[CR],3703252718
F,59224,12858,14562,22[CR],3703253156
C,13801,1584,14570,20[CR],3703253484
F,58800,12835,14579,21[CR],3703253921
C,13825,1624,14587,22[CR],3703254359
F,58552,12815,14595,20[CR],3703254687
A,33612,58808,14604,21[CR],3703255125
F,58008,12764,14612,23[CR],3703255484
C,13895,1620,14620,20[CR],3703255890
F,57960,12750,14629,21[CR],3703256218
C,13794,1610,14637,22[CR],3703256656
F,58400,12809,14645,20[CR],3703257093
C,13793,1638,14654,21[CR],3703257421
F,58488,12812,14662,23[CR],3703257859
C,13854,1634,14670,20[CR],3703258187
F,59168,12836,14679,21[CR],3703258625
C,13812,1646,14687,23[CR],3703258953
F,58784,12852,14695,21[CR],3703259390
C,13827,1648,14704,22[CR],3703259828
F,59288,12841,14712,22[CR],3703260156
C,13805,1642,14720,20[CR],3703260593
F,59400,12835,14729,22[CR],3703260921
A,33604,58624,14737,22[CR],3703261359
F,58528,12873,14746,20[CR],3703261687
C,13823,1650,14754,21[CR],3703262125
F,58232,12840,14762,22[CR],3703262562
C,13870,1658,14771,20[CR],3703262890
F,58216,12790,14780,22[CR],3703263328
C,13813,1658,14788,22[CR],3703263656
F,58672,12815,14796,20[CR],3703264093
C,13812,1674,14805,22[CR],3703264421
F,59024,12839,14813,22[CR],3703264859
C,13812,1676,14821,20[CR],3703265296
F,59016,12832,14830,22[CR],3703265625
C,13893,1680,14838,22[CR],3703266062
F,58176,12803,14846,20[CR],3703266390
C,13900,1672,14855,22[CR],3703266828
F,59528,12840,14863,23[CR],3703267156
A,33624,59608,14871,21[CR],3703267593
F,59584,12876,14880,22[CR],3703268031
C,13832,1664,14888,23[CR],3703268359
F,59440,12863,14897,20[CR],3703268796
C,13845,1658,14905,22[CR],3703269125
F,59888,12882,14913,22[CR],3703269562
C,13836,1668,14922,21[CR],3703269890
F,59616,12868,14930,22[CR],3703270328
C,13862,1674,14939,22[CR],3703270765
F,60664,12882,14947,20[CR],3703271093
C,13904,1664,14955,22[CR],3703271531
F,59680,12855,14963,23[CR],3703271859
C,13889,1674,14972,20[CR],3703272296
F,59056,12823,14981,22[CR],3703272625
C,13780,1678,14989,23[CR],3703273062
F,58632,12831,14997,20[CR],3703273500
A,33624,58488,15006,22[CR],3703273828
F,58784,12852,15014,22[CR],3703274265
C,13786,1672,15022,20[CR],3703274593
F,59088,12872,15031,22[CR],3703275031
C,13774,1652,15039,21[CR],3703275359
F,59520,12872,15048,20[CR],3703275796
C,13766,1676,15056,22[CR],3703276234
F,59272,12840,15064,22[CR],3703276562
C,13742,1664,15072,20[CR],3703277000
F,58904,12827,15081,22[CR],3703277328
C,13751,1674,15089,19[CR],3703277765
F,58272,12845,15098,21[CR],3703278093
C,13747,1650,15106,22[CR],3703278531
F,58296,12825,15114,22[CR],3703278968
C,13771,1676,15123,21[CR],3703279296
F,58224,12788,15131,22[CR],3703279734
A,33592,57584,15140,23[CR],3703280062
F,57800,12767,15148,21[CR],3703280500
C,13788,1674,15157,22[CR],3703280828
F,58576,12792,15165,19[CR],3703281265
C,13823,1668,15173,20[CR],3703281703
F,59688,12812,15182,22[CR],3703282031
C,13818,1674,15190,20[CR],3703282468
F,59504,12829,15198,21[CR],3703282796
C,13757,1664,15207,22[CR],3703283234
F,58144,12841,15215,21[CR],3703283562
C,13732,1670,15224,21[CR],3703284000
F,57976,12846,15232,22[CR],3703284437
C,13737,1660,15240,18[CR],3703284765
F,57776,12823,15249,21[CR],3703285203
C,13767,1668,15257,22[CR],3703285531
F,59088,12867,15265,17[CR],3703285968
A,33620,59664,15274,21[CR],3703286296
F,59320,12855,15282,22[CR],3703286734
C,13957,1670,15290,18[CR],3703287171
F,59112,12823,15299,20[CR],3703287500
C,13861,1674,15307,22[CR],3703287937
F,59624,12865,15315,17[CR],3703288265
C,13888,1660,15324,21[CR],3703288703
F,59616,12882,15332,22[CR],3703289031
C,13867,1686,15340,18[CR],3703289468
F,60264,12857,15349,21[CR],3703289906
C,13908,1674,15357,22[CR],3703290234
F,60736,12887,15365,18[CR],3703290671
C,13918,1670,15374,21[CR],3703291000
F,61424,12893,15383,22[CR],3703291437
C,13881,1676,15391,19[CR],3703291765
F,60512,12855,15399,21[CR],3703292203
A,33664,60040,15408,22[CR],3703292640
F,61200,12873,15416,19[CR],3703292968
C,13915,1668,15424,21[CR],3703293406
F,61352,12920,15432,22[CR],3703293734
C,13926,1676,15441,20[CR],3703294171
F,62280,12914,15449,21[CR],3703294500
C,13888,1664,15457,22[CR],3703294937
F,61328,12899,15466,20[CR],3703295375
C,13923,1676,15474,21[CR],3703295703
F,61392,12861,15483,22[CR],3703296140
C,13908,1674,15491,20[CR],3703296468
F,60896,12850,15499,22[CR],3703296906
C,13859,1674,15508,22[CR],3703297234
F,60856,12850,15516,20[CR],3703297671
C,13818,1682,15524,22[CR],3703298109
F,60136,12843,15533,23[CR],3703298437
A,33632,60424,15541,20[CR],3703298875
F,60592,12866,15550,21[CR],3703299203
C,13842,1676,15558,23[CR],3703299640
F,60904,12885,15566,20[CR],3703299968
C,13841,1674,15575,21[CR],3703300406
F,60704,12875,15583,23[CR],3703300843
C,13902,1672,15591,20[CR],3703301171
F,61488,12869,15600,22[CR],3703301609
C,13913,1666,15608,22[CR],3703301937
F,61776,12846,15616,20[CR],3703302375
C,13914,1674,15625,22[CR],3703302703
F,60840,12821,15633,22[CR],3703303140
C,13920,1684,15641,20[CR],3703303578
F,59584,12794,15650,21[CR],3703303906
C,13963,1652,15658,24[CR],3703304343
F,61040,12820,15666,20[CR],3703304671
A,33604,61360,15675,22[CR],3703305109
F,61344,12867,15683,23[CR],3703305437
C,13882,1676,15691,20[CR],3703305875
F,61520,12893,15700,22[CR],3703306312
C,13896,1660,15708,24[CR],3703306640
F,62192,12938,15716,21[CR],3703307078
C,13922,1682,15725,22[CR],3703307406
F,62504,12905,15730,6[CR],3703307843
C,13959,1686,15730,1[CR],3703308171
F,59832,12764,15730,1[CR],3703308609
C,13730,1694,15730,0[CR],3703309046
F,58072,12746,15730,0[CR],3703309375
C,13693,1686,15730,0[CR],3703309812
F,57456,12739,15730,0[CR],3703310140
C,13682,1690,15730,0[CR],3703310578
F,57104,12715,15730,0[CR],3703310906
A,33664,55776,15730,0[CR],3703311453
Z,0,0,15730,0[CR],3703311718
C,13533,1676,15730,0[CR],3703312109
F,57288,12734,15730,0[CR],3703312546
C,13686,1676,15730,0[CR],3703312984
Z,0,0,15730,0[CR],3703313531
Z,0,0,15730,0[CR],3703313968
Z,0,0,15730,0[CR],3703314515
Z,0,0,15730,0[CR],3703315062
Z,0,0,15730,0[CR],3703315500
Z,0,0,15730,0[CR],3703316046
Z,0,0,15730,0[CR],3703316484
Z,0,0,15730,0[CR],3703317031
Z,0,0,15730,0[CR],3703317468
Z,0,0,15730,0[CR],3703318015
Z,0,0,15730,0[CR],3703318343
F,53976,12691,15730,0[CR],3703318781
C,13437,1676,15730,0[CR],3703319109
F,53832,12691,15730,0[CR],3703319546
C,13434,1674,15730,0[CR],3703320093
Z,0,0,15730,0[CR],3703320531
Z,0,0,15730,0[CR],3703321078
Z,0,0,15730,0[CR],3703321515
Z,0,0,15730,0[CR],3703322062
Z,0,0,15730,0[CR],3703322500
Z,0,0,15730,0[CR],3703323046
Z,0,0,15730,0[CR],3703323484
A,33580,53360,15730,0[CR],3703323812
F,53336,12685,15730,0[CR],3703324359
Z,0,0,15730,0[CR],3703324796
Z,0,0,15730,0[CR],3703325343
Z,0,0,15730,0[CR],3703325890
Z,0,0,15730,0[CR],3703326328
Z,0,0,15730,0[CR],3703326875
Z,0,0,15730,0[CR],3703327312
Z,0,0,15730,0[CR],3703327859
Z,0,0,15730,0[CR],3703328296
Z,0,0,15730,0[CR],3703328843
Z,0,0,15730,0[CR],3703329390
Z,0,0,15730,0[CR],3703329828
Z,0,0,15730,0[CR],3703330375
Z,0,0,15730,0[CR],3703330812
Z,0,0,15730,0[CR],3703331359
Z,0,0,15730,0[CR],3703331796
Z,0,0,15730,0[CR],3703332343
Z,0,0,15730,0[CR],3703332890
Z,0,0,15730,0[CR],3703333328
Z,0,0,15730,0[CR],3703333875
Z,0,0,15730,0[CR],3703334312
Z,0,0,15730,114[CR],3703334859
Z,0,0,15745,30[CR],3703335187
C,13483,1674,15749,7[CR],3703335515
F,56768,12806,15749,1[CR],3703335953
A,33616,56752,15749,1[CR],3703336390
F,56520,12745,15749,0[CR],3703336718
C,13696,1674,15749,0[CR],3703337156
F,56000,12737,15749,0[CR],3703337484
C,13670,1670,15749,0[CR],3703337921
F,55680,12732,15749,0[CR],3703338250
C,13653,1674,15759,19[CR],3703338687
F,55464,12994,15760,2[CR],3703339125
C,13840,1674,15760,1[CR],3703339453
F,59624,12786,15760,0[CR],3703339890
C,13703,1668,15760,0[CR],3703340218
F,58208,12768,15760,0[CR],3703340656
C,13665,1674,15760,0[CR],3703340984
F,57584,12757,15760,0[CR],3703341421
C,13649,1674,15760,0[CR],3703341859
F,57192,12751,15760,0[CR],3703342187
A,33592,56984,15760,0[CR],3703342625
F,56896,12747,15772,21[CR],3703342953
C,13986,1674,15780,23[CR],3703343390
F,61960,12920,15788,20[CR],3703343718
C,13946,1678,15797,21[CR],3703344156
F,62480,12925,15806,22[CR],3703344593
C,14003,1668,15814,20[CR],3703344921
F,62760,12929,15822,21[CR],3703345359
C,13969,1672,15831,22[CR],3703345687
F,62976,12928,15839,20[CR],3703346125
C,13928,1680,15848,21[CR],3703346453
F,62936,12905,15856,22[CR],3703346890
C,13985,1676,15864,21[CR],3703347328
F,62848,12885,15873,21[CR],3703347656
C,13967,1676,15881,22[CR],3703348093
F,62816,12889,15889,20[CR],3703348421
A,33636,62200,15898,21[CR],3703348859
F,61928,12903,15906,22[CR],3703349234
C,13914,1676,15915,20[CR],3703349625
F,62592,12935,15923,21[CR],3703349843
J,7320,10855,15927,18[CR],3703350062
C,13941,1682,15931,22[CR],3703350390
F,62232,12926,15940,20[CR],3703350828
C,13982,1682,15948,21[CR],3703351156
F,62824,12917,15957,22[CR],3703351593
C,14001,1688,15965,20[CR],3703351921
F,62896,12888,15973,20[CR],3703352359
C,13920,1698,15982,23[CR],3703352796
F,62432,12909,15990,20[CR],3703353125
C,13903,1680,15999,21[CR],3703353562
F,62344,12904,16007,22[CR],3703353890
C,13919,1694,16015,20[CR],3703354328
F,62680,12903,16024,21[CR],3703354656
A,33644,64040,16032,22[CR],3703355093
F,64328,12926,16040,20[CR],3703355531
C,14020,1696,16047,15[CR],3703355859
F,63688,12906,16048,2[CR],3703356296
C,13889,1694,16048,1[CR],3703356625
F,42672,12633,16048,0[CR],3703357062
C,13008,1680,16048,0[CR],3703357390
F,42768,12649,16048,0[CR],3703357828
C,13043,1686,16048,0[CR],3703358265
F,43168,12651,16048,0[CR],3703358593
C,13052,1684,16048,0[CR],3703359031
F,43344,12650,16048,0[CR],3703359359
C,13055,1682,16048,0[CR],3703359796
F,43440,12651,16048,0[CR],3703360125
C,13058,1668,16048,0[CR],3703360562
F,43504,12651,16048,0[CR],3703361000
A,33624,43544,16048,0[CR],3703361328
F,43536,12652,16048,0[CR],3703361765
C,13058,1680,16048,0[CR],3703362093
F,43584,12651,16048,0[CR],3703362531
C,13060,1670,16048,0[CR],3703362859
F,43600,12649,16048,0[CR],3703363296
C,13060,1692,16048,0[CR],3703363734
F,43624,12650,16048,0[CR],3703364062
C,13060,1690,16048,0[CR],3703364500
F,43632,12650,16048,0[CR],3703364828
C,13061,1688,16048,0[CR],3703365265
F,43648,12650,16048,0[CR],3703365593
C,13060,1682,16048,0[CR],3703366031
F,43648,12649,16048,0[CR],3703366468
C,13061,1690,16048,0[CR],3703366796
F,43656,12650,16048,0[CR],3703367234
A,33620,43656,16048,0[CR],3703367562
F,43648,12650,16048,0[CR],3703368000
C,13060,1676,16048,0[CR],3703368328
F,43664,12650,16048,0[CR],3703368765
C,13060,1660,16048,0[CR],3703369203
F,43664,12651,16048,0
<PAUSE BUTTON 09:51:53>
[CR],3703369312
>
Reset interface. Wait time for interface: 31
>
Reset interface. Wait time for interface: 47DOFF
OK
>
Command: DOFF Wait time for interface: 109

>
Reset interface. Wait time for interface: 31CLEAR
OK
>
Command: CLEAR Wait time for interface: 110

<END BUTTON 09:58:17>

------------------- Begin end zero test --------------------
>
Reset interface. Wait time for interface: 63SCANG
Z,0,0,0,0
Z,0,0,0,0[CR],3703818421
F,12199,12633,0,0[CR],3703818750
C,12106,5292,0,0[CR],3703819187
F,12209,12634,0,0[CR],3703819515
C,12106,4910,0,0[CR],3703819953
F,12208,12633,0,0[CR],3703820281
C,12107,5052,0,0[CR],3703820718
F,12219,12634,0,0[CR],3703821062
C,12107,5116,0,0[CR],3703821515
F,12215,12633,0,0[CR],3703821843
C,12106,4526,0,0[CR],3703822296
F,12225,12633,0,0[CR],3703822625
C,12107,4098,0,0[CR],3703823062
F,12224,12633,0,0[CR],3703823500
A,33780,12221,0,0[CR],3703823843
F,12207,12633,0,0[CR],3703824281
C,12107,4200,0,0[CR],3703824625
F,12232,12633,0,0[CR],3703824953
C,12118,4206,0,0[CR],3703825390
F,13671,12635,0,0[CR],3703825750
C,12092,4230,0,0[CR],3703826187
F,13524,12635,0,0[CR],3703826625
C,12093,4042,0,0[CR],3703826953
F,13484,12636,0,0[CR],3703827390
C,12093,3938,0,0[CR],3703827718
F,13461,12634,0,0[CR],3703828156
C,12093,3336,0,0[CR],3703828484
F,13450,12634,0,0[CR],3703828921
C,12094,3686,0,0[CR],3703829359
F,13432,12633,0,0[CR],3703829687
A,33812,13418,0,0[CR],3703830125
F,13398,12633,0,0[CR],3703830453
C,12094,4070,0,0[CR],3703830890
F,13383,12632,0,0[CR],3703831218
C,12094,4058,0,0[CR],3703831656
F,13375,12631,0,0[CR],3703832093
C,12095,3878,0,0[CR],3703832421
F,13366,12632,0,0[CR],3703832859
C,12094,3874,0,0[CR],3703833187
F,13361,12632,0,0[CR],3703833625
C,12095,3786,0,0[CR],3703833968
F,13364,12632,0,0[CR],3703834406
C,12095,3880,0,0[CR],3703834734
F,13360,12631,0,0[CR],3703835171
C,12095,3848,0,0[CR],3703835609
F,13361,12632,0,0[CR],3703835937
A,33828,13357,0,0[CR],3703836375
F,13352,12633,0,0[CR],3703836703
C,12095,4036,0,0[CR],3703837140
F,13358,12632,0,0[CR],3703837468
C,12095,3922,0,0[CR],3703837906
F,13357,12632,0,0[CR],3703838343
C,12096,3870,0,0[CR],3703838671
F,13352,12631,0,0[CR],3703839109
C,12096,3934,0,0[CR],3703839437
F,13354,12632,0,0[CR],3703839875
C,12097,3642,0,0[CR],3703840203
F,13352,12631,0,0[CR],3703840640
C,12096,3638,0,0[CR],3703841078
F,13351,12632,0,0[CR],3703841406
C,12097,3584,0,0[CR],3703841843
F,13346,12632,0,0[CR],3703842171
A,33864,13351,0,0[CR],3703842609
F,13331,12633,0,0[CR],3703842937
C,12095,3478,0,0[CR],3703843375
F,13349,12632,0,0[CR],3703843812
C,12115,3536,0,0[CR],3703844140
F,13390,12631,0,0[CR],3703844578
C,12091,3608,0,0[CR],3703844906
F,13268,12633,0,0[CR],3703845343
C,12091,3344,0,0[CR],3703845671
F,13264,12631,0,0[CR],3703846109
C,12092,3362,0,0[CR],3703846546
F,13278,12632,0,0[CR],3703846875
C,12091,3534,0,0[CR],3703847312
F,13284,12633,0,0[CR],3703847640
C,12092,4404,0,0[CR],3703848078
F,13294,12632,0,0[CR],3703848406
A,33856,13299,0,0[CR],3703848515
>
Reset interface. Wait time for interface: 31

======== END OF TEST ========


